<?xml version="1.0" encoding="UTF-8"?>
<testng-results skipped="0" failed="0" ignored="192" total="210" passed="18">
  <reporter-output>
    <line>
      <![CDATA[<tr class="table-light"><td colspan="2">Creating map for care-for-openshift-testing</td></tr>]]>
    </line>
    <line>
      <![CDATA[<tr class="table-info"><td class="text-dark font-weight-bold">Request Type </td><td class="" >GET</td></tr>]]>
    </line>
    <line>
      <![CDATA[<tr><td class="text-dark font-weight-bold">URI </td><td class="" > https://ilocpde01-master.corp.amdocs.com:8443/api/v1/namespaces/care-for-openshift-testing/services </td></tr>]]>
    </line>
    <line>
      <![CDATA[<tr><td class="text-dark font-weight-bold" colspan="2">Headers : </td></tr>]]>
    </line>
    <line>
      <![CDATA[<tr>]]>
    </line>
    <line>
      <![CDATA[<td class="text-dark font-weight-bold" >Authorization :</td>]]>
    </line>
    <line>
      <![CDATA[<td class="" >]]>
    </line>
    <line>
      <![CDATA[<a href="" class="alert-link" data-toggle="modal" data-target="#rest_assured_logger_modal_value_1">Show</a>]]>
    </line>
    <line>
      <![CDATA[<div class="modal fade"  id="rest_assured_logger_modal_value_1" tabindex="-1" role="dialog">]]>
    </line>
    <line>
      <![CDATA[<div class="modal-dialog" role="document">]]>
    </line>
    <line>
      <![CDATA[<div class="modal-content">]]>
    </line>
    <line>
      <![CDATA[<div class="modal-header text-white bg-info">]]>
    </line>
    <line>
      <![CDATA[<h5 class="modal-title" id="title1">Authorization</h5>]]>
    </line>
    <line>
      <![CDATA[<span class="h6 text-light ml-2 mt-2">(click on the Text to copy)</span>]]>
    </line>
    <line>
      <![CDATA[<button type="button" class="close" data-dismiss="modal" aria-label="Close">]]>
    </line>
    <line>
      <![CDATA[<span aria-hidden="true">&times;</span>]]>
    </line>
    <line>
      <![CDATA[</button>]]>
    </line>
    <line>
      <![CDATA[</div>]]>
    </line>
    <line>
      <![CDATA[<div onClick="copyMePlease(this)" class="modal-body">]]>
    </line>
    <line>
      <![CDATA[Bearer eyJhbGciOiJSUzI1NiIsInR5cCI6IkpXVCJ9.eyJpc3MiOiJrdWJlcm5ldGVzL3NlcnZpY2VhY2NvdW50Iiwia3ViZXJuZXRlcy5pby9zZXJ2aWNlYWNjb3VudC9uYW1lc3BhY2UiOiJvYy1jZC0xMDE3LXByYW5hdmQtcGQiLCJrdWJlcm5ldGVzLmlvL3NlcnZpY2VhY2NvdW50L3NlY3JldC5uYW1lIjoiZml0LXNhLXRva2VuLTRsdzZtIiwia3ViZXJuZXRlcy5pby9zZXJ2aWNlYWNjb3VudC9zZXJ2aWNlLWFjY291bnQubmFtZSI6ImZpdC1zYSIsImt1YmVybmV0ZXMuaW8vc2VydmljZWFjY291bnQvc2VydmljZS1hY2NvdW50LnVpZCI6IjljYzViYmMxLWI3MjEtMTFlOC1iYjg2LTAwNTA1NjlhODg3YyIsInN1YiI6InN5c3RlbTpzZXJ2aWNlYWNjb3VudDpvYy1jZC0xMDE3LXByYW5hdmQtcGQ6Zml0LXNhIn0.KMmKTeThNBXz_F_aqQoUpcSw1eXkrR4xr7tITRdfs2IDTLfXzxGfYk9fOni2zyhlVH7lx9mB94bVkI2zWqa7cjR9z1DEW7OxPFq1XQ11yspYFG3tOi0NdNeaD66XB9TIbGEwbQYl92ZDsy5y3eD5echit18B52IMq8nvaNvTNXESzdGqsxtBMnNpUhtYUZy5xgasoKUwTR34rg91XgeZagjVsH2FJ8R7gIB9fXg8-IR4ZatJitxo40caTeHkGUvjI5aGADQCzytee87Yq6fAeXRb9sZcFUFmJkqf7OLl1FQkH41UG3zjfqtc00mNCzpXEVVbuqiw4ghZYNnh1tPJQA]]>
    </line>
    <line>
      <![CDATA[</div>]]>
    </line>
    <line>
      <![CDATA[</div>]]>
    </line>
    <line>
      <![CDATA[</div>]]>
    </line>
    <line>
      <![CDATA[</div>]]>
    </line>
    <line>
      <![CDATA[</td>]]>
    </line>
    <line>
      <![CDATA[</tr>]]>
    </line>
    <line>
      <![CDATA[<tr>]]>
    </line>
    <line>
      <![CDATA[<td class="text-dark font-weight-bold" >Payload :</td>]]>
    </line>
    <line>
      <![CDATA[<td class="" >]]>
    </line>
    <line>
      <![CDATA[<a href="" class="alert-link" data-toggle="modal" data-target="#rest_assured_logger_modal_value_2">Show</a>]]>
    </line>
    <line>
      <![CDATA[<div class="modal fade"  id="rest_assured_logger_modal_value_2" tabindex="-1" role="dialog">]]>
    </line>
    <line>
      <![CDATA[<div class="modal-dialog" role="document">]]>
    </line>
    <line>
      <![CDATA[<div class="modal-content">]]>
    </line>
    <line>
      <![CDATA[<div class="modal-header text-white bg-info">]]>
    </line>
    <line>
      <![CDATA[<h5 class="modal-title" id="title1">Payload</h5>]]>
    </line>
    <line>
      <![CDATA[<span class="h6 text-light ml-2 mt-2">(click on the Text to copy)</span>]]>
    </line>
    <line>
      <![CDATA[<button type="button" class="close" data-dismiss="modal" aria-label="Close">]]>
    </line>
    <line>
      <![CDATA[<span aria-hidden="true">&times;</span>]]>
    </line>
    <line>
      <![CDATA[</button>]]>
    </line>
    <line>
      <![CDATA[</div>]]>
    </line>
    <line>
      <![CDATA[<div onClick="copyMePlease(this)" class="modal-body">]]>
    </line>
    <line>
      <![CDATA[None]]>
    </line>
    <line>
      <![CDATA[</div>]]>
    </line>
    <line>
      <![CDATA[</div>]]>
    </line>
    <line>
      <![CDATA[</div>]]>
    </line>
    <line>
      <![CDATA[</div>]]>
    </line>
    <line>
      <![CDATA[</td>]]>
    </line>
    <line>
      <![CDATA[</tr>]]>
    </line>
    <line>
      <![CDATA[<tr>]]>
    </line>
    <line>
      <![CDATA[<td class="text-dark font-weight-bold" >Response Header :</td>]]>
    </line>
    <line>
      <![CDATA[<td class="" >]]>
    </line>
    <line>
      <![CDATA[<a href="" class="alert-link" data-toggle="modal" data-target="#modal_value_1">Show</a>]]>
    </line>
    <line>
      <![CDATA[<div class="modal fade"  id="modal_value_1" tabindex="-1" role="dialog">]]>
    </line>
    <line>
      <![CDATA[<div class="modal-dialog" role="document">]]>
    </line>
    <line>
      <![CDATA[<div class="modal-content">]]>
    </line>
    <line>
      <![CDATA[<div class="modal-header text-white bg-info">]]>
    </line>
    <line>
      <![CDATA[<h5 class="modal-title" id="title1">Response Header</h5>]]>
    </line>
    <line>
      <![CDATA[<span class="h6 text-light ml-2 mt-2">(click on the Text to copy)</span>]]>
    </line>
    <line>
      <![CDATA[<button type="button" class="close" data-dismiss="modal" aria-label="Close">]]>
    </line>
    <line>
      <![CDATA[<span aria-hidden="true">&times;</span>]]>
    </line>
    <line>
      <![CDATA[</button>]]>
    </line>
    <line>
      <![CDATA[</div>]]>
    </line>
    <line>
      <![CDATA[<div onClick="copyMePlease(this)" class="modal-body">]]>
    </line>
    <line>
      <![CDATA[Cache-Control=no-store
	Content-Type=application/json
	Date=Tue, 18 Sep 2018 09:40:37 GMT
	Transfer-Encoding=chunked]]>
    </line>
    <line>
      <![CDATA[</div>]]>
    </line>
    <line>
      <![CDATA[</div>]]>
    </line>
    <line>
      <![CDATA[</div>]]>
    </line>
    <line>
      <![CDATA[</div>]]>
    </line>
    <line>
      <![CDATA[</td>]]>
    </line>
    <line>
      <![CDATA[</tr>]]>
    </line>
    <line>
      <![CDATA[<tr>]]>
    </line>
    <line>
      <![CDATA[<td class="text-dark font-weight-bold" >Response :</td>]]>
    </line>
    <line>
      <![CDATA[<td class="" >]]>
    </line>
    <line>
      <![CDATA[<a href="" class="alert-link" data-toggle="modal" data-target="#rest_assured_logger_modal_value_3">Show</a>]]>
    </line>
    <line>
      <![CDATA[<div class="modal fade"  id="rest_assured_logger_modal_value_3" tabindex="-1" role="dialog">]]>
    </line>
    <line>
      <![CDATA[<div class="modal-dialog" role="document">]]>
    </line>
    <line>
      <![CDATA[<div class="modal-content">]]>
    </line>
    <line>
      <![CDATA[<div class="modal-header text-white bg-info">]]>
    </line>
    <line>
      <![CDATA[<h5 class="modal-title" id="title1">Response</h5>]]>
    </line>
    <line>
      <![CDATA[<span class="h6 text-light ml-2 mt-2">(click on the Text to copy)</span>]]>
    </line>
    <line>
      <![CDATA[<button type="button" class="close" data-dismiss="modal" aria-label="Close">]]>
    </line>
    <line>
      <![CDATA[<span aria-hidden="true">&times;</span>]]>
    </line>
    <line>
      <![CDATA[</button>]]>
    </line>
    <line>
      <![CDATA[</div>]]>
    </line>
    <line>
      <![CDATA[<div onClick="copyMePlease(this)" class="modal-body">]]>
    </line>
    <line>
      <![CDATA[{"kind":"ServiceList","apiVersion":"v1","metadata":{"selfLink":"/api/v1/namespaces/care-for-openshift-testing/services","resourceVersion":"69531551"},"items":[{"metadata":{"name":"account-billingaccount-service","namespace":"care-for-openshift-testing","selfLink":"/api/v1/namespaces/care-for-openshift-testing/services/account-billingaccount-service","uid":"ca2a76fe-79f7-11e8-b420-0050569ac01d","resourceVersion":"36943688","creationTimestamp":"2018-06-27T10:49:39Z","labels":{"chart":"account-billingaccount-0.1.0-0223","expose":"true","microservice":"account-billingaccount","project":"account-billingaccount-exe","provider":"amdocs","release":"account-billingaccount"},"annotations":{"fabric8.io/iconUrl":"img/icons/spring-boot.svg"}},"spec":{"ports":[{"name":"http","protocol":"TCP","port":8080,"targetPort":8080,"nodePort":31193},{"name":"jacoco","protocol":"TCP","port":6300,"targetPort":6300,"nodePort":30712},{"name":"management","protocol":"TCP","port":18080,"targetPort":18080,"nodePort":32240}],"selector":{"microservice":"account-billingaccount","project":"account-billingaccount-exe","provider":"amdocs","release":"account-billingaccount"},"clusterIP":"172.30.72.145","type":"NodePort","sessionAffinity":"None","externalTrafficPolicy":"Cluster"},"status":{"loadBalancer":{}}},{"metadata":{"name":"asm-services-cloud-service","namespace":"care-for-openshift-testing","selfLink":"/api/v1/namespaces/care-for-openshift-testing/services/asm-services-cloud-service","uid":"e9228cf3-79e6-11e8-b420-0050569ac01d","resourceVersion":"36943691","creationTimestamp":"2018-06-27T08:48:49Z","labels":{"projectexportable":"No"},"annotations":{"kubectl.kubernetes.io/last-applied-configuration":"{\"apiVersion\":\"v1\",\"kind\":\"Service\",\"metadata\":{\"annotations\":{},\"labels\":{\"projectexportable\":\"No\"},\"name\":\"asm-services-cloud-service\",\"namespace\":\"care-for-openshift-testing\"},\"spec\":{\"ports\":[{\"name\":\"a3s-port\",\"port\":9191,\"protocol\":\"TCP\",\"targetPort\":9191}],\"selector\":{},\"type\":\"NodePort\"}}\n"}},"spec":{"ports":[{"name":"a3s-port","protocol":"TCP","port":9191,"targetPort":9191,"nodePort":31766}],"clusterIP":"172.30.34.208","type":"NodePort","sessionAffinity":"None","externalTrafficPolicy":"Cluster"},"status":{"loadBalancer":{}}},{"metadata":{"name":"attachment-attachment-service","namespace":"care-for-openshift-testing","selfLink":"/api/v1/namespaces/care-for-openshift-testing/services/attachment-attachment-service","uid":"a388c4eb-79f7-11e8-b420-0050569ac01d","resourceVersion":"36943692","creationTimestamp":"2018-06-27T10:48:34Z","labels":{"chart":"attachment-attachment-0.1.0-0184","expose":"true","microservice":"attachment-attachment","namespace":"","project":"attachment-attachment-exe","provider":"amdocs","release":"attachment-attachment"},"annotations":{"fabric8.io/iconUrl":"img/icons/spring-boot.svg"}},"spec":{"ports":[{"name":"http","protocol":"TCP","port":8080,"targetPort":8080,"nodePort":32689},{"name":"jacoco","protocol":"TCP","port":6300,"targetPort":6300,"nodePort":31730},{"name":"management","protocol":"TCP","port":18080,"targetPort":18080,"nodePort":30439}],"selector":{"microservice":"attachment-attachment","project":"attachment-attachment-exe","provider":"amdocs","release":"attachment-attachment"},"clusterIP":"172.30.17.120","type":"NodePort","sessionAffinity":"None","externalTrafficPolicy":"Cluster"},"status":{"loadBalancer":{}}},{"metadata":{"name":"attachment-dmsbridge-service","namespace":"care-for-openshift-testing","selfLink":"/api/v1/namespaces/care-for-openshift-testing/services/attachment-dmsbridge-service","uid":"68d5fc86-79fa-11e8-b420-0050569ac01d","resourceVersion":"36943694","creationTimestamp":"2018-06-27T11:08:24Z","labels":{"chart":"attachment-dmsbridge-0.1.1-0002","expose":"true","microservice":"attachment-dmsbridge","project":"attachment-dmsbridge-exe","provider":"amdocs","release":"attachment-dmsbridge"},"annotations":{"fabric8.io/iconUrl":"img/icons/spring-boot.svg"}},"spec":{"ports":[{"name":"http","protocol":"TCP","port":8080,"targetPort":8080,"nodePort":31835},{"name":"jacoco","protocol":"TCP","port":6300,"targetPort":6300,"nodePort":30107},{"name":"management","protocol":"TCP","port":18080,"targetPort":18080,"nodePort":32518}],"selector":{"microservice":"attachment-dmsbridge","project":"attachment-dmsbridge-exe","provider":"amdocs","release":"attachment-dmsbridge"},"clusterIP":"172.30.188.39","type":"NodePort","sessionAffinity":"None","externalTrafficPolicy":"Cluster"},"status":{"loadBalancer":{}}},{"metadata":{"name":"couchbase-service","namespace":"care-for-openshift-testing","selfLink":"/api/v1/namespaces/care-for-openshift-testing/services/couchbase-service","uid":"e91d4486-79e6-11e8-b420-0050569ac01d","resourceVersion":"36943695","creationTimestamp":"2018-06-27T08:48:49Z","labels":{"projectexportable":"No"},"annotations":{"kubectl.kubernetes.io/last-applied-configuration":"{\"apiVersion\":\"v1\",\"kind\":\"Service\",\"metadata\":{\"annotations\":{},\"labels\":{\"projectexportable\":\"No\"},\"name\":\"couchbase-service\",\"namespace\":\"care-for-openshift-testing\"},\"spec\":{\"ports\":[{\"name\":\"cb\",\"nodePort\":0,\"port\":8091,\"protocol\":\"TCP\",\"targetPort\":8091},{\"name\":\"cb-views\",\"nodePort\":0,\"port\":8092,\"protocol\":\"TCP\",\"targetPort\":8092},{\"name\":\"cb-query\",\"nodePort\":0,\"port\":8093,\"protocol\":\"TCP\",\"targetPort\":8093},{\"name\":\"cb-ftsearch\",\"nodePort\":0,\"port\":8094,\"protocol\":\"TCP\",\"targetPort\":8094},{\"name\":\"cb-sc\",\"nodePort\":0,\"port\":11210,\"protocol\":\"TCP\",\"targetPort\":11210},{\"name\":\"cb-scssl\",\"nodePort\":0,\"port\":11207,\"protocol\":\"TCP\",\"targetPort\":11207},{\"name\":\"cb-https\",\"nodePort\":0,\"port\":18091,\"protocol\":\"TCP\",\"targetPort\":18091},{\"name\":\"cb-viewsssl\",\"nodePort\":0,\"port\":18092,\"protocol\":\"TCP\",\"targetPort\":18092},{\"name\":\"cb-queryssl\",\"nodePort\":0,\"port\":18093,\"protocol\":\"TCP\",\"targetPort\":18093}],\"selector\":{}}}\n"}},"spec":{"ports":[{"name":"cb","protocol":"TCP","port":8091,"targetPort":8091},{"name":"cb-views","protocol":"TCP","port":8092,"targetPort":8092},{"name":"cb-query","protocol":"TCP","port":8093,"targetPort":8093},{"name":"cb-ftsearch","protocol":"TCP","port":8094,"targetPort":8094},{"name":"cb-sc","protocol":"TCP","port":11210,"targetPort":11210},{"name":"cb-scssl","protocol":"TCP","port":11207,"targetPort":11207},{"name":"cb-https","protocol":"TCP","port":18091,"targetPort":18091},{"name":"cb-viewsssl","protocol":"TCP","port":18092,"targetPort":18092},{"name":"cb-queryssl","protocol":"TCP","port":18093,"targetPort":18093}],"clusterIP":"172.30.10.246","type":"ClusterIP","sessionAffinity":"None"},"status":{"loadBalancer":{}}},{"metadata":{"name":"creditprofile-creditevaluatorbridge-service","namespace":"care-for-openshift-testing","selfLink":"/api/v1/namespaces/care-for-openshift-testing/services/creditprofile-creditevaluatorbridge-service","uid":"ccb5f0ef-79f8-11e8-b420-0050569ac01d","resourceVersion":"36943698","creationTimestamp":"2018-06-27T10:56:52Z","labels":{"chart":"creditprofile-creditevaluatorbridge-0.1.0-0072","expose":"true","microservice":"creditprofile-crediteval","project":"creditprofile-creditevaluatorbridge-exe","provider":"amdocs","release":"creditprofile-creditevaluatorbridge"},"annotations":{"fabric8.io/iconUrl":"img/icons/spring-boot.svg"}},"spec":{"ports":[{"name":"http","protocol":"TCP","port":8080,"targetPort":8080,"nodePort":31419},{"name":"jacoco","protocol":"TCP","port":6300,"targetPort":6300,"nodePort":31732},{"name":"management","protocol":"TCP","port":18080,"targetPort":18080,"nodePort":31021}],"selector":{"microservice":"creditprofile-crediteval","project":"creditprofile-creditevaluatorbridge-exe","provider":"amdocs","release":"creditprofile-creditevaluatorbridge"},"clusterIP":"172.30.111.191","type":"NodePort","sessionAffinity":"None","externalTrafficPolicy":"Cluster"},"status":{"loadBalancer":{}}},{"metadata":{"name":"creditprofile-creditprofile-service","namespace":"care-for-openshift-testing","selfLink":"/api/v1/namespaces/care-for-openshift-testing/services/creditprofile-creditprofile-service","uid":"f2110780-79f8-11e8-b420-0050569ac01d","resourceVersion":"36943699","creationTimestamp":"2018-06-27T10:57:55Z","labels":{"chart":"creditprofile-creditprofile-0.1.0-0180","expose":"true","microservice":"creditprofile-creditprof","project":"creditprofile-creditprofile-exe","provider":"amdocs","release":"creditprofile-creditprofile"},"annotations":{"fabric8.io/iconUrl":"img/icons/spring-boot.svg"}},"spec":{"ports":[{"name":"http","protocol":"TCP","port":8080,"targetPort":8080,"nodePort":31057},{"name":"jacoco","protocol":"TCP","port":6300,"targetPort":6300,"nodePort":30681},{"name":"management","protocol":"TCP","port":18080,"targetPort":18080,"nodePort":31634}],"selector":{"microservice":"creditprofile-creditprof","project":"creditprofile-creditprofile-exe","provider":"amdocs","release":"creditprofile-creditprofile"},"clusterIP":"172.30.226.154","type":"NodePort","sessionAffinity":"None","externalTrafficPolicy":"Cluster"},"status":{"loadBalancer":{}}},{"metadata":{"name":"customer-customer-service","namespace":"care-for-openshift-testing","selfLink":"/api/v1/namespaces/care-for-openshift-testing/services/customer-customer-service","uid":"e84d6895-79f7-11e8-b420-0050569ac01d","resourceVersion":"36943702","creationTimestamp":"2018-06-27T10:50:29Z","labels":{"chart":"customer-customer-0.1.0-0728","expose":"true","group":"com.amdocs.digital.ms.customer.customer","microservice":"customer-customer","project":"customer-customer-exe","provider":"amdocs","release":"customer-customer"},"annotations":{"fabric8.io/iconUrl":"img/icons/spring-boot.svg"}},"spec":{"ports":[{"name":"http","protocol":"TCP","port":8080,"targetPort":8080,"nodePort":32354},{"name":"management","protocol":"TCP","port":18080,"targetPort":18080,"nodePort":31334},{"name":"jacoco","protocol":"TCP","port":6300,"targetPort":6300,"nodePort":32060}],"selector":{"microservice":"customer-customer","project":"customer-customer-exe","provider":"amdocs","release":"customer-customer"},"clusterIP":"172.30.194.131","type":"NodePort","sessionAffinity":"None","externalTrafficPolicy":"Cluster"},"status":{"loadBalancer":{}}},{"metadata":{"name":"customer-customerentity-service","namespace":"care-for-openshift-testing","selfLink":"/api/v1/namespaces/care-for-openshift-testing/services/customer-customerentity-service","uid":"a55fc76e-79f8-11e8-b420-0050569ac01d","resourceVersion":"36943703","creationTimestamp":"2018-06-27T10:55:46Z","labels":{"chart":"customer-customerentity-0.1.0-0271","expose":"true","microservice":"customer-customerentity","project":"customer-customerentity-exe","provider":"amdocs","release":"customerentity-rls"},"annotations":{"fabric8.io/iconUrl":"img/icons/spring-boot.svg"}},"spec":{"ports":[{"name":"http","protocol":"TCP","port":8080,"targetPort":8080,"nodePort":31022},{"name":"jacoco","protocol":"TCP","port":6300,"targetPort":6300,"nodePort":31721},{"name":"management","protocol":"TCP","port":18080,"targetPort":18080,"nodePort":31243}],"selector":{"microservice":"customer-customerentity","project":"customer-customerentity-exe","provider":"amdocs","release":"customerentity-rls"},"clusterIP":"172.30.231.14","type":"NodePort","sessionAffinity":"None","externalTrafficPolicy":"Cluster"},"status":{"loadBalancer":{}}},{"metadata":{"name":"elasticsearch-service","namespace":"care-for-openshift-testing","selfLink":"/api/v1/namespaces/care-for-openshift-testing/services/elasticsearch-service","uid":"e92870c6-79e6-11e8-b420-0050569ac01d","resourceVersion":"36943705","creationTimestamp":"2018-06-27T08:48:49Z","labels":{"projectexportable":"No"},"annotations":{"kubectl.kubernetes.io/last-applied-configuration":"{\"apiVersion\":\"v1\",\"kind\":\"Service\",\"metadata\":{\"annotations\":{},\"labels\":{\"projectexportable\":\"No\"},\"name\":\"elasticsearch-service\",\"namespace\":\"care-for-openshift-testing\"},\"spec\":{\"ports\":[{\"name\":\"elasticsearch-port\",\"nodePort\":0,\"port\":9200,\"protocol\":\"TCP\",\"targetPort\":9200}],\"selector\":{}}}\n"}},"spec":{"ports":[{"name":"elasticsearch-port","protocol":"TCP","port":9200,"targetPort":9200}],"clusterIP":"172.30.151.228","type":"ClusterIP","sessionAffinity":"None"},"status":{"loadBalancer":{}}},{"metadata":{"name":"financialaccount-financialaccount-service","namespace":"care-for-openshift-testing","selfLink":"/api/v1/namespaces/care-for-openshift-testing/services/financialaccount-financialaccount-service","uid":"f9d8573f-79f9-11e8-b420-0050569ac01d","resourceVersion":"36943707","creationTimestamp":"2018-06-27T11:05:18Z","labels":{"chart":"financialaccount-financialaccount-0.1.0-0186","expose":"true","microservice":"financialaccount-financi","project":"financialaccount-financialaccount-exe","provider":"amdocs","release":"financialaccount-financialaccount"},"annotations":{"fabric8.io/iconUrl":"img/icons/spring-boot.svg"}},"spec":{"ports":[{"name":"http","protocol":"TCP","port":8080,"targetPort":8080,"nodePort":31973},{"name":"jacoco","protocol":"TCP","port":6300,"targetPort":6300,"nodePort":32090},{"name":"management","protocol":"TCP","port":18080,"targetPort":18080,"nodePort":31789}],"selector":{"microservice":"financialaccount-financi","project":"financialaccount-financialaccount-exe","provider":"amdocs","release":"financialaccount-financialaccount"},"clusterIP":"172.30.125.141","type":"NodePort","sessionAffinity":"None","externalTrafficPolicy":"Cluster"},"status":{"loadBalancer":{}}},{"metadata":{"name":"geographicaddress-geographicaddress-service","namespace":"care-for-openshift-testing","selfLink":"/api/v1/namespaces/care-for-openshift-testing/services/geographicaddress-geographicaddress-service","uid":"e92d3247-79fa-11e8-b420-0050569ac01d","resourceVersion":"36943708","creationTimestamp":"2018-06-27T11:11:59Z","labels":{"chart":"geographicaddress-geographicaddress-0.1.0-0051","expose":"true","microservice":"geographicaddress-geogra","project":"geographicaddress-geographicaddress-exe","provider":"amdocs","release":"geographicaddress-geographicaddress"},"annotations":{"fabric8.io/iconUrl":"img/icons/spring-boot.svg"}},"spec":{"ports":[{"name":"http","protocol":"TCP","port":8080,"targetPort":8080,"nodePort":30620},{"name":"jacoco","protocol":"TCP","port":6300,"targetPort":6300,"nodePort":30506},{"name":"management","protocol":"TCP","port":18080,"targetPort":18080,"nodePort":32351}],"selector":{"microservice":"geographicaddress-geogra","project":"geographicaddress-geographicaddress-exe","provider":"amdocs","release":"geographicaddress-geographicaddress"},"clusterIP":"172.30.171.250","type":"NodePort","sessionAffinity":"None","externalTrafficPolicy":"Cluster"},"status":{"loadBalancer":{}}},{"metadata":{"name":"geographicaddress-geographicaddressbridge-service","namespace":"care-for-openshift-testing","selfLink":"/api/v1/namespaces/care-for-openshift-testing/services/geographicaddress-geographicaddressbridge-service","uid":"a48c7ea3-79fa-11e8-b420-0050569ac01d","resourceVersion":"36943711","creationTimestamp":"2018-06-27T11:10:04Z","labels":{"chart":"geographicaddress-geographicaddressbridge-0.1.0-0088","expose":"true","microservice":"geographicaddress-geogra","project":"geographicaddress-geographicaddressbridge-exe","provider":"amdocs","release":"geographicaddressbrid"},"annotations":{"fabric8.io/iconUrl":"img/icons/spring-boot.svg"}},"spec":{"ports":[{"name":"http","protocol":"TCP","port":8080,"targetPort":8080,"nodePort":32543},{"name":"jacoco","protocol":"TCP","port":6300,"targetPort":6300,"nodePort":32528},{"name":"management","protocol":"TCP","port":18080,"targetPort":18080,"nodePort":31217}],"selector":{"microservice":"geographicaddress-geogra","project":"geographicaddress-geographicaddressbridge-exe","provider":"amdocs","release":"geographicaddressbrid"},"clusterIP":"172.30.225.222","type":"NodePort","sessionAffinity":"None","externalTrafficPolicy":"Cluster"},"status":{"loadBalancer":{}}},{"metadata":{"name":"kafka-service","namespace":"care-for-openshift-testing","selfLink":"/api/v1/namespaces/care-for-openshift-testing/services/kafka-service","uid":"e92f8101-79e6-11e8-b420-0050569ac01d","resourceVersion":"36943712","creationTimestamp":"2018-06-27T08:48:49Z","labels":{"projectexportable":"No"},"annotations":{"kubectl.kubernetes.io/last-applied-configuration":"{\"apiVersion\":\"v1\",\"kind\":\"Service\",\"metadata\":{\"annotations\":{},\"labels\":{\"projectexportable\":\"No\"},\"name\":\"kafka-service\",\"namespace\":\"care-for-openshift-testing\"},\"spec\":{\"ports\":[{\"name\":\"kafka-port\",\"nodePort\":0,\"port\":9092,\"protocol\":\"TCP\",\"targetPort\":9092}],\"selector\":{}}}\n"}},"spec":{"ports":[{"name":"kafka-port","protocol":"TCP","port":9092,"targetPort":9092}],"clusterIP":"172.30.183.68","type":"ClusterIP","sessionAffinity":"None"},"status":{"loadBalancer":{}}},{"metadata":{"name":"party-attachment-service","namespace":"care-for-openshift-testing","selfLink":"/api/v1/namespaces/care-for-openshift-testing/services/party-attachment-service","uid":"fd6a0064-79fa-11e8-b420-0050569ac01d","resourceVersion":"36943713","creationTimestamp":"2018-06-27T11:12:33Z","labels":{"chart":"party-attachment-0.1.0-0156","expose":"true","microservice":"party-attachment","project":"party-attachment-exe","provider":"amdocs","release":"party-attachment"},"annotations":{"fabric8.io/iconUrl":"img/icons/spring-boot.svg"}},"spec":{"ports":[{"name":"http","protocol":"TCP","port":8080,"targetPort":8080,"nodePort":31758},{"name":"jacoco","protocol":"TCP","port":6300,"targetPort":6300,"nodePort":32566},{"name":"management","protocol":"TCP","port":18080,"targetPort":18080,"nodePort":32557}],"selector":{"microservice":"party-attachment","project":"party-attachment-exe","provider":"amdocs","release":"party-attachment"},"clusterIP":"172.30.61.196","type":"NodePort","sessionAffinity":"None","externalTrafficPolicy":"Cluster"},"status":{"loadBalancer":{}}},{"metadata":{"name":"party-individual-service","namespace":"care-for-openshift-testing","selfLink":"/api/v1/namespaces/care-for-openshift-testing/services/party-individual-service","uid":"075c8227-79fb-11e8-b420-0050569ac01d","resourceVersion":"36943715","creationTimestamp":"2018-06-27T11:12:50Z","labels":{"chart":"party-individual-0.1.0-1131","expose":"true","microservice":"party-individual","project":"party-individual-exe","provider":"amdocs","release":"party-individual"},"annotations":{"fabric8.io/iconUrl":"img/icons/spring-boot.svg"}},"spec":{"ports":[{"name":"http","protocol":"TCP","port":8080,"targetPort":8080,"nodePort":30261},{"name":"jacoco","protocol":"TCP","port":6300,"targetPort":6300,"nodePort":32487},{"name":"management","protocol":"TCP","port":18080,"targetPort":18080,"nodePort":32641}],"selector":{"microservice":"party-individual","project":"party-individual-exe","provider":"amdocs","release":"party-individual"},"clusterIP":"172.30.237.103","type":"NodePort","sessionAffinity":"None","externalTrafficPolicy":"Cluster"},"status":{"loadBalancer":{}}},{"metadata":{"name":"partyinteraction-attachment-service","namespace":"care-for-openshift-testing","selfLink":"/api/v1/namespaces/care-for-openshift-testing/services/partyinteraction-attachment-service","uid":"1ad95916-79fb-11e8-b420-0050569ac01d","resourceVersion":"36943716","creationTimestamp":"2018-06-27T11:13:22Z","labels":{"chart":"partyinteraction-attachment-0.1.0-0088","expose":"true","microservice":"partyinteraction-attachm","project":"partyinteraction-attachment-exe","provider":"amdocs","release":"partyinteraction-attachment"},"annotations":{"fabric8.io/iconUrl":"img/icons/spring-boot.svg"}},"spec":{"ports":[{"name":"http","protocol":"TCP","port":8080,"targetPort":8080,"nodePort":32286},{"name":"jacoco","protocol":"TCP","port":6300,"targetPort":6300,"nodePort":30747},{"name":"management","protocol":"TCP","port":18080,"targetPort":18080,"nodePort":31272}],"selector":{"microservice":"partyinteraction-attachm","project":"partyinteraction-attachment-exe","provider":"amdocs","release":"partyinteraction-attachment"},"clusterIP":"172.30.216.103","type":"NodePort","sessionAffinity":"None","externalTrafficPolicy":"Cluster"},"status":{"loadBalancer":{}}},{"metadata":{"name":"partyinteraction-partyinteraction-service","namespace":"care-for-openshift-testing","selfLink":"/api/v1/namespaces/care-for-openshift-testing/services/partyinteraction-partyinteraction-service","uid":"10865a67-79fb-11e8-b420-0050569ac01d","resourceVersion":"36943718","creationTimestamp":"2018-06-27T11:13:05Z","labels":{"chart":"partyinteraction-partyinteraction-0.1.0-0184","expose":"true","microservice":"partyinteraction-partyin","project":"partyinteraction-partyinteraction-exe","provider":"amdocs","release":"partyinteraction-partyinteraction"},"annotations":{"fabric8.io/iconUrl":"img/icons/spring-boot.svg"}},"spec":{"ports":[{"name":"http","protocol":"TCP","port":8080,"targetPort":8080,"nodePort":31716},{"name":"jacoco","protocol":"TCP","port":6300,"targetPort":6300,"nodePort":30776},{"name":"management","protocol":"TCP","port":18080,"targetPort":18080,"nodePort":32312}],"selector":{"microservice":"partyinteraction-partyin","project":"partyinteraction-partyinteraction-exe","provider":"amdocs","release":"partyinteraction-partyinteraction"},"clusterIP":"172.30.7.216","type":"NodePort","sessionAffinity":"None","externalTrafficPolicy":"Cluster"},"status":{"loadBalancer":{}}},{"metadata":{"name":"paymentmethod-paymentmethod-service","namespace":"care-for-openshift-testing","selfLink":"/api/v1/namespaces/care-for-openshift-testing/services/paymentmethod-paymentmethod-service","uid":"37b2ce61-79fb-11e8-b420-0050569ac01d","resourceVersion":"36943719","creationTimestamp":"2018-06-27T11:14:11Z","labels":{"chart":"paymentmethod-paymentmethod-0.1.0-0107","expose":"true","microservice":"paymentmethod-paymentmet","project":"paymentmethod-paymentmethod-exe","provider":"amdocs","release":"paymentmethod-paymentmethod"},"annotations":{"fabric8.io/iconUrl":"img/icons/spring-boot.svg"}},"spec":{"ports":[{"name":"http","protocol":"TCP","port":8080,"targetPort":8080,"nodePort":32427},{"name":"jacoco","protocol":"TCP","port":6300,"targetPort":6300,"nodePort":31146},{"name":"management","protocol":"TCP","port":18080,"targetPort":18080,"nodePort":31106}],"selector":{"microservice":"paymentmethod-paymentmet","project":"paymentmethod-paymentmethod-exe","provider":"amdocs","release":"paymentmethod-paymentmethod"},"clusterIP":"172.30.63.184","type":"NodePort","sessionAffinity":"None","externalTrafficPolicy":"Cluster"},"status":{"loadBalancer":{}}},{"metadata":{"name":"scheduler-task-service","namespace":"care-for-openshift-testing","selfLink":"/api/v1/namespaces/care-for-openshift-testing/services/scheduler-task-service","uid":"5fff329e-79fb-11e8-b420-0050569ac01d","resourceVersion":"36943721","creationTimestamp":"2018-06-27T11:15:18Z","labels":{"chart":"scheduler-task-0.1.0-0495","expose":"true","microservice":"scheduler-task","project":"scheduler-task","provider":"amdocs","release":"scheduler-task"},"annotations":{"fabric8.io/iconUrl":"img/icons/spring-boot.svg"}},"spec":{"ports":[{"name":"http","protocol":"TCP","port":8080,"targetPort":8080,"nodePort":32558},{"name":"metrics","protocol":"TCP","port":5555,"targetPort":"metrics","nodePort":32668}],"selector":{"microservice":"scheduler-task","project":"scheduler-task","provider":"amdocs","release":"scheduler-task"},"clusterIP":"172.30.107.187","type":"NodePort","sessionAffinity":"None","externalTrafficPolicy":"Cluster"},"status":{"loadBalancer":{}}},{"metadata":{"name":"search-search-service","namespace":"care-for-openshift-testing","selfLink":"/api/v1/namespaces/care-for-openshift-testing/services/search-search-service","uid":"2123abd5-79fc-11e8-b420-0050569ac01d","resourceVersion":"36943723","creationTimestamp":"2018-06-27T11:20:42Z","labels":{"chart":"search-search-0.1.0-0207","expose":"true","microservice":"search-search","project":"search-search-exe","provider":"amdocs","release":"search-search"},"annotations":{"fabric8.io/iconUrl":"img/icons/spring-boot.svg"}},"spec":{"ports":[{"name":"http","protocol":"TCP","port":8080,"targetPort":8080,"nodePort":30822},{"name":"jacoco","protocol":"TCP","port":6300,"targetPort":6300,"nodePort":32711},{"name":"management","protocol":"TCP","port":18080,"targetPort":18080,"nodePort":31423}],"selector":{"microservice":"search-search","project":"search-search-exe","provider":"amdocs","release":"search-search"},"clusterIP":"172.30.64.131","type":"NodePort","sessionAffinity":"None","externalTrafficPolicy":"Cluster"},"status":{"loadBalancer":{}}},{"metadata":{"name":"zookeeper-service","namespace":"care-for-openshift-testing","selfLink":"/api/v1/namespaces/care-for-openshift-testing/services/zookeeper-service","uid":"e9366ed1-79e6-11e8-b420-0050569ac01d","resourceVersion":"36943725","creationTimestamp":"2018-06-27T08:48:49Z","labels":{"projectexportable":"No"},"annotations":{"kubectl.kubernetes.io/last-applied-configuration":"{\"apiVersion\":\"v1\",\"kind\":\"Service\",\"metadata\":{\"annotations\":{},\"labels\":{\"projectexportable\":\"No\"},\"name\":\"zookeeper-service\",\"namespace\":\"care-for-openshift-testing\"},\"spec\":{\"ports\":[{\"name\":\"zookeeper-port\",\"nodePort\":0,\"port\":2181,\"protocol\":\"TCP\",\"targetPort\":2181}],\"selector\":{}}}\n"}},"spec":{"ports":[{"name":"zookeeper-port","protocol":"TCP","port":2181,"targetPort":2181}],"clusterIP":"172.30.33.141","type":"ClusterIP","sessionAffinity":"None"},"status":{"loadBalancer":{}}}]}
]]>
    </line>
    <line>
      <![CDATA[</div>]]>
    </line>
    <line>
      <![CDATA[</div>]]>
    </line>
    <line>
      <![CDATA[</div>]]>
    </line>
    <line>
      <![CDATA[</div>]]>
    </line>
    <line>
      <![CDATA[</td>]]>
    </line>
    <line>
      <![CDATA[</tr>]]>
    </line>
    <line>
      <![CDATA[<tr class="table-success"><td colspan="2">Response status: expected=200 actual=200; Value: true</td></tr>]]>
    </line>
    <line>
      <![CDATA[<tr class="table-info"><td class="text-dark font-weight-bold">Request Type </td><td class="" >GET</td></tr>]]>
    </line>
    <line>
      <![CDATA[<tr><td class="text-dark font-weight-bold">URI </td><td class="" > https://ilocpde01-master.corp.amdocs.com:8443/api/v1/namespaces/care-for-openshift-testing/pods </td></tr>]]>
    </line>
    <line>
      <![CDATA[<tr><td class="text-dark font-weight-bold" colspan="2">Headers : </td></tr>]]>
    </line>
    <line>
      <![CDATA[<tr>]]>
    </line>
    <line>
      <![CDATA[<td class="text-dark font-weight-bold" >Authorization :</td>]]>
    </line>
    <line>
      <![CDATA[<td class="" >]]>
    </line>
    <line>
      <![CDATA[<a href="" class="alert-link" data-toggle="modal" data-target="#rest_assured_logger_modal_value_4">Show</a>]]>
    </line>
    <line>
      <![CDATA[<div class="modal fade"  id="rest_assured_logger_modal_value_4" tabindex="-1" role="dialog">]]>
    </line>
    <line>
      <![CDATA[<div class="modal-dialog" role="document">]]>
    </line>
    <line>
      <![CDATA[<div class="modal-content">]]>
    </line>
    <line>
      <![CDATA[<div class="modal-header text-white bg-info">]]>
    </line>
    <line>
      <![CDATA[<h5 class="modal-title" id="title1">Authorization</h5>]]>
    </line>
    <line>
      <![CDATA[<span class="h6 text-light ml-2 mt-2">(click on the Text to copy)</span>]]>
    </line>
    <line>
      <![CDATA[<button type="button" class="close" data-dismiss="modal" aria-label="Close">]]>
    </line>
    <line>
      <![CDATA[<span aria-hidden="true">&times;</span>]]>
    </line>
    <line>
      <![CDATA[</button>]]>
    </line>
    <line>
      <![CDATA[</div>]]>
    </line>
    <line>
      <![CDATA[<div onClick="copyMePlease(this)" class="modal-body">]]>
    </line>
    <line>
      <![CDATA[Bearer eyJhbGciOiJSUzI1NiIsInR5cCI6IkpXVCJ9.eyJpc3MiOiJrdWJlcm5ldGVzL3NlcnZpY2VhY2NvdW50Iiwia3ViZXJuZXRlcy5pby9zZXJ2aWNlYWNjb3VudC9uYW1lc3BhY2UiOiJvYy1jZC0xMDE3LXByYW5hdmQtcGQiLCJrdWJlcm5ldGVzLmlvL3NlcnZpY2VhY2NvdW50L3NlY3JldC5uYW1lIjoiZml0LXNhLXRva2VuLTRsdzZtIiwia3ViZXJuZXRlcy5pby9zZXJ2aWNlYWNjb3VudC9zZXJ2aWNlLWFjY291bnQubmFtZSI6ImZpdC1zYSIsImt1YmVybmV0ZXMuaW8vc2VydmljZWFjY291bnQvc2VydmljZS1hY2NvdW50LnVpZCI6IjljYzViYmMxLWI3MjEtMTFlOC1iYjg2LTAwNTA1NjlhODg3YyIsInN1YiI6InN5c3RlbTpzZXJ2aWNlYWNjb3VudDpvYy1jZC0xMDE3LXByYW5hdmQtcGQ6Zml0LXNhIn0.KMmKTeThNBXz_F_aqQoUpcSw1eXkrR4xr7tITRdfs2IDTLfXzxGfYk9fOni2zyhlVH7lx9mB94bVkI2zWqa7cjR9z1DEW7OxPFq1XQ11yspYFG3tOi0NdNeaD66XB9TIbGEwbQYl92ZDsy5y3eD5echit18B52IMq8nvaNvTNXESzdGqsxtBMnNpUhtYUZy5xgasoKUwTR34rg91XgeZagjVsH2FJ8R7gIB9fXg8-IR4ZatJitxo40caTeHkGUvjI5aGADQCzytee87Yq6fAeXRb9sZcFUFmJkqf7OLl1FQkH41UG3zjfqtc00mNCzpXEVVbuqiw4ghZYNnh1tPJQA]]>
    </line>
    <line>
      <![CDATA[</div>]]>
    </line>
    <line>
      <![CDATA[</div>]]>
    </line>
    <line>
      <![CDATA[</div>]]>
    </line>
    <line>
      <![CDATA[</div>]]>
    </line>
    <line>
      <![CDATA[</td>]]>
    </line>
    <line>
      <![CDATA[</tr>]]>
    </line>
    <line>
      <![CDATA[<tr>]]>
    </line>
    <line>
      <![CDATA[<td class="text-dark font-weight-bold" >Payload :</td>]]>
    </line>
    <line>
      <![CDATA[<td class="" >]]>
    </line>
    <line>
      <![CDATA[<a href="" class="alert-link" data-toggle="modal" data-target="#rest_assured_logger_modal_value_5">Show</a>]]>
    </line>
    <line>
      <![CDATA[<div class="modal fade"  id="rest_assured_logger_modal_value_5" tabindex="-1" role="dialog">]]>
    </line>
    <line>
      <![CDATA[<div class="modal-dialog" role="document">]]>
    </line>
    <line>
      <![CDATA[<div class="modal-content">]]>
    </line>
    <line>
      <![CDATA[<div class="modal-header text-white bg-info">]]>
    </line>
    <line>
      <![CDATA[<h5 class="modal-title" id="title1">Payload</h5>]]>
    </line>
    <line>
      <![CDATA[<span class="h6 text-light ml-2 mt-2">(click on the Text to copy)</span>]]>
    </line>
    <line>
      <![CDATA[<button type="button" class="close" data-dismiss="modal" aria-label="Close">]]>
    </line>
    <line>
      <![CDATA[<span aria-hidden="true">&times;</span>]]>
    </line>
    <line>
      <![CDATA[</button>]]>
    </line>
    <line>
      <![CDATA[</div>]]>
    </line>
    <line>
      <![CDATA[<div onClick="copyMePlease(this)" class="modal-body">]]>
    </line>
    <line>
      <![CDATA[None]]>
    </line>
    <line>
      <![CDATA[</div>]]>
    </line>
    <line>
      <![CDATA[</div>]]>
    </line>
    <line>
      <![CDATA[</div>]]>
    </line>
    <line>
      <![CDATA[</div>]]>
    </line>
    <line>
      <![CDATA[</td>]]>
    </line>
    <line>
      <![CDATA[</tr>]]>
    </line>
    <line>
      <![CDATA[<tr>]]>
    </line>
    <line>
      <![CDATA[<td class="text-dark font-weight-bold" >Response Header :</td>]]>
    </line>
    <line>
      <![CDATA[<td class="" >]]>
    </line>
    <line>
      <![CDATA[<a href="" class="alert-link" data-toggle="modal" data-target="#modal_value_2">Show</a>]]>
    </line>
    <line>
      <![CDATA[<div class="modal fade"  id="modal_value_2" tabindex="-1" role="dialog">]]>
    </line>
    <line>
      <![CDATA[<div class="modal-dialog" role="document">]]>
    </line>
    <line>
      <![CDATA[<div class="modal-content">]]>
    </line>
    <line>
      <![CDATA[<div class="modal-header text-white bg-info">]]>
    </line>
    <line>
      <![CDATA[<h5 class="modal-title" id="title1">Response Header</h5>]]>
    </line>
    <line>
      <![CDATA[<span class="h6 text-light ml-2 mt-2">(click on the Text to copy)</span>]]>
    </line>
    <line>
      <![CDATA[<button type="button" class="close" data-dismiss="modal" aria-label="Close">]]>
    </line>
    <line>
      <![CDATA[<span aria-hidden="true">&times;</span>]]>
    </line>
    <line>
      <![CDATA[</button>]]>
    </line>
    <line>
      <![CDATA[</div>]]>
    </line>
    <line>
      <![CDATA[<div onClick="copyMePlease(this)" class="modal-body">]]>
    </line>
    <line>
      <![CDATA[Cache-Control=no-store
	Content-Type=application/json
	Date=Tue, 18 Sep 2018 09:40:38 GMT
	Transfer-Encoding=chunked]]>
    </line>
    <line>
      <![CDATA[</div>]]>
    </line>
    <line>
      <![CDATA[</div>]]>
    </line>
    <line>
      <![CDATA[</div>]]>
    </line>
    <line>
      <![CDATA[</div>]]>
    </line>
    <line>
      <![CDATA[</td>]]>
    </line>
    <line>
      <![CDATA[</tr>]]>
    </line>
    <line>
      <![CDATA[<tr>]]>
    </line>
    <line>
      <![CDATA[<td class="text-dark font-weight-bold" >Response :</td>]]>
    </line>
    <line>
      <![CDATA[<td class="" >]]>
    </line>
    <line>
      <![CDATA[<a href="" class="alert-link" data-toggle="modal" data-target="#rest_assured_logger_modal_value_6">Show</a>]]>
    </line>
    <line>
      <![CDATA[<div class="modal fade"  id="rest_assured_logger_modal_value_6" tabindex="-1" role="dialog">]]>
    </line>
    <line>
      <![CDATA[<div class="modal-dialog" role="document">]]>
    </line>
    <line>
      <![CDATA[<div class="modal-content">]]>
    </line>
    <line>
      <![CDATA[<div class="modal-header text-white bg-info">]]>
    </line>
    <line>
      <![CDATA[<h5 class="modal-title" id="title1">Response</h5>]]>
    </line>
    <line>
      <![CDATA[<span class="h6 text-light ml-2 mt-2">(click on the Text to copy)</span>]]>
    </line>
    <line>
      <![CDATA[<button type="button" class="close" data-dismiss="modal" aria-label="Close">]]>
    </line>
    <line>
      <![CDATA[<span aria-hidden="true">&times;</span>]]>
    </line>
    <line>
      <![CDATA[</button>]]>
    </line>
    <line>
      <![CDATA[</div>]]>
    </line>
    <line>
      <![CDATA[<div onClick="copyMePlease(this)" class="modal-body">]]>
    </line>
    <line>
      <![CDATA[{"kind":"PodList","apiVersion":"v1","metadata":{"selfLink":"/api/v1/namespaces/care-for-openshift-testing/pods","resourceVersion":"69531556"},"items":[{"metadata":{"name":"account-billingaccount-a-3368978633-xx8vr","generateName":"account-billingaccount-a-3368978633-","namespace":"care-for-openshift-testing","selfLink":"/api/v1/namespaces/care-for-openshift-testing/pods/account-billingaccount-a-3368978633-xx8vr","uid":"7dda2a51-ac17-11e8-bb86-0050569a887c","resourceVersion":"69351898","creationTimestamp":"2018-08-30T05:42:33Z","labels":{"microservice":"account-billingaccount","pod-template-hash":"3368978633","project":"account-billingaccount-exe","provider":"amdocs","release":"account-billingaccount"},"annotations":{"fabric8.io/iconUrl":"img/icons/spring-boot.svg","openshift.io/scc":"anyuid-no-ps"},"ownerReferences":[{"apiVersion":"extensions/v1beta1","kind":"ReplicaSet","name":"account-billingaccount-a-3368978633","uid":"ca2e7c8b-79f7-11e8-b420-0050569ac01d","controller":true,"blockOwnerDeletion":true}]},"spec":{"volumes":[{"name":"default-token-w6zvn","secret":{"secretName":"default-token-w6zvn","defaultMode":420}}],"initContainers":[{"name":"check-couchbase","image":"busybox","command":["sh","-c","timeout=0; while [[  $timeout -lt 90 ]]; do wget -q -O- -c http://couchbase-service:8091/ui/index.html \u003e /dev/null; if [ $? -ne 0 ]; then timeout=$(( timeout + 2 )); echo $timeout; else break; fi; done"],"resources":{},"volumeMounts":[{"name":"default-token-w6zvn","readOnly":true,"mountPath":"/var/run/secrets/kubernetes.io/serviceaccount"}],"terminationMessagePath":"/dev/termination-log","terminationMessagePolicy":"File","imagePullPolicy":"IfNotPresent","securityContext":{"capabilities":{"drop":["MKNOD"]}}},{"name":"create-bucket","image":"byrnedo/alpine-curl","command":["sh","-c","bucketName=com.amdocs.digital.ms.account.billingaccount; auth=Administrator:Administrator; server=couchbase-service; curl -X DELETE -u $auth http://$server:8091//pools/default/buckets/default; curl --fail -X POST -u $auth -d name=$bucketName -d ramQuotaMB=100 -d authType=sasl http://$server:8091/pools/default/buckets; curl --fail -u $auth http://$server:8091/pools/default/buckets/$bucketName"],"resources":{},"volumeMounts":[{"name":"default-token-w6zvn","readOnly":true,"mountPath":"/var/run/secrets/kubernetes.io/serviceaccount"}],"terminationMessagePath":"/dev/termination-log","terminationMessagePolicy":"File","imagePullPolicy":"IfNotPresent","securityContext":{"capabilities":{"drop":["MKNOD"]}}},{"name":"create-primary-index","image":"byrnedo/alpine-curl","command":["sh","-c","bucketName=com.amdocs.digital.ms.account.billingaccount; auth=Administrator:Administrator; server=couchbase-service; curl -X POST -v -u $auth http://$server:8093/query/service -d statement=create%20primary%20index%20on%20%60com.amdocs.digital.ms.account.billingaccount%60"],"resources":{},"volumeMounts":[{"name":"default-token-w6zvn","readOnly":true,"mountPath":"/var/run/secrets/kubernetes.io/serviceaccount"}],"terminationMessagePath":"/dev/termination-log","terminationMessagePolicy":"File","imagePullPolicy":"IfNotPresent","securityContext":{"capabilities":{"drop":["MKNOD"]}}},{"name":"create-ba-relatedpartyid-index","image":"byrnedo/alpine-curl","command":["sh","-c","bucketName=com.amdocs.digital.ms.account.billingaccount; auth=Administrator:Administrator; server=couchbase-service; curl -X POST -v -u $auth http://$server:8093/query/service -d statement='CREATE%20INDEX%20%60idx_billingaccount_relatedParty_id%60%20ON%20%60com.amdocs.digital.ms.account.billingaccount%60((all%20(array%20(%60r%60.%60id%60)%20for%20%60r%60%20in%20%60relatedParty%60%20end)))'"],"resources":{},"volumeMounts":[{"name":"default-token-w6zvn","readOnly":true,"mountPath":"/var/run/secrets/kubernetes.io/serviceaccount"}],"terminationMessagePath":"/dev/termination-log","terminationMessagePolicy":"File","imagePullPolicy":"IfNotPresent","securityContext":{"capabilities":{"drop":["MKNOD"]}}},{"name":"create-ba-financialaccountid-index","image":"byrnedo/alpine-curl","command":["sh","-c","bucketName=com.amdocs.digital.ms.account.billingaccount; auth=Administrator:Administrator; server=couchbase-service; curl -X POST -v -u $auth http://$server:8093/query/service -d statement='CREATE%20INDEX%20%60idx_billingaccount_financialAccount_id%60%20ON%20%60com.amdocs.digital.ms.account.billingaccount%60((%60financialAccount%60.%60id%60))'"],"resources":{},"volumeMounts":[{"name":"default-token-w6zvn","readOnly":true,"mountPath":"/var/run/secrets/kubernetes.io/serviceaccount"}],"terminationMessagePath":"/dev/termination-log","terminationMessagePolicy":"File","imagePullPolicy":"IfNotPresent","securityContext":{"capabilities":{"drop":["MKNOD"]}}}],"containers":[{"name":"account-billingaccount-service-container","image":"illin5564.corp.amdocs.com:5000/account-billingaccount-service:0.1.0-0223","ports":[{"name":"http","containerPort":8080,"protocol":"TCP"},{"name":"jacoco","containerPort":6300,"protocol":"TCP"},{"name":"management","containerPort":18080,"protocol":"TCP"}],"env":[{"name":"KUBERNETES_NAMESPACE","valueFrom":{"fieldRef":{"apiVersion":"v1","fieldPath":"metadata.namespace"}}},{"name":"MSNEXT_JAVA_OPTS","value":"-Dloader.main=com.amdocs.msnext.boot.Boot -Xms1024m -Xmx1024m -XX:MaxRAM=2048m -XX:+UseSerialGC -Dcom.amdocs.msnext.securitya3s.url=http://10.238.196.188:30081/asmServices/services/v1.0"},{"name":"MSNEXT_MODULE_MGT_DISABLE","value":"msnext-customization"},{"name":"MANAGEMENT_PORT","value":"18080"},{"name":"SERVER_PORT","value":"8080"},{"name":"MSNEXT_JACOCO_ENABLE","value":"1"},{"name":"MSNEXT_JACOCO_OPTS","value":"output=tcpserver,address=*,port=6300"},{"name":"MALLOC_ARENA_MAX","value":"4"}],"resources":{"limits":{"cpu":"1","memory":"1536Mi"},"requests":{"cpu":"200m","memory":"1Gi"}},"volumeMounts":[{"name":"default-token-w6zvn","readOnly":true,"mountPath":"/var/run/secrets/kubernetes.io/serviceaccount"}],"livenessProbe":{"httpGet":{"path":"/health","port":18080,"scheme":"HTTP"},"initialDelaySeconds":900,"timeoutSeconds":10,"periodSeconds":10,"successThreshold":1,"failureThreshold":3},"readinessProbe":{"httpGet":{"path":"/health","port":18080,"scheme":"HTTP"},"initialDelaySeconds":180,"timeoutSeconds":10,"periodSeconds":10,"successThreshold":1,"failureThreshold":3},"terminationMessagePath":"/dev/termination-log","terminationMessagePolicy":"File","imagePullPolicy":"IfNotPresent","securityContext":{"capabilities":{"drop":["MKNOD"]},"privileged":false}}],"restartPolicy":"Always","terminationGracePeriodSeconds":30,"dnsPolicy":"ClusterFirst","nodeSelector":{"region":"work"},"serviceAccountName":"default","serviceAccount":"default","nodeName":"ilocpde01w26.corp.amdocs.com","securityContext":{"seLinuxOptions":{"level":"s0:c15,c10"}},"imagePullSecrets":[{"name":"account-billingaccount-ms-secret"}],"schedulerName":"default-scheduler","tolerations":[{"key":"node.kubernetes.io/memory-pressure","operator":"Exists","effect":"NoSchedule"}]},"status":{"phase":"Running","conditions":[{"type":"Initialized","status":"True","lastProbeTime":null,"lastTransitionTime":"2018-08-30T05:42:52Z"},{"type":"Ready","status":"True","lastProbeTime":null,"lastTransitionTime":"2018-09-18T03:07:39Z"},{"type":"PodScheduled","status":"True","lastProbeTime":null,"lastTransitionTime":"2018-08-30T05:42:33Z"}],"hostIP":"10.245.251.167","podIP":"10.128.60.252","startTime":"2018-08-30T05:42:33Z","initContainerStatuses":[{"name":"check-couchbase","state":{"terminated":{"exitCode":0,"reason":"Completed","startedAt":"2018-08-30T05:42:35Z","finishedAt":"2018-08-30T05:42:35Z","containerID":"docker://8cc5119fdc45c00a07b6b576a15ce84d7b8efe323a5959397b2036a9fb82f233"}},"lastState":{},"ready":true,"restartCount":0,"image":"docker.io/busybox:latest","imageID":"docker-pullable://docker.io/busybox@sha256:141c253bc4c3fd0a201d32dc1f493bcf3fff003b6df416dea4f41046e0f37d47","containerID":"docker://8cc5119fdc45c00a07b6b576a15ce84d7b8efe323a5959397b2036a9fb82f233"},{"name":"create-bucket","state":{"terminated":{"exitCode":0,"reason":"Completed","startedAt":"2018-08-30T05:42:47Z","finishedAt":"2018-08-30T05:42:48Z","containerID":"docker://38674d55616bdf1173a4037926006b59bc0f5a5b7423b36fa24c03fe92c36903"}},"lastState":{},"ready":true,"restartCount":0,"image":"docker.io/byrnedo/alpine-curl:latest","imageID":"docker-pullable://docker.io/byrnedo/alpine-curl@sha256:e8cf497b3005c2f66c8411f814f3818ecd683dfea45267ebfb4918088a26a18c","containerID":"docker://38674d55616bdf1173a4037926006b59bc0f5a5b7423b36fa24c03fe92c36903"},{"name":"create-primary-index","state":{"terminated":{"exitCode":0,"reason":"Completed","startedAt":"2018-08-30T05:42:49Z","finishedAt":"2018-08-30T05:42:49Z","containerID":"docker://16ae4cea2bd9f912e98e2c6ad7cc4b446d8387bff963993c9a452d02ca60bd1e"}},"lastState":{},"ready":true,"restartCount":0,"image":"docker.io/byrnedo/alpine-curl:latest","imageID":"docker-pullable://docker.io/byrnedo/alpine-curl@sha256:e8cf497b3005c2f66c8411f814f3818ecd683dfea45267ebfb4918088a26a18c","containerID":"docker://16ae4cea2bd9f912e98e2c6ad7cc4b446d8387bff963993c9a452d02ca60bd1e"},{"name":"create-ba-relatedpartyid-index","state":{"terminated":{"exitCode":0,"reason":"Completed","startedAt":"2018-08-30T05:42:50Z","finishedAt":"2018-08-30T05:42:50Z","containerID":"docker://4f2e8d045498a4535c486747a86313435d41ccb15436682f2c1ce117f34c8762"}},"lastState":{},"ready":true,"restartCount":0,"image":"docker.io/byrnedo/alpine-curl:latest","imageID":"docker-pullable://docker.io/byrnedo/alpine-curl@sha256:e8cf497b3005c2f66c8411f814f3818ecd683dfea45267ebfb4918088a26a18c","containerID":"docker://4f2e8d045498a4535c486747a86313435d41ccb15436682f2c1ce117f34c8762"},{"name":"create-ba-financialaccountid-index","state":{"terminated":{"exitCode":0,"reason":"Completed","startedAt":"2018-08-30T05:42:51Z","finishedAt":"2018-08-30T05:42:51Z","containerID":"docker://6c9d388494db0c43d1c3c8d7397fb1743ae37d8805575e1fdbc0f9011743df72"}},"lastState":{},"ready":true,"restartCount":0,"image":"docker.io/byrnedo/alpine-curl:latest","imageID":"docker-pullable://docker.io/byrnedo/alpine-curl@sha256:e8cf497b3005c2f66c8411f814f3818ecd683dfea45267ebfb4918088a26a18c","containerID":"docker://6c9d388494db0c43d1c3c8d7397fb1743ae37d8805575e1fdbc0f9011743df72"}],"containerStatuses":[{"name":"account-billingaccount-service-container","state":{"running":{"startedAt":"2018-09-18T03:04:35Z"}},"lastState":{"terminated":{"exitCode":137,"reason":"OOMKilled","startedAt":"2018-09-17T09:52:06Z","finishedAt":"2018-09-18T03:04:34Z","containerID":"docker://91624e969d6e6d2325594462cd9ef609ed75cc36d1a1d16b124eee5c3636d825"}},"ready":true,"restartCount":12,"image":"illin5564.corp.amdocs.com:5000/account-billingaccount-service:0.1.0-0223","imageID":"docker-pullable://illin5564.corp.amdocs.com:5000/account-billingaccount-service@sha256:8f88339feea0a61d1155c9eb3ec8deaf451df1bdc9cd4db37b6e1f30acefbea7","containerID":"docker://5366b5215c37e0455a1cb44523b61a4d124f9b0b97b777346a0d1523dcd32b27"}],"qosClass":"Burstable"}},{"metadata":{"name":"attachment-attachment-at-201763807-2b4sm","generateName":"attachment-attachment-at-201763807-","namespace":"care-for-openshift-testing","selfLink":"/api/v1/namespaces/care-for-openshift-testing/pods/attachment-attachment-at-201763807-2b4sm","uid":"7ddf66a7-ac17-11e8-bb86-0050569a887c","resourceVersion":"64977713","creationTimestamp":"2018-08-30T05:42:33Z","labels":{"microservice":"attachment-attachment","pod-template-hash":"201763807","project":"attachment-attachment-exe","provider":"amdocs","release":"attachment-attachment"},"annotations":{"fabric8.io/iconUrl":"img/icons/spring-boot.svg","openshift.io/scc":"anyuid-no-ps"},"ownerReferences":[{"apiVersion":"extensions/v1beta1","kind":"ReplicaSet","name":"attachment-attachment-at-201763807","uid":"a38e52c9-79f7-11e8-b420-0050569ac01d","controller":true,"blockOwnerDeletion":true}]},"spec":{"volumes":[{"name":"default-token-w6zvn","secret":{"secretName":"default-token-w6zvn","defaultMode":420}}],"initContainers":[{"name":"check-couchbase","image":"busybox","command":["sh","-c","timeout=0; while [[  $timeout -lt 90 ]]; do wget -q -O- -c http://couchbase-service:8091/ui/index.html \u003e /dev/null; if [ $? -ne 0 ]; then timeout=$(( timeout + 2 )); echo $timeout; else break; fi; done"],"resources":{},"volumeMounts":[{"name":"default-token-w6zvn","readOnly":true,"mountPath":"/var/run/secrets/kubernetes.io/serviceaccount"}],"terminationMessagePath":"/dev/termination-log","terminationMessagePolicy":"File","imagePullPolicy":"IfNotPresent","securityContext":{"capabilities":{"drop":["MKNOD"]}}},{"name":"create-bucket","image":"byrnedo/alpine-curl","command":["sh","-c","bucketName=com.amdocs.digital.ms.attachment.attachment; auth=Administrator:Administrator; server=couchbase-service; curl -X DELETE -u $auth http://$server:8091//pools/default/buckets/default; curl --fail -X POST -u $auth -d name=$bucketName -d ramQuotaMB=100 -d authType=sasl http://$server:8091/pools/default/buckets; curl --fail -u $auth http://$server:8091/pools/default/buckets/$bucketName"],"resources":{},"volumeMounts":[{"name":"default-token-w6zvn","readOnly":true,"mountPath":"/var/run/secrets/kubernetes.io/serviceaccount"}],"terminationMessagePath":"/dev/termination-log","terminationMessagePolicy":"File","imagePullPolicy":"IfNotPresent","securityContext":{"capabilities":{"drop":["MKNOD"]}}},{"name":"create-primary-index","image":"byrnedo/alpine-curl","command":["sh","-c","bucketName=com.amdocs.digital.ms.attachment.attachment; auth=Administrator:Administrator; server=couchbase-service; curl -X POST -v -u $auth http://$server:8093/query/service -d statement=create%20primary%20index%20on%20%60com.amdocs.digital.ms.attachment.attachment%60"],"resources":{},"volumeMounts":[{"name":"default-token-w6zvn","readOnly":true,"mountPath":"/var/run/secrets/kubernetes.io/serviceaccount"}],"terminationMessagePath":"/dev/termination-log","terminationMessagePolicy":"File","imagePullPolicy":"IfNotPresent","securityContext":{"capabilities":{"drop":["MKNOD"]}}}],"containers":[{"name":"attachment-attachment-service-container","image":"illin5564.corp.amdocs.com:5000/attachment-attachment-service:0.1.0-0184","ports":[{"name":"http","containerPort":8080,"protocol":"TCP"},{"name":"jacoco","containerPort":6300,"protocol":"TCP"},{"name":"management","containerPort":18080,"protocol":"TCP"}],"env":[{"name":"KUBERNETES_NAMESPACE","valueFrom":{"fieldRef":{"apiVersion":"v1","fieldPath":"metadata.namespace"}}},{"name":"MSNEXT_JAVA_OPTS","value":"-Dloader.main=com.amdocs.msnext.boot.Boot -Xms1024m -Xmx1024m -XX:MaxRAM=2048m -XX:+UseSerialGC -Dcom.amdocs.msnext.securitya3s.url=http://10.238.196.188:30081/asmServices/services/v1.0"},{"name":"MSNEXT_MODULE_MGT_DISABLE","value":"msnext-customization"},{"name":"MANAGEMENT_PORT","value":"18080"},{"name":"SERVER_PORT","value":"8080"},{"name":"MALLOC_ARENA_MAX","value":"4"},{"name":"MSNEXT_JACOCO_ENABLE","value":"1"},{"name":"MSNEXT_JACOCO_OPTS","value":"output=tcpserver,address=*,port=6300"}],"resources":{"limits":{"cpu":"1","memory":"1536Mi"},"requests":{"cpu":"200m","memory":"1Gi"}},"volumeMounts":[{"name":"default-token-w6zvn","readOnly":true,"mountPath":"/var/run/secrets/kubernetes.io/serviceaccount"}],"livenessProbe":{"httpGet":{"path":"/health","port":18080,"scheme":"HTTP"},"initialDelaySeconds":900,"timeoutSeconds":10,"periodSeconds":10,"successThreshold":1,"failureThreshold":3},"readinessProbe":{"httpGet":{"path":"/health","port":18080,"scheme":"HTTP"},"initialDelaySeconds":180,"timeoutSeconds":10,"periodSeconds":10,"successThreshold":1,"failureThreshold":3},"terminationMessagePath":"/dev/termination-log","terminationMessagePolicy":"File","imagePullPolicy":"IfNotPresent","securityContext":{"capabilities":{"drop":["MKNOD"]},"privileged":false}}],"restartPolicy":"Always","terminationGracePeriodSeconds":30,"dnsPolicy":"ClusterFirst","nodeSelector":{"region":"work"},"serviceAccountName":"default","serviceAccount":"default","nodeName":"ilocpde01w11.corp.amdocs.com","securityContext":{"seLinuxOptions":{"level":"s0:c15,c10"}},"imagePullSecrets":[{"name":"attachment-attachment-ms-secret"}],"schedulerName":"default-scheduler","tolerations":[{"key":"node.kubernetes.io/memory-pressure","operator":"Exists","effect":"NoSchedule"}]},"status":{"phase":"Running","conditions":[{"type":"Initialized","status":"True","lastProbeTime":null,"lastTransitionTime":"2018-08-30T05:42:38Z"},{"type":"Ready","status":"True","lastProbeTime":null,"lastTransitionTime":"2018-09-11T19:55:36Z"},{"type":"PodScheduled","status":"True","lastProbeTime":null,"lastTransitionTime":"2018-08-30T05:42:33Z"}],"hostIP":"10.245.250.30","podIP":"10.128.35.68","startTime":"2018-08-30T05:42:33Z","initContainerStatuses":[{"name":"check-couchbase","state":{"terminated":{"exitCode":0,"reason":"Completed","startedAt":"2018-08-30T05:42:35Z","finishedAt":"2018-08-30T05:42:35Z","containerID":"docker://fa21996b8db75e3c03e69679c1ecbc085d68a32f60514b68c1beba0baaa0df1d"}},"lastState":{},"ready":true,"restartCount":0,"image":"docker.io/busybox:latest","imageID":"docker-pullable://docker.io/busybox@sha256:141c253bc4c3fd0a201d32dc1f493bcf3fff003b6df416dea4f41046e0f37d47","containerID":"docker://fa21996b8db75e3c03e69679c1ecbc085d68a32f60514b68c1beba0baaa0df1d"},{"name":"create-bucket","state":{"terminated":{"exitCode":0,"reason":"Completed","startedAt":"2018-08-30T05:42:36Z","finishedAt":"2018-08-30T05:42:36Z","containerID":"docker://c2855e5f2c7c9e6428f42087c04f2916063b5674bcc6ce248e3ad363b429385a"}},"lastState":{},"ready":true,"restartCount":0,"image":"docker.io/byrnedo/alpine-curl:latest","imageID":"docker-pullable://docker.io/byrnedo/alpine-curl@sha256:00c64bda2814f95a13ad6a46d6de487dc88f424f2b1f6c62c6dfce36701fe516","containerID":"docker://c2855e5f2c7c9e6428f42087c04f2916063b5674bcc6ce248e3ad363b429385a"},{"name":"create-primary-index","state":{"terminated":{"exitCode":0,"reason":"Completed","startedAt":"2018-08-30T05:42:37Z","finishedAt":"2018-08-30T05:42:37Z","containerID":"docker://1f9cd362818d9d2b1ad28e83f188db53f770485d8a8b8d3862417c430efb1c63"}},"lastState":{},"ready":true,"restartCount":0,"image":"docker.io/byrnedo/alpine-curl:latest","imageID":"docker-pullable://docker.io/byrnedo/alpine-curl@sha256:00c64bda2814f95a13ad6a46d6de487dc88f424f2b1f6c62c6dfce36701fe516","containerID":"docker://1f9cd362818d9d2b1ad28e83f188db53f770485d8a8b8d3862417c430efb1c63"}],"containerStatuses":[{"name":"attachment-attachment-service-container","state":{"running":{"startedAt":"2018-09-11T19:52:36Z"}},"lastState":{"terminated":{"exitCode":143,"reason":"Error","startedAt":"2018-08-30T05:42:42Z","finishedAt":"2018-09-11T19:52:36Z","containerID":"docker://6093ffe22a9201610f34ff97cfe71b1056646c9a6bd29677bed8e1a365e67c64"}},"ready":true,"restartCount":1,"image":"illin5564.corp.amdocs.com:5000/attachment-attachment-service:0.1.0-0184","imageID":"docker-pullable://illin5564.corp.amdocs.com:5000/attachment-attachment-service@sha256:0df74048fcda70427f191a6305a3479b2db12734b1747260e970288a82c1300a","containerID":"docker://09b9f5c28db73541fabd5db645a7746bef233d0c13eda71d995c6ab2675cf031"}],"qosClass":"Burstable"}},{"metadata":{"name":"attachment-dmsbridge-att-2302686010-mcczh","generateName":"attachment-dmsbridge-att-2302686010-","namespace":"care-for-openshift-testing","selfLink":"/api/v1/namespaces/care-for-openshift-testing/pods/attachment-dmsbridge-att-2302686010-mcczh","uid":"7de30f11-ac17-11e8-bb86-0050569a887c","resourceVersion":"56205946","creationTimestamp":"2018-08-30T05:42:33Z","labels":{"microservice":"attachment-dmsbridge","pod-template-hash":"2302686010","project":"attachment-dmsbridge-exe","provider":"amdocs","release":"attachment-dmsbridge"},"annotations":{"checksum/config":"41e22316ef62dd31e3c6a20da0e1b308a149399883e147166c17e14c76522dea","git-commit":"cba7ed2ae82eb52e89d73fcfa6f69d735b0e7056","openshift.io/scc":"anyuid-no-ps"},"ownerReferences":[{"apiVersion":"extensions/v1beta1","kind":"ReplicaSet","name":"attachment-dmsbridge-att-2302686010","uid":"68d7ced3-79fa-11e8-b420-0050569ac01d","controller":true,"blockOwnerDeletion":true}]},"spec":{"volumes":[{"name":"prop-volume","configMap":{"name":"attachment-dmsbridge-service-appconfigmap","defaultMode":420}},{"name":"default-token-w6zvn","secret":{"secretName":"default-token-w6zvn","defaultMode":420}}],"containers":[{"name":"attachment-dmsbridge-service-container","image":"illin5564.corp.amdocs.com:5000/attachment-dmsbridge-service:0.1.1-0002","ports":[{"name":"http","containerPort":8080,"protocol":"TCP"},{"name":"jacoco","containerPort":6300,"protocol":"TCP"},{"name":"management","containerPort":18080,"protocol":"TCP"}],"env":[{"name":"MSNEXT_CONF_SOURCE_APP","value":"/etc/config"},{"name":"KUBERNETES_NAMESPACE","valueFrom":{"fieldRef":{"apiVersion":"v1","fieldPath":"metadata.namespace"}}},{"name":"MSNEXT_JAVA_OPTS","value":"-Dloader.main=com.amdocs.msnext.boot.Boot -Xms1024m -Xmx1024m -XX:+DisableExplicitGC -XX:+UseConcMarkSweepGC -XX:+CMSParallelRemarkEnabled -XX:NewRatio=1 -Xss512k -XX:MaxMetaspaceSize=512m -Dcom.amdocs.msnext.securitya3s.url=http://10.238.196.188:30081/asmServices/services/v1.0"},{"name":"MSNEXT_MODULE_MGT_DISABLE","value":"msnext-customization"},{"name":"MANAGEMENT_PORT","value":"18080"},{"name":"SERVER_PORT","value":"8080"},{"name":"MALLOC_ARENA_MAX","value":"4"},{"name":"MSNEXT_JACOCO_ENABLE","value":"1"},{"name":"MSNEXT_JACOCO_OPTS","value":"output=tcpserver,address=*,port=6300"}],"resources":{"limits":{"cpu":"1","memory":"1536Mi"},"requests":{"cpu":"200m","memory":"1Gi"}},"volumeMounts":[{"name":"prop-volume","mountPath":"/etc/config"},{"name":"default-token-w6zvn","readOnly":true,"mountPath":"/var/run/secrets/kubernetes.io/serviceaccount"}],"livenessProbe":{"httpGet":{"path":"/health","port":18080,"scheme":"HTTP"},"initialDelaySeconds":900,"timeoutSeconds":10,"periodSeconds":10,"successThreshold":1,"failureThreshold":3},"readinessProbe":{"httpGet":{"path":"/health","port":18080,"scheme":"HTTP"},"initialDelaySeconds":180,"timeoutSeconds":10,"periodSeconds":10,"successThreshold":1,"failureThreshold":3},"terminationMessagePath":"/dev/termination-log","terminationMessagePolicy":"File","imagePullPolicy":"IfNotPresent","securityContext":{"capabilities":{"drop":["MKNOD"]},"privileged":false}}],"restartPolicy":"Always","terminationGracePeriodSeconds":30,"dnsPolicy":"ClusterFirst","nodeSelector":{"region":"work"},"serviceAccountName":"default","serviceAccount":"default","nodeName":"ilocpde01w03.corp.amdocs.com","securityContext":{"seLinuxOptions":{"level":"s0:c15,c10"}},"imagePullSecrets":[{"name":"attachment-dmsbridge-ms-secret"}],"schedulerName":"default-scheduler","tolerations":[{"key":"node.kubernetes.io/memory-pressure","operator":"Exists","effect":"NoSchedule"}]},"status":{"phase":"Running","conditions":[{"type":"Initialized","status":"True","lastProbeTime":null,"lastTransitionTime":"2018-08-30T05:42:33Z"},{"type":"Ready","status":"True","lastProbeTime":null,"lastTransitionTime":"2018-08-31T07:19:06Z"},{"type":"PodScheduled","status":"True","lastProbeTime":null,"lastTransitionTime":"2018-08-30T05:42:33Z"}],"hostIP":"10.245.250.22","podIP":"10.128.10.121","startTime":"2018-08-30T05:42:33Z","containerStatuses":[{"name":"attachment-dmsbridge-service-container","state":{"running":{"startedAt":"2018-08-31T07:16:02Z"}},"lastState":{"terminated":{"exitCode":143,"reason":"Error","startedAt":"2018-08-30T05:42:38Z","finishedAt":"2018-08-31T07:15:33Z","containerID":"docker://a29cc958ef9f7215ed605d3956e86b42d9e1b33c1b0bdb3e737ee9d20022c573"}},"ready":true,"restartCount":1,"image":"illin5564.corp.amdocs.com:5000/attachment-dmsbridge-service:0.1.1-0002","imageID":"docker-pullable://illin5564.corp.amdocs.com:5000/attachment-dmsbridge-service@sha256:a44689bf31f64345dcb03e13c7a2be6064f0d7d525f857178a5fc444a05acb6d","containerID":"docker://be93cba2b3913622e1df1c747e0177545cefbb287aac623ae1cd40fe0abb6672"}],"qosClass":"Burstable"}},{"metadata":{"name":"creditprofile-crediteval-2801187318-fnc7s","generateName":"creditprofile-crediteval-2801187318-","namespace":"care-for-openshift-testing","selfLink":"/api/v1/namespaces/care-for-openshift-testing/pods/creditprofile-crediteval-2801187318-fnc7s","uid":"7df09d40-ac17-11e8-bb86-0050569a887c","resourceVersion":"63498745","creationTimestamp":"2018-08-30T05:42:33Z","labels":{"microservice":"creditprofile-crediteval","pod-template-hash":"2801187318","project":"creditprofile-creditevaluatorbridge-exe","provider":"amdocs","release":"creditprofile-creditevaluatorbridge"},"annotations":{"fabric8.io/iconUrl":"img/icons/spring-boot.svg","openshift.io/scc":"anyuid-no-ps"},"ownerReferences":[{"apiVersion":"extensions/v1beta1","kind":"ReplicaSet","name":"creditprofile-crediteval-2801187318","uid":"ccbb1cc8-79f8-11e8-b420-0050569ac01d","controller":true,"blockOwnerDeletion":true}]},"spec":{"volumes":[{"name":"default-token-w6zvn","secret":{"secretName":"default-token-w6zvn","defaultMode":420}}],"initContainers":[{"name":"check-couchbase","image":"busybox","command":["sh","-c","timeout=0; while [[  $timeout -lt 90 ]]; do wget -q -O- -c http://couchbase-service:8091/ui/index.html \u003e /dev/null; if [ $? -ne 0 ]; then timeout=$(( timeout + 2 )); echo $timeout; else break; fi; done"],"resources":{},"volumeMounts":[{"name":"default-token-w6zvn","readOnly":true,"mountPath":"/var/run/secrets/kubernetes.io/serviceaccount"}],"terminationMessagePath":"/dev/termination-log","terminationMessagePolicy":"File","imagePullPolicy":"IfNotPresent","securityContext":{"capabilities":{"drop":["MKNOD"]}}},{"name":"create-bucket","image":"byrnedo/alpine-curl","command":["sh","-c","bucketName=com.amdocs.digital.ms.creditprofile.creditevaluatorbridge; auth=Administrator:Administrator; server=couchbase-service; curl -X DELETE -u $auth http://$server:8091//pools/default/buckets/default; curl --fail -X POST -u $auth -d name=$bucketName -d ramQuotaMB=100 -d authType=sasl http://$server:8091/pools/default/buckets; curl --fail -u $auth http://$server:8091/pools/default/buckets/$bucketName"],"resources":{},"volumeMounts":[{"name":"default-token-w6zvn","readOnly":true,"mountPath":"/var/run/secrets/kubernetes.io/serviceaccount"}],"terminationMessagePath":"/dev/termination-log","terminationMessagePolicy":"File","imagePullPolicy":"IfNotPresent","securityContext":{"capabilities":{"drop":["MKNOD"]}}},{"name":"create-primary-index","image":"byrnedo/alpine-curl","command":["sh","-c","bucketName=com.amdocs.digital.ms.creditprofile.creditevaluatorbridge; auth=Administrator:Administrator; server=couchbase-service; curl -X POST -v -u $auth http://$server:8093/query/service -d statement=create%20primary%20index%20on%20%60com.amdocs.digital.ms.creditprofile.creditevaluatorbridge%60"],"resources":{},"volumeMounts":[{"name":"default-token-w6zvn","readOnly":true,"mountPath":"/var/run/secrets/kubernetes.io/serviceaccount"}],"terminationMessagePath":"/dev/termination-log","terminationMessagePolicy":"File","imagePullPolicy":"IfNotPresent","securityContext":{"capabilities":{"drop":["MKNOD"]}}}],"containers":[{"name":"creditprofile-creditevaluatorbridge-service-container","image":"illin5564.corp.amdocs.com:5000/creditprofile-creditevaluatorbridge-service:0.1.0-0072","ports":[{"name":"http","containerPort":8080,"protocol":"TCP"},{"name":"jacoco","containerPort":6300,"protocol":"TCP"},{"name":"management","containerPort":18080,"protocol":"TCP"}],"env":[{"name":"KUBERNETES_NAMESPACE","valueFrom":{"fieldRef":{"apiVersion":"v1","fieldPath":"metadata.namespace"}}},{"name":"MSNEXT_JAVA_OPTS","value":"-Dloader.main=com.amdocs.msnext.boot.Boot -Xms1024m -Xmx1024m -XX:MaxRAM=2048m -XX:+UseSerialGC -Dcom.amdocs.msnext.securitya3s.url=http://10.238.196.188:30081/asmServices/services/v1.0"},{"name":"MSNEXT_MODULE_MGT_DISABLE","value":"msnext-customization"},{"name":"MANAGEMENT_PORT","value":"18080"},{"name":"MALLOC_ARENA_MAX","value":"4"},{"name":"SERVER_PORT","value":"8080"},{"name":"MSNEXT_JACOCO_ENABLE","value":"1"},{"name":"MSNEXT_JACOCO_OPTS","value":"output=tcpserver,address=*,port=6300"}],"resources":{"limits":{"cpu":"1","memory":"1536Mi"},"requests":{"cpu":"200m","memory":"1Gi"}},"volumeMounts":[{"name":"default-token-w6zvn","readOnly":true,"mountPath":"/var/run/secrets/kubernetes.io/serviceaccount"}],"livenessProbe":{"httpGet":{"path":"/health","port":18080,"scheme":"HTTP"},"initialDelaySeconds":900,"timeoutSeconds":10,"periodSeconds":10,"successThreshold":1,"failureThreshold":3},"readinessProbe":{"httpGet":{"path":"/health","port":18080,"scheme":"HTTP"},"initialDelaySeconds":180,"timeoutSeconds":10,"periodSeconds":10,"successThreshold":1,"failureThreshold":3},"terminationMessagePath":"/dev/termination-log","terminationMessagePolicy":"File","imagePullPolicy":"IfNotPresent","securityContext":{"capabilities":{"drop":["MKNOD"]},"privileged":false}}],"restartPolicy":"Always","terminationGracePeriodSeconds":30,"dnsPolicy":"ClusterFirst","nodeSelector":{"region":"work"},"serviceAccountName":"default","serviceAccount":"default","nodeName":"ilocpde01w02.corp.amdocs.com","securityContext":{"seLinuxOptions":{"level":"s0:c15,c10"}},"imagePullSecrets":[{"name":"creditprofile-creditevaluatorbridge-ms-secret"}],"schedulerName":"default-scheduler","tolerations":[{"key":"node.kubernetes.io/memory-pressure","operator":"Exists","effect":"NoSchedule"}]},"status":{"phase":"Running","conditions":[{"type":"Initialized","status":"True","lastProbeTime":null,"lastTransitionTime":"2018-08-30T05:42:38Z"},{"type":"Ready","status":"True","lastProbeTime":null,"lastTransitionTime":"2018-09-09T21:05:50Z"},{"type":"PodScheduled","status":"True","lastProbeTime":null,"lastTransitionTime":"2018-08-30T05:42:33Z"}],"hostIP":"10.245.250.21","podIP":"10.128.13.193","startTime":"2018-08-30T05:42:33Z","initContainerStatuses":[{"name":"check-couchbase","state":{"terminated":{"exitCode":0,"reason":"Completed","startedAt":"2018-08-31T07:16:37Z","finishedAt":"2018-08-31T07:16:37Z","containerID":"docker://cb17fa4bec1d6d29038a2f7772499c6d556a74c5b4831d61b5babaf2ad82b328"}},"lastState":{},"ready":true,"restartCount":1,"image":"docker.io/busybox:latest","imageID":"docker-pullable://docker.io/busybox@sha256:58ac43b2cc92c687a32c8be6278e50a063579655fe3090125dcb2af0ff9e1a64","containerID":"docker://cb17fa4bec1d6d29038a2f7772499c6d556a74c5b4831d61b5babaf2ad82b328"},{"name":"create-bucket","state":{"terminated":{"exitCode":0,"reason":"Completed","startedAt":"2018-08-31T07:19:50Z","finishedAt":"2018-08-31T07:19:51Z","containerID":"docker://2e6b09fbcf5e804e76e2d17993c7ef1df2ff81c79aa24679c64267f0b40b0a31"}},"lastState":{},"ready":true,"restartCount":0,"image":"docker.io/byrnedo/alpine-curl:latest","imageID":"docker-pullable://docker.io/byrnedo/alpine-curl@sha256:00c64bda2814f95a13ad6a46d6de487dc88f424f2b1f6c62c6dfce36701fe516","containerID":"docker://2e6b09fbcf5e804e76e2d17993c7ef1df2ff81c79aa24679c64267f0b40b0a31"},{"name":"create-primary-index","state":{"terminated":{"exitCode":0,"reason":"Completed","startedAt":"2018-08-31T07:19:54Z","finishedAt":"2018-08-31T07:19:55Z","containerID":"docker://22f8d96ee042a73d06e7dee9d994ae6f3245090f15144028875af7659cb4ad6d"}},"lastState":{},"ready":true,"restartCount":0,"image":"docker.io/byrnedo/alpine-curl:latest","imageID":"docker-pullable://docker.io/byrnedo/alpine-curl@sha256:00c64bda2814f95a13ad6a46d6de487dc88f424f2b1f6c62c6dfce36701fe516","containerID":"docker://22f8d96ee042a73d06e7dee9d994ae6f3245090f15144028875af7659cb4ad6d"}],"containerStatuses":[{"name":"creditprofile-creditevaluatorbridge-service-container","state":{"running":{"startedAt":"2018-09-09T21:02:49Z"}},"lastState":{"terminated":{"exitCode":143,"reason":"Error","startedAt":"2018-08-31T07:19:58Z","finishedAt":"2018-09-09T21:02:49Z","containerID":"docker://beeb7ccf1d448a66121ad0e089847433db40cd19a6085179e2271b5bbcf8dc60"}},"ready":true,"restartCount":2,"image":"illin5564.corp.amdocs.com:5000/creditprofile-creditevaluatorbridge-service:0.1.0-0072","imageID":"docker-pullable://illin5564.corp.amdocs.com:5000/creditprofile-creditevaluatorbridge-service@sha256:c09ce9401a3d6a31e65832a54ef92b21ea5baf76b6c6a3b87b88ed122be7b9fe","containerID":"docker://886fe33b392d8b48b3ef37883a14412c596d85d81df81d1d3c483f7475919b3a"}],"qosClass":"Burstable"}},{"metadata":{"name":"creditprofile-creditprof-3048733389-58wpg","generateName":"creditprofile-creditprof-3048733389-","namespace":"care-for-openshift-testing","selfLink":"/api/v1/namespaces/care-for-openshift-testing/pods/creditprofile-creditprof-3048733389-58wpg","uid":"7df234f9-ac17-11e8-bb86-0050569a887c","resourceVersion":"68414222","creationTimestamp":"2018-08-30T05:42:33Z","labels":{"microservice":"creditprofile-creditprof","pod-template-hash":"3048733389","project":"creditprofile-creditprofile-exe","provider":"amdocs","release":"creditprofile-creditprofile"},"annotations":{"fabric8.io/iconUrl":"img/icons/spring-boot.svg","openshift.io/scc":"anyuid-no-ps"},"ownerReferences":[{"apiVersion":"extensions/v1beta1","kind":"ReplicaSet","name":"creditprofile-creditprof-3048733389","uid":"f2168d13-79f8-11e8-b420-0050569ac01d","controller":true,"blockOwnerDeletion":true}]},"spec":{"volumes":[{"name":"default-token-w6zvn","secret":{"secretName":"default-token-w6zvn","defaultMode":420}}],"initContainers":[{"name":"check-couchbase","image":"busybox","command":["sh","-c","timeout=0; while [[  $timeout -lt 90 ]]; do wget -q -O- -c http://couchbase-service:8091/ui/index.html \u003e /dev/null; if [ $? -ne 0 ]; then timeout=$(( timeout + 2 )); echo $timeout; else break; fi; done"],"resources":{},"volumeMounts":[{"name":"default-token-w6zvn","readOnly":true,"mountPath":"/var/run/secrets/kubernetes.io/serviceaccount"}],"terminationMessagePath":"/dev/termination-log","terminationMessagePolicy":"File","imagePullPolicy":"IfNotPresent","securityContext":{"capabilities":{"drop":["MKNOD"]}}},{"name":"create-bucket","image":"byrnedo/alpine-curl","command":["sh","-c","bucketName=com.amdocs.digital.ms.creditprofile.creditprofile; auth=Administrator:Administrator; server=couchbase-service; curl -X DELETE -u $auth http://$server:8091//pools/default/buckets/default; curl --fail -X POST -u $auth -d name=$bucketName -d ramQuotaMB=100 -d authType=sasl http://$server:8091/pools/default/buckets; curl --fail -u $auth http://$server:8091/pools/default/buckets/$bucketName"],"resources":{},"volumeMounts":[{"name":"default-token-w6zvn","readOnly":true,"mountPath":"/var/run/secrets/kubernetes.io/serviceaccount"}],"terminationMessagePath":"/dev/termination-log","terminationMessagePolicy":"File","imagePullPolicy":"IfNotPresent","securityContext":{"capabilities":{"drop":["MKNOD"]}}},{"name":"create-primary-index","image":"byrnedo/alpine-curl","command":["sh","-c","bucketName=com.amdocs.digital.ms.creditprofile.creditprofile; auth=Administrator:Administrator; server=couchbase-service; curl -X POST -v -u $auth http://$server:8093/query/service -d statement=create%20primary%20index%20on%20%60com.amdocs.digital.ms.creditprofile.creditprofile%60"],"resources":{},"volumeMounts":[{"name":"default-token-w6zvn","readOnly":true,"mountPath":"/var/run/secrets/kubernetes.io/serviceaccount"}],"terminationMessagePath":"/dev/termination-log","terminationMessagePolicy":"File","imagePullPolicy":"IfNotPresent","securityContext":{"capabilities":{"drop":["MKNOD"]}}},{"name":"create-cp-relatedparty-index","image":"byrnedo/alpine-curl","command":["sh","-c","bucketName=com.amdocs.digital.ms.creditprofile.creditprofile; auth=Administrator:Administrator; server=couchbase-service; curl -X POST -v -u $auth http://$server:8093/query/service -d statement='CREATE%20INDEX%20%60idx_creditProfile_relatedPartyId%60%20ON%20%60com.amdocs.digital.ms.creditprofile.creditprofile%60((%60relatedParty%60.%60id%60))'"],"resources":{},"volumeMounts":[{"name":"default-token-w6zvn","readOnly":true,"mountPath":"/var/run/secrets/kubernetes.io/serviceaccount"}],"terminationMessagePath":"/dev/termination-log","terminationMessagePolicy":"File","imagePullPolicy":"IfNotPresent","securityContext":{"capabilities":{"drop":["MKNOD"]}}}],"containers":[{"name":"creditprofile-creditprofile-service-container","image":"illin5564.corp.amdocs.com:5000/creditprofile-creditprofile-service:0.1.0-0180","ports":[{"name":"http","containerPort":8080,"protocol":"TCP"},{"name":"jacoco","containerPort":6300,"protocol":"TCP"},{"name":"management","containerPort":18080,"protocol":"TCP"}],"env":[{"name":"KUBERNETES_NAMESPACE","valueFrom":{"fieldRef":{"apiVersion":"v1","fieldPath":"metadata.namespace"}}},{"name":"MSNEXT_JAVA_OPTS","value":"-Dloader.main=com.amdocs.msnext.boot.Boot -Xms1024m -Xmx1024m -XX:MaxRAM=2048m -XX:+UseSerialGC -Dcom.amdocs.msnext.securitya3s.url=http://10.238.196.188:30081/asmServices/services/v1.0"},{"name":"MSNEXT_MODULE_MGT_DISABLE","value":"msnext-customization"},{"name":"MANAGEMENT_PORT","value":"18080"},{"name":"SERVER_PORT","value":"8080"},{"name":"MALLOC_ARENA_MAX","value":"4"},{"name":"MSNEXT_JACOCO_ENABLE","value":"1"},{"name":"MSNEXT_JACOCO_OPTS","value":"output=tcpserver,address=*,port=6300"}],"resources":{"limits":{"cpu":"1","memory":"1536Mi"},"requests":{"cpu":"200m","memory":"1Gi"}},"volumeMounts":[{"name":"default-token-w6zvn","readOnly":true,"mountPath":"/var/run/secrets/kubernetes.io/serviceaccount"}],"livenessProbe":{"httpGet":{"path":"/health","port":18080,"scheme":"HTTP"},"initialDelaySeconds":900,"timeoutSeconds":10,"periodSeconds":10,"successThreshold":1,"failureThreshold":3},"readinessProbe":{"httpGet":{"path":"/health","port":18080,"scheme":"HTTP"},"initialDelaySeconds":180,"timeoutSeconds":10,"periodSeconds":10,"successThreshold":1,"failureThreshold":3},"terminationMessagePath":"/dev/termination-log","terminationMessagePolicy":"File","imagePullPolicy":"IfNotPresent","securityContext":{"capabilities":{"drop":["MKNOD"]},"privileged":false}}],"restartPolicy":"Always","terminationGracePeriodSeconds":30,"dnsPolicy":"ClusterFirst","nodeSelector":{"region":"work"},"serviceAccountName":"default","serviceAccount":"default","nodeName":"ilocpde01w34.corp.amdocs.com","securityContext":{"seLinuxOptions":{"level":"s0:c15,c10"}},"imagePullSecrets":[{"name":"creditprofile-creditprofile-ms-secret"}],"schedulerName":"default-scheduler","tolerations":[{"key":"node.kubernetes.io/memory-pressure","operator":"Exists","effect":"NoSchedule"}]},"status":{"phase":"Running","conditions":[{"type":"Initialized","status":"True","lastProbeTime":null,"lastTransitionTime":"2018-08-30T05:42:52Z"},{"type":"Ready","status":"True","lastProbeTime":null,"lastTransitionTime":"2018-09-16T16:58:17Z"},{"type":"PodScheduled","status":"True","lastProbeTime":null,"lastTransitionTime":"2018-08-30T05:42:33Z"}],"hostIP":"10.245.251.175","podIP":"10.128.78.62","startTime":"2018-08-30T05:42:33Z","initContainerStatuses":[{"name":"check-couchbase","state":{"terminated":{"exitCode":0,"reason":"Completed","startedAt":"2018-08-30T05:42:35Z","finishedAt":"2018-08-30T05:42:35Z","containerID":"docker://c139a7494b5de758c65a0f12188f787f22adb710fa446431e91df2384734a17f"}},"lastState":{},"ready":true,"restartCount":0,"image":"docker.io/busybox:latest","imageID":"docker-pullable://docker.io/busybox@sha256:cb63aa0641a885f54de20f61d152187419e8f6b159ed11a251a09d115fdff9bd","containerID":"docker://c139a7494b5de758c65a0f12188f787f22adb710fa446431e91df2384734a17f"},{"name":"create-bucket","state":{"terminated":{"exitCode":0,"reason":"Completed","startedAt":"2018-08-30T05:42:50Z","finishedAt":"2018-08-30T05:42:50Z","containerID":"docker://b1af81646e18607044594199987de077fc571e97b817c7767ab54ebc1bf14f45"}},"lastState":{},"ready":true,"restartCount":0,"image":"docker.io/byrnedo/alpine-curl:latest","imageID":"docker-pullable://docker.io/byrnedo/alpine-curl@sha256:e8cf497b3005c2f66c8411f814f3818ecd683dfea45267ebfb4918088a26a18c","containerID":"docker://b1af81646e18607044594199987de077fc571e97b817c7767ab54ebc1bf14f45"},{"name":"create-primary-index","state":{"terminated":{"exitCode":0,"reason":"Completed","startedAt":"2018-08-30T05:42:50Z","finishedAt":"2018-08-30T05:42:51Z","containerID":"docker://3f670d60ee74e9729c50faedc2d3ae1f8b1fca514e783301da5991ac8c682437"}},"lastState":{},"ready":true,"restartCount":0,"image":"docker.io/byrnedo/alpine-curl:latest","imageID":"docker-pullable://docker.io/byrnedo/alpine-curl@sha256:e8cf497b3005c2f66c8411f814f3818ecd683dfea45267ebfb4918088a26a18c","containerID":"docker://3f670d60ee74e9729c50faedc2d3ae1f8b1fca514e783301da5991ac8c682437"},{"name":"create-cp-relatedparty-index","state":{"terminated":{"exitCode":0,"reason":"Completed","startedAt":"2018-08-30T05:42:52Z","finishedAt":"2018-08-30T05:42:52Z","containerID":"docker://0fec97b8db4201393b06a1bbdb29291dd1df21222adf5417f8523ebbc5096e36"}},"lastState":{},"ready":true,"restartCount":0,"image":"docker.io/byrnedo/alpine-curl:latest","imageID":"docker-pullable://docker.io/byrnedo/alpine-curl@sha256:e8cf497b3005c2f66c8411f814f3818ecd683dfea45267ebfb4918088a26a18c","containerID":"docker://0fec97b8db4201393b06a1bbdb29291dd1df21222adf5417f8523ebbc5096e36"}],"containerStatuses":[{"name":"creditprofile-creditprofile-service-container","state":{"running":{"startedAt":"2018-09-16T16:55:09Z"}},"lastState":{"terminated":{"exitCode":137,"reason":"OOMKilled","startedAt":"2018-09-14T19:55:59Z","finishedAt":"2018-09-16T16:55:08Z","containerID":"docker://fef8a4a79d95ae144f3d72574070c85fed33e562025f9733024342306906e219"}},"ready":true,"restartCount":4,"image":"illin5564.corp.amdocs.com:5000/creditprofile-creditprofile-service:0.1.0-0180","imageID":"docker-pullable://illin5564.corp.amdocs.com:5000/creditprofile-creditprofile-service@sha256:92f83a88a8da15154cba55135d3f5113e0042edd9a6a546e3c6a0fb0ab23503a","containerID":"docker://3bf86b2312dae316a60db08ef01c08599d2fc03649c3b76246c00893ad47071f"}],"qosClass":"Burstable"}},{"metadata":{"name":"customer-customer-custom-1421202785-vc7bj","generateName":"customer-customer-custom-1421202785-","namespace":"care-for-openshift-testing","selfLink":"/api/v1/namespaces/care-for-openshift-testing/pods/customer-customer-custom-1421202785-vc7bj","uid":"7df330df-ac17-11e8-bb86-0050569a887c","resourceVersion":"66767368","creationTimestamp":"2018-08-30T05:42:33Z","labels":{"microservice":"customer-customer","pod-template-hash":"1421202785","project":"customer-customer-exe","provider":"amdocs","release":"customer-customer"},"annotations":{"fabric8.io/iconUrl":"img/icons/spring-boot.svg","openshift.io/scc":"anyuid-no-ps"},"ownerReferences":[{"apiVersion":"extensions/v1beta1","kind":"ReplicaSet","name":"customer-customer-custom-1421202785","uid":"e8534071-79f7-11e8-b420-0050569ac01d","controller":true,"blockOwnerDeletion":true}]},"spec":{"volumes":[{"name":"default-token-w6zvn","secret":{"secretName":"default-token-w6zvn","defaultMode":420}}],"initContainers":[{"name":"check-couchbase","image":"busybox","command":["sh","-c","timeout=0; while [[  $timeout -lt 90 ]]; do wget -q -O- -c http://couchbase-service:8091/ui/index.html \u003e /dev/null; if [ $? -ne 0 ]; then timeout=$(( timeout + 2 )); echo $timeout; else break; fi; done"],"resources":{},"volumeMounts":[{"name":"default-token-w6zvn","readOnly":true,"mountPath":"/var/run/secrets/kubernetes.io/serviceaccount"}],"terminationMessagePath":"/dev/termination-log","terminationMessagePolicy":"File","imagePullPolicy":"IfNotPresent","securityContext":{"capabilities":{"drop":["MKNOD"]}}},{"name":"create-bucket","image":"byrnedo/alpine-curl","command":["sh","-c","bucketName=com.amdocs.digital.ms.customer.customer; auth=Administrator:Administrator; server=couchbase-service; curl -X DELETE -u $auth http://$server:8091//pools/default/buckets/default; curl --fail -X POST -u $auth -d name=$bucketName -d ramQuotaMB=100 -d authType=sasl http://$server:8091/pools/default/buckets; curl --fail -u $auth http://$server:8091/pools/default/buckets/$bucketName"],"resources":{},"volumeMounts":[{"name":"default-token-w6zvn","readOnly":true,"mountPath":"/var/run/secrets/kubernetes.io/serviceaccount"}],"terminationMessagePath":"/dev/termination-log","terminationMessagePolicy":"File","imagePullPolicy":"IfNotPresent","securityContext":{"capabilities":{"drop":["MKNOD"]}}}],"containers":[{"name":"customer-customer-service-container","image":"illin5564.corp.amdocs.com:5000/customer-customer-service:0.1.0-0728","ports":[{"name":"http","containerPort":8080,"protocol":"TCP"},{"name":"management","containerPort":18080,"protocol":"TCP"},{"name":"jacoco","containerPort":6300,"protocol":"TCP"}],"env":[{"name":"KUBERNETES_NAMESPACE","valueFrom":{"fieldRef":{"apiVersion":"v1","fieldPath":"metadata.namespace"}}},{"name":"MSNEXT_JAVA_OPTS","value":"-Dloader.main=com.amdocs.msnext.boot.Boot -Xms1024m -Xmx1024m -XX:MaxRAM=2048m -XX:+UseSerialGC -Dcom.amdocs.msnext.securitya3s.url=http://10.238.196.188:30081/asmServices/services/v1.0"},{"name":"MSNEXT_MODULE_MGT_DISABLE","value":"msnext-customization"},{"name":"MANAGEMENT_PORT","value":"18080"},{"name":"MALLOC_ARENA_MAX","value":"4"},{"name":"SERVER_PORT","value":"8080"},{"name":"MSNEXT_JACOCO_ENABLE","value":"1"},{"name":"MSNEXT_JACOCO_OPTS","value":"output=tcpserver,address=*,port=6300"}],"resources":{"limits":{"cpu":"1","memory":"1536Mi"},"requests":{"cpu":"200m","memory":"1Gi"}},"volumeMounts":[{"name":"default-token-w6zvn","readOnly":true,"mountPath":"/var/run/secrets/kubernetes.io/serviceaccount"}],"livenessProbe":{"httpGet":{"path":"/health","port":18080,"scheme":"HTTP"},"initialDelaySeconds":900,"timeoutSeconds":1,"periodSeconds":10,"successThreshold":1,"failureThreshold":3},"readinessProbe":{"httpGet":{"path":"/health","port":18080,"scheme":"HTTP"},"initialDelaySeconds":180,"timeoutSeconds":10,"periodSeconds":10,"successThreshold":1,"failureThreshold":3},"terminationMessagePath":"/dev/termination-log","terminationMessagePolicy":"File","imagePullPolicy":"IfNotPresent","securityContext":{"capabilities":{"drop":["MKNOD"]},"privileged":false}}],"restartPolicy":"Always","terminationGracePeriodSeconds":30,"dnsPolicy":"ClusterFirst","nodeSelector":{"region":"work"},"serviceAccountName":"default","serviceAccount":"default","nodeName":"ilocpde01w33.corp.amdocs.com","securityContext":{"seLinuxOptions":{"level":"s0:c15,c10"}},"imagePullSecrets":[{"name":"customer-customer-ms-secret"}],"schedulerName":"default-scheduler","tolerations":[{"key":"node.kubernetes.io/memory-pressure","operator":"Exists","effect":"NoSchedule"}]},"status":{"phase":"Running","conditions":[{"type":"Initialized","status":"True","lastProbeTime":null,"lastTransitionTime":"2018-08-30T05:42:36Z"},{"type":"Ready","status":"True","lastProbeTime":null,"lastTransitionTime":"2018-09-14T01:53:05Z"},{"type":"PodScheduled","status":"True","lastProbeTime":null,"lastTransitionTime":"2018-08-30T05:42:33Z"}],"hostIP":"10.245.251.174","podIP":"10.128.74.19","startTime":"2018-08-30T05:42:33Z","initContainerStatuses":[{"name":"check-couchbase","state":{"terminated":{"exitCode":0,"reason":"Completed","startedAt":"2018-08-30T05:42:35Z","finishedAt":"2018-08-30T05:42:35Z","containerID":"docker://3922a8832725e30cd2a2fb6b2bfb285e9496f1a98976b007ac69c8fa3974d835"}},"lastState":{},"ready":true,"restartCount":0,"image":"docker.io/busybox:latest","imageID":"docker-pullable://docker.io/busybox@sha256:cb63aa0641a885f54de20f61d152187419e8f6b159ed11a251a09d115fdff9bd","containerID":"docker://3922a8832725e30cd2a2fb6b2bfb285e9496f1a98976b007ac69c8fa3974d835"},{"name":"create-bucket","state":{"terminated":{"exitCode":0,"reason":"Completed","startedAt":"2018-08-30T05:42:36Z","finishedAt":"2018-08-30T05:42:36Z","containerID":"docker://ba1ff72a3091463931786851a2c8a52cf67ee05d0d4b2c42e4d6b6cd586cf327"}},"lastState":{},"ready":true,"restartCount":0,"image":"docker.io/byrnedo/alpine-curl:latest","imageID":"docker-pullable://docker.io/byrnedo/alpine-curl@sha256:e8cf497b3005c2f66c8411f814f3818ecd683dfea45267ebfb4918088a26a18c","containerID":"docker://ba1ff72a3091463931786851a2c8a52cf67ee05d0d4b2c42e4d6b6cd586cf327"}],"containerStatuses":[{"name":"customer-customer-service-container","state":{"running":{"startedAt":"2018-08-30T05:42:39Z"}},"lastState":{},"ready":true,"restartCount":0,"image":"illin5564.corp.amdocs.com:5000/customer-customer-service:0.1.0-0728","imageID":"docker-pullable://illin5564.corp.amdocs.com:5000/customer-customer-service@sha256:06f147872c0e79508f6f4a7a1709f6e055fa789f04b6af5c10ee36d0e991b0e1","containerID":"docker://06bea693ba9c8a469963c4439df80e0e95b6f5001787375eff65e5489aaec950"}],"qosClass":"Burstable"}},{"metadata":{"name":"customerentity-rls-custo-827328498-r9t2z","generateName":"customerentity-rls-custo-827328498-","namespace":"care-for-openshift-testing","selfLink":"/api/v1/namespaces/care-for-openshift-testing/pods/customerentity-rls-custo-827328498-r9t2z","uid":"7e10c939-ac17-11e8-bb86-0050569a887c","resourceVersion":"69444933","creationTimestamp":"2018-08-30T05:42:33Z","labels":{"microservice":"customer-customerentity","pod-template-hash":"827328498","project":"customer-customerentity-exe","provider":"amdocs","release":"customerentity-rls"},"annotations":{"fabric8.io/iconUrl":"img/icons/spring-boot.svg","openshift.io/scc":"anyuid-no-ps"},"ownerReferences":[{"apiVersion":"extensions/v1beta1","kind":"ReplicaSet","name":"customerentity-rls-custo-827328498","uid":"a564a890-79f8-11e8-b420-0050569ac01d","controller":true,"blockOwnerDeletion":true}]},"spec":{"volumes":[{"name":"default-token-w6zvn","secret":{"secretName":"default-token-w6zvn","defaultMode":420}}],"initContainers":[{"name":"check-couchbase","image":"busybox","command":["sh","-c","timeout=0; while [[  $timeout -lt 90 ]]; do wget -q -O- -c http://couchbase-service:8091/ui/index.html \u003e /dev/null; if [ $? -ne 0 ]; then timeout=$(( timeout + 2 )); echo $timeout; else break; fi; done"],"resources":{},"volumeMounts":[{"name":"default-token-w6zvn","readOnly":true,"mountPath":"/var/run/secrets/kubernetes.io/serviceaccount"}],"terminationMessagePath":"/dev/termination-log","terminationMessagePolicy":"File","imagePullPolicy":"IfNotPresent","securityContext":{"capabilities":{"drop":["MKNOD"]}}},{"name":"create-bucket","image":"byrnedo/alpine-curl","command":["sh","-c","bucketName=com.amdocs.digital.ms.customer.customerentity; auth=Administrator:Administrator; server=couchbase-service; curl -X DELETE -u $auth http://$server:8091//pools/default/buckets/default; curl --fail -X POST -u $auth -d name=$bucketName -d ramQuotaMB=100 -d authType=sasl http://$server:8091/pools/default/buckets; curl --fail -u $auth http://$server:8091/pools/default/buckets/$bucketName"],"resources":{},"volumeMounts":[{"name":"default-token-w6zvn","readOnly":true,"mountPath":"/var/run/secrets/kubernetes.io/serviceaccount"}],"terminationMessagePath":"/dev/termination-log","terminationMessagePolicy":"File","imagePullPolicy":"IfNotPresent","securityContext":{"capabilities":{"drop":["MKNOD"]}}},{"name":"create-primary-index","image":"byrnedo/alpine-curl","command":["sh","-c","bucketName=com.amdocs.digital.ms.customer.customerentity; auth=Administrator:Administrator; server=couchbase-service; curl -X POST -v -u $auth http://$server:8093/query/service -d statement=create%20primary%20index%20on%20%60com.amdocs.digital.ms.customer.customerentity%60"],"resources":{},"volumeMounts":[{"name":"default-token-w6zvn","readOnly":true,"mountPath":"/var/run/secrets/kubernetes.io/serviceaccount"}],"terminationMessagePath":"/dev/termination-log","terminationMessagePolicy":"File","imagePullPolicy":"IfNotPresent","securityContext":{"capabilities":{"drop":["MKNOD"]}}}],"containers":[{"name":"customer-customerentity-service-container","image":"illin5564.corp.amdocs.com:5000/customer-customerentity-service:0.1.0-0271","ports":[{"name":"http","containerPort":8080,"protocol":"TCP"},{"name":"jacoco","containerPort":6300,"protocol":"TCP"},{"name":"management","containerPort":18080,"protocol":"TCP"}],"env":[{"name":"KUBERNETES_NAMESPACE","valueFrom":{"fieldRef":{"apiVersion":"v1","fieldPath":"metadata.namespace"}}},{"name":"MSNEXT_JAVA_OPTS","value":"-Dloader.main=com.amdocs.msnext.boot.Boot -Xms1024m -Xmx1024m -XX:MaxRAM=2048m -XX:+UseSerialGC -Dcom.amdocs.msnext.securitya3s.url=http://10.238.196.188:30081/asmServices/services/v1.0"},{"name":"MSNEXT_MODULE_MGT_DISABLE","value":"msnext-customization"},{"name":"MANAGEMENT_PORT","value":"18080"},{"name":"MALLOC_ARENA_MAX","value":"4"},{"name":"SERVER_PORT","value":"8080"},{"name":"MSNEXT_JACOCO_ENABLE","value":"1"},{"name":"MSNEXT_JACOCO_OPTS","value":"output=tcpserver,address=*,port=6300"}],"resources":{"limits":{"cpu":"1","memory":"1536Mi"},"requests":{"cpu":"200m","memory":"1Gi"}},"volumeMounts":[{"name":"default-token-w6zvn","readOnly":true,"mountPath":"/var/run/secrets/kubernetes.io/serviceaccount"}],"livenessProbe":{"httpGet":{"path":"/health","port":18080,"scheme":"HTTP"},"initialDelaySeconds":900,"timeoutSeconds":10,"periodSeconds":10,"successThreshold":1,"failureThreshold":3},"readinessProbe":{"httpGet":{"path":"/health","port":18080,"scheme":"HTTP"},"initialDelaySeconds":180,"timeoutSeconds":10,"periodSeconds":10,"successThreshold":1,"failureThreshold":3},"terminationMessagePath":"/dev/termination-log","terminationMessagePolicy":"File","imagePullPolicy":"IfNotPresent","securityContext":{"capabilities":{"drop":["MKNOD"]},"privileged":false}}],"restartPolicy":"Always","terminationGracePeriodSeconds":30,"dnsPolicy":"ClusterFirst","nodeSelector":{"region":"work"},"serviceAccountName":"default","serviceAccount":"default","nodeName":"ilocpde01w16.corp.amdocs.com","securityContext":{"seLinuxOptions":{"level":"s0:c15,c10"}},"imagePullSecrets":[{"name":"customer-customerentity-ms-secret"}],"schedulerName":"default-scheduler","tolerations":[{"key":"node.kubernetes.io/memory-pressure","operator":"Exists","effect":"NoSchedule"}]},"status":{"phase":"Running","conditions":[{"type":"Initialized","status":"True","lastProbeTime":null,"lastTransitionTime":"2018-08-30T05:42:38Z"},{"type":"Ready","status":"True","lastProbeTime":null,"lastTransitionTime":"2018-09-08T17:56:19Z"},{"type":"PodScheduled","status":"True","lastProbeTime":null,"lastTransitionTime":"2018-08-30T05:42:33Z"}],"podIP":"10.128.42.145","startTime":"2018-08-30T05:42:33Z","initContainerStatuses":[{"name":"check-couchbase","state":{"terminated":{"exitCode":0,"reason":"Completed","startedAt":"2018-08-30T05:42:35Z","finishedAt":"2018-08-30T05:42:35Z","containerID":"docker://5560d79188baca65b1ea524f9461356bbb17f6fb46e25475b04291151cb5de6e"}},"lastState":{},"ready":true,"restartCount":0,"image":"docker.io/busybox:latest","imageID":"docker-pullable://docker.io/busybox@sha256:141c253bc4c3fd0a201d32dc1f493bcf3fff003b6df416dea4f41046e0f37d47","containerID":"docker://5560d79188baca65b1ea524f9461356bbb17f6fb46e25475b04291151cb5de6e"},{"name":"create-bucket","state":{"terminated":{"exitCode":0,"reason":"Completed","startedAt":"2018-08-30T05:42:36Z","finishedAt":"2018-08-30T05:42:37Z","containerID":"docker://84e4b7210a570d7c78890b795db6674e32956b032cdde265f4864cce7a31f606"}},"lastState":{},"ready":true,"restartCount":0,"image":"docker.io/byrnedo/alpine-curl:latest","imageID":"docker-pullable://docker.io/byrnedo/alpine-curl@sha256:00c64bda2814f95a13ad6a46d6de487dc88f424f2b1f6c62c6dfce36701fe516","containerID":"docker://84e4b7210a570d7c78890b795db6674e32956b032cdde265f4864cce7a31f606"},{"name":"create-primary-index","state":{"terminated":{"exitCode":0,"reason":"Completed","startedAt":"2018-08-30T05:42:37Z","finishedAt":"2018-08-30T05:42:38Z","containerID":"docker://f252ca61351e8e76a4771b646229054ca7ad8ac33c1f73509c44cf4883fac01c"}},"lastState":{},"ready":true,"restartCount":0,"image":"docker.io/byrnedo/alpine-curl:latest","imageID":"docker-pullable://docker.io/byrnedo/alpine-curl@sha256:00c64bda2814f95a13ad6a46d6de487dc88f424f2b1f6c62c6dfce36701fe516","containerID":"docker://f252ca61351e8e76a4771b646229054ca7ad8ac33c1f73509c44cf4883fac01c"}],"containerStatuses":[{"name":"customer-customerentity-service-container","state":{"running":{"startedAt":"2018-09-08T17:53:16Z"}},"lastState":{"terminated":{"exitCode":137,"reason":"OOMKilled","startedAt":"2018-09-07T14:17:03Z","finishedAt":"2018-09-08T17:53:15Z","containerID":"docker://7c1b3d502fc0fa1955e69e1d374d4c1afe0cbb0ccf8e0545c34936d18a2efe45"}},"ready":true,"restartCount":10,"image":"illin5564.corp.amdocs.com:5000/customer-customerentity-service:0.1.0-0271","imageID":"docker-pullable://illin5564.corp.amdocs.com:5000/customer-customerentity-service@sha256:376e1469a289c35d7cdf6df0321b413b8447f186037121d087fb1843f168de90","containerID":"docker://8ea86c7a635df5326bd0d9f16f69287ea2d0d8c89dc6833c995d9f18f1646e7a"}],"qosClass":"Burstable"}},{"metadata":{"name":"financialaccount-financi-7648f8f756-4bv6p","generateName":"financialaccount-financi-7648f8f756-","namespace":"care-for-openshift-testing","selfLink":"/api/v1/namespaces/care-for-openshift-testing/pods/financialaccount-financi-7648f8f756-4bv6p","uid":"7e4d3a77-ac17-11e8-bb86-0050569a887c","resourceVersion":"58051082","creationTimestamp":"2018-08-30T05:42:33Z","labels":{"microservice":"financialaccount-financi","pod-template-hash":"3204949312","project":"financialaccount-financialaccount-exe","provider":"amdocs","release":"financialaccount-financialaccount"},"annotations":{"fabric8.io/iconUrl":"img/icons/spring-boot.svg","openshift.io/scc":"anyuid-no-ps"},"ownerReferences":[{"apiVersion":"extensions/v1beta1","kind":"ReplicaSet","name":"financialaccount-financi-7648f8f756","uid":"20745425-a6df-11e8-bb86-0050569a887c","controller":true,"blockOwnerDeletion":true}]},"spec":{"volumes":[{"name":"default-token-w6zvn","secret":{"secretName":"default-token-w6zvn","defaultMode":420}}],"initContainers":[{"name":"check-couchbase","image":"busybox","command":["sh","-c","timeout=0; while [[  $timeout -lt 90 ]]; do wget -q -O- -c http://couchbase-service:8091/ui/index.html \u003e /dev/null; if [ $? -ne 0 ]; then timeout=$(( timeout + 2 )); echo $timeout; else break; fi; done"],"resources":{},"volumeMounts":[{"name":"default-token-w6zvn","readOnly":true,"mountPath":"/var/run/secrets/kubernetes.io/serviceaccount"}],"terminationMessagePath":"/dev/termination-log","terminationMessagePolicy":"File","imagePullPolicy":"IfNotPresent","securityContext":{"capabilities":{"drop":["MKNOD"]}}},{"name":"create-bucket","image":"byrnedo/alpine-curl","command":["sh","-c","bucketName=com.amdocs.digital.ms.financialaccount.financialaccount; auth=Administrator:Administrator; server=couchbase-service; curl -X DELETE -u $auth http://$server:8091//pools/default/buckets/default; curl --fail -X POST -u $auth -d name=$bucketName -d ramQuotaMB=100 -d authType=sasl http://$server:8091/pools/default/buckets; curl --fail -u $auth http://$server:8091/pools/default/buckets/$bucketName"],"resources":{},"volumeMounts":[{"name":"default-token-w6zvn","readOnly":true,"mountPath":"/var/run/secrets/kubernetes.io/serviceaccount"}],"terminationMessagePath":"/dev/termination-log","terminationMessagePolicy":"File","imagePullPolicy":"IfNotPresent","securityContext":{"capabilities":{"drop":["MKNOD"]}}},{"name":"create-primary-index","image":"byrnedo/alpine-curl","command":["sh","-c","bucketName=com.amdocs.digital.ms.financialaccount.financialaccount; auth=Administrator:Administrator; server=couchbase-service; curl -X POST -v -u $auth http://$server:8093/query/service -d statement=create%20primary%20index%20on%20%60com.amdocs.digital.ms.financialaccount.financialaccount%60"],"resources":{},"volumeMounts":[{"name":"default-token-w6zvn","readOnly":true,"mountPath":"/var/run/secrets/kubernetes.io/serviceaccount"}],"terminationMessagePath":"/dev/termination-log","terminationMessagePolicy":"File","imagePullPolicy":"IfNotPresent","securityContext":{"capabilities":{"drop":["MKNOD"]}}},{"name":"create-relatedpartyref-id-index","image":"byrnedo/alpine-curl","command":["sh","-c","bucketName=com.amdocs.digital.ms.financialaccount.financialaccount; auth=Administrator:Administrator; server=couchbase-service; sleep 30; curl -X POST -v -u $auth http://$server:8093/query/service -d statement='CREATE%20INDEX%20%60financialAccount_relatedPartyRef_id_index%60%20ON%20%60com.amdocs.digital.ms.financialaccount.financialaccount%60((all%20(array%20(%60r%60.%60id%60)%20for%20%60r%60%20in%20%60relatedPartyRef%60%20end)))'"],"resources":{},"volumeMounts":[{"name":"default-token-w6zvn","readOnly":true,"mountPath":"/var/run/secrets/kubernetes.io/serviceaccount"}],"terminationMessagePath":"/dev/termination-log","terminationMessagePolicy":"File","imagePullPolicy":"IfNotPresent","securityContext":{"capabilities":{"drop":["MKNOD"]}}}],"containers":[{"name":"financialaccount-financialaccount-service-container","image":"illin5564.corp.amdocs.com:5000/financialaccount-financialaccount-service:0.1.0-0186","ports":[{"name":"http","containerPort":8080,"protocol":"TCP"},{"name":"jacoco","containerPort":6300,"protocol":"TCP"},{"name":"management","containerPort":18080,"protocol":"TCP"}],"env":[{"name":"KUBERNETES_NAMESPACE","valueFrom":{"fieldRef":{"apiVersion":"v1","fieldPath":"metadata.namespace"}}},{"name":"MSNEXT_JAVA_OPTS","value":"-Dloader.main=com.amdocs.msnext.boot.Boot -Xms1024m -Xmx1024m -XX:MaxRAM=2048m -XX:+UseSerialGC -Dcom.amdocs.msnext.securitya3s.url=http://10.238.196.188:30081/asmServices/services/v1.0"},{"name":"MSNEXT_MODULE_MGT_DISABLE","value":"msnext-customization"},{"name":"MANAGEMENT_PORT","value":"18080"},{"name":"SERVER_PORT","value":"8080"},{"name":"MALLOC_ARENA_MAX","value":"4"},{"name":"MSNEXT_JACOCO_ENABLE","value":"1"},{"name":"MSNEXT_JACOCO_OPTS","value":"output=tcpserver,address=*,port=6300"}],"resources":{"limits":{"cpu":"1","memory":"2Gi"},"requests":{"cpu":"200m","memory":"1Gi"}},"volumeMounts":[{"name":"default-token-w6zvn","readOnly":true,"mountPath":"/var/run/secrets/kubernetes.io/serviceaccount"}],"livenessProbe":{"httpGet":{"path":"/health","port":18080,"scheme":"HTTP"},"initialDelaySeconds":900,"timeoutSeconds":10,"periodSeconds":10,"successThreshold":1,"failureThreshold":3},"readinessProbe":{"httpGet":{"path":"/health","port":18080,"scheme":"HTTP"},"initialDelaySeconds":180,"timeoutSeconds":10,"periodSeconds":10,"successThreshold":1,"failureThreshold":3},"terminationMessagePath":"/dev/termination-log","terminationMessagePolicy":"File","imagePullPolicy":"IfNotPresent","securityContext":{"capabilities":{"drop":["MKNOD"]},"privileged":false}}],"restartPolicy":"Always","terminationGracePeriodSeconds":30,"dnsPolicy":"ClusterFirst","nodeSelector":{"region":"work"},"serviceAccountName":"default","serviceAccount":"default","nodeName":"ilocpde01w13.corp.amdocs.com","securityContext":{"seLinuxOptions":{"level":"s0:c15,c10"}},"imagePullSecrets":[{"name":"financialaccount-financialaccount-ms-secret"}],"schedulerName":"default-scheduler","tolerations":[{"key":"node.kubernetes.io/memory-pressure","operator":"Exists","effect":"NoSchedule"}]},"status":{"phase":"Running","conditions":[{"type":"Initialized","status":"True","lastProbeTime":null,"lastTransitionTime":"2018-08-30T05:43:10Z"},{"type":"Ready","status":"True","lastProbeTime":null,"lastTransitionTime":"2018-09-02T22:01:14Z"},{"type":"PodScheduled","status":"True","lastProbeTime":null,"lastTransitionTime":"2018-08-30T05:42:33Z"}],"hostIP":"10.245.250.32","podIP":"10.128.37.154","startTime":"2018-08-30T05:42:33Z","initContainerStatuses":[{"name":"check-couchbase","state":{"terminated":{"exitCode":0,"reason":"Completed","startedAt":"2018-08-30T05:42:36Z","finishedAt":"2018-08-30T05:42:36Z","containerID":"docker://7f79929fc879462fb80cce229817ff05859e483de3f3623dfbbff75b7a9f8d3d"}},"lastState":{},"ready":true,"restartCount":0,"image":"docker.io/busybox:latest","imageID":"docker-pullable://docker.io/busybox@sha256:141c253bc4c3fd0a201d32dc1f493bcf3fff003b6df416dea4f41046e0f37d47","containerID":"docker://7f79929fc879462fb80cce229817ff05859e483de3f3623dfbbff75b7a9f8d3d"},{"name":"create-bucket","state":{"terminated":{"exitCode":0,"reason":"Completed","startedAt":"2018-08-30T05:42:37Z","finishedAt":"2018-08-30T05:42:37Z","containerID":"docker://66dbc1ca5b1d8e733a53dff109739d689cb1aba0b2efdf78379fbbe5ccdbe026"}},"lastState":{},"ready":true,"restartCount":0,"image":"docker.io/byrnedo/alpine-curl:latest","imageID":"docker-pullable://docker.io/byrnedo/alpine-curl@sha256:00c64bda2814f95a13ad6a46d6de487dc88f424f2b1f6c62c6dfce36701fe516","containerID":"docker://66dbc1ca5b1d8e733a53dff109739d689cb1aba0b2efdf78379fbbe5ccdbe026"},{"name":"create-primary-index","state":{"terminated":{"exitCode":0,"reason":"Completed","startedAt":"2018-08-30T05:42:38Z","finishedAt":"2018-08-30T05:42:38Z","containerID":"docker://f6142a8f82544476e78be5bbb414ff7d9b9c093d1a91050efd36d26665760d52"}},"lastState":{},"ready":true,"restartCount":0,"image":"docker.io/byrnedo/alpine-curl:latest","imageID":"docker-pullable://docker.io/byrnedo/alpine-curl@sha256:00c64bda2814f95a13ad6a46d6de487dc88f424f2b1f6c62c6dfce36701fe516","containerID":"docker://f6142a8f82544476e78be5bbb414ff7d9b9c093d1a91050efd36d26665760d52"},{"name":"create-relatedpartyref-id-index","state":{"terminated":{"exitCode":0,"reason":"Completed","startedAt":"2018-08-30T05:42:39Z","finishedAt":"2018-08-30T05:43:09Z","containerID":"docker://ab0253fa1230d64c792c8ba5576e7f399e5449c78e42d673c3ce2a6414020135"}},"lastState":{},"ready":true,"restartCount":0,"image":"docker.io/byrnedo/alpine-curl:latest","imageID":"docker-pullable://docker.io/byrnedo/alpine-curl@sha256:00c64bda2814f95a13ad6a46d6de487dc88f424f2b1f6c62c6dfce36701fe516","containerID":"docker://ab0253fa1230d64c792c8ba5576e7f399e5449c78e42d673c3ce2a6414020135"}],"containerStatuses":[{"name":"financialaccount-financialaccount-service-container","state":{"running":{"startedAt":"2018-09-02T21:58:11Z"}},"lastState":{"terminated":{"exitCode":143,"reason":"Error","startedAt":"2018-08-30T05:43:13Z","finishedAt":"2018-09-02T21:58:11Z","containerID":"docker://c2327d420f02ec41b329fe20770a8d371547528a60047365c62af6c940144042"}},"ready":true,"restartCount":1,"image":"illin5564.corp.amdocs.com:5000/financialaccount-financialaccount-service:0.1.0-0186","imageID":"docker-pullable://illin5564.corp.amdocs.com:5000/financialaccount-financialaccount-service@sha256:55d87b13019117d468b674df6b8f52b912192264e82ad85ddbc432324d692ee9","containerID":"docker://6cfb4787f3423171d57efd728ed7c447f67891bc6c633e60613cd355f6ffc333"}],"qosClass":"Burstable"}},{"metadata":{"name":"geographicaddress-geogra-505456214-llbf8","generateName":"geographicaddress-geogra-505456214-","namespace":"care-for-openshift-testing","selfLink":"/api/v1/namespaces/care-for-openshift-testing/pods/geographicaddress-geogra-505456214-llbf8","uid":"7e8a4d42-ac17-11e8-bb86-0050569a887c","resourceVersion":"55368963","creationTimestamp":"2018-08-30T05:42:34Z","labels":{"microservice":"geographicaddress-geogra","pod-template-hash":"505456214","project":"geographicaddress-geographicaddress-exe","provider":"amdocs","release":"geographicaddress-geographicaddress"},"annotations":{"fabric8.io/iconUrl":"img/icons/spring-boot.svg","openshift.io/scc":"anyuid-no-ps"},"ownerReferences":[{"apiVersion":"extensions/v1beta1","kind":"ReplicaSet","name":"geographicaddress-geogra-505456214","uid":"e931a190-79fa-11e8-b420-0050569ac01d","controller":true,"blockOwnerDeletion":true}]},"spec":{"volumes":[{"name":"default-token-w6zvn","secret":{"secretName":"default-token-w6zvn","defaultMode":420}}],"initContainers":[{"name":"check-couchbase","image":"busybox","command":["sh","-c","timeout=0; while [[  $timeout -lt 90 ]]; do wget -q -O- -c http://couchbase-service:8091/ui/index.html \u003e /dev/null; if [ $? -ne 0 ]; then timeout=$(( timeout + 2 )); echo $timeout; else break; fi; done"],"resources":{},"volumeMounts":[{"name":"default-token-w6zvn","readOnly":true,"mountPath":"/var/run/secrets/kubernetes.io/serviceaccount"}],"terminationMessagePath":"/dev/termination-log","terminationMessagePolicy":"File","imagePullPolicy":"IfNotPresent","securityContext":{"capabilities":{"drop":["MKNOD"]}}},{"name":"create-bucket","image":"byrnedo/alpine-curl","command":["sh","-c","bucketName=com.amdocs.digital.ms.geographicaddress.geographicaddress; auth=Administrator:Administrator; server=couchbase-service; curl -X DELETE -u $auth http://$server:8091//pools/default/buckets/default; curl --fail -X POST -u $auth -d name=$bucketName -d ramQuotaMB=100 -d authType=sasl http://$server:8091/pools/default/buckets; curl --fail -u $auth http://$server:8091/pools/default/buckets/$bucketName"],"resources":{},"volumeMounts":[{"name":"default-token-w6zvn","readOnly":true,"mountPath":"/var/run/secrets/kubernetes.io/serviceaccount"}],"terminationMessagePath":"/dev/termination-log","terminationMessagePolicy":"File","imagePullPolicy":"IfNotPresent","securityContext":{"capabilities":{"drop":["MKNOD"]}}},{"name":"create-primary-index","image":"byrnedo/alpine-curl","command":["sh","-c","bucketName=com.amdocs.digital.ms.geographicaddress.geographicaddress; auth=Administrator:Administrator; server=couchbase-service; curl -X POST -v -u $auth http://$server:8093/query/service -d statement=create%20primary%20index%20on%20%60com.amdocs.digital.ms.geographicaddress.geographicaddress%60"],"resources":{},"volumeMounts":[{"name":"default-token-w6zvn","readOnly":true,"mountPath":"/var/run/secrets/kubernetes.io/serviceaccount"}],"terminationMessagePath":"/dev/termination-log","terminationMessagePolicy":"File","imagePullPolicy":"IfNotPresent","securityContext":{"capabilities":{"drop":["MKNOD"]}}}],"containers":[{"name":"geographicaddress-geographicaddress-service-container","image":"illin5564.corp.amdocs.com:5000/geographicaddress-geographicaddress-service:0.1.0-0051","ports":[{"name":"http","containerPort":8080,"protocol":"TCP"},{"name":"jacoco","containerPort":6300,"protocol":"TCP"},{"name":"management","containerPort":18080,"protocol":"TCP"}],"env":[{"name":"KUBERNETES_NAMESPACE","valueFrom":{"fieldRef":{"apiVersion":"v1","fieldPath":"metadata.namespace"}}},{"name":"MSNEXT_JAVA_OPTS","value":"-Dloader.main=com.amdocs.msnext.boot.Boot -Xms1024m -Xmx1024m -XX:MaxRAM=2048m -XX:+UseSerialGC -Dcom.amdocs.msnext.securitya3s.url=http://10.238.196.188:30081/asmServices/services/v1.0"},{"name":"MSNEXT_MODULE_MGT_DISABLE","value":"msnext-customization"},{"name":"MANAGEMENT_PORT","value":"18080"},{"name":"SERVER_PORT","value":"8080"},{"name":"MSNEXT_JACOCO_ENABLE","value":"1"},{"name":"MSNEXT_JACOCO_OPTS","value":"output=tcpserver,address=*,port=6300"}],"resources":{},"volumeMounts":[{"name":"default-token-w6zvn","readOnly":true,"mountPath":"/var/run/secrets/kubernetes.io/serviceaccount"}],"livenessProbe":{"httpGet":{"path":"/health","port":18080,"scheme":"HTTP"},"initialDelaySeconds":900,"timeoutSeconds":10,"periodSeconds":10,"successThreshold":1,"failureThreshold":3},"readinessProbe":{"httpGet":{"path":"/health","port":18080,"scheme":"HTTP"},"initialDelaySeconds":180,"timeoutSeconds":10,"periodSeconds":10,"successThreshold":1,"failureThreshold":3},"terminationMessagePath":"/dev/termination-log","terminationMessagePolicy":"File","imagePullPolicy":"IfNotPresent","securityContext":{"capabilities":{"drop":["MKNOD"]},"privileged":false}}],"restartPolicy":"Always","terminationGracePeriodSeconds":30,"dnsPolicy":"ClusterFirst","nodeSelector":{"region":"work"},"serviceAccountName":"default","serviceAccount":"default","nodeName":"ilocpde01w31.corp.amdocs.com","securityContext":{"seLinuxOptions":{"level":"s0:c15,c10"}},"imagePullSecrets":[{"name":"geographicaddress-geographicaddress-ms-secret"}],"schedulerName":"default-scheduler"},"status":{"phase":"Running","conditions":[{"type":"Initialized","status":"True","lastProbeTime":null,"lastTransitionTime":"2018-08-30T05:42:39Z"},{"type":"Ready","status":"True","lastProbeTime":null,"lastTransitionTime":"2018-08-30T05:45:51Z"},{"type":"PodScheduled","status":"True","lastProbeTime":null,"lastTransitionTime":"2018-08-30T05:42:34Z"}],"hostIP":"10.245.251.172","podIP":"10.128.72.197","startTime":"2018-08-30T05:42:34Z","initContainerStatuses":[{"name":"check-couchbase","state":{"terminated":{"exitCode":0,"reason":"Completed","startedAt":"2018-08-30T05:42:36Z","finishedAt":"2018-08-30T05:42:36Z","containerID":"docker://a963d63df2e9af2098be1c9a49cd1863f8c9e0794133eb564134722d269ed854"}},"lastState":{},"ready":true,"restartCount":0,"image":"docker.io/busybox:latest","imageID":"docker-pullable://docker.io/busybox@sha256:141c253bc4c3fd0a201d32dc1f493bcf3fff003b6df416dea4f41046e0f37d47","containerID":"docker://a963d63df2e9af2098be1c9a49cd1863f8c9e0794133eb564134722d269ed854"},{"name":"create-bucket","state":{"terminated":{"exitCode":0,"reason":"Completed","startedAt":"2018-08-30T05:42:38Z","finishedAt":"2018-08-30T05:42:38Z","containerID":"docker://f967977117c41c53a5b5d6f48636e9656d9b11406235fa5af103620c00522b6c"}},"lastState":{},"ready":true,"restartCount":0,"image":"docker.io/byrnedo/alpine-curl:latest","imageID":"docker-pullable://docker.io/byrnedo/alpine-curl@sha256:00c64bda2814f95a13ad6a46d6de487dc88f424f2b1f6c62c6dfce36701fe516","containerID":"docker://f967977117c41c53a5b5d6f48636e9656d9b11406235fa5af103620c00522b6c"},{"name":"create-primary-index","state":{"terminated":{"exitCode":0,"reason":"Completed","startedAt":"2018-08-30T05:42:39Z","finishedAt":"2018-08-30T05:42:39Z","containerID":"docker://7054cddf655a096d3b1a7eba91963731c8a400eb10c75813c16c542036565133"}},"lastState":{},"ready":true,"restartCount":0,"image":"docker.io/byrnedo/alpine-curl:latest","imageID":"docker-pullable://docker.io/byrnedo/alpine-curl@sha256:00c64bda2814f95a13ad6a46d6de487dc88f424f2b1f6c62c6dfce36701fe516","containerID":"docker://7054cddf655a096d3b1a7eba91963731c8a400eb10c75813c16c542036565133"}],"containerStatuses":[{"name":"geographicaddress-geographicaddress-service-container","state":{"running":{"startedAt":"2018-08-30T05:42:42Z"}},"lastState":{},"ready":true,"restartCount":0,"image":"illin5564.corp.amdocs.com:5000/geographicaddress-geographicaddress-service:0.1.0-0051","imageID":"docker-pullable://illin5564.corp.amdocs.com:5000/geographicaddress-geographicaddress-service@sha256:109e07a2fd1cf4b7c87ac6b8925a22c226abd9a1a16592a4fe45fb969477b8b0","containerID":"docker://4e7d22264b7a1f4c3d0bf4147828381e6e86c50c0def80267040b4334feb4d11"}],"qosClass":"BestEffort"}},{"metadata":{"name":"geographicaddressbrid-ge-1301021888-p2nqc","generateName":"geographicaddressbrid-ge-1301021888-","namespace":"care-for-openshift-testing","selfLink":"/api/v1/namespaces/care-for-openshift-testing/pods/geographicaddressbrid-ge-1301021888-p2nqc","uid":"7ec77c23-ac17-11e8-bb86-0050569a887c","resourceVersion":"64632501","creationTimestamp":"2018-08-30T05:42:34Z","labels":{"microservice":"geographicaddress-geogra","pod-template-hash":"1301021888","project":"geographicaddress-geographicaddressbridge-exe","provider":"amdocs","release":"geographicaddressbrid"},"annotations":{"fabric8.io/iconUrl":"img/icons/spring-boot.svg","openshift.io/scc":"anyuid-no-ps"},"ownerReferences":[{"apiVersion":"extensions/v1beta1","kind":"ReplicaSet","name":"geographicaddressbrid-ge-1301021888","uid":"a491c676-79fa-11e8-b420-0050569ac01d","controller":true,"blockOwnerDeletion":true}]},"spec":{"volumes":[{"name":"default-token-w6zvn","secret":{"secretName":"default-token-w6zvn","defaultMode":420}}],"initContainers":[{"name":"check-couchbase","image":"busybox","command":["sh","-c","timeout=0; while [[  $timeout -lt 90 ]]; do wget -q -O- -c http://couchbase-service:8091/ui/index.html \u003e /dev/null; if [ $? -ne 0 ]; then timeout=$(( timeout + 2 )); echo $timeout; else break; fi; done"],"resources":{},"volumeMounts":[{"name":"default-token-w6zvn","readOnly":true,"mountPath":"/var/run/secrets/kubernetes.io/serviceaccount"}],"terminationMessagePath":"/dev/termination-log","terminationMessagePolicy":"File","imagePullPolicy":"IfNotPresent","securityContext":{"capabilities":{"drop":["MKNOD"]}}},{"name":"create-bucket","image":"byrnedo/alpine-curl","command":["sh","-c","bucketName=com.amdocs.digital.ms.geographicaddress.geographicaddressbridge; auth=Administrator:Administrator; server=couchbase-service; curl -X DELETE -u $auth http://$server:8091//pools/default/buckets/default; curl --fail -X POST -u $auth -d name=$bucketName -d ramQuotaMB=100 -d authType=sasl http://$server:8091/pools/default/buckets; curl --fail -u $auth http://$server:8091/pools/default/buckets/$bucketName"],"resources":{},"volumeMounts":[{"name":"default-token-w6zvn","readOnly":true,"mountPath":"/var/run/secrets/kubernetes.io/serviceaccount"}],"terminationMessagePath":"/dev/termination-log","terminationMessagePolicy":"File","imagePullPolicy":"IfNotPresent","securityContext":{"capabilities":{"drop":["MKNOD"]}}}],"containers":[{"name":"geographicaddress-geographicaddressbridge-service-container","image":"illin5564.corp.amdocs.com:5000/geographicaddress-geographicaddressbridge-service:0.1.0-0088","ports":[{"name":"http","containerPort":8080,"protocol":"TCP"},{"name":"jacoco","containerPort":6300,"protocol":"TCP"},{"name":"management","containerPort":18080,"protocol":"TCP"}],"env":[{"name":"KUBERNETES_NAMESPACE","valueFrom":{"fieldRef":{"apiVersion":"v1","fieldPath":"metadata.namespace"}}},{"name":"MSNEXT_JAVA_OPTS","value":"-Dloader.main=com.amdocs.msnext.boot.Boot -Xms1024m -Xmx1024m -XX:MaxRAM=2048m -XX:+UseSerialGC -Dcom.amdocs.msnext.securitya3s.url=http://10.238.196.188:30081/asmServices/services/v1.0"},{"name":"MSNEXT_MODULE_MGT_DISABLE","value":"msnext-customization"},{"name":"MANAGEMENT_PORT","value":"18080"},{"name":"SERVER_PORT","value":"8080"},{"name":"MSNEXT_JACOCO_ENABLE","value":"1"},{"name":"MSNEXT_JACOCO_OPTS","value":"output=tcpserver,address=*,port=6300"}],"resources":{},"volumeMounts":[{"name":"default-token-w6zvn","readOnly":true,"mountPath":"/var/run/secrets/kubernetes.io/serviceaccount"}],"livenessProbe":{"httpGet":{"path":"/health","port":18080,"scheme":"HTTP"},"initialDelaySeconds":900,"timeoutSeconds":10,"periodSeconds":10,"successThreshold":1,"failureThreshold":3},"readinessProbe":{"httpGet":{"path":"/health","port":18080,"scheme":"HTTP"},"initialDelaySeconds":180,"timeoutSeconds":10,"periodSeconds":10,"successThreshold":1,"failureThreshold":3},"terminationMessagePath":"/dev/termination-log","terminationMessagePolicy":"File","imagePullPolicy":"IfNotPresent","securityContext":{"capabilities":{"drop":["MKNOD"]},"privileged":false}}],"restartPolicy":"Always","terminationGracePeriodSeconds":30,"dnsPolicy":"ClusterFirst","nodeSelector":{"region":"work"},"serviceAccountName":"default","serviceAccount":"default","nodeName":"ilocpde01w32.corp.amdocs.com","securityContext":{"seLinuxOptions":{"level":"s0:c15,c10"}},"imagePullSecrets":[{"name":"geographicaddress-geographicaddressbridge-ms-secret"}],"schedulerName":"default-scheduler"},"status":{"phase":"Running","conditions":[{"type":"Initialized","status":"True","lastProbeTime":null,"lastTransitionTime":"2018-08-30T05:42:38Z"},{"type":"Ready","status":"True","lastProbeTime":null,"lastTransitionTime":"2018-09-11T08:37:02Z"},{"type":"PodScheduled","status":"True","lastProbeTime":null,"lastTransitionTime":"2018-08-30T05:42:34Z"}],"hostIP":"10.245.251.173","podIP":"10.128.77.242","startTime":"2018-08-30T05:42:34Z","initContainerStatuses":[{"name":"check-couchbase","state":{"terminated":{"exitCode":0,"reason":"Completed","startedAt":"2018-08-30T05:42:37Z","finishedAt":"2018-08-30T05:42:37Z","containerID":"docker://2bce217a5bc19a40e9f6856361c0a87f4127668b3a0e85639db303a567b67b2a"}},"lastState":{},"ready":true,"restartCount":0,"image":"docker.io/busybox:latest","imageID":"docker-pullable://docker.io/busybox@sha256:141c253bc4c3fd0a201d32dc1f493bcf3fff003b6df416dea4f41046e0f37d47","containerID":"docker://2bce217a5bc19a40e9f6856361c0a87f4127668b3a0e85639db303a567b67b2a"},{"name":"create-bucket","state":{"terminated":{"exitCode":0,"reason":"Completed","startedAt":"2018-08-30T05:42:38Z","finishedAt":"2018-08-30T05:42:38Z","containerID":"docker://e0891882d5bd86079e74c0c6a599d21f3a71cd9dbf496d4afe41e8841ff34a33"}},"lastState":{},"ready":true,"restartCount":0,"image":"docker.io/byrnedo/alpine-curl:latest","imageID":"docker-pullable://docker.io/byrnedo/alpine-curl@sha256:00c64bda2814f95a13ad6a46d6de487dc88f424f2b1f6c62c6dfce36701fe516","containerID":"docker://e0891882d5bd86079e74c0c6a599d21f3a71cd9dbf496d4afe41e8841ff34a33"}],"containerStatuses":[{"name":"geographicaddress-geographicaddressbridge-service-container","state":{"running":{"startedAt":"2018-08-30T05:42:42Z"}},"lastState":{},"ready":true,"restartCount":0,"image":"illin5564.corp.amdocs.com:5000/geographicaddress-geographicaddressbridge-service:0.1.0-0088","imageID":"docker-pullable://illin5564.corp.amdocs.com:5000/geographicaddress-geographicaddressbridge-service@sha256:d3819b5e72f0fbea27963e07cc86a559518f1aca3cc7bb02828d0f33054e0974","containerID":"docker://9c64e2dd557bbe2050bbdf817fc52a105cbab2ef15d5f41540380c2250c91c3a"}],"qosClass":"BestEffort"}},{"metadata":{"name":"party-attachment-party-a-2823505013-9mr46","generateName":"party-attachment-party-a-2823505013-","namespace":"care-for-openshift-testing","selfLink":"/api/v1/namespaces/care-for-openshift-testing/pods/party-attachment-party-a-2823505013-9mr46","uid":"7f04fa8e-ac17-11e8-bb86-0050569a887c","resourceVersion":"60789220","creationTimestamp":"2018-08-30T05:42:35Z","labels":{"microservice":"party-attachment","pod-template-hash":"2823505013","project":"party-attachment-exe","provider":"amdocs","release":"party-attachment"},"annotations":{"fabric8.io/iconUrl":"img/icons/spring-boot.svg","openshift.io/scc":"anyuid-no-ps"},"ownerReferences":[{"apiVersion":"extensions/v1beta1","kind":"ReplicaSet","name":"party-attachment-party-a-2823505013","uid":"fd70c29e-79fa-11e8-b420-0050569ac01d","controller":true,"blockOwnerDeletion":true}]},"spec":{"volumes":[{"name":"default-token-w6zvn","secret":{"secretName":"default-token-w6zvn","defaultMode":420}}],"initContainers":[{"name":"check-couchbase","image":"busybox","command":["sh","-c","timeout=0; while [[  $timeout -lt 90 ]]; do wget -q -O- -c http://couchbase-service:8091/ui/index.html \u003e /dev/null; if [ $? -ne 0 ]; then timeout=$(( timeout + 2 )); echo $timeout; else break; fi; done"],"resources":{},"volumeMounts":[{"name":"default-token-w6zvn","readOnly":true,"mountPath":"/var/run/secrets/kubernetes.io/serviceaccount"}],"terminationMessagePath":"/dev/termination-log","terminationMessagePolicy":"File","imagePullPolicy":"IfNotPresent","securityContext":{"capabilities":{"drop":["MKNOD"]}}},{"name":"create-bucket","image":"byrnedo/alpine-curl","command":["sh","-c","bucketName=com.amdocs.digital.ms.party.attachment; auth=Administrator:Administrator; server=couchbase-service; curl -X DELETE -u $auth http://$server:8091//pools/default/buckets/default; curl --fail -X POST -u $auth -d name=$bucketName -d ramQuotaMB=100 -d authType=sasl http://$server:8091/pools/default/buckets; curl --fail -u $auth http://$server:8091/pools/default/buckets/$bucketName"],"resources":{},"volumeMounts":[{"name":"default-token-w6zvn","readOnly":true,"mountPath":"/var/run/secrets/kubernetes.io/serviceaccount"}],"terminationMessagePath":"/dev/termination-log","terminationMessagePolicy":"File","imagePullPolicy":"IfNotPresent","securityContext":{"capabilities":{"drop":["MKNOD"]}}},{"name":"create-primary-index","image":"byrnedo/alpine-curl","command":["sh","-c","bucketName=com.amdocs.digital.ms.party.attachment; auth=Administrator:Administrator; server=couchbase-service; curl -X POST -v -u $auth http://$server:8093/query/service -d statement=create%20primary%20index%20on%20%60com.amdocs.digital.ms.party.attachment%60"],"resources":{},"volumeMounts":[{"name":"default-token-w6zvn","readOnly":true,"mountPath":"/var/run/secrets/kubernetes.io/serviceaccount"}],"terminationMessagePath":"/dev/termination-log","terminationMessagePolicy":"File","imagePullPolicy":"IfNotPresent","securityContext":{"capabilities":{"drop":["MKNOD"]}}}],"containers":[{"name":"party-attachment-service-container","image":"illin5564.corp.amdocs.com:5000/party-attachment-service:0.1.0-0156","ports":[{"name":"http","containerPort":8080,"protocol":"TCP"},{"name":"jacoco","containerPort":6300,"protocol":"TCP"},{"name":"management","containerPort":18080,"protocol":"TCP"}],"env":[{"name":"KUBERNETES_NAMESPACE","valueFrom":{"fieldRef":{"apiVersion":"v1","fieldPath":"metadata.namespace"}}},{"name":"MSNEXT_JAVA_OPTS","value":"-Dloader.main=com.amdocs.msnext.boot.Boot -Xms1024m -Xmx1024m -XX:MaxRAM=2048m -XX:+UseSerialGC -Dcom.amdocs.msnext.securitya3s.url=http://10.238.196.188:30081/asmServices/services/v1.0"},{"name":"MSNEXT_MODULE_MGT_DISABLE","value":"msnext-customization"},{"name":"MANAGEMENT_PORT","value":"18080"},{"name":"SERVER_PORT","value":"8080"},{"name":"MALLOC_ARENA_MAX","value":"4"},{"name":"MSNEXT_JACOCO_ENABLE","value":"1"},{"name":"MSNEXT_JACOCO_OPTS","value":"output=tcpserver,address=*,port=6300"}],"resources":{"limits":{"cpu":"1","memory":"1536Mi"},"requests":{"cpu":"200m","memory":"1Gi"}},"volumeMounts":[{"name":"default-token-w6zvn","readOnly":true,"mountPath":"/var/run/secrets/kubernetes.io/serviceaccount"}],"livenessProbe":{"httpGet":{"path":"/health","port":18080,"scheme":"HTTP"},"initialDelaySeconds":900,"timeoutSeconds":10,"periodSeconds":10,"successThreshold":1,"failureThreshold":3},"readinessProbe":{"httpGet":{"path":"/health","port":18080,"scheme":"HTTP"},"initialDelaySeconds":180,"timeoutSeconds":10,"periodSeconds":10,"successThreshold":1,"failureThreshold":3},"terminationMessagePath":"/dev/termination-log","terminationMessagePolicy":"File","imagePullPolicy":"IfNotPresent","securityContext":{"capabilities":{"drop":["MKNOD"]},"privileged":false}}],"restartPolicy":"Always","terminationGracePeriodSeconds":30,"dnsPolicy":"ClusterFirst","nodeSelector":{"region":"work"},"serviceAccountName":"default","serviceAccount":"default","nodeName":"ilocpde01w07.corp.amdocs.com","securityContext":{"seLinuxOptions":{"level":"s0:c15,c10"}},"imagePullSecrets":[{"name":"party-attachment-ms-secret"}],"schedulerName":"default-scheduler","tolerations":[{"key":"node.kubernetes.io/memory-pressure","operator":"Exists","effect":"NoSchedule"}]},"status":{"phase":"Running","conditions":[{"type":"Initialized","status":"True","lastProbeTime":null,"lastTransitionTime":"2018-08-30T05:42:40Z"},{"type":"Ready","status":"True","lastProbeTime":null,"lastTransitionTime":"2018-09-06T07:08:29Z"},{"type":"PodScheduled","status":"True","lastProbeTime":null,"lastTransitionTime":"2018-08-30T05:42:35Z"}],"hostIP":"10.245.250.26","podIP":"10.128.23.206","startTime":"2018-08-30T05:42:35Z","initContainerStatuses":[{"name":"check-couchbase","state":{"terminated":{"exitCode":0,"reason":"Completed","startedAt":"2018-08-30T05:42:37Z","finishedAt":"2018-08-30T05:42:37Z","containerID":"docker://e3f241d11b71196df57d2d84accf184244ce5efa4b530d15e7d27e834f50cc02"}},"lastState":{},"ready":true,"restartCount":0,"image":"docker.io/busybox:latest","imageID":"docker-pullable://docker.io/busybox@sha256:58ac43b2cc92c687a32c8be6278e50a063579655fe3090125dcb2af0ff9e1a64","containerID":"docker://e3f241d11b71196df57d2d84accf184244ce5efa4b530d15e7d27e834f50cc02"},{"name":"create-bucket","state":{"terminated":{"exitCode":0,"reason":"Completed","startedAt":"2018-08-30T05:42:38Z","finishedAt":"2018-08-30T05:42:38Z","containerID":"docker://4d559ffe274ae6248954ca24487c125cd92a50ebaf5b5156420de3e1e920cf10"}},"lastState":{},"ready":true,"restartCount":0,"image":"docker.io/byrnedo/alpine-curl:latest","imageID":"docker-pullable://docker.io/byrnedo/alpine-curl@sha256:00c64bda2814f95a13ad6a46d6de487dc88f424f2b1f6c62c6dfce36701fe516","containerID":"docker://4d559ffe274ae6248954ca24487c125cd92a50ebaf5b5156420de3e1e920cf10"},{"name":"create-primary-index","state":{"terminated":{"exitCode":0,"reason":"Completed","startedAt":"2018-08-30T05:42:39Z","finishedAt":"2018-08-30T05:42:39Z","containerID":"docker://19a60806a75d62755697a5fa3afdad4a85412424cc3e9b0116b6909cd97e212b"}},"lastState":{},"ready":true,"restartCount":0,"image":"docker.io/byrnedo/alpine-curl:latest","imageID":"docker-pullable://docker.io/byrnedo/alpine-curl@sha256:00c64bda2814f95a13ad6a46d6de487dc88f424f2b1f6c62c6dfce36701fe516","containerID":"docker://19a60806a75d62755697a5fa3afdad4a85412424cc3e9b0116b6909cd97e212b"}],"containerStatuses":[{"name":"party-attachment-service-container","state":{"running":{"startedAt":"2018-09-06T07:05:21Z"}},"lastState":{"terminated":{"exitCode":143,"reason":"Error","startedAt":"2018-08-30T05:42:41Z","finishedAt":"2018-09-06T07:05:21Z","containerID":"docker://5f3594652f02c96d3beb0cfed3732d6a0304e6b625f8942e4c5955e86132d25e"}},"ready":true,"restartCount":1,"image":"illin5564.corp.amdocs.com:5000/party-attachment-service:0.1.0-0156","imageID":"docker-pullable://illin5564.corp.amdocs.com:5000/party-attachment-service@sha256:8392d7af2948fd2cafd0a0d9e4a0a63872a65bcf90b85d471bdb08dcd06da9d5","containerID":"docker://145255aa52602a46ac3776bdddb8560f7835d799560cd07581722a54cd96eb02"}],"qosClass":"Burstable"}},{"metadata":{"name":"party-individual-party-i-1411127802-sq4mp","generateName":"party-individual-party-i-1411127802-","namespace":"care-for-openshift-testing","selfLink":"/api/v1/namespaces/care-for-openshift-testing/pods/party-individual-party-i-1411127802-sq4mp","uid":"7f4206f4-ac17-11e8-bb86-0050569a887c","resourceVersion":"67842924","creationTimestamp":"2018-08-30T05:42:35Z","labels":{"microservice":"party-individual","pod-template-hash":"1411127802","project":"party-individual-exe","provider":"amdocs","release":"party-individual"},"annotations":{"fabric8.io/iconUrl":"img/icons/spring-boot.svg","openshift.io/scc":"anyuid-no-ps"},"ownerReferences":[{"apiVersion":"extensions/v1beta1","kind":"ReplicaSet","name":"party-individual-party-i-1411127802","uid":"0761340d-79fb-11e8-b420-0050569ac01d","controller":true,"blockOwnerDeletion":true}]},"spec":{"volumes":[{"name":"default-token-w6zvn","secret":{"secretName":"default-token-w6zvn","defaultMode":420}}],"initContainers":[{"name":"check-couchbase","image":"busybox","command":["sh","-c","timeout=0; while [[  $timeout -lt 90 ]]; do wget -q -O- -c http://couchbase-service:8091/ui/index.html \u003e /dev/null; if [ $? -ne 0 ]; then timeout=$(( timeout + 2 )); echo $timeout; else break; fi; done"],"resources":{},"volumeMounts":[{"name":"default-token-w6zvn","readOnly":true,"mountPath":"/var/run/secrets/kubernetes.io/serviceaccount"}],"terminationMessagePath":"/dev/termination-log","terminationMessagePolicy":"File","imagePullPolicy":"IfNotPresent","securityContext":{"capabilities":{"drop":["MKNOD"]}}},{"name":"create-bucket","image":"byrnedo/alpine-curl","command":["sh","-c","bucketName=com.amdocs.digital.ms.party.individual; auth=Administrator:Administrator; server=couchbase-service; curl -X DELETE -u $auth http://$server:8091//pools/default/buckets/default; curl --fail -X POST -u $auth -d name=$bucketName -d ramQuotaMB=100 -d authType=sasl http://$server:8091/pools/default/buckets; curl --fail -u $auth http://$server:8091/pools/default/buckets/$bucketName"],"resources":{},"volumeMounts":[{"name":"default-token-w6zvn","readOnly":true,"mountPath":"/var/run/secrets/kubernetes.io/serviceaccount"}],"terminationMessagePath":"/dev/termination-log","terminationMessagePolicy":"File","imagePullPolicy":"IfNotPresent","securityContext":{"capabilities":{"drop":["MKNOD"]}}},{"name":"create-primary-index","image":"byrnedo/alpine-curl","command":["sh","-c","bucketName=com.amdocs.digital.ms.party.individual; auth=Administrator:Administrator; server=couchbase-service; curl -X POST -v -u $auth http://$server:8093/query/service -d statement=create%20primary%20index%20on%20%60com.amdocs.digital.ms.party.individual%60"],"resources":{},"volumeMounts":[{"name":"default-token-w6zvn","readOnly":true,"mountPath":"/var/run/secrets/kubernetes.io/serviceaccount"}],"terminationMessagePath":"/dev/termination-log","terminationMessagePolicy":"File","imagePullPolicy":"IfNotPresent","securityContext":{"capabilities":{"drop":["MKNOD"]}}},{"name":"create-pi-relatedparty-index","image":"byrnedo/alpine-curl","command":["sh","-c","bucketName=com.amdocs.digital.ms.party.individual; auth=Administrator:Administrator; server=couchbase-service; curl -X POST -v -u $auth http://$server:8093/query/service -d statement='CREATE%20INDEX%20%60pi_idx_relatedPartyId%60%20ON%20%60com.amdocs.digital.ms.party.individual%60((all%20(array%20%5B(%60v%60.%60id%60)%5D%20for%20%60v%60%20in%20%60relatedParty%60%20end)))'"],"resources":{},"volumeMounts":[{"name":"default-token-w6zvn","readOnly":true,"mountPath":"/var/run/secrets/kubernetes.io/serviceaccount"}],"terminationMessagePath":"/dev/termination-log","terminationMessagePolicy":"File","imagePullPolicy":"IfNotPresent","securityContext":{"capabilities":{"drop":["MKNOD"]}}}],"containers":[{"name":"party-individual-service-container","image":"illin5564.corp.amdocs.com:5000/party-individual-service:0.1.0-1131","ports":[{"name":"http","containerPort":8080,"protocol":"TCP"},{"name":"jacoco","containerPort":6300,"protocol":"TCP"},{"name":"management","containerPort":18080,"protocol":"TCP"}],"env":[{"name":"KUBERNETES_NAMESPACE","valueFrom":{"fieldRef":{"apiVersion":"v1","fieldPath":"metadata.namespace"}}},{"name":"MSNEXT_JAVA_OPTS","value":"-Dloader.main=com.amdocs.msnext.boot.Boot -Xms1024m -Xmx1024m -XX:MaxRAM=2048m -XX:+UseSerialGC -Dcom.amdocs.msnext.securitya3s.url=http://10.238.196.188:30081/asmServices/services/v1.0"},{"name":"MSNEXT_MODULE_MGT_DISABLE","value":"msnext-customization"},{"name":"MANAGEMENT_PORT","value":"18080"},{"name":"MALLOC_ARENA_MAX","value":"4"},{"name":"SERVER_PORT","value":"8080"},{"name":"MSNEXT_JACOCO_ENABLE","value":"1"},{"name":"MSNEXT_JACOCO_OPTS","value":"output=tcpserver,address=*,port=6300"}],"resources":{"limits":{"cpu":"1","memory":"1536Mi"},"requests":{"cpu":"200m","memory":"1Gi"}},"volumeMounts":[{"name":"default-token-w6zvn","readOnly":true,"mountPath":"/var/run/secrets/kubernetes.io/serviceaccount"}],"livenessProbe":{"httpGet":{"path":"/health","port":18080,"scheme":"HTTP"},"initialDelaySeconds":900,"timeoutSeconds":10,"periodSeconds":10,"successThreshold":1,"failureThreshold":3},"readinessProbe":{"httpGet":{"path":"/health","port":18080,"scheme":"HTTP"},"initialDelaySeconds":180,"timeoutSeconds":10,"periodSeconds":10,"successThreshold":1,"failureThreshold":3},"terminationMessagePath":"/dev/termination-log","terminationMessagePolicy":"File","imagePullPolicy":"IfNotPresent","securityContext":{"capabilities":{"drop":["MKNOD"]},"privileged":false}}],"restartPolicy":"Always","terminationGracePeriodSeconds":30,"dnsPolicy":"ClusterFirst","nodeSelector":{"region":"work"},"serviceAccountName":"default","serviceAccount":"default","nodeName":"ilocpde01w04.corp.amdocs.com","securityContext":{"seLinuxOptions":{"level":"s0:c15,c10"}},"imagePullSecrets":[{"name":"party-individual-ms-secret"}],"schedulerName":"default-scheduler","tolerations":[{"key":"node.kubernetes.io/memory-pressure","operator":"Exists","effect":"NoSchedule"}]},"status":{"phase":"Running","conditions":[{"type":"Initialized","status":"True","lastProbeTime":null,"lastTransitionTime":"2018-08-30T05:42:41Z"},{"type":"Ready","status":"True","lastProbeTime":null,"lastTransitionTime":"2018-09-15T19:55:06Z"},{"type":"PodScheduled","status":"True","lastProbeTime":null,"lastTransitionTime":"2018-08-30T05:42:35Z"}],"hostIP":"10.245.250.23","podIP":"10.128.18.203","startTime":"2018-08-30T05:42:35Z","initContainerStatuses":[{"name":"check-couchbase","state":{"terminated":{"exitCode":0,"reason":"Completed","startedAt":"2018-08-31T07:16:03Z","finishedAt":"2018-08-31T07:16:03Z","containerID":"docker://04c3ae0b6cb8171022a7e0e70ff54327115d8c5b8bafe56b6739b938b37de517"}},"lastState":{},"ready":true,"restartCount":1,"image":"docker.io/busybox:latest","imageID":"docker-pullable://docker.io/busybox@sha256:58ac43b2cc92c687a32c8be6278e50a063579655fe3090125dcb2af0ff9e1a64","containerID":"docker://04c3ae0b6cb8171022a7e0e70ff54327115d8c5b8bafe56b6739b938b37de517"},{"name":"create-bucket","state":{"terminated":{"exitCode":0,"reason":"Completed","startedAt":"2018-08-31T07:16:19Z","finishedAt":"2018-08-31T07:16:20Z","containerID":"docker://bfe3aa309cdf6d149e3dbb9988d39818bd86f9e790340c4f134902e1a9f8650e"}},"lastState":{},"ready":true,"restartCount":0,"image":"docker.io/byrnedo/alpine-curl:latest","imageID":"docker-pullable://docker.io/byrnedo/alpine-curl@sha256:00c64bda2814f95a13ad6a46d6de487dc88f424f2b1f6c62c6dfce36701fe516","containerID":"docker://bfe3aa309cdf6d149e3dbb9988d39818bd86f9e790340c4f134902e1a9f8650e"},{"name":"create-primary-index","state":{"terminated":{"exitCode":0,"reason":"Completed","startedAt":"2018-08-31T07:21:05Z","finishedAt":"2018-08-31T07:21:08Z","containerID":"docker://3fcc48cce14f722b66db138a22cd2d3c61c229d11f0a857503e7cba12329723b"}},"lastState":{},"ready":true,"restartCount":0,"image":"docker.io/byrnedo/alpine-curl:latest","imageID":"docker-pullable://docker.io/byrnedo/alpine-curl@sha256:00c64bda2814f95a13ad6a46d6de487dc88f424f2b1f6c62c6dfce36701fe516","containerID":"docker://3fcc48cce14f722b66db138a22cd2d3c61c229d11f0a857503e7cba12329723b"},{"name":"create-pi-relatedparty-index","state":{"terminated":{"exitCode":0,"reason":"Completed","startedAt":"2018-08-31T07:21:21Z","finishedAt":"2018-08-31T07:21:24Z","containerID":"docker://bb1a73bf2511f671c8769700cdb1366241b7ff0480a8536c5f3d28bd05543d1f"}},"lastState":{},"ready":true,"restartCount":0,"image":"docker.io/byrnedo/alpine-curl:latest","imageID":"docker-pullable://docker.io/byrnedo/alpine-curl@sha256:00c64bda2814f95a13ad6a46d6de487dc88f424f2b1f6c62c6dfce36701fe516","containerID":"docker://bb1a73bf2511f671c8769700cdb1366241b7ff0480a8536c5f3d28bd05543d1f"}],"containerStatuses":[{"name":"party-individual-service-container","state":{"running":{"startedAt":"2018-09-15T19:52:00Z"}},"lastState":{"terminated":{"exitCode":143,"reason":"Error","startedAt":"2018-08-31T07:22:05Z","finishedAt":"2018-09-15T19:52:00Z","containerID":"docker://cfd83b00d540b77d60aac68e24fa2e3e1082fac790eee8752fd6972f75c02872"}},"ready":true,"restartCount":2,"image":"illin5564.corp.amdocs.com:5000/party-individual-service:0.1.0-1131","imageID":"docker-pullable://illin5564.corp.amdocs.com:5000/party-individual-service@sha256:ecca5d528b4f51cf8bb5e738a804fdddea3e29d0958eea81a4e95a91ee391c97","containerID":"docker://28d464b8607c2862c701d653adc86271d0b65144d4126c3325302ed0cb54bd16"}],"qosClass":"Burstable"}},{"metadata":{"name":"partyinteraction-attachm-224494318-lmmhf","generateName":"partyinteraction-attachm-224494318-","namespace":"care-for-openshift-testing","selfLink":"/api/v1/namespaces/care-for-openshift-testing/pods/partyinteraction-attachm-224494318-lmmhf","uid":"7f7fc59a-ac17-11e8-bb86-0050569a887c","resourceVersion":"57316544","creationTimestamp":"2018-08-30T05:42:35Z","labels":{"microservice":"partyinteraction-attachm","pod-template-hash":"224494318","project":"partyinteraction-attachment-exe","provider":"amdocs","release":"partyinteraction-attachment"},"annotations":{"fabric8.io/iconUrl":"img/icons/spring-boot.svg","openshift.io/scc":"anyuid-no-ps"},"ownerReferences":[{"apiVersion":"extensions/v1beta1","kind":"ReplicaSet","name":"partyinteraction-attachm-224494318","uid":"1ae034e9-79fb-11e8-b420-0050569ac01d","controller":true,"blockOwnerDeletion":true}]},"spec":{"volumes":[{"name":"default-token-w6zvn","secret":{"secretName":"default-token-w6zvn","defaultMode":420}}],"initContainers":[{"name":"check-couchbase","image":"busybox","command":["sh","-c","timeout=0; while [[  $timeout -lt 90 ]]; do wget -q -O- -c http://couchbase-service:8091/ui/index.html \u003e /dev/null; if [ $? -ne 0 ]; then timeout=$(( timeout + 2 )); echo $timeout; else break; fi; done"],"resources":{},"volumeMounts":[{"name":"default-token-w6zvn","readOnly":true,"mountPath":"/var/run/secrets/kubernetes.io/serviceaccount"}],"terminationMessagePath":"/dev/termination-log","terminationMessagePolicy":"File","imagePullPolicy":"IfNotPresent","securityContext":{"capabilities":{"drop":["MKNOD"]}}},{"name":"create-bucket","image":"byrnedo/alpine-curl","command":["sh","-c","bucketName=com.amdocs.digital.ms.partyinteraction.attachment; auth=Administrator:Administrator; server=couchbase-service; curl -X DELETE -u $auth http://$server:8091//pools/default/buckets/default; curl --fail -X POST -u $auth -d name=$bucketName -d ramQuotaMB=100 -d authType=sasl http://$server:8091/pools/default/buckets; curl --fail -u $auth http://$server:8091/pools/default/buckets/$bucketName"],"resources":{},"volumeMounts":[{"name":"default-token-w6zvn","readOnly":true,"mountPath":"/var/run/secrets/kubernetes.io/serviceaccount"}],"terminationMessagePath":"/dev/termination-log","terminationMessagePolicy":"File","imagePullPolicy":"IfNotPresent","securityContext":{"capabilities":{"drop":["MKNOD"]}}},{"name":"create-primary-index","image":"byrnedo/alpine-curl","command":["sh","-c","bucketName=com.amdocs.digital.ms.partyinteraction.attachment; auth=Administrator:Administrator; server=couchbase-service; curl -X POST -v -u $auth http://$server:8093/query/service -d statement=create%20primary%20index%20on%20%60com.amdocs.digital.ms.partyinteraction.attachment%60"],"resources":{},"volumeMounts":[{"name":"default-token-w6zvn","readOnly":true,"mountPath":"/var/run/secrets/kubernetes.io/serviceaccount"}],"terminationMessagePath":"/dev/termination-log","terminationMessagePolicy":"File","imagePullPolicy":"IfNotPresent","securityContext":{"capabilities":{"drop":["MKNOD"]}}}],"containers":[{"name":"partyinteraction-attachment-service-container","image":"illin5564.corp.amdocs.com:5000/partyinteraction-attachment-service:0.1.0-0088","ports":[{"name":"http","containerPort":8080,"protocol":"TCP"},{"name":"jacoco","containerPort":6300,"protocol":"TCP"},{"name":"management","containerPort":18080,"protocol":"TCP"}],"env":[{"name":"KUBERNETES_NAMESPACE","valueFrom":{"fieldRef":{"apiVersion":"v1","fieldPath":"metadata.namespace"}}},{"name":"MSNEXT_JAVA_OPTS","value":"-Dloader.main=com.amdocs.msnext.boot.Boot -Xms1024m -Xmx1024m -XX:MaxRAM=2048m -XX:+UseSerialGC -Dcom.amdocs.msnext.securitya3s.url=http://10.238.196.188:30081/asmServices/services/v1.0"},{"name":"MSNEXT_MODULE_MGT_DISABLE","value":"msnext-customization"},{"name":"MANAGEMENT_PORT","value":"18080"},{"name":"SERVER_PORT","value":"8080"},{"name":"MSNEXT_JACOCO_ENABLE","value":"1"},{"name":"MSNEXT_JACOCO_OPTS","value":"output=tcpserver,address=*,port=6300"}],"resources":{},"volumeMounts":[{"name":"default-token-w6zvn","readOnly":true,"mountPath":"/var/run/secrets/kubernetes.io/serviceaccount"}],"livenessProbe":{"httpGet":{"path":"/health","port":18080,"scheme":"HTTP"},"initialDelaySeconds":900,"timeoutSeconds":10,"periodSeconds":10,"successThreshold":1,"failureThreshold":3},"readinessProbe":{"httpGet":{"path":"/health","port":18080,"scheme":"HTTP"},"initialDelaySeconds":180,"timeoutSeconds":10,"periodSeconds":10,"successThreshold":1,"failureThreshold":3},"terminationMessagePath":"/dev/termination-log","terminationMessagePolicy":"File","imagePullPolicy":"IfNotPresent","securityContext":{"capabilities":{"drop":["MKNOD"]},"privileged":false}}],"restartPolicy":"Always","terminationGracePeriodSeconds":30,"dnsPolicy":"ClusterFirst","nodeSelector":{"region":"work"},"serviceAccountName":"default","serviceAccount":"default","nodeName":"ilocpde01w27.corp.amdocs.com","securityContext":{"seLinuxOptions":{"level":"s0:c15,c10"}},"imagePullSecrets":[{"name":"partyinteraction-attachment-ms-secret"}],"schedulerName":"default-scheduler"},"status":{"phase":"Running","conditions":[{"type":"Initialized","status":"True","lastProbeTime":null,"lastTransitionTime":"2018-08-30T05:42:41Z"},{"type":"Ready","status":"True","lastProbeTime":null,"lastTransitionTime":"2018-09-01T22:05:30Z"},{"type":"PodScheduled","status":"True","lastProbeTime":null,"lastTransitionTime":"2018-08-30T05:42:35Z"}],"hostIP":"10.245.251.168","podIP":"10.128.64.98","startTime":"2018-08-30T05:42:35Z","initContainerStatuses":[{"name":"check-couchbase","state":{"terminated":{"exitCode":0,"reason":"Completed","startedAt":"2018-08-30T05:42:38Z","finishedAt":"2018-08-30T05:42:38Z","containerID":"docker://6941674a280d5d26e46a615f8bc19e119e9e090715ca7c5c1458610053a49a7b"}},"lastState":{},"ready":true,"restartCount":0,"image":"docker.io/busybox:latest","imageID":"docker-pullable://docker.io/busybox@sha256:141c253bc4c3fd0a201d32dc1f493bcf3fff003b6df416dea4f41046e0f37d47","containerID":"docker://6941674a280d5d26e46a615f8bc19e119e9e090715ca7c5c1458610053a49a7b"},{"name":"create-bucket","state":{"terminated":{"exitCode":0,"reason":"Completed","startedAt":"2018-08-30T05:42:39Z","finishedAt":"2018-08-30T05:42:39Z","containerID":"docker://6e678eddca1ff929dc2c9fa8b3dae160222682d16be1431d23178c6dcdf26d7b"}},"lastState":{},"ready":true,"restartCount":0,"image":"docker.io/byrnedo/alpine-curl:latest","imageID":"docker-pullable://docker.io/byrnedo/alpine-curl@sha256:00c64bda2814f95a13ad6a46d6de487dc88f424f2b1f6c62c6dfce36701fe516","containerID":"docker://6e678eddca1ff929dc2c9fa8b3dae160222682d16be1431d23178c6dcdf26d7b"},{"name":"create-primary-index","state":{"terminated":{"exitCode":0,"reason":"Completed","startedAt":"2018-08-30T05:42:40Z","finishedAt":"2018-08-30T05:42:40Z","containerID":"docker://4d9eacaf6c22053c1ed543003aa9ff5ee293f07630b4bd7b671a4775739d2659"}},"lastState":{},"ready":true,"restartCount":0,"image":"docker.io/byrnedo/alpine-curl:latest","imageID":"docker-pullable://docker.io/byrnedo/alpine-curl@sha256:00c64bda2814f95a13ad6a46d6de487dc88f424f2b1f6c62c6dfce36701fe516","containerID":"docker://4d9eacaf6c22053c1ed543003aa9ff5ee293f07630b4bd7b671a4775739d2659"}],"containerStatuses":[{"name":"partyinteraction-attachment-service-container","state":{"running":{"startedAt":"2018-09-01T22:02:22Z"}},"lastState":{"terminated":{"exitCode":143,"reason":"Error","startedAt":"2018-08-30T05:42:44Z","finishedAt":"2018-09-01T22:02:22Z","containerID":"docker://dee426bc20750854ed2153a832c6281e6424019d0bee2651f56a26f56ea8b052"}},"ready":true,"restartCount":1,"image":"illin5564.corp.amdocs.com:5000/partyinteraction-attachment-service:0.1.0-0088","imageID":"docker-pullable://illin5564.corp.amdocs.com:5000/partyinteraction-attachment-service@sha256:b9a480acc085ef6d3c864f157d7816532eb4e050b8998dc94c0bca266205137f","containerID":"docker://a5bc1672e2ba8471a2db767e7bb42c517495166a21ce910f12243f198b1bd957"}],"qosClass":"BestEffort"}},{"metadata":{"name":"partyinteraction-partyin-3901781152-rjxq5","generateName":"partyinteraction-partyin-3901781152-","namespace":"care-for-openshift-testing","selfLink":"/api/v1/namespaces/care-for-openshift-testing/pods/partyinteraction-partyin-3901781152-rjxq5","uid":"7fbc4e84-ac17-11e8-bb86-0050569a887c","resourceVersion":"55369064","creationTimestamp":"2018-08-30T05:42:36Z","labels":{"microservice":"partyinteraction-partyin","pod-template-hash":"3901781152","project":"partyinteraction-partyinteraction-exe","provider":"amdocs","release":"partyinteraction-partyinteraction"},"annotations":{"fabric8.io/iconUrl":"img/icons/spring-boot.svg","openshift.io/scc":"anyuid-no-ps"},"ownerReferences":[{"apiVersion":"extensions/v1beta1","kind":"ReplicaSet","name":"partyinteraction-partyin-3901781152","uid":"108dd124-79fb-11e8-b420-0050569ac01d","controller":true,"blockOwnerDeletion":true}]},"spec":{"volumes":[{"name":"default-token-w6zvn","secret":{"secretName":"default-token-w6zvn","defaultMode":420}}],"initContainers":[{"name":"check-couchbase","image":"busybox","command":["sh","-c","timeout=0; while [[  $timeout -lt 90 ]]; do wget -q -O- -c http://couchbase-service:8091/ui/index.html \u003e /dev/null; if [ $? -ne 0 ]; then timeout=$(( timeout + 2 )); echo $timeout; else break; fi; done"],"resources":{},"volumeMounts":[{"name":"default-token-w6zvn","readOnly":true,"mountPath":"/var/run/secrets/kubernetes.io/serviceaccount"}],"terminationMessagePath":"/dev/termination-log","terminationMessagePolicy":"File","imagePullPolicy":"IfNotPresent","securityContext":{"capabilities":{"drop":["MKNOD"]}}},{"name":"create-bucket","image":"byrnedo/alpine-curl","command":["sh","-c","bucketName=com.amdocs.digital.ms.partyinteraction.partyinteraction; auth=Administrator:Administrator; server=couchbase-service; curl -X DELETE -u $auth http://$server:8091//pools/default/buckets/default; curl --fail -X POST -u $auth -d name=$bucketName -d ramQuotaMB=100 -d authType=sasl http://$server:8091/pools/default/buckets; curl --fail -u $auth http://$server:8091/pools/default/buckets/$bucketName"],"resources":{},"volumeMounts":[{"name":"default-token-w6zvn","readOnly":true,"mountPath":"/var/run/secrets/kubernetes.io/serviceaccount"}],"terminationMessagePath":"/dev/termination-log","terminationMessagePolicy":"File","imagePullPolicy":"IfNotPresent","securityContext":{"capabilities":{"drop":["MKNOD"]}}},{"name":"create-primary-index","image":"byrnedo/alpine-curl","command":["sh","-c","bucketName=com.amdocs.digital.ms.partyinteraction.partyinteraction; auth=Administrator:Administrator; server=couchbase-service; curl -X POST -v -u $auth http://$server:8093/query/service -d statement=create%20primary%20index%20on%20%60com.amdocs.digital.ms.partyinteraction.partyinteraction%60"],"resources":{},"volumeMounts":[{"name":"default-token-w6zvn","readOnly":true,"mountPath":"/var/run/secrets/kubernetes.io/serviceaccount"}],"terminationMessagePath":"/dev/termination-log","terminationMessagePolicy":"File","imagePullPolicy":"IfNotPresent","securityContext":{"capabilities":{"drop":["MKNOD"]}}}],"containers":[{"name":"partyinteraction-partyinteraction-service-container","image":"illin5564.corp.amdocs.com:5000/partyinteraction-partyinteraction-service:0.1.0-0184","ports":[{"name":"http","containerPort":8080,"protocol":"TCP"},{"name":"jacoco","containerPort":6300,"protocol":"TCP"},{"name":"management","containerPort":18080,"protocol":"TCP"}],"env":[{"name":"KUBERNETES_NAMESPACE","valueFrom":{"fieldRef":{"apiVersion":"v1","fieldPath":"metadata.namespace"}}},{"name":"MSNEXT_JAVA_OPTS","value":"-Dloader.main=com.amdocs.msnext.boot.Boot -Xms1024m -Xmx1024m -XX:MaxRAM=2048m -XX:+UseSerialGC -Dcom.amdocs.msnext.securitya3s.url=http://10.238.196.188:30081/asmServices/services/v1.0"},{"name":"MSNEXT_MODULE_MGT_DISABLE","value":"msnext-customization"},{"name":"MANAGEMENT_PORT","value":"18080"},{"name":"SERVER_PORT","value":"8080"},{"name":"MSNEXT_JACOCO_ENABLE","value":"1"},{"name":"MSNEXT_JACOCO_OPTS","value":"output=tcpserver,address=*,port=6300"}],"resources":{},"volumeMounts":[{"name":"default-token-w6zvn","readOnly":true,"mountPath":"/var/run/secrets/kubernetes.io/serviceaccount"}],"livenessProbe":{"httpGet":{"path":"/health","port":18080,"scheme":"HTTP"},"initialDelaySeconds":900,"timeoutSeconds":10,"periodSeconds":10,"successThreshold":1,"failureThreshold":3},"readinessProbe":{"httpGet":{"path":"/health","port":18080,"scheme":"HTTP"},"initialDelaySeconds":180,"timeoutSeconds":10,"periodSeconds":10,"successThreshold":1,"failureThreshold":3},"terminationMessagePath":"/dev/termination-log","terminationMessagePolicy":"File","imagePullPolicy":"IfNotPresent","securityContext":{"capabilities":{"drop":["MKNOD"]},"privileged":false}}],"restartPolicy":"Always","terminationGracePeriodSeconds":30,"dnsPolicy":"ClusterFirst","nodeSelector":{"region":"work"},"serviceAccountName":"default","serviceAccount":"default","nodeName":"ilocpde01w26.corp.amdocs.com","securityContext":{"seLinuxOptions":{"level":"s0:c15,c10"}},"imagePullSecrets":[{"name":"partyinteraction-partyinteraction-ms-secret"}],"schedulerName":"default-scheduler"},"status":{"phase":"Running","conditions":[{"type":"Initialized","status":"True","lastProbeTime":null,"lastTransitionTime":"2018-08-30T05:42:57Z"},{"type":"Ready","status":"True","lastProbeTime":null,"lastTransitionTime":"2018-08-30T05:46:01Z"},{"type":"PodScheduled","status":"True","lastProbeTime":null,"lastTransitionTime":"2018-08-30T05:42:36Z"}],"hostIP":"10.245.251.167","podIP":"10.128.60.253","startTime":"2018-08-30T05:42:36Z","initContainerStatuses":[{"name":"check-couchbase","state":{"terminated":{"exitCode":0,"reason":"Completed","startedAt":"2018-08-30T05:42:38Z","finishedAt":"2018-08-30T05:42:38Z","containerID":"docker://80f976f0bdf6cf0b4aedbb7af3086450922a170a4df7b351918ee25f78cdcb01"}},"lastState":{},"ready":true,"restartCount":0,"image":"docker.io/busybox:latest","imageID":"docker-pullable://docker.io/busybox@sha256:141c253bc4c3fd0a201d32dc1f493bcf3fff003b6df416dea4f41046e0f37d47","containerID":"docker://80f976f0bdf6cf0b4aedbb7af3086450922a170a4df7b351918ee25f78cdcb01"},{"name":"create-bucket","state":{"terminated":{"exitCode":0,"reason":"Completed","startedAt":"2018-08-30T05:42:55Z","finishedAt":"2018-08-30T05:42:55Z","containerID":"docker://36ccb6ba85ba070118730e520a6e8e610cfbc7fe4ae15b197e9b88eff3ad6520"}},"lastState":{},"ready":true,"restartCount":0,"image":"docker.io/byrnedo/alpine-curl:latest","imageID":"docker-pullable://docker.io/byrnedo/alpine-curl@sha256:e8cf497b3005c2f66c8411f814f3818ecd683dfea45267ebfb4918088a26a18c","containerID":"docker://36ccb6ba85ba070118730e520a6e8e610cfbc7fe4ae15b197e9b88eff3ad6520"},{"name":"create-primary-index","state":{"terminated":{"exitCode":0,"reason":"Completed","startedAt":"2018-08-30T05:42:57Z","finishedAt":"2018-08-30T05:42:57Z","containerID":"docker://3f62808876f9965030845f970139c72105fc4c5f0bd957261e142850ccf68177"}},"lastState":{},"ready":true,"restartCount":0,"image":"docker.io/byrnedo/alpine-curl:latest","imageID":"docker-pullable://docker.io/byrnedo/alpine-curl@sha256:e8cf497b3005c2f66c8411f814f3818ecd683dfea45267ebfb4918088a26a18c","containerID":"docker://3f62808876f9965030845f970139c72105fc4c5f0bd957261e142850ccf68177"}],"containerStatuses":[{"name":"partyinteraction-partyinteraction-service-container","state":{"running":{"startedAt":"2018-08-30T05:43:00Z"}},"lastState":{},"ready":true,"restartCount":0,"image":"illin5564.corp.amdocs.com:5000/partyinteraction-partyinteraction-service:0.1.0-0184","imageID":"docker-pullable://illin5564.corp.amdocs.com:5000/partyinteraction-partyinteraction-service@sha256:875a6fabee840966d4f442924d60e2cd7143fd002d94297934adbbe2ce337af3","containerID":"docker://f73c7e92ab58b922be46fb8c6fd03a2ef36e28adf3c7842ba104c35ee4027d24"}],"qosClass":"BestEffort"}},{"metadata":{"name":"paymentmethod-paymentmet-360350773-c9qb8","generateName":"paymentmethod-paymentmet-360350773-","namespace":"care-for-openshift-testing","selfLink":"/api/v1/namespaces/care-for-openshift-testing/pods/paymentmethod-paymentmet-360350773-c9qb8","uid":"7ff9343d-ac17-11e8-bb86-0050569a887c","resourceVersion":"69445335","creationTimestamp":"2018-08-30T05:42:36Z","labels":{"microservice":"paymentmethod-paymentmet","pod-template-hash":"360350773","project":"paymentmethod-paymentmethod-exe","provider":"amdocs","release":"paymentmethod-paymentmethod"},"annotations":{"fabric8.io/iconUrl":"img/icons/spring-boot.svg","openshift.io/scc":"anyuid-no-ps"},"ownerReferences":[{"apiVersion":"extensions/v1beta1","kind":"ReplicaSet","name":"paymentmethod-paymentmet-360350773","uid":"37b8945a-79fb-11e8-b420-0050569ac01d","controller":true,"blockOwnerDeletion":true}]},"spec":{"volumes":[{"name":"default-token-w6zvn","secret":{"secretName":"default-token-w6zvn","defaultMode":420}}],"initContainers":[{"name":"check-couchbase","image":"busybox","command":["sh","-c","timeout=0; while [[  $timeout -lt 90 ]]; do wget -q -O- -c http://couchbase-service:8091/ui/index.html \u003e /dev/null; if [ $? -ne 0 ]; then timeout=$(( timeout + 2 )); echo $timeout; else break; fi; done"],"resources":{},"volumeMounts":[{"name":"default-token-w6zvn","readOnly":true,"mountPath":"/var/run/secrets/kubernetes.io/serviceaccount"}],"terminationMessagePath":"/dev/termination-log","terminationMessagePolicy":"File","imagePullPolicy":"IfNotPresent","securityContext":{"capabilities":{"drop":["MKNOD"]}}},{"name":"create-bucket","image":"byrnedo/alpine-curl","command":["sh","-c","bucketName=com.amdocs.digital.ms.paymentmethod.paymentmethod; auth=Administrator:Administrator; server=couchbase-service; curl -X DELETE -u $auth http://$server:8091//pools/default/buckets/default; curl --fail -X POST -u $auth -d name=$bucketName -d ramQuotaMB=100 -d authType=sasl http://$server:8091/pools/default/buckets; curl --fail -u $auth http://$server:8091/pools/default/buckets/$bucketName"],"resources":{},"volumeMounts":[{"name":"default-token-w6zvn","readOnly":true,"mountPath":"/var/run/secrets/kubernetes.io/serviceaccount"}],"terminationMessagePath":"/dev/termination-log","terminationMessagePolicy":"File","imagePullPolicy":"IfNotPresent","securityContext":{"capabilities":{"drop":["MKNOD"]}}},{"name":"create-primary-index","image":"byrnedo/alpine-curl","command":["sh","-c","bucketName=com.amdocs.digital.ms.paymentmethod.paymentmethod; auth=Administrator:Administrator; server=couchbase-service; curl -X POST -v -u $auth http://$server:8093/query/service -d statement=create%20primary%20index%20on%20%60com.amdocs.digital.ms.paymentmethod.paymentmethod%60"],"resources":{},"volumeMounts":[{"name":"default-token-w6zvn","readOnly":true,"mountPath":"/var/run/secrets/kubernetes.io/serviceaccount"}],"terminationMessagePath":"/dev/termination-log","terminationMessagePolicy":"File","imagePullPolicy":"IfNotPresent","securityContext":{"capabilities":{"drop":["MKNOD"]}}},{"name":"create-pm-relatedpartyid-index","image":"byrnedo/alpine-curl","command":["sh","-c","bucketName=com.amdocs.digital.ms.paymentmethod.paymentmethod; auth=Administrator:Administrator; server=couchbase-service; curl -X POST -v -u $auth http://$server:8093/query/service -d statement='CREATE%20INDEX%20%60pm_idx_relatedPartyId%60%20ON%20%60com.amdocs.digital.ms.paymentmethod.paymentmethod%60((%60relatedParty%60.%60id%60))'"],"resources":{},"volumeMounts":[{"name":"default-token-w6zvn","readOnly":true,"mountPath":"/var/run/secrets/kubernetes.io/serviceaccount"}],"terminationMessagePath":"/dev/termination-log","terminationMessagePolicy":"File","imagePullPolicy":"IfNotPresent","securityContext":{"capabilities":{"drop":["MKNOD"]}}}],"containers":[{"name":"paymentmethod-paymentmethod-service-container","image":"illin5564.corp.amdocs.com:5000/paymentmethod-paymentmethod-service:0.1.0-0107","ports":[{"name":"http","containerPort":8080,"protocol":"TCP"},{"name":"jacoco","containerPort":6300,"protocol":"TCP"},{"name":"management","containerPort":18080,"protocol":"TCP"}],"env":[{"name":"KUBERNETES_NAMESPACE","valueFrom":{"fieldRef":{"apiVersion":"v1","fieldPath":"metadata.namespace"}}},{"name":"MSNEXT_JAVA_OPTS","value":"-Dloader.main=com.amdocs.msnext.boot.Boot -Xms1024m -Xmx1024m -XX:MaxRAM=2048m -XX:+UseSerialGC -Dcom.amdocs.msnext.securitya3s.url=http://10.238.196.188:30081/asmServices/services/v1.0"},{"name":"MSNEXT_MODULE_MGT_DISABLE","value":"msnext-customization"},{"name":"MANAGEMENT_PORT","value":"18080"},{"name":"MALLOC_ARENA_MAX","value":"4"},{"name":"SERVER_PORT","value":"8080"},{"name":"MSNEXT_JACOCO_ENABLE","value":"1"},{"name":"MSNEXT_JACOCO_OPTS","value":"output=tcpserver,address=*,port=6300"}],"resources":{"limits":{"cpu":"1","memory":"1536Mi"},"requests":{"cpu":"200m","memory":"1Gi"}},"volumeMounts":[{"name":"default-token-w6zvn","readOnly":true,"mountPath":"/var/run/secrets/kubernetes.io/serviceaccount"}],"livenessProbe":{"httpGet":{"path":"/health","port":18080,"scheme":"HTTP"},"initialDelaySeconds":900,"timeoutSeconds":10,"periodSeconds":10,"successThreshold":1,"failureThreshold":3},"readinessProbe":{"httpGet":{"path":"/health","port":18080,"scheme":"HTTP"},"initialDelaySeconds":180,"timeoutSeconds":10,"periodSeconds":10,"successThreshold":1,"failureThreshold":3},"terminationMessagePath":"/dev/termination-log","terminationMessagePolicy":"File","imagePullPolicy":"IfNotPresent","securityContext":{"capabilities":{"drop":["MKNOD"]},"privileged":false}}],"restartPolicy":"Always","terminationGracePeriodSeconds":30,"dnsPolicy":"ClusterFirst","nodeSelector":{"region":"work"},"serviceAccountName":"default","serviceAccount":"default","nodeName":"ilocpde01w16.corp.amdocs.com","securityContext":{"seLinuxOptions":{"level":"s0:c15,c10"}},"imagePullSecrets":[{"name":"paymentmethod-paymentmethod-ms-secret"}],"schedulerName":"default-scheduler","tolerations":[{"key":"node.kubernetes.io/memory-pressure","operator":"Exists","effect":"NoSchedule"}]},"status":{"phase":"Running","conditions":[{"type":"Initialized","status":"True","lastProbeTime":null,"lastTransitionTime":"2018-08-30T05:42:44Z"},{"type":"Ready","status":"True","lastProbeTime":null,"lastTransitionTime":"2018-09-16T12:56:02Z"},{"type":"PodScheduled","status":"True","lastProbeTime":null,"lastTransitionTime":"2018-08-30T05:42:36Z"}],"podIP":"10.128.42.146","startTime":"2018-08-30T05:42:36Z","initContainerStatuses":[{"name":"check-couchbase","state":{"terminated":{"exitCode":0,"reason":"Completed","startedAt":"2018-08-30T05:42:38Z","finishedAt":"2018-08-30T05:42:39Z","containerID":"docker://27fc2a261488b52ed8978e4131c97c7753e9265ed3b7d116077261d83304b557"}},"lastState":{},"ready":true,"restartCount":0,"image":"docker.io/busybox:latest","imageID":"docker-pullable://docker.io/busybox@sha256:141c253bc4c3fd0a201d32dc1f493bcf3fff003b6df416dea4f41046e0f37d47","containerID":"docker://27fc2a261488b52ed8978e4131c97c7753e9265ed3b7d116077261d83304b557"},{"name":"create-bucket","state":{"terminated":{"exitCode":0,"reason":"Completed","startedAt":"2018-08-30T05:42:40Z","finishedAt":"2018-08-30T05:42:40Z","containerID":"docker://7ac59acff8f6833c8100f0ec72d13c2e4d11ed79c0685e4813de1b3525805648"}},"lastState":{},"ready":true,"restartCount":0,"image":"docker.io/byrnedo/alpine-curl:latest","imageID":"docker-pullable://docker.io/byrnedo/alpine-curl@sha256:00c64bda2814f95a13ad6a46d6de487dc88f424f2b1f6c62c6dfce36701fe516","containerID":"docker://7ac59acff8f6833c8100f0ec72d13c2e4d11ed79c0685e4813de1b3525805648"},{"name":"create-primary-index","state":{"terminated":{"exitCode":0,"reason":"Completed","startedAt":"2018-08-30T05:42:41Z","finishedAt":"2018-08-30T05:42:41Z","containerID":"docker://cbcba2298c744f61a79bb7f823f26177f469e74aafa2ef277b707326d515312b"}},"lastState":{},"ready":true,"restartCount":0,"image":"docker.io/byrnedo/alpine-curl:latest","imageID":"docker-pullable://docker.io/byrnedo/alpine-curl@sha256:00c64bda2814f95a13ad6a46d6de487dc88f424f2b1f6c62c6dfce36701fe516","containerID":"docker://cbcba2298c744f61a79bb7f823f26177f469e74aafa2ef277b707326d515312b"},{"name":"create-pm-relatedpartyid-index","state":{"terminated":{"exitCode":0,"reason":"Completed","startedAt":"2018-08-30T05:42:42Z","finishedAt":"2018-08-30T05:42:43Z","containerID":"docker://a465938f59cbe210bd1af4f17c595b291393fb0c1fc9cd236b85ab1c078b1858"}},"lastState":{},"ready":true,"restartCount":0,"image":"docker.io/byrnedo/alpine-curl:latest","imageID":"docker-pullable://docker.io/byrnedo/alpine-curl@sha256:00c64bda2814f95a13ad6a46d6de487dc88f424f2b1f6c62c6dfce36701fe516","containerID":"docker://a465938f59cbe210bd1af4f17c595b291393fb0c1fc9cd236b85ab1c078b1858"}],"containerStatuses":[{"name":"paymentmethod-paymentmethod-service-container","state":{"running":{"startedAt":"2018-09-16T12:52:55Z"}},"lastState":{"terminated":{"exitCode":137,"reason":"OOMKilled","startedAt":"2018-09-14T13:20:24Z","finishedAt":"2018-09-16T12:52:53Z","containerID":"docker://dcf5cd38f43d734eedf83e63998a2f1879006a9673d07930edc6531897873d50"}},"ready":true,"restartCount":5,"image":"illin5564.corp.amdocs.com:5000/paymentmethod-paymentmethod-service:0.1.0-0107","imageID":"docker-pullable://illin5564.corp.amdocs.com:5000/paymentmethod-paymentmethod-service@sha256:0d0145b4da129dd1310ddc44a1c708fc4c0577e114c1af9782cb0456ba6aac27","containerID":"docker://6536c744459a8011cda51c1d605529442fc41f2866236d2accdf9c58f274fa6a"}],"qosClass":"Burstable"}},{"metadata":{"name":"scheduler-task-scheduler-2436803184-c9m6b","generateName":"scheduler-task-scheduler-2436803184-","namespace":"care-for-openshift-testing","selfLink":"/api/v1/namespaces/care-for-openshift-testing/pods/scheduler-task-scheduler-2436803184-c9m6b","uid":"80363568-ac17-11e8-bb86-0050569a887c","resourceVersion":"68367854","creationTimestamp":"2018-08-30T05:42:37Z","labels":{"app":"scheduler-task-scheduler","microservice":"scheduler-task","pod-template-hash":"2436803184","project":"scheduler-task","provider":"amdocs","release":"scheduler-task"},"annotations":{"fabric8.io/iconUrl":"img/icons/spring-boot.svg","openshift.io/scc":"anyuid-no-ps"},"ownerReferences":[{"apiVersion":"extensions/v1beta1","kind":"ReplicaSet","name":"scheduler-task-scheduler-2436803184","uid":"60040991-79fb-11e8-b420-0050569ac01d","controller":true,"blockOwnerDeletion":true}]},"spec":{"volumes":[{"name":"default-token-w6zvn","secret":{"secretName":"default-token-w6zvn","defaultMode":420}}],"initContainers":[{"name":"check-couchbase","image":"busybox","command":["sh","-c","timeout=0; while [[  $timeout -lt 90 ]]; do wget -q -O- -c http://couchbase-service:8091/ui/index.html \u003e /dev/null; if [ $? -ne 0 ]; then timeout=$(( timeout + 2 )); echo $timeout; else break; fi; done"],"resources":{},"volumeMounts":[{"name":"default-token-w6zvn","readOnly":true,"mountPath":"/var/run/secrets/kubernetes.io/serviceaccount"}],"terminationMessagePath":"/dev/termination-log","terminationMessagePolicy":"File","imagePullPolicy":"IfNotPresent","securityContext":{"capabilities":{"drop":["MKNOD"]}}},{"name":"create-bucket","image":"byrnedo/alpine-curl","command":["sh","-c","bucketName=com.amdocs.digital.ms.scheduler.task; auth=Administrator:Administrator; server=couchbase-service; curl --fail -X POST -u $auth -d name=$bucketName -d ramQuotaMB=100 -d authType=sasl http://$server:8091/pools/default/buckets; curl --fail -u $auth http://$server:8091/pools/default/buckets/$bucketName"],"resources":{},"volumeMounts":[{"name":"default-token-w6zvn","readOnly":true,"mountPath":"/var/run/secrets/kubernetes.io/serviceaccount"}],"terminationMessagePath":"/dev/termination-log","terminationMessagePolicy":"File","imagePullPolicy":"IfNotPresent","securityContext":{"capabilities":{"drop":["MKNOD"]}}}],"containers":[{"name":"scheduler-task-service-container","image":"illin5564.corp.amdocs.com:5000/scheduler-task-service:0.1.0-0495","ports":[{"name":"http","containerPort":8080,"protocol":"TCP"},{"name":"management","containerPort":18080,"protocol":"TCP"}],"env":[{"name":"KUBERNETES_NAMESPACE","valueFrom":{"fieldRef":{"apiVersion":"v1","fieldPath":"metadata.namespace"}}},{"name":"MSNEXT_JAVA_OPTS","value":" -Xms256m -Xmx512m -XX:MaxRAM=1024m -XX:+UseSerialGC -XX:MaxMetaspaceSize=512m -Dcom.amdocs.msnext.securitya3s.url=http://10.238.196.188:30081/asmServices/services/v1.0"},{"name":"MSNEXT_DISABLED_MODULES","value":"msnext-customization"},{"name":"MANAGEMENT_PORT","value":"18080"},{"name":"SERVER_PORT","value":"8080"},{"name":"MALLOC_ARENA_MAX","value":"4"},{"name":"TZ","value":"UTC"}],"resources":{"limits":{"cpu":"1","memory":"4Gi"},"requests":{"cpu":"200m","memory":"1Gi"}},"volumeMounts":[{"name":"default-token-w6zvn","readOnly":true,"mountPath":"/var/run/secrets/kubernetes.io/serviceaccount"}],"livenessProbe":{"httpGet":{"path":"/health","port":18080,"scheme":"HTTP"},"initialDelaySeconds":900,"timeoutSeconds":10,"periodSeconds":10,"successThreshold":1,"failureThreshold":3},"readinessProbe":{"httpGet":{"path":"/health","port":18080,"scheme":"HTTP"},"initialDelaySeconds":30,"timeoutSeconds":10,"periodSeconds":10,"successThreshold":1,"failureThreshold":3},"terminationMessagePath":"/dev/termination-log","terminationMessagePolicy":"File","imagePullPolicy":"IfNotPresent","securityContext":{"capabilities":{"drop":["MKNOD"]},"privileged":false}}],"restartPolicy":"Always","terminationGracePeriodSeconds":30,"dnsPolicy":"ClusterFirst","nodeSelector":{"region":"work"},"serviceAccountName":"default","serviceAccount":"default","nodeName":"ilocpde01w07.corp.amdocs.com","securityContext":{"seLinuxOptions":{"level":"s0:c15,c10"}},"imagePullSecrets":[{"name":"scheduler-task-ms-secret"}],"schedulerName":"default-scheduler","tolerations":[{"key":"node.kubernetes.io/memory-pressure","operator":"Exists","effect":"NoSchedule"}]},"status":{"phase":"Running","conditions":[{"type":"Initialized","status":"True","lastProbeTime":null,"lastTransitionTime":"2018-08-30T05:42:41Z"},{"type":"Ready","status":"True","lastProbeTime":null,"lastTransitionTime":"2018-09-16T15:14:51Z"},{"type":"PodScheduled","status":"True","lastProbeTime":null,"lastTransitionTime":"2018-08-30T05:42:37Z"}],"hostIP":"10.245.250.26","podIP":"10.128.23.207","startTime":"2018-08-30T05:42:37Z","initContainerStatuses":[{"name":"check-couchbase","state":{"terminated":{"exitCode":0,"reason":"Completed","startedAt":"2018-08-30T05:42:39Z","finishedAt":"2018-08-30T05:42:39Z","containerID":"docker://d51dcfefdf9cc91f800c51ab778b1d38f6d97c95118d607c2f18687d0a20e60a"}},"lastState":{},"ready":true,"restartCount":0,"image":"docker.io/busybox:latest","imageID":"docker-pullable://docker.io/busybox@sha256:58ac43b2cc92c687a32c8be6278e50a063579655fe3090125dcb2af0ff9e1a64","containerID":"docker://d51dcfefdf9cc91f800c51ab778b1d38f6d97c95118d607c2f18687d0a20e60a"},{"name":"create-bucket","state":{"terminated":{"exitCode":0,"reason":"Completed","startedAt":"2018-08-30T05:42:41Z","finishedAt":"2018-08-30T05:42:41Z","containerID":"docker://a364dc26b9068a0a8582ee0c83c53b2bb6f9ee2b2c0c1662b64b7deca450b30c"}},"lastState":{},"ready":true,"restartCount":0,"image":"docker.io/byrnedo/alpine-curl:latest","imageID":"docker-pullable://docker.io/byrnedo/alpine-curl@sha256:00c64bda2814f95a13ad6a46d6de487dc88f424f2b1f6c62c6dfce36701fe516","containerID":"docker://a364dc26b9068a0a8582ee0c83c53b2bb6f9ee2b2c0c1662b64b7deca450b30c"}],"containerStatuses":[{"name":"scheduler-task-service-container","state":{"running":{"startedAt":"2018-09-16T15:13:16Z"}},"lastState":{"terminated":{"exitCode":143,"reason":"Error","startedAt":"2018-09-06T07:50:34Z","finishedAt":"2018-09-16T15:13:16Z","containerID":"docker://509c9e87cdeca83952d6fc858bde402d3f7d1393bfbc4d27f2bc55f61a10f620"}},"ready":true,"restartCount":2,"image":"illin5564.corp.amdocs.com:5000/scheduler-task-service:0.1.0-0495","imageID":"docker-pullable://illin5564.corp.amdocs.com:5000/scheduler-task-service@sha256:b6f20c70a08ae1ab1101226099aa9e807e36c4949fcc764efb2a35318fd0c68d","containerID":"docker://aba56b052eb3b04cc6e60c9f40b0003310ee9943feeb654a3a1c436d5ee42e79"}],"qosClass":"Burstable"}},{"metadata":{"name":"search-search-search-sea-3427907834-b5jb5","generateName":"search-search-search-sea-3427907834-","namespace":"care-for-openshift-testing","selfLink":"/api/v1/namespaces/care-for-openshift-testing/pods/search-search-search-sea-3427907834-b5jb5","uid":"8074bcf5-ac17-11e8-bb86-0050569a887c","resourceVersion":"55369004","creationTimestamp":"2018-08-30T05:42:37Z","labels":{"microservice":"search-search","pod-template-hash":"3427907834","project":"search-search-exe","provider":"amdocs","release":"search-search"},"annotations":{"fabric8.io/iconUrl":"img/icons/spring-boot.svg","openshift.io/scc":"anyuid-no-ps"},"ownerReferences":[{"apiVersion":"extensions/v1beta1","kind":"ReplicaSet","name":"search-search-search-sea-3427907834","uid":"21285b98-79fc-11e8-b420-0050569ac01d","controller":true,"blockOwnerDeletion":true}]},"spec":{"volumes":[{"name":"default-token-w6zvn","secret":{"secretName":"default-token-w6zvn","defaultMode":420}}],"initContainers":[{"name":"check-couchbase","image":"busybox","command":["sh","-c","timeout=0; while [[  $timeout -lt 90 ]]; do wget -q -O- -c http://couchbase-service:8091/ui/index.html \u003e /dev/null; if [ $? -ne 0 ]; then timeout=$(( timeout + 2 )); echo $timeout; else break; fi; done"],"resources":{},"volumeMounts":[{"name":"default-token-w6zvn","readOnly":true,"mountPath":"/var/run/secrets/kubernetes.io/serviceaccount"}],"terminationMessagePath":"/dev/termination-log","terminationMessagePolicy":"File","imagePullPolicy":"IfNotPresent","securityContext":{"capabilities":{"drop":["MKNOD"]}}},{"name":"create-bucket","image":"byrnedo/alpine-curl","command":["sh","-c","bucketName=com.amdocs.digital.ms.search.search; auth=Administrator:Administrator; server=couchbase-service; curl -X DELETE -u $auth http://$server:8091//pools/default/buckets/default; curl --fail -X POST -u $auth -d name=$bucketName -d ramQuotaMB=100 -d authType=sasl http://$server:8091/pools/default/buckets; curl --fail -u $auth http://$server:8091/pools/default/buckets/$bucketName"],"resources":{},"volumeMounts":[{"name":"default-token-w6zvn","readOnly":true,"mountPath":"/var/run/secrets/kubernetes.io/serviceaccount"}],"terminationMessagePath":"/dev/termination-log","terminationMessagePolicy":"File","imagePullPolicy":"IfNotPresent","securityContext":{"capabilities":{"drop":["MKNOD"]}}},{"name":"create-bucket-deleteref","image":"byrnedo/alpine-curl","command":["sh","-c","bucketName=com.amdocs.digital.ms.search.search.deletereference; auth=Administrator:Administrator; server=couchbase-service; curl -X DELETE -u $auth http://$server:8091//pools/default/buckets/default; curl --fail -X POST -u $auth -d name=$bucketName -d ramQuotaMB=100 -d authType=sasl http://$server:8091/pools/default/buckets; curl --fail -u $auth http://$server:8091/pools/default/buckets/$bucketName"],"resources":{},"volumeMounts":[{"name":"default-token-w6zvn","readOnly":true,"mountPath":"/var/run/secrets/kubernetes.io/serviceaccount"}],"terminationMessagePath":"/dev/termination-log","terminationMessagePolicy":"File","imagePullPolicy":"IfNotPresent","securityContext":{"capabilities":{"drop":["MKNOD"]}}},{"name":"create-primary-index","image":"byrnedo/alpine-curl","command":["sh","-c","bucketName=com.amdocs.digital.ms.search.search; auth=Administrator:Administrator; server=couchbase-service; curl -X POST -v -u $auth http://$server:8093/query/service -d statement=create%20primary%20index%20on%20%60com.amdocs.digital.ms.search.search%60"],"resources":{},"volumeMounts":[{"name":"default-token-w6zvn","readOnly":true,"mountPath":"/var/run/secrets/kubernetes.io/serviceaccount"}],"terminationMessagePath":"/dev/termination-log","terminationMessagePolicy":"File","imagePullPolicy":"IfNotPresent","securityContext":{"capabilities":{"drop":["MKNOD"]}}},{"name":"create-xdcr-cluster-reference-and-create-elasticsearch-index","image":"byrnedo/alpine-curl","command":["sh","-c","bucketName=com.amdocs.digital.ms.search.search; auth=Administrator:Administrator; server=couchbase-service; esindexname=searchindex; esclustername=ElasticSearch; curl -v -u $auth http://$server:8091/pools/default/remoteClusters -d name=$esclustername -d hostname=elasticsearch-service:9091 \u0026\u0026 curl -XPUT http://elasticsearch-service:9200/$esindexname?pretty \u0026\u0026 curl -v -X POST -u $auth http://$server:8091/controller/createReplication -d fromBucket=$bucket -d toCluster=$esclustername -d toBucket=esindexname -d replicationType=continuous -d type=capi"],"resources":{},"volumeMounts":[{"name":"default-token-w6zvn","readOnly":true,"mountPath":"/var/run/secrets/kubernetes.io/serviceaccount"}],"terminationMessagePath":"/dev/termination-log","terminationMessagePolicy":"File","imagePullPolicy":"IfNotPresent","securityContext":{"capabilities":{"drop":["MKNOD"]}}}],"containers":[{"name":"search-search-service-container","image":"illin5564.corp.amdocs.com:5000/search-search-service:0.1.0-0207","ports":[{"name":"http","containerPort":8080,"protocol":"TCP"},{"name":"jacoco","containerPort":6300,"protocol":"TCP"},{"name":"management","containerPort":18080,"protocol":"TCP"}],"env":[{"name":"KUBERNETES_NAMESPACE","valueFrom":{"fieldRef":{"apiVersion":"v1","fieldPath":"metadata.namespace"}}},{"name":"MSNEXT_JAVA_OPTS","value":"-Dloader.main=com.amdocs.msnext.boot.Boot -Xms1024m -Xmx1024m -XX:MaxRAM=2048m -XX:+UseSerialGC -Dcom.amdocs.msnext.securitya3s.url=http://10.238.196.188:30081/asmServices/services/v1.0"},{"name":"MSNEXT_MODULE_MGT_DISABLE","value":"msnext-customization"},{"name":"MANAGEMENT_PORT","value":"18080"},{"name":"SERVER_PORT","value":"8080"},{"name":"MSNEXT_JACOCO_ENABLE","value":"1"},{"name":"MSNEXT_JACOCO_OPTS","value":"output=tcpserver,address=*,port=6300"}],"resources":{},"volumeMounts":[{"name":"default-token-w6zvn","readOnly":true,"mountPath":"/var/run/secrets/kubernetes.io/serviceaccount"}],"livenessProbe":{"httpGet":{"path":"/health","port":18080,"scheme":"HTTP"},"initialDelaySeconds":900,"timeoutSeconds":10,"periodSeconds":10,"successThreshold":1,"failureThreshold":3},"readinessProbe":{"httpGet":{"path":"/health","port":18080,"scheme":"HTTP"},"initialDelaySeconds":180,"timeoutSeconds":10,"periodSeconds":10,"successThreshold":1,"failureThreshold":3},"terminationMessagePath":"/dev/termination-log","terminationMessagePolicy":"File","imagePullPolicy":"IfNotPresent","securityContext":{"capabilities":{"drop":["MKNOD"]},"privileged":false}}],"restartPolicy":"Always","terminationGracePeriodSeconds":30,"dnsPolicy":"ClusterFirst","nodeSelector":{"region":"work"},"serviceAccountName":"default","serviceAccount":"default","nodeName":"ilocpde01w15.corp.amdocs.com","securityContext":{"seLinuxOptions":{"level":"s0:c15,c10"}},"imagePullSecrets":[{"name":"search-search-ms-secret"}],"schedulerName":"default-scheduler"},"status":{"phase":"Running","conditions":[{"type":"Initialized","status":"True","lastProbeTime":null,"lastTransitionTime":"2018-08-30T05:42:43Z"},{"type":"Ready","status":"True","lastProbeTime":null,"lastTransitionTime":"2018-08-30T05:45:55Z"},{"type":"PodScheduled","status":"True","lastProbeTime":null,"lastTransitionTime":"2018-08-30T05:42:37Z"}],"hostIP":"10.245.250.34","podIP":"10.128.38.230","startTime":"2018-08-30T05:42:37Z","initContainerStatuses":[{"name":"check-couchbase","state":{"terminated":{"exitCode":0,"reason":"Completed","startedAt":"2018-08-30T05:42:39Z","finishedAt":"2018-08-30T05:42:39Z","containerID":"docker://3d73d040d423aa4b856c2fdb086f41332620106b3929081d3c28ea919eff4e62"}},"lastState":{},"ready":true,"restartCount":0,"image":"docker.io/busybox:latest","imageID":"docker-pullable://docker.io/busybox@sha256:141c253bc4c3fd0a201d32dc1f493bcf3fff003b6df416dea4f41046e0f37d47","containerID":"docker://3d73d040d423aa4b856c2fdb086f41332620106b3929081d3c28ea919eff4e62"},{"name":"create-bucket","state":{"terminated":{"exitCode":0,"reason":"Completed","startedAt":"2018-08-30T05:42:40Z","finishedAt":"2018-08-30T05:42:40Z","containerID":"docker://8c6ae21fda1c3856f66d28a59e4ab233cb71df4b783dc319542e1afb43df9d40"}},"lastState":{},"ready":true,"restartCount":0,"image":"docker.io/byrnedo/alpine-curl:latest","imageID":"docker-pullable://docker.io/byrnedo/alpine-curl@sha256:00c64bda2814f95a13ad6a46d6de487dc88f424f2b1f6c62c6dfce36701fe516","containerID":"docker://8c6ae21fda1c3856f66d28a59e4ab233cb71df4b783dc319542e1afb43df9d40"},{"name":"create-bucket-deleteref","state":{"terminated":{"exitCode":0,"reason":"Completed","startedAt":"2018-08-30T05:42:41Z","finishedAt":"2018-08-30T05:42:41Z","containerID":"docker://f2e7480f2049fa0c93d4b1d0b0027b324855cf91ccc3b01b3e8d19d514963022"}},"lastState":{},"ready":true,"restartCount":0,"image":"docker.io/byrnedo/alpine-curl:latest","imageID":"docker-pullable://docker.io/byrnedo/alpine-curl@sha256:00c64bda2814f95a13ad6a46d6de487dc88f424f2b1f6c62c6dfce36701fe516","containerID":"docker://f2e7480f2049fa0c93d4b1d0b0027b324855cf91ccc3b01b3e8d19d514963022"},{"name":"create-primary-index","state":{"terminated":{"exitCode":0,"reason":"Completed","startedAt":"2018-08-30T05:42:42Z","finishedAt":"2018-08-30T05:42:42Z","containerID":"docker://c67f71a02077bf49474a140dab00cf28482fb02a0dcbe56cf713179a3277d501"}},"lastState":{},"ready":true,"restartCount":0,"image":"docker.io/byrnedo/alpine-curl:latest","imageID":"docker-pullable://docker.io/byrnedo/alpine-curl@sha256:00c64bda2814f95a13ad6a46d6de487dc88f424f2b1f6c62c6dfce36701fe516","containerID":"docker://c67f71a02077bf49474a140dab00cf28482fb02a0dcbe56cf713179a3277d501"},{"name":"create-xdcr-cluster-reference-and-create-elasticsearch-index","state":{"terminated":{"exitCode":0,"reason":"Completed","startedAt":"2018-08-30T05:42:43Z","finishedAt":"2018-08-30T05:42:43Z","containerID":"docker://957e1533474e1c1788423286a955a3271e0bc45bb2ccd13ace0dabad91918025"}},"lastState":{},"ready":true,"restartCount":0,"image":"docker.io/byrnedo/alpine-curl:latest","imageID":"docker-pullable://docker.io/byrnedo/alpine-curl@sha256:00c64bda2814f95a13ad6a46d6de487dc88f424f2b1f6c62c6dfce36701fe516","containerID":"docker://957e1533474e1c1788423286a955a3271e0bc45bb2ccd13ace0dabad91918025"}],"containerStatuses":[{"name":"search-search-service-container","state":{"running":{"startedAt":"2018-08-30T05:42:48Z"}},"lastState":{},"ready":true,"restartCount":0,"image":"illin5564.corp.amdocs.com:5000/search-search-service:0.1.0-0207","imageID":"docker-pullable://illin5564.corp.amdocs.com:5000/search-search-service@sha256:cad0882d405052f8e40001149f7ca75722e56901a4fd9917b003ae6f364de907","containerID":"docker://7f9af836fb89835ba4d2c3c5c460fd0b6724b39b8a82f37e12dd8fdcc3406b7c"}],"qosClass":"BestEffort"}},{"metadata":{"name":"tiller-65431584-rcwh6","generateName":"tiller-65431584-","namespace":"care-for-openshift-testing","selfLink":"/api/v1/namespaces/care-for-openshift-testing/pods/tiller-65431584-rcwh6","uid":"ff6b36c9-9975-11e8-b0a8-0050569a340c","resourceVersion":"48310303","creationTimestamp":"2018-08-06T12:41:11Z","labels":{"app":"helm","name":"tiller","pod-template-hash":"65431584"},"annotations":{"openshift.io/scc":"anyuid-no-ps"},"ownerReferences":[{"apiVersion":"extensions/v1beta1","kind":"ReplicaSet","name":"tiller-65431584","uid":"f05b6fb0-8286-11e8-b420-0050569ac01d","controller":true,"blockOwnerDeletion":true}]},"spec":{"volumes":[{"name":"tiller-token-gclsh","secret":{"secretName":"tiller-token-gclsh","defaultMode":420}}],"containers":[{"name":"tiller","image":"gcr.io/kubernetes-helm/tiller:v2.9.1","ports":[{"name":"tiller","containerPort":44134,"protocol":"TCP"}],"env":[{"name":"TILLER_NAMESPACE","valueFrom":{"fieldRef":{"apiVersion":"v1","fieldPath":"metadata.namespace"}}}],"resources":{},"volumeMounts":[{"name":"tiller-token-gclsh","readOnly":true,"mountPath":"/var/run/secrets/kubernetes.io/serviceaccount"}],"livenessProbe":{"httpGet":{"path":"/liveness","port":44135,"scheme":"HTTP"},"timeoutSeconds":1,"periodSeconds":10,"successThreshold":1,"failureThreshold":3},"readinessProbe":{"httpGet":{"path":"/readiness","port":44135,"scheme":"HTTP"},"timeoutSeconds":1,"periodSeconds":10,"successThreshold":1,"failureThreshold":3},"terminationMessagePath":"/dev/termination-log","terminationMessagePolicy":"File","imagePullPolicy":"IfNotPresent","securityContext":{"capabilities":{"drop":["MKNOD"]}}}],"restartPolicy":"Always","terminationGracePeriodSeconds":30,"dnsPolicy":"ClusterFirst","nodeSelector":{"region":"work"},"serviceAccountName":"tiller","serviceAccount":"tiller","nodeName":"ilocpde01w30.corp.amdocs.com","securityContext":{"seLinuxOptions":{"level":"s0:c15,c10"}},"imagePullSecrets":[{"name":"tiller-dockercfg-cw4kn"}],"schedulerName":"default-scheduler"},"status":{"phase":"Running","conditions":[{"type":"Initialized","status":"True","lastProbeTime":null,"lastTransitionTime":"2018-08-06T12:41:10Z"},{"type":"Ready","status":"True","lastProbeTime":null,"lastTransitionTime":"2018-08-06T12:41:52Z"},{"type":"PodScheduled","status":"True","lastProbeTime":null,"lastTransitionTime":"2018-08-06T12:41:11Z"}],"podIP":"10.128.70.22","startTime":"2018-08-06T12:41:10Z","containerStatuses":[{"name":"tiller","state":{"running":{"startedAt":"2018-08-06T12:41:22Z"}},"lastState":{},"ready":true,"restartCount":0,"image":"gcr.io/kubernetes-helm/tiller:v2.9.1","imageID":"docker-pullable://gcr.io/kubernetes-helm/tiller@sha256:417aae19a0709075df9cc87e2fcac599b39d8f73ac95e668d9627fec9d341af2","containerID":"docker://76990ec8df77706ca4f512819cd4d03a1867cd31d9a320270737eec97fb9b02b"}],"qosClass":"BestEffort"}}]}
]]>
    </line>
    <line>
      <![CDATA[</div>]]>
    </line>
    <line>
      <![CDATA[</div>]]>
    </line>
    <line>
      <![CDATA[</div>]]>
    </line>
    <line>
      <![CDATA[</div>]]>
    </line>
    <line>
      <![CDATA[</td>]]>
    </line>
    <line>
      <![CDATA[</tr>]]>
    </line>
    <line>
      <![CDATA[<tr class="table-success"><td colspan="2">Response status: expected=200 actual=200; Value: true</td></tr>]]>
    </line>
    <line>
      <![CDATA[<tr class="table-light"><td colspan="2">account-billingaccount-service:31193</td></tr>]]>
    </line>
    <line>
      <![CDATA[<tr class="table-light"><td colspan="2">asm-services-cloud-service:31766</td></tr>]]>
    </line>
    <line>
      <![CDATA[<tr class="table-light"><td colspan="2">attachment-attachment-service:32689</td></tr>]]>
    </line>
    <line>
      <![CDATA[<tr class="table-light"><td colspan="2">attachment-dmsbridge-service:31835</td></tr>]]>
    </line>
    <line>
      <![CDATA[<tr class="table-light"><td colspan="2">creditprofile-creditevaluatorbridge-service:31419</td></tr>]]>
    </line>
    <line>
      <![CDATA[<tr class="table-light"><td colspan="2">creditprofile-creditprofile-service:31057</td></tr>]]>
    </line>
    <line>
      <![CDATA[<tr class="table-light"><td colspan="2">customer-customer-service:32354</td></tr>]]>
    </line>
    <line>
      <![CDATA[<tr class="table-light"><td colspan="2">customer-customerentity-service:31022</td></tr>]]>
    </line>
    <line>
      <![CDATA[<tr class="table-light"><td colspan="2">financialaccount-financialaccount-service:31973</td></tr>]]>
    </line>
    <line>
      <![CDATA[<tr class="table-light"><td colspan="2">geographicaddress-geographicaddress-service:30620</td></tr>]]>
    </line>
    <line>
      <![CDATA[<tr class="table-light"><td colspan="2">geographicaddress-geographicaddressbridge-service:32543</td></tr>]]>
    </line>
    <line>
      <![CDATA[<tr class="table-light"><td colspan="2">party-attachment-service:31758</td></tr>]]>
    </line>
    <line>
      <![CDATA[<tr class="table-light"><td colspan="2">party-individual-service:30261</td></tr>]]>
    </line>
    <line>
      <![CDATA[<tr class="table-light"><td colspan="2">partyinteraction-attachment-service:32286</td></tr>]]>
    </line>
    <line>
      <![CDATA[<tr class="table-light"><td colspan="2">partyinteraction-partyinteraction-service:31716</td></tr>]]>
    </line>
    <line>
      <![CDATA[<tr class="table-light"><td colspan="2">paymentmethod-paymentmethod-service:32427</td></tr>]]>
    </line>
    <line>
      <![CDATA[<tr class="table-light"><td colspan="2">scheduler-task-service:32558</td></tr>]]>
    </line>
    <line>
      <![CDATA[<tr class="table-light"><td colspan="2">search-search-service:30822</td></tr>]]>
    </line>
    <line>
      <![CDATA[<tr class="table-light"><td colspan="2">OpenShift Master: ilocpde01-master.corp.amdocs.com k8shost: ilocpde01w26.corp.amdocs.com</td></tr>]]>
    </line>
    <line>
      <![CDATA[<tr class="table-light"><td colspan="2">Creating map for oc-cd-1017-pranavd-pd</td></tr>]]>
    </line>
    <line>
      <![CDATA[<tr class="table-info"><td class="text-dark font-weight-bold">Request Type </td><td class="" >GET</td></tr>]]>
    </line>
    <line>
      <![CDATA[<tr><td class="text-dark font-weight-bold">URI </td><td class="" > https://ilocpde01-master.corp.amdocs.com:8443/api/v1/namespaces/oc-cd-1017-pranavd-pd/services </td></tr>]]>
    </line>
    <line>
      <![CDATA[<tr><td class="text-dark font-weight-bold" colspan="2">Headers : </td></tr>]]>
    </line>
    <line>
      <![CDATA[<tr>]]>
    </line>
    <line>
      <![CDATA[<td class="text-dark font-weight-bold" >Authorization :</td>]]>
    </line>
    <line>
      <![CDATA[<td class="" >]]>
    </line>
    <line>
      <![CDATA[<a href="" class="alert-link" data-toggle="modal" data-target="#rest_assured_logger_modal_value_7">Show</a>]]>
    </line>
    <line>
      <![CDATA[<div class="modal fade"  id="rest_assured_logger_modal_value_7" tabindex="-1" role="dialog">]]>
    </line>
    <line>
      <![CDATA[<div class="modal-dialog" role="document">]]>
    </line>
    <line>
      <![CDATA[<div class="modal-content">]]>
    </line>
    <line>
      <![CDATA[<div class="modal-header text-white bg-info">]]>
    </line>
    <line>
      <![CDATA[<h5 class="modal-title" id="title1">Authorization</h5>]]>
    </line>
    <line>
      <![CDATA[<span class="h6 text-light ml-2 mt-2">(click on the Text to copy)</span>]]>
    </line>
    <line>
      <![CDATA[<button type="button" class="close" data-dismiss="modal" aria-label="Close">]]>
    </line>
    <line>
      <![CDATA[<span aria-hidden="true">&times;</span>]]>
    </line>
    <line>
      <![CDATA[</button>]]>
    </line>
    <line>
      <![CDATA[</div>]]>
    </line>
    <line>
      <![CDATA[<div onClick="copyMePlease(this)" class="modal-body">]]>
    </line>
    <line>
      <![CDATA[Bearer eyJhbGciOiJSUzI1NiIsInR5cCI6IkpXVCJ9.eyJpc3MiOiJrdWJlcm5ldGVzL3NlcnZpY2VhY2NvdW50Iiwia3ViZXJuZXRlcy5pby9zZXJ2aWNlYWNjb3VudC9uYW1lc3BhY2UiOiJvYy1jZC0xMDE3LXByYW5hdmQtcGQiLCJrdWJlcm5ldGVzLmlvL3NlcnZpY2VhY2NvdW50L3NlY3JldC5uYW1lIjoiZml0LXNhLXRva2VuLTRsdzZtIiwia3ViZXJuZXRlcy5pby9zZXJ2aWNlYWNjb3VudC9zZXJ2aWNlLWFjY291bnQubmFtZSI6ImZpdC1zYSIsImt1YmVybmV0ZXMuaW8vc2VydmljZWFjY291bnQvc2VydmljZS1hY2NvdW50LnVpZCI6IjljYzViYmMxLWI3MjEtMTFlOC1iYjg2LTAwNTA1NjlhODg3YyIsInN1YiI6InN5c3RlbTpzZXJ2aWNlYWNjb3VudDpvYy1jZC0xMDE3LXByYW5hdmQtcGQ6Zml0LXNhIn0.KMmKTeThNBXz_F_aqQoUpcSw1eXkrR4xr7tITRdfs2IDTLfXzxGfYk9fOni2zyhlVH7lx9mB94bVkI2zWqa7cjR9z1DEW7OxPFq1XQ11yspYFG3tOi0NdNeaD66XB9TIbGEwbQYl92ZDsy5y3eD5echit18B52IMq8nvaNvTNXESzdGqsxtBMnNpUhtYUZy5xgasoKUwTR34rg91XgeZagjVsH2FJ8R7gIB9fXg8-IR4ZatJitxo40caTeHkGUvjI5aGADQCzytee87Yq6fAeXRb9sZcFUFmJkqf7OLl1FQkH41UG3zjfqtc00mNCzpXEVVbuqiw4ghZYNnh1tPJQA]]>
    </line>
    <line>
      <![CDATA[</div>]]>
    </line>
    <line>
      <![CDATA[</div>]]>
    </line>
    <line>
      <![CDATA[</div>]]>
    </line>
    <line>
      <![CDATA[</div>]]>
    </line>
    <line>
      <![CDATA[</td>]]>
    </line>
    <line>
      <![CDATA[</tr>]]>
    </line>
    <line>
      <![CDATA[<tr>]]>
    </line>
    <line>
      <![CDATA[<td class="text-dark font-weight-bold" >Payload :</td>]]>
    </line>
    <line>
      <![CDATA[<td class="" >]]>
    </line>
    <line>
      <![CDATA[<a href="" class="alert-link" data-toggle="modal" data-target="#rest_assured_logger_modal_value_8">Show</a>]]>
    </line>
    <line>
      <![CDATA[<div class="modal fade"  id="rest_assured_logger_modal_value_8" tabindex="-1" role="dialog">]]>
    </line>
    <line>
      <![CDATA[<div class="modal-dialog" role="document">]]>
    </line>
    <line>
      <![CDATA[<div class="modal-content">]]>
    </line>
    <line>
      <![CDATA[<div class="modal-header text-white bg-info">]]>
    </line>
    <line>
      <![CDATA[<h5 class="modal-title" id="title1">Payload</h5>]]>
    </line>
    <line>
      <![CDATA[<span class="h6 text-light ml-2 mt-2">(click on the Text to copy)</span>]]>
    </line>
    <line>
      <![CDATA[<button type="button" class="close" data-dismiss="modal" aria-label="Close">]]>
    </line>
    <line>
      <![CDATA[<span aria-hidden="true">&times;</span>]]>
    </line>
    <line>
      <![CDATA[</button>]]>
    </line>
    <line>
      <![CDATA[</div>]]>
    </line>
    <line>
      <![CDATA[<div onClick="copyMePlease(this)" class="modal-body">]]>
    </line>
    <line>
      <![CDATA[None]]>
    </line>
    <line>
      <![CDATA[</div>]]>
    </line>
    <line>
      <![CDATA[</div>]]>
    </line>
    <line>
      <![CDATA[</div>]]>
    </line>
    <line>
      <![CDATA[</div>]]>
    </line>
    <line>
      <![CDATA[</td>]]>
    </line>
    <line>
      <![CDATA[</tr>]]>
    </line>
    <line>
      <![CDATA[<tr>]]>
    </line>
    <line>
      <![CDATA[<td class="text-dark font-weight-bold" >Response Header :</td>]]>
    </line>
    <line>
      <![CDATA[<td class="" >]]>
    </line>
    <line>
      <![CDATA[<a href="" class="alert-link" data-toggle="modal" data-target="#modal_value_3">Show</a>]]>
    </line>
    <line>
      <![CDATA[<div class="modal fade"  id="modal_value_3" tabindex="-1" role="dialog">]]>
    </line>
    <line>
      <![CDATA[<div class="modal-dialog" role="document">]]>
    </line>
    <line>
      <![CDATA[<div class="modal-content">]]>
    </line>
    <line>
      <![CDATA[<div class="modal-header text-white bg-info">]]>
    </line>
    <line>
      <![CDATA[<h5 class="modal-title" id="title1">Response Header</h5>]]>
    </line>
    <line>
      <![CDATA[<span class="h6 text-light ml-2 mt-2">(click on the Text to copy)</span>]]>
    </line>
    <line>
      <![CDATA[<button type="button" class="close" data-dismiss="modal" aria-label="Close">]]>
    </line>
    <line>
      <![CDATA[<span aria-hidden="true">&times;</span>]]>
    </line>
    <line>
      <![CDATA[</button>]]>
    </line>
    <line>
      <![CDATA[</div>]]>
    </line>
    <line>
      <![CDATA[<div onClick="copyMePlease(this)" class="modal-body">]]>
    </line>
    <line>
      <![CDATA[Cache-Control=no-store
	Content-Type=application/json
	Date=Tue, 18 Sep 2018 09:40:39 GMT
	Transfer-Encoding=chunked]]>
    </line>
    <line>
      <![CDATA[</div>]]>
    </line>
    <line>
      <![CDATA[</div>]]>
    </line>
    <line>
      <![CDATA[</div>]]>
    </line>
    <line>
      <![CDATA[</div>]]>
    </line>
    <line>
      <![CDATA[</td>]]>
    </line>
    <line>
      <![CDATA[</tr>]]>
    </line>
    <line>
      <![CDATA[<tr>]]>
    </line>
    <line>
      <![CDATA[<td class="text-dark font-weight-bold" >Response :</td>]]>
    </line>
    <line>
      <![CDATA[<td class="" >]]>
    </line>
    <line>
      <![CDATA[<a href="" class="alert-link" data-toggle="modal" data-target="#rest_assured_logger_modal_value_9">Show</a>]]>
    </line>
    <line>
      <![CDATA[<div class="modal fade"  id="rest_assured_logger_modal_value_9" tabindex="-1" role="dialog">]]>
    </line>
    <line>
      <![CDATA[<div class="modal-dialog" role="document">]]>
    </line>
    <line>
      <![CDATA[<div class="modal-content">]]>
    </line>
    <line>
      <![CDATA[<div class="modal-header text-white bg-info">]]>
    </line>
    <line>
      <![CDATA[<h5 class="modal-title" id="title1">Response</h5>]]>
    </line>
    <line>
      <![CDATA[<span class="h6 text-light ml-2 mt-2">(click on the Text to copy)</span>]]>
    </line>
    <line>
      <![CDATA[<button type="button" class="close" data-dismiss="modal" aria-label="Close">]]>
    </line>
    <line>
      <![CDATA[<span aria-hidden="true">&times;</span>]]>
    </line>
    <line>
      <![CDATA[</button>]]>
    </line>
    <line>
      <![CDATA[</div>]]>
    </line>
    <line>
      <![CDATA[<div onClick="copyMePlease(this)" class="modal-body">]]>
    </line>
    <line>
      <![CDATA[{"kind":"ServiceList","apiVersion":"v1","metadata":{"selfLink":"/api/v1/namespaces/oc-cd-1017-pranavd-pd/services","resourceVersion":"69531565"},"items":[{"metadata":{"name":"asm-services-cloud-service","namespace":"oc-cd-1017-pranavd-pd","selfLink":"/api/v1/namespaces/oc-cd-1017-pranavd-pd/services/asm-services-cloud-service","uid":"9d970868-b721-11e8-bb86-0050569a887c","resourceVersion":"66120857","creationTimestamp":"2018-09-13T06:52:44Z","labels":{"projectexportable":"No"},"annotations":{"kubectl.kubernetes.io/last-applied-configuration":"{\"apiVersion\":\"v1\",\"kind\":\"Service\",\"metadata\":{\"annotations\":{},\"labels\":{\"projectexportable\":\"No\"},\"name\":\"asm-services-cloud-service\",\"namespace\":\"oc-cd-1017-pranavd-pd\"},\"spec\":{\"ports\":[{\"name\":\"a3s-port\",\"port\":9191,\"protocol\":\"TCP\",\"targetPort\":9191}],\"selector\":{},\"type\":\"NodePort\"}}\n"}},"spec":{"ports":[{"name":"a3s-port","protocol":"TCP","port":9191,"targetPort":9191,"nodePort":30525}],"clusterIP":"172.30.132.4","type":"NodePort","sessionAffinity":"None","externalTrafficPolicy":"Cluster"},"status":{"loadBalancer":{}}},{"metadata":{"name":"authoring-command-service","namespace":"oc-cd-1017-pranavd-pd","selfLink":"/api/v1/namespaces/oc-cd-1017-pranavd-pd/services/authoring-command-service","uid":"a5982b57-b721-11e8-bb86-0050569a887c","resourceVersion":"66122189","creationTimestamp":"2018-09-13T06:52:57Z","labels":{"app":"authoring-command-service","prometheus":"amdocs-prometheus","release":"authoring-release"},"annotations":{"kubectl.kubernetes.io/last-applied-configuration":"{\"apiVersion\":\"v1\",\"kind\":\"Service\",\"metadata\":{\"annotations\":{},\"creationTimestamp\":null,\"labels\":{\"app\":\"authoring-command-service\",\"prometheus\":\"amdocs-prometheus\",\"release\":\"authoring-release\"},\"name\":\"authoring-command-service\",\"namespace\":\"oc-cd-1017-pranavd-pd\"},\"spec\":{\"externalTrafficPolicy\":\"Cluster\",\"ports\":[{\"name\":\"server\",\"port\":8080,\"protocol\":\"TCP\",\"targetPort\":\"server\"},{\"name\":\"management\",\"port\":8081,\"protocol\":\"TCP\",\"targetPort\":\"management\"},{\"name\":\"metrics\",\"port\":5555,\"protocol\":\"TCP\",\"targetPort\":\"metrics\"},{\"name\":\"debug\",\"port\":5005,\"protocol\":\"TCP\",\"targetPort\":\"debug\"}],\"selector\":{\"app\":\"authoring-command-service\",\"group\":\"com.amdocs.catalogone\",\"release\":\"authoring-release\"},\"sessionAffinity\":\"None\",\"type\":\"NodePort\"},\"status\":{\"loadBalancer\":{}}}\n"}},"spec":{"ports":[{"name":"server","protocol":"TCP","port":8080,"targetPort":"server","nodePort":32756},{"name":"management","protocol":"TCP","port":8081,"targetPort":"management","nodePort":34396},{"name":"metrics","protocol":"TCP","port":5555,"targetPort":"metrics","nodePort":30125},{"name":"debug","protocol":"TCP","port":5005,"targetPort":"debug","nodePort":31706}],"selector":{"app":"authoring-command-service","group":"com.amdocs.catalogone","release":"authoring-release"},"clusterIP":"172.30.205.120","type":"NodePort","sessionAffinity":"None","externalTrafficPolicy":"Cluster"},"status":{"loadBalancer":{}}},{"metadata":{"name":"business-request-service","namespace":"oc-cd-1017-pranavd-pd","selfLink":"/api/v1/namespaces/oc-cd-1017-pranavd-pd/services/business-request-service","uid":"a5c538d3-b721-11e8-bb86-0050569a887c","resourceVersion":"66122216","creationTimestamp":"2018-09-13T06:52:57Z","labels":{"app":"business-request-service","chart":"business-request-service-1.6.0","prometheus":"amdocs-prometheus","release":"business-request-release"},"annotations":{"kubectl.kubernetes.io/last-applied-configuration":"{\"apiVersion\":\"v1\",\"kind\":\"Service\",\"metadata\":{\"annotations\":{},\"creationTimestamp\":null,\"labels\":{\"app\":\"business-request-service\",\"chart\":\"business-request-service-1.6.0\",\"prometheus\":\"amdocs-prometheus\",\"release\":\"business-request-release\"},\"name\":\"business-request-service\",\"namespace\":\"oc-cd-1017-pranavd-pd\"},\"spec\":{\"externalTrafficPolicy\":\"Cluster\",\"ports\":[{\"name\":\"server\",\"port\":8080,\"protocol\":\"TCP\",\"targetPort\":\"server\"},{\"name\":\"management\",\"port\":8081,\"protocol\":\"TCP\",\"targetPort\":\"management\"},{\"name\":\"metrics\",\"port\":5555,\"protocol\":\"TCP\",\"targetPort\":\"metrics\"},{\"name\":\"debug\",\"port\":5005,\"protocol\":\"TCP\",\"targetPort\":\"debug\"}],\"selector\":{\"app\":\"business-request-service\",\"group\":\"com.amdocs.catalogone\",\"provider\":\"amdocs\",\"release\":\"business-request-release\"},\"sessionAffinity\":\"None\",\"type\":\"NodePort\"},\"status\":{\"loadBalancer\":{}}}\n"}},"spec":{"ports":[{"name":"server","protocol":"TCP","port":8080,"targetPort":"server","nodePort":34944},{"name":"management","protocol":"TCP","port":8081,"targetPort":"management","nodePort":31125},{"name":"metrics","protocol":"TCP","port":5555,"targetPort":"metrics","nodePort":33735},{"name":"debug","protocol":"TCP","port":5005,"targetPort":"debug","nodePort":31277}],"selector":{"app":"business-request-service","group":"com.amdocs.catalogone","provider":"amdocs","release":"business-request-release"},"clusterIP":"172.30.95.193","type":"NodePort","sessionAffinity":"None","externalTrafficPolicy":"Cluster"},"status":{"loadBalancer":{}}},{"metadata":{"name":"business-validation-service","namespace":"oc-cd-1017-pranavd-pd","selfLink":"/api/v1/namespaces/oc-cd-1017-pranavd-pd/services/business-validation-service","uid":"a5e0406e-b721-11e8-bb86-0050569a887c","resourceVersion":"66122230","creationTimestamp":"2018-09-13T06:52:57Z","labels":{"app":"business-validation-service","chart":"business-validation-service-1.2.1","heritage":"Tiller","monitored":"prometheus","monitoring":"prometheus","prometheus":"amdocs-prometheus","release":"business-validation-release"},"annotations":{"kubectl.kubernetes.io/last-applied-configuration":"{\"apiVersion\":\"v1\",\"kind\":\"Service\",\"metadata\":{\"annotations\":{},\"creationTimestamp\":null,\"labels\":{\"app\":\"business-validation-service\",\"chart\":\"business-validation-service-1.2.1\",\"heritage\":\"Tiller\",\"monitored\":\"prometheus\",\"monitoring\":\"prometheus\",\"prometheus\":\"amdocs-prometheus\",\"release\":\"business-validation-release\"},\"name\":\"business-validation-service\",\"namespace\":\"oc-cd-1017-pranavd-pd\"},\"spec\":{\"externalTrafficPolicy\":\"Cluster\",\"ports\":[{\"name\":\"server\",\"port\":8080,\"protocol\":\"TCP\",\"targetPort\":8080},{\"name\":\"management\",\"port\":8081,\"protocol\":\"TCP\",\"targetPort\":8081},{\"name\":\"metrics\",\"port\":5555,\"protocol\":\"TCP\",\"targetPort\":\"metrics\"},{\"name\":\"debug\",\"port\":5005,\"protocol\":\"TCP\",\"targetPort\":\"debug\"}],\"selector\":{\"app\":\"business-validation-service\",\"group\":\"com.amdocs.catalogone\",\"provider\":\"amdocs\",\"release\":\"business-validation-release\"},\"sessionAffinity\":\"None\",\"type\":\"NodePort\"},\"status\":{\"loadBalancer\":{}}}\n"}},"spec":{"ports":[{"name":"server","protocol":"TCP","port":8080,"targetPort":8080,"nodePort":31296},{"name":"management","protocol":"TCP","port":8081,"targetPort":8081,"nodePort":31632},{"name":"metrics","protocol":"TCP","port":5555,"targetPort":"metrics","nodePort":34704},{"name":"debug","protocol":"TCP","port":5005,"targetPort":"debug","nodePort":31133}],"selector":{"app":"business-validation-service","group":"com.amdocs.catalogone","provider":"amdocs","release":"business-validation-release"},"clusterIP":"172.30.178.236","type":"NodePort","sessionAffinity":"None","externalTrafficPolicy":"Cluster"},"status":{"loadBalancer":{}}},{"metadata":{"name":"cartitemaccessor-service","namespace":"oc-cd-1017-pranavd-pd","selfLink":"/api/v1/namespaces/oc-cd-1017-pranavd-pd/services/cartitemaccessor-service","uid":"a5f0cde0-b721-11e8-bb86-0050569a887c","resourceVersion":"66122240","creationTimestamp":"2018-09-13T06:52:58Z","labels":{"chart":"cartitemaccessor-0.1.1-0015","expose":"true","microservice":"cartitemaccessor","monitored":"prometheus","monitoring":"prometheus","project":"cartitemaccessor","provider":"amdocs","release":"cartitemaccessor-release"},"annotations":{"fabric8.io/iconUrl":"img/icons/spring-boot.svg","kubectl.kubernetes.io/last-applied-configuration":"{\"apiVersion\":\"v1\",\"kind\":\"Service\",\"metadata\":{\"annotations\":{\"fabric8.io/iconUrl\":\"img/icons/spring-boot.svg\"},\"creationTimestamp\":null,\"labels\":{\"chart\":\"cartitemaccessor-0.1.1-0015\",\"expose\":\"true\",\"microservice\":\"cartitemaccessor\",\"monitored\":\"prometheus\",\"monitoring\":\"prometheus\",\"project\":\"cartitemaccessor\",\"provider\":\"amdocs\",\"release\":\"cartitemaccessor-release\"},\"name\":\"cartitemaccessor-service\",\"namespace\":\"oc-cd-1017-pranavd-pd\"},\"spec\":{\"externalTrafficPolicy\":\"Cluster\",\"ports\":[{\"name\":\"http\",\"port\":8080,\"protocol\":\"TCP\",\"targetPort\":8080},{\"name\":\"https\",\"port\":8443,\"protocol\":\"TCP\",\"targetPort\":\"https\"},{\"name\":\"metrics\",\"port\":5555,\"protocol\":\"TCP\",\"targetPort\":\"metrics\"}],\"selector\":{\"microservice\":\"cartitemaccessor\",\"project\":\"cartitemaccessor\",\"provider\":\"amdocs\",\"release\":\"cartitemaccessor-release\"},\"sessionAffinity\":\"None\",\"type\":\"NodePort\"},\"status\":{\"loadBalancer\":{}}}\n"}},"spec":{"ports":[{"name":"http","protocol":"TCP","port":8080,"targetPort":8080,"nodePort":31134},{"name":"https","protocol":"TCP","port":8443,"targetPort":"https","nodePort":35420},{"name":"metrics","protocol":"TCP","port":5555,"targetPort":"metrics","nodePort":30705}],"selector":{"microservice":"cartitemaccessor","project":"cartitemaccessor","provider":"amdocs","release":"cartitemaccessor-release"},"clusterIP":"172.30.64.109","type":"NodePort","sessionAffinity":"None","externalTrafficPolicy":"Cluster"},"status":{"loadBalancer":{}}},{"metadata":{"name":"catalog1-couchbase-service","namespace":"oc-cd-1017-pranavd-pd","selfLink":"/api/v1/namespaces/oc-cd-1017-pranavd-pd/services/catalog1-couchbase-service","uid":"9d7ea791-b721-11e8-bb86-0050569a887c","resourceVersion":"66120852","creationTimestamp":"2018-09-13T06:52:43Z","labels":{"projectexportable":"No"},"annotations":{"kubectl.kubernetes.io/last-applied-configuration":"{\"apiVersion\":\"v1\",\"kind\":\"Service\",\"metadata\":{\"annotations\":{},\"labels\":{\"projectexportable\":\"No\"},\"name\":\"catalog1-couchbase-service\",\"namespace\":\"oc-cd-1017-pranavd-pd\"},\"spec\":{\"ports\":[{\"name\":\"cb\",\"nodePort\":0,\"port\":8091,\"protocol\":\"TCP\",\"targetPort\":8091},{\"name\":\"cb-views\",\"nodePort\":0,\"port\":8092,\"protocol\":\"TCP\",\"targetPort\":8092},{\"name\":\"cb-query\",\"nodePort\":0,\"port\":8093,\"protocol\":\"TCP\",\"targetPort\":8093},{\"name\":\"cb-ftsearch\",\"nodePort\":0,\"port\":8094,\"protocol\":\"TCP\",\"targetPort\":8094},{\"name\":\"cb-sc\",\"nodePort\":0,\"port\":11210,\"protocol\":\"TCP\",\"targetPort\":11210},{\"name\":\"cb-scssl\",\"nodePort\":0,\"port\":11207,\"protocol\":\"TCP\",\"targetPort\":11207},{\"name\":\"cb-https\",\"nodePort\":0,\"port\":18091,\"protocol\":\"TCP\",\"targetPort\":18091},{\"name\":\"cb-viewsssl\",\"nodePort\":0,\"port\":18092,\"protocol\":\"TCP\",\"targetPort\":18092},{\"name\":\"cb-queryssl\",\"nodePort\":0,\"port\":18093,\"protocol\":\"TCP\",\"targetPort\":18093}],\"selector\":{}}}\n"}},"spec":{"ports":[{"name":"cb","protocol":"TCP","port":8091,"targetPort":8091},{"name":"cb-views","protocol":"TCP","port":8092,"targetPort":8092},{"name":"cb-query","protocol":"TCP","port":8093,"targetPort":8093},{"name":"cb-ftsearch","protocol":"TCP","port":8094,"targetPort":8094},{"name":"cb-sc","protocol":"TCP","port":11210,"targetPort":11210},{"name":"cb-scssl","protocol":"TCP","port":11207,"targetPort":11207},{"name":"cb-https","protocol":"TCP","port":18091,"targetPort":18091},{"name":"cb-viewsssl","protocol":"TCP","port":18092,"targetPort":18092},{"name":"cb-queryssl","protocol":"TCP","port":18093,"targetPort":18093}],"clusterIP":"172.30.200.91","type":"ClusterIP","sessionAffinity":"None"},"status":{"loadBalancer":{}}},{"metadata":{"name":"couchbase-service","namespace":"oc-cd-1017-pranavd-pd","selfLink":"/api/v1/namespaces/oc-cd-1017-pranavd-pd/services/couchbase-service","uid":"9d6e4229-b721-11e8-bb86-0050569a887c","resourceVersion":"66120847","creationTimestamp":"2018-09-13T06:52:43Z","labels":{"projectexportable":"No"},"annotations":{"kubectl.kubernetes.io/last-applied-configuration":"{\"apiVersion\":\"v1\",\"kind\":\"Service\",\"metadata\":{\"annotations\":{},\"labels\":{\"projectexportable\":\"No\"},\"name\":\"couchbase-service\",\"namespace\":\"oc-cd-1017-pranavd-pd\"},\"spec\":{\"ports\":[{\"name\":\"cb\",\"nodePort\":0,\"port\":8091,\"protocol\":\"TCP\",\"targetPort\":8091},{\"name\":\"cb-views\",\"nodePort\":0,\"port\":8092,\"protocol\":\"TCP\",\"targetPort\":8092},{\"name\":\"cb-query\",\"nodePort\":0,\"port\":8093,\"protocol\":\"TCP\",\"targetPort\":8093},{\"name\":\"cb-ftsearch\",\"nodePort\":0,\"port\":8094,\"protocol\":\"TCP\",\"targetPort\":8094},{\"name\":\"cb-sc\",\"nodePort\":0,\"port\":11210,\"protocol\":\"TCP\",\"targetPort\":11210},{\"name\":\"cb-scssl\",\"nodePort\":0,\"port\":11207,\"protocol\":\"TCP\",\"targetPort\":11207},{\"name\":\"cb-https\",\"nodePort\":0,\"port\":18091,\"protocol\":\"TCP\",\"targetPort\":18091},{\"name\":\"cb-viewsssl\",\"nodePort\":0,\"port\":18092,\"protocol\":\"TCP\",\"targetPort\":18092},{\"name\":\"cb-queryssl\",\"nodePort\":0,\"port\":18093,\"protocol\":\"TCP\",\"targetPort\":18093}],\"selector\":{}}}\n"}},"spec":{"ports":[{"name":"cb","protocol":"TCP","port":8091,"targetPort":8091},{"name":"cb-views","protocol":"TCP","port":8092,"targetPort":8092},{"name":"cb-query","protocol":"TCP","port":8093,"targetPort":8093},{"name":"cb-ftsearch","protocol":"TCP","port":8094,"targetPort":8094},{"name":"cb-sc","protocol":"TCP","port":11210,"targetPort":11210},{"name":"cb-scssl","protocol":"TCP","port":11207,"targetPort":11207},{"name":"cb-https","protocol":"TCP","port":18091,"targetPort":18091},{"name":"cb-viewsssl","protocol":"TCP","port":18092,"targetPort":18092},{"name":"cb-queryssl","protocol":"TCP","port":18093,"targetPort":18093}],"clusterIP":"172.30.53.22","type":"ClusterIP","sessionAffinity":"None"},"status":{"loadBalancer":{}}},{"metadata":{"name":"customeraccessor-service","namespace":"oc-cd-1017-pranavd-pd","selfLink":"/api/v1/namespaces/oc-cd-1017-pranavd-pd/services/customeraccessor-service","uid":"a612b60b-b721-11e8-bb86-0050569a887c","resourceVersion":"66122259","creationTimestamp":"2018-09-13T06:52:58Z","labels":{"chart":"customeraccessor-0.1.1-0015","expose":"true","group":"com.amdocs.digital.ms.customeraccessor","microservice":"customeraccessor","monitored":"prometheus","monitoring":"prometheus","project":"customeraccessor-service","provider":"amdocs","release":"customeraccessor-release"},"annotations":{"fabric8.io/iconUrl":"img/icons/spring-boot.svg","kubectl.kubernetes.io/last-applied-configuration":"{\"apiVersion\":\"v1\",\"kind\":\"Service\",\"metadata\":{\"annotations\":{\"fabric8.io/iconUrl\":\"img/icons/spring-boot.svg\"},\"creationTimestamp\":null,\"labels\":{\"chart\":\"customeraccessor-0.1.1-0015\",\"expose\":\"true\",\"group\":\"com.amdocs.digital.ms.customeraccessor\",\"microservice\":\"customeraccessor\",\"monitored\":\"prometheus\",\"monitoring\":\"prometheus\",\"project\":\"customeraccessor-service\",\"provider\":\"amdocs\",\"release\":\"customeraccessor-release\"},\"name\":\"customeraccessor-service\",\"namespace\":\"oc-cd-1017-pranavd-pd\"},\"spec\":{\"externalTrafficPolicy\":\"Cluster\",\"ports\":[{\"name\":\"http\",\"port\":8080,\"protocol\":\"TCP\",\"targetPort\":8080},{\"name\":\"management\",\"port\":18080,\"protocol\":\"TCP\",\"targetPort\":18080},{\"name\":\"metrics\",\"port\":5555,\"protocol\":\"TCP\",\"targetPort\":\"metrics\"},{\"name\":\"https\",\"port\":8443,\"protocol\":\"TCP\",\"targetPort\":8443}],\"selector\":{\"group\":\"com.amdocs.digital.ms.customeraccessor\",\"microservice\":\"customeraccessor\",\"project\":\"customeraccessor-service\",\"provider\":\"amdocs\",\"release\":\"customeraccessor-release\"},\"sessionAffinity\":\"None\",\"type\":\"NodePort\"},\"status\":{\"loadBalancer\":{}}}\n"}},"spec":{"ports":[{"name":"http","protocol":"TCP","port":8080,"targetPort":8080,"nodePort":32678},{"name":"management","protocol":"TCP","port":18080,"targetPort":18080,"nodePort":32076},{"name":"metrics","protocol":"TCP","port":5555,"targetPort":"metrics","nodePort":30706},{"name":"https","protocol":"TCP","port":8443,"targetPort":8443,"nodePort":34471}],"selector":{"group":"com.amdocs.digital.ms.customeraccessor","microservice":"customeraccessor","project":"customeraccessor-service","provider":"amdocs","release":"customeraccessor-release"},"clusterIP":"172.30.88.12","type":"NodePort","sessionAffinity":"None","externalTrafficPolicy":"Cluster"},"status":{"loadBalancer":{}}},{"metadata":{"name":"digitalexp-api-service","namespace":"oc-cd-1017-pranavd-pd","selfLink":"/api/v1/namespaces/oc-cd-1017-pranavd-pd/services/digitalexp-api-service","uid":"a6276347-b721-11e8-bb86-0050569a887c","resourceVersion":"66122275","creationTimestamp":"2018-09-13T06:52:58Z","labels":{"chart":"digitalexp-api-0.1.1-0102","expose":"true","microservice":"digitalexp-api","project":"digitalexp-api","provider":"amdocs","release":"digitalexpapi-release"},"annotations":{"fabric8.io/iconUrl":"img/icons/spring-boot.svg","kubectl.kubernetes.io/last-applied-configuration":"{\"apiVersion\":\"v1\",\"kind\":\"Service\",\"metadata\":{\"annotations\":{\"fabric8.io/iconUrl\":\"img/icons/spring-boot.svg\"},\"creationTimestamp\":null,\"labels\":{\"chart\":\"digitalexp-api-0.1.1-0102\",\"expose\":\"true\",\"microservice\":\"digitalexp-api\",\"project\":\"digitalexp-api\",\"provider\":\"amdocs\",\"release\":\"digitalexpapi-release\"},\"name\":\"digitalexp-api-service\",\"namespace\":\"oc-cd-1017-pranavd-pd\"},\"spec\":{\"externalTrafficPolicy\":\"Cluster\",\"ports\":[{\"name\":\"http\",\"port\":8080,\"protocol\":\"TCP\",\"targetPort\":8080},{\"name\":\"metrics\",\"port\":5555,\"protocol\":\"TCP\",\"targetPort\":\"metrics\"}],\"selector\":{\"microservice\":\"digitalexp-api\",\"project\":\"digitalexp-api\",\"provider\":\"amdocs\",\"release\":\"digitalexpapi-release\"},\"sessionAffinity\":\"None\",\"type\":\"NodePort\"},\"status\":{\"loadBalancer\":{}}}\n"}},"spec":{"ports":[{"name":"http","protocol":"TCP","port":8080,"targetPort":8080,"nodePort":32773},{"name":"metrics","protocol":"TCP","port":5555,"targetPort":"metrics","nodePort":31147}],"selector":{"microservice":"digitalexp-api","project":"digitalexp-api","provider":"amdocs","release":"digitalexpapi-release"},"clusterIP":"172.30.8.121","type":"NodePort","sessionAffinity":"None","externalTrafficPolicy":"Cluster"},"status":{"loadBalancer":{}}},{"metadata":{"name":"dispatcher-service","namespace":"oc-cd-1017-pranavd-pd","selfLink":"/api/v1/namespaces/oc-cd-1017-pranavd-pd/services/dispatcher-service","uid":"a6407ce8-b721-11e8-bb86-0050569a887c","resourceVersion":"66122289","creationTimestamp":"2018-09-13T06:52:58Z","labels":{"app":"dispatcher-service","chart":"dispatcher-service-1.5.0","prometheus":"amdocs-prometheus","release":"dispatcher-service-release"},"annotations":{"kubectl.kubernetes.io/last-applied-configuration":"{\"apiVersion\":\"v1\",\"kind\":\"Service\",\"metadata\":{\"annotations\":{},\"creationTimestamp\":null,\"labels\":{\"app\":\"dispatcher-service\",\"chart\":\"dispatcher-service-1.5.0\",\"prometheus\":\"amdocs-prometheus\",\"release\":\"dispatcher-service-release\"},\"name\":\"dispatcher-service\",\"namespace\":\"oc-cd-1017-pranavd-pd\"},\"spec\":{\"externalTrafficPolicy\":\"Cluster\",\"ports\":[{\"name\":\"server\",\"port\":8080,\"protocol\":\"TCP\",\"targetPort\":\"server\"},{\"name\":\"management\",\"port\":8081,\"protocol\":\"TCP\",\"targetPort\":\"management\"},{\"name\":\"metrics\",\"port\":5555,\"protocol\":\"TCP\",\"targetPort\":\"metrics\"},{\"name\":\"debug\",\"port\":5005,\"protocol\":\"TCP\",\"targetPort\":\"debug\"}],\"selector\":{\"app\":\"dispatcher-service\",\"group\":\"com.amdocs.catalogone\",\"provider\":\"amdocs\",\"release\":\"dispatcher-service-release\"},\"sessionAffinity\":\"None\",\"type\":\"NodePort\"},\"status\":{\"loadBalancer\":{}}}\n"}},"spec":{"ports":[{"name":"server","protocol":"TCP","port":8080,"targetPort":"server","nodePort":32299},{"name":"management","protocol":"TCP","port":8081,"targetPort":"management","nodePort":33176},{"name":"metrics","protocol":"TCP","port":5555,"targetPort":"metrics","nodePort":30397},{"name":"debug","protocol":"TCP","port":5005,"targetPort":"debug","nodePort":30537}],"selector":{"app":"dispatcher-service","group":"com.amdocs.catalogone","provider":"amdocs","release":"dispatcher-service-release"},"clusterIP":"172.30.210.226","type":"NodePort","sessionAffinity":"None","externalTrafficPolicy":"Cluster"},"status":{"loadBalancer":{}}},{"metadata":{"name":"elasticsearch-service","namespace":"oc-cd-1017-pranavd-pd","selfLink":"/api/v1/namespaces/oc-cd-1017-pranavd-pd/services/elasticsearch-service","uid":"9da30b3a-b721-11e8-bb86-0050569a887c","resourceVersion":"66122298","creationTimestamp":"2018-09-13T06:52:44Z","annotations":{"kubectl.kubernetes.io/last-applied-configuration":"{\"apiVersion\":\"v1\",\"kind\":\"Service\",\"metadata\":{\"annotations\":{},\"creationTimestamp\":null,\"name\":\"elasticsearch-service\",\"namespace\":\"oc-cd-1017-pranavd-pd\"},\"spec\":{\"ports\":[{\"name\":\"elasticsearch-port\",\"port\":9200,\"protocol\":\"TCP\",\"targetPort\":9200}],\"sessionAffinity\":\"None\",\"type\":\"ClusterIP\"},\"status\":{\"loadBalancer\":{}}}\n"}},"spec":{"ports":[{"name":"elasticsearch-port","protocol":"TCP","port":9200,"targetPort":9200}],"clusterIP":"172.30.186.11","type":"ClusterIP","sessionAffinity":"None"},"status":{"loadBalancer":{}}},{"metadata":{"name":"import-service","namespace":"oc-cd-1017-pranavd-pd","selfLink":"/api/v1/namespaces/oc-cd-1017-pranavd-pd/services/import-service","uid":"a6623c5d-b721-11e8-bb86-0050569a887c","resourceVersion":"66122310","creationTimestamp":"2018-09-13T06:52:58Z","labels":{"app":"import-service","chart":"import-service-1.3.0","heritage":"Tiller","monitored":"prometheus","monitoring":"prometheus","prometheus":"amdocs-prometheus","release":"import-service-release"},"annotations":{"kubectl.kubernetes.io/last-applied-configuration":"{\"apiVersion\":\"v1\",\"kind\":\"Service\",\"metadata\":{\"annotations\":{},\"creationTimestamp\":null,\"labels\":{\"app\":\"import-service\",\"chart\":\"import-service-1.3.0\",\"heritage\":\"Tiller\",\"monitored\":\"prometheus\",\"monitoring\":\"prometheus\",\"prometheus\":\"amdocs-prometheus\",\"release\":\"import-service-release\"},\"name\":\"import-service\",\"namespace\":\"oc-cd-1017-pranavd-pd\"},\"spec\":{\"externalTrafficPolicy\":\"Cluster\",\"ports\":[{\"name\":\"server\",\"port\":8080,\"protocol\":\"TCP\",\"targetPort\":8080},{\"name\":\"management\",\"port\":8081,\"protocol\":\"TCP\",\"targetPort\":8081},{\"name\":\"metrics\",\"port\":5555,\"protocol\":\"TCP\",\"targetPort\":\"metrics\"}],\"selector\":{\"app\":\"import-service\",\"group\":\"com.amdocs.catalogone\",\"provider\":\"amdocs\",\"release\":\"import-service-release\"},\"sessionAffinity\":\"None\",\"type\":\"NodePort\"},\"status\":{\"loadBalancer\":{}}}\n"}},"spec":{"ports":[{"name":"server","protocol":"TCP","port":8080,"targetPort":8080,"nodePort":31710},{"name":"management","protocol":"TCP","port":8081,"targetPort":8081,"nodePort":30570},{"name":"metrics","protocol":"TCP","port":5555,"targetPort":"metrics","nodePort":32824}],"selector":{"app":"import-service","group":"com.amdocs.catalogone","provider":"amdocs","release":"import-service-release"},"clusterIP":"172.30.130.217","type":"NodePort","sessionAffinity":"None","externalTrafficPolicy":"Cluster"},"status":{"loadBalancer":{}}},{"metadata":{"name":"jenkins","namespace":"oc-cd-1017-pranavd-pd","selfLink":"/api/v1/namespaces/oc-cd-1017-pranavd-pd/services/jenkins","uid":"a66c99db-b721-11e8-bb86-0050569a887c","resourceVersion":"66122314","creationTimestamp":"2018-09-13T06:52:58Z","annotations":{"kubectl.kubernetes.io/last-applied-configuration":"{\"apiVersion\":\"v1\",\"kind\":\"Service\",\"metadata\":{\"annotations\":{},\"creationTimestamp\":null,\"name\":\"jenkins\",\"namespace\":\"oc-cd-1017-pranavd-pd\"},\"spec\":{\"ports\":[{\"name\":\"web\",\"port\":80,\"protocol\":\"TCP\",\"targetPort\":8080}],\"sessionAffinity\":\"None\",\"type\":\"ClusterIP\"},\"status\":{\"loadBalancer\":{}}}\n"}},"spec":{"ports":[{"name":"web","protocol":"TCP","port":80,"targetPort":8080}],"clusterIP":"172.30.47.210","type":"ClusterIP","sessionAffinity":"None"},"status":{"loadBalancer":{}}},{"metadata":{"name":"jenkins-jnlp","namespace":"oc-cd-1017-pranavd-pd","selfLink":"/api/v1/namespaces/oc-cd-1017-pranavd-pd/services/jenkins-jnlp","uid":"a6745a9a-b721-11e8-bb86-0050569a887c","resourceVersion":"66122318","creationTimestamp":"2018-09-13T06:52:58Z","annotations":{"kubectl.kubernetes.io/last-applied-configuration":"{\"apiVersion\":\"v1\",\"kind\":\"Service\",\"metadata\":{\"annotations\":{},\"creationTimestamp\":null,\"name\":\"jenkins-jnlp\",\"namespace\":\"oc-cd-1017-pranavd-pd\"},\"spec\":{\"ports\":[{\"name\":\"agent\",\"port\":50000,\"protocol\":\"TCP\",\"targetPort\":50000}],\"sessionAffinity\":\"None\",\"type\":\"ClusterIP\"},\"status\":{\"loadBalancer\":{}}}\n"}},"spec":{"ports":[{"name":"agent","protocol":"TCP","port":50000,"targetPort":50000}],"clusterIP":"172.30.230.22","type":"ClusterIP","sessionAffinity":"None"},"status":{"loadBalancer":{}}},{"metadata":{"name":"kafka-service","namespace":"oc-cd-1017-pranavd-pd","selfLink":"/api/v1/namespaces/oc-cd-1017-pranavd-pd/services/kafka-service","uid":"9db38a98-b721-11e8-bb86-0050569a887c","resourceVersion":"66120865","creationTimestamp":"2018-09-13T06:52:44Z","labels":{"projectexportable":"No"},"annotations":{"kubectl.kubernetes.io/last-applied-configuration":"{\"apiVersion\":\"v1\",\"kind\":\"Service\",\"metadata\":{\"annotations\":{},\"labels\":{\"projectexportable\":\"No\"},\"name\":\"kafka-service\",\"namespace\":\"oc-cd-1017-pranavd-pd\"},\"spec\":{\"ports\":[{\"name\":\"kafka-port\",\"nodePort\":0,\"port\":9092,\"protocol\":\"TCP\",\"targetPort\":9092}],\"selector\":{}}}\n"}},"spec":{"ports":[{"name":"kafka-port","protocol":"TCP","port":9092,"targetPort":9092}],"clusterIP":"172.30.108.55","type":"ClusterIP","sessionAffinity":"None"},"status":{"loadBalancer":{}}},{"metadata":{"name":"managed-resource-service","namespace":"oc-cd-1017-pranavd-pd","selfLink":"/api/v1/namespaces/oc-cd-1017-pranavd-pd/services/managed-resource-service","uid":"a67e43fb-b721-11e8-bb86-0050569a887c","resourceVersion":"66122323","creationTimestamp":"2018-09-13T06:52:58Z","labels":{"chart":"managed-resource-0.1.1-0031","expose":"true","microservice":"managed-resource","project":"managed-resource","provider":"amdocs","release":"managed-resource-release"},"annotations":{"fabric8.io/iconUrl":"img/icons/spring-boot.svg","kubectl.kubernetes.io/last-applied-configuration":"{\"apiVersion\":\"v1\",\"kind\":\"Service\",\"metadata\":{\"annotations\":{\"fabric8.io/iconUrl\":\"img/icons/spring-boot.svg\"},\"creationTimestamp\":null,\"labels\":{\"chart\":\"managed-resource-0.1.1-0031\",\"expose\":\"true\",\"microservice\":\"managed-resource\",\"project\":\"managed-resource\",\"provider\":\"amdocs\",\"release\":\"managed-resource-release\"},\"name\":\"managed-resource-service\",\"namespace\":\"oc-cd-1017-pranavd-pd\"},\"spec\":{\"externalTrafficPolicy\":\"Cluster\",\"ports\":[{\"name\":\"http\",\"port\":8080,\"protocol\":\"TCP\",\"targetPort\":8080},{\"name\":\"metrics\",\"port\":5555,\"protocol\":\"TCP\",\"targetPort\":\"metrics\"}],\"selector\":{\"microservice\":\"managed-resource\",\"project\":\"managed-resource\",\"provider\":\"amdocs\",\"release\":\"managed-resource-release\"},\"sessionAffinity\":\"None\",\"type\":\"NodePort\"},\"status\":{\"loadBalancer\":{}}}\n"}},"spec":{"ports":[{"name":"http","protocol":"TCP","port":8080,"targetPort":8080,"nodePort":33039},{"name":"metrics","protocol":"TCP","port":5555,"targetPort":"metrics","nodePort":33526}],"selector":{"microservice":"managed-resource","project":"managed-resource","provider":"amdocs","release":"managed-resource-release"},"clusterIP":"172.30.195.9","type":"NodePort","sessionAffinity":"None","externalTrafficPolicy":"Cluster"},"status":{"loadBalancer":{}}},{"metadata":{"name":"metadata-entity-command-service","namespace":"oc-cd-1017-pranavd-pd","selfLink":"/api/v1/namespaces/oc-cd-1017-pranavd-pd/services/metadata-entity-command-service","uid":"a68ec63a-b721-11e8-bb86-0050569a887c","resourceVersion":"66122333","creationTimestamp":"2018-09-13T06:52:59Z","labels":{"app":"metadata-entity-command-service","prometheus":"amdocs-prometheus","release":"metadata-entity-command-release"},"annotations":{"kubectl.kubernetes.io/last-applied-configuration":"{\"apiVersion\":\"v1\",\"kind\":\"Service\",\"metadata\":{\"annotations\":{},\"creationTimestamp\":null,\"labels\":{\"app\":\"metadata-entity-command-service\",\"prometheus\":\"amdocs-prometheus\",\"release\":\"metadata-entity-command-release\"},\"name\":\"metadata-entity-command-service\",\"namespace\":\"oc-cd-1017-pranavd-pd\"},\"spec\":{\"externalTrafficPolicy\":\"Cluster\",\"ports\":[{\"name\":\"server\",\"port\":8080,\"protocol\":\"TCP\",\"targetPort\":\"server\"},{\"name\":\"management\",\"port\":8081,\"protocol\":\"TCP\",\"targetPort\":\"management\"},{\"name\":\"metrics\",\"port\":5555,\"protocol\":\"TCP\",\"targetPort\":\"metrics\"},{\"name\":\"debug\",\"port\":5005,\"protocol\":\"TCP\",\"targetPort\":\"debug\"}],\"selector\":{\"app\":\"metadata-entity-command-service\",\"group\":\"com.amdocs.catalogone\",\"release\":\"metadata-entity-command-release\"},\"sessionAffinity\":\"None\",\"type\":\"NodePort\"},\"status\":{\"loadBalancer\":{}}}\n"}},"spec":{"ports":[{"name":"server","protocol":"TCP","port":8080,"targetPort":"server","nodePort":31182},{"name":"management","protocol":"TCP","port":8081,"targetPort":"management","nodePort":30402},{"name":"metrics","protocol":"TCP","port":5555,"targetPort":"metrics","nodePort":31226},{"name":"debug","protocol":"TCP","port":5005,"targetPort":"debug","nodePort":33756}],"selector":{"app":"metadata-entity-command-service","group":"com.amdocs.catalogone","release":"metadata-entity-command-release"},"clusterIP":"172.30.47.117","type":"NodePort","sessionAffinity":"None","externalTrafficPolicy":"Cluster"},"status":{"loadBalancer":{}}},{"metadata":{"name":"orderitemaccessor-service","namespace":"oc-cd-1017-pranavd-pd","selfLink":"/api/v1/namespaces/oc-cd-1017-pranavd-pd/services/orderitemaccessor-service","uid":"a6a74533-b721-11e8-bb86-0050569a887c","resourceVersion":"66122346","creationTimestamp":"2018-09-13T06:52:59Z","labels":{"chart":"orderitemaccessor-1.0.1-0007","expose":"true","microservice":"orderitemaccessor","monitored":"prometheus","monitoring":"prometheus","project":"orderitemaccessor","provider":"amdocs","release":"orderitemaccessor-release"},"annotations":{"fabric8.io/iconUrl":"img/icons/spring-boot.svg","kubectl.kubernetes.io/last-applied-configuration":"{\"apiVersion\":\"v1\",\"kind\":\"Service\",\"metadata\":{\"annotations\":{\"fabric8.io/iconUrl\":\"img/icons/spring-boot.svg\"},\"creationTimestamp\":null,\"labels\":{\"chart\":\"orderitemaccessor-1.0.1-0007\",\"expose\":\"true\",\"microservice\":\"orderitemaccessor\",\"monitored\":\"prometheus\",\"monitoring\":\"prometheus\",\"project\":\"orderitemaccessor\",\"provider\":\"amdocs\",\"release\":\"orderitemaccessor-release\"},\"name\":\"orderitemaccessor-service\",\"namespace\":\"oc-cd-1017-pranavd-pd\"},\"spec\":{\"externalTrafficPolicy\":\"Cluster\",\"ports\":[{\"name\":\"http\",\"port\":8080,\"protocol\":\"TCP\",\"targetPort\":8080},{\"name\":\"metrics\",\"port\":5555,\"protocol\":\"TCP\",\"targetPort\":\"metrics\"}],\"selector\":{\"microservice\":\"orderitemaccessor\",\"project\":\"orderitemaccessor\",\"provider\":\"amdocs\",\"release\":\"orderitemaccessor-release\"},\"sessionAffinity\":\"None\",\"type\":\"NodePort\"},\"status\":{\"loadBalancer\":{}}}\n"}},"spec":{"ports":[{"name":"http","protocol":"TCP","port":8080,"targetPort":8080,"nodePort":30446},{"name":"metrics","protocol":"TCP","port":5555,"targetPort":"metrics","nodePort":32482}],"selector":{"microservice":"orderitemaccessor","project":"orderitemaccessor","provider":"amdocs","release":"orderitemaccessor-release"},"clusterIP":"172.30.0.232","type":"NodePort","sessionAffinity":"None","externalTrafficPolicy":"Cluster"},"status":{"loadBalancer":{}}},{"metadata":{"name":"paymentmanagement-payment-service","namespace":"oc-cd-1017-pranavd-pd","selfLink":"/api/v1/namespaces/oc-cd-1017-pranavd-pd/services/paymentmanagement-payment-service","uid":"a6b59005-b721-11e8-bb86-0050569a887c","resourceVersion":"66122355","creationTimestamp":"2018-09-13T06:52:59Z","labels":{"chart":"paymentmanagement-payment-0.1.1-0025","expose":"true","microservice":"paymentmanagement-paymen","monitored":"prometheus","monitoring":"prometheus","project":"paymentmanagement-payment","provider":"amdocs","release":"paymentmanagement-payment-release"},"annotations":{"fabric8.io/iconUrl":"img/icons/spring-boot.svg","kubectl.kubernetes.io/last-applied-configuration":"{\"apiVersion\":\"v1\",\"kind\":\"Service\",\"metadata\":{\"annotations\":{\"fabric8.io/iconUrl\":\"img/icons/spring-boot.svg\"},\"creationTimestamp\":null,\"labels\":{\"chart\":\"paymentmanagement-payment-0.1.1-0025\",\"expose\":\"true\",\"microservice\":\"paymentmanagement-paymen\",\"monitored\":\"prometheus\",\"monitoring\":\"prometheus\",\"project\":\"paymentmanagement-payment\",\"provider\":\"amdocs\",\"release\":\"paymentmanagement-payment-release\"},\"name\":\"paymentmanagement-payment-service\",\"namespace\":\"oc-cd-1017-pranavd-pd\"},\"spec\":{\"externalTrafficPolicy\":\"Cluster\",\"ports\":[{\"name\":\"http\",\"port\":8080,\"protocol\":\"TCP\",\"targetPort\":8080},{\"name\":\"https\",\"port\":8443,\"protocol\":\"TCP\",\"targetPort\":\"https\"},{\"name\":\"metrics\",\"port\":5555,\"protocol\":\"TCP\",\"targetPort\":\"metrics\"},{\"name\":\"jacoco\",\"port\":6300,\"protocol\":\"TCP\",\"targetPort\":6300},{\"name\":\"management\",\"port\":18080,\"protocol\":\"TCP\",\"targetPort\":18080}],\"selector\":{\"microservice\":\"paymentmanagement-paymen\",\"project\":\"paymentmanagement-payment\",\"provider\":\"amdocs\",\"release\":\"paymentmanagement-payment-release\"},\"sessionAffinity\":\"None\",\"type\":\"NodePort\"},\"status\":{\"loadBalancer\":{}}}\n"}},"spec":{"ports":[{"name":"http","protocol":"TCP","port":8080,"targetPort":8080,"nodePort":30454},{"name":"https","protocol":"TCP","port":8443,"targetPort":"https","nodePort":31587},{"name":"metrics","protocol":"TCP","port":5555,"targetPort":"metrics","nodePort":34133},{"name":"jacoco","protocol":"TCP","port":6300,"targetPort":6300,"nodePort":31230},{"name":"management","protocol":"TCP","port":18080,"targetPort":18080,"nodePort":31509}],"selector":{"microservice":"paymentmanagement-paymen","project":"paymentmanagement-payment","provider":"amdocs","release":"paymentmanagement-payment-release"},"clusterIP":"172.30.119.109","type":"NodePort","sessionAffinity":"None","externalTrafficPolicy":"Cluster"},"status":{"loadBalancer":{}}},{"metadata":{"name":"phoneportin-phoneportinbridge-service","namespace":"oc-cd-1017-pranavd-pd","selfLink":"/api/v1/namespaces/oc-cd-1017-pranavd-pd/services/phoneportin-phoneportinbridge-service","uid":"a6c5ba33-b721-11e8-bb86-0050569a887c","resourceVersion":"66122365","creationTimestamp":"2018-09-13T06:52:59Z","labels":{"chart":"phoneportin-phoneportinbridge-0.1.1-0017","expose":"true","microservice":"phoneportin-phoneportinb","monitored":"prometheus","monitoring":"prometheus","project":"phoneportin-phoneportinbridge","provider":"amdocs","release":"phoneportin-phoneportinbridge-release"},"annotations":{"fabric8.io/iconUrl":"img/icons/spring-boot.svg","kubectl.kubernetes.io/last-applied-configuration":"{\"apiVersion\":\"v1\",\"kind\":\"Service\",\"metadata\":{\"annotations\":{\"fabric8.io/iconUrl\":\"img/icons/spring-boot.svg\"},\"creationTimestamp\":null,\"labels\":{\"chart\":\"phoneportin-phoneportinbridge-0.1.1-0017\",\"expose\":\"true\",\"microservice\":\"phoneportin-phoneportinb\",\"monitored\":\"prometheus\",\"monitoring\":\"prometheus\",\"project\":\"phoneportin-phoneportinbridge\",\"provider\":\"amdocs\",\"release\":\"phoneportin-phoneportinbridge-release\"},\"name\":\"phoneportin-phoneportinbridge-service\",\"namespace\":\"oc-cd-1017-pranavd-pd\"},\"spec\":{\"externalTrafficPolicy\":\"Cluster\",\"ports\":[{\"name\":\"http\",\"port\":8080,\"protocol\":\"TCP\",\"targetPort\":8080},{\"name\":\"https\",\"port\":8443,\"protocol\":\"TCP\",\"targetPort\":\"https\"},{\"name\":\"metrics\",\"port\":5555,\"protocol\":\"TCP\",\"targetPort\":\"metrics\"}],\"selector\":{\"microservice\":\"phoneportin-phoneportinb\",\"project\":\"phoneportin-phoneportinbridge\",\"provider\":\"amdocs\",\"release\":\"phoneportin-phoneportinbridge-release\"},\"sessionAffinity\":\"None\",\"type\":\"NodePort\"},\"status\":{\"loadBalancer\":{}}}\n"}},"spec":{"ports":[{"name":"http","protocol":"TCP","port":8080,"targetPort":8080,"nodePort":32054},{"name":"https","protocol":"TCP","port":8443,"targetPort":"https","nodePort":33343},{"name":"metrics","protocol":"TCP","port":5555,"targetPort":"metrics","nodePort":30711}],"selector":{"microservice":"phoneportin-phoneportinb","project":"phoneportin-phoneportinbridge","provider":"amdocs","release":"phoneportin-phoneportinbridge-release"},"clusterIP":"172.30.184.15","type":"NodePort","sessionAffinity":"None","externalTrafficPolicy":"Cluster"},"status":{"loadBalancer":{}}},{"metadata":{"name":"pi-factory-service","namespace":"oc-cd-1017-pranavd-pd","selfLink":"/api/v1/namespaces/oc-cd-1017-pranavd-pd/services/pi-factory-service","uid":"a6d66ace-b721-11e8-bb86-0050569a887c","resourceVersion":"66122376","creationTimestamp":"2018-09-13T06:52:59Z","labels":{"chart":"pi-factory-0.1.1-0051","expose":"true","microservice":"pi-factory","monitored":"prometheus","monitoring":"prometheus","project":"pi-factory","provider":"amdocs","release":"pi-factory-release"},"annotations":{"fabric8.io/iconUrl":"img/icons/spring-boot.svg","kubectl.kubernetes.io/last-applied-configuration":"{\"apiVersion\":\"v1\",\"kind\":\"Service\",\"metadata\":{\"annotations\":{\"fabric8.io/iconUrl\":\"img/icons/spring-boot.svg\"},\"creationTimestamp\":null,\"labels\":{\"chart\":\"pi-factory-0.1.1-0051\",\"expose\":\"true\",\"microservice\":\"pi-factory\",\"monitored\":\"prometheus\",\"monitoring\":\"prometheus\",\"project\":\"pi-factory\",\"provider\":\"amdocs\",\"release\":\"pi-factory-release\"},\"name\":\"pi-factory-service\",\"namespace\":\"oc-cd-1017-pranavd-pd\"},\"spec\":{\"externalTrafficPolicy\":\"Cluster\",\"ports\":[{\"name\":\"http\",\"port\":8080,\"protocol\":\"TCP\",\"targetPort\":8080},{\"name\":\"metrics\",\"port\":5555,\"protocol\":\"TCP\",\"targetPort\":\"metrics\"},{\"name\":\"jacoco\",\"port\":6300,\"protocol\":\"TCP\",\"targetPort\":6300},{\"name\":\"management\",\"port\":8081,\"protocol\":\"TCP\",\"targetPort\":8081}],\"selector\":{\"microservice\":\"pi-factory\",\"project\":\"pi-factory\",\"provider\":\"amdocs\",\"release\":\"pi-factory-release\"},\"sessionAffinity\":\"None\",\"type\":\"NodePort\"},\"status\":{\"loadBalancer\":{}}}\n"}},"spec":{"ports":[{"name":"http","protocol":"TCP","port":8080,"targetPort":8080,"nodePort":31345},{"name":"metrics","protocol":"TCP","port":5555,"targetPort":"metrics","nodePort":30462},{"name":"jacoco","protocol":"TCP","port":6300,"targetPort":6300,"nodePort":32526},{"name":"management","protocol":"TCP","port":8081,"targetPort":8081,"nodePort":35431}],"selector":{"microservice":"pi-factory","project":"pi-factory","provider":"amdocs","release":"pi-factory-release"},"clusterIP":"172.30.205.149","type":"NodePort","sessionAffinity":"None","externalTrafficPolicy":"Cluster"},"status":{"loadBalancer":{}}},{"metadata":{"name":"pi-product-service","namespace":"oc-cd-1017-pranavd-pd","selfLink":"/api/v1/namespaces/oc-cd-1017-pranavd-pd/services/pi-product-service","uid":"a6e5a0ec-b721-11e8-bb86-0050569a887c","resourceVersion":"66122383","creationTimestamp":"2018-09-13T06:52:59Z","labels":{"chart":"pi-product-0.1.1-0046","expose":"true","microservice":"pi-product","monitored":"prometheus","monitoring":"prometheus","project":"pi-product","provider":"amdocs","release":"pi-product-release"},"annotations":{"fabric8.io/iconUrl":"img/icons/spring-boot.svg","kubectl.kubernetes.io/last-applied-configuration":"{\"apiVersion\":\"v1\",\"kind\":\"Service\",\"metadata\":{\"annotations\":{\"fabric8.io/iconUrl\":\"img/icons/spring-boot.svg\"},\"creationTimestamp\":null,\"labels\":{\"chart\":\"pi-product-0.1.1-0046\",\"expose\":\"true\",\"microservice\":\"pi-product\",\"monitored\":\"prometheus\",\"monitoring\":\"prometheus\",\"project\":\"pi-product\",\"provider\":\"amdocs\",\"release\":\"pi-product-release\"},\"name\":\"pi-product-service\",\"namespace\":\"oc-cd-1017-pranavd-pd\"},\"spec\":{\"externalTrafficPolicy\":\"Cluster\",\"ports\":[{\"name\":\"http\",\"port\":8080,\"protocol\":\"TCP\",\"targetPort\":8080},{\"name\":\"metrics\",\"port\":5555,\"protocol\":\"TCP\",\"targetPort\":\"metrics\"}],\"selector\":{\"microservice\":\"pi-product\",\"project\":\"pi-product\",\"provider\":\"amdocs\",\"release\":\"pi-product-release\"},\"sessionAffinity\":\"None\",\"type\":\"NodePort\"},\"status\":{\"loadBalancer\":{}}}\n"}},"spec":{"ports":[{"name":"http","protocol":"TCP","port":8080,"targetPort":8080,"nodePort":34224},{"name":"metrics","protocol":"TCP","port":5555,"targetPort":"metrics","nodePort":34750}],"selector":{"microservice":"pi-product","project":"pi-product","provider":"amdocs","release":"pi-product-release"},"clusterIP":"172.30.253.205","type":"NodePort","sessionAffinity":"None","externalTrafficPolicy":"Cluster"},"status":{"loadBalancer":{}}},{"metadata":{"name":"pi-validateproduct-service","namespace":"oc-cd-1017-pranavd-pd","selfLink":"/api/v1/namespaces/oc-cd-1017-pranavd-pd/services/pi-validateproduct-service","uid":"a6f7e7cb-b721-11e8-bb86-0050569a887c","resourceVersion":"66122395","creationTimestamp":"2018-09-13T06:52:59Z","labels":{"chart":"pi-validateproduct-0.1.1-0028","expose":"true","microservice":"pi-validateproduct","monitored":"prometheus","monitoring":"prometheus","project":"pi-validateproduct","provider":"amdocs","release":"pi-validateproduct-release"},"annotations":{"fabric8.io/iconUrl":"img/icons/spring-boot.svg","kubectl.kubernetes.io/last-applied-configuration":"{\"apiVersion\":\"v1\",\"kind\":\"Service\",\"metadata\":{\"annotations\":{\"fabric8.io/iconUrl\":\"img/icons/spring-boot.svg\"},\"creationTimestamp\":null,\"labels\":{\"chart\":\"pi-validateproduct-0.1.1-0028\",\"expose\":\"true\",\"microservice\":\"pi-validateproduct\",\"monitored\":\"prometheus\",\"monitoring\":\"prometheus\",\"project\":\"pi-validateproduct\",\"provider\":\"amdocs\",\"release\":\"pi-validateproduct-release\"},\"name\":\"pi-validateproduct-service\",\"namespace\":\"oc-cd-1017-pranavd-pd\"},\"spec\":{\"externalTrafficPolicy\":\"Cluster\",\"ports\":[{\"name\":\"http\",\"port\":8080,\"protocol\":\"TCP\",\"targetPort\":8080},{\"name\":\"metrics\",\"port\":5555,\"protocol\":\"TCP\",\"targetPort\":\"metrics\"},{\"name\":\"jacoco\",\"port\":6300,\"protocol\":\"TCP\",\"targetPort\":6300}],\"selector\":{\"microservice\":\"pi-validateproduct\",\"project\":\"pi-validateproduct\",\"provider\":\"amdocs\",\"release\":\"pi-validateproduct-release\"},\"sessionAffinity\":\"None\",\"type\":\"NodePort\"},\"status\":{\"loadBalancer\":{}}}\n"}},"spec":{"ports":[{"name":"http","protocol":"TCP","port":8080,"targetPort":8080,"nodePort":34572},{"name":"metrics","protocol":"TCP","port":5555,"targetPort":"metrics","nodePort":34122},{"name":"jacoco","protocol":"TCP","port":6300,"targetPort":6300,"nodePort":35317}],"selector":{"microservice":"pi-validateproduct","project":"pi-validateproduct","provider":"amdocs","release":"pi-validateproduct-release"},"clusterIP":"172.30.47.40","type":"NodePort","sessionAffinity":"None","externalTrafficPolicy":"Cluster"},"status":{"loadBalancer":{}}},{"metadata":{"name":"pod-category-service","namespace":"oc-cd-1017-pranavd-pd","selfLink":"/api/v1/namespaces/oc-cd-1017-pranavd-pd/services/pod-category-service","uid":"a707ca83-b721-11e8-bb86-0050569a887c","resourceVersion":"66122401","creationTimestamp":"2018-09-13T06:52:59Z","labels":{"chart":"pod-category-0.1.1-0015","expose":"true","microservice":"pod-category","monitored":"prometheus","monitoring":"prometheus","project":"pod-category","provider":"amdocs","release":"pod-category-release"},"annotations":{"fabric8.io/iconUrl":"img/icons/spring-boot.svg","kubectl.kubernetes.io/last-applied-configuration":"{\"apiVersion\":\"v1\",\"kind\":\"Service\",\"metadata\":{\"annotations\":{\"fabric8.io/iconUrl\":\"img/icons/spring-boot.svg\"},\"creationTimestamp\":null,\"labels\":{\"chart\":\"pod-category-0.1.1-0015\",\"expose\":\"true\",\"microservice\":\"pod-category\",\"monitored\":\"prometheus\",\"monitoring\":\"prometheus\",\"project\":\"pod-category\",\"provider\":\"amdocs\",\"release\":\"pod-category-release\"},\"name\":\"pod-category-service\",\"namespace\":\"oc-cd-1017-pranavd-pd\"},\"spec\":{\"externalTrafficPolicy\":\"Cluster\",\"ports\":[{\"name\":\"http\",\"port\":8080,\"protocol\":\"TCP\",\"targetPort\":8080},{\"name\":\"metrics\",\"port\":5555,\"protocol\":\"TCP\",\"targetPort\":\"metrics\"}],\"selector\":{\"microservice\":\"pod-category\",\"project\":\"pod-category\",\"provider\":\"amdocs\",\"release\":\"pod-category-release\"},\"sessionAffinity\":\"None\",\"type\":\"NodePort\"},\"status\":{\"loadBalancer\":{}}}\n"}},"spec":{"ports":[{"name":"http","protocol":"TCP","port":8080,"targetPort":8080,"nodePort":35227},{"name":"metrics","protocol":"TCP","port":5555,"targetPort":"metrics","nodePort":32828}],"selector":{"microservice":"pod-category","project":"pod-category","provider":"amdocs","release":"pod-category-release"},"clusterIP":"172.30.243.145","type":"NodePort","sessionAffinity":"None","externalTrafficPolicy":"Cluster"},"status":{"loadBalancer":{}}},{"metadata":{"name":"pod-experience-service","namespace":"oc-cd-1017-pranavd-pd","selfLink":"/api/v1/namespaces/oc-cd-1017-pranavd-pd/services/pod-experience-service","uid":"a71a13fb-b721-11e8-bb86-0050569a887c","resourceVersion":"66122409","creationTimestamp":"2018-09-13T06:53:00Z","labels":{"chart":"pod-experience-0.1.1-0030","expose":"true","microservice":"pod-experience","monitored":"prometheus","monitoring":"prometheus","project":"pod-experience","provider":"amdocs","release":"pod-experience-release"},"annotations":{"fabric8.io/iconUrl":"img/icons/spring-boot.svg","kubectl.kubernetes.io/last-applied-configuration":"{\"apiVersion\":\"v1\",\"kind\":\"Service\",\"metadata\":{\"annotations\":{\"fabric8.io/iconUrl\":\"img/icons/spring-boot.svg\"},\"creationTimestamp\":null,\"labels\":{\"chart\":\"pod-experience-0.1.1-0030\",\"expose\":\"true\",\"microservice\":\"pod-experience\",\"monitored\":\"prometheus\",\"monitoring\":\"prometheus\",\"project\":\"pod-experience\",\"provider\":\"amdocs\",\"release\":\"pod-experience-release\"},\"name\":\"pod-experience-service\",\"namespace\":\"oc-cd-1017-pranavd-pd\"},\"spec\":{\"externalTrafficPolicy\":\"Cluster\",\"ports\":[{\"name\":\"http\",\"port\":8080,\"protocol\":\"TCP\",\"targetPort\":8080},{\"name\":\"metrics\",\"port\":5555,\"protocol\":\"TCP\",\"targetPort\":\"metrics\"}],\"selector\":{\"microservice\":\"pod-experience\",\"project\":\"pod-experience\",\"provider\":\"amdocs\",\"release\":\"pod-experience-release\"},\"sessionAffinity\":\"None\",\"type\":\"NodePort\"},\"status\":{\"loadBalancer\":{}}}\n"}},"spec":{"ports":[{"name":"http","protocol":"TCP","port":8080,"targetPort":8080,"nodePort":32525},{"name":"metrics","protocol":"TCP","port":5555,"targetPort":"metrics","nodePort":31297}],"selector":{"microservice":"pod-experience","project":"pod-experience","provider":"amdocs","release":"pod-experience-release"},"clusterIP":"172.30.205.217","type":"NodePort","sessionAffinity":"None","externalTrafficPolicy":"Cluster"},"status":{"loadBalancer":{}}},{"metadata":{"name":"pod-price-service","namespace":"oc-cd-1017-pranavd-pd","selfLink":"/api/v1/namespaces/oc-cd-1017-pranavd-pd/services/pod-price-service","uid":"a72bc0ae-b721-11e8-bb86-0050569a887c","resourceVersion":"66122414","creationTimestamp":"2018-09-13T06:53:00Z","labels":{"chart":"pod-price-0.1.1-0055","expose":"true","microservice":"pod-price","project":"pod-price","provider":"amdocs","release":"pod-price-release"},"annotations":{"fabric8.io/iconUrl":"img/icons/spring-boot.svg","kubectl.kubernetes.io/last-applied-configuration":"{\"apiVersion\":\"v1\",\"kind\":\"Service\",\"metadata\":{\"annotations\":{\"fabric8.io/iconUrl\":\"img/icons/spring-boot.svg\"},\"creationTimestamp\":null,\"labels\":{\"chart\":\"pod-price-0.1.1-0055\",\"expose\":\"true\",\"microservice\":\"pod-price\",\"project\":\"pod-price\",\"provider\":\"amdocs\",\"release\":\"pod-price-release\"},\"name\":\"pod-price-service\",\"namespace\":\"oc-cd-1017-pranavd-pd\"},\"spec\":{\"externalTrafficPolicy\":\"Cluster\",\"ports\":[{\"name\":\"http\",\"port\":8080,\"protocol\":\"TCP\",\"targetPort\":8080},{\"name\":\"metrics\",\"port\":5555,\"protocol\":\"TCP\",\"targetPort\":\"metrics\"}],\"selector\":{\"microservice\":\"pod-price\",\"project\":\"pod-price\",\"provider\":\"amdocs\",\"release\":\"pod-price-release\"},\"sessionAffinity\":\"None\",\"type\":\"NodePort\"},\"status\":{\"loadBalancer\":{}}}\n"}},"spec":{"ports":[{"name":"http","protocol":"TCP","port":8080,"targetPort":8080,"nodePort":35442},{"name":"metrics","protocol":"TCP","port":5555,"targetPort":"metrics","nodePort":32604}],"selector":{"microservice":"pod-price","project":"pod-price","provider":"amdocs","release":"pod-price-release"},"clusterIP":"172.30.59.100","type":"NodePort","sessionAffinity":"None","externalTrafficPolicy":"Cluster"},"status":{"loadBalancer":{}}},{"metadata":{"name":"pod-productoffering-service","namespace":"oc-cd-1017-pranavd-pd","selfLink":"/api/v1/namespaces/oc-cd-1017-pranavd-pd/services/pod-productoffering-service","uid":"a73e0f51-b721-11e8-bb86-0050569a887c","resourceVersion":"66122421","creationTimestamp":"2018-09-13T06:53:00Z","labels":{"chart":"pod-productoffering-0.1.1-0047","expose":"true","microservice":"pod-productoffering","monitored":"prometheus","monitoring":"prometheus","project":"pod-productoffering","provider":"amdocs","release":"pod-productoffering-release"},"annotations":{"fabric8.io/iconUrl":"img/icons/spring-boot.svg","kubectl.kubernetes.io/last-applied-configuration":"{\"apiVersion\":\"v1\",\"kind\":\"Service\",\"metadata\":{\"annotations\":{\"fabric8.io/iconUrl\":\"img/icons/spring-boot.svg\"},\"creationTimestamp\":null,\"labels\":{\"chart\":\"pod-productoffering-0.1.1-0047\",\"expose\":\"true\",\"microservice\":\"pod-productoffering\",\"monitored\":\"prometheus\",\"monitoring\":\"prometheus\",\"project\":\"pod-productoffering\",\"provider\":\"amdocs\",\"release\":\"pod-productoffering-release\"},\"name\":\"pod-productoffering-service\",\"namespace\":\"oc-cd-1017-pranavd-pd\"},\"spec\":{\"externalTrafficPolicy\":\"Cluster\",\"ports\":[{\"name\":\"http\",\"port\":8080,\"protocol\":\"TCP\",\"targetPort\":8080},{\"name\":\"https\",\"port\":8443,\"protocol\":\"TCP\",\"targetPort\":\"https\"},{\"name\":\"metrics\",\"port\":5555,\"protocol\":\"TCP\",\"targetPort\":\"metrics\"}],\"selector\":{\"microservice\":\"pod-productoffering\",\"project\":\"pod-productoffering\",\"provider\":\"amdocs\",\"release\":\"pod-productoffering-release\"},\"sessionAffinity\":\"None\",\"type\":\"NodePort\"},\"status\":{\"loadBalancer\":{}}}\n"}},"spec":{"ports":[{"name":"http","protocol":"TCP","port":8080,"targetPort":8080,"nodePort":35261},{"name":"https","protocol":"TCP","port":8443,"targetPort":"https","nodePort":30713},{"name":"metrics","protocol":"TCP","port":5555,"targetPort":"metrics","nodePort":31299}],"selector":{"microservice":"pod-productoffering","project":"pod-productoffering","provider":"amdocs","release":"pod-productoffering-release"},"clusterIP":"172.30.116.109","type":"NodePort","sessionAffinity":"None","externalTrafficPolicy":"Cluster"},"status":{"loadBalancer":{}}},{"metadata":{"name":"pod-search-service","namespace":"oc-cd-1017-pranavd-pd","selfLink":"/api/v1/namespaces/oc-cd-1017-pranavd-pd/services/pod-search-service","uid":"a74c5535-b721-11e8-bb86-0050569a887c","resourceVersion":"66122428","creationTimestamp":"2018-09-13T06:53:00Z","labels":{"chart":"pod-search-0.1.1-0045","expose":"true","microservice":"pod-search","monitored":"prometheus","monitoring":"prometheus","project":"pod-search","provider":"amdocs","release":"pod-search-release"},"annotations":{"fabric8.io/iconUrl":"img/icons/spring-boot.svg","kubectl.kubernetes.io/last-applied-configuration":"{\"apiVersion\":\"v1\",\"kind\":\"Service\",\"metadata\":{\"annotations\":{\"fabric8.io/iconUrl\":\"img/icons/spring-boot.svg\"},\"creationTimestamp\":null,\"labels\":{\"chart\":\"pod-search-0.1.1-0045\",\"expose\":\"true\",\"microservice\":\"pod-search\",\"monitored\":\"prometheus\",\"monitoring\":\"prometheus\",\"project\":\"pod-search\",\"provider\":\"amdocs\",\"release\":\"pod-search-release\"},\"name\":\"pod-search-service\",\"namespace\":\"oc-cd-1017-pranavd-pd\"},\"spec\":{\"externalTrafficPolicy\":\"Cluster\",\"ports\":[{\"name\":\"http\",\"port\":8080,\"protocol\":\"TCP\",\"targetPort\":8080},{\"name\":\"metrics\",\"port\":5555,\"protocol\":\"TCP\",\"targetPort\":\"metrics\"}],\"selector\":{\"microservice\":\"pod-search\",\"project\":\"pod-search\",\"provider\":\"amdocs\",\"release\":\"pod-search-release\"},\"sessionAffinity\":\"None\",\"type\":\"NodePort\"},\"status\":{\"loadBalancer\":{}}}\n"}},"spec":{"ports":[{"name":"http","protocol":"TCP","port":8080,"targetPort":8080,"nodePort":33636},{"name":"metrics","protocol":"TCP","port":5555,"targetPort":"metrics","nodePort":33449}],"selector":{"microservice":"pod-search","project":"pod-search","provider":"amdocs","release":"pod-search-release"},"clusterIP":"172.30.200.105","type":"NodePort","sessionAffinity":"None","externalTrafficPolicy":"Cluster"},"status":{"loadBalancer":{}}},{"metadata":{"name":"price-priceevent-service","namespace":"oc-cd-1017-pranavd-pd","selfLink":"/api/v1/namespaces/oc-cd-1017-pranavd-pd/services/price-priceevent-service","uid":"a76a39a2-b721-11e8-bb86-0050569a887c","resourceVersion":"66122439","creationTimestamp":"2018-09-13T06:53:00Z","labels":{"chart":"price-priceevent-0.1.1-0032","expose":"true","group":"com.amdocs.digital.ms.price.priceevent","microservice":"price-priceevent","monitored":"prometheus","monitoring":"prometheus","project":"price-priceevent-service","provider":"amdocs","release":"price-priceevent-release"},"annotations":{"fabric8.io/iconUrl":"img/icons/spring-boot.svg","kubectl.kubernetes.io/last-applied-configuration":"{\"apiVersion\":\"v1\",\"kind\":\"Service\",\"metadata\":{\"annotations\":{\"fabric8.io/iconUrl\":\"img/icons/spring-boot.svg\"},\"creationTimestamp\":null,\"labels\":{\"chart\":\"price-priceevent-0.1.1-0032\",\"expose\":\"true\",\"group\":\"com.amdocs.digital.ms.price.priceevent\",\"microservice\":\"price-priceevent\",\"monitored\":\"prometheus\",\"monitoring\":\"prometheus\",\"project\":\"price-priceevent-service\",\"provider\":\"amdocs\",\"release\":\"price-priceevent-release\"},\"name\":\"price-priceevent-service\",\"namespace\":\"oc-cd-1017-pranavd-pd\"},\"spec\":{\"externalTrafficPolicy\":\"Cluster\",\"ports\":[{\"name\":\"http\",\"port\":8080,\"protocol\":\"TCP\",\"targetPort\":8080},{\"name\":\"jacoco\",\"port\":6300,\"protocol\":\"TCP\",\"targetPort\":6300},{\"name\":\"management\",\"port\":18080,\"protocol\":\"TCP\",\"targetPort\":18080},{\"name\":\"https\",\"port\":8443,\"protocol\":\"TCP\",\"targetPort\":8443},{\"name\":\"metrics\",\"port\":5555,\"protocol\":\"TCP\",\"targetPort\":\"metrics\"}],\"selector\":{\"group\":\"com.amdocs.digital.ms.price.priceevent\",\"microservice\":\"price-priceevent\",\"project\":\"price-priceevent-service\",\"provider\":\"amdocs\",\"release\":\"price-priceevent-release\"},\"sessionAffinity\":\"None\",\"type\":\"NodePort\"},\"status\":{\"loadBalancer\":{}}}\n"}},"spec":{"ports":[{"name":"http","protocol":"TCP","port":8080,"targetPort":8080,"nodePort":33162},{"name":"jacoco","protocol":"TCP","port":6300,"targetPort":6300,"nodePort":34349},{"name":"management","protocol":"TCP","port":18080,"targetPort":18080,"nodePort":33971},{"name":"https","protocol":"TCP","port":8443,"targetPort":8443,"nodePort":31316},{"name":"metrics","protocol":"TCP","port":5555,"targetPort":"metrics","nodePort":31801}],"selector":{"group":"com.amdocs.digital.ms.price.priceevent","microservice":"price-priceevent","project":"price-priceevent-service","provider":"amdocs","release":"price-priceevent-release"},"clusterIP":"172.30.107.155","type":"NodePort","sessionAffinity":"None","externalTrafficPolicy":"Cluster"},"status":{"loadBalancer":{}}},{"metadata":{"name":"price-pricing-service","namespace":"oc-cd-1017-pranavd-pd","selfLink":"/api/v1/namespaces/oc-cd-1017-pranavd-pd/services/price-pricing-service","uid":"a78fd2c8-b721-11e8-bb86-0050569a887c","resourceVersion":"66122453","creationTimestamp":"2018-09-13T06:53:00Z","labels":{"chart":"price-pricing-0.1.1-0042","expose":"true","group":"com.amdocs.digital.ms.price.pricing","microservice":"price-pricing","monitored":"prometheus","monitoring":"prometheus","project":"price-pricing-service","provider":"amdocs","release":"price-pricing-release"},"annotations":{"fabric8.io/iconUrl":"img/icons/spring-boot.svg","kubectl.kubernetes.io/last-applied-configuration":"{\"apiVersion\":\"v1\",\"kind\":\"Service\",\"metadata\":{\"annotations\":{\"fabric8.io/iconUrl\":\"img/icons/spring-boot.svg\"},\"creationTimestamp\":null,\"labels\":{\"chart\":\"price-pricing-0.1.1-0042\",\"expose\":\"true\",\"group\":\"com.amdocs.digital.ms.price.pricing\",\"microservice\":\"price-pricing\",\"monitored\":\"prometheus\",\"monitoring\":\"prometheus\",\"project\":\"price-pricing-service\",\"provider\":\"amdocs\",\"release\":\"price-pricing-release\"},\"name\":\"price-pricing-service\",\"namespace\":\"oc-cd-1017-pranavd-pd\"},\"spec\":{\"externalTrafficPolicy\":\"Cluster\",\"ports\":[{\"name\":\"http\",\"port\":8080,\"protocol\":\"TCP\",\"targetPort\":8080},{\"name\":\"jacoco\",\"port\":6300,\"protocol\":\"TCP\",\"targetPort\":6300},{\"name\":\"management\",\"port\":18080,\"protocol\":\"TCP\",\"targetPort\":18080},{\"name\":\"https\",\"port\":8443,\"protocol\":\"TCP\",\"targetPort\":8443},{\"name\":\"metrics\",\"port\":5555,\"protocol\":\"TCP\",\"targetPort\":\"metrics\"}],\"selector\":{\"group\":\"com.amdocs.digital.ms.price.pricing\",\"microservice\":\"price-pricing\",\"project\":\"price-pricing-service\",\"provider\":\"amdocs\",\"release\":\"price-pricing-release\"},\"sessionAffinity\":\"None\",\"type\":\"NodePort\"},\"status\":{\"loadBalancer\":{}}}\n"}},"spec":{"ports":[{"name":"http","protocol":"TCP","port":8080,"targetPort":8080,"nodePort":34969},{"name":"jacoco","protocol":"TCP","port":6300,"targetPort":6300,"nodePort":34560},{"name":"management","protocol":"TCP","port":18080,"targetPort":18080,"nodePort":33264},{"name":"https","protocol":"TCP","port":8443,"targetPort":8443,"nodePort":32829},{"name":"metrics","protocol":"TCP","port":5555,"targetPort":"metrics","nodePort":32561}],"selector":{"group":"com.amdocs.digital.ms.price.pricing","microservice":"price-pricing","project":"price-pricing-service","provider":"amdocs","release":"price-pricing-release"},"clusterIP":"172.30.244.62","type":"NodePort","sessionAffinity":"None","externalTrafficPolicy":"Cluster"},"status":{"loadBalancer":{}}},{"metadata":{"name":"price-productoffering-service","namespace":"oc-cd-1017-pranavd-pd","selfLink":"/api/v1/namespaces/oc-cd-1017-pranavd-pd/services/price-productoffering-service","uid":"a7c4da98-b721-11e8-bb86-0050569a887c","resourceVersion":"66122477","creationTimestamp":"2018-09-13T06:53:01Z","labels":{"chart":"price-productoffering-0.1.1-0049","expose":"true","group":"com.amdocs.digital.ms.price.productoffering","microservice":"price-productoffering","monitored":"prometheus","monitoring":"prometheus","project":"price-productoffering-service","provider":"amdocs","release":"price-productoffering-release"},"annotations":{"fabric8.io/iconUrl":"img/icons/spring-boot.svg","kubectl.kubernetes.io/last-applied-configuration":"{\"apiVersion\":\"v1\",\"kind\":\"Service\",\"metadata\":{\"annotations\":{\"fabric8.io/iconUrl\":\"img/icons/spring-boot.svg\"},\"creationTimestamp\":null,\"labels\":{\"chart\":\"price-productoffering-0.1.1-0049\",\"expose\":\"true\",\"group\":\"com.amdocs.digital.ms.price.productoffering\",\"microservice\":\"price-productoffering\",\"monitored\":\"prometheus\",\"monitoring\":\"prometheus\",\"project\":\"price-productoffering-service\",\"provider\":\"amdocs\",\"release\":\"price-productoffering-release\"},\"name\":\"price-productoffering-service\",\"namespace\":\"oc-cd-1017-pranavd-pd\"},\"spec\":{\"externalTrafficPolicy\":\"Cluster\",\"ports\":[{\"name\":\"http\",\"port\":8080,\"protocol\":\"TCP\",\"targetPort\":8080},{\"name\":\"jacoco\",\"port\":6300,\"protocol\":\"TCP\",\"targetPort\":6300},{\"name\":\"management\",\"port\":18080,\"protocol\":\"TCP\",\"targetPort\":18080},{\"name\":\"https\",\"port\":8443,\"protocol\":\"TCP\",\"targetPort\":8443},{\"name\":\"metrics\",\"port\":5555,\"protocol\":\"TCP\",\"targetPort\":\"metrics\"}],\"selector\":{\"group\":\"com.amdocs.digital.ms.price.productoffering\",\"microservice\":\"price-productoffering\",\"project\":\"price-productoffering-service\",\"provider\":\"amdocs\",\"release\":\"price-productoffering-release\"},\"sessionAffinity\":\"None\",\"type\":\"NodePort\"},\"status\":{\"loadBalancer\":{}}}\n"}},"spec":{"ports":[{"name":"http","protocol":"TCP","port":8080,"targetPort":8080,"nodePort":31818},{"name":"jacoco","protocol":"TCP","port":6300,"targetPort":6300,"nodePort":30131},{"name":"management","protocol":"TCP","port":18080,"targetPort":18080,"nodePort":31356},{"name":"https","protocol":"TCP","port":8443,"targetPort":8443,"nodePort":31370},{"name":"metrics","protocol":"TCP","port":5555,"targetPort":"metrics","nodePort":33795}],"selector":{"group":"com.amdocs.digital.ms.price.productoffering","microservice":"price-productoffering","project":"price-productoffering-service","provider":"amdocs","release":"price-productoffering-release"},"clusterIP":"172.30.152.207","type":"NodePort","sessionAffinity":"None","externalTrafficPolicy":"Cluster"},"status":{"loadBalancer":{}}},{"metadata":{"name":"product-configuration-rule-command-service","namespace":"oc-cd-1017-pranavd-pd","selfLink":"/api/v1/namespaces/oc-cd-1017-pranavd-pd/services/product-configuration-rule-command-service","uid":"a7de59a5-b721-11e8-bb86-0050569a887c","resourceVersion":"66122488","creationTimestamp":"2018-09-13T06:53:01Z","labels":{"app":"product-configuration-rule-command-service","chart":"product-configuration-rule-command-service-1.4.0","heritage":"Tiller","monitored":"prometheus","monitoring":"prometheus","prometheus":"amdocs-prometheus","release":"product-configurator-rule-release"},"annotations":{"kubectl.kubernetes.io/last-applied-configuration":"{\"apiVersion\":\"v1\",\"kind\":\"Service\",\"metadata\":{\"annotations\":{},\"creationTimestamp\":null,\"labels\":{\"app\":\"product-configuration-rule-command-service\",\"chart\":\"product-configuration-rule-command-service-1.4.0\",\"heritage\":\"Tiller\",\"monitored\":\"prometheus\",\"monitoring\":\"prometheus\",\"prometheus\":\"amdocs-prometheus\",\"release\":\"product-configurator-rule-release\"},\"name\":\"product-configuration-rule-command-service\",\"namespace\":\"oc-cd-1017-pranavd-pd\"},\"spec\":{\"externalTrafficPolicy\":\"Cluster\",\"ports\":[{\"name\":\"server\",\"port\":8080,\"protocol\":\"TCP\",\"targetPort\":8080},{\"name\":\"management\",\"port\":8081,\"protocol\":\"TCP\",\"targetPort\":8081},{\"name\":\"debug\",\"port\":5005,\"protocol\":\"TCP\",\"targetPort\":\"debug\"},{\"name\":\"metrics\",\"port\":5555,\"protocol\":\"TCP\",\"targetPort\":\"metrics\"}],\"selector\":{\"app\":\"product-configuration-rule-command-service\",\"group\":\"com.amdocs.catalogone\",\"provider\":\"amdocs\",\"release\":\"product-configurator-rule-release\"},\"sessionAffinity\":\"None\",\"type\":\"NodePort\"},\"status\":{\"loadBalancer\":{}}}\n"}},"spec":{"ports":[{"name":"server","protocol":"TCP","port":8080,"targetPort":8080,"nodePort":31815},{"name":"management","protocol":"TCP","port":8081,"targetPort":8081,"nodePort":31376},{"name":"debug","protocol":"TCP","port":5005,"targetPort":"debug","nodePort":34771},{"name":"metrics","protocol":"TCP","port":5555,"targetPort":"metrics","nodePort":35484}],"selector":{"app":"product-configuration-rule-command-service","group":"com.amdocs.catalogone","provider":"amdocs","release":"product-configurator-rule-release"},"clusterIP":"172.30.56.101","type":"NodePort","sessionAffinity":"None","externalTrafficPolicy":"Cluster"},"status":{"loadBalancer":{}}},{"metadata":{"name":"product-offering-service","namespace":"oc-cd-1017-pranavd-pd","selfLink":"/api/v1/namespaces/oc-cd-1017-pranavd-pd/services/product-offering-service","uid":"a7f346a6-b721-11e8-bb86-0050569a887c","resourceVersion":"66122500","creationTimestamp":"2018-09-13T06:53:01Z","labels":{"app":"product-offering-service","chart":"product-offering-service-2.5.2","heritage":"Tiller","monitored":"prometheus","monitoring":"prometheus","prometheus":"amdocs-prometheus","release":"product-offering-service-release"},"annotations":{"kubectl.kubernetes.io/last-applied-configuration":"{\"apiVersion\":\"v1\",\"kind\":\"Service\",\"metadata\":{\"annotations\":{},\"creationTimestamp\":null,\"labels\":{\"app\":\"product-offering-service\",\"chart\":\"product-offering-service-2.5.2\",\"heritage\":\"Tiller\",\"monitored\":\"prometheus\",\"monitoring\":\"prometheus\",\"prometheus\":\"amdocs-prometheus\",\"release\":\"product-offering-service-release\"},\"name\":\"product-offering-service\",\"namespace\":\"oc-cd-1017-pranavd-pd\"},\"spec\":{\"externalTrafficPolicy\":\"Cluster\",\"ports\":[{\"name\":\"server\",\"port\":8080,\"protocol\":\"TCP\",\"targetPort\":8080},{\"name\":\"management\",\"port\":8081,\"protocol\":\"TCP\",\"targetPort\":8081},{\"name\":\"metrics\",\"port\":5555,\"protocol\":\"TCP\",\"targetPort\":\"metrics\"},{\"name\":\"debug\",\"port\":5005,\"protocol\":\"TCP\",\"targetPort\":\"debug\"}],\"selector\":{\"app\":\"product-offering-service\",\"group\":\"com.amdocs.catalogone\",\"provider\":\"amdocs\",\"release\":\"product-offering-service-release\"},\"sessionAffinity\":\"None\",\"type\":\"NodePort\"},\"status\":{\"loadBalancer\":{}}}\n"}},"spec":{"ports":[{"name":"server","protocol":"TCP","port":8080,"targetPort":8080,"nodePort":33371},{"name":"management","protocol":"TCP","port":8081,"targetPort":8081,"nodePort":33555},{"name":"metrics","protocol":"TCP","port":5555,"targetPort":"metrics","nodePort":31588},{"name":"debug","protocol":"TCP","port":5005,"targetPort":"debug","nodePort":32247}],"selector":{"app":"product-offering-service","group":"com.amdocs.catalogone","provider":"amdocs","release":"product-offering-service-release"},"clusterIP":"172.30.199.135","type":"NodePort","sessionAffinity":"None","externalTrafficPolicy":"Cluster"},"status":{"loadBalancer":{}}},{"metadata":{"name":"productaccessor-service","namespace":"oc-cd-1017-pranavd-pd","selfLink":"/api/v1/namespaces/oc-cd-1017-pranavd-pd/services/productaccessor-service","uid":"a80374f0-b721-11e8-bb86-0050569a887c","resourceVersion":"66122505","creationTimestamp":"2018-09-13T06:53:01Z","labels":{"chart":"productaccessor-1.0.1-0032","expose":"true","microservice":"productaccessor","monitored":"prometheus","monitoring":"prometheus","project":"productaccessor","provider":"amdocs","release":"productaccessor-releas"},"annotations":{"fabric8.io/iconUrl":"img/icons/spring-boot.svg","kubectl.kubernetes.io/last-applied-configuration":"{\"apiVersion\":\"v1\",\"kind\":\"Service\",\"metadata\":{\"annotations\":{\"fabric8.io/iconUrl\":\"img/icons/spring-boot.svg\"},\"creationTimestamp\":null,\"labels\":{\"chart\":\"productaccessor-1.0.1-0032\",\"expose\":\"true\",\"microservice\":\"productaccessor\",\"monitored\":\"prometheus\",\"monitoring\":\"prometheus\",\"project\":\"productaccessor\",\"provider\":\"amdocs\",\"release\":\"productaccessor-releas\"},\"name\":\"productaccessor-service\",\"namespace\":\"oc-cd-1017-pranavd-pd\"},\"spec\":{\"externalTrafficPolicy\":\"Cluster\",\"ports\":[{\"name\":\"http\",\"port\":8080,\"protocol\":\"TCP\",\"targetPort\":8080},{\"name\":\"metrics\",\"port\":5555,\"protocol\":\"TCP\",\"targetPort\":\"metrics\"}],\"selector\":{\"microservice\":\"productaccessor\",\"project\":\"productaccessor\",\"provider\":\"amdocs\",\"release\":\"productaccessor-releas\"},\"sessionAffinity\":\"None\",\"type\":\"NodePort\"},\"status\":{\"loadBalancer\":{}}}\n"}},"spec":{"ports":[{"name":"http","protocol":"TCP","port":8080,"targetPort":8080,"nodePort":30549},{"name":"metrics","protocol":"TCP","port":5555,"targetPort":"metrics","nodePort":34143}],"selector":{"microservice":"productaccessor","project":"productaccessor","provider":"amdocs","release":"productaccessor-releas"},"clusterIP":"172.30.233.74","type":"NodePort","sessionAffinity":"None","externalTrafficPolicy":"Cluster"},"status":{"loadBalancer":{}}},{"metadata":{"name":"productconfigurator-action-service","namespace":"oc-cd-1017-pranavd-pd","selfLink":"/api/v1/namespaces/oc-cd-1017-pranavd-pd/services/productconfigurator-action-service","uid":"a81d3015-b721-11e8-bb86-0050569a887c","resourceVersion":"66122514","creationTimestamp":"2018-09-13T06:53:01Z","labels":{"chart":"productconfigurator-action-0.1.1-0041","expose":"true","microservice":"productconfigurator-acti","monitored":"prometheus","monitoring":"prometheus","project":"productconfigurator-action","provider":"amdocs","release":"productconfigurator-action-release"},"annotations":{"fabric8.io/iconUrl":"img/icons/spring-boot.svg","kubectl.kubernetes.io/last-applied-configuration":"{\"apiVersion\":\"v1\",\"kind\":\"Service\",\"metadata\":{\"annotations\":{\"fabric8.io/iconUrl\":\"img/icons/spring-boot.svg\"},\"creationTimestamp\":null,\"labels\":{\"chart\":\"productconfigurator-action-0.1.1-0041\",\"expose\":\"true\",\"microservice\":\"productconfigurator-acti\",\"monitored\":\"prometheus\",\"monitoring\":\"prometheus\",\"project\":\"productconfigurator-action\",\"provider\":\"amdocs\",\"release\":\"productconfigurator-action-release\"},\"name\":\"productconfigurator-action-service\",\"namespace\":\"oc-cd-1017-pranavd-pd\"},\"spec\":{\"externalTrafficPolicy\":\"Cluster\",\"ports\":[{\"name\":\"http\",\"port\":8080,\"protocol\":\"TCP\",\"targetPort\":8080},{\"name\":\"https\",\"port\":8443,\"protocol\":\"TCP\",\"targetPort\":\"https\"},{\"name\":\"metrics\",\"port\":5555,\"protocol\":\"TCP\",\"targetPort\":\"metrics\"}],\"selector\":{\"microservice\":\"productconfigurator-acti\",\"project\":\"productconfigurator-action\",\"provider\":\"amdocs\",\"release\":\"productconfigurator-action-release\"},\"sessionAffinity\":\"None\",\"type\":\"NodePort\"},\"status\":{\"loadBalancer\":{}}}\n"}},"spec":{"ports":[{"name":"http","protocol":"TCP","port":8080,"targetPort":8080,"nodePort":32038},{"name":"https","protocol":"TCP","port":8443,"targetPort":"https","nodePort":32966},{"name":"metrics","protocol":"TCP","port":5555,"targetPort":"metrics","nodePort":31885}],"selector":{"microservice":"productconfigurator-acti","project":"productconfigurator-action","provider":"amdocs","release":"productconfigurator-action-release"},"clusterIP":"172.30.177.180","type":"NodePort","sessionAffinity":"None","externalTrafficPolicy":"Cluster"},"status":{"loadBalancer":{}}},{"metadata":{"name":"productconfigurator-commitmentterm-service","namespace":"oc-cd-1017-pranavd-pd","selfLink":"/api/v1/namespaces/oc-cd-1017-pranavd-pd/services/productconfigurator-commitmentterm-service","uid":"a8363906-b721-11e8-bb86-0050569a887c","resourceVersion":"66122524","creationTimestamp":"2018-09-13T06:53:01Z","labels":{"chart":"productconfigurator-commitmentterm-0.1.1-0030","expose":"true","microservice":"productconfigurator-comm","monitored":"prometheus","monitoring":"prometheus","project":"productconfigurator-commitmentterm","provider":"amdocs","release":"productconfigurator-commitmentterm-release"},"annotations":{"fabric8.io/iconUrl":"img/icons/spring-boot.svg","kubectl.kubernetes.io/last-applied-configuration":"{\"apiVersion\":\"v1\",\"kind\":\"Service\",\"metadata\":{\"annotations\":{\"fabric8.io/iconUrl\":\"img/icons/spring-boot.svg\"},\"creationTimestamp\":null,\"labels\":{\"chart\":\"productconfigurator-commitmentterm-0.1.1-0030\",\"expose\":\"true\",\"microservice\":\"productconfigurator-comm\",\"monitored\":\"prometheus\",\"monitoring\":\"prometheus\",\"project\":\"productconfigurator-commitmentterm\",\"provider\":\"amdocs\",\"release\":\"productconfigurator-commitmentterm-release\"},\"name\":\"productconfigurator-commitmentterm-service\",\"namespace\":\"oc-cd-1017-pranavd-pd\"},\"spec\":{\"externalTrafficPolicy\":\"Cluster\",\"ports\":[{\"name\":\"http\",\"port\":8080,\"protocol\":\"TCP\",\"targetPort\":8080},{\"name\":\"metrics\",\"port\":5555,\"protocol\":\"TCP\",\"targetPort\":\"metrics\"}],\"selector\":{\"microservice\":\"productconfigurator-comm\",\"project\":\"productconfigurator-commitmentterm\",\"provider\":\"amdocs\",\"release\":\"productconfigurator-commitmentterm-release\"},\"sessionAffinity\":\"None\",\"type\":\"NodePort\"},\"status\":{\"loadBalancer\":{}}}\n"}},"spec":{"ports":[{"name":"http","protocol":"TCP","port":8080,"targetPort":8080,"nodePort":30140},{"name":"metrics","protocol":"TCP","port":5555,"targetPort":"metrics","nodePort":32044}],"selector":{"microservice":"productconfigurator-comm","project":"productconfigurator-commitmentterm","provider":"amdocs","release":"productconfigurator-commitmentterm-release"},"clusterIP":"172.30.103.210","type":"NodePort","sessionAffinity":"None","externalTrafficPolicy":"Cluster"},"status":{"loadBalancer":{}}},{"metadata":{"name":"productconfigurator-price-service","namespace":"oc-cd-1017-pranavd-pd","selfLink":"/api/v1/namespaces/oc-cd-1017-pranavd-pd/services/productconfigurator-price-service","uid":"a84de746-b721-11e8-bb86-0050569a887c","resourceVersion":"66122532","creationTimestamp":"2018-09-13T06:53:02Z","labels":{"chart":"productconfigurator-price-0.1.1-0066","expose":"true","microservice":"productconfigurator-pric","monitored":"prometheus","monitoring":"prometheus","project":"productconfigurator-price","provider":"amdocs","release":"productconfigurator-price-release"},"annotations":{"fabric8.io/iconUrl":"img/icons/spring-boot.svg","kubectl.kubernetes.io/last-applied-configuration":"{\"apiVersion\":\"v1\",\"kind\":\"Service\",\"metadata\":{\"annotations\":{\"fabric8.io/iconUrl\":\"img/icons/spring-boot.svg\"},\"creationTimestamp\":null,\"labels\":{\"chart\":\"productconfigurator-price-0.1.1-0066\",\"expose\":\"true\",\"microservice\":\"productconfigurator-pric\",\"monitored\":\"prometheus\",\"monitoring\":\"prometheus\",\"project\":\"productconfigurator-price\",\"provider\":\"amdocs\",\"release\":\"productconfigurator-price-release\"},\"name\":\"productconfigurator-price-service\",\"namespace\":\"oc-cd-1017-pranavd-pd\"},\"spec\":{\"externalTrafficPolicy\":\"Cluster\",\"ports\":[{\"name\":\"http\",\"port\":8080,\"protocol\":\"TCP\",\"targetPort\":8080},{\"name\":\"metrics\",\"port\":5555,\"protocol\":\"TCP\",\"targetPort\":\"metrics\"}],\"selector\":{\"microservice\":\"productconfigurator-pric\",\"project\":\"productconfigurator-price\",\"provider\":\"amdocs\",\"release\":\"productconfigurator-price-release\"},\"sessionAffinity\":\"None\",\"type\":\"NodePort\"},\"status\":{\"loadBalancer\":{}}}\n"}},"spec":{"ports":[{"name":"http","protocol":"TCP","port":8080,"targetPort":8080,"nodePort":33473},{"name":"metrics","protocol":"TCP","port":5555,"targetPort":"metrics","nodePort":32945}],"selector":{"microservice":"productconfigurator-pric","project":"productconfigurator-price","provider":"amdocs","release":"productconfigurator-price-release"},"clusterIP":"172.30.71.18","type":"NodePort","sessionAffinity":"None","externalTrafficPolicy":"Cluster"},"status":{"loadBalancer":{}}},{"metadata":{"name":"productconfigurator-qualification-service","namespace":"oc-cd-1017-pranavd-pd","selfLink":"/api/v1/namespaces/oc-cd-1017-pranavd-pd/services/productconfigurator-qualification-service","uid":"a8763fac-b721-11e8-bb86-0050569a887c","resourceVersion":"66122549","creationTimestamp":"2018-09-13T06:53:02Z","labels":{"chart":"productconfigurator-qualification-0.1.1-0034","expose":"true","microservice":"productconfigurator-qual","project":"productconfigurator-qualification","provider":"amdocs","release":"productconfigurator-qualification-release"},"annotations":{"fabric8.io/iconUrl":"img/icons/spring-boot.svg","kubectl.kubernetes.io/last-applied-configuration":"{\"apiVersion\":\"v1\",\"kind\":\"Service\",\"metadata\":{\"annotations\":{\"fabric8.io/iconUrl\":\"img/icons/spring-boot.svg\"},\"creationTimestamp\":null,\"labels\":{\"chart\":\"productconfigurator-qualification-0.1.1-0034\",\"expose\":\"true\",\"microservice\":\"productconfigurator-qual\",\"project\":\"productconfigurator-qualification\",\"provider\":\"amdocs\",\"release\":\"productconfigurator-qualification-release\"},\"name\":\"productconfigurator-qualification-service\",\"namespace\":\"oc-cd-1017-pranavd-pd\"},\"spec\":{\"externalTrafficPolicy\":\"Cluster\",\"ports\":[{\"name\":\"http\",\"port\":8080,\"protocol\":\"TCP\",\"targetPort\":8080},{\"name\":\"https\",\"port\":8443,\"protocol\":\"TCP\",\"targetPort\":\"https\"},{\"name\":\"metrics\",\"port\":5555,\"protocol\":\"TCP\",\"targetPort\":\"metrics\"},{\"name\":\"jacoco\",\"port\":6300,\"protocol\":\"TCP\",\"targetPort\":6300},{\"name\":\"management\",\"port\":18080,\"protocol\":\"TCP\",\"targetPort\":18080}],\"selector\":{\"microservice\":\"productconfigurator-qual\",\"project\":\"productconfigurator-qualification\",\"provider\":\"amdocs\",\"release\":\"productconfigurator-qualification-release\"},\"sessionAffinity\":\"None\",\"type\":\"NodePort\"},\"status\":{\"loadBalancer\":{}}}\n"}},"spec":{"ports":[{"name":"http","protocol":"TCP","port":8080,"targetPort":8080,"nodePort":31599},{"name":"https","protocol":"TCP","port":8443,"targetPort":"https","nodePort":31802},{"name":"metrics","protocol":"TCP","port":5555,"targetPort":"metrics","nodePort":32175},{"name":"jacoco","protocol":"TCP","port":6300,"targetPort":6300,"nodePort":35065},{"name":"management","protocol":"TCP","port":18080,"targetPort":18080,"nodePort":33429}],"selector":{"microservice":"productconfigurator-qual","project":"productconfigurator-qualification","provider":"amdocs","release":"productconfigurator-qualification-release"},"clusterIP":"172.30.180.208","type":"NodePort","sessionAffinity":"None","externalTrafficPolicy":"Cluster"},"status":{"loadBalancer":{}}},{"metadata":{"name":"productconfigurator-service","namespace":"oc-cd-1017-pranavd-pd","selfLink":"/api/v1/namespaces/oc-cd-1017-pranavd-pd/services/productconfigurator-service","uid":"a8925073-b721-11e8-bb86-0050569a887c","resourceVersion":"66122560","creationTimestamp":"2018-09-13T06:53:02Z","labels":{"chart":"productconfigurator-0.1.1-0138","expose":"true","microservice":"productconfigurator","monitored":"prometheus","monitoring":"prometheus","project":"productconfigurator","provider":"amdocs","release":"productconfigurator-release"},"annotations":{"fabric8.io/iconUrl":"img/icons/spring-boot.svg","kubectl.kubernetes.io/last-applied-configuration":"{\"apiVersion\":\"v1\",\"kind\":\"Service\",\"metadata\":{\"annotations\":{\"fabric8.io/iconUrl\":\"img/icons/spring-boot.svg\"},\"creationTimestamp\":null,\"labels\":{\"chart\":\"productconfigurator-0.1.1-0138\",\"expose\":\"true\",\"microservice\":\"productconfigurator\",\"monitored\":\"prometheus\",\"monitoring\":\"prometheus\",\"project\":\"productconfigurator\",\"provider\":\"amdocs\",\"release\":\"productconfigurator-release\"},\"name\":\"productconfigurator-service\",\"namespace\":\"oc-cd-1017-pranavd-pd\"},\"spec\":{\"externalTrafficPolicy\":\"Cluster\",\"ports\":[{\"name\":\"http\",\"port\":8080,\"protocol\":\"TCP\",\"targetPort\":8080},{\"name\":\"https\",\"port\":8443,\"protocol\":\"TCP\",\"targetPort\":\"https\"},{\"name\":\"metrics\",\"port\":5555,\"protocol\":\"TCP\",\"targetPort\":\"metrics\"}],\"selector\":{\"microservice\":\"productconfigurator\",\"project\":\"productconfigurator\",\"provider\":\"amdocs\",\"release\":\"productconfigurator-release\"},\"sessionAffinity\":\"None\",\"type\":\"NodePort\"},\"status\":{\"loadBalancer\":{}}}\n"}},"spec":{"ports":[{"name":"http","protocol":"TCP","port":8080,"targetPort":8080,"nodePort":32831},{"name":"https","protocol":"TCP","port":8443,"targetPort":"https","nodePort":33551},{"name":"metrics","protocol":"TCP","port":5555,"targetPort":"metrics","nodePort":34241}],"selector":{"microservice":"productconfigurator","project":"productconfigurator","provider":"amdocs","release":"productconfigurator-release"},"clusterIP":"172.30.114.205","type":"NodePort","sessionAffinity":"None","externalTrafficPolicy":"Cluster"},"status":{"loadBalancer":{}}},{"metadata":{"name":"productorder-amendorder-service","namespace":"oc-cd-1017-pranavd-pd","selfLink":"/api/v1/namespaces/oc-cd-1017-pranavd-pd/services/productorder-amendorder-service","uid":"a8a4b42e-b721-11e8-bb86-0050569a887c","resourceVersion":"66122566","creationTimestamp":"2018-09-13T06:53:02Z","labels":{"chart":"productorder-amendorder-0.1.1-0019","expose":"true","microservice":"productorder-amendorder","monitored":"prometheus","monitoring":"prometheus","project":"productorder-amendorder","provider":"amdocs","release":"productorder-amendodr-release"},"annotations":{"fabric8.io/iconUrl":"img/icons/spring-boot.svg","kubectl.kubernetes.io/last-applied-configuration":"{\"apiVersion\":\"v1\",\"kind\":\"Service\",\"metadata\":{\"annotations\":{\"fabric8.io/iconUrl\":\"img/icons/spring-boot.svg\"},\"creationTimestamp\":null,\"labels\":{\"chart\":\"productorder-amendorder-0.1.1-0019\",\"expose\":\"true\",\"microservice\":\"productorder-amendorder\",\"monitored\":\"prometheus\",\"monitoring\":\"prometheus\",\"project\":\"productorder-amendorder\",\"provider\":\"amdocs\",\"release\":\"productorder-amendodr-release\"},\"name\":\"productorder-amendorder-service\",\"namespace\":\"oc-cd-1017-pranavd-pd\"},\"spec\":{\"externalTrafficPolicy\":\"Cluster\",\"ports\":[{\"name\":\"http\",\"port\":8080,\"protocol\":\"TCP\",\"targetPort\":8080},{\"name\":\"metrics\",\"port\":5555,\"protocol\":\"TCP\",\"targetPort\":\"metrics\"}],\"selector\":{\"microservice\":\"productorder-amendorder\",\"project\":\"productorder-amendorder\",\"provider\":\"amdocs\",\"release\":\"productorder-amendodr-release\"},\"sessionAffinity\":\"None\",\"type\":\"NodePort\"},\"status\":{\"loadBalancer\":{}}}\n"}},"spec":{"ports":[{"name":"http","protocol":"TCP","port":8080,"targetPort":8080,"nodePort":34841},{"name":"metrics","protocol":"TCP","port":5555,"targetPort":"metrics","nodePort":35083}],"selector":{"microservice":"productorder-amendorder","project":"productorder-amendorder","provider":"amdocs","release":"productorder-amendodr-release"},"clusterIP":"172.30.196.92","type":"NodePort","sessionAffinity":"None","externalTrafficPolicy":"Cluster"},"status":{"loadBalancer":{}}},{"metadata":{"name":"productorder-deliverymethodorder-service","namespace":"oc-cd-1017-pranavd-pd","selfLink":"/api/v1/namespaces/oc-cd-1017-pranavd-pd/services/productorder-deliverymethodorder-service","uid":"a8b4319e-b721-11e8-bb86-0050569a887c","resourceVersion":"66122572","creationTimestamp":"2018-09-13T06:53:02Z","labels":{"chart":"productorder-deliverymethodorder-0.1.1-0027","expose":"true","microservice":"productorder-deliverymet","monitored":"prometheus","monitoring":"prometheus","project":"productorder-deliverymethodorder","provider":"amdocs","release":"productorder-deliverymethodorder-release"},"annotations":{"fabric8.io/iconUrl":"img/icons/spring-boot.svg","kubectl.kubernetes.io/last-applied-configuration":"{\"apiVersion\":\"v1\",\"kind\":\"Service\",\"metadata\":{\"annotations\":{\"fabric8.io/iconUrl\":\"img/icons/spring-boot.svg\"},\"creationTimestamp\":null,\"labels\":{\"chart\":\"productorder-deliverymethodorder-0.1.1-0027\",\"expose\":\"true\",\"microservice\":\"productorder-deliverymet\",\"monitored\":\"prometheus\",\"monitoring\":\"prometheus\",\"project\":\"productorder-deliverymethodorder\",\"provider\":\"amdocs\",\"release\":\"productorder-deliverymethodorder-release\"},\"name\":\"productorder-deliverymethodorder-service\",\"namespace\":\"oc-cd-1017-pranavd-pd\"},\"spec\":{\"externalTrafficPolicy\":\"Cluster\",\"ports\":[{\"name\":\"http\",\"port\":8080,\"protocol\":\"TCP\",\"targetPort\":8080},{\"name\":\"https\",\"port\":8443,\"protocol\":\"TCP\",\"targetPort\":\"https\"},{\"name\":\"metrics\",\"port\":5555,\"protocol\":\"TCP\",\"targetPort\":\"metrics\"}],\"selector\":{\"microservice\":\"productorder-deliverymet\",\"project\":\"productorder-deliverymethodorder\",\"provider\":\"amdocs\",\"release\":\"productorder-deliverymethodorder-release\"},\"sessionAffinity\":\"None\",\"type\":\"NodePort\"},\"status\":{\"loadBalancer\":{}}}\n"}},"spec":{"ports":[{"name":"http","protocol":"TCP","port":8080,"targetPort":8080,"nodePort":33639},{"name":"https","protocol":"TCP","port":8443,"targetPort":"https","nodePort":31606},{"name":"metrics","protocol":"TCP","port":5555,"targetPort":"metrics","nodePort":34357}],"selector":{"microservice":"productorder-deliverymet","project":"productorder-deliverymethodorder","provider":"amdocs","release":"productorder-deliverymethodorder-release"},"clusterIP":"172.30.82.126","type":"NodePort","sessionAffinity":"None","externalTrafficPolicy":"Cluster"},"status":{"loadBalancer":{}}},{"metadata":{"name":"productorder-futurelauncher-service","namespace":"oc-cd-1017-pranavd-pd","selfLink":"/api/v1/namespaces/oc-cd-1017-pranavd-pd/services/productorder-futurelauncher-service","uid":"a8c3f4fd-b721-11e8-bb86-0050569a887c","resourceVersion":"66122578","creationTimestamp":"2018-09-13T06:53:02Z","labels":{"chart":"productorder-futurelauncher-0.1.1-0065","expose":"true","microservice":"productorder-futurelaunc","monitored":"prometheus","monitoring":"prometheus","project":"productorder-futurelauncher","provider":"amdocs","release":"productorder-futurelauncher-release"},"annotations":{"fabric8.io/iconUrl":"img/icons/spring-boot.svg","kubectl.kubernetes.io/last-applied-configuration":"{\"apiVersion\":\"v1\",\"kind\":\"Service\",\"metadata\":{\"annotations\":{\"fabric8.io/iconUrl\":\"img/icons/spring-boot.svg\"},\"creationTimestamp\":null,\"labels\":{\"chart\":\"productorder-futurelauncher-0.1.1-0065\",\"expose\":\"true\",\"microservice\":\"productorder-futurelaunc\",\"monitored\":\"prometheus\",\"monitoring\":\"prometheus\",\"project\":\"productorder-futurelauncher\",\"provider\":\"amdocs\",\"release\":\"productorder-futurelauncher-release\"},\"name\":\"productorder-futurelauncher-service\",\"namespace\":\"oc-cd-1017-pranavd-pd\"},\"spec\":{\"externalTrafficPolicy\":\"Cluster\",\"ports\":[{\"name\":\"http\",\"port\":8080,\"protocol\":\"TCP\",\"targetPort\":8080},{\"name\":\"https\",\"port\":8443,\"protocol\":\"TCP\",\"targetPort\":\"https\"},{\"name\":\"metrics\",\"port\":5555,\"protocol\":\"TCP\",\"targetPort\":\"metrics\"}],\"selector\":{\"microservice\":\"productorder-futurelaunc\",\"project\":\"productorder-futurelauncher\",\"provider\":\"amdocs\",\"release\":\"productorder-futurelauncher-release\"},\"sessionAffinity\":\"None\",\"type\":\"NodePort\"},\"status\":{\"loadBalancer\":{}}}\n"}},"spec":{"ports":[{"name":"http","protocol":"TCP","port":8080,"targetPort":8080,"nodePort":32858},{"name":"https","protocol":"TCP","port":8443,"targetPort":"https","nodePort":35182},{"name":"metrics","protocol":"TCP","port":5555,"targetPort":"metrics","nodePort":30191}],"selector":{"microservice":"productorder-futurelaunc","project":"productorder-futurelauncher","provider":"amdocs","release":"productorder-futurelauncher-release"},"clusterIP":"172.30.43.31","type":"NodePort","sessionAffinity":"None","externalTrafficPolicy":"Cluster"},"status":{"loadBalancer":{}}},{"metadata":{"name":"productorder-limiteddurationproduct-service","namespace":"oc-cd-1017-pranavd-pd","selfLink":"/api/v1/namespaces/oc-cd-1017-pranavd-pd/services/productorder-limiteddurationproduct-service","uid":"a8d15da6-b721-11e8-bb86-0050569a887c","resourceVersion":"66122583","creationTimestamp":"2018-09-13T06:53:02Z","labels":{"chart":"productorder-limiteddurationproduct-0.1.0-0008","expose":"true","microservice":"productorder-limiteddurationproduct","project":"productorder-limiteddurationproduct","provider":"amdocs","release":"productorder-limiteddurationproduct-release"},"annotations":{"fabric8.io/iconUrl":"img/icons/spring-boot.svg","kubectl.kubernetes.io/last-applied-configuration":"{\"apiVersion\":\"v1\",\"kind\":\"Service\",\"metadata\":{\"annotations\":{\"fabric8.io/iconUrl\":\"img/icons/spring-boot.svg\"},\"creationTimestamp\":null,\"labels\":{\"chart\":\"productorder-limiteddurationproduct-0.1.0-0008\",\"expose\":\"true\",\"microservice\":\"productorder-limiteddurationproduct\",\"project\":\"productorder-limiteddurationproduct\",\"provider\":\"amdocs\",\"release\":\"productorder-limiteddurationproduct-release\"},\"name\":\"productorder-limiteddurationproduct-service\",\"namespace\":\"oc-cd-1017-pranavd-pd\"},\"spec\":{\"externalTrafficPolicy\":\"Cluster\",\"ports\":[{\"name\":\"http\",\"port\":8080,\"protocol\":\"TCP\",\"targetPort\":8080},{\"name\":\"metrics\",\"port\":5555,\"protocol\":\"TCP\",\"targetPort\":\"metrics\"}],\"selector\":{\"microservice\":\"productorder-limiteddurationproduct\",\"project\":\"productorder-limiteddurationproduct\",\"provider\":\"amdocs\",\"release\":\"productorder-limiteddurationproduct-release\"},\"sessionAffinity\":\"None\",\"type\":\"NodePort\"},\"status\":{\"loadBalancer\":{}}}\n"}},"spec":{"ports":[{"name":"http","protocol":"TCP","port":8080,"targetPort":8080,"nodePort":33361},{"name":"metrics","protocol":"TCP","port":5555,"targetPort":"metrics","nodePort":32529}],"selector":{"microservice":"productorder-limiteddurationproduct","project":"productorder-limiteddurationproduct","provider":"amdocs","release":"productorder-limiteddurationproduct-release"},"clusterIP":"172.30.45.105","type":"NodePort","sessionAffinity":"None","externalTrafficPolicy":"Cluster"},"status":{"loadBalancer":{}}},{"metadata":{"name":"productorder-modifyorder-service","namespace":"oc-cd-1017-pranavd-pd","selfLink":"/api/v1/namespaces/oc-cd-1017-pranavd-pd/services/productorder-modifyorder-service","uid":"a8e6e32f-b721-11e8-bb86-0050569a887c","resourceVersion":"66122592","creationTimestamp":"2018-09-13T06:53:03Z","labels":{"chart":"productorder-modifyorder-0.1.1-0035","expose":"true","microservice":"productorder-modifyorder","monitored":"prometheus","monitoring":"prometheus","project":"productorder-modifyorder","provider":"amdocs","release":"productorder-modifyorder-release"},"annotations":{"fabric8.io/iconUrl":"img/icons/spring-boot.svg","kubectl.kubernetes.io/last-applied-configuration":"{\"apiVersion\":\"v1\",\"kind\":\"Service\",\"metadata\":{\"annotations\":{\"fabric8.io/iconUrl\":\"img/icons/spring-boot.svg\"},\"creationTimestamp\":null,\"labels\":{\"chart\":\"productorder-modifyorder-0.1.1-0035\",\"expose\":\"true\",\"microservice\":\"productorder-modifyorder\",\"monitored\":\"prometheus\",\"monitoring\":\"prometheus\",\"project\":\"productorder-modifyorder\",\"provider\":\"amdocs\",\"release\":\"productorder-modifyorder-release\"},\"name\":\"productorder-modifyorder-service\",\"namespace\":\"oc-cd-1017-pranavd-pd\"},\"spec\":{\"externalTrafficPolicy\":\"Cluster\",\"ports\":[{\"name\":\"http\",\"port\":8080,\"protocol\":\"TCP\",\"targetPort\":8080},{\"name\":\"metrics\",\"port\":5555,\"protocol\":\"TCP\",\"targetPort\":\"metrics\"}],\"selector\":{\"microservice\":\"productorder-modifyorder\",\"project\":\"productorder-modifyorder\",\"provider\":\"amdocs\",\"release\":\"productorder-modifyorder-release\"},\"sessionAffinity\":\"None\",\"type\":\"NodePort\"},\"status\":{\"loadBalancer\":{}}}\n"}},"spec":{"ports":[{"name":"http","protocol":"TCP","port":8080,"targetPort":8080,"nodePort":30158},{"name":"metrics","protocol":"TCP","port":5555,"targetPort":"metrics","nodePort":31616}],"selector":{"microservice":"productorder-modifyorder","project":"productorder-modifyorder","provider":"amdocs","release":"productorder-modifyorder-release"},"clusterIP":"172.30.94.150","type":"NodePort","sessionAffinity":"None","externalTrafficPolicy":"Cluster"},"status":{"loadBalancer":{}}},{"metadata":{"name":"productorder-paymentorder-service","namespace":"oc-cd-1017-pranavd-pd","selfLink":"/api/v1/namespaces/oc-cd-1017-pranavd-pd/services/productorder-paymentorder-service","uid":"a8f7b2d2-b721-11e8-bb86-0050569a887c","resourceVersion":"66122599","creationTimestamp":"2018-09-13T06:53:03Z","labels":{"chart":"productorder-paymentorder-0.1.1-0016","expose":"true","microservice":"productorder-paymentorde","monitored":"prometheus","monitoring":"prometheus","project":"productorder-paymentorder","provider":"amdocs","release":"productorder-paymentorder-release"},"annotations":{"fabric8.io/iconUrl":"img/icons/spring-boot.svg","kubectl.kubernetes.io/last-applied-configuration":"{\"apiVersion\":\"v1\",\"kind\":\"Service\",\"metadata\":{\"annotations\":{\"fabric8.io/iconUrl\":\"img/icons/spring-boot.svg\"},\"creationTimestamp\":null,\"labels\":{\"chart\":\"productorder-paymentorder-0.1.1-0016\",\"expose\":\"true\",\"microservice\":\"productorder-paymentorde\",\"monitored\":\"prometheus\",\"monitoring\":\"prometheus\",\"project\":\"productorder-paymentorder\",\"provider\":\"amdocs\",\"release\":\"productorder-paymentorder-release\"},\"name\":\"productorder-paymentorder-service\",\"namespace\":\"oc-cd-1017-pranavd-pd\"},\"spec\":{\"externalTrafficPolicy\":\"Cluster\",\"ports\":[{\"name\":\"http\",\"port\":8080,\"protocol\":\"TCP\",\"targetPort\":8080},{\"name\":\"https\",\"port\":8443,\"protocol\":\"TCP\",\"targetPort\":\"https\"},{\"name\":\"metrics\",\"port\":5555,\"protocol\":\"TCP\",\"targetPort\":\"metrics\"}],\"selector\":{\"microservice\":\"productorder-paymentorde\",\"project\":\"productorder-paymentorder\",\"provider\":\"amdocs\",\"release\":\"productorder-paymentorder-release\"},\"sessionAffinity\":\"None\",\"type\":\"NodePort\"},\"status\":{\"loadBalancer\":{}}}\n"}},"spec":{"ports":[{"name":"http","protocol":"TCP","port":8080,"targetPort":8080,"nodePort":31620},{"name":"https","protocol":"TCP","port":8443,"targetPort":"https","nodePort":32535},{"name":"metrics","protocol":"TCP","port":5555,"targetPort":"metrics","nodePort":32542}],"selector":{"microservice":"productorder-paymentorde","project":"productorder-paymentorder","provider":"amdocs","release":"productorder-paymentorder-release"},"clusterIP":"172.30.248.135","type":"NodePort","sessionAffinity":"None","externalTrafficPolicy":"Cluster"},"status":{"loadBalancer":{}}},{"metadata":{"name":"productorder-price-service","namespace":"oc-cd-1017-pranavd-pd","selfLink":"/api/v1/namespaces/oc-cd-1017-pranavd-pd/services/productorder-price-service","uid":"a907d52e-b721-11e8-bb86-0050569a887c","resourceVersion":"66122607","creationTimestamp":"2018-09-13T06:53:03Z","labels":{"chart":"productorder-price-0.1.1-0049","expose":"true","microservice":"productorder-price","monitored":"prometheus","monitoring":"prometheus","project":"productorder-price","provider":"amdocs","release":"productorder-price-release"},"annotations":{"fabric8.io/iconUrl":"img/icons/spring-boot.svg","kubectl.kubernetes.io/last-applied-configuration":"{\"apiVersion\":\"v1\",\"kind\":\"Service\",\"metadata\":{\"annotations\":{\"fabric8.io/iconUrl\":\"img/icons/spring-boot.svg\"},\"creationTimestamp\":null,\"labels\":{\"chart\":\"productorder-price-0.1.1-0049\",\"expose\":\"true\",\"microservice\":\"productorder-price\",\"monitored\":\"prometheus\",\"monitoring\":\"prometheus\",\"project\":\"productorder-price\",\"provider\":\"amdocs\",\"release\":\"productorder-price-release\"},\"name\":\"productorder-price-service\",\"namespace\":\"oc-cd-1017-pranavd-pd\"},\"spec\":{\"externalTrafficPolicy\":\"Cluster\",\"ports\":[{\"name\":\"http\",\"port\":8080,\"protocol\":\"TCP\",\"targetPort\":8080},{\"name\":\"https\",\"port\":8443,\"protocol\":\"TCP\",\"targetPort\":\"https\"},{\"name\":\"metrics\",\"port\":5555,\"protocol\":\"TCP\",\"targetPort\":\"metrics\"}],\"selector\":{\"microservice\":\"productorder-price\",\"project\":\"productorder-price\",\"provider\":\"amdocs\",\"release\":\"productorder-price-release\"},\"sessionAffinity\":\"None\",\"type\":\"NodePort\"},\"status\":{\"loadBalancer\":{}}}\n"}},"spec":{"ports":[{"name":"http","protocol":"TCP","port":8080,"targetPort":8080,"nodePort":35546},{"name":"https","protocol":"TCP","port":8443,"targetPort":"https","nodePort":30471},{"name":"metrics","protocol":"TCP","port":5555,"targetPort":"metrics","nodePort":31712}],"selector":{"microservice":"productorder-price","project":"productorder-price","provider":"amdocs","release":"productorder-price-release"},"clusterIP":"172.30.251.203","type":"NodePort","sessionAffinity":"None","externalTrafficPolicy":"Cluster"},"status":{"loadBalancer":{}}},{"metadata":{"name":"productorder-productorder-service","namespace":"oc-cd-1017-pranavd-pd","selfLink":"/api/v1/namespaces/oc-cd-1017-pranavd-pd/services/productorder-productorder-service","uid":"a91f46fb-b721-11e8-bb86-0050569a887c","resourceVersion":"66122617","creationTimestamp":"2018-09-13T06:53:03Z","labels":{"chart":"productorder-productorder-0.1.1-0157","expose":"true","microservice":"productorder-productorde","monitored":"prometheus","monitoring":"prometheus","project":"productorder-productorder","provider":"amdocs","release":"productorder-productorder-release"},"annotations":{"fabric8.io/iconUrl":"img/icons/spring-boot.svg","kubectl.kubernetes.io/last-applied-configuration":"{\"apiVersion\":\"v1\",\"kind\":\"Service\",\"metadata\":{\"annotations\":{\"fabric8.io/iconUrl\":\"img/icons/spring-boot.svg\"},\"creationTimestamp\":null,\"labels\":{\"chart\":\"productorder-productorder-0.1.1-0157\",\"expose\":\"true\",\"microservice\":\"productorder-productorde\",\"monitored\":\"prometheus\",\"monitoring\":\"prometheus\",\"project\":\"productorder-productorder\",\"provider\":\"amdocs\",\"release\":\"productorder-productorder-release\"},\"name\":\"productorder-productorder-service\",\"namespace\":\"oc-cd-1017-pranavd-pd\"},\"spec\":{\"externalTrafficPolicy\":\"Cluster\",\"ports\":[{\"name\":\"http\",\"port\":8080,\"protocol\":\"TCP\",\"targetPort\":8080},{\"name\":\"https\",\"port\":8443,\"protocol\":\"TCP\",\"targetPort\":\"https\"},{\"name\":\"metrics\",\"port\":5555,\"protocol\":\"TCP\",\"targetPort\":\"metrics\"}],\"selector\":{\"microservice\":\"productorder-productorde\",\"project\":\"productorder-productorder\",\"provider\":\"amdocs\",\"release\":\"productorder-productorder-release\"},\"sessionAffinity\":\"None\",\"type\":\"NodePort\"},\"status\":{\"loadBalancer\":{}}}\n"}},"spec":{"ports":[{"name":"http","protocol":"TCP","port":8080,"targetPort":8080,"nodePort":30538},{"name":"https","protocol":"TCP","port":8443,"targetPort":"https","nodePort":34660},{"name":"metrics","protocol":"TCP","port":5555,"targetPort":"metrics","nodePort":33493}],"selector":{"microservice":"productorder-productorde","project":"productorder-productorder","provider":"amdocs","release":"productorder-productorder-release"},"clusterIP":"172.30.8.161","type":"NodePort","sessionAffinity":"None","externalTrafficPolicy":"Cluster"},"status":{"loadBalancer":{}}},{"metadata":{"name":"productorder-submitorder-service","namespace":"oc-cd-1017-pranavd-pd","selfLink":"/api/v1/namespaces/oc-cd-1017-pranavd-pd/services/productorder-submitorder-service","uid":"a92f9a50-b721-11e8-bb86-0050569a887c","resourceVersion":"66122625","creationTimestamp":"2018-09-13T06:53:03Z","labels":{"chart":"productorder-submitorder-0.1.1-0058","expose":"true","microservice":"productorder-submitorder","monitored":"prometheus","monitoring":"prometheus","project":"productorder-submitorder","provider":"amdocs","release":"productorder-submitorder-release"},"annotations":{"fabric8.io/iconUrl":"img/icons/spring-boot.svg","kubectl.kubernetes.io/last-applied-configuration":"{\"apiVersion\":\"v1\",\"kind\":\"Service\",\"metadata\":{\"annotations\":{\"fabric8.io/iconUrl\":\"img/icons/spring-boot.svg\"},\"creationTimestamp\":null,\"labels\":{\"chart\":\"productorder-submitorder-0.1.1-0058\",\"expose\":\"true\",\"microservice\":\"productorder-submitorder\",\"monitored\":\"prometheus\",\"monitoring\":\"prometheus\",\"project\":\"productorder-submitorder\",\"provider\":\"amdocs\",\"release\":\"productorder-submitorder-release\"},\"name\":\"productorder-submitorder-service\",\"namespace\":\"oc-cd-1017-pranavd-pd\"},\"spec\":{\"externalTrafficPolicy\":\"Cluster\",\"ports\":[{\"name\":\"http\",\"port\":8080,\"protocol\":\"TCP\",\"targetPort\":8080},{\"name\":\"https\",\"port\":8443,\"protocol\":\"TCP\",\"targetPort\":\"https\"},{\"name\":\"metrics\",\"port\":5555,\"protocol\":\"TCP\",\"targetPort\":\"metrics\"}],\"selector\":{\"microservice\":\"productorder-submitorder\",\"project\":\"productorder-submitorder\",\"provider\":\"amdocs\",\"release\":\"productorder-submitorder-release\"},\"sessionAffinity\":\"None\",\"type\":\"NodePort\"},\"status\":{\"loadBalancer\":{}}}\n"}},"spec":{"ports":[{"name":"http","protocol":"TCP","port":8080,"targetPort":8080,"nodePort":31718},{"name":"https","protocol":"TCP","port":8443,"targetPort":"https","nodePort":33684},{"name":"metrics","protocol":"TCP","port":5555,"targetPort":"metrics","nodePort":32056}],"selector":{"microservice":"productorder-submitorder","project":"productorder-submitorder","provider":"amdocs","release":"productorder-submitorder-release"},"clusterIP":"172.30.32.4","type":"NodePort","sessionAffinity":"None","externalTrafficPolicy":"Cluster"},"status":{"loadBalancer":{}}},{"metadata":{"name":"productorder-validateorder-service","namespace":"oc-cd-1017-pranavd-pd","selfLink":"/api/v1/namespaces/oc-cd-1017-pranavd-pd/services/productorder-validateorder-service","uid":"a940d07f-b721-11e8-bb86-0050569a887c","resourceVersion":"66122632","creationTimestamp":"2018-09-13T06:53:03Z","labels":{"chart":"productorder-validateorder-0.1.1-0062","expose":"true","microservice":"productorder-validateord","monitored":"prometheus","monitoring":"prometheus","project":"productorder-validateorder","provider":"amdocs","release":"productorder-validateorder-release"},"annotations":{"fabric8.io/iconUrl":"img/icons/spring-boot.svg","kubectl.kubernetes.io/last-applied-configuration":"{\"apiVersion\":\"v1\",\"kind\":\"Service\",\"metadata\":{\"annotations\":{\"fabric8.io/iconUrl\":\"img/icons/spring-boot.svg\"},\"creationTimestamp\":null,\"labels\":{\"chart\":\"productorder-validateorder-0.1.1-0062\",\"expose\":\"true\",\"microservice\":\"productorder-validateord\",\"monitored\":\"prometheus\",\"monitoring\":\"prometheus\",\"project\":\"productorder-validateorder\",\"provider\":\"amdocs\",\"release\":\"productorder-validateorder-release\"},\"name\":\"productorder-validateorder-service\",\"namespace\":\"oc-cd-1017-pranavd-pd\"},\"spec\":{\"externalTrafficPolicy\":\"Cluster\",\"ports\":[{\"name\":\"http\",\"port\":8080,\"protocol\":\"TCP\",\"targetPort\":8080},{\"name\":\"https\",\"port\":8443,\"protocol\":\"TCP\",\"targetPort\":\"https\"},{\"name\":\"metrics\",\"port\":5555,\"protocol\":\"TCP\",\"targetPort\":\"metrics\"}],\"selector\":{\"microservice\":\"productorder-validateord\",\"project\":\"productorder-validateorder\",\"provider\":\"amdocs\",\"release\":\"productorder-validateorder-release\"},\"sessionAffinity\":\"None\",\"type\":\"NodePort\"},\"status\":{\"loadBalancer\":{}}}\n"}},"spec":{"ports":[{"name":"http","protocol":"TCP","port":8080,"targetPort":8080,"nodePort":33834},{"name":"https","protocol":"TCP","port":8443,"targetPort":"https","nodePort":31722},{"name":"metrics","protocol":"TCP","port":5555,"targetPort":"metrics","nodePort":30476}],"selector":{"microservice":"productorder-validateord","project":"productorder-validateorder","provider":"amdocs","release":"productorder-validateorder-release"},"clusterIP":"172.30.80.78","type":"NodePort","sessionAffinity":"None","externalTrafficPolicy":"Cluster"},"status":{"loadBalancer":{}}},{"metadata":{"name":"productvalidator-service","namespace":"oc-cd-1017-pranavd-pd","selfLink":"/api/v1/namespaces/oc-cd-1017-pranavd-pd/services/productvalidator-service","uid":"a951d7ce-b721-11e8-bb86-0050569a887c","resourceVersion":"66122639","creationTimestamp":"2018-09-13T06:53:03Z","labels":{"chart":"productvalidator-0.1.1-0077","expose":"true","microservice":"productvalidator","project":"productvalidator","provider":"amdocs","release":"productvalidator-release"},"annotations":{"fabric8.io/iconUrl":"img/icons/spring-boot.svg","kubectl.kubernetes.io/last-applied-configuration":"{\"apiVersion\":\"v1\",\"kind\":\"Service\",\"metadata\":{\"annotations\":{\"fabric8.io/iconUrl\":\"img/icons/spring-boot.svg\"},\"creationTimestamp\":null,\"labels\":{\"chart\":\"productvalidator-0.1.1-0077\",\"expose\":\"true\",\"microservice\":\"productvalidator\",\"project\":\"productvalidator\",\"provider\":\"amdocs\",\"release\":\"productvalidator-release\"},\"name\":\"productvalidator-service\",\"namespace\":\"oc-cd-1017-pranavd-pd\"},\"spec\":{\"externalTrafficPolicy\":\"Cluster\",\"ports\":[{\"name\":\"http\",\"port\":8080,\"protocol\":\"TCP\",\"targetPort\":8080},{\"name\":\"https\",\"port\":8443,\"protocol\":\"TCP\",\"targetPort\":\"https\"},{\"name\":\"metrics\",\"port\":5555,\"protocol\":\"TCP\",\"targetPort\":\"metrics\"}],\"selector\":{\"microservice\":\"productvalidator\",\"project\":\"productvalidator\",\"provider\":\"amdocs\",\"release\":\"productvalidator-release\"},\"sessionAffinity\":\"None\",\"type\":\"NodePort\"},\"status\":{\"loadBalancer\":{}}}\n"}},"spec":{"ports":[{"name":"http","protocol":"TCP","port":8080,"targetPort":8080,"nodePort":32057},{"name":"https","protocol":"TCP","port":8443,"targetPort":"https","nodePort":34655},{"name":"metrics","protocol":"TCP","port":5555,"targetPort":"metrics","nodePort":34588}],"selector":{"microservice":"productvalidator","project":"productvalidator","provider":"amdocs","release":"productvalidator-release"},"clusterIP":"172.30.128.45","type":"NodePort","sessionAffinity":"None","externalTrafficPolicy":"Cluster"},"status":{"loadBalancer":{}}},{"metadata":{"name":"promotion-command-service","namespace":"oc-cd-1017-pranavd-pd","selfLink":"/api/v1/namespaces/oc-cd-1017-pranavd-pd/services/promotion-command-service","uid":"a974758a-b721-11e8-bb86-0050569a887c","resourceVersion":"66122652","creationTimestamp":"2018-09-13T06:53:03Z","labels":{"app":"promotion-command-service","chart":"promotion-command-service-1.0.4","heritage":"Tiller","monitored":"prometheus","monitoring":"prometheus","prometheus":"amdocs-prometheus","release":"promotion-release"},"annotations":{"kubectl.kubernetes.io/last-applied-configuration":"{\"apiVersion\":\"v1\",\"kind\":\"Service\",\"metadata\":{\"annotations\":{},\"creationTimestamp\":null,\"labels\":{\"app\":\"promotion-command-service\",\"chart\":\"promotion-command-service-1.0.4\",\"heritage\":\"Tiller\",\"monitored\":\"prometheus\",\"monitoring\":\"prometheus\",\"prometheus\":\"amdocs-prometheus\",\"release\":\"promotion-release\"},\"name\":\"promotion-command-service\",\"namespace\":\"oc-cd-1017-pranavd-pd\"},\"spec\":{\"externalTrafficPolicy\":\"Cluster\",\"ports\":[{\"name\":\"server\",\"port\":8080,\"protocol\":\"TCP\",\"targetPort\":8080},{\"name\":\"management\",\"port\":8081,\"protocol\":\"TCP\",\"targetPort\":8081},{\"name\":\"metrics\",\"port\":5555,\"protocol\":\"TCP\",\"targetPort\":\"metrics\"}],\"selector\":{\"app\":\"promotion-command-service\",\"group\":\"com.amdocs.catalogone\",\"provider\":\"amdocs\",\"release\":\"promotion-release\"},\"sessionAffinity\":\"None\",\"type\":\"NodePort\"},\"status\":{\"loadBalancer\":{}}}\n"}},"spec":{"ports":[{"name":"server","protocol":"TCP","port":8080,"targetPort":8080,"nodePort":32077},{"name":"management","protocol":"TCP","port":8081,"targetPort":8081,"nodePort":32101},{"name":"metrics","protocol":"TCP","port":5555,"targetPort":"metrics","nodePort":32118}],"selector":{"app":"promotion-command-service","group":"com.amdocs.catalogone","provider":"amdocs","release":"promotion-release"},"clusterIP":"172.30.247.175","type":"NodePort","sessionAffinity":"None","externalTrafficPolicy":"Cluster"},"status":{"loadBalancer":{}}},{"metadata":{"name":"promotion-mapper-service","namespace":"oc-cd-1017-pranavd-pd","selfLink":"/api/v1/namespaces/oc-cd-1017-pranavd-pd/services/promotion-mapper-service","uid":"a98adf26-b721-11e8-bb86-0050569a887c","resourceVersion":"66122663","creationTimestamp":"2018-09-13T06:53:04Z","labels":{"app":"promotion-mapper-service","chart":"promotion-mapper-service-1.1.0","heritage":"Tiller","monitored":"prometheus","monitoring":"prometheus","prometheus":"amdocs-prometheus","release":"promotion-mapper-release"},"annotations":{"kubectl.kubernetes.io/last-applied-configuration":"{\"apiVersion\":\"v1\",\"kind\":\"Service\",\"metadata\":{\"annotations\":{},\"creationTimestamp\":null,\"labels\":{\"app\":\"promotion-mapper-service\",\"chart\":\"promotion-mapper-service-1.1.0\",\"heritage\":\"Tiller\",\"monitored\":\"prometheus\",\"monitoring\":\"prometheus\",\"prometheus\":\"amdocs-prometheus\",\"release\":\"promotion-mapper-release\"},\"name\":\"promotion-mapper-service\",\"namespace\":\"oc-cd-1017-pranavd-pd\"},\"spec\":{\"externalTrafficPolicy\":\"Cluster\",\"ports\":[{\"name\":\"server\",\"port\":8080,\"protocol\":\"TCP\",\"targetPort\":8080},{\"name\":\"management\",\"port\":8081,\"protocol\":\"TCP\",\"targetPort\":8081},{\"name\":\"metrics\",\"port\":5555,\"protocol\":\"TCP\",\"targetPort\":\"metrics\"}],\"selector\":{\"app\":\"promotion-mapper-service\",\"group\":\"com.amdocs.catalogone\",\"provider\":\"amdocs\",\"release\":\"promotion-mapper-release\"},\"sessionAffinity\":\"None\",\"type\":\"NodePort\"},\"status\":{\"loadBalancer\":{}}}\n"}},"spec":{"ports":[{"name":"server","protocol":"TCP","port":8080,"targetPort":8080,"nodePort":31731},{"name":"management","protocol":"TCP","port":8081,"targetPort":8081,"nodePort":32549},{"name":"metrics","protocol":"TCP","port":5555,"targetPort":"metrics","nodePort":31735}],"selector":{"app":"promotion-mapper-service","group":"com.amdocs.catalogone","provider":"amdocs","release":"promotion-mapper-release"},"clusterIP":"172.30.62.17","type":"NodePort","sessionAffinity":"None","externalTrafficPolicy":"Cluster"},"status":{"loadBalancer":{}}},{"metadata":{"name":"promotion-productofferingcriteria-service","namespace":"oc-cd-1017-pranavd-pd","selfLink":"/api/v1/namespaces/oc-cd-1017-pranavd-pd/services/promotion-productofferingcriteria-service","uid":"a999e9ce-b721-11e8-bb86-0050569a887c","resourceVersion":"66122670","creationTimestamp":"2018-09-13T06:53:04Z","labels":{"chart":"promotion-productofferingcriteria-0.1.1-0033","expose":"true","microservice":"promotion-productofferin","monitored":"prometheus","monitoring":"prometheus","project":"promotion-productofferingcriteria","provider":"amdocs","release":"promotion-productofferingcriteria-release"},"annotations":{"fabric8.io/iconUrl":"img/icons/spring-boot.svg","kubectl.kubernetes.io/last-applied-configuration":"{\"apiVersion\":\"v1\",\"kind\":\"Service\",\"metadata\":{\"annotations\":{\"fabric8.io/iconUrl\":\"img/icons/spring-boot.svg\"},\"creationTimestamp\":null,\"labels\":{\"chart\":\"promotion-productofferingcriteria-0.1.1-0033\",\"expose\":\"true\",\"microservice\":\"promotion-productofferin\",\"monitored\":\"prometheus\",\"monitoring\":\"prometheus\",\"project\":\"promotion-productofferingcriteria\",\"provider\":\"amdocs\",\"release\":\"promotion-productofferingcriteria-release\"},\"name\":\"promotion-productofferingcriteria-service\",\"namespace\":\"oc-cd-1017-pranavd-pd\"},\"spec\":{\"externalTrafficPolicy\":\"Cluster\",\"ports\":[{\"name\":\"http\",\"port\":8080,\"protocol\":\"TCP\",\"targetPort\":8080},{\"name\":\"metrics\",\"port\":5555,\"protocol\":\"TCP\",\"targetPort\":\"metrics\"}],\"selector\":{\"microservice\":\"promotion-productofferin\",\"project\":\"promotion-productofferingcriteria\",\"provider\":\"amdocs\",\"release\":\"promotion-productofferingcriteria-release\"},\"sessionAffinity\":\"None\",\"type\":\"NodePort\"},\"status\":{\"loadBalancer\":{}}}\n"}},"spec":{"ports":[{"name":"http","protocol":"TCP","port":8080,"targetPort":8080,"nodePort":34777},{"name":"metrics","protocol":"TCP","port":5555,"targetPort":"metrics","nodePort":32563}],"selector":{"microservice":"promotion-productofferin","project":"promotion-productofferingcriteria","provider":"amdocs","release":"promotion-productofferingcriteria-release"},"clusterIP":"172.30.98.139","type":"NodePort","sessionAffinity":"None","externalTrafficPolicy":"Cluster"},"status":{"loadBalancer":{}}},{"metadata":{"name":"promotion-promotion-service","namespace":"oc-cd-1017-pranavd-pd","selfLink":"/api/v1/namespaces/oc-cd-1017-pranavd-pd/services/promotion-promotion-service","uid":"a9b1399a-b721-11e8-bb86-0050569a887c","resourceVersion":"66122678","creationTimestamp":"2018-09-13T06:53:04Z","labels":{"chart":"promotion-promotion-0.1.1-0052","expose":"true","microservice":"promotion-promotion","monitored":"prometheus","monitoring":"prometheus","project":"promotion-promotion","provider":"amdocs","release":"promotion-promotion-release"},"annotations":{"fabric8.io/iconUrl":"img/icons/spring-boot.svg","kubectl.kubernetes.io/last-applied-configuration":"{\"apiVersion\":\"v1\",\"kind\":\"Service\",\"metadata\":{\"annotations\":{\"fabric8.io/iconUrl\":\"img/icons/spring-boot.svg\"},\"creationTimestamp\":null,\"labels\":{\"chart\":\"promotion-promotion-0.1.1-0052\",\"expose\":\"true\",\"microservice\":\"promotion-promotion\",\"monitored\":\"prometheus\",\"monitoring\":\"prometheus\",\"project\":\"promotion-promotion\",\"provider\":\"amdocs\",\"release\":\"promotion-promotion-release\"},\"name\":\"promotion-promotion-service\",\"namespace\":\"oc-cd-1017-pranavd-pd\"},\"spec\":{\"externalTrafficPolicy\":\"Cluster\",\"ports\":[{\"name\":\"http\",\"port\":8080,\"protocol\":\"TCP\",\"targetPort\":8080},{\"name\":\"metrics\",\"port\":5555,\"protocol\":\"TCP\",\"targetPort\":\"metrics\"}],\"selector\":{\"microservice\":\"promotion-promotion\",\"project\":\"promotion-promotion\",\"provider\":\"amdocs\",\"release\":\"promotion-promotion-release\"},\"sessionAffinity\":\"None\",\"type\":\"NodePort\"},\"status\":{\"loadBalancer\":{}}}\n"}},"spec":{"ports":[{"name":"http","protocol":"TCP","port":8080,"targetPort":8080,"nodePort":32832},{"name":"metrics","protocol":"TCP","port":5555,"targetPort":"metrics","nodePort":32836}],"selector":{"microservice":"promotion-promotion","project":"promotion-promotion","provider":"amdocs","release":"promotion-promotion-release"},"clusterIP":"172.30.209.251","type":"NodePort","sessionAffinity":"None","externalTrafficPolicy":"Cluster"},"status":{"loadBalancer":{}}},{"metadata":{"name":"promotion-qualification-service","namespace":"oc-cd-1017-pranavd-pd","selfLink":"/api/v1/namespaces/oc-cd-1017-pranavd-pd/services/promotion-qualification-service","uid":"a9c50635-b721-11e8-bb86-0050569a887c","resourceVersion":"66122685","creationTimestamp":"2018-09-13T06:53:04Z","labels":{"chart":"promotion-qualification-0.1.1-0048","expose":"true","microservice":"promotion-qualification","monitored":"prometheus","monitoring":"prometheus","project":"promotion-qualification","provider":"amdocs","release":"promotion-qualifictn-release"},"annotations":{"fabric8.io/iconUrl":"img/icons/spring-boot.svg","kubectl.kubernetes.io/last-applied-configuration":"{\"apiVersion\":\"v1\",\"kind\":\"Service\",\"metadata\":{\"annotations\":{\"fabric8.io/iconUrl\":\"img/icons/spring-boot.svg\"},\"creationTimestamp\":null,\"labels\":{\"chart\":\"promotion-qualification-0.1.1-0048\",\"expose\":\"true\",\"microservice\":\"promotion-qualification\",\"monitored\":\"prometheus\",\"monitoring\":\"prometheus\",\"project\":\"promotion-qualification\",\"provider\":\"amdocs\",\"release\":\"promotion-qualifictn-release\"},\"name\":\"promotion-qualification-service\",\"namespace\":\"oc-cd-1017-pranavd-pd\"},\"spec\":{\"externalTrafficPolicy\":\"Cluster\",\"ports\":[{\"name\":\"http\",\"port\":8080,\"protocol\":\"TCP\",\"targetPort\":8080},{\"name\":\"metrics\",\"port\":5555,\"protocol\":\"TCP\",\"targetPort\":\"metrics\"}],\"selector\":{\"microservice\":\"promotion-qualification\",\"project\":\"promotion-qualification\",\"provider\":\"amdocs\",\"release\":\"promotion-qualifictn-release\"},\"sessionAffinity\":\"None\",\"type\":\"NodePort\"},\"status\":{\"loadBalancer\":{}}}\n"}},"spec":{"ports":[{"name":"http","protocol":"TCP","port":8080,"targetPort":8080,"nodePort":30560},{"name":"metrics","protocol":"TCP","port":5555,"targetPort":"metrics","nodePort":32168}],"selector":{"microservice":"promotion-qualification","project":"promotion-qualification","provider":"amdocs","release":"promotion-qualifictn-release"},"clusterIP":"172.30.198.162","type":"NodePort","sessionAffinity":"None","externalTrafficPolicy":"Cluster"},"status":{"loadBalancer":{}}},{"metadata":{"name":"promotion-saleschannelcriteria-service","namespace":"oc-cd-1017-pranavd-pd","selfLink":"/api/v1/namespaces/oc-cd-1017-pranavd-pd/services/promotion-saleschannelcriteria-service","uid":"a9d570c3-b721-11e8-bb86-0050569a887c","resourceVersion":"66122693","creationTimestamp":"2018-09-13T06:53:04Z","labels":{"chart":"promotion-saleschannelcriteria-0.1.1-0008","expose":"true","microservice":"promotion-saleschannelcr","project":"promotion-saleschannelcriteria","provider":"amdocs","release":"promotion-saleschannelcriteria-release"},"annotations":{"fabric8.io/iconUrl":"img/icons/spring-boot.svg","kubectl.kubernetes.io/last-applied-configuration":"{\"apiVersion\":\"v1\",\"kind\":\"Service\",\"metadata\":{\"annotations\":{\"fabric8.io/iconUrl\":\"img/icons/spring-boot.svg\"},\"creationTimestamp\":null,\"labels\":{\"chart\":\"promotion-saleschannelcriteria-0.1.1-0008\",\"expose\":\"true\",\"microservice\":\"promotion-saleschannelcr\",\"project\":\"promotion-saleschannelcriteria\",\"provider\":\"amdocs\",\"release\":\"promotion-saleschannelcriteria-release\"},\"name\":\"promotion-saleschannelcriteria-service\",\"namespace\":\"oc-cd-1017-pranavd-pd\"},\"spec\":{\"externalTrafficPolicy\":\"Cluster\",\"ports\":[{\"name\":\"http\",\"port\":8080,\"protocol\":\"TCP\",\"targetPort\":8080},{\"name\":\"metrics\",\"port\":5555,\"protocol\":\"TCP\",\"targetPort\":\"metrics\"}],\"selector\":{\"microservice\":\"promotion-saleschannelcr\",\"project\":\"promotion-saleschannelcriteria\",\"provider\":\"amdocs\",\"release\":\"promotion-saleschannelcriteria-release\"},\"sessionAffinity\":\"None\",\"type\":\"NodePort\"},\"status\":{\"loadBalancer\":{}}}\n"}},"spec":{"ports":[{"name":"http","protocol":"TCP","port":8080,"targetPort":8080,"nodePort":34306},{"name":"metrics","protocol":"TCP","port":5555,"targetPort":"metrics","nodePort":31803}],"selector":{"microservice":"promotion-saleschannelcr","project":"promotion-saleschannelcriteria","provider":"amdocs","release":"promotion-saleschannelcriteria-release"},"clusterIP":"172.30.60.80","type":"NodePort","sessionAffinity":"None","externalTrafficPolicy":"Cluster"},"status":{"loadBalancer":{}}},{"metadata":{"name":"release-management-service","namespace":"oc-cd-1017-pranavd-pd","selfLink":"/api/v1/namespaces/oc-cd-1017-pranavd-pd/services/release-management-service","uid":"a9ec4315-b721-11e8-bb86-0050569a887c","resourceVersion":"66122703","creationTimestamp":"2018-09-13T06:53:04Z","labels":{"app":"release-management-service","chart":"release-management-service-1.6.0","prometheus":"amdocs-prometheus","release":"release-management-release"},"annotations":{"kubectl.kubernetes.io/last-applied-configuration":"{\"apiVersion\":\"v1\",\"kind\":\"Service\",\"metadata\":{\"annotations\":{},\"creationTimestamp\":null,\"labels\":{\"app\":\"release-management-service\",\"chart\":\"release-management-service-1.6.0\",\"prometheus\":\"amdocs-prometheus\",\"release\":\"release-management-release\"},\"name\":\"release-management-service\",\"namespace\":\"oc-cd-1017-pranavd-pd\"},\"spec\":{\"externalTrafficPolicy\":\"Cluster\",\"ports\":[{\"name\":\"server\",\"port\":8080,\"protocol\":\"TCP\",\"targetPort\":\"server\"},{\"name\":\"management\",\"port\":8081,\"protocol\":\"TCP\",\"targetPort\":\"management\"},{\"name\":\"metrics\",\"port\":5555,\"protocol\":\"TCP\",\"targetPort\":\"metrics\"},{\"name\":\"debug\",\"port\":5005,\"protocol\":\"TCP\",\"targetPort\":\"debug\"}],\"selector\":{\"app\":\"release-management-service\",\"group\":\"com.amdocs.catalogone\",\"provider\":\"amdocs\",\"release\":\"release-management-release\"},\"sessionAffinity\":\"None\",\"type\":\"NodePort\"},\"status\":{\"loadBalancer\":{}}}\n"}},"spec":{"ports":[{"name":"server","protocol":"TCP","port":8080,"targetPort":"server","nodePort":32564},{"name":"management","protocol":"TCP","port":8081,"targetPort":"management","nodePort":30030},{"name":"metrics","protocol":"TCP","port":5555,"targetPort":"metrics","nodePort":30562},{"name":"debug","protocol":"TCP","port":5005,"targetPort":"debug","nodePort":31821}],"selector":{"app":"release-management-service","group":"com.amdocs.catalogone","provider":"amdocs","release":"release-management-release"},"clusterIP":"172.30.5.247","type":"NodePort","sessionAffinity":"None","externalTrafficPolicy":"Cluster"},"status":{"loadBalancer":{}}},{"metadata":{"name":"repo-service","namespace":"oc-cd-1017-pranavd-pd","selfLink":"/api/v1/namespaces/oc-cd-1017-pranavd-pd/services/repo-service","uid":"a9ffdcb0-b721-11e8-bb86-0050569a887c","resourceVersion":"66122713","creationTimestamp":"2018-09-13T06:53:04Z","labels":{"app":"catalog-repo-plugin-helm","chart":"catalog-repo-plugin-helm-2.0.0","heritage":"Tiller","release":"repo-service-release"},"annotations":{"kubectl.kubernetes.io/last-applied-configuration":"{\"apiVersion\":\"v1\",\"kind\":\"Service\",\"metadata\":{\"annotations\":{},\"creationTimestamp\":null,\"labels\":{\"app\":\"catalog-repo-plugin-helm\",\"chart\":\"catalog-repo-plugin-helm-2.0.0\",\"heritage\":\"Tiller\",\"release\":\"repo-service-release\"},\"name\":\"repo-service\",\"namespace\":\"oc-cd-1017-pranavd-pd\"},\"spec\":{\"externalTrafficPolicy\":\"Cluster\",\"ports\":[{\"name\":\"server\",\"port\":8080,\"protocol\":\"TCP\",\"targetPort\":8080},{\"name\":\"management\",\"port\":8081,\"protocol\":\"TCP\",\"targetPort\":8081}],\"selector\":{\"app\":\"catalog-repo-plugin-helm\",\"group\":\"com.amdocs.foundation.repo\",\"provider\":\"amdocs\",\"release\":\"repo-service-release\"},\"sessionAffinity\":\"None\",\"type\":\"NodePort\"},\"status\":{\"loadBalancer\":{}}}\n"}},"spec":{"ports":[{"name":"server","protocol":"TCP","port":8080,"targetPort":8080,"nodePort":32577},{"name":"management","protocol":"TCP","port":8081,"targetPort":8081,"nodePort":35318}],"selector":{"app":"catalog-repo-plugin-helm","group":"com.amdocs.foundation.repo","provider":"amdocs","release":"repo-service-release"},"clusterIP":"172.30.8.190","type":"NodePort","sessionAffinity":"None","externalTrafficPolicy":"Cluster"},"status":{"loadBalancer":{}}},{"metadata":{"name":"scheduler-task-service","namespace":"oc-cd-1017-pranavd-pd","selfLink":"/api/v1/namespaces/oc-cd-1017-pranavd-pd/services/scheduler-task-service","uid":"aa0d3a6b-b721-11e8-bb86-0050569a887c","resourceVersion":"66122721","creationTimestamp":"2018-09-13T06:53:04Z","labels":{"chart":"scheduler-task-0.1.1-0053","expose":"true","microservice":"scheduler-task","monitored":"prometheus","monitoring":"prometheus","project":"scheduler-task","provider":"amdocs","release":"scheduler"},"annotations":{"fabric8.io/iconUrl":"img/icons/spring-boot.svg","kubectl.kubernetes.io/last-applied-configuration":"{\"apiVersion\":\"v1\",\"kind\":\"Service\",\"metadata\":{\"annotations\":{\"fabric8.io/iconUrl\":\"img/icons/spring-boot.svg\"},\"creationTimestamp\":null,\"labels\":{\"chart\":\"scheduler-task-0.1.1-0053\",\"expose\":\"true\",\"microservice\":\"scheduler-task\",\"monitored\":\"prometheus\",\"monitoring\":\"prometheus\",\"project\":\"scheduler-task\",\"provider\":\"amdocs\",\"release\":\"scheduler\"},\"name\":\"scheduler-task-service\",\"namespace\":\"oc-cd-1017-pranavd-pd\"},\"spec\":{\"externalTrafficPolicy\":\"Cluster\",\"ports\":[{\"name\":\"http\",\"port\":8080,\"protocol\":\"TCP\",\"targetPort\":8080},{\"name\":\"metrics\",\"port\":5555,\"protocol\":\"TCP\",\"targetPort\":\"metrics\"}],\"selector\":{\"microservice\":\"scheduler-task\",\"project\":\"scheduler-task\",\"provider\":\"amdocs\",\"release\":\"scheduler\"},\"sessionAffinity\":\"None\",\"type\":\"NodePort\"},\"status\":{\"loadBalancer\":{}}}\n"}},"spec":{"ports":[{"name":"http","protocol":"TCP","port":8080,"targetPort":8080,"nodePort":31839},{"name":"metrics","protocol":"TCP","port":5555,"targetPort":"metrics","nodePort":31848}],"selector":{"microservice":"scheduler-task","project":"scheduler-task","provider":"amdocs","release":"scheduler"},"clusterIP":"172.30.79.219","type":"NodePort","sessionAffinity":"None","externalTrafficPolicy":"Cluster"},"status":{"loadBalancer":{}}},{"metadata":{"name":"shoppingcart-checkout-service","namespace":"oc-cd-1017-pranavd-pd","selfLink":"/api/v1/namespaces/oc-cd-1017-pranavd-pd/services/shoppingcart-checkout-service","uid":"aa1f884b-b721-11e8-bb86-0050569a887c","resourceVersion":"66122730","creationTimestamp":"2018-09-13T06:53:05Z","labels":{"chart":"shoppingcart-checkout-0.1.1-0025","expose":"true","microservice":"shoppingcart-checkout","monitored":"prometheus","monitoring":"prometheus","project":"shoppingcart-checkout","provider":"amdocs","release":"shoppingcart-checkout-release"},"annotations":{"fabric8.io/iconUrl":"img/icons/spring-boot.svg","kubectl.kubernetes.io/last-applied-configuration":"{\"apiVersion\":\"v1\",\"kind\":\"Service\",\"metadata\":{\"annotations\":{\"fabric8.io/iconUrl\":\"img/icons/spring-boot.svg\"},\"creationTimestamp\":null,\"labels\":{\"chart\":\"shoppingcart-checkout-0.1.1-0025\",\"expose\":\"true\",\"microservice\":\"shoppingcart-checkout\",\"monitored\":\"prometheus\",\"monitoring\":\"prometheus\",\"project\":\"shoppingcart-checkout\",\"provider\":\"amdocs\",\"release\":\"shoppingcart-checkout-release\"},\"name\":\"shoppingcart-checkout-service\",\"namespace\":\"oc-cd-1017-pranavd-pd\"},\"spec\":{\"externalTrafficPolicy\":\"Cluster\",\"ports\":[{\"name\":\"http\",\"port\":8080,\"protocol\":\"TCP\",\"targetPort\":8080},{\"name\":\"https\",\"port\":8443,\"protocol\":\"TCP\",\"targetPort\":\"https\"},{\"name\":\"metrics\",\"port\":5555,\"protocol\":\"TCP\",\"targetPort\":\"metrics\"}],\"selector\":{\"microservice\":\"shoppingcart-checkout\",\"project\":\"shoppingcart-checkout\",\"provider\":\"amdocs\",\"release\":\"shoppingcart-checkout-release\"},\"sessionAffinity\":\"None\",\"type\":\"NodePort\"},\"status\":{\"loadBalancer\":{}}}\n"}},"spec":{"ports":[{"name":"http","protocol":"TCP","port":8080,"targetPort":8080,"nodePort":35324},{"name":"https","protocol":"TCP","port":8443,"targetPort":"https","nodePort":33528},{"name":"metrics","protocol":"TCP","port":5555,"targetPort":"metrics","nodePort":32841}],"selector":{"microservice":"shoppingcart-checkout","project":"shoppingcart-checkout","provider":"amdocs","release":"shoppingcart-checkout-release"},"clusterIP":"172.30.145.116","type":"NodePort","sessionAffinity":"None","externalTrafficPolicy":"Cluster"},"status":{"loadBalancer":{}}},{"metadata":{"name":"shoppingcart-modify-service","namespace":"oc-cd-1017-pranavd-pd","selfLink":"/api/v1/namespaces/oc-cd-1017-pranavd-pd/services/shoppingcart-modify-service","uid":"aa349293-b721-11e8-bb86-0050569a887c","resourceVersion":"66122736","creationTimestamp":"2018-09-13T06:53:05Z","labels":{"chart":"shoppingcart-modify-0.1.1-0025","expose":"true","microservice":"shoppingcart-modify","monitored":"prometheus","monitoring":"prometheus","project":"shoppingcart-modify","provider":"amdocs","release":"shoppingcart-modify-release"},"annotations":{"fabric8.io/iconUrl":"img/icons/spring-boot.svg","kubectl.kubernetes.io/last-applied-configuration":"{\"apiVersion\":\"v1\",\"kind\":\"Service\",\"metadata\":{\"annotations\":{\"fabric8.io/iconUrl\":\"img/icons/spring-boot.svg\"},\"creationTimestamp\":null,\"labels\":{\"chart\":\"shoppingcart-modify-0.1.1-0025\",\"expose\":\"true\",\"microservice\":\"shoppingcart-modify\",\"monitored\":\"prometheus\",\"monitoring\":\"prometheus\",\"project\":\"shoppingcart-modify\",\"provider\":\"amdocs\",\"release\":\"shoppingcart-modify-release\"},\"name\":\"shoppingcart-modify-service\",\"namespace\":\"oc-cd-1017-pranavd-pd\"},\"spec\":{\"externalTrafficPolicy\":\"Cluster\",\"ports\":[{\"name\":\"http\",\"port\":8080,\"protocol\":\"TCP\",\"targetPort\":8080},{\"name\":\"https\",\"port\":8443,\"protocol\":\"TCP\",\"targetPort\":\"https\"},{\"name\":\"metrics\",\"port\":5555,\"protocol\":\"TCP\",\"targetPort\":\"metrics\"}],\"selector\":{\"microservice\":\"shoppingcart-modify\",\"project\":\"shoppingcart-modify\",\"provider\":\"amdocs\",\"release\":\"shoppingcart-modify-release\"},\"sessionAffinity\":\"None\",\"type\":\"NodePort\"},\"status\":{\"loadBalancer\":{}}}\n"}},"spec":{"ports":[{"name":"http","protocol":"TCP","port":8080,"targetPort":8080,"nodePort":33407},{"name":"https","protocol":"TCP","port":8443,"targetPort":"https","nodePort":31851},{"name":"metrics","protocol":"TCP","port":5555,"targetPort":"metrics","nodePort":31894}],"selector":{"microservice":"shoppingcart-modify","project":"shoppingcart-modify","provider":"amdocs","release":"shoppingcart-modify-release"},"clusterIP":"172.30.34.163","type":"NodePort","sessionAffinity":"None","externalTrafficPolicy":"Cluster"},"status":{"loadBalancer":{}}},{"metadata":{"name":"shoppingcart-price-service","namespace":"oc-cd-1017-pranavd-pd","selfLink":"/api/v1/namespaces/oc-cd-1017-pranavd-pd/services/shoppingcart-price-service","uid":"aa49629d-b721-11e8-bb86-0050569a887c","resourceVersion":"66122745","creationTimestamp":"2018-09-13T06:53:05Z","labels":{"chart":"shoppingcart-price-0.1.1-0036","expose":"true","microservice":"shoppingcart-price","monitored":"prometheus","monitoring":"prometheus","project":"shoppingcart-price","provider":"amdocs","release":"shoppingcart-price-release"},"annotations":{"fabric8.io/iconUrl":"img/icons/spring-boot.svg","kubectl.kubernetes.io/last-applied-configuration":"{\"apiVersion\":\"v1\",\"kind\":\"Service\",\"metadata\":{\"annotations\":{\"fabric8.io/iconUrl\":\"img/icons/spring-boot.svg\"},\"creationTimestamp\":null,\"labels\":{\"chart\":\"shoppingcart-price-0.1.1-0036\",\"expose\":\"true\",\"microservice\":\"shoppingcart-price\",\"monitored\":\"prometheus\",\"monitoring\":\"prometheus\",\"project\":\"shoppingcart-price\",\"provider\":\"amdocs\",\"release\":\"shoppingcart-price-release\"},\"name\":\"shoppingcart-price-service\",\"namespace\":\"oc-cd-1017-pranavd-pd\"},\"spec\":{\"externalTrafficPolicy\":\"Cluster\",\"ports\":[{\"name\":\"http\",\"port\":8080,\"protocol\":\"TCP\",\"targetPort\":8080},{\"name\":\"https\",\"port\":8443,\"protocol\":\"TCP\",\"targetPort\":\"https\"},{\"name\":\"metrics\",\"port\":5555,\"protocol\":\"TCP\",\"targetPort\":\"metrics\"}],\"selector\":{\"microservice\":\"shoppingcart-price\",\"project\":\"shoppingcart-price\",\"provider\":\"amdocs\",\"release\":\"shoppingcart-price-release\"},\"sessionAffinity\":\"None\",\"type\":\"NodePort\"},\"status\":{\"loadBalancer\":{}}}\n"}},"spec":{"ports":[{"name":"http","protocol":"TCP","port":8080,"targetPort":8080,"nodePort":34227},{"name":"https","protocol":"TCP","port":8443,"targetPort":"https","nodePort":32116},{"name":"metrics","protocol":"TCP","port":5555,"targetPort":"metrics","nodePort":32130}],"selector":{"microservice":"shoppingcart-price","project":"shoppingcart-price","provider":"amdocs","release":"shoppingcart-price-release"},"clusterIP":"172.30.214.100","type":"NodePort","sessionAffinity":"None","externalTrafficPolicy":"Cluster"},"status":{"loadBalancer":{}}},{"metadata":{"name":"shoppingcart-shoppingcart-service","namespace":"oc-cd-1017-pranavd-pd","selfLink":"/api/v1/namespaces/oc-cd-1017-pranavd-pd/services/shoppingcart-shoppingcart-service","uid":"aa57a6f5-b721-11e8-bb86-0050569a887c","resourceVersion":"66122755","creationTimestamp":"2018-09-13T06:53:05Z","labels":{"chart":"shoppingcart-shoppingcart-0.1.1-0074","expose":"true","microservice":"shoppingcart-shoppingcar","monitored":"prometheus","monitoring":"prometheus","project":"shoppingcart-shoppingcart","provider":"amdocs","release":"shoppingcart-shoppingcart-release"},"annotations":{"fabric8.io/iconUrl":"img/icons/spring-boot.svg","kubectl.kubernetes.io/last-applied-configuration":"{\"apiVersion\":\"v1\",\"kind\":\"Service\",\"metadata\":{\"annotations\":{\"fabric8.io/iconUrl\":\"img/icons/spring-boot.svg\"},\"creationTimestamp\":null,\"labels\":{\"chart\":\"shoppingcart-shoppingcart-0.1.1-0074\",\"expose\":\"true\",\"microservice\":\"shoppingcart-shoppingcar\",\"monitored\":\"prometheus\",\"monitoring\":\"prometheus\",\"project\":\"shoppingcart-shoppingcart\",\"provider\":\"amdocs\",\"release\":\"shoppingcart-shoppingcart-release\"},\"name\":\"shoppingcart-shoppingcart-service\",\"namespace\":\"oc-cd-1017-pranavd-pd\"},\"spec\":{\"externalTrafficPolicy\":\"Cluster\",\"ports\":[{\"name\":\"http\",\"port\":8080,\"protocol\":\"TCP\",\"targetPort\":8080},{\"name\":\"https\",\"port\":8443,\"protocol\":\"TCP\",\"targetPort\":\"https\"},{\"name\":\"metrics\",\"port\":5555,\"protocol\":\"TCP\",\"targetPort\":\"metrics\"}],\"selector\":{\"microservice\":\"shoppingcart-shoppingcar\",\"project\":\"shoppingcart-shoppingcart\",\"provider\":\"amdocs\",\"release\":\"shoppingcart-shoppingcart-release\"},\"sessionAffinity\":\"None\",\"type\":\"NodePort\"},\"status\":{\"loadBalancer\":{}}}\n"}},"spec":{"ports":[{"name":"http","protocol":"TCP","port":8080,"targetPort":8080,"nodePort":32180},{"name":"https","protocol":"TCP","port":8443,"targetPort":"https","nodePort":32198},{"name":"metrics","protocol":"TCP","port":5555,"targetPort":"metrics","nodePort":33272}],"selector":{"microservice":"shoppingcart-shoppingcar","project":"shoppingcart-shoppingcart","provider":"amdocs","release":"shoppingcart-shoppingcart-release"},"clusterIP":"172.30.39.70","type":"NodePort","sessionAffinity":"None","externalTrafficPolicy":"Cluster"},"status":{"loadBalancer":{}}},{"metadata":{"name":"shoppingcart-validate-service","namespace":"oc-cd-1017-pranavd-pd","selfLink":"/api/v1/namespaces/oc-cd-1017-pranavd-pd/services/shoppingcart-validate-service","uid":"aa67bed3-b721-11e8-bb86-0050569a887c","resourceVersion":"66122762","creationTimestamp":"2018-09-13T06:53:05Z","labels":{"chart":"shoppingcart-validate-0.1.1-0029","expose":"true","microservice":"shoppingcart-validate","monitored":"prometheus","monitoring":"prometheus","project":"shoppingcart-validate","provider":"amdocs","release":"shoppingcart-validate-release"},"annotations":{"fabric8.io/iconUrl":"img/icons/spring-boot.svg","kubectl.kubernetes.io/last-applied-configuration":"{\"apiVersion\":\"v1\",\"kind\":\"Service\",\"metadata\":{\"annotations\":{\"fabric8.io/iconUrl\":\"img/icons/spring-boot.svg\"},\"creationTimestamp\":null,\"labels\":{\"chart\":\"shoppingcart-validate-0.1.1-0029\",\"expose\":\"true\",\"microservice\":\"shoppingcart-validate\",\"monitored\":\"prometheus\",\"monitoring\":\"prometheus\",\"project\":\"shoppingcart-validate\",\"provider\":\"amdocs\",\"release\":\"shoppingcart-validate-release\"},\"name\":\"shoppingcart-validate-service\",\"namespace\":\"oc-cd-1017-pranavd-pd\"},\"spec\":{\"externalTrafficPolicy\":\"Cluster\",\"ports\":[{\"name\":\"http\",\"port\":8080,\"protocol\":\"TCP\",\"targetPort\":8080},{\"name\":\"https\",\"port\":8443,\"protocol\":\"TCP\",\"targetPort\":\"https\"},{\"name\":\"metrics\",\"port\":5555,\"protocol\":\"TCP\",\"targetPort\":\"metrics\"}],\"selector\":{\"microservice\":\"shoppingcart-validate\",\"project\":\"shoppingcart-validate\",\"provider\":\"amdocs\",\"release\":\"shoppingcart-validate-release\"},\"sessionAffinity\":\"None\",\"type\":\"NodePort\"},\"status\":{\"loadBalancer\":{}}}\n"}},"spec":{"ports":[{"name":"http","protocol":"TCP","port":8080,"targetPort":8080,"nodePort":32200},{"name":"https","protocol":"TCP","port":8443,"targetPort":"https","nodePort":33334},{"name":"metrics","protocol":"TCP","port":5555,"targetPort":"metrics","nodePort":33040}],"selector":{"microservice":"shoppingcart-validate","project":"shoppingcart-validate","provider":"amdocs","release":"shoppingcart-validate-release"},"clusterIP":"172.30.135.231","type":"NodePort","sessionAffinity":"None","externalTrafficPolicy":"Cluster"},"status":{"loadBalancer":{}}},{"metadata":{"name":"stock-productstock-service","namespace":"oc-cd-1017-pranavd-pd","selfLink":"/api/v1/namespaces/oc-cd-1017-pranavd-pd/services/stock-productstock-service","uid":"aa773748-b721-11e8-bb86-0050569a887c","resourceVersion":"66122767","creationTimestamp":"2018-09-13T06:53:05Z","labels":{"chart":"stock-productstock-0.1.0-0059","expose":"true","microservice":"stock-productstock","project":"stock-productstock","provider":"amdocs","release":"stock-productstock-release"},"annotations":{"fabric8.io/iconUrl":"img/icons/spring-boot.svg","kubectl.kubernetes.io/last-applied-configuration":"{\"apiVersion\":\"v1\",\"kind\":\"Service\",\"metadata\":{\"annotations\":{\"fabric8.io/iconUrl\":\"img/icons/spring-boot.svg\"},\"creationTimestamp\":null,\"labels\":{\"chart\":\"stock-productstock-0.1.0-0059\",\"expose\":\"true\",\"microservice\":\"stock-productstock\",\"project\":\"stock-productstock\",\"provider\":\"amdocs\",\"release\":\"stock-productstock-release\"},\"name\":\"stock-productstock-service\",\"namespace\":\"oc-cd-1017-pranavd-pd\"},\"spec\":{\"externalTrafficPolicy\":\"Cluster\",\"ports\":[{\"name\":\"http\",\"port\":8080,\"protocol\":\"TCP\",\"targetPort\":8080},{\"name\":\"metrics\",\"port\":5555,\"protocol\":\"TCP\",\"targetPort\":\"metrics\"}],\"selector\":{\"microservice\":\"stock-productstock\",\"project\":\"stock-productstock\",\"provider\":\"amdocs\",\"release\":\"stock-productstock-release\"},\"sessionAffinity\":\"None\",\"type\":\"NodePort\"},\"status\":{\"loadBalancer\":{}}}\n"}},"spec":{"ports":[{"name":"http","protocol":"TCP","port":8080,"targetPort":8080,"nodePort":33497},{"name":"metrics","protocol":"TCP","port":5555,"targetPort":"metrics","nodePort":33289}],"selector":{"microservice":"stock-productstock","project":"stock-productstock","provider":"amdocs","release":"stock-productstock-release"},"clusterIP":"172.30.199.138","type":"NodePort","sessionAffinity":"None","externalTrafficPolicy":"Cluster"},"status":{"loadBalancer":{}}},{"metadata":{"name":"stock-productstockbridge-service","namespace":"oc-cd-1017-pranavd-pd","selfLink":"/api/v1/namespaces/oc-cd-1017-pranavd-pd/services/stock-productstockbridge-service","uid":"aa89bc50-b721-11e8-bb86-0050569a887c","resourceVersion":"66122775","creationTimestamp":"2018-09-13T06:53:05Z","labels":{"chart":"stock-productstockbridge-0.1.0-0049","expose":"true","microservice":"stock-productstockbridge","project":"stock-productstockbridge","provider":"amdocs","release":"stock-productstockbridge-release"},"annotations":{"fabric8.io/iconUrl":"img/icons/spring-boot.svg","kubectl.kubernetes.io/last-applied-configuration":"{\"apiVersion\":\"v1\",\"kind\":\"Service\",\"metadata\":{\"annotations\":{\"fabric8.io/iconUrl\":\"img/icons/spring-boot.svg\"},\"creationTimestamp\":null,\"labels\":{\"chart\":\"stock-productstockbridge-0.1.0-0049\",\"expose\":\"true\",\"microservice\":\"stock-productstockbridge\",\"project\":\"stock-productstockbridge\",\"provider\":\"amdocs\",\"release\":\"stock-productstockbridge-release\"},\"name\":\"stock-productstockbridge-service\",\"namespace\":\"oc-cd-1017-pranavd-pd\"},\"spec\":{\"externalTrafficPolicy\":\"Cluster\",\"ports\":[{\"name\":\"http\",\"port\":8080,\"protocol\":\"TCP\",\"targetPort\":8080},{\"name\":\"metrics\",\"port\":5555,\"protocol\":\"TCP\",\"targetPort\":\"metrics\"}],\"selector\":{\"microservice\":\"stock-productstockbridge\",\"project\":\"stock-productstockbridge\",\"provider\":\"amdocs\",\"release\":\"stock-productstockbridge-release\"},\"sessionAffinity\":\"None\",\"type\":\"NodePort\"},\"status\":{\"loadBalancer\":{}}}\n"}},"spec":{"ports":[{"name":"http","protocol":"TCP","port":8080,"targetPort":8080,"nodePort":32860},{"name":"metrics","protocol":"TCP","port":5555,"targetPort":"metrics","nodePort":32233}],"selector":{"microservice":"stock-productstockbridge","project":"stock-productstockbridge","provider":"amdocs","release":"stock-productstockbridge-release"},"clusterIP":"172.30.224.37","type":"NodePort","sessionAffinity":"None","externalTrafficPolicy":"Cluster"},"status":{"loadBalancer":{}}},{"metadata":{"name":"zookeeper-service","namespace":"oc-cd-1017-pranavd-pd","selfLink":"/api/v1/namespaces/oc-cd-1017-pranavd-pd/services/zookeeper-service","uid":"9dbca0b3-b721-11e8-bb86-0050569a887c","resourceVersion":"66120868","creationTimestamp":"2018-09-13T06:52:44Z","labels":{"projectexportable":"No"},"annotations":{"kubectl.kubernetes.io/last-applied-configuration":"{\"apiVersion\":\"v1\",\"kind\":\"Service\",\"metadata\":{\"annotations\":{},\"labels\":{\"projectexportable\":\"No\"},\"name\":\"zookeeper-service\",\"namespace\":\"oc-cd-1017-pranavd-pd\"},\"spec\":{\"ports\":[{\"name\":\"zookeeper-port\",\"nodePort\":0,\"port\":2181,\"protocol\":\"TCP\",\"targetPort\":2181}],\"selector\":{}}}\n"}},"spec":{"ports":[{"name":"zookeeper-port","protocol":"TCP","port":2181,"targetPort":2181}],"clusterIP":"172.30.99.172","type":"ClusterIP","sessionAffinity":"None"},"status":{"loadBalancer":{}}}]}
]]>
    </line>
    <line>
      <![CDATA[</div>]]>
    </line>
    <line>
      <![CDATA[</div>]]>
    </line>
    <line>
      <![CDATA[</div>]]>
    </line>
    <line>
      <![CDATA[</div>]]>
    </line>
    <line>
      <![CDATA[</td>]]>
    </line>
    <line>
      <![CDATA[</tr>]]>
    </line>
    <line>
      <![CDATA[<tr class="table-success"><td colspan="2">Response status: expected=200 actual=200; Value: true</td></tr>]]>
    </line>
    <line>
      <![CDATA[<tr class="table-info"><td class="text-dark font-weight-bold">Request Type </td><td class="" >GET</td></tr>]]>
    </line>
    <line>
      <![CDATA[<tr><td class="text-dark font-weight-bold">URI </td><td class="" > https://ilocpde01-master.corp.amdocs.com:8443/api/v1/namespaces/oc-cd-1017-pranavd-pd/pods </td></tr>]]>
    </line>
    <line>
      <![CDATA[<tr><td class="text-dark font-weight-bold" colspan="2">Headers : </td></tr>]]>
    </line>
    <line>
      <![CDATA[<tr>]]>
    </line>
    <line>
      <![CDATA[<td class="text-dark font-weight-bold" >Authorization :</td>]]>
    </line>
    <line>
      <![CDATA[<td class="" >]]>
    </line>
    <line>
      <![CDATA[<a href="" class="alert-link" data-toggle="modal" data-target="#rest_assured_logger_modal_value_10">Show</a>]]>
    </line>
    <line>
      <![CDATA[<div class="modal fade"  id="rest_assured_logger_modal_value_10" tabindex="-1" role="dialog">]]>
    </line>
    <line>
      <![CDATA[<div class="modal-dialog" role="document">]]>
    </line>
    <line>
      <![CDATA[<div class="modal-content">]]>
    </line>
    <line>
      <![CDATA[<div class="modal-header text-white bg-info">]]>
    </line>
    <line>
      <![CDATA[<h5 class="modal-title" id="title1">Authorization</h5>]]>
    </line>
    <line>
      <![CDATA[<span class="h6 text-light ml-2 mt-2">(click on the Text to copy)</span>]]>
    </line>
    <line>
      <![CDATA[<button type="button" class="close" data-dismiss="modal" aria-label="Close">]]>
    </line>
    <line>
      <![CDATA[<span aria-hidden="true">&times;</span>]]>
    </line>
    <line>
      <![CDATA[</button>]]>
    </line>
    <line>
      <![CDATA[</div>]]>
    </line>
    <line>
      <![CDATA[<div onClick="copyMePlease(this)" class="modal-body">]]>
    </line>
    <line>
      <![CDATA[Bearer eyJhbGciOiJSUzI1NiIsInR5cCI6IkpXVCJ9.eyJpc3MiOiJrdWJlcm5ldGVzL3NlcnZpY2VhY2NvdW50Iiwia3ViZXJuZXRlcy5pby9zZXJ2aWNlYWNjb3VudC9uYW1lc3BhY2UiOiJvYy1jZC0xMDE3LXByYW5hdmQtcGQiLCJrdWJlcm5ldGVzLmlvL3NlcnZpY2VhY2NvdW50L3NlY3JldC5uYW1lIjoiZml0LXNhLXRva2VuLTRsdzZtIiwia3ViZXJuZXRlcy5pby9zZXJ2aWNlYWNjb3VudC9zZXJ2aWNlLWFjY291bnQubmFtZSI6ImZpdC1zYSIsImt1YmVybmV0ZXMuaW8vc2VydmljZWFjY291bnQvc2VydmljZS1hY2NvdW50LnVpZCI6IjljYzViYmMxLWI3MjEtMTFlOC1iYjg2LTAwNTA1NjlhODg3YyIsInN1YiI6InN5c3RlbTpzZXJ2aWNlYWNjb3VudDpvYy1jZC0xMDE3LXByYW5hdmQtcGQ6Zml0LXNhIn0.KMmKTeThNBXz_F_aqQoUpcSw1eXkrR4xr7tITRdfs2IDTLfXzxGfYk9fOni2zyhlVH7lx9mB94bVkI2zWqa7cjR9z1DEW7OxPFq1XQ11yspYFG3tOi0NdNeaD66XB9TIbGEwbQYl92ZDsy5y3eD5echit18B52IMq8nvaNvTNXESzdGqsxtBMnNpUhtYUZy5xgasoKUwTR34rg91XgeZagjVsH2FJ8R7gIB9fXg8-IR4ZatJitxo40caTeHkGUvjI5aGADQCzytee87Yq6fAeXRb9sZcFUFmJkqf7OLl1FQkH41UG3zjfqtc00mNCzpXEVVbuqiw4ghZYNnh1tPJQA]]>
    </line>
    <line>
      <![CDATA[</div>]]>
    </line>
    <line>
      <![CDATA[</div>]]>
    </line>
    <line>
      <![CDATA[</div>]]>
    </line>
    <line>
      <![CDATA[</div>]]>
    </line>
    <line>
      <![CDATA[</td>]]>
    </line>
    <line>
      <![CDATA[</tr>]]>
    </line>
    <line>
      <![CDATA[<tr>]]>
    </line>
    <line>
      <![CDATA[<td class="text-dark font-weight-bold" >Payload :</td>]]>
    </line>
    <line>
      <![CDATA[<td class="" >]]>
    </line>
    <line>
      <![CDATA[<a href="" class="alert-link" data-toggle="modal" data-target="#rest_assured_logger_modal_value_11">Show</a>]]>
    </line>
    <line>
      <![CDATA[<div class="modal fade"  id="rest_assured_logger_modal_value_11" tabindex="-1" role="dialog">]]>
    </line>
    <line>
      <![CDATA[<div class="modal-dialog" role="document">]]>
    </line>
    <line>
      <![CDATA[<div class="modal-content">]]>
    </line>
    <line>
      <![CDATA[<div class="modal-header text-white bg-info">]]>
    </line>
    <line>
      <![CDATA[<h5 class="modal-title" id="title1">Payload</h5>]]>
    </line>
    <line>
      <![CDATA[<span class="h6 text-light ml-2 mt-2">(click on the Text to copy)</span>]]>
    </line>
    <line>
      <![CDATA[<button type="button" class="close" data-dismiss="modal" aria-label="Close">]]>
    </line>
    <line>
      <![CDATA[<span aria-hidden="true">&times;</span>]]>
    </line>
    <line>
      <![CDATA[</button>]]>
    </line>
    <line>
      <![CDATA[</div>]]>
    </line>
    <line>
      <![CDATA[<div onClick="copyMePlease(this)" class="modal-body">]]>
    </line>
    <line>
      <![CDATA[None]]>
    </line>
    <line>
      <![CDATA[</div>]]>
    </line>
    <line>
      <![CDATA[</div>]]>
    </line>
    <line>
      <![CDATA[</div>]]>
    </line>
    <line>
      <![CDATA[</div>]]>
    </line>
    <line>
      <![CDATA[</td>]]>
    </line>
    <line>
      <![CDATA[</tr>]]>
    </line>
    <line>
      <![CDATA[<tr>]]>
    </line>
    <line>
      <![CDATA[<td class="text-dark font-weight-bold" >Response Header :</td>]]>
    </line>
    <line>
      <![CDATA[<td class="" >]]>
    </line>
    <line>
      <![CDATA[<a href="" class="alert-link" data-toggle="modal" data-target="#modal_value_4">Show</a>]]>
    </line>
    <line>
      <![CDATA[<div class="modal fade"  id="modal_value_4" tabindex="-1" role="dialog">]]>
    </line>
    <line>
      <![CDATA[<div class="modal-dialog" role="document">]]>
    </line>
    <line>
      <![CDATA[<div class="modal-content">]]>
    </line>
    <line>
      <![CDATA[<div class="modal-header text-white bg-info">]]>
    </line>
    <line>
      <![CDATA[<h5 class="modal-title" id="title1">Response Header</h5>]]>
    </line>
    <line>
      <![CDATA[<span class="h6 text-light ml-2 mt-2">(click on the Text to copy)</span>]]>
    </line>
    <line>
      <![CDATA[<button type="button" class="close" data-dismiss="modal" aria-label="Close">]]>
    </line>
    <line>
      <![CDATA[<span aria-hidden="true">&times;</span>]]>
    </line>
    <line>
      <![CDATA[</button>]]>
    </line>
    <line>
      <![CDATA[</div>]]>
    </line>
    <line>
      <![CDATA[<div onClick="copyMePlease(this)" class="modal-body">]]>
    </line>
    <line>
      <![CDATA[Cache-Control=no-store
	Content-Type=application/json
	Date=Tue, 18 Sep 2018 09:40:40 GMT
	Transfer-Encoding=chunked]]>
    </line>
    <line>
      <![CDATA[</div>]]>
    </line>
    <line>
      <![CDATA[</div>]]>
    </line>
    <line>
      <![CDATA[</div>]]>
    </line>
    <line>
      <![CDATA[</div>]]>
    </line>
    <line>
      <![CDATA[</td>]]>
    </line>
    <line>
      <![CDATA[</tr>]]>
    </line>
    <line>
      <![CDATA[<tr>]]>
    </line>
    <line>
      <![CDATA[<td class="text-dark font-weight-bold" >Response :</td>]]>
    </line>
    <line>
      <![CDATA[<td class="" >]]>
    </line>
    <line>
      <![CDATA[<a href="" class="alert-link" data-toggle="modal" data-target="#rest_assured_logger_modal_value_12">Show</a>]]>
    </line>
    <line>
      <![CDATA[<div class="modal fade"  id="rest_assured_logger_modal_value_12" tabindex="-1" role="dialog">]]>
    </line>
    <line>
      <![CDATA[<div class="modal-dialog" role="document">]]>
    </line>
    <line>
      <![CDATA[<div class="modal-content">]]>
    </line>
    <line>
      <![CDATA[<div class="modal-header text-white bg-info">]]>
    </line>
    <line>
      <![CDATA[<h5 class="modal-title" id="title1">Response</h5>]]>
    </line>
    <line>
      <![CDATA[<span class="h6 text-light ml-2 mt-2">(click on the Text to copy)</span>]]>
    </line>
    <line>
      <![CDATA[<button type="button" class="close" data-dismiss="modal" aria-label="Close">]]>
    </line>
    <line>
      <![CDATA[<span aria-hidden="true">&times;</span>]]>
    </line>
    <line>
      <![CDATA[</button>]]>
    </line>
    <line>
      <![CDATA[</div>]]>
    </line>
    <line>
      <![CDATA[<div onClick="copyMePlease(this)" class="modal-body">]]>
    </line>
    <line>
      <![CDATA[{"kind":"PodList","apiVersion":"v1","metadata":{"selfLink":"/api/v1/namespaces/oc-cd-1017-pranavd-pd/pods","resourceVersion":"69531575"},"items":[{"metadata":{"name":"authoring-command-service-79ddf967b7-p9p99","generateName":"authoring-command-service-79ddf967b7-","namespace":"oc-cd-1017-pranavd-pd","selfLink":"/api/v1/namespaces/oc-cd-1017-pranavd-pd/pods/authoring-command-service-79ddf967b7-p9p99","uid":"a09529e3-b721-11e8-bb86-0050569a887c","resourceVersion":"66126477","creationTimestamp":"2018-09-13T06:52:49Z","labels":{"app":"authoring-command-service","group":"com.amdocs.catalogone","pod-template-hash":"3588952363","prometheus":"amdocs-prometheus","release":"authoring-release"},"annotations":{"openshift.io/scc":"anyuid-no-ps"},"ownerReferences":[{"apiVersion":"extensions/v1beta1","kind":"ReplicaSet","name":"authoring-command-service-79ddf967b7","uid":"a08d6aaa-b721-11e8-bb86-0050569a887c","controller":true,"blockOwnerDeletion":true}]},"spec":{"volumes":[{"name":"auth-configmap","configMap":{"name":"authoring-command-service-configmap","items":[{"key":"application.yml","path":"application.yml"}],"defaultMode":420}},{"name":"default-token-vdgk4","secret":{"secretName":"default-token-vdgk4","defaultMode":420}}],"containers":[{"name":"authoring-command-service","image":"illin5225.corp.amdocs.com:5002/authoring-command-service:2.5.2","ports":[{"name":"server","containerPort":8080,"protocol":"TCP"},{"name":"management","containerPort":8081,"protocol":"TCP"},{"name":"metrics","containerPort":5555,"protocol":"TCP"},{"name":"debug","containerPort":5005,"protocol":"TCP"}],"env":[{"name":"MSNEXT_JAVA_OPTS","value":"-XX:+UnlockExperimentalVMOptions -XX:+UseCGroupMemoryLimitForHeap -XX:InitialRAMFraction=4 -XX:MaxRAMFraction=2 -XX:+PrintFlagsFinal"},{"name":"ENABLE_ZIPKIN","value":"false"},{"name":"MSNEXT_CONF_SOURCE_APP1","value":"/deployments/config/applications/auth"},{"name":"ENABLE_CONSUMER","value":"true"},{"name":"BR_MS_HOST","value":"business-request-service:8080"},{"name":"BR_MS_PROTOCOL","value":"http"},{"name":"BUSINESS_MS_HOST","value":"business-parameter-service:8080"},{"name":"BUSINESS_MS_PROTOCOL","value":"http"},{"name":"ES_MS_HOST","value":"entity-search"},{"name":"PRICING_POLICY_MS_HOST","value":"tech-authoring-command-service:8080"},{"name":"PRICING_POLICY_MS_PROTOCOL","value":"http"},{"name":"BUSINESS_VALIDATION_MS_HOST","value":"business-validation-service:8080"},{"name":"BUSINESS_VALIDATION_MS_PROTOCOL","value":"http"},{"name":"JAVA_ENABLE_DEBUG","value":"false"}],"resources":{"limits":{"cpu":"1","memory":"1Gi"},"requests":{"cpu":"200m","memory":"500Mi"}},"volumeMounts":[{"name":"auth-configmap","mountPath":"/deployments/config/applications/auth"},{"name":"default-token-vdgk4","readOnly":true,"mountPath":"/var/run/secrets/kubernetes.io/serviceaccount"}],"livenessProbe":{"httpGet":{"path":"/health","port":8081,"scheme":"HTTP"},"initialDelaySeconds":450,"timeoutSeconds":1,"periodSeconds":10,"successThreshold":1,"failureThreshold":3},"readinessProbe":{"httpGet":{"path":"/health","port":8081,"scheme":"HTTP"},"initialDelaySeconds":180,"timeoutSeconds":1,"periodSeconds":10,"successThreshold":1,"failureThreshold":3},"terminationMessagePath":"/dev/termination-log","terminationMessagePolicy":"File","imagePullPolicy":"IfNotPresent","securityContext":{"capabilities":{"drop":["MKNOD"]}}}],"restartPolicy":"Always","terminationGracePeriodSeconds":30,"dnsPolicy":"ClusterFirst","nodeSelector":{"region":"work"},"serviceAccountName":"default","serviceAccount":"default","nodeName":"ilocpde01w02.corp.amdocs.com","securityContext":{"seLinuxOptions":{"level":"s0:c82,c59"}},"imagePullSecrets":[{"name":"authoring-command-service-pull-secret"}],"schedulerName":"default-scheduler","tolerations":[{"key":"node.kubernetes.io/memory-pressure","operator":"Exists","effect":"NoSchedule"}]},"status":{"phase":"Running","conditions":[{"type":"Initialized","status":"True","lastProbeTime":null,"lastTransitionTime":"2018-09-13T06:52:49Z"},{"type":"Ready","status":"True","lastProbeTime":null,"lastTransitionTime":"2018-09-13T06:56:31Z"},{"type":"PodScheduled","status":"True","lastProbeTime":null,"lastTransitionTime":"2018-09-13T06:52:49Z"}],"hostIP":"10.245.250.21","podIP":"10.128.12.142","startTime":"2018-09-13T06:52:49Z","containerStatuses":[{"name":"authoring-command-service","state":{"running":{"startedAt":"2018-09-13T06:53:23Z"}},"lastState":{},"ready":true,"restartCount":0,"image":"illin5225.corp.amdocs.com:5002/authoring-command-service:2.5.0","imageID":"docker-pullable://illin5225.corp.amdocs.com:5002/authoring-command-service@sha256:4ebe57cf4462200115808f2f3e65b585ce69deafc9c527f1bb28b70db8700fa6","containerID":"docker://d95bbe64553f9e715658aaa2154750730fb73794b06d996c32fa912facefc56e"}],"qosClass":"Burstable"}},{"metadata":{"name":"business-request-service-7489476b9c-kjxz8","generateName":"business-request-service-7489476b9c-","namespace":"oc-cd-1017-pranavd-pd","selfLink":"/api/v1/namespaces/oc-cd-1017-pranavd-pd/pods/business-request-service-7489476b9c-kjxz8","uid":"a0a0ef8a-b721-11e8-bb86-0050569a887c","resourceVersion":"66126380","creationTimestamp":"2018-09-13T06:52:49Z","labels":{"app":"business-request-service","group":"com.amdocs.catalogone","pod-template-hash":"3045032657","prometheus":"amdocs-prometheus","provider":"amdocs","release":"business-request-release"},"annotations":{"openshift.io/scc":"anyuid-no-ps"},"ownerReferences":[{"apiVersion":"extensions/v1beta1","kind":"ReplicaSet","name":"business-request-service-7489476b9c","uid":"a094ee5a-b721-11e8-bb86-0050569a887c","controller":true,"blockOwnerDeletion":true}]},"spec":{"volumes":[{"name":"business-request-configmap","configMap":{"name":"business-request-configmap","items":[{"key":"application.yml","path":"application.yml"}],"defaultMode":420}},{"name":"default-token-vdgk4","secret":{"secretName":"default-token-vdgk4","defaultMode":420}}],"containers":[{"name":"business-request-service","image":"illin5225.corp.amdocs.com:5002/business-request-service:1.6.0","ports":[{"name":"server","containerPort":8080,"protocol":"TCP"},{"name":"management","containerPort":8081,"protocol":"TCP"},{"name":"metrics","containerPort":5555,"protocol":"TCP"},{"name":"debug","containerPort":5005,"protocol":"TCP"}],"env":[{"name":"MSNEXT_JAVA_OPTS","value":"-XX:+UnlockExperimentalVMOptions -XX:+UseCGroupMemoryLimitForHeap -XX:InitialRAMFraction=4 -XX:MaxRAMFraction=2 -XX:+PrintFlagsFinal"},{"name":"COUCHBASE_HOST","value":"catalog1-couchbase-service"},{"name":"ENABLE_ZIPKIN","value":"false"},{"name":"MSNEXT_CONF_SOURCE_APP1","value":"/deployments/config/applications/businessRequest"},{"name":"CONSUME_EVENTS","value":"true"},{"name":"REPO_MS_HOST","value":"repo-service:8080"},{"name":"REPO_MS_PROTOCOL","value":"http"},{"name":"BUSINESS_VALIDATION_MS_HOST","value":"business-validation-service:8080"},{"name":"BUSINESS_VALIDATION_MS_PROTOCOL","value":"http"},{"name":"REPOSITORY_NAME","value":"CatalogOne"},{"name":"REPOSITORY_WORKSTREAM","value":"production"},{"name":"NUMBER_OF_ENTITIES_PER_EVENT","value":"200"},{"name":"JAVA_ENABLE_DEBUG","value":"false"}],"resources":{"limits":{"cpu":"1","memory":"1536Mi"},"requests":{"cpu":"200m","memory":"500Mi"}},"volumeMounts":[{"name":"business-request-configmap","mountPath":"/deployments/config/applications/businessRequest"},{"name":"default-token-vdgk4","readOnly":true,"mountPath":"/var/run/secrets/kubernetes.io/serviceaccount"}],"livenessProbe":{"httpGet":{"path":"/health","port":8081,"scheme":"HTTP"},"initialDelaySeconds":450,"timeoutSeconds":1,"periodSeconds":10,"successThreshold":1,"failureThreshold":3},"readinessProbe":{"httpGet":{"path":"/health","port":8081,"scheme":"HTTP"},"initialDelaySeconds":180,"timeoutSeconds":1,"periodSeconds":10,"successThreshold":1,"failureThreshold":3},"terminationMessagePath":"/dev/termination-log","terminationMessagePolicy":"File","imagePullPolicy":"IfNotPresent","securityContext":{"capabilities":{"drop":["MKNOD"]}}}],"restartPolicy":"Always","terminationGracePeriodSeconds":30,"dnsPolicy":"ClusterFirst","nodeSelector":{"region":"work"},"serviceAccountName":"default","serviceAccount":"default","nodeName":"ilocpde01w35.corp.amdocs.com","securityContext":{"seLinuxOptions":{"level":"s0:c82,c59"}},"imagePullSecrets":[{"name":"business-request-pull-secret"}],"schedulerName":"default-scheduler","tolerations":[{"key":"node.kubernetes.io/memory-pressure","operator":"Exists","effect":"NoSchedule"}]},"status":{"phase":"Running","conditions":[{"type":"Initialized","status":"True","lastProbeTime":null,"lastTransitionTime":"2018-09-13T06:52:49Z"},{"type":"Ready","status":"True","lastProbeTime":null,"lastTransitionTime":"2018-09-13T06:56:27Z"},{"type":"PodScheduled","status":"True","lastProbeTime":null,"lastTransitionTime":"2018-09-13T06:52:49Z"}],"hostIP":"10.245.251.176","podIP":"10.128.81.235","startTime":"2018-09-13T06:52:49Z","containerStatuses":[{"name":"business-request-service","state":{"running":{"startedAt":"2018-09-13T06:53:24Z"}},"lastState":{},"ready":true,"restartCount":0,"image":"illin5225.corp.amdocs.com:5002/business-request-service:1.6.0","imageID":"docker-pullable://illin5225.corp.amdocs.com:5002/business-request-service@sha256:e222ffb5f95b2d5f23953cb3f5d6db308616b0bff99e1238970247bff7fbc205","containerID":"docker://ff2afe874bf8167d282454c82fbc93370add99c6bc34ed6a2d769fa3e9e16f7f"}],"qosClass":"Burstable"}},{"metadata":{"name":"business-validation-service-8c8884d65-9ghgb","generateName":"business-validation-service-8c8884d65-","namespace":"oc-cd-1017-pranavd-pd","selfLink":"/api/v1/namespaces/oc-cd-1017-pranavd-pd/pods/business-validation-service-8c8884d65-9ghgb","uid":"a0ab5c41-b721-11e8-bb86-0050569a887c","resourceVersion":"68523311","creationTimestamp":"2018-09-13T06:52:49Z","labels":{"app":"business-validation-service","group":"com.amdocs.catalogone","monitoring":"prometheus","pod-template-hash":"474440821","prometheus":"amdocs-prometheus","provider":"amdocs","release":"business-validation-release"},"annotations":{"openshift.io/scc":"anyuid-no-ps"},"ownerReferences":[{"apiVersion":"extensions/v1beta1","kind":"ReplicaSet","name":"business-validation-service-8c8884d65","uid":"a0a4eda2-b721-11e8-bb86-0050569a887c","controller":true,"blockOwnerDeletion":true}]},"spec":{"volumes":[{"name":"validation-configmap","configMap":{"name":"validation-configmap","items":[{"key":"application.yml","path":"application.yml"}],"defaultMode":420}},{"name":"default-token-vdgk4","secret":{"secretName":"default-token-vdgk4","defaultMode":420}}],"containers":[{"name":"business-validation-service","image":"illin5225.corp.amdocs.com:5002/business-validation-service:1.2.1","ports":[{"name":"server","containerPort":8080,"protocol":"TCP"},{"name":"management","containerPort":8081,"protocol":"TCP"},{"name":"metrics","containerPort":5555,"protocol":"TCP"},{"name":"debug","containerPort":5005,"protocol":"TCP"}],"env":[{"name":"MSNEXT_JAVA_OPTS","value":"-XX:+UnlockExperimentalVMOptions -XX:+UseCGroupMemoryLimitForHeap -XX:InitialRAMFraction=4 -XX:MaxRAMFraction=2 -XX:+PrintFlagsFinal"},{"name":"COUCHBASE_HOST","value":"catalog1-couchbase-service"},{"name":"ENABLE_ZIPKIN","value":"false"},{"name":"MSNEXT_CONF_SOURCE_APP1","value":"/deployments/config/applications/validation"},{"name":"CONSUME_EVENTS","value":"true"},{"name":"JAVA_ENABLE_DEBUG","value":"false"},{"name":"ES_MS_HOST","value":"entity-search:8080"},{"name":"ES_MS_PROTOCOL","value":"http"},{"name":"BUSINESS_PARAM_MS_HOST","value":"business-parameter-service:8080"},{"name":"BUSINESS_PARAM_MS_PROTOCOL","value":"http"}],"resources":{"limits":{"cpu":"1","memory":"1Gi"},"requests":{"cpu":"200m","memory":"500Mi"}},"volumeMounts":[{"name":"validation-configmap","mountPath":"/deployments/config/applications/validation"},{"name":"default-token-vdgk4","readOnly":true,"mountPath":"/var/run/secrets/kubernetes.io/serviceaccount"}],"livenessProbe":{"httpGet":{"path":"/health","port":8081,"scheme":"HTTP"},"initialDelaySeconds":450,"timeoutSeconds":1,"periodSeconds":10,"successThreshold":1,"failureThreshold":3},"readinessProbe":{"httpGet":{"path":"/health","port":8081,"scheme":"HTTP"},"initialDelaySeconds":120,"timeoutSeconds":1,"periodSeconds":10,"successThreshold":1,"failureThreshold":3},"terminationMessagePath":"/dev/termination-log","terminationMessagePolicy":"File","imagePullPolicy":"IfNotPresent","securityContext":{"capabilities":{"drop":["MKNOD"]}}}],"restartPolicy":"Always","terminationGracePeriodSeconds":30,"dnsPolicy":"ClusterFirst","nodeSelector":{"region":"work"},"serviceAccountName":"default","serviceAccount":"default","nodeName":"ilocpde01w34.corp.amdocs.com","securityContext":{"seLinuxOptions":{"level":"s0:c82,c59"}},"imagePullSecrets":[{"name":"validation-illin5225-pull-secret"}],"schedulerName":"default-scheduler","tolerations":[{"key":"node.kubernetes.io/memory-pressure","operator":"Exists","effect":"NoSchedule"}]},"status":{"phase":"Running","conditions":[{"type":"Initialized","status":"True","lastProbeTime":null,"lastTransitionTime":"2018-09-13T06:52:49Z"},{"type":"Ready","status":"True","lastProbeTime":null,"lastTransitionTime":"2018-09-16T21:37:22Z"},{"type":"PodScheduled","status":"True","lastProbeTime":null,"lastTransitionTime":"2018-09-13T06:52:49Z"}],"hostIP":"10.245.251.175","podIP":"10.128.78.119","startTime":"2018-09-13T06:52:49Z","containerStatuses":[{"name":"business-validation-service","state":{"running":{"startedAt":"2018-09-16T21:35:17Z"}},"lastState":{"terminated":{"exitCode":137,"reason":"OOMKilled","startedAt":"2018-09-16T03:07:59Z","finishedAt":"2018-09-16T21:35:15Z","containerID":"docker://70640f2643a82f2eae2c4492850e4642a0ad90f11378f14d3ea603daee4e6f07"}},"ready":true,"restartCount":3,"image":"illin5225.corp.amdocs.com:5002/business-validation-service:1.2.1","imageID":"docker-pullable://illin5225.corp.amdocs.com:5002/business-validation-service@sha256:c7951bb0d9aa26e14d1192a309957e492c34c02ad349ba5af553f48db0662c92","containerID":"docker://26d14057ca14102024a32172724fc73abb2e46a4f94e50414eadd87bc466b440"}],"qosClass":"Burstable"}},{"metadata":{"name":"cartitemaccessor-release-d5cccfb4b-fh8hn","generateName":"cartitemaccessor-release-d5cccfb4b-","namespace":"oc-cd-1017-pranavd-pd","selfLink":"/api/v1/namespaces/oc-cd-1017-pranavd-pd/pods/cartitemaccessor-release-d5cccfb4b-fh8hn","uid":"a0c03040-b721-11e8-bb86-0050569a887c","resourceVersion":"66124577","creationTimestamp":"2018-09-13T06:52:49Z","labels":{"app":"cartitemaccessor-release","microservice":"cartitemaccessor","pod-template-hash":"817779606","project":"cartitemaccessor","provider":"amdocs","release":"cartitemaccessor-release"},"annotations":{"checksum/config":"3093de6156cf21de06f3cdc67d943ec3d351d1a4c9ce4775d018c2d3be20fc96","fabric8.io/iconUrl":"img/icons/spring-boot.svg","git-commit":"eb84073e68ff837b76b39ad8dfebc297d0904476","openshift.io/scc":"anyuid-no-ps"},"ownerReferences":[{"apiVersion":"extensions/v1beta1","kind":"ReplicaSet","name":"cartitemaccessor-release-d5cccfb4b","uid":"a0bac508-b721-11e8-bb86-0050569a887c","controller":true,"blockOwnerDeletion":true}]},"spec":{"volumes":[{"name":"prop-volume","configMap":{"name":"cartitemaccessor-service-appconfigmap","defaultMode":420}},{"name":"default-token-vdgk4","secret":{"secretName":"default-token-vdgk4","defaultMode":420}}],"containers":[{"name":"cartitemaccessor-service-container","image":"illin5564.corp.amdocs.com:5000/cartitemaccessor-service:0.1.1-0015","ports":[{"name":"http","containerPort":8080,"protocol":"TCP"},{"name":"https","containerPort":8443,"protocol":"TCP"},{"name":"jacoco","containerPort":6300,"protocol":"TCP"},{"name":"metrics","containerPort":5555,"protocol":"TCP"},{"name":"management","containerPort":18080,"protocol":"TCP"}],"env":[{"name":"MSNEXT_CONF_SOURCE_APP","value":"/etc/config"},{"name":"KUBERNETES_NAMESPACE","valueFrom":{"fieldRef":{"apiVersion":"v1","fieldPath":"metadata.namespace"}}},{"name":"MSNEXT_JAVA_OPTS","value":"-Dcom.amdocs.msnext.securityjwt.anonymous.context-mapping.msnext.management=.*management  -Xms256m -Xmx1024m -XX:MaxRAM=2048m -XX:+DisableExplicitGC -XX:+UseConcMarkSweepGC -XX:+CMSParallelRemarkEnabled -XX:NewRatio=1 -Xss512k -XX:MaxMetaspaceSize=512m"},{"name":"SERVER_PORT","value":"8080"},{"name":"MSNEXT_MODULE_MGT_DISABLE","value":"msnext-customization"},{"name":"MSNEXT_JACOCO_ENABLE","value":"${jacoco.enabled}"},{"name":"MSNEXT_JACOCO_OPTS","value":"output=tcpserver,address=*,port=6300"},{"name":"MANAGEMENT_PORT","value":"18080"},{"name":"MALLOC_ARENA_MAX","value":"4"},{"name":"TZ","value":"UTC"}],"resources":{"limits":{"cpu":"2","memory":"2Gi"},"requests":{"cpu":"200m","memory":"1Gi"}},"volumeMounts":[{"name":"prop-volume","mountPath":"/etc/config"},{"name":"default-token-vdgk4","readOnly":true,"mountPath":"/var/run/secrets/kubernetes.io/serviceaccount"}],"livenessProbe":{"httpGet":{"path":"/health","port":18080,"scheme":"HTTP"},"initialDelaySeconds":900,"timeoutSeconds":10,"periodSeconds":10,"successThreshold":1,"failureThreshold":3},"readinessProbe":{"httpGet":{"path":"/health","port":18080,"scheme":"HTTP"},"initialDelaySeconds":30,"timeoutSeconds":10,"periodSeconds":10,"successThreshold":1,"failureThreshold":3},"terminationMessagePath":"/dev/termination-log","terminationMessagePolicy":"File","imagePullPolicy":"IfNotPresent","securityContext":{"capabilities":{"drop":["MKNOD"]},"privileged":false}}],"restartPolicy":"Always","terminationGracePeriodSeconds":30,"dnsPolicy":"ClusterFirst","nodeSelector":{"region":"work"},"serviceAccountName":"default","serviceAccount":"default","nodeName":"ilocpde01w02.corp.amdocs.com","securityContext":{"seLinuxOptions":{"level":"s0:c82,c59"}},"imagePullSecrets":[{"name":"cartitemaccessor-ms-secret"}],"schedulerName":"default-scheduler","tolerations":[{"key":"node.kubernetes.io/memory-pressure","operator":"Exists","effect":"NoSchedule"}]},"status":{"phase":"Running","conditions":[{"type":"Initialized","status":"True","lastProbeTime":null,"lastTransitionTime":"2018-09-13T06:52:49Z"},{"type":"Ready","status":"True","lastProbeTime":null,"lastTransitionTime":"2018-09-13T06:54:27Z"},{"type":"PodScheduled","status":"True","lastProbeTime":null,"lastTransitionTime":"2018-09-13T06:52:49Z"}],"hostIP":"10.245.250.21","podIP":"10.128.12.143","startTime":"2018-09-13T06:52:49Z","containerStatuses":[{"name":"cartitemaccessor-service-container","state":{"running":{"startedAt":"2018-09-13T06:53:27Z"}},"lastState":{},"ready":true,"restartCount":0,"image":"illin5564.corp.amdocs.com:5000/cartitemaccessor-service:0.1.1-0015","imageID":"docker-pullable://illin5564.corp.amdocs.com:5000/cartitemaccessor-service@sha256:9ba41b7d57860c57e43d5c366d1d12907b0e8a90dc53ed00ccfe9ca85b7c8146","containerID":"docker://33d1cacef93d8b660665d1171383e64d1cbd3eba1a4de23af0f0ad803f90406f"}],"qosClass":"Burstable"}},{"metadata":{"name":"customeraccessor-release-5d7cf45796-x4xpq","generateName":"customeraccessor-release-5d7cf45796-","namespace":"oc-cd-1017-pranavd-pd","selfLink":"/api/v1/namespaces/oc-cd-1017-pranavd-pd/pods/customeraccessor-release-5d7cf45796-x4xpq","uid":"a0d4c27d-b721-11e8-bb86-0050569a887c","resourceVersion":"67051190","creationTimestamp":"2018-09-13T06:52:49Z","labels":{"group":"com.amdocs.digital.ms.customeraccessor","microservice":"customeraccessor","pod-template-hash":"1837901352","project":"customeraccessor-service","provider":"amdocs","release":"customeraccessor-release"},"annotations":{"fabric8.io/iconUrl":"img/icons/spring-boot.svg","openshift.io/scc":"anyuid-no-ps"},"ownerReferences":[{"apiVersion":"extensions/v1beta1","kind":"ReplicaSet","name":"customeraccessor-release-5d7cf45796","uid":"a0c6e722-b721-11e8-bb86-0050569a887c","controller":true,"blockOwnerDeletion":true}]},"spec":{"volumes":[{"name":"prop-volume","configMap":{"name":"customeraccessor-service-appconfig","defaultMode":420,"optional":true}},{"name":"confmap-volume","configMap":{"name":"customeraccessor-appconfigmap","defaultMode":420}},{"name":"default-token-vdgk4","secret":{"secretName":"default-token-vdgk4","defaultMode":420}}],"containers":[{"name":"customeraccessor-service-container","image":"illin5564.corp.amdocs.com:5000/customeraccessor-service:0.1.1-0015","ports":[{"name":"http","containerPort":8080,"protocol":"TCP"},{"name":"https","containerPort":8443,"protocol":"TCP"},{"name":"jacoco","containerPort":6300,"protocol":"TCP"},{"name":"metrics","containerPort":5555,"protocol":"TCP"},{"name":"management","containerPort":18080,"protocol":"TCP"}],"env":[{"name":"MSNEXT_CONF_SOURCE_APP","value":"/etc/config"},{"name":"KUBERNETES_NAMESPACE","valueFrom":{"fieldRef":{"apiVersion":"v1","fieldPath":"metadata.namespace"}}},{"name":"MSNEXT_JAVA_OPTS","value":" -Dconfiguration.careSimulatorModeOn=false -Dconfiguration.careSimulatorJsonFileDir=/users/admin/careSimJsons -Xms256m -Xmx1024m -XX:MaxRAM=2048m -XX:+DisableExplicitGC -XX:+UseConcMarkSweepGC -XX:+CMSParallelRemarkEnabled -XX:NewRatio=1 -Xss512k -XX:MaxMetaspaceSize=512m -Dcom.amdocs.msnext.securitya3s.url=http://10.238.196.7:30081/asmServices/services/v1.0 -Dservices.customer.url=http://customer-service.ilocpde01.corp.amdocs.com/customerManagement/v1"},{"name":"SERVER_PORT","value":"8080"},{"name":"MSNEXT_MODULE_MGT_DISABLE","value":"msnext-customization"},{"name":"MANAGEMENT_PORT","value":"18080"}],"resources":{"limits":{"cpu":"2","memory":"2Gi"},"requests":{"cpu":"200m","memory":"1Gi"}},"volumeMounts":[{"name":"prop-volume","mountPath":"/etc/config"},{"name":"default-token-vdgk4","readOnly":true,"mountPath":"/var/run/secrets/kubernetes.io/serviceaccount"}],"livenessProbe":{"httpGet":{"path":"/health","port":18080,"scheme":"HTTP"},"initialDelaySeconds":900,"timeoutSeconds":1,"periodSeconds":10,"successThreshold":1,"failureThreshold":3},"readinessProbe":{"httpGet":{"path":"/health","port":18080,"scheme":"HTTP"},"initialDelaySeconds":120,"timeoutSeconds":10,"periodSeconds":10,"successThreshold":1,"failureThreshold":3},"terminationMessagePath":"/dev/termination-log","terminationMessagePolicy":"File","imagePullPolicy":"IfNotPresent","securityContext":{"capabilities":{"drop":["MKNOD"]},"privileged":false}}],"restartPolicy":"Always","terminationGracePeriodSeconds":30,"dnsPolicy":"ClusterFirst","nodeSelector":{"region":"work"},"serviceAccountName":"default","serviceAccount":"default","nodeName":"ilocpde01w35.corp.amdocs.com","securityContext":{"seLinuxOptions":{"level":"s0:c82,c59"}},"imagePullSecrets":[{"name":"custacc-ms-secret"}],"schedulerName":"default-scheduler","tolerations":[{"key":"node.kubernetes.io/memory-pressure","operator":"Exists","effect":"NoSchedule"}]},"status":{"phase":"Running","conditions":[{"type":"Initialized","status":"True","lastProbeTime":null,"lastTransitionTime":"2018-09-13T06:52:49Z"},{"type":"Ready","status":"True","lastProbeTime":null,"lastTransitionTime":"2018-09-14T10:33:48Z"},{"type":"PodScheduled","status":"True","lastProbeTime":null,"lastTransitionTime":"2018-09-13T06:52:49Z"}],"hostIP":"10.245.251.176","podIP":"10.128.81.236","startTime":"2018-09-13T06:52:49Z","containerStatuses":[{"name":"customeraccessor-service-container","state":{"running":{"startedAt":"2018-09-14T10:31:39Z"}},"lastState":{"terminated":{"exitCode":137,"reason":"OOMKilled","startedAt":"2018-09-14T09:11:36Z","finishedAt":"2018-09-14T10:31:37Z","containerID":"docker://58c2da3bb48dc725af96f66205beb94d0c2821d0492ddb65cec224ddcf7f1842"}},"ready":true,"restartCount":2,"image":"illin5564.corp.amdocs.com:5000/customeraccessor-service:0.1.1-0015","imageID":"docker-pullable://illin5564.corp.amdocs.com:5000/customeraccessor-service@sha256:69dc3ec34ec23d4d0887eb55ff1218b5c4824354da7a7783fc6590c814d94613","containerID":"docker://a944e024a5457840ebb9724e7b7bf838b709a2fdbc106915b7c3556f5689501b"}],"qosClass":"Burstable"}},{"metadata":{"name":"digitalexpapi-release-di-76df4c8d5b-jcgfs","generateName":"digitalexpapi-release-di-76df4c8d5b-","namespace":"oc-cd-1017-pranavd-pd","selfLink":"/api/v1/namespaces/oc-cd-1017-pranavd-pd/pods/digitalexpapi-release-di-76df4c8d5b-jcgfs","uid":"a0e9f666-b721-11e8-bb86-0050569a887c","resourceVersion":"66124469","creationTimestamp":"2018-09-13T06:52:49Z","labels":{"app":"digitalexpapi-release-di","microservice":"digitalexp-api","pod-template-hash":"3289074816","project":"digitalexp-api","provider":"amdocs","release":"digitalexpapi-release"},"annotations":{"fabric8.io/iconUrl":"img/icons/spring-boot.svg","git-commit":"@git.commit.id@","openshift.io/scc":"anyuid-no-ps"},"ownerReferences":[{"apiVersion":"extensions/v1beta1","kind":"ReplicaSet","name":"digitalexpapi-release-di-76df4c8d5b","uid":"a0de4ed5-b721-11e8-bb86-0050569a887c","controller":true,"blockOwnerDeletion":true}]},"spec":{"volumes":[{"name":"default-token-vdgk4","secret":{"secretName":"default-token-vdgk4","defaultMode":420}}],"containers":[{"name":"digitalexp-api-service-container","image":"illin5564.corp.amdocs.com:5000/digitalexp-api-service:0.1.1-0102","ports":[{"name":"http","containerPort":8080,"protocol":"TCP"},{"name":"https","containerPort":8443,"protocol":"TCP"},{"name":"management","containerPort":18080,"protocol":"TCP"}],"env":[{"name":"KUBERNETES_NAMESPACE","valueFrom":{"fieldRef":{"apiVersion":"v1","fieldPath":"metadata.namespace"}}},{"name":"MSNEXT_JAVA_OPTS","value":" -Xms256m -Xmx1024m -XX:MaxRAM=2048m -XX:+DisableExplicitGC -XX:+UseConcMarkSweepGC -XX:+CMSParallelRemarkEnabled -XX:NewRatio=1 -Xss512k -XX:MaxMetaspaceSize=512m -Dcom.amdocs.msnext.securitya3s.url=http://10.238.196.7:30081/asmServices/services/v1.0"},{"name":"SERVER_PORT","value":"8080"},{"name":"MSNEXT_DISABLED_MODULES","value":"msnext-customization"},{"name":"MANAGEMENT_PORT","value":"18080"},{"name":"SHOPPING_CART_CHECKOUT_URL","value":"http://shoppingcart-checkout-service:8080/shoppingCart/v1"},{"name":"PRODUCT_ORDER_URL","value":"http://productorder-productorder-service:8080/productOrdering/v2"},{"name":"SUBMIT_PRODUCT_ORDER_URL","value":"http://productorder-submitorder-service:8080/productOrdering/v2/productOrder"},{"name":"SHOPPING_CART_URL","value":"http://shoppingcart-shoppingcart-service:8080/shoppingCart/v1"},{"name":"DISCOVERY_URL","value":"http://pod-experience-service:8080/commerce/v1"},{"name":"MANAGED_RESOURCES_URL","value":"http://managed-resource-service:8080/managedResource/v1"},{"name":"PRODUCT_CONFIGURATION_SERVICE","value":"http://productconfigurator-service:8080/productConfigurator/v0/productConfiguration"},{"name":"CUSTOMERS_URL","value":"http://customer-customer-service:8080/customerManagement/v1"},{"name":"INDIVIDUAL_URL","value":"http://party-individual-service:8080/partyManagement/v1"},{"name":"PRODUCT_INVENTORY_URL","value":"http://pi-product-service:8080/productInventoryManagement/v2"}],"resources":{"limits":{"cpu":"2","memory":"2Gi"},"requests":{"cpu":"200m","memory":"1Gi"}},"volumeMounts":[{"name":"default-token-vdgk4","readOnly":true,"mountPath":"/var/run/secrets/kubernetes.io/serviceaccount"}],"livenessProbe":{"httpGet":{"path":"/health","port":18080,"scheme":"HTTP"},"initialDelaySeconds":900,"timeoutSeconds":10,"periodSeconds":10,"successThreshold":1,"failureThreshold":3},"readinessProbe":{"httpGet":{"path":"/health","port":18080,"scheme":"HTTP"},"initialDelaySeconds":30,"timeoutSeconds":10,"periodSeconds":10,"successThreshold":1,"failureThreshold":3},"terminationMessagePath":"/dev/termination-log","terminationMessagePolicy":"File","imagePullPolicy":"IfNotPresent","securityContext":{"capabilities":{"drop":["MKNOD"]},"privileged":false}}],"restartPolicy":"Always","terminationGracePeriodSeconds":30,"dnsPolicy":"ClusterFirst","nodeSelector":{"region":"work"},"serviceAccountName":"default","serviceAccount":"default","nodeName":"ilocpde01w34.corp.amdocs.com","securityContext":{"seLinuxOptions":{"level":"s0:c82,c59"}},"imagePullSecrets":[{"name":"digitalexp-api-ms-secret"}],"schedulerName":"default-scheduler","tolerations":[{"key":"node.kubernetes.io/memory-pressure","operator":"Exists","effect":"NoSchedule"}]},"status":{"phase":"Running","conditions":[{"type":"Initialized","status":"True","lastProbeTime":null,"lastTransitionTime":"2018-09-13T06:52:49Z"},{"type":"Ready","status":"True","lastProbeTime":null,"lastTransitionTime":"2018-09-13T06:54:21Z"},{"type":"PodScheduled","status":"True","lastProbeTime":null,"lastTransitionTime":"2018-09-13T06:52:49Z"}],"hostIP":"10.245.251.175","podIP":"10.128.78.113","startTime":"2018-09-13T06:52:49Z","containerStatuses":[{"name":"digitalexp-api-service-container","state":{"running":{"startedAt":"2018-09-13T06:52:56Z"}},"lastState":{},"ready":true,"restartCount":0,"image":"illin5564.corp.amdocs.com:5000/digitalexp-api-service:0.1.1-0102","imageID":"docker-pullable://illin5564.corp.amdocs.com:5000/digitalexp-api-service@sha256:f8309de627f058e071de01cda76e3ab84ff815f38bccf50fb92dead0a00d66c7","containerID":"docker://6d0dab873e3d0d0301b357dac39bb86d7841b11eb865b31621497517bfec7864"}],"qosClass":"Burstable"}},{"metadata":{"name":"dispatcher-service-545598bcb6-98ksj","generateName":"dispatcher-service-545598bcb6-","namespace":"oc-cd-1017-pranavd-pd","selfLink":"/api/v1/namespaces/oc-cd-1017-pranavd-pd/pods/dispatcher-service-545598bcb6-98ksj","uid":"a0f75de2-b721-11e8-bb86-0050569a887c","resourceVersion":"66126594","creationTimestamp":"2018-09-13T06:52:49Z","labels":{"app":"dispatcher-service","group":"com.amdocs.catalogone","pod-template-hash":"1011546762","prometheus":"amdocs-prometheus","provider":"amdocs","release":"dispatcher-service-release"},"annotations":{"openshift.io/scc":"anyuid-no-ps"},"ownerReferences":[{"apiVersion":"extensions/v1beta1","kind":"ReplicaSet","name":"dispatcher-service-545598bcb6","uid":"a0f07e9b-b721-11e8-bb86-0050569a887c","controller":true,"blockOwnerDeletion":true}]},"spec":{"volumes":[{"name":"dispatcher-configmap","configMap":{"name":"dispatcher-configmap","items":[{"key":"application.yml","path":"application.yml"}],"defaultMode":420}},{"name":"default-token-vdgk4","secret":{"secretName":"default-token-vdgk4","defaultMode":420}}],"containers":[{"name":"dispatcher-service","image":"illin5225.corp.amdocs.com:5002/dispatcher-service:1.5.0","ports":[{"name":"server","containerPort":8080,"protocol":"TCP"},{"name":"management","containerPort":8081,"protocol":"TCP"},{"name":"metrics","containerPort":5555,"protocol":"TCP"},{"name":"debug","containerPort":5005,"protocol":"TCP"}],"env":[{"name":"MSNEXT_JAVA_OPTS","value":"-XX:+UnlockExperimentalVMOptions -XX:+UseCGroupMemoryLimitForHeap -XX:InitialRAMFraction=4 -XX:MaxRAMFraction=2 -XX:+PrintFlagsFinal"},{"name":"COUCHBASE_HOST","value":"catalog1-couchbase-service"},{"name":"ENABLE_ZIPKIN","value":"false"},{"name":"MSNEXT_CONF_SOURCE_APP1","value":"/deployments/config/applications/dispatcher"},{"name":"CONSUME_EVENTS","value":"true"},{"name":"JAVA_ENABLE_DEBUG","value":"false"},{"name":"TESTING_ENVIRONMENT_TOPIC_PREFIX"}],"resources":{"limits":{"cpu":"1","memory":"768Mi"},"requests":{"cpu":"200m","memory":"500Mi"}},"volumeMounts":[{"name":"dispatcher-configmap","mountPath":"/deployments/config/applications/dispatcher"},{"name":"default-token-vdgk4","readOnly":true,"mountPath":"/var/run/secrets/kubernetes.io/serviceaccount"}],"livenessProbe":{"httpGet":{"path":"/health","port":8081,"scheme":"HTTP"},"initialDelaySeconds":450,"timeoutSeconds":1,"periodSeconds":10,"successThreshold":1,"failureThreshold":3},"readinessProbe":{"httpGet":{"path":"/health","port":8081,"scheme":"HTTP"},"initialDelaySeconds":180,"timeoutSeconds":1,"periodSeconds":10,"successThreshold":1,"failureThreshold":3},"terminationMessagePath":"/dev/termination-log","terminationMessagePolicy":"File","imagePullPolicy":"IfNotPresent","securityContext":{"capabilities":{"drop":["MKNOD"]}}}],"restartPolicy":"Always","terminationGracePeriodSeconds":30,"dnsPolicy":"ClusterFirst","nodeSelector":{"region":"work"},"serviceAccountName":"default","serviceAccount":"default","nodeName":"ilocpde01w27.corp.amdocs.com","securityContext":{"seLinuxOptions":{"level":"s0:c82,c59"}},"imagePullSecrets":[{"name":"dispatcher-illin5225-pull-secret"}],"schedulerName":"default-scheduler","tolerations":[{"key":"node.kubernetes.io/memory-pressure","operator":"Exists","effect":"NoSchedule"}]},"status":{"phase":"Running","conditions":[{"type":"Initialized","status":"True","lastProbeTime":null,"lastTransitionTime":"2018-09-13T06:52:49Z"},{"type":"Ready","status":"True","lastProbeTime":null,"lastTransitionTime":"2018-09-13T06:56:39Z"},{"type":"PodScheduled","status":"True","lastProbeTime":null,"lastTransitionTime":"2018-09-13T06:52:49Z"}],"hostIP":"10.245.251.168","podIP":"10.128.64.36","startTime":"2018-09-13T06:52:49Z","containerStatuses":[{"name":"dispatcher-service","state":{"running":{"startedAt":"2018-09-13T06:53:24Z"}},"lastState":{},"ready":true,"restartCount":0,"image":"illin5225.corp.amdocs.com:5002/dispatcher-service:1.5.0","imageID":"docker-pullable://illin5225.corp.amdocs.com:5002/dispatcher-service@sha256:ff2792868dd7a17fa0993d6a0d4b8a385de0918890540c7807576a478706ea03","containerID":"docker://735443b592b8003a56c4fcb67385af1a218917cafedb30329e71b7c1562ab854"}],"qosClass":"Burstable"}},{"metadata":{"name":"import-service-55877dbd5-m2zkp","generateName":"import-service-55877dbd5-","namespace":"oc-cd-1017-pranavd-pd","selfLink":"/api/v1/namespaces/oc-cd-1017-pranavd-pd/pods/import-service-55877dbd5-m2zkp","uid":"a0fe9fc5-b721-11e8-bb86-0050569a887c","resourceVersion":"66168401","creationTimestamp":"2018-09-13T06:52:49Z","labels":{"app":"import-service","group":"com.amdocs.catalogone","monitored":"prometheus","monitoring":"prometheus","pod-template-hash":"114338681","prometheus":"amdocs-prometheus","provider":"amdocs","release":"import-service-release"},"annotations":{"openshift.io/scc":"anyuid-no-ps"},"ownerReferences":[{"apiVersion":"extensions/v1beta1","kind":"ReplicaSet","name":"import-service-55877dbd5","uid":"a0fade69-b721-11e8-bb86-0050569a887c","controller":true,"blockOwnerDeletion":true}]},"spec":{"volumes":[{"name":"import-configmap","configMap":{"name":"import-configmap","items":[{"key":"application.yml","path":"application.yml"}],"defaultMode":420}},{"name":"import-nonfunc-configmap","configMap":{"name":"import-nonfunc-configmap","items":[{"key":"application-nonfunc.yml","path":"application-nonfunc.yml"}],"defaultMode":420}},{"name":"import-generic-kafka-configmap","configMap":{"name":"import-generic-kafka-configmap","items":[{"key":"application-generic-kafka.yml","path":"application-generic-kafka.yml"}],"defaultMode":420}},{"name":"import-generic-couchbase-configmap","configMap":{"name":"import-generic-couchbase-configmap","items":[{"key":"application-generic-couchbase.yml","path":"application-generic-couchbase.yml"}],"defaultMode":420}},{"name":"default-token-vdgk4","secret":{"secretName":"default-token-vdgk4","defaultMode":420}}],"containers":[{"name":"import-service","image":"illin5225.corp.amdocs.com:5002/import-service:1.3.0","ports":[{"name":"server","containerPort":8080,"protocol":"TCP"},{"name":"management","containerPort":8081,"protocol":"TCP"},{"name":"server-debug","containerPort":9220,"protocol":"TCP"},{"name":"metrics","containerPort":5555,"protocol":"TCP"}],"env":[{"name":"MSNEXT_JAVA_OPTS","value":"-XX:+UnlockExperimentalVMOptions -XX:+UseCGroupMemoryLimitForHeap -XX:InitialRAMFraction=4 -XX:MaxRAMFraction=2 -XX:+PrintFlagsFinal"},{"name":"COUCHBASE_HOST","value":"catalog1-couchbase-service"},{"name":"ENABLE_ZIPKIN","value":"false"},{"name":"MSNEXT_CONF_SOURCE_APP1","value":"/deployments/config/applications/import"},{"name":"MSNEXT_CONF_SOURCE_zzzNONFUNC","value":"/deployments/config/applications/import-nonfunc"},{"name":"MSNEXT_CONF_SOURCE_zzzGENERIC_KAFKA","value":"/deployments/config/applications/import-generic-kafka"},{"name":"MSNEXT_CONF_SOURCE_zzzGENERIC_COUCHBASE","value":"/deployments/config/applications/import-generic-couchbase"},{"name":"CONSUME_EVENTS","value":"true"},{"name":"BR_MS_PROTOCOL","value":"http"}],"resources":{"limits":{"cpu":"1","memory":"1Gi"},"requests":{"cpu":"200m","memory":"500Mi"}},"volumeMounts":[{"name":"import-configmap","mountPath":"/deployments/config/applications/import"},{"name":"import-nonfunc-configmap","mountPath":"/deployments/config/applications/import-nonfunc"},{"name":"import-generic-kafka-configmap","mountPath":"/deployments/config/applications/import-generic-kafka"},{"name":"import-generic-couchbase-configmap","mountPath":"/deployments/config/applications/import-generic-couchbase"},{"name":"default-token-vdgk4","readOnly":true,"mountPath":"/var/run/secrets/kubernetes.io/serviceaccount"}],"livenessProbe":{"httpGet":{"path":"/health","port":8081,"scheme":"HTTP"},"initialDelaySeconds":450,"timeoutSeconds":1,"periodSeconds":10,"successThreshold":1,"failureThreshold":3},"readinessProbe":{"httpGet":{"path":"/health","port":8081,"scheme":"HTTP"},"initialDelaySeconds":180,"timeoutSeconds":1,"periodSeconds":10,"successThreshold":1,"failureThreshold":3},"terminationMessagePath":"/dev/termination-log","terminationMessagePolicy":"File","imagePullPolicy":"IfNotPresent","securityContext":{"capabilities":{"drop":["MKNOD"]}}}],"restartPolicy":"Always","terminationGracePeriodSeconds":30,"dnsPolicy":"ClusterFirst","nodeSelector":{"region":"work"},"serviceAccountName":"default","serviceAccount":"default","nodeName":"ilocpde01w26.corp.amdocs.com","securityContext":{"seLinuxOptions":{"level":"s0:c82,c59"}},"imagePullSecrets":[{"name":"import-illin5225-pull-secret"}],"schedulerName":"default-scheduler","tolerations":[{"key":"node.kubernetes.io/memory-pressure","operator":"Exists","effect":"NoSchedule"}]},"status":{"phase":"Running","conditions":[{"type":"Initialized","status":"True","lastProbeTime":null,"lastTransitionTime":"2018-09-13T06:52:49Z"},{"type":"Ready","status":"True","lastProbeTime":null,"lastTransitionTime":"2018-09-13T08:07:43Z"},{"type":"PodScheduled","status":"True","lastProbeTime":null,"lastTransitionTime":"2018-09-13T06:52:49Z"}],"hostIP":"10.245.251.167","podIP":"10.128.61.90","startTime":"2018-09-13T06:52:49Z","containerStatuses":[{"name":"import-service","state":{"running":{"startedAt":"2018-09-13T08:02:14Z"}},"lastState":{"terminated":{"exitCode":143,"reason":"Error","startedAt":"2018-09-13T07:53:53Z","finishedAt":"2018-09-13T08:02:14Z","containerID":"docker://cc99b5d84794541696f4a1bd21efb102ae14040d576bab2d0c7fe101ae3b734e"}},"ready":true,"restartCount":8,"image":"illin5225.corp.amdocs.com:5002/import-service:1.3.0","imageID":"docker-pullable://illin5225.corp.amdocs.com:5002/import-service@sha256:5b5ef700478c461007b3f3aa502f3112c362f6ae5bee279fe0f61fdf06b37a68","containerID":"docker://f15b0e4912483a029e9d5ee8d977fd564b1cbddd2c0c693e355fb119ed817620"}],"qosClass":"Burstable"}},{"metadata":{"name":"managed-resource-release-6dbcf94c75-82pjc","generateName":"managed-resource-release-6dbcf94c75-","namespace":"oc-cd-1017-pranavd-pd","selfLink":"/api/v1/namespaces/oc-cd-1017-pranavd-pd/pods/managed-resource-release-6dbcf94c75-82pjc","uid":"a11795ae-b721-11e8-bb86-0050569a887c","resourceVersion":"66124991","creationTimestamp":"2018-09-13T06:52:49Z","labels":{"app":"managed-resource-release","microservice":"managed-resource","pod-template-hash":"2867950731","project":"managed-resource","provider":"amdocs","release":"managed-resource-release"},"annotations":{"fabric8.io/iconUrl":"img/icons/spring-boot.svg","git-commit":"a2d8026f29de85d53334b370c93c722a53738e54","openshift.io/scc":"anyuid-no-ps"},"ownerReferences":[{"apiVersion":"extensions/v1beta1","kind":"ReplicaSet","name":"managed-resource-release-6dbcf94c75","uid":"a1075afc-b721-11e8-bb86-0050569a887c","controller":true,"blockOwnerDeletion":true}]},"spec":{"volumes":[{"name":"managed-resource-volume-jwt-validation-conf","configMap":{"name":"managed-resource-jwt-validation-configmap","items":[{"key":"application.yaml","path":"application.yaml"}],"defaultMode":420}},{"name":"prop-volume","configMap":{"name":"managed-resource-service-appconfig","defaultMode":420,"optional":true}},{"name":"default-token-vdgk4","secret":{"secretName":"default-token-vdgk4","defaultMode":420}}],"containers":[{"name":"managed-resource-service-container","image":"illin5564.corp.amdocs.com:5000/managed-resource-service:0.1.1-0031","ports":[{"name":"http","containerPort":8080,"protocol":"TCP"},{"name":"management","containerPort":18080,"protocol":"TCP"}],"env":[{"name":"KUBERNETES_NAMESPACE","valueFrom":{"fieldRef":{"apiVersion":"v1","fieldPath":"metadata.namespace"}}},{"name":"MSNEXT_JAVA_OPTS","value":" -Xms256m -Xmx1024m -XX:MaxRAM=2048m -XX:+DisableExplicitGC -XX:+UseConcMarkSweepGC -XX:+CMSParallelRemarkEnabled -XX:NewRatio=1 -Xss512k -XX:MaxMetaspaceSize=512m"},{"name":"MSNEXT_DISABLED_MODULES","value":"msnext-customization"},{"name":"MANAGEMENT_PORT","value":"18080"},{"name":"MALLOC_ARENA_MAX","value":"4"},{"name":"SERVER_PORT","value":"8080"},{"name":"MSNEXT_CONF_SOURCE_APP","value":"/etc/config"},{"name":"MSNEXT_CONF_SOURCE_IDM","value":"/run/secrets/msNextConfSourceIdm1"}],"resources":{"limits":{"cpu":"2","memory":"2Gi"},"requests":{"cpu":"200m","memory":"1Gi"}},"volumeMounts":[{"name":"prop-volume","mountPath":"/etc/config"},{"name":"managed-resource-volume-jwt-validation-conf","mountPath":"/run/secrets/msNextConfSourceIdm1"},{"name":"default-token-vdgk4","readOnly":true,"mountPath":"/var/run/secrets/kubernetes.io/serviceaccount"}],"livenessProbe":{"httpGet":{"path":"/health","port":18080,"scheme":"HTTP"},"initialDelaySeconds":900,"timeoutSeconds":10,"periodSeconds":10,"successThreshold":1,"failureThreshold":3},"readinessProbe":{"httpGet":{"path":"/health","port":18080,"scheme":"HTTP"},"initialDelaySeconds":30,"timeoutSeconds":10,"periodSeconds":10,"successThreshold":1,"failureThreshold":3},"terminationMessagePath":"/dev/termination-log","terminationMessagePolicy":"File","imagePullPolicy":"IfNotPresent","securityContext":{"capabilities":{"drop":["MKNOD"]},"privileged":false}}],"restartPolicy":"Always","terminationGracePeriodSeconds":30,"dnsPolicy":"ClusterFirst","nodeSelector":{"region":"work"},"serviceAccountName":"default","serviceAccount":"default","nodeName":"ilocpde01w24.corp.amdocs.com","securityContext":{"seLinuxOptions":{"level":"s0:c82,c59"}},"imagePullSecrets":[{"name":"managed-resource-ms-secret"}],"schedulerName":"default-scheduler","tolerations":[{"key":"node.kubernetes.io/memory-pressure","operator":"Exists","effect":"NoSchedule"}]},"status":{"phase":"Running","conditions":[{"type":"Initialized","status":"True","lastProbeTime":null,"lastTransitionTime":"2018-09-13T06:52:50Z"},{"type":"Ready","status":"True","lastProbeTime":null,"lastTransitionTime":"2018-09-13T06:54:47Z"},{"type":"PodScheduled","status":"True","lastProbeTime":null,"lastTransitionTime":"2018-09-13T06:52:49Z"}],"hostIP":"10.245.251.165","podIP":"10.128.59.102","startTime":"2018-09-13T06:52:50Z","containerStatuses":[{"name":"managed-resource-service-container","state":{"running":{"startedAt":"2018-09-13T06:53:27Z"}},"lastState":{},"ready":true,"restartCount":0,"image":"illin5564.corp.amdocs.com:5000/managed-resource-service:0.1.1-0031","imageID":"docker-pullable://illin5564.corp.amdocs.com:5000/managed-resource-service@sha256:5b00d1fdc6830afd1246884e43edf073fd222dd06963fd73c35183328762fa5a","containerID":"docker://1864bc901269ed33de04622820e3ab1dd2d8c2ddb076036d20f9f404d5608d54"}],"qosClass":"Burstable"}},{"metadata":{"name":"metadata-entity-command-service-65bcfddb7-l7qf7","generateName":"metadata-entity-command-service-65bcfddb7-","namespace":"oc-cd-1017-pranavd-pd","selfLink":"/api/v1/namespaces/oc-cd-1017-pranavd-pd/pods/metadata-entity-command-service-65bcfddb7-l7qf7","uid":"a12b1a69-b721-11e8-bb86-0050569a887c","resourceVersion":"66128492","creationTimestamp":"2018-09-13T06:52:50Z","labels":{"app":"metadata-entity-command-service","group":"com.amdocs.catalogone","pod-template-hash":"216798863","prometheus":"amdocs-prometheus","release":"metadata-entity-command-release"},"annotations":{"openshift.io/scc":"anyuid-no-ps"},"ownerReferences":[{"apiVersion":"extensions/v1beta1","kind":"ReplicaSet","name":"metadata-entity-command-service-65bcfddb7","uid":"a11b2975-b721-11e8-bb86-0050569a887c","controller":true,"blockOwnerDeletion":true}]},"spec":{"volumes":[{"name":"auth-configmap","configMap":{"name":"metadata-entity-command-service-configmap","items":[{"key":"application.yml","path":"application.yml"}],"defaultMode":420}},{"name":"default-token-vdgk4","secret":{"secretName":"default-token-vdgk4","defaultMode":420}}],"containers":[{"name":"metadata-entity-command-service","image":"illin5225.corp.amdocs.com:5002/metadata-entity-command-service:1.0.2-RC","ports":[{"name":"server","containerPort":8080,"protocol":"TCP"},{"name":"management","containerPort":8081,"protocol":"TCP"},{"name":"metrics","containerPort":5555,"protocol":"TCP"},{"name":"debug","containerPort":5005,"protocol":"TCP"}],"env":[{"name":"MSNEXT_JAVA_OPTS","value":"-XX:+UnlockExperimentalVMOptions -XX:+UseCGroupMemoryLimitForHeap -XX:InitialRAMFraction=4 -XX:MaxRAMFraction=2 -XX:+PrintFlagsFinal"},{"name":"ENABLE_ZIPKIN","value":"false"},{"name":"MSNEXT_CONF_SOURCE_APP1","value":"/deployments/config/applications/auth"},{"name":"ENABLE_CONSUMER","value":"true"},{"name":"BR_MS_HOST","value":"business-request-service:8080"},{"name":"BR_MS_PROTOCOL","value":"http"},{"name":"JAVA_ENABLE_DEBUG","value":"true"}],"resources":{"limits":{"cpu":"1","memory":"1Gi"},"requests":{"cpu":"200m","memory":"1Gi"}},"volumeMounts":[{"name":"auth-configmap","mountPath":"/deployments/config/applications/auth"},{"name":"default-token-vdgk4","readOnly":true,"mountPath":"/var/run/secrets/kubernetes.io/serviceaccount"}],"livenessProbe":{"httpGet":{"path":"/health","port":8081,"scheme":"HTTP"},"initialDelaySeconds":450,"timeoutSeconds":1,"periodSeconds":10,"successThreshold":1,"failureThreshold":3},"readinessProbe":{"httpGet":{"path":"/health","port":8081,"scheme":"HTTP"},"initialDelaySeconds":120,"timeoutSeconds":1,"periodSeconds":10,"successThreshold":1,"failureThreshold":3},"terminationMessagePath":"/dev/termination-log","terminationMessagePolicy":"File","imagePullPolicy":"IfNotPresent","securityContext":{"capabilities":{"drop":["MKNOD"]}}}],"restartPolicy":"Always","terminationGracePeriodSeconds":30,"dnsPolicy":"ClusterFirst","nodeSelector":{"region":"work"},"serviceAccountName":"default","serviceAccount":"default","nodeName":"ilocpde01w23.corp.amdocs.com","securityContext":{"seLinuxOptions":{"level":"s0:c82,c59"}},"imagePullSecrets":[{"name":"metadata-entity-command-service-pull-secret"}],"schedulerName":"default-scheduler","tolerations":[{"key":"node.kubernetes.io/memory-pressure","operator":"Exists","effect":"NoSchedule"}]},"status":{"phase":"Running","conditions":[{"type":"Initialized","status":"True","lastProbeTime":null,"lastTransitionTime":"2018-09-13T06:52:50Z"},{"type":"Ready","status":"True","lastProbeTime":null,"lastTransitionTime":"2018-09-13T06:59:42Z"},{"type":"PodScheduled","status":"True","lastProbeTime":null,"lastTransitionTime":"2018-09-13T06:52:50Z"}],"hostIP":"10.245.251.164","podIP":"10.128.54.30","startTime":"2018-09-13T06:52:50Z","containerStatuses":[{"name":"metadata-entity-command-service","state":{"running":{"startedAt":"2018-09-13T06:57:34Z"}},"lastState":{"terminated":{"exitCode":137,"reason":"OOMKilled","startedAt":"2018-09-13T06:53:28Z","finishedAt":"2018-09-13T06:57:32Z","containerID":"docker://2a0e9447313bf16447dba6bf8dadee37d6367d65403a8331d33e8b5ee774807c"}},"ready":true,"restartCount":1,"image":"illin5225.corp.amdocs.com:5002/metadata-entity-command-service:1.0.2-RC","imageID":"docker-pullable://illin5225.corp.amdocs.com:5002/metadata-entity-command-service@sha256:a13612975921781f11f4a929227b1bec140333790dc0b997c2fe271199bb1eb0","containerID":"docker://099b7652d88988177e17f462103aed7927b94eb36f55b16f04507e769b7ce06a"}],"qosClass":"Burstable"}},{"metadata":{"name":"orderitemaccessor-releas-7bb554cf86-6zpnm","generateName":"orderitemaccessor-releas-7bb554cf86-","namespace":"oc-cd-1017-pranavd-pd","selfLink":"/api/v1/namespaces/oc-cd-1017-pranavd-pd/pods/orderitemaccessor-releas-7bb554cf86-6zpnm","uid":"a1336cf2-b721-11e8-bb86-0050569a887c","resourceVersion":"66124266","creationTimestamp":"2018-09-13T06:52:50Z","labels":{"app":"orderitemaccessor-releas","microservice":"orderitemaccessor","pod-template-hash":"3661107942","project":"orderitemaccessor","provider":"amdocs","release":"orderitemaccessor-release"},"annotations":{"fabric8.io/iconUrl":"img/icons/spring-boot.svg","git-commit":"dd1f927d45beda777b26feea79437a1068667d13","openshift.io/scc":"anyuid-no-ps"},"ownerReferences":[{"apiVersion":"extensions/v1beta1","kind":"ReplicaSet","name":"orderitemaccessor-releas-7bb554cf86","uid":"a12789c7-b721-11e8-bb86-0050569a887c","controller":true,"blockOwnerDeletion":true}]},"spec":{"volumes":[{"name":"default-token-vdgk4","secret":{"secretName":"default-token-vdgk4","defaultMode":420}}],"containers":[{"name":"orderitemaccessor-service-container","image":"illin5564.corp.amdocs.com:5000/orderitemaccessor-service:1.0.1-0007","ports":[{"name":"http","containerPort":8080,"protocol":"TCP"},{"name":"jacoco","containerPort":6300,"protocol":"TCP"},{"name":"metrics","containerPort":5555,"protocol":"TCP"},{"name":"management","containerPort":18080,"protocol":"TCP"}],"env":[{"name":"KUBERNETES_NAMESPACE","valueFrom":{"fieldRef":{"apiVersion":"v1","fieldPath":"metadata.namespace"}}},{"name":"MSNEXT_JAVA_OPTS","value":" -Xms256m -Xmx1024m -XX:MaxRAM=2048m -XX:+DisableExplicitGC -XX:+UseConcMarkSweepGC -XX:+CMSParallelRemarkEnabled -XX:NewRatio=1 -Xss512k -XX:MaxMetaspaceSize=512m"},{"name":"MSNEXT_DISABLED_MODULES","value":"msnext-customization"},{"name":"MANAGEMENT_PORT","value":"18080"},{"name":"SERVER_PORT","value":"8080"}],"resources":{"limits":{"cpu":"2","memory":"2Gi"},"requests":{"cpu":"200m","memory":"1Gi"}},"volumeMounts":[{"name":"default-token-vdgk4","readOnly":true,"mountPath":"/var/run/secrets/kubernetes.io/serviceaccount"}],"livenessProbe":{"httpGet":{"path":"/health","port":18080,"scheme":"HTTP"},"initialDelaySeconds":900,"timeoutSeconds":10,"periodSeconds":10,"successThreshold":1,"failureThreshold":3},"readinessProbe":{"httpGet":{"path":"/health","port":18080,"scheme":"HTTP"},"initialDelaySeconds":30,"timeoutSeconds":10,"periodSeconds":10,"successThreshold":1,"failureThreshold":3},"terminationMessagePath":"/dev/termination-log","terminationMessagePolicy":"File","imagePullPolicy":"IfNotPresent","securityContext":{"capabilities":{"drop":["MKNOD"]},"privileged":false}}],"restartPolicy":"Always","terminationGracePeriodSeconds":30,"dnsPolicy":"ClusterFirst","nodeSelector":{"region":"work"},"serviceAccountName":"default","serviceAccount":"default","nodeName":"ilocpde01w22.corp.amdocs.com","securityContext":{"seLinuxOptions":{"level":"s0:c82,c59"}},"imagePullSecrets":[{"name":"orderitemaccessor-ms-secret"}],"schedulerName":"default-scheduler","tolerations":[{"key":"node.kubernetes.io/memory-pressure","operator":"Exists","effect":"NoSchedule"}]},"status":{"phase":"Running","conditions":[{"type":"Initialized","status":"True","lastProbeTime":null,"lastTransitionTime":"2018-09-13T06:52:50Z"},{"type":"Ready","status":"True","lastProbeTime":null,"lastTransitionTime":"2018-09-13T06:54:05Z"},{"type":"PodScheduled","status":"True","lastProbeTime":null,"lastTransitionTime":"2018-09-13T06:52:50Z"}],"hostIP":"10.245.251.163","podIP":"10.128.56.175","startTime":"2018-09-13T06:52:50Z","containerStatuses":[{"name":"orderitemaccessor-service-container","state":{"running":{"startedAt":"2018-09-13T06:52:53Z"}},"lastState":{},"ready":true,"restartCount":0,"image":"illin5564.corp.amdocs.com:5000/orderitemaccessor-service:1.0.1-0007","imageID":"docker-pullable://illin5564.corp.amdocs.com:5000/orderitemaccessor-service@sha256:0464e7f846da3184cd5c820c16e1436d47cd7fd4bf1f8e6bf09d2793c9dd3067","containerID":"docker://9192800abd022d439e1cabfa5d4fa850fe162df7172138208624eb3afd01a66a"}],"qosClass":"Burstable"}},{"metadata":{"name":"paymentmanagement-paymen-5bb644ffc7-mcz2c","generateName":"paymentmanagement-paymen-5bb644ffc7-","namespace":"oc-cd-1017-pranavd-pd","selfLink":"/api/v1/namespaces/oc-cd-1017-pranavd-pd/pods/paymentmanagement-paymen-5bb644ffc7-mcz2c","uid":"a1418bea-b721-11e8-bb86-0050569a887c","resourceVersion":"66124203","creationTimestamp":"2018-09-13T06:52:50Z","labels":{"app":"paymentmanagement-paymen","microservice":"paymentmanagement-paymen","pod-template-hash":"1662009973","project":"paymentmanagement-payment","provider":"amdocs","release":"paymentmanagement-payment-release"},"annotations":{"git-commit":"1e2bf4b2dce6f2d91794e0c5643bb3d0898a175b","openshift.io/scc":"anyuid-no-ps"},"ownerReferences":[{"apiVersion":"extensions/v1beta1","kind":"ReplicaSet","name":"paymentmanagement-paymen-5bb644ffc7","uid":"a136afa9-b721-11e8-bb86-0050569a887c","controller":true,"blockOwnerDeletion":true}]},"spec":{"volumes":[{"name":"prop-volume","configMap":{"name":"paymentmanagement-payment-service-appconfig","defaultMode":420,"optional":true}},{"name":"default-token-vdgk4","secret":{"secretName":"default-token-vdgk4","defaultMode":420}}],"containers":[{"name":"paymentmanagement-payment-service-container","image":"illin5564.corp.amdocs.com:5000/paymentmanagement-payment-service:0.1.1-0025","ports":[{"name":"http","containerPort":8080,"protocol":"TCP"},{"name":"https","containerPort":8443,"protocol":"TCP"},{"name":"metrics","containerPort":5555,"protocol":"TCP"},{"name":"management","containerPort":18080,"protocol":"TCP"}],"env":[{"name":"KUBERNETES_NAMESPACE","valueFrom":{"fieldRef":{"apiVersion":"v1","fieldPath":"metadata.namespace"}}},{"name":"MSNEXT_JAVA_OPTS","value":" -Xms256m -Xmx1024m -XX:MaxRAM=2048m -XX:+DisableExplicitGC -XX:+UseConcMarkSweepGC -XX:+CMSParallelRemarkEnabled -XX:NewRatio=1 -Xss512k -XX:MaxMetaspaceSize=512m -Dcom.amdocs.msnext.securitya3s.url=http://10.238.196.7:30081/asmServices/services/v1.0"},{"name":"SERVER_PORT","value":"8080"},{"name":"MSNEXT_DISABLED_MODULES","value":"msnext-customization"},{"name":"MANAGEMENT_PORT","value":"18080"},{"name":"MSNEXT_CONF_SOURCE_APP","value":"/etc/config"}],"resources":{"limits":{"cpu":"2","memory":"2Gi"},"requests":{"cpu":"200m","memory":"1Gi"}},"volumeMounts":[{"name":"prop-volume","mountPath":"/etc/config"},{"name":"default-token-vdgk4","readOnly":true,"mountPath":"/var/run/secrets/kubernetes.io/serviceaccount"}],"livenessProbe":{"httpGet":{"path":"/health","port":18080,"scheme":"HTTP"},"initialDelaySeconds":900,"timeoutSeconds":10,"periodSeconds":10,"successThreshold":1,"failureThreshold":3},"readinessProbe":{"httpGet":{"path":"/health","port":18080,"scheme":"HTTP"},"initialDelaySeconds":30,"timeoutSeconds":10,"periodSeconds":10,"successThreshold":1,"failureThreshold":3},"terminationMessagePath":"/dev/termination-log","terminationMessagePolicy":"File","imagePullPolicy":"IfNotPresent","securityContext":{"capabilities":{"drop":["MKNOD"]},"privileged":false}}],"restartPolicy":"Always","terminationGracePeriodSeconds":30,"dnsPolicy":"ClusterFirst","nodeSelector":{"region":"work"},"serviceAccountName":"default","serviceAccount":"default","nodeName":"ilocpde01w20.corp.amdocs.com","securityContext":{"seLinuxOptions":{"level":"s0:c82,c59"}},"imagePullSecrets":[{"name":"paymentmanagement-payment-secret"}],"schedulerName":"default-scheduler","tolerations":[{"key":"node.kubernetes.io/memory-pressure","operator":"Exists","effect":"NoSchedule"}]},"status":{"phase":"Running","conditions":[{"type":"Initialized","status":"True","lastProbeTime":null,"lastTransitionTime":"2018-09-13T06:52:50Z"},{"type":"Ready","status":"True","lastProbeTime":null,"lastTransitionTime":"2018-09-13T06:54:02Z"},{"type":"PodScheduled","status":"True","lastProbeTime":null,"lastTransitionTime":"2018-09-13T06:52:50Z"}],"podIP":"10.128.49.132","startTime":"2018-09-13T06:52:50Z","containerStatuses":[{"name":"paymentmanagement-payment-service-container","state":{"running":{"startedAt":"2018-09-13T06:52:53Z"}},"lastState":{},"ready":true,"restartCount":0,"image":"illin5564.corp.amdocs.com:5000/paymentmanagement-payment-service:0.1.1-0025","imageID":"docker-pullable://illin5564.corp.amdocs.com:5000/paymentmanagement-payment-service@sha256:3d2ada962e84cb83ef1c6829914f96ba6338beb3141c1e709c671fb7a62aa0ff","containerID":"docker://90cfa7180f75d511ec0bde3809eedd7629173321af7d601b41c4be0e6b36b566"}],"qosClass":"Burstable"}},{"metadata":{"name":"phoneportin-phoneportinb-7d5d6d47cc-87vrt","generateName":"phoneportin-phoneportinb-7d5d6d47cc-","namespace":"oc-cd-1017-pranavd-pd","selfLink":"/api/v1/namespaces/oc-cd-1017-pranavd-pd/pods/phoneportin-phoneportinb-7d5d6d47cc-87vrt","uid":"a1571238-b721-11e8-bb86-0050569a887c","resourceVersion":"66124174","creationTimestamp":"2018-09-13T06:52:50Z","labels":{"app":"phoneportin-phoneportinb","microservice":"phoneportin-phoneportinb","pod-template-hash":"3818280377","project":"phoneportin-phoneportinbridge","provider":"amdocs","release":"phoneportin-phoneportinbridge-release"},"annotations":{"fabric8.io/iconUrl":"img/icons/spring-boot.svg","openshift.io/scc":"anyuid-no-ps"},"ownerReferences":[{"apiVersion":"extensions/v1beta1","kind":"ReplicaSet","name":"phoneportin-phoneportinb-7d5d6d47cc","uid":"a1469f1d-b721-11e8-bb86-0050569a887c","controller":true,"blockOwnerDeletion":true}]},"spec":{"volumes":[{"name":"default-token-vdgk4","secret":{"secretName":"default-token-vdgk4","defaultMode":420}}],"containers":[{"name":"phoneportin-phoneportinbridge-service-container","image":"illin5564.corp.amdocs.com:5000/phoneportin-phoneportinbridge-service:0.1.1-0017","ports":[{"name":"http","containerPort":8080,"protocol":"TCP"},{"name":"https","containerPort":8443,"protocol":"TCP"},{"name":"metrics","containerPort":5555,"protocol":"TCP"},{"name":"management","containerPort":18080,"protocol":"TCP"}],"env":[{"name":"KUBERNETES_NAMESPACE","valueFrom":{"fieldRef":{"apiVersion":"v1","fieldPath":"metadata.namespace"}}},{"name":"MSNEXT_JAVA_OPTS","value":"-Dcom.amdocs.msnext.securityjwt.anonymous.context-mapping.msnext.management=.*management  -Xms256m -Xmx1024m -XX:MaxRAM=2048m -XX:+DisableExplicitGC -XX:+UseConcMarkSweepGC -XX:+CMSParallelRemarkEnabled -XX:NewRatio=1 -Xss512k -XX:MaxMetaspaceSize=512m -Dcom.amdocs.msnext.securitya3s.url=http://10.238.196.7:30081/asmServices/services/v1.0"},{"name":"SERVER_PORT","value":"8080"},{"name":"MSNEXT_MODULE_MGT_DISABLE","value":"msnext-customization"},{"name":"MSNEXT_JACOCO_ENABLE","value":"${jacoco.enabled}"},{"name":"MSNEXT_JACOCO_OPTS","value":"output=tcpserver,address=*,port=6300"},{"name":"MANAGEMENT_PORT","value":"18080"},{"name":"MALLOC_ARENA_MAX","value":"4"},{"name":"TZ","value":"UTC"}],"resources":{"limits":{"cpu":"2","memory":"2Gi"},"requests":{"cpu":"200m","memory":"1Gi"}},"volumeMounts":[{"name":"default-token-vdgk4","readOnly":true,"mountPath":"/var/run/secrets/kubernetes.io/serviceaccount"}],"livenessProbe":{"httpGet":{"path":"/health","port":18080,"scheme":"HTTP"},"initialDelaySeconds":900,"timeoutSeconds":1,"periodSeconds":10,"successThreshold":1,"failureThreshold":3},"readinessProbe":{"httpGet":{"path":"/health","port":18080,"scheme":"HTTP"},"initialDelaySeconds":30,"timeoutSeconds":10,"periodSeconds":10,"successThreshold":1,"failureThreshold":3},"terminationMessagePath":"/dev/termination-log","terminationMessagePolicy":"File","imagePullPolicy":"IfNotPresent","securityContext":{"capabilities":{"drop":["MKNOD"]},"privileged":false}}],"restartPolicy":"Always","terminationGracePeriodSeconds":30,"dnsPolicy":"ClusterFirst","nodeSelector":{"region":"work"},"serviceAccountName":"default","serviceAccount":"default","nodeName":"ilocpde01w19.corp.amdocs.com","securityContext":{"seLinuxOptions":{"level":"s0:c82,c59"}},"imagePullSecrets":[{"name":"phoneportin-phoneportinbridge-secret"}],"schedulerName":"default-scheduler","tolerations":[{"key":"node.kubernetes.io/memory-pressure","operator":"Exists","effect":"NoSchedule"}]},"status":{"phase":"Running","conditions":[{"type":"Initialized","status":"True","lastProbeTime":null,"lastTransitionTime":"2018-09-13T06:52:50Z"},{"type":"Ready","status":"True","lastProbeTime":null,"lastTransitionTime":"2018-09-13T06:53:59Z"},{"type":"PodScheduled","status":"True","lastProbeTime":null,"lastTransitionTime":"2018-09-13T06:52:50Z"}],"hostIP":"10.245.251.160","podIP":"10.128.50.202","startTime":"2018-09-13T06:52:50Z","containerStatuses":[{"name":"phoneportin-phoneportinbridge-service-container","state":{"running":{"startedAt":"2018-09-13T06:52:53Z"}},"lastState":{},"ready":true,"restartCount":0,"image":"illin5564.corp.amdocs.com:5000/phoneportin-phoneportinbridge-service:0.1.1-0017","imageID":"docker-pullable://illin5564.corp.amdocs.com:5000/phoneportin-phoneportinbridge-service@sha256:3aa420bcab0cba5780da4bb982312a3e1aa375c38ca79faab7ed42827daaee86","containerID":"docker://55c0c2361048854e56be081e6c44047cd59f1ad3538c6d3f5116ab28b2dd4768"}],"qosClass":"Burstable"}},{"metadata":{"name":"pi-factory-release-pi-fa-6d8fbfcf57-p8qb5","generateName":"pi-factory-release-pi-fa-6d8fbfcf57-","namespace":"oc-cd-1017-pranavd-pd","selfLink":"/api/v1/namespaces/oc-cd-1017-pranavd-pd/pods/pi-factory-release-pi-fa-6d8fbfcf57-p8qb5","uid":"a16b3cf7-b721-11e8-bb86-0050569a887c","resourceVersion":"66124103","creationTimestamp":"2018-09-13T06:52:50Z","labels":{"app":"pi-factory-release-pi-fa","microservice":"pi-factory","pod-template-hash":"2849697913","project":"pi-factory","provider":"amdocs","release":"pi-factory-release"},"annotations":{"checksum/config":"4b502369ac828ee8461ed0317a495386911a4224ac81a0f913f0ad154d376d5a","fabric8.io/iconUrl":"img/icons/spring-boot.svg","openshift.io/scc":"anyuid-no-ps"},"ownerReferences":[{"apiVersion":"extensions/v1beta1","kind":"ReplicaSet","name":"pi-factory-release-pi-fa-6d8fbfcf57","uid":"a15c2945-b721-11e8-bb86-0050569a887c","controller":true,"blockOwnerDeletion":true}]},"spec":{"volumes":[{"name":"default-token-vdgk4","secret":{"secretName":"default-token-vdgk4","defaultMode":420}}],"containers":[{"name":"pi-factory-service-container","image":"illin5564.corp.amdocs.com:5000/pi-factory-service:0.1.1-0051","ports":[{"name":"metrics","containerPort":5555,"protocol":"TCP"},{"name":"http","containerPort":8080,"protocol":"TCP"},{"name":"jacoco","containerPort":6300,"protocol":"TCP"},{"name":"management","containerPort":18080,"protocol":"TCP"}],"env":[{"name":"KUBERNETES_NAMESPACE","valueFrom":{"fieldRef":{"apiVersion":"v1","fieldPath":"metadata.namespace"}}},{"name":"MSNEXT_JAVA_OPTS","value":"-Xms256m -Xmx512m -XX:MaxRAM=1024m -XX:+UseSerialGC"},{"name":"MSNEXT_DISABLED_MODULES","value":"msnext-customization"},{"name":"MANAGEMENT_PORT","value":"18080"},{"name":"SERVER_PORT","value":"8080"}],"resources":{"limits":{"cpu":"2","memory":"2Gi"},"requests":{"cpu":"200m","memory":"1Gi"}},"volumeMounts":[{"name":"default-token-vdgk4","readOnly":true,"mountPath":"/var/run/secrets/kubernetes.io/serviceaccount"}],"livenessProbe":{"httpGet":{"path":"/health","port":18080,"scheme":"HTTP"},"initialDelaySeconds":900,"timeoutSeconds":10,"periodSeconds":10,"successThreshold":1,"failureThreshold":3},"readinessProbe":{"httpGet":{"path":"/health","port":18080,"scheme":"HTTP"},"initialDelaySeconds":30,"timeoutSeconds":10,"periodSeconds":10,"successThreshold":1,"failureThreshold":3},"terminationMessagePath":"/dev/termination-log","terminationMessagePolicy":"File","imagePullPolicy":"IfNotPresent","securityContext":{"capabilities":{"drop":["MKNOD"]},"privileged":false}}],"restartPolicy":"Always","terminationGracePeriodSeconds":30,"dnsPolicy":"ClusterFirst","nodeSelector":{"region":"work"},"serviceAccountName":"default","serviceAccount":"default","nodeName":"ilocpde01w17.corp.amdocs.com","securityContext":{"seLinuxOptions":{"level":"s0:c82,c59"}},"imagePullSecrets":[{"name":"pi-factory-ms-secret"}],"schedulerName":"default-scheduler","tolerations":[{"key":"node.kubernetes.io/memory-pressure","operator":"Exists","effect":"NoSchedule"}]},"status":{"phase":"Running","conditions":[{"type":"Initialized","status":"True","lastProbeTime":null,"lastTransitionTime":"2018-09-13T06:52:50Z"},{"type":"Ready","status":"True","lastProbeTime":null,"lastTransitionTime":"2018-09-13T06:53:54Z"},{"type":"PodScheduled","status":"True","lastProbeTime":null,"lastTransitionTime":"2018-09-13T06:52:50Z"}],"hostIP":"10.245.250.36","podIP":"10.128.47.69","startTime":"2018-09-13T06:52:50Z","containerStatuses":[{"name":"pi-factory-service-container","state":{"running":{"startedAt":"2018-09-13T06:52:56Z"}},"lastState":{},"ready":true,"restartCount":0,"image":"illin5564.corp.amdocs.com:5000/pi-factory-service:0.1.1-0051","imageID":"docker-pullable://illin5564.corp.amdocs.com:5000/pi-factory-service@sha256:e807877857285450ce77541c4caeaa8f557cb37551464c0fe96cb912a36738fc","containerID":"docker://1cbac90f916e406271b3ff2991658f6864790c68e460c265afb1ba4d14d3c964"}],"qosClass":"Burstable"}},{"metadata":{"name":"pi-product-release-pi-pr-768d5bb47d-5djv9","generateName":"pi-product-release-pi-pr-768d5bb47d-","namespace":"oc-cd-1017-pranavd-pd","selfLink":"/api/v1/namespaces/oc-cd-1017-pranavd-pd/pods/pi-product-release-pi-pr-768d5bb47d-5djv9","uid":"a17aee12-b721-11e8-bb86-0050569a887c","resourceVersion":"66124385","creationTimestamp":"2018-09-13T06:52:50Z","labels":{"app":"pi-product-release-pi-pr","microservice":"pi-product","pod-template-hash":"3248166038","project":"pi-product","provider":"amdocs","release":"pi-product-release"},"annotations":{"git-commit":"b2c5a08facde59dc2947676018c3550ecbdb4b5b","openshift.io/scc":"anyuid-no-ps"},"ownerReferences":[{"apiVersion":"extensions/v1beta1","kind":"ReplicaSet","name":"pi-product-release-pi-pr-768d5bb47d","uid":"a171b235-b721-11e8-bb86-0050569a887c","controller":true,"blockOwnerDeletion":true}]},"spec":{"volumes":[{"name":"prop-volume","configMap":{"name":"pi-product-service-appconfig","defaultMode":420,"optional":true}},{"name":"default-token-vdgk4","secret":{"secretName":"default-token-vdgk4","defaultMode":420}}],"containers":[{"name":"pi-product-service-container","image":"illin5564.corp.amdocs.com:5000/pi-product-service:0.1.1-0046","ports":[{"name":"metrics","containerPort":5555,"protocol":"TCP"},{"name":"http","containerPort":8080,"protocol":"TCP"},{"name":"jacoco","containerPort":6300,"protocol":"TCP"},{"name":"management","containerPort":18080,"protocol":"TCP"}],"env":[{"name":"KUBERNETES_NAMESPACE","valueFrom":{"fieldRef":{"apiVersion":"v1","fieldPath":"metadata.namespace"}}},{"name":"MSNEXT_JAVA_OPTS","value":" -Xms256m -Xmx1024m -XX:MaxRAM=2048m -XX:+DisableExplicitGC -XX:+UseConcMarkSweepGC -XX:+CMSParallelRemarkEnabled -XX:NewRatio=1 -Xss512k -XX:MaxMetaspaceSize=512m -Dcom.amdocs.msnext.securitya3s.url=http://10.238.196.7:30081/asmServices/services/v1.0 "},{"name":"MSNEXT_DISABLED_MODULES","value":"msnext-customization"},{"name":"MANAGEMENT_PORT","value":"18080"},{"name":"SERVER_PORT","value":"8080"},{"name":"MALLOC_ARENA_MAX","value":"4"},{"name":"JAVA_ENABLE_DEBUG","value":"false"},{"name":"MSNEXT_CONF_SOURCE_APP","value":"/etc/config"}],"resources":{"limits":{"cpu":"2","memory":"2Gi"},"requests":{"cpu":"200m","memory":"1Gi"}},"volumeMounts":[{"name":"prop-volume","mountPath":"/etc/config"},{"name":"default-token-vdgk4","readOnly":true,"mountPath":"/var/run/secrets/kubernetes.io/serviceaccount"}],"livenessProbe":{"httpGet":{"path":"/health","port":18080,"scheme":"HTTP"},"initialDelaySeconds":900,"timeoutSeconds":10,"periodSeconds":10,"successThreshold":1,"failureThreshold":3},"readinessProbe":{"httpGet":{"path":"/health","port":18080,"scheme":"HTTP"},"initialDelaySeconds":30,"timeoutSeconds":10,"periodSeconds":10,"successThreshold":1,"failureThreshold":3},"terminationMessagePath":"/dev/termination-log","terminationMessagePolicy":"File","imagePullPolicy":"IfNotPresent","securityContext":{"capabilities":{"drop":["MKNOD"]},"privileged":false}}],"restartPolicy":"Always","terminationGracePeriodSeconds":30,"dnsPolicy":"ClusterFirst","nodeSelector":{"region":"work"},"serviceAccountName":"default","serviceAccount":"default","nodeName":"ilocpde01w30.corp.amdocs.com","securityContext":{"seLinuxOptions":{"level":"s0:c82,c59"}},"imagePullSecrets":[{"name":"pi-product-ms-secret"}],"schedulerName":"default-scheduler","tolerations":[{"key":"node.kubernetes.io/memory-pressure","operator":"Exists","effect":"NoSchedule"}]},"status":{"phase":"Running","conditions":[{"type":"Initialized","status":"True","lastProbeTime":null,"lastTransitionTime":"2018-09-13T06:52:50Z"},{"type":"Ready","status":"True","lastProbeTime":null,"lastTransitionTime":"2018-09-13T06:54:14Z"},{"type":"PodScheduled","status":"True","lastProbeTime":null,"lastTransitionTime":"2018-09-13T06:52:50Z"}],"podIP":"10.128.70.13","startTime":"2018-09-13T06:52:50Z","containerStatuses":[{"name":"pi-product-service-container","state":{"running":{"startedAt":"2018-09-13T06:52:53Z"}},"lastState":{},"ready":true,"restartCount":0,"image":"illin5564.corp.amdocs.com:5000/pi-product-service:0.1.1-0046","imageID":"docker-pullable://illin5564.corp.amdocs.com:5000/pi-product-service@sha256:8e81b5170174f05ec6a75a152000e9a0e7569884e464121d95b9a19758becccf","containerID":"docker://9960f57b22ab0876b5fbbe93dc8f230f374d9bc2f36bce30fc8a4f32f5311e3a"}],"qosClass":"Burstable"}},{"metadata":{"name":"pi-validateproduct-relea-776768747f-x758r","generateName":"pi-validateproduct-relea-776768747f-","namespace":"oc-cd-1017-pranavd-pd","selfLink":"/api/v1/namespaces/oc-cd-1017-pranavd-pd/pods/pi-validateproduct-relea-776768747f-x758r","uid":"a18ddf2d-b721-11e8-bb86-0050569a887c","resourceVersion":"66124210","creationTimestamp":"2018-09-13T06:52:50Z","labels":{"app":"pi-validateproduct-relea","microservice":"pi-validateproduct","pod-template-hash":"3323243039","project":"pi-validateproduct","provider":"amdocs","release":"pi-validateproduct-release"},"annotations":{"fabric8.io/iconUrl":"img/icons/spring-boot.svg","git-commit":"50b9c8f1dc95713f85d95761f6539264f0f52291","openshift.io/scc":"anyuid-no-ps"},"ownerReferences":[{"apiVersion":"extensions/v1beta1","kind":"ReplicaSet","name":"pi-validateproduct-relea-776768747f","uid":"a1806447-b721-11e8-bb86-0050569a887c","controller":true,"blockOwnerDeletion":true}]},"spec":{"volumes":[{"name":"prop-volume","configMap":{"name":"pi-validateproduct-service-appconfig","defaultMode":420,"optional":true}},{"name":"default-token-vdgk4","secret":{"secretName":"default-token-vdgk4","defaultMode":420}}],"containers":[{"name":"pi-validateproduct-service-container","image":"illin5564.corp.amdocs.com:5000/pi-validateproduct-service:0.1.1-0028","ports":[{"name":"metrics","containerPort":5555,"protocol":"TCP"},{"name":"http","containerPort":8080,"protocol":"TCP"},{"name":"jacoco","containerPort":6300,"protocol":"TCP"},{"name":"management","containerPort":18080,"protocol":"TCP"}],"env":[{"name":"KUBERNETES_NAMESPACE","valueFrom":{"fieldRef":{"apiVersion":"v1","fieldPath":"metadata.namespace"}}},{"name":"MSNEXT_JAVA_OPTS","value":" -Xms256m -Xmx1024m -XX:MaxRAM=2048m -XX:+DisableExplicitGC -XX:+UseConcMarkSweepGC -XX:+CMSParallelRemarkEnabled -XX:NewRatio=1 -Xss512k -XX:MaxMetaspaceSize=512m"},{"name":"MSNEXT_CONF_SOURCE_APP","value":"/etc/config"},{"name":"MSNEXT_DISABLED_MODULES","value":"msnext-customization"},{"name":"MANAGEMENT_PORT","value":"18080"},{"name":"SERVER_PORT","value":"8080"},{"name":"MALLOC_ARENA_MAX","value":"4"},{"name":"TZ","value":"UTC"},{"name":"MSNEXT_JACOCO_ENABLE","value":"0"},{"name":"MSNEXT_JACOCO_OPTS","value":"output=tcpserver,address=*,port=6300"},{"name":"MSNEXT_CONF_SOURCE_APP","value":"/etc/config"}],"resources":{"limits":{"cpu":"2","memory":"2Gi"},"requests":{"cpu":"200m","memory":"1Gi"}},"volumeMounts":[{"name":"prop-volume","mountPath":"/etc/config"},{"name":"default-token-vdgk4","readOnly":true,"mountPath":"/var/run/secrets/kubernetes.io/serviceaccount"}],"livenessProbe":{"httpGet":{"path":"/health","port":18080,"scheme":"HTTP"},"initialDelaySeconds":900,"timeoutSeconds":10,"periodSeconds":10,"successThreshold":1,"failureThreshold":3},"readinessProbe":{"httpGet":{"path":"/health","port":18080,"scheme":"HTTP"},"initialDelaySeconds":30,"timeoutSeconds":10,"periodSeconds":10,"successThreshold":1,"failureThreshold":3},"terminationMessagePath":"/dev/termination-log","terminationMessagePolicy":"File","imagePullPolicy":"IfNotPresent","securityContext":{"capabilities":{"drop":["MKNOD"]},"privileged":false}}],"restartPolicy":"Always","terminationGracePeriodSeconds":30,"dnsPolicy":"ClusterFirst","nodeSelector":{"region":"work"},"serviceAccountName":"default","serviceAccount":"default","nodeName":"ilocpde01w28.corp.amdocs.com","securityContext":{"seLinuxOptions":{"level":"s0:c82,c59"}},"imagePullSecrets":[{"name":"pi-validateproduct-ms-secret"}],"schedulerName":"default-scheduler","tolerations":[{"key":"node.kubernetes.io/memory-pressure","operator":"Exists","effect":"NoSchedule"}]},"status":{"phase":"Running","conditions":[{"type":"Initialized","status":"True","lastProbeTime":null,"lastTransitionTime":"2018-09-13T06:52:50Z"},{"type":"Ready","status":"True","lastProbeTime":null,"lastTransitionTime":"2018-09-13T06:54:02Z"},{"type":"PodScheduled","status":"True","lastProbeTime":null,"lastTransitionTime":"2018-09-13T06:52:50Z"}],"hostIP":"10.245.251.169","podIP":"10.128.69.244","startTime":"2018-09-13T06:52:50Z","containerStatuses":[{"name":"pi-validateproduct-service-container","state":{"running":{"startedAt":"2018-09-13T06:52:53Z"}},"lastState":{},"ready":true,"restartCount":0,"image":"illin5564.corp.amdocs.com:5000/pi-validateproduct-service:0.1.1-0028","imageID":"docker-pullable://illin5564.corp.amdocs.com:5000/pi-validateproduct-service@sha256:2ab1ed4be6498f93124dc9c444caa878cc7955f51ae3daaaef3c40d9837039be","containerID":"docker://b2d910e1ec6f8853723eee2f1aeffc495cd1783fa94e8c3cce46a14b1b023158"}],"qosClass":"Burstable"}},{"metadata":{"name":"pod-category-release-pod-88465c6fb-2xqz8","generateName":"pod-category-release-pod-88465c6fb-","namespace":"oc-cd-1017-pranavd-pd","selfLink":"/api/v1/namespaces/oc-cd-1017-pranavd-pd/pods/pod-category-release-pod-88465c6fb-2xqz8","uid":"a1a5c2a5-b721-11e8-bb86-0050569a887c","resourceVersion":"66124240","creationTimestamp":"2018-09-13T06:52:50Z","labels":{"app":"pod-category-release-pod","microservice":"pod-category","pod-template-hash":"440217296","project":"pod-category","provider":"amdocs","release":"pod-category-release"},"annotations":{"git-commit":"0f6ca8e71cc9e1864b881d2838d203608b084102","openshift.io/scc":"anyuid-no-ps"},"ownerReferences":[{"apiVersion":"extensions/v1beta1","kind":"ReplicaSet","name":"pod-category-release-pod-88465c6fb","uid":"a1932c39-b721-11e8-bb86-0050569a887c","controller":true,"blockOwnerDeletion":true}]},"spec":{"volumes":[{"name":"default-token-vdgk4","secret":{"secretName":"default-token-vdgk4","defaultMode":420}}],"containers":[{"name":"pod-category-service-container","image":"illin5564.corp.amdocs.com:5000/pod-category-service:0.1.1-0015","ports":[{"name":"metrics","containerPort":5555,"protocol":"TCP"},{"name":"http","containerPort":8080,"protocol":"TCP"},{"name":"management","containerPort":18080,"protocol":"TCP"}],"env":[{"name":"KUBERNETES_NAMESPACE","valueFrom":{"fieldRef":{"apiVersion":"v1","fieldPath":"metadata.namespace"}}},{"name":"MSNEXT_JAVA_OPTS","value":" -Xms256m -Xmx1024m -XX:MaxRAM=2048m -XX:+DisableExplicitGC -XX:+UseConcMarkSweepGC -XX:+CMSParallelRemarkEnabled -XX:NewRatio=1 -Xss512k -XX:MaxMetaspaceSize=512m -Dcom.amdocs.msnext.securitya3s.url=http://10.238.196.7:30081/asmServices/services/v1.0"},{"name":"MSNEXT_DISABLED_MODULES","value":"msnext-customization"},{"name":"MANAGEMENT_PORT","value":"18080"},{"name":"SERVER_PORT","value":"8080"},{"name":"MALLOC_ARENA_MAX","value":"4"},{"name":"TZ","value":"UTC"}],"resources":{"limits":{"cpu":"2","memory":"2Gi"},"requests":{"cpu":"200m","memory":"1Gi"}},"volumeMounts":[{"name":"default-token-vdgk4","readOnly":true,"mountPath":"/var/run/secrets/kubernetes.io/serviceaccount"}],"livenessProbe":{"httpGet":{"path":"/health","port":18080,"scheme":"HTTP"},"initialDelaySeconds":900,"timeoutSeconds":10,"periodSeconds":10,"successThreshold":1,"failureThreshold":3},"readinessProbe":{"httpGet":{"path":"/health","port":18080,"scheme":"HTTP"},"initialDelaySeconds":30,"timeoutSeconds":10,"periodSeconds":10,"successThreshold":1,"failureThreshold":3},"terminationMessagePath":"/dev/termination-log","terminationMessagePolicy":"File","imagePullPolicy":"IfNotPresent","securityContext":{"capabilities":{"drop":["MKNOD"]},"privileged":false}}],"restartPolicy":"Always","terminationGracePeriodSeconds":30,"dnsPolicy":"ClusterFirst","nodeSelector":{"region":"work"},"serviceAccountName":"default","serviceAccount":"default","nodeName":"ilocpde01w27.corp.amdocs.com","securityContext":{"seLinuxOptions":{"level":"s0:c82,c59"}},"imagePullSecrets":[{"name":"pod-category-ms-secret"}],"schedulerName":"default-scheduler","tolerations":[{"key":"node.kubernetes.io/memory-pressure","operator":"Exists","effect":"NoSchedule"}]},"status":{"phase":"Running","conditions":[{"type":"Initialized","status":"True","lastProbeTime":null,"lastTransitionTime":"2018-09-13T06:52:50Z"},{"type":"Ready","status":"True","lastProbeTime":null,"lastTransitionTime":"2018-09-13T06:54:04Z"},{"type":"PodScheduled","status":"True","lastProbeTime":null,"lastTransitionTime":"2018-09-13T06:52:50Z"}],"hostIP":"10.245.251.168","podIP":"10.128.64.31","startTime":"2018-09-13T06:52:50Z","containerStatuses":[{"name":"pod-category-service-container","state":{"running":{"startedAt":"2018-09-13T06:52:53Z"}},"lastState":{},"ready":true,"restartCount":0,"image":"illin5564.corp.amdocs.com:5000/pod-category-service:0.1.1-0015","imageID":"docker-pullable://illin5564.corp.amdocs.com:5000/pod-category-service@sha256:39bb67c713cbdbd7c6634f5ddd21bd4dc757764ecc55e524c75e9fb503ef64e2","containerID":"docker://bf04b88f3c7003423b832c589982e278d43c5b93b1229c5d64f9e727b988144f"}],"qosClass":"Burstable"}},{"metadata":{"name":"pod-experience-release-p-59dfb8f574-9dxtr","generateName":"pod-experience-release-p-59dfb8f574-","namespace":"oc-cd-1017-pranavd-pd","selfLink":"/api/v1/namespaces/oc-cd-1017-pranavd-pd/pods/pod-experience-release-p-59dfb8f574-9dxtr","uid":"a1b97b3e-b721-11e8-bb86-0050569a887c","resourceVersion":"66124463","creationTimestamp":"2018-09-13T06:52:50Z","labels":{"app":"pod-experience-release-p","microservice":"pod-experience","pod-template-hash":"1589649130","project":"pod-experience","provider":"amdocs","release":"pod-experience-release"},"annotations":{"fabric8.io/iconUrl":"img/icons/spring-boot.svg","git-commit":"17d57e3174da53ca529543bed0d19303539dc5e4","openshift.io/scc":"anyuid-no-ps"},"ownerReferences":[{"apiVersion":"extensions/v1beta1","kind":"ReplicaSet","name":"pod-experience-release-p-59dfb8f574","uid":"a1a52063-b721-11e8-bb86-0050569a887c","controller":true,"blockOwnerDeletion":true}]},"spec":{"volumes":[{"name":"default-token-vdgk4","secret":{"secretName":"default-token-vdgk4","defaultMode":420}}],"containers":[{"name":"pod-experience-service-container","image":"illin5564.corp.amdocs.com:5000/pod-experience-service:0.1.1-0030","ports":[{"name":"metrics","containerPort":5555,"protocol":"TCP"},{"name":"http","containerPort":8080,"protocol":"TCP"},{"name":"management","containerPort":18080,"protocol":"TCP"}],"env":[{"name":"KUBERNETES_NAMESPACE","valueFrom":{"fieldRef":{"apiVersion":"v1","fieldPath":"metadata.namespace"}}},{"name":"MSNEXT_JAVA_OPTS","value":" -Xms256m -Xmx1024m -XX:MaxRAM=2048m -XX:+DisableExplicitGC -XX:+UseConcMarkSweepGC -XX:+CMSParallelRemarkEnabled -XX:NewRatio=1 -Xss512k -XX:MaxMetaspaceSize=512m -Dcom.amdocs.msnext.securitya3s.url=http://10.238.196.7:30081/asmServices/services/v1.0"},{"name":"MSNEXT_DISABLED_MODULES","value":"msnext-customization"},{"name":"MANAGEMENT_PORT","value":"18080"},{"name":"SERVER_PORT","value":"8080"},{"name":"MALLOC_ARENA_MAX","value":"4"}],"resources":{"limits":{"cpu":"2","memory":"2Gi"},"requests":{"cpu":"200m","memory":"1Gi"}},"volumeMounts":[{"name":"default-token-vdgk4","readOnly":true,"mountPath":"/var/run/secrets/kubernetes.io/serviceaccount"}],"livenessProbe":{"httpGet":{"path":"/health","port":18080,"scheme":"HTTP"},"initialDelaySeconds":900,"timeoutSeconds":10,"periodSeconds":10,"successThreshold":1,"failureThreshold":3},"readinessProbe":{"httpGet":{"path":"/health","port":18080,"scheme":"HTTP"},"initialDelaySeconds":30,"timeoutSeconds":10,"periodSeconds":10,"successThreshold":1,"failureThreshold":3},"terminationMessagePath":"/dev/termination-log","terminationMessagePolicy":"File","imagePullPolicy":"IfNotPresent","securityContext":{"capabilities":{"drop":["MKNOD"]},"privileged":false}}],"restartPolicy":"Always","terminationGracePeriodSeconds":30,"dnsPolicy":"ClusterFirst","nodeSelector":{"region":"work"},"serviceAccountName":"default","serviceAccount":"default","nodeName":"ilocpde01w24.corp.amdocs.com","securityContext":{"seLinuxOptions":{"level":"s0:c82,c59"}},"imagePullSecrets":[{"name":"pod-experience-ms-secret"}],"schedulerName":"default-scheduler","tolerations":[{"key":"node.kubernetes.io/memory-pressure","operator":"Exists","effect":"NoSchedule"}]},"status":{"phase":"Running","conditions":[{"type":"Initialized","status":"True","lastProbeTime":null,"lastTransitionTime":"2018-09-13T06:52:51Z"},{"type":"Ready","status":"True","lastProbeTime":null,"lastTransitionTime":"2018-09-13T06:54:21Z"},{"type":"PodScheduled","status":"True","lastProbeTime":null,"lastTransitionTime":"2018-09-13T06:52:51Z"}],"hostIP":"10.245.251.165","podIP":"10.128.59.101","startTime":"2018-09-13T06:52:51Z","containerStatuses":[{"name":"pod-experience-service-container","state":{"running":{"startedAt":"2018-09-13T06:52:57Z"}},"lastState":{},"ready":true,"restartCount":0,"image":"illin5564.corp.amdocs.com:5000/pod-experience-service:0.1.1-0030","imageID":"docker-pullable://illin5564.corp.amdocs.com:5000/pod-experience-service@sha256:805fe83c6caf099c2ac034784e2f96b92ac8aca42d3ac877e815c64fc7beba05","containerID":"docker://5a98587252ef740b2c22b34567dc7911ade58d47c8c8865872cc8af79f83dc45"}],"qosClass":"Burstable"}},{"metadata":{"name":"pod-price-release-pod-pr-5b49596b9d-jc669","generateName":"pod-price-release-pod-pr-5b49596b9d-","namespace":"oc-cd-1017-pranavd-pd","selfLink":"/api/v1/namespaces/oc-cd-1017-pranavd-pd/pods/pod-price-release-pod-pr-5b49596b9d-jc669","uid":"a1d056e6-b721-11e8-bb86-0050569a887c","resourceVersion":"66124105","creationTimestamp":"2018-09-13T06:52:51Z","labels":{"app":"pod-price-release-pod-pr","microservice":"pod-price","pod-template-hash":"1605152658","project":"pod-price","provider":"amdocs","release":"pod-price-release"},"annotations":{"fabric8.io/iconUrl":"img/icons/spring-boot.svg","git-commit":"e85df953869b450c4309d839f90774e3f183ac99","openshift.io/scc":"anyuid-no-ps"},"ownerReferences":[{"apiVersion":"extensions/v1beta1","kind":"ReplicaSet","name":"pod-price-release-pod-pr-5b49596b9d","uid":"a1c00258-b721-11e8-bb86-0050569a887c","controller":true,"blockOwnerDeletion":true}]},"spec":{"volumes":[{"name":"default-token-vdgk4","secret":{"secretName":"default-token-vdgk4","defaultMode":420}}],"containers":[{"name":"pod-price-service-container","image":"illin5564.corp.amdocs.com:5000/pod-price-service:0.1.1-0055","ports":[{"name":"http","containerPort":8080,"protocol":"TCP"},{"name":"jacoco","containerPort":6300,"protocol":"TCP"},{"name":"management","containerPort":18080,"protocol":"TCP"}],"env":[{"name":"KUBERNETES_NAMESPACE","valueFrom":{"fieldRef":{"apiVersion":"v1","fieldPath":"metadata.namespace"}}},{"name":"MSNEXT_JAVA_OPTS","value":" -Xms256m -Xmx1024m -XX:MaxRAM=2048m -XX:+DisableExplicitGC -XX:+UseConcMarkSweepGC -XX:+CMSParallelRemarkEnabled -XX:NewRatio=1 -Xss512k -XX:MaxMetaspaceSize=512m -Dcom.amdocs.msnext.securitya3s.url=http://10.238.196.7:30081/asmServices/services/v1.0"},{"name":"MSNEXT_DISABLED_MODULES","value":"msnext-customization"},{"name":"MANAGEMENT_PORT","value":"18080"},{"name":"SERVER_PORT","value":"8080"},{"name":"MALLOC_ARENA_MAX","value":"4"}],"resources":{"limits":{"cpu":"2","memory":"2Gi"},"requests":{"cpu":"200m","memory":"1Gi"}},"volumeMounts":[{"name":"default-token-vdgk4","readOnly":true,"mountPath":"/var/run/secrets/kubernetes.io/serviceaccount"}],"livenessProbe":{"httpGet":{"path":"/health","port":18080,"scheme":"HTTP"},"initialDelaySeconds":900,"timeoutSeconds":10,"periodSeconds":10,"successThreshold":1,"failureThreshold":3},"readinessProbe":{"httpGet":{"path":"/health","port":18080,"scheme":"HTTP"},"initialDelaySeconds":30,"timeoutSeconds":10,"periodSeconds":10,"successThreshold":1,"failureThreshold":3},"terminationMessagePath":"/dev/termination-log","terminationMessagePolicy":"File","imagePullPolicy":"IfNotPresent","securityContext":{"capabilities":{"drop":["MKNOD"]},"privileged":false}}],"restartPolicy":"Always","terminationGracePeriodSeconds":30,"dnsPolicy":"ClusterFirst","nodeSelector":{"region":"work"},"serviceAccountName":"default","serviceAccount":"default","nodeName":"ilocpde01w15.corp.amdocs.com","securityContext":{"seLinuxOptions":{"level":"s0:c82,c59"}},"imagePullSecrets":[{"name":"pod-price-ms-secret"}],"schedulerName":"default-scheduler","tolerations":[{"key":"node.kubernetes.io/memory-pressure","operator":"Exists","effect":"NoSchedule"}]},"status":{"phase":"Running","conditions":[{"type":"Initialized","status":"True","lastProbeTime":null,"lastTransitionTime":"2018-09-13T06:52:51Z"},{"type":"Ready","status":"True","lastProbeTime":null,"lastTransitionTime":"2018-09-13T06:53:54Z"},{"type":"PodScheduled","status":"True","lastProbeTime":null,"lastTransitionTime":"2018-09-13T06:52:51Z"}],"hostIP":"10.245.250.34","podIP":"10.128.39.139","startTime":"2018-09-13T06:52:51Z","containerStatuses":[{"name":"pod-price-service-container","state":{"running":{"startedAt":"2018-09-13T06:52:53Z"}},"lastState":{},"ready":true,"restartCount":0,"image":"illin5564.corp.amdocs.com:5000/pod-price-service:0.1.1-0055","imageID":"docker-pullable://illin5564.corp.amdocs.com:5000/pod-price-service@sha256:e52d70c4ccba5a700d8880be3de6eab2cc65687a1682db3ebc98a9163aba7608","containerID":"docker://0e5f9341442dda46eb86b99cc11a9a26436b3b6379a434617a4b5a9d7e561a6a"}],"qosClass":"Burstable"}},{"metadata":{"name":"pod-productoffering-release-pod-productoffering-6657bc748-5gb5s","generateName":"pod-productoffering-release-pod-productoffering-6657bc748-","namespace":"oc-cd-1017-pranavd-pd","selfLink":"/api/v1/namespaces/oc-cd-1017-pranavd-pd/pods/pod-productoffering-release-pod-productoffering-6657bc748-5gb5s","uid":"a1e71bc1-b721-11e8-bb86-0050569a887c","resourceVersion":"66124221","creationTimestamp":"2018-09-13T06:52:51Z","labels":{"app":"pod-productoffering-release-pod-productoffering","microservice":"pod-productoffering","pod-template-hash":"221367304","project":"pod-productoffering","provider":"amdocs","release":"pod-productoffering-release"},"annotations":{"git-commit":"4ec358601dd2a3615791956a809879de8e4c4b18","openshift.io/scc":"anyuid-no-ps"},"ownerReferences":[{"apiVersion":"extensions/v1beta1","kind":"ReplicaSet","name":"pod-productoffering-release-pod-productoffering-6657bc748","uid":"a1d75555-b721-11e8-bb86-0050569a887c","controller":true,"blockOwnerDeletion":true}]},"spec":{"volumes":[{"name":"default-token-vdgk4","secret":{"secretName":"default-token-vdgk4","defaultMode":420}}],"containers":[{"name":"pod-productoffering-service-container","image":"illin5564.corp.amdocs.com:5000/pod-productoffering-service:0.1.1-0047","ports":[{"name":"metrics","containerPort":5555,"protocol":"TCP"},{"name":"http","containerPort":8080,"protocol":"TCP"},{"name":"https","containerPort":8443,"protocol":"TCP"},{"name":"management","containerPort":18080,"protocol":"TCP"}],"env":[{"name":"KUBERNETES_NAMESPACE","valueFrom":{"fieldRef":{"apiVersion":"v1","fieldPath":"metadata.namespace"}}},{"name":"MSNEXT_JAVA_OPTS","value":" -Xms256m -Xmx1024m -XX:MaxRAM=2048m -XX:+DisableExplicitGC -XX:+UseConcMarkSweepGC -XX:+CMSParallelRemarkEnabled -XX:NewRatio=1 -Xss512k -XX:MaxMetaspaceSize=512m -Dcom.amdocs.msnext.securitya3s.url=http://10.238.196.7:30081/asmServices/services/v1.0"},{"name":"SERVER_PORT","value":"8080"},{"name":"MSNEXT_DISABLED_MODULES","value":"msnext-customization"},{"name":"MANAGEMENT_PORT","value":"18080"},{"name":"MALLOC_ARENA_MAX","value":"4"},{"name":"TZ","value":"UTC"}],"resources":{"limits":{"cpu":"2","memory":"2Gi"},"requests":{"cpu":"200m","memory":"1Gi"}},"volumeMounts":[{"name":"default-token-vdgk4","readOnly":true,"mountPath":"/var/run/secrets/kubernetes.io/serviceaccount"}],"livenessProbe":{"httpGet":{"path":"/health","port":18080,"scheme":"HTTP"},"initialDelaySeconds":900,"timeoutSeconds":10,"periodSeconds":10,"successThreshold":1,"failureThreshold":3},"readinessProbe":{"httpGet":{"path":"/health","port":18080,"scheme":"HTTP"},"initialDelaySeconds":30,"timeoutSeconds":10,"periodSeconds":10,"successThreshold":1,"failureThreshold":3},"terminationMessagePath":"/dev/termination-log","terminationMessagePolicy":"File","imagePullPolicy":"IfNotPresent","securityContext":{"capabilities":{"drop":["MKNOD"]},"privileged":false}}],"restartPolicy":"Always","terminationGracePeriodSeconds":30,"dnsPolicy":"ClusterFirst","nodeSelector":{"region":"work"},"serviceAccountName":"default","serviceAccount":"default","nodeName":"ilocpde01w11.corp.amdocs.com","securityContext":{"seLinuxOptions":{"level":"s0:c82,c59"}},"imagePullSecrets":[{"name":"pod-productoffering-ms-secret"}],"schedulerName":"default-scheduler","tolerations":[{"key":"node.kubernetes.io/memory-pressure","operator":"Exists","effect":"NoSchedule"}]},"status":{"phase":"Running","conditions":[{"type":"Initialized","status":"True","lastProbeTime":null,"lastTransitionTime":"2018-09-13T06:52:51Z"},{"type":"Ready","status":"True","lastProbeTime":null,"lastTransitionTime":"2018-09-13T06:54:02Z"},{"type":"PodScheduled","status":"True","lastProbeTime":null,"lastTransitionTime":"2018-09-13T06:52:51Z"}],"hostIP":"10.245.250.30","podIP":"10.128.35.28","startTime":"2018-09-13T06:52:51Z","containerStatuses":[{"name":"pod-productoffering-service-container","state":{"running":{"startedAt":"2018-09-13T06:52:54Z"}},"lastState":{},"ready":true,"restartCount":0,"image":"illin5564.corp.amdocs.com:5000/pod-productoffering-service:0.1.1-0047","imageID":"docker-pullable://illin5564.corp.amdocs.com:5000/pod-productoffering-service@sha256:61bb44f0a398cf6f2650bb0f19ebe9d795132eccc7de47e62fabcc668b75c09c","containerID":"docker://bb681bb50c9d4e45152bcf407302947db7a074ad41c0a47e92721e6e71a1da3d"}],"qosClass":"Burstable"}},{"metadata":{"name":"pod-search-release-pod-s-bc49ff955-nbnwm","generateName":"pod-search-release-pod-s-bc49ff955-","namespace":"oc-cd-1017-pranavd-pd","selfLink":"/api/v1/namespaces/oc-cd-1017-pranavd-pd/pods/pod-search-release-pod-s-bc49ff955-nbnwm","uid":"a2049dbf-b721-11e8-bb86-0050569a887c","resourceVersion":"66124375","creationTimestamp":"2018-09-13T06:52:51Z","labels":{"app":"pod-search-release-pod-s","microservice":"pod-search","pod-template-hash":"670599511","project":"pod-search","provider":"amdocs","release":"pod-search-release"},"annotations":{"git-commit":"000f518ff292042d89514609d56d5bb66c3436ee","openshift.io/scc":"anyuid-no-ps"},"ownerReferences":[{"apiVersion":"extensions/v1beta1","kind":"ReplicaSet","name":"pod-search-release-pod-s-bc49ff955","uid":"a1ec89f4-b721-11e8-bb86-0050569a887c","controller":true,"blockOwnerDeletion":true}]},"spec":{"volumes":[{"name":"default-token-vdgk4","secret":{"secretName":"default-token-vdgk4","defaultMode":420}}],"containers":[{"name":"pod-search-service-container","image":"illin5564.corp.amdocs.com:5000/pod-search-service:0.1.1-0045","ports":[{"name":"metrics","containerPort":5555,"protocol":"TCP"},{"name":"http","containerPort":8080,"protocol":"TCP"},{"name":"management","containerPort":18080,"protocol":"TCP"}],"env":[{"name":"KUBERNETES_NAMESPACE","valueFrom":{"fieldRef":{"apiVersion":"v1","fieldPath":"metadata.namespace"}}},{"name":"MSNEXT_JAVA_OPTS","value":" -Xms256m -Xmx1024m -XX:MaxRAM=2048m -XX:+DisableExplicitGC -XX:+UseConcMarkSweepGC -XX:+CMSParallelRemarkEnabled -XX:NewRatio=1 -Xss512k -XX:MaxMetaspaceSize=512m -Dcom.amdocs.msnext.securitya3s.url=http://10.238.196.7:30081/asmServices/services/v1.0"},{"name":"MSNEXT_DISABLED_MODULES","value":"msnext-customization"},{"name":"MANAGEMENT_PORT","value":"18080"},{"name":"SERVER_PORT","value":"8080"},{"name":"MALLOC_ARENA_MAX","value":"4"},{"name":"TZ","value":"UTC"}],"resources":{"limits":{"cpu":"2","memory":"2Gi"},"requests":{"cpu":"200m","memory":"1Gi"}},"volumeMounts":[{"name":"default-token-vdgk4","readOnly":true,"mountPath":"/var/run/secrets/kubernetes.io/serviceaccount"}],"livenessProbe":{"httpGet":{"path":"/health","port":18080,"scheme":"HTTP"},"initialDelaySeconds":900,"timeoutSeconds":10,"periodSeconds":10,"successThreshold":1,"failureThreshold":3},"readinessProbe":{"httpGet":{"path":"/health","port":18080,"scheme":"HTTP"},"initialDelaySeconds":30,"timeoutSeconds":10,"periodSeconds":10,"successThreshold":1,"failureThreshold":3},"terminationMessagePath":"/dev/termination-log","terminationMessagePolicy":"File","imagePullPolicy":"IfNotPresent","securityContext":{"capabilities":{"drop":["MKNOD"]},"privileged":false}}],"restartPolicy":"Always","terminationGracePeriodSeconds":30,"dnsPolicy":"ClusterFirst","nodeSelector":{"region":"work"},"serviceAccountName":"default","serviceAccount":"default","nodeName":"ilocpde01w10.corp.amdocs.com","securityContext":{"seLinuxOptions":{"level":"s0:c82,c59"}},"imagePullSecrets":[{"name":"pod-search-ms-secret"}],"schedulerName":"default-scheduler","tolerations":[{"key":"node.kubernetes.io/memory-pressure","operator":"Exists","effect":"NoSchedule"}]},"status":{"phase":"Running","conditions":[{"type":"Initialized","status":"True","lastProbeTime":null,"lastTransitionTime":"2018-09-13T06:52:51Z"},{"type":"Ready","status":"True","lastProbeTime":null,"lastTransitionTime":"2018-09-13T06:54:13Z"},{"type":"PodScheduled","status":"True","lastProbeTime":null,"lastTransitionTime":"2018-09-13T06:52:51Z"}],"hostIP":"10.245.250.29","podIP":"10.128.29.120","startTime":"2018-09-13T06:52:51Z","containerStatuses":[{"name":"pod-search-service-container","state":{"running":{"startedAt":"2018-09-13T06:52:54Z"}},"lastState":{},"ready":true,"restartCount":0,"image":"illin5564.corp.amdocs.com:5000/pod-search-service:0.1.1-0045","imageID":"docker-pullable://illin5564.corp.amdocs.com:5000/pod-search-service@sha256:448e38774e237b369fac6601543bf866bafe20e0bd558d467dd4d34dbe77d4f6","containerID":"docker://95fdc6ea2726653c0149c959f521ca43c40c6414641a9c5d89858a93801f9b51"}],"qosClass":"Burstable"}},{"metadata":{"name":"price-priceevent-release-687f67f8bf-qlr8x","generateName":"price-priceevent-release-687f67f8bf-","namespace":"oc-cd-1017-pranavd-pd","selfLink":"/api/v1/namespaces/oc-cd-1017-pranavd-pd/pods/price-priceevent-release-687f67f8bf-qlr8x","uid":"a219f376-b721-11e8-bb86-0050569a887c","resourceVersion":"66124429","creationTimestamp":"2018-09-13T06:52:51Z","labels":{"app":"price-priceevent-release","group":"com.amdocs.digital.ms.price.priceevent","microservice":"price-priceevent","pod-template-hash":"2439239469","project":"price-priceevent-service","provider":"amdocs","release":"price-priceevent-release"},"annotations":{"fabric8.io/iconUrl":"img/icons/spring-boot.svg","git-commit":"1f202ccd32841873b7140a57b4a14608ed8cc602","openshift.io/scc":"anyuid-no-ps"},"ownerReferences":[{"apiVersion":"extensions/v1beta1","kind":"ReplicaSet","name":"price-priceevent-release-687f67f8bf","uid":"a20515e3-b721-11e8-bb86-0050569a887c","controller":true,"blockOwnerDeletion":true}]},"spec":{"volumes":[{"name":"default-token-vdgk4","secret":{"secretName":"default-token-vdgk4","defaultMode":420}}],"containers":[{"name":"price-priceevent-service-container","image":"illin5564.corp.amdocs.com:5000/price-priceevent-service:0.1.1-0032","ports":[{"name":"metrics","containerPort":5555,"protocol":"TCP"},{"name":"http","containerPort":8080,"protocol":"TCP"},{"name":"https","containerPort":8443,"protocol":"TCP"},{"name":"jacoco","containerPort":6300,"protocol":"TCP"},{"name":"management","containerPort":18080,"protocol":"TCP"}],"env":[{"name":"KUBERNETES_NAMESPACE","valueFrom":{"fieldRef":{"apiVersion":"v1","fieldPath":"metadata.namespace"}}},{"name":"MSNEXT_JAVA_OPTS","value":" -Xms256m -Xmx1024m -XX:MaxRAM=2048m -XX:+DisableExplicitGC -XX:+UseConcMarkSweepGC -XX:+CMSParallelRemarkEnabled -XX:NewRatio=1 -Xss512k -XX:MaxMetaspaceSize=512m  -Dcom.amdocs.msnext.securitya3s.url=http://10.238.196.7:30081/asmServices/services/v1.0"},{"name":"SERVER_PORT","value":"8080"},{"name":"MSNEXT_MODULE_MGT_DISABLE","value":"msnext-customization"},{"name":"MANAGEMENT_PORT","value":"18080"}],"resources":{"limits":{"cpu":"2","memory":"2Gi"},"requests":{"cpu":"200m","memory":"1Gi"}},"volumeMounts":[{"name":"default-token-vdgk4","readOnly":true,"mountPath":"/var/run/secrets/kubernetes.io/serviceaccount"}],"livenessProbe":{"httpGet":{"path":"/health","port":18080,"scheme":"HTTP"},"initialDelaySeconds":900,"timeoutSeconds":1,"periodSeconds":10,"successThreshold":1,"failureThreshold":3},"readinessProbe":{"httpGet":{"path":"/health","port":18080,"scheme":"HTTP"},"initialDelaySeconds":60,"timeoutSeconds":1,"periodSeconds":10,"successThreshold":1,"failureThreshold":3},"terminationMessagePath":"/dev/termination-log","terminationMessagePolicy":"File","imagePullPolicy":"IfNotPresent","securityContext":{"capabilities":{"drop":["MKNOD"]},"privileged":false}}],"restartPolicy":"Always","terminationGracePeriodSeconds":30,"dnsPolicy":"ClusterFirst","nodeSelector":{"region":"work"},"serviceAccountName":"default","serviceAccount":"default","nodeName":"ilocpde01w08.corp.amdocs.com","securityContext":{"seLinuxOptions":{"level":"s0:c82,c59"}},"imagePullSecrets":[{"name":"price-priceevent-ms-secret"}],"schedulerName":"default-scheduler","tolerations":[{"key":"node.kubernetes.io/memory-pressure","operator":"Exists","effect":"NoSchedule"}]},"status":{"phase":"Running","conditions":[{"type":"Initialized","status":"True","lastProbeTime":null,"lastTransitionTime":"2018-09-13T06:52:51Z"},{"type":"Ready","status":"True","lastProbeTime":null,"lastTransitionTime":"2018-09-13T06:54:18Z"},{"type":"PodScheduled","status":"True","lastProbeTime":null,"lastTransitionTime":"2018-09-13T06:52:51Z"}],"hostIP":"10.245.250.27","podIP":"10.128.26.47","startTime":"2018-09-13T06:52:51Z","containerStatuses":[{"name":"price-priceevent-service-container","state":{"running":{"startedAt":"2018-09-13T06:52:54Z"}},"lastState":{},"ready":true,"restartCount":0,"image":"illin5564.corp.amdocs.com:5000/price-priceevent-service:0.1.1-0032","imageID":"docker-pullable://illin5564.corp.amdocs.com:5000/price-priceevent-service@sha256:0beddb5a1eabacadddc102cce68b4ef3b4397fa17641a6f3eba1f5b6122f0fda","containerID":"docker://71a86a6d4b807c1b883d80e5bcd64654eaa159dc75965b325cc30a2465108b23"}],"qosClass":"Burstable"}},{"metadata":{"name":"price-pricing-release-pr-b5cd95b7-wsdzw","generateName":"price-pricing-release-pr-b5cd95b7-","namespace":"oc-cd-1017-pranavd-pd","selfLink":"/api/v1/namespaces/oc-cd-1017-pranavd-pd/pods/price-pricing-release-pr-b5cd95b7-wsdzw","uid":"a243a662-b721-11e8-bb86-0050569a887c","resourceVersion":"66124114","creationTimestamp":"2018-09-13T06:52:51Z","labels":{"app":"price-pricing-release-pr","group":"com.amdocs.digital.ms.price.pricing","microservice":"price-pricing","pod-template-hash":"61785163","project":"price-pricing-service","provider":"amdocs","release":"price-pricing-release"},"annotations":{"fabric8.io/iconUrl":"img/icons/spring-boot.svg","git-commit":"9a08e3c3e63d7ac26a8c77e1b12a9ad19187fb1d","openshift.io/scc":"anyuid-no-ps"},"ownerReferences":[{"apiVersion":"extensions/v1beta1","kind":"ReplicaSet","name":"price-pricing-release-pr-b5cd95b7","uid":"a231b9dc-b721-11e8-bb86-0050569a887c","controller":true,"blockOwnerDeletion":true}]},"spec":{"volumes":[{"name":"default-token-vdgk4","secret":{"secretName":"default-token-vdgk4","defaultMode":420}}],"containers":[{"name":"price-pricing-service-container","image":"illin5564.corp.amdocs.com:5000/price-pricing-service:0.1.1-0042","ports":[{"name":"metrics","containerPort":5555,"protocol":"TCP"},{"name":"http","containerPort":8080,"protocol":"TCP"},{"name":"https","containerPort":8443,"protocol":"TCP"},{"name":"jacoco","containerPort":6300,"protocol":"TCP"},{"name":"management","containerPort":18080,"protocol":"TCP"}],"env":[{"name":"KUBERNETES_NAMESPACE","valueFrom":{"fieldRef":{"apiVersion":"v1","fieldPath":"metadata.namespace"}}},{"name":"MSNEXT_JAVA_OPTS","value":" -Xms256m -Xmx1024m -XX:MaxRAM=2048m -XX:+DisableExplicitGC -XX:+UseConcMarkSweepGC -XX:+CMSParallelRemarkEnabled -XX:NewRatio=1 -Xss512k -XX:MaxMetaspaceSize=512m -Dcom.amdocs.msnext.securitya3s.url=http://10.238.196.7:30081/asmServices/services/v1.0 -Dservices.price.url=http://price-productoffering-service:8080/po-price-management -Dservices.priceEvent.url=http://price-priceevent-service:8080/price-event-management"},{"name":"SERVER_PORT","value":"8080"},{"name":"MSNEXT_MODULE_MGT_DISABLE","value":"msnext-customization"},{"name":"MANAGEMENT_PORT","value":"18080"}],"resources":{"limits":{"cpu":"2","memory":"2Gi"},"requests":{"cpu":"200m","memory":"1Gi"}},"volumeMounts":[{"name":"default-token-vdgk4","readOnly":true,"mountPath":"/var/run/secrets/kubernetes.io/serviceaccount"}],"livenessProbe":{"httpGet":{"path":"/health","port":18080,"scheme":"HTTP"},"initialDelaySeconds":900,"timeoutSeconds":1,"periodSeconds":10,"successThreshold":1,"failureThreshold":3},"readinessProbe":{"httpGet":{"path":"/health","port":18080,"scheme":"HTTP"},"initialDelaySeconds":60,"timeoutSeconds":1,"periodSeconds":10,"successThreshold":1,"failureThreshold":3},"terminationMessagePath":"/dev/termination-log","terminationMessagePolicy":"File","imagePullPolicy":"IfNotPresent","securityContext":{"capabilities":{"drop":["MKNOD"]},"privileged":false}}],"restartPolicy":"Always","terminationGracePeriodSeconds":30,"dnsPolicy":"ClusterFirst","nodeSelector":{"region":"work"},"serviceAccountName":"default","serviceAccount":"default","nodeName":"ilocpde01w07.corp.amdocs.com","securityContext":{"seLinuxOptions":{"level":"s0:c82,c59"}},"imagePullSecrets":[{"name":"price-pricing-ms-secret"}],"schedulerName":"default-scheduler","tolerations":[{"key":"node.kubernetes.io/memory-pressure","operator":"Exists","effect":"NoSchedule"}]},"status":{"phase":"Running","conditions":[{"type":"Initialized","status":"True","lastProbeTime":null,"lastTransitionTime":"2018-09-13T06:52:52Z"},{"type":"Ready","status":"True","lastProbeTime":null,"lastTransitionTime":"2018-09-13T06:53:55Z"},{"type":"PodScheduled","status":"True","lastProbeTime":null,"lastTransitionTime":"2018-09-13T06:52:52Z"}],"hostIP":"10.245.250.26","podIP":"10.128.23.23","startTime":"2018-09-13T06:52:52Z","containerStatuses":[{"name":"price-pricing-service-container","state":{"running":{"startedAt":"2018-09-13T06:52:54Z"}},"lastState":{},"ready":true,"restartCount":0,"image":"illin5564.corp.amdocs.com:5000/price-pricing-service:0.1.1-0042","imageID":"docker-pullable://illin5564.corp.amdocs.com:5000/price-pricing-service@sha256:1543c2bc3bf6e818cafdd984cbc4fa4af0470e486799d48c914b6b5ffbe2e663","containerID":"docker://30a3e1510235ac126d507baa5f6a0b5d4b11307c0f15e408ce7e99ae6a7e3759"}],"qosClass":"Burstable"}},{"metadata":{"name":"price-productoffering-re-67dc657f6-dqxjm","generateName":"price-productoffering-re-67dc657f6-","namespace":"oc-cd-1017-pranavd-pd","selfLink":"/api/v1/namespaces/oc-cd-1017-pranavd-pd/pods/price-productoffering-re-67dc657f6-dqxjm","uid":"a27783e1-b721-11e8-bb86-0050569a887c","resourceVersion":"66124144","creationTimestamp":"2018-09-13T06:52:52Z","labels":{"app":"price-productoffering-re","group":"com.amdocs.digital.ms.price.productoffering","microservice":"price-productoffering","pod-template-hash":"238721392","project":"price-productoffering-service","provider":"amdocs","release":"price-productoffering-release"},"annotations":{"fabric8.io/iconUrl":"img/icons/spring-boot.svg","git-commit":"f5aa18fe78ad28903b7b4d83e32fb95eb90809a0","openshift.io/scc":"anyuid-no-ps"},"ownerReferences":[{"apiVersion":"extensions/v1beta1","kind":"ReplicaSet","name":"price-productoffering-re-67dc657f6","uid":"a26b1dbb-b721-11e8-bb86-0050569a887c","controller":true,"blockOwnerDeletion":true}]},"spec":{"volumes":[{"name":"default-token-vdgk4","secret":{"secretName":"default-token-vdgk4","defaultMode":420}}],"containers":[{"name":"price-productoffering-service-container","image":"illin5564.corp.amdocs.com:5000/price-productoffering-service:0.1.1-0049","ports":[{"name":"metrics","containerPort":5555,"protocol":"TCP"},{"name":"http","containerPort":8080,"protocol":"TCP"},{"name":"https","containerPort":8443,"protocol":"TCP"},{"name":"jacoco","containerPort":6300,"protocol":"TCP"},{"name":"management","containerPort":18080,"protocol":"TCP"}],"env":[{"name":"KUBERNETES_NAMESPACE","valueFrom":{"fieldRef":{"apiVersion":"v1","fieldPath":"metadata.namespace"}}},{"name":"MSNEXT_JAVA_OPTS","value":" -Xms256m -Xmx1024m -XX:MaxRAM=2048m -XX:+DisableExplicitGC -XX:+UseConcMarkSweepGC -XX:+CMSParallelRemarkEnabled -XX:NewRatio=1 -Xss512k -XX:MaxMetaspaceSize=512m  -Dcom.amdocs.msnext.securitya3s.url=http://10.238.196.7:30081/asmServices/services/v1.0 -Dservices.customerAccessor.url=http://customeraccessor-service:8080/applicationContext/v0/entityAccessor"},{"name":"SERVER_PORT","value":"8080"},{"name":"MSNEXT_MODULE_MGT_DISABLE","value":"msnext-customization"},{"name":"MANAGEMENT_PORT","value":"18080"}],"resources":{"limits":{"cpu":"2","memory":"2Gi"},"requests":{"cpu":"200m","memory":"1Gi"}},"volumeMounts":[{"name":"default-token-vdgk4","readOnly":true,"mountPath":"/var/run/secrets/kubernetes.io/serviceaccount"}],"livenessProbe":{"httpGet":{"path":"/health","port":18080,"scheme":"HTTP"},"initialDelaySeconds":900,"timeoutSeconds":1,"periodSeconds":10,"successThreshold":1,"failureThreshold":3},"readinessProbe":{"httpGet":{"path":"/health","port":18080,"scheme":"HTTP"},"initialDelaySeconds":60,"timeoutSeconds":1,"periodSeconds":10,"successThreshold":1,"failureThreshold":3},"terminationMessagePath":"/dev/termination-log","terminationMessagePolicy":"File","imagePullPolicy":"IfNotPresent","securityContext":{"capabilities":{"drop":["MKNOD"]},"privileged":false}}],"restartPolicy":"Always","terminationGracePeriodSeconds":30,"dnsPolicy":"ClusterFirst","nodeSelector":{"region":"work"},"serviceAccountName":"default","serviceAccount":"default","nodeName":"ilocpde01w03.corp.amdocs.com","securityContext":{"seLinuxOptions":{"level":"s0:c82,c59"}},"imagePullSecrets":[{"name":"price-productoffering-ms-secret"}],"schedulerName":"default-scheduler","tolerations":[{"key":"node.kubernetes.io/memory-pressure","operator":"Exists","effect":"NoSchedule"}]},"status":{"phase":"Running","conditions":[{"type":"Initialized","status":"True","lastProbeTime":null,"lastTransitionTime":"2018-09-13T06:52:52Z"},{"type":"Ready","status":"True","lastProbeTime":null,"lastTransitionTime":"2018-09-13T06:53:58Z"},{"type":"PodScheduled","status":"True","lastProbeTime":null,"lastTransitionTime":"2018-09-13T06:52:52Z"}],"hostIP":"10.245.250.22","podIP":"10.128.11.174","startTime":"2018-09-13T06:52:52Z","containerStatuses":[{"name":"price-productoffering-service-container","state":{"running":{"startedAt":"2018-09-13T06:52:55Z"}},"lastState":{},"ready":true,"restartCount":0,"image":"illin5564.corp.amdocs.com:5000/price-productoffering-service:0.1.1-0049","imageID":"docker-pullable://illin5564.corp.amdocs.com:5000/price-productoffering-service@sha256:272e5d05a664a191df3e79acb64d8be97b3edd797a150d8fc647d211b2c8120e","containerID":"docker://a0b898db8f30de770a647c27ddc1e275a2981c228ade7325254dde7e2122be0b"}],"qosClass":"Burstable"}},{"metadata":{"name":"product-configuration-rule-command-service-66b6f7b848-bqrx4","generateName":"product-configuration-rule-command-service-66b6f7b848-","namespace":"oc-cd-1017-pranavd-pd","selfLink":"/api/v1/namespaces/oc-cd-1017-pranavd-pd/pods/product-configuration-rule-command-service-66b6f7b848-bqrx4","uid":"a27d4303-b721-11e8-bb86-0050569a887c","resourceVersion":"68187415","creationTimestamp":"2018-09-13T06:52:52Z","labels":{"app":"product-configuration-rule-command-service","group":"com.amdocs.catalogone","monitored":"prometheus","monitoring":"prometheus","pod-template-hash":"2262936404","prometheus":"amdocs-prometheus","provider":"amdocs","release":"product-configurator-rule-release"},"annotations":{"openshift.io/scc":"anyuid-no-ps"},"ownerReferences":[{"apiVersion":"extensions/v1beta1","kind":"ReplicaSet","name":"product-configuration-rule-command-service-66b6f7b848","uid":"a2720fe9-b721-11e8-bb86-0050569a887c","controller":true,"blockOwnerDeletion":true}]},"spec":{"volumes":[{"name":"product-configuration-rule-command-configmap","configMap":{"name":"product-configuration-rule-command-configmap","items":[{"key":"application.yml","path":"application.yml"}],"defaultMode":420}},{"name":"product-config-rule-nonfunc-configmap","configMap":{"name":"product-config-rule-nonfunc-configmap","items":[{"key":"application-nonfunc.yml","path":"application-nonfunc.yml"}],"defaultMode":420}},{"name":"product-config-rule-generic-kafka-configmap","configMap":{"name":"product-config-rule-generic-kafka-configmap","items":[{"key":"application-generic-kafka.yml","path":"application-generic-kafka.yml"}],"defaultMode":420}},{"name":"default-token-vdgk4","secret":{"secretName":"default-token-vdgk4","defaultMode":420}}],"containers":[{"name":"product-configuration-rule-command-service","image":"illin5225.corp.amdocs.com:5002/product-configuration-rule-command-service:1.4.0","ports":[{"name":"server","containerPort":8080,"protocol":"TCP"},{"name":"management","containerPort":8081,"protocol":"TCP"},{"name":"debug","containerPort":5005,"protocol":"TCP"},{"name":"metrics","containerPort":5555,"protocol":"TCP"}],"env":[{"name":"MSNEXT_JAVA_OPTS","value":"-XX:+UnlockExperimentalVMOptions -XX:+UseCGroupMemoryLimitForHeap -XX:InitialRAMFraction=4 -XX:MaxRAMFraction=2 -XX:+PrintFlagsFinal"},{"name":"ENABLE_ZIPKIN","value":"true"},{"name":"MSNEXT_CONF_SOURCE_APP1","value":"/deployments/config/applications/product-configuration-rule-command"},{"name":"ES_MS_HOST","value":"entity-search"},{"name":"MSNEXT_CONF_SOURCE_zzzNONFUNC","value":"/deployments/config/applications/product-config-rule-nonfunc"},{"name":"MSNEXT_CONF_SOURCE_zzzGENERIC_KAFKA","value":"/deployments/config/applications/product-config-rule-generic-kafka"},{"name":"CONSUME_RELEASE_EVENT"},{"name":"PRODUCE_NOTIFICATION_EVENT_ON_STARTUP"},{"name":"CACHE_TTL_SEC"},{"name":"CACHE_ENABLED"},{"name":"CACHE_SIZE"},{"name":"FIXED_DELAY_IN_MILLIS"},{"name":"FULL_CATALOG_TIMEOUT_IN_SECONDS"},{"name":"JAVA_ENABLE_DEBUG","value":"true"}],"resources":{"limits":{"cpu":"1","memory":"1Gi"},"requests":{"cpu":"200m","memory":"500Mi"}},"volumeMounts":[{"name":"product-configuration-rule-command-configmap","mountPath":"/deployments/config/applications/product-configuration-rule-command"},{"name":"product-config-rule-nonfunc-configmap","mountPath":"/deployments/config/applications/product-config-rule-nonfunc"},{"name":"product-config-rule-generic-kafka-configmap","mountPath":"/deployments/config/applications/product-config-rule-generic-kafka"},{"name":"default-token-vdgk4","readOnly":true,"mountPath":"/var/run/secrets/kubernetes.io/serviceaccount"}],"livenessProbe":{"httpGet":{"path":"/health","port":8081,"scheme":"HTTP"},"initialDelaySeconds":450,"timeoutSeconds":1,"periodSeconds":10,"successThreshold":1,"failureThreshold":3},"readinessProbe":{"httpGet":{"path":"/health","port":8081,"scheme":"HTTP"},"initialDelaySeconds":180,"timeoutSeconds":1,"periodSeconds":10,"successThreshold":1,"failureThreshold":3},"terminationMessagePath":"/dev/termination-log","terminationMessagePolicy":"File","imagePullPolicy":"IfNotPresent","securityContext":{"capabilities":{"drop":["MKNOD"]}}}],"restartPolicy":"Always","terminationGracePeriodSeconds":30,"dnsPolicy":"ClusterFirst","nodeSelector":{"region":"work"},"serviceAccountName":"default","serviceAccount":"default","nodeName":"ilocpde01w19.corp.amdocs.com","securityContext":{"seLinuxOptions":{"level":"s0:c82,c59"}},"imagePullSecrets":[{"name":"product-configuration-rule-command-service-pull-secret"}],"schedulerName":"default-scheduler","tolerations":[{"key":"node.kubernetes.io/memory-pressure","operator":"Exists","effect":"NoSchedule"}]},"status":{"phase":"Running","conditions":[{"type":"Initialized","status":"True","lastProbeTime":null,"lastTransitionTime":"2018-09-13T06:52:52Z"},{"type":"Ready","status":"True","lastProbeTime":null,"lastTransitionTime":"2018-09-16T09:18:41Z"},{"type":"PodScheduled","status":"True","lastProbeTime":null,"lastTransitionTime":"2018-09-13T06:52:52Z"}],"hostIP":"10.245.251.160","podIP":"10.128.50.203","startTime":"2018-09-13T06:52:52Z","containerStatuses":[{"name":"product-configuration-rule-command-service","state":{"running":{"startedAt":"2018-09-16T09:15:38Z"}},"lastState":{"terminated":{"exitCode":137,"reason":"OOMKilled","startedAt":"2018-09-16T09:11:04Z","finishedAt":"2018-09-16T09:15:15Z","containerID":"docker://ecbd5e12d3379b6a1b521120c270d77b506eaccbf242fa76dd3add7b48deec7b"}},"ready":true,"restartCount":3,"image":"illin5225.corp.amdocs.com:5002/product-configuration-rule-command-service:1.4.0","imageID":"docker-pullable://illin5225.corp.amdocs.com:5002/product-configuration-rule-command-service@sha256:c147f8bd98de17090d41862fd286b2d63a6ac74d3a20312a3ed7d10372cbd393","containerID":"docker://267197d1eb77fa6660b8a8526cfd5d43d5a5bbb558dcdb579f11d96e7c21814e"}],"qosClass":"Burstable"}},{"metadata":{"name":"product-offering-service-59cb8876db-dpqzk","generateName":"product-offering-service-59cb8876db-","namespace":"oc-cd-1017-pranavd-pd","selfLink":"/api/v1/namespaces/oc-cd-1017-pranavd-pd/pods/product-offering-service-59cb8876db-dpqzk","uid":"fd15a034-b806-11e8-bb86-0050569a887c","resourceVersion":"67042716","creationTimestamp":"2018-09-14T10:14:39Z","labels":{"app":"product-offering-service","group":"com.amdocs.catalogone","monitoring":"prometheus","pod-template-hash":"1576443286","prometheus":"amdocs-prometheus","provider":"amdocs","release":"product-offering-service-release"},"annotations":{"openshift.io/scc":"anyuid-no-ps"},"ownerReferences":[{"apiVersion":"extensions/v1beta1","kind":"ReplicaSet","name":"product-offering-service-59cb8876db","uid":"a290eac5-b721-11e8-bb86-0050569a887c","controller":true,"blockOwnerDeletion":true}]},"spec":{"volumes":[{"name":"po-configmap","configMap":{"name":"po-configmap","items":[{"key":"application.yml","path":"application.yml"}],"defaultMode":420}},{"name":"default-token-vdgk4","secret":{"secretName":"default-token-vdgk4","defaultMode":420}}],"containers":[{"name":"product-offering-service","image":"illin5225.corp.amdocs.com:5002/product-offering-service:2.5.2","ports":[{"name":"server","containerPort":8080,"protocol":"TCP"},{"name":"management","containerPort":8081,"protocol":"TCP"},{"name":"metrics","containerPort":5555,"protocol":"TCP"},{"name":"debug","containerPort":5005,"protocol":"TCP"}],"env":[{"name":"MSNEXT_JAVA_OPTS","value":"-XX:+UnlockExperimentalVMOptions -XX:+UseCGroupMemoryLimitForHeap -XX:InitialRAMFraction=6 -XX:MaxRAMFraction=2 -XX:+PrintFlagsFinal"},{"name":"COUCHBASE_HOST","value":"catalog1-couchbase-service"},{"name":"ENABLE_ZIPKIN","value":"false"},{"name":"MSNEXT_CONF_SOURCE_APP1","value":"/deployments/config/applications/po"},{"name":"CONSUME_RELEASE_EVENT","value":"true"},{"name":"PRODUCE_NOTIFICATION_EVENT_ON_STARTUP","value":"true"},{"name":"CACHE_TTL_SEC","value":"0"},{"name":"CACHE_TYPE","value":"simple"},{"name":"CACHE_SIZE","value":"1000"},{"name":"FIXED_DELAY_IN_MILLIS","value":"1000"},{"name":"FULL_CATALOG_TIMEOUT_IN_SECONDS","value":"600"},{"name":"JAVA_ENABLE_DEBUG","value":"false"},{"name":"TESTING_ENVIRONMENT_TOPIC_PREFIX"}],"resources":{"limits":{"cpu":"2","memory":"4Gi"},"requests":{"cpu":"200m","memory":"1Gi"}},"volumeMounts":[{"name":"po-configmap","mountPath":"/deployments/config/applications/po"},{"name":"default-token-vdgk4","readOnly":true,"mountPath":"/var/run/secrets/kubernetes.io/serviceaccount"}],"livenessProbe":{"httpGet":{"path":"/health","port":8081,"scheme":"HTTP"},"initialDelaySeconds":450,"timeoutSeconds":1,"periodSeconds":10,"successThreshold":1,"failureThreshold":3},"readinessProbe":{"httpGet":{"path":"/health","port":8081,"scheme":"HTTP"},"initialDelaySeconds":180,"timeoutSeconds":1,"periodSeconds":10,"successThreshold":1,"failureThreshold":3},"terminationMessagePath":"/dev/termination-log","terminationMessagePolicy":"File","imagePullPolicy":"IfNotPresent","securityContext":{"capabilities":{"drop":["MKNOD"]}}}],"restartPolicy":"Always","terminationGracePeriodSeconds":30,"dnsPolicy":"ClusterFirst","nodeSelector":{"region":"work"},"serviceAccountName":"default","serviceAccount":"default","nodeName":"ilocpde01w13.corp.amdocs.com","securityContext":{"seLinuxOptions":{"level":"s0:c82,c59"}},"imagePullSecrets":[{"name":"illin5225-pull-secret"}],"schedulerName":"default-scheduler","tolerations":[{"key":"node.kubernetes.io/memory-pressure","operator":"Exists","effect":"NoSchedule"}]},"status":{"phase":"Running","conditions":[{"type":"Initialized","status":"True","lastProbeTime":null,"lastTransitionTime":"2018-09-14T10:14:39Z"},{"type":"Ready","status":"True","lastProbeTime":null,"lastTransitionTime":"2018-09-14T10:17:41Z"},{"type":"PodScheduled","status":"True","lastProbeTime":null,"lastTransitionTime":"2018-09-14T10:14:39Z"}],"hostIP":"10.245.250.32","podIP":"10.128.37.67","startTime":"2018-09-14T10:14:39Z","containerStatuses":[{"name":"product-offering-service","state":{"running":{"startedAt":"2018-09-14T10:14:41Z"}},"lastState":{},"ready":true,"restartCount":0,"image":"illin5225.corp.amdocs.com:5002/product-offering-service:2.5.2","imageID":"docker-pullable://illin5225.corp.amdocs.com:5002/product-offering-service@sha256:f345ee60c1b4cbb39350deb7ea9665a555df70bee8be1aede69de66bf620a9f1","containerID":"docker://60389056d319e64b75d5942d3d8c9f3ec239627d730f6b393d0f8c3585b8785d"}],"qosClass":"Burstable"}},{"metadata":{"name":"productaccessor-releas-p-78878b54bf-zwhf2","generateName":"productaccessor-releas-p-78878b54bf-","namespace":"oc-cd-1017-pranavd-pd","selfLink":"/api/v1/namespaces/oc-cd-1017-pranavd-pd/pods/productaccessor-releas-p-78878b54bf-zwhf2","uid":"a2ae8036-b721-11e8-bb86-0050569a887c","resourceVersion":"66124158","creationTimestamp":"2018-09-13T06:52:52Z","labels":{"app":"productaccessor-releas-p","microservice":"productaccessor","pod-template-hash":"3443461069","project":"productaccessor","provider":"amdocs","release":"productaccessor-releas"},"annotations":{"git-commit":"5d8c7bf4ce2549c858e954d95fc165f03c67ad8b","openshift.io/scc":"anyuid-no-ps"},"ownerReferences":[{"apiVersion":"extensions/v1beta1","kind":"ReplicaSet","name":"productaccessor-releas-p-78878b54bf","uid":"a2a12cc4-b721-11e8-bb86-0050569a887c","controller":true,"blockOwnerDeletion":true}]},"spec":{"volumes":[{"name":"default-token-vdgk4","secret":{"secretName":"default-token-vdgk4","defaultMode":420}}],"containers":[{"name":"productaccessor-service-container","image":"illin5564.corp.amdocs.com:5000/productaccessor-service:1.0.1-0032","ports":[{"name":"metrics","containerPort":5555,"protocol":"TCP"},{"name":"http","containerPort":8080,"protocol":"TCP"},{"name":"management","containerPort":18080,"protocol":"TCP"}],"env":[{"name":"KUBERNETES_NAMESPACE","valueFrom":{"fieldRef":{"apiVersion":"v1","fieldPath":"metadata.namespace"}}},{"name":"MSNEXT_JAVA_OPTS","value":" -Xms256m -Xmx1024m -XX:MaxRAM=2048m -XX:+DisableExplicitGC -XX:+UseConcMarkSweepGC -XX:+CMSParallelRemarkEnabled -XX:NewRatio=1 -Xss512k -XX:MaxMetaspaceSize=512m -Dcom.amdocs.msnext.securitya3s.url=http://10.238.196.7:30081/asmServices/services/v1.0"},{"name":"MSNEXT_DISABLED_MODULES","value":"msnext-customization"},{"name":"MANAGEMENT_PORT","value":"18080"},{"name":"SERVER_PORT","value":"8080"},{"name":"MALLOC_ARENA_MAX","value":"4"},{"name":"TZ"}],"resources":{"limits":{"cpu":"2","memory":"2Gi"},"requests":{"cpu":"200m","memory":"1Gi"}},"volumeMounts":[{"name":"default-token-vdgk4","readOnly":true,"mountPath":"/var/run/secrets/kubernetes.io/serviceaccount"}],"livenessProbe":{"httpGet":{"path":"/health","port":18080,"scheme":"HTTP"},"initialDelaySeconds":900,"timeoutSeconds":10,"periodSeconds":10,"successThreshold":1,"failureThreshold":3},"readinessProbe":{"httpGet":{"path":"/health","port":18080,"scheme":"HTTP"},"initialDelaySeconds":30,"timeoutSeconds":10,"periodSeconds":10,"successThreshold":1,"failureThreshold":3},"terminationMessagePath":"/dev/termination-log","terminationMessagePolicy":"File","imagePullPolicy":"IfNotPresent","securityContext":{"capabilities":{"drop":["MKNOD"]},"privileged":false}}],"restartPolicy":"Always","terminationGracePeriodSeconds":30,"dnsPolicy":"ClusterFirst","nodeSelector":{"region":"work"},"serviceAccountName":"default","serviceAccount":"default","nodeName":"ilocpde01w33.corp.amdocs.com","securityContext":{"seLinuxOptions":{"level":"s0:c82,c59"}},"imagePullSecrets":[{"name":"productaccessor-ms-secret"}],"schedulerName":"default-scheduler","tolerations":[{"key":"node.kubernetes.io/memory-pressure","operator":"Exists","effect":"NoSchedule"}]},"status":{"phase":"Running","conditions":[{"type":"Initialized","status":"True","lastProbeTime":null,"lastTransitionTime":"2018-09-13T06:52:52Z"},{"type":"Ready","status":"True","lastProbeTime":null,"lastTransitionTime":"2018-09-13T06:53:59Z"},{"type":"PodScheduled","status":"True","lastProbeTime":null,"lastTransitionTime":"2018-09-13T06:52:52Z"}],"hostIP":"10.245.251.174","podIP":"10.128.74.85","startTime":"2018-09-13T06:52:52Z","containerStatuses":[{"name":"productaccessor-service-container","state":{"running":{"startedAt":"2018-09-13T06:52:54Z"}},"lastState":{},"ready":true,"restartCount":0,"image":"illin5564.corp.amdocs.com:5000/productaccessor-service:1.0.1-0032","imageID":"docker-pullable://illin5564.corp.amdocs.com:5000/productaccessor-service@sha256:de87e44d4ca92a11352f7fd6e4c94562ffa9ab98c3fefe39f379a417ebe59ac7","containerID":"docker://0f56dca435d84b17d89947a4e869f85b63575944b1ac4c2b3a731499e823190a"}],"qosClass":"Burstable"}},{"metadata":{"name":"productconfigurator-acti-7955f759c7-7g46d","generateName":"productconfigurator-acti-7955f759c7-","namespace":"oc-cd-1017-pranavd-pd","selfLink":"/api/v1/namespaces/oc-cd-1017-pranavd-pd/pods/productconfigurator-acti-7955f759c7-7g46d","uid":"a2ba9378-b721-11e8-bb86-0050569a887c","resourceVersion":"66124288","creationTimestamp":"2018-09-13T06:52:52Z","labels":{"app":"productconfigurator-acti","microservice":"productconfigurator-acti","pod-template-hash":"3511931573","project":"productconfigurator-action","provider":"amdocs","release":"productconfigurator-action-release"},"annotations":{"git-commit":"77369a12fd7ec6882b6655eccd0b712858e4b522","openshift.io/scc":"anyuid-no-ps"},"ownerReferences":[{"apiVersion":"extensions/v1beta1","kind":"ReplicaSet","name":"productconfigurator-acti-7955f759c7","uid":"a2b30456-b721-11e8-bb86-0050569a887c","controller":true,"blockOwnerDeletion":true}]},"spec":{"volumes":[{"name":"prop-volume","configMap":{"name":"productconfigurator-action-service-appconfig","defaultMode":420,"optional":true}},{"name":"default-token-vdgk4","secret":{"secretName":"default-token-vdgk4","defaultMode":420}}],"containers":[{"name":"productconfigurator-action-service-container","image":"illin5564.corp.amdocs.com:5000/productconfigurator-action-service:0.1.1-0041","ports":[{"name":"prometheus","containerPort":5555,"protocol":"TCP"},{"name":"http","containerPort":8080,"protocol":"TCP"},{"name":"jacoco","containerPort":6300,"protocol":"TCP"},{"name":"management","containerPort":18080,"protocol":"TCP"}],"env":[{"name":"KUBERNETES_NAMESPACE","valueFrom":{"fieldRef":{"apiVersion":"v1","fieldPath":"metadata.namespace"}}},{"name":"MSNEXT_JAVA_OPTS","value":" -Xms256m -Xmx1024m -XX:MaxRAM=2048m -XX:+DisableExplicitGC -XX:+UseConcMarkSweepGC -XX:+CMSParallelRemarkEnabled -XX:NewRatio=1 -Xss512k -XX:MaxMetaspaceSize=512m"},{"name":"MSNEXT_MODULE_MGT_DISABLE","value":"msnext-customization"},{"name":"MANAGEMENT_PORT","value":"18080"},{"name":"SERVER_PORT","value":"8080"},{"name":"MSNEXT_CONF_SOURCE_APP","value":"/etc/config"}],"resources":{"limits":{"cpu":"2","memory":"2Gi"},"requests":{"cpu":"200m","memory":"1Gi"}},"volumeMounts":[{"name":"prop-volume","mountPath":"/etc/config"},{"name":"default-token-vdgk4","readOnly":true,"mountPath":"/var/run/secrets/kubernetes.io/serviceaccount"}],"livenessProbe":{"httpGet":{"path":"/health","port":18080,"scheme":"HTTP"},"initialDelaySeconds":900,"timeoutSeconds":10,"periodSeconds":10,"successThreshold":1,"failureThreshold":3},"readinessProbe":{"httpGet":{"path":"/health","port":18080,"scheme":"HTTP"},"initialDelaySeconds":30,"timeoutSeconds":10,"periodSeconds":10,"successThreshold":1,"failureThreshold":3},"terminationMessagePath":"/dev/termination-log","terminationMessagePolicy":"File","imagePullPolicy":"IfNotPresent","securityContext":{"capabilities":{"drop":["MKNOD"]},"privileged":false}}],"restartPolicy":"Always","terminationGracePeriodSeconds":30,"dnsPolicy":"ClusterFirst","nodeSelector":{"region":"work"},"serviceAccountName":"default","serviceAccount":"default","nodeName":"ilocpde01w30.corp.amdocs.com","securityContext":{"seLinuxOptions":{"level":"s0:c82,c59"}},"imagePullSecrets":[{"name":"productconfigurator-action-ms-secret"}],"schedulerName":"default-scheduler","tolerations":[{"key":"node.kubernetes.io/memory-pressure","operator":"Exists","effect":"NoSchedule"}]},"status":{"phase":"Running","conditions":[{"type":"Initialized","status":"True","lastProbeTime":null,"lastTransitionTime":"2018-09-13T06:52:52Z"},{"type":"Ready","status":"True","lastProbeTime":null,"lastTransitionTime":"2018-09-13T06:54:08Z"},{"type":"PodScheduled","status":"True","lastProbeTime":null,"lastTransitionTime":"2018-09-13T06:52:52Z"}],"podIP":"10.128.70.14","startTime":"2018-09-13T06:52:52Z","containerStatuses":[{"name":"productconfigurator-action-service-container","state":{"running":{"startedAt":"2018-09-13T06:52:56Z"}},"lastState":{},"ready":true,"restartCount":0,"image":"illin5564.corp.amdocs.com:5000/productconfigurator-action-service:0.1.1-0041","imageID":"docker-pullable://illin5564.corp.amdocs.com:5000/productconfigurator-action-service@sha256:7235a8ea4a89ae30509fef3a0cc5352175694a1bbd9d657b52b339d3d1d48167","containerID":"docker://eb013bc6487c27072ae7055ebc42024619c014b04dae454bd3326ef3cc07fb33"}],"qosClass":"Burstable"}},{"metadata":{"name":"productconfigurator-comm-d4c89fc7d-ns6dt","generateName":"productconfigurator-comm-d4c89fc7d-","namespace":"oc-cd-1017-pranavd-pd","selfLink":"/api/v1/namespaces/oc-cd-1017-pranavd-pd/pods/productconfigurator-comm-d4c89fc7d-ns6dt","uid":"a2e58329-b721-11e8-bb86-0050569a887c","resourceVersion":"66124973","creationTimestamp":"2018-09-13T06:52:52Z","labels":{"app":"productconfigurator-comm","microservice":"productconfigurator-comm","pod-template-hash":"807459738","project":"productconfigurator-commitmentterm","provider":"amdocs","release":"productconfigurator-commitmentterm-release"},"annotations":{"fabric8.io/iconUrl":"img/icons/spring-boot.svg","git-commit":"4aaf655eab813d1bfcf2b0619cad109941f8fe49","openshift.io/scc":"anyuid-no-ps"},"ownerReferences":[{"apiVersion":"extensions/v1beta1","kind":"ReplicaSet","name":"productconfigurator-comm-d4c89fc7d","uid":"a2cfd2d8-b721-11e8-bb86-0050569a887c","controller":true,"blockOwnerDeletion":true}]},"spec":{"volumes":[{"name":"prop-volume","configMap":{"name":"productconfigurator-commitmentterm-service-appconfigmap","defaultMode":420}},{"name":"default-token-vdgk4","secret":{"secretName":"default-token-vdgk4","defaultMode":420}}],"containers":[{"name":"productconfigurator-commitmentterm-service-container","image":"illin5564.corp.amdocs.com:5000/productconfigurator-commitmentterm-service:0.1.1-0030","ports":[{"name":"http","containerPort":8080,"protocol":"TCP"},{"name":"prometheus","containerPort":5555,"protocol":"TCP"},{"name":"jacoco","containerPort":6300,"protocol":"TCP"},{"name":"management","containerPort":18080,"protocol":"TCP"}],"env":[{"name":"KUBERNETES_NAMESPACE","valueFrom":{"fieldRef":{"apiVersion":"v1","fieldPath":"metadata.namespace"}}},{"name":"MSNEXT_JAVA_OPTS","value":" -Xms256m -Xmx1024m -XX:MaxRAM=2048m -XX:+DisableExplicitGC -XX:+UseConcMarkSweepGC -XX:+CMSParallelRemarkEnabled -XX:NewRatio=1 -Xss512k -XX:MaxMetaspaceSize=512m -Dcom.amdocs.msnext.securitya3s.url=http://10.238.196.7:30081/asmServices/services/v1.0"},{"name":"MSNEXT_CONF_SOURCE_APP","value":"/etc/config"},{"name":"MSNEXT_DISABLED_MODULES","value":"msnext-customization"},{"name":"MANAGEMENT_PORT","value":"18080"},{"name":"SERVER_PORT","value":"8080"},{"name":"MSNEXT_CONF_SOURCE_APP","value":"/etc/config"}],"resources":{"limits":{"cpu":"2","memory":"2Gi"},"requests":{"cpu":"200m","memory":"1Gi"}},"volumeMounts":[{"name":"prop-volume","mountPath":"/etc/config"},{"name":"default-token-vdgk4","readOnly":true,"mountPath":"/var/run/secrets/kubernetes.io/serviceaccount"}],"livenessProbe":{"httpGet":{"path":"/health","port":18080,"scheme":"HTTP"},"initialDelaySeconds":900,"timeoutSeconds":10,"periodSeconds":10,"successThreshold":1,"failureThreshold":3},"readinessProbe":{"httpGet":{"path":"/health","port":18080,"scheme":"HTTP"},"initialDelaySeconds":30,"timeoutSeconds":10,"periodSeconds":10,"successThreshold":1,"failureThreshold":3},"terminationMessagePath":"/dev/termination-log","terminationMessagePolicy":"File","imagePullPolicy":"IfNotPresent","securityContext":{"capabilities":{"drop":["MKNOD"]},"privileged":false}}],"restartPolicy":"Always","terminationGracePeriodSeconds":30,"dnsPolicy":"ClusterFirst","nodeSelector":{"region":"work"},"serviceAccountName":"default","serviceAccount":"default","nodeName":"ilocpde01w28.corp.amdocs.com","securityContext":{"seLinuxOptions":{"level":"s0:c82,c59"}},"imagePullSecrets":[{"name":"productconfigurator-commitmentterm-ms-secret"}],"schedulerName":"default-scheduler","tolerations":[{"key":"node.kubernetes.io/memory-pressure","operator":"Exists","effect":"NoSchedule"}]},"status":{"phase":"Running","conditions":[{"type":"Initialized","status":"True","lastProbeTime":null,"lastTransitionTime":"2018-09-13T06:52:53Z"},{"type":"Ready","status":"True","lastProbeTime":null,"lastTransitionTime":"2018-09-13T06:54:46Z"},{"type":"PodScheduled","status":"True","lastProbeTime":null,"lastTransitionTime":"2018-09-13T06:52:52Z"}],"hostIP":"10.245.251.169","podIP":"10.128.69.245","startTime":"2018-09-13T06:52:53Z","containerStatuses":[{"name":"productconfigurator-commitmentterm-service-container","state":{"running":{"startedAt":"2018-09-13T06:53:27Z"}},"lastState":{},"ready":true,"restartCount":0,"image":"illin5564.corp.amdocs.com:5000/productconfigurator-commitmentterm-service:0.1.1-0030","imageID":"docker-pullable://illin5564.corp.amdocs.com:5000/productconfigurator-commitmentterm-service@sha256:2326afadfd778a0a6154ddf9dea3ce73c11f773ab4eec7ed069010037b19fe54","containerID":"docker://36e0ee64f52d0c4d5de02b8bde2fbd2457b3fb0265720119613eace92b7d5777"}],"qosClass":"Burstable"}},{"metadata":{"name":"productconfigurator-pric-55fcc47c6f-ltbnk","generateName":"productconfigurator-pric-55fcc47c6f-","namespace":"oc-cd-1017-pranavd-pd","selfLink":"/api/v1/namespaces/oc-cd-1017-pranavd-pd/pods/productconfigurator-pric-55fcc47c6f-ltbnk","uid":"a2f5bab5-b721-11e8-bb86-0050569a887c","resourceVersion":"66124125","creationTimestamp":"2018-09-13T06:52:53Z","labels":{"app":"productconfigurator-pric","microservice":"productconfigurator-pric","pod-template-hash":"1197703729","project":"productconfigurator-price","provider":"amdocs","release":"productconfigurator-price-release"},"annotations":{"git-commit":"74989afe41ff609654aeae13a95ec34bb1343204","openshift.io/scc":"anyuid-no-ps"},"ownerReferences":[{"apiVersion":"extensions/v1beta1","kind":"ReplicaSet","name":"productconfigurator-pric-55fcc47c6f","uid":"a2ed45e9-b721-11e8-bb86-0050569a887c","controller":true,"blockOwnerDeletion":true}]},"spec":{"volumes":[{"name":"default-token-vdgk4","secret":{"secretName":"default-token-vdgk4","defaultMode":420}}],"containers":[{"name":"productconfigurator-price-service-container","image":"illin5564.corp.amdocs.com:5000/productconfigurator-price-service:0.1.1-0066","ports":[{"name":"http","containerPort":8080,"protocol":"TCP"},{"name":"prometheus","containerPort":5555,"protocol":"TCP"},{"name":"jacoco","containerPort":6300,"protocol":"TCP"},{"name":"management","containerPort":18080,"protocol":"TCP"}],"env":[{"name":"KUBERNETES_NAMESPACE","valueFrom":{"fieldRef":{"apiVersion":"v1","fieldPath":"metadata.namespace"}}},{"name":"MSNEXT_JAVA_OPTS","value":" -Xms256m -Xmx1024m -XX:MaxRAM=2048m -XX:+DisableExplicitGC -XX:+UseConcMarkSweepGC -XX:+CMSParallelRemarkEnabled -XX:NewRatio=1 -Xss512k -XX:MaxMetaspaceSize=512m"},{"name":"MSNEXT_DISABLED_MODULES","value":"msnext-customization"},{"name":"MANAGEMENT_PORT","value":"18080"},{"name":"SERVER_PORT","value":"8080"},{"name":"TZ","value":"UTC"}],"resources":{"limits":{"cpu":"2","memory":"2Gi"},"requests":{"cpu":"200m","memory":"1Gi"}},"volumeMounts":[{"name":"default-token-vdgk4","readOnly":true,"mountPath":"/var/run/secrets/kubernetes.io/serviceaccount"}],"livenessProbe":{"httpGet":{"path":"/health","port":18080,"scheme":"HTTP"},"initialDelaySeconds":900,"timeoutSeconds":10,"periodSeconds":10,"successThreshold":1,"failureThreshold":3},"readinessProbe":{"httpGet":{"path":"/health","port":18080,"scheme":"HTTP"},"initialDelaySeconds":30,"timeoutSeconds":10,"periodSeconds":10,"successThreshold":1,"failureThreshold":3},"terminationMessagePath":"/dev/termination-log","terminationMessagePolicy":"File","imagePullPolicy":"IfNotPresent","securityContext":{"capabilities":{"drop":["MKNOD"]},"privileged":false}}],"restartPolicy":"Always","terminationGracePeriodSeconds":30,"dnsPolicy":"ClusterFirst","nodeSelector":{"region":"work"},"serviceAccountName":"default","serviceAccount":"default","nodeName":"ilocpde01w05.corp.amdocs.com","securityContext":{"seLinuxOptions":{"level":"s0:c82,c59"}},"imagePullSecrets":[{"name":"productconfigurator-price-ms-secret"}],"schedulerName":"default-scheduler","tolerations":[{"key":"node.kubernetes.io/memory-pressure","operator":"Exists","effect":"NoSchedule"}]},"status":{"phase":"Running","conditions":[{"type":"Initialized","status":"True","lastProbeTime":null,"lastTransitionTime":"2018-09-13T06:52:53Z"},{"type":"Ready","status":"True","lastProbeTime":null,"lastTransitionTime":"2018-09-13T06:53:56Z"},{"type":"PodScheduled","status":"True","lastProbeTime":null,"lastTransitionTime":"2018-09-13T06:52:53Z"}],"hostIP":"10.245.250.24","podIP":"10.128.17.87","startTime":"2018-09-13T06:52:53Z","containerStatuses":[{"name":"productconfigurator-price-service-container","state":{"running":{"startedAt":"2018-09-13T06:52:55Z"}},"lastState":{},"ready":true,"restartCount":0,"image":"illin5564.corp.amdocs.com:5000/productconfigurator-price-service:0.1.1-0066","imageID":"docker-pullable://illin5564.corp.amdocs.com:5000/productconfigurator-price-service@sha256:902bed74b92f1b5d75c2d1bf46d53c1f67cb117145fbd207e0e71f9496a845db","containerID":"docker://381da3ca4e99133cfc513017884df806db357f0374225c5416261b074991916c"}],"qosClass":"Burstable"}},{"metadata":{"name":"productconfigurator-qual-7c879d5c97-pv42v","generateName":"productconfigurator-qual-7c879d5c97-","namespace":"oc-cd-1017-pranavd-pd","selfLink":"/api/v1/namespaces/oc-cd-1017-pranavd-pd/pods/productconfigurator-qual-7c879d5c97-pv42v","uid":"a303b426-b721-11e8-bb86-0050569a887c","resourceVersion":"66124618","creationTimestamp":"2018-09-13T06:52:53Z","labels":{"app":"productconfigurator-qual","microservice":"productconfigurator-qual","pod-template-hash":"3743581753","project":"productconfigurator-qualification","provider":"amdocs","release":"productconfigurator-qualification-release"},"annotations":{"git-commit":"da79a2a01247a28ac602f010aca599b3d1a8b6c5","openshift.io/scc":"anyuid-no-ps"},"ownerReferences":[{"apiVersion":"extensions/v1beta1","kind":"ReplicaSet","name":"productconfigurator-qual-7c879d5c97","uid":"a2fb8fdc-b721-11e8-bb86-0050569a887c","controller":true,"blockOwnerDeletion":true}]},"spec":{"volumes":[{"name":"productconfigurator-qualification-volume-jwt-validation-conf","configMap":{"name":"productconfigurator-qualification-jwt-validation-configmap","items":[{"key":"application.yaml","path":"application.yaml"}],"defaultMode":420}},{"name":"prop-volume","configMap":{"name":"productconfigurator-qualification-service-appconfig","defaultMode":420,"optional":true}},{"name":"default-token-vdgk4","secret":{"secretName":"default-token-vdgk4","defaultMode":420}}],"containers":[{"name":"productconfigurator-qualification-service-container","image":"illin5564.corp.amdocs.com:5000/productconfigurator-qualification-service:0.1.1-0034","ports":[{"name":"http","containerPort":8080,"protocol":"TCP"},{"name":"https","containerPort":8443,"protocol":"TCP"},{"name":"management","containerPort":18080,"protocol":"TCP"}],"env":[{"name":"KUBERNETES_NAMESPACE","valueFrom":{"fieldRef":{"apiVersion":"v1","fieldPath":"metadata.namespace"}}},{"name":"MSNEXT_JAVA_OPTS","value":" -Xms256m -Xmx1024m -XX:MaxRAM=2048m -XX:+DisableExplicitGC -XX:+UseConcMarkSweepGC -XX:+CMSParallelRemarkEnabled -XX:NewRatio=1 -Xss512k -XX:MaxMetaspaceSize=512m"},{"name":"SERVER_PORT","value":"8080"},{"name":"MSNEXT_DISABLED_MODULES","value":"msnext-customization"},{"name":"MANAGEMENT_PORT","value":"18080"},{"name":"MALLOC_ARENA_MAX","value":"4"},{"name":"MSNEXT_CONF_SOURCE_APP","value":"/etc/config"},{"name":"MSNEXT_CONF_SOURCE_IDM","value":"/run/secrets/msNextConfSourceIdm1"}],"resources":{"limits":{"cpu":"2","memory":"2Gi"},"requests":{"cpu":"200m","memory":"1Gi"}},"volumeMounts":[{"name":"productconfigurator-qualification-volume-jwt-validation-conf","mountPath":"/run/secrets/msNextConfSourceIdm1"},{"name":"prop-volume","mountPath":"/etc/config"},{"name":"default-token-vdgk4","readOnly":true,"mountPath":"/var/run/secrets/kubernetes.io/serviceaccount"}],"livenessProbe":{"httpGet":{"path":"/health","port":18080,"scheme":"HTTP"},"initialDelaySeconds":900,"timeoutSeconds":10,"periodSeconds":10,"successThreshold":1,"failureThreshold":3},"readinessProbe":{"httpGet":{"path":"/health","port":18080,"scheme":"HTTP"},"initialDelaySeconds":30,"timeoutSeconds":10,"periodSeconds":10,"successThreshold":1,"failureThreshold":3},"terminationMessagePath":"/dev/termination-log","terminationMessagePolicy":"File","imagePullPolicy":"IfNotPresent","securityContext":{"capabilities":{"drop":["MKNOD"]},"privileged":false}}],"restartPolicy":"Always","terminationGracePeriodSeconds":30,"dnsPolicy":"ClusterFirst","nodeSelector":{"region":"work"},"serviceAccountName":"default","serviceAccount":"default","nodeName":"ilocpde01w03.corp.amdocs.com","securityContext":{"seLinuxOptions":{"level":"s0:c82,c59"}},"imagePullSecrets":[{"name":"productconfigurator-qualification-ms-secret"}],"schedulerName":"default-scheduler","tolerations":[{"key":"node.kubernetes.io/memory-pressure","operator":"Exists","effect":"NoSchedule"}]},"status":{"phase":"Running","conditions":[{"type":"Initialized","status":"True","lastProbeTime":null,"lastTransitionTime":"2018-09-13T06:52:53Z"},{"type":"Ready","status":"True","lastProbeTime":null,"lastTransitionTime":"2018-09-13T06:54:29Z"},{"type":"PodScheduled","status":"True","lastProbeTime":null,"lastTransitionTime":"2018-09-13T06:52:53Z"}],"hostIP":"10.245.250.22","podIP":"10.128.11.176","startTime":"2018-09-13T06:52:53Z","containerStatuses":[{"name":"productconfigurator-qualification-service-container","state":{"running":{"startedAt":"2018-09-13T06:53:27Z"}},"lastState":{},"ready":true,"restartCount":0,"image":"illin5564.corp.amdocs.com:5000/productconfigurator-qualification-service:0.1.1-0034","imageID":"docker-pullable://illin5564.corp.amdocs.com:5000/productconfigurator-qualification-service@sha256:3efe9793b5a43687247fbd257fc677977b7d69a6da1f2afbc446aef8627cf6f3","containerID":"docker://a1c4506a3a682e46f8cc1e9ae9954c70b7292b9e0db78165d5444709e03be369"}],"qosClass":"Burstable"}},{"metadata":{"name":"productconfigurator-rele-59c4bb44b7-5ltqq","generateName":"productconfigurator-rele-59c4bb44b7-","namespace":"oc-cd-1017-pranavd-pd","selfLink":"/api/v1/namespaces/oc-cd-1017-pranavd-pd/pods/productconfigurator-rele-59c4bb44b7-5ltqq","uid":"a3114e4d-b721-11e8-bb86-0050569a887c","resourceVersion":"66124279","creationTimestamp":"2018-09-13T06:52:53Z","labels":{"app":"productconfigurator-rele","microservice":"productconfigurator","pod-template-hash":"1570660063","project":"productconfigurator","provider":"amdocs","release":"productconfigurator-release"},"annotations":{"git-commit":"069b9d82d9e13d12f01414210aa64d261ac30c99","openshift.io/scc":"anyuid-no-ps"},"ownerReferences":[{"apiVersion":"extensions/v1beta1","kind":"ReplicaSet","name":"productconfigurator-rele-59c4bb44b7","uid":"a3077fd1-b721-11e8-bb86-0050569a887c","controller":true,"blockOwnerDeletion":true}]},"spec":{"volumes":[{"name":"default-token-vdgk4","secret":{"secretName":"default-token-vdgk4","defaultMode":420}}],"containers":[{"name":"productconfigurator-service-container","image":"illin5564.corp.amdocs.com:5000/productconfigurator-service:0.1.1-0138","ports":[{"name":"http","containerPort":8080,"protocol":"TCP"},{"name":"prometheus","containerPort":5555,"protocol":"TCP"},{"name":"https","containerPort":8443,"protocol":"TCP"},{"name":"management","containerPort":18080,"protocol":"TCP"}],"env":[{"name":"KUBERNETES_NAMESPACE","valueFrom":{"fieldRef":{"apiVersion":"v1","fieldPath":"metadata.namespace"}}},{"name":"MSNEXT_JAVA_OPTS","value":" -Xms256m -Xmx1024m -XX:MaxRAM=2048m -XX:+DisableExplicitGC -XX:+UseConcMarkSweepGC -XX:+CMSParallelRemarkEnabled -XX:NewRatio=1 -Xss512k -XX:MaxMetaspaceSize=512m"},{"name":"SERVER_PORT","value":"8080"},{"name":"MSNEXT_DISABLED_MODULES","value":"msnext-customization"},{"name":"MANAGEMENT_PORT","value":"18080"}],"resources":{"limits":{"cpu":"2","memory":"2Gi"},"requests":{"cpu":"200m","memory":"1Gi"}},"volumeMounts":[{"name":"default-token-vdgk4","readOnly":true,"mountPath":"/var/run/secrets/kubernetes.io/serviceaccount"}],"livenessProbe":{"httpGet":{"path":"/health","port":18080,"scheme":"HTTP"},"initialDelaySeconds":900,"timeoutSeconds":10,"periodSeconds":10,"successThreshold":1,"failureThreshold":3},"readinessProbe":{"httpGet":{"path":"/health","port":18080,"scheme":"HTTP"},"initialDelaySeconds":30,"timeoutSeconds":10,"periodSeconds":10,"successThreshold":1,"failureThreshold":3},"terminationMessagePath":"/dev/termination-log","terminationMessagePolicy":"File","imagePullPolicy":"IfNotPresent","securityContext":{"capabilities":{"drop":["MKNOD"]},"privileged":false}}],"restartPolicy":"Always","terminationGracePeriodSeconds":30,"dnsPolicy":"ClusterFirst","nodeSelector":{"region":"work"},"serviceAccountName":"default","serviceAccount":"default","nodeName":"ilocpde01w02.corp.amdocs.com","securityContext":{"seLinuxOptions":{"level":"s0:c82,c59"}},"imagePullSecrets":[{"name":"productconfigurator-ms-secret"}],"schedulerName":"default-scheduler","tolerations":[{"key":"node.kubernetes.io/memory-pressure","operator":"Exists","effect":"NoSchedule"}]},"status":{"phase":"Running","conditions":[{"type":"Initialized","status":"True","lastProbeTime":null,"lastTransitionTime":"2018-09-13T06:52:53Z"},{"type":"Ready","status":"True","lastProbeTime":null,"lastTransitionTime":"2018-09-13T06:54:07Z"},{"type":"PodScheduled","status":"True","lastProbeTime":null,"lastTransitionTime":"2018-09-13T06:52:53Z"}],"hostIP":"10.245.250.21","podIP":"10.128.12.141","startTime":"2018-09-13T06:52:53Z","containerStatuses":[{"name":"productconfigurator-service-container","state":{"running":{"startedAt":"2018-09-13T06:52:55Z"}},"lastState":{},"ready":true,"restartCount":0,"image":"illin5564.corp.amdocs.com:5000/productconfigurator-service:0.1.1-0138","imageID":"docker-pullable://illin5564.corp.amdocs.com:5000/productconfigurator-service@sha256:48969f7f89f010bb755cb3851cde7292583a552ce19d0f2f54dedfa67e8d4ab6","containerID":"docker://d164dfaa2a45602c9c0d402122fd8d66f60314af17ba981f3cfe19e11338520b"}],"qosClass":"Burstable"}},{"metadata":{"name":"productorder-amendodr-r-6694f6dc4c-sxbkz","generateName":"productorder-amendodr-r-6694f6dc4c-","namespace":"oc-cd-1017-pranavd-pd","selfLink":"/api/v1/namespaces/oc-cd-1017-pranavd-pd/pods/productorder-amendodr-r-6694f6dc4c-sxbkz","uid":"a324c683-b721-11e8-bb86-0050569a887c","resourceVersion":"66124535","creationTimestamp":"2018-09-13T06:52:53Z","labels":{"app":"productorder-amendodr-r","microservice":"productorder-amendorder","pod-template-hash":"2250928707","project":"productorder-amendorder","provider":"amdocs","release":"productorder-amendodr-release"},"annotations":{"fabric8.io/iconUrl":"img/icons/spring-boot.svg","git-commit":"898528e0ba4512f854cecaee4adcbdd8cef972d4","openshift.io/scc":"anyuid-no-ps"},"ownerReferences":[{"apiVersion":"extensions/v1beta1","kind":"ReplicaSet","name":"productorder-amendodr-r-6694f6dc4c","uid":"a317a0f9-b721-11e8-bb86-0050569a887c","controller":true,"blockOwnerDeletion":true}]},"spec":{"volumes":[{"name":"prop-volume","configMap":{"name":"productorder-amendorder-service-appconfig","defaultMode":420,"optional":true}},{"name":"default-token-vdgk4","secret":{"secretName":"default-token-vdgk4","defaultMode":420}}],"containers":[{"name":"productorder-amendorder-service-container","image":"illin5564.corp.amdocs.com:5000/productorder-amendorder-service:0.1.1-0019","ports":[{"name":"http","containerPort":8080,"protocol":"TCP"},{"name":"jacoco","containerPort":6300,"protocol":"TCP"},{"name":"metrics","containerPort":5555,"protocol":"TCP"},{"name":"management","containerPort":18080,"protocol":"TCP"}],"env":[{"name":"KUBERNETES_NAMESPACE","valueFrom":{"fieldRef":{"apiVersion":"v1","fieldPath":"metadata.namespace"}}},{"name":"MSNEXT_JAVA_OPTS","value":" -Xms256m -Xmx1024m -XX:MaxRAM=2048m -XX:+DisableExplicitGC -XX:+UseConcMarkSweepGC -XX:+CMSParallelRemarkEnabled -XX:NewRatio=1 -Xss512k -XX:MaxMetaspaceSize=512m"},{"name":"DOX_EXCLUDED_MODULES","value":"msnext-customization"},{"name":"MANAGEMENT_PORT","value":"18080"},{"name":"SERVER_PORT","value":"8080"},{"name":"MSNEXT_CONF_SOURCE_APP","value":"/etc/config"}],"resources":{"limits":{"cpu":"2","memory":"2Gi"},"requests":{"cpu":"200m","memory":"1Gi"}},"volumeMounts":[{"name":"prop-volume","mountPath":"/etc/config"},{"name":"default-token-vdgk4","readOnly":true,"mountPath":"/var/run/secrets/kubernetes.io/serviceaccount"}],"livenessProbe":{"httpGet":{"path":"/health","port":18080,"scheme":"HTTP"},"initialDelaySeconds":900,"timeoutSeconds":10,"periodSeconds":10,"successThreshold":1,"failureThreshold":3},"readinessProbe":{"httpGet":{"path":"/health","port":18080,"scheme":"HTTP"},"initialDelaySeconds":30,"timeoutSeconds":10,"periodSeconds":10,"successThreshold":1,"failureThreshold":3},"terminationMessagePath":"/dev/termination-log","terminationMessagePolicy":"File","imagePullPolicy":"IfNotPresent","securityContext":{"capabilities":{"drop":["MKNOD"]},"privileged":false}}],"restartPolicy":"Always","terminationGracePeriodSeconds":30,"dnsPolicy":"ClusterFirst","nodeSelector":{"region":"work"},"serviceAccountName":"default","serviceAccount":"default","nodeName":"ilocpde01w30.corp.amdocs.com","securityContext":{"seLinuxOptions":{"level":"s0:c82,c59"}},"imagePullSecrets":[{"name":"productorder-amendorder-ms-secret"}],"schedulerName":"default-scheduler","tolerations":[{"key":"node.kubernetes.io/memory-pressure","operator":"Exists","effect":"NoSchedule"}]},"status":{"phase":"Running","conditions":[{"type":"Initialized","status":"True","lastProbeTime":null,"lastTransitionTime":"2018-09-13T06:52:53Z"},{"type":"Ready","status":"True","lastProbeTime":null,"lastTransitionTime":"2018-09-13T06:54:25Z"},{"type":"PodScheduled","status":"True","lastProbeTime":null,"lastTransitionTime":"2018-09-13T06:52:53Z"}],"podIP":"10.128.70.15","startTime":"2018-09-13T06:52:53Z","containerStatuses":[{"name":"productorder-amendorder-service-container","state":{"running":{"startedAt":"2018-09-13T06:52:57Z"}},"lastState":{},"ready":true,"restartCount":0,"image":"illin5564.corp.amdocs.com:5000/productorder-amendorder-service:0.1.1-0019","imageID":"docker-pullable://illin5564.corp.amdocs.com:5000/productorder-amendorder-service@sha256:2d86d9750b219cde6b8f2866df8f0f0189f499b22e8ab1dc253086b922782c7c","containerID":"docker://c01e58a9a91e761cc33f8df9766e254b838d7b3eda9b86472a23c9ac138f6067"}],"qosClass":"Burstable"}},{"metadata":{"name":"productorder-deliverymethodorder-release-productorder-delidbdpf","generateName":"productorder-deliverymethodorder-release-productorder-deliverym-7d995fff95-","namespace":"oc-cd-1017-pranavd-pd","selfLink":"/api/v1/namespaces/oc-cd-1017-pranavd-pd/pods/productorder-deliverymethodorder-release-productorder-delidbdpf","uid":"a33ed7f1-b721-11e8-bb86-0050569a887c","resourceVersion":"66124317","creationTimestamp":"2018-09-13T06:52:53Z","labels":{"app":"productorder-deliverymethodorder-release-productorder-deliverym","microservice":"productorder-deliverymet","pod-template-hash":"3855199951","project":"productorder-deliverymethodorder","provider":"amdocs","release":"productorder-deliverymethodorder-release"},"annotations":{"fabric8.io/iconUrl":"img/icons/spring-boot.svg","git-commit":"84e2858ab6562378a5336995af5259426eefb325","openshift.io/scc":"anyuid-no-ps"},"ownerReferences":[{"apiVersion":"extensions/v1beta1","kind":"ReplicaSet","name":"productorder-deliverymethodorder-release-productorder-deliverym-7d995fff95","uid":"a3315902-b721-11e8-bb86-0050569a887c","controller":true,"blockOwnerDeletion":true}]},"spec":{"volumes":[{"name":"default-token-vdgk4","secret":{"secretName":"default-token-vdgk4","defaultMode":420}}],"containers":[{"name":"productorder-deliverymethodorder-service-container","image":"illin5564.corp.amdocs.com:5000/productorder-deliverymethodorder-service:0.1.1-0027","ports":[{"name":"http","containerPort":8080,"protocol":"TCP"},{"name":"https","containerPort":8443,"protocol":"TCP"},{"name":"metrics","containerPort":5555,"protocol":"TCP"},{"name":"jacoco","containerPort":6300,"protocol":"TCP"},{"name":"management","containerPort":18080,"protocol":"TCP"}],"env":[{"name":"KUBERNETES_NAMESPACE","valueFrom":{"fieldRef":{"apiVersion":"v1","fieldPath":"metadata.namespace"}}},{"name":"MSNEXT_JAVA_OPTS","value":" -Xms256m -Xmx1024m -XX:MaxRAM=2048m -XX:+DisableExplicitGC -XX:+UseConcMarkSweepGC -XX:+CMSParallelRemarkEnabled -XX:NewRatio=1 -Xss512k -XX:MaxMetaspaceSize=512m"},{"name":"SERVER_PORT","value":"8080"},{"name":"MSNEXT_DISABLED_MODULES","value":"msnext-customization"},{"name":"MANAGEMENT_PORT","value":"18080"},{"name":"MALLOC_ARENA_MAX","value":"4"}],"resources":{"limits":{"cpu":"2","memory":"2Gi"},"requests":{"cpu":"200m","memory":"1Gi"}},"volumeMounts":[{"name":"default-token-vdgk4","readOnly":true,"mountPath":"/var/run/secrets/kubernetes.io/serviceaccount"}],"livenessProbe":{"httpGet":{"path":"/health","port":18080,"scheme":"HTTP"},"initialDelaySeconds":900,"timeoutSeconds":10,"periodSeconds":10,"successThreshold":1,"failureThreshold":3},"readinessProbe":{"httpGet":{"path":"/health","port":18080,"scheme":"HTTP"},"initialDelaySeconds":30,"timeoutSeconds":10,"periodSeconds":10,"successThreshold":1,"failureThreshold":3},"terminationMessagePath":"/dev/termination-log","terminationMessagePolicy":"File","imagePullPolicy":"IfNotPresent","securityContext":{"capabilities":{"drop":["MKNOD"]},"privileged":false}}],"restartPolicy":"Always","terminationGracePeriodSeconds":30,"dnsPolicy":"ClusterFirst","nodeSelector":{"region":"work"},"serviceAccountName":"default","serviceAccount":"default","nodeName":"ilocpde01w27.corp.amdocs.com","securityContext":{"seLinuxOptions":{"level":"s0:c82,c59"}},"imagePullSecrets":[{"name":"productorder-deliverymethodorder-ms-secret"}],"schedulerName":"default-scheduler","tolerations":[{"key":"node.kubernetes.io/memory-pressure","operator":"Exists","effect":"NoSchedule"}]},"status":{"phase":"Running","conditions":[{"type":"Initialized","status":"True","lastProbeTime":null,"lastTransitionTime":"2018-09-13T06:52:53Z"},{"type":"Ready","status":"True","lastProbeTime":null,"lastTransitionTime":"2018-09-13T06:54:10Z"},{"type":"PodScheduled","status":"True","lastProbeTime":null,"lastTransitionTime":"2018-09-13T06:52:53Z"}],"hostIP":"10.245.251.168","podIP":"10.128.64.34","startTime":"2018-09-13T06:52:53Z","containerStatuses":[{"name":"productorder-deliverymethodorder-service-container","state":{"running":{"startedAt":"2018-09-13T06:52:56Z"}},"lastState":{},"ready":true,"restartCount":0,"image":"illin5564.corp.amdocs.com:5000/productorder-deliverymethodorder-service:0.1.1-0027","imageID":"docker-pullable://illin5564.corp.amdocs.com:5000/productorder-deliverymethodorder-service@sha256:7e9da01d788f9ad6d1ba92e4b02e8724724473cd299d7b71bb931b72d72e6028","containerID":"docker://b84feea5b320015d17de4a1f2c72a641f1130a755bd5a271558fd3fa8f1d8d05"}],"qosClass":"Burstable"}},{"metadata":{"name":"productorder-futurelaunc-85884df4f8-mc9rt","generateName":"productorder-futurelaunc-85884df4f8-","namespace":"oc-cd-1017-pranavd-pd","selfLink":"/api/v1/namespaces/oc-cd-1017-pranavd-pd/pods/productorder-futurelaunc-85884df4f8-mc9rt","uid":"a366e180-b721-11e8-bb86-0050569a887c","resourceVersion":"66124583","creationTimestamp":"2018-09-13T06:52:53Z","labels":{"app":"productorder-futurelaunc","microservice":"productorder-futurelaunc","pod-template-hash":"4144089094","project":"productorder-futurelauncher","provider":"amdocs","release":"productorder-futurelauncher-release"},"annotations":{"fabric8.io/iconUrl":"img/icons/spring-boot.svg","git-commit":"76904a486ab6efd9d42b391a1a486c168ee459de","openshift.io/scc":"anyuid-no-ps"},"ownerReferences":[{"apiVersion":"extensions/v1beta1","kind":"ReplicaSet","name":"productorder-futurelaunc-85884df4f8","uid":"a35ada44-b721-11e8-bb86-0050569a887c","controller":true,"blockOwnerDeletion":true}]},"spec":{"volumes":[{"name":"prop-volume","configMap":{"name":"productorder-futurelauncher-service-appconfigmap","defaultMode":420}},{"name":"default-token-vdgk4","secret":{"secretName":"default-token-vdgk4","defaultMode":420}}],"containers":[{"name":"productorder-futurelauncher-service-container","image":"illin5564.corp.amdocs.com:5000/productorder-futurelauncher-service:0.1.1-0065","ports":[{"name":"http","containerPort":8080,"protocol":"TCP"},{"name":"jacoco","containerPort":6300,"protocol":"TCP"},{"name":"metrics","containerPort":5555,"protocol":"TCP"},{"name":"management","containerPort":18080,"protocol":"TCP"}],"env":[{"name":"KUBERNETES_NAMESPACE","valueFrom":{"fieldRef":{"apiVersion":"v1","fieldPath":"metadata.namespace"}}},{"name":"MSNEXT_JAVA_OPTS","value":" -Xms256m -Xmx1024m -XX:MaxRAM=2048m -XX:+DisableExplicitGC -XX:+UseConcMarkSweepGC -XX:+CMSParallelRemarkEnabled -XX:NewRatio=1 -Xss512k -XX:MaxMetaspaceSize=512m"},{"name":"MSNEXT_CONF_SOURCE_APP","value":"/etc/config"},{"name":"MSNEXT_DISABLED_MODULES","value":"msnext-customization"},{"name":"MANAGEMENT_PORT","value":"18080"},{"name":"SERVER_PORT","value":"8080"},{"name":"MALLOC_ARENA_MAX","value":"4"}],"resources":{"limits":{"cpu":"2","memory":"2Gi"},"requests":{"cpu":"200m","memory":"1Gi"}},"volumeMounts":[{"name":"prop-volume","mountPath":"/etc/config"},{"name":"default-token-vdgk4","readOnly":true,"mountPath":"/var/run/secrets/kubernetes.io/serviceaccount"}],"livenessProbe":{"httpGet":{"path":"/health","port":18080,"scheme":"HTTP"},"initialDelaySeconds":900,"timeoutSeconds":10,"periodSeconds":10,"successThreshold":1,"failureThreshold":3},"readinessProbe":{"httpGet":{"path":"/health","port":18080,"scheme":"HTTP"},"initialDelaySeconds":30,"timeoutSeconds":10,"periodSeconds":10,"successThreshold":1,"failureThreshold":3},"terminationMessagePath":"/dev/termination-log","terminationMessagePolicy":"File","imagePullPolicy":"IfNotPresent","securityContext":{"capabilities":{"drop":["MKNOD"]},"privileged":false}}],"restartPolicy":"Always","terminationGracePeriodSeconds":30,"dnsPolicy":"ClusterFirst","nodeSelector":{"region":"work"},"serviceAccountName":"default","serviceAccount":"default","nodeName":"ilocpde01w23.corp.amdocs.com","securityContext":{"seLinuxOptions":{"level":"s0:c82,c59"}},"imagePullSecrets":[{"name":"productorder-futurelauncher-ms-secret"}],"schedulerName":"default-scheduler","tolerations":[{"key":"node.kubernetes.io/memory-pressure","operator":"Exists","effect":"NoSchedule"}]},"status":{"phase":"Running","conditions":[{"type":"Initialized","status":"True","lastProbeTime":null,"lastTransitionTime":"2018-09-13T06:52:53Z"},{"type":"Ready","status":"True","lastProbeTime":null,"lastTransitionTime":"2018-09-13T06:54:27Z"},{"type":"PodScheduled","status":"True","lastProbeTime":null,"lastTransitionTime":"2018-09-13T06:52:53Z"}],"hostIP":"10.245.251.164","podIP":"10.128.54.23","startTime":"2018-09-13T06:52:53Z","containerStatuses":[{"name":"productorder-futurelauncher-service-container","state":{"running":{"startedAt":"2018-09-13T06:53:13Z"}},"lastState":{},"ready":true,"restartCount":0,"image":"illin5564.corp.amdocs.com:5000/productorder-futurelauncher-service:0.1.1-0065","imageID":"docker-pullable://illin5564.corp.amdocs.com:5000/productorder-futurelauncher-service@sha256:b3afd231c02de05d7f9802667a9f72f2aca73097f2876e2a19e719c13540388a","containerID":"docker://94a72ccb5b575e19ee5cfd652972155c527b00e5f47ba97649d51e767925ec60"}],"qosClass":"Burstable"}},{"metadata":{"name":"productorder-limiteddurationproduct-release-productorder-lhlfmq","generateName":"productorder-limiteddurationproduct-release-productorder-limite-79945d9749-","namespace":"oc-cd-1017-pranavd-pd","selfLink":"/api/v1/namespaces/oc-cd-1017-pranavd-pd/pods/productorder-limiteddurationproduct-release-productorder-lhlfmq","uid":"a3799c81-b721-11e8-bb86-0050569a887c","resourceVersion":"66124734","creationTimestamp":"2018-09-13T06:52:53Z","labels":{"app":"productorder-limiteddurationproduct-release-productorder-limite","microservice":"productorder-limiteddurationproduct","pod-template-hash":"3550185305","project":"productorder-limiteddurationproduct","provider":"amdocs","release":"productorder-limiteddurationproduct-release"},"annotations":{"git-commit":"cf2decf23f48a9d534e33172bafcbd152ef9cdb4","openshift.io/scc":"anyuid-no-ps"},"ownerReferences":[{"apiVersion":"extensions/v1beta1","kind":"ReplicaSet","name":"productorder-limiteddurationproduct-release-productorder-limite-79945d9749","uid":"a370eaaf-b721-11e8-bb86-0050569a887c","controller":true,"blockOwnerDeletion":true}]},"spec":{"volumes":[{"name":"prop-volume","configMap":{"name":"productorder-limiteddurationproduct-appconfigmap","defaultMode":420}},{"name":"default-token-vdgk4","secret":{"secretName":"default-token-vdgk4","defaultMode":420}}],"containers":[{"name":"productorder-limiteddurationproduct-service-container","image":"illin5564.corp.amdocs.com:5000/productorder-limiteddurationproduct-service:0.1.0-0008","ports":[{"name":"http","containerPort":8080,"protocol":"TCP"},{"name":"management","containerPort":18080,"protocol":"TCP"}],"env":[{"name":"KUBERNETES_NAMESPACE","valueFrom":{"fieldRef":{"apiVersion":"v1","fieldPath":"metadata.namespace"}}},{"name":"MSNEXT_JAVA_OPTS","value":"-Xms256m -Xmx512m -XX:MaxRAM=1024m -XX:+UseSerialGC"},{"name":"MSNEXT_CONF_SOURCE_APP","value":"/etc/config"},{"name":"MSNEXT_DISABLED_MODULES","value":"msnext-customization"},{"name":"MANAGEMENT_PORT","value":"18080"},{"name":"SERVER_PORT","value":"8080"},{"name":"MALLOC_ARENA_MAX","value":"4"},{"name":"TZ","value":"UTC"}],"resources":{"limits":{"cpu":"2","memory":"2Gi"},"requests":{"cpu":"200m","memory":"1Gi"}},"volumeMounts":[{"name":"prop-volume","mountPath":"/etc/config"},{"name":"default-token-vdgk4","readOnly":true,"mountPath":"/var/run/secrets/kubernetes.io/serviceaccount"}],"livenessProbe":{"httpGet":{"path":"/health","port":18080,"scheme":"HTTP"},"initialDelaySeconds":900,"timeoutSeconds":10,"periodSeconds":10,"successThreshold":1,"failureThreshold":3},"readinessProbe":{"httpGet":{"path":"/health","port":18080,"scheme":"HTTP"},"initialDelaySeconds":30,"timeoutSeconds":10,"periodSeconds":10,"successThreshold":1,"failureThreshold":3},"terminationMessagePath":"/dev/termination-log","terminationMessagePolicy":"File","imagePullPolicy":"IfNotPresent","securityContext":{"capabilities":{"drop":["MKNOD"]},"privileged":false}}],"restartPolicy":"Always","terminationGracePeriodSeconds":30,"dnsPolicy":"ClusterFirst","nodeSelector":{"region":"work"},"serviceAccountName":"default","serviceAccount":"default","nodeName":"ilocpde01w22.corp.amdocs.com","securityContext":{"seLinuxOptions":{"level":"s0:c82,c59"}},"imagePullSecrets":[{"name":"productorder-limiteddurationproduct-ms-secret"}],"schedulerName":"default-scheduler","tolerations":[{"key":"node.kubernetes.io/memory-pressure","operator":"Exists","effect":"NoSchedule"}]},"status":{"phase":"Running","conditions":[{"type":"Initialized","status":"True","lastProbeTime":null,"lastTransitionTime":"2018-09-13T06:52:53Z"},{"type":"Ready","status":"True","lastProbeTime":null,"lastTransitionTime":"2018-09-13T06:54:37Z"},{"type":"PodScheduled","status":"True","lastProbeTime":null,"lastTransitionTime":"2018-09-13T06:52:53Z"}],"hostIP":"10.245.251.163","podIP":"10.128.56.177","startTime":"2018-09-13T06:52:53Z","containerStatuses":[{"name":"productorder-limiteddurationproduct-service-container","state":{"running":{"startedAt":"2018-09-13T06:53:31Z"}},"lastState":{},"ready":true,"restartCount":0,"image":"illin5564.corp.amdocs.com:5000/productorder-limiteddurationproduct-service:0.1.0-0008","imageID":"docker-pullable://illin5564.corp.amdocs.com:5000/productorder-limiteddurationproduct-service@sha256:d032cb5615cd6a44272ed1d425be845b61ea3b8897595af9778fbe67470c0bb0","containerID":"docker://bbabea6f381f736642988ed52ece1934d8efe75fc7275939b457ddd265da3f72"}],"qosClass":"Burstable"}},{"metadata":{"name":"productorder-modifyorder-57975d8ff-zwnjl","generateName":"productorder-modifyorder-57975d8ff-","namespace":"oc-cd-1017-pranavd-pd","selfLink":"/api/v1/namespaces/oc-cd-1017-pranavd-pd/pods/productorder-modifyorder-57975d8ff-zwnjl","uid":"a38b1b17-b721-11e8-bb86-0050569a887c","resourceVersion":"66124150","creationTimestamp":"2018-09-13T06:52:54Z","labels":{"app":"productorder-modifyorder","microservice":"productorder-modifyorder","pod-template-hash":"135318499","project":"productorder-modifyorder","provider":"amdocs","release":"productorder-modifyorder-release"},"annotations":{"fabric8.io/iconUrl":"img/icons/spring-boot.svg","git-commit":"d4e1a338682a687eea182b82cc34e7aec6b3e675","openshift.io/scc":"anyuid-no-ps"},"ownerReferences":[{"apiVersion":"extensions/v1beta1","kind":"ReplicaSet","name":"productorder-modifyorder-57975d8ff","uid":"a37d83fb-b721-11e8-bb86-0050569a887c","controller":true,"blockOwnerDeletion":true}]},"spec":{"volumes":[{"name":"prop-volume","configMap":{"name":"productorder-modifyorder-service-appconfig","defaultMode":420,"optional":true}},{"name":"default-token-vdgk4","secret":{"secretName":"default-token-vdgk4","defaultMode":420}}],"containers":[{"name":"productorder-modifyorder-service-container","image":"illin5564.corp.amdocs.com:5000/productorder-modifyorder-service:0.1.1-0035","ports":[{"name":"http","containerPort":8080,"protocol":"TCP"},{"name":"jacoco","containerPort":6300,"protocol":"TCP"},{"name":"metrics","containerPort":5555,"protocol":"TCP"},{"name":"management","containerPort":18080,"protocol":"TCP"}],"env":[{"name":"KUBERNETES_NAMESPACE","valueFrom":{"fieldRef":{"apiVersion":"v1","fieldPath":"metadata.namespace"}}},{"name":"MSNEXT_JAVA_OPTS","value":" -Xms256m -Xmx1024m -XX:MaxRAM=2048m -XX:+DisableExplicitGC -XX:+UseConcMarkSweepGC -XX:+CMSParallelRemarkEnabled -XX:NewRatio=1 -Xss512k -XX:MaxMetaspaceSize=512m -Dcom.amdocs.msnext.securitya3s.url=http://10.238.196.7:30081/asmServices/services/v1.0"},{"name":"SERVER_PORT","value":"8080"},{"name":"DOX_EXCLUDED_MODULES","value":"msnext-customization"},{"name":"MANAGEMENT_PORT","value":"18080"},{"name":"SERVER_PORT","value":"8080"},{"name":"MSNEXT_CONF_SOURCE_APP","value":"/etc/config"}],"resources":{"limits":{"cpu":"2","memory":"2Gi"},"requests":{"cpu":"200m","memory":"1Gi"}},"volumeMounts":[{"name":"prop-volume","mountPath":"/etc/config"},{"name":"default-token-vdgk4","readOnly":true,"mountPath":"/var/run/secrets/kubernetes.io/serviceaccount"}],"livenessProbe":{"httpGet":{"path":"/health","port":18080,"scheme":"HTTP"},"initialDelaySeconds":900,"timeoutSeconds":10,"periodSeconds":10,"successThreshold":1,"failureThreshold":3},"readinessProbe":{"httpGet":{"path":"/health","port":18080,"scheme":"HTTP"},"initialDelaySeconds":30,"timeoutSeconds":10,"periodSeconds":10,"successThreshold":1,"failureThreshold":3},"terminationMessagePath":"/dev/termination-log","terminationMessagePolicy":"File","imagePullPolicy":"IfNotPresent","securityContext":{"capabilities":{"drop":["MKNOD"]},"privileged":false}}],"restartPolicy":"Always","terminationGracePeriodSeconds":30,"dnsPolicy":"ClusterFirst","nodeSelector":{"region":"work"},"serviceAccountName":"default","serviceAccount":"default","nodeName":"ilocpde01w35.corp.amdocs.com","securityContext":{"seLinuxOptions":{"level":"s0:c82,c59"}},"imagePullSecrets":[{"name":"productorder-modifyorder-ms-secret"}],"schedulerName":"default-scheduler","tolerations":[{"key":"node.kubernetes.io/memory-pressure","operator":"Exists","effect":"NoSchedule"}]},"status":{"phase":"Running","conditions":[{"type":"Initialized","status":"True","lastProbeTime":null,"lastTransitionTime":"2018-09-13T06:52:54Z"},{"type":"Ready","status":"True","lastProbeTime":null,"lastTransitionTime":"2018-09-13T06:53:58Z"},{"type":"PodScheduled","status":"True","lastProbeTime":null,"lastTransitionTime":"2018-09-13T06:52:54Z"}],"hostIP":"10.245.251.176","podIP":"10.128.81.232","startTime":"2018-09-13T06:52:54Z","containerStatuses":[{"name":"productorder-modifyorder-service-container","state":{"running":{"startedAt":"2018-09-13T06:52:56Z"}},"lastState":{},"ready":true,"restartCount":0,"image":"illin5564.corp.amdocs.com:5000/productorder-modifyorder-service:0.1.1-0035","imageID":"docker-pullable://illin5564.corp.amdocs.com:5000/productorder-modifyorder-service@sha256:c20e9e9e2292e8f7615177ee650ff1259193d78b2aa2067b57dd11d99f1f7edb","containerID":"docker://6a1e62121d655b48a15d6270cf3f431df516a28bb98b3a3e3c5071c7c6778d39"}],"qosClass":"Burstable"}},{"metadata":{"name":"productorder-paymentorde-6c5cdf7779-fdlrr","generateName":"productorder-paymentorde-6c5cdf7779-","namespace":"oc-cd-1017-pranavd-pd","selfLink":"/api/v1/namespaces/oc-cd-1017-pranavd-pd/pods/productorder-paymentorde-6c5cdf7779-fdlrr","uid":"a3b77fc6-b721-11e8-bb86-0050569a887c","resourceVersion":"66124639","creationTimestamp":"2018-09-13T06:52:54Z","labels":{"app":"productorder-paymentorde","microservice":"productorder-paymentorde","pod-template-hash":"2717893335","project":"productorder-paymentorder","provider":"amdocs","release":"productorder-paymentorder-release"},"annotations":{"fabric8.io/iconUrl":"img/icons/spring-boot.svg","git-commit":"19e434ccaa6a5a2f3928cb0fe45f7b0c9c2ed1ac","openshift.io/scc":"anyuid-no-ps"},"ownerReferences":[{"apiVersion":"extensions/v1beta1","kind":"ReplicaSet","name":"productorder-paymentorde-6c5cdf7779","uid":"a3acb081-b721-11e8-bb86-0050569a887c","controller":true,"blockOwnerDeletion":true}]},"spec":{"volumes":[{"name":"prop-volume","configMap":{"name":"productorder-paymentorder-service-appconfig","defaultMode":420,"optional":true}},{"name":"default-token-vdgk4","secret":{"secretName":"default-token-vdgk4","defaultMode":420}}],"containers":[{"name":"productorder-paymentorder-service-container","image":"illin5564.corp.amdocs.com:5000/productorder-paymentorder-service:0.1.1-0016","ports":[{"name":"http","containerPort":8080,"protocol":"TCP"},{"name":"https","containerPort":8443,"protocol":"TCP"},{"name":"metrics","containerPort":5555,"protocol":"TCP"},{"name":"management","containerPort":18080,"protocol":"TCP"}],"env":[{"name":"MSNEXT_JAVA_OPTS","value":" -Xms256m -Xmx1024m -XX:MaxRAM=2048m -XX:+DisableExplicitGC -XX:+UseConcMarkSweepGC -XX:+CMSParallelRemarkEnabled -XX:NewRatio=1 -Xss512k -XX:MaxMetaspaceSize=512m -Dcom.amdocs.msnext.securitya3s.url=http://10.238.196.7:30081/asmServices/services/v1.0"},{"name":"SERVER_PORT","value":"8080"},{"name":"MSNEXT_CONF_SOURCE_APP","value":"/etc/config"},{"name":"MSNEXT_DISABLED_MODULES","value":"msnext-customization"},{"name":"MANAGEMENT_PORT","value":"18080"},{"name":"SERVER_PORT","value":"8080"}],"resources":{"limits":{"cpu":"2","memory":"2Gi"},"requests":{"cpu":"200m","memory":"1Gi"}},"volumeMounts":[{"name":"prop-volume","mountPath":"/etc/config"},{"name":"default-token-vdgk4","readOnly":true,"mountPath":"/var/run/secrets/kubernetes.io/serviceaccount"}],"livenessProbe":{"httpGet":{"path":"/health","port":18080,"scheme":"HTTP"},"initialDelaySeconds":900,"timeoutSeconds":10,"periodSeconds":10,"successThreshold":1,"failureThreshold":3},"readinessProbe":{"httpGet":{"path":"/health","port":18080,"scheme":"HTTP"},"initialDelaySeconds":30,"timeoutSeconds":10,"periodSeconds":10,"successThreshold":1,"failureThreshold":3},"terminationMessagePath":"/dev/termination-log","terminationMessagePolicy":"File","imagePullPolicy":"IfNotPresent","securityContext":{"capabilities":{"drop":["MKNOD"]},"privileged":false}}],"restartPolicy":"Always","terminationGracePeriodSeconds":30,"dnsPolicy":"ClusterFirst","nodeSelector":{"region":"work"},"serviceAccountName":"default","serviceAccount":"default","nodeName":"ilocpde01w34.corp.amdocs.com","securityContext":{"seLinuxOptions":{"level":"s0:c82,c59"}},"imagePullSecrets":[{"name":"productorder-paymentorder-ms-secret"}],"schedulerName":"default-scheduler","tolerations":[{"key":"node.kubernetes.io/memory-pressure","operator":"Exists","effect":"NoSchedule"}]},"status":{"phase":"Running","conditions":[{"type":"Initialized","status":"True","lastProbeTime":null,"lastTransitionTime":"2018-09-13T06:52:54Z"},{"type":"Ready","status":"True","lastProbeTime":null,"lastTransitionTime":"2018-09-13T06:54:31Z"},{"type":"PodScheduled","status":"True","lastProbeTime":null,"lastTransitionTime":"2018-09-13T06:52:54Z"}],"hostIP":"10.245.251.175","podIP":"10.128.78.114","startTime":"2018-09-13T06:52:54Z","containerStatuses":[{"name":"productorder-paymentorder-service-container","state":{"running":{"startedAt":"2018-09-13T06:53:01Z"}},"lastState":{},"ready":true,"restartCount":0,"image":"illin5564.corp.amdocs.com:5000/productorder-paymentorder-service:0.1.1-0016","imageID":"docker-pullable://illin5564.corp.amdocs.com:5000/productorder-paymentorder-service@sha256:8117aff2f7b44845ad0ae05b162ba0fbb9e6d0e33157efc0f708458fc9a2c080","containerID":"docker://2c5bfb12bb4c9c57bb7a368c7969ae5d9127e23f475436385d6bf40ca3a8e11c"}],"qosClass":"Burstable"}},{"metadata":{"name":"productorder-price-relea-b4fb678bc-mz2xz","generateName":"productorder-price-relea-b4fb678bc-","namespace":"oc-cd-1017-pranavd-pd","selfLink":"/api/v1/namespaces/oc-cd-1017-pranavd-pd/pods/productorder-price-relea-b4fb678bc-mz2xz","uid":"a3bdbf7f-b721-11e8-bb86-0050569a887c","resourceVersion":"68887599","creationTimestamp":"2018-09-13T06:52:54Z","labels":{"app":"productorder-price-relea","microservice":"productorder-price","pod-template-hash":"609623467","project":"productorder-price","provider":"amdocs","release":"productorder-price-release"},"annotations":{"fabric8.io/iconUrl":"img/icons/spring-boot.svg","git-commit":"1c072f2e99b5e68c88d0679cebd80061a73064b3","openshift.io/scc":"anyuid-no-ps"},"ownerReferences":[{"apiVersion":"extensions/v1beta1","kind":"ReplicaSet","name":"productorder-price-relea-b4fb678bc","uid":"a3b879eb-b721-11e8-bb86-0050569a887c","controller":true,"blockOwnerDeletion":true}]},"spec":{"volumes":[{"name":"prop-volume","configMap":{"name":"productorder-price-service-appconfig","defaultMode":420,"optional":true}},{"name":"default-token-vdgk4","secret":{"secretName":"default-token-vdgk4","defaultMode":420}}],"containers":[{"name":"productorder-price-service-container","image":"illin5564.corp.amdocs.com:5000/productorder-price-service:0.1.1-0049","ports":[{"name":"http","containerPort":8080,"protocol":"TCP"},{"name":"https","containerPort":8443,"protocol":"TCP"},{"name":"metrics","containerPort":5555,"protocol":"TCP"},{"name":"management","containerPort":8081,"protocol":"TCP"}],"env":[{"name":"KUBERNETES_NAMESPACE","valueFrom":{"fieldRef":{"apiVersion":"v1","fieldPath":"metadata.namespace"}}},{"name":"MSNEXT_JAVA_OPTS","value":" -Xms256m -Xmx1024m -XX:MaxRAM=2048m -XX:+DisableExplicitGC -XX:+UseConcMarkSweepGC -XX:+CMSParallelRemarkEnabled -XX:NewRatio=1 -Xss512k -XX:MaxMetaspaceSize=512m -Dcom.amdocs.msnext.securitya3s.url=http://10.238.196.7:30081/asmServices/services/v1.0"},{"name":"SERVER_PORT","value":"8080"},{"name":"MSNEXT_MODULE_MGT_DISABLE","value":"msnext-customization"},{"name":"MSNEXT_CONF_SOURCE_APP","value":"/etc/config"},{"name":"MANAGEMENT_PORT","value":"8081"},{"name":"ENABLE_PROMOTION_QUALIFICATION_SERVICE","value":"true"}],"resources":{"limits":{"cpu":"2","memory":"2Gi"},"requests":{"cpu":"200m","memory":"1Gi"}},"volumeMounts":[{"name":"prop-volume","mountPath":"/etc/config"},{"name":"default-token-vdgk4","readOnly":true,"mountPath":"/var/run/secrets/kubernetes.io/serviceaccount"}],"livenessProbe":{"httpGet":{"path":"/health","port":8081,"scheme":"HTTP"},"initialDelaySeconds":900,"timeoutSeconds":10,"periodSeconds":10,"successThreshold":1,"failureThreshold":3},"readinessProbe":{"httpGet":{"path":"/health","port":8081,"scheme":"HTTP"},"initialDelaySeconds":30,"timeoutSeconds":10,"periodSeconds":10,"successThreshold":1,"failureThreshold":3},"terminationMessagePath":"/dev/termination-log","terminationMessagePolicy":"File","imagePullPolicy":"IfNotPresent","securityContext":{"capabilities":{"drop":["MKNOD"]},"privileged":false}}],"restartPolicy":"Always","terminationGracePeriodSeconds":30,"dnsPolicy":"ClusterFirst","nodeSelector":{"region":"work"},"serviceAccountName":"default","serviceAccount":"default","nodeName":"ilocpde01w33.corp.amdocs.com","securityContext":{"seLinuxOptions":{"level":"s0:c82,c59"}},"imagePullSecrets":[{"name":"productorder-price-ms-secret"}],"schedulerName":"default-scheduler","tolerations":[{"key":"node.kubernetes.io/memory-pressure","operator":"Exists","effect":"NoSchedule"}]},"status":{"phase":"Running","conditions":[{"type":"Initialized","status":"True","lastProbeTime":null,"lastTransitionTime":"2018-09-13T06:52:54Z"},{"type":"Ready","status":"True","lastProbeTime":null,"lastTransitionTime":"2018-09-17T10:26:44Z"},{"type":"PodScheduled","status":"True","lastProbeTime":null,"lastTransitionTime":"2018-09-13T06:52:54Z"}],"hostIP":"10.245.251.174","podIP":"10.128.74.86","startTime":"2018-09-13T06:52:54Z","containerStatuses":[{"name":"productorder-price-service-container","state":{"running":{"startedAt":"2018-09-17T10:25:12Z"}},"lastState":{"terminated":{"exitCode":137,"reason":"OOMKilled","startedAt":"2018-09-14T10:28:13Z","finishedAt":"2018-09-17T10:25:11Z","containerID":"docker://11cfef47746a0454483907c128e9b53185c824d932a75c5f97409bd199e7a15c"}},"ready":true,"restartCount":5,"image":"illin5564.corp.amdocs.com:5000/productorder-price-service:0.1.1-0049","imageID":"docker-pullable://illin5564.corp.amdocs.com:5000/productorder-price-service@sha256:c0527d824a586d9ea490f80e2a0ec57640b215b16f20f7e1e851cb233ee9c3ef","containerID":"docker://e10860c905c78c1712ff6bcbce8f74407899ef5be97c5b5afc96732afd6e830e"}],"qosClass":"Burstable"}},{"metadata":{"name":"productorder-productorde-f7d845cd8-mtlh5","generateName":"productorder-productorde-f7d845cd8-","namespace":"oc-cd-1017-pranavd-pd","selfLink":"/api/v1/namespaces/oc-cd-1017-pranavd-pd/pods/productorder-productorde-f7d845cd8-mtlh5","uid":"a3cbb6dd-b721-11e8-bb86-0050569a887c","resourceVersion":"66125409","creationTimestamp":"2018-09-13T06:52:54Z","labels":{"app":"productorder-productorde","microservice":"productorder-productorde","pod-template-hash":"938401784","project":"productorder-productorder","provider":"amdocs","release":"productorder-productorder-release"},"annotations":{"fabric8.io/iconUrl":"img/icons/spring-boot.svg","git-commit":"1d9b0690b16f2ed9a1099cc8da9521d040bdfb22","openshift.io/scc":"anyuid-no-ps"},"ownerReferences":[{"apiVersion":"extensions/v1beta1","kind":"ReplicaSet","name":"productorder-productorde-f7d845cd8","uid":"a3c189ee-b721-11e8-bb86-0050569a887c","controller":true,"blockOwnerDeletion":true}]},"spec":{"volumes":[{"name":"prop-volume","configMap":{"name":"productorder-productorder-service-appconfig","defaultMode":420,"optional":true}},{"name":"confmap-volume","configMap":{"name":"productorder-productorder-appconfigmap","defaultMode":420}},{"name":"default-token-vdgk4","secret":{"secretName":"default-token-vdgk4","defaultMode":420}}],"containers":[{"name":"productorder-productorder-service-container","image":"illin5564.corp.amdocs.com:5000/productorder-productorder-service:0.1.1-0157","ports":[{"name":"http","containerPort":8080,"protocol":"TCP"},{"name":"https","containerPort":8443,"protocol":"TCP"},{"name":"metrics","containerPort":5555,"protocol":"TCP"},{"name":"management","containerPort":18080,"protocol":"TCP"}],"env":[{"name":"CALL_DEFAULT_BILLING_ACCOUNT","valueFrom":{"configMapKeyRef":{"name":"productorder-productorder-appconfigmap","key":"configuration.billingAccount.shouldCallDefaultBillingAccount"}}},{"name":"DATAFENCING_ENABLE_FLAG","valueFrom":{"configMapKeyRef":{"name":"productorder-productorder-appconfigmap","key":"configuration.dataFencingCustomerId"}}},{"name":"MSNEXT_JAVA_OPTS","value":" -Xms256m -Xmx1024m -XX:MaxRAM=2048m -XX:+DisableExplicitGC -XX:+UseConcMarkSweepGC -XX:+CMSParallelRemarkEnabled -XX:NewRatio=1 -Xss512k -XX:MaxMetaspaceSize=512m"},{"name":"SERVER_PORT","value":"8080"},{"name":"MSNEXT_DISABLED_MODULES","value":"msnext-customization"},{"name":"MANAGEMENT_PORT","value":"18080"},{"name":"METADATA_VALIDATION_ENABLE_FLAG","value":"false"},{"name":"MSNEXT_CONF_SOURCE_APP","value":"/etc/config"}],"resources":{"limits":{"cpu":"2","memory":"2Gi"},"requests":{"cpu":"200m","memory":"1Gi"}},"volumeMounts":[{"name":"prop-volume","mountPath":"/etc/config"},{"name":"default-token-vdgk4","readOnly":true,"mountPath":"/var/run/secrets/kubernetes.io/serviceaccount"}],"livenessProbe":{"httpGet":{"path":"/health","port":18080,"scheme":"HTTP"},"initialDelaySeconds":900,"timeoutSeconds":10,"periodSeconds":10,"successThreshold":1,"failureThreshold":3},"readinessProbe":{"httpGet":{"path":"/health","port":18080,"scheme":"HTTP"},"initialDelaySeconds":30,"timeoutSeconds":10,"periodSeconds":10,"successThreshold":1,"failureThreshold":3},"terminationMessagePath":"/dev/termination-log","terminationMessagePolicy":"File","imagePullPolicy":"IfNotPresent","securityContext":{"capabilities":{"drop":["MKNOD"]},"privileged":false}}],"restartPolicy":"Always","terminationGracePeriodSeconds":30,"dnsPolicy":"ClusterFirst","nodeSelector":{"region":"work"},"serviceAccountName":"default","serviceAccount":"default","nodeName":"ilocpde01w30.corp.amdocs.com","securityContext":{"seLinuxOptions":{"level":"s0:c82,c59"}},"imagePullSecrets":[{"name":"productorder-productorder-ms-secret"}],"schedulerName":"default-scheduler","tolerations":[{"key":"node.kubernetes.io/memory-pressure","operator":"Exists","effect":"NoSchedule"}]},"status":{"phase":"Running","conditions":[{"type":"Initialized","status":"True","lastProbeTime":null,"lastTransitionTime":"2018-09-13T06:52:54Z"},{"type":"Ready","status":"True","lastProbeTime":null,"lastTransitionTime":"2018-09-13T06:55:06Z"},{"type":"PodScheduled","status":"True","lastProbeTime":null,"lastTransitionTime":"2018-09-13T06:52:54Z"}],"podIP":"10.128.70.16","startTime":"2018-09-13T06:52:54Z","containerStatuses":[{"name":"productorder-productorder-service-container","state":{"running":{"startedAt":"2018-09-13T06:53:18Z"}},"lastState":{},"ready":true,"restartCount":0,"image":"illin5564.corp.amdocs.com:5000/productorder-productorder-service:0.1.1-0157","imageID":"docker-pullable://illin5564.corp.amdocs.com:5000/productorder-productorder-service@sha256:b6eeb2ec97ef72238ad7d8c883cf1b7709c6523b716300b4048efc1b0c525b45","containerID":"docker://f9094d4209ff6375cc48a42d652f2f27d0f4cd48a289137bd11ca467d2edb74c"}],"qosClass":"Burstable"}},{"metadata":{"name":"productorder-submitorder-d8968757-5t975","generateName":"productorder-submitorder-d8968757-","namespace":"oc-cd-1017-pranavd-pd","selfLink":"/api/v1/namespaces/oc-cd-1017-pranavd-pd/pods/productorder-submitorder-d8968757-5t975","uid":"a3dcb3f8-b721-11e8-bb86-0050569a887c","resourceVersion":"67376812","creationTimestamp":"2018-09-13T06:52:54Z","labels":{"app":"productorder-submitorder","microservice":"productorder-submitorder","pod-template-hash":"84524313","project":"productorder-submitorder","provider":"amdocs","release":"productorder-submitorder-release"},"annotations":{"fabric8.io/iconUrl":"img/icons/spring-boot.svg","git-commit":"0a3021f26f1d02bf05e59d4ae54268633e6651cc","openshift.io/scc":"anyuid-no-ps"},"ownerReferences":[{"apiVersion":"extensions/v1beta1","kind":"ReplicaSet","name":"productorder-submitorder-d8968757","uid":"a3d61cd6-b721-11e8-bb86-0050569a887c","controller":true,"blockOwnerDeletion":true}]},"spec":{"volumes":[{"name":"prop-volume","configMap":{"name":"productorder-submitorder-service-appconfig","defaultMode":420,"optional":true}},{"name":"default-token-vdgk4","secret":{"secretName":"default-token-vdgk4","defaultMode":420}}],"containers":[{"name":"productorder-submitorder-service-container","image":"illin5564.corp.amdocs.com:5000/productorder-submitorder-service:0.1.1-0058","ports":[{"name":"http","containerPort":8080,"protocol":"TCP"},{"name":"metrics","containerPort":5555,"protocol":"TCP"},{"name":"https","containerPort":8443,"protocol":"TCP"},{"name":"management","containerPort":18080,"protocol":"TCP"}],"env":[{"name":"KUBERNETES_NAMESPACE","valueFrom":{"fieldRef":{"apiVersion":"v1","fieldPath":"metadata.namespace"}}},{"name":"MSNEXT_JAVA_OPTS","value":" -Xms256m -Xmx1024m -XX:MaxRAM=2048m -XX:+DisableExplicitGC -XX:+UseConcMarkSweepGC -XX:+CMSParallelRemarkEnabled -XX:NewRatio=1 -Xss512k -XX:MaxMetaspaceSize=512m "},{"name":"SERVER_PORT","value":"8080"},{"name":"MSNEXT_DISABLED_MODULES","value":"msnext-customization"},{"name":"MANAGEMENT_PORT","value":"18080"},{"name":"TZ","value":"UTC"},{"name":"MSNEXT_CONF_SOURCE_APP","value":"/etc/config"}],"resources":{"limits":{"cpu":"2","memory":"2Gi"},"requests":{"cpu":"200m","memory":"1Gi"}},"volumeMounts":[{"name":"prop-volume","mountPath":"/etc/config"},{"name":"default-token-vdgk4","readOnly":true,"mountPath":"/var/run/secrets/kubernetes.io/serviceaccount"}],"livenessProbe":{"httpGet":{"path":"/health","port":18080,"scheme":"HTTP"},"initialDelaySeconds":900,"timeoutSeconds":10,"periodSeconds":10,"successThreshold":1,"failureThreshold":3},"readinessProbe":{"httpGet":{"path":"/health","port":18080,"scheme":"HTTP"},"initialDelaySeconds":30,"timeoutSeconds":10,"periodSeconds":10,"successThreshold":1,"failureThreshold":3},"terminationMessagePath":"/dev/termination-log","terminationMessagePolicy":"File","imagePullPolicy":"IfNotPresent","securityContext":{"capabilities":{"drop":["MKNOD"]},"privileged":false}}],"restartPolicy":"Always","terminationGracePeriodSeconds":30,"dnsPolicy":"ClusterFirst","nodeSelector":{"region":"work"},"serviceAccountName":"default","serviceAccount":"default","nodeName":"ilocpde01w27.corp.amdocs.com","securityContext":{"seLinuxOptions":{"level":"s0:c82,c59"}},"imagePullSecrets":[{"name":"productorder-submitorder-ms-secret"}],"schedulerName":"default-scheduler","tolerations":[{"key":"node.kubernetes.io/memory-pressure","operator":"Exists","effect":"NoSchedule"}]},"status":{"phase":"Running","conditions":[{"type":"Initialized","status":"True","lastProbeTime":null,"lastTransitionTime":"2018-09-13T06:52:54Z"},{"type":"Ready","status":"True","lastProbeTime":null,"lastTransitionTime":"2018-09-14T23:50:24Z"},{"type":"PodScheduled","status":"True","lastProbeTime":null,"lastTransitionTime":"2018-09-13T06:52:54Z"}],"hostIP":"10.245.251.168","podIP":"10.128.64.35","startTime":"2018-09-13T06:52:54Z","containerStatuses":[{"name":"productorder-submitorder-service-container","state":{"running":{"startedAt":"2018-09-14T23:49:26Z"}},"lastState":{"terminated":{"exitCode":143,"reason":"Error","startedAt":"2018-09-13T06:52:57Z","finishedAt":"2018-09-14T23:49:26Z","containerID":"docker://71634e8872d06f5ef5af8bb8f5e8f85d18e58cc4ff6d2e19e8bd67cbc2fb356c"}},"ready":true,"restartCount":1,"image":"illin5564.corp.amdocs.com:5000/productorder-submitorder-service:0.1.1-0058","imageID":"docker-pullable://illin5564.corp.amdocs.com:5000/productorder-submitorder-service@sha256:c27efa9eaba6dc40b73bd72d7e7cecaf8d8d0fc37586a24f27725a67fbfad450","containerID":"docker://3bb564daf22a78439ddce35c56072a1a6ebff088a597633d58fb7e159afd3e5a"}],"qosClass":"Burstable"}},{"metadata":{"name":"productorder-validateord-6ff986d487-k9p2v","generateName":"productorder-validateord-6ff986d487-","namespace":"oc-cd-1017-pranavd-pd","selfLink":"/api/v1/namespaces/oc-cd-1017-pranavd-pd/pods/productorder-validateord-6ff986d487-k9p2v","uid":"a3f5d245-b721-11e8-bb86-0050569a887c","resourceVersion":"66124333","creationTimestamp":"2018-09-13T06:52:54Z","labels":{"app":"productorder-validateord","microservice":"productorder-validateord","pod-template-hash":"2995428043","project":"productorder-validateorder","provider":"amdocs","release":"productorder-validateorder-release"},"annotations":{"fabric8.io/iconUrl":"img/icons/spring-boot.svg","git-commit":"77d8ca21bad87c4a2b45c43c1e396eb6b1776570","openshift.io/scc":"anyuid-no-ps"},"ownerReferences":[{"apiVersion":"extensions/v1beta1","kind":"ReplicaSet","name":"productorder-validateord-6ff986d487","uid":"a3eba5b1-b721-11e8-bb86-0050569a887c","controller":true,"blockOwnerDeletion":true}]},"spec":{"volumes":[{"name":"prop-volume","configMap":{"name":"productorder-validateorder-service-appconfig","defaultMode":420,"optional":true}},{"name":"default-token-vdgk4","secret":{"secretName":"default-token-vdgk4","defaultMode":420}}],"containers":[{"name":"productorder-validateorder-service-container","image":"illin5564.corp.amdocs.com:5000/productorder-validateorder-service:0.1.1-0062","ports":[{"name":"http","containerPort":8080,"protocol":"TCP"},{"name":"https","containerPort":8443,"protocol":"TCP"},{"name":"management","containerPort":18080,"protocol":"TCP"},{"name":"metrics","containerPort":5555,"protocol":"TCP"}],"env":[{"name":"KUBERNETES_NAMESPACE","valueFrom":{"fieldRef":{"apiVersion":"v1","fieldPath":"metadata.namespace"}}},{"name":"MSNEXT_JAVA_OPTS","value":" -Xms256m -Xmx1024m -XX:MaxRAM=2048m -XX:+DisableExplicitGC -XX:+UseConcMarkSweepGC -XX:+CMSParallelRemarkEnabled -XX:NewRatio=1 -Xss512k -XX:MaxMetaspaceSize=512m -Dcom.amdocs.msnext.securitya3s.url=http://10.238.196.7:30081/asmServices/services/v1.0"},{"name":"SERVER_PORT","value":"8080"},{"name":"MSNEXT_DISABLED_MODULES","value":"msnext-customization"},{"name":"MANAGEMENT_PORT","value":"18080"},{"name":"DEFAULT_VALIDATORS","value":"configuration,CustomerExistance,billing,ConfigurationAction,PortIn,Dates"},{"name":"MSNEXT_CONF_SOURCE_APP","value":"/etc/config"}],"resources":{"limits":{"cpu":"2","memory":"2Gi"},"requests":{"cpu":"200m","memory":"1Gi"}},"volumeMounts":[{"name":"prop-volume","mountPath":"/etc/config"},{"name":"default-token-vdgk4","readOnly":true,"mountPath":"/var/run/secrets/kubernetes.io/serviceaccount"}],"livenessProbe":{"httpGet":{"path":"/health","port":18080,"scheme":"HTTP"},"initialDelaySeconds":900,"timeoutSeconds":10,"periodSeconds":10,"successThreshold":1,"failureThreshold":3},"readinessProbe":{"httpGet":{"path":"/health","port":18080,"scheme":"HTTP"},"initialDelaySeconds":30,"timeoutSeconds":10,"periodSeconds":10,"successThreshold":1,"failureThreshold":3},"terminationMessagePath":"/dev/termination-log","terminationMessagePolicy":"File","imagePullPolicy":"IfNotPresent","securityContext":{"capabilities":{"drop":["MKNOD"]},"privileged":false}}],"restartPolicy":"Always","terminationGracePeriodSeconds":30,"dnsPolicy":"ClusterFirst","nodeSelector":{"region":"work"},"serviceAccountName":"default","serviceAccount":"default","nodeName":"ilocpde01w11.corp.amdocs.com","securityContext":{"seLinuxOptions":{"level":"s0:c82,c59"}},"imagePullSecrets":[{"name":"productorder-validateorder-ms-secret"}],"schedulerName":"default-scheduler","tolerations":[{"key":"node.kubernetes.io/memory-pressure","operator":"Exists","effect":"NoSchedule"}]},"status":{"phase":"Running","conditions":[{"type":"Initialized","status":"True","lastProbeTime":null,"lastTransitionTime":"2018-09-13T06:52:54Z"},{"type":"Ready","status":"True","lastProbeTime":null,"lastTransitionTime":"2018-09-13T06:54:11Z"},{"type":"PodScheduled","status":"True","lastProbeTime":null,"lastTransitionTime":"2018-09-13T06:52:54Z"}],"hostIP":"10.245.250.30","podIP":"10.128.35.29","startTime":"2018-09-13T06:52:54Z","containerStatuses":[{"name":"productorder-validateorder-service-container","state":{"running":{"startedAt":"2018-09-13T06:52:57Z"}},"lastState":{},"ready":true,"restartCount":0,"image":"illin5564.corp.amdocs.com:5000/productorder-validateorder-service:0.1.1-0062","imageID":"docker-pullable://illin5564.corp.amdocs.com:5000/productorder-validateorder-service@sha256:ddc5a533875575926b4dd3c1669311301cb042ae44fb97e7d6af387f2b581cdc","containerID":"docker://7f1f110659f4255ad1b5bb0cb076970269c04772392793403646475d9fb39f65"}],"qosClass":"Burstable"}},{"metadata":{"name":"productvalidator-release-67cc67b6c5-vxlqw","generateName":"productvalidator-release-67cc67b6c5-","namespace":"oc-cd-1017-pranavd-pd","selfLink":"/api/v1/namespaces/oc-cd-1017-pranavd-pd/pods/productvalidator-release-67cc67b6c5-vxlqw","uid":"a4068ce8-b721-11e8-bb86-0050569a887c","resourceVersion":"66124339","creationTimestamp":"2018-09-13T06:52:54Z","labels":{"app":"productvalidator-release","microservice":"productvalidator","pod-template-hash":"2377236271","project":"productvalidator","provider":"amdocs","release":"productvalidator-release"},"annotations":{"fabric8.io/iconUrl":"img/icons/spring-boot.svg","git-commit":"a90dd86978ce11c4816a0fabf64a0030562cd46d","openshift.io/scc":"anyuid-no-ps"},"ownerReferences":[{"apiVersion":"extensions/v1beta1","kind":"ReplicaSet","name":"productvalidator-release-67cc67b6c5","uid":"a3f93ac6-b721-11e8-bb86-0050569a887c","controller":true,"blockOwnerDeletion":true}]},"spec":{"volumes":[{"name":"prop-volume","configMap":{"name":"productvalidator-service-appconfig","defaultMode":420,"optional":true}},{"name":"default-token-vdgk4","secret":{"secretName":"default-token-vdgk4","defaultMode":420}}],"containers":[{"name":"productvalidator-service-container","image":"illin5564.corp.amdocs.com:5000/productvalidator-service:0.1.1-0077","ports":[{"name":"http","containerPort":8080,"protocol":"TCP"},{"name":"https","containerPort":8443,"protocol":"TCP"},{"name":"metrics","containerPort":5555,"protocol":"TCP"},{"name":"management","containerPort":18080,"protocol":"TCP"}],"env":[{"name":"KUBERNETES_NAMESPACE","valueFrom":{"fieldRef":{"apiVersion":"v1","fieldPath":"metadata.namespace"}}},{"name":"MSNEXT_JAVA_OPTS","value":" -Xms256m -Xmx1024m -XX:MaxRAM=2048m -XX:+DisableExplicitGC -XX:+UseConcMarkSweepGC -XX:+CMSParallelRemarkEnabled -XX:NewRatio=1 -Xss512k -XX:MaxMetaspaceSize=512m"},{"name":"SERVER_PORT","value":"8080"},{"name":"MSNEXT_DISABLED_MODULES","value":"msnext-customization"},{"name":"MANAGEMENT_PORT","value":"18080"},{"name":"MALLOC_ARENA_MAX","value":"4"},{"name":"MSNEXT_CONF_SOURCE_APP","value":"/etc/config"}],"resources":{"limits":{"cpu":"2","memory":"2Gi"},"requests":{"cpu":"200m","memory":"1Gi"}},"volumeMounts":[{"name":"prop-volume","mountPath":"/etc/config"},{"name":"default-token-vdgk4","readOnly":true,"mountPath":"/var/run/secrets/kubernetes.io/serviceaccount"}],"livenessProbe":{"httpGet":{"path":"/health","port":18080,"scheme":"HTTP"},"initialDelaySeconds":900,"timeoutSeconds":10,"periodSeconds":10,"successThreshold":1,"failureThreshold":3},"readinessProbe":{"httpGet":{"path":"/health","port":18080,"scheme":"HTTP"},"initialDelaySeconds":30,"timeoutSeconds":10,"periodSeconds":10,"successThreshold":1,"failureThreshold":3},"terminationMessagePath":"/dev/termination-log","terminationMessagePolicy":"File","imagePullPolicy":"IfNotPresent","securityContext":{"capabilities":{"drop":["MKNOD"]},"privileged":false}}],"restartPolicy":"Always","terminationGracePeriodSeconds":30,"dnsPolicy":"ClusterFirst","nodeSelector":{"region":"work"},"serviceAccountName":"default","serviceAccount":"default","nodeName":"ilocpde01w10.corp.amdocs.com","securityContext":{"seLinuxOptions":{"level":"s0:c82,c59"}},"imagePullSecrets":[{"name":"productvalidator-ms-secret"}],"schedulerName":"default-scheduler","tolerations":[{"key":"node.kubernetes.io/memory-pressure","operator":"Exists","effect":"NoSchedule"}]},"status":{"phase":"Running","conditions":[{"type":"Initialized","status":"True","lastProbeTime":null,"lastTransitionTime":"2018-09-13T06:52:54Z"},{"type":"Ready","status":"True","lastProbeTime":null,"lastTransitionTime":"2018-09-13T06:54:11Z"},{"type":"PodScheduled","status":"True","lastProbeTime":null,"lastTransitionTime":"2018-09-13T06:52:54Z"}],"hostIP":"10.245.250.29","podIP":"10.128.29.121","startTime":"2018-09-13T06:52:54Z","containerStatuses":[{"name":"productvalidator-service-container","state":{"running":{"startedAt":"2018-09-13T06:52:58Z"}},"lastState":{},"ready":true,"restartCount":0,"image":"illin5564.corp.amdocs.com:5000/productvalidator-service:0.1.1-0077","imageID":"docker-pullable://illin5564.corp.amdocs.com:5000/productvalidator-service@sha256:5eb5771ad6dd96450d663078fc22a631efb32f61bc98970fb263863bc56cc7f9","containerID":"docker://d5b986fc57cc2a24964127bb05cfbb6cbd557853e56fb072fab4d348723ab676"}],"qosClass":"Burstable"}},{"metadata":{"name":"promotion-command-service-574f9bbc84-wlphd","generateName":"promotion-command-service-574f9bbc84-","namespace":"oc-cd-1017-pranavd-pd","selfLink":"/api/v1/namespaces/oc-cd-1017-pranavd-pd/pods/promotion-command-service-574f9bbc84-wlphd","uid":"a41c4f60-b721-11e8-bb86-0050569a887c","resourceVersion":"66128560","creationTimestamp":"2018-09-13T06:52:54Z","labels":{"app":"promotion-command-service","group":"com.amdocs.catalogone","monitored":"prometheus","monitoring":"prometheus","pod-template-hash":"1309566740","prometheus":"amdocs-prometheus","provider":"amdocs","release":"promotion-release"},"annotations":{"openshift.io/scc":"anyuid-no-ps"},"ownerReferences":[{"apiVersion":"extensions/v1beta1","kind":"ReplicaSet","name":"promotion-command-service-574f9bbc84","uid":"a40fb391-b721-11e8-bb86-0050569a887c","controller":true,"blockOwnerDeletion":true}]},"spec":{"volumes":[{"name":"promotion-configmap","configMap":{"name":"promotion-configmap","items":[{"key":"application.yml","path":"application.yml"}],"defaultMode":420}},{"name":"promotion-command-nonfunc-configmap","configMap":{"name":"promotion-command-nonfunc-configmap","items":[{"key":"application-nonfunc.yml","path":"application-nonfunc.yml"}],"defaultMode":420}},{"name":"promotion-command-generic-kafka-configmap","configMap":{"name":"promotion-command-generic-kafka-configmap","items":[{"key":"application-generic-kafka.yml","path":"application-generic-kafka.yml"}],"defaultMode":420}},{"name":"default-token-vdgk4","secret":{"secretName":"default-token-vdgk4","defaultMode":420}}],"containers":[{"name":"promotion-command-service","image":"illin5225.corp.amdocs.com:5002/promotion-command-service:1.0.4","ports":[{"name":"server","containerPort":8080,"protocol":"TCP"},{"name":"management","containerPort":8081,"protocol":"TCP"},{"name":"server-debug","containerPort":9224,"protocol":"TCP"},{"name":"metrics","containerPort":5555,"protocol":"TCP"}],"env":[{"name":"MSNEXT_JAVA_OPTS","value":"-XX:+UnlockExperimentalVMOptions -XX:+UseCGroupMemoryLimitForHeap -XX:InitialRAMFraction=4 -XX:MaxRAMFraction=2 -XX:+PrintFlagsFinal"},{"name":"ENABLE_ZIPKIN","value":"false"},{"name":"MSNEXT_CONF_SOURCE_APP1","value":"/deployments/config/applications/promotion"},{"name":"MSNEXT_CONF_SOURCE_zzzNONFUNC","value":"/deployments/config/applications/promotion-command-nonfunc"},{"name":"MSNEXT_CONF_SOURCE_zzzGENERIC_KAFKA","value":"/deployments/config/applications/promotion-command-generic-kafka"},{"name":"ES_MS_HOST","value":"entity-search"}],"resources":{"limits":{"cpu":"1","memory":"768Mi"},"requests":{"cpu":"200m","memory":"500Mi"}},"volumeMounts":[{"name":"promotion-configmap","mountPath":"/deployments/config/applications/promotion"},{"name":"promotion-command-nonfunc-configmap","mountPath":"/deployments/config/applications/promotion-command-nonfunc"},{"name":"promotion-command-generic-kafka-configmap","mountPath":"/deployments/config/applications/promotion-command-generic-kafka"},{"name":"default-token-vdgk4","readOnly":true,"mountPath":"/var/run/secrets/kubernetes.io/serviceaccount"}],"livenessProbe":{"httpGet":{"path":"/health","port":8081,"scheme":"HTTP"},"initialDelaySeconds":450,"timeoutSeconds":1,"periodSeconds":10,"successThreshold":1,"failureThreshold":3},"readinessProbe":{"httpGet":{"path":"/health","port":8081,"scheme":"HTTP"},"initialDelaySeconds":120,"timeoutSeconds":1,"periodSeconds":10,"successThreshold":1,"failureThreshold":3},"terminationMessagePath":"/dev/termination-log","terminationMessagePolicy":"File","imagePullPolicy":"IfNotPresent","securityContext":{"capabilities":{"drop":["MKNOD"]}}}],"restartPolicy":"Always","terminationGracePeriodSeconds":30,"dnsPolicy":"ClusterFirst","nodeSelector":{"region":"work"},"serviceAccountName":"default","serviceAccount":"default","nodeName":"ilocpde01w04.corp.amdocs.com","securityContext":{"seLinuxOptions":{"level":"s0:c82,c59"}},"imagePullSecrets":[{"name":"promotion-command-illin5225-pull-secret"}],"schedulerName":"default-scheduler","tolerations":[{"key":"node.kubernetes.io/memory-pressure","operator":"Exists","effect":"NoSchedule"}]},"status":{"phase":"Running","conditions":[{"type":"Initialized","status":"True","lastProbeTime":null,"lastTransitionTime":"2018-09-13T06:52:55Z"},{"type":"Ready","status":"True","lastProbeTime":null,"lastTransitionTime":"2018-09-13T06:59:50Z"},{"type":"PodScheduled","status":"True","lastProbeTime":null,"lastTransitionTime":"2018-09-13T06:52:55Z"}],"hostIP":"10.245.250.23","podIP":"10.128.18.8","startTime":"2018-09-13T06:52:55Z","containerStatuses":[{"name":"promotion-command-service","state":{"running":{"startedAt":"2018-09-13T06:53:15Z"}},"lastState":{},"ready":true,"restartCount":0,"image":"illin5225.corp.amdocs.com:5002/promotion-command-service:1.0.4","imageID":"docker-pullable://illin5225.corp.amdocs.com:5002/promotion-command-service@sha256:da29c042400c9da4b407ead9260a6332c5f5c2baf44e9b88c2e803522dbe5266","containerID":"docker://e5cdba96d9107d628042823d0b31200c96d52a632bf1e15e2f51ef9916f63a79"}],"qosClass":"Burstable"}},{"metadata":{"name":"promotion-mapper-service-df5d46cbb-krtdq","generateName":"promotion-mapper-service-df5d46cbb-","namespace":"oc-cd-1017-pranavd-pd","selfLink":"/api/v1/namespaces/oc-cd-1017-pranavd-pd/pods/promotion-mapper-service-df5d46cbb-krtdq","uid":"a43512c4-b721-11e8-bb86-0050569a887c","resourceVersion":"66125584","creationTimestamp":"2018-09-13T06:52:55Z","labels":{"app":"promotion-mapper-service","group":"com.amdocs.catalogone","monitored":"prometheus","monitoring":"prometheus","pod-template-hash":"891802766","prometheus":"amdocs-prometheus","provider":"amdocs","release":"promotion-mapper-release"},"annotations":{"openshift.io/scc":"anyuid-no-ps"},"ownerReferences":[{"apiVersion":"extensions/v1beta1","kind":"ReplicaSet","name":"promotion-mapper-service-df5d46cbb","uid":"a4206af8-b721-11e8-bb86-0050569a887c","controller":true,"blockOwnerDeletion":true}]},"spec":{"volumes":[{"name":"promotion-mapper-configmap","configMap":{"name":"promotion-mapper-configmap","items":[{"key":"application.yml","path":"application.yml"}],"defaultMode":420}},{"name":"promotion-mapper-nonfunc-configmap","configMap":{"name":"promotion-mapper-nonfunc-configmap","items":[{"key":"application-nonfunc.yml","path":"application-nonfunc.yml"}],"defaultMode":420}},{"name":"promotion-mapper-generic-kafka-configmap","configMap":{"name":"promotion-mapper-generic-kafka-configmap","items":[{"key":"application-generic-kafka.yml","path":"application-generic-kafka.yml"}],"defaultMode":420}},{"name":"default-token-vdgk4","secret":{"secretName":"default-token-vdgk4","defaultMode":420}}],"containers":[{"name":"promotion-mapper-service","image":"illin5225.corp.amdocs.com:5002/promotion-mapper-service:1.1.0","ports":[{"name":"server","containerPort":8080,"protocol":"TCP"},{"name":"management","containerPort":8081,"protocol":"TCP"},{"name":"metrics","containerPort":5555,"protocol":"TCP"}],"env":[{"name":"MSNEXT_JAVA_OPTS","value":"-XX:+UnlockExperimentalVMOptions -XX:+UseCGroupMemoryLimitForHeap -XX:InitialRAMFraction=4 -XX:MaxRAMFraction=2 -XX:+PrintFlagsFinal"},{"name":"JAVA_ENABLE_DEBUG","value":"false"},{"name":"ENABLE_ZIPKIN","value":"true"},{"name":"MSNEXT_CONF_SOURCE_APP1","value":"/deployments/config/applications/promotion-mapper"},{"name":"MSNEXT_CONF_SOURCE_zzzNONFUNC","value":"/deployments/config/applications/promotion-mapper-nonfunc"},{"name":"MSNEXT_CONF_SOURCE_zzzGENERIC_KAFKA","value":"/deployments/config/applications/promotion-mapper-generic-kafka"},{"name":"CONSUME_EVENTS","value":"true"},{"name":"BR_MS_PROTOCOL","value":"http"}],"resources":{"limits":{"cpu":"1","memory":"768Mi"},"requests":{"cpu":"200m","memory":"500Mi"}},"volumeMounts":[{"name":"promotion-mapper-configmap","mountPath":"/deployments/config/applications/promotion-mapper"},{"name":"promotion-mapper-nonfunc-configmap","mountPath":"/deployments/config/applications/promotion-mapper-nonfunc"},{"name":"promotion-mapper-generic-kafka-configmap","mountPath":"/deployments/config/applications/promotion-mapper-generic-kafka"},{"name":"default-token-vdgk4","readOnly":true,"mountPath":"/var/run/secrets/kubernetes.io/serviceaccount"}],"livenessProbe":{"httpGet":{"path":"/health","port":8081,"scheme":"HTTP"},"initialDelaySeconds":450,"timeoutSeconds":1,"periodSeconds":10,"successThreshold":1,"failureThreshold":3},"readinessProbe":{"httpGet":{"path":"/health","port":8081,"scheme":"HTTP"},"initialDelaySeconds":120,"timeoutSeconds":1,"periodSeconds":10,"successThreshold":1,"failureThreshold":3},"terminationMessagePath":"/dev/termination-log","terminationMessagePolicy":"File","imagePullPolicy":"IfNotPresent","securityContext":{"capabilities":{"drop":["MKNOD"]}}}],"restartPolicy":"Always","terminationGracePeriodSeconds":30,"dnsPolicy":"ClusterFirst","nodeSelector":{"region":"work"},"serviceAccountName":"default","serviceAccount":"default","nodeName":"ilocpde01w11.corp.amdocs.com","securityContext":{"seLinuxOptions":{"level":"s0:c82,c59"}},"imagePullSecrets":[{"name":"promotion-mapper-pull-secret"}],"schedulerName":"default-scheduler","tolerations":[{"key":"node.kubernetes.io/memory-pressure","operator":"Exists","effect":"NoSchedule"}]},"status":{"phase":"Running","conditions":[{"type":"Initialized","status":"True","lastProbeTime":null,"lastTransitionTime":"2018-09-13T06:52:55Z"},{"type":"Ready","status":"True","lastProbeTime":null,"lastTransitionTime":"2018-09-13T06:55:24Z"},{"type":"PodScheduled","status":"True","lastProbeTime":null,"lastTransitionTime":"2018-09-13T06:52:55Z"}],"hostIP":"10.245.250.30","podIP":"10.128.35.33","startTime":"2018-09-13T06:52:55Z","containerStatuses":[{"name":"promotion-mapper-service","state":{"running":{"startedAt":"2018-09-13T06:53:21Z"}},"lastState":{},"ready":true,"restartCount":0,"image":"illin5225.corp.amdocs.com:5002/promotion-mapper-service:1.1.0","imageID":"docker-pullable://illin5225.corp.amdocs.com:5002/promotion-mapper-service@sha256:c0d9a7870979e711428e74322c694bfe36744cad3400f847c09599ddbe8de5a7","containerID":"docker://f0b31ec8a7065b1f949a485563fdcf63c2a972133346296f84d6b5662b33475c"}],"qosClass":"Burstable"}},{"metadata":{"name":"promotion-productofferin-7d7665b8d9-rtjzn","generateName":"promotion-productofferin-7d7665b8d9-","namespace":"oc-cd-1017-pranavd-pd","selfLink":"/api/v1/namespaces/oc-cd-1017-pranavd-pd/pods/promotion-productofferin-7d7665b8d9-rtjzn","uid":"a4446a4b-b721-11e8-bb86-0050569a887c","resourceVersion":"66124646","creationTimestamp":"2018-09-13T06:52:55Z","labels":{"app":"promotion-productofferin","microservice":"promotion-productofferin","pod-template-hash":"3832216485","project":"promotion-productofferingcriteria","provider":"amdocs","release":"promotion-productofferingcriteria-release"},"annotations":{"fabric8.io/iconUrl":"img/icons/spring-boot.svg","git-commit":"95ec406533683207ce32547e18834038ab5a9b21","openshift.io/scc":"anyuid-no-ps"},"ownerReferences":[{"apiVersion":"extensions/v1beta1","kind":"ReplicaSet","name":"promotion-productofferin-7d7665b8d9","uid":"a43c21f3-b721-11e8-bb86-0050569a887c","controller":true,"blockOwnerDeletion":true}]},"spec":{"volumes":[{"name":"prop-volume","configMap":{"name":"promotion-productofferingcriteria-service-appconfigmap","defaultMode":420}},{"name":"default-token-vdgk4","secret":{"secretName":"default-token-vdgk4","defaultMode":420}}],"containers":[{"name":"promotion-productofferingcriteria-service-container","image":"illin5564.corp.amdocs.com:5000/promotion-productofferingcriteria-service:0.1.1-0033","ports":[{"name":"metrics","containerPort":5555,"protocol":"TCP"},{"name":"http","containerPort":8080,"protocol":"TCP"},{"name":"management","containerPort":18080,"protocol":"TCP"}],"env":[{"name":"KUBERNETES_NAMESPACE","valueFrom":{"fieldRef":{"apiVersion":"v1","fieldPath":"metadata.namespace"}}},{"name":"MSNEXT_JAVA_OPTS","value":" -Xms256m -Xmx1024m -XX:MaxRAM=2048m -XX:+DisableExplicitGC -XX:+UseConcMarkSweepGC -XX:+CMSParallelRemarkEnabled -XX:NewRatio=1 -Xss512k -XX:MaxMetaspaceSize=512m -Dcom.amdocs.msnext.securitya3s.url=http://10.238.196.7:30081/asmServices/services/v1.0"},{"name":"MSNEXT_CONF_SOURCE_APP","value":"/etc/config"},{"name":"MSNEXT_DISABLED_MODULES","value":"msnext-customization"},{"name":"MANAGEMENT_PORT","value":"18080"},{"name":"SERVER_PORT","value":"8080"},{"name":"MSNEXT_CONF_SOURCE_APP","value":"/etc/config"}],"resources":{"limits":{"cpu":"2","memory":"2Gi"},"requests":{"cpu":"200m","memory":"1Gi"}},"volumeMounts":[{"name":"prop-volume","mountPath":"/etc/config"},{"name":"default-token-vdgk4","readOnly":true,"mountPath":"/var/run/secrets/kubernetes.io/serviceaccount"}],"livenessProbe":{"httpGet":{"path":"/health","port":18080,"scheme":"HTTP"},"initialDelaySeconds":900,"timeoutSeconds":10,"periodSeconds":10,"successThreshold":1,"failureThreshold":3},"readinessProbe":{"httpGet":{"path":"/health","port":18080,"scheme":"HTTP"},"initialDelaySeconds":30,"timeoutSeconds":10,"periodSeconds":10,"successThreshold":1,"failureThreshold":3},"terminationMessagePath":"/dev/termination-log","terminationMessagePolicy":"File","imagePullPolicy":"IfNotPresent","securityContext":{"capabilities":{"drop":["MKNOD"]},"privileged":false}}],"restartPolicy":"Always","terminationGracePeriodSeconds":30,"dnsPolicy":"ClusterFirst","nodeSelector":{"region":"work"},"serviceAccountName":"default","serviceAccount":"default","nodeName":"ilocpde01w23.corp.amdocs.com","securityContext":{"seLinuxOptions":{"level":"s0:c82,c59"}},"imagePullSecrets":[{"name":"promotion-productofferingcriteria-ms-secret"}],"schedulerName":"default-scheduler","tolerations":[{"key":"node.kubernetes.io/memory-pressure","operator":"Exists","effect":"NoSchedule"}]},"status":{"phase":"Running","conditions":[{"type":"Initialized","status":"True","lastProbeTime":null,"lastTransitionTime":"2018-09-13T06:52:55Z"},{"type":"Ready","status":"True","lastProbeTime":null,"lastTransitionTime":"2018-09-13T06:54:32Z"},{"type":"PodScheduled","status":"True","lastProbeTime":null,"lastTransitionTime":"2018-09-13T06:52:55Z"}],"hostIP":"10.245.251.164","podIP":"10.128.54.27","startTime":"2018-09-13T06:52:55Z","containerStatuses":[{"name":"promotion-productofferingcriteria-service-container","state":{"running":{"startedAt":"2018-09-13T06:53:18Z"}},"lastState":{},"ready":true,"restartCount":0,"image":"illin5564.corp.amdocs.com:5000/promotion-productofferingcriteria-service:0.1.1-0033","imageID":"docker-pullable://illin5564.corp.amdocs.com:5000/promotion-productofferingcriteria-service@sha256:2e034733153b53d8cca4a680139f3b86ad6e023b1b0f668f967b09288a1844df","containerID":"docker://0a8a9b68d828fd6f975cb0dcad44dc03a2cca21eb7b2d13dc28fa78afc896b7a"}],"qosClass":"Burstable"}},{"metadata":{"name":"promotion-promotion-release-promotion-promotion-7f695bd886rkrjs","generateName":"promotion-promotion-release-promotion-promotion-7f695bd886-","namespace":"oc-cd-1017-pranavd-pd","selfLink":"/api/v1/namespaces/oc-cd-1017-pranavd-pd/pods/promotion-promotion-release-promotion-promotion-7f695bd886rkrjs","uid":"a45c6345-b721-11e8-bb86-0050569a887c","resourceVersion":"66124569","creationTimestamp":"2018-09-13T06:52:55Z","labels":{"app":"promotion-promotion-release-promotion-promotion","microservice":"promotion-promotion","pod-template-hash":"3925168442","project":"promotion-promotion","provider":"amdocs","release":"promotion-promotion-release"},"annotations":{"fabric8.io/iconUrl":"img/icons/spring-boot.svg","git-commit":"4beb83853517e22e60b2c40b93cb9a65152cd6b9","openshift.io/scc":"anyuid-no-ps"},"ownerReferences":[{"apiVersion":"extensions/v1beta1","kind":"ReplicaSet","name":"promotion-promotion-release-promotion-promotion-7f695bd886","uid":"a451eea5-b721-11e8-bb86-0050569a887c","controller":true,"blockOwnerDeletion":true}]},"spec":{"volumes":[{"name":"prop-volume","configMap":{"name":"promotion-promotion-appconfigmap","defaultMode":420}},{"name":"default-token-vdgk4","secret":{"secretName":"default-token-vdgk4","defaultMode":420}}],"containers":[{"name":"promotion-promotion-service-container","image":"illin5564.corp.amdocs.com:5000/promotion-promotion-service:0.1.1-0052","ports":[{"name":"metrics","containerPort":5555,"protocol":"TCP"},{"name":"http","containerPort":8080,"protocol":"TCP"},{"name":"management","containerPort":18080,"protocol":"TCP"}],"env":[{"name":"KUBERNETES_NAMESPACE","valueFrom":{"fieldRef":{"apiVersion":"v1","fieldPath":"metadata.namespace"}}},{"name":"MSNEXT_JAVA_OPTS","value":" -Xms256m -Xmx1024m -XX:MaxRAM=2048m -XX:+DisableExplicitGC -XX:+UseConcMarkSweepGC -XX:+CMSParallelRemarkEnabled -XX:NewRatio=1 -Xss512k -XX:MaxMetaspaceSize=512m -Dcom.amdocs.msnext.securitya3s.url=http://10.238.196.7:30081/asmServices/services/v1.0"},{"name":"MSNEXT_CONF_SOURCE_APP","value":"/etc/config"},{"name":"MSNEXT_DISABLED_MODULES","value":"msnext-customization"},{"name":"MANAGEMENT_PORT","value":"18080"},{"name":"SERVER_PORT","value":"8080"}],"resources":{"limits":{"cpu":"2","memory":"2Gi"},"requests":{"cpu":"200m","memory":"1Gi"}},"volumeMounts":[{"name":"prop-volume","mountPath":"/etc/config"},{"name":"default-token-vdgk4","readOnly":true,"mountPath":"/var/run/secrets/kubernetes.io/serviceaccount"}],"livenessProbe":{"httpGet":{"path":"/health","port":18080,"scheme":"HTTP"},"initialDelaySeconds":900,"timeoutSeconds":10,"periodSeconds":10,"successThreshold":1,"failureThreshold":3},"readinessProbe":{"httpGet":{"path":"/health","port":18080,"scheme":"HTTP"},"initialDelaySeconds":30,"timeoutSeconds":10,"periodSeconds":10,"successThreshold":1,"failureThreshold":3},"terminationMessagePath":"/dev/termination-log","terminationMessagePolicy":"File","imagePullPolicy":"IfNotPresent","securityContext":{"capabilities":{"drop":["MKNOD"]},"privileged":false}}],"restartPolicy":"Always","terminationGracePeriodSeconds":30,"dnsPolicy":"ClusterFirst","nodeSelector":{"region":"work"},"serviceAccountName":"default","serviceAccount":"default","nodeName":"ilocpde01w20.corp.amdocs.com","securityContext":{"seLinuxOptions":{"level":"s0:c82,c59"}},"imagePullSecrets":[{"name":"promotion-promotion-ms-secret"}],"schedulerName":"default-scheduler","tolerations":[{"key":"node.kubernetes.io/memory-pressure","operator":"Exists","effect":"NoSchedule"}]},"status":{"phase":"Running","conditions":[{"type":"Initialized","status":"True","lastProbeTime":null,"lastTransitionTime":"2018-09-13T06:52:55Z"},{"type":"Ready","status":"True","lastProbeTime":null,"lastTransitionTime":"2018-09-13T06:54:27Z"},{"type":"PodScheduled","status":"True","lastProbeTime":null,"lastTransitionTime":"2018-09-13T06:52:55Z"}],"podIP":"10.128.49.133","startTime":"2018-09-13T06:52:55Z","containerStatuses":[{"name":"promotion-promotion-service-container","state":{"running":{"startedAt":"2018-09-13T06:53:17Z"}},"lastState":{},"ready":true,"restartCount":0,"image":"illin5564.corp.amdocs.com:5000/promotion-promotion-service:0.1.1-0052","imageID":"docker-pullable://illin5564.corp.amdocs.com:5000/promotion-promotion-service@sha256:e8732ffa8e3bc7ec9fe25c0c818e8310a8eb22f2eb72819eb99c893c50002413","containerID":"docker://6ebf161c168c0e73b9fdd982f5b79a581741f46a328f7a27dc38a1933691f964"}],"qosClass":"Burstable"}},{"metadata":{"name":"promotion-qualifictn-release-promotion-qualification-868f5jtmpj","generateName":"promotion-qualifictn-release-promotion-qualification-868f5b4b57-","namespace":"oc-cd-1017-pranavd-pd","selfLink":"/api/v1/namespaces/oc-cd-1017-pranavd-pd/pods/promotion-qualifictn-release-promotion-qualification-868f5jtmpj","uid":"a46cf150-b721-11e8-bb86-0050569a887c","resourceVersion":"66124396","creationTimestamp":"2018-09-13T06:52:55Z","labels":{"app":"promotion-qualifictn-release-promotion-qualification","microservice":"promotion-qualification","pod-template-hash":"4249160613","project":"promotion-qualification","provider":"amdocs","release":"promotion-qualifictn-release"},"annotations":{"fabric8.io/iconUrl":"img/icons/spring-boot.svg","git-commit":"2958a63f49dd0ed288dc67240564cee4bbb5852c","openshift.io/scc":"anyuid-no-ps"},"ownerReferences":[{"apiVersion":"extensions/v1beta1","kind":"ReplicaSet","name":"promotion-qualifictn-release-promotion-qualification-868f5b4b57","uid":"a45c6496-b721-11e8-bb86-0050569a887c","controller":true,"blockOwnerDeletion":true}]},"spec":{"volumes":[{"name":"prop-volume","configMap":{"name":"promotion-qualification-appconfigmap","defaultMode":420}},{"name":"default-token-vdgk4","secret":{"secretName":"default-token-vdgk4","defaultMode":420}}],"containers":[{"name":"promotion-qualification-service-container","image":"illin5564.corp.amdocs.com:5000/promotion-qualification-service:0.1.1-0048","ports":[{"name":"metrics","containerPort":5555,"protocol":"TCP"},{"name":"http","containerPort":8080,"protocol":"TCP"},{"name":"management","containerPort":18080,"protocol":"TCP"}],"env":[{"name":"KUBERNETES_NAMESPACE","valueFrom":{"fieldRef":{"apiVersion":"v1","fieldPath":"metadata.namespace"}}},{"name":"MSNEXT_JAVA_OPTS","value":" -Xms256m -Xmx1024m -XX:MaxRAM=2048m -XX:+DisableExplicitGC -XX:+UseConcMarkSweepGC -XX:+CMSParallelRemarkEnabled -XX:NewRatio=1 -Xss512k -XX:MaxMetaspaceSize=512m -Dcom.amdocs.msnext.securitya3s.url=http://10.238.196.7:30081/asmServices/services/v1.0"},{"name":"MSNEXT_CONF_SOURCE_APP","value":"/etc/config"},{"name":"MSNEXT_DISABLED_MODULES","value":"msnext-customization"},{"name":"MANAGEMENT_PORT","value":"18080"},{"name":"SERVER_PORT","value":"8080"},{"name":"MSNEXT_CONF_SOURCE_APP","value":"/etc/config"}],"resources":{"limits":{"cpu":"2","memory":"2Gi"},"requests":{"cpu":"200m","memory":"1Gi"}},"volumeMounts":[{"name":"prop-volume","mountPath":"/etc/config"},{"name":"default-token-vdgk4","readOnly":true,"mountPath":"/var/run/secrets/kubernetes.io/serviceaccount"}],"livenessProbe":{"httpGet":{"path":"/health","port":18080,"scheme":"HTTP"},"initialDelaySeconds":900,"timeoutSeconds":10,"periodSeconds":10,"successThreshold":1,"failureThreshold":3},"readinessProbe":{"httpGet":{"path":"/health","port":18080,"scheme":"HTTP"},"initialDelaySeconds":30,"timeoutSeconds":10,"periodSeconds":10,"successThreshold":1,"failureThreshold":3},"terminationMessagePath":"/dev/termination-log","terminationMessagePolicy":"File","imagePullPolicy":"IfNotPresent","securityContext":{"capabilities":{"drop":["MKNOD"]},"privileged":false}}],"restartPolicy":"Always","terminationGracePeriodSeconds":30,"dnsPolicy":"ClusterFirst","nodeSelector":{"region":"work"},"serviceAccountName":"default","serviceAccount":"default","nodeName":"ilocpde01w19.corp.amdocs.com","securityContext":{"seLinuxOptions":{"level":"s0:c82,c59"}},"imagePullSecrets":[{"name":"promotion-qualification-ms-secret"}],"schedulerName":"default-scheduler","tolerations":[{"key":"node.kubernetes.io/memory-pressure","operator":"Exists","effect":"NoSchedule"}]},"status":{"phase":"Running","conditions":[{"type":"Initialized","status":"True","lastProbeTime":null,"lastTransitionTime":"2018-09-13T06:52:55Z"},{"type":"Ready","status":"True","lastProbeTime":null,"lastTransitionTime":"2018-09-13T06:54:16Z"},{"type":"PodScheduled","status":"True","lastProbeTime":null,"lastTransitionTime":"2018-09-13T06:52:55Z"}],"hostIP":"10.245.251.160","podIP":"10.128.50.204","startTime":"2018-09-13T06:52:55Z","containerStatuses":[{"name":"promotion-qualification-service-container","state":{"running":{"startedAt":"2018-09-13T06:53:16Z"}},"lastState":{},"ready":true,"restartCount":0,"image":"illin5564.corp.amdocs.com:5000/promotion-qualification-service:0.1.1-0048","imageID":"docker-pullable://illin5564.corp.amdocs.com:5000/promotion-qualification-service@sha256:25776a5af4ed0f1cf0b55f69830447356cb22716798a369696f2b21e9cc3f7d2","containerID":"docker://192fc418e7ccca4d640d42dd5298080219bb85b14eeb8e582d87471fd2d21974"}],"qosClass":"Burstable"}},{"metadata":{"name":"promotion-saleschannelcr-67b765b496-6zgdc","generateName":"promotion-saleschannelcr-67b765b496-","namespace":"oc-cd-1017-pranavd-pd","selfLink":"/api/v1/namespaces/oc-cd-1017-pranavd-pd/pods/promotion-saleschannelcr-67b765b496-6zgdc","uid":"a47ea774-b721-11e8-bb86-0050569a887c","resourceVersion":"66124688","creationTimestamp":"2018-09-13T06:52:55Z","labels":{"app":"promotion-saleschannelcr","microservice":"promotion-saleschannelcr","pod-template-hash":"2363216052","project":"promotion-saleschannelcriteria","provider":"amdocs","release":"promotion-saleschannelcriteria-release"},"annotations":{"fabric8.io/iconUrl":"img/icons/spring-boot.svg","git-commit":"ccc972c8328e07471d64d4f08d72544c9c5f23df","openshift.io/scc":"anyuid-no-ps"},"ownerReferences":[{"apiVersion":"extensions/v1beta1","kind":"ReplicaSet","name":"promotion-saleschannelcr-67b765b496","uid":"a46f950b-b721-11e8-bb86-0050569a887c","controller":true,"blockOwnerDeletion":true}]},"spec":{"volumes":[{"name":"prop-volume","configMap":{"name":"promotion-saleschannelcriteria-service-appconfigmap","defaultMode":420}},{"name":"default-token-vdgk4","secret":{"secretName":"default-token-vdgk4","defaultMode":420}}],"containers":[{"name":"promotion-saleschannelcriteria-service-container","image":"illin5564.corp.amdocs.com:5000/promotion-saleschannelcriteria-service:0.1.1-0008","ports":[{"name":"http","containerPort":8080,"protocol":"TCP"},{"name":"management","containerPort":18080,"protocol":"TCP"}],"env":[{"name":"KUBERNETES_NAMESPACE","valueFrom":{"fieldRef":{"apiVersion":"v1","fieldPath":"metadata.namespace"}}},{"name":"MSNEXT_JAVA_OPTS","value":" -Xms256m -Xmx1024m -XX:MaxRAM=2048m -XX:+DisableExplicitGC -XX:+UseConcMarkSweepGC -XX:+CMSParallelRemarkEnabled -XX:NewRatio=1 -Xss512k -XX:MaxMetaspaceSize=512m -Dcom.amdocs.msnext.securitya3s.url=http://10.238.196.7:30081/asmServices/services/v1.0"},{"name":"MSNEXT_CONF_SOURCE_APP","value":"/etc/config"},{"name":"MSNEXT_DISABLED_MODULES","value":"msnext-customization"},{"name":"MANAGEMENT_PORT","value":"18080"},{"name":"SERVER_PORT","value":"8080"}],"resources":{"limits":{"cpu":"2","memory":"2Gi"},"requests":{"cpu":"200m","memory":"1Gi"}},"volumeMounts":[{"name":"prop-volume","mountPath":"/etc/config"},{"name":"default-token-vdgk4","readOnly":true,"mountPath":"/var/run/secrets/kubernetes.io/serviceaccount"}],"livenessProbe":{"httpGet":{"path":"/health","port":18080,"scheme":"HTTP"},"initialDelaySeconds":900,"timeoutSeconds":10,"periodSeconds":10,"successThreshold":1,"failureThreshold":3},"readinessProbe":{"httpGet":{"path":"/health","port":18080,"scheme":"HTTP"},"initialDelaySeconds":30,"timeoutSeconds":10,"periodSeconds":10,"successThreshold":1,"failureThreshold":3},"terminationMessagePath":"/dev/termination-log","terminationMessagePolicy":"File","imagePullPolicy":"IfNotPresent","securityContext":{"capabilities":{"drop":["MKNOD"]},"privileged":false}}],"restartPolicy":"Always","terminationGracePeriodSeconds":30,"dnsPolicy":"ClusterFirst","nodeSelector":{"region":"work"},"serviceAccountName":"default","serviceAccount":"default","nodeName":"ilocpde01w18.corp.amdocs.com","securityContext":{"seLinuxOptions":{"level":"s0:c82,c59"}},"imagePullSecrets":[{"name":"promotion-saleschannelcriteria-ms-secret"}],"schedulerName":"default-scheduler","tolerations":[{"key":"node.kubernetes.io/memory-pressure","operator":"Exists","effect":"NoSchedule"}]},"status":{"phase":"Running","conditions":[{"type":"Initialized","status":"True","lastProbeTime":null,"lastTransitionTime":"2018-09-13T06:52:55Z"},{"type":"Ready","status":"True","lastProbeTime":null,"lastTransitionTime":"2018-09-13T06:54:34Z"},{"type":"PodScheduled","status":"True","lastProbeTime":null,"lastTransitionTime":"2018-09-13T06:52:55Z"}],"hostIP":"10.245.250.37","podIP":"10.128.45.124","startTime":"2018-09-13T06:52:55Z","containerStatuses":[{"name":"promotion-saleschannelcriteria-service-container","state":{"running":{"startedAt":"2018-09-13T06:53:30Z"}},"lastState":{},"ready":true,"restartCount":0,"image":"illin5564.corp.amdocs.com:5000/promotion-saleschannelcriteria-service:0.1.1-0008","imageID":"docker-pullable://illin5564.corp.amdocs.com:5000/promotion-saleschannelcriteria-service@sha256:6071dc2584034ac5dc45b284b558e7439a3a53e0bdfe68c072f82c6a42af9d63","containerID":"docker://d18a3d4618d42b2ef86ba5d31cbcab1c0b74387e47dfce384f9d5d8e4b54236d"}],"qosClass":"Burstable"}},{"metadata":{"name":"release-management-service-5c467956d8-swbrp","generateName":"release-management-service-5c467956d8-","namespace":"oc-cd-1017-pranavd-pd","selfLink":"/api/v1/namespaces/oc-cd-1017-pranavd-pd/pods/release-management-service-5c467956d8-swbrp","uid":"a49de1dc-b721-11e8-bb86-0050569a887c","resourceVersion":"66126540","creationTimestamp":"2018-09-13T06:52:55Z","labels":{"app":"release-management-service","group":"com.amdocs.catalogone","pod-template-hash":"1702351284","prometheus":"amdocs-prometheus","provider":"amdocs","release":"release-management-release"},"annotations":{"openshift.io/scc":"anyuid-no-ps"},"ownerReferences":[{"apiVersion":"extensions/v1beta1","kind":"ReplicaSet","name":"release-management-service-5c467956d8","uid":"a4955450-b721-11e8-bb86-0050569a887c","controller":true,"blockOwnerDeletion":true}]},"spec":{"volumes":[{"name":"release-configmap","configMap":{"name":"release-configmap","items":[{"key":"application.yml","path":"application.yml"}],"defaultMode":420}},{"name":"default-token-vdgk4","secret":{"secretName":"default-token-vdgk4","defaultMode":420}}],"containers":[{"name":"release-management-service","image":"illin5225.corp.amdocs.com:5002/release-management-service:1.6.0","ports":[{"name":"server","containerPort":8080,"protocol":"TCP"},{"name":"management","containerPort":8081,"protocol":"TCP"},{"name":"metrics","containerPort":5555,"protocol":"TCP"},{"name":"debug","containerPort":5005,"protocol":"TCP"}],"env":[{"name":"MSNEXT_JAVA_OPTS","value":"-XX:+UnlockExperimentalVMOptions -XX:+UseCGroupMemoryLimitForHeap -XX:InitialRAMFraction=4 -XX:MaxRAMFraction=2 -XX:+PrintFlagsFinal"},{"name":"COUCHBASE_HOST","value":"catalog1-couchbase-service"},{"name":"ENABLE_ZIPKIN","value":"false"},{"name":"MSNEXT_CONF_SOURCE_APP1","value":"/deployments/config/applications/release"},{"name":"CONSUME_EVENTS","value":"true"},{"name":"KAFKA_TEST_HOST","value":"release-management-kafka-feature-repo-kafka"},{"name":"ZOOKEEPER_TEST_HOST","value":"release-management-kafka-feature-repo-zookeeper"},{"name":"KAFKA_PRODUCTION_HOST","value":"kafka-service"},{"name":"ZOOKEEPER_PRODUCTION_HOST","value":"zookeeper-service"},{"name":"REPO_MS_HOST","value":"repo-service:8080"},{"name":"REPO_MS_PROTOCOL","value":"http"},{"name":"REPOSITORY_NAME","value":"CatalogOne"},{"name":"REPOSITORY_WORKSTREAM","value":"production"},{"name":"BUSINESS_REQUEST_MS_HOST","value":"business-request-service:8080"},{"name":"BUSINESS_REQUEST_MS_PROTOCOL","value":"http"},{"name":"DELTA_IN_SEC_EXPOSURE","value":"300"},{"name":"NUMBER_OF_ENTITIES_PER_EVENT","value":"200"},{"name":"SPLIT_ALL_EVENTS","value":"true"},{"name":"JAVA_ENABLE_DEBUG","value":"false"},{"name":"TESTING_ENVIRONMENT_MODE","value":"singleContext"}],"resources":{"limits":{"cpu":"1","memory":"1Gi"},"requests":{"cpu":"200m","memory":"500Mi"}},"volumeMounts":[{"name":"release-configmap","mountPath":"/deployments/config/applications/release"},{"name":"default-token-vdgk4","readOnly":true,"mountPath":"/var/run/secrets/kubernetes.io/serviceaccount"}],"livenessProbe":{"httpGet":{"path":"/health","port":8081,"scheme":"HTTP"},"initialDelaySeconds":450,"timeoutSeconds":1,"periodSeconds":10,"successThreshold":1,"failureThreshold":3},"readinessProbe":{"httpGet":{"path":"/health","port":8081,"scheme":"HTTP"},"initialDelaySeconds":180,"timeoutSeconds":1,"periodSeconds":10,"successThreshold":1,"failureThreshold":3},"terminationMessagePath":"/dev/termination-log","terminationMessagePolicy":"File","imagePullPolicy":"IfNotPresent","securityContext":{"capabilities":{"drop":["MKNOD"]}}}],"restartPolicy":"Always","terminationGracePeriodSeconds":30,"dnsPolicy":"ClusterFirst","nodeSelector":{"region":"work"},"serviceAccountName":"default","serviceAccount":"default","nodeName":"ilocpde01w34.corp.amdocs.com","securityContext":{"seLinuxOptions":{"level":"s0:c82,c59"}},"imagePullSecrets":[{"name":"release-illin5225-pull-secret"}],"schedulerName":"default-scheduler","tolerations":[{"key":"node.kubernetes.io/memory-pressure","operator":"Exists","effect":"NoSchedule"}]},"status":{"phase":"Running","conditions":[{"type":"Initialized","status":"True","lastProbeTime":null,"lastTransitionTime":"2018-09-13T06:52:55Z"},{"type":"Ready","status":"True","lastProbeTime":null,"lastTransitionTime":"2018-09-13T06:56:34Z"},{"type":"PodScheduled","status":"True","lastProbeTime":null,"lastTransitionTime":"2018-09-13T06:52:55Z"}],"hostIP":"10.245.251.175","podIP":"10.128.78.116","startTime":"2018-09-13T06:52:55Z","containerStatuses":[{"name":"release-management-service","state":{"running":{"startedAt":"2018-09-13T06:53:33Z"}},"lastState":{},"ready":true,"restartCount":0,"image":"illin5225.corp.amdocs.com:5002/release-management-service:1.6.0","imageID":"docker-pullable://illin5225.corp.amdocs.com:5002/release-management-service@sha256:838add29742a5fb495374c8f4481b16450fb249feb27ff5d52ad3d7a29649715","containerID":"docker://5c0ad2192be6da3b4d9d599173ad5e22a19229e8f8cad6613e3277695c4f5526"}],"qosClass":"Burstable"}},{"metadata":{"name":"repo-service-release-catalog-repo-plugin-helm-7564b7dcf8-zlt9j","generateName":"repo-service-release-catalog-repo-plugin-helm-7564b7dcf8-","namespace":"oc-cd-1017-pranavd-pd","selfLink":"/api/v1/namespaces/oc-cd-1017-pranavd-pd/pods/repo-service-release-catalog-repo-plugin-helm-7564b7dcf8-zlt9j","uid":"a4ab2b1e-b721-11e8-bb86-0050569a887c","resourceVersion":"67821189","creationTimestamp":"2018-09-13T06:52:55Z","labels":{"app":"catalog-repo-plugin-helm","chart":"catalog-repo-plugin-helm-2.0.0","group":"com.amdocs.foundation.repo","pod-template-hash":"3120638794","provider":"amdocs","release":"repo-service-release"},"annotations":{"openshift.io/scc":"restricted"},"ownerReferences":[{"apiVersion":"extensions/v1beta1","kind":"ReplicaSet","name":"repo-service-release-catalog-repo-plugin-helm-7564b7dcf8","uid":"a4a556a6-b721-11e8-bb86-0050569a887c","controller":true,"blockOwnerDeletion":true}]},"spec":{"volumes":[{"name":"repo-config","configMap":{"name":"repo-service-release-catalog-repo-plugin-helm-configmap","items":[{"key":"application.yml","path":"application.yml"}],"defaultMode":420}},{"name":"repo-data","persistentVolumeClaim":{"claimName":"repo-service-release-catalog-repo-plugin-helm-pvc"}},{"name":"default-token-vdgk4","secret":{"secretName":"default-token-vdgk4","defaultMode":420}}],"containers":[{"name":"catalog-repo-plugin-helm","image":"illin5225.corp.amdocs.com:5002/catalog-repo-plugin:2.0.0","ports":[{"name":"server","containerPort":8080,"protocol":"TCP"},{"name":"management","containerPort":8081,"protocol":"TCP"}],"env":[{"name":"MSNEXT_CONF_SOURCE_APP1","value":"/deployments/config/applications/repo"}],"resources":{},"volumeMounts":[{"name":"repo-config","mountPath":"/deployments/config/applications/repo"},{"name":"repo-data","mountPath":"/repo-data"},{"name":"default-token-vdgk4","readOnly":true,"mountPath":"/var/run/secrets/kubernetes.io/serviceaccount"}],"livenessProbe":{"httpGet":{"path":"/health","port":8081,"scheme":"HTTP"},"initialDelaySeconds":180,"timeoutSeconds":1,"periodSeconds":10,"successThreshold":1,"failureThreshold":3},"readinessProbe":{"httpGet":{"path":"/health","port":8081,"scheme":"HTTP"},"initialDelaySeconds":180,"timeoutSeconds":1,"periodSeconds":10,"successThreshold":1,"failureThreshold":3},"terminationMessagePath":"/dev/termination-log","terminationMessagePolicy":"File","imagePullPolicy":"IfNotPresent","securityContext":{"capabilities":{"drop":["KILL","MKNOD","SETGID","SETUID"]},"runAsUser":1006760000}}],"restartPolicy":"Always","terminationGracePeriodSeconds":30,"dnsPolicy":"ClusterFirst","nodeSelector":{"region":"work"},"serviceAccountName":"default","serviceAccount":"default","nodeName":"ilocpde01w34.corp.amdocs.com","securityContext":{"seLinuxOptions":{"level":"s0:c82,c59"},"fsGroup":1006760000},"imagePullSecrets":[{"name":"repo-service-release-catalog-repo-plugin-helm-pull-secret"}],"schedulerName":"default-scheduler"},"status":{"phase":"Running","conditions":[{"type":"Initialized","status":"True","lastProbeTime":null,"lastTransitionTime":"2018-09-13T06:52:55Z"},{"type":"Ready","status":"True","lastProbeTime":null,"lastTransitionTime":"2018-09-15T18:55:51Z"},{"type":"PodScheduled","status":"True","lastProbeTime":null,"lastTransitionTime":"2018-09-13T06:52:55Z"}],"hostIP":"10.245.251.175","podIP":"10.128.78.117","startTime":"2018-09-13T06:52:55Z","containerStatuses":[{"name":"catalog-repo-plugin-helm","state":{"running":{"startedAt":"2018-09-15T18:52:43Z"}},"lastState":{"terminated":{"exitCode":143,"reason":"Error","startedAt":"2018-09-13T06:53:21Z","finishedAt":"2018-09-15T18:52:43Z","containerID":"docker://5b79355fe46ece533ae18b111bb6b3452cc0a4824944277cccdb5d9827bc435b"}},"ready":true,"restartCount":1,"image":"illin5225.corp.amdocs.com:5002/catalog-repo-plugin:2.0.0","imageID":"docker-pullable://illin5225.corp.amdocs.com:5002/catalog-repo-plugin@sha256:aa4082bb876e3d91655cf0e59b60cfac28387e44c745f024813b342bd8f166ad","containerID":"docker://8413d2860624fd7f87ec1bc86684256b292d11cdf57aa57c82fbf989e424ef16"}],"qosClass":"BestEffort"}},{"metadata":{"name":"scheduler-scheduler-task-5678c4c55f-xl8ml","generateName":"scheduler-scheduler-task-5678c4c55f-","namespace":"oc-cd-1017-pranavd-pd","selfLink":"/api/v1/namespaces/oc-cd-1017-pranavd-pd/pods/scheduler-scheduler-task-5678c4c55f-xl8ml","uid":"a4bf6629-b721-11e8-bb86-0050569a887c","resourceVersion":"66124188","creationTimestamp":"2018-09-13T06:52:56Z","labels":{"app":"scheduler-scheduler-task","microservice":"scheduler-task","pod-template-hash":"1234707119","project":"scheduler-task","provider":"amdocs","release":"scheduler"},"annotations":{"git-commit":"5409c7b21e4f8ecef157377a36e361988ecb6a7c","openshift.io/scc":"anyuid-no-ps"},"ownerReferences":[{"apiVersion":"extensions/v1beta1","kind":"ReplicaSet","name":"scheduler-scheduler-task-5678c4c55f","uid":"a4b3c438-b721-11e8-bb86-0050569a887c","controller":true,"blockOwnerDeletion":true}]},"spec":{"volumes":[{"name":"default-token-vdgk4","secret":{"secretName":"default-token-vdgk4","defaultMode":420}}],"containers":[{"name":"scheduler-task-service-container","image":"illin5564.corp.amdocs.com:5000/scheduler-task-service:0.1.1-0053","ports":[{"name":"metrics","containerPort":5555,"protocol":"TCP"},{"name":"http","containerPort":8080,"protocol":"TCP"},{"name":"management","containerPort":18080,"protocol":"TCP"}],"env":[{"name":"KUBERNETES_NAMESPACE","valueFrom":{"fieldRef":{"apiVersion":"v1","fieldPath":"metadata.namespace"}}},{"name":"MSNEXT_JAVA_OPTS","value":" -Xms256m -Xmx1024m -XX:MaxRAM=2048m -XX:+DisableExplicitGC -XX:+UseConcMarkSweepGC -XX:+CMSParallelRemarkEnabled -XX:NewRatio=1 -Xss512k -XX:MaxMetaspaceSize=512m -Dcom.amdocs.msnext.securitya3s.url=http://10.238.196.7:30081/asmServices/services/v1.0"},{"name":"MSNEXT_DISABLED_MODULES","value":"msnext-customization"},{"name":"MANAGEMENT_PORT","value":"18080"},{"name":"SERVER_PORT","value":"8080"},{"name":"MALLOC_ARENA_MAX","value":"4"},{"name":"TZ","value":"UTC"}],"resources":{"limits":{"cpu":"2","memory":"2Gi"},"requests":{"cpu":"200m","memory":"1Gi"}},"volumeMounts":[{"name":"default-token-vdgk4","readOnly":true,"mountPath":"/var/run/secrets/kubernetes.io/serviceaccount"}],"livenessProbe":{"httpGet":{"path":"/health","port":18080,"scheme":"HTTP"},"initialDelaySeconds":900,"timeoutSeconds":10,"periodSeconds":10,"successThreshold":1,"failureThreshold":3},"readinessProbe":{"httpGet":{"path":"/health","port":18080,"scheme":"HTTP"},"initialDelaySeconds":30,"timeoutSeconds":10,"periodSeconds":10,"successThreshold":1,"failureThreshold":3},"terminationMessagePath":"/dev/termination-log","terminationMessagePolicy":"File","imagePullPolicy":"IfNotPresent","securityContext":{"capabilities":{"drop":["MKNOD"]},"privileged":false}}],"restartPolicy":"Always","terminationGracePeriodSeconds":30,"dnsPolicy":"ClusterFirst","nodeSelector":{"region":"work"},"serviceAccountName":"default","serviceAccount":"default","nodeName":"ilocpde01w09.corp.amdocs.com","securityContext":{"seLinuxOptions":{"level":"s0:c82,c59"}},"imagePullSecrets":[{"name":"scheduler-task-ms-secret"}],"schedulerName":"default-scheduler","tolerations":[{"key":"node.kubernetes.io/memory-pressure","operator":"Exists","effect":"NoSchedule"}]},"status":{"phase":"Running","conditions":[{"type":"Initialized","status":"True","lastProbeTime":null,"lastTransitionTime":"2018-09-13T06:52:56Z"},{"type":"Ready","status":"True","lastProbeTime":null,"lastTransitionTime":"2018-09-13T06:54:01Z"},{"type":"PodScheduled","status":"True","lastProbeTime":null,"lastTransitionTime":"2018-09-13T06:52:56Z"}],"hostIP":"10.245.250.28","podIP":"10.128.24.178","startTime":"2018-09-13T06:52:56Z","containerStatuses":[{"name":"scheduler-task-service-container","state":{"running":{"startedAt":"2018-09-13T06:52:58Z"}},"lastState":{},"ready":true,"restartCount":0,"image":"illin5564.corp.amdocs.com:5000/scheduler-task-service:0.1.1-0053","imageID":"docker-pullable://illin5564.corp.amdocs.com:5000/scheduler-task-service@sha256:40dded7abf410bf5b47605303fdb7e9bb196e4e04cceb1996eac4ec73b6c7d4b","containerID":"docker://ec38fb4e82945b27276d5200577ebd6e24c3fbb72d2e6a7866788fbf0912e56d"}],"qosClass":"Burstable"}},{"metadata":{"name":"shoppingcart-checkout-re-c946c7869-959d9","generateName":"shoppingcart-checkout-re-c946c7869-","namespace":"oc-cd-1017-pranavd-pd","selfLink":"/api/v1/namespaces/oc-cd-1017-pranavd-pd/pods/shoppingcart-checkout-re-c946c7869-959d9","uid":"a4d18e22-b721-11e8-bb86-0050569a887c","resourceVersion":"66125283","creationTimestamp":"2018-09-13T06:52:56Z","labels":{"app":"shoppingcart-checkout-re","microservice":"shoppingcart-checkout","pod-template-hash":"750273425","project":"shoppingcart-checkout","provider":"amdocs","release":"shoppingcart-checkout-release"},"annotations":{"checksum/config":"ea1ed44f8974dccb51c2510d6d431fef45123b4e35e6e906fa280efb5bbe78c0","fabric8.io/iconUrl":"img/icons/spring-boot.svg","git-commit":"b4f5290a7750f831728eac1c832192fdfe8ab3a2","openshift.io/scc":"anyuid-no-ps"},"ownerReferences":[{"apiVersion":"extensions/v1beta1","kind":"ReplicaSet","name":"shoppingcart-checkout-re-c946c7869","uid":"a4c56e8d-b721-11e8-bb86-0050569a887c","controller":true,"blockOwnerDeletion":true}]},"spec":{"volumes":[{"name":"prop-volume","configMap":{"name":"shoppingcart-checkout-service-appconfigmap","defaultMode":420}},{"name":"default-token-vdgk4","secret":{"secretName":"default-token-vdgk4","defaultMode":420}}],"containers":[{"name":"shoppingcart-checkout-service-container","image":"illin5564.corp.amdocs.com:5000/shoppingcart-checkout-service:0.1.1-0025","ports":[{"name":"http","containerPort":8080,"protocol":"TCP"},{"name":"https","containerPort":8443,"protocol":"TCP"},{"name":"metrics","containerPort":5555,"protocol":"TCP"},{"name":"management","containerPort":18080,"protocol":"TCP"}],"env":[{"name":"MSNEXT_CONF_SOURCE_APP","value":"/etc/config"},{"name":"KUBERNETES_NAMESPACE","valueFrom":{"fieldRef":{"apiVersion":"v1","fieldPath":"metadata.namespace"}}},{"name":"MSNEXT_JAVA_OPTS","value":"-Dcom.amdocs.msnext.securityjwt.anonymous.context-mapping.msnext.management=.*management  -Xms256m -Xmx1024m -XX:MaxRAM=2048m -XX:+DisableExplicitGC -XX:+UseConcMarkSweepGC -XX:+CMSParallelRemarkEnabled -XX:NewRatio=1 -Xss512k -XX:MaxMetaspaceSize=512m"},{"name":"SERVER_PORT","value":"8080"},{"name":"MSNEXT_MODULE_MGT_DISABLE","value":"msnext-customization"},{"name":"MSNEXT_JACOCO_ENABLE","value":"${jacoco.enabled}"},{"name":"MSNEXT_JACOCO_OPTS","value":"output=tcpserver,address=*,port=6300"},{"name":"MANAGEMENT_PORT","value":"18080"},{"name":"MALLOC_ARENA_MAX","value":"4"},{"name":"TZ","value":"UTC"}],"resources":{"limits":{"cpu":"2","memory":"2Gi"},"requests":{"cpu":"200m","memory":"1Gi"}},"volumeMounts":[{"name":"prop-volume","mountPath":"/etc/config"},{"name":"default-token-vdgk4","readOnly":true,"mountPath":"/var/run/secrets/kubernetes.io/serviceaccount"}],"livenessProbe":{"httpGet":{"path":"/health","port":18080,"scheme":"HTTP"},"initialDelaySeconds":900,"timeoutSeconds":1,"periodSeconds":10,"successThreshold":1,"failureThreshold":3},"readinessProbe":{"httpGet":{"path":"/health","port":18080,"scheme":"HTTP"},"initialDelaySeconds":30,"timeoutSeconds":10,"periodSeconds":10,"successThreshold":1,"failureThreshold":3},"terminationMessagePath":"/dev/termination-log","terminationMessagePolicy":"File","imagePullPolicy":"IfNotPresent","securityContext":{"capabilities":{"drop":["MKNOD"]},"privileged":false}}],"restartPolicy":"Always","terminationGracePeriodSeconds":30,"dnsPolicy":"ClusterFirst","nodeSelector":{"region":"work"},"serviceAccountName":"default","serviceAccount":"default","nodeName":"ilocpde01w08.corp.amdocs.com","securityContext":{"seLinuxOptions":{"level":"s0:c82,c59"}},"imagePullSecrets":[{"name":"shoppingcart-checkout-ms-secret"}],"schedulerName":"default-scheduler","tolerations":[{"key":"node.kubernetes.io/memory-pressure","operator":"Exists","effect":"NoSchedule"}]},"status":{"phase":"Running","conditions":[{"type":"Initialized","status":"True","lastProbeTime":null,"lastTransitionTime":"2018-09-13T06:52:56Z"},{"type":"Ready","status":"True","lastProbeTime":null,"lastTransitionTime":"2018-09-13T06:54:59Z"},{"type":"PodScheduled","status":"True","lastProbeTime":null,"lastTransitionTime":"2018-09-13T06:52:56Z"}],"hostIP":"10.245.250.27","podIP":"10.128.26.50","startTime":"2018-09-13T06:52:56Z","containerStatuses":[{"name":"shoppingcart-checkout-service-container","state":{"running":{"startedAt":"2018-09-13T06:53:30Z"}},"lastState":{},"ready":true,"restartCount":0,"image":"illin5564.corp.amdocs.com:5000/shoppingcart-checkout-service:0.1.1-0025","imageID":"docker-pullable://illin5564.corp.amdocs.com:5000/shoppingcart-checkout-service@sha256:d36870d5fdbf4a90ab0b8e9616e9570eb006e789e2c2619303dec2a004f163c0","containerID":"docker://af06def4414aef3459dc6ebf7ba285235f7716734bdf35274a28ddfe32343737"}],"qosClass":"Burstable"}},{"metadata":{"name":"shoppingcart-modify-rele-786c94cc9d-tk8gg","generateName":"shoppingcart-modify-rele-786c94cc9d-","namespace":"oc-cd-1017-pranavd-pd","selfLink":"/api/v1/namespaces/oc-cd-1017-pranavd-pd/pods/shoppingcart-modify-rele-786c94cc9d-tk8gg","uid":"a4ede4f4-b721-11e8-bb86-0050569a887c","resourceVersion":"66124899","creationTimestamp":"2018-09-13T06:52:56Z","labels":{"app":"shoppingcart-modify-rele","microservice":"shoppingcart-modify","pod-template-hash":"3427507758","project":"shoppingcart-modify","provider":"amdocs","release":"shoppingcart-modify-release"},"annotations":{"checksum/config":"0a8d74337cb5fb7078aa94aa109b3811b80a6e045feb293e1eb0aab2e3b9d739","fabric8.io/iconUrl":"img/icons/spring-boot.svg","git-commit":"2f3c78190eb3cedd85b223ca3e4351f2a45b1560","openshift.io/scc":"anyuid-no-ps"},"ownerReferences":[{"apiVersion":"extensions/v1beta1","kind":"ReplicaSet","name":"shoppingcart-modify-rele-786c94cc9d","uid":"a4e01ed2-b721-11e8-bb86-0050569a887c","controller":true,"blockOwnerDeletion":true}]},"spec":{"volumes":[{"name":"prop-volume","configMap":{"name":"shoppingcart-modify-service-appconfigmap","defaultMode":420}},{"name":"default-token-vdgk4","secret":{"secretName":"default-token-vdgk4","defaultMode":420}}],"containers":[{"name":"shoppingcart-modify-service-container","image":"illin5564.corp.amdocs.com:5000/shoppingcart-modify-service:0.1.1-0025","ports":[{"name":"http","containerPort":8080,"protocol":"TCP"},{"name":"https","containerPort":8443,"protocol":"TCP"},{"name":"metrics","containerPort":5555,"protocol":"TCP"},{"name":"jacoco","containerPort":6300,"protocol":"TCP"},{"name":"management","containerPort":18080,"protocol":"TCP"}],"env":[{"name":"MSNEXT_CONF_SOURCE_APP","value":"/etc/config"},{"name":"KUBERNETES_NAMESPACE","valueFrom":{"fieldRef":{"apiVersion":"v1","fieldPath":"metadata.namespace"}}},{"name":"MSNEXT_JAVA_OPTS","value":"-Dcom.amdocs.msnext.securityjwt.anonymous.context-mapping.msnext.management=.*management  -Xms256m -Xmx1024m -XX:MaxRAM=2048m -XX:+DisableExplicitGC -XX:+UseConcMarkSweepGC -XX:+CMSParallelRemarkEnabled -XX:NewRatio=1 -Xss512k -XX:MaxMetaspaceSize=512m"},{"name":"SERVER_PORT","value":"8080"},{"name":"MSNEXT_MODULE_MGT_DISABLE","value":"msnext-customization"},{"name":"MSNEXT_JACOCO_ENABLE","value":"${jacoco.enabled}"},{"name":"MSNEXT_JACOCO_OPTS","value":"output=tcpserver,address=*,port=6300"},{"name":"MANAGEMENT_PORT","value":"18080"},{"name":"MALLOC_ARENA_MAX","value":"4"},{"name":"TZ","value":"UTC"}],"resources":{"limits":{"cpu":"2","memory":"2Gi"},"requests":{"cpu":"200m","memory":"1Gi"}},"volumeMounts":[{"name":"prop-volume","mountPath":"/etc/config"},{"name":"default-token-vdgk4","readOnly":true,"mountPath":"/var/run/secrets/kubernetes.io/serviceaccount"}],"livenessProbe":{"httpGet":{"path":"/health","port":18080,"scheme":"HTTP"},"initialDelaySeconds":900,"timeoutSeconds":1,"periodSeconds":10,"successThreshold":1,"failureThreshold":3},"readinessProbe":{"httpGet":{"path":"/health","port":18080,"scheme":"HTTP"},"initialDelaySeconds":30,"timeoutSeconds":10,"periodSeconds":10,"successThreshold":1,"failureThreshold":3},"terminationMessagePath":"/dev/termination-log","terminationMessagePolicy":"File","imagePullPolicy":"IfNotPresent","securityContext":{"capabilities":{"drop":["MKNOD"]},"privileged":false}}],"restartPolicy":"Always","terminationGracePeriodSeconds":30,"dnsPolicy":"ClusterFirst","nodeSelector":{"region":"work"},"serviceAccountName":"default","serviceAccount":"default","nodeName":"ilocpde01w07.corp.amdocs.com","securityContext":{"seLinuxOptions":{"level":"s0:c82,c59"}},"imagePullSecrets":[{"name":"shoppingcart-modify-ms-secret"}],"schedulerName":"default-scheduler","tolerations":[{"key":"node.kubernetes.io/memory-pressure","operator":"Exists","effect":"NoSchedule"}]},"status":{"phase":"Running","conditions":[{"type":"Initialized","status":"True","lastProbeTime":null,"lastTransitionTime":"2018-09-13T06:52:56Z"},{"type":"Ready","status":"True","lastProbeTime":null,"lastTransitionTime":"2018-09-13T06:54:43Z"},{"type":"PodScheduled","status":"True","lastProbeTime":null,"lastTransitionTime":"2018-09-13T06:52:56Z"}],"hostIP":"10.245.250.26","podIP":"10.128.23.24","startTime":"2018-09-13T06:52:56Z","containerStatuses":[{"name":"shoppingcart-modify-service-container","state":{"running":{"startedAt":"2018-09-13T06:53:31Z"}},"lastState":{},"ready":true,"restartCount":0,"image":"illin5564.corp.amdocs.com:5000/shoppingcart-modify-service:0.1.1-0025","imageID":"docker-pullable://illin5564.corp.amdocs.com:5000/shoppingcart-modify-service@sha256:17d3193b037611dcdefe6b2002e67300c6466f4ad4d75183c1d3a2c44df8e064","containerID":"docker://d825b21e0cc6251ef1638da7e0cfbb025c67771a5c15ca4d247ff5a4d7440102"}],"qosClass":"Burstable"}},{"metadata":{"name":"shoppingcart-price-relea-687f4d96bb-hclqz","generateName":"shoppingcart-price-relea-687f4d96bb-","namespace":"oc-cd-1017-pranavd-pd","selfLink":"/api/v1/namespaces/oc-cd-1017-pranavd-pd/pods/shoppingcart-price-relea-687f4d96bb-hclqz","uid":"a51543de-b721-11e8-bb86-0050569a887c","resourceVersion":"66124981","creationTimestamp":"2018-09-13T06:52:56Z","labels":{"app":"shoppingcart-price-relea","microservice":"shoppingcart-price","pod-template-hash":"2439085266","project":"shoppingcart-price","provider":"amdocs","release":"shoppingcart-price-release"},"annotations":{"checksum/config":"91ad2c11deb8bfabf196ca3725dc38e35d19f42b5fcafb7449eb1c160dfa7516","fabric8.io/iconUrl":"img/icons/spring-boot.svg","git-commit":"dcf3945c79213d23363d5e2b21d7f5ebd7431227","openshift.io/scc":"anyuid-no-ps"},"ownerReferences":[{"apiVersion":"extensions/v1beta1","kind":"ReplicaSet","name":"shoppingcart-price-relea-687f4d96bb","uid":"a50512ea-b721-11e8-bb86-0050569a887c","controller":true,"blockOwnerDeletion":true}]},"spec":{"volumes":[{"name":"prop-volume","configMap":{"name":"shoppingcart-price-service-appconfigmap","defaultMode":420}},{"name":"default-token-vdgk4","secret":{"secretName":"default-token-vdgk4","defaultMode":420}}],"containers":[{"name":"shoppingcart-price-service-container","image":"illin5564.corp.amdocs.com:5000/shoppingcart-price-service:0.1.1-0036","ports":[{"name":"http","containerPort":8080,"protocol":"TCP"},{"name":"https","containerPort":8443,"protocol":"TCP"},{"name":"metrics","containerPort":5555,"protocol":"TCP"},{"name":"management","containerPort":18080,"protocol":"TCP"}],"env":[{"name":"MSNEXT_CONF_SOURCE_APP","value":"/etc/config"},{"name":"KUBERNETES_NAMESPACE","valueFrom":{"fieldRef":{"apiVersion":"v1","fieldPath":"metadata.namespace"}}},{"name":"MSNEXT_JAVA_OPTS","value":"-Dcom.amdocs.msnext.securityjwt.anonymous.context-mapping.msnext.management=.*management  -Xms256m -Xmx1024m -XX:MaxRAM=2048m -XX:+DisableExplicitGC -XX:+UseConcMarkSweepGC -XX:+CMSParallelRemarkEnabled -XX:NewRatio=1 -Xss512k -XX:MaxMetaspaceSize=512m"},{"name":"SERVER_PORT","value":"8080"},{"name":"MSNEXT_MODULE_MGT_DISABLE","value":"msnext-customization"},{"name":"MSNEXT_JACOCO_ENABLE","value":"${jacoco.enabled}"},{"name":"MSNEXT_JACOCO_OPTS","value":"output=tcpserver,address=*,port=6300"},{"name":"MANAGEMENT_PORT","value":"18080"},{"name":"MALLOC_ARENA_MAX","value":"4"},{"name":"TZ","value":"UTC"}],"resources":{"limits":{"cpu":"2","memory":"2Gi"},"requests":{"cpu":"200m","memory":"1Gi"}},"volumeMounts":[{"name":"prop-volume","mountPath":"/etc/config"},{"name":"default-token-vdgk4","readOnly":true,"mountPath":"/var/run/secrets/kubernetes.io/serviceaccount"}],"livenessProbe":{"httpGet":{"path":"/health","port":18080,"scheme":"HTTP"},"initialDelaySeconds":900,"timeoutSeconds":1,"periodSeconds":10,"successThreshold":1,"failureThreshold":3},"readinessProbe":{"httpGet":{"path":"/health","port":18080,"scheme":"HTTP"},"initialDelaySeconds":30,"timeoutSeconds":10,"periodSeconds":10,"successThreshold":1,"failureThreshold":3},"terminationMessagePath":"/dev/termination-log","terminationMessagePolicy":"File","imagePullPolicy":"IfNotPresent","securityContext":{"capabilities":{"drop":["MKNOD"]},"privileged":false}}],"restartPolicy":"Always","terminationGracePeriodSeconds":30,"dnsPolicy":"ClusterFirst","nodeSelector":{"region":"work"},"serviceAccountName":"default","serviceAccount":"default","nodeName":"ilocpde01w05.corp.amdocs.com","securityContext":{"seLinuxOptions":{"level":"s0:c82,c59"}},"imagePullSecrets":[{"name":"shoppingcart-price-ms-secret"}],"schedulerName":"default-scheduler","tolerations":[{"key":"node.kubernetes.io/memory-pressure","operator":"Exists","effect":"NoSchedule"}]},"status":{"phase":"Running","conditions":[{"type":"Initialized","status":"True","lastProbeTime":null,"lastTransitionTime":"2018-09-13T06:52:56Z"},{"type":"Ready","status":"True","lastProbeTime":null,"lastTransitionTime":"2018-09-13T06:54:46Z"},{"type":"PodScheduled","status":"True","lastProbeTime":null,"lastTransitionTime":"2018-09-13T06:52:56Z"}],"hostIP":"10.245.250.24","podIP":"10.128.17.89","startTime":"2018-09-13T06:52:56Z","containerStatuses":[{"name":"shoppingcart-price-service-container","state":{"running":{"startedAt":"2018-09-13T06:53:31Z"}},"lastState":{},"ready":true,"restartCount":0,"image":"illin5564.corp.amdocs.com:5000/shoppingcart-price-service:0.1.1-0036","imageID":"docker-pullable://illin5564.corp.amdocs.com:5000/shoppingcart-price-service@sha256:ec6b2f6acf403f5b98aca966adbc8b0cb6aa003ae0e4cd9bbe7a9d4a0a335929","containerID":"docker://8989db32758c011213041ea280e76b21eca933ee18d8ab4a1f2cbb0ea10f7857"}],"qosClass":"Burstable"}},{"metadata":{"name":"shoppingcart-shoppingcar-5b68f9b944-2cqrp","generateName":"shoppingcart-shoppingcar-5b68f9b944-","namespace":"oc-cd-1017-pranavd-pd","selfLink":"/api/v1/namespaces/oc-cd-1017-pranavd-pd/pods/shoppingcart-shoppingcar-5b68f9b944-2cqrp","uid":"a526f576-b721-11e8-bb86-0050569a887c","resourceVersion":"69159229","creationTimestamp":"2018-09-13T06:52:56Z","labels":{"app":"shoppingcart-shoppingcar","microservice":"shoppingcart-shoppingcar","pod-template-hash":"1624956500","project":"shoppingcart-shoppingcart","provider":"amdocs","release":"shoppingcart-shoppingcart-release"},"annotations":{"checksum/config":"cc7b19f6fe7c8b41d162f7e6d0d5605668e616b737cf0ac43eb1c1329a9a66b0","fabric8.io/iconUrl":"img/icons/spring-boot.svg","git-commit":"5ab646f57f07fb27c9cee10a9c614856108579aa","openshift.io/scc":"anyuid-no-ps"},"ownerReferences":[{"apiVersion":"extensions/v1beta1","kind":"ReplicaSet","name":"shoppingcart-shoppingcar-5b68f9b944","uid":"a51d8aee-b721-11e8-bb86-0050569a887c","controller":true,"blockOwnerDeletion":true}]},"spec":{"volumes":[{"name":"prop-volume","configMap":{"name":"shoppingcart-shoppingcart-service-appconfigmap","defaultMode":420}},{"name":"default-token-vdgk4","secret":{"secretName":"default-token-vdgk4","defaultMode":420}}],"containers":[{"name":"shoppingcart-shoppingcart-service-container","image":"illin5564.corp.amdocs.com:5000/shoppingcart-shoppingcart-service:0.1.1-0074","ports":[{"name":"http","containerPort":8080,"protocol":"TCP"},{"name":"https","containerPort":8443,"protocol":"TCP"},{"name":"metrics","containerPort":5555,"protocol":"TCP"},{"name":"management","containerPort":18080,"protocol":"TCP"}],"env":[{"name":"MSNEXT_CONF_SOURCE_APP","value":"/etc/config"},{"name":"KUBERNETES_NAMESPACE","valueFrom":{"fieldRef":{"apiVersion":"v1","fieldPath":"metadata.namespace"}}},{"name":"MSNEXT_JAVA_OPTS","value":"-Dcom.couchbase.queryEndpoints=5 -Dcom.amdocs.msnext.securityjwt.anonymous.context-mapping.msnext.management=.*management  -Xms256m -Xmx1024m -XX:MaxRAM=2048m -XX:+DisableExplicitGC -XX:+UseConcMarkSweepGC -XX:+CMSParallelRemarkEnabled -XX:NewRatio=1 -Xss512k -XX:MaxMetaspaceSize=512m -Dcom.amdocs.msnext.securitya3s.url=http://10.238.196.7:30081/asmServices/services/v1.0"},{"name":"SERVER_PORT","value":"8080"},{"name":"MSNEXT_MODULE_MGT_DISABLE","value":"msnext-customization"},{"name":"MSNEXT_JACOCO_ENABLE","value":"${jacoco.enabled}"},{"name":"MSNEXT_JACOCO_OPTS","value":"output=tcpserver,address=*,port=6300"},{"name":"KAFKA_SERVER","value":"kafka-service:9092"},{"name":"ZOOKEEPER_SERVER","value":"zookeeper-service:2181"},{"name":"MANAGEMENT_PORT","value":"18080"},{"name":"MALLOC_ARENA_MAX","value":"4"},{"name":"TZ","value":"UTC"},{"name":"DATA_FENCING_CUSTOMER_ID_ENABLE","value":"false"}],"resources":{"limits":{"cpu":"2","memory":"2Gi"},"requests":{"cpu":"200m","memory":"1Gi"}},"volumeMounts":[{"name":"prop-volume","mountPath":"/etc/config"},{"name":"default-token-vdgk4","readOnly":true,"mountPath":"/var/run/secrets/kubernetes.io/serviceaccount"}],"livenessProbe":{"httpGet":{"path":"/health","port":18080,"scheme":"HTTP"},"initialDelaySeconds":900,"timeoutSeconds":1,"periodSeconds":10,"successThreshold":1,"failureThreshold":3},"readinessProbe":{"httpGet":{"path":"/health","port":18080,"scheme":"HTTP"},"initialDelaySeconds":30,"timeoutSeconds":10,"periodSeconds":10,"successThreshold":1,"failureThreshold":3},"terminationMessagePath":"/dev/termination-log","terminationMessagePolicy":"File","imagePullPolicy":"IfNotPresent","securityContext":{"capabilities":{"drop":["MKNOD"]},"privileged":false}}],"restartPolicy":"Always","terminationGracePeriodSeconds":30,"dnsPolicy":"ClusterFirst","nodeSelector":{"region":"work"},"serviceAccountName":"default","serviceAccount":"default","nodeName":"ilocpde01w03.corp.amdocs.com","securityContext":{"seLinuxOptions":{"level":"s0:c82,c59"}},"imagePullSecrets":[{"name":"shoppingcart-shoppingcart-ms-secret"}],"schedulerName":"default-scheduler","tolerations":[{"key":"node.kubernetes.io/memory-pressure","operator":"Exists","effect":"NoSchedule"}]},"status":{"phase":"Running","conditions":[{"type":"Initialized","status":"True","lastProbeTime":null,"lastTransitionTime":"2018-09-13T06:52:56Z"},{"type":"Ready","status":"True","lastProbeTime":null,"lastTransitionTime":"2018-09-17T19:24:07Z"},{"type":"PodScheduled","status":"True","lastProbeTime":null,"lastTransitionTime":"2018-09-13T06:52:56Z"}],"hostIP":"10.245.250.22","podIP":"10.128.11.177","startTime":"2018-09-13T06:52:56Z","containerStatuses":[{"name":"shoppingcart-shoppingcart-service-container","state":{"running":{"startedAt":"2018-09-17T19:22:52Z"}},"lastState":{"terminated":{"exitCode":143,"reason":"Error","startedAt":"2018-09-13T06:53:35Z","finishedAt":"2018-09-17T19:22:52Z","containerID":"docker://7b8404d19fb7136851fa77739a4476798bb3d8769cc1c73eaff42ccf9b959221"}},"ready":true,"restartCount":1,"image":"illin5564.corp.amdocs.com:5000/shoppingcart-shoppingcart-service:0.1.1-0074","imageID":"docker-pullable://illin5564.corp.amdocs.com:5000/shoppingcart-shoppingcart-service@sha256:9269874ce85510b7357f8b767f661c332290aa0bd1c98bcde13e0f4534d88757","containerID":"docker://3cf970d0927c3f5ecd7e6686231b9a688c9d7c34505f221fbb791e08eb4d960d"}],"qosClass":"Burstable"}},{"metadata":{"name":"shoppingcart-validate-re-6f955c6949-llxkd","generateName":"shoppingcart-validate-re-6f955c6949-","namespace":"oc-cd-1017-pranavd-pd","selfLink":"/api/v1/namespaces/oc-cd-1017-pranavd-pd/pods/shoppingcart-validate-re-6f955c6949-llxkd","uid":"a53e46cf-b721-11e8-bb86-0050569a887c","resourceVersion":"66125037","creationTimestamp":"2018-09-13T06:52:56Z","labels":{"app":"shoppingcart-validate-re","microservice":"shoppingcart-validate","pod-template-hash":"2951172505","project":"shoppingcart-validate","provider":"amdocs","release":"shoppingcart-validate-release"},"annotations":{"checksum/config":"85c2564dbf11e67d5597743360a64fef5fbd9923e0222e6ec613b6eb7ed76de8","fabric8.io/iconUrl":"img/icons/spring-boot.svg","git-commit":"a24e3cb2595bc44361ac85acad3144e2fb424d4d","openshift.io/scc":"anyuid-no-ps"},"ownerReferences":[{"apiVersion":"extensions/v1beta1","kind":"ReplicaSet","name":"shoppingcart-validate-re-6f955c6949","uid":"a52dc89c-b721-11e8-bb86-0050569a887c","controller":true,"blockOwnerDeletion":true}]},"spec":{"volumes":[{"name":"prop-volume","configMap":{"name":"shoppingcart-validate-service-appconfigmap","defaultMode":420}},{"name":"default-token-vdgk4","secret":{"secretName":"default-token-vdgk4","defaultMode":420}}],"containers":[{"name":"shoppingcart-validate-service-container","image":"illin5564.corp.amdocs.com:5000/shoppingcart-validate-service:0.1.1-0029","ports":[{"name":"http","containerPort":8080,"protocol":"TCP"},{"name":"https","containerPort":8443,"protocol":"TCP"},{"name":"metrics","containerPort":5555,"protocol":"TCP"},{"name":"management","containerPort":18080,"protocol":"TCP"}],"env":[{"name":"MSNEXT_CONF_SOURCE_APP","value":"/etc/config"},{"name":"KUBERNETES_NAMESPACE","valueFrom":{"fieldRef":{"apiVersion":"v1","fieldPath":"metadata.namespace"}}},{"name":"MSNEXT_JAVA_OPTS","value":"-Dcom.amdocs.msnext.securityjwt.anonymous.context-mapping.msnext.management=.*management  -Xms256m -Xmx1024m -XX:MaxRAM=2048m -XX:+DisableExplicitGC -XX:+UseConcMarkSweepGC -XX:+CMSParallelRemarkEnabled -XX:NewRatio=1 -Xss512k -XX:MaxMetaspaceSize=512m"},{"name":"SERVER_PORT","value":"8080"},{"name":"MSNEXT_MODULE_MGT_DISABLE","value":"msnext-customization"},{"name":"MSNEXT_JACOCO_ENABLE","value":"${jacoco.enabled}"},{"name":"MSNEXT_JACOCO_OPTS","value":"output=tcpserver,address=*,port=6300"},{"name":"MANAGEMENT_PORT","value":"18080"},{"name":"MALLOC_ARENA_MAX","value":"4"},{"name":"TZ","value":"UTC"}],"resources":{"limits":{"cpu":"2","memory":"2Gi"},"requests":{"cpu":"200m","memory":"1Gi"}},"volumeMounts":[{"name":"prop-volume","mountPath":"/etc/config"},{"name":"default-token-vdgk4","readOnly":true,"mountPath":"/var/run/secrets/kubernetes.io/serviceaccount"}],"livenessProbe":{"httpGet":{"path":"/health","port":18080,"scheme":"HTTP"},"initialDelaySeconds":900,"timeoutSeconds":1,"periodSeconds":10,"successThreshold":1,"failureThreshold":3},"readinessProbe":{"httpGet":{"path":"/health","port":18080,"scheme":"HTTP"},"initialDelaySeconds":30,"timeoutSeconds":10,"periodSeconds":10,"successThreshold":1,"failureThreshold":3},"terminationMessagePath":"/dev/termination-log","terminationMessagePolicy":"File","imagePullPolicy":"IfNotPresent","securityContext":{"capabilities":{"drop":["MKNOD"]},"privileged":false}}],"restartPolicy":"Always","terminationGracePeriodSeconds":30,"dnsPolicy":"ClusterFirst","nodeSelector":{"region":"work"},"serviceAccountName":"default","serviceAccount":"default","nodeName":"ilocpde01w35.corp.amdocs.com","securityContext":{"seLinuxOptions":{"level":"s0:c82,c59"}},"imagePullSecrets":[{"name":"shoppingcart-validate-ms-secret"}],"schedulerName":"default-scheduler","tolerations":[{"key":"node.kubernetes.io/memory-pressure","operator":"Exists","effect":"NoSchedule"}]},"status":{"phase":"Running","conditions":[{"type":"Initialized","status":"True","lastProbeTime":null,"lastTransitionTime":"2018-09-13T06:52:57Z"},{"type":"Ready","status":"True","lastProbeTime":null,"lastTransitionTime":"2018-09-13T06:54:49Z"},{"type":"PodScheduled","status":"True","lastProbeTime":null,"lastTransitionTime":"2018-09-13T06:52:56Z"}],"hostIP":"10.245.251.176","podIP":"10.128.81.237","startTime":"2018-09-13T06:52:57Z","containerStatuses":[{"name":"shoppingcart-validate-service-container","state":{"running":{"startedAt":"2018-09-13T06:53:34Z"}},"lastState":{},"ready":true,"restartCount":0,"image":"illin5564.corp.amdocs.com:5000/shoppingcart-validate-service:0.1.1-0029","imageID":"docker-pullable://illin5564.corp.amdocs.com:5000/shoppingcart-validate-service@sha256:cf286a0cbb8eec9705f64e95a4d2881db5d5d435717d31e9cb4faa592c52320d","containerID":"docker://b311265c8013c8285708d197b86e353cffc96b3a9f7e7131ad4ae9e2533c983d"}],"qosClass":"Burstable"}},{"metadata":{"name":"stock-productstock-release-stock-productstock-67fd546497-52psr","generateName":"stock-productstock-release-stock-productstock-67fd546497-","namespace":"oc-cd-1017-pranavd-pd","selfLink":"/api/v1/namespaces/oc-cd-1017-pranavd-pd/pods/stock-productstock-release-stock-productstock-67fd546497-52psr","uid":"a54d9112-b721-11e8-bb86-0050569a887c","resourceVersion":"66124783","creationTimestamp":"2018-09-13T06:52:56Z","labels":{"app":"stock-productstock-release-stock-productstock","microservice":"stock-productstock","pod-template-hash":"2398102053","project":"stock-productstock","provider":"amdocs","release":"stock-productstock-release"},"annotations":{"git-commit":"1ac217311502c6c00a2c0710691d1cc1449bb843","openshift.io/scc":"anyuid-no-ps"},"ownerReferences":[{"apiVersion":"extensions/v1beta1","kind":"ReplicaSet","name":"stock-productstock-release-stock-productstock-67fd546497","uid":"a543e203-b721-11e8-bb86-0050569a887c","controller":true,"blockOwnerDeletion":true}]},"spec":{"volumes":[{"name":"stock-productstock-volume-jwt-validation-conf","configMap":{"name":"stock-productstock-jwt-validation-configmap","items":[{"key":"application.yaml","path":"application.yaml"}],"defaultMode":420}},{"name":"prop-volume","configMap":{"name":"stock-productstock-appconfigmap","defaultMode":420}},{"name":"default-token-vdgk4","secret":{"secretName":"default-token-vdgk4","defaultMode":420}}],"containers":[{"name":"stock-productstock-service-container","image":"illin5564.corp.amdocs.com:5000/stock-productstock-service:0.1.0-0059","ports":[{"name":"http","containerPort":8080,"protocol":"TCP"},{"name":"management","containerPort":18080,"protocol":"TCP"}],"env":[{"name":"KUBERNETES_NAMESPACE","valueFrom":{"fieldRef":{"apiVersion":"v1","fieldPath":"metadata.namespace"}}},{"name":"MSNEXT_JAVA_OPTS","value":"-Xms256m -Xmx512m -XX:MaxRAM=1024m -XX:+UseSerialGC"},{"name":"MSNEXT_CONF_SOURCE_APP","value":"/etc/config"},{"name":"MSNEXT_CONF_SOURCE_IDM","value":"/run/secrets/msNextConfSourceIdm1"},{"name":"MSNEXT_DISABLED_MODULES","value":"msnext-customization"},{"name":"MANAGEMENT_PORT","value":"18080"},{"name":"SERVER_PORT","value":"8080"},{"name":"MALLOC_ARENA_MAX","value":"4"},{"name":"TZ","value":"UTC"}],"resources":{"limits":{"cpu":"2","memory":"2Gi"},"requests":{"cpu":"200m","memory":"1Gi"}},"volumeMounts":[{"name":"prop-volume","mountPath":"/etc/config"},{"name":"stock-productstock-volume-jwt-validation-conf","mountPath":"/run/secrets/msNextConfSourceIdm1"},{"name":"default-token-vdgk4","readOnly":true,"mountPath":"/var/run/secrets/kubernetes.io/serviceaccount"}],"livenessProbe":{"httpGet":{"path":"/health","port":18080,"scheme":"HTTP"},"initialDelaySeconds":900,"timeoutSeconds":10,"periodSeconds":10,"successThreshold":1,"failureThreshold":3},"readinessProbe":{"httpGet":{"path":"/health","port":18080,"scheme":"HTTP"},"initialDelaySeconds":30,"timeoutSeconds":10,"periodSeconds":10,"successThreshold":1,"failureThreshold":3},"terminationMessagePath":"/dev/termination-log","terminationMessagePolicy":"File","imagePullPolicy":"IfNotPresent","securityContext":{"capabilities":{"drop":["MKNOD"]},"privileged":false}}],"restartPolicy":"Always","terminationGracePeriodSeconds":30,"dnsPolicy":"ClusterFirst","nodeSelector":{"region":"work"},"serviceAccountName":"default","serviceAccount":"default","nodeName":"ilocpde01w34.corp.amdocs.com","securityContext":{"seLinuxOptions":{"level":"s0:c82,c59"}},"imagePullSecrets":[{"name":"stock-productstock-ms-secret"}],"schedulerName":"default-scheduler","tolerations":[{"key":"node.kubernetes.io/memory-pressure","operator":"Exists","effect":"NoSchedule"}]},"status":{"phase":"Running","conditions":[{"type":"Initialized","status":"True","lastProbeTime":null,"lastTransitionTime":"2018-09-13T06:52:57Z"},{"type":"Ready","status":"True","lastProbeTime":null,"lastTransitionTime":"2018-09-13T06:54:40Z"},{"type":"PodScheduled","status":"True","lastProbeTime":null,"lastTransitionTime":"2018-09-13T06:52:57Z"}],"hostIP":"10.245.251.175","podIP":"10.128.78.118","startTime":"2018-09-13T06:52:57Z","containerStatuses":[{"name":"stock-productstock-service-container","state":{"running":{"startedAt":"2018-09-13T06:53:23Z"}},"lastState":{},"ready":true,"restartCount":0,"image":"illin5564.corp.amdocs.com:5000/stock-productstock-service:0.1.0-0059","imageID":"docker-pullable://illin5564.corp.amdocs.com:5000/stock-productstock-service@sha256:f3b887799e7edc866e0b12c8c8a24c77e41917fef6d1232e41d292f5dd47433d","containerID":"docker://3ead476ff37518392401d29dfcd7826f15dda572f28bac38e721f2a76fc4e958"}],"qosClass":"Burstable"}},{"metadata":{"name":"stock-productstockbridge-release-stock-productstockbridge-fwzhr","generateName":"stock-productstockbridge-release-stock-productstockbridge-65477df887-","namespace":"oc-cd-1017-pranavd-pd","selfLink":"/api/v1/namespaces/oc-cd-1017-pranavd-pd/pods/stock-productstockbridge-release-stock-productstockbridge-fwzhr","uid":"a5684bd4-b721-11e8-bb86-0050569a887c","resourceVersion":"66124632","creationTimestamp":"2018-09-13T06:52:57Z","labels":{"app":"stock-productstockbridge-release-stock-productstockbridge","microservice":"stock-productstockbridge","pod-template-hash":"2103389443","project":"stock-productstockbridge","provider":"amdocs","release":"stock-productstockbridge-release"},"annotations":{"git-commit":"345939dbfac17a583ef9e28116d9752e4e544fc4","openshift.io/scc":"anyuid-no-ps"},"ownerReferences":[{"apiVersion":"extensions/v1beta1","kind":"ReplicaSet","name":"stock-productstockbridge-release-stock-productstockbridge-65477df887","uid":"a559a337-b721-11e8-bb86-0050569a887c","controller":true,"blockOwnerDeletion":true}]},"spec":{"volumes":[{"name":"prop-volume","configMap":{"name":"stock-productstockbridge-appconfigmap","defaultMode":420}},{"name":"stock-productstockbridge-volume-jwt-validation-conf","configMap":{"name":"stock-productstockbridge-jwt-validation-configmap","items":[{"key":"application.yaml","path":"application.yaml"}],"defaultMode":420}},{"name":"default-token-vdgk4","secret":{"secretName":"default-token-vdgk4","defaultMode":420}}],"containers":[{"name":"stock-productstockbridge-service-container","image":"illin5564.corp.amdocs.com:5000/stock-productstockbridge-service:0.1.0-0049","ports":[{"name":"http","containerPort":8080,"protocol":"TCP"},{"name":"management","containerPort":18080,"protocol":"TCP"}],"env":[{"name":"KUBERNETES_NAMESPACE","valueFrom":{"fieldRef":{"apiVersion":"v1","fieldPath":"metadata.namespace"}}},{"name":"MSNEXT_JAVA_OPTS","value":"-Xms256m -Xmx512m -XX:MaxRAM=1024m -XX:+UseSerialGC"},{"name":"MSNEXT_CONF_SOURCE_APP","value":"/etc/config"},{"name":"MSNEXT_CONF_SOURCE_IDM","value":"/run/secrets/msNextConfSourceIdm1"},{"name":"MSNEXT_DISABLED_MODULES","value":"msnext-customization"},{"name":"MANAGEMENT_PORT","value":"18080"},{"name":"SERVER_PORT","value":"8080"},{"name":"MALLOC_ARENA_MAX","value":"4"},{"name":"TZ","value":"UTC"}],"resources":{"limits":{"cpu":"2","memory":"2Gi"},"requests":{"cpu":"200m","memory":"1Gi"}},"volumeMounts":[{"name":"prop-volume","mountPath":"/etc/config"},{"name":"stock-productstockbridge-volume-jwt-validation-conf","mountPath":"/run/secrets/msNextConfSourceIdm1"},{"name":"default-token-vdgk4","readOnly":true,"mountPath":"/var/run/secrets/kubernetes.io/serviceaccount"}],"livenessProbe":{"httpGet":{"path":"/health","port":18080,"scheme":"HTTP"},"initialDelaySeconds":900,"timeoutSeconds":10,"periodSeconds":10,"successThreshold":1,"failureThreshold":3},"readinessProbe":{"httpGet":{"path":"/health","port":18080,"scheme":"HTTP"},"initialDelaySeconds":30,"timeoutSeconds":10,"periodSeconds":10,"successThreshold":1,"failureThreshold":3},"terminationMessagePath":"/dev/termination-log","terminationMessagePolicy":"File","imagePullPolicy":"IfNotPresent","securityContext":{"capabilities":{"drop":["MKNOD"]},"privileged":false}}],"restartPolicy":"Always","terminationGracePeriodSeconds":30,"dnsPolicy":"ClusterFirst","nodeSelector":{"region":"work"},"serviceAccountName":"default","serviceAccount":"default","nodeName":"ilocpde01w15.corp.amdocs.com","securityContext":{"seLinuxOptions":{"level":"s0:c82,c59"}},"imagePullSecrets":[{"name":"stock-productstockbridge-ms-secret"}],"schedulerName":"default-scheduler","tolerations":[{"key":"node.kubernetes.io/memory-pressure","operator":"Exists","effect":"NoSchedule"}]},"status":{"phase":"Running","conditions":[{"type":"Initialized","status":"True","lastProbeTime":null,"lastTransitionTime":"2018-09-13T06:52:57Z"},{"type":"Ready","status":"True","lastProbeTime":null,"lastTransitionTime":"2018-09-13T06:54:30Z"},{"type":"PodScheduled","status":"True","lastProbeTime":null,"lastTransitionTime":"2018-09-13T06:52:57Z"}],"hostIP":"10.245.250.34","podIP":"10.128.39.143","startTime":"2018-09-13T06:52:57Z","containerStatuses":[{"name":"stock-productstockbridge-service-container","state":{"running":{"startedAt":"2018-09-13T06:53:31Z"}},"lastState":{},"ready":true,"restartCount":0,"image":"illin5564.corp.amdocs.com:5000/stock-productstockbridge-service:0.1.0-0049","imageID":"docker-pullable://illin5564.corp.amdocs.com:5000/stock-productstockbridge-service@sha256:8ba64903883380bd83a89e7404745a0784d0e1b33f292ba4020681811f7795fd","containerID":"docker://652693c6b7e50e4f3d96a7c1d2e8422073af68ee2a3fa656cdda8cf54d46ca60"}],"qosClass":"Burstable"}},{"metadata":{"name":"tiller-5b87d5cdd4-pvn8f","generateName":"tiller-5b87d5cdd4-","namespace":"oc-cd-1017-pranavd-pd","selfLink":"/api/v1/namespaces/oc-cd-1017-pranavd-pd/pods/tiller-5b87d5cdd4-pvn8f","uid":"9c63b9ae-b721-11e8-bb86-0050569a887c","resourceVersion":"66121719","creationTimestamp":"2018-09-13T06:52:42Z","labels":{"app":"helm","name":"tiller","pod-template-hash":"1643817880"},"annotations":{"openshift.io/scc":"anyuid-no-ps"},"ownerReferences":[{"apiVersion":"extensions/v1beta1","kind":"ReplicaSet","name":"tiller-5b87d5cdd4","uid":"9c5d5056-b721-11e8-bb86-0050569a887c","controller":true,"blockOwnerDeletion":true}]},"spec":{"volumes":[{"name":"tiller-token-2mlvz","secret":{"secretName":"tiller-token-2mlvz","defaultMode":420}}],"containers":[{"name":"tiller","image":"gcr.io/kubernetes-helm/tiller:v2.5.1","ports":[{"name":"tiller","containerPort":44134,"protocol":"TCP"}],"env":[{"name":"TILLER_NAMESPACE","valueFrom":{"fieldRef":{"apiVersion":"v1","fieldPath":"metadata.namespace"}}}],"resources":{},"volumeMounts":[{"name":"tiller-token-2mlvz","readOnly":true,"mountPath":"/var/run/secrets/kubernetes.io/serviceaccount"}],"livenessProbe":{"httpGet":{"path":"/liveness","port":44135,"scheme":"HTTP"},"timeoutSeconds":1,"periodSeconds":10,"successThreshold":1,"failureThreshold":3},"readinessProbe":{"httpGet":{"path":"/readiness","port":44135,"scheme":"HTTP"},"timeoutSeconds":1,"periodSeconds":10,"successThreshold":1,"failureThreshold":3},"terminationMessagePath":"/dev/termination-log","terminationMessagePolicy":"File","imagePullPolicy":"IfNotPresent","securityContext":{"capabilities":{"drop":["MKNOD"]}}}],"restartPolicy":"Always","terminationGracePeriodSeconds":30,"dnsPolicy":"ClusterFirst","nodeSelector":{"region":"work"},"serviceAccountName":"tiller","serviceAccount":"tiller","nodeName":"ilocpde01w24.corp.amdocs.com","securityContext":{"seLinuxOptions":{"level":"s0:c82,c59"}},"imagePullSecrets":[{"name":"tiller-dockercfg-5sfpw"}],"schedulerName":"default-scheduler"},"status":{"phase":"Running","conditions":[{"type":"Initialized","status":"True","lastProbeTime":null,"lastTransitionTime":"2018-09-13T06:52:42Z"},{"type":"Ready","status":"True","lastProbeTime":null,"lastTransitionTime":"2018-09-13T06:52:53Z"},{"type":"PodScheduled","status":"True","lastProbeTime":null,"lastTransitionTime":"2018-09-13T06:52:42Z"}],"hostIP":"10.245.251.165","podIP":"10.128.59.100","startTime":"2018-09-13T06:52:42Z","containerStatuses":[{"name":"tiller","state":{"running":{"startedAt":"2018-09-13T06:52:44Z"}},"lastState":{},"ready":true,"restartCount":0,"image":"gcr.io/kubernetes-helm/tiller:v2.5.1","imageID":"docker-pullable://gcr.io/kubernetes-helm/tiller@sha256:64e0791e4cdadab93f3e535ce290070942e22b3f3730f803d0441688b8d99212","containerID":"docker://1e1de23ca891fb4d12a3ce4a207fe65d90227111c82fe47f5104248771456524"}],"qosClass":"BestEffort"}}]}
]]>
    </line>
    <line>
      <![CDATA[</div>]]>
    </line>
    <line>
      <![CDATA[</div>]]>
    </line>
    <line>
      <![CDATA[</div>]]>
    </line>
    <line>
      <![CDATA[</div>]]>
    </line>
    <line>
      <![CDATA[</td>]]>
    </line>
    <line>
      <![CDATA[</tr>]]>
    </line>
    <line>
      <![CDATA[<tr class="table-success"><td colspan="2">Response status: expected=200 actual=200; Value: true</td></tr>]]>
    </line>
    <line>
      <![CDATA[<tr class="table-light"><td colspan="2">asm-services-cloud-service:30525</td></tr>]]>
    </line>
    <line>
      <![CDATA[<tr class="table-light"><td colspan="2">authoring-command-service:32756</td></tr>]]>
    </line>
    <line>
      <![CDATA[<tr class="table-light"><td colspan="2">business-request-service:34944</td></tr>]]>
    </line>
    <line>
      <![CDATA[<tr class="table-light"><td colspan="2">business-validation-service:31296</td></tr>]]>
    </line>
    <line>
      <![CDATA[<tr class="table-light"><td colspan="2">cartitemaccessor-service:31134</td></tr>]]>
    </line>
    <line>
      <![CDATA[<tr class="table-light"><td colspan="2">customeraccessor-service:32678</td></tr>]]>
    </line>
    <line>
      <![CDATA[<tr class="table-light"><td colspan="2">digitalexp-api-service:32773</td></tr>]]>
    </line>
    <line>
      <![CDATA[<tr class="table-light"><td colspan="2">dispatcher-service:32299</td></tr>]]>
    </line>
    <line>
      <![CDATA[<tr class="table-light"><td colspan="2">import-service:31710</td></tr>]]>
    </line>
    <line>
      <![CDATA[<tr class="table-light"><td colspan="2">managed-resource-service:33039</td></tr>]]>
    </line>
    <line>
      <![CDATA[<tr class="table-light"><td colspan="2">metadata-entity-command-service:31182</td></tr>]]>
    </line>
    <line>
      <![CDATA[<tr class="table-light"><td colspan="2">orderitemaccessor-service:30446</td></tr>]]>
    </line>
    <line>
      <![CDATA[<tr class="table-light"><td colspan="2">paymentmanagement-payment-service:30454</td></tr>]]>
    </line>
    <line>
      <![CDATA[<tr class="table-light"><td colspan="2">phoneportin-phoneportinbridge-service:32054</td></tr>]]>
    </line>
    <line>
      <![CDATA[<tr class="table-light"><td colspan="2">pi-factory-service:31345</td></tr>]]>
    </line>
    <line>
      <![CDATA[<tr class="table-light"><td colspan="2">pi-product-service:34224</td></tr>]]>
    </line>
    <line>
      <![CDATA[<tr class="table-light"><td colspan="2">pi-validateproduct-service:34572</td></tr>]]>
    </line>
    <line>
      <![CDATA[<tr class="table-light"><td colspan="2">pod-category-service:35227</td></tr>]]>
    </line>
    <line>
      <![CDATA[<tr class="table-light"><td colspan="2">pod-experience-service:32525</td></tr>]]>
    </line>
    <line>
      <![CDATA[<tr class="table-light"><td colspan="2">pod-price-service:35442</td></tr>]]>
    </line>
    <line>
      <![CDATA[<tr class="table-light"><td colspan="2">pod-productoffering-service:35261</td></tr>]]>
    </line>
    <line>
      <![CDATA[<tr class="table-light"><td colspan="2">pod-search-service:33636</td></tr>]]>
    </line>
    <line>
      <![CDATA[<tr class="table-light"><td colspan="2">price-priceevent-service:33162</td></tr>]]>
    </line>
    <line>
      <![CDATA[<tr class="table-light"><td colspan="2">price-pricing-service:34969</td></tr>]]>
    </line>
    <line>
      <![CDATA[<tr class="table-light"><td colspan="2">price-productoffering-service:31818</td></tr>]]>
    </line>
    <line>
      <![CDATA[<tr class="table-light"><td colspan="2">product-configuration-rule-command-service:31815</td></tr>]]>
    </line>
    <line>
      <![CDATA[<tr class="table-light"><td colspan="2">product-offering-service:33371</td></tr>]]>
    </line>
    <line>
      <![CDATA[<tr class="table-light"><td colspan="2">productaccessor-service:30549</td></tr>]]>
    </line>
    <line>
      <![CDATA[<tr class="table-light"><td colspan="2">productconfigurator-action-service:32038</td></tr>]]>
    </line>
    <line>
      <![CDATA[<tr class="table-light"><td colspan="2">productconfigurator-commitmentterm-service:30140</td></tr>]]>
    </line>
    <line>
      <![CDATA[<tr class="table-light"><td colspan="2">productconfigurator-price-service:33473</td></tr>]]>
    </line>
    <line>
      <![CDATA[<tr class="table-light"><td colspan="2">productconfigurator-qualification-service:31599</td></tr>]]>
    </line>
    <line>
      <![CDATA[<tr class="table-light"><td colspan="2">productconfigurator-service:32831</td></tr>]]>
    </line>
    <line>
      <![CDATA[<tr class="table-light"><td colspan="2">productorder-amendorder-service:34841</td></tr>]]>
    </line>
    <line>
      <![CDATA[<tr class="table-light"><td colspan="2">productorder-deliverymethodorder-service:33639</td></tr>]]>
    </line>
    <line>
      <![CDATA[<tr class="table-light"><td colspan="2">productorder-futurelauncher-service:32858</td></tr>]]>
    </line>
    <line>
      <![CDATA[<tr class="table-light"><td colspan="2">productorder-limiteddurationproduct-service:33361</td></tr>]]>
    </line>
    <line>
      <![CDATA[<tr class="table-light"><td colspan="2">productorder-modifyorder-service:30158</td></tr>]]>
    </line>
    <line>
      <![CDATA[<tr class="table-light"><td colspan="2">productorder-paymentorder-service:31620</td></tr>]]>
    </line>
    <line>
      <![CDATA[<tr class="table-light"><td colspan="2">productorder-price-service:35546</td></tr>]]>
    </line>
    <line>
      <![CDATA[<tr class="table-light"><td colspan="2">productorder-productorder-service:30538</td></tr>]]>
    </line>
    <line>
      <![CDATA[<tr class="table-light"><td colspan="2">productorder-submitorder-service:31718</td></tr>]]>
    </line>
    <line>
      <![CDATA[<tr class="table-light"><td colspan="2">productorder-validateorder-service:33834</td></tr>]]>
    </line>
    <line>
      <![CDATA[<tr class="table-light"><td colspan="2">productvalidator-service:32057</td></tr>]]>
    </line>
    <line>
      <![CDATA[<tr class="table-light"><td colspan="2">promotion-command-service:32077</td></tr>]]>
    </line>
    <line>
      <![CDATA[<tr class="table-light"><td colspan="2">promotion-mapper-service:31731</td></tr>]]>
    </line>
    <line>
      <![CDATA[<tr class="table-light"><td colspan="2">promotion-productofferingcriteria-service:34777</td></tr>]]>
    </line>
    <line>
      <![CDATA[<tr class="table-light"><td colspan="2">promotion-promotion-service:32832</td></tr>]]>
    </line>
    <line>
      <![CDATA[<tr class="table-light"><td colspan="2">promotion-qualification-service:30560</td></tr>]]>
    </line>
    <line>
      <![CDATA[<tr class="table-light"><td colspan="2">promotion-saleschannelcriteria-service:34306</td></tr>]]>
    </line>
    <line>
      <![CDATA[<tr class="table-light"><td colspan="2">release-management-service:32564</td></tr>]]>
    </line>
    <line>
      <![CDATA[<tr class="table-light"><td colspan="2">repo-service:32577</td></tr>]]>
    </line>
    <line>
      <![CDATA[<tr class="table-light"><td colspan="2">scheduler-task-service:31839</td></tr>]]>
    </line>
    <line>
      <![CDATA[<tr class="table-light"><td colspan="2">shoppingcart-checkout-service:35324</td></tr>]]>
    </line>
    <line>
      <![CDATA[<tr class="table-light"><td colspan="2">shoppingcart-modify-service:33407</td></tr>]]>
    </line>
    <line>
      <![CDATA[<tr class="table-light"><td colspan="2">shoppingcart-price-service:34227</td></tr>]]>
    </line>
    <line>
      <![CDATA[<tr class="table-light"><td colspan="2">shoppingcart-shoppingcart-service:32180</td></tr>]]>
    </line>
    <line>
      <![CDATA[<tr class="table-light"><td colspan="2">shoppingcart-validate-service:32200</td></tr>]]>
    </line>
    <line>
      <![CDATA[<tr class="table-light"><td colspan="2">stock-productstock-service:33497</td></tr>]]>
    </line>
    <line>
      <![CDATA[<tr class="table-light"><td colspan="2">stock-productstockbridge-service:32860</td></tr>]]>
    </line>
    <line>
      <![CDATA[<tr class="table-light"><td colspan="2">OpenShift Master: ilocpde01-master.corp.amdocs.com k8shost: ilocpde01w02.corp.amdocs.com</td></tr>]]>
    </line>
    <line>
      <![CDATA[<tr class="table-warning"><td colspan="2">User UserIndividualCC DOES NOT exist. Creating... </td></tr>]]>
    </line>
    <line>
      <![CDATA[<tr class="table-light"><td colspan="2">JSON file loaded successfully. File: /src/test/resources/ct/payload/Individual/Individual.json</td></tr>]]>
    </line>
    <line>
      <![CDATA[<tr class="table-light"><td colspan="2">JSON file loaded successfully. File: /src/test/resources/ct/payload/A3S/User.json</td></tr>]]>
    </line>
    <line>
      <![CDATA[<tr class="table-light"><td colspan="2">JSON value updated. JSON path: $.users[0].id; Value: Automation_AdminUser_85199968</td></tr>]]>
    </line>
    <line>
      <![CDATA[<tr class="table-light"><td colspan="2">JSON value updated. JSON path: $.users[0].userName; Value: Automation_AdminUser_85199968</td></tr>]]>
    </line>
    <line>
      <![CDATA[<tr class="table-light"><td colspan="2">JSON value updated. JSON path: $.users[0].password; Value: Unix11!</td></tr>]]>
    </line>
    <line>
      <![CDATA[<tr class="table-light"><td colspan="2">JSON value updated. JSON path: $.users[0].roles; Value: [Ljava.lang.String;@7e70bd39</td></tr>]]>
    </line>
    <line>
      <![CDATA[<tr class="table-light"><td colspan="2">JSON value updated. JSON path: $.users[0].a3sUserExtension.properties.customerId; Value: Customer_43</td></tr>]]>
    </line>
    <line>
      <![CDATA[<tr class="table-light"><td colspan="2">JSON value updated. JSON path: $.users[0].a3sUserExtension.properties.salesChannel; Value: SelfService</td></tr>]]>
    </line>
    <line>
      <![CDATA[<tr class="table-info"><td class="text-dark font-weight-bold">Request Type </td><td class="" >POST</td></tr>]]>
    </line>
    <line>
      <![CDATA[<tr><td class="text-dark font-weight-bold">URI </td><td class="" > http://ilocpde01w02.corp.amdocs.com:30525/asmServices/services/v1.0/users/bulk </td></tr>]]>
    </line>
    <line>
      <![CDATA[<tr><td class="text-dark font-weight-bold" colspan="2">Headers : </td></tr>]]>
    </line>
    <line>
      <![CDATA[<tr>]]>
    </line>
    <line>
      <![CDATA[<td class="text-dark font-weight-bold" >Authorization :</td>]]>
    </line>
    <line>
      <![CDATA[<td class="" >]]>
    </line>
    <line>
      <![CDATA[<a href="" class="alert-link" data-toggle="modal" data-target="#rest_assured_logger_modal_value_13">Show</a>]]>
    </line>
    <line>
      <![CDATA[<div class="modal fade"  id="rest_assured_logger_modal_value_13" tabindex="-1" role="dialog">]]>
    </line>
    <line>
      <![CDATA[<div class="modal-dialog" role="document">]]>
    </line>
    <line>
      <![CDATA[<div class="modal-content">]]>
    </line>
    <line>
      <![CDATA[<div class="modal-header text-white bg-info">]]>
    </line>
    <line>
      <![CDATA[<h5 class="modal-title" id="title1">Authorization</h5>]]>
    </line>
    <line>
      <![CDATA[<span class="h6 text-light ml-2 mt-2">(click on the Text to copy)</span>]]>
    </line>
    <line>
      <![CDATA[<button type="button" class="close" data-dismiss="modal" aria-label="Close">]]>
    </line>
    <line>
      <![CDATA[<span aria-hidden="true">&times;</span>]]>
    </line>
    <line>
      <![CDATA[</button>]]>
    </line>
    <line>
      <![CDATA[</div>]]>
    </line>
    <line>
      <![CDATA[<div onClick="copyMePlease(this)" class="modal-body">]]>
    </line>
    <line>
      <![CDATA[Basic YTNzRGVwbG95ZXI6QTNzRGVwbG95ZXIh]]>
    </line>
    <line>
      <![CDATA[</div>]]>
    </line>
    <line>
      <![CDATA[</div>]]>
    </line>
    <line>
      <![CDATA[</div>]]>
    </line>
    <line>
      <![CDATA[</div>]]>
    </line>
    <line>
      <![CDATA[</td>]]>
    </line>
    <line>
      <![CDATA[</tr>]]>
    </line>
    <line>
      <![CDATA[<tr><td class="text-dark font-weight-bold">Accept </td><td class="" > application/json </td></tr>]]>
    </line>
    <line>
      <![CDATA[<tr><td class="text-dark font-weight-bold">Content-Type </td><td class="" > application/json </td></tr>]]>
    </line>
    <line>
      <![CDATA[<tr>]]>
    </line>
    <line>
      <![CDATA[<td class="text-dark font-weight-bold" >Payload :</td>]]>
    </line>
    <line>
      <![CDATA[<td class="" >]]>
    </line>
    <line>
      <![CDATA[<a href="" class="alert-link" data-toggle="modal" data-target="#rest_assured_logger_modal_value_14">Show</a>]]>
    </line>
    <line>
      <![CDATA[<div class="modal fade"  id="rest_assured_logger_modal_value_14" tabindex="-1" role="dialog">]]>
    </line>
    <line>
      <![CDATA[<div class="modal-dialog" role="document">]]>
    </line>
    <line>
      <![CDATA[<div class="modal-content">]]>
    </line>
    <line>
      <![CDATA[<div class="modal-header text-white bg-info">]]>
    </line>
    <line>
      <![CDATA[<h5 class="modal-title" id="title1">Payload</h5>]]>
    </line>
    <line>
      <![CDATA[<span class="h6 text-light ml-2 mt-2">(click on the Text to copy)</span>]]>
    </line>
    <line>
      <![CDATA[<button type="button" class="close" data-dismiss="modal" aria-label="Close">]]>
    </line>
    <line>
      <![CDATA[<span aria-hidden="true">&times;</span>]]>
    </line>
    <line>
      <![CDATA[</button>]]>
    </line>
    <line>
      <![CDATA[</div>]]>
    </line>
    <line>
      <![CDATA[<div onClick="copyMePlease(this)" class="modal-body">]]>
    </line>
    <line>
      <![CDATA[{"users":[{"id":"Automation_AdminUser_85199968","userName":"Automation_AdminUser_85199968","userType":"UamsUser","password":"Unix11!","roles":["ChangeOwnershipRole","orderChangeOwnership","CatalogOne.importer","Write","GetCustomer","CreateCustomerEntity","SearchIndividual","PAP-Common","DeleteCreditProfile","csr","GetCustomerEntity","RetreivePaymentMethod","ProductOrderLauncherUpdate","CreateCustomer","AsmServicesAppIdentity","RetrieveCustomerEntity","AddRelatedParty","CreatePaymentMethod","UpdateCreditProfile","PAP-PU","AnonymousUserRole","ProductOrderLauncherRead","UpdateIndividual","ProductOrderLauncherDelete","RetrieveIndividual","DeleteIndividual","CreateIndividual","STS-Common","ProductOrderLauncherCreate","GetIndividual","EvaluateCreditProfile","AppTesterRole","RetrieveCustomer"],"a3sUserExtension":{"properties":{"OperatorID":154,"customerId":"Customer_43","salesChannel":"SelfService"}}}],"operation":{"deleteFirst":true,"updateExisting":false,"createNew":true,"returnProcessedObjects":true,"failOnError":false}}]]>
    </line>
    <line>
      <![CDATA[</div>]]>
    </line>
    <line>
      <![CDATA[</div>]]>
    </line>
    <line>
      <![CDATA[</div>]]>
    </line>
    <line>
      <![CDATA[</div>]]>
    </line>
    <line>
      <![CDATA[</td>]]>
    </line>
    <line>
      <![CDATA[</tr>]]>
    </line>
    <line>
      <![CDATA[<tr>]]>
    </line>
    <line>
      <![CDATA[<td class="text-dark font-weight-bold" >Response Header :</td>]]>
    </line>
    <line>
      <![CDATA[<td class="" >]]>
    </line>
    <line>
      <![CDATA[<a href="" class="alert-link" data-toggle="modal" data-target="#modal_value_5">Show</a>]]>
    </line>
    <line>
      <![CDATA[<div class="modal fade"  id="modal_value_5" tabindex="-1" role="dialog">]]>
    </line>
    <line>
      <![CDATA[<div class="modal-dialog" role="document">]]>
    </line>
    <line>
      <![CDATA[<div class="modal-content">]]>
    </line>
    <line>
      <![CDATA[<div class="modal-header text-white bg-info">]]>
    </line>
    <line>
      <![CDATA[<h5 class="modal-title" id="title1">Response Header</h5>]]>
    </line>
    <line>
      <![CDATA[<span class="h6 text-light ml-2 mt-2">(click on the Text to copy)</span>]]>
    </line>
    <line>
      <![CDATA[<button type="button" class="close" data-dismiss="modal" aria-label="Close">]]>
    </line>
    <line>
      <![CDATA[<span aria-hidden="true">&times;</span>]]>
    </line>
    <line>
      <![CDATA[</button>]]>
    </line>
    <line>
      <![CDATA[</div>]]>
    </line>
    <line>
      <![CDATA[<div onClick="copyMePlease(this)" class="modal-body">]]>
    </line>
    <line>
      <![CDATA[X-Content-Type-Options=nosniff
	X-XSS-Protection=1; mode=block
	Cache-Control=no-cache, no-store, max-age=0, must-revalidate
	Pragma=no-cache
	Expires=0
	X-Frame-Options=DENY
	X-Application-Context=application:9191
	Date=Tue, 18 Sep 2018 09:40:42 GMT
	Content-Type=application/json
	Content-Length=1693]]>
    </line>
    <line>
      <![CDATA[</div>]]>
    </line>
    <line>
      <![CDATA[</div>]]>
    </line>
    <line>
      <![CDATA[</div>]]>
    </line>
    <line>
      <![CDATA[</div>]]>
    </line>
    <line>
      <![CDATA[</td>]]>
    </line>
    <line>
      <![CDATA[</tr>]]>
    </line>
    <line>
      <![CDATA[<tr>]]>
    </line>
    <line>
      <![CDATA[<td class="text-dark font-weight-bold" >Response :</td>]]>
    </line>
    <line>
      <![CDATA[<td class="" >]]>
    </line>
    <line>
      <![CDATA[<a href="" class="alert-link" data-toggle="modal" data-target="#rest_assured_logger_modal_value_15">Show</a>]]>
    </line>
    <line>
      <![CDATA[<div class="modal fade"  id="rest_assured_logger_modal_value_15" tabindex="-1" role="dialog">]]>
    </line>
    <line>
      <![CDATA[<div class="modal-dialog" role="document">]]>
    </line>
    <line>
      <![CDATA[<div class="modal-content">]]>
    </line>
    <line>
      <![CDATA[<div class="modal-header text-white bg-info">]]>
    </line>
    <line>
      <![CDATA[<h5 class="modal-title" id="title1">Response</h5>]]>
    </line>
    <line>
      <![CDATA[<span class="h6 text-light ml-2 mt-2">(click on the Text to copy)</span>]]>
    </line>
    <line>
      <![CDATA[<button type="button" class="close" data-dismiss="modal" aria-label="Close">]]>
    </line>
    <line>
      <![CDATA[<span aria-hidden="true">&times;</span>]]>
    </line>
    <line>
      <![CDATA[</button>]]>
    </line>
    <line>
      <![CDATA[</div>]]>
    </line>
    <line>
      <![CDATA[<div onClick="copyMePlease(this)" class="modal-body">]]>
    </line>
    <line>
      <![CDATA[{"deletedUsers":[],"createdUsers":[{"schemas":["urn:ietf:params:scim:schemas:core:2.0:User","urn:ietf:params:scim:schemas:extension:com.amdocs.a3s:2.0:User"],"id":"Automation_AdminUser_85199968","userName":"Automation_AdminUser_85199968","userType":"UamsUser","active":false,"password":null,"roles":["ChangeOwnershipRole","csr","PAP-PU","RetreivePaymentMethod","EvaluateCreditProfile","RetrieveIndividual","GetCustomerEntity","RetrieveCustomer","DeleteCreditProfile","CatalogOne.importer","GetIndividual","AnonymousUserRole","orderChangeOwnership","GetCustomer","AsmServicesAppIdentity","CreatePaymentMethod","RetrieveCustomerEntity","ProductOrderLauncherUpdate","ProductOrderLauncherCreate","AppTesterRole","Write","AddRelatedParty","CreateCustomerEntity","CreateCustomer","CreateIndividual","STS-Common","UpdateCreditProfile","PAP-Common","ProductOrderLauncherDelete","SearchIndividual","DeleteIndividual","ProductOrderLauncherRead","UpdateIndividual"],"a3sUserExtension":{"expiration":32535122400000,"effectiveDate":0,"successLoginDate":0,"badLoginDate":0,"badLoginCount":0,"isAccountNonExpired":true,"isAccountNonLocked":true,"isEnabled":true,"isAccountNeverExpired":false,"isExpiring":false,"isInEffective":false,"isCredentialsNonExpired":true,"isCredentialsExpiring":false,"isCredentialsReset":false,"properties":{"salesChannel":"SelfService","OperatorID":154,"customerId":"Customer_43","UserType":"UamsUser"}},"metadata":{"resourceType":"User","created":1537228800000,"lastModified":1537228800000,"location":"http://ilocpde01w02.corp.amdocs.com:30525/asmServices/services/v1.0/users/bulk","version":null}}],"updatedUsers":[],"numDeleted":0,"numCreated":1,"numUpdated":0,"bulkErrors":[]}]]>
    </line>
    <line>
      <![CDATA[</div>]]>
    </line>
    <line>
      <![CDATA[</div>]]>
    </line>
    <line>
      <![CDATA[</div>]]>
    </line>
    <line>
      <![CDATA[</div>]]>
    </line>
    <line>
      <![CDATA[</td>]]>
    </line>
    <line>
      <![CDATA[</tr>]]>
    </line>
    <line>
      <![CDATA[<tr class="table-success"><td colspan="2">Response status: expected=201 actual=201; Value: true</td></tr>]]>
    </line>
    <line>
      <![CDATA[<tr class="table-info"><td class="text-dark font-weight-bold">Request Type </td><td class="" >POST</td></tr>]]>
    </line>
    <line>
      <![CDATA[<tr><td class="text-dark font-weight-bold">URI </td><td class="" > http://ilocpde01w02.corp.amdocs.com:30525/asmServices/services/v1.0/auth/tokens </td></tr>]]>
    </line>
    <line>
      <![CDATA[<tr><td class="text-dark font-weight-bold" colspan="2">Headers : </td></tr>]]>
    </line>
    <line>
      <![CDATA[<tr>]]>
    </line>
    <line>
      <![CDATA[<td class="text-dark font-weight-bold" >Authorization :</td>]]>
    </line>
    <line>
      <![CDATA[<td class="" >]]>
    </line>
    <line>
      <![CDATA[<a href="" class="alert-link" data-toggle="modal" data-target="#rest_assured_logger_modal_value_16">Show</a>]]>
    </line>
    <line>
      <![CDATA[<div class="modal fade"  id="rest_assured_logger_modal_value_16" tabindex="-1" role="dialog">]]>
    </line>
    <line>
      <![CDATA[<div class="modal-dialog" role="document">]]>
    </line>
    <line>
      <![CDATA[<div class="modal-content">]]>
    </line>
    <line>
      <![CDATA[<div class="modal-header text-white bg-info">]]>
    </line>
    <line>
      <![CDATA[<h5 class="modal-title" id="title1">Authorization</h5>]]>
    </line>
    <line>
      <![CDATA[<span class="h6 text-light ml-2 mt-2">(click on the Text to copy)</span>]]>
    </line>
    <line>
      <![CDATA[<button type="button" class="close" data-dismiss="modal" aria-label="Close">]]>
    </line>
    <line>
      <![CDATA[<span aria-hidden="true">&times;</span>]]>
    </line>
    <line>
      <![CDATA[</button>]]>
    </line>
    <line>
      <![CDATA[</div>]]>
    </line>
    <line>
      <![CDATA[<div onClick="copyMePlease(this)" class="modal-body">]]>
    </line>
    <line>
      <![CDATA[Basic TWFpbklzc3VlcjpVbml4MTEh]]>
    </line>
    <line>
      <![CDATA[</div>]]>
    </line>
    <line>
      <![CDATA[</div>]]>
    </line>
    <line>
      <![CDATA[</div>]]>
    </line>
    <line>
      <![CDATA[</div>]]>
    </line>
    <line>
      <![CDATA[</td>]]>
    </line>
    <line>
      <![CDATA[</tr>]]>
    </line>
    <line>
      <![CDATA[<tr><td class="text-dark font-weight-bold">Accept </td><td class="" > application/json </td></tr>]]>
    </line>
    <line>
      <![CDATA[<tr><td class="text-dark font-weight-bold">Content-Type </td><td class="" > application/json </td></tr>]]>
    </line>
    <line>
      <![CDATA[<tr>]]>
    </line>
    <line>
      <![CDATA[<td class="text-dark font-weight-bold" >Payload :</td>]]>
    </line>
    <line>
      <![CDATA[<td class="" >]]>
    </line>
    <line>
      <![CDATA[<a href="" class="alert-link" data-toggle="modal" data-target="#rest_assured_logger_modal_value_17">Show</a>]]>
    </line>
    <line>
      <![CDATA[<div class="modal fade"  id="rest_assured_logger_modal_value_17" tabindex="-1" role="dialog">]]>
    </line>
    <line>
      <![CDATA[<div class="modal-dialog" role="document">]]>
    </line>
    <line>
      <![CDATA[<div class="modal-content">]]>
    </line>
    <line>
      <![CDATA[<div class="modal-header text-white bg-info">]]>
    </line>
    <line>
      <![CDATA[<h5 class="modal-title" id="title1">Payload</h5>]]>
    </line>
    <line>
      <![CDATA[<span class="h6 text-light ml-2 mt-2">(click on the Text to copy)</span>]]>
    </line>
    <line>
      <![CDATA[<button type="button" class="close" data-dismiss="modal" aria-label="Close">]]>
    </line>
    <line>
      <![CDATA[<span aria-hidden="true">&times;</span>]]>
    </line>
    <line>
      <![CDATA[</button>]]>
    </line>
    <line>
      <![CDATA[</div>]]>
    </line>
    <line>
      <![CDATA[<div onClick="copyMePlease(this)" class="modal-body">]]>
    </line>
    <line>
      <![CDATA[{"auth":{"dialects":["A3S_Core_Public","Customer_Info"],"token-type":"JWT","token-expiration":null,"on-behalf-of":{"type":"USER_PASSWORD","user-credentials":{"username":"Automation_AdminUser_85199968","password":"Unix11!"}}}}]]>
    </line>
    <line>
      <![CDATA[</div>]]>
    </line>
    <line>
      <![CDATA[</div>]]>
    </line>
    <line>
      <![CDATA[</div>]]>
    </line>
    <line>
      <![CDATA[</div>]]>
    </line>
    <line>
      <![CDATA[</td>]]>
    </line>
    <line>
      <![CDATA[</tr>]]>
    </line>
    <line>
      <![CDATA[<tr>]]>
    </line>
    <line>
      <![CDATA[<td class="text-dark font-weight-bold" >Response Header :</td>]]>
    </line>
    <line>
      <![CDATA[<td class="" >]]>
    </line>
    <line>
      <![CDATA[<a href="" class="alert-link" data-toggle="modal" data-target="#modal_value_6">Show</a>]]>
    </line>
    <line>
      <![CDATA[<div class="modal fade"  id="modal_value_6" tabindex="-1" role="dialog">]]>
    </line>
    <line>
      <![CDATA[<div class="modal-dialog" role="document">]]>
    </line>
    <line>
      <![CDATA[<div class="modal-content">]]>
    </line>
    <line>
      <![CDATA[<div class="modal-header text-white bg-info">]]>
    </line>
    <line>
      <![CDATA[<h5 class="modal-title" id="title1">Response Header</h5>]]>
    </line>
    <line>
      <![CDATA[<span class="h6 text-light ml-2 mt-2">(click on the Text to copy)</span>]]>
    </line>
    <line>
      <![CDATA[<button type="button" class="close" data-dismiss="modal" aria-label="Close">]]>
    </line>
    <line>
      <![CDATA[<span aria-hidden="true">&times;</span>]]>
    </line>
    <line>
      <![CDATA[</button>]]>
    </line>
    <line>
      <![CDATA[</div>]]>
    </line>
    <line>
      <![CDATA[<div onClick="copyMePlease(this)" class="modal-body">]]>
    </line>
    <line>
      <![CDATA[X-Content-Type-Options=nosniff
	X-XSS-Protection=1; mode=block
	Cache-Control=no-cache, no-store, max-age=0, must-revalidate
	Pragma=no-cache
	Expires=0
	X-Frame-Options=DENY
	X-Application-Context=application:9191
	Date=Tue, 18 Sep 2018 09:40:42 GMT
	Content-Type=application/json
	Content-Length=1761]]>
    </line>
    <line>
      <![CDATA[</div>]]>
    </line>
    <line>
      <![CDATA[</div>]]>
    </line>
    <line>
      <![CDATA[</div>]]>
    </line>
    <line>
      <![CDATA[</div>]]>
    </line>
    <line>
      <![CDATA[</td>]]>
    </line>
    <line>
      <![CDATA[</tr>]]>
    </line>
    <line>
      <![CDATA[<tr>]]>
    </line>
    <line>
      <![CDATA[<td class="text-dark font-weight-bold" >Response :</td>]]>
    </line>
    <line>
      <![CDATA[<td class="" >]]>
    </line>
    <line>
      <![CDATA[<a href="" class="alert-link" data-toggle="modal" data-target="#rest_assured_logger_modal_value_18">Show</a>]]>
    </line>
    <line>
      <![CDATA[<div class="modal fade"  id="rest_assured_logger_modal_value_18" tabindex="-1" role="dialog">]]>
    </line>
    <line>
      <![CDATA[<div class="modal-dialog" role="document">]]>
    </line>
    <line>
      <![CDATA[<div class="modal-content">]]>
    </line>
    <line>
      <![CDATA[<div class="modal-header text-white bg-info">]]>
    </line>
    <line>
      <![CDATA[<h5 class="modal-title" id="title1">Response</h5>]]>
    </line>
    <line>
      <![CDATA[<span class="h6 text-light ml-2 mt-2">(click on the Text to copy)</span>]]>
    </line>
    <line>
      <![CDATA[<button type="button" class="close" data-dismiss="modal" aria-label="Close">]]>
    </line>
    <line>
      <![CDATA[<span aria-hidden="true">&times;</span>]]>
    </line>
    <line>
      <![CDATA[</button>]]>
    </line>
    <line>
      <![CDATA[</div>]]>
    </line>
    <line>
      <![CDATA[<div onClick="copyMePlease(this)" class="modal-body">]]>
    </line>
    <line>
      <![CDATA[{"subjectToken":"eyJ4NXQjUzI1NiI6IkxEbGVvYldaYmVZcG9pb0Q0R1hrMWp3US8rUWd1MUs1eXNzQ1JpN3BtelE9IiwidHlwIjoiSldUIiwiYWxnIjoiUlMyNTYifQ.eyJzdWIiOiJBdXRvbWF0aW9uX0FkbWluVXNlcl84NTE5OTk2OCIsInJvbGVzIjpbIlJldHJpZXZlQ3VzdG9tZXIiLCJEZWxldGVDcmVkaXRQcm9maWxlIiwiR2V0Q3VzdG9tZXJFbnRpdHkiLCJDaGFuZ2VPd25lcnNoaXBSb2xlIiwiQ3JlYXRlQ3VzdG9tZXIiLCJQcm9kdWN0T3JkZXJMYXVuY2hlclVwZGF0ZSIsIkNhdGFsb2dPbmUuaW1wb3J0ZXIiLCJQcm9kdWN0T3JkZXJMYXVuY2hlckRlbGV0ZSIsIkNyZWF0ZVBheW1lbnRNZXRob2QiLCJHZXRDdXN0b21lciIsIkFzbVNlcnZpY2VzQXBwSWRlbnRpdHkiLCJBbm9ueW1vdXNVc2VyUm9sZSIsIlNlYXJjaEluZGl2aWR1YWwiLCJSZXRyaWV2ZUluZGl2aWR1YWwiLCJQQVAtUFUiLCJHZXRJbmRpdmlkdWFsIiwiV3JpdGUiLCJBZGRSZWxhdGVkUGFydHkiLCJBcHBUZXN0ZXJSb2xlIiwib3JkZXJDaGFuZ2VPd25lcnNoaXAiLCJSZXRyZWl2ZVBheW1lbnRNZXRob2QiLCJDcmVhdGVJbmRpdmlkdWFsIiwiU1RTLUNvbW1vbiIsIlBBUC1Db21tb24iLCJQcm9kdWN0T3JkZXJMYXVuY2hlckNyZWF0ZSIsIkV2YWx1YXRlQ3JlZGl0UHJvZmlsZSIsIkRlbGV0ZUluZGl2aWR1YWwiLCJVcGRhdGVJbmRpdmlkdWFsIiwiUHJvZHVjdE9yZGVyTGF1bmNoZXJSZWFkIiwiY3NyIiwiUmV0cmlldmVDdXN0b21lckVudGl0eSIsIlVwZGF0ZUNyZWRpdFByb2ZpbGUiLCJDcmVhdGVDdXN0b21lckVudGl0eSJdLCJjdXN0b21lcklkIjoiQ3VzdG9tZXJfNDMiLCJpc3MiOiJBM1Nab25lMUBBM1MuYW1kb2NzLmNvbSIsIm9pdCI6MTUzNzI2MzY0Miwic2FsZXNDaGFubmVsIjoiU2VsZlNlcnZpY2UiLCJleHAiOjE1MzcyNzA4NDIsImlhdCI6MTUzNzI2MzY0MiwidHRsIjoxNTM3MjkyNDQyLCJqdGkiOiJhMzYzOGMxOGM2MWUwMjBhNTcwYzlkMjI1MmJiYjU1NzcyNjg0NWVmMzYwNTZmZjZiZmVmNTgzNzdmOTJjYWJiIn0.LERi9evv87MvnLPHn9KQqCN7_s1gcpDAY4VY_Z_05WhIdKU4JfopIAPE2mLE5mOl7sSwZcRzGORMviWw2PXF21-6AM3EdmxJcEUBQWjDRfD9z_x6z-fDk8G0GuzYhp1f2l4qrb6AHJ7iKCyOzd90dQ4qQPn81rUAGcZ5vt4qukg9Ty6W-g3bVdD2imvBEVxyRAuoawNgRBZQgUzBa-7MkMrCYKijVEVlWgTCaddwcOzp7bJ9if033J8c_wWppi1-D2GRWoIU-QnTAUZio1h1oiMTFw_5zpzx2FHXIPkP-uhtilo4CfSZ0eF1BL2n_u7c6PIhHRTdo0iYYeuIoDWUmA","subjectTokenExpiration":"1537270842000"}]]>
    </line>
    <line>
      <![CDATA[</div>]]>
    </line>
    <line>
      <![CDATA[</div>]]>
    </line>
    <line>
      <![CDATA[</div>]]>
    </line>
    <line>
      <![CDATA[</div>]]>
    </line>
    <line>
      <![CDATA[</td>]]>
    </line>
    <line>
      <![CDATA[</tr>]]>
    </line>
    <line>
      <![CDATA[<tr class="table-info"><td class="text-dark font-weight-bold">Request Type </td><td class="" >POST</td></tr>]]>
    </line>
    <line>
      <![CDATA[<tr><td class="text-dark font-weight-bold">URI </td><td class="" > http://ilocpde01w26.corp.amdocs.com:30261/partyManagement/v1/individual?salesChannel=CallCenter </td></tr>]]>
    </line>
    <line>
      <![CDATA[<tr><td class="text-dark font-weight-bold" colspan="2">Headers : </td></tr>]]>
    </line>
    <line>
      <![CDATA[<tr>]]>
    </line>
    <line>
      <![CDATA[<td class="text-dark font-weight-bold" >Authorization :</td>]]>
    </line>
    <line>
      <![CDATA[<td class="" >]]>
    </line>
    <line>
      <![CDATA[<a href="" class="alert-link" data-toggle="modal" data-target="#rest_assured_logger_modal_value_19">Show</a>]]>
    </line>
    <line>
      <![CDATA[<div class="modal fade"  id="rest_assured_logger_modal_value_19" tabindex="-1" role="dialog">]]>
    </line>
    <line>
      <![CDATA[<div class="modal-dialog" role="document">]]>
    </line>
    <line>
      <![CDATA[<div class="modal-content">]]>
    </line>
    <line>
      <![CDATA[<div class="modal-header text-white bg-info">]]>
    </line>
    <line>
      <![CDATA[<h5 class="modal-title" id="title1">Authorization</h5>]]>
    </line>
    <line>
      <![CDATA[<span class="h6 text-light ml-2 mt-2">(click on the Text to copy)</span>]]>
    </line>
    <line>
      <![CDATA[<button type="button" class="close" data-dismiss="modal" aria-label="Close">]]>
    </line>
    <line>
      <![CDATA[<span aria-hidden="true">&times;</span>]]>
    </line>
    <line>
      <![CDATA[</button>]]>
    </line>
    <line>
      <![CDATA[</div>]]>
    </line>
    <line>
      <![CDATA[<div onClick="copyMePlease(this)" class="modal-body">]]>
    </line>
    <line>
      <![CDATA[Bearer eyJ4NXQjUzI1NiI6IkxEbGVvYldaYmVZcG9pb0Q0R1hrMWp3US8rUWd1MUs1eXNzQ1JpN3BtelE9IiwidHlwIjoiSldUIiwiYWxnIjoiUlMyNTYifQ.eyJzdWIiOiJBdXRvbWF0aW9uX0FkbWluVXNlcl84NTE5OTk2OCIsInJvbGVzIjpbIlJldHJpZXZlQ3VzdG9tZXIiLCJEZWxldGVDcmVkaXRQcm9maWxlIiwiR2V0Q3VzdG9tZXJFbnRpdHkiLCJDaGFuZ2VPd25lcnNoaXBSb2xlIiwiQ3JlYXRlQ3VzdG9tZXIiLCJQcm9kdWN0T3JkZXJMYXVuY2hlclVwZGF0ZSIsIkNhdGFsb2dPbmUuaW1wb3J0ZXIiLCJQcm9kdWN0T3JkZXJMYXVuY2hlckRlbGV0ZSIsIkNyZWF0ZVBheW1lbnRNZXRob2QiLCJHZXRDdXN0b21lciIsIkFzbVNlcnZpY2VzQXBwSWRlbnRpdHkiLCJBbm9ueW1vdXNVc2VyUm9sZSIsIlNlYXJjaEluZGl2aWR1YWwiLCJSZXRyaWV2ZUluZGl2aWR1YWwiLCJQQVAtUFUiLCJHZXRJbmRpdmlkdWFsIiwiV3JpdGUiLCJBZGRSZWxhdGVkUGFydHkiLCJBcHBUZXN0ZXJSb2xlIiwib3JkZXJDaGFuZ2VPd25lcnNoaXAiLCJSZXRyZWl2ZVBheW1lbnRNZXRob2QiLCJDcmVhdGVJbmRpdmlkdWFsIiwiU1RTLUNvbW1vbiIsIlBBUC1Db21tb24iLCJQcm9kdWN0T3JkZXJMYXVuY2hlckNyZWF0ZSIsIkV2YWx1YXRlQ3JlZGl0UHJvZmlsZSIsIkRlbGV0ZUluZGl2aWR1YWwiLCJVcGRhdGVJbmRpdmlkdWFsIiwiUHJvZHVjdE9yZGVyTGF1bmNoZXJSZWFkIiwiY3NyIiwiUmV0cmlldmVDdXN0b21lckVudGl0eSIsIlVwZGF0ZUNyZWRpdFByb2ZpbGUiLCJDcmVhdGVDdXN0b21lckVudGl0eSJdLCJjdXN0b21lcklkIjoiQ3VzdG9tZXJfNDMiLCJpc3MiOiJBM1Nab25lMUBBM1MuYW1kb2NzLmNvbSIsIm9pdCI6MTUzNzI2MzY0Miwic2FsZXNDaGFubmVsIjoiU2VsZlNlcnZpY2UiLCJleHAiOjE1MzcyNzA4NDIsImlhdCI6MTUzNzI2MzY0MiwidHRsIjoxNTM3MjkyNDQyLCJqdGkiOiJhMzYzOGMxOGM2MWUwMjBhNTcwYzlkMjI1MmJiYjU1NzcyNjg0NWVmMzYwNTZmZjZiZmVmNTgzNzdmOTJjYWJiIn0.LERi9evv87MvnLPHn9KQqCN7_s1gcpDAY4VY_Z_05WhIdKU4JfopIAPE2mLE5mOl7sSwZcRzGORMviWw2PXF21-6AM3EdmxJcEUBQWjDRfD9z_x6z-fDk8G0GuzYhp1f2l4qrb6AHJ7iKCyOzd90dQ4qQPn81rUAGcZ5vt4qukg9Ty6W-g3bVdD2imvBEVxyRAuoawNgRBZQgUzBa-7MkMrCYKijVEVlWgTCaddwcOzp7bJ9if033J8c_wWppi1-D2GRWoIU-QnTAUZio1h1oiMTFw_5zpzx2FHXIPkP-uhtilo4CfSZ0eF1BL2n_u7c6PIhHRTdo0iYYeuIoDWUmA]]>
    </line>
    <line>
      <![CDATA[</div>]]>
    </line>
    <line>
      <![CDATA[</div>]]>
    </line>
    <line>
      <![CDATA[</div>]]>
    </line>
    <line>
      <![CDATA[</div>]]>
    </line>
    <line>
      <![CDATA[</td>]]>
    </line>
    <line>
      <![CDATA[</tr>]]>
    </line>
    <line>
      <![CDATA[<tr><td class="text-dark font-weight-bold">Accept-Language </td><td class="" > en_US </td></tr>]]>
    </line>
    <line>
      <![CDATA[<tr><td class="text-dark font-weight-bold">Content-Type </td><td class="" > application/json </td></tr>]]>
    </line>
    <line>
      <![CDATA[<tr>]]>
    </line>
    <line>
      <![CDATA[<td class="text-dark font-weight-bold" >Payload :</td>]]>
    </line>
    <line>
      <![CDATA[<td class="" >]]>
    </line>
    <line>
      <![CDATA[<a href="" class="alert-link" data-toggle="modal" data-target="#rest_assured_logger_modal_value_20">Show</a>]]>
    </line>
    <line>
      <![CDATA[<div class="modal fade"  id="rest_assured_logger_modal_value_20" tabindex="-1" role="dialog">]]>
    </line>
    <line>
      <![CDATA[<div class="modal-dialog" role="document">]]>
    </line>
    <line>
      <![CDATA[<div class="modal-content">]]>
    </line>
    <line>
      <![CDATA[<div class="modal-header text-white bg-info">]]>
    </line>
    <line>
      <![CDATA[<h5 class="modal-title" id="title1">Payload</h5>]]>
    </line>
    <line>
      <![CDATA[<span class="h6 text-light ml-2 mt-2">(click on the Text to copy)</span>]]>
    </line>
    <line>
      <![CDATA[<button type="button" class="close" data-dismiss="modal" aria-label="Close">]]>
    </line>
    <line>
      <![CDATA[<span aria-hidden="true">&times;</span>]]>
    </line>
    <line>
      <![CDATA[</button>]]>
    </line>
    <line>
      <![CDATA[</div>]]>
    </line>
    <line>
      <![CDATA[<div onClick="copyMePlease(this)" class="modal-body">]]>
    </line>
    <line>
      <![CDATA[{
  "role": "role",
  "gender": "Male",
  "formattedName": "formattedName",
  "displayStatus": "displayStatus",
  "language": "language",
  "title": "Mr.",
  "displayResidencyType": "displayResidencyType",
  "displayTitle": "displayTitle",
  "personRank": 0,
  "countryOfBirth": "India",
  "familyName": "Romi",
  "deathDate": "2017-08-18T12:16:47.447Z",
  "id": "id",
  "href": "href",
  "profileImageURL": "profileImageURL",
  "placeOfBirth": "Raebareli",
  "givenName": "Romi",
  "displayMaritalStatus": "displayMaritalStatus",
  "fullName": "fullName",
  "relatedParty": [
    {
      "role": "Primary",
      "validFor": {
        "startDateTime": "1980-08-18T12:16:47.448Z",
        "endDateTime": "2017-08-18T12:16:47.448Z"
      },
      "name": "individualRelParty",
      "id": "12",
      "href": "href",
      "type": "Customer"
    }
  ],
  "birthDate": "1980-08-18T12:16:47.447Z",
  "nationality": "Indian",
  "preferredGivenName": "preferredGivenName",
  "displayGender": "displayGender",
  "middleName": "middleName8986",
  "location": "http://goo.gl/maps/l8F9L",
  "displayId": "displayId",
  "maritalStatus": "Single",
  "status": "status",
  "residencyType": "Own"
}]]>
    </line>
    <line>
      <![CDATA[</div>]]>
    </line>
    <line>
      <![CDATA[</div>]]>
    </line>
    <line>
      <![CDATA[</div>]]>
    </line>
    <line>
      <![CDATA[</div>]]>
    </line>
    <line>
      <![CDATA[</td>]]>
    </line>
    <line>
      <![CDATA[</tr>]]>
    </line>
    <line>
      <![CDATA[<tr>]]>
    </line>
    <line>
      <![CDATA[<td class="text-dark font-weight-bold" >Response Header :</td>]]>
    </line>
    <line>
      <![CDATA[<td class="" >]]>
    </line>
    <line>
      <![CDATA[<a href="" class="alert-link" data-toggle="modal" data-target="#modal_value_7">Show</a>]]>
    </line>
    <line>
      <![CDATA[<div class="modal fade"  id="modal_value_7" tabindex="-1" role="dialog">]]>
    </line>
    <line>
      <![CDATA[<div class="modal-dialog" role="document">]]>
    </line>
    <line>
      <![CDATA[<div class="modal-content">]]>
    </line>
    <line>
      <![CDATA[<div class="modal-header text-white bg-info">]]>
    </line>
    <line>
      <![CDATA[<h5 class="modal-title" id="title1">Response Header</h5>]]>
    </line>
    <line>
      <![CDATA[<span class="h6 text-light ml-2 mt-2">(click on the Text to copy)</span>]]>
    </line>
    <line>
      <![CDATA[<button type="button" class="close" data-dismiss="modal" aria-label="Close">]]>
    </line>
    <line>
      <![CDATA[<span aria-hidden="true">&times;</span>]]>
    </line>
    <line>
      <![CDATA[</button>]]>
    </line>
    <line>
      <![CDATA[</div>]]>
    </line>
    <line>
      <![CDATA[<div onClick="copyMePlease(this)" class="modal-body">]]>
    </line>
    <line>
      <![CDATA[X-Content-Type-Options=nosniff
	X-XSS-Protection=1; mode=block
	Cache-Control=no-cache, no-store, max-age=0, must-revalidate
	Pragma=no-cache
	Expires=0
	X-Frame-Options=DENY
	X-Application-Context=party-individual-ms:8080
	ETag=Individual_40755=1537263643760132096
	Content-Type=application/json;charset=UTF-8
	Transfer-Encoding=chunked
	Date=Tue, 18 Sep 2018 09:40:43 GMT]]>
    </line>
    <line>
      <![CDATA[</div>]]>
    </line>
    <line>
      <![CDATA[</div>]]>
    </line>
    <line>
      <![CDATA[</div>]]>
    </line>
    <line>
      <![CDATA[</div>]]>
    </line>
    <line>
      <![CDATA[</td>]]>
    </line>
    <line>
      <![CDATA[</tr>]]>
    </line>
    <line>
      <![CDATA[<tr>]]>
    </line>
    <line>
      <![CDATA[<td class="text-dark font-weight-bold" >Response :</td>]]>
    </line>
    <line>
      <![CDATA[<td class="" >]]>
    </line>
    <line>
      <![CDATA[<a href="" class="alert-link" data-toggle="modal" data-target="#rest_assured_logger_modal_value_21">Show</a>]]>
    </line>
    <line>
      <![CDATA[<div class="modal fade"  id="rest_assured_logger_modal_value_21" tabindex="-1" role="dialog">]]>
    </line>
    <line>
      <![CDATA[<div class="modal-dialog" role="document">]]>
    </line>
    <line>
      <![CDATA[<div class="modal-content">]]>
    </line>
    <line>
      <![CDATA[<div class="modal-header text-white bg-info">]]>
    </line>
    <line>
      <![CDATA[<h5 class="modal-title" id="title1">Response</h5>]]>
    </line>
    <line>
      <![CDATA[<span class="h6 text-light ml-2 mt-2">(click on the Text to copy)</span>]]>
    </line>
    <line>
      <![CDATA[<button type="button" class="close" data-dismiss="modal" aria-label="Close">]]>
    </line>
    <line>
      <![CDATA[<span aria-hidden="true">&times;</span>]]>
    </line>
    <line>
      <![CDATA[</button>]]>
    </line>
    <line>
      <![CDATA[</div>]]>
    </line>
    <line>
      <![CDATA[<div onClick="copyMePlease(this)" class="modal-body">]]>
    </line>
    <line>
      <![CDATA[{"id":"Individual_40755","href":"http://party-individual-service:8080/partyManagement/v1/individual/Individual_40755","givenName":"Romi","middleName":"middleName8986","familyName":"Romi","formattedName":"Mr. Romi Romi","fullName":"Romi middleName8986 Romi","preferredGivenName":"preferredGivenName","displayId":"1879149868","birthDate":"1980-08-18T12:16:47.447Z","countryOfBirth":"India","deathDate":"2017-08-18T12:16:47.447Z","gender":"Male","displayGender":null,"location":"http://goo.gl/maps/l8F9L","maritalStatus":"Single","displayMaritalStatus":null,"nationality":"Indian","placeOfBirth":"Raebareli","status":"status","displayStatus":null,"residencyType":"Own","displayResidencyType":null,"title":"Mr.","displayTitle":null,"language":"language","personRank":0,"profileImageURL":"profileImageURL","contactMedium":[],"relatedParty":[{"id":"12","href":"http://related-party-service:8080/relatedPartyManagement/v1/relatedParty/12","name":"individualRelParty","role":"Primary","type":"Customer","validFor":{"startDateTime":"1980-08-18T12:16:47.448Z","endDateTime":"2017-08-18T12:16:47.448Z"}}],"disability":[],"identification":[],"characteristic":[],"otherName":[],"externalReference":[],"profilePicture":null,"InfluenceScore":[],"controlFields":{"createdBy":"Automation_AdminUser_85199968","createdOn":"2018-09-18T09:40:43.815Z","lastModifiedBy":"Automation_AdminUser_85199968","lastModifiedOn":"2018-09-18T09:40:43.815Z","modelVersion":null}}]]>
    </line>
    <line>
      <![CDATA[</div>]]>
    </line>
    <line>
      <![CDATA[</div>]]>
    </line>
    <line>
      <![CDATA[</div>]]>
    </line>
    <line>
      <![CDATA[</div>]]>
    </line>
    <line>
      <![CDATA[</td>]]>
    </line>
    <line>
      <![CDATA[</tr>]]>
    </line>
    <line>
      <![CDATA[<tr class="table-success"><td colspan="2">Response status: expected=201 actual=201; Value: true</td></tr>]]>
    </line>
    <line>
      <![CDATA[<tr class="table-light"><td colspan="2">JSON file loaded successfully. File: /src/test/resources/ct/payload/Customer/IndividualCustomer.json</td></tr>]]>
    </line>
    <line>
      <![CDATA[<tr class="table-light"><td colspan="2">JSON value updated. JSON path: $.engagedParty.id; Value: Individual_40755</td></tr>]]>
    </line>
    <line>
      <![CDATA[<tr class="table-light"><td colspan="2">JSON file loaded successfully. File: /src/test/resources/ct/payload/A3S/User.json</td></tr>]]>
    </line>
    <line>
      <![CDATA[<tr class="table-light"><td colspan="2">JSON value updated. JSON path: $.users[0].id; Value: Automation_AdminUser_395798831</td></tr>]]>
    </line>
    <line>
      <![CDATA[<tr class="table-light"><td colspan="2">JSON value updated. JSON path: $.users[0].userName; Value: Automation_AdminUser_395798831</td></tr>]]>
    </line>
    <line>
      <![CDATA[<tr class="table-light"><td colspan="2">JSON value updated. JSON path: $.users[0].password; Value: Unix11!</td></tr>]]>
    </line>
    <line>
      <![CDATA[<tr class="table-light"><td colspan="2">JSON value updated. JSON path: $.users[0].roles; Value: [Ljava.lang.String;@7e70bd39</td></tr>]]>
    </line>
    <line>
      <![CDATA[<tr class="table-light"><td colspan="2">JSON value updated. JSON path: $.users[0].a3sUserExtension.properties.customerId; Value: Customer_43</td></tr>]]>
    </line>
    <line>
      <![CDATA[<tr class="table-light"><td colspan="2">JSON value updated. JSON path: $.users[0].a3sUserExtension.properties.salesChannel; Value: SelfService</td></tr>]]>
    </line>
    <line>
      <![CDATA[<tr class="table-info"><td class="text-dark font-weight-bold">Request Type </td><td class="" >POST</td></tr>]]>
    </line>
    <line>
      <![CDATA[<tr><td class="text-dark font-weight-bold">URI </td><td class="" > http://ilocpde01w02.corp.amdocs.com:30525/asmServices/services/v1.0/users/bulk </td></tr>]]>
    </line>
    <line>
      <![CDATA[<tr><td class="text-dark font-weight-bold" colspan="2">Headers : </td></tr>]]>
    </line>
    <line>
      <![CDATA[<tr>]]>
    </line>
    <line>
      <![CDATA[<td class="text-dark font-weight-bold" >Authorization :</td>]]>
    </line>
    <line>
      <![CDATA[<td class="" >]]>
    </line>
    <line>
      <![CDATA[<a href="" class="alert-link" data-toggle="modal" data-target="#rest_assured_logger_modal_value_22">Show</a>]]>
    </line>
    <line>
      <![CDATA[<div class="modal fade"  id="rest_assured_logger_modal_value_22" tabindex="-1" role="dialog">]]>
    </line>
    <line>
      <![CDATA[<div class="modal-dialog" role="document">]]>
    </line>
    <line>
      <![CDATA[<div class="modal-content">]]>
    </line>
    <line>
      <![CDATA[<div class="modal-header text-white bg-info">]]>
    </line>
    <line>
      <![CDATA[<h5 class="modal-title" id="title1">Authorization</h5>]]>
    </line>
    <line>
      <![CDATA[<span class="h6 text-light ml-2 mt-2">(click on the Text to copy)</span>]]>
    </line>
    <line>
      <![CDATA[<button type="button" class="close" data-dismiss="modal" aria-label="Close">]]>
    </line>
    <line>
      <![CDATA[<span aria-hidden="true">&times;</span>]]>
    </line>
    <line>
      <![CDATA[</button>]]>
    </line>
    <line>
      <![CDATA[</div>]]>
    </line>
    <line>
      <![CDATA[<div onClick="copyMePlease(this)" class="modal-body">]]>
    </line>
    <line>
      <![CDATA[Basic YTNzRGVwbG95ZXI6QTNzRGVwbG95ZXIh]]>
    </line>
    <line>
      <![CDATA[</div>]]>
    </line>
    <line>
      <![CDATA[</div>]]>
    </line>
    <line>
      <![CDATA[</div>]]>
    </line>
    <line>
      <![CDATA[</div>]]>
    </line>
    <line>
      <![CDATA[</td>]]>
    </line>
    <line>
      <![CDATA[</tr>]]>
    </line>
    <line>
      <![CDATA[<tr><td class="text-dark font-weight-bold">Accept </td><td class="" > application/json </td></tr>]]>
    </line>
    <line>
      <![CDATA[<tr><td class="text-dark font-weight-bold">Content-Type </td><td class="" > application/json </td></tr>]]>
    </line>
    <line>
      <![CDATA[<tr>]]>
    </line>
    <line>
      <![CDATA[<td class="text-dark font-weight-bold" >Payload :</td>]]>
    </line>
    <line>
      <![CDATA[<td class="" >]]>
    </line>
    <line>
      <![CDATA[<a href="" class="alert-link" data-toggle="modal" data-target="#rest_assured_logger_modal_value_23">Show</a>]]>
    </line>
    <line>
      <![CDATA[<div class="modal fade"  id="rest_assured_logger_modal_value_23" tabindex="-1" role="dialog">]]>
    </line>
    <line>
      <![CDATA[<div class="modal-dialog" role="document">]]>
    </line>
    <line>
      <![CDATA[<div class="modal-content">]]>
    </line>
    <line>
      <![CDATA[<div class="modal-header text-white bg-info">]]>
    </line>
    <line>
      <![CDATA[<h5 class="modal-title" id="title1">Payload</h5>]]>
    </line>
    <line>
      <![CDATA[<span class="h6 text-light ml-2 mt-2">(click on the Text to copy)</span>]]>
    </line>
    <line>
      <![CDATA[<button type="button" class="close" data-dismiss="modal" aria-label="Close">]]>
    </line>
    <line>
      <![CDATA[<span aria-hidden="true">&times;</span>]]>
    </line>
    <line>
      <![CDATA[</button>]]>
    </line>
    <line>
      <![CDATA[</div>]]>
    </line>
    <line>
      <![CDATA[<div onClick="copyMePlease(this)" class="modal-body">]]>
    </line>
    <line>
      <![CDATA[{"users":[{"id":"Automation_AdminUser_395798831","userName":"Automation_AdminUser_395798831","userType":"UamsUser","password":"Unix11!","roles":["ChangeOwnershipRole","orderChangeOwnership","CatalogOne.importer","Write","GetCustomer","CreateCustomerEntity","SearchIndividual","PAP-Common","DeleteCreditProfile","csr","GetCustomerEntity","RetreivePaymentMethod","ProductOrderLauncherUpdate","CreateCustomer","AsmServicesAppIdentity","RetrieveCustomerEntity","AddRelatedParty","CreatePaymentMethod","UpdateCreditProfile","PAP-PU","AnonymousUserRole","ProductOrderLauncherRead","UpdateIndividual","ProductOrderLauncherDelete","RetrieveIndividual","DeleteIndividual","CreateIndividual","STS-Common","ProductOrderLauncherCreate","GetIndividual","EvaluateCreditProfile","AppTesterRole","RetrieveCustomer"],"a3sUserExtension":{"properties":{"OperatorID":154,"customerId":"Customer_43","salesChannel":"SelfService"}}}],"operation":{"deleteFirst":true,"updateExisting":false,"createNew":true,"returnProcessedObjects":true,"failOnError":false}}]]>
    </line>
    <line>
      <![CDATA[</div>]]>
    </line>
    <line>
      <![CDATA[</div>]]>
    </line>
    <line>
      <![CDATA[</div>]]>
    </line>
    <line>
      <![CDATA[</div>]]>
    </line>
    <line>
      <![CDATA[</td>]]>
    </line>
    <line>
      <![CDATA[</tr>]]>
    </line>
    <line>
      <![CDATA[<tr>]]>
    </line>
    <line>
      <![CDATA[<td class="text-dark font-weight-bold" >Response Header :</td>]]>
    </line>
    <line>
      <![CDATA[<td class="" >]]>
    </line>
    <line>
      <![CDATA[<a href="" class="alert-link" data-toggle="modal" data-target="#modal_value_8">Show</a>]]>
    </line>
    <line>
      <![CDATA[<div class="modal fade"  id="modal_value_8" tabindex="-1" role="dialog">]]>
    </line>
    <line>
      <![CDATA[<div class="modal-dialog" role="document">]]>
    </line>
    <line>
      <![CDATA[<div class="modal-content">]]>
    </line>
    <line>
      <![CDATA[<div class="modal-header text-white bg-info">]]>
    </line>
    <line>
      <![CDATA[<h5 class="modal-title" id="title1">Response Header</h5>]]>
    </line>
    <line>
      <![CDATA[<span class="h6 text-light ml-2 mt-2">(click on the Text to copy)</span>]]>
    </line>
    <line>
      <![CDATA[<button type="button" class="close" data-dismiss="modal" aria-label="Close">]]>
    </line>
    <line>
      <![CDATA[<span aria-hidden="true">&times;</span>]]>
    </line>
    <line>
      <![CDATA[</button>]]>
    </line>
    <line>
      <![CDATA[</div>]]>
    </line>
    <line>
      <![CDATA[<div onClick="copyMePlease(this)" class="modal-body">]]>
    </line>
    <line>
      <![CDATA[X-Content-Type-Options=nosniff
	X-XSS-Protection=1; mode=block
	Cache-Control=no-cache, no-store, max-age=0, must-revalidate
	Pragma=no-cache
	Expires=0
	X-Frame-Options=DENY
	X-Application-Context=application:9191
	Date=Tue, 18 Sep 2018 09:40:44 GMT
	Content-Type=application/json
	Content-Length=1695]]>
    </line>
    <line>
      <![CDATA[</div>]]>
    </line>
    <line>
      <![CDATA[</div>]]>
    </line>
    <line>
      <![CDATA[</div>]]>
    </line>
    <line>
      <![CDATA[</div>]]>
    </line>
    <line>
      <![CDATA[</td>]]>
    </line>
    <line>
      <![CDATA[</tr>]]>
    </line>
    <line>
      <![CDATA[<tr>]]>
    </line>
    <line>
      <![CDATA[<td class="text-dark font-weight-bold" >Response :</td>]]>
    </line>
    <line>
      <![CDATA[<td class="" >]]>
    </line>
    <line>
      <![CDATA[<a href="" class="alert-link" data-toggle="modal" data-target="#rest_assured_logger_modal_value_24">Show</a>]]>
    </line>
    <line>
      <![CDATA[<div class="modal fade"  id="rest_assured_logger_modal_value_24" tabindex="-1" role="dialog">]]>
    </line>
    <line>
      <![CDATA[<div class="modal-dialog" role="document">]]>
    </line>
    <line>
      <![CDATA[<div class="modal-content">]]>
    </line>
    <line>
      <![CDATA[<div class="modal-header text-white bg-info">]]>
    </line>
    <line>
      <![CDATA[<h5 class="modal-title" id="title1">Response</h5>]]>
    </line>
    <line>
      <![CDATA[<span class="h6 text-light ml-2 mt-2">(click on the Text to copy)</span>]]>
    </line>
    <line>
      <![CDATA[<button type="button" class="close" data-dismiss="modal" aria-label="Close">]]>
    </line>
    <line>
      <![CDATA[<span aria-hidden="true">&times;</span>]]>
    </line>
    <line>
      <![CDATA[</button>]]>
    </line>
    <line>
      <![CDATA[</div>]]>
    </line>
    <line>
      <![CDATA[<div onClick="copyMePlease(this)" class="modal-body">]]>
    </line>
    <line>
      <![CDATA[{"deletedUsers":[],"createdUsers":[{"schemas":["urn:ietf:params:scim:schemas:core:2.0:User","urn:ietf:params:scim:schemas:extension:com.amdocs.a3s:2.0:User"],"id":"Automation_AdminUser_395798831","userName":"Automation_AdminUser_395798831","userType":"UamsUser","active":false,"password":null,"roles":["Write","GetCustomer","GetCustomerEntity","UpdateCreditProfile","STS-Common","CatalogOne.importer","EvaluateCreditProfile","PAP-Common","CreateCustomerEntity","ProductOrderLauncherUpdate","CreatePaymentMethod","GetIndividual","AppTesterRole","AsmServicesAppIdentity","UpdateIndividual","ProductOrderLauncherRead","ProductOrderLauncherDelete","RetreivePaymentMethod","DeleteIndividual","orderChangeOwnership","CreateIndividual","RetrieveCustomer","CreateCustomer","SearchIndividual","AddRelatedParty","ChangeOwnershipRole","RetrieveCustomerEntity","ProductOrderLauncherCreate","AnonymousUserRole","csr","PAP-PU","RetrieveIndividual","DeleteCreditProfile"],"a3sUserExtension":{"expiration":32535122400000,"effectiveDate":0,"successLoginDate":0,"badLoginDate":0,"badLoginCount":0,"isAccountNonExpired":true,"isAccountNonLocked":true,"isEnabled":true,"isAccountNeverExpired":false,"isExpiring":false,"isInEffective":false,"isCredentialsNonExpired":true,"isCredentialsExpiring":false,"isCredentialsReset":false,"properties":{"salesChannel":"SelfService","OperatorID":154,"customerId":"Customer_43","UserType":"UamsUser"}},"metadata":{"resourceType":"User","created":1537228800000,"lastModified":1537228800000,"location":"http://ilocpde01w02.corp.amdocs.com:30525/asmServices/services/v1.0/users/bulk","version":null}}],"updatedUsers":[],"numDeleted":0,"numCreated":1,"numUpdated":0,"bulkErrors":[]}]]>
    </line>
    <line>
      <![CDATA[</div>]]>
    </line>
    <line>
      <![CDATA[</div>]]>
    </line>
    <line>
      <![CDATA[</div>]]>
    </line>
    <line>
      <![CDATA[</div>]]>
    </line>
    <line>
      <![CDATA[</td>]]>
    </line>
    <line>
      <![CDATA[</tr>]]>
    </line>
    <line>
      <![CDATA[<tr class="table-success"><td colspan="2">Response status: expected=201 actual=201; Value: true</td></tr>]]>
    </line>
    <line>
      <![CDATA[<tr class="table-info"><td class="text-dark font-weight-bold">Request Type </td><td class="" >POST</td></tr>]]>
    </line>
    <line>
      <![CDATA[<tr><td class="text-dark font-weight-bold">URI </td><td class="" > http://ilocpde01w02.corp.amdocs.com:30525/asmServices/services/v1.0/auth/tokens </td></tr>]]>
    </line>
    <line>
      <![CDATA[<tr><td class="text-dark font-weight-bold" colspan="2">Headers : </td></tr>]]>
    </line>
    <line>
      <![CDATA[<tr>]]>
    </line>
    <line>
      <![CDATA[<td class="text-dark font-weight-bold" >Authorization :</td>]]>
    </line>
    <line>
      <![CDATA[<td class="" >]]>
    </line>
    <line>
      <![CDATA[<a href="" class="alert-link" data-toggle="modal" data-target="#rest_assured_logger_modal_value_25">Show</a>]]>
    </line>
    <line>
      <![CDATA[<div class="modal fade"  id="rest_assured_logger_modal_value_25" tabindex="-1" role="dialog">]]>
    </line>
    <line>
      <![CDATA[<div class="modal-dialog" role="document">]]>
    </line>
    <line>
      <![CDATA[<div class="modal-content">]]>
    </line>
    <line>
      <![CDATA[<div class="modal-header text-white bg-info">]]>
    </line>
    <line>
      <![CDATA[<h5 class="modal-title" id="title1">Authorization</h5>]]>
    </line>
    <line>
      <![CDATA[<span class="h6 text-light ml-2 mt-2">(click on the Text to copy)</span>]]>
    </line>
    <line>
      <![CDATA[<button type="button" class="close" data-dismiss="modal" aria-label="Close">]]>
    </line>
    <line>
      <![CDATA[<span aria-hidden="true">&times;</span>]]>
    </line>
    <line>
      <![CDATA[</button>]]>
    </line>
    <line>
      <![CDATA[</div>]]>
    </line>
    <line>
      <![CDATA[<div onClick="copyMePlease(this)" class="modal-body">]]>
    </line>
    <line>
      <![CDATA[Basic TWFpbklzc3VlcjpVbml4MTEh]]>
    </line>
    <line>
      <![CDATA[</div>]]>
    </line>
    <line>
      <![CDATA[</div>]]>
    </line>
    <line>
      <![CDATA[</div>]]>
    </line>
    <line>
      <![CDATA[</div>]]>
    </line>
    <line>
      <![CDATA[</td>]]>
    </line>
    <line>
      <![CDATA[</tr>]]>
    </line>
    <line>
      <![CDATA[<tr><td class="text-dark font-weight-bold">Accept </td><td class="" > application/json </td></tr>]]>
    </line>
    <line>
      <![CDATA[<tr><td class="text-dark font-weight-bold">Content-Type </td><td class="" > application/json </td></tr>]]>
    </line>
    <line>
      <![CDATA[<tr>]]>
    </line>
    <line>
      <![CDATA[<td class="text-dark font-weight-bold" >Payload :</td>]]>
    </line>
    <line>
      <![CDATA[<td class="" >]]>
    </line>
    <line>
      <![CDATA[<a href="" class="alert-link" data-toggle="modal" data-target="#rest_assured_logger_modal_value_26">Show</a>]]>
    </line>
    <line>
      <![CDATA[<div class="modal fade"  id="rest_assured_logger_modal_value_26" tabindex="-1" role="dialog">]]>
    </line>
    <line>
      <![CDATA[<div class="modal-dialog" role="document">]]>
    </line>
    <line>
      <![CDATA[<div class="modal-content">]]>
    </line>
    <line>
      <![CDATA[<div class="modal-header text-white bg-info">]]>
    </line>
    <line>
      <![CDATA[<h5 class="modal-title" id="title1">Payload</h5>]]>
    </line>
    <line>
      <![CDATA[<span class="h6 text-light ml-2 mt-2">(click on the Text to copy)</span>]]>
    </line>
    <line>
      <![CDATA[<button type="button" class="close" data-dismiss="modal" aria-label="Close">]]>
    </line>
    <line>
      <![CDATA[<span aria-hidden="true">&times;</span>]]>
    </line>
    <line>
      <![CDATA[</button>]]>
    </line>
    <line>
      <![CDATA[</div>]]>
    </line>
    <line>
      <![CDATA[<div onClick="copyMePlease(this)" class="modal-body">]]>
    </line>
    <line>
      <![CDATA[{"auth":{"dialects":["A3S_Core_Public","Customer_Info"],"token-type":"JWT","token-expiration":null,"on-behalf-of":{"type":"USER_PASSWORD","user-credentials":{"username":"Automation_AdminUser_395798831","password":"Unix11!"}}}}]]>
    </line>
    <line>
      <![CDATA[</div>]]>
    </line>
    <line>
      <![CDATA[</div>]]>
    </line>
    <line>
      <![CDATA[</div>]]>
    </line>
    <line>
      <![CDATA[</div>]]>
    </line>
    <line>
      <![CDATA[</td>]]>
    </line>
    <line>
      <![CDATA[</tr>]]>
    </line>
    <line>
      <![CDATA[<tr>]]>
    </line>
    <line>
      <![CDATA[<td class="text-dark font-weight-bold" >Response Header :</td>]]>
    </line>
    <line>
      <![CDATA[<td class="" >]]>
    </line>
    <line>
      <![CDATA[<a href="" class="alert-link" data-toggle="modal" data-target="#modal_value_9">Show</a>]]>
    </line>
    <line>
      <![CDATA[<div class="modal fade"  id="modal_value_9" tabindex="-1" role="dialog">]]>
    </line>
    <line>
      <![CDATA[<div class="modal-dialog" role="document">]]>
    </line>
    <line>
      <![CDATA[<div class="modal-content">]]>
    </line>
    <line>
      <![CDATA[<div class="modal-header text-white bg-info">]]>
    </line>
    <line>
      <![CDATA[<h5 class="modal-title" id="title1">Response Header</h5>]]>
    </line>
    <line>
      <![CDATA[<span class="h6 text-light ml-2 mt-2">(click on the Text to copy)</span>]]>
    </line>
    <line>
      <![CDATA[<button type="button" class="close" data-dismiss="modal" aria-label="Close">]]>
    </line>
    <line>
      <![CDATA[<span aria-hidden="true">&times;</span>]]>
    </line>
    <line>
      <![CDATA[</button>]]>
    </line>
    <line>
      <![CDATA[</div>]]>
    </line>
    <line>
      <![CDATA[<div onClick="copyMePlease(this)" class="modal-body">]]>
    </line>
    <line>
      <![CDATA[X-Content-Type-Options=nosniff
	X-XSS-Protection=1; mode=block
	Cache-Control=no-cache, no-store, max-age=0, must-revalidate
	Pragma=no-cache
	Expires=0
	X-Frame-Options=DENY
	X-Application-Context=application:9191
	Date=Tue, 18 Sep 2018 09:40:44 GMT
	Content-Type=application/json
	Content-Length=1762]]>
    </line>
    <line>
      <![CDATA[</div>]]>
    </line>
    <line>
      <![CDATA[</div>]]>
    </line>
    <line>
      <![CDATA[</div>]]>
    </line>
    <line>
      <![CDATA[</div>]]>
    </line>
    <line>
      <![CDATA[</td>]]>
    </line>
    <line>
      <![CDATA[</tr>]]>
    </line>
    <line>
      <![CDATA[<tr>]]>
    </line>
    <line>
      <![CDATA[<td class="text-dark font-weight-bold" >Response :</td>]]>
    </line>
    <line>
      <![CDATA[<td class="" >]]>
    </line>
    <line>
      <![CDATA[<a href="" class="alert-link" data-toggle="modal" data-target="#rest_assured_logger_modal_value_27">Show</a>]]>
    </line>
    <line>
      <![CDATA[<div class="modal fade"  id="rest_assured_logger_modal_value_27" tabindex="-1" role="dialog">]]>
    </line>
    <line>
      <![CDATA[<div class="modal-dialog" role="document">]]>
    </line>
    <line>
      <![CDATA[<div class="modal-content">]]>
    </line>
    <line>
      <![CDATA[<div class="modal-header text-white bg-info">]]>
    </line>
    <line>
      <![CDATA[<h5 class="modal-title" id="title1">Response</h5>]]>
    </line>
    <line>
      <![CDATA[<span class="h6 text-light ml-2 mt-2">(click on the Text to copy)</span>]]>
    </line>
    <line>
      <![CDATA[<button type="button" class="close" data-dismiss="modal" aria-label="Close">]]>
    </line>
    <line>
      <![CDATA[<span aria-hidden="true">&times;</span>]]>
    </line>
    <line>
      <![CDATA[</button>]]>
    </line>
    <line>
      <![CDATA[</div>]]>
    </line>
    <line>
      <![CDATA[<div onClick="copyMePlease(this)" class="modal-body">]]>
    </line>
    <line>
      <![CDATA[{"subjectToken":"eyJ4NXQjUzI1NiI6IkxEbGVvYldaYmVZcG9pb0Q0R1hrMWp3US8rUWd1MUs1eXNzQ1JpN3BtelE9IiwidHlwIjoiSldUIiwiYWxnIjoiUlMyNTYifQ.eyJzdWIiOiJBdXRvbWF0aW9uX0FkbWluVXNlcl8zOTU3OTg4MzEiLCJyb2xlcyI6WyJHZXRDdXN0b21lckVudGl0eSIsIldyaXRlIiwiUmV0cmlldmVDdXN0b21lckVudGl0eSIsIlByb2R1Y3RPcmRlckxhdW5jaGVyVXBkYXRlIiwiR2V0SW5kaXZpZHVhbCIsIlByb2R1Y3RPcmRlckxhdW5jaGVyQ3JlYXRlIiwiUEFQLUNvbW1vbiIsIkRlbGV0ZUNyZWRpdFByb2ZpbGUiLCJSZXRyZWl2ZVBheW1lbnRNZXRob2QiLCJDcmVhdGVJbmRpdmlkdWFsIiwiQ3JlYXRlQ3VzdG9tZXIiLCJTVFMtQ29tbW9uIiwiQXBwVGVzdGVyUm9sZSIsImNzciIsIkV2YWx1YXRlQ3JlZGl0UHJvZmlsZSIsIkFub255bW91c1VzZXJSb2xlIiwiQ2F0YWxvZ09uZS5pbXBvcnRlciIsIkRlbGV0ZUluZGl2aWR1YWwiLCJHZXRDdXN0b21lciIsIlVwZGF0ZUNyZWRpdFByb2ZpbGUiLCJVcGRhdGVJbmRpdmlkdWFsIiwiUmV0cmlldmVJbmRpdmlkdWFsIiwiQ2hhbmdlT3duZXJzaGlwUm9sZSIsIkFkZFJlbGF0ZWRQYXJ0eSIsIlBBUC1QVSIsIlJldHJpZXZlQ3VzdG9tZXIiLCJTZWFyY2hJbmRpdmlkdWFsIiwiQXNtU2VydmljZXNBcHBJZGVudGl0eSIsIlByb2R1Y3RPcmRlckxhdW5jaGVyUmVhZCIsIlByb2R1Y3RPcmRlckxhdW5jaGVyRGVsZXRlIiwiQ3JlYXRlQ3VzdG9tZXJFbnRpdHkiLCJvcmRlckNoYW5nZU93bmVyc2hpcCIsIkNyZWF0ZVBheW1lbnRNZXRob2QiXSwiY3VzdG9tZXJJZCI6IkN1c3RvbWVyXzQzIiwiaXNzIjoiQTNTWm9uZTFAQTNTLmFtZG9jcy5jb20iLCJvaXQiOjE1MzcyNjM2NDQsInNhbGVzQ2hhbm5lbCI6IlNlbGZTZXJ2aWNlIiwiZXhwIjoxNTM3MjcwODQ0LCJpYXQiOjE1MzcyNjM2NDQsInR0bCI6MTUzNzI5MjQ0NCwianRpIjoiMWUyMmY1NTNjYTIzMzI1Mzk1ODg5M2NhYmJiM2QxY2I4OTQ5NzQ4YjRhMGNjNGQzYmY5OTY3Y2E4MDE2ZTY0ZSJ9.QHWC3aQTtk88HdNWrSn8gLkT-oT0I6ih9vXon20zda48x9nDh22CJVjMwn5IybAOXJm7j0GJ_PAdyd-3wpIw8DIDXPxEUEw-qLPiTWJkkoRujUJaHSb9RWJUhRB9VADghjhiH8uSf9xU1M9HPKVtGx6OzLLtZg9PvRpjmUjPW94YSbZcTti5DfPr2miG2VnFNR-tgdlZP8w5lxmrnYyeOyou9Iwivi616uJXrm_gAEcswDFKQtlX6xjAa69avvZYGa3-ZPrhZe8v1PyJTTsogOmVQr5awa0322MKUruPO13oZSHx3RpItPHJptHK9lZnN1eh-ft_53GFLIWD51mbVw","subjectTokenExpiration":"1537270844000"}]]>
    </line>
    <line>
      <![CDATA[</div>]]>
    </line>
    <line>
      <![CDATA[</div>]]>
    </line>
    <line>
      <![CDATA[</div>]]>
    </line>
    <line>
      <![CDATA[</div>]]>
    </line>
    <line>
      <![CDATA[</td>]]>
    </line>
    <line>
      <![CDATA[</tr>]]>
    </line>
    <line>
      <![CDATA[<tr class="table-info"><td class="text-dark font-weight-bold">Request Type </td><td class="" >POST</td></tr>]]>
    </line>
    <line>
      <![CDATA[<tr><td class="text-dark font-weight-bold">URI </td><td class="" > http://ilocpde01w26.corp.amdocs.com:32354/customerManagement/v1/customer?salesChannel=CallCenter </td></tr>]]>
    </line>
    <line>
      <![CDATA[<tr><td class="text-dark font-weight-bold" colspan="2">Headers : </td></tr>]]>
    </line>
    <line>
      <![CDATA[<tr>]]>
    </line>
    <line>
      <![CDATA[<td class="text-dark font-weight-bold" >Authorization :</td>]]>
    </line>
    <line>
      <![CDATA[<td class="" >]]>
    </line>
    <line>
      <![CDATA[<a href="" class="alert-link" data-toggle="modal" data-target="#rest_assured_logger_modal_value_28">Show</a>]]>
    </line>
    <line>
      <![CDATA[<div class="modal fade"  id="rest_assured_logger_modal_value_28" tabindex="-1" role="dialog">]]>
    </line>
    <line>
      <![CDATA[<div class="modal-dialog" role="document">]]>
    </line>
    <line>
      <![CDATA[<div class="modal-content">]]>
    </line>
    <line>
      <![CDATA[<div class="modal-header text-white bg-info">]]>
    </line>
    <line>
      <![CDATA[<h5 class="modal-title" id="title1">Authorization</h5>]]>
    </line>
    <line>
      <![CDATA[<span class="h6 text-light ml-2 mt-2">(click on the Text to copy)</span>]]>
    </line>
    <line>
      <![CDATA[<button type="button" class="close" data-dismiss="modal" aria-label="Close">]]>
    </line>
    <line>
      <![CDATA[<span aria-hidden="true">&times;</span>]]>
    </line>
    <line>
      <![CDATA[</button>]]>
    </line>
    <line>
      <![CDATA[</div>]]>
    </line>
    <line>
      <![CDATA[<div onClick="copyMePlease(this)" class="modal-body">]]>
    </line>
    <line>
      <![CDATA[Bearer eyJ4NXQjUzI1NiI6IkxEbGVvYldaYmVZcG9pb0Q0R1hrMWp3US8rUWd1MUs1eXNzQ1JpN3BtelE9IiwidHlwIjoiSldUIiwiYWxnIjoiUlMyNTYifQ.eyJzdWIiOiJBdXRvbWF0aW9uX0FkbWluVXNlcl8zOTU3OTg4MzEiLCJyb2xlcyI6WyJHZXRDdXN0b21lckVudGl0eSIsIldyaXRlIiwiUmV0cmlldmVDdXN0b21lckVudGl0eSIsIlByb2R1Y3RPcmRlckxhdW5jaGVyVXBkYXRlIiwiR2V0SW5kaXZpZHVhbCIsIlByb2R1Y3RPcmRlckxhdW5jaGVyQ3JlYXRlIiwiUEFQLUNvbW1vbiIsIkRlbGV0ZUNyZWRpdFByb2ZpbGUiLCJSZXRyZWl2ZVBheW1lbnRNZXRob2QiLCJDcmVhdGVJbmRpdmlkdWFsIiwiQ3JlYXRlQ3VzdG9tZXIiLCJTVFMtQ29tbW9uIiwiQXBwVGVzdGVyUm9sZSIsImNzciIsIkV2YWx1YXRlQ3JlZGl0UHJvZmlsZSIsIkFub255bW91c1VzZXJSb2xlIiwiQ2F0YWxvZ09uZS5pbXBvcnRlciIsIkRlbGV0ZUluZGl2aWR1YWwiLCJHZXRDdXN0b21lciIsIlVwZGF0ZUNyZWRpdFByb2ZpbGUiLCJVcGRhdGVJbmRpdmlkdWFsIiwiUmV0cmlldmVJbmRpdmlkdWFsIiwiQ2hhbmdlT3duZXJzaGlwUm9sZSIsIkFkZFJlbGF0ZWRQYXJ0eSIsIlBBUC1QVSIsIlJldHJpZXZlQ3VzdG9tZXIiLCJTZWFyY2hJbmRpdmlkdWFsIiwiQXNtU2VydmljZXNBcHBJZGVudGl0eSIsIlByb2R1Y3RPcmRlckxhdW5jaGVyUmVhZCIsIlByb2R1Y3RPcmRlckxhdW5jaGVyRGVsZXRlIiwiQ3JlYXRlQ3VzdG9tZXJFbnRpdHkiLCJvcmRlckNoYW5nZU93bmVyc2hpcCIsIkNyZWF0ZVBheW1lbnRNZXRob2QiXSwiY3VzdG9tZXJJZCI6IkN1c3RvbWVyXzQzIiwiaXNzIjoiQTNTWm9uZTFAQTNTLmFtZG9jcy5jb20iLCJvaXQiOjE1MzcyNjM2NDQsInNhbGVzQ2hhbm5lbCI6IlNlbGZTZXJ2aWNlIiwiZXhwIjoxNTM3MjcwODQ0LCJpYXQiOjE1MzcyNjM2NDQsInR0bCI6MTUzNzI5MjQ0NCwianRpIjoiMWUyMmY1NTNjYTIzMzI1Mzk1ODg5M2NhYmJiM2QxY2I4OTQ5NzQ4YjRhMGNjNGQzYmY5OTY3Y2E4MDE2ZTY0ZSJ9.QHWC3aQTtk88HdNWrSn8gLkT-oT0I6ih9vXon20zda48x9nDh22CJVjMwn5IybAOXJm7j0GJ_PAdyd-3wpIw8DIDXPxEUEw-qLPiTWJkkoRujUJaHSb9RWJUhRB9VADghjhiH8uSf9xU1M9HPKVtGx6OzLLtZg9PvRpjmUjPW94YSbZcTti5DfPr2miG2VnFNR-tgdlZP8w5lxmrnYyeOyou9Iwivi616uJXrm_gAEcswDFKQtlX6xjAa69avvZYGa3-ZPrhZe8v1PyJTTsogOmVQr5awa0322MKUruPO13oZSHx3RpItPHJptHK9lZnN1eh-ft_53GFLIWD51mbVw]]>
    </line>
    <line>
      <![CDATA[</div>]]>
    </line>
    <line>
      <![CDATA[</div>]]>
    </line>
    <line>
      <![CDATA[</div>]]>
    </line>
    <line>
      <![CDATA[</div>]]>
    </line>
    <line>
      <![CDATA[</td>]]>
    </line>
    <line>
      <![CDATA[</tr>]]>
    </line>
    <line>
      <![CDATA[<tr><td class="text-dark font-weight-bold">Accept-Language </td><td class="" > en_US </td></tr>]]>
    </line>
    <line>
      <![CDATA[<tr><td class="text-dark font-weight-bold">Content-Type </td><td class="" > application/json </td></tr>]]>
    </line>
    <line>
      <![CDATA[<tr>]]>
    </line>
    <line>
      <![CDATA[<td class="text-dark font-weight-bold" >Payload :</td>]]>
    </line>
    <line>
      <![CDATA[<td class="" >]]>
    </line>
    <line>
      <![CDATA[<a href="" class="alert-link" data-toggle="modal" data-target="#rest_assured_logger_modal_value_29">Show</a>]]>
    </line>
    <line>
      <![CDATA[<div class="modal fade"  id="rest_assured_logger_modal_value_29" tabindex="-1" role="dialog">]]>
    </line>
    <line>
      <![CDATA[<div class="modal-dialog" role="document">]]>
    </line>
    <line>
      <![CDATA[<div class="modal-content">]]>
    </line>
    <line>
      <![CDATA[<div class="modal-header text-white bg-info">]]>
    </line>
    <line>
      <![CDATA[<h5 class="modal-title" id="title1">Payload</h5>]]>
    </line>
    <line>
      <![CDATA[<span class="h6 text-light ml-2 mt-2">(click on the Text to copy)</span>]]>
    </line>
    <line>
      <![CDATA[<button type="button" class="close" data-dismiss="modal" aria-label="Close">]]>
    </line>
    <line>
      <![CDATA[<span aria-hidden="true">&times;</span>]]>
    </line>
    <line>
      <![CDATA[</button>]]>
    </line>
    <line>
      <![CDATA[</div>]]>
    </line>
    <line>
      <![CDATA[<div onClick="copyMePlease(this)" class="modal-body">]]>
    </line>
    <line>
      <![CDATA[{"acquisitionDate":"2017-10-25T05:57:48.843Z","contactMedium":[{"validFor":{"startDateTime":"2017-08-18T12:16:47.448Z","endDateTime":"2017-08-18T12:16:47.448Z"},"id":"1212","type":"Email","preferred":true,"characteristic":{"country":"India","town":"Town","city":"Pune","streetNumber":"StreetNumber","latitude":"tt","externalId":"111","type":"Business","room":"300","number":"+915327","buildingName":"Italia","emailAddress":"Auto7545@amdocs.com","postOfficeBox":"PO","streetName":"Laxmi","stateOrProvince":"CA","postCode":"12345","street1":"Street1","street2":"Street2","floor":"1","status":"Status","longitude":"tt"}}],"customerSubType":"Individual","validFor":{"startDateTime":"2017-08-18T12:16:47.448Z","endDateTime":"2017-08-18T12:16:47.448Z"},"description":"nothing to describe","displayStatus":"String","characteristic":[{"name":"Amit8651_characteristic","value":"Reading"}],"customerType":"Residential","statusReason":"statusReason","controlFields":{"createdBy":"createdBy","modelVersion":"modelVersion","lastModifiedBy":"lastModifiedBy","createdOn":"2017-09-29T05:20:22.131Z","lastModifiedOn":"2017-09-29T05:20:22.131Z"},"name":"Amit8651","rank":0,"id":"1233","href":"href","displayCustomerType":"Residential","displayId":"displayId","displayCustomerSubType":"Individual","engagedParty":{"type":"PartyRef","id":"Individual_40755"},"account":[{"type":"FinancialAccountValue","name":"Amit8651_account","description":"description","id":"1112","href":"href"}],"status":"active"}]]>
    </line>
    <line>
      <![CDATA[</div>]]>
    </line>
    <line>
      <![CDATA[</div>]]>
    </line>
    <line>
      <![CDATA[</div>]]>
    </line>
    <line>
      <![CDATA[</div>]]>
    </line>
    <line>
      <![CDATA[</td>]]>
    </line>
    <line>
      <![CDATA[</tr>]]>
    </line>
    <line>
      <![CDATA[<tr>]]>
    </line>
    <line>
      <![CDATA[<td class="text-dark font-weight-bold" >Response Header :</td>]]>
    </line>
    <line>
      <![CDATA[<td class="" >]]>
    </line>
    <line>
      <![CDATA[<a href="" class="alert-link" data-toggle="modal" data-target="#modal_value_10">Show</a>]]>
    </line>
    <line>
      <![CDATA[<div class="modal fade"  id="modal_value_10" tabindex="-1" role="dialog">]]>
    </line>
    <line>
      <![CDATA[<div class="modal-dialog" role="document">]]>
    </line>
    <line>
      <![CDATA[<div class="modal-content">]]>
    </line>
    <line>
      <![CDATA[<div class="modal-header text-white bg-info">]]>
    </line>
    <line>
      <![CDATA[<h5 class="modal-title" id="title1">Response Header</h5>]]>
    </line>
    <line>
      <![CDATA[<span class="h6 text-light ml-2 mt-2">(click on the Text to copy)</span>]]>
    </line>
    <line>
      <![CDATA[<button type="button" class="close" data-dismiss="modal" aria-label="Close">]]>
    </line>
    <line>
      <![CDATA[<span aria-hidden="true">&times;</span>]]>
    </line>
    <line>
      <![CDATA[</button>]]>
    </line>
    <line>
      <![CDATA[</div>]]>
    </line>
    <line>
      <![CDATA[<div onClick="copyMePlease(this)" class="modal-body">]]>
    </line>
    <line>
      <![CDATA[X-Content-Type-Options=nosniff
	X-XSS-Protection=1; mode=block
	Cache-Control=no-cache, no-store, max-age=0, must-revalidate
	Pragma=no-cache
	Expires=0
	X-Frame-Options=DENY
	X-Application-Context=customer-customer-ms:8080
	Content-Type=application/json;charset=UTF-8
	Transfer-Encoding=chunked
	Date=Tue, 18 Sep 2018 09:40:45 GMT]]>
    </line>
    <line>
      <![CDATA[</div>]]>
    </line>
    <line>
      <![CDATA[</div>]]>
    </line>
    <line>
      <![CDATA[</div>]]>
    </line>
    <line>
      <![CDATA[</div>]]>
    </line>
    <line>
      <![CDATA[</td>]]>
    </line>
    <line>
      <![CDATA[</tr>]]>
    </line>
    <line>
      <![CDATA[<tr>]]>
    </line>
    <line>
      <![CDATA[<td class="text-dark font-weight-bold" >Response :</td>]]>
    </line>
    <line>
      <![CDATA[<td class="" >]]>
    </line>
    <line>
      <![CDATA[<a href="" class="alert-link" data-toggle="modal" data-target="#rest_assured_logger_modal_value_30">Show</a>]]>
    </line>
    <line>
      <![CDATA[<div class="modal fade"  id="rest_assured_logger_modal_value_30" tabindex="-1" role="dialog">]]>
    </line>
    <line>
      <![CDATA[<div class="modal-dialog" role="document">]]>
    </line>
    <line>
      <![CDATA[<div class="modal-content">]]>
    </line>
    <line>
      <![CDATA[<div class="modal-header text-white bg-info">]]>
    </line>
    <line>
      <![CDATA[<h5 class="modal-title" id="title1">Response</h5>]]>
    </line>
    <line>
      <![CDATA[<span class="h6 text-light ml-2 mt-2">(click on the Text to copy)</span>]]>
    </line>
    <line>
      <![CDATA[<button type="button" class="close" data-dismiss="modal" aria-label="Close">]]>
    </line>
    <line>
      <![CDATA[<span aria-hidden="true">&times;</span>]]>
    </line>
    <line>
      <![CDATA[</button>]]>
    </line>
    <line>
      <![CDATA[</div>]]>
    </line>
    <line>
      <![CDATA[<div onClick="copyMePlease(this)" class="modal-body">]]>
    </line>
    <line>
      <![CDATA[{"id":"Customer_40306","href":null,"name":"Amit8651","status":"active","displayStatus":null,"statusReason":"statusReason","validFor":{"startDateTime":"2017-08-18T12:16:47.448Z","endDateTime":"2017-08-18T12:16:47.448Z"},"characteristic":[{"name":"Amit8651_characteristic","value":"Reading"}],"engagedParty":{"type":"PartyRef","type":"PartyRef","refType":null,"id":"Individual_40755","href":"http://party-individual-service:8080/partyManagement/v1/individual/Individual_40755","name":"Romi middleName8986 Romi"},"relatedParty":[{"id":"Individual_40755","href":"http://party-individual-service:8080/partyManagement/v1/individual/Individual_40755","name":"Romi middleName8986 Romi","role":"Primary","type":"Customer","validFor":{"startDateTime":"2017-08-18T12:16:47.448Z","endDateTime":"2017-08-18T12:16:47.448Z"}}],"account":[{"type":"AccountRef","id":"FinancialAccount_40002","href":"http://financialaccount-financialaccount-service:8080/financialaccount/v1/financialAccount/FinancialAccount_40002","name":"Amit8651_account","description":"description","type":"FinancialAccount","preferred":null},{"type":"AccountRef","id":"BillingAccount_39832","href":"http://account-billingaccount-service:8080/accountManagement/v1/BillingAccount_39832","name":"Amit8651","description":null,"type":"BillingAccount","preferred":true}],"paymentMethod":null,"creditProfile":null,"contactMedium":[{"id":"Customer_40306_Customer_40306_ContactMedium_40040","type":"Email","preferred":true,"validFor":{"startDateTime":"2017-08-18T12:16:47.448Z","endDateTime":"2017-08-18T12:16:47.448Z"},"characteristic":{"type":"Business","emailAddress":"Auto7545@amdocs.com","number":"+915327","city":"Pune","country":"India","postCode":"12345","stateOrProvince":"CA","street1":"Street1","street2":"Street2","postOfficeBox":"PO","room":"300","floor":"1","buildingName":"Italia","streetName":"Laxmi","streetNumber":"StreetNumber","town":"Town","status":"Status","longitude":"tt","latitude":"tt","externalId":"111"}}],"customerType":"Residential","displayCustomerType":null,"customerSubType":"Individual","displayCustomerSubType":null,"displayId":"802378898","acquisitionDate":"2017-10-25T05:57:48.843Z","description":"nothing to describe","rank":0,"controlFields":{"createdBy":"Automation_AdminUser_395798831","createdOn":"2018-09-18T09:40:45.21Z","lastModifiedBy":"Automation_AdminUser_395798831","lastModifiedOn":"2018-09-18T09:40:45.21Z","modelVersion":null}}]]>
    </line>
    <line>
      <![CDATA[</div>]]>
    </line>
    <line>
      <![CDATA[</div>]]>
    </line>
    <line>
      <![CDATA[</div>]]>
    </line>
    <line>
      <![CDATA[</div>]]>
    </line>
    <line>
      <![CDATA[</td>]]>
    </line>
    <line>
      <![CDATA[</tr>]]>
    </line>
    <line>
      <![CDATA[<tr class="table-success"><td colspan="2">Response status: expected=201 actual=201; Value: true</td></tr>]]>
    </line>
    <line>
      <![CDATA[<tr class="table-light"><td colspan="2">Customer of type Individual is successfully created</td></tr>]]>
    </line>
    <line>
      <![CDATA[<tr class="table-light"><td colspan="2">JSON file loaded successfully. File: /src/test/resources/ct/payload/A3S/User.json</td></tr>]]>
    </line>
    <line>
      <![CDATA[<tr class="table-light"><td colspan="2">JSON value updated. JSON path: $.users[0].id; Value: Automation_208086670_Individual</td></tr>]]>
    </line>
    <line>
      <![CDATA[<tr class="table-light"><td colspan="2">JSON value updated. JSON path: $.users[0].userName; Value: Automation_208086670_Individual</td></tr>]]>
    </line>
    <line>
      <![CDATA[<tr class="table-light"><td colspan="2">JSON value updated. JSON path: $.users[0].password; Value: Unix11!</td></tr>]]>
    </line>
    <line>
      <![CDATA[<tr class="table-light"><td colspan="2">JSON value updated. JSON path: $.users[0].roles; Value: [Ljava.lang.String;@7e70bd39</td></tr>]]>
    </line>
    <line>
      <![CDATA[<tr class="table-light"><td colspan="2">JSON value updated. JSON path: $.users[0].a3sUserExtension.properties.customerId; Value: Customer_40306</td></tr>]]>
    </line>
    <line>
      <![CDATA[<tr class="table-light"><td colspan="2">JSON value updated. JSON path: $.users[0].a3sUserExtension.properties.salesChannel; Value: CallCenter</td></tr>]]>
    </line>
    <line>
      <![CDATA[<tr class="table-info"><td class="text-dark font-weight-bold">Request Type </td><td class="" >POST</td></tr>]]>
    </line>
    <line>
      <![CDATA[<tr><td class="text-dark font-weight-bold">URI </td><td class="" > http://ilocpde01w02.corp.amdocs.com:30525/asmServices/services/v1.0/users/bulk </td></tr>]]>
    </line>
    <line>
      <![CDATA[<tr><td class="text-dark font-weight-bold" colspan="2">Headers : </td></tr>]]>
    </line>
    <line>
      <![CDATA[<tr>]]>
    </line>
    <line>
      <![CDATA[<td class="text-dark font-weight-bold" >Authorization :</td>]]>
    </line>
    <line>
      <![CDATA[<td class="" >]]>
    </line>
    <line>
      <![CDATA[<a href="" class="alert-link" data-toggle="modal" data-target="#rest_assured_logger_modal_value_31">Show</a>]]>
    </line>
    <line>
      <![CDATA[<div class="modal fade"  id="rest_assured_logger_modal_value_31" tabindex="-1" role="dialog">]]>
    </line>
    <line>
      <![CDATA[<div class="modal-dialog" role="document">]]>
    </line>
    <line>
      <![CDATA[<div class="modal-content">]]>
    </line>
    <line>
      <![CDATA[<div class="modal-header text-white bg-info">]]>
    </line>
    <line>
      <![CDATA[<h5 class="modal-title" id="title1">Authorization</h5>]]>
    </line>
    <line>
      <![CDATA[<span class="h6 text-light ml-2 mt-2">(click on the Text to copy)</span>]]>
    </line>
    <line>
      <![CDATA[<button type="button" class="close" data-dismiss="modal" aria-label="Close">]]>
    </line>
    <line>
      <![CDATA[<span aria-hidden="true">&times;</span>]]>
    </line>
    <line>
      <![CDATA[</button>]]>
    </line>
    <line>
      <![CDATA[</div>]]>
    </line>
    <line>
      <![CDATA[<div onClick="copyMePlease(this)" class="modal-body">]]>
    </line>
    <line>
      <![CDATA[Basic YTNzRGVwbG95ZXI6QTNzRGVwbG95ZXIh]]>
    </line>
    <line>
      <![CDATA[</div>]]>
    </line>
    <line>
      <![CDATA[</div>]]>
    </line>
    <line>
      <![CDATA[</div>]]>
    </line>
    <line>
      <![CDATA[</div>]]>
    </line>
    <line>
      <![CDATA[</td>]]>
    </line>
    <line>
      <![CDATA[</tr>]]>
    </line>
    <line>
      <![CDATA[<tr><td class="text-dark font-weight-bold">Accept </td><td class="" > application/json </td></tr>]]>
    </line>
    <line>
      <![CDATA[<tr><td class="text-dark font-weight-bold">Content-Type </td><td class="" > application/json </td></tr>]]>
    </line>
    <line>
      <![CDATA[<tr>]]>
    </line>
    <line>
      <![CDATA[<td class="text-dark font-weight-bold" >Payload :</td>]]>
    </line>
    <line>
      <![CDATA[<td class="" >]]>
    </line>
    <line>
      <![CDATA[<a href="" class="alert-link" data-toggle="modal" data-target="#rest_assured_logger_modal_value_32">Show</a>]]>
    </line>
    <line>
      <![CDATA[<div class="modal fade"  id="rest_assured_logger_modal_value_32" tabindex="-1" role="dialog">]]>
    </line>
    <line>
      <![CDATA[<div class="modal-dialog" role="document">]]>
    </line>
    <line>
      <![CDATA[<div class="modal-content">]]>
    </line>
    <line>
      <![CDATA[<div class="modal-header text-white bg-info">]]>
    </line>
    <line>
      <![CDATA[<h5 class="modal-title" id="title1">Payload</h5>]]>
    </line>
    <line>
      <![CDATA[<span class="h6 text-light ml-2 mt-2">(click on the Text to copy)</span>]]>
    </line>
    <line>
      <![CDATA[<button type="button" class="close" data-dismiss="modal" aria-label="Close">]]>
    </line>
    <line>
      <![CDATA[<span aria-hidden="true">&times;</span>]]>
    </line>
    <line>
      <![CDATA[</button>]]>
    </line>
    <line>
      <![CDATA[</div>]]>
    </line>
    <line>
      <![CDATA[<div onClick="copyMePlease(this)" class="modal-body">]]>
    </line>
    <line>
      <![CDATA[{"users":[{"id":"Automation_208086670_Individual","userName":"Automation_208086670_Individual","userType":"UamsUser","password":"Unix11!","roles":["ChangeOwnershipRole","orderChangeOwnership","CatalogOne.importer","Write","GetCustomer","CreateCustomerEntity","SearchIndividual","PAP-Common","DeleteCreditProfile","csr","GetCustomerEntity","RetreivePaymentMethod","ProductOrderLauncherUpdate","CreateCustomer","AsmServicesAppIdentity","RetrieveCustomerEntity","AddRelatedParty","CreatePaymentMethod","UpdateCreditProfile","PAP-PU","AnonymousUserRole","ProductOrderLauncherRead","UpdateIndividual","ProductOrderLauncherDelete","RetrieveIndividual","DeleteIndividual","CreateIndividual","STS-Common","ProductOrderLauncherCreate","GetIndividual","EvaluateCreditProfile","AppTesterRole","RetrieveCustomer"],"a3sUserExtension":{"properties":{"OperatorID":154,"customerId":"Customer_40306","salesChannel":"CallCenter","csrId":"csrId"}}}],"operation":{"deleteFirst":true,"updateExisting":false,"createNew":true,"returnProcessedObjects":true,"failOnError":false}}]]>
    </line>
    <line>
      <![CDATA[</div>]]>
    </line>
    <line>
      <![CDATA[</div>]]>
    </line>
    <line>
      <![CDATA[</div>]]>
    </line>
    <line>
      <![CDATA[</div>]]>
    </line>
    <line>
      <![CDATA[</td>]]>
    </line>
    <line>
      <![CDATA[</tr>]]>
    </line>
    <line>
      <![CDATA[<tr>]]>
    </line>
    <line>
      <![CDATA[<td class="text-dark font-weight-bold" >Response Header :</td>]]>
    </line>
    <line>
      <![CDATA[<td class="" >]]>
    </line>
    <line>
      <![CDATA[<a href="" class="alert-link" data-toggle="modal" data-target="#modal_value_11">Show</a>]]>
    </line>
    <line>
      <![CDATA[<div class="modal fade"  id="modal_value_11" tabindex="-1" role="dialog">]]>
    </line>
    <line>
      <![CDATA[<div class="modal-dialog" role="document">]]>
    </line>
    <line>
      <![CDATA[<div class="modal-content">]]>
    </line>
    <line>
      <![CDATA[<div class="modal-header text-white bg-info">]]>
    </line>
    <line>
      <![CDATA[<h5 class="modal-title" id="title1">Response Header</h5>]]>
    </line>
    <line>
      <![CDATA[<span class="h6 text-light ml-2 mt-2">(click on the Text to copy)</span>]]>
    </line>
    <line>
      <![CDATA[<button type="button" class="close" data-dismiss="modal" aria-label="Close">]]>
    </line>
    <line>
      <![CDATA[<span aria-hidden="true">&times;</span>]]>
    </line>
    <line>
      <![CDATA[</button>]]>
    </line>
    <line>
      <![CDATA[</div>]]>
    </line>
    <line>
      <![CDATA[<div onClick="copyMePlease(this)" class="modal-body">]]>
    </line>
    <line>
      <![CDATA[X-Content-Type-Options=nosniff
	X-XSS-Protection=1; mode=block
	Cache-Control=no-cache, no-store, max-age=0, must-revalidate
	Pragma=no-cache
	Expires=0
	X-Frame-Options=DENY
	X-Application-Context=application:9191
	Date=Tue, 18 Sep 2018 09:40:45 GMT
	Content-Type=application/json
	Content-Length=1715]]>
    </line>
    <line>
      <![CDATA[</div>]]>
    </line>
    <line>
      <![CDATA[</div>]]>
    </line>
    <line>
      <![CDATA[</div>]]>
    </line>
    <line>
      <![CDATA[</div>]]>
    </line>
    <line>
      <![CDATA[</td>]]>
    </line>
    <line>
      <![CDATA[</tr>]]>
    </line>
    <line>
      <![CDATA[<tr>]]>
    </line>
    <line>
      <![CDATA[<td class="text-dark font-weight-bold" >Response :</td>]]>
    </line>
    <line>
      <![CDATA[<td class="" >]]>
    </line>
    <line>
      <![CDATA[<a href="" class="alert-link" data-toggle="modal" data-target="#rest_assured_logger_modal_value_33">Show</a>]]>
    </line>
    <line>
      <![CDATA[<div class="modal fade"  id="rest_assured_logger_modal_value_33" tabindex="-1" role="dialog">]]>
    </line>
    <line>
      <![CDATA[<div class="modal-dialog" role="document">]]>
    </line>
    <line>
      <![CDATA[<div class="modal-content">]]>
    </line>
    <line>
      <![CDATA[<div class="modal-header text-white bg-info">]]>
    </line>
    <line>
      <![CDATA[<h5 class="modal-title" id="title1">Response</h5>]]>
    </line>
    <line>
      <![CDATA[<span class="h6 text-light ml-2 mt-2">(click on the Text to copy)</span>]]>
    </line>
    <line>
      <![CDATA[<button type="button" class="close" data-dismiss="modal" aria-label="Close">]]>
    </line>
    <line>
      <![CDATA[<span aria-hidden="true">&times;</span>]]>
    </line>
    <line>
      <![CDATA[</button>]]>
    </line>
    <line>
      <![CDATA[</div>]]>
    </line>
    <line>
      <![CDATA[<div onClick="copyMePlease(this)" class="modal-body">]]>
    </line>
    <line>
      <![CDATA[{"deletedUsers":[],"createdUsers":[{"schemas":["urn:ietf:params:scim:schemas:core:2.0:User","urn:ietf:params:scim:schemas:extension:com.amdocs.a3s:2.0:User"],"id":"Automation_208086670_Individual","userName":"Automation_208086670_Individual","userType":"UamsUser","active":false,"password":null,"roles":["DeleteCreditProfile","SearchIndividual","RetreivePaymentMethod","PAP-PU","AnonymousUserRole","CreateIndividual","csr","CreateCustomerEntity","Write","ProductOrderLauncherUpdate","RetrieveCustomer","GetCustomer","orderChangeOwnership","CreateCustomer","UpdateCreditProfile","RetrieveCustomerEntity","STS-Common","AsmServicesAppIdentity","CreatePaymentMethod","DeleteIndividual","AppTesterRole","PAP-Common","GetCustomerEntity","CatalogOne.importer","ProductOrderLauncherDelete","GetIndividual","AddRelatedParty","EvaluateCreditProfile","RetrieveIndividual","UpdateIndividual","ProductOrderLauncherRead","ProductOrderLauncherCreate","ChangeOwnershipRole"],"a3sUserExtension":{"expiration":32535122400000,"effectiveDate":0,"successLoginDate":0,"badLoginDate":0,"badLoginCount":0,"isAccountNonExpired":true,"isAccountNonLocked":true,"isEnabled":true,"isAccountNeverExpired":false,"isExpiring":false,"isInEffective":false,"isCredentialsNonExpired":true,"isCredentialsExpiring":false,"isCredentialsReset":false,"properties":{"csrId":"csrId","salesChannel":"CallCenter","OperatorID":154,"customerId":"Customer_40306","UserType":"UamsUser"}},"metadata":{"resourceType":"User","created":1537228800000,"lastModified":1537228800000,"location":"http://ilocpde01w02.corp.amdocs.com:30525/asmServices/services/v1.0/users/bulk","version":null}}],"updatedUsers":[],"numDeleted":0,"numCreated":1,"numUpdated":0,"bulkErrors":[]}]]>
    </line>
    <line>
      <![CDATA[</div>]]>
    </line>
    <line>
      <![CDATA[</div>]]>
    </line>
    <line>
      <![CDATA[</div>]]>
    </line>
    <line>
      <![CDATA[</div>]]>
    </line>
    <line>
      <![CDATA[</td>]]>
    </line>
    <line>
      <![CDATA[</tr>]]>
    </line>
    <line>
      <![CDATA[<tr class="table-success"><td colspan="2">Response status: expected=201 actual=201; Value: true</td></tr>]]>
    </line>
    <line>
      <![CDATA[<tr class="table-warning"><td colspan="2">User UserIndividualCC created. User ID is: Automation_208086670_Individual</td></tr>]]>
    </line>
    <line>
      <![CDATA[<tr class="table-warning"><td colspan="2">Custom header: {"salesChannel":"CallCenter","customerId":"Customer_40306","sessionId":"747908942"}</td></tr>]]>
    </line>
    <line>
      <![CDATA[<tr class="table-info"><td class="text-dark font-weight-bold">Request Type </td><td class="" >POST</td></tr>]]>
    </line>
    <line>
      <![CDATA[<tr><td class="text-dark font-weight-bold">URI </td><td class="" > http://ilocpde01w02.corp.amdocs.com:30525/asmServices/services/v1.0/auth/tokens </td></tr>]]>
    </line>
    <line>
      <![CDATA[<tr><td class="text-dark font-weight-bold" colspan="2">Headers : </td></tr>]]>
    </line>
    <line>
      <![CDATA[<tr>]]>
    </line>
    <line>
      <![CDATA[<td class="text-dark font-weight-bold" >Authorization :</td>]]>
    </line>
    <line>
      <![CDATA[<td class="" >]]>
    </line>
    <line>
      <![CDATA[<a href="" class="alert-link" data-toggle="modal" data-target="#rest_assured_logger_modal_value_34">Show</a>]]>
    </line>
    <line>
      <![CDATA[<div class="modal fade"  id="rest_assured_logger_modal_value_34" tabindex="-1" role="dialog">]]>
    </line>
    <line>
      <![CDATA[<div class="modal-dialog" role="document">]]>
    </line>
    <line>
      <![CDATA[<div class="modal-content">]]>
    </line>
    <line>
      <![CDATA[<div class="modal-header text-white bg-info">]]>
    </line>
    <line>
      <![CDATA[<h5 class="modal-title" id="title1">Authorization</h5>]]>
    </line>
    <line>
      <![CDATA[<span class="h6 text-light ml-2 mt-2">(click on the Text to copy)</span>]]>
    </line>
    <line>
      <![CDATA[<button type="button" class="close" data-dismiss="modal" aria-label="Close">]]>
    </line>
    <line>
      <![CDATA[<span aria-hidden="true">&times;</span>]]>
    </line>
    <line>
      <![CDATA[</button>]]>
    </line>
    <line>
      <![CDATA[</div>]]>
    </line>
    <line>
      <![CDATA[<div onClick="copyMePlease(this)" class="modal-body">]]>
    </line>
    <line>
      <![CDATA[Basic TWFpbklzc3VlcjpVbml4MTEh]]>
    </line>
    <line>
      <![CDATA[</div>]]>
    </line>
    <line>
      <![CDATA[</div>]]>
    </line>
    <line>
      <![CDATA[</div>]]>
    </line>
    <line>
      <![CDATA[</div>]]>
    </line>
    <line>
      <![CDATA[</td>]]>
    </line>
    <line>
      <![CDATA[</tr>]]>
    </line>
    <line>
      <![CDATA[<tr><td class="text-dark font-weight-bold">Accept </td><td class="" > application/json </td></tr>]]>
    </line>
    <line>
      <![CDATA[<tr><td class="text-dark font-weight-bold">Content-Type </td><td class="" > application/json </td></tr>]]>
    </line>
    <line>
      <![CDATA[<tr>]]>
    </line>
    <line>
      <![CDATA[<td class="text-dark font-weight-bold" >Payload :</td>]]>
    </line>
    <line>
      <![CDATA[<td class="" >]]>
    </line>
    <line>
      <![CDATA[<a href="" class="alert-link" data-toggle="modal" data-target="#rest_assured_logger_modal_value_35">Show</a>]]>
    </line>
    <line>
      <![CDATA[<div class="modal fade"  id="rest_assured_logger_modal_value_35" tabindex="-1" role="dialog">]]>
    </line>
    <line>
      <![CDATA[<div class="modal-dialog" role="document">]]>
    </line>
    <line>
      <![CDATA[<div class="modal-content">]]>
    </line>
    <line>
      <![CDATA[<div class="modal-header text-white bg-info">]]>
    </line>
    <line>
      <![CDATA[<h5 class="modal-title" id="title1">Payload</h5>]]>
    </line>
    <line>
      <![CDATA[<span class="h6 text-light ml-2 mt-2">(click on the Text to copy)</span>]]>
    </line>
    <line>
      <![CDATA[<button type="button" class="close" data-dismiss="modal" aria-label="Close">]]>
    </line>
    <line>
      <![CDATA[<span aria-hidden="true">&times;</span>]]>
    </line>
    <line>
      <![CDATA[</button>]]>
    </line>
    <line>
      <![CDATA[</div>]]>
    </line>
    <line>
      <![CDATA[<div onClick="copyMePlease(this)" class="modal-body">]]>
    </line>
    <line>
      <![CDATA[{"auth":{"dialects":["A3S_Core_Public","Customer_Info","CSR_Info"],"token-type":"JWT","token-expiration":null,"on-behalf-of":{"type":"USER_PASSWORD","user-credentials":{"username":"Automation_208086670_Individual","password":"Unix11!"}}}}]]>
    </line>
    <line>
      <![CDATA[</div>]]>
    </line>
    <line>
      <![CDATA[</div>]]>
    </line>
    <line>
      <![CDATA[</div>]]>
    </line>
    <line>
      <![CDATA[</div>]]>
    </line>
    <line>
      <![CDATA[</td>]]>
    </line>
    <line>
      <![CDATA[</tr>]]>
    </line>
    <line>
      <![CDATA[<tr>]]>
    </line>
    <line>
      <![CDATA[<td class="text-dark font-weight-bold" >Response Header :</td>]]>
    </line>
    <line>
      <![CDATA[<td class="" >]]>
    </line>
    <line>
      <![CDATA[<a href="" class="alert-link" data-toggle="modal" data-target="#modal_value_12">Show</a>]]>
    </line>
    <line>
      <![CDATA[<div class="modal fade"  id="modal_value_12" tabindex="-1" role="dialog">]]>
    </line>
    <line>
      <![CDATA[<div class="modal-dialog" role="document">]]>
    </line>
    <line>
      <![CDATA[<div class="modal-content">]]>
    </line>
    <line>
      <![CDATA[<div class="modal-header text-white bg-info">]]>
    </line>
    <line>
      <![CDATA[<h5 class="modal-title" id="title1">Response Header</h5>]]>
    </line>
    <line>
      <![CDATA[<span class="h6 text-light ml-2 mt-2">(click on the Text to copy)</span>]]>
    </line>
    <line>
      <![CDATA[<button type="button" class="close" data-dismiss="modal" aria-label="Close">]]>
    </line>
    <line>
      <![CDATA[<span aria-hidden="true">&times;</span>]]>
    </line>
    <line>
      <![CDATA[</button>]]>
    </line>
    <line>
      <![CDATA[</div>]]>
    </line>
    <line>
      <![CDATA[<div onClick="copyMePlease(this)" class="modal-body">]]>
    </line>
    <line>
      <![CDATA[X-Content-Type-Options=nosniff
	X-XSS-Protection=1; mode=block
	Cache-Control=no-cache, no-store, max-age=0, must-revalidate
	Pragma=no-cache
	Expires=0
	X-Frame-Options=DENY
	X-Application-Context=application:9191
	Date=Tue, 18 Sep 2018 09:40:46 GMT
	Content-Type=application/json
	Content-Length=1788]]>
    </line>
    <line>
      <![CDATA[</div>]]>
    </line>
    <line>
      <![CDATA[</div>]]>
    </line>
    <line>
      <![CDATA[</div>]]>
    </line>
    <line>
      <![CDATA[</div>]]>
    </line>
    <line>
      <![CDATA[</td>]]>
    </line>
    <line>
      <![CDATA[</tr>]]>
    </line>
    <line>
      <![CDATA[<tr>]]>
    </line>
    <line>
      <![CDATA[<td class="text-dark font-weight-bold" >Response :</td>]]>
    </line>
    <line>
      <![CDATA[<td class="" >]]>
    </line>
    <line>
      <![CDATA[<a href="" class="alert-link" data-toggle="modal" data-target="#rest_assured_logger_modal_value_36">Show</a>]]>
    </line>
    <line>
      <![CDATA[<div class="modal fade"  id="rest_assured_logger_modal_value_36" tabindex="-1" role="dialog">]]>
    </line>
    <line>
      <![CDATA[<div class="modal-dialog" role="document">]]>
    </line>
    <line>
      <![CDATA[<div class="modal-content">]]>
    </line>
    <line>
      <![CDATA[<div class="modal-header text-white bg-info">]]>
    </line>
    <line>
      <![CDATA[<h5 class="modal-title" id="title1">Response</h5>]]>
    </line>
    <line>
      <![CDATA[<span class="h6 text-light ml-2 mt-2">(click on the Text to copy)</span>]]>
    </line>
    <line>
      <![CDATA[<button type="button" class="close" data-dismiss="modal" aria-label="Close">]]>
    </line>
    <line>
      <![CDATA[<span aria-hidden="true">&times;</span>]]>
    </line>
    <line>
      <![CDATA[</button>]]>
    </line>
    <line>
      <![CDATA[</div>]]>
    </line>
    <line>
      <![CDATA[<div onClick="copyMePlease(this)" class="modal-body">]]>
    </line>
    <line>
      <![CDATA[{"subjectToken":"eyJ4NXQjUzI1NiI6IkxEbGVvYldaYmVZcG9pb0Q0R1hrMWp3US8rUWd1MUs1eXNzQ1JpN3BtelE9IiwidHlwIjoiSldUIiwiYWxnIjoiUlMyNTYifQ.eyJzdWIiOiJBdXRvbWF0aW9uXzIwODA4NjY3MF9JbmRpdmlkdWFsIiwiY3NySWQiOiJjc3JJZCIsInJvbGVzIjpbIkdldEluZGl2aWR1YWwiLCJVcGRhdGVJbmRpdmlkdWFsIiwiQ2F0YWxvZ09uZS5pbXBvcnRlciIsIkdldEN1c3RvbWVyIiwiRGVsZXRlQ3JlZGl0UHJvZmlsZSIsIlByb2R1Y3RPcmRlckxhdW5jaGVyUmVhZCIsIkFwcFRlc3RlclJvbGUiLCJQcm9kdWN0T3JkZXJMYXVuY2hlckNyZWF0ZSIsIkNyZWF0ZVBheW1lbnRNZXRob2QiLCJvcmRlckNoYW5nZU93bmVyc2hpcCIsIlBBUC1QVSIsIlJldHJpZXZlQ3VzdG9tZXIiLCJBbm9ueW1vdXNVc2VyUm9sZSIsIlBBUC1Db21tb24iLCJXcml0ZSIsIlByb2R1Y3RPcmRlckxhdW5jaGVyVXBkYXRlIiwiQWRkUmVsYXRlZFBhcnR5IiwiQ3JlYXRlQ3VzdG9tZXIiLCJDcmVhdGVJbmRpdmlkdWFsIiwiU2VhcmNoSW5kaXZpZHVhbCIsIkdldEN1c3RvbWVyRW50aXR5IiwiVXBkYXRlQ3JlZGl0UHJvZmlsZSIsIkNoYW5nZU93bmVyc2hpcFJvbGUiLCJBc21TZXJ2aWNlc0FwcElkZW50aXR5IiwiRGVsZXRlSW5kaXZpZHVhbCIsImNzciIsIlJldHJpZXZlQ3VzdG9tZXJFbnRpdHkiLCJFdmFsdWF0ZUNyZWRpdFByb2ZpbGUiLCJSZXRyZWl2ZVBheW1lbnRNZXRob2QiLCJQcm9kdWN0T3JkZXJMYXVuY2hlckRlbGV0ZSIsIlJldHJpZXZlSW5kaXZpZHVhbCIsIlNUUy1Db21tb24iLCJDcmVhdGVDdXN0b21lckVudGl0eSJdLCJjdXN0b21lcklkIjoiQ3VzdG9tZXJfNDAzMDYiLCJpc3MiOiJBM1Nab25lMUBBM1MuYW1kb2NzLmNvbSIsIm9pdCI6MTUzNzI2MzY0NSwic2FsZXNDaGFubmVsIjoiQ2FsbENlbnRlciIsImV4cCI6MTUzNzI3MDg0NSwiaWF0IjoxNTM3MjYzNjQ1LCJ0dGwiOjE1MzcyOTI0NDUsImp0aSI6Ijc0ZTE5NWFjNzQ1MGZhNjU5ZTI1MDEzNGZjN2JhYTllN2Y4ZTQ4ZmJjNmEzMDM1MjAzZjcyZWIwYzJiNjIwNDAifQ.SJEglfX2g31q71slR0icYEu484uS8aOetkvVbn5lS4NilW3ozAVyVxhByAYP-T1DprCTn3_w8xp2AehnAzrVZ6_Hl0rvZYbhuQHNnUyw1DzullKx8-3vWs1eQhb7Q767kCVMJwteYloR6Xkk9SIiHpiyc2WuR8B0eXy2fUu55jRKSfX1nI7iTWIhAovBoS3VRkqOTl-moPZaDWHSYJExx1vqFb9U4-TC0D0F7ZIXu-gkGaPPkBOacnU1a1sqrOghEaSaBTj9idexSg2aUM8wb-8_1lXBBho6pYi3c20e4PCJkErXdysuWkgJsc29r0xje_HlmgbK4rScVlPv1zBQ8g","subjectTokenExpiration":"1537270845000"}]]>
    </line>
    <line>
      <![CDATA[</div>]]>
    </line>
    <line>
      <![CDATA[</div>]]>
    </line>
    <line>
      <![CDATA[</div>]]>
    </line>
    <line>
      <![CDATA[</div>]]>
    </line>
    <line>
      <![CDATA[</td>]]>
    </line>
    <line>
      <![CDATA[</tr>]]>
    </line>
    <line>
      <![CDATA[<tr class="table-light"><td colspan="2">A3SUser set to Suite context; User Automation_208086670_Individual</td></tr>]]>
    </line>
    <line>
      <![CDATA[<tr class="table-light"><td colspan="2">Token for UserIndividualCC is: </td></tr>]]>
    </line>
    <line>
      <![CDATA[<tr class="table-light"><td colspan="2">Bearer eyJ4NXQjUzI1NiI6IkxEbGVvYldaYmVZcG9pb0Q0R1hrMWp3US8rUWd1MUs1eXNzQ1JpN3BtelE9IiwidHlwIjoiSldUIiwiYWxnIjoiUlMyNTYifQ.eyJzdWIiOiJBdXRvbWF0aW9uXzIwODA4NjY3MF9JbmRpdmlkdWFsIiwiY3NySWQiOiJjc3JJZCIsInJvbGVzIjpbIkdldEluZGl2aWR1YWwiLCJVcGRhdGVJbmRpdmlkdWFsIiwiQ2F0YWxvZ09uZS5pbXBvcnRlciIsIkdldEN1c3RvbWVyIiwiRGVsZXRlQ3JlZGl0UHJvZmlsZSIsIlByb2R1Y3RPcmRlckxhdW5jaGVyUmVhZCIsIkFwcFRlc3RlclJvbGUiLCJQcm9kdWN0T3JkZXJMYXVuY2hlckNyZWF0ZSIsIkNyZWF0ZVBheW1lbnRNZXRob2QiLCJvcmRlckNoYW5nZU93bmVyc2hpcCIsIlBBUC1QVSIsIlJldHJpZXZlQ3VzdG9tZXIiLCJBbm9ueW1vdXNVc2VyUm9sZSIsIlBBUC1Db21tb24iLCJXcml0ZSIsIlByb2R1Y3RPcmRlckxhdW5jaGVyVXBkYXRlIiwiQWRkUmVsYXRlZFBhcnR5IiwiQ3JlYXRlQ3VzdG9tZXIiLCJDcmVhdGVJbmRpdmlkdWFsIiwiU2VhcmNoSW5kaXZpZHVhbCIsIkdldEN1c3RvbWVyRW50aXR5IiwiVXBkYXRlQ3JlZGl0UHJvZmlsZSIsIkNoYW5nZU93bmVyc2hpcFJvbGUiLCJBc21TZXJ2aWNlc0FwcElkZW50aXR5IiwiRGVsZXRlSW5kaXZpZHVhbCIsImNzciIsIlJldHJpZXZlQ3VzdG9tZXJFbnRpdHkiLCJFdmFsdWF0ZUNyZWRpdFByb2ZpbGUiLCJSZXRyZWl2ZVBheW1lbnRNZXRob2QiLCJQcm9kdWN0T3JkZXJMYXVuY2hlckRlbGV0ZSIsIlJldHJpZXZlSW5kaXZpZHVhbCIsIlNUUy1Db21tb24iLCJDcmVhdGVDdXN0b21lckVudGl0eSJdLCJjdXN0b21lcklkIjoiQ3VzdG9tZXJfNDAzMDYiLCJpc3MiOiJBM1Nab25lMUBBM1MuYW1kb2NzLmNvbSIsIm9pdCI6MTUzNzI2MzY0NSwic2FsZXNDaGFubmVsIjoiQ2FsbENlbnRlciIsImV4cCI6MTUzNzI3MDg0NSwiaWF0IjoxNTM3MjYzNjQ1LCJ0dGwiOjE1MzcyOTI0NDUsImp0aSI6Ijc0ZTE5NWFjNzQ1MGZhNjU5ZTI1MDEzNGZjN2JhYTllN2Y4ZTQ4ZmJjNmEzMDM1MjAzZjcyZWIwYzJiNjIwNDAifQ.SJEglfX2g31q71slR0icYEu484uS8aOetkvVbn5lS4NilW3ozAVyVxhByAYP-T1DprCTn3_w8xp2AehnAzrVZ6_Hl0rvZYbhuQHNnUyw1DzullKx8-3vWs1eQhb7Q767kCVMJwteYloR6Xkk9SIiHpiyc2WuR8B0eXy2fUu55jRKSfX1nI7iTWIhAovBoS3VRkqOTl-moPZaDWHSYJExx1vqFb9U4-TC0D0F7ZIXu-gkGaPPkBOacnU1a1sqrOghEaSaBTj9idexSg2aUM8wb-8_1lXBBho6pYi3c20e4PCJkErXdysuWkgJsc29r0xje_HlmgbK4rScVlPv1zBQ8g</td></tr>]]>
    </line>
    <line>
      <![CDATA[<tr class="table-warning"><td colspan="2">removeAttribute OrderID from test/suite context</td></tr>]]>
    </line>
    <line>
      <![CDATA[<tr class="table-info"><td class="text-dark font-weight-bold">Request Type </td><td class="" >POST</td></tr>]]>
    </line>
    <line>
      <![CDATA[<tr><td class="text-dark font-weight-bold">URI </td><td class="" > http://ilocpde01w02.corp.amdocs.com:30538/productOrdering/v2/productOrder </td></tr>]]>
    </line>
    <line>
      <![CDATA[<tr><td class="text-dark font-weight-bold" colspan="2">Headers : </td></tr>]]>
    </line>
    <line>
      <![CDATA[<tr>]]>
    </line>
    <line>
      <![CDATA[<td class="text-dark font-weight-bold" >Authorization :</td>]]>
    </line>
    <line>
      <![CDATA[<td class="" >]]>
    </line>
    <line>
      <![CDATA[<a href="" class="alert-link" data-toggle="modal" data-target="#rest_assured_logger_modal_value_37">Show</a>]]>
    </line>
    <line>
      <![CDATA[<div class="modal fade"  id="rest_assured_logger_modal_value_37" tabindex="-1" role="dialog">]]>
    </line>
    <line>
      <![CDATA[<div class="modal-dialog" role="document">]]>
    </line>
    <line>
      <![CDATA[<div class="modal-content">]]>
    </line>
    <line>
      <![CDATA[<div class="modal-header text-white bg-info">]]>
    </line>
    <line>
      <![CDATA[<h5 class="modal-title" id="title1">Authorization</h5>]]>
    </line>
    <line>
      <![CDATA[<span class="h6 text-light ml-2 mt-2">(click on the Text to copy)</span>]]>
    </line>
    <line>
      <![CDATA[<button type="button" class="close" data-dismiss="modal" aria-label="Close">]]>
    </line>
    <line>
      <![CDATA[<span aria-hidden="true">&times;</span>]]>
    </line>
    <line>
      <![CDATA[</button>]]>
    </line>
    <line>
      <![CDATA[</div>]]>
    </line>
    <line>
      <![CDATA[<div onClick="copyMePlease(this)" class="modal-body">]]>
    </line>
    <line>
      <![CDATA[Bearer eyJ4NXQjUzI1NiI6IkxEbGVvYldaYmVZcG9pb0Q0R1hrMWp3US8rUWd1MUs1eXNzQ1JpN3BtelE9IiwidHlwIjoiSldUIiwiYWxnIjoiUlMyNTYifQ.eyJzdWIiOiJBdXRvbWF0aW9uXzIwODA4NjY3MF9JbmRpdmlkdWFsIiwiY3NySWQiOiJjc3JJZCIsInJvbGVzIjpbIkdldEluZGl2aWR1YWwiLCJVcGRhdGVJbmRpdmlkdWFsIiwiQ2F0YWxvZ09uZS5pbXBvcnRlciIsIkdldEN1c3RvbWVyIiwiRGVsZXRlQ3JlZGl0UHJvZmlsZSIsIlByb2R1Y3RPcmRlckxhdW5jaGVyUmVhZCIsIkFwcFRlc3RlclJvbGUiLCJQcm9kdWN0T3JkZXJMYXVuY2hlckNyZWF0ZSIsIkNyZWF0ZVBheW1lbnRNZXRob2QiLCJvcmRlckNoYW5nZU93bmVyc2hpcCIsIlBBUC1QVSIsIlJldHJpZXZlQ3VzdG9tZXIiLCJBbm9ueW1vdXNVc2VyUm9sZSIsIlBBUC1Db21tb24iLCJXcml0ZSIsIlByb2R1Y3RPcmRlckxhdW5jaGVyVXBkYXRlIiwiQWRkUmVsYXRlZFBhcnR5IiwiQ3JlYXRlQ3VzdG9tZXIiLCJDcmVhdGVJbmRpdmlkdWFsIiwiU2VhcmNoSW5kaXZpZHVhbCIsIkdldEN1c3RvbWVyRW50aXR5IiwiVXBkYXRlQ3JlZGl0UHJvZmlsZSIsIkNoYW5nZU93bmVyc2hpcFJvbGUiLCJBc21TZXJ2aWNlc0FwcElkZW50aXR5IiwiRGVsZXRlSW5kaXZpZHVhbCIsImNzciIsIlJldHJpZXZlQ3VzdG9tZXJFbnRpdHkiLCJFdmFsdWF0ZUNyZWRpdFByb2ZpbGUiLCJSZXRyZWl2ZVBheW1lbnRNZXRob2QiLCJQcm9kdWN0T3JkZXJMYXVuY2hlckRlbGV0ZSIsIlJldHJpZXZlSW5kaXZpZHVhbCIsIlNUUy1Db21tb24iLCJDcmVhdGVDdXN0b21lckVudGl0eSJdLCJjdXN0b21lcklkIjoiQ3VzdG9tZXJfNDAzMDYiLCJpc3MiOiJBM1Nab25lMUBBM1MuYW1kb2NzLmNvbSIsIm9pdCI6MTUzNzI2MzY0NSwic2FsZXNDaGFubmVsIjoiQ2FsbENlbnRlciIsImV4cCI6MTUzNzI3MDg0NSwiaWF0IjoxNTM3MjYzNjQ1LCJ0dGwiOjE1MzcyOTI0NDUsImp0aSI6Ijc0ZTE5NWFjNzQ1MGZhNjU5ZTI1MDEzNGZjN2JhYTllN2Y4ZTQ4ZmJjNmEzMDM1MjAzZjcyZWIwYzJiNjIwNDAifQ.SJEglfX2g31q71slR0icYEu484uS8aOetkvVbn5lS4NilW3ozAVyVxhByAYP-T1DprCTn3_w8xp2AehnAzrVZ6_Hl0rvZYbhuQHNnUyw1DzullKx8-3vWs1eQhb7Q767kCVMJwteYloR6Xkk9SIiHpiyc2WuR8B0eXy2fUu55jRKSfX1nI7iTWIhAovBoS3VRkqOTl-moPZaDWHSYJExx1vqFb9U4-TC0D0F7ZIXu-gkGaPPkBOacnU1a1sqrOghEaSaBTj9idexSg2aUM8wb-8_1lXBBho6pYi3c20e4PCJkErXdysuWkgJsc29r0xje_HlmgbK4rScVlPv1zBQ8g]]>
    </line>
    <line>
      <![CDATA[</div>]]>
    </line>
    <line>
      <![CDATA[</div>]]>
    </line>
    <line>
      <![CDATA[</div>]]>
    </line>
    <line>
      <![CDATA[</div>]]>
    </line>
    <line>
      <![CDATA[</td>]]>
    </line>
    <line>
      <![CDATA[</tr>]]>
    </line>
    <line>
      <![CDATA[<tr><td class="text-dark font-weight-bold">Accept </td><td class="" > application/json </td></tr>]]>
    </line>
    <line>
      <![CDATA[<tr><td class="text-dark font-weight-bold">Custom-Header </td><td class="" > {"salesChannel":"CallCenter","customerId":"Customer_40306","sessionId":"806913297"} </td></tr>]]>
    </line>
    <line>
      <![CDATA[<tr><td class="text-dark font-weight-bold">Accept-Language </td><td class="" > en_US </td></tr>]]>
    </line>
    <line>
      <![CDATA[<tr><td class="text-dark font-weight-bold">Content-Type </td><td class="" > application/json </td></tr>]]>
    </line>
    <line>
      <![CDATA[<tr>]]>
    </line>
    <line>
      <![CDATA[<td class="text-dark font-weight-bold" >Payload :</td>]]>
    </line>
    <line>
      <![CDATA[<td class="" >]]>
    </line>
    <line>
      <![CDATA[<a href="" class="alert-link" data-toggle="modal" data-target="#rest_assured_logger_modal_value_38">Show</a>]]>
    </line>
    <line>
      <![CDATA[<div class="modal fade"  id="rest_assured_logger_modal_value_38" tabindex="-1" role="dialog">]]>
    </line>
    <line>
      <![CDATA[<div class="modal-dialog" role="document">]]>
    </line>
    <line>
      <![CDATA[<div class="modal-content">]]>
    </line>
    <line>
      <![CDATA[<div class="modal-header text-white bg-info">]]>
    </line>
    <line>
      <![CDATA[<h5 class="modal-title" id="title1">Payload</h5>]]>
    </line>
    <line>
      <![CDATA[<span class="h6 text-light ml-2 mt-2">(click on the Text to copy)</span>]]>
    </line>
    <line>
      <![CDATA[<button type="button" class="close" data-dismiss="modal" aria-label="Close">]]>
    </line>
    <line>
      <![CDATA[<span aria-hidden="true">&times;</span>]]>
    </line>
    <line>
      <![CDATA[</button>]]>
    </line>
    <line>
      <![CDATA[</div>]]>
    </line>
    <line>
      <![CDATA[<div onClick="copyMePlease(this)" class="modal-body">]]>
    </line>
    <line>
      <![CDATA[{"orderItem":[{"quantity":"1","productOffering":{"id":"fca3c47c67c0476e8aa335ea77e5a717"},"action":"Add","billingAccount":{"id":"12121"},"modifyReason":[{"reasonText":"Customer Request","name":"Customer Request","action":"Add"}]}],"channel":[{"name":"CallCenter","id":"CallCenter"}],"description":"Special Order","relatedParty":[{"role":"customer","id":"Customer_40306"}]}]]>
    </line>
    <line>
      <![CDATA[</div>]]>
    </line>
    <line>
      <![CDATA[</div>]]>
    </line>
    <line>
      <![CDATA[</div>]]>
    </line>
    <line>
      <![CDATA[</div>]]>
    </line>
    <line>
      <![CDATA[</td>]]>
    </line>
    <line>
      <![CDATA[</tr>]]>
    </line>
    <line>
      <![CDATA[<tr>]]>
    </line>
    <line>
      <![CDATA[<td class="text-dark font-weight-bold" >Response Header :</td>]]>
    </line>
    <line>
      <![CDATA[<td class="" >]]>
    </line>
    <line>
      <![CDATA[<a href="" class="alert-link" data-toggle="modal" data-target="#modal_value_13">Show</a>]]>
    </line>
    <line>
      <![CDATA[<div class="modal fade"  id="modal_value_13" tabindex="-1" role="dialog">]]>
    </line>
    <line>
      <![CDATA[<div class="modal-dialog" role="document">]]>
    </line>
    <line>
      <![CDATA[<div class="modal-content">]]>
    </line>
    <line>
      <![CDATA[<div class="modal-header text-white bg-info">]]>
    </line>
    <line>
      <![CDATA[<h5 class="modal-title" id="title1">Response Header</h5>]]>
    </line>
    <line>
      <![CDATA[<span class="h6 text-light ml-2 mt-2">(click on the Text to copy)</span>]]>
    </line>
    <line>
      <![CDATA[<button type="button" class="close" data-dismiss="modal" aria-label="Close">]]>
    </line>
    <line>
      <![CDATA[<span aria-hidden="true">&times;</span>]]>
    </line>
    <line>
      <![CDATA[</button>]]>
    </line>
    <line>
      <![CDATA[</div>]]>
    </line>
    <line>
      <![CDATA[<div onClick="copyMePlease(this)" class="modal-body">]]>
    </line>
    <line>
      <![CDATA[X-Application-Context=productorder-productorder-ms:8080
	X-DOX-TraceId=15241B2EF087409C
	ETag=ProductOrder_15544504-4405-410a-822a-222aa02204a6=1537263646248009728
	X-Content-Type-Options=nosniff
	X-XSS-Protection=1; mode=block
	Cache-Control=no-cache, no-store, max-age=0, must-revalidate
	Pragma=no-cache
	Expires=0
	X-Frame-Options=DENY
	Content-Type=application/json;charset=UTF-8
	Transfer-Encoding=chunked
	Date=Tue, 18 Sep 2018 09:40:47 GMT]]>
    </line>
    <line>
      <![CDATA[</div>]]>
    </line>
    <line>
      <![CDATA[</div>]]>
    </line>
    <line>
      <![CDATA[</div>]]>
    </line>
    <line>
      <![CDATA[</div>]]>
    </line>
    <line>
      <![CDATA[</td>]]>
    </line>
    <line>
      <![CDATA[</tr>]]>
    </line>
    <line>
      <![CDATA[<tr>]]>
    </line>
    <line>
      <![CDATA[<td class="text-dark font-weight-bold" >Response :</td>]]>
    </line>
    <line>
      <![CDATA[<td class="" >]]>
    </line>
    <line>
      <![CDATA[<a href="" class="alert-link" data-toggle="modal" data-target="#rest_assured_logger_modal_value_39">Show</a>]]>
    </line>
    <line>
      <![CDATA[<div class="modal fade"  id="rest_assured_logger_modal_value_39" tabindex="-1" role="dialog">]]>
    </line>
    <line>
      <![CDATA[<div class="modal-dialog" role="document">]]>
    </line>
    <line>
      <![CDATA[<div class="modal-content">]]>
    </line>
    <line>
      <![CDATA[<div class="modal-header text-white bg-info">]]>
    </line>
    <line>
      <![CDATA[<h5 class="modal-title" id="title1">Response</h5>]]>
    </line>
    <line>
      <![CDATA[<span class="h6 text-light ml-2 mt-2">(click on the Text to copy)</span>]]>
    </line>
    <line>
      <![CDATA[<button type="button" class="close" data-dismiss="modal" aria-label="Close">]]>
    </line>
    <line>
      <![CDATA[<span aria-hidden="true">&times;</span>]]>
    </line>
    <line>
      <![CDATA[</button>]]>
    </line>
    <line>
      <![CDATA[</div>]]>
    </line>
    <line>
      <![CDATA[<div onClick="copyMePlease(this)" class="modal-body">]]>
    </line>
    <line>
      <![CDATA[{"id":"ProductOrder_15544504-4405-410a-822a-222aa02204a6","href":"/v2/productOrder/ProductOrder_15544504-4405-410a-822a-222aa02204a6","category":null,"priority":null,"description":"Special Order","state":"Draft","externalId":null,"orderDate":"2018-09-18T09:40:46Z","completionDate":null,"requestedStartDate":null,"requestedCompletionDate":"2018-09-18T09:40:46Z","expectedCompletionDate":null,"orderPriceDate":"2018-09-18T09:40:47.108Z","notificationContact":null,"relatedParty":[{"id":"Customer_40306","href":"/v2/relatedParty/Customer_40306","name":null,"role":"customer"}],"billingAccount":null,"orderItem":[{"id":"ProductOrder_15544504-4405-410a-822a-222aa02204a6_OrderItem_04445040-1041-4154-8002-80a0a88818b7","action":"add","state":"Draft","quantity":1,"externalId":null,"completionDate":null,"requestedStartDate":null,"requestedCompletionDate":"2018-09-18T09:40:46Z","retroactiveChangeDate":null,"itemPrice":[{"id":"e850b41ee5874c22b84131991760df7a","name":"International Free charge","description":null,"unitOfMeasure":null,"recurringChargePeriod":"month","priceType":"RC","price":{"taxIncludedAmount":{"unit":"USD","value":21.989},"dutyFreeAmount":{"unit":"USD","value":19.99},"taxRate":10,"percentage":null,"priceReduction":null,"taxAmount":{"unit":"USD","value":1.999}},"finalPrice":{"taxIncludedAmount":{"unit":"USD","value":17.5912},"dutyFreeAmount":{"unit":"USD","value":15.992},"taxRate":10,"percentage":null,"priceReduction":null,"taxAmount":{"unit":"USD","value":1.5992}},"standalonePrice":null,"priceAlteration":[{"name":null,"description":null,"unitOfMeasure":null,"recurringChargePeriod":null,"priceType":"RC","applicationDuration":null,"priority":null,"alterationType":"Promotion Price Alteration","promotionActionId":null,"promotionInstanceId":null,"alterationProductOfferingPriceId":"fe803c0139804aedb690bf0b169d4a37","alterationBundleProductOfferingId":null,"price":{"taxIncludedAmount":null,"dutyFreeAmount":{"unit":"USD","value":3.998},"taxRate":null,"percentage":20,"priceReduction":null,"taxAmount":null}}],"billingAccount":null,"immediatePayOption":null}],"itemTotalPrice":[{"id":null,"name":null,"description":null,"unitOfMeasure":null,"recurringChargePeriod":"month","priceType":"RC","price":{"taxIncludedAmount":{"unit":"USD","value":21.989},"dutyFreeAmount":{"unit":"USD","value":19.99},"taxRate":10,"percentage":null,"priceReduction":null,"taxAmount":{"unit":"USD","value":1.999}},"finalPrice":{"taxIncludedAmount":{"unit":"USD","value":17.5912},"dutyFreeAmount":{"unit":"USD","value":15.992},"taxRate":10,"percentage":null,"priceReduction":null,"taxAmount":{"unit":"USD","value":1.5992}},"standalonePrice":{"taxIncludedAmount":{"unit":"USD","value":21.989},"dutyFreeAmount":{"unit":"USD","value":19.99},"taxRate":10,"percentage":null,"priceReduction":null,"taxAmount":{"unit":"USD","value":1.999}},"priceAlteration":[{"name":null,"description":null,"unitOfMeasure":null,"recurringChargePeriod":null,"priceType":"RC","applicationDuration":null,"priority":null,"alterationType":"Promotion Price Alteration","promotionActionId":null,"promotionInstanceId":null,"alterationProductOfferingPriceId":null,"alterationBundleProductOfferingId":null,"price":{"taxIncludedAmount":null,"dutyFreeAmount":{"unit":"USD","value":3.998},"taxRate":null,"percentage":null,"priceReduction":null,"taxAmount":null}}],"billingAccount":null,"immediatePayOption":null}],"orderItemRelationship":[],"productOffering":{"id":"fca3c47c67c0476e8aa335ea77e5a717","name":"International Free Calls","href":"/v2/productOffering/fca3c47c67c0476e8aa335ea77e5a717","type":"International_Calls_Plan","serialized":null,"version":null,"attachment":[],"valueRank":null,"durationPolicy":null},"product":{"id":null,"version":null,"href":"/v2/productRefOrValue/","name":null,"status":null,"primaryProductId":null,"actionDate":null,"relatedParty":[],"productOrderRef":null,"productSpecification":[],"characteristic":[{"name":"Included_Content","value":"300","localizedName":"Included Content","characteristicMetadata":[{"name":"userId","value":"Automation_208086670_Individual","metatype":"operational"},{"name":"salesChannel","value":"CallCenter","metatype":"operational"},{"name":"csrId","value":"csrId","metatype":"operational"},{"name":"changeDate","value":"Tue Sep 18 09:40:46 GMT 2018","metatype":"operational"},{"name":"originalSalesChannel","value":"CallCenter","metatype":"operational"}]}],"place":[],"productRelationship":[{"type":"bundled","product":{"id":null,"version":null,"href":null,"name":null,"status":null,"primaryProductId":null,"actionDate":null,"relatedParty":[],"productOrderRef":null,"productSpecification":[{"id":"aeed224b4d64476d953d9438c1a62c17","href":null,"name":"International Calls Plan","type":"International Calls Plan"}],"characteristic":[{"name":"Country/Region","value":"Italy","localizedName":"Country/Region","characteristicMetadata":[{"name":"userId","value":"Automation_208086670_Individual","metatype":"operational"},{"name":"salesChannel","value":"CallCenter","metatype":"operational"},{"name":"csrId","value":"csrId","metatype":"operational"},{"name":"changeDate","value":"Tue Sep 18 09:40:46 GMT 2018","metatype":"operational"},{"name":"originalSalesChannel","value":"CallCenter","metatype":"operational"}]}],"place":[],"productRelationship":[],"referenceId":"31b9cccd-7aac-4f40-b9cf-7e95795ba203","terminationDate":null,"activationDate":null}}],"referenceId":"ece70e51-d677-4813-a72b-8b5de46e2b1b","terminationDate":null,"activationDate":null},"billingAccount":{"id":"12121","href":"''/v2/TBA/12121","name":null},"appointment":null,"orderItem":[],"productOfferingGroupOption":null,"orderTerm":[],"modifyReason":[{"id":"b8f2edc8-1f42-4330-ab98-8866a71d6f8d","name":"Customer Request","reasonText":"Customer Request","action":"Add"}],"readOnly":false,"payment":[],"characteristicMetadata":[{"name":"userId","value":"Automation_208086670_Individual","metatype":"operational"},{"name":"salesChannel","value":"CallCenter","metatype":"operational"},{"name":"csrId","value":"csrId","metatype":"operational"},{"name":"changeDate","value":"Tue Sep 18 09:40:46 GMT 2018","metatype":"operational"},{"name":"originalSalesChannel","value":"CallCenter","metatype":"operational"}],"relatedImmediatePromotion":[{"id":"1160f761-a630-42e4-8b22-4a8201d4cc23","itemQualificationType":"benefit"}],"extensions":{},"stock":[],"stockReservation":[]}],"orderTotalPrice":[{"id":null,"name":null,"description":null,"unitOfMeasure":null,"recurringChargePeriod":null,"priceType":"RC","price":{"taxIncludedAmount":{"unit":"USD","value":21.989},"dutyFreeAmount":{"unit":"USD","value":19.99},"taxRate":10,"percentage":null,"priceReduction":null,"taxAmount":{"unit":"USD","value":1.999}},"finalPrice":{"taxIncludedAmount":{"unit":"USD","value":17.5912},"dutyFreeAmount":{"unit":"USD","value":15.992},"taxRate":10,"percentage":null,"priceReduction":null,"taxAmount":{"unit":"USD","value":1.5992}},"standalonePrice":{"taxIncludedAmount":{"unit":"USD","value":21.989},"dutyFreeAmount":{"unit":"USD","value":19.99},"taxRate":10,"percentage":null,"priceReduction":null,"taxAmount":{"unit":"USD","value":1.999}},"priceAlteration":[{"name":null,"description":null,"unitOfMeasure":null,"recurringChargePeriod":null,"priceType":"RC","applicationDuration":null,"priority":null,"alterationType":"Promotion Price Alteration","promotionActionId":null,"promotionInstanceId":null,"alterationProductOfferingPriceId":null,"alterationBundleProductOfferingId":null,"price":{"taxIncludedAmount":null,"dutyFreeAmount":{"unit":"USD","value":3.998},"taxRate":null,"percentage":null,"priceReduction":null,"taxAmount":null}}],"billingAccount":null,"immediatePayOption":null}],"channel":[{"id":"CallCenter","href":null,"name":"CallCenter"}],"orderRelationship":[],"controlFields":{"createdBy":"Automation_208086670_Individual","createdOn":"2018-09-18T09:40:47Z","lastModifiedBy":"Automation_208086670_Individual","lastModifiedOn":"2018-09-18T09:40:47Z"},"validation":null,"payment":[],"immediatePromotion":[{"id":"1160f761-a630-42e4-8b22-4a8201d4cc23","promotion":{"id":"556a7a7e53ee450dbdac1762ecc5edb6","name":"International discount","description":"CROSS-15128 Use Case #4: 20% discount on any international plan","validFor":{"startDateTime":"2017-01-01T00:00:00Z","endDateTime":"2028-09-12T01:16:06.664Z"},"href":null},"triggerItem":[{"id":"ProductOrder_15544504-4405-410a-822a-222aa02204a6_OrderItem_04445040-1041-4154-8002-80a0a88818b7","itemType":"order","href":null,"promotionCriteriaGroupId":"2062","pathToRoot":"/ProductOrder_15544504-4405-410a-822a-222aa02204a6_OrderItem_04445040-1041-4154-8002-80a0a88818b7"}],"benefitItem":[{"id":"ProductOrder_15544504-4405-410a-822a-222aa02204a6_OrderItem_04445040-1041-4154-8002-80a0a88818b7","itemType":"order","promotionCriteriaGroupId":"2062","pathToRoot":"/ProductOrder_15544504-4405-410a-822a-222aa02204a6_OrderItem_04445040-1041-4154-8002-80a0a88818b7","href":null,"action":[{"id":null,"name":null,"description":null,"actionType":"Price Allteration","actionValue":0,"duration":null,"promotionPriceAlteration":{"id":"fe803c0139804aedb690bf0b169d4a37"}}]}]}],"extensions":{},"isCustomerVisible":true}]]>
    </line>
    <line>
      <![CDATA[</div>]]>
    </line>
    <line>
      <![CDATA[</div>]]>
    </line>
    <line>
      <![CDATA[</div>]]>
    </line>
    <line>
      <![CDATA[</div>]]>
    </line>
    <line>
      <![CDATA[</td>]]>
    </line>
    <line>
      <![CDATA[</tr>]]>
    </line>
    <line>
      <![CDATA[<tr class="table-success"><td colspan="2">Response status: expected=201 actual=201; Value: true</td></tr>]]>
    </line>
    <line>
      <![CDATA[<tr><td class="text-dark font-weight-bold">Order ID  </td><td class="" > ProductOrder_15544504-4405-410a-822a-222aa02204a6 </td></tr>]]>
    </line>
    <line>
      <![CDATA[<tr><td class="text-dark font-weight-bold">Context Attribute [OrderID] Set  </td><td class="" > ProductOrder_15544504-4405-410a-822a-222aa02204a6 </td></tr>]]>
    </line>
    <line>
      <![CDATA[<tr class="table-light"><td colspan="2">No. of OrderItems : </td></tr>]]>
    </line>
    <line>
      <![CDATA[<tr><td class="text-dark font-weight-bold">Context Attribute [OrderItem] Set  </td><td class="" > ProductOrder_15544504-4405-410a-822a-222aa02204a6_OrderItem_04445040-1041-4154-8002-80a0a88818b7 </td></tr>]]>
    </line>
    <line>
      <![CDATA[<tr><td class="text-dark font-weight-bold">Context Attribute [eTag] Set  </td><td class="" > ProductOrder_15544504-4405-410a-822a-222aa02204a6=1537263646248009728 </td></tr>]]>
    </line>
    <line>
      <![CDATA[<tr class="table-info"><td class="text-dark font-weight-bold">Request Type </td><td class="" >GET</td></tr>]]>
    </line>
    <line>
      <![CDATA[<tr><td class="text-dark font-weight-bold">URI </td><td class="" > http://ilocpde01w02.corp.amdocs.com:30538/productOrdering/v2/productOrder/ProductOrder_15544504-4405-410a-822a-222aa02204a6 </td></tr>]]>
    </line>
    <line>
      <![CDATA[<tr><td class="text-dark font-weight-bold" colspan="2">Headers : </td></tr>]]>
    </line>
    <line>
      <![CDATA[<tr>]]>
    </line>
    <line>
      <![CDATA[<td class="text-dark font-weight-bold" >Authorization :</td>]]>
    </line>
    <line>
      <![CDATA[<td class="" >]]>
    </line>
    <line>
      <![CDATA[<a href="" class="alert-link" data-toggle="modal" data-target="#rest_assured_logger_modal_value_40">Show</a>]]>
    </line>
    <line>
      <![CDATA[<div class="modal fade"  id="rest_assured_logger_modal_value_40" tabindex="-1" role="dialog">]]>
    </line>
    <line>
      <![CDATA[<div class="modal-dialog" role="document">]]>
    </line>
    <line>
      <![CDATA[<div class="modal-content">]]>
    </line>
    <line>
      <![CDATA[<div class="modal-header text-white bg-info">]]>
    </line>
    <line>
      <![CDATA[<h5 class="modal-title" id="title1">Authorization</h5>]]>
    </line>
    <line>
      <![CDATA[<span class="h6 text-light ml-2 mt-2">(click on the Text to copy)</span>]]>
    </line>
    <line>
      <![CDATA[<button type="button" class="close" data-dismiss="modal" aria-label="Close">]]>
    </line>
    <line>
      <![CDATA[<span aria-hidden="true">&times;</span>]]>
    </line>
    <line>
      <![CDATA[</button>]]>
    </line>
    <line>
      <![CDATA[</div>]]>
    </line>
    <line>
      <![CDATA[<div onClick="copyMePlease(this)" class="modal-body">]]>
    </line>
    <line>
      <![CDATA[Bearer eyJ4NXQjUzI1NiI6IkxEbGVvYldaYmVZcG9pb0Q0R1hrMWp3US8rUWd1MUs1eXNzQ1JpN3BtelE9IiwidHlwIjoiSldUIiwiYWxnIjoiUlMyNTYifQ.eyJzdWIiOiJBdXRvbWF0aW9uXzIwODA4NjY3MF9JbmRpdmlkdWFsIiwiY3NySWQiOiJjc3JJZCIsInJvbGVzIjpbIkdldEluZGl2aWR1YWwiLCJVcGRhdGVJbmRpdmlkdWFsIiwiQ2F0YWxvZ09uZS5pbXBvcnRlciIsIkdldEN1c3RvbWVyIiwiRGVsZXRlQ3JlZGl0UHJvZmlsZSIsIlByb2R1Y3RPcmRlckxhdW5jaGVyUmVhZCIsIkFwcFRlc3RlclJvbGUiLCJQcm9kdWN0T3JkZXJMYXVuY2hlckNyZWF0ZSIsIkNyZWF0ZVBheW1lbnRNZXRob2QiLCJvcmRlckNoYW5nZU93bmVyc2hpcCIsIlBBUC1QVSIsIlJldHJpZXZlQ3VzdG9tZXIiLCJBbm9ueW1vdXNVc2VyUm9sZSIsIlBBUC1Db21tb24iLCJXcml0ZSIsIlByb2R1Y3RPcmRlckxhdW5jaGVyVXBkYXRlIiwiQWRkUmVsYXRlZFBhcnR5IiwiQ3JlYXRlQ3VzdG9tZXIiLCJDcmVhdGVJbmRpdmlkdWFsIiwiU2VhcmNoSW5kaXZpZHVhbCIsIkdldEN1c3RvbWVyRW50aXR5IiwiVXBkYXRlQ3JlZGl0UHJvZmlsZSIsIkNoYW5nZU93bmVyc2hpcFJvbGUiLCJBc21TZXJ2aWNlc0FwcElkZW50aXR5IiwiRGVsZXRlSW5kaXZpZHVhbCIsImNzciIsIlJldHJpZXZlQ3VzdG9tZXJFbnRpdHkiLCJFdmFsdWF0ZUNyZWRpdFByb2ZpbGUiLCJSZXRyZWl2ZVBheW1lbnRNZXRob2QiLCJQcm9kdWN0T3JkZXJMYXVuY2hlckRlbGV0ZSIsIlJldHJpZXZlSW5kaXZpZHVhbCIsIlNUUy1Db21tb24iLCJDcmVhdGVDdXN0b21lckVudGl0eSJdLCJjdXN0b21lcklkIjoiQ3VzdG9tZXJfNDAzMDYiLCJpc3MiOiJBM1Nab25lMUBBM1MuYW1kb2NzLmNvbSIsIm9pdCI6MTUzNzI2MzY0NSwic2FsZXNDaGFubmVsIjoiQ2FsbENlbnRlciIsImV4cCI6MTUzNzI3MDg0NSwiaWF0IjoxNTM3MjYzNjQ1LCJ0dGwiOjE1MzcyOTI0NDUsImp0aSI6Ijc0ZTE5NWFjNzQ1MGZhNjU5ZTI1MDEzNGZjN2JhYTllN2Y4ZTQ4ZmJjNmEzMDM1MjAzZjcyZWIwYzJiNjIwNDAifQ.SJEglfX2g31q71slR0icYEu484uS8aOetkvVbn5lS4NilW3ozAVyVxhByAYP-T1DprCTn3_w8xp2AehnAzrVZ6_Hl0rvZYbhuQHNnUyw1DzullKx8-3vWs1eQhb7Q767kCVMJwteYloR6Xkk9SIiHpiyc2WuR8B0eXy2fUu55jRKSfX1nI7iTWIhAovBoS3VRkqOTl-moPZaDWHSYJExx1vqFb9U4-TC0D0F7ZIXu-gkGaPPkBOacnU1a1sqrOghEaSaBTj9idexSg2aUM8wb-8_1lXBBho6pYi3c20e4PCJkErXdysuWkgJsc29r0xje_HlmgbK4rScVlPv1zBQ8g]]>
    </line>
    <line>
      <![CDATA[</div>]]>
    </line>
    <line>
      <![CDATA[</div>]]>
    </line>
    <line>
      <![CDATA[</div>]]>
    </line>
    <line>
      <![CDATA[</div>]]>
    </line>
    <line>
      <![CDATA[</td>]]>
    </line>
    <line>
      <![CDATA[</tr>]]>
    </line>
    <line>
      <![CDATA[<tr><td class="text-dark font-weight-bold">Accept </td><td class="" > application/json </td></tr>]]>
    </line>
    <line>
      <![CDATA[<tr><td class="text-dark font-weight-bold">Custom-Header </td><td class="" > {"salesChannel":"CallCenter","customerId":"Customer_40306","sessionId":"283339228"} </td></tr>]]>
    </line>
    <line>
      <![CDATA[<tr><td class="text-dark font-weight-bold">Accept-Language </td><td class="" > en_US </td></tr>]]>
    </line>
    <line>
      <![CDATA[<tr><td class="text-dark font-weight-bold">Content-Type </td><td class="" > application/json </td></tr>]]>
    </line>
    <line>
      <![CDATA[<tr>]]>
    </line>
    <line>
      <![CDATA[<td class="text-dark font-weight-bold" >Payload :</td>]]>
    </line>
    <line>
      <![CDATA[<td class="" >]]>
    </line>
    <line>
      <![CDATA[<a href="" class="alert-link" data-toggle="modal" data-target="#rest_assured_logger_modal_value_41">Show</a>]]>
    </line>
    <line>
      <![CDATA[<div class="modal fade"  id="rest_assured_logger_modal_value_41" tabindex="-1" role="dialog">]]>
    </line>
    <line>
      <![CDATA[<div class="modal-dialog" role="document">]]>
    </line>
    <line>
      <![CDATA[<div class="modal-content">]]>
    </line>
    <line>
      <![CDATA[<div class="modal-header text-white bg-info">]]>
    </line>
    <line>
      <![CDATA[<h5 class="modal-title" id="title1">Payload</h5>]]>
    </line>
    <line>
      <![CDATA[<span class="h6 text-light ml-2 mt-2">(click on the Text to copy)</span>]]>
    </line>
    <line>
      <![CDATA[<button type="button" class="close" data-dismiss="modal" aria-label="Close">]]>
    </line>
    <line>
      <![CDATA[<span aria-hidden="true">&times;</span>]]>
    </line>
    <line>
      <![CDATA[</button>]]>
    </line>
    <line>
      <![CDATA[</div>]]>
    </line>
    <line>
      <![CDATA[<div onClick="copyMePlease(this)" class="modal-body">]]>
    </line>
    <line>
      <![CDATA[None]]>
    </line>
    <line>
      <![CDATA[</div>]]>
    </line>
    <line>
      <![CDATA[</div>]]>
    </line>
    <line>
      <![CDATA[</div>]]>
    </line>
    <line>
      <![CDATA[</div>]]>
    </line>
    <line>
      <![CDATA[</td>]]>
    </line>
    <line>
      <![CDATA[</tr>]]>
    </line>
    <line>
      <![CDATA[<tr>]]>
    </line>
    <line>
      <![CDATA[<td class="text-dark font-weight-bold" >Response Header :</td>]]>
    </line>
    <line>
      <![CDATA[<td class="" >]]>
    </line>
    <line>
      <![CDATA[<a href="" class="alert-link" data-toggle="modal" data-target="#modal_value_14">Show</a>]]>
    </line>
    <line>
      <![CDATA[<div class="modal fade"  id="modal_value_14" tabindex="-1" role="dialog">]]>
    </line>
    <line>
      <![CDATA[<div class="modal-dialog" role="document">]]>
    </line>
    <line>
      <![CDATA[<div class="modal-content">]]>
    </line>
    <line>
      <![CDATA[<div class="modal-header text-white bg-info">]]>
    </line>
    <line>
      <![CDATA[<h5 class="modal-title" id="title1">Response Header</h5>]]>
    </line>
    <line>
      <![CDATA[<span class="h6 text-light ml-2 mt-2">(click on the Text to copy)</span>]]>
    </line>
    <line>
      <![CDATA[<button type="button" class="close" data-dismiss="modal" aria-label="Close">]]>
    </line>
    <line>
      <![CDATA[<span aria-hidden="true">&times;</span>]]>
    </line>
    <line>
      <![CDATA[</button>]]>
    </line>
    <line>
      <![CDATA[</div>]]>
    </line>
    <line>
      <![CDATA[<div onClick="copyMePlease(this)" class="modal-body">]]>
    </line>
    <line>
      <![CDATA[X-Application-Context=productorder-productorder-ms:8080
	X-DOX-TraceId=A1B9A60858FBDA05
	ETag="ProductOrder_15544504-4405-410a-822a-222aa02204a6=1537263646248009728"
	X-Content-Type-Options=nosniff
	X-XSS-Protection=1; mode=block
	Cache-Control=no-cache, no-store, max-age=0, must-revalidate
	Pragma=no-cache
	Expires=0
	X-Frame-Options=DENY
	Content-Type=application/json;charset=UTF-8
	Transfer-Encoding=chunked
	Date=Tue, 18 Sep 2018 09:40:47 GMT]]>
    </line>
    <line>
      <![CDATA[</div>]]>
    </line>
    <line>
      <![CDATA[</div>]]>
    </line>
    <line>
      <![CDATA[</div>]]>
    </line>
    <line>
      <![CDATA[</div>]]>
    </line>
    <line>
      <![CDATA[</td>]]>
    </line>
    <line>
      <![CDATA[</tr>]]>
    </line>
    <line>
      <![CDATA[<tr>]]>
    </line>
    <line>
      <![CDATA[<td class="text-dark font-weight-bold" >Response :</td>]]>
    </line>
    <line>
      <![CDATA[<td class="" >]]>
    </line>
    <line>
      <![CDATA[<a href="" class="alert-link" data-toggle="modal" data-target="#rest_assured_logger_modal_value_42">Show</a>]]>
    </line>
    <line>
      <![CDATA[<div class="modal fade"  id="rest_assured_logger_modal_value_42" tabindex="-1" role="dialog">]]>
    </line>
    <line>
      <![CDATA[<div class="modal-dialog" role="document">]]>
    </line>
    <line>
      <![CDATA[<div class="modal-content">]]>
    </line>
    <line>
      <![CDATA[<div class="modal-header text-white bg-info">]]>
    </line>
    <line>
      <![CDATA[<h5 class="modal-title" id="title1">Response</h5>]]>
    </line>
    <line>
      <![CDATA[<span class="h6 text-light ml-2 mt-2">(click on the Text to copy)</span>]]>
    </line>
    <line>
      <![CDATA[<button type="button" class="close" data-dismiss="modal" aria-label="Close">]]>
    </line>
    <line>
      <![CDATA[<span aria-hidden="true">&times;</span>]]>
    </line>
    <line>
      <![CDATA[</button>]]>
    </line>
    <line>
      <![CDATA[</div>]]>
    </line>
    <line>
      <![CDATA[<div onClick="copyMePlease(this)" class="modal-body">]]>
    </line>
    <line>
      <![CDATA[{"id":"ProductOrder_15544504-4405-410a-822a-222aa02204a6","href":"/v2/productOrder/ProductOrder_15544504-4405-410a-822a-222aa02204a6","category":null,"priority":null,"description":"Special Order","state":"Draft","externalId":null,"orderDate":"2018-09-18T09:40:46Z","completionDate":null,"requestedStartDate":null,"requestedCompletionDate":"2018-09-18T09:40:46Z","expectedCompletionDate":null,"orderPriceDate":"2018-09-18T09:40:47.108Z","notificationContact":null,"relatedParty":[{"id":"Customer_40306","href":"/v2/relatedParty/Customer_40306","name":null,"role":"customer"}],"billingAccount":null,"orderItem":[{"id":"ProductOrder_15544504-4405-410a-822a-222aa02204a6_OrderItem_04445040-1041-4154-8002-80a0a88818b7","action":"add","state":"Draft","quantity":1,"externalId":null,"completionDate":null,"requestedStartDate":null,"requestedCompletionDate":"2018-09-18T09:40:46Z","retroactiveChangeDate":null,"itemPrice":[{"id":"e850b41ee5874c22b84131991760df7a","name":"International Free charge","description":null,"unitOfMeasure":null,"recurringChargePeriod":"month","priceType":"RC","price":{"taxIncludedAmount":{"unit":"USD","value":21.989},"dutyFreeAmount":{"unit":"USD","value":19.99},"taxRate":10,"percentage":null,"priceReduction":null,"taxAmount":{"unit":"USD","value":1.999}},"finalPrice":{"taxIncludedAmount":{"unit":"USD","value":17.5912},"dutyFreeAmount":{"unit":"USD","value":15.992},"taxRate":10,"percentage":null,"priceReduction":null,"taxAmount":{"unit":"USD","value":1.5992}},"standalonePrice":null,"priceAlteration":[{"name":null,"description":null,"unitOfMeasure":null,"recurringChargePeriod":null,"priceType":"RC","applicationDuration":null,"priority":null,"alterationType":"Promotion Price Alteration","promotionActionId":null,"promotionInstanceId":null,"alterationProductOfferingPriceId":"fe803c0139804aedb690bf0b169d4a37","alterationBundleProductOfferingId":null,"price":{"taxIncludedAmount":null,"dutyFreeAmount":{"unit":"USD","value":3.998},"taxRate":null,"percentage":20,"priceReduction":null,"taxAmount":null}}],"billingAccount":null,"immediatePayOption":null}],"itemTotalPrice":[{"id":null,"name":null,"description":null,"unitOfMeasure":null,"recurringChargePeriod":"month","priceType":"RC","price":{"taxIncludedAmount":{"unit":"USD","value":21.989},"dutyFreeAmount":{"unit":"USD","value":19.99},"taxRate":10,"percentage":null,"priceReduction":null,"taxAmount":{"unit":"USD","value":1.999}},"finalPrice":{"taxIncludedAmount":{"unit":"USD","value":17.5912},"dutyFreeAmount":{"unit":"USD","value":15.992},"taxRate":10,"percentage":null,"priceReduction":null,"taxAmount":{"unit":"USD","value":1.5992}},"standalonePrice":{"taxIncludedAmount":{"unit":"USD","value":21.989},"dutyFreeAmount":{"unit":"USD","value":19.99},"taxRate":10,"percentage":null,"priceReduction":null,"taxAmount":{"unit":"USD","value":1.999}},"priceAlteration":[{"name":null,"description":null,"unitOfMeasure":null,"recurringChargePeriod":null,"priceType":"RC","applicationDuration":null,"priority":null,"alterationType":"Promotion Price Alteration","promotionActionId":null,"promotionInstanceId":null,"alterationProductOfferingPriceId":null,"alterationBundleProductOfferingId":null,"price":{"taxIncludedAmount":null,"dutyFreeAmount":{"unit":"USD","value":3.998},"taxRate":null,"percentage":null,"priceReduction":null,"taxAmount":null}}],"billingAccount":null,"immediatePayOption":null}],"orderItemRelationship":[],"productOffering":{"id":"fca3c47c67c0476e8aa335ea77e5a717","name":"International Free Calls","href":"/v2/productOffering/fca3c47c67c0476e8aa335ea77e5a717","type":"International_Calls_Plan","serialized":null,"version":null,"attachment":[],"valueRank":null,"durationPolicy":null},"product":{"id":null,"version":null,"href":"/v2/productRefOrValue/","name":null,"status":null,"primaryProductId":null,"actionDate":null,"relatedParty":[],"productOrderRef":null,"productSpecification":[],"characteristic":[{"name":"Included_Content","value":"300","localizedName":"Included Content","characteristicMetadata":[{"name":"userId","value":"Automation_208086670_Individual","metatype":"operational"},{"name":"salesChannel","value":"CallCenter","metatype":"operational"},{"name":"csrId","value":"csrId","metatype":"operational"},{"name":"changeDate","value":"Tue Sep 18 09:40:46 GMT 2018","metatype":"operational"},{"name":"originalSalesChannel","value":"CallCenter","metatype":"operational"}]}],"place":[],"productRelationship":[{"type":"bundled","product":{"id":null,"version":null,"href":null,"name":null,"status":null,"primaryProductId":null,"actionDate":null,"relatedParty":[],"productOrderRef":null,"productSpecification":[{"id":"aeed224b4d64476d953d9438c1a62c17","href":null,"name":"International Calls Plan","type":"International Calls Plan"}],"characteristic":[{"name":"Country/Region","value":"Italy","localizedName":"Country/Region","characteristicMetadata":[{"name":"userId","value":"Automation_208086670_Individual","metatype":"operational"},{"name":"salesChannel","value":"CallCenter","metatype":"operational"},{"name":"csrId","value":"csrId","metatype":"operational"},{"name":"changeDate","value":"Tue Sep 18 09:40:46 GMT 2018","metatype":"operational"},{"name":"originalSalesChannel","value":"CallCenter","metatype":"operational"}]}],"place":[],"productRelationship":[],"referenceId":"31b9cccd-7aac-4f40-b9cf-7e95795ba203","terminationDate":null,"activationDate":null}}],"referenceId":"ece70e51-d677-4813-a72b-8b5de46e2b1b","terminationDate":null,"activationDate":null},"billingAccount":{"id":"12121","href":"''/v2/TBA/12121","name":null},"appointment":null,"orderItem":[],"productOfferingGroupOption":null,"orderTerm":[],"modifyReason":[{"id":"b8f2edc8-1f42-4330-ab98-8866a71d6f8d","name":"Customer Request","reasonText":"Customer Request","action":"Add"}],"readOnly":false,"payment":[],"characteristicMetadata":[{"name":"userId","value":"Automation_208086670_Individual","metatype":"operational"},{"name":"salesChannel","value":"CallCenter","metatype":"operational"},{"name":"csrId","value":"csrId","metatype":"operational"},{"name":"changeDate","value":"Tue Sep 18 09:40:46 GMT 2018","metatype":"operational"},{"name":"originalSalesChannel","value":"CallCenter","metatype":"operational"}],"relatedImmediatePromotion":[{"id":"1160f761-a630-42e4-8b22-4a8201d4cc23","itemQualificationType":"benefit"}],"extensions":{},"stock":[],"stockReservation":[]}],"orderTotalPrice":[{"id":null,"name":null,"description":null,"unitOfMeasure":null,"recurringChargePeriod":null,"priceType":"RC","price":{"taxIncludedAmount":{"unit":"USD","value":21.989},"dutyFreeAmount":{"unit":"USD","value":19.99},"taxRate":10,"percentage":null,"priceReduction":null,"taxAmount":{"unit":"USD","value":1.999}},"finalPrice":{"taxIncludedAmount":{"unit":"USD","value":17.5912},"dutyFreeAmount":{"unit":"USD","value":15.992},"taxRate":10,"percentage":null,"priceReduction":null,"taxAmount":{"unit":"USD","value":1.5992}},"standalonePrice":{"taxIncludedAmount":{"unit":"USD","value":21.989},"dutyFreeAmount":{"unit":"USD","value":19.99},"taxRate":10,"percentage":null,"priceReduction":null,"taxAmount":{"unit":"USD","value":1.999}},"priceAlteration":[{"name":null,"description":null,"unitOfMeasure":null,"recurringChargePeriod":null,"priceType":"RC","applicationDuration":null,"priority":null,"alterationType":"Promotion Price Alteration","promotionActionId":null,"promotionInstanceId":null,"alterationProductOfferingPriceId":null,"alterationBundleProductOfferingId":null,"price":{"taxIncludedAmount":null,"dutyFreeAmount":{"unit":"USD","value":3.998},"taxRate":null,"percentage":null,"priceReduction":null,"taxAmount":null}}],"billingAccount":null,"immediatePayOption":null}],"channel":[{"id":"CallCenter","href":null,"name":"CallCenter"}],"orderRelationship":[],"controlFields":{"createdBy":"Automation_208086670_Individual","createdOn":"2018-09-18T09:40:47Z","lastModifiedBy":"Automation_208086670_Individual","lastModifiedOn":"2018-09-18T09:40:47Z"},"validation":null,"payment":[],"immediatePromotion":[{"id":"1160f761-a630-42e4-8b22-4a8201d4cc23","promotion":{"id":"556a7a7e53ee450dbdac1762ecc5edb6","name":"International discount","description":"CROSS-15128 Use Case #4: 20% discount on any international plan","validFor":{"startDateTime":"2017-01-01T00:00:00Z","endDateTime":"2028-09-12T01:16:06.664Z"},"href":null},"triggerItem":[{"id":"ProductOrder_15544504-4405-410a-822a-222aa02204a6_OrderItem_04445040-1041-4154-8002-80a0a88818b7","itemType":"order","href":null,"promotionCriteriaGroupId":"2062","pathToRoot":"/ProductOrder_15544504-4405-410a-822a-222aa02204a6_OrderItem_04445040-1041-4154-8002-80a0a88818b7"}],"benefitItem":[{"id":"ProductOrder_15544504-4405-410a-822a-222aa02204a6_OrderItem_04445040-1041-4154-8002-80a0a88818b7","itemType":"order","promotionCriteriaGroupId":"2062","pathToRoot":"/ProductOrder_15544504-4405-410a-822a-222aa02204a6_OrderItem_04445040-1041-4154-8002-80a0a88818b7","href":null,"action":[{"id":null,"name":null,"description":null,"actionType":"Price Allteration","actionValue":0,"duration":null,"promotionPriceAlteration":{"id":"fe803c0139804aedb690bf0b169d4a37"}}]}]}],"extensions":{},"isCustomerVisible":true}]]>
    </line>
    <line>
      <![CDATA[</div>]]>
    </line>
    <line>
      <![CDATA[</div>]]>
    </line>
    <line>
      <![CDATA[</div>]]>
    </line>
    <line>
      <![CDATA[</div>]]>
    </line>
    <line>
      <![CDATA[</td>]]>
    </line>
    <line>
      <![CDATA[</tr>]]>
    </line>
    <line>
      <![CDATA[<tr class="table-success"><td colspan="2">Response status: expected=200 actual=200; Value: true</td></tr>]]>
    </line>
    <line>
      <![CDATA[<tr><td class="text-dark font-weight-bold">Context Attribute [eTag] Set  </td><td class="" > ProductOrder_15544504-4405-410a-822a-222aa02204a6=1537263646248009728 </td></tr>]]>
    </line>
    <line>
      <![CDATA[<tr><td class="text-dark font-weight-bold">Context Attribute [OrderID] Set  </td><td class="" > ProductOrder_15544504-4405-410a-822a-222aa02204a6 </td></tr>]]>
    </line>
    <line>
      <![CDATA[<tr><td class="text-dark font-weight-bold">Context Attribute [OrderItem] Set  </td><td class="" > ProductOrder_15544504-4405-410a-822a-222aa02204a6_OrderItem_04445040-1041-4154-8002-80a0a88818b7 </td></tr>]]>
    </line>
    <line>
      <![CDATA[<tr><td class="text-dark font-weight-bold">Context Attribute [requestedCompletionDate] Set  </td><td class="" > 2018-09-18T09:40:46Z </td></tr>]]>
    </line>
    <line>
      <![CDATA[<tr class="table-warning"><td colspan="2">removeAttribute OrderID from test/suite context</td></tr>]]>
    </line>
    <line>
      <![CDATA[<tr class="table-info"><td class="text-dark font-weight-bold">Request Type </td><td class="" >POST</td></tr>]]>
    </line>
    <line>
      <![CDATA[<tr><td class="text-dark font-weight-bold">URI </td><td class="" > http://ilocpde01w02.corp.amdocs.com:30538/productOrdering/v2/productOrder </td></tr>]]>
    </line>
    <line>
      <![CDATA[<tr><td class="text-dark font-weight-bold" colspan="2">Headers : </td></tr>]]>
    </line>
    <line>
      <![CDATA[<tr>]]>
    </line>
    <line>
      <![CDATA[<td class="text-dark font-weight-bold" >Authorization :</td>]]>
    </line>
    <line>
      <![CDATA[<td class="" >]]>
    </line>
    <line>
      <![CDATA[<a href="" class="alert-link" data-toggle="modal" data-target="#rest_assured_logger_modal_value_43">Show</a>]]>
    </line>
    <line>
      <![CDATA[<div class="modal fade"  id="rest_assured_logger_modal_value_43" tabindex="-1" role="dialog">]]>
    </line>
    <line>
      <![CDATA[<div class="modal-dialog" role="document">]]>
    </line>
    <line>
      <![CDATA[<div class="modal-content">]]>
    </line>
    <line>
      <![CDATA[<div class="modal-header text-white bg-info">]]>
    </line>
    <line>
      <![CDATA[<h5 class="modal-title" id="title1">Authorization</h5>]]>
    </line>
    <line>
      <![CDATA[<span class="h6 text-light ml-2 mt-2">(click on the Text to copy)</span>]]>
    </line>
    <line>
      <![CDATA[<button type="button" class="close" data-dismiss="modal" aria-label="Close">]]>
    </line>
    <line>
      <![CDATA[<span aria-hidden="true">&times;</span>]]>
    </line>
    <line>
      <![CDATA[</button>]]>
    </line>
    <line>
      <![CDATA[</div>]]>
    </line>
    <line>
      <![CDATA[<div onClick="copyMePlease(this)" class="modal-body">]]>
    </line>
    <line>
      <![CDATA[Bearer eyJ4NXQjUzI1NiI6IkxEbGVvYldaYmVZcG9pb0Q0R1hrMWp3US8rUWd1MUs1eXNzQ1JpN3BtelE9IiwidHlwIjoiSldUIiwiYWxnIjoiUlMyNTYifQ.eyJzdWIiOiJBdXRvbWF0aW9uXzIwODA4NjY3MF9JbmRpdmlkdWFsIiwiY3NySWQiOiJjc3JJZCIsInJvbGVzIjpbIkdldEluZGl2aWR1YWwiLCJVcGRhdGVJbmRpdmlkdWFsIiwiQ2F0YWxvZ09uZS5pbXBvcnRlciIsIkdldEN1c3RvbWVyIiwiRGVsZXRlQ3JlZGl0UHJvZmlsZSIsIlByb2R1Y3RPcmRlckxhdW5jaGVyUmVhZCIsIkFwcFRlc3RlclJvbGUiLCJQcm9kdWN0T3JkZXJMYXVuY2hlckNyZWF0ZSIsIkNyZWF0ZVBheW1lbnRNZXRob2QiLCJvcmRlckNoYW5nZU93bmVyc2hpcCIsIlBBUC1QVSIsIlJldHJpZXZlQ3VzdG9tZXIiLCJBbm9ueW1vdXNVc2VyUm9sZSIsIlBBUC1Db21tb24iLCJXcml0ZSIsIlByb2R1Y3RPcmRlckxhdW5jaGVyVXBkYXRlIiwiQWRkUmVsYXRlZFBhcnR5IiwiQ3JlYXRlQ3VzdG9tZXIiLCJDcmVhdGVJbmRpdmlkdWFsIiwiU2VhcmNoSW5kaXZpZHVhbCIsIkdldEN1c3RvbWVyRW50aXR5IiwiVXBkYXRlQ3JlZGl0UHJvZmlsZSIsIkNoYW5nZU93bmVyc2hpcFJvbGUiLCJBc21TZXJ2aWNlc0FwcElkZW50aXR5IiwiRGVsZXRlSW5kaXZpZHVhbCIsImNzciIsIlJldHJpZXZlQ3VzdG9tZXJFbnRpdHkiLCJFdmFsdWF0ZUNyZWRpdFByb2ZpbGUiLCJSZXRyZWl2ZVBheW1lbnRNZXRob2QiLCJQcm9kdWN0T3JkZXJMYXVuY2hlckRlbGV0ZSIsIlJldHJpZXZlSW5kaXZpZHVhbCIsIlNUUy1Db21tb24iLCJDcmVhdGVDdXN0b21lckVudGl0eSJdLCJjdXN0b21lcklkIjoiQ3VzdG9tZXJfNDAzMDYiLCJpc3MiOiJBM1Nab25lMUBBM1MuYW1kb2NzLmNvbSIsIm9pdCI6MTUzNzI2MzY0NSwic2FsZXNDaGFubmVsIjoiQ2FsbENlbnRlciIsImV4cCI6MTUzNzI3MDg0NSwiaWF0IjoxNTM3MjYzNjQ1LCJ0dGwiOjE1MzcyOTI0NDUsImp0aSI6Ijc0ZTE5NWFjNzQ1MGZhNjU5ZTI1MDEzNGZjN2JhYTllN2Y4ZTQ4ZmJjNmEzMDM1MjAzZjcyZWIwYzJiNjIwNDAifQ.SJEglfX2g31q71slR0icYEu484uS8aOetkvVbn5lS4NilW3ozAVyVxhByAYP-T1DprCTn3_w8xp2AehnAzrVZ6_Hl0rvZYbhuQHNnUyw1DzullKx8-3vWs1eQhb7Q767kCVMJwteYloR6Xkk9SIiHpiyc2WuR8B0eXy2fUu55jRKSfX1nI7iTWIhAovBoS3VRkqOTl-moPZaDWHSYJExx1vqFb9U4-TC0D0F7ZIXu-gkGaPPkBOacnU1a1sqrOghEaSaBTj9idexSg2aUM8wb-8_1lXBBho6pYi3c20e4PCJkErXdysuWkgJsc29r0xje_HlmgbK4rScVlPv1zBQ8g]]>
    </line>
    <line>
      <![CDATA[</div>]]>
    </line>
    <line>
      <![CDATA[</div>]]>
    </line>
    <line>
      <![CDATA[</div>]]>
    </line>
    <line>
      <![CDATA[</div>]]>
    </line>
    <line>
      <![CDATA[</td>]]>
    </line>
    <line>
      <![CDATA[</tr>]]>
    </line>
    <line>
      <![CDATA[<tr><td class="text-dark font-weight-bold">Accept </td><td class="" > application/json </td></tr>]]>
    </line>
    <line>
      <![CDATA[<tr><td class="text-dark font-weight-bold">Custom-Header </td><td class="" > {"salesChannel":"CallCenter","customerId":"Customer_40306","sessionId":"544396244"} </td></tr>]]>
    </line>
    <line>
      <![CDATA[<tr><td class="text-dark font-weight-bold">Accept-Language </td><td class="" > en_US </td></tr>]]>
    </line>
    <line>
      <![CDATA[<tr><td class="text-dark font-weight-bold">Content-Type </td><td class="" > application/json </td></tr>]]>
    </line>
    <line>
      <![CDATA[<tr>]]>
    </line>
    <line>
      <![CDATA[<td class="text-dark font-weight-bold" >Payload :</td>]]>
    </line>
    <line>
      <![CDATA[<td class="" >]]>
    </line>
    <line>
      <![CDATA[<a href="" class="alert-link" data-toggle="modal" data-target="#rest_assured_logger_modal_value_44">Show</a>]]>
    </line>
    <line>
      <![CDATA[<div class="modal fade"  id="rest_assured_logger_modal_value_44" tabindex="-1" role="dialog">]]>
    </line>
    <line>
      <![CDATA[<div class="modal-dialog" role="document">]]>
    </line>
    <line>
      <![CDATA[<div class="modal-content">]]>
    </line>
    <line>
      <![CDATA[<div class="modal-header text-white bg-info">]]>
    </line>
    <line>
      <![CDATA[<h5 class="modal-title" id="title1">Payload</h5>]]>
    </line>
    <line>
      <![CDATA[<span class="h6 text-light ml-2 mt-2">(click on the Text to copy)</span>]]>
    </line>
    <line>
      <![CDATA[<button type="button" class="close" data-dismiss="modal" aria-label="Close">]]>
    </line>
    <line>
      <![CDATA[<span aria-hidden="true">&times;</span>]]>
    </line>
    <line>
      <![CDATA[</button>]]>
    </line>
    <line>
      <![CDATA[</div>]]>
    </line>
    <line>
      <![CDATA[<div onClick="copyMePlease(this)" class="modal-body">]]>
    </line>
    <line>
      <![CDATA[{"orderItem":[{"quantity":"1","productOffering":{"id":"3353c5c3e6f24103935ecb26e245d707"},"action":"Add","billingAccount":{"id":"12121"},"modifyReason":[{"reasonText":"Customer Request","name":"Customer Request","action":"Add"}]}],"channel":[{"name":"CallCenter","id":"CallCenter"}],"description":"Special Order","relatedParty":[{"role":"customer","id":"Customer_40306"}]}]]>
    </line>
    <line>
      <![CDATA[</div>]]>
    </line>
    <line>
      <![CDATA[</div>]]>
    </line>
    <line>
      <![CDATA[</div>]]>
    </line>
    <line>
      <![CDATA[</div>]]>
    </line>
    <line>
      <![CDATA[</td>]]>
    </line>
    <line>
      <![CDATA[</tr>]]>
    </line>
    <line>
      <![CDATA[<tr>]]>
    </line>
    <line>
      <![CDATA[<td class="text-dark font-weight-bold" >Response Header :</td>]]>
    </line>
    <line>
      <![CDATA[<td class="" >]]>
    </line>
    <line>
      <![CDATA[<a href="" class="alert-link" data-toggle="modal" data-target="#modal_value_15">Show</a>]]>
    </line>
    <line>
      <![CDATA[<div class="modal fade"  id="modal_value_15" tabindex="-1" role="dialog">]]>
    </line>
    <line>
      <![CDATA[<div class="modal-dialog" role="document">]]>
    </line>
    <line>
      <![CDATA[<div class="modal-content">]]>
    </line>
    <line>
      <![CDATA[<div class="modal-header text-white bg-info">]]>
    </line>
    <line>
      <![CDATA[<h5 class="modal-title" id="title1">Response Header</h5>]]>
    </line>
    <line>
      <![CDATA[<span class="h6 text-light ml-2 mt-2">(click on the Text to copy)</span>]]>
    </line>
    <line>
      <![CDATA[<button type="button" class="close" data-dismiss="modal" aria-label="Close">]]>
    </line>
    <line>
      <![CDATA[<span aria-hidden="true">&times;</span>]]>
    </line>
    <line>
      <![CDATA[</button>]]>
    </line>
    <line>
      <![CDATA[</div>]]>
    </line>
    <line>
      <![CDATA[<div onClick="copyMePlease(this)" class="modal-body">]]>
    </line>
    <line>
      <![CDATA[X-Application-Context=productorder-productorder-ms:8080
	X-DOX-TraceId=598FBB9928E83BB1
	ETag=ProductOrder_04141405-5455-445b-8288-a22088a20c05=1537263647858950144
	X-Content-Type-Options=nosniff
	X-XSS-Protection=1; mode=block
	Cache-Control=no-cache, no-store, max-age=0, must-revalidate
	Pragma=no-cache
	Expires=0
	X-Frame-Options=DENY
	Content-Type=application/json;charset=UTF-8
	Transfer-Encoding=chunked
	Date=Tue, 18 Sep 2018 09:40:48 GMT]]>
    </line>
    <line>
      <![CDATA[</div>]]>
    </line>
    <line>
      <![CDATA[</div>]]>
    </line>
    <line>
      <![CDATA[</div>]]>
    </line>
    <line>
      <![CDATA[</div>]]>
    </line>
    <line>
      <![CDATA[</td>]]>
    </line>
    <line>
      <![CDATA[</tr>]]>
    </line>
    <line>
      <![CDATA[<tr>]]>
    </line>
    <line>
      <![CDATA[<td class="text-dark font-weight-bold" >Response :</td>]]>
    </line>
    <line>
      <![CDATA[<td class="" >]]>
    </line>
    <line>
      <![CDATA[<a href="" class="alert-link" data-toggle="modal" data-target="#rest_assured_logger_modal_value_45">Show</a>]]>
    </line>
    <line>
      <![CDATA[<div class="modal fade"  id="rest_assured_logger_modal_value_45" tabindex="-1" role="dialog">]]>
    </line>
    <line>
      <![CDATA[<div class="modal-dialog" role="document">]]>
    </line>
    <line>
      <![CDATA[<div class="modal-content">]]>
    </line>
    <line>
      <![CDATA[<div class="modal-header text-white bg-info">]]>
    </line>
    <line>
      <![CDATA[<h5 class="modal-title" id="title1">Response</h5>]]>
    </line>
    <line>
      <![CDATA[<span class="h6 text-light ml-2 mt-2">(click on the Text to copy)</span>]]>
    </line>
    <line>
      <![CDATA[<button type="button" class="close" data-dismiss="modal" aria-label="Close">]]>
    </line>
    <line>
      <![CDATA[<span aria-hidden="true">&times;</span>]]>
    </line>
    <line>
      <![CDATA[</button>]]>
    </line>
    <line>
      <![CDATA[</div>]]>
    </line>
    <line>
      <![CDATA[<div onClick="copyMePlease(this)" class="modal-body">]]>
    </line>
    <line>
      <![CDATA[{"id":"ProductOrder_04141405-5455-445b-8288-a22088a20c05","href":"/v2/productOrder/ProductOrder_04141405-5455-445b-8288-a22088a20c05","category":null,"priority":null,"description":"Special Order","state":"Draft","externalId":null,"orderDate":"2018-09-18T09:40:48Z","completionDate":null,"requestedStartDate":null,"requestedCompletionDate":"2018-09-18T09:40:48Z","expectedCompletionDate":null,"orderPriceDate":"2018-09-18T09:40:48.888Z","notificationContact":null,"relatedParty":[{"id":"Customer_40306","href":"/v2/relatedParty/Customer_40306","name":null,"role":"customer"}],"billingAccount":null,"orderItem":[{"id":"ProductOrder_04141405-5455-445b-8288-a22088a20c05_OrderItem_00510515-5404-4046-8aaa-028080aa1896","action":"add","state":"Draft","quantity":1,"externalId":null,"completionDate":null,"requestedStartDate":null,"requestedCompletionDate":"2018-09-18T09:40:48Z","retroactiveChangeDate":null,"itemPrice":[{"id":"ba45c101bfdd4aeea490b6f494ecd265","name":"Mobile Line Activation Fee","description":"Fee is triggered when providing new mobile line","unitOfMeasure":null,"recurringChargePeriod":null,"priceType":"OC","price":{"taxIncludedAmount":{"unit":"USD","value":5.489},"dutyFreeAmount":{"unit":"USD","value":4.99},"taxRate":10,"percentage":null,"priceReduction":null,"taxAmount":{"unit":"USD","value":0.499}},"finalPrice":{"taxIncludedAmount":{"unit":"USD","value":5.489},"dutyFreeAmount":{"unit":"USD","value":4.99},"taxRate":10,"percentage":null,"priceReduction":null,"taxAmount":{"unit":"USD","value":0.499}},"standalonePrice":null,"priceAlteration":[],"billingAccount":null,"immediatePayOption":{"payOption":"Optional","payAmount":null,"minPayAmount":null,"payImmediately":false}}],"itemTotalPrice":[{"id":null,"name":null,"description":null,"unitOfMeasure":null,"recurringChargePeriod":"month","priceType":"RC","price":{"taxIncludedAmount":{"unit":"USD","value":33.0},"dutyFreeAmount":{"unit":"USD","value":30},"taxRate":10,"percentage":null,"priceReduction":null,"taxAmount":{"unit":"USD","value":3.0}},"finalPrice":{"taxIncludedAmount":{"unit":"USD","value":31.9},"dutyFreeAmount":{"unit":"USD","value":29},"taxRate":10,"percentage":null,"priceReduction":null,"taxAmount":{"unit":"USD","value":2.9}},"standalonePrice":{"taxIncludedAmount":{"unit":"USD","value":33.0},"dutyFreeAmount":{"unit":"USD","value":30},"taxRate":10,"percentage":null,"priceReduction":null,"taxAmount":{"unit":"USD","value":3.0}},"priceAlteration":[{"name":null,"description":null,"unitOfMeasure":null,"recurringChargePeriod":null,"priceType":"RC","applicationDuration":null,"priority":null,"alterationType":"Promotion Price Alteration","promotionActionId":null,"promotionInstanceId":null,"alterationProductOfferingPriceId":null,"alterationBundleProductOfferingId":null,"price":{"taxIncludedAmount":null,"dutyFreeAmount":{"unit":"USD","value":1},"taxRate":null,"percentage":null,"priceReduction":null,"taxAmount":null}}],"billingAccount":null,"immediatePayOption":null},{"id":null,"name":null,"description":null,"unitOfMeasure":null,"recurringChargePeriod":null,"priceType":"OC","price":{"taxIncludedAmount":{"unit":"USD","value":5.489},"dutyFreeAmount":{"unit":"USD","value":4.99},"taxRate":10,"percentage":null,"priceReduction":null,"taxAmount":{"unit":"USD","value":0.499}},"finalPrice":{"taxIncludedAmount":{"unit":"USD","value":5.489},"dutyFreeAmount":{"unit":"USD","value":4.99},"taxRate":10,"percentage":null,"priceReduction":null,"taxAmount":{"unit":"USD","value":0.499}},"standalonePrice":{"taxIncludedAmount":{"unit":"USD","value":5.489},"dutyFreeAmount":{"unit":"USD","value":4.99},"taxRate":10,"percentage":null,"priceReduction":null,"taxAmount":{"unit":"USD","value":0.499}},"priceAlteration":[],"billingAccount":null,"immediatePayOption":{"payOption":null,"payAmount":null,"minPayAmount":null,"payImmediately":false}},{"id":null,"name":null,"description":null,"unitOfMeasure":null,"recurringChargePeriod":null,"priceType":"OC","price":{"taxIncludedAmount":{"unit":"USD","value":10.989},"dutyFreeAmount":{"unit":"USD","value":9.99},"taxRate":10,"percentage":null,"priceReduction":null,"taxAmount":{"unit":"USD","value":0.999}},"finalPrice":{"taxIncludedAmount":{"unit":"USD","value":10.989},"dutyFreeAmount":{"unit":"USD","value":9.99},"taxRate":10,"percentage":null,"priceReduction":null,"taxAmount":{"unit":"USD","value":0.999}},"standalonePrice":{"taxIncludedAmount":{"unit":"USD","value":10.989},"dutyFreeAmount":{"unit":"USD","value":9.99},"taxRate":10,"percentage":null,"priceReduction":null,"taxAmount":{"unit":"USD","value":0.999}},"priceAlteration":[],"billingAccount":null,"immediatePayOption":{"payOption":null,"payAmount":null,"minPayAmount":null,"payImmediately":true}}],"orderItemRelationship":[],"productOffering":{"id":"3353c5c3e6f24103935ecb26e245d707","name":"Mobile Smart","href":"/v2/productOffering/3353c5c3e6f24103935ecb26e245d707","type":"Mobile_Bundle","serialized":null,"version":null,"attachment":[],"valueRank":85,"durationPolicy":null},"product":{"id":null,"version":null,"href":"/v2/productRefOrValue/","name":null,"status":null,"primaryProductId":null,"actionDate":null,"relatedParty":[],"productOrderRef":null,"productSpecification":[],"characteristic":[{"name":"Included_Services","value":"Roaming_across_Europe","localizedName":"Included Services","characteristicMetadata":[{"name":"userId","value":"Automation_208086670_Individual","metatype":"operational"},{"name":"salesChannel","value":"CallCenter","metatype":"operational"},{"name":"csrId","value":"csrId","metatype":"operational"},{"name":"changeDate","value":"Tue Sep 18 09:40:48 GMT 2018","metatype":"operational"},{"name":"originalSalesChannel","value":"CallCenter","metatype":"operational"}]}],"place":[],"productRelationship":[{"type":"bundled","product":null}],"referenceId":"11095328-a889-406c-a79e-60382c02ca3f","terminationDate":null,"activationDate":null},"billingAccount":{"id":"12121","href":"''/v2/TBA/12121","name":null},"appointment":null,"orderItem":[{"id":"ProductOrder_04141405-5455-445b-8288-a22088a20c05_OrderItem_05151540-1445-4507-8220-2aa8a2001abd","action":"add","state":"Draft","quantity":1,"externalId":null,"completionDate":null,"requestedStartDate":null,"requestedCompletionDate":"2018-09-18T09:40:48Z","retroactiveChangeDate":null,"itemPrice":[{"id":"8cb0c57fd2fe4efaadedf1d68182d206","name":"Plan RC","description":"100 minutes, unlimited texts and 3 GB data","unitOfMeasure":null,"recurringChargePeriod":"month","priceType":"RC","price":{"taxIncludedAmount":{"unit":"USD","value":33.0},"dutyFreeAmount":{"unit":"USD","value":30},"taxRate":10,"percentage":null,"priceReduction":null,"taxAmount":{"unit":"USD","value":3.0}},"finalPrice":{"taxIncludedAmount":{"unit":"USD","value":31.9},"dutyFreeAmount":{"unit":"USD","value":29},"taxRate":10,"percentage":null,"priceReduction":null,"taxAmount":{"unit":"USD","value":2.9}},"standalonePrice":null,"priceAlteration":[{"name":null,"description":null,"unitOfMeasure":null,"recurringChargePeriod":null,"priceType":"RC","applicationDuration":null,"priority":null,"alterationType":"Promotion Price Alteration","promotionActionId":null,"promotionInstanceId":null,"alterationProductOfferingPriceId":"ab7b78de754443eabb1a7d802de8862e","alterationBundleProductOfferingId":null,"price":{"taxIncludedAmount":null,"dutyFreeAmount":{"unit":"USD","value":1},"taxRate":null,"percentage":null,"priceReduction":{"unit":"USD","value":1},"taxAmount":null}}],"billingAccount":null,"immediatePayOption":null}],"itemTotalPrice":[{"id":null,"name":null,"description":null,"unitOfMeasure":null,"recurringChargePeriod":"month","priceType":"RC","price":{"taxIncludedAmount":{"unit":"USD","value":33.0},"dutyFreeAmount":{"unit":"USD","value":30},"taxRate":10,"percentage":null,"priceReduction":null,"taxAmount":{"unit":"USD","value":3.0}},"finalPrice":{"taxIncludedAmount":{"unit":"USD","value":31.9},"dutyFreeAmount":{"unit":"USD","value":29},"taxRate":10,"percentage":null,"priceReduction":null,"taxAmount":{"unit":"USD","value":2.9}},"standalonePrice":{"taxIncludedAmount":{"unit":"USD","value":33.0},"dutyFreeAmount":{"unit":"USD","value":30},"taxRate":10,"percentage":null,"priceReduction":null,"taxAmount":{"unit":"USD","value":3.0}},"priceAlteration":[{"name":null,"description":null,"unitOfMeasure":null,"recurringChargePeriod":null,"priceType":"RC","applicationDuration":null,"priority":null,"alterationType":"Promotion Price Alteration","promotionActionId":null,"promotionInstanceId":null,"alterationProductOfferingPriceId":null,"alterationBundleProductOfferingId":null,"price":{"taxIncludedAmount":null,"dutyFreeAmount":{"unit":"USD","value":1},"taxRate":null,"percentage":null,"priceReduction":null,"taxAmount":null}}],"billingAccount":null,"immediatePayOption":null}],"orderItemRelationship":[],"productOffering":{"id":"306ed463c4984ea8a5a5c8b0756bb8bf","name":"Mobile Smart Plan","href":"/v2/productOffering/306ed463c4984ea8a5a5c8b0756bb8bf","type":"Mobile_Plan","serialized":null,"version":null,"attachment":[],"valueRank":85,"durationPolicy":null},"product":{"id":null,"version":null,"href":"/v2/productRefOrValue/","name":null,"status":null,"primaryProductId":null,"actionDate":null,"relatedParty":[],"productOrderRef":null,"productSpecification":[],"characteristic":[{"name":"Payment_Type","value":"Bill_pay","localizedName":"Payment Type","characteristicMetadata":[{"name":"userId","value":"Automation_208086670_Individual","metatype":"operational"},{"name":"salesChannel","value":"CallCenter","metatype":"operational"},{"name":"csrId","value":"csrId","metatype":"operational"},{"name":"changeDate","value":"Tue Sep 18 09:40:48 GMT 2018","metatype":"operational"},{"name":"originalSalesChannel","value":"CallCenter","metatype":"operational"}]},{"name":"Plan_Type","value":"Phone_Plan","localizedName":"Plan Type","characteristicMetadata":[{"name":"userId","value":"Automation_208086670_Individual","metatype":"operational"},{"name":"salesChannel","value":"CallCenter","metatype":"operational"},{"name":"csrId","value":"csrId","metatype":"operational"},{"name":"changeDate","value":"Tue Sep 18 09:40:48 GMT 2018","metatype":"operational"},{"name":"originalSalesChannel","value":"CallCenter","metatype":"operational"}]},{"name":"Talk","value":"500_Calls_to_Any_Network","localizedName":"Talk","characteristicMetadata":[{"name":"userId","value":"Automation_208086670_Individual","metatype":"operational"},{"name":"salesChannel","value":"CallCenter","metatype":"operational"},{"name":"csrId","value":"csrId","metatype":"operational"},{"name":"changeDate","value":"Tue Sep 18 09:40:48 GMT 2018","metatype":"operational"},{"name":"originalSalesChannel","value":"CallCenter","metatype":"operational"}]},{"name":"Data","value":"3","localizedName":"Data","characteristicMetadata":[{"name":"userId","value":"Automation_208086670_Individual","metatype":"operational"},{"name":"salesChannel","value":"CallCenter","metatype":"operational"},{"name":"csrId","value":"csrId","metatype":"operational"},{"name":"changeDate","value":"Tue Sep 18 09:40:48 GMT 2018","metatype":"operational"},{"name":"originalSalesChannel","value":"CallCenter","metatype":"operational"}]},{"name":"Text","value":"Unlimited_SMS_to_Any_Network","localizedName":"Text","characteristicMetadata":[{"name":"userId","value":"Automation_208086670_Individual","metatype":"operational"},{"name":"salesChannel","value":"CallCenter","metatype":"operational"},{"name":"csrId","value":"csrId","metatype":"operational"},{"name":"changeDate","value":"Tue Sep 18 09:40:48 GMT 2018","metatype":"operational"},{"name":"originalSalesChannel","value":"CallCenter","metatype":"operational"}]}],"place":[],"productRelationship":[{"type":"bundled","product":{"id":null,"version":null,"href":null,"name":null,"status":null,"primaryProductId":null,"actionDate":null,"relatedParty":[],"productOrderRef":null,"productSpecification":[{"id":"20defa33d7f54eeabcbfa546cf549a0f","href":null,"name":"Mobile","type":"Mobile"}],"characteristic":[{"name":"Technology","value":"4G","localizedName":"Technology","characteristicMetadata":[{"name":"userId","value":"Automation_208086670_Individual","metatype":"operational"},{"name":"salesChannel","value":"CallCenter","metatype":"operational"},{"name":"csrId","value":"csrId","metatype":"operational"},{"name":"changeDate","value":"Tue Sep 18 09:40:48 GMT 2018","metatype":"operational"},{"name":"originalSalesChannel","value":"CallCenter","metatype":"operational"}]}],"place":[],"productRelationship":[{"type":"bundled","product":{"id":null,"version":null,"href":null,"name":null,"status":null,"primaryProductId":null,"actionDate":null,"relatedParty":[],"productOrderRef":null,"productSpecification":[{"id":"fe2488fe33e74b30a3e0195e8a5c25d5","href":null,"name":"Messaging","type":"Messaging"}],"characteristic":[{"name":"Premium_SMS_Barring","value":"False","localizedName":"Premium SMS Barring ","characteristicMetadata":[{"name":"userId","value":"Automation_208086670_Individual","metatype":"operational"},{"name":"salesChannel","value":"CallCenter","metatype":"operational"},{"name":"csrId","value":"csrId","metatype":"operational"},{"name":"changeDate","value":"Tue Sep 18 09:40:48 GMT 2018","metatype":"operational"},{"name":"originalSalesChannel","value":"CallCenter","metatype":"operational"}]},{"name":"SMS_Outgoing_Barring","value":"False","localizedName":"SMS Outgoing Barring","characteristicMetadata":[{"name":"userId","value":"Automation_208086670_Individual","metatype":"operational"},{"name":"salesChannel","value":"CallCenter","metatype":"operational"},{"name":"csrId","value":"csrId","metatype":"operational"},{"name":"changeDate","value":"Tue Sep 18 09:40:48 GMT 2018","metatype":"operational"},{"name":"originalSalesChannel","value":"CallCenter","metatype":"operational"}]},{"name":"MMS_Barring","value":"False","localizedName":"MMS Barring","characteristicMetadata":[{"name":"userId","value":"Automation_208086670_Individual","metatype":"operational"},{"name":"salesChannel","value":"CallCenter","metatype":"operational"},{"name":"csrId","value":"csrId","metatype":"operational"},{"name":"changeDate","value":"Tue Sep 18 09:40:48 GMT 2018","metatype":"operational"},{"name":"originalSalesChannel","value":"CallCenter","metatype":"operational"}]}],"place":[],"productRelationship":[],"referenceId":"c57700bd-cc37-4fe8-a509-285600577e6a","terminationDate":null,"activationDate":null}},{"type":"bundled","product":{"id":null,"version":null,"href":null,"name":null,"status":null,"primaryProductId":null,"actionDate":null,"relatedParty":[],"productOrderRef":null,"productSpecification":[{"id":"9416ae26f66e4a41a7c86945d8926555","href":null,"name":"Voice","type":"Voice"}],"characteristic":[{"name":"Call_Waiting_Barring","value":"False","localizedName":"Call Waiting Barring","characteristicMetadata":[{"name":"userId","value":"Automation_208086670_Individual","metatype":"operational"},{"name":"salesChannel","value":"CallCenter","metatype":"operational"},{"name":"csrId","value":"csrId","metatype":"operational"},{"name":"changeDate","value":"Tue Sep 18 09:40:48 GMT 2018","metatype":"operational"},{"name":"originalSalesChannel","value":"CallCenter","metatype":"operational"}]},{"name":"Lost_Call_Notification_Barring","value":"False","localizedName":"Lost Call Notification Barring","characteristicMetadata":[{"name":"userId","value":"Automation_208086670_Individual","metatype":"operational"},{"name":"salesChannel","value":"CallCenter","metatype":"operational"},{"name":"csrId","value":"csrId","metatype":"operational"},{"name":"changeDate","value":"Tue Sep 18 09:40:48 GMT 2018","metatype":"operational"},{"name":"originalSalesChannel","value":"CallCenter","metatype":"operational"}]},{"name":"Premium_Calls_Barring","value":"False","localizedName":"Premium Calls Barring","characteristicMetadata":[{"name":"userId","value":"Automation_208086670_Individual","metatype":"operational"},{"name":"salesChannel","value":"CallCenter","metatype":"operational"},{"name":"csrId","value":"csrId","metatype":"operational"},{"name":"changeDate","value":"Tue Sep 18 09:40:48 GMT 2018","metatype":"operational"},{"name":"originalSalesChannel","value":"CallCenter","metatype":"operational"}]},{"name":"Outgoing_Calls_Barring","value":"False","localizedName":"Outgoing Calls Barring","characteristicMetadata":[{"name":"userId","value":"Automation_208086670_Individual","metatype":"operational"},{"name":"salesChannel","value":"CallCenter","metatype":"operational"},{"name":"csrId","value":"csrId","metatype":"operational"},{"name":"changeDate","value":"Tue Sep 18 09:40:48 GMT 2018","metatype":"operational"},{"name":"originalSalesChannel","value":"CallCenter","metatype":"operational"}]},{"name":"Hide_Caller_Number","value":"False","localizedName":"Hide Caller Number","characteristicMetadata":[{"name":"userId","value":"Automation_208086670_Individual","metatype":"operational"},{"name":"salesChannel","value":"CallCenter","metatype":"operational"},{"name":"csrId","value":"csrId","metatype":"operational"},{"name":"changeDate","value":"Tue Sep 18 09:40:48 GMT 2018","metatype":"operational"},{"name":"originalSalesChannel","value":"CallCenter","metatype":"operational"}]},{"name":"Three_Way_Calling","value":"False","localizedName":"Three-Way Calling","characteristicMetadata":[{"name":"userId","value":"Automation_208086670_Individual","metatype":"operational"},{"name":"salesChannel","value":"CallCenter","metatype":"operational"},{"name":"csrId","value":"csrId","metatype":"operational"},{"name":"changeDate","value":"Tue Sep 18 09:40:48 GMT 2018","metatype":"operational"},{"name":"originalSalesChannel","value":"CallCenter","metatype":"operational"}]},{"name":"Call_Forward","value":"False","localizedName":"Call Forward","characteristicMetadata":[{"name":"userId","value":"Automation_208086670_Individual","metatype":"operational"},{"name":"salesChannel","value":"CallCenter","metatype":"operational"},{"name":"csrId","value":"csrId","metatype":"operational"},{"name":"changeDate","value":"Tue Sep 18 09:40:48 GMT 2018","metatype":"operational"},{"name":"originalSalesChannel","value":"CallCenter","metatype":"operational"}]}],"place":[],"productRelationship":[],"referenceId":"c9389e7e-992f-4079-a499-23156907c8db","terminationDate":null,"activationDate":null}},{"type":"bundled","product":{"id":null,"version":null,"href":null,"name":null,"status":null,"primaryProductId":null,"actionDate":null,"relatedParty":[],"productOrderRef":null,"productSpecification":[{"id":"a654393615f34f41a5fd4624200a5cb6","href":null,"name":"Phone Number","type":"Phone Number"}],"characteristic":[{"name":"Phone_Number","value":null,"localizedName":"Phone Number","characteristicMetadata":[{"name":"userId","value":"Automation_208086670_Individual","metatype":"operational"},{"name":"salesChannel","value":"CallCenter","metatype":"operational"},{"name":"csrId","value":"csrId","metatype":"operational"},{"name":"changeDate","value":"Tue Sep 18 09:40:48 GMT 2018","metatype":"operational"},{"name":"originalSalesChannel","value":"CallCenter","metatype":"operational"}]},{"name":"Resource_Category","value":"Standard","localizedName":"Resource Category","characteristicMetadata":[{"name":"userId","value":"Automation_208086670_Individual","metatype":"operational"},{"name":"salesChannel","value":"CallCenter","metatype":"operational"},{"name":"csrId","value":"csrId","metatype":"operational"},{"name":"changeDate","value":"Tue Sep 18 09:40:48 GMT 2018","metatype":"operational"},{"name":"originalSalesChannel","value":"CallCenter","metatype":"operational"}]}],"place":[],"productRelationship":[{"type":"enabledBy","product":{"id":null,"version":null,"href":null,"name":null,"status":null,"primaryProductId":null,"actionDate":null,"relatedParty":[],"productOrderRef":null,"productSpecification":[],"characteristic":[],"place":[],"productRelationship":[],"referenceId":"e930ebb5-ee01-4c6d-a8ac-8d7bc4cef1ee","terminationDate":null,"activationDate":null}}],"referenceId":"a0105d2c-f2f1-4b0a-ac42-585edd745581","terminationDate":null,"activationDate":null}},{"type":"bundled","product":{"id":null,"version":null,"href":null,"name":null,"status":null,"primaryProductId":null,"actionDate":null,"relatedParty":[],"productOrderRef":null,"productSpecification":[{"id":"f0c9d263d9c14d589dd602012d0980b4","href":null,"name":"Roaming","type":"Roaming"}],"characteristic":[{"name":"Data_Roaming_Barring","value":"False","localizedName":"Data Roaming Barring","characteristicMetadata":[{"name":"userId","value":"Automation_208086670_Individual","metatype":"operational"},{"name":"salesChannel","value":"CallCenter","metatype":"operational"},{"name":"csrId","value":"csrId","metatype":"operational"},{"name":"changeDate","value":"Tue Sep 18 09:40:48 GMT 2018","metatype":"operational"},{"name":"originalSalesChannel","value":"CallCenter","metatype":"operational"}]},{"name":"Voice_Roaming_Barring","value":"False","localizedName":"Voice Roaming Barring","characteristicMetadata":[{"name":"userId","value":"Automation_208086670_Individual","metatype":"operational"},{"name":"salesChannel","value":"CallCenter","metatype":"operational"},{"name":"csrId","value":"csrId","metatype":"operational"},{"name":"changeDate","value":"Tue Sep 18 09:40:48 GMT 2018","metatype":"operational"},{"name":"originalSalesChannel","value":"CallCenter","metatype":"operational"}]},{"name":"Messaging_Roaming_Barring","value":"False","localizedName":"Messaging Roaming Barring","characteristicMetadata":[{"name":"userId","value":"Automation_208086670_Individual","metatype":"operational"},{"name":"salesChannel","value":"CallCenter","metatype":"operational"},{"name":"csrId","value":"csrId","metatype":"operational"},{"name":"changeDate","value":"Tue Sep 18 09:40:48 GMT 2018","metatype":"operational"},{"name":"originalSalesChannel","value":"CallCenter","metatype":"operational"}]}],"place":[],"productRelationship":[],"referenceId":"90873bcb-bb47-4c40-8b7a-9bbe5724784b","terminationDate":null,"activationDate":null}},{"type":"bundled","product":{"id":null,"version":null,"href":null,"name":null,"status":null,"primaryProductId":null,"actionDate":null,"relatedParty":[],"productOrderRef":null,"productSpecification":[{"id":"d1ea77fe040544bca4ed272169acf1c2","href":null,"name":"Data","type":"Data"}],"characteristic":[{"name":"QoS","value":"High","localizedName":"QoS","characteristicMetadata":[{"name":"userId","value":"Automation_208086670_Individual","metatype":"operational"},{"name":"salesChannel","value":"CallCenter","metatype":"operational"},{"name":"csrId","value":"csrId","metatype":"operational"},{"name":"changeDate","value":"Tue Sep 18 09:40:48 GMT 2018","metatype":"operational"},{"name":"originalSalesChannel","value":"CallCenter","metatype":"operational"}]},{"name":"Internet_Browsing_Barring","value":"False","localizedName":"Internet Browsing Barring","characteristicMetadata":[{"name":"userId","value":"Automation_208086670_Individual","metatype":"operational"},{"name":"salesChannel","value":"CallCenter","metatype":"operational"},{"name":"csrId","value":"csrId","metatype":"operational"},{"name":"changeDate","value":"Tue Sep 18 09:40:48 GMT 2018","metatype":"operational"},{"name":"originalSalesChannel","value":"CallCenter","metatype":"operational"}]},{"name":"Content_Barring","value":"False","localizedName":"Content Barring","characteristicMetadata":[{"name":"userId","value":"Automation_208086670_Individual","metatype":"operational"},{"name":"salesChannel","value":"CallCenter","metatype":"operational"},{"name":"csrId","value":"csrId","metatype":"operational"},{"name":"changeDate","value":"Tue Sep 18 09:40:48 GMT 2018","metatype":"operational"},{"name":"originalSalesChannel","value":"CallCenter","metatype":"operational"}]},{"name":"Premium_Content_Barring","value":"False","localizedName":"Premium Content Barring","characteristicMetadata":[{"name":"userId","value":"Automation_208086670_Individual","metatype":"operational"},{"name":"salesChannel","value":"CallCenter","metatype":"operational"},{"name":"csrId","value":"csrId","metatype":"operational"},{"name":"changeDate","value":"Tue Sep 18 09:40:48 GMT 2018","metatype":"operational"},{"name":"originalSalesChannel","value":"CallCenter","metatype":"operational"}]}],"place":[],"productRelationship":[],"referenceId":"f24a7b22-d40f-48e5-91aa-a0cd1a12c5b9","terminationDate":null,"activationDate":null}},{"type":"bundled","product":{"id":null,"version":null,"href":null,"name":null,"status":null,"primaryProductId":null,"actionDate":null,"relatedParty":[],"productOrderRef":null,"productSpecification":[{"id":"144b577471f2418e8a44d817a609a098","href":null,"name":"International","type":"Long Distance"}],"characteristic":[{"name":"Service_Barring","value":"False","localizedName":"Service Barring","characteristicMetadata":[{"name":"userId","value":"Automation_208086670_Individual","metatype":"operational"},{"name":"salesChannel","value":"CallCenter","metatype":"operational"},{"name":"csrId","value":"csrId","metatype":"operational"},{"name":"changeDate","value":"Tue Sep 18 09:40:48 GMT 2018","metatype":"operational"},{"name":"originalSalesChannel","value":"CallCenter","metatype":"operational"}]}],"place":[],"productRelationship":[],"referenceId":"0f4848d4-7cb4-41d0-8526-01f432dc4edc","terminationDate":null,"activationDate":null}}],"referenceId":"e930ebb5-ee01-4c6d-a8ac-8d7bc4cef1ee","terminationDate":null,"activationDate":null}}],"referenceId":"13016c63-9ff7-4723-9047-9a213551cbca","terminationDate":null,"activationDate":null},"billingAccount":null,"appointment":null,"orderItem":[],"productOfferingGroupOption":null,"orderTerm":[{"name":"Mobile_Plan_Bill_Pay_commitment_24","type":"COMMITMENT","duration":{"amount":24,"units":"Month"},"attachment":[],"characteristicMetadata":[{"name":"userId","value":"Automation_208086670_Individual","metatype":"operational"},{"name":"salesChannel","value":"CallCenter","metatype":"operational"},{"name":"csrId","value":"csrId","metatype":"operational"},{"name":"changeDate","value":"Tue Sep 18 09:40:48 GMT 2018","metatype":"operational"},{"name":"originalSalesChannel","value":"CallCenter","metatype":"operational"}],"validFor":{"startDateTime":"2018-09-18T09:40:48Z","endDateTime":"2020-09-18T09:40:48Z"},"freezeDate":null,"impactType":null,"policyId":"ab09e5d788094c348a64b4f104e17167"}],"modifyReason":[],"readOnly":false,"payment":[],"characteristicMetadata":[{"name":"userId","value":"Automation_208086670_Individual","metatype":"operational"},{"name":"salesChannel","value":"CallCenter","metatype":"operational"},{"name":"csrId","value":"csrId","metatype":"operational"},{"name":"changeDate","value":"Tue Sep 18 09:40:48 GMT 2018","metatype":"operational"},{"name":"originalSalesChannel","value":"CallCenter","metatype":"operational"}],"relatedImmediatePromotion":[{"id":"9cc193d9-8e9f-45a3-9d34-289c56d16da5","itemQualificationType":"benefit"}],"extensions":{},"stock":[],"stockReservation":[]},{"id":"ProductOrder_04141405-5455-445b-8288-a22088a20c05_OrderItem_15414551-0110-4018-8a20-020a800a1a90","action":"add","state":"Draft","quantity":1,"externalId":null,"completionDate":null,"requestedStartDate":null,"requestedCompletionDate":"2018-09-18T09:40:48Z","retroactiveChangeDate":null,"itemPrice":[{"id":"fb5e011d74b7439fbd82cc9bccb71a4a","name":"SIM Fee","description":"SIM Card at $9.99","unitOfMeasure":null,"recurringChargePeriod":null,"priceType":"OC","price":{"taxIncludedAmount":{"unit":"USD","value":10.989},"dutyFreeAmount":{"unit":"USD","value":9.99},"taxRate":10,"percentage":null,"priceReduction":null,"taxAmount":{"unit":"USD","value":0.999}},"finalPrice":{"taxIncludedAmount":{"unit":"USD","value":10.989},"dutyFreeAmount":{"unit":"USD","value":9.99},"taxRate":10,"percentage":null,"priceReduction":null,"taxAmount":{"unit":"USD","value":0.999}},"standalonePrice":null,"priceAlteration":[],"billingAccount":null,"immediatePayOption":{"payOption":"Mandatory","payAmount":null,"minPayAmount":null,"payImmediately":true}}],"itemTotalPrice":[{"id":null,"name":null,"description":null,"unitOfMeasure":null,"recurringChargePeriod":null,"priceType":"OC","price":{"taxIncludedAmount":{"unit":"USD","value":10.989},"dutyFreeAmount":{"unit":"USD","value":9.99},"taxRate":10,"percentage":null,"priceReduction":null,"taxAmount":{"unit":"USD","value":0.999}},"finalPrice":{"taxIncludedAmount":{"unit":"USD","value":10.989},"dutyFreeAmount":{"unit":"USD","value":9.99},"taxRate":10,"percentage":null,"priceReduction":null,"taxAmount":{"unit":"USD","value":0.999}},"standalonePrice":{"taxIncludedAmount":{"unit":"USD","value":10.989},"dutyFreeAmount":{"unit":"USD","value":9.99},"taxRate":10,"percentage":null,"priceReduction":null,"taxAmount":{"unit":"USD","value":0.999}},"priceAlteration":[],"billingAccount":null,"immediatePayOption":{"payOption":null,"payAmount":null,"minPayAmount":null,"payImmediately":true}}],"orderItemRelationship":[],"productOffering":{"id":"c5b9e16076fe4faaaace5c7d0cbe0d9b","name":"SIM Card","href":"/v2/productOffering/c5b9e16076fe4faaaace5c7d0cbe0d9b","type":"SIM","serialized":null,"version":null,"attachment":[],"valueRank":null,"durationPolicy":null},"product":{"id":null,"version":null,"href":"/v2/productRefOrValue/","name":null,"status":null,"primaryProductId":null,"actionDate":null,"relatedParty":[],"productOrderRef":null,"productSpecification":[],"characteristic":[{"name":"Available_Shipping_Options","value":"Standard_Post","localizedName":"Available Shipping Options","characteristicMetadata":[{"name":"userId","value":"Automation_208086670_Individual","metatype":"operational"},{"name":"salesChannel","value":"CallCenter","metatype":"operational"},{"name":"csrId","value":"csrId","metatype":"operational"},{"name":"changeDate","value":"Tue Sep 18 09:40:48 GMT 2018","metatype":"operational"},{"name":"originalSalesChannel","value":"CallCenter","metatype":"operational"}]}],"place":[],"productRelationship":[{"type":"bundled","product":{"id":null,"version":null,"href":null,"name":null,"status":null,"primaryProductId":null,"actionDate":null,"relatedParty":[],"productOrderRef":null,"productSpecification":[{"id":"18cbc707510f4c93b94f552011e3af3c","href":null,"name":"SIM","type":"SIM"}],"characteristic":[{"name":"SIM_Type","value":"Nano_SIM","localizedName":"SIM Type","characteristicMetadata":[{"name":"userId","value":"Automation_208086670_Individual","metatype":"operational"},{"name":"salesChannel","value":"CallCenter","metatype":"operational"},{"name":"csrId","value":"csrId","metatype":"operational"},{"name":"changeDate","value":"Tue Sep 18 09:40:48 GMT 2018","metatype":"operational"},{"name":"originalSalesChannel","value":"CallCenter","metatype":"operational"}]},{"name":"Delivery_Method","value":"Indirect_Delivery_Shipping","localizedName":"Delivery Method","characteristicMetadata":[{"name":"userId","value":"Automation_208086670_Individual","metatype":"operational"},{"name":"salesChannel","value":"CallCenter","metatype":"operational"},{"name":"csrId","value":"csrId","metatype":"operational"},{"name":"changeDate","value":"Tue Sep 18 09:40:48 GMT 2018","metatype":"operational"},{"name":"originalSalesChannel","value":"CallCenter","metatype":"operational"}]}],"place":[],"productRelationship":[{"type":"enabledBy","product":{"id":null,"version":null,"href":null,"name":null,"status":null,"primaryProductId":null,"actionDate":null,"relatedParty":[],"productOrderRef":null,"productSpecification":[],"characteristic":[],"place":[],"productRelationship":[],"referenceId":"e930ebb5-ee01-4c6d-a8ac-8d7bc4cef1ee","terminationDate":null,"activationDate":null}}],"referenceId":"0503e169-f830-4610-81a2-1a229005030f","terminationDate":null,"activationDate":null}}],"referenceId":"8fb663ae-6985-426b-84dc-9a0f740642f0","terminationDate":null,"activationDate":null},"billingAccount":null,"appointment":null,"orderItem":[],"productOfferingGroupOption":null,"orderTerm":[],"modifyReason":[],"readOnly":false,"payment":[],"characteristicMetadata":[{"name":"userId","value":"Automation_208086670_Individual","metatype":"operational"},{"name":"salesChannel","value":"CallCenter","metatype":"operational"},{"name":"csrId","value":"csrId","metatype":"operational"},{"name":"changeDate","value":"Tue Sep 18 09:40:48 GMT 2018","metatype":"operational"},{"name":"originalSalesChannel","value":"CallCenter","metatype":"operational"}],"relatedImmediatePromotion":[],"extensions":{},"stock":[],"stockReservation":[]}],"productOfferingGroupOption":null,"orderTerm":[{"name":"NXT_Smart_commitment_for_24_months","type":"COMMITMENT","duration":{"amount":24,"units":"Month"},"attachment":[],"characteristicMetadata":[{"name":"userId","value":"Automation_208086670_Individual","metatype":"operational"},{"name":"salesChannel","value":"CallCenter","metatype":"operational"},{"name":"csrId","value":"csrId","metatype":"operational"},{"name":"changeDate","value":"Tue Sep 18 09:40:48 GMT 2018","metatype":"operational"},{"name":"originalSalesChannel","value":"CallCenter","metatype":"operational"}],"validFor":{"startDateTime":"2018-09-18T09:40:48Z","endDateTime":"2020-09-18T09:40:48Z"},"freezeDate":null,"impactType":null,"policyId":"ab09e5d788094c348a64b4f104e17167"}],"modifyReason":[{"id":"d6dc5055-e574-486f-ac60-afbb3b717073","name":"Customer Request","reasonText":"Customer Request","action":"Add"}],"readOnly":false,"payment":[],"characteristicMetadata":[{"name":"userId","value":"Automation_208086670_Individual","metatype":"operational"},{"name":"salesChannel","value":"CallCenter","metatype":"operational"},{"name":"csrId","value":"csrId","metatype":"operational"},{"name":"changeDate","value":"Tue Sep 18 09:40:48 GMT 2018","metatype":"operational"},{"name":"originalSalesChannel","value":"CallCenter","metatype":"operational"}],"relatedImmediatePromotion":[{"id":"9cc193d9-8e9f-45a3-9d34-289c56d16da5","itemQualificationType":"trigger"}],"extensions":{},"stock":[],"stockReservation":[]}],"orderTotalPrice":[{"id":null,"name":null,"description":null,"unitOfMeasure":null,"recurringChargePeriod":null,"priceType":"RC","price":{"taxIncludedAmount":{"unit":"USD","value":33.0},"dutyFreeAmount":{"unit":"USD","value":30},"taxRate":10,"percentage":null,"priceReduction":null,"taxAmount":{"unit":"USD","value":3.0}},"finalPrice":{"taxIncludedAmount":{"unit":"USD","value":31.9},"dutyFreeAmount":{"unit":"USD","value":29},"taxRate":10,"percentage":null,"priceReduction":null,"taxAmount":{"unit":"USD","value":2.9}},"standalonePrice":{"taxIncludedAmount":{"unit":"USD","value":33.0},"dutyFreeAmount":{"unit":"USD","value":30},"taxRate":10,"percentage":null,"priceReduction":null,"taxAmount":{"unit":"USD","value":3.0}},"priceAlteration":[{"name":null,"description":null,"unitOfMeasure":null,"recurringChargePeriod":null,"priceType":"RC","applicationDuration":null,"priority":null,"alterationType":"Promotion Price Alteration","promotionActionId":null,"promotionInstanceId":null,"alterationProductOfferingPriceId":null,"alterationBundleProductOfferingId":null,"price":{"taxIncludedAmount":null,"dutyFreeAmount":{"unit":"USD","value":1},"taxRate":null,"percentage":null,"priceReduction":null,"taxAmount":null}}],"billingAccount":null,"immediatePayOption":null},{"id":null,"name":null,"description":null,"unitOfMeasure":null,"recurringChargePeriod":null,"priceType":"OC","price":{"taxIncludedAmount":{"unit":"USD","value":5.489},"dutyFreeAmount":{"unit":"USD","value":4.99},"taxRate":10,"percentage":null,"priceReduction":null,"taxAmount":{"unit":"USD","value":0.499}},"finalPrice":{"taxIncludedAmount":{"unit":"USD","value":5.489},"dutyFreeAmount":{"unit":"USD","value":4.99},"taxRate":10,"percentage":null,"priceReduction":null,"taxAmount":{"unit":"USD","value":0.499}},"standalonePrice":{"taxIncludedAmount":{"unit":"USD","value":5.489},"dutyFreeAmount":{"unit":"USD","value":4.99},"taxRate":10,"percentage":null,"priceReduction":null,"taxAmount":{"unit":"USD","value":0.499}},"priceAlteration":[],"billingAccount":null,"immediatePayOption":null},{"id":null,"name":null,"description":null,"unitOfMeasure":null,"recurringChargePeriod":null,"priceType":"OC","price":{"taxIncludedAmount":{"unit":"USD","value":10.989},"dutyFreeAmount":{"unit":"USD","value":9.99},"taxRate":10,"percentage":null,"priceReduction":null,"taxAmount":{"unit":"USD","value":0.999}},"finalPrice":{"taxIncludedAmount":{"unit":"USD","value":10.989},"dutyFreeAmount":{"unit":"USD","value":9.99},"taxRate":10,"percentage":null,"priceReduction":null,"taxAmount":{"unit":"USD","value":0.999}},"standalonePrice":{"taxIncludedAmount":{"unit":"USD","value":10.989},"dutyFreeAmount":{"unit":"USD","value":9.99},"taxRate":10,"percentage":null,"priceReduction":null,"taxAmount":{"unit":"USD","value":0.999}},"priceAlteration":[],"billingAccount":null,"immediatePayOption":{"payOption":null,"payAmount":null,"minPayAmount":null,"payImmediately":true}}],"channel":[{"id":"CallCenter","href":null,"name":"CallCenter"}],"orderRelationship":[],"controlFields":{"createdBy":"Automation_208086670_Individual","createdOn":"2018-09-18T09:40:48Z","lastModifiedBy":"Automation_208086670_Individual","lastModifiedOn":"2018-09-18T09:40:48Z"},"validation":null,"payment":[],"immediatePromotion":[{"id":"9cc193d9-8e9f-45a3-9d34-289c56d16da5","promotion":{"id":"c304f5d01ae64244bdc4951b0aa12f59","name":"Mobile Smart Plan or International Free discount","description":"CROSS-14615 Use Case #4: Discount on Mobile Smart Plan or International Free in Mobile Smart bundle","validFor":{"startDateTime":"2017-01-01T00:00:00Z","endDateTime":"2028-09-12T01:16:08.168Z"},"href":null},"triggerItem":[{"id":"ProductOrder_04141405-5455-445b-8288-a22088a20c05_OrderItem_05151540-1445-4507-8220-2aa8a2001abd","itemType":"order","href":null,"promotionCriteriaGroupId":"1432","pathToRoot":"/ProductOrder_04141405-5455-445b-8288-a22088a20c05_OrderItem_00510515-5404-4046-8aaa-028080aa1896/ProductOrder_04141405-5455-445b-8288-a22088a20c05_OrderItem_05151540-1445-4507-8220-2aa8a2001abd"},{"id":"ProductOrder_04141405-5455-445b-8288-a22088a20c05_OrderItem_00510515-5404-4046-8aaa-028080aa1896","itemType":"order","href":null,"promotionCriteriaGroupId":"1412","pathToRoot":"/ProductOrder_04141405-5455-445b-8288-a22088a20c05_OrderItem_00510515-5404-4046-8aaa-028080aa1896"}],"benefitItem":[{"id":"ProductOrder_04141405-5455-445b-8288-a22088a20c05_OrderItem_05151540-1445-4507-8220-2aa8a2001abd","itemType":"order","promotionCriteriaGroupId":"1432","pathToRoot":"/ProductOrder_04141405-5455-445b-8288-a22088a20c05_OrderItem_00510515-5404-4046-8aaa-028080aa1896/ProductOrder_04141405-5455-445b-8288-a22088a20c05_OrderItem_05151540-1445-4507-8220-2aa8a2001abd","href":null,"action":[{"id":null,"name":null,"description":null,"actionType":"Price Allteration","actionValue":0,"duration":null,"promotionPriceAlteration":{"id":"ab7b78de754443eabb1a7d802de8862e"}}]}]}],"extensions":{},"isCustomerVisible":true}]]>
    </line>
    <line>
      <![CDATA[</div>]]>
    </line>
    <line>
      <![CDATA[</div>]]>
    </line>
    <line>
      <![CDATA[</div>]]>
    </line>
    <line>
      <![CDATA[</div>]]>
    </line>
    <line>
      <![CDATA[</td>]]>
    </line>
    <line>
      <![CDATA[</tr>]]>
    </line>
    <line>
      <![CDATA[<tr class="table-success"><td colspan="2">Response status: expected=201 actual=201; Value: true</td></tr>]]>
    </line>
    <line>
      <![CDATA[<tr><td class="text-dark font-weight-bold">Order ID  </td><td class="" > ProductOrder_04141405-5455-445b-8288-a22088a20c05 </td></tr>]]>
    </line>
    <line>
      <![CDATA[<tr><td class="text-dark font-weight-bold">Context Attribute [OrderID] Set  </td><td class="" > ProductOrder_04141405-5455-445b-8288-a22088a20c05 </td></tr>]]>
    </line>
    <line>
      <![CDATA[<tr class="table-light"><td colspan="2">No. of OrderItems : </td></tr>]]>
    </line>
    <line>
      <![CDATA[<tr><td class="text-dark font-weight-bold">Context Attribute [OrderItem] Set  </td><td class="" > ProductOrder_04141405-5455-445b-8288-a22088a20c05_OrderItem_00510515-5404-4046-8aaa-028080aa1896 </td></tr>]]>
    </line>
    <line>
      <![CDATA[<tr><td class="text-dark font-weight-bold">Context Attribute [eTag] Set  </td><td class="" > ProductOrder_04141405-5455-445b-8288-a22088a20c05=1537263647858950144 </td></tr>]]>
    </line>
    <line>
      <![CDATA[<tr class="table-info"><td class="text-dark font-weight-bold">Request Type </td><td class="" >GET</td></tr>]]>
    </line>
    <line>
      <![CDATA[<tr><td class="text-dark font-weight-bold">URI </td><td class="" > http://ilocpde01w02.corp.amdocs.com:30538/productOrdering/v2/productOrder/ProductOrder_04141405-5455-445b-8288-a22088a20c05 </td></tr>]]>
    </line>
    <line>
      <![CDATA[<tr><td class="text-dark font-weight-bold" colspan="2">Headers : </td></tr>]]>
    </line>
    <line>
      <![CDATA[<tr>]]>
    </line>
    <line>
      <![CDATA[<td class="text-dark font-weight-bold" >Authorization :</td>]]>
    </line>
    <line>
      <![CDATA[<td class="" >]]>
    </line>
    <line>
      <![CDATA[<a href="" class="alert-link" data-toggle="modal" data-target="#rest_assured_logger_modal_value_46">Show</a>]]>
    </line>
    <line>
      <![CDATA[<div class="modal fade"  id="rest_assured_logger_modal_value_46" tabindex="-1" role="dialog">]]>
    </line>
    <line>
      <![CDATA[<div class="modal-dialog" role="document">]]>
    </line>
    <line>
      <![CDATA[<div class="modal-content">]]>
    </line>
    <line>
      <![CDATA[<div class="modal-header text-white bg-info">]]>
    </line>
    <line>
      <![CDATA[<h5 class="modal-title" id="title1">Authorization</h5>]]>
    </line>
    <line>
      <![CDATA[<span class="h6 text-light ml-2 mt-2">(click on the Text to copy)</span>]]>
    </line>
    <line>
      <![CDATA[<button type="button" class="close" data-dismiss="modal" aria-label="Close">]]>
    </line>
    <line>
      <![CDATA[<span aria-hidden="true">&times;</span>]]>
    </line>
    <line>
      <![CDATA[</button>]]>
    </line>
    <line>
      <![CDATA[</div>]]>
    </line>
    <line>
      <![CDATA[<div onClick="copyMePlease(this)" class="modal-body">]]>
    </line>
    <line>
      <![CDATA[Bearer eyJ4NXQjUzI1NiI6IkxEbGVvYldaYmVZcG9pb0Q0R1hrMWp3US8rUWd1MUs1eXNzQ1JpN3BtelE9IiwidHlwIjoiSldUIiwiYWxnIjoiUlMyNTYifQ.eyJzdWIiOiJBdXRvbWF0aW9uXzIwODA4NjY3MF9JbmRpdmlkdWFsIiwiY3NySWQiOiJjc3JJZCIsInJvbGVzIjpbIkdldEluZGl2aWR1YWwiLCJVcGRhdGVJbmRpdmlkdWFsIiwiQ2F0YWxvZ09uZS5pbXBvcnRlciIsIkdldEN1c3RvbWVyIiwiRGVsZXRlQ3JlZGl0UHJvZmlsZSIsIlByb2R1Y3RPcmRlckxhdW5jaGVyUmVhZCIsIkFwcFRlc3RlclJvbGUiLCJQcm9kdWN0T3JkZXJMYXVuY2hlckNyZWF0ZSIsIkNyZWF0ZVBheW1lbnRNZXRob2QiLCJvcmRlckNoYW5nZU93bmVyc2hpcCIsIlBBUC1QVSIsIlJldHJpZXZlQ3VzdG9tZXIiLCJBbm9ueW1vdXNVc2VyUm9sZSIsIlBBUC1Db21tb24iLCJXcml0ZSIsIlByb2R1Y3RPcmRlckxhdW5jaGVyVXBkYXRlIiwiQWRkUmVsYXRlZFBhcnR5IiwiQ3JlYXRlQ3VzdG9tZXIiLCJDcmVhdGVJbmRpdmlkdWFsIiwiU2VhcmNoSW5kaXZpZHVhbCIsIkdldEN1c3RvbWVyRW50aXR5IiwiVXBkYXRlQ3JlZGl0UHJvZmlsZSIsIkNoYW5nZU93bmVyc2hpcFJvbGUiLCJBc21TZXJ2aWNlc0FwcElkZW50aXR5IiwiRGVsZXRlSW5kaXZpZHVhbCIsImNzciIsIlJldHJpZXZlQ3VzdG9tZXJFbnRpdHkiLCJFdmFsdWF0ZUNyZWRpdFByb2ZpbGUiLCJSZXRyZWl2ZVBheW1lbnRNZXRob2QiLCJQcm9kdWN0T3JkZXJMYXVuY2hlckRlbGV0ZSIsIlJldHJpZXZlSW5kaXZpZHVhbCIsIlNUUy1Db21tb24iLCJDcmVhdGVDdXN0b21lckVudGl0eSJdLCJjdXN0b21lcklkIjoiQ3VzdG9tZXJfNDAzMDYiLCJpc3MiOiJBM1Nab25lMUBBM1MuYW1kb2NzLmNvbSIsIm9pdCI6MTUzNzI2MzY0NSwic2FsZXNDaGFubmVsIjoiQ2FsbENlbnRlciIsImV4cCI6MTUzNzI3MDg0NSwiaWF0IjoxNTM3MjYzNjQ1LCJ0dGwiOjE1MzcyOTI0NDUsImp0aSI6Ijc0ZTE5NWFjNzQ1MGZhNjU5ZTI1MDEzNGZjN2JhYTllN2Y4ZTQ4ZmJjNmEzMDM1MjAzZjcyZWIwYzJiNjIwNDAifQ.SJEglfX2g31q71slR0icYEu484uS8aOetkvVbn5lS4NilW3ozAVyVxhByAYP-T1DprCTn3_w8xp2AehnAzrVZ6_Hl0rvZYbhuQHNnUyw1DzullKx8-3vWs1eQhb7Q767kCVMJwteYloR6Xkk9SIiHpiyc2WuR8B0eXy2fUu55jRKSfX1nI7iTWIhAovBoS3VRkqOTl-moPZaDWHSYJExx1vqFb9U4-TC0D0F7ZIXu-gkGaPPkBOacnU1a1sqrOghEaSaBTj9idexSg2aUM8wb-8_1lXBBho6pYi3c20e4PCJkErXdysuWkgJsc29r0xje_HlmgbK4rScVlPv1zBQ8g]]>
    </line>
    <line>
      <![CDATA[</div>]]>
    </line>
    <line>
      <![CDATA[</div>]]>
    </line>
    <line>
      <![CDATA[</div>]]>
    </line>
    <line>
      <![CDATA[</div>]]>
    </line>
    <line>
      <![CDATA[</td>]]>
    </line>
    <line>
      <![CDATA[</tr>]]>
    </line>
    <line>
      <![CDATA[<tr><td class="text-dark font-weight-bold">Accept </td><td class="" > application/json </td></tr>]]>
    </line>
    <line>
      <![CDATA[<tr><td class="text-dark font-weight-bold">Custom-Header </td><td class="" > {"salesChannel":"CallCenter","customerId":"Customer_40306","sessionId":"318879238"} </td></tr>]]>
    </line>
    <line>
      <![CDATA[<tr><td class="text-dark font-weight-bold">Accept-Language </td><td class="" > en_US </td></tr>]]>
    </line>
    <line>
      <![CDATA[<tr><td class="text-dark font-weight-bold">Content-Type </td><td class="" > application/json </td></tr>]]>
    </line>
    <line>
      <![CDATA[<tr>]]>
    </line>
    <line>
      <![CDATA[<td class="text-dark font-weight-bold" >Payload :</td>]]>
    </line>
    <line>
      <![CDATA[<td class="" >]]>
    </line>
    <line>
      <![CDATA[<a href="" class="alert-link" data-toggle="modal" data-target="#rest_assured_logger_modal_value_47">Show</a>]]>
    </line>
    <line>
      <![CDATA[<div class="modal fade"  id="rest_assured_logger_modal_value_47" tabindex="-1" role="dialog">]]>
    </line>
    <line>
      <![CDATA[<div class="modal-dialog" role="document">]]>
    </line>
    <line>
      <![CDATA[<div class="modal-content">]]>
    </line>
    <line>
      <![CDATA[<div class="modal-header text-white bg-info">]]>
    </line>
    <line>
      <![CDATA[<h5 class="modal-title" id="title1">Payload</h5>]]>
    </line>
    <line>
      <![CDATA[<span class="h6 text-light ml-2 mt-2">(click on the Text to copy)</span>]]>
    </line>
    <line>
      <![CDATA[<button type="button" class="close" data-dismiss="modal" aria-label="Close">]]>
    </line>
    <line>
      <![CDATA[<span aria-hidden="true">&times;</span>]]>
    </line>
    <line>
      <![CDATA[</button>]]>
    </line>
    <line>
      <![CDATA[</div>]]>
    </line>
    <line>
      <![CDATA[<div onClick="copyMePlease(this)" class="modal-body">]]>
    </line>
    <line>
      <![CDATA[None]]>
    </line>
    <line>
      <![CDATA[</div>]]>
    </line>
    <line>
      <![CDATA[</div>]]>
    </line>
    <line>
      <![CDATA[</div>]]>
    </line>
    <line>
      <![CDATA[</div>]]>
    </line>
    <line>
      <![CDATA[</td>]]>
    </line>
    <line>
      <![CDATA[</tr>]]>
    </line>
    <line>
      <![CDATA[<tr>]]>
    </line>
    <line>
      <![CDATA[<td class="text-dark font-weight-bold" >Response Header :</td>]]>
    </line>
    <line>
      <![CDATA[<td class="" >]]>
    </line>
    <line>
      <![CDATA[<a href="" class="alert-link" data-toggle="modal" data-target="#modal_value_16">Show</a>]]>
    </line>
    <line>
      <![CDATA[<div class="modal fade"  id="modal_value_16" tabindex="-1" role="dialog">]]>
    </line>
    <line>
      <![CDATA[<div class="modal-dialog" role="document">]]>
    </line>
    <line>
      <![CDATA[<div class="modal-content">]]>
    </line>
    <line>
      <![CDATA[<div class="modal-header text-white bg-info">]]>
    </line>
    <line>
      <![CDATA[<h5 class="modal-title" id="title1">Response Header</h5>]]>
    </line>
    <line>
      <![CDATA[<span class="h6 text-light ml-2 mt-2">(click on the Text to copy)</span>]]>
    </line>
    <line>
      <![CDATA[<button type="button" class="close" data-dismiss="modal" aria-label="Close">]]>
    </line>
    <line>
      <![CDATA[<span aria-hidden="true">&times;</span>]]>
    </line>
    <line>
      <![CDATA[</button>]]>
    </line>
    <line>
      <![CDATA[</div>]]>
    </line>
    <line>
      <![CDATA[<div onClick="copyMePlease(this)" class="modal-body">]]>
    </line>
    <line>
      <![CDATA[X-Application-Context=productorder-productorder-ms:8080
	X-DOX-TraceId=99B4A8F587465725
	ETag="ProductOrder_04141405-5455-445b-8288-a22088a20c05=1537263647858950144"
	X-Content-Type-Options=nosniff
	X-XSS-Protection=1; mode=block
	Cache-Control=no-cache, no-store, max-age=0, must-revalidate
	Pragma=no-cache
	Expires=0
	X-Frame-Options=DENY
	Content-Type=application/json;charset=UTF-8
	Transfer-Encoding=chunked
	Date=Tue, 18 Sep 2018 09:40:49 GMT]]>
    </line>
    <line>
      <![CDATA[</div>]]>
    </line>
    <line>
      <![CDATA[</div>]]>
    </line>
    <line>
      <![CDATA[</div>]]>
    </line>
    <line>
      <![CDATA[</div>]]>
    </line>
    <line>
      <![CDATA[</td>]]>
    </line>
    <line>
      <![CDATA[</tr>]]>
    </line>
    <line>
      <![CDATA[<tr>]]>
    </line>
    <line>
      <![CDATA[<td class="text-dark font-weight-bold" >Response :</td>]]>
    </line>
    <line>
      <![CDATA[<td class="" >]]>
    </line>
    <line>
      <![CDATA[<a href="" class="alert-link" data-toggle="modal" data-target="#rest_assured_logger_modal_value_48">Show</a>]]>
    </line>
    <line>
      <![CDATA[<div class="modal fade"  id="rest_assured_logger_modal_value_48" tabindex="-1" role="dialog">]]>
    </line>
    <line>
      <![CDATA[<div class="modal-dialog" role="document">]]>
    </line>
    <line>
      <![CDATA[<div class="modal-content">]]>
    </line>
    <line>
      <![CDATA[<div class="modal-header text-white bg-info">]]>
    </line>
    <line>
      <![CDATA[<h5 class="modal-title" id="title1">Response</h5>]]>
    </line>
    <line>
      <![CDATA[<span class="h6 text-light ml-2 mt-2">(click on the Text to copy)</span>]]>
    </line>
    <line>
      <![CDATA[<button type="button" class="close" data-dismiss="modal" aria-label="Close">]]>
    </line>
    <line>
      <![CDATA[<span aria-hidden="true">&times;</span>]]>
    </line>
    <line>
      <![CDATA[</button>]]>
    </line>
    <line>
      <![CDATA[</div>]]>
    </line>
    <line>
      <![CDATA[<div onClick="copyMePlease(this)" class="modal-body">]]>
    </line>
    <line>
      <![CDATA[{"id":"ProductOrder_04141405-5455-445b-8288-a22088a20c05","href":"/v2/productOrder/ProductOrder_04141405-5455-445b-8288-a22088a20c05","category":null,"priority":null,"description":"Special Order","state":"Draft","externalId":null,"orderDate":"2018-09-18T09:40:48Z","completionDate":null,"requestedStartDate":null,"requestedCompletionDate":"2018-09-18T09:40:48Z","expectedCompletionDate":null,"orderPriceDate":"2018-09-18T09:40:48.888Z","notificationContact":null,"relatedParty":[{"id":"Customer_40306","href":"/v2/relatedParty/Customer_40306","name":null,"role":"customer"}],"billingAccount":null,"orderItem":[{"id":"ProductOrder_04141405-5455-445b-8288-a22088a20c05_OrderItem_00510515-5404-4046-8aaa-028080aa1896","action":"add","state":"Draft","quantity":1,"externalId":null,"completionDate":null,"requestedStartDate":null,"requestedCompletionDate":"2018-09-18T09:40:48Z","retroactiveChangeDate":null,"itemPrice":[{"id":"ba45c101bfdd4aeea490b6f494ecd265","name":"Mobile Line Activation Fee","description":"Fee is triggered when providing new mobile line","unitOfMeasure":null,"recurringChargePeriod":null,"priceType":"OC","price":{"taxIncludedAmount":{"unit":"USD","value":5.489},"dutyFreeAmount":{"unit":"USD","value":4.99},"taxRate":10,"percentage":null,"priceReduction":null,"taxAmount":{"unit":"USD","value":0.499}},"finalPrice":{"taxIncludedAmount":{"unit":"USD","value":5.489},"dutyFreeAmount":{"unit":"USD","value":4.99},"taxRate":10,"percentage":null,"priceReduction":null,"taxAmount":{"unit":"USD","value":0.499}},"standalonePrice":null,"priceAlteration":[],"billingAccount":null,"immediatePayOption":{"payOption":"Optional","payAmount":null,"minPayAmount":null,"payImmediately":false}}],"itemTotalPrice":[{"id":null,"name":null,"description":null,"unitOfMeasure":null,"recurringChargePeriod":"month","priceType":"RC","price":{"taxIncludedAmount":{"unit":"USD","value":33.0},"dutyFreeAmount":{"unit":"USD","value":30},"taxRate":10,"percentage":null,"priceReduction":null,"taxAmount":{"unit":"USD","value":3.0}},"finalPrice":{"taxIncludedAmount":{"unit":"USD","value":31.9},"dutyFreeAmount":{"unit":"USD","value":29},"taxRate":10,"percentage":null,"priceReduction":null,"taxAmount":{"unit":"USD","value":2.9}},"standalonePrice":{"taxIncludedAmount":{"unit":"USD","value":33.0},"dutyFreeAmount":{"unit":"USD","value":30},"taxRate":10,"percentage":null,"priceReduction":null,"taxAmount":{"unit":"USD","value":3.0}},"priceAlteration":[{"name":null,"description":null,"unitOfMeasure":null,"recurringChargePeriod":null,"priceType":"RC","applicationDuration":null,"priority":null,"alterationType":"Promotion Price Alteration","promotionActionId":null,"promotionInstanceId":null,"alterationProductOfferingPriceId":null,"alterationBundleProductOfferingId":null,"price":{"taxIncludedAmount":null,"dutyFreeAmount":{"unit":"USD","value":1},"taxRate":null,"percentage":null,"priceReduction":null,"taxAmount":null}}],"billingAccount":null,"immediatePayOption":null},{"id":null,"name":null,"description":null,"unitOfMeasure":null,"recurringChargePeriod":null,"priceType":"OC","price":{"taxIncludedAmount":{"unit":"USD","value":5.489},"dutyFreeAmount":{"unit":"USD","value":4.99},"taxRate":10,"percentage":null,"priceReduction":null,"taxAmount":{"unit":"USD","value":0.499}},"finalPrice":{"taxIncludedAmount":{"unit":"USD","value":5.489},"dutyFreeAmount":{"unit":"USD","value":4.99},"taxRate":10,"percentage":null,"priceReduction":null,"taxAmount":{"unit":"USD","value":0.499}},"standalonePrice":{"taxIncludedAmount":{"unit":"USD","value":5.489},"dutyFreeAmount":{"unit":"USD","value":4.99},"taxRate":10,"percentage":null,"priceReduction":null,"taxAmount":{"unit":"USD","value":0.499}},"priceAlteration":[],"billingAccount":null,"immediatePayOption":{"payOption":null,"payAmount":null,"minPayAmount":null,"payImmediately":false}},{"id":null,"name":null,"description":null,"unitOfMeasure":null,"recurringChargePeriod":null,"priceType":"OC","price":{"taxIncludedAmount":{"unit":"USD","value":10.989},"dutyFreeAmount":{"unit":"USD","value":9.99},"taxRate":10,"percentage":null,"priceReduction":null,"taxAmount":{"unit":"USD","value":0.999}},"finalPrice":{"taxIncludedAmount":{"unit":"USD","value":10.989},"dutyFreeAmount":{"unit":"USD","value":9.99},"taxRate":10,"percentage":null,"priceReduction":null,"taxAmount":{"unit":"USD","value":0.999}},"standalonePrice":{"taxIncludedAmount":{"unit":"USD","value":10.989},"dutyFreeAmount":{"unit":"USD","value":9.99},"taxRate":10,"percentage":null,"priceReduction":null,"taxAmount":{"unit":"USD","value":0.999}},"priceAlteration":[],"billingAccount":null,"immediatePayOption":{"payOption":null,"payAmount":null,"minPayAmount":null,"payImmediately":true}}],"orderItemRelationship":[],"productOffering":{"id":"3353c5c3e6f24103935ecb26e245d707","name":"Mobile Smart","href":"/v2/productOffering/3353c5c3e6f24103935ecb26e245d707","type":"Mobile_Bundle","serialized":null,"version":null,"attachment":[],"valueRank":85,"durationPolicy":null},"product":{"id":null,"version":null,"href":"/v2/productRefOrValue/","name":null,"status":null,"primaryProductId":null,"actionDate":null,"relatedParty":[],"productOrderRef":null,"productSpecification":[],"characteristic":[{"name":"Included_Services","value":"Roaming_across_Europe","localizedName":"Included Services","characteristicMetadata":[{"name":"userId","value":"Automation_208086670_Individual","metatype":"operational"},{"name":"salesChannel","value":"CallCenter","metatype":"operational"},{"name":"csrId","value":"csrId","metatype":"operational"},{"name":"changeDate","value":"Tue Sep 18 09:40:48 GMT 2018","metatype":"operational"},{"name":"originalSalesChannel","value":"CallCenter","metatype":"operational"}]}],"place":[],"productRelationship":[{"type":"bundled","product":null}],"referenceId":"11095328-a889-406c-a79e-60382c02ca3f","terminationDate":null,"activationDate":null},"billingAccount":{"id":"12121","href":"''/v2/TBA/12121","name":null},"appointment":null,"orderItem":[{"id":"ProductOrder_04141405-5455-445b-8288-a22088a20c05_OrderItem_05151540-1445-4507-8220-2aa8a2001abd","action":"add","state":"Draft","quantity":1,"externalId":null,"completionDate":null,"requestedStartDate":null,"requestedCompletionDate":"2018-09-18T09:40:48Z","retroactiveChangeDate":null,"itemPrice":[{"id":"8cb0c57fd2fe4efaadedf1d68182d206","name":"Plan RC","description":"100 minutes, unlimited texts and 3 GB data","unitOfMeasure":null,"recurringChargePeriod":"month","priceType":"RC","price":{"taxIncludedAmount":{"unit":"USD","value":33.0},"dutyFreeAmount":{"unit":"USD","value":30},"taxRate":10,"percentage":null,"priceReduction":null,"taxAmount":{"unit":"USD","value":3.0}},"finalPrice":{"taxIncludedAmount":{"unit":"USD","value":31.9},"dutyFreeAmount":{"unit":"USD","value":29},"taxRate":10,"percentage":null,"priceReduction":null,"taxAmount":{"unit":"USD","value":2.9}},"standalonePrice":null,"priceAlteration":[{"name":null,"description":null,"unitOfMeasure":null,"recurringChargePeriod":null,"priceType":"RC","applicationDuration":null,"priority":null,"alterationType":"Promotion Price Alteration","promotionActionId":null,"promotionInstanceId":null,"alterationProductOfferingPriceId":"ab7b78de754443eabb1a7d802de8862e","alterationBundleProductOfferingId":null,"price":{"taxIncludedAmount":null,"dutyFreeAmount":{"unit":"USD","value":1},"taxRate":null,"percentage":null,"priceReduction":{"unit":"USD","value":1},"taxAmount":null}}],"billingAccount":null,"immediatePayOption":null}],"itemTotalPrice":[{"id":null,"name":null,"description":null,"unitOfMeasure":null,"recurringChargePeriod":"month","priceType":"RC","price":{"taxIncludedAmount":{"unit":"USD","value":33.0},"dutyFreeAmount":{"unit":"USD","value":30},"taxRate":10,"percentage":null,"priceReduction":null,"taxAmount":{"unit":"USD","value":3.0}},"finalPrice":{"taxIncludedAmount":{"unit":"USD","value":31.9},"dutyFreeAmount":{"unit":"USD","value":29},"taxRate":10,"percentage":null,"priceReduction":null,"taxAmount":{"unit":"USD","value":2.9}},"standalonePrice":{"taxIncludedAmount":{"unit":"USD","value":33.0},"dutyFreeAmount":{"unit":"USD","value":30},"taxRate":10,"percentage":null,"priceReduction":null,"taxAmount":{"unit":"USD","value":3.0}},"priceAlteration":[{"name":null,"description":null,"unitOfMeasure":null,"recurringChargePeriod":null,"priceType":"RC","applicationDuration":null,"priority":null,"alterationType":"Promotion Price Alteration","promotionActionId":null,"promotionInstanceId":null,"alterationProductOfferingPriceId":null,"alterationBundleProductOfferingId":null,"price":{"taxIncludedAmount":null,"dutyFreeAmount":{"unit":"USD","value":1},"taxRate":null,"percentage":null,"priceReduction":null,"taxAmount":null}}],"billingAccount":null,"immediatePayOption":null}],"orderItemRelationship":[],"productOffering":{"id":"306ed463c4984ea8a5a5c8b0756bb8bf","name":"Mobile Smart Plan","href":"/v2/productOffering/306ed463c4984ea8a5a5c8b0756bb8bf","type":"Mobile_Plan","serialized":null,"version":null,"attachment":[],"valueRank":85,"durationPolicy":null},"product":{"id":null,"version":null,"href":"/v2/productRefOrValue/","name":null,"status":null,"primaryProductId":null,"actionDate":null,"relatedParty":[],"productOrderRef":null,"productSpecification":[],"characteristic":[{"name":"Payment_Type","value":"Bill_pay","localizedName":"Payment Type","characteristicMetadata":[{"name":"userId","value":"Automation_208086670_Individual","metatype":"operational"},{"name":"salesChannel","value":"CallCenter","metatype":"operational"},{"name":"csrId","value":"csrId","metatype":"operational"},{"name":"changeDate","value":"Tue Sep 18 09:40:48 GMT 2018","metatype":"operational"},{"name":"originalSalesChannel","value":"CallCenter","metatype":"operational"}]},{"name":"Plan_Type","value":"Phone_Plan","localizedName":"Plan Type","characteristicMetadata":[{"name":"userId","value":"Automation_208086670_Individual","metatype":"operational"},{"name":"salesChannel","value":"CallCenter","metatype":"operational"},{"name":"csrId","value":"csrId","metatype":"operational"},{"name":"changeDate","value":"Tue Sep 18 09:40:48 GMT 2018","metatype":"operational"},{"name":"originalSalesChannel","value":"CallCenter","metatype":"operational"}]},{"name":"Talk","value":"500_Calls_to_Any_Network","localizedName":"Talk","characteristicMetadata":[{"name":"userId","value":"Automation_208086670_Individual","metatype":"operational"},{"name":"salesChannel","value":"CallCenter","metatype":"operational"},{"name":"csrId","value":"csrId","metatype":"operational"},{"name":"changeDate","value":"Tue Sep 18 09:40:48 GMT 2018","metatype":"operational"},{"name":"originalSalesChannel","value":"CallCenter","metatype":"operational"}]},{"name":"Data","value":"3","localizedName":"Data","characteristicMetadata":[{"name":"userId","value":"Automation_208086670_Individual","metatype":"operational"},{"name":"salesChannel","value":"CallCenter","metatype":"operational"},{"name":"csrId","value":"csrId","metatype":"operational"},{"name":"changeDate","value":"Tue Sep 18 09:40:48 GMT 2018","metatype":"operational"},{"name":"originalSalesChannel","value":"CallCenter","metatype":"operational"}]},{"name":"Text","value":"Unlimited_SMS_to_Any_Network","localizedName":"Text","characteristicMetadata":[{"name":"userId","value":"Automation_208086670_Individual","metatype":"operational"},{"name":"salesChannel","value":"CallCenter","metatype":"operational"},{"name":"csrId","value":"csrId","metatype":"operational"},{"name":"changeDate","value":"Tue Sep 18 09:40:48 GMT 2018","metatype":"operational"},{"name":"originalSalesChannel","value":"CallCenter","metatype":"operational"}]}],"place":[],"productRelationship":[{"type":"bundled","product":{"id":null,"version":null,"href":null,"name":null,"status":null,"primaryProductId":null,"actionDate":null,"relatedParty":[],"productOrderRef":null,"productSpecification":[{"id":"20defa33d7f54eeabcbfa546cf549a0f","href":null,"name":"Mobile","type":"Mobile"}],"characteristic":[{"name":"Technology","value":"4G","localizedName":"Technology","characteristicMetadata":[{"name":"userId","value":"Automation_208086670_Individual","metatype":"operational"},{"name":"salesChannel","value":"CallCenter","metatype":"operational"},{"name":"csrId","value":"csrId","metatype":"operational"},{"name":"changeDate","value":"Tue Sep 18 09:40:48 GMT 2018","metatype":"operational"},{"name":"originalSalesChannel","value":"CallCenter","metatype":"operational"}]}],"place":[],"productRelationship":[{"type":"bundled","product":{"id":null,"version":null,"href":null,"name":null,"status":null,"primaryProductId":null,"actionDate":null,"relatedParty":[],"productOrderRef":null,"productSpecification":[{"id":"fe2488fe33e74b30a3e0195e8a5c25d5","href":null,"name":"Messaging","type":"Messaging"}],"characteristic":[{"name":"Premium_SMS_Barring","value":"False","localizedName":"Premium SMS Barring ","characteristicMetadata":[{"name":"userId","value":"Automation_208086670_Individual","metatype":"operational"},{"name":"salesChannel","value":"CallCenter","metatype":"operational"},{"name":"csrId","value":"csrId","metatype":"operational"},{"name":"changeDate","value":"Tue Sep 18 09:40:48 GMT 2018","metatype":"operational"},{"name":"originalSalesChannel","value":"CallCenter","metatype":"operational"}]},{"name":"SMS_Outgoing_Barring","value":"False","localizedName":"SMS Outgoing Barring","characteristicMetadata":[{"name":"userId","value":"Automation_208086670_Individual","metatype":"operational"},{"name":"salesChannel","value":"CallCenter","metatype":"operational"},{"name":"csrId","value":"csrId","metatype":"operational"},{"name":"changeDate","value":"Tue Sep 18 09:40:48 GMT 2018","metatype":"operational"},{"name":"originalSalesChannel","value":"CallCenter","metatype":"operational"}]},{"name":"MMS_Barring","value":"False","localizedName":"MMS Barring","characteristicMetadata":[{"name":"userId","value":"Automation_208086670_Individual","metatype":"operational"},{"name":"salesChannel","value":"CallCenter","metatype":"operational"},{"name":"csrId","value":"csrId","metatype":"operational"},{"name":"changeDate","value":"Tue Sep 18 09:40:48 GMT 2018","metatype":"operational"},{"name":"originalSalesChannel","value":"CallCenter","metatype":"operational"}]}],"place":[],"productRelationship":[],"referenceId":"c57700bd-cc37-4fe8-a509-285600577e6a","terminationDate":null,"activationDate":null}},{"type":"bundled","product":{"id":null,"version":null,"href":null,"name":null,"status":null,"primaryProductId":null,"actionDate":null,"relatedParty":[],"productOrderRef":null,"productSpecification":[{"id":"9416ae26f66e4a41a7c86945d8926555","href":null,"name":"Voice","type":"Voice"}],"characteristic":[{"name":"Call_Waiting_Barring","value":"False","localizedName":"Call Waiting Barring","characteristicMetadata":[{"name":"userId","value":"Automation_208086670_Individual","metatype":"operational"},{"name":"salesChannel","value":"CallCenter","metatype":"operational"},{"name":"csrId","value":"csrId","metatype":"operational"},{"name":"changeDate","value":"Tue Sep 18 09:40:48 GMT 2018","metatype":"operational"},{"name":"originalSalesChannel","value":"CallCenter","metatype":"operational"}]},{"name":"Lost_Call_Notification_Barring","value":"False","localizedName":"Lost Call Notification Barring","characteristicMetadata":[{"name":"userId","value":"Automation_208086670_Individual","metatype":"operational"},{"name":"salesChannel","value":"CallCenter","metatype":"operational"},{"name":"csrId","value":"csrId","metatype":"operational"},{"name":"changeDate","value":"Tue Sep 18 09:40:48 GMT 2018","metatype":"operational"},{"name":"originalSalesChannel","value":"CallCenter","metatype":"operational"}]},{"name":"Premium_Calls_Barring","value":"False","localizedName":"Premium Calls Barring","characteristicMetadata":[{"name":"userId","value":"Automation_208086670_Individual","metatype":"operational"},{"name":"salesChannel","value":"CallCenter","metatype":"operational"},{"name":"csrId","value":"csrId","metatype":"operational"},{"name":"changeDate","value":"Tue Sep 18 09:40:48 GMT 2018","metatype":"operational"},{"name":"originalSalesChannel","value":"CallCenter","metatype":"operational"}]},{"name":"Outgoing_Calls_Barring","value":"False","localizedName":"Outgoing Calls Barring","characteristicMetadata":[{"name":"userId","value":"Automation_208086670_Individual","metatype":"operational"},{"name":"salesChannel","value":"CallCenter","metatype":"operational"},{"name":"csrId","value":"csrId","metatype":"operational"},{"name":"changeDate","value":"Tue Sep 18 09:40:48 GMT 2018","metatype":"operational"},{"name":"originalSalesChannel","value":"CallCenter","metatype":"operational"}]},{"name":"Hide_Caller_Number","value":"False","localizedName":"Hide Caller Number","characteristicMetadata":[{"name":"userId","value":"Automation_208086670_Individual","metatype":"operational"},{"name":"salesChannel","value":"CallCenter","metatype":"operational"},{"name":"csrId","value":"csrId","metatype":"operational"},{"name":"changeDate","value":"Tue Sep 18 09:40:48 GMT 2018","metatype":"operational"},{"name":"originalSalesChannel","value":"CallCenter","metatype":"operational"}]},{"name":"Three_Way_Calling","value":"False","localizedName":"Three-Way Calling","characteristicMetadata":[{"name":"userId","value":"Automation_208086670_Individual","metatype":"operational"},{"name":"salesChannel","value":"CallCenter","metatype":"operational"},{"name":"csrId","value":"csrId","metatype":"operational"},{"name":"changeDate","value":"Tue Sep 18 09:40:48 GMT 2018","metatype":"operational"},{"name":"originalSalesChannel","value":"CallCenter","metatype":"operational"}]},{"name":"Call_Forward","value":"False","localizedName":"Call Forward","characteristicMetadata":[{"name":"userId","value":"Automation_208086670_Individual","metatype":"operational"},{"name":"salesChannel","value":"CallCenter","metatype":"operational"},{"name":"csrId","value":"csrId","metatype":"operational"},{"name":"changeDate","value":"Tue Sep 18 09:40:48 GMT 2018","metatype":"operational"},{"name":"originalSalesChannel","value":"CallCenter","metatype":"operational"}]}],"place":[],"productRelationship":[],"referenceId":"c9389e7e-992f-4079-a499-23156907c8db","terminationDate":null,"activationDate":null}},{"type":"bundled","product":{"id":null,"version":null,"href":null,"name":null,"status":null,"primaryProductId":null,"actionDate":null,"relatedParty":[],"productOrderRef":null,"productSpecification":[{"id":"a654393615f34f41a5fd4624200a5cb6","href":null,"name":"Phone Number","type":"Phone Number"}],"characteristic":[{"name":"Phone_Number","value":null,"localizedName":"Phone Number","characteristicMetadata":[{"name":"userId","value":"Automation_208086670_Individual","metatype":"operational"},{"name":"salesChannel","value":"CallCenter","metatype":"operational"},{"name":"csrId","value":"csrId","metatype":"operational"},{"name":"changeDate","value":"Tue Sep 18 09:40:48 GMT 2018","metatype":"operational"},{"name":"originalSalesChannel","value":"CallCenter","metatype":"operational"}]},{"name":"Resource_Category","value":"Standard","localizedName":"Resource Category","characteristicMetadata":[{"name":"userId","value":"Automation_208086670_Individual","metatype":"operational"},{"name":"salesChannel","value":"CallCenter","metatype":"operational"},{"name":"csrId","value":"csrId","metatype":"operational"},{"name":"changeDate","value":"Tue Sep 18 09:40:48 GMT 2018","metatype":"operational"},{"name":"originalSalesChannel","value":"CallCenter","metatype":"operational"}]}],"place":[],"productRelationship":[{"type":"enabledBy","product":{"id":null,"version":null,"href":null,"name":null,"status":null,"primaryProductId":null,"actionDate":null,"relatedParty":[],"productOrderRef":null,"productSpecification":[],"characteristic":[],"place":[],"productRelationship":[],"referenceId":"e930ebb5-ee01-4c6d-a8ac-8d7bc4cef1ee","terminationDate":null,"activationDate":null}}],"referenceId":"a0105d2c-f2f1-4b0a-ac42-585edd745581","terminationDate":null,"activationDate":null}},{"type":"bundled","product":{"id":null,"version":null,"href":null,"name":null,"status":null,"primaryProductId":null,"actionDate":null,"relatedParty":[],"productOrderRef":null,"productSpecification":[{"id":"f0c9d263d9c14d589dd602012d0980b4","href":null,"name":"Roaming","type":"Roaming"}],"characteristic":[{"name":"Data_Roaming_Barring","value":"False","localizedName":"Data Roaming Barring","characteristicMetadata":[{"name":"userId","value":"Automation_208086670_Individual","metatype":"operational"},{"name":"salesChannel","value":"CallCenter","metatype":"operational"},{"name":"csrId","value":"csrId","metatype":"operational"},{"name":"changeDate","value":"Tue Sep 18 09:40:48 GMT 2018","metatype":"operational"},{"name":"originalSalesChannel","value":"CallCenter","metatype":"operational"}]},{"name":"Voice_Roaming_Barring","value":"False","localizedName":"Voice Roaming Barring","characteristicMetadata":[{"name":"userId","value":"Automation_208086670_Individual","metatype":"operational"},{"name":"salesChannel","value":"CallCenter","metatype":"operational"},{"name":"csrId","value":"csrId","metatype":"operational"},{"name":"changeDate","value":"Tue Sep 18 09:40:48 GMT 2018","metatype":"operational"},{"name":"originalSalesChannel","value":"CallCenter","metatype":"operational"}]},{"name":"Messaging_Roaming_Barring","value":"False","localizedName":"Messaging Roaming Barring","characteristicMetadata":[{"name":"userId","value":"Automation_208086670_Individual","metatype":"operational"},{"name":"salesChannel","value":"CallCenter","metatype":"operational"},{"name":"csrId","value":"csrId","metatype":"operational"},{"name":"changeDate","value":"Tue Sep 18 09:40:48 GMT 2018","metatype":"operational"},{"name":"originalSalesChannel","value":"CallCenter","metatype":"operational"}]}],"place":[],"productRelationship":[],"referenceId":"90873bcb-bb47-4c40-8b7a-9bbe5724784b","terminationDate":null,"activationDate":null}},{"type":"bundled","product":{"id":null,"version":null,"href":null,"name":null,"status":null,"primaryProductId":null,"actionDate":null,"relatedParty":[],"productOrderRef":null,"productSpecification":[{"id":"d1ea77fe040544bca4ed272169acf1c2","href":null,"name":"Data","type":"Data"}],"characteristic":[{"name":"QoS","value":"High","localizedName":"QoS","characteristicMetadata":[{"name":"userId","value":"Automation_208086670_Individual","metatype":"operational"},{"name":"salesChannel","value":"CallCenter","metatype":"operational"},{"name":"csrId","value":"csrId","metatype":"operational"},{"name":"changeDate","value":"Tue Sep 18 09:40:48 GMT 2018","metatype":"operational"},{"name":"originalSalesChannel","value":"CallCenter","metatype":"operational"}]},{"name":"Internet_Browsing_Barring","value":"False","localizedName":"Internet Browsing Barring","characteristicMetadata":[{"name":"userId","value":"Automation_208086670_Individual","metatype":"operational"},{"name":"salesChannel","value":"CallCenter","metatype":"operational"},{"name":"csrId","value":"csrId","metatype":"operational"},{"name":"changeDate","value":"Tue Sep 18 09:40:48 GMT 2018","metatype":"operational"},{"name":"originalSalesChannel","value":"CallCenter","metatype":"operational"}]},{"name":"Content_Barring","value":"False","localizedName":"Content Barring","characteristicMetadata":[{"name":"userId","value":"Automation_208086670_Individual","metatype":"operational"},{"name":"salesChannel","value":"CallCenter","metatype":"operational"},{"name":"csrId","value":"csrId","metatype":"operational"},{"name":"changeDate","value":"Tue Sep 18 09:40:48 GMT 2018","metatype":"operational"},{"name":"originalSalesChannel","value":"CallCenter","metatype":"operational"}]},{"name":"Premium_Content_Barring","value":"False","localizedName":"Premium Content Barring","characteristicMetadata":[{"name":"userId","value":"Automation_208086670_Individual","metatype":"operational"},{"name":"salesChannel","value":"CallCenter","metatype":"operational"},{"name":"csrId","value":"csrId","metatype":"operational"},{"name":"changeDate","value":"Tue Sep 18 09:40:48 GMT 2018","metatype":"operational"},{"name":"originalSalesChannel","value":"CallCenter","metatype":"operational"}]}],"place":[],"productRelationship":[],"referenceId":"f24a7b22-d40f-48e5-91aa-a0cd1a12c5b9","terminationDate":null,"activationDate":null}},{"type":"bundled","product":{"id":null,"version":null,"href":null,"name":null,"status":null,"primaryProductId":null,"actionDate":null,"relatedParty":[],"productOrderRef":null,"productSpecification":[{"id":"144b577471f2418e8a44d817a609a098","href":null,"name":"International","type":"Long Distance"}],"characteristic":[{"name":"Service_Barring","value":"False","localizedName":"Service Barring","characteristicMetadata":[{"name":"userId","value":"Automation_208086670_Individual","metatype":"operational"},{"name":"salesChannel","value":"CallCenter","metatype":"operational"},{"name":"csrId","value":"csrId","metatype":"operational"},{"name":"changeDate","value":"Tue Sep 18 09:40:48 GMT 2018","metatype":"operational"},{"name":"originalSalesChannel","value":"CallCenter","metatype":"operational"}]}],"place":[],"productRelationship":[],"referenceId":"0f4848d4-7cb4-41d0-8526-01f432dc4edc","terminationDate":null,"activationDate":null}}],"referenceId":"e930ebb5-ee01-4c6d-a8ac-8d7bc4cef1ee","terminationDate":null,"activationDate":null}}],"referenceId":"13016c63-9ff7-4723-9047-9a213551cbca","terminationDate":null,"activationDate":null},"billingAccount":null,"appointment":null,"orderItem":[],"productOfferingGroupOption":null,"orderTerm":[{"name":"Mobile_Plan_Bill_Pay_commitment_24","type":"COMMITMENT","duration":{"amount":24,"units":"Month"},"attachment":[],"characteristicMetadata":[{"name":"userId","value":"Automation_208086670_Individual","metatype":"operational"},{"name":"salesChannel","value":"CallCenter","metatype":"operational"},{"name":"csrId","value":"csrId","metatype":"operational"},{"name":"changeDate","value":"Tue Sep 18 09:40:48 GMT 2018","metatype":"operational"},{"name":"originalSalesChannel","value":"CallCenter","metatype":"operational"}],"validFor":{"startDateTime":"2018-09-18T09:40:48Z","endDateTime":"2020-09-18T09:40:48Z"},"freezeDate":null,"impactType":null,"policyId":"ab09e5d788094c348a64b4f104e17167"}],"modifyReason":[],"readOnly":false,"payment":[],"characteristicMetadata":[{"name":"userId","value":"Automation_208086670_Individual","metatype":"operational"},{"name":"salesChannel","value":"CallCenter","metatype":"operational"},{"name":"csrId","value":"csrId","metatype":"operational"},{"name":"changeDate","value":"Tue Sep 18 09:40:48 GMT 2018","metatype":"operational"},{"name":"originalSalesChannel","value":"CallCenter","metatype":"operational"}],"relatedImmediatePromotion":[{"id":"9cc193d9-8e9f-45a3-9d34-289c56d16da5","itemQualificationType":"benefit"}],"extensions":{},"stock":[],"stockReservation":[]},{"id":"ProductOrder_04141405-5455-445b-8288-a22088a20c05_OrderItem_15414551-0110-4018-8a20-020a800a1a90","action":"add","state":"Draft","quantity":1,"externalId":null,"completionDate":null,"requestedStartDate":null,"requestedCompletionDate":"2018-09-18T09:40:48Z","retroactiveChangeDate":null,"itemPrice":[{"id":"fb5e011d74b7439fbd82cc9bccb71a4a","name":"SIM Fee","description":"SIM Card at $9.99","unitOfMeasure":null,"recurringChargePeriod":null,"priceType":"OC","price":{"taxIncludedAmount":{"unit":"USD","value":10.989},"dutyFreeAmount":{"unit":"USD","value":9.99},"taxRate":10,"percentage":null,"priceReduction":null,"taxAmount":{"unit":"USD","value":0.999}},"finalPrice":{"taxIncludedAmount":{"unit":"USD","value":10.989},"dutyFreeAmount":{"unit":"USD","value":9.99},"taxRate":10,"percentage":null,"priceReduction":null,"taxAmount":{"unit":"USD","value":0.999}},"standalonePrice":null,"priceAlteration":[],"billingAccount":null,"immediatePayOption":{"payOption":"Mandatory","payAmount":null,"minPayAmount":null,"payImmediately":true}}],"itemTotalPrice":[{"id":null,"name":null,"description":null,"unitOfMeasure":null,"recurringChargePeriod":null,"priceType":"OC","price":{"taxIncludedAmount":{"unit":"USD","value":10.989},"dutyFreeAmount":{"unit":"USD","value":9.99},"taxRate":10,"percentage":null,"priceReduction":null,"taxAmount":{"unit":"USD","value":0.999}},"finalPrice":{"taxIncludedAmount":{"unit":"USD","value":10.989},"dutyFreeAmount":{"unit":"USD","value":9.99},"taxRate":10,"percentage":null,"priceReduction":null,"taxAmount":{"unit":"USD","value":0.999}},"standalonePrice":{"taxIncludedAmount":{"unit":"USD","value":10.989},"dutyFreeAmount":{"unit":"USD","value":9.99},"taxRate":10,"percentage":null,"priceReduction":null,"taxAmount":{"unit":"USD","value":0.999}},"priceAlteration":[],"billingAccount":null,"immediatePayOption":{"payOption":null,"payAmount":null,"minPayAmount":null,"payImmediately":true}}],"orderItemRelationship":[],"productOffering":{"id":"c5b9e16076fe4faaaace5c7d0cbe0d9b","name":"SIM Card","href":"/v2/productOffering/c5b9e16076fe4faaaace5c7d0cbe0d9b","type":"SIM","serialized":null,"version":null,"attachment":[],"valueRank":null,"durationPolicy":null},"product":{"id":null,"version":null,"href":"/v2/productRefOrValue/","name":null,"status":null,"primaryProductId":null,"actionDate":null,"relatedParty":[],"productOrderRef":null,"productSpecification":[],"characteristic":[{"name":"Available_Shipping_Options","value":"Standard_Post","localizedName":"Available Shipping Options","characteristicMetadata":[{"name":"userId","value":"Automation_208086670_Individual","metatype":"operational"},{"name":"salesChannel","value":"CallCenter","metatype":"operational"},{"name":"csrId","value":"csrId","metatype":"operational"},{"name":"changeDate","value":"Tue Sep 18 09:40:48 GMT 2018","metatype":"operational"},{"name":"originalSalesChannel","value":"CallCenter","metatype":"operational"}]}],"place":[],"productRelationship":[{"type":"bundled","product":{"id":null,"version":null,"href":null,"name":null,"status":null,"primaryProductId":null,"actionDate":null,"relatedParty":[],"productOrderRef":null,"productSpecification":[{"id":"18cbc707510f4c93b94f552011e3af3c","href":null,"name":"SIM","type":"SIM"}],"characteristic":[{"name":"SIM_Type","value":"Nano_SIM","localizedName":"SIM Type","characteristicMetadata":[{"name":"userId","value":"Automation_208086670_Individual","metatype":"operational"},{"name":"salesChannel","value":"CallCenter","metatype":"operational"},{"name":"csrId","value":"csrId","metatype":"operational"},{"name":"changeDate","value":"Tue Sep 18 09:40:48 GMT 2018","metatype":"operational"},{"name":"originalSalesChannel","value":"CallCenter","metatype":"operational"}]},{"name":"Delivery_Method","value":"Indirect_Delivery_Shipping","localizedName":"Delivery Method","characteristicMetadata":[{"name":"userId","value":"Automation_208086670_Individual","metatype":"operational"},{"name":"salesChannel","value":"CallCenter","metatype":"operational"},{"name":"csrId","value":"csrId","metatype":"operational"},{"name":"changeDate","value":"Tue Sep 18 09:40:48 GMT 2018","metatype":"operational"},{"name":"originalSalesChannel","value":"CallCenter","metatype":"operational"}]}],"place":[],"productRelationship":[{"type":"enabledBy","product":{"id":null,"version":null,"href":null,"name":null,"status":null,"primaryProductId":null,"actionDate":null,"relatedParty":[],"productOrderRef":null,"productSpecification":[],"characteristic":[],"place":[],"productRelationship":[],"referenceId":"e930ebb5-ee01-4c6d-a8ac-8d7bc4cef1ee","terminationDate":null,"activationDate":null}}],"referenceId":"0503e169-f830-4610-81a2-1a229005030f","terminationDate":null,"activationDate":null}}],"referenceId":"8fb663ae-6985-426b-84dc-9a0f740642f0","terminationDate":null,"activationDate":null},"billingAccount":null,"appointment":null,"orderItem":[],"productOfferingGroupOption":null,"orderTerm":[],"modifyReason":[],"readOnly":false,"payment":[],"characteristicMetadata":[{"name":"userId","value":"Automation_208086670_Individual","metatype":"operational"},{"name":"salesChannel","value":"CallCenter","metatype":"operational"},{"name":"csrId","value":"csrId","metatype":"operational"},{"name":"changeDate","value":"Tue Sep 18 09:40:48 GMT 2018","metatype":"operational"},{"name":"originalSalesChannel","value":"CallCenter","metatype":"operational"}],"relatedImmediatePromotion":[],"extensions":{},"stock":[],"stockReservation":[]}],"productOfferingGroupOption":null,"orderTerm":[{"name":"NXT_Smart_commitment_for_24_months","type":"COMMITMENT","duration":{"amount":24,"units":"Month"},"attachment":[],"characteristicMetadata":[{"name":"userId","value":"Automation_208086670_Individual","metatype":"operational"},{"name":"salesChannel","value":"CallCenter","metatype":"operational"},{"name":"csrId","value":"csrId","metatype":"operational"},{"name":"changeDate","value":"Tue Sep 18 09:40:48 GMT 2018","metatype":"operational"},{"name":"originalSalesChannel","value":"CallCenter","metatype":"operational"}],"validFor":{"startDateTime":"2018-09-18T09:40:48Z","endDateTime":"2020-09-18T09:40:48Z"},"freezeDate":null,"impactType":null,"policyId":"ab09e5d788094c348a64b4f104e17167"}],"modifyReason":[{"id":"d6dc5055-e574-486f-ac60-afbb3b717073","name":"Customer Request","reasonText":"Customer Request","action":"Add"}],"readOnly":false,"payment":[],"characteristicMetadata":[{"name":"userId","value":"Automation_208086670_Individual","metatype":"operational"},{"name":"salesChannel","value":"CallCenter","metatype":"operational"},{"name":"csrId","value":"csrId","metatype":"operational"},{"name":"changeDate","value":"Tue Sep 18 09:40:48 GMT 2018","metatype":"operational"},{"name":"originalSalesChannel","value":"CallCenter","metatype":"operational"}],"relatedImmediatePromotion":[{"id":"9cc193d9-8e9f-45a3-9d34-289c56d16da5","itemQualificationType":"trigger"}],"extensions":{},"stock":[],"stockReservation":[]}],"orderTotalPrice":[{"id":null,"name":null,"description":null,"unitOfMeasure":null,"recurringChargePeriod":null,"priceType":"RC","price":{"taxIncludedAmount":{"unit":"USD","value":33.0},"dutyFreeAmount":{"unit":"USD","value":30},"taxRate":10,"percentage":null,"priceReduction":null,"taxAmount":{"unit":"USD","value":3.0}},"finalPrice":{"taxIncludedAmount":{"unit":"USD","value":31.9},"dutyFreeAmount":{"unit":"USD","value":29},"taxRate":10,"percentage":null,"priceReduction":null,"taxAmount":{"unit":"USD","value":2.9}},"standalonePrice":{"taxIncludedAmount":{"unit":"USD","value":33.0},"dutyFreeAmount":{"unit":"USD","value":30},"taxRate":10,"percentage":null,"priceReduction":null,"taxAmount":{"unit":"USD","value":3.0}},"priceAlteration":[{"name":null,"description":null,"unitOfMeasure":null,"recurringChargePeriod":null,"priceType":"RC","applicationDuration":null,"priority":null,"alterationType":"Promotion Price Alteration","promotionActionId":null,"promotionInstanceId":null,"alterationProductOfferingPriceId":null,"alterationBundleProductOfferingId":null,"price":{"taxIncludedAmount":null,"dutyFreeAmount":{"unit":"USD","value":1},"taxRate":null,"percentage":null,"priceReduction":null,"taxAmount":null}}],"billingAccount":null,"immediatePayOption":null},{"id":null,"name":null,"description":null,"unitOfMeasure":null,"recurringChargePeriod":null,"priceType":"OC","price":{"taxIncludedAmount":{"unit":"USD","value":5.489},"dutyFreeAmount":{"unit":"USD","value":4.99},"taxRate":10,"percentage":null,"priceReduction":null,"taxAmount":{"unit":"USD","value":0.499}},"finalPrice":{"taxIncludedAmount":{"unit":"USD","value":5.489},"dutyFreeAmount":{"unit":"USD","value":4.99},"taxRate":10,"percentage":null,"priceReduction":null,"taxAmount":{"unit":"USD","value":0.499}},"standalonePrice":{"taxIncludedAmount":{"unit":"USD","value":5.489},"dutyFreeAmount":{"unit":"USD","value":4.99},"taxRate":10,"percentage":null,"priceReduction":null,"taxAmount":{"unit":"USD","value":0.499}},"priceAlteration":[],"billingAccount":null,"immediatePayOption":null},{"id":null,"name":null,"description":null,"unitOfMeasure":null,"recurringChargePeriod":null,"priceType":"OC","price":{"taxIncludedAmount":{"unit":"USD","value":10.989},"dutyFreeAmount":{"unit":"USD","value":9.99},"taxRate":10,"percentage":null,"priceReduction":null,"taxAmount":{"unit":"USD","value":0.999}},"finalPrice":{"taxIncludedAmount":{"unit":"USD","value":10.989},"dutyFreeAmount":{"unit":"USD","value":9.99},"taxRate":10,"percentage":null,"priceReduction":null,"taxAmount":{"unit":"USD","value":0.999}},"standalonePrice":{"taxIncludedAmount":{"unit":"USD","value":10.989},"dutyFreeAmount":{"unit":"USD","value":9.99},"taxRate":10,"percentage":null,"priceReduction":null,"taxAmount":{"unit":"USD","value":0.999}},"priceAlteration":[],"billingAccount":null,"immediatePayOption":{"payOption":null,"payAmount":null,"minPayAmount":null,"payImmediately":true}}],"channel":[{"id":"CallCenter","href":null,"name":"CallCenter"}],"orderRelationship":[],"controlFields":{"createdBy":"Automation_208086670_Individual","createdOn":"2018-09-18T09:40:48Z","lastModifiedBy":"Automation_208086670_Individual","lastModifiedOn":"2018-09-18T09:40:48Z"},"validation":null,"payment":[],"immediatePromotion":[{"id":"9cc193d9-8e9f-45a3-9d34-289c56d16da5","promotion":{"id":"c304f5d01ae64244bdc4951b0aa12f59","name":"Mobile Smart Plan or International Free discount","description":"CROSS-14615 Use Case #4: Discount on Mobile Smart Plan or International Free in Mobile Smart bundle","validFor":{"startDateTime":"2017-01-01T00:00:00Z","endDateTime":"2028-09-12T01:16:08.168Z"},"href":null},"triggerItem":[{"id":"ProductOrder_04141405-5455-445b-8288-a22088a20c05_OrderItem_05151540-1445-4507-8220-2aa8a2001abd","itemType":"order","href":null,"promotionCriteriaGroupId":"1432","pathToRoot":"/ProductOrder_04141405-5455-445b-8288-a22088a20c05_OrderItem_00510515-5404-4046-8aaa-028080aa1896/ProductOrder_04141405-5455-445b-8288-a22088a20c05_OrderItem_05151540-1445-4507-8220-2aa8a2001abd"},{"id":"ProductOrder_04141405-5455-445b-8288-a22088a20c05_OrderItem_00510515-5404-4046-8aaa-028080aa1896","itemType":"order","href":null,"promotionCriteriaGroupId":"1412","pathToRoot":"/ProductOrder_04141405-5455-445b-8288-a22088a20c05_OrderItem_00510515-5404-4046-8aaa-028080aa1896"}],"benefitItem":[{"id":"ProductOrder_04141405-5455-445b-8288-a22088a20c05_OrderItem_05151540-1445-4507-8220-2aa8a2001abd","itemType":"order","promotionCriteriaGroupId":"1432","pathToRoot":"/ProductOrder_04141405-5455-445b-8288-a22088a20c05_OrderItem_00510515-5404-4046-8aaa-028080aa1896/ProductOrder_04141405-5455-445b-8288-a22088a20c05_OrderItem_05151540-1445-4507-8220-2aa8a2001abd","href":null,"action":[{"id":null,"name":null,"description":null,"actionType":"Price Allteration","actionValue":0,"duration":null,"promotionPriceAlteration":{"id":"ab7b78de754443eabb1a7d802de8862e"}}]}]}],"extensions":{},"isCustomerVisible":true}]]>
    </line>
    <line>
      <![CDATA[</div>]]>
    </line>
    <line>
      <![CDATA[</div>]]>
    </line>
    <line>
      <![CDATA[</div>]]>
    </line>
    <line>
      <![CDATA[</div>]]>
    </line>
    <line>
      <![CDATA[</td>]]>
    </line>
    <line>
      <![CDATA[</tr>]]>
    </line>
    <line>
      <![CDATA[<tr class="table-success"><td colspan="2">Response status: expected=200 actual=200; Value: true</td></tr>]]>
    </line>
    <line>
      <![CDATA[<tr><td class="text-dark font-weight-bold">Context Attribute [eTag] Set  </td><td class="" > ProductOrder_04141405-5455-445b-8288-a22088a20c05=1537263647858950144 </td></tr>]]>
    </line>
    <line>
      <![CDATA[<tr><td class="text-dark font-weight-bold">Context Attribute [OrderID] Set  </td><td class="" > ProductOrder_04141405-5455-445b-8288-a22088a20c05 </td></tr>]]>
    </line>
    <line>
      <![CDATA[<tr><td class="text-dark font-weight-bold">Context Attribute [OrderItem] Set  </td><td class="" > ProductOrder_04141405-5455-445b-8288-a22088a20c05_OrderItem_00510515-5404-4046-8aaa-028080aa1896 </td></tr>]]>
    </line>
    <line>
      <![CDATA[<tr><td class="text-dark font-weight-bold">Context Attribute [OrderItem1] Set  </td><td class="" > ProductOrder_04141405-5455-445b-8288-a22088a20c05_OrderItem_05151540-1445-4507-8220-2aa8a2001abd </td></tr>]]>
    </line>
    <line>
      <![CDATA[<tr><td class="text-dark font-weight-bold">Context Attribute [requestedCompletionDate] Set  </td><td class="" > 2018-09-18T09:40:48Z </td></tr>]]>
    </line>
    <line>
      <![CDATA[<tr class="table-warning"><td colspan="2">removeAttribute OrderID from test/suite context</td></tr>]]>
    </line>
    <line>
      <![CDATA[<tr class="table-info"><td class="text-dark font-weight-bold">Request Type </td><td class="" >POST</td></tr>]]>
    </line>
    <line>
      <![CDATA[<tr><td class="text-dark font-weight-bold">URI </td><td class="" > http://ilocpde01w02.corp.amdocs.com:30538/productOrdering/v2/productOrder </td></tr>]]>
    </line>
    <line>
      <![CDATA[<tr><td class="text-dark font-weight-bold" colspan="2">Headers : </td></tr>]]>
    </line>
    <line>
      <![CDATA[<tr>]]>
    </line>
    <line>
      <![CDATA[<td class="text-dark font-weight-bold" >Authorization :</td>]]>
    </line>
    <line>
      <![CDATA[<td class="" >]]>
    </line>
    <line>
      <![CDATA[<a href="" class="alert-link" data-toggle="modal" data-target="#rest_assured_logger_modal_value_49">Show</a>]]>
    </line>
    <line>
      <![CDATA[<div class="modal fade"  id="rest_assured_logger_modal_value_49" tabindex="-1" role="dialog">]]>
    </line>
    <line>
      <![CDATA[<div class="modal-dialog" role="document">]]>
    </line>
    <line>
      <![CDATA[<div class="modal-content">]]>
    </line>
    <line>
      <![CDATA[<div class="modal-header text-white bg-info">]]>
    </line>
    <line>
      <![CDATA[<h5 class="modal-title" id="title1">Authorization</h5>]]>
    </line>
    <line>
      <![CDATA[<span class="h6 text-light ml-2 mt-2">(click on the Text to copy)</span>]]>
    </line>
    <line>
      <![CDATA[<button type="button" class="close" data-dismiss="modal" aria-label="Close">]]>
    </line>
    <line>
      <![CDATA[<span aria-hidden="true">&times;</span>]]>
    </line>
    <line>
      <![CDATA[</button>]]>
    </line>
    <line>
      <![CDATA[</div>]]>
    </line>
    <line>
      <![CDATA[<div onClick="copyMePlease(this)" class="modal-body">]]>
    </line>
    <line>
      <![CDATA[Bearer eyJ4NXQjUzI1NiI6IkxEbGVvYldaYmVZcG9pb0Q0R1hrMWp3US8rUWd1MUs1eXNzQ1JpN3BtelE9IiwidHlwIjoiSldUIiwiYWxnIjoiUlMyNTYifQ.eyJzdWIiOiJBdXRvbWF0aW9uXzIwODA4NjY3MF9JbmRpdmlkdWFsIiwiY3NySWQiOiJjc3JJZCIsInJvbGVzIjpbIkdldEluZGl2aWR1YWwiLCJVcGRhdGVJbmRpdmlkdWFsIiwiQ2F0YWxvZ09uZS5pbXBvcnRlciIsIkdldEN1c3RvbWVyIiwiRGVsZXRlQ3JlZGl0UHJvZmlsZSIsIlByb2R1Y3RPcmRlckxhdW5jaGVyUmVhZCIsIkFwcFRlc3RlclJvbGUiLCJQcm9kdWN0T3JkZXJMYXVuY2hlckNyZWF0ZSIsIkNyZWF0ZVBheW1lbnRNZXRob2QiLCJvcmRlckNoYW5nZU93bmVyc2hpcCIsIlBBUC1QVSIsIlJldHJpZXZlQ3VzdG9tZXIiLCJBbm9ueW1vdXNVc2VyUm9sZSIsIlBBUC1Db21tb24iLCJXcml0ZSIsIlByb2R1Y3RPcmRlckxhdW5jaGVyVXBkYXRlIiwiQWRkUmVsYXRlZFBhcnR5IiwiQ3JlYXRlQ3VzdG9tZXIiLCJDcmVhdGVJbmRpdmlkdWFsIiwiU2VhcmNoSW5kaXZpZHVhbCIsIkdldEN1c3RvbWVyRW50aXR5IiwiVXBkYXRlQ3JlZGl0UHJvZmlsZSIsIkNoYW5nZU93bmVyc2hpcFJvbGUiLCJBc21TZXJ2aWNlc0FwcElkZW50aXR5IiwiRGVsZXRlSW5kaXZpZHVhbCIsImNzciIsIlJldHJpZXZlQ3VzdG9tZXJFbnRpdHkiLCJFdmFsdWF0ZUNyZWRpdFByb2ZpbGUiLCJSZXRyZWl2ZVBheW1lbnRNZXRob2QiLCJQcm9kdWN0T3JkZXJMYXVuY2hlckRlbGV0ZSIsIlJldHJpZXZlSW5kaXZpZHVhbCIsIlNUUy1Db21tb24iLCJDcmVhdGVDdXN0b21lckVudGl0eSJdLCJjdXN0b21lcklkIjoiQ3VzdG9tZXJfNDAzMDYiLCJpc3MiOiJBM1Nab25lMUBBM1MuYW1kb2NzLmNvbSIsIm9pdCI6MTUzNzI2MzY0NSwic2FsZXNDaGFubmVsIjoiQ2FsbENlbnRlciIsImV4cCI6MTUzNzI3MDg0NSwiaWF0IjoxNTM3MjYzNjQ1LCJ0dGwiOjE1MzcyOTI0NDUsImp0aSI6Ijc0ZTE5NWFjNzQ1MGZhNjU5ZTI1MDEzNGZjN2JhYTllN2Y4ZTQ4ZmJjNmEzMDM1MjAzZjcyZWIwYzJiNjIwNDAifQ.SJEglfX2g31q71slR0icYEu484uS8aOetkvVbn5lS4NilW3ozAVyVxhByAYP-T1DprCTn3_w8xp2AehnAzrVZ6_Hl0rvZYbhuQHNnUyw1DzullKx8-3vWs1eQhb7Q767kCVMJwteYloR6Xkk9SIiHpiyc2WuR8B0eXy2fUu55jRKSfX1nI7iTWIhAovBoS3VRkqOTl-moPZaDWHSYJExx1vqFb9U4-TC0D0F7ZIXu-gkGaPPkBOacnU1a1sqrOghEaSaBTj9idexSg2aUM8wb-8_1lXBBho6pYi3c20e4PCJkErXdysuWkgJsc29r0xje_HlmgbK4rScVlPv1zBQ8g]]>
    </line>
    <line>
      <![CDATA[</div>]]>
    </line>
    <line>
      <![CDATA[</div>]]>
    </line>
    <line>
      <![CDATA[</div>]]>
    </line>
    <line>
      <![CDATA[</div>]]>
    </line>
    <line>
      <![CDATA[</td>]]>
    </line>
    <line>
      <![CDATA[</tr>]]>
    </line>
    <line>
      <![CDATA[<tr><td class="text-dark font-weight-bold">Accept </td><td class="" > application/json </td></tr>]]>
    </line>
    <line>
      <![CDATA[<tr><td class="text-dark font-weight-bold">Custom-Header </td><td class="" > {"salesChannel":"CallCenter","customerId":"Customer_40306","sessionId":"188651131"} </td></tr>]]>
    </line>
    <line>
      <![CDATA[<tr><td class="text-dark font-weight-bold">Accept-Language </td><td class="" > en_US </td></tr>]]>
    </line>
    <line>
      <![CDATA[<tr><td class="text-dark font-weight-bold">Content-Type </td><td class="" > application/json </td></tr>]]>
    </line>
    <line>
      <![CDATA[<tr>]]>
    </line>
    <line>
      <![CDATA[<td class="text-dark font-weight-bold" >Payload :</td>]]>
    </line>
    <line>
      <![CDATA[<td class="" >]]>
    </line>
    <line>
      <![CDATA[<a href="" class="alert-link" data-toggle="modal" data-target="#rest_assured_logger_modal_value_50">Show</a>]]>
    </line>
    <line>
      <![CDATA[<div class="modal fade"  id="rest_assured_logger_modal_value_50" tabindex="-1" role="dialog">]]>
    </line>
    <line>
      <![CDATA[<div class="modal-dialog" role="document">]]>
    </line>
    <line>
      <![CDATA[<div class="modal-content">]]>
    </line>
    <line>
      <![CDATA[<div class="modal-header text-white bg-info">]]>
    </line>
    <line>
      <![CDATA[<h5 class="modal-title" id="title1">Payload</h5>]]>
    </line>
    <line>
      <![CDATA[<span class="h6 text-light ml-2 mt-2">(click on the Text to copy)</span>]]>
    </line>
    <line>
      <![CDATA[<button type="button" class="close" data-dismiss="modal" aria-label="Close">]]>
    </line>
    <line>
      <![CDATA[<span aria-hidden="true">&times;</span>]]>
    </line>
    <line>
      <![CDATA[</button>]]>
    </line>
    <line>
      <![CDATA[</div>]]>
    </line>
    <line>
      <![CDATA[<div onClick="copyMePlease(this)" class="modal-body">]]>
    </line>
    <line>
      <![CDATA[{"orderItem":[{"quantity":"1","productOffering":{"id":"e5790aab9f5840a593a0bfc262eddaa5"},"action":"Add","billingAccount":{"id":"12121"},"modifyReason":[{"reasonText":"Customer Request","name":"Customer Request","action":"Add"}]}],"channel":[{"name":"CallCenter","id":"CallCenter"}],"description":"Special Order","relatedParty":[{"role":"customer","id":"Customer_40306"}]}]]>
    </line>
    <line>
      <![CDATA[</div>]]>
    </line>
    <line>
      <![CDATA[</div>]]>
    </line>
    <line>
      <![CDATA[</div>]]>
    </line>
    <line>
      <![CDATA[</div>]]>
    </line>
    <line>
      <![CDATA[</td>]]>
    </line>
    <line>
      <![CDATA[</tr>]]>
    </line>
    <line>
      <![CDATA[<tr>]]>
    </line>
    <line>
      <![CDATA[<td class="text-dark font-weight-bold" >Response Header :</td>]]>
    </line>
    <line>
      <![CDATA[<td class="" >]]>
    </line>
    <line>
      <![CDATA[<a href="" class="alert-link" data-toggle="modal" data-target="#modal_value_17">Show</a>]]>
    </line>
    <line>
      <![CDATA[<div class="modal fade"  id="modal_value_17" tabindex="-1" role="dialog">]]>
    </line>
    <line>
      <![CDATA[<div class="modal-dialog" role="document">]]>
    </line>
    <line>
      <![CDATA[<div class="modal-content">]]>
    </line>
    <line>
      <![CDATA[<div class="modal-header text-white bg-info">]]>
    </line>
    <line>
      <![CDATA[<h5 class="modal-title" id="title1">Response Header</h5>]]>
    </line>
    <line>
      <![CDATA[<span class="h6 text-light ml-2 mt-2">(click on the Text to copy)</span>]]>
    </line>
    <line>
      <![CDATA[<button type="button" class="close" data-dismiss="modal" aria-label="Close">]]>
    </line>
    <line>
      <![CDATA[<span aria-hidden="true">&times;</span>]]>
    </line>
    <line>
      <![CDATA[</button>]]>
    </line>
    <line>
      <![CDATA[</div>]]>
    </line>
    <line>
      <![CDATA[<div onClick="copyMePlease(this)" class="modal-body">]]>
    </line>
    <line>
      <![CDATA[X-Application-Context=productorder-productorder-ms:8080
	X-DOX-TraceId=ACE5B203BECC4C42
	ETag=ProductOrder_04014544-1515-4055-80aa-8a2a8a220432=1537263649989853184
	X-Content-Type-Options=nosniff
	X-XSS-Protection=1; mode=block
	Cache-Control=no-cache, no-store, max-age=0, must-revalidate
	Pragma=no-cache
	Expires=0
	X-Frame-Options=DENY
	Content-Type=application/json;charset=UTF-8
	Transfer-Encoding=chunked
	Date=Tue, 18 Sep 2018 09:40:51 GMT]]>
    </line>
    <line>
      <![CDATA[</div>]]>
    </line>
    <line>
      <![CDATA[</div>]]>
    </line>
    <line>
      <![CDATA[</div>]]>
    </line>
    <line>
      <![CDATA[</div>]]>
    </line>
    <line>
      <![CDATA[</td>]]>
    </line>
    <line>
      <![CDATA[</tr>]]>
    </line>
    <line>
      <![CDATA[<tr>]]>
    </line>
    <line>
      <![CDATA[<td class="text-dark font-weight-bold" >Response :</td>]]>
    </line>
    <line>
      <![CDATA[<td class="" >]]>
    </line>
    <line>
      <![CDATA[<a href="" class="alert-link" data-toggle="modal" data-target="#rest_assured_logger_modal_value_51">Show</a>]]>
    </line>
    <line>
      <![CDATA[<div class="modal fade"  id="rest_assured_logger_modal_value_51" tabindex="-1" role="dialog">]]>
    </line>
    <line>
      <![CDATA[<div class="modal-dialog" role="document">]]>
    </line>
    <line>
      <![CDATA[<div class="modal-content">]]>
    </line>
    <line>
      <![CDATA[<div class="modal-header text-white bg-info">]]>
    </line>
    <line>
      <![CDATA[<h5 class="modal-title" id="title1">Response</h5>]]>
    </line>
    <line>
      <![CDATA[<span class="h6 text-light ml-2 mt-2">(click on the Text to copy)</span>]]>
    </line>
    <line>
      <![CDATA[<button type="button" class="close" data-dismiss="modal" aria-label="Close">]]>
    </line>
    <line>
      <![CDATA[<span aria-hidden="true">&times;</span>]]>
    </line>
    <line>
      <![CDATA[</button>]]>
    </line>
    <line>
      <![CDATA[</div>]]>
    </line>
    <line>
      <![CDATA[<div onClick="copyMePlease(this)" class="modal-body">]]>
    </line>
    <line>
      <![CDATA[{"id":"ProductOrder_04014544-1515-4055-80aa-8a2a8a220432","href":"/v2/productOrder/ProductOrder_04014544-1515-4055-80aa-8a2a8a220432","category":null,"priority":null,"description":"Special Order","state":"Draft","externalId":null,"orderDate":"2018-09-18T09:40:50Z","completionDate":null,"requestedStartDate":null,"requestedCompletionDate":"2018-09-18T09:40:50Z","expectedCompletionDate":null,"orderPriceDate":"2018-09-18T09:40:51.058Z","notificationContact":null,"relatedParty":[{"id":"Customer_40306","href":"/v2/relatedParty/Customer_40306","name":null,"role":"customer"}],"billingAccount":null,"orderItem":[{"id":"ProductOrder_04014544-1515-4055-80aa-8a2a8a220432_OrderItem_10101101-1055-4018-a8a2-022282821ab9","action":"add","state":"Draft","quantity":1,"externalId":null,"completionDate":null,"requestedStartDate":null,"requestedCompletionDate":"2018-09-18T09:40:50Z","retroactiveChangeDate":null,"itemPrice":[{"id":"8bf0f45cc38d4a6982c7f0c2f0012335","name":"Samsung Galaxy S6 128GB White Pearl charge","description":"SIM card charge per SIM type","unitOfMeasure":null,"recurringChargePeriod":null,"priceType":"OC","price":{"taxIncludedAmount":{"unit":"USD","value":713.9},"dutyFreeAmount":{"unit":"USD","value":649},"taxRate":10,"percentage":null,"priceReduction":null,"taxAmount":{"unit":"USD","value":64.9}},"finalPrice":{"taxIncludedAmount":{"unit":"USD","value":713.9},"dutyFreeAmount":{"unit":"USD","value":649},"taxRate":10,"percentage":null,"priceReduction":null,"taxAmount":{"unit":"USD","value":64.9}},"standalonePrice":null,"priceAlteration":[],"billingAccount":null,"immediatePayOption":{"payOption":"Mandatory","payAmount":null,"minPayAmount":null,"payImmediately":true}}],"itemTotalPrice":[{"id":null,"name":null,"description":null,"unitOfMeasure":null,"recurringChargePeriod":null,"priceType":"OC","price":{"taxIncludedAmount":{"unit":"USD","value":713.9},"dutyFreeAmount":{"unit":"USD","value":649},"taxRate":10,"percentage":null,"priceReduction":null,"taxAmount":{"unit":"USD","value":64.9}},"finalPrice":{"taxIncludedAmount":{"unit":"USD","value":713.9},"dutyFreeAmount":{"unit":"USD","value":649},"taxRate":10,"percentage":null,"priceReduction":null,"taxAmount":{"unit":"USD","value":64.9}},"standalonePrice":{"taxIncludedAmount":{"unit":"USD","value":713.9},"dutyFreeAmount":{"unit":"USD","value":649},"taxRate":10,"percentage":null,"priceReduction":null,"taxAmount":{"unit":"USD","value":64.9}},"priceAlteration":[],"billingAccount":null,"immediatePayOption":{"payOption":null,"payAmount":null,"minPayAmount":null,"payImmediately":true}}],"orderItemRelationship":[],"productOffering":{"id":"e5790aab9f5840a593a0bfc262eddaa5","name":"Samsung Galaxy S6 128GB White Pearl","href":"/v2/productOffering/e5790aab9f5840a593a0bfc262eddaa5","type":"Mobile_Device","serialized":null,"version":null,"attachment":[],"valueRank":65,"durationPolicy":null},"product":{"id":null,"version":null,"href":"/v2/productRefOrValue/","name":null,"status":null,"primaryProductId":null,"actionDate":null,"relatedParty":[],"productOrderRef":null,"productSpecification":[],"characteristic":[{"name":"Available_Shipping_Options","value":"Courier","localizedName":"Available Shipping Options","characteristicMetadata":[{"name":"userId","value":"Automation_208086670_Individual","metatype":"operational"},{"name":"salesChannel","value":"CallCenter","metatype":"operational"},{"name":"csrId","value":"csrId","metatype":"operational"},{"name":"changeDate","value":"Tue Sep 18 09:40:50 GMT 2018","metatype":"operational"},{"name":"originalSalesChannel","value":"CallCenter","metatype":"operational"}]},{"name":"Plan_Options","value":"With_Plan","localizedName":"Plan Options","characteristicMetadata":[{"name":"userId","value":"Automation_208086670_Individual","metatype":"operational"},{"name":"salesChannel","value":"CallCenter","metatype":"operational"},{"name":"csrId","value":"csrId","metatype":"operational"},{"name":"changeDate","value":"Tue Sep 18 09:40:50 GMT 2018","metatype":"operational"},{"name":"originalSalesChannel","value":"CallCenter","metatype":"operational"}]},{"name":"Purchase_Options","value":"Installments","localizedName":"Purchase Options","characteristicMetadata":[{"name":"userId","value":"Automation_208086670_Individual","metatype":"operational"},{"name":"salesChannel","value":"CallCenter","metatype":"operational"},{"name":"csrId","value":"csrId","metatype":"operational"},{"name":"changeDate","value":"Tue Sep 18 09:40:50 GMT 2018","metatype":"operational"},{"name":"originalSalesChannel","value":"CallCenter","metatype":"operational"}]}],"place":[],"productRelationship":[{"type":"bundled","product":{"id":null,"version":null,"href":null,"name":null,"status":null,"primaryProductId":null,"actionDate":null,"relatedParty":[],"productOrderRef":null,"productSpecification":[{"id":"b70c936af809406d9259971e14314f0d","href":null,"name":"Samsung Galaxy S6 128GB White Pearl","type":"Mobile Device"}],"characteristic":[{"name":"Brand","value":"Samsung","localizedName":"Brand","characteristicMetadata":[{"name":"userId","value":"Automation_208086670_Individual","metatype":"operational"},{"name":"salesChannel","value":"CallCenter","metatype":"operational"},{"name":"csrId","value":"csrId","metatype":"operational"},{"name":"changeDate","value":"Tue Sep 18 09:40:50 GMT 2018","metatype":"operational"},{"name":"originalSalesChannel","value":"CallCenter","metatype":"operational"}]},{"name":"Model","value":"Galaxy_S6","localizedName":"Model","characteristicMetadata":[{"name":"userId","value":"Automation_208086670_Individual","metatype":"operational"},{"name":"salesChannel","value":"CallCenter","metatype":"operational"},{"name":"csrId","value":"csrId","metatype":"operational"},{"name":"changeDate","value":"Tue Sep 18 09:40:50 GMT 2018","metatype":"operational"},{"name":"originalSalesChannel","value":"CallCenter","metatype":"operational"}]},{"name":"Device_Type","value":"Smartphone","localizedName":"Device Type","characteristicMetadata":[{"name":"userId","value":"Automation_208086670_Individual","metatype":"operational"},{"name":"salesChannel","value":"CallCenter","metatype":"operational"},{"name":"csrId","value":"csrId","metatype":"operational"},{"name":"changeDate","value":"Tue Sep 18 09:40:50 GMT 2018","metatype":"operational"},{"name":"originalSalesChannel","value":"CallCenter","metatype":"operational"}]},{"name":"SIM_Type","value":"Nano_SIM","localizedName":"SIM Type","characteristicMetadata":[{"name":"userId","value":"Automation_208086670_Individual","metatype":"operational"},{"name":"salesChannel","value":"CallCenter","metatype":"operational"},{"name":"csrId","value":"csrId","metatype":"operational"},{"name":"changeDate","value":"Tue Sep 18 09:40:50 GMT 2018","metatype":"operational"},{"name":"originalSalesChannel","value":"CallCenter","metatype":"operational"}]},{"name":"Warranty_Duration","value":"12","localizedName":"Warranty Duration","characteristicMetadata":[{"name":"userId","value":"Automation_208086670_Individual","metatype":"operational"},{"name":"salesChannel","value":"CallCenter","metatype":"operational"},{"name":"csrId","value":"csrId","metatype":"operational"},{"name":"changeDate","value":"Tue Sep 18 09:40:50 GMT 2018","metatype":"operational"},{"name":"originalSalesChannel","value":"CallCenter","metatype":"operational"}]},{"name":"Color","value":"White_Pearl","localizedName":"Color","characteristicMetadata":[{"name":"userId","value":"Automation_208086670_Individual","metatype":"operational"},{"name":"salesChannel","value":"CallCenter","metatype":"operational"},{"name":"csrId","value":"csrId","metatype":"operational"},{"name":"changeDate","value":"Tue Sep 18 09:40:50 GMT 2018","metatype":"operational"},{"name":"originalSalesChannel","value":"CallCenter","metatype":"operational"}]},{"name":"Weight","value":"138_gr","localizedName":"Weight","characteristicMetadata":[{"name":"userId","value":"Automation_208086670_Individual","metatype":"operational"},{"name":"salesChannel","value":"CallCenter","metatype":"operational"},{"name":"csrId","value":"csrId","metatype":"operational"},{"name":"changeDate","value":"Tue Sep 18 09:40:50 GMT 2018","metatype":"operational"},{"name":"originalSalesChannel","value":"CallCenter","metatype":"operational"}]},{"name":"Operating_System","value":"Android","localizedName":"Operating System","characteristicMetadata":[{"name":"userId","value":"Automation_208086670_Individual","metatype":"operational"},{"name":"salesChannel","value":"CallCenter","metatype":"operational"},{"name":"csrId","value":"csrId","metatype":"operational"},{"name":"changeDate","value":"Tue Sep 18 09:40:50 GMT 2018","metatype":"operational"},{"name":"originalSalesChannel","value":"CallCenter","metatype":"operational"}]},{"name":"Memory_Size","value":"128GB","localizedName":"Memory Size","characteristicMetadata":[{"name":"userId","value":"Automation_208086670_Individual","metatype":"operational"},{"name":"salesChannel","value":"CallCenter","metatype":"operational"},{"name":"csrId","value":"csrId","metatype":"operational"},{"name":"changeDate","value":"Tue Sep 18 09:40:50 GMT 2018","metatype":"operational"},{"name":"originalSalesChannel","value":"CallCenter","metatype":"operational"}]},{"name":"Screen_Size","value":"5.1_in","localizedName":"Screen Size","characteristicMetadata":[{"name":"userId","value":"Automation_208086670_Individual","metatype":"operational"},{"name":"salesChannel","value":"CallCenter","metatype":"operational"},{"name":"csrId","value":"csrId","metatype":"operational"},{"name":"changeDate","value":"Tue Sep 18 09:40:50 GMT 2018","metatype":"operational"},{"name":"originalSalesChannel","value":"CallCenter","metatype":"operational"}]},{"name":"Delivery_Method","value":"Indirect_Delivery_Shipping","localizedName":"Delivery Method","characteristicMetadata":[{"name":"userId","value":"Automation_208086670_Individual","metatype":"operational"},{"name":"salesChannel","value":"CallCenter","metatype":"operational"},{"name":"csrId","value":"csrId","metatype":"operational"},{"name":"changeDate","value":"Tue Sep 18 09:40:50 GMT 2018","metatype":"operational"},{"name":"originalSalesChannel","value":"CallCenter","metatype":"operational"}]},{"name":"SKU","value":"10055GLXY6128WP","localizedName":"SKU","characteristicMetadata":[{"name":"userId","value":"Automation_208086670_Individual","metatype":"operational"},{"name":"salesChannel","value":"CallCenter","metatype":"operational"},{"name":"csrId","value":"csrId","metatype":"operational"},{"name":"changeDate","value":"Tue Sep 18 09:40:50 GMT 2018","metatype":"operational"},{"name":"originalSalesChannel","value":"CallCenter","metatype":"operational"}]},{"name":"Size","value":"143.4x70.5x6.8","localizedName":"Size","characteristicMetadata":[{"name":"userId","value":"Automation_208086670_Individual","metatype":"operational"},{"name":"salesChannel","value":"CallCenter","metatype":"operational"},{"name":"csrId","value":"csrId","metatype":"operational"},{"name":"changeDate","value":"Tue Sep 18 09:40:50 GMT 2018","metatype":"operational"},{"name":"originalSalesChannel","value":"CallCenter","metatype":"operational"}]},{"name":"CameraResolution","value":"16","localizedName":"Camera Resolution","characteristicMetadata":[{"name":"userId","value":"Automation_208086670_Individual","metatype":"operational"},{"name":"salesChannel","value":"CallCenter","metatype":"operational"},{"name":"csrId","value":"csrId","metatype":"operational"},{"name":"changeDate","value":"Tue Sep 18 09:40:50 GMT 2018","metatype":"operational"},{"name":"originalSalesChannel","value":"CallCenter","metatype":"operational"}]}],"place":[],"productRelationship":[],"referenceId":"fbf44732-1788-4944-a7e9-d1728fa4b57d","terminationDate":null,"activationDate":null}}],"referenceId":"b412eb1b-0c60-462c-af4a-edb00d1476ff","terminationDate":null,"activationDate":null},"billingAccount":{"id":"12121","href":"''/v2/TBA/12121","name":null},"appointment":null,"orderItem":[],"productOfferingGroupOption":null,"orderTerm":[],"modifyReason":[{"id":"9bd7af64-64d5-4746-85e5-5852e17d72ab","name":"Customer Request","reasonText":"Customer Request","action":"Add"}],"readOnly":false,"payment":[],"characteristicMetadata":[{"name":"userId","value":"Automation_208086670_Individual","metatype":"operational"},{"name":"salesChannel","value":"CallCenter","metatype":"operational"},{"name":"csrId","value":"csrId","metatype":"operational"},{"name":"changeDate","value":"Tue Sep 18 09:40:50 GMT 2018","metatype":"operational"},{"name":"originalSalesChannel","value":"CallCenter","metatype":"operational"}],"relatedImmediatePromotion":[],"extensions":{},"stock":[],"stockReservation":[]}],"orderTotalPrice":[{"id":null,"name":null,"description":null,"unitOfMeasure":null,"recurringChargePeriod":null,"priceType":"OC","price":{"taxIncludedAmount":{"unit":"USD","value":713.9},"dutyFreeAmount":{"unit":"USD","value":649},"taxRate":10,"percentage":null,"priceReduction":null,"taxAmount":{"unit":"USD","value":64.9}},"finalPrice":{"taxIncludedAmount":{"unit":"USD","value":713.9},"dutyFreeAmount":{"unit":"USD","value":649},"taxRate":10,"percentage":null,"priceReduction":null,"taxAmount":{"unit":"USD","value":64.9}},"standalonePrice":{"taxIncludedAmount":{"unit":"USD","value":713.9},"dutyFreeAmount":{"unit":"USD","value":649},"taxRate":10,"percentage":null,"priceReduction":null,"taxAmount":{"unit":"USD","value":64.9}},"priceAlteration":[],"billingAccount":null,"immediatePayOption":{"payOption":null,"payAmount":null,"minPayAmount":null,"payImmediately":true}}],"channel":[{"id":"CallCenter","href":null,"name":"CallCenter"}],"orderRelationship":[],"controlFields":{"createdBy":"Automation_208086670_Individual","createdOn":"2018-09-18T09:40:51Z","lastModifiedBy":"Automation_208086670_Individual","lastModifiedOn":"2018-09-18T09:40:51Z"},"validation":null,"payment":[],"immediatePromotion":[],"extensions":{},"isCustomerVisible":true}]]>
    </line>
    <line>
      <![CDATA[</div>]]>
    </line>
    <line>
      <![CDATA[</div>]]>
    </line>
    <line>
      <![CDATA[</div>]]>
    </line>
    <line>
      <![CDATA[</div>]]>
    </line>
    <line>
      <![CDATA[</td>]]>
    </line>
    <line>
      <![CDATA[</tr>]]>
    </line>
    <line>
      <![CDATA[<tr class="table-success"><td colspan="2">Response status: expected=201 actual=201; Value: true</td></tr>]]>
    </line>
    <line>
      <![CDATA[<tr><td class="text-dark font-weight-bold">Order ID  </td><td class="" > ProductOrder_04014544-1515-4055-80aa-8a2a8a220432 </td></tr>]]>
    </line>
    <line>
      <![CDATA[<tr><td class="text-dark font-weight-bold">Context Attribute [OrderID] Set  </td><td class="" > ProductOrder_04014544-1515-4055-80aa-8a2a8a220432 </td></tr>]]>
    </line>
    <line>
      <![CDATA[<tr class="table-light"><td colspan="2">No. of OrderItems : </td></tr>]]>
    </line>
    <line>
      <![CDATA[<tr><td class="text-dark font-weight-bold">Context Attribute [OrderItem] Set  </td><td class="" > ProductOrder_04014544-1515-4055-80aa-8a2a8a220432_OrderItem_10101101-1055-4018-a8a2-022282821ab9 </td></tr>]]>
    </line>
    <line>
      <![CDATA[<tr><td class="text-dark font-weight-bold">Context Attribute [eTag] Set  </td><td class="" > ProductOrder_04014544-1515-4055-80aa-8a2a8a220432=1537263649989853184 </td></tr>]]>
    </line>
    <line>
      <![CDATA[<tr class="table-info"><td class="text-dark font-weight-bold">Request Type </td><td class="" >GET</td></tr>]]>
    </line>
    <line>
      <![CDATA[<tr><td class="text-dark font-weight-bold">URI </td><td class="" > http://ilocpde01w02.corp.amdocs.com:30538/productOrdering/v2/productOrder/ProductOrder_04014544-1515-4055-80aa-8a2a8a220432 </td></tr>]]>
    </line>
    <line>
      <![CDATA[<tr><td class="text-dark font-weight-bold" colspan="2">Headers : </td></tr>]]>
    </line>
    <line>
      <![CDATA[<tr>]]>
    </line>
    <line>
      <![CDATA[<td class="text-dark font-weight-bold" >Authorization :</td>]]>
    </line>
    <line>
      <![CDATA[<td class="" >]]>
    </line>
    <line>
      <![CDATA[<a href="" class="alert-link" data-toggle="modal" data-target="#rest_assured_logger_modal_value_52">Show</a>]]>
    </line>
    <line>
      <![CDATA[<div class="modal fade"  id="rest_assured_logger_modal_value_52" tabindex="-1" role="dialog">]]>
    </line>
    <line>
      <![CDATA[<div class="modal-dialog" role="document">]]>
    </line>
    <line>
      <![CDATA[<div class="modal-content">]]>
    </line>
    <line>
      <![CDATA[<div class="modal-header text-white bg-info">]]>
    </line>
    <line>
      <![CDATA[<h5 class="modal-title" id="title1">Authorization</h5>]]>
    </line>
    <line>
      <![CDATA[<span class="h6 text-light ml-2 mt-2">(click on the Text to copy)</span>]]>
    </line>
    <line>
      <![CDATA[<button type="button" class="close" data-dismiss="modal" aria-label="Close">]]>
    </line>
    <line>
      <![CDATA[<span aria-hidden="true">&times;</span>]]>
    </line>
    <line>
      <![CDATA[</button>]]>
    </line>
    <line>
      <![CDATA[</div>]]>
    </line>
    <line>
      <![CDATA[<div onClick="copyMePlease(this)" class="modal-body">]]>
    </line>
    <line>
      <![CDATA[Bearer eyJ4NXQjUzI1NiI6IkxEbGVvYldaYmVZcG9pb0Q0R1hrMWp3US8rUWd1MUs1eXNzQ1JpN3BtelE9IiwidHlwIjoiSldUIiwiYWxnIjoiUlMyNTYifQ.eyJzdWIiOiJBdXRvbWF0aW9uXzIwODA4NjY3MF9JbmRpdmlkdWFsIiwiY3NySWQiOiJjc3JJZCIsInJvbGVzIjpbIkdldEluZGl2aWR1YWwiLCJVcGRhdGVJbmRpdmlkdWFsIiwiQ2F0YWxvZ09uZS5pbXBvcnRlciIsIkdldEN1c3RvbWVyIiwiRGVsZXRlQ3JlZGl0UHJvZmlsZSIsIlByb2R1Y3RPcmRlckxhdW5jaGVyUmVhZCIsIkFwcFRlc3RlclJvbGUiLCJQcm9kdWN0T3JkZXJMYXVuY2hlckNyZWF0ZSIsIkNyZWF0ZVBheW1lbnRNZXRob2QiLCJvcmRlckNoYW5nZU93bmVyc2hpcCIsIlBBUC1QVSIsIlJldHJpZXZlQ3VzdG9tZXIiLCJBbm9ueW1vdXNVc2VyUm9sZSIsIlBBUC1Db21tb24iLCJXcml0ZSIsIlByb2R1Y3RPcmRlckxhdW5jaGVyVXBkYXRlIiwiQWRkUmVsYXRlZFBhcnR5IiwiQ3JlYXRlQ3VzdG9tZXIiLCJDcmVhdGVJbmRpdmlkdWFsIiwiU2VhcmNoSW5kaXZpZHVhbCIsIkdldEN1c3RvbWVyRW50aXR5IiwiVXBkYXRlQ3JlZGl0UHJvZmlsZSIsIkNoYW5nZU93bmVyc2hpcFJvbGUiLCJBc21TZXJ2aWNlc0FwcElkZW50aXR5IiwiRGVsZXRlSW5kaXZpZHVhbCIsImNzciIsIlJldHJpZXZlQ3VzdG9tZXJFbnRpdHkiLCJFdmFsdWF0ZUNyZWRpdFByb2ZpbGUiLCJSZXRyZWl2ZVBheW1lbnRNZXRob2QiLCJQcm9kdWN0T3JkZXJMYXVuY2hlckRlbGV0ZSIsIlJldHJpZXZlSW5kaXZpZHVhbCIsIlNUUy1Db21tb24iLCJDcmVhdGVDdXN0b21lckVudGl0eSJdLCJjdXN0b21lcklkIjoiQ3VzdG9tZXJfNDAzMDYiLCJpc3MiOiJBM1Nab25lMUBBM1MuYW1kb2NzLmNvbSIsIm9pdCI6MTUzNzI2MzY0NSwic2FsZXNDaGFubmVsIjoiQ2FsbENlbnRlciIsImV4cCI6MTUzNzI3MDg0NSwiaWF0IjoxNTM3MjYzNjQ1LCJ0dGwiOjE1MzcyOTI0NDUsImp0aSI6Ijc0ZTE5NWFjNzQ1MGZhNjU5ZTI1MDEzNGZjN2JhYTllN2Y4ZTQ4ZmJjNmEzMDM1MjAzZjcyZWIwYzJiNjIwNDAifQ.SJEglfX2g31q71slR0icYEu484uS8aOetkvVbn5lS4NilW3ozAVyVxhByAYP-T1DprCTn3_w8xp2AehnAzrVZ6_Hl0rvZYbhuQHNnUyw1DzullKx8-3vWs1eQhb7Q767kCVMJwteYloR6Xkk9SIiHpiyc2WuR8B0eXy2fUu55jRKSfX1nI7iTWIhAovBoS3VRkqOTl-moPZaDWHSYJExx1vqFb9U4-TC0D0F7ZIXu-gkGaPPkBOacnU1a1sqrOghEaSaBTj9idexSg2aUM8wb-8_1lXBBho6pYi3c20e4PCJkErXdysuWkgJsc29r0xje_HlmgbK4rScVlPv1zBQ8g]]>
    </line>
    <line>
      <![CDATA[</div>]]>
    </line>
    <line>
      <![CDATA[</div>]]>
    </line>
    <line>
      <![CDATA[</div>]]>
    </line>
    <line>
      <![CDATA[</div>]]>
    </line>
    <line>
      <![CDATA[</td>]]>
    </line>
    <line>
      <![CDATA[</tr>]]>
    </line>
    <line>
      <![CDATA[<tr><td class="text-dark font-weight-bold">Accept </td><td class="" > application/json </td></tr>]]>
    </line>
    <line>
      <![CDATA[<tr><td class="text-dark font-weight-bold">Custom-Header </td><td class="" > {"salesChannel":"CallCenter","customerId":"Customer_40306","sessionId":"605764794"} </td></tr>]]>
    </line>
    <line>
      <![CDATA[<tr><td class="text-dark font-weight-bold">Accept-Language </td><td class="" > en_US </td></tr>]]>
    </line>
    <line>
      <![CDATA[<tr><td class="text-dark font-weight-bold">Content-Type </td><td class="" > application/json </td></tr>]]>
    </line>
    <line>
      <![CDATA[<tr>]]>
    </line>
    <line>
      <![CDATA[<td class="text-dark font-weight-bold" >Payload :</td>]]>
    </line>
    <line>
      <![CDATA[<td class="" >]]>
    </line>
    <line>
      <![CDATA[<a href="" class="alert-link" data-toggle="modal" data-target="#rest_assured_logger_modal_value_53">Show</a>]]>
    </line>
    <line>
      <![CDATA[<div class="modal fade"  id="rest_assured_logger_modal_value_53" tabindex="-1" role="dialog">]]>
    </line>
    <line>
      <![CDATA[<div class="modal-dialog" role="document">]]>
    </line>
    <line>
      <![CDATA[<div class="modal-content">]]>
    </line>
    <line>
      <![CDATA[<div class="modal-header text-white bg-info">]]>
    </line>
    <line>
      <![CDATA[<h5 class="modal-title" id="title1">Payload</h5>]]>
    </line>
    <line>
      <![CDATA[<span class="h6 text-light ml-2 mt-2">(click on the Text to copy)</span>]]>
    </line>
    <line>
      <![CDATA[<button type="button" class="close" data-dismiss="modal" aria-label="Close">]]>
    </line>
    <line>
      <![CDATA[<span aria-hidden="true">&times;</span>]]>
    </line>
    <line>
      <![CDATA[</button>]]>
    </line>
    <line>
      <![CDATA[</div>]]>
    </line>
    <line>
      <![CDATA[<div onClick="copyMePlease(this)" class="modal-body">]]>
    </line>
    <line>
      <![CDATA[None]]>
    </line>
    <line>
      <![CDATA[</div>]]>
    </line>
    <line>
      <![CDATA[</div>]]>
    </line>
    <line>
      <![CDATA[</div>]]>
    </line>
    <line>
      <![CDATA[</div>]]>
    </line>
    <line>
      <![CDATA[</td>]]>
    </line>
    <line>
      <![CDATA[</tr>]]>
    </line>
    <line>
      <![CDATA[<tr>]]>
    </line>
    <line>
      <![CDATA[<td class="text-dark font-weight-bold" >Response Header :</td>]]>
    </line>
    <line>
      <![CDATA[<td class="" >]]>
    </line>
    <line>
      <![CDATA[<a href="" class="alert-link" data-toggle="modal" data-target="#modal_value_18">Show</a>]]>
    </line>
    <line>
      <![CDATA[<div class="modal fade"  id="modal_value_18" tabindex="-1" role="dialog">]]>
    </line>
    <line>
      <![CDATA[<div class="modal-dialog" role="document">]]>
    </line>
    <line>
      <![CDATA[<div class="modal-content">]]>
    </line>
    <line>
      <![CDATA[<div class="modal-header text-white bg-info">]]>
    </line>
    <line>
      <![CDATA[<h5 class="modal-title" id="title1">Response Header</h5>]]>
    </line>
    <line>
      <![CDATA[<span class="h6 text-light ml-2 mt-2">(click on the Text to copy)</span>]]>
    </line>
    <line>
      <![CDATA[<button type="button" class="close" data-dismiss="modal" aria-label="Close">]]>
    </line>
    <line>
      <![CDATA[<span aria-hidden="true">&times;</span>]]>
    </line>
    <line>
      <![CDATA[</button>]]>
    </line>
    <line>
      <![CDATA[</div>]]>
    </line>
    <line>
      <![CDATA[<div onClick="copyMePlease(this)" class="modal-body">]]>
    </line>
    <line>
      <![CDATA[X-Application-Context=productorder-productorder-ms:8080
	X-DOX-TraceId=21378A5F530520A8
	ETag="ProductOrder_04014544-1515-4055-80aa-8a2a8a220432=1537263649989853184"
	X-Content-Type-Options=nosniff
	X-XSS-Protection=1; mode=block
	Cache-Control=no-cache, no-store, max-age=0, must-revalidate
	Pragma=no-cache
	Expires=0
	X-Frame-Options=DENY
	Content-Type=application/json;charset=UTF-8
	Transfer-Encoding=chunked
	Date=Tue, 18 Sep 2018 09:40:51 GMT]]>
    </line>
    <line>
      <![CDATA[</div>]]>
    </line>
    <line>
      <![CDATA[</div>]]>
    </line>
    <line>
      <![CDATA[</div>]]>
    </line>
    <line>
      <![CDATA[</div>]]>
    </line>
    <line>
      <![CDATA[</td>]]>
    </line>
    <line>
      <![CDATA[</tr>]]>
    </line>
    <line>
      <![CDATA[<tr>]]>
    </line>
    <line>
      <![CDATA[<td class="text-dark font-weight-bold" >Response :</td>]]>
    </line>
    <line>
      <![CDATA[<td class="" >]]>
    </line>
    <line>
      <![CDATA[<a href="" class="alert-link" data-toggle="modal" data-target="#rest_assured_logger_modal_value_54">Show</a>]]>
    </line>
    <line>
      <![CDATA[<div class="modal fade"  id="rest_assured_logger_modal_value_54" tabindex="-1" role="dialog">]]>
    </line>
    <line>
      <![CDATA[<div class="modal-dialog" role="document">]]>
    </line>
    <line>
      <![CDATA[<div class="modal-content">]]>
    </line>
    <line>
      <![CDATA[<div class="modal-header text-white bg-info">]]>
    </line>
    <line>
      <![CDATA[<h5 class="modal-title" id="title1">Response</h5>]]>
    </line>
    <line>
      <![CDATA[<span class="h6 text-light ml-2 mt-2">(click on the Text to copy)</span>]]>
    </line>
    <line>
      <![CDATA[<button type="button" class="close" data-dismiss="modal" aria-label="Close">]]>
    </line>
    <line>
      <![CDATA[<span aria-hidden="true">&times;</span>]]>
    </line>
    <line>
      <![CDATA[</button>]]>
    </line>
    <line>
      <![CDATA[</div>]]>
    </line>
    <line>
      <![CDATA[<div onClick="copyMePlease(this)" class="modal-body">]]>
    </line>
    <line>
      <![CDATA[{"id":"ProductOrder_04014544-1515-4055-80aa-8a2a8a220432","href":"/v2/productOrder/ProductOrder_04014544-1515-4055-80aa-8a2a8a220432","category":null,"priority":null,"description":"Special Order","state":"Draft","externalId":null,"orderDate":"2018-09-18T09:40:50Z","completionDate":null,"requestedStartDate":null,"requestedCompletionDate":"2018-09-18T09:40:50Z","expectedCompletionDate":null,"orderPriceDate":"2018-09-18T09:40:51.058Z","notificationContact":null,"relatedParty":[{"id":"Customer_40306","href":"/v2/relatedParty/Customer_40306","name":null,"role":"customer"}],"billingAccount":null,"orderItem":[{"id":"ProductOrder_04014544-1515-4055-80aa-8a2a8a220432_OrderItem_10101101-1055-4018-a8a2-022282821ab9","action":"add","state":"Draft","quantity":1,"externalId":null,"completionDate":null,"requestedStartDate":null,"requestedCompletionDate":"2018-09-18T09:40:50Z","retroactiveChangeDate":null,"itemPrice":[{"id":"8bf0f45cc38d4a6982c7f0c2f0012335","name":"Samsung Galaxy S6 128GB White Pearl charge","description":"SIM card charge per SIM type","unitOfMeasure":null,"recurringChargePeriod":null,"priceType":"OC","price":{"taxIncludedAmount":{"unit":"USD","value":713.9},"dutyFreeAmount":{"unit":"USD","value":649},"taxRate":10,"percentage":null,"priceReduction":null,"taxAmount":{"unit":"USD","value":64.9}},"finalPrice":{"taxIncludedAmount":{"unit":"USD","value":713.9},"dutyFreeAmount":{"unit":"USD","value":649},"taxRate":10,"percentage":null,"priceReduction":null,"taxAmount":{"unit":"USD","value":64.9}},"standalonePrice":null,"priceAlteration":[],"billingAccount":null,"immediatePayOption":{"payOption":"Mandatory","payAmount":null,"minPayAmount":null,"payImmediately":true}}],"itemTotalPrice":[{"id":null,"name":null,"description":null,"unitOfMeasure":null,"recurringChargePeriod":null,"priceType":"OC","price":{"taxIncludedAmount":{"unit":"USD","value":713.9},"dutyFreeAmount":{"unit":"USD","value":649},"taxRate":10,"percentage":null,"priceReduction":null,"taxAmount":{"unit":"USD","value":64.9}},"finalPrice":{"taxIncludedAmount":{"unit":"USD","value":713.9},"dutyFreeAmount":{"unit":"USD","value":649},"taxRate":10,"percentage":null,"priceReduction":null,"taxAmount":{"unit":"USD","value":64.9}},"standalonePrice":{"taxIncludedAmount":{"unit":"USD","value":713.9},"dutyFreeAmount":{"unit":"USD","value":649},"taxRate":10,"percentage":null,"priceReduction":null,"taxAmount":{"unit":"USD","value":64.9}},"priceAlteration":[],"billingAccount":null,"immediatePayOption":{"payOption":null,"payAmount":null,"minPayAmount":null,"payImmediately":true}}],"orderItemRelationship":[],"productOffering":{"id":"e5790aab9f5840a593a0bfc262eddaa5","name":"Samsung Galaxy S6 128GB White Pearl","href":"/v2/productOffering/e5790aab9f5840a593a0bfc262eddaa5","type":"Mobile_Device","serialized":null,"version":null,"attachment":[],"valueRank":65,"durationPolicy":null},"product":{"id":null,"version":null,"href":"/v2/productRefOrValue/","name":null,"status":null,"primaryProductId":null,"actionDate":null,"relatedParty":[],"productOrderRef":null,"productSpecification":[],"characteristic":[{"name":"Available_Shipping_Options","value":"Courier","localizedName":"Available Shipping Options","characteristicMetadata":[{"name":"userId","value":"Automation_208086670_Individual","metatype":"operational"},{"name":"salesChannel","value":"CallCenter","metatype":"operational"},{"name":"csrId","value":"csrId","metatype":"operational"},{"name":"changeDate","value":"Tue Sep 18 09:40:50 GMT 2018","metatype":"operational"},{"name":"originalSalesChannel","value":"CallCenter","metatype":"operational"}]},{"name":"Plan_Options","value":"With_Plan","localizedName":"Plan Options","characteristicMetadata":[{"name":"userId","value":"Automation_208086670_Individual","metatype":"operational"},{"name":"salesChannel","value":"CallCenter","metatype":"operational"},{"name":"csrId","value":"csrId","metatype":"operational"},{"name":"changeDate","value":"Tue Sep 18 09:40:50 GMT 2018","metatype":"operational"},{"name":"originalSalesChannel","value":"CallCenter","metatype":"operational"}]},{"name":"Purchase_Options","value":"Installments","localizedName":"Purchase Options","characteristicMetadata":[{"name":"userId","value":"Automation_208086670_Individual","metatype":"operational"},{"name":"salesChannel","value":"CallCenter","metatype":"operational"},{"name":"csrId","value":"csrId","metatype":"operational"},{"name":"changeDate","value":"Tue Sep 18 09:40:50 GMT 2018","metatype":"operational"},{"name":"originalSalesChannel","value":"CallCenter","metatype":"operational"}]}],"place":[],"productRelationship":[{"type":"bundled","product":{"id":null,"version":null,"href":null,"name":null,"status":null,"primaryProductId":null,"actionDate":null,"relatedParty":[],"productOrderRef":null,"productSpecification":[{"id":"b70c936af809406d9259971e14314f0d","href":null,"name":"Samsung Galaxy S6 128GB White Pearl","type":"Mobile Device"}],"characteristic":[{"name":"Brand","value":"Samsung","localizedName":"Brand","characteristicMetadata":[{"name":"userId","value":"Automation_208086670_Individual","metatype":"operational"},{"name":"salesChannel","value":"CallCenter","metatype":"operational"},{"name":"csrId","value":"csrId","metatype":"operational"},{"name":"changeDate","value":"Tue Sep 18 09:40:50 GMT 2018","metatype":"operational"},{"name":"originalSalesChannel","value":"CallCenter","metatype":"operational"}]},{"name":"Model","value":"Galaxy_S6","localizedName":"Model","characteristicMetadata":[{"name":"userId","value":"Automation_208086670_Individual","metatype":"operational"},{"name":"salesChannel","value":"CallCenter","metatype":"operational"},{"name":"csrId","value":"csrId","metatype":"operational"},{"name":"changeDate","value":"Tue Sep 18 09:40:50 GMT 2018","metatype":"operational"},{"name":"originalSalesChannel","value":"CallCenter","metatype":"operational"}]},{"name":"Device_Type","value":"Smartphone","localizedName":"Device Type","characteristicMetadata":[{"name":"userId","value":"Automation_208086670_Individual","metatype":"operational"},{"name":"salesChannel","value":"CallCenter","metatype":"operational"},{"name":"csrId","value":"csrId","metatype":"operational"},{"name":"changeDate","value":"Tue Sep 18 09:40:50 GMT 2018","metatype":"operational"},{"name":"originalSalesChannel","value":"CallCenter","metatype":"operational"}]},{"name":"SIM_Type","value":"Nano_SIM","localizedName":"SIM Type","characteristicMetadata":[{"name":"userId","value":"Automation_208086670_Individual","metatype":"operational"},{"name":"salesChannel","value":"CallCenter","metatype":"operational"},{"name":"csrId","value":"csrId","metatype":"operational"},{"name":"changeDate","value":"Tue Sep 18 09:40:50 GMT 2018","metatype":"operational"},{"name":"originalSalesChannel","value":"CallCenter","metatype":"operational"}]},{"name":"Warranty_Duration","value":"12","localizedName":"Warranty Duration","characteristicMetadata":[{"name":"userId","value":"Automation_208086670_Individual","metatype":"operational"},{"name":"salesChannel","value":"CallCenter","metatype":"operational"},{"name":"csrId","value":"csrId","metatype":"operational"},{"name":"changeDate","value":"Tue Sep 18 09:40:50 GMT 2018","metatype":"operational"},{"name":"originalSalesChannel","value":"CallCenter","metatype":"operational"}]},{"name":"Color","value":"White_Pearl","localizedName":"Color","characteristicMetadata":[{"name":"userId","value":"Automation_208086670_Individual","metatype":"operational"},{"name":"salesChannel","value":"CallCenter","metatype":"operational"},{"name":"csrId","value":"csrId","metatype":"operational"},{"name":"changeDate","value":"Tue Sep 18 09:40:50 GMT 2018","metatype":"operational"},{"name":"originalSalesChannel","value":"CallCenter","metatype":"operational"}]},{"name":"Weight","value":"138_gr","localizedName":"Weight","characteristicMetadata":[{"name":"userId","value":"Automation_208086670_Individual","metatype":"operational"},{"name":"salesChannel","value":"CallCenter","metatype":"operational"},{"name":"csrId","value":"csrId","metatype":"operational"},{"name":"changeDate","value":"Tue Sep 18 09:40:50 GMT 2018","metatype":"operational"},{"name":"originalSalesChannel","value":"CallCenter","metatype":"operational"}]},{"name":"Operating_System","value":"Android","localizedName":"Operating System","characteristicMetadata":[{"name":"userId","value":"Automation_208086670_Individual","metatype":"operational"},{"name":"salesChannel","value":"CallCenter","metatype":"operational"},{"name":"csrId","value":"csrId","metatype":"operational"},{"name":"changeDate","value":"Tue Sep 18 09:40:50 GMT 2018","metatype":"operational"},{"name":"originalSalesChannel","value":"CallCenter","metatype":"operational"}]},{"name":"Memory_Size","value":"128GB","localizedName":"Memory Size","characteristicMetadata":[{"name":"userId","value":"Automation_208086670_Individual","metatype":"operational"},{"name":"salesChannel","value":"CallCenter","metatype":"operational"},{"name":"csrId","value":"csrId","metatype":"operational"},{"name":"changeDate","value":"Tue Sep 18 09:40:50 GMT 2018","metatype":"operational"},{"name":"originalSalesChannel","value":"CallCenter","metatype":"operational"}]},{"name":"Screen_Size","value":"5.1_in","localizedName":"Screen Size","characteristicMetadata":[{"name":"userId","value":"Automation_208086670_Individual","metatype":"operational"},{"name":"salesChannel","value":"CallCenter","metatype":"operational"},{"name":"csrId","value":"csrId","metatype":"operational"},{"name":"changeDate","value":"Tue Sep 18 09:40:50 GMT 2018","metatype":"operational"},{"name":"originalSalesChannel","value":"CallCenter","metatype":"operational"}]},{"name":"Delivery_Method","value":"Indirect_Delivery_Shipping","localizedName":"Delivery Method","characteristicMetadata":[{"name":"userId","value":"Automation_208086670_Individual","metatype":"operational"},{"name":"salesChannel","value":"CallCenter","metatype":"operational"},{"name":"csrId","value":"csrId","metatype":"operational"},{"name":"changeDate","value":"Tue Sep 18 09:40:50 GMT 2018","metatype":"operational"},{"name":"originalSalesChannel","value":"CallCenter","metatype":"operational"}]},{"name":"SKU","value":"10055GLXY6128WP","localizedName":"SKU","characteristicMetadata":[{"name":"userId","value":"Automation_208086670_Individual","metatype":"operational"},{"name":"salesChannel","value":"CallCenter","metatype":"operational"},{"name":"csrId","value":"csrId","metatype":"operational"},{"name":"changeDate","value":"Tue Sep 18 09:40:50 GMT 2018","metatype":"operational"},{"name":"originalSalesChannel","value":"CallCenter","metatype":"operational"}]},{"name":"Size","value":"143.4x70.5x6.8","localizedName":"Size","characteristicMetadata":[{"name":"userId","value":"Automation_208086670_Individual","metatype":"operational"},{"name":"salesChannel","value":"CallCenter","metatype":"operational"},{"name":"csrId","value":"csrId","metatype":"operational"},{"name":"changeDate","value":"Tue Sep 18 09:40:50 GMT 2018","metatype":"operational"},{"name":"originalSalesChannel","value":"CallCenter","metatype":"operational"}]},{"name":"CameraResolution","value":"16","localizedName":"Camera Resolution","characteristicMetadata":[{"name":"userId","value":"Automation_208086670_Individual","metatype":"operational"},{"name":"salesChannel","value":"CallCenter","metatype":"operational"},{"name":"csrId","value":"csrId","metatype":"operational"},{"name":"changeDate","value":"Tue Sep 18 09:40:50 GMT 2018","metatype":"operational"},{"name":"originalSalesChannel","value":"CallCenter","metatype":"operational"}]}],"place":[],"productRelationship":[],"referenceId":"fbf44732-1788-4944-a7e9-d1728fa4b57d","terminationDate":null,"activationDate":null}}],"referenceId":"b412eb1b-0c60-462c-af4a-edb00d1476ff","terminationDate":null,"activationDate":null},"billingAccount":{"id":"12121","href":"''/v2/TBA/12121","name":null},"appointment":null,"orderItem":[],"productOfferingGroupOption":null,"orderTerm":[],"modifyReason":[{"id":"9bd7af64-64d5-4746-85e5-5852e17d72ab","name":"Customer Request","reasonText":"Customer Request","action":"Add"}],"readOnly":false,"payment":[],"characteristicMetadata":[{"name":"userId","value":"Automation_208086670_Individual","metatype":"operational"},{"name":"salesChannel","value":"CallCenter","metatype":"operational"},{"name":"csrId","value":"csrId","metatype":"operational"},{"name":"changeDate","value":"Tue Sep 18 09:40:50 GMT 2018","metatype":"operational"},{"name":"originalSalesChannel","value":"CallCenter","metatype":"operational"}],"relatedImmediatePromotion":[],"extensions":{},"stock":[],"stockReservation":[]}],"orderTotalPrice":[{"id":null,"name":null,"description":null,"unitOfMeasure":null,"recurringChargePeriod":null,"priceType":"OC","price":{"taxIncludedAmount":{"unit":"USD","value":713.9},"dutyFreeAmount":{"unit":"USD","value":649},"taxRate":10,"percentage":null,"priceReduction":null,"taxAmount":{"unit":"USD","value":64.9}},"finalPrice":{"taxIncludedAmount":{"unit":"USD","value":713.9},"dutyFreeAmount":{"unit":"USD","value":649},"taxRate":10,"percentage":null,"priceReduction":null,"taxAmount":{"unit":"USD","value":64.9}},"standalonePrice":{"taxIncludedAmount":{"unit":"USD","value":713.9},"dutyFreeAmount":{"unit":"USD","value":649},"taxRate":10,"percentage":null,"priceReduction":null,"taxAmount":{"unit":"USD","value":64.9}},"priceAlteration":[],"billingAccount":null,"immediatePayOption":{"payOption":null,"payAmount":null,"minPayAmount":null,"payImmediately":true}}],"channel":[{"id":"CallCenter","href":null,"name":"CallCenter"}],"orderRelationship":[],"controlFields":{"createdBy":"Automation_208086670_Individual","createdOn":"2018-09-18T09:40:51Z","lastModifiedBy":"Automation_208086670_Individual","lastModifiedOn":"2018-09-18T09:40:51Z"},"validation":null,"payment":[],"immediatePromotion":[],"extensions":{},"isCustomerVisible":true}]]>
    </line>
    <line>
      <![CDATA[</div>]]>
    </line>
    <line>
      <![CDATA[</div>]]>
    </line>
    <line>
      <![CDATA[</div>]]>
    </line>
    <line>
      <![CDATA[</div>]]>
    </line>
    <line>
      <![CDATA[</td>]]>
    </line>
    <line>
      <![CDATA[</tr>]]>
    </line>
    <line>
      <![CDATA[<tr class="table-success"><td colspan="2">Response status: expected=200 actual=200; Value: true</td></tr>]]>
    </line>
    <line>
      <![CDATA[<tr><td class="text-dark font-weight-bold">Context Attribute [eTag] Set  </td><td class="" > ProductOrder_04014544-1515-4055-80aa-8a2a8a220432=1537263649989853184 </td></tr>]]>
    </line>
    <line>
      <![CDATA[<tr><td class="text-dark font-weight-bold">Context Attribute [OrderID] Set  </td><td class="" > ProductOrder_04014544-1515-4055-80aa-8a2a8a220432 </td></tr>]]>
    </line>
    <line>
      <![CDATA[<tr><td class="text-dark font-weight-bold">Context Attribute [OrderItem] Set  </td><td class="" > ProductOrder_04014544-1515-4055-80aa-8a2a8a220432_OrderItem_10101101-1055-4018-a8a2-022282821ab9 </td></tr>]]>
    </line>
    <line>
      <![CDATA[<tr><td class="text-dark font-weight-bold">Context Attribute [requestedCompletionDate] Set  </td><td class="" > 2018-09-18T09:40:50Z </td></tr>]]>
    </line>
    <line>
      <![CDATA[CNFT reports: C:\share\framework\order_capture_test\test-output\ctLogs]]>
    </line>
    <line>
      <![CDATA[<tr class="table-warning"><td colspan="2">Form @AfterSuite: found 1 users. Deleting all.</td></tr>]]>
    </line>
    <line>
      <![CDATA[<tr class="table-warning"><td colspan="2">Deleting logged in users. Users are: </td></tr>]]>
    </line>
    <line>
      <![CDATA[<tr class="table-warning"><td colspan="2">UserIndividualCC (Automation_208086670_Individual)</td></tr>]]>
    </line>
    <line>
      <![CDATA[<tr class="table-light"><td colspan="2">JSON file loaded successfully. File: /src/test/resources/ct/payload/A3S/User.json</td></tr>]]>
    </line>
    <line>
      <![CDATA[<tr class="table-light"><td colspan="2">JSON value updated. JSON path: $.users[0].id; Value: Automation_208086670_Individual</td></tr>]]>
    </line>
    <line>
      <![CDATA[<tr class="table-light"><td colspan="2">JSON value updated. JSON path: $.users[0].userName; Value: Automation_208086670_Individual</td></tr>]]>
    </line>
    <line>
      <![CDATA[<tr class="table-light"><td colspan="2">JSON value updated. JSON path: $.operation.createNew; Value: false</td></tr>]]>
    </line>
    <line>
      <![CDATA[<tr class="table-light"><td colspan="2">JSON value updated. JSON path: $.operation.deleteFirst; Value: true</td></tr>]]>
    </line>
    <line>
      <![CDATA[<tr class="table-light"><td colspan="2">JSON value updated. JSON path: $.operation.updateExisting; Value: false</td></tr>]]>
    </line>
    <line>
      <![CDATA[<tr class="table-info"><td class="text-dark font-weight-bold">Request Type </td><td class="" >POST</td></tr>]]>
    </line>
    <line>
      <![CDATA[<tr><td class="text-dark font-weight-bold">URI </td><td class="" > http://ilocpde01w02.corp.amdocs.com:30525/asmServices/services/v1.0/users/bulk </td></tr>]]>
    </line>
    <line>
      <![CDATA[<tr><td class="text-dark font-weight-bold" colspan="2">Headers : </td></tr>]]>
    </line>
    <line>
      <![CDATA[<tr>]]>
    </line>
    <line>
      <![CDATA[<td class="text-dark font-weight-bold" >Authorization :</td>]]>
    </line>
    <line>
      <![CDATA[<td class="" >]]>
    </line>
    <line>
      <![CDATA[<a href="" class="alert-link" data-toggle="modal" data-target="#rest_assured_logger_modal_value_55">Show</a>]]>
    </line>
    <line>
      <![CDATA[<div class="modal fade"  id="rest_assured_logger_modal_value_55" tabindex="-1" role="dialog">]]>
    </line>
    <line>
      <![CDATA[<div class="modal-dialog" role="document">]]>
    </line>
    <line>
      <![CDATA[<div class="modal-content">]]>
    </line>
    <line>
      <![CDATA[<div class="modal-header text-white bg-info">]]>
    </line>
    <line>
      <![CDATA[<h5 class="modal-title" id="title1">Authorization</h5>]]>
    </line>
    <line>
      <![CDATA[<span class="h6 text-light ml-2 mt-2">(click on the Text to copy)</span>]]>
    </line>
    <line>
      <![CDATA[<button type="button" class="close" data-dismiss="modal" aria-label="Close">]]>
    </line>
    <line>
      <![CDATA[<span aria-hidden="true">&times;</span>]]>
    </line>
    <line>
      <![CDATA[</button>]]>
    </line>
    <line>
      <![CDATA[</div>]]>
    </line>
    <line>
      <![CDATA[<div onClick="copyMePlease(this)" class="modal-body">]]>
    </line>
    <line>
      <![CDATA[Basic YTNzRGVwbG95ZXI6QTNzRGVwbG95ZXIh]]>
    </line>
    <line>
      <![CDATA[</div>]]>
    </line>
    <line>
      <![CDATA[</div>]]>
    </line>
    <line>
      <![CDATA[</div>]]>
    </line>
    <line>
      <![CDATA[</div>]]>
    </line>
    <line>
      <![CDATA[</td>]]>
    </line>
    <line>
      <![CDATA[</tr>]]>
    </line>
    <line>
      <![CDATA[<tr><td class="text-dark font-weight-bold">Accept </td><td class="" > application/json </td></tr>]]>
    </line>
    <line>
      <![CDATA[<tr><td class="text-dark font-weight-bold">Content-Type </td><td class="" > application/json </td></tr>]]>
    </line>
    <line>
      <![CDATA[<tr>]]>
    </line>
    <line>
      <![CDATA[<td class="text-dark font-weight-bold" >Payload :</td>]]>
    </line>
    <line>
      <![CDATA[<td class="" >]]>
    </line>
    <line>
      <![CDATA[<a href="" class="alert-link" data-toggle="modal" data-target="#rest_assured_logger_modal_value_56">Show</a>]]>
    </line>
    <line>
      <![CDATA[<div class="modal fade"  id="rest_assured_logger_modal_value_56" tabindex="-1" role="dialog">]]>
    </line>
    <line>
      <![CDATA[<div class="modal-dialog" role="document">]]>
    </line>
    <line>
      <![CDATA[<div class="modal-content">]]>
    </line>
    <line>
      <![CDATA[<div class="modal-header text-white bg-info">]]>
    </line>
    <line>
      <![CDATA[<h5 class="modal-title" id="title1">Payload</h5>]]>
    </line>
    <line>
      <![CDATA[<span class="h6 text-light ml-2 mt-2">(click on the Text to copy)</span>]]>
    </line>
    <line>
      <![CDATA[<button type="button" class="close" data-dismiss="modal" aria-label="Close">]]>
    </line>
    <line>
      <![CDATA[<span aria-hidden="true">&times;</span>]]>
    </line>
    <line>
      <![CDATA[</button>]]>
    </line>
    <line>
      <![CDATA[</div>]]>
    </line>
    <line>
      <![CDATA[<div onClick="copyMePlease(this)" class="modal-body">]]>
    </line>
    <line>
      <![CDATA[{"users":[{"id":"Automation_208086670_Individual","userName":"Automation_208086670_Individual","userType":"UamsUser","password":"Unix11!","roles":["AdminRole","CreateCustomer","GetCustomer","AddRelatedParty","GetIndividual","DeleteIndividual","CreateIndividual","RetrieveIndividual","SearchIndividual","UpdateIndividual","RetrieveCustomer","RetrieveCustomerEntity","CreatePaymentMethod","CreateCustomerEntity","EvaluateCreditProfile","UpdateCreditProfile","DeleteCreditProfile","Write","ProductOrderLauncherCreate"],"a3sUserExtension":{"properties":{"OperatorID":154,"customerId":"customer_154","salesChannel":"SS"}}}],"operation":{"deleteFirst":true,"updateExisting":false,"createNew":false,"returnProcessedObjects":true,"failOnError":false}}]]>
    </line>
    <line>
      <![CDATA[</div>]]>
    </line>
    <line>
      <![CDATA[</div>]]>
    </line>
    <line>
      <![CDATA[</div>]]>
    </line>
    <line>
      <![CDATA[</div>]]>
    </line>
    <line>
      <![CDATA[</td>]]>
    </line>
    <line>
      <![CDATA[</tr>]]>
    </line>
    <line>
      <![CDATA[<tr>]]>
    </line>
    <line>
      <![CDATA[<td class="text-dark font-weight-bold" >Response Header :</td>]]>
    </line>
    <line>
      <![CDATA[<td class="" >]]>
    </line>
    <line>
      <![CDATA[<a href="" class="alert-link" data-toggle="modal" data-target="#modal_value_19">Show</a>]]>
    </line>
    <line>
      <![CDATA[<div class="modal fade"  id="modal_value_19" tabindex="-1" role="dialog">]]>
    </line>
    <line>
      <![CDATA[<div class="modal-dialog" role="document">]]>
    </line>
    <line>
      <![CDATA[<div class="modal-content">]]>
    </line>
    <line>
      <![CDATA[<div class="modal-header text-white bg-info">]]>
    </line>
    <line>
      <![CDATA[<h5 class="modal-title" id="title1">Response Header</h5>]]>
    </line>
    <line>
      <![CDATA[<span class="h6 text-light ml-2 mt-2">(click on the Text to copy)</span>]]>
    </line>
    <line>
      <![CDATA[<button type="button" class="close" data-dismiss="modal" aria-label="Close">]]>
    </line>
    <line>
      <![CDATA[<span aria-hidden="true">&times;</span>]]>
    </line>
    <line>
      <![CDATA[</button>]]>
    </line>
    <line>
      <![CDATA[</div>]]>
    </line>
    <line>
      <![CDATA[<div onClick="copyMePlease(this)" class="modal-body">]]>
    </line>
    <line>
      <![CDATA[X-Content-Type-Options=nosniff
	X-XSS-Protection=1; mode=block
	Cache-Control=no-cache, no-store, max-age=0, must-revalidate
	Pragma=no-cache
	Expires=0
	X-Frame-Options=DENY
	X-Application-Context=application:9191
	Date=Tue, 18 Sep 2018 09:40:52 GMT
	Content-Type=application/json
	Content-Length=1726]]>
    </line>
    <line>
      <![CDATA[</div>]]>
    </line>
    <line>
      <![CDATA[</div>]]>
    </line>
    <line>
      <![CDATA[</div>]]>
    </line>
    <line>
      <![CDATA[</div>]]>
    </line>
    <line>
      <![CDATA[</td>]]>
    </line>
    <line>
      <![CDATA[</tr>]]>
    </line>
    <line>
      <![CDATA[<tr>]]>
    </line>
    <line>
      <![CDATA[<td class="text-dark font-weight-bold" >Response :</td>]]>
    </line>
    <line>
      <![CDATA[<td class="" >]]>
    </line>
    <line>
      <![CDATA[<a href="" class="alert-link" data-toggle="modal" data-target="#rest_assured_logger_modal_value_57">Show</a>]]>
    </line>
    <line>
      <![CDATA[<div class="modal fade"  id="rest_assured_logger_modal_value_57" tabindex="-1" role="dialog">]]>
    </line>
    <line>
      <![CDATA[<div class="modal-dialog" role="document">]]>
    </line>
    <line>
      <![CDATA[<div class="modal-content">]]>
    </line>
    <line>
      <![CDATA[<div class="modal-header text-white bg-info">]]>
    </line>
    <line>
      <![CDATA[<h5 class="modal-title" id="title1">Response</h5>]]>
    </line>
    <line>
      <![CDATA[<span class="h6 text-light ml-2 mt-2">(click on the Text to copy)</span>]]>
    </line>
    <line>
      <![CDATA[<button type="button" class="close" data-dismiss="modal" aria-label="Close">]]>
    </line>
    <line>
      <![CDATA[<span aria-hidden="true">&times;</span>]]>
    </line>
    <line>
      <![CDATA[</button>]]>
    </line>
    <line>
      <![CDATA[</div>]]>
    </line>
    <line>
      <![CDATA[<div onClick="copyMePlease(this)" class="modal-body">]]>
    </line>
    <line>
      <![CDATA[{"deletedUsers":[{"schemas":["urn:ietf:params:scim:schemas:core:2.0:User","urn:ietf:params:scim:schemas:extension:com.amdocs.a3s:2.0:User"],"id":"Automation_208086670_Individual","userName":"Automation_208086670_Individual","userType":"UamsUser","active":true,"password":null,"roles":["PAP-Common","GetCustomerEntity","UpdateIndividual","csr","EvaluateCreditProfile","orderChangeOwnership","PAP-PU","CreateCustomer","ProductOrderLauncherCreate","RetrieveCustomer","CreatePaymentMethod","ProductOrderLauncherRead","AppTesterRole","AddRelatedParty","UpdateCreditProfile","RetreivePaymentMethod","CreateIndividual","CatalogOne.importer","CreateCustomerEntity","DeleteCreditProfile","GetIndividual","AnonymousUserRole","DeleteIndividual","GetCustomer","ProductOrderLauncherUpdate","Write","AsmServicesAppIdentity","RetrieveCustomerEntity","RetrieveIndividual","SearchIndividual","STS-Common","ChangeOwnershipRole","ProductOrderLauncherDelete"],"a3sUserExtension":{"expiration":32535122400000,"effectiveDate":0,"successLoginDate":1537263645995,"badLoginDate":0,"badLoginCount":0,"isAccountNonExpired":true,"isAccountNonLocked":true,"isEnabled":true,"isAccountNeverExpired":false,"isExpiring":false,"isInEffective":false,"isCredentialsNonExpired":true,"isCredentialsExpiring":false,"isCredentialsReset":false,"properties":{"customerId":"Customer_40306","UserType":"UamsUser","salesChannel":"CallCenter","OperatorID":154,"csrId":"csrId"}},"metadata":{"resourceType":"User","created":1537228800000,"lastModified":1537228800000,"location":"http://ilocpde01w02.corp.amdocs.com:30525/asmServices/services/v1.0/users/bulk","version":null}}],"createdUsers":[],"updatedUsers":[],"numDeleted":1,"numCreated":0,"numUpdated":0,"bulkErrors":[]}]]>
    </line>
    <line>
      <![CDATA[</div>]]>
    </line>
    <line>
      <![CDATA[</div>]]>
    </line>
    <line>
      <![CDATA[</div>]]>
    </line>
    <line>
      <![CDATA[</div>]]>
    </line>
    <line>
      <![CDATA[</td>]]>
    </line>
    <line>
      <![CDATA[</tr>]]>
    </line>
    <line>
      <![CDATA[<tr class="table-success"><td colspan="2">Response status: expected=200 actual=200; Value: true</td></tr>]]>
    </line>
    <line>
      <![CDATA[<tr class="table-light"><td colspan="2">All users are deleted</td></tr>]]>
    </line>
    <line>
      <![CDATA[<tr class="table-light"><td colspan="2">Creating map for care-for-openshift-testing</td></tr>]]>
    </line>
    <line>
      <![CDATA[<tr class="table-info"><td class="text-dark font-weight-bold">Request Type </td><td class="" >GET</td></tr>]]>
    </line>
    <line>
      <![CDATA[<tr><td class="text-dark font-weight-bold">URI </td><td class="" > https://ilocpde01-master.corp.amdocs.com:8443/api/v1/namespaces/care-for-openshift-testing/services </td></tr>]]>
    </line>
    <line>
      <![CDATA[<tr><td class="text-dark font-weight-bold" colspan="2">Headers : </td></tr>]]>
    </line>
    <line>
      <![CDATA[<tr>]]>
    </line>
    <line>
      <![CDATA[<td class="text-dark font-weight-bold" >Authorization :</td>]]>
    </line>
    <line>
      <![CDATA[<td class="" >]]>
    </line>
    <line>
      <![CDATA[<a href="" class="alert-link" data-toggle="modal" data-target="#rest_assured_logger_modal_value_58">Show</a>]]>
    </line>
    <line>
      <![CDATA[<div class="modal fade"  id="rest_assured_logger_modal_value_58" tabindex="-1" role="dialog">]]>
    </line>
    <line>
      <![CDATA[<div class="modal-dialog" role="document">]]>
    </line>
    <line>
      <![CDATA[<div class="modal-content">]]>
    </line>
    <line>
      <![CDATA[<div class="modal-header text-white bg-info">]]>
    </line>
    <line>
      <![CDATA[<h5 class="modal-title" id="title1">Authorization</h5>]]>
    </line>
    <line>
      <![CDATA[<span class="h6 text-light ml-2 mt-2">(click on the Text to copy)</span>]]>
    </line>
    <line>
      <![CDATA[<button type="button" class="close" data-dismiss="modal" aria-label="Close">]]>
    </line>
    <line>
      <![CDATA[<span aria-hidden="true">&times;</span>]]>
    </line>
    <line>
      <![CDATA[</button>]]>
    </line>
    <line>
      <![CDATA[</div>]]>
    </line>
    <line>
      <![CDATA[<div onClick="copyMePlease(this)" class="modal-body">]]>
    </line>
    <line>
      <![CDATA[Bearer eyJhbGciOiJSUzI1NiIsInR5cCI6IkpXVCJ9.eyJpc3MiOiJrdWJlcm5ldGVzL3NlcnZpY2VhY2NvdW50Iiwia3ViZXJuZXRlcy5pby9zZXJ2aWNlYWNjb3VudC9uYW1lc3BhY2UiOiJvYy1jZC0xMDE3LXByYW5hdmQtcGQiLCJrdWJlcm5ldGVzLmlvL3NlcnZpY2VhY2NvdW50L3NlY3JldC5uYW1lIjoiZml0LXNhLXRva2VuLTRsdzZtIiwia3ViZXJuZXRlcy5pby9zZXJ2aWNlYWNjb3VudC9zZXJ2aWNlLWFjY291bnQubmFtZSI6ImZpdC1zYSIsImt1YmVybmV0ZXMuaW8vc2VydmljZWFjY291bnQvc2VydmljZS1hY2NvdW50LnVpZCI6IjljYzViYmMxLWI3MjEtMTFlOC1iYjg2LTAwNTA1NjlhODg3YyIsInN1YiI6InN5c3RlbTpzZXJ2aWNlYWNjb3VudDpvYy1jZC0xMDE3LXByYW5hdmQtcGQ6Zml0LXNhIn0.KMmKTeThNBXz_F_aqQoUpcSw1eXkrR4xr7tITRdfs2IDTLfXzxGfYk9fOni2zyhlVH7lx9mB94bVkI2zWqa7cjR9z1DEW7OxPFq1XQ11yspYFG3tOi0NdNeaD66XB9TIbGEwbQYl92ZDsy5y3eD5echit18B52IMq8nvaNvTNXESzdGqsxtBMnNpUhtYUZy5xgasoKUwTR34rg91XgeZagjVsH2FJ8R7gIB9fXg8-IR4ZatJitxo40caTeHkGUvjI5aGADQCzytee87Yq6fAeXRb9sZcFUFmJkqf7OLl1FQkH41UG3zjfqtc00mNCzpXEVVbuqiw4ghZYNnh1tPJQA]]>
    </line>
    <line>
      <![CDATA[</div>]]>
    </line>
    <line>
      <![CDATA[</div>]]>
    </line>
    <line>
      <![CDATA[</div>]]>
    </line>
    <line>
      <![CDATA[</div>]]>
    </line>
    <line>
      <![CDATA[</td>]]>
    </line>
    <line>
      <![CDATA[</tr>]]>
    </line>
    <line>
      <![CDATA[<tr>]]>
    </line>
    <line>
      <![CDATA[<td class="text-dark font-weight-bold" >Payload :</td>]]>
    </line>
    <line>
      <![CDATA[<td class="" >]]>
    </line>
    <line>
      <![CDATA[<a href="" class="alert-link" data-toggle="modal" data-target="#rest_assured_logger_modal_value_59">Show</a>]]>
    </line>
    <line>
      <![CDATA[<div class="modal fade"  id="rest_assured_logger_modal_value_59" tabindex="-1" role="dialog">]]>
    </line>
    <line>
      <![CDATA[<div class="modal-dialog" role="document">]]>
    </line>
    <line>
      <![CDATA[<div class="modal-content">]]>
    </line>
    <line>
      <![CDATA[<div class="modal-header text-white bg-info">]]>
    </line>
    <line>
      <![CDATA[<h5 class="modal-title" id="title1">Payload</h5>]]>
    </line>
    <line>
      <![CDATA[<span class="h6 text-light ml-2 mt-2">(click on the Text to copy)</span>]]>
    </line>
    <line>
      <![CDATA[<button type="button" class="close" data-dismiss="modal" aria-label="Close">]]>
    </line>
    <line>
      <![CDATA[<span aria-hidden="true">&times;</span>]]>
    </line>
    <line>
      <![CDATA[</button>]]>
    </line>
    <line>
      <![CDATA[</div>]]>
    </line>
    <line>
      <![CDATA[<div onClick="copyMePlease(this)" class="modal-body">]]>
    </line>
    <line>
      <![CDATA[None]]>
    </line>
    <line>
      <![CDATA[</div>]]>
    </line>
    <line>
      <![CDATA[</div>]]>
    </line>
    <line>
      <![CDATA[</div>]]>
    </line>
    <line>
      <![CDATA[</div>]]>
    </line>
    <line>
      <![CDATA[</td>]]>
    </line>
    <line>
      <![CDATA[</tr>]]>
    </line>
    <line>
      <![CDATA[<tr>]]>
    </line>
    <line>
      <![CDATA[<td class="text-dark font-weight-bold" >Response Header :</td>]]>
    </line>
    <line>
      <![CDATA[<td class="" >]]>
    </line>
    <line>
      <![CDATA[<a href="" class="alert-link" data-toggle="modal" data-target="#modal_value_20">Show</a>]]>
    </line>
    <line>
      <![CDATA[<div class="modal fade"  id="modal_value_20" tabindex="-1" role="dialog">]]>
    </line>
    <line>
      <![CDATA[<div class="modal-dialog" role="document">]]>
    </line>
    <line>
      <![CDATA[<div class="modal-content">]]>
    </line>
    <line>
      <![CDATA[<div class="modal-header text-white bg-info">]]>
    </line>
    <line>
      <![CDATA[<h5 class="modal-title" id="title1">Response Header</h5>]]>
    </line>
    <line>
      <![CDATA[<span class="h6 text-light ml-2 mt-2">(click on the Text to copy)</span>]]>
    </line>
    <line>
      <![CDATA[<button type="button" class="close" data-dismiss="modal" aria-label="Close">]]>
    </line>
    <line>
      <![CDATA[<span aria-hidden="true">&times;</span>]]>
    </line>
    <line>
      <![CDATA[</button>]]>
    </line>
    <line>
      <![CDATA[</div>]]>
    </line>
    <line>
      <![CDATA[<div onClick="copyMePlease(this)" class="modal-body">]]>
    </line>
    <line>
      <![CDATA[Cache-Control=no-store
	Content-Type=application/json
	Date=Tue, 18 Sep 2018 09:40:53 GMT
	Transfer-Encoding=chunked]]>
    </line>
    <line>
      <![CDATA[</div>]]>
    </line>
    <line>
      <![CDATA[</div>]]>
    </line>
    <line>
      <![CDATA[</div>]]>
    </line>
    <line>
      <![CDATA[</div>]]>
    </line>
    <line>
      <![CDATA[</td>]]>
    </line>
    <line>
      <![CDATA[</tr>]]>
    </line>
    <line>
      <![CDATA[<tr>]]>
    </line>
    <line>
      <![CDATA[<td class="text-dark font-weight-bold" >Response :</td>]]>
    </line>
    <line>
      <![CDATA[<td class="" >]]>
    </line>
    <line>
      <![CDATA[<a href="" class="alert-link" data-toggle="modal" data-target="#rest_assured_logger_modal_value_60">Show</a>]]>
    </line>
    <line>
      <![CDATA[<div class="modal fade"  id="rest_assured_logger_modal_value_60" tabindex="-1" role="dialog">]]>
    </line>
    <line>
      <![CDATA[<div class="modal-dialog" role="document">]]>
    </line>
    <line>
      <![CDATA[<div class="modal-content">]]>
    </line>
    <line>
      <![CDATA[<div class="modal-header text-white bg-info">]]>
    </line>
    <line>
      <![CDATA[<h5 class="modal-title" id="title1">Response</h5>]]>
    </line>
    <line>
      <![CDATA[<span class="h6 text-light ml-2 mt-2">(click on the Text to copy)</span>]]>
    </line>
    <line>
      <![CDATA[<button type="button" class="close" data-dismiss="modal" aria-label="Close">]]>
    </line>
    <line>
      <![CDATA[<span aria-hidden="true">&times;</span>]]>
    </line>
    <line>
      <![CDATA[</button>]]>
    </line>
    <line>
      <![CDATA[</div>]]>
    </line>
    <line>
      <![CDATA[<div onClick="copyMePlease(this)" class="modal-body">]]>
    </line>
    <line>
      <![CDATA[{"kind":"ServiceList","apiVersion":"v1","metadata":{"selfLink":"/api/v1/namespaces/care-for-openshift-testing/services","resourceVersion":"69531653"},"items":[{"metadata":{"name":"account-billingaccount-service","namespace":"care-for-openshift-testing","selfLink":"/api/v1/namespaces/care-for-openshift-testing/services/account-billingaccount-service","uid":"ca2a76fe-79f7-11e8-b420-0050569ac01d","resourceVersion":"36943688","creationTimestamp":"2018-06-27T10:49:39Z","labels":{"chart":"account-billingaccount-0.1.0-0223","expose":"true","microservice":"account-billingaccount","project":"account-billingaccount-exe","provider":"amdocs","release":"account-billingaccount"},"annotations":{"fabric8.io/iconUrl":"img/icons/spring-boot.svg"}},"spec":{"ports":[{"name":"http","protocol":"TCP","port":8080,"targetPort":8080,"nodePort":31193},{"name":"jacoco","protocol":"TCP","port":6300,"targetPort":6300,"nodePort":30712},{"name":"management","protocol":"TCP","port":18080,"targetPort":18080,"nodePort":32240}],"selector":{"microservice":"account-billingaccount","project":"account-billingaccount-exe","provider":"amdocs","release":"account-billingaccount"},"clusterIP":"172.30.72.145","type":"NodePort","sessionAffinity":"None","externalTrafficPolicy":"Cluster"},"status":{"loadBalancer":{}}},{"metadata":{"name":"asm-services-cloud-service","namespace":"care-for-openshift-testing","selfLink":"/api/v1/namespaces/care-for-openshift-testing/services/asm-services-cloud-service","uid":"e9228cf3-79e6-11e8-b420-0050569ac01d","resourceVersion":"36943691","creationTimestamp":"2018-06-27T08:48:49Z","labels":{"projectexportable":"No"},"annotations":{"kubectl.kubernetes.io/last-applied-configuration":"{\"apiVersion\":\"v1\",\"kind\":\"Service\",\"metadata\":{\"annotations\":{},\"labels\":{\"projectexportable\":\"No\"},\"name\":\"asm-services-cloud-service\",\"namespace\":\"care-for-openshift-testing\"},\"spec\":{\"ports\":[{\"name\":\"a3s-port\",\"port\":9191,\"protocol\":\"TCP\",\"targetPort\":9191}],\"selector\":{},\"type\":\"NodePort\"}}\n"}},"spec":{"ports":[{"name":"a3s-port","protocol":"TCP","port":9191,"targetPort":9191,"nodePort":31766}],"clusterIP":"172.30.34.208","type":"NodePort","sessionAffinity":"None","externalTrafficPolicy":"Cluster"},"status":{"loadBalancer":{}}},{"metadata":{"name":"attachment-attachment-service","namespace":"care-for-openshift-testing","selfLink":"/api/v1/namespaces/care-for-openshift-testing/services/attachment-attachment-service","uid":"a388c4eb-79f7-11e8-b420-0050569ac01d","resourceVersion":"36943692","creationTimestamp":"2018-06-27T10:48:34Z","labels":{"chart":"attachment-attachment-0.1.0-0184","expose":"true","microservice":"attachment-attachment","namespace":"","project":"attachment-attachment-exe","provider":"amdocs","release":"attachment-attachment"},"annotations":{"fabric8.io/iconUrl":"img/icons/spring-boot.svg"}},"spec":{"ports":[{"name":"http","protocol":"TCP","port":8080,"targetPort":8080,"nodePort":32689},{"name":"jacoco","protocol":"TCP","port":6300,"targetPort":6300,"nodePort":31730},{"name":"management","protocol":"TCP","port":18080,"targetPort":18080,"nodePort":30439}],"selector":{"microservice":"attachment-attachment","project":"attachment-attachment-exe","provider":"amdocs","release":"attachment-attachment"},"clusterIP":"172.30.17.120","type":"NodePort","sessionAffinity":"None","externalTrafficPolicy":"Cluster"},"status":{"loadBalancer":{}}},{"metadata":{"name":"attachment-dmsbridge-service","namespace":"care-for-openshift-testing","selfLink":"/api/v1/namespaces/care-for-openshift-testing/services/attachment-dmsbridge-service","uid":"68d5fc86-79fa-11e8-b420-0050569ac01d","resourceVersion":"36943694","creationTimestamp":"2018-06-27T11:08:24Z","labels":{"chart":"attachment-dmsbridge-0.1.1-0002","expose":"true","microservice":"attachment-dmsbridge","project":"attachment-dmsbridge-exe","provider":"amdocs","release":"attachment-dmsbridge"},"annotations":{"fabric8.io/iconUrl":"img/icons/spring-boot.svg"}},"spec":{"ports":[{"name":"http","protocol":"TCP","port":8080,"targetPort":8080,"nodePort":31835},{"name":"jacoco","protocol":"TCP","port":6300,"targetPort":6300,"nodePort":30107},{"name":"management","protocol":"TCP","port":18080,"targetPort":18080,"nodePort":32518}],"selector":{"microservice":"attachment-dmsbridge","project":"attachment-dmsbridge-exe","provider":"amdocs","release":"attachment-dmsbridge"},"clusterIP":"172.30.188.39","type":"NodePort","sessionAffinity":"None","externalTrafficPolicy":"Cluster"},"status":{"loadBalancer":{}}},{"metadata":{"name":"couchbase-service","namespace":"care-for-openshift-testing","selfLink":"/api/v1/namespaces/care-for-openshift-testing/services/couchbase-service","uid":"e91d4486-79e6-11e8-b420-0050569ac01d","resourceVersion":"36943695","creationTimestamp":"2018-06-27T08:48:49Z","labels":{"projectexportable":"No"},"annotations":{"kubectl.kubernetes.io/last-applied-configuration":"{\"apiVersion\":\"v1\",\"kind\":\"Service\",\"metadata\":{\"annotations\":{},\"labels\":{\"projectexportable\":\"No\"},\"name\":\"couchbase-service\",\"namespace\":\"care-for-openshift-testing\"},\"spec\":{\"ports\":[{\"name\":\"cb\",\"nodePort\":0,\"port\":8091,\"protocol\":\"TCP\",\"targetPort\":8091},{\"name\":\"cb-views\",\"nodePort\":0,\"port\":8092,\"protocol\":\"TCP\",\"targetPort\":8092},{\"name\":\"cb-query\",\"nodePort\":0,\"port\":8093,\"protocol\":\"TCP\",\"targetPort\":8093},{\"name\":\"cb-ftsearch\",\"nodePort\":0,\"port\":8094,\"protocol\":\"TCP\",\"targetPort\":8094},{\"name\":\"cb-sc\",\"nodePort\":0,\"port\":11210,\"protocol\":\"TCP\",\"targetPort\":11210},{\"name\":\"cb-scssl\",\"nodePort\":0,\"port\":11207,\"protocol\":\"TCP\",\"targetPort\":11207},{\"name\":\"cb-https\",\"nodePort\":0,\"port\":18091,\"protocol\":\"TCP\",\"targetPort\":18091},{\"name\":\"cb-viewsssl\",\"nodePort\":0,\"port\":18092,\"protocol\":\"TCP\",\"targetPort\":18092},{\"name\":\"cb-queryssl\",\"nodePort\":0,\"port\":18093,\"protocol\":\"TCP\",\"targetPort\":18093}],\"selector\":{}}}\n"}},"spec":{"ports":[{"name":"cb","protocol":"TCP","port":8091,"targetPort":8091},{"name":"cb-views","protocol":"TCP","port":8092,"targetPort":8092},{"name":"cb-query","protocol":"TCP","port":8093,"targetPort":8093},{"name":"cb-ftsearch","protocol":"TCP","port":8094,"targetPort":8094},{"name":"cb-sc","protocol":"TCP","port":11210,"targetPort":11210},{"name":"cb-scssl","protocol":"TCP","port":11207,"targetPort":11207},{"name":"cb-https","protocol":"TCP","port":18091,"targetPort":18091},{"name":"cb-viewsssl","protocol":"TCP","port":18092,"targetPort":18092},{"name":"cb-queryssl","protocol":"TCP","port":18093,"targetPort":18093}],"clusterIP":"172.30.10.246","type":"ClusterIP","sessionAffinity":"None"},"status":{"loadBalancer":{}}},{"metadata":{"name":"creditprofile-creditevaluatorbridge-service","namespace":"care-for-openshift-testing","selfLink":"/api/v1/namespaces/care-for-openshift-testing/services/creditprofile-creditevaluatorbridge-service","uid":"ccb5f0ef-79f8-11e8-b420-0050569ac01d","resourceVersion":"36943698","creationTimestamp":"2018-06-27T10:56:52Z","labels":{"chart":"creditprofile-creditevaluatorbridge-0.1.0-0072","expose":"true","microservice":"creditprofile-crediteval","project":"creditprofile-creditevaluatorbridge-exe","provider":"amdocs","release":"creditprofile-creditevaluatorbridge"},"annotations":{"fabric8.io/iconUrl":"img/icons/spring-boot.svg"}},"spec":{"ports":[{"name":"http","protocol":"TCP","port":8080,"targetPort":8080,"nodePort":31419},{"name":"jacoco","protocol":"TCP","port":6300,"targetPort":6300,"nodePort":31732},{"name":"management","protocol":"TCP","port":18080,"targetPort":18080,"nodePort":31021}],"selector":{"microservice":"creditprofile-crediteval","project":"creditprofile-creditevaluatorbridge-exe","provider":"amdocs","release":"creditprofile-creditevaluatorbridge"},"clusterIP":"172.30.111.191","type":"NodePort","sessionAffinity":"None","externalTrafficPolicy":"Cluster"},"status":{"loadBalancer":{}}},{"metadata":{"name":"creditprofile-creditprofile-service","namespace":"care-for-openshift-testing","selfLink":"/api/v1/namespaces/care-for-openshift-testing/services/creditprofile-creditprofile-service","uid":"f2110780-79f8-11e8-b420-0050569ac01d","resourceVersion":"36943699","creationTimestamp":"2018-06-27T10:57:55Z","labels":{"chart":"creditprofile-creditprofile-0.1.0-0180","expose":"true","microservice":"creditprofile-creditprof","project":"creditprofile-creditprofile-exe","provider":"amdocs","release":"creditprofile-creditprofile"},"annotations":{"fabric8.io/iconUrl":"img/icons/spring-boot.svg"}},"spec":{"ports":[{"name":"http","protocol":"TCP","port":8080,"targetPort":8080,"nodePort":31057},{"name":"jacoco","protocol":"TCP","port":6300,"targetPort":6300,"nodePort":30681},{"name":"management","protocol":"TCP","port":18080,"targetPort":18080,"nodePort":31634}],"selector":{"microservice":"creditprofile-creditprof","project":"creditprofile-creditprofile-exe","provider":"amdocs","release":"creditprofile-creditprofile"},"clusterIP":"172.30.226.154","type":"NodePort","sessionAffinity":"None","externalTrafficPolicy":"Cluster"},"status":{"loadBalancer":{}}},{"metadata":{"name":"customer-customer-service","namespace":"care-for-openshift-testing","selfLink":"/api/v1/namespaces/care-for-openshift-testing/services/customer-customer-service","uid":"e84d6895-79f7-11e8-b420-0050569ac01d","resourceVersion":"36943702","creationTimestamp":"2018-06-27T10:50:29Z","labels":{"chart":"customer-customer-0.1.0-0728","expose":"true","group":"com.amdocs.digital.ms.customer.customer","microservice":"customer-customer","project":"customer-customer-exe","provider":"amdocs","release":"customer-customer"},"annotations":{"fabric8.io/iconUrl":"img/icons/spring-boot.svg"}},"spec":{"ports":[{"name":"http","protocol":"TCP","port":8080,"targetPort":8080,"nodePort":32354},{"name":"management","protocol":"TCP","port":18080,"targetPort":18080,"nodePort":31334},{"name":"jacoco","protocol":"TCP","port":6300,"targetPort":6300,"nodePort":32060}],"selector":{"microservice":"customer-customer","project":"customer-customer-exe","provider":"amdocs","release":"customer-customer"},"clusterIP":"172.30.194.131","type":"NodePort","sessionAffinity":"None","externalTrafficPolicy":"Cluster"},"status":{"loadBalancer":{}}},{"metadata":{"name":"customer-customerentity-service","namespace":"care-for-openshift-testing","selfLink":"/api/v1/namespaces/care-for-openshift-testing/services/customer-customerentity-service","uid":"a55fc76e-79f8-11e8-b420-0050569ac01d","resourceVersion":"36943703","creationTimestamp":"2018-06-27T10:55:46Z","labels":{"chart":"customer-customerentity-0.1.0-0271","expose":"true","microservice":"customer-customerentity","project":"customer-customerentity-exe","provider":"amdocs","release":"customerentity-rls"},"annotations":{"fabric8.io/iconUrl":"img/icons/spring-boot.svg"}},"spec":{"ports":[{"name":"http","protocol":"TCP","port":8080,"targetPort":8080,"nodePort":31022},{"name":"jacoco","protocol":"TCP","port":6300,"targetPort":6300,"nodePort":31721},{"name":"management","protocol":"TCP","port":18080,"targetPort":18080,"nodePort":31243}],"selector":{"microservice":"customer-customerentity","project":"customer-customerentity-exe","provider":"amdocs","release":"customerentity-rls"},"clusterIP":"172.30.231.14","type":"NodePort","sessionAffinity":"None","externalTrafficPolicy":"Cluster"},"status":{"loadBalancer":{}}},{"metadata":{"name":"elasticsearch-service","namespace":"care-for-openshift-testing","selfLink":"/api/v1/namespaces/care-for-openshift-testing/services/elasticsearch-service","uid":"e92870c6-79e6-11e8-b420-0050569ac01d","resourceVersion":"36943705","creationTimestamp":"2018-06-27T08:48:49Z","labels":{"projectexportable":"No"},"annotations":{"kubectl.kubernetes.io/last-applied-configuration":"{\"apiVersion\":\"v1\",\"kind\":\"Service\",\"metadata\":{\"annotations\":{},\"labels\":{\"projectexportable\":\"No\"},\"name\":\"elasticsearch-service\",\"namespace\":\"care-for-openshift-testing\"},\"spec\":{\"ports\":[{\"name\":\"elasticsearch-port\",\"nodePort\":0,\"port\":9200,\"protocol\":\"TCP\",\"targetPort\":9200}],\"selector\":{}}}\n"}},"spec":{"ports":[{"name":"elasticsearch-port","protocol":"TCP","port":9200,"targetPort":9200}],"clusterIP":"172.30.151.228","type":"ClusterIP","sessionAffinity":"None"},"status":{"loadBalancer":{}}},{"metadata":{"name":"financialaccount-financialaccount-service","namespace":"care-for-openshift-testing","selfLink":"/api/v1/namespaces/care-for-openshift-testing/services/financialaccount-financialaccount-service","uid":"f9d8573f-79f9-11e8-b420-0050569ac01d","resourceVersion":"36943707","creationTimestamp":"2018-06-27T11:05:18Z","labels":{"chart":"financialaccount-financialaccount-0.1.0-0186","expose":"true","microservice":"financialaccount-financi","project":"financialaccount-financialaccount-exe","provider":"amdocs","release":"financialaccount-financialaccount"},"annotations":{"fabric8.io/iconUrl":"img/icons/spring-boot.svg"}},"spec":{"ports":[{"name":"http","protocol":"TCP","port":8080,"targetPort":8080,"nodePort":31973},{"name":"jacoco","protocol":"TCP","port":6300,"targetPort":6300,"nodePort":32090},{"name":"management","protocol":"TCP","port":18080,"targetPort":18080,"nodePort":31789}],"selector":{"microservice":"financialaccount-financi","project":"financialaccount-financialaccount-exe","provider":"amdocs","release":"financialaccount-financialaccount"},"clusterIP":"172.30.125.141","type":"NodePort","sessionAffinity":"None","externalTrafficPolicy":"Cluster"},"status":{"loadBalancer":{}}},{"metadata":{"name":"geographicaddress-geographicaddress-service","namespace":"care-for-openshift-testing","selfLink":"/api/v1/namespaces/care-for-openshift-testing/services/geographicaddress-geographicaddress-service","uid":"e92d3247-79fa-11e8-b420-0050569ac01d","resourceVersion":"36943708","creationTimestamp":"2018-06-27T11:11:59Z","labels":{"chart":"geographicaddress-geographicaddress-0.1.0-0051","expose":"true","microservice":"geographicaddress-geogra","project":"geographicaddress-geographicaddress-exe","provider":"amdocs","release":"geographicaddress-geographicaddress"},"annotations":{"fabric8.io/iconUrl":"img/icons/spring-boot.svg"}},"spec":{"ports":[{"name":"http","protocol":"TCP","port":8080,"targetPort":8080,"nodePort":30620},{"name":"jacoco","protocol":"TCP","port":6300,"targetPort":6300,"nodePort":30506},{"name":"management","protocol":"TCP","port":18080,"targetPort":18080,"nodePort":32351}],"selector":{"microservice":"geographicaddress-geogra","project":"geographicaddress-geographicaddress-exe","provider":"amdocs","release":"geographicaddress-geographicaddress"},"clusterIP":"172.30.171.250","type":"NodePort","sessionAffinity":"None","externalTrafficPolicy":"Cluster"},"status":{"loadBalancer":{}}},{"metadata":{"name":"geographicaddress-geographicaddressbridge-service","namespace":"care-for-openshift-testing","selfLink":"/api/v1/namespaces/care-for-openshift-testing/services/geographicaddress-geographicaddressbridge-service","uid":"a48c7ea3-79fa-11e8-b420-0050569ac01d","resourceVersion":"36943711","creationTimestamp":"2018-06-27T11:10:04Z","labels":{"chart":"geographicaddress-geographicaddressbridge-0.1.0-0088","expose":"true","microservice":"geographicaddress-geogra","project":"geographicaddress-geographicaddressbridge-exe","provider":"amdocs","release":"geographicaddressbrid"},"annotations":{"fabric8.io/iconUrl":"img/icons/spring-boot.svg"}},"spec":{"ports":[{"name":"http","protocol":"TCP","port":8080,"targetPort":8080,"nodePort":32543},{"name":"jacoco","protocol":"TCP","port":6300,"targetPort":6300,"nodePort":32528},{"name":"management","protocol":"TCP","port":18080,"targetPort":18080,"nodePort":31217}],"selector":{"microservice":"geographicaddress-geogra","project":"geographicaddress-geographicaddressbridge-exe","provider":"amdocs","release":"geographicaddressbrid"},"clusterIP":"172.30.225.222","type":"NodePort","sessionAffinity":"None","externalTrafficPolicy":"Cluster"},"status":{"loadBalancer":{}}},{"metadata":{"name":"kafka-service","namespace":"care-for-openshift-testing","selfLink":"/api/v1/namespaces/care-for-openshift-testing/services/kafka-service","uid":"e92f8101-79e6-11e8-b420-0050569ac01d","resourceVersion":"36943712","creationTimestamp":"2018-06-27T08:48:49Z","labels":{"projectexportable":"No"},"annotations":{"kubectl.kubernetes.io/last-applied-configuration":"{\"apiVersion\":\"v1\",\"kind\":\"Service\",\"metadata\":{\"annotations\":{},\"labels\":{\"projectexportable\":\"No\"},\"name\":\"kafka-service\",\"namespace\":\"care-for-openshift-testing\"},\"spec\":{\"ports\":[{\"name\":\"kafka-port\",\"nodePort\":0,\"port\":9092,\"protocol\":\"TCP\",\"targetPort\":9092}],\"selector\":{}}}\n"}},"spec":{"ports":[{"name":"kafka-port","protocol":"TCP","port":9092,"targetPort":9092}],"clusterIP":"172.30.183.68","type":"ClusterIP","sessionAffinity":"None"},"status":{"loadBalancer":{}}},{"metadata":{"name":"party-attachment-service","namespace":"care-for-openshift-testing","selfLink":"/api/v1/namespaces/care-for-openshift-testing/services/party-attachment-service","uid":"fd6a0064-79fa-11e8-b420-0050569ac01d","resourceVersion":"36943713","creationTimestamp":"2018-06-27T11:12:33Z","labels":{"chart":"party-attachment-0.1.0-0156","expose":"true","microservice":"party-attachment","project":"party-attachment-exe","provider":"amdocs","release":"party-attachment"},"annotations":{"fabric8.io/iconUrl":"img/icons/spring-boot.svg"}},"spec":{"ports":[{"name":"http","protocol":"TCP","port":8080,"targetPort":8080,"nodePort":31758},{"name":"jacoco","protocol":"TCP","port":6300,"targetPort":6300,"nodePort":32566},{"name":"management","protocol":"TCP","port":18080,"targetPort":18080,"nodePort":32557}],"selector":{"microservice":"party-attachment","project":"party-attachment-exe","provider":"amdocs","release":"party-attachment"},"clusterIP":"172.30.61.196","type":"NodePort","sessionAffinity":"None","externalTrafficPolicy":"Cluster"},"status":{"loadBalancer":{}}},{"metadata":{"name":"party-individual-service","namespace":"care-for-openshift-testing","selfLink":"/api/v1/namespaces/care-for-openshift-testing/services/party-individual-service","uid":"075c8227-79fb-11e8-b420-0050569ac01d","resourceVersion":"36943715","creationTimestamp":"2018-06-27T11:12:50Z","labels":{"chart":"party-individual-0.1.0-1131","expose":"true","microservice":"party-individual","project":"party-individual-exe","provider":"amdocs","release":"party-individual"},"annotations":{"fabric8.io/iconUrl":"img/icons/spring-boot.svg"}},"spec":{"ports":[{"name":"http","protocol":"TCP","port":8080,"targetPort":8080,"nodePort":30261},{"name":"jacoco","protocol":"TCP","port":6300,"targetPort":6300,"nodePort":32487},{"name":"management","protocol":"TCP","port":18080,"targetPort":18080,"nodePort":32641}],"selector":{"microservice":"party-individual","project":"party-individual-exe","provider":"amdocs","release":"party-individual"},"clusterIP":"172.30.237.103","type":"NodePort","sessionAffinity":"None","externalTrafficPolicy":"Cluster"},"status":{"loadBalancer":{}}},{"metadata":{"name":"partyinteraction-attachment-service","namespace":"care-for-openshift-testing","selfLink":"/api/v1/namespaces/care-for-openshift-testing/services/partyinteraction-attachment-service","uid":"1ad95916-79fb-11e8-b420-0050569ac01d","resourceVersion":"36943716","creationTimestamp":"2018-06-27T11:13:22Z","labels":{"chart":"partyinteraction-attachment-0.1.0-0088","expose":"true","microservice":"partyinteraction-attachm","project":"partyinteraction-attachment-exe","provider":"amdocs","release":"partyinteraction-attachment"},"annotations":{"fabric8.io/iconUrl":"img/icons/spring-boot.svg"}},"spec":{"ports":[{"name":"http","protocol":"TCP","port":8080,"targetPort":8080,"nodePort":32286},{"name":"jacoco","protocol":"TCP","port":6300,"targetPort":6300,"nodePort":30747},{"name":"management","protocol":"TCP","port":18080,"targetPort":18080,"nodePort":31272}],"selector":{"microservice":"partyinteraction-attachm","project":"partyinteraction-attachment-exe","provider":"amdocs","release":"partyinteraction-attachment"},"clusterIP":"172.30.216.103","type":"NodePort","sessionAffinity":"None","externalTrafficPolicy":"Cluster"},"status":{"loadBalancer":{}}},{"metadata":{"name":"partyinteraction-partyinteraction-service","namespace":"care-for-openshift-testing","selfLink":"/api/v1/namespaces/care-for-openshift-testing/services/partyinteraction-partyinteraction-service","uid":"10865a67-79fb-11e8-b420-0050569ac01d","resourceVersion":"36943718","creationTimestamp":"2018-06-27T11:13:05Z","labels":{"chart":"partyinteraction-partyinteraction-0.1.0-0184","expose":"true","microservice":"partyinteraction-partyin","project":"partyinteraction-partyinteraction-exe","provider":"amdocs","release":"partyinteraction-partyinteraction"},"annotations":{"fabric8.io/iconUrl":"img/icons/spring-boot.svg"}},"spec":{"ports":[{"name":"http","protocol":"TCP","port":8080,"targetPort":8080,"nodePort":31716},{"name":"jacoco","protocol":"TCP","port":6300,"targetPort":6300,"nodePort":30776},{"name":"management","protocol":"TCP","port":18080,"targetPort":18080,"nodePort":32312}],"selector":{"microservice":"partyinteraction-partyin","project":"partyinteraction-partyinteraction-exe","provider":"amdocs","release":"partyinteraction-partyinteraction"},"clusterIP":"172.30.7.216","type":"NodePort","sessionAffinity":"None","externalTrafficPolicy":"Cluster"},"status":{"loadBalancer":{}}},{"metadata":{"name":"paymentmethod-paymentmethod-service","namespace":"care-for-openshift-testing","selfLink":"/api/v1/namespaces/care-for-openshift-testing/services/paymentmethod-paymentmethod-service","uid":"37b2ce61-79fb-11e8-b420-0050569ac01d","resourceVersion":"36943719","creationTimestamp":"2018-06-27T11:14:11Z","labels":{"chart":"paymentmethod-paymentmethod-0.1.0-0107","expose":"true","microservice":"paymentmethod-paymentmet","project":"paymentmethod-paymentmethod-exe","provider":"amdocs","release":"paymentmethod-paymentmethod"},"annotations":{"fabric8.io/iconUrl":"img/icons/spring-boot.svg"}},"spec":{"ports":[{"name":"http","protocol":"TCP","port":8080,"targetPort":8080,"nodePort":32427},{"name":"jacoco","protocol":"TCP","port":6300,"targetPort":6300,"nodePort":31146},{"name":"management","protocol":"TCP","port":18080,"targetPort":18080,"nodePort":31106}],"selector":{"microservice":"paymentmethod-paymentmet","project":"paymentmethod-paymentmethod-exe","provider":"amdocs","release":"paymentmethod-paymentmethod"},"clusterIP":"172.30.63.184","type":"NodePort","sessionAffinity":"None","externalTrafficPolicy":"Cluster"},"status":{"loadBalancer":{}}},{"metadata":{"name":"scheduler-task-service","namespace":"care-for-openshift-testing","selfLink":"/api/v1/namespaces/care-for-openshift-testing/services/scheduler-task-service","uid":"5fff329e-79fb-11e8-b420-0050569ac01d","resourceVersion":"36943721","creationTimestamp":"2018-06-27T11:15:18Z","labels":{"chart":"scheduler-task-0.1.0-0495","expose":"true","microservice":"scheduler-task","project":"scheduler-task","provider":"amdocs","release":"scheduler-task"},"annotations":{"fabric8.io/iconUrl":"img/icons/spring-boot.svg"}},"spec":{"ports":[{"name":"http","protocol":"TCP","port":8080,"targetPort":8080,"nodePort":32558},{"name":"metrics","protocol":"TCP","port":5555,"targetPort":"metrics","nodePort":32668}],"selector":{"microservice":"scheduler-task","project":"scheduler-task","provider":"amdocs","release":"scheduler-task"},"clusterIP":"172.30.107.187","type":"NodePort","sessionAffinity":"None","externalTrafficPolicy":"Cluster"},"status":{"loadBalancer":{}}},{"metadata":{"name":"search-search-service","namespace":"care-for-openshift-testing","selfLink":"/api/v1/namespaces/care-for-openshift-testing/services/search-search-service","uid":"2123abd5-79fc-11e8-b420-0050569ac01d","resourceVersion":"36943723","creationTimestamp":"2018-06-27T11:20:42Z","labels":{"chart":"search-search-0.1.0-0207","expose":"true","microservice":"search-search","project":"search-search-exe","provider":"amdocs","release":"search-search"},"annotations":{"fabric8.io/iconUrl":"img/icons/spring-boot.svg"}},"spec":{"ports":[{"name":"http","protocol":"TCP","port":8080,"targetPort":8080,"nodePort":30822},{"name":"jacoco","protocol":"TCP","port":6300,"targetPort":6300,"nodePort":32711},{"name":"management","protocol":"TCP","port":18080,"targetPort":18080,"nodePort":31423}],"selector":{"microservice":"search-search","project":"search-search-exe","provider":"amdocs","release":"search-search"},"clusterIP":"172.30.64.131","type":"NodePort","sessionAffinity":"None","externalTrafficPolicy":"Cluster"},"status":{"loadBalancer":{}}},{"metadata":{"name":"zookeeper-service","namespace":"care-for-openshift-testing","selfLink":"/api/v1/namespaces/care-for-openshift-testing/services/zookeeper-service","uid":"e9366ed1-79e6-11e8-b420-0050569ac01d","resourceVersion":"36943725","creationTimestamp":"2018-06-27T08:48:49Z","labels":{"projectexportable":"No"},"annotations":{"kubectl.kubernetes.io/last-applied-configuration":"{\"apiVersion\":\"v1\",\"kind\":\"Service\",\"metadata\":{\"annotations\":{},\"labels\":{\"projectexportable\":\"No\"},\"name\":\"zookeeper-service\",\"namespace\":\"care-for-openshift-testing\"},\"spec\":{\"ports\":[{\"name\":\"zookeeper-port\",\"nodePort\":0,\"port\":2181,\"protocol\":\"TCP\",\"targetPort\":2181}],\"selector\":{}}}\n"}},"spec":{"ports":[{"name":"zookeeper-port","protocol":"TCP","port":2181,"targetPort":2181}],"clusterIP":"172.30.33.141","type":"ClusterIP","sessionAffinity":"None"},"status":{"loadBalancer":{}}}]}
]]>
    </line>
    <line>
      <![CDATA[</div>]]>
    </line>
    <line>
      <![CDATA[</div>]]>
    </line>
    <line>
      <![CDATA[</div>]]>
    </line>
    <line>
      <![CDATA[</div>]]>
    </line>
    <line>
      <![CDATA[</td>]]>
    </line>
    <line>
      <![CDATA[</tr>]]>
    </line>
    <line>
      <![CDATA[<tr class="table-success"><td colspan="2">Response status: expected=200 actual=200; Value: true</td></tr>]]>
    </line>
    <line>
      <![CDATA[<tr class="table-info"><td class="text-dark font-weight-bold">Request Type </td><td class="" >GET</td></tr>]]>
    </line>
    <line>
      <![CDATA[<tr><td class="text-dark font-weight-bold">URI </td><td class="" > https://ilocpde01-master.corp.amdocs.com:8443/api/v1/namespaces/care-for-openshift-testing/pods </td></tr>]]>
    </line>
    <line>
      <![CDATA[<tr><td class="text-dark font-weight-bold" colspan="2">Headers : </td></tr>]]>
    </line>
    <line>
      <![CDATA[<tr>]]>
    </line>
    <line>
      <![CDATA[<td class="text-dark font-weight-bold" >Authorization :</td>]]>
    </line>
    <line>
      <![CDATA[<td class="" >]]>
    </line>
    <line>
      <![CDATA[<a href="" class="alert-link" data-toggle="modal" data-target="#rest_assured_logger_modal_value_61">Show</a>]]>
    </line>
    <line>
      <![CDATA[<div class="modal fade"  id="rest_assured_logger_modal_value_61" tabindex="-1" role="dialog">]]>
    </line>
    <line>
      <![CDATA[<div class="modal-dialog" role="document">]]>
    </line>
    <line>
      <![CDATA[<div class="modal-content">]]>
    </line>
    <line>
      <![CDATA[<div class="modal-header text-white bg-info">]]>
    </line>
    <line>
      <![CDATA[<h5 class="modal-title" id="title1">Authorization</h5>]]>
    </line>
    <line>
      <![CDATA[<span class="h6 text-light ml-2 mt-2">(click on the Text to copy)</span>]]>
    </line>
    <line>
      <![CDATA[<button type="button" class="close" data-dismiss="modal" aria-label="Close">]]>
    </line>
    <line>
      <![CDATA[<span aria-hidden="true">&times;</span>]]>
    </line>
    <line>
      <![CDATA[</button>]]>
    </line>
    <line>
      <![CDATA[</div>]]>
    </line>
    <line>
      <![CDATA[<div onClick="copyMePlease(this)" class="modal-body">]]>
    </line>
    <line>
      <![CDATA[Bearer eyJhbGciOiJSUzI1NiIsInR5cCI6IkpXVCJ9.eyJpc3MiOiJrdWJlcm5ldGVzL3NlcnZpY2VhY2NvdW50Iiwia3ViZXJuZXRlcy5pby9zZXJ2aWNlYWNjb3VudC9uYW1lc3BhY2UiOiJvYy1jZC0xMDE3LXByYW5hdmQtcGQiLCJrdWJlcm5ldGVzLmlvL3NlcnZpY2VhY2NvdW50L3NlY3JldC5uYW1lIjoiZml0LXNhLXRva2VuLTRsdzZtIiwia3ViZXJuZXRlcy5pby9zZXJ2aWNlYWNjb3VudC9zZXJ2aWNlLWFjY291bnQubmFtZSI6ImZpdC1zYSIsImt1YmVybmV0ZXMuaW8vc2VydmljZWFjY291bnQvc2VydmljZS1hY2NvdW50LnVpZCI6IjljYzViYmMxLWI3MjEtMTFlOC1iYjg2LTAwNTA1NjlhODg3YyIsInN1YiI6InN5c3RlbTpzZXJ2aWNlYWNjb3VudDpvYy1jZC0xMDE3LXByYW5hdmQtcGQ6Zml0LXNhIn0.KMmKTeThNBXz_F_aqQoUpcSw1eXkrR4xr7tITRdfs2IDTLfXzxGfYk9fOni2zyhlVH7lx9mB94bVkI2zWqa7cjR9z1DEW7OxPFq1XQ11yspYFG3tOi0NdNeaD66XB9TIbGEwbQYl92ZDsy5y3eD5echit18B52IMq8nvaNvTNXESzdGqsxtBMnNpUhtYUZy5xgasoKUwTR34rg91XgeZagjVsH2FJ8R7gIB9fXg8-IR4ZatJitxo40caTeHkGUvjI5aGADQCzytee87Yq6fAeXRb9sZcFUFmJkqf7OLl1FQkH41UG3zjfqtc00mNCzpXEVVbuqiw4ghZYNnh1tPJQA]]>
    </line>
    <line>
      <![CDATA[</div>]]>
    </line>
    <line>
      <![CDATA[</div>]]>
    </line>
    <line>
      <![CDATA[</div>]]>
    </line>
    <line>
      <![CDATA[</div>]]>
    </line>
    <line>
      <![CDATA[</td>]]>
    </line>
    <line>
      <![CDATA[</tr>]]>
    </line>
    <line>
      <![CDATA[<tr>]]>
    </line>
    <line>
      <![CDATA[<td class="text-dark font-weight-bold" >Payload :</td>]]>
    </line>
    <line>
      <![CDATA[<td class="" >]]>
    </line>
    <line>
      <![CDATA[<a href="" class="alert-link" data-toggle="modal" data-target="#rest_assured_logger_modal_value_62">Show</a>]]>
    </line>
    <line>
      <![CDATA[<div class="modal fade"  id="rest_assured_logger_modal_value_62" tabindex="-1" role="dialog">]]>
    </line>
    <line>
      <![CDATA[<div class="modal-dialog" role="document">]]>
    </line>
    <line>
      <![CDATA[<div class="modal-content">]]>
    </line>
    <line>
      <![CDATA[<div class="modal-header text-white bg-info">]]>
    </line>
    <line>
      <![CDATA[<h5 class="modal-title" id="title1">Payload</h5>]]>
    </line>
    <line>
      <![CDATA[<span class="h6 text-light ml-2 mt-2">(click on the Text to copy)</span>]]>
    </line>
    <line>
      <![CDATA[<button type="button" class="close" data-dismiss="modal" aria-label="Close">]]>
    </line>
    <line>
      <![CDATA[<span aria-hidden="true">&times;</span>]]>
    </line>
    <line>
      <![CDATA[</button>]]>
    </line>
    <line>
      <![CDATA[</div>]]>
    </line>
    <line>
      <![CDATA[<div onClick="copyMePlease(this)" class="modal-body">]]>
    </line>
    <line>
      <![CDATA[None]]>
    </line>
    <line>
      <![CDATA[</div>]]>
    </line>
    <line>
      <![CDATA[</div>]]>
    </line>
    <line>
      <![CDATA[</div>]]>
    </line>
    <line>
      <![CDATA[</div>]]>
    </line>
    <line>
      <![CDATA[</td>]]>
    </line>
    <line>
      <![CDATA[</tr>]]>
    </line>
    <line>
      <![CDATA[<tr>]]>
    </line>
    <line>
      <![CDATA[<td class="text-dark font-weight-bold" >Response Header :</td>]]>
    </line>
    <line>
      <![CDATA[<td class="" >]]>
    </line>
    <line>
      <![CDATA[<a href="" class="alert-link" data-toggle="modal" data-target="#modal_value_21">Show</a>]]>
    </line>
    <line>
      <![CDATA[<div class="modal fade"  id="modal_value_21" tabindex="-1" role="dialog">]]>
    </line>
    <line>
      <![CDATA[<div class="modal-dialog" role="document">]]>
    </line>
    <line>
      <![CDATA[<div class="modal-content">]]>
    </line>
    <line>
      <![CDATA[<div class="modal-header text-white bg-info">]]>
    </line>
    <line>
      <![CDATA[<h5 class="modal-title" id="title1">Response Header</h5>]]>
    </line>
    <line>
      <![CDATA[<span class="h6 text-light ml-2 mt-2">(click on the Text to copy)</span>]]>
    </line>
    <line>
      <![CDATA[<button type="button" class="close" data-dismiss="modal" aria-label="Close">]]>
    </line>
    <line>
      <![CDATA[<span aria-hidden="true">&times;</span>]]>
    </line>
    <line>
      <![CDATA[</button>]]>
    </line>
    <line>
      <![CDATA[</div>]]>
    </line>
    <line>
      <![CDATA[<div onClick="copyMePlease(this)" class="modal-body">]]>
    </line>
    <line>
      <![CDATA[Cache-Control=no-store
	Content-Type=application/json
	Date=Tue, 18 Sep 2018 09:40:54 GMT
	Transfer-Encoding=chunked]]>
    </line>
    <line>
      <![CDATA[</div>]]>
    </line>
    <line>
      <![CDATA[</div>]]>
    </line>
    <line>
      <![CDATA[</div>]]>
    </line>
    <line>
      <![CDATA[</div>]]>
    </line>
    <line>
      <![CDATA[</td>]]>
    </line>
    <line>
      <![CDATA[</tr>]]>
    </line>
    <line>
      <![CDATA[<tr>]]>
    </line>
    <line>
      <![CDATA[<td class="text-dark font-weight-bold" >Response :</td>]]>
    </line>
    <line>
      <![CDATA[<td class="" >]]>
    </line>
    <line>
      <![CDATA[<a href="" class="alert-link" data-toggle="modal" data-target="#rest_assured_logger_modal_value_63">Show</a>]]>
    </line>
    <line>
      <![CDATA[<div class="modal fade"  id="rest_assured_logger_modal_value_63" tabindex="-1" role="dialog">]]>
    </line>
    <line>
      <![CDATA[<div class="modal-dialog" role="document">]]>
    </line>
    <line>
      <![CDATA[<div class="modal-content">]]>
    </line>
    <line>
      <![CDATA[<div class="modal-header text-white bg-info">]]>
    </line>
    <line>
      <![CDATA[<h5 class="modal-title" id="title1">Response</h5>]]>
    </line>
    <line>
      <![CDATA[<span class="h6 text-light ml-2 mt-2">(click on the Text to copy)</span>]]>
    </line>
    <line>
      <![CDATA[<button type="button" class="close" data-dismiss="modal" aria-label="Close">]]>
    </line>
    <line>
      <![CDATA[<span aria-hidden="true">&times;</span>]]>
    </line>
    <line>
      <![CDATA[</button>]]>
    </line>
    <line>
      <![CDATA[</div>]]>
    </line>
    <line>
      <![CDATA[<div onClick="copyMePlease(this)" class="modal-body">]]>
    </line>
    <line>
      <![CDATA[{"kind":"PodList","apiVersion":"v1","metadata":{"selfLink":"/api/v1/namespaces/care-for-openshift-testing/pods","resourceVersion":"69531653"},"items":[{"metadata":{"name":"account-billingaccount-a-3368978633-xx8vr","generateName":"account-billingaccount-a-3368978633-","namespace":"care-for-openshift-testing","selfLink":"/api/v1/namespaces/care-for-openshift-testing/pods/account-billingaccount-a-3368978633-xx8vr","uid":"7dda2a51-ac17-11e8-bb86-0050569a887c","resourceVersion":"69351898","creationTimestamp":"2018-08-30T05:42:33Z","labels":{"microservice":"account-billingaccount","pod-template-hash":"3368978633","project":"account-billingaccount-exe","provider":"amdocs","release":"account-billingaccount"},"annotations":{"fabric8.io/iconUrl":"img/icons/spring-boot.svg","openshift.io/scc":"anyuid-no-ps"},"ownerReferences":[{"apiVersion":"extensions/v1beta1","kind":"ReplicaSet","name":"account-billingaccount-a-3368978633","uid":"ca2e7c8b-79f7-11e8-b420-0050569ac01d","controller":true,"blockOwnerDeletion":true}]},"spec":{"volumes":[{"name":"default-token-w6zvn","secret":{"secretName":"default-token-w6zvn","defaultMode":420}}],"initContainers":[{"name":"check-couchbase","image":"busybox","command":["sh","-c","timeout=0; while [[  $timeout -lt 90 ]]; do wget -q -O- -c http://couchbase-service:8091/ui/index.html \u003e /dev/null; if [ $? -ne 0 ]; then timeout=$(( timeout + 2 )); echo $timeout; else break; fi; done"],"resources":{},"volumeMounts":[{"name":"default-token-w6zvn","readOnly":true,"mountPath":"/var/run/secrets/kubernetes.io/serviceaccount"}],"terminationMessagePath":"/dev/termination-log","terminationMessagePolicy":"File","imagePullPolicy":"IfNotPresent","securityContext":{"capabilities":{"drop":["MKNOD"]}}},{"name":"create-bucket","image":"byrnedo/alpine-curl","command":["sh","-c","bucketName=com.amdocs.digital.ms.account.billingaccount; auth=Administrator:Administrator; server=couchbase-service; curl -X DELETE -u $auth http://$server:8091//pools/default/buckets/default; curl --fail -X POST -u $auth -d name=$bucketName -d ramQuotaMB=100 -d authType=sasl http://$server:8091/pools/default/buckets; curl --fail -u $auth http://$server:8091/pools/default/buckets/$bucketName"],"resources":{},"volumeMounts":[{"name":"default-token-w6zvn","readOnly":true,"mountPath":"/var/run/secrets/kubernetes.io/serviceaccount"}],"terminationMessagePath":"/dev/termination-log","terminationMessagePolicy":"File","imagePullPolicy":"IfNotPresent","securityContext":{"capabilities":{"drop":["MKNOD"]}}},{"name":"create-primary-index","image":"byrnedo/alpine-curl","command":["sh","-c","bucketName=com.amdocs.digital.ms.account.billingaccount; auth=Administrator:Administrator; server=couchbase-service; curl -X POST -v -u $auth http://$server:8093/query/service -d statement=create%20primary%20index%20on%20%60com.amdocs.digital.ms.account.billingaccount%60"],"resources":{},"volumeMounts":[{"name":"default-token-w6zvn","readOnly":true,"mountPath":"/var/run/secrets/kubernetes.io/serviceaccount"}],"terminationMessagePath":"/dev/termination-log","terminationMessagePolicy":"File","imagePullPolicy":"IfNotPresent","securityContext":{"capabilities":{"drop":["MKNOD"]}}},{"name":"create-ba-relatedpartyid-index","image":"byrnedo/alpine-curl","command":["sh","-c","bucketName=com.amdocs.digital.ms.account.billingaccount; auth=Administrator:Administrator; server=couchbase-service; curl -X POST -v -u $auth http://$server:8093/query/service -d statement='CREATE%20INDEX%20%60idx_billingaccount_relatedParty_id%60%20ON%20%60com.amdocs.digital.ms.account.billingaccount%60((all%20(array%20(%60r%60.%60id%60)%20for%20%60r%60%20in%20%60relatedParty%60%20end)))'"],"resources":{},"volumeMounts":[{"name":"default-token-w6zvn","readOnly":true,"mountPath":"/var/run/secrets/kubernetes.io/serviceaccount"}],"terminationMessagePath":"/dev/termination-log","terminationMessagePolicy":"File","imagePullPolicy":"IfNotPresent","securityContext":{"capabilities":{"drop":["MKNOD"]}}},{"name":"create-ba-financialaccountid-index","image":"byrnedo/alpine-curl","command":["sh","-c","bucketName=com.amdocs.digital.ms.account.billingaccount; auth=Administrator:Administrator; server=couchbase-service; curl -X POST -v -u $auth http://$server:8093/query/service -d statement='CREATE%20INDEX%20%60idx_billingaccount_financialAccount_id%60%20ON%20%60com.amdocs.digital.ms.account.billingaccount%60((%60financialAccount%60.%60id%60))'"],"resources":{},"volumeMounts":[{"name":"default-token-w6zvn","readOnly":true,"mountPath":"/var/run/secrets/kubernetes.io/serviceaccount"}],"terminationMessagePath":"/dev/termination-log","terminationMessagePolicy":"File","imagePullPolicy":"IfNotPresent","securityContext":{"capabilities":{"drop":["MKNOD"]}}}],"containers":[{"name":"account-billingaccount-service-container","image":"illin5564.corp.amdocs.com:5000/account-billingaccount-service:0.1.0-0223","ports":[{"name":"http","containerPort":8080,"protocol":"TCP"},{"name":"jacoco","containerPort":6300,"protocol":"TCP"},{"name":"management","containerPort":18080,"protocol":"TCP"}],"env":[{"name":"KUBERNETES_NAMESPACE","valueFrom":{"fieldRef":{"apiVersion":"v1","fieldPath":"metadata.namespace"}}},{"name":"MSNEXT_JAVA_OPTS","value":"-Dloader.main=com.amdocs.msnext.boot.Boot -Xms1024m -Xmx1024m -XX:MaxRAM=2048m -XX:+UseSerialGC -Dcom.amdocs.msnext.securitya3s.url=http://10.238.196.188:30081/asmServices/services/v1.0"},{"name":"MSNEXT_MODULE_MGT_DISABLE","value":"msnext-customization"},{"name":"MANAGEMENT_PORT","value":"18080"},{"name":"SERVER_PORT","value":"8080"},{"name":"MSNEXT_JACOCO_ENABLE","value":"1"},{"name":"MSNEXT_JACOCO_OPTS","value":"output=tcpserver,address=*,port=6300"},{"name":"MALLOC_ARENA_MAX","value":"4"}],"resources":{"limits":{"cpu":"1","memory":"1536Mi"},"requests":{"cpu":"200m","memory":"1Gi"}},"volumeMounts":[{"name":"default-token-w6zvn","readOnly":true,"mountPath":"/var/run/secrets/kubernetes.io/serviceaccount"}],"livenessProbe":{"httpGet":{"path":"/health","port":18080,"scheme":"HTTP"},"initialDelaySeconds":900,"timeoutSeconds":10,"periodSeconds":10,"successThreshold":1,"failureThreshold":3},"readinessProbe":{"httpGet":{"path":"/health","port":18080,"scheme":"HTTP"},"initialDelaySeconds":180,"timeoutSeconds":10,"periodSeconds":10,"successThreshold":1,"failureThreshold":3},"terminationMessagePath":"/dev/termination-log","terminationMessagePolicy":"File","imagePullPolicy":"IfNotPresent","securityContext":{"capabilities":{"drop":["MKNOD"]},"privileged":false}}],"restartPolicy":"Always","terminationGracePeriodSeconds":30,"dnsPolicy":"ClusterFirst","nodeSelector":{"region":"work"},"serviceAccountName":"default","serviceAccount":"default","nodeName":"ilocpde01w26.corp.amdocs.com","securityContext":{"seLinuxOptions":{"level":"s0:c15,c10"}},"imagePullSecrets":[{"name":"account-billingaccount-ms-secret"}],"schedulerName":"default-scheduler","tolerations":[{"key":"node.kubernetes.io/memory-pressure","operator":"Exists","effect":"NoSchedule"}]},"status":{"phase":"Running","conditions":[{"type":"Initialized","status":"True","lastProbeTime":null,"lastTransitionTime":"2018-08-30T05:42:52Z"},{"type":"Ready","status":"True","lastProbeTime":null,"lastTransitionTime":"2018-09-18T03:07:39Z"},{"type":"PodScheduled","status":"True","lastProbeTime":null,"lastTransitionTime":"2018-08-30T05:42:33Z"}],"hostIP":"10.245.251.167","podIP":"10.128.60.252","startTime":"2018-08-30T05:42:33Z","initContainerStatuses":[{"name":"check-couchbase","state":{"terminated":{"exitCode":0,"reason":"Completed","startedAt":"2018-08-30T05:42:35Z","finishedAt":"2018-08-30T05:42:35Z","containerID":"docker://8cc5119fdc45c00a07b6b576a15ce84d7b8efe323a5959397b2036a9fb82f233"}},"lastState":{},"ready":true,"restartCount":0,"image":"docker.io/busybox:latest","imageID":"docker-pullable://docker.io/busybox@sha256:141c253bc4c3fd0a201d32dc1f493bcf3fff003b6df416dea4f41046e0f37d47","containerID":"docker://8cc5119fdc45c00a07b6b576a15ce84d7b8efe323a5959397b2036a9fb82f233"},{"name":"create-bucket","state":{"terminated":{"exitCode":0,"reason":"Completed","startedAt":"2018-08-30T05:42:47Z","finishedAt":"2018-08-30T05:42:48Z","containerID":"docker://38674d55616bdf1173a4037926006b59bc0f5a5b7423b36fa24c03fe92c36903"}},"lastState":{},"ready":true,"restartCount":0,"image":"docker.io/byrnedo/alpine-curl:latest","imageID":"docker-pullable://docker.io/byrnedo/alpine-curl@sha256:e8cf497b3005c2f66c8411f814f3818ecd683dfea45267ebfb4918088a26a18c","containerID":"docker://38674d55616bdf1173a4037926006b59bc0f5a5b7423b36fa24c03fe92c36903"},{"name":"create-primary-index","state":{"terminated":{"exitCode":0,"reason":"Completed","startedAt":"2018-08-30T05:42:49Z","finishedAt":"2018-08-30T05:42:49Z","containerID":"docker://16ae4cea2bd9f912e98e2c6ad7cc4b446d8387bff963993c9a452d02ca60bd1e"}},"lastState":{},"ready":true,"restartCount":0,"image":"docker.io/byrnedo/alpine-curl:latest","imageID":"docker-pullable://docker.io/byrnedo/alpine-curl@sha256:e8cf497b3005c2f66c8411f814f3818ecd683dfea45267ebfb4918088a26a18c","containerID":"docker://16ae4cea2bd9f912e98e2c6ad7cc4b446d8387bff963993c9a452d02ca60bd1e"},{"name":"create-ba-relatedpartyid-index","state":{"terminated":{"exitCode":0,"reason":"Completed","startedAt":"2018-08-30T05:42:50Z","finishedAt":"2018-08-30T05:42:50Z","containerID":"docker://4f2e8d045498a4535c486747a86313435d41ccb15436682f2c1ce117f34c8762"}},"lastState":{},"ready":true,"restartCount":0,"image":"docker.io/byrnedo/alpine-curl:latest","imageID":"docker-pullable://docker.io/byrnedo/alpine-curl@sha256:e8cf497b3005c2f66c8411f814f3818ecd683dfea45267ebfb4918088a26a18c","containerID":"docker://4f2e8d045498a4535c486747a86313435d41ccb15436682f2c1ce117f34c8762"},{"name":"create-ba-financialaccountid-index","state":{"terminated":{"exitCode":0,"reason":"Completed","startedAt":"2018-08-30T05:42:51Z","finishedAt":"2018-08-30T05:42:51Z","containerID":"docker://6c9d388494db0c43d1c3c8d7397fb1743ae37d8805575e1fdbc0f9011743df72"}},"lastState":{},"ready":true,"restartCount":0,"image":"docker.io/byrnedo/alpine-curl:latest","imageID":"docker-pullable://docker.io/byrnedo/alpine-curl@sha256:e8cf497b3005c2f66c8411f814f3818ecd683dfea45267ebfb4918088a26a18c","containerID":"docker://6c9d388494db0c43d1c3c8d7397fb1743ae37d8805575e1fdbc0f9011743df72"}],"containerStatuses":[{"name":"account-billingaccount-service-container","state":{"running":{"startedAt":"2018-09-18T03:04:35Z"}},"lastState":{"terminated":{"exitCode":137,"reason":"OOMKilled","startedAt":"2018-09-17T09:52:06Z","finishedAt":"2018-09-18T03:04:34Z","containerID":"docker://91624e969d6e6d2325594462cd9ef609ed75cc36d1a1d16b124eee5c3636d825"}},"ready":true,"restartCount":12,"image":"illin5564.corp.amdocs.com:5000/account-billingaccount-service:0.1.0-0223","imageID":"docker-pullable://illin5564.corp.amdocs.com:5000/account-billingaccount-service@sha256:8f88339feea0a61d1155c9eb3ec8deaf451df1bdc9cd4db37b6e1f30acefbea7","containerID":"docker://5366b5215c37e0455a1cb44523b61a4d124f9b0b97b777346a0d1523dcd32b27"}],"qosClass":"Burstable"}},{"metadata":{"name":"attachment-attachment-at-201763807-2b4sm","generateName":"attachment-attachment-at-201763807-","namespace":"care-for-openshift-testing","selfLink":"/api/v1/namespaces/care-for-openshift-testing/pods/attachment-attachment-at-201763807-2b4sm","uid":"7ddf66a7-ac17-11e8-bb86-0050569a887c","resourceVersion":"64977713","creationTimestamp":"2018-08-30T05:42:33Z","labels":{"microservice":"attachment-attachment","pod-template-hash":"201763807","project":"attachment-attachment-exe","provider":"amdocs","release":"attachment-attachment"},"annotations":{"fabric8.io/iconUrl":"img/icons/spring-boot.svg","openshift.io/scc":"anyuid-no-ps"},"ownerReferences":[{"apiVersion":"extensions/v1beta1","kind":"ReplicaSet","name":"attachment-attachment-at-201763807","uid":"a38e52c9-79f7-11e8-b420-0050569ac01d","controller":true,"blockOwnerDeletion":true}]},"spec":{"volumes":[{"name":"default-token-w6zvn","secret":{"secretName":"default-token-w6zvn","defaultMode":420}}],"initContainers":[{"name":"check-couchbase","image":"busybox","command":["sh","-c","timeout=0; while [[  $timeout -lt 90 ]]; do wget -q -O- -c http://couchbase-service:8091/ui/index.html \u003e /dev/null; if [ $? -ne 0 ]; then timeout=$(( timeout + 2 )); echo $timeout; else break; fi; done"],"resources":{},"volumeMounts":[{"name":"default-token-w6zvn","readOnly":true,"mountPath":"/var/run/secrets/kubernetes.io/serviceaccount"}],"terminationMessagePath":"/dev/termination-log","terminationMessagePolicy":"File","imagePullPolicy":"IfNotPresent","securityContext":{"capabilities":{"drop":["MKNOD"]}}},{"name":"create-bucket","image":"byrnedo/alpine-curl","command":["sh","-c","bucketName=com.amdocs.digital.ms.attachment.attachment; auth=Administrator:Administrator; server=couchbase-service; curl -X DELETE -u $auth http://$server:8091//pools/default/buckets/default; curl --fail -X POST -u $auth -d name=$bucketName -d ramQuotaMB=100 -d authType=sasl http://$server:8091/pools/default/buckets; curl --fail -u $auth http://$server:8091/pools/default/buckets/$bucketName"],"resources":{},"volumeMounts":[{"name":"default-token-w6zvn","readOnly":true,"mountPath":"/var/run/secrets/kubernetes.io/serviceaccount"}],"terminationMessagePath":"/dev/termination-log","terminationMessagePolicy":"File","imagePullPolicy":"IfNotPresent","securityContext":{"capabilities":{"drop":["MKNOD"]}}},{"name":"create-primary-index","image":"byrnedo/alpine-curl","command":["sh","-c","bucketName=com.amdocs.digital.ms.attachment.attachment; auth=Administrator:Administrator; server=couchbase-service; curl -X POST -v -u $auth http://$server:8093/query/service -d statement=create%20primary%20index%20on%20%60com.amdocs.digital.ms.attachment.attachment%60"],"resources":{},"volumeMounts":[{"name":"default-token-w6zvn","readOnly":true,"mountPath":"/var/run/secrets/kubernetes.io/serviceaccount"}],"terminationMessagePath":"/dev/termination-log","terminationMessagePolicy":"File","imagePullPolicy":"IfNotPresent","securityContext":{"capabilities":{"drop":["MKNOD"]}}}],"containers":[{"name":"attachment-attachment-service-container","image":"illin5564.corp.amdocs.com:5000/attachment-attachment-service:0.1.0-0184","ports":[{"name":"http","containerPort":8080,"protocol":"TCP"},{"name":"jacoco","containerPort":6300,"protocol":"TCP"},{"name":"management","containerPort":18080,"protocol":"TCP"}],"env":[{"name":"KUBERNETES_NAMESPACE","valueFrom":{"fieldRef":{"apiVersion":"v1","fieldPath":"metadata.namespace"}}},{"name":"MSNEXT_JAVA_OPTS","value":"-Dloader.main=com.amdocs.msnext.boot.Boot -Xms1024m -Xmx1024m -XX:MaxRAM=2048m -XX:+UseSerialGC -Dcom.amdocs.msnext.securitya3s.url=http://10.238.196.188:30081/asmServices/services/v1.0"},{"name":"MSNEXT_MODULE_MGT_DISABLE","value":"msnext-customization"},{"name":"MANAGEMENT_PORT","value":"18080"},{"name":"SERVER_PORT","value":"8080"},{"name":"MALLOC_ARENA_MAX","value":"4"},{"name":"MSNEXT_JACOCO_ENABLE","value":"1"},{"name":"MSNEXT_JACOCO_OPTS","value":"output=tcpserver,address=*,port=6300"}],"resources":{"limits":{"cpu":"1","memory":"1536Mi"},"requests":{"cpu":"200m","memory":"1Gi"}},"volumeMounts":[{"name":"default-token-w6zvn","readOnly":true,"mountPath":"/var/run/secrets/kubernetes.io/serviceaccount"}],"livenessProbe":{"httpGet":{"path":"/health","port":18080,"scheme":"HTTP"},"initialDelaySeconds":900,"timeoutSeconds":10,"periodSeconds":10,"successThreshold":1,"failureThreshold":3},"readinessProbe":{"httpGet":{"path":"/health","port":18080,"scheme":"HTTP"},"initialDelaySeconds":180,"timeoutSeconds":10,"periodSeconds":10,"successThreshold":1,"failureThreshold":3},"terminationMessagePath":"/dev/termination-log","terminationMessagePolicy":"File","imagePullPolicy":"IfNotPresent","securityContext":{"capabilities":{"drop":["MKNOD"]},"privileged":false}}],"restartPolicy":"Always","terminationGracePeriodSeconds":30,"dnsPolicy":"ClusterFirst","nodeSelector":{"region":"work"},"serviceAccountName":"default","serviceAccount":"default","nodeName":"ilocpde01w11.corp.amdocs.com","securityContext":{"seLinuxOptions":{"level":"s0:c15,c10"}},"imagePullSecrets":[{"name":"attachment-attachment-ms-secret"}],"schedulerName":"default-scheduler","tolerations":[{"key":"node.kubernetes.io/memory-pressure","operator":"Exists","effect":"NoSchedule"}]},"status":{"phase":"Running","conditions":[{"type":"Initialized","status":"True","lastProbeTime":null,"lastTransitionTime":"2018-08-30T05:42:38Z"},{"type":"Ready","status":"True","lastProbeTime":null,"lastTransitionTime":"2018-09-11T19:55:36Z"},{"type":"PodScheduled","status":"True","lastProbeTime":null,"lastTransitionTime":"2018-08-30T05:42:33Z"}],"hostIP":"10.245.250.30","podIP":"10.128.35.68","startTime":"2018-08-30T05:42:33Z","initContainerStatuses":[{"name":"check-couchbase","state":{"terminated":{"exitCode":0,"reason":"Completed","startedAt":"2018-08-30T05:42:35Z","finishedAt":"2018-08-30T05:42:35Z","containerID":"docker://fa21996b8db75e3c03e69679c1ecbc085d68a32f60514b68c1beba0baaa0df1d"}},"lastState":{},"ready":true,"restartCount":0,"image":"docker.io/busybox:latest","imageID":"docker-pullable://docker.io/busybox@sha256:141c253bc4c3fd0a201d32dc1f493bcf3fff003b6df416dea4f41046e0f37d47","containerID":"docker://fa21996b8db75e3c03e69679c1ecbc085d68a32f60514b68c1beba0baaa0df1d"},{"name":"create-bucket","state":{"terminated":{"exitCode":0,"reason":"Completed","startedAt":"2018-08-30T05:42:36Z","finishedAt":"2018-08-30T05:42:36Z","containerID":"docker://c2855e5f2c7c9e6428f42087c04f2916063b5674bcc6ce248e3ad363b429385a"}},"lastState":{},"ready":true,"restartCount":0,"image":"docker.io/byrnedo/alpine-curl:latest","imageID":"docker-pullable://docker.io/byrnedo/alpine-curl@sha256:00c64bda2814f95a13ad6a46d6de487dc88f424f2b1f6c62c6dfce36701fe516","containerID":"docker://c2855e5f2c7c9e6428f42087c04f2916063b5674bcc6ce248e3ad363b429385a"},{"name":"create-primary-index","state":{"terminated":{"exitCode":0,"reason":"Completed","startedAt":"2018-08-30T05:42:37Z","finishedAt":"2018-08-30T05:42:37Z","containerID":"docker://1f9cd362818d9d2b1ad28e83f188db53f770485d8a8b8d3862417c430efb1c63"}},"lastState":{},"ready":true,"restartCount":0,"image":"docker.io/byrnedo/alpine-curl:latest","imageID":"docker-pullable://docker.io/byrnedo/alpine-curl@sha256:00c64bda2814f95a13ad6a46d6de487dc88f424f2b1f6c62c6dfce36701fe516","containerID":"docker://1f9cd362818d9d2b1ad28e83f188db53f770485d8a8b8d3862417c430efb1c63"}],"containerStatuses":[{"name":"attachment-attachment-service-container","state":{"running":{"startedAt":"2018-09-11T19:52:36Z"}},"lastState":{"terminated":{"exitCode":143,"reason":"Error","startedAt":"2018-08-30T05:42:42Z","finishedAt":"2018-09-11T19:52:36Z","containerID":"docker://6093ffe22a9201610f34ff97cfe71b1056646c9a6bd29677bed8e1a365e67c64"}},"ready":true,"restartCount":1,"image":"illin5564.corp.amdocs.com:5000/attachment-attachment-service:0.1.0-0184","imageID":"docker-pullable://illin5564.corp.amdocs.com:5000/attachment-attachment-service@sha256:0df74048fcda70427f191a6305a3479b2db12734b1747260e970288a82c1300a","containerID":"docker://09b9f5c28db73541fabd5db645a7746bef233d0c13eda71d995c6ab2675cf031"}],"qosClass":"Burstable"}},{"metadata":{"name":"attachment-dmsbridge-att-2302686010-mcczh","generateName":"attachment-dmsbridge-att-2302686010-","namespace":"care-for-openshift-testing","selfLink":"/api/v1/namespaces/care-for-openshift-testing/pods/attachment-dmsbridge-att-2302686010-mcczh","uid":"7de30f11-ac17-11e8-bb86-0050569a887c","resourceVersion":"56205946","creationTimestamp":"2018-08-30T05:42:33Z","labels":{"microservice":"attachment-dmsbridge","pod-template-hash":"2302686010","project":"attachment-dmsbridge-exe","provider":"amdocs","release":"attachment-dmsbridge"},"annotations":{"checksum/config":"41e22316ef62dd31e3c6a20da0e1b308a149399883e147166c17e14c76522dea","git-commit":"cba7ed2ae82eb52e89d73fcfa6f69d735b0e7056","openshift.io/scc":"anyuid-no-ps"},"ownerReferences":[{"apiVersion":"extensions/v1beta1","kind":"ReplicaSet","name":"attachment-dmsbridge-att-2302686010","uid":"68d7ced3-79fa-11e8-b420-0050569ac01d","controller":true,"blockOwnerDeletion":true}]},"spec":{"volumes":[{"name":"prop-volume","configMap":{"name":"attachment-dmsbridge-service-appconfigmap","defaultMode":420}},{"name":"default-token-w6zvn","secret":{"secretName":"default-token-w6zvn","defaultMode":420}}],"containers":[{"name":"attachment-dmsbridge-service-container","image":"illin5564.corp.amdocs.com:5000/attachment-dmsbridge-service:0.1.1-0002","ports":[{"name":"http","containerPort":8080,"protocol":"TCP"},{"name":"jacoco","containerPort":6300,"protocol":"TCP"},{"name":"management","containerPort":18080,"protocol":"TCP"}],"env":[{"name":"MSNEXT_CONF_SOURCE_APP","value":"/etc/config"},{"name":"KUBERNETES_NAMESPACE","valueFrom":{"fieldRef":{"apiVersion":"v1","fieldPath":"metadata.namespace"}}},{"name":"MSNEXT_JAVA_OPTS","value":"-Dloader.main=com.amdocs.msnext.boot.Boot -Xms1024m -Xmx1024m -XX:+DisableExplicitGC -XX:+UseConcMarkSweepGC -XX:+CMSParallelRemarkEnabled -XX:NewRatio=1 -Xss512k -XX:MaxMetaspaceSize=512m -Dcom.amdocs.msnext.securitya3s.url=http://10.238.196.188:30081/asmServices/services/v1.0"},{"name":"MSNEXT_MODULE_MGT_DISABLE","value":"msnext-customization"},{"name":"MANAGEMENT_PORT","value":"18080"},{"name":"SERVER_PORT","value":"8080"},{"name":"MALLOC_ARENA_MAX","value":"4"},{"name":"MSNEXT_JACOCO_ENABLE","value":"1"},{"name":"MSNEXT_JACOCO_OPTS","value":"output=tcpserver,address=*,port=6300"}],"resources":{"limits":{"cpu":"1","memory":"1536Mi"},"requests":{"cpu":"200m","memory":"1Gi"}},"volumeMounts":[{"name":"prop-volume","mountPath":"/etc/config"},{"name":"default-token-w6zvn","readOnly":true,"mountPath":"/var/run/secrets/kubernetes.io/serviceaccount"}],"livenessProbe":{"httpGet":{"path":"/health","port":18080,"scheme":"HTTP"},"initialDelaySeconds":900,"timeoutSeconds":10,"periodSeconds":10,"successThreshold":1,"failureThreshold":3},"readinessProbe":{"httpGet":{"path":"/health","port":18080,"scheme":"HTTP"},"initialDelaySeconds":180,"timeoutSeconds":10,"periodSeconds":10,"successThreshold":1,"failureThreshold":3},"terminationMessagePath":"/dev/termination-log","terminationMessagePolicy":"File","imagePullPolicy":"IfNotPresent","securityContext":{"capabilities":{"drop":["MKNOD"]},"privileged":false}}],"restartPolicy":"Always","terminationGracePeriodSeconds":30,"dnsPolicy":"ClusterFirst","nodeSelector":{"region":"work"},"serviceAccountName":"default","serviceAccount":"default","nodeName":"ilocpde01w03.corp.amdocs.com","securityContext":{"seLinuxOptions":{"level":"s0:c15,c10"}},"imagePullSecrets":[{"name":"attachment-dmsbridge-ms-secret"}],"schedulerName":"default-scheduler","tolerations":[{"key":"node.kubernetes.io/memory-pressure","operator":"Exists","effect":"NoSchedule"}]},"status":{"phase":"Running","conditions":[{"type":"Initialized","status":"True","lastProbeTime":null,"lastTransitionTime":"2018-08-30T05:42:33Z"},{"type":"Ready","status":"True","lastProbeTime":null,"lastTransitionTime":"2018-08-31T07:19:06Z"},{"type":"PodScheduled","status":"True","lastProbeTime":null,"lastTransitionTime":"2018-08-30T05:42:33Z"}],"hostIP":"10.245.250.22","podIP":"10.128.10.121","startTime":"2018-08-30T05:42:33Z","containerStatuses":[{"name":"attachment-dmsbridge-service-container","state":{"running":{"startedAt":"2018-08-31T07:16:02Z"}},"lastState":{"terminated":{"exitCode":143,"reason":"Error","startedAt":"2018-08-30T05:42:38Z","finishedAt":"2018-08-31T07:15:33Z","containerID":"docker://a29cc958ef9f7215ed605d3956e86b42d9e1b33c1b0bdb3e737ee9d20022c573"}},"ready":true,"restartCount":1,"image":"illin5564.corp.amdocs.com:5000/attachment-dmsbridge-service:0.1.1-0002","imageID":"docker-pullable://illin5564.corp.amdocs.com:5000/attachment-dmsbridge-service@sha256:a44689bf31f64345dcb03e13c7a2be6064f0d7d525f857178a5fc444a05acb6d","containerID":"docker://be93cba2b3913622e1df1c747e0177545cefbb287aac623ae1cd40fe0abb6672"}],"qosClass":"Burstable"}},{"metadata":{"name":"creditprofile-crediteval-2801187318-fnc7s","generateName":"creditprofile-crediteval-2801187318-","namespace":"care-for-openshift-testing","selfLink":"/api/v1/namespaces/care-for-openshift-testing/pods/creditprofile-crediteval-2801187318-fnc7s","uid":"7df09d40-ac17-11e8-bb86-0050569a887c","resourceVersion":"63498745","creationTimestamp":"2018-08-30T05:42:33Z","labels":{"microservice":"creditprofile-crediteval","pod-template-hash":"2801187318","project":"creditprofile-creditevaluatorbridge-exe","provider":"amdocs","release":"creditprofile-creditevaluatorbridge"},"annotations":{"fabric8.io/iconUrl":"img/icons/spring-boot.svg","openshift.io/scc":"anyuid-no-ps"},"ownerReferences":[{"apiVersion":"extensions/v1beta1","kind":"ReplicaSet","name":"creditprofile-crediteval-2801187318","uid":"ccbb1cc8-79f8-11e8-b420-0050569ac01d","controller":true,"blockOwnerDeletion":true}]},"spec":{"volumes":[{"name":"default-token-w6zvn","secret":{"secretName":"default-token-w6zvn","defaultMode":420}}],"initContainers":[{"name":"check-couchbase","image":"busybox","command":["sh","-c","timeout=0; while [[  $timeout -lt 90 ]]; do wget -q -O- -c http://couchbase-service:8091/ui/index.html \u003e /dev/null; if [ $? -ne 0 ]; then timeout=$(( timeout + 2 )); echo $timeout; else break; fi; done"],"resources":{},"volumeMounts":[{"name":"default-token-w6zvn","readOnly":true,"mountPath":"/var/run/secrets/kubernetes.io/serviceaccount"}],"terminationMessagePath":"/dev/termination-log","terminationMessagePolicy":"File","imagePullPolicy":"IfNotPresent","securityContext":{"capabilities":{"drop":["MKNOD"]}}},{"name":"create-bucket","image":"byrnedo/alpine-curl","command":["sh","-c","bucketName=com.amdocs.digital.ms.creditprofile.creditevaluatorbridge; auth=Administrator:Administrator; server=couchbase-service; curl -X DELETE -u $auth http://$server:8091//pools/default/buckets/default; curl --fail -X POST -u $auth -d name=$bucketName -d ramQuotaMB=100 -d authType=sasl http://$server:8091/pools/default/buckets; curl --fail -u $auth http://$server:8091/pools/default/buckets/$bucketName"],"resources":{},"volumeMounts":[{"name":"default-token-w6zvn","readOnly":true,"mountPath":"/var/run/secrets/kubernetes.io/serviceaccount"}],"terminationMessagePath":"/dev/termination-log","terminationMessagePolicy":"File","imagePullPolicy":"IfNotPresent","securityContext":{"capabilities":{"drop":["MKNOD"]}}},{"name":"create-primary-index","image":"byrnedo/alpine-curl","command":["sh","-c","bucketName=com.amdocs.digital.ms.creditprofile.creditevaluatorbridge; auth=Administrator:Administrator; server=couchbase-service; curl -X POST -v -u $auth http://$server:8093/query/service -d statement=create%20primary%20index%20on%20%60com.amdocs.digital.ms.creditprofile.creditevaluatorbridge%60"],"resources":{},"volumeMounts":[{"name":"default-token-w6zvn","readOnly":true,"mountPath":"/var/run/secrets/kubernetes.io/serviceaccount"}],"terminationMessagePath":"/dev/termination-log","terminationMessagePolicy":"File","imagePullPolicy":"IfNotPresent","securityContext":{"capabilities":{"drop":["MKNOD"]}}}],"containers":[{"name":"creditprofile-creditevaluatorbridge-service-container","image":"illin5564.corp.amdocs.com:5000/creditprofile-creditevaluatorbridge-service:0.1.0-0072","ports":[{"name":"http","containerPort":8080,"protocol":"TCP"},{"name":"jacoco","containerPort":6300,"protocol":"TCP"},{"name":"management","containerPort":18080,"protocol":"TCP"}],"env":[{"name":"KUBERNETES_NAMESPACE","valueFrom":{"fieldRef":{"apiVersion":"v1","fieldPath":"metadata.namespace"}}},{"name":"MSNEXT_JAVA_OPTS","value":"-Dloader.main=com.amdocs.msnext.boot.Boot -Xms1024m -Xmx1024m -XX:MaxRAM=2048m -XX:+UseSerialGC -Dcom.amdocs.msnext.securitya3s.url=http://10.238.196.188:30081/asmServices/services/v1.0"},{"name":"MSNEXT_MODULE_MGT_DISABLE","value":"msnext-customization"},{"name":"MANAGEMENT_PORT","value":"18080"},{"name":"MALLOC_ARENA_MAX","value":"4"},{"name":"SERVER_PORT","value":"8080"},{"name":"MSNEXT_JACOCO_ENABLE","value":"1"},{"name":"MSNEXT_JACOCO_OPTS","value":"output=tcpserver,address=*,port=6300"}],"resources":{"limits":{"cpu":"1","memory":"1536Mi"},"requests":{"cpu":"200m","memory":"1Gi"}},"volumeMounts":[{"name":"default-token-w6zvn","readOnly":true,"mountPath":"/var/run/secrets/kubernetes.io/serviceaccount"}],"livenessProbe":{"httpGet":{"path":"/health","port":18080,"scheme":"HTTP"},"initialDelaySeconds":900,"timeoutSeconds":10,"periodSeconds":10,"successThreshold":1,"failureThreshold":3},"readinessProbe":{"httpGet":{"path":"/health","port":18080,"scheme":"HTTP"},"initialDelaySeconds":180,"timeoutSeconds":10,"periodSeconds":10,"successThreshold":1,"failureThreshold":3},"terminationMessagePath":"/dev/termination-log","terminationMessagePolicy":"File","imagePullPolicy":"IfNotPresent","securityContext":{"capabilities":{"drop":["MKNOD"]},"privileged":false}}],"restartPolicy":"Always","terminationGracePeriodSeconds":30,"dnsPolicy":"ClusterFirst","nodeSelector":{"region":"work"},"serviceAccountName":"default","serviceAccount":"default","nodeName":"ilocpde01w02.corp.amdocs.com","securityContext":{"seLinuxOptions":{"level":"s0:c15,c10"}},"imagePullSecrets":[{"name":"creditprofile-creditevaluatorbridge-ms-secret"}],"schedulerName":"default-scheduler","tolerations":[{"key":"node.kubernetes.io/memory-pressure","operator":"Exists","effect":"NoSchedule"}]},"status":{"phase":"Running","conditions":[{"type":"Initialized","status":"True","lastProbeTime":null,"lastTransitionTime":"2018-08-30T05:42:38Z"},{"type":"Ready","status":"True","lastProbeTime":null,"lastTransitionTime":"2018-09-09T21:05:50Z"},{"type":"PodScheduled","status":"True","lastProbeTime":null,"lastTransitionTime":"2018-08-30T05:42:33Z"}],"hostIP":"10.245.250.21","podIP":"10.128.13.193","startTime":"2018-08-30T05:42:33Z","initContainerStatuses":[{"name":"check-couchbase","state":{"terminated":{"exitCode":0,"reason":"Completed","startedAt":"2018-08-31T07:16:37Z","finishedAt":"2018-08-31T07:16:37Z","containerID":"docker://cb17fa4bec1d6d29038a2f7772499c6d556a74c5b4831d61b5babaf2ad82b328"}},"lastState":{},"ready":true,"restartCount":1,"image":"docker.io/busybox:latest","imageID":"docker-pullable://docker.io/busybox@sha256:58ac43b2cc92c687a32c8be6278e50a063579655fe3090125dcb2af0ff9e1a64","containerID":"docker://cb17fa4bec1d6d29038a2f7772499c6d556a74c5b4831d61b5babaf2ad82b328"},{"name":"create-bucket","state":{"terminated":{"exitCode":0,"reason":"Completed","startedAt":"2018-08-31T07:19:50Z","finishedAt":"2018-08-31T07:19:51Z","containerID":"docker://2e6b09fbcf5e804e76e2d17993c7ef1df2ff81c79aa24679c64267f0b40b0a31"}},"lastState":{},"ready":true,"restartCount":0,"image":"docker.io/byrnedo/alpine-curl:latest","imageID":"docker-pullable://docker.io/byrnedo/alpine-curl@sha256:00c64bda2814f95a13ad6a46d6de487dc88f424f2b1f6c62c6dfce36701fe516","containerID":"docker://2e6b09fbcf5e804e76e2d17993c7ef1df2ff81c79aa24679c64267f0b40b0a31"},{"name":"create-primary-index","state":{"terminated":{"exitCode":0,"reason":"Completed","startedAt":"2018-08-31T07:19:54Z","finishedAt":"2018-08-31T07:19:55Z","containerID":"docker://22f8d96ee042a73d06e7dee9d994ae6f3245090f15144028875af7659cb4ad6d"}},"lastState":{},"ready":true,"restartCount":0,"image":"docker.io/byrnedo/alpine-curl:latest","imageID":"docker-pullable://docker.io/byrnedo/alpine-curl@sha256:00c64bda2814f95a13ad6a46d6de487dc88f424f2b1f6c62c6dfce36701fe516","containerID":"docker://22f8d96ee042a73d06e7dee9d994ae6f3245090f15144028875af7659cb4ad6d"}],"containerStatuses":[{"name":"creditprofile-creditevaluatorbridge-service-container","state":{"running":{"startedAt":"2018-09-09T21:02:49Z"}},"lastState":{"terminated":{"exitCode":143,"reason":"Error","startedAt":"2018-08-31T07:19:58Z","finishedAt":"2018-09-09T21:02:49Z","containerID":"docker://beeb7ccf1d448a66121ad0e089847433db40cd19a6085179e2271b5bbcf8dc60"}},"ready":true,"restartCount":2,"image":"illin5564.corp.amdocs.com:5000/creditprofile-creditevaluatorbridge-service:0.1.0-0072","imageID":"docker-pullable://illin5564.corp.amdocs.com:5000/creditprofile-creditevaluatorbridge-service@sha256:c09ce9401a3d6a31e65832a54ef92b21ea5baf76b6c6a3b87b88ed122be7b9fe","containerID":"docker://886fe33b392d8b48b3ef37883a14412c596d85d81df81d1d3c483f7475919b3a"}],"qosClass":"Burstable"}},{"metadata":{"name":"creditprofile-creditprof-3048733389-58wpg","generateName":"creditprofile-creditprof-3048733389-","namespace":"care-for-openshift-testing","selfLink":"/api/v1/namespaces/care-for-openshift-testing/pods/creditprofile-creditprof-3048733389-58wpg","uid":"7df234f9-ac17-11e8-bb86-0050569a887c","resourceVersion":"68414222","creationTimestamp":"2018-08-30T05:42:33Z","labels":{"microservice":"creditprofile-creditprof","pod-template-hash":"3048733389","project":"creditprofile-creditprofile-exe","provider":"amdocs","release":"creditprofile-creditprofile"},"annotations":{"fabric8.io/iconUrl":"img/icons/spring-boot.svg","openshift.io/scc":"anyuid-no-ps"},"ownerReferences":[{"apiVersion":"extensions/v1beta1","kind":"ReplicaSet","name":"creditprofile-creditprof-3048733389","uid":"f2168d13-79f8-11e8-b420-0050569ac01d","controller":true,"blockOwnerDeletion":true}]},"spec":{"volumes":[{"name":"default-token-w6zvn","secret":{"secretName":"default-token-w6zvn","defaultMode":420}}],"initContainers":[{"name":"check-couchbase","image":"busybox","command":["sh","-c","timeout=0; while [[  $timeout -lt 90 ]]; do wget -q -O- -c http://couchbase-service:8091/ui/index.html \u003e /dev/null; if [ $? -ne 0 ]; then timeout=$(( timeout + 2 )); echo $timeout; else break; fi; done"],"resources":{},"volumeMounts":[{"name":"default-token-w6zvn","readOnly":true,"mountPath":"/var/run/secrets/kubernetes.io/serviceaccount"}],"terminationMessagePath":"/dev/termination-log","terminationMessagePolicy":"File","imagePullPolicy":"IfNotPresent","securityContext":{"capabilities":{"drop":["MKNOD"]}}},{"name":"create-bucket","image":"byrnedo/alpine-curl","command":["sh","-c","bucketName=com.amdocs.digital.ms.creditprofile.creditprofile; auth=Administrator:Administrator; server=couchbase-service; curl -X DELETE -u $auth http://$server:8091//pools/default/buckets/default; curl --fail -X POST -u $auth -d name=$bucketName -d ramQuotaMB=100 -d authType=sasl http://$server:8091/pools/default/buckets; curl --fail -u $auth http://$server:8091/pools/default/buckets/$bucketName"],"resources":{},"volumeMounts":[{"name":"default-token-w6zvn","readOnly":true,"mountPath":"/var/run/secrets/kubernetes.io/serviceaccount"}],"terminationMessagePath":"/dev/termination-log","terminationMessagePolicy":"File","imagePullPolicy":"IfNotPresent","securityContext":{"capabilities":{"drop":["MKNOD"]}}},{"name":"create-primary-index","image":"byrnedo/alpine-curl","command":["sh","-c","bucketName=com.amdocs.digital.ms.creditprofile.creditprofile; auth=Administrator:Administrator; server=couchbase-service; curl -X POST -v -u $auth http://$server:8093/query/service -d statement=create%20primary%20index%20on%20%60com.amdocs.digital.ms.creditprofile.creditprofile%60"],"resources":{},"volumeMounts":[{"name":"default-token-w6zvn","readOnly":true,"mountPath":"/var/run/secrets/kubernetes.io/serviceaccount"}],"terminationMessagePath":"/dev/termination-log","terminationMessagePolicy":"File","imagePullPolicy":"IfNotPresent","securityContext":{"capabilities":{"drop":["MKNOD"]}}},{"name":"create-cp-relatedparty-index","image":"byrnedo/alpine-curl","command":["sh","-c","bucketName=com.amdocs.digital.ms.creditprofile.creditprofile; auth=Administrator:Administrator; server=couchbase-service; curl -X POST -v -u $auth http://$server:8093/query/service -d statement='CREATE%20INDEX%20%60idx_creditProfile_relatedPartyId%60%20ON%20%60com.amdocs.digital.ms.creditprofile.creditprofile%60((%60relatedParty%60.%60id%60))'"],"resources":{},"volumeMounts":[{"name":"default-token-w6zvn","readOnly":true,"mountPath":"/var/run/secrets/kubernetes.io/serviceaccount"}],"terminationMessagePath":"/dev/termination-log","terminationMessagePolicy":"File","imagePullPolicy":"IfNotPresent","securityContext":{"capabilities":{"drop":["MKNOD"]}}}],"containers":[{"name":"creditprofile-creditprofile-service-container","image":"illin5564.corp.amdocs.com:5000/creditprofile-creditprofile-service:0.1.0-0180","ports":[{"name":"http","containerPort":8080,"protocol":"TCP"},{"name":"jacoco","containerPort":6300,"protocol":"TCP"},{"name":"management","containerPort":18080,"protocol":"TCP"}],"env":[{"name":"KUBERNETES_NAMESPACE","valueFrom":{"fieldRef":{"apiVersion":"v1","fieldPath":"metadata.namespace"}}},{"name":"MSNEXT_JAVA_OPTS","value":"-Dloader.main=com.amdocs.msnext.boot.Boot -Xms1024m -Xmx1024m -XX:MaxRAM=2048m -XX:+UseSerialGC -Dcom.amdocs.msnext.securitya3s.url=http://10.238.196.188:30081/asmServices/services/v1.0"},{"name":"MSNEXT_MODULE_MGT_DISABLE","value":"msnext-customization"},{"name":"MANAGEMENT_PORT","value":"18080"},{"name":"SERVER_PORT","value":"8080"},{"name":"MALLOC_ARENA_MAX","value":"4"},{"name":"MSNEXT_JACOCO_ENABLE","value":"1"},{"name":"MSNEXT_JACOCO_OPTS","value":"output=tcpserver,address=*,port=6300"}],"resources":{"limits":{"cpu":"1","memory":"1536Mi"},"requests":{"cpu":"200m","memory":"1Gi"}},"volumeMounts":[{"name":"default-token-w6zvn","readOnly":true,"mountPath":"/var/run/secrets/kubernetes.io/serviceaccount"}],"livenessProbe":{"httpGet":{"path":"/health","port":18080,"scheme":"HTTP"},"initialDelaySeconds":900,"timeoutSeconds":10,"periodSeconds":10,"successThreshold":1,"failureThreshold":3},"readinessProbe":{"httpGet":{"path":"/health","port":18080,"scheme":"HTTP"},"initialDelaySeconds":180,"timeoutSeconds":10,"periodSeconds":10,"successThreshold":1,"failureThreshold":3},"terminationMessagePath":"/dev/termination-log","terminationMessagePolicy":"File","imagePullPolicy":"IfNotPresent","securityContext":{"capabilities":{"drop":["MKNOD"]},"privileged":false}}],"restartPolicy":"Always","terminationGracePeriodSeconds":30,"dnsPolicy":"ClusterFirst","nodeSelector":{"region":"work"},"serviceAccountName":"default","serviceAccount":"default","nodeName":"ilocpde01w34.corp.amdocs.com","securityContext":{"seLinuxOptions":{"level":"s0:c15,c10"}},"imagePullSecrets":[{"name":"creditprofile-creditprofile-ms-secret"}],"schedulerName":"default-scheduler","tolerations":[{"key":"node.kubernetes.io/memory-pressure","operator":"Exists","effect":"NoSchedule"}]},"status":{"phase":"Running","conditions":[{"type":"Initialized","status":"True","lastProbeTime":null,"lastTransitionTime":"2018-08-30T05:42:52Z"},{"type":"Ready","status":"True","lastProbeTime":null,"lastTransitionTime":"2018-09-16T16:58:17Z"},{"type":"PodScheduled","status":"True","lastProbeTime":null,"lastTransitionTime":"2018-08-30T05:42:33Z"}],"hostIP":"10.245.251.175","podIP":"10.128.78.62","startTime":"2018-08-30T05:42:33Z","initContainerStatuses":[{"name":"check-couchbase","state":{"terminated":{"exitCode":0,"reason":"Completed","startedAt":"2018-08-30T05:42:35Z","finishedAt":"2018-08-30T05:42:35Z","containerID":"docker://c139a7494b5de758c65a0f12188f787f22adb710fa446431e91df2384734a17f"}},"lastState":{},"ready":true,"restartCount":0,"image":"docker.io/busybox:latest","imageID":"docker-pullable://docker.io/busybox@sha256:cb63aa0641a885f54de20f61d152187419e8f6b159ed11a251a09d115fdff9bd","containerID":"docker://c139a7494b5de758c65a0f12188f787f22adb710fa446431e91df2384734a17f"},{"name":"create-bucket","state":{"terminated":{"exitCode":0,"reason":"Completed","startedAt":"2018-08-30T05:42:50Z","finishedAt":"2018-08-30T05:42:50Z","containerID":"docker://b1af81646e18607044594199987de077fc571e97b817c7767ab54ebc1bf14f45"}},"lastState":{},"ready":true,"restartCount":0,"image":"docker.io/byrnedo/alpine-curl:latest","imageID":"docker-pullable://docker.io/byrnedo/alpine-curl@sha256:e8cf497b3005c2f66c8411f814f3818ecd683dfea45267ebfb4918088a26a18c","containerID":"docker://b1af81646e18607044594199987de077fc571e97b817c7767ab54ebc1bf14f45"},{"name":"create-primary-index","state":{"terminated":{"exitCode":0,"reason":"Completed","startedAt":"2018-08-30T05:42:50Z","finishedAt":"2018-08-30T05:42:51Z","containerID":"docker://3f670d60ee74e9729c50faedc2d3ae1f8b1fca514e783301da5991ac8c682437"}},"lastState":{},"ready":true,"restartCount":0,"image":"docker.io/byrnedo/alpine-curl:latest","imageID":"docker-pullable://docker.io/byrnedo/alpine-curl@sha256:e8cf497b3005c2f66c8411f814f3818ecd683dfea45267ebfb4918088a26a18c","containerID":"docker://3f670d60ee74e9729c50faedc2d3ae1f8b1fca514e783301da5991ac8c682437"},{"name":"create-cp-relatedparty-index","state":{"terminated":{"exitCode":0,"reason":"Completed","startedAt":"2018-08-30T05:42:52Z","finishedAt":"2018-08-30T05:42:52Z","containerID":"docker://0fec97b8db4201393b06a1bbdb29291dd1df21222adf5417f8523ebbc5096e36"}},"lastState":{},"ready":true,"restartCount":0,"image":"docker.io/byrnedo/alpine-curl:latest","imageID":"docker-pullable://docker.io/byrnedo/alpine-curl@sha256:e8cf497b3005c2f66c8411f814f3818ecd683dfea45267ebfb4918088a26a18c","containerID":"docker://0fec97b8db4201393b06a1bbdb29291dd1df21222adf5417f8523ebbc5096e36"}],"containerStatuses":[{"name":"creditprofile-creditprofile-service-container","state":{"running":{"startedAt":"2018-09-16T16:55:09Z"}},"lastState":{"terminated":{"exitCode":137,"reason":"OOMKilled","startedAt":"2018-09-14T19:55:59Z","finishedAt":"2018-09-16T16:55:08Z","containerID":"docker://fef8a4a79d95ae144f3d72574070c85fed33e562025f9733024342306906e219"}},"ready":true,"restartCount":4,"image":"illin5564.corp.amdocs.com:5000/creditprofile-creditprofile-service:0.1.0-0180","imageID":"docker-pullable://illin5564.corp.amdocs.com:5000/creditprofile-creditprofile-service@sha256:92f83a88a8da15154cba55135d3f5113e0042edd9a6a546e3c6a0fb0ab23503a","containerID":"docker://3bf86b2312dae316a60db08ef01c08599d2fc03649c3b76246c00893ad47071f"}],"qosClass":"Burstable"}},{"metadata":{"name":"customer-customer-custom-1421202785-vc7bj","generateName":"customer-customer-custom-1421202785-","namespace":"care-for-openshift-testing","selfLink":"/api/v1/namespaces/care-for-openshift-testing/pods/customer-customer-custom-1421202785-vc7bj","uid":"7df330df-ac17-11e8-bb86-0050569a887c","resourceVersion":"66767368","creationTimestamp":"2018-08-30T05:42:33Z","labels":{"microservice":"customer-customer","pod-template-hash":"1421202785","project":"customer-customer-exe","provider":"amdocs","release":"customer-customer"},"annotations":{"fabric8.io/iconUrl":"img/icons/spring-boot.svg","openshift.io/scc":"anyuid-no-ps"},"ownerReferences":[{"apiVersion":"extensions/v1beta1","kind":"ReplicaSet","name":"customer-customer-custom-1421202785","uid":"e8534071-79f7-11e8-b420-0050569ac01d","controller":true,"blockOwnerDeletion":true}]},"spec":{"volumes":[{"name":"default-token-w6zvn","secret":{"secretName":"default-token-w6zvn","defaultMode":420}}],"initContainers":[{"name":"check-couchbase","image":"busybox","command":["sh","-c","timeout=0; while [[  $timeout -lt 90 ]]; do wget -q -O- -c http://couchbase-service:8091/ui/index.html \u003e /dev/null; if [ $? -ne 0 ]; then timeout=$(( timeout + 2 )); echo $timeout; else break; fi; done"],"resources":{},"volumeMounts":[{"name":"default-token-w6zvn","readOnly":true,"mountPath":"/var/run/secrets/kubernetes.io/serviceaccount"}],"terminationMessagePath":"/dev/termination-log","terminationMessagePolicy":"File","imagePullPolicy":"IfNotPresent","securityContext":{"capabilities":{"drop":["MKNOD"]}}},{"name":"create-bucket","image":"byrnedo/alpine-curl","command":["sh","-c","bucketName=com.amdocs.digital.ms.customer.customer; auth=Administrator:Administrator; server=couchbase-service; curl -X DELETE -u $auth http://$server:8091//pools/default/buckets/default; curl --fail -X POST -u $auth -d name=$bucketName -d ramQuotaMB=100 -d authType=sasl http://$server:8091/pools/default/buckets; curl --fail -u $auth http://$server:8091/pools/default/buckets/$bucketName"],"resources":{},"volumeMounts":[{"name":"default-token-w6zvn","readOnly":true,"mountPath":"/var/run/secrets/kubernetes.io/serviceaccount"}],"terminationMessagePath":"/dev/termination-log","terminationMessagePolicy":"File","imagePullPolicy":"IfNotPresent","securityContext":{"capabilities":{"drop":["MKNOD"]}}}],"containers":[{"name":"customer-customer-service-container","image":"illin5564.corp.amdocs.com:5000/customer-customer-service:0.1.0-0728","ports":[{"name":"http","containerPort":8080,"protocol":"TCP"},{"name":"management","containerPort":18080,"protocol":"TCP"},{"name":"jacoco","containerPort":6300,"protocol":"TCP"}],"env":[{"name":"KUBERNETES_NAMESPACE","valueFrom":{"fieldRef":{"apiVersion":"v1","fieldPath":"metadata.namespace"}}},{"name":"MSNEXT_JAVA_OPTS","value":"-Dloader.main=com.amdocs.msnext.boot.Boot -Xms1024m -Xmx1024m -XX:MaxRAM=2048m -XX:+UseSerialGC -Dcom.amdocs.msnext.securitya3s.url=http://10.238.196.188:30081/asmServices/services/v1.0"},{"name":"MSNEXT_MODULE_MGT_DISABLE","value":"msnext-customization"},{"name":"MANAGEMENT_PORT","value":"18080"},{"name":"MALLOC_ARENA_MAX","value":"4"},{"name":"SERVER_PORT","value":"8080"},{"name":"MSNEXT_JACOCO_ENABLE","value":"1"},{"name":"MSNEXT_JACOCO_OPTS","value":"output=tcpserver,address=*,port=6300"}],"resources":{"limits":{"cpu":"1","memory":"1536Mi"},"requests":{"cpu":"200m","memory":"1Gi"}},"volumeMounts":[{"name":"default-token-w6zvn","readOnly":true,"mountPath":"/var/run/secrets/kubernetes.io/serviceaccount"}],"livenessProbe":{"httpGet":{"path":"/health","port":18080,"scheme":"HTTP"},"initialDelaySeconds":900,"timeoutSeconds":1,"periodSeconds":10,"successThreshold":1,"failureThreshold":3},"readinessProbe":{"httpGet":{"path":"/health","port":18080,"scheme":"HTTP"},"initialDelaySeconds":180,"timeoutSeconds":10,"periodSeconds":10,"successThreshold":1,"failureThreshold":3},"terminationMessagePath":"/dev/termination-log","terminationMessagePolicy":"File","imagePullPolicy":"IfNotPresent","securityContext":{"capabilities":{"drop":["MKNOD"]},"privileged":false}}],"restartPolicy":"Always","terminationGracePeriodSeconds":30,"dnsPolicy":"ClusterFirst","nodeSelector":{"region":"work"},"serviceAccountName":"default","serviceAccount":"default","nodeName":"ilocpde01w33.corp.amdocs.com","securityContext":{"seLinuxOptions":{"level":"s0:c15,c10"}},"imagePullSecrets":[{"name":"customer-customer-ms-secret"}],"schedulerName":"default-scheduler","tolerations":[{"key":"node.kubernetes.io/memory-pressure","operator":"Exists","effect":"NoSchedule"}]},"status":{"phase":"Running","conditions":[{"type":"Initialized","status":"True","lastProbeTime":null,"lastTransitionTime":"2018-08-30T05:42:36Z"},{"type":"Ready","status":"True","lastProbeTime":null,"lastTransitionTime":"2018-09-14T01:53:05Z"},{"type":"PodScheduled","status":"True","lastProbeTime":null,"lastTransitionTime":"2018-08-30T05:42:33Z"}],"hostIP":"10.245.251.174","podIP":"10.128.74.19","startTime":"2018-08-30T05:42:33Z","initContainerStatuses":[{"name":"check-couchbase","state":{"terminated":{"exitCode":0,"reason":"Completed","startedAt":"2018-08-30T05:42:35Z","finishedAt":"2018-08-30T05:42:35Z","containerID":"docker://3922a8832725e30cd2a2fb6b2bfb285e9496f1a98976b007ac69c8fa3974d835"}},"lastState":{},"ready":true,"restartCount":0,"image":"docker.io/busybox:latest","imageID":"docker-pullable://docker.io/busybox@sha256:cb63aa0641a885f54de20f61d152187419e8f6b159ed11a251a09d115fdff9bd","containerID":"docker://3922a8832725e30cd2a2fb6b2bfb285e9496f1a98976b007ac69c8fa3974d835"},{"name":"create-bucket","state":{"terminated":{"exitCode":0,"reason":"Completed","startedAt":"2018-08-30T05:42:36Z","finishedAt":"2018-08-30T05:42:36Z","containerID":"docker://ba1ff72a3091463931786851a2c8a52cf67ee05d0d4b2c42e4d6b6cd586cf327"}},"lastState":{},"ready":true,"restartCount":0,"image":"docker.io/byrnedo/alpine-curl:latest","imageID":"docker-pullable://docker.io/byrnedo/alpine-curl@sha256:e8cf497b3005c2f66c8411f814f3818ecd683dfea45267ebfb4918088a26a18c","containerID":"docker://ba1ff72a3091463931786851a2c8a52cf67ee05d0d4b2c42e4d6b6cd586cf327"}],"containerStatuses":[{"name":"customer-customer-service-container","state":{"running":{"startedAt":"2018-08-30T05:42:39Z"}},"lastState":{},"ready":true,"restartCount":0,"image":"illin5564.corp.amdocs.com:5000/customer-customer-service:0.1.0-0728","imageID":"docker-pullable://illin5564.corp.amdocs.com:5000/customer-customer-service@sha256:06f147872c0e79508f6f4a7a1709f6e055fa789f04b6af5c10ee36d0e991b0e1","containerID":"docker://06bea693ba9c8a469963c4439df80e0e95b6f5001787375eff65e5489aaec950"}],"qosClass":"Burstable"}},{"metadata":{"name":"customerentity-rls-custo-827328498-r9t2z","generateName":"customerentity-rls-custo-827328498-","namespace":"care-for-openshift-testing","selfLink":"/api/v1/namespaces/care-for-openshift-testing/pods/customerentity-rls-custo-827328498-r9t2z","uid":"7e10c939-ac17-11e8-bb86-0050569a887c","resourceVersion":"69444933","creationTimestamp":"2018-08-30T05:42:33Z","labels":{"microservice":"customer-customerentity","pod-template-hash":"827328498","project":"customer-customerentity-exe","provider":"amdocs","release":"customerentity-rls"},"annotations":{"fabric8.io/iconUrl":"img/icons/spring-boot.svg","openshift.io/scc":"anyuid-no-ps"},"ownerReferences":[{"apiVersion":"extensions/v1beta1","kind":"ReplicaSet","name":"customerentity-rls-custo-827328498","uid":"a564a890-79f8-11e8-b420-0050569ac01d","controller":true,"blockOwnerDeletion":true}]},"spec":{"volumes":[{"name":"default-token-w6zvn","secret":{"secretName":"default-token-w6zvn","defaultMode":420}}],"initContainers":[{"name":"check-couchbase","image":"busybox","command":["sh","-c","timeout=0; while [[  $timeout -lt 90 ]]; do wget -q -O- -c http://couchbase-service:8091/ui/index.html \u003e /dev/null; if [ $? -ne 0 ]; then timeout=$(( timeout + 2 )); echo $timeout; else break; fi; done"],"resources":{},"volumeMounts":[{"name":"default-token-w6zvn","readOnly":true,"mountPath":"/var/run/secrets/kubernetes.io/serviceaccount"}],"terminationMessagePath":"/dev/termination-log","terminationMessagePolicy":"File","imagePullPolicy":"IfNotPresent","securityContext":{"capabilities":{"drop":["MKNOD"]}}},{"name":"create-bucket","image":"byrnedo/alpine-curl","command":["sh","-c","bucketName=com.amdocs.digital.ms.customer.customerentity; auth=Administrator:Administrator; server=couchbase-service; curl -X DELETE -u $auth http://$server:8091//pools/default/buckets/default; curl --fail -X POST -u $auth -d name=$bucketName -d ramQuotaMB=100 -d authType=sasl http://$server:8091/pools/default/buckets; curl --fail -u $auth http://$server:8091/pools/default/buckets/$bucketName"],"resources":{},"volumeMounts":[{"name":"default-token-w6zvn","readOnly":true,"mountPath":"/var/run/secrets/kubernetes.io/serviceaccount"}],"terminationMessagePath":"/dev/termination-log","terminationMessagePolicy":"File","imagePullPolicy":"IfNotPresent","securityContext":{"capabilities":{"drop":["MKNOD"]}}},{"name":"create-primary-index","image":"byrnedo/alpine-curl","command":["sh","-c","bucketName=com.amdocs.digital.ms.customer.customerentity; auth=Administrator:Administrator; server=couchbase-service; curl -X POST -v -u $auth http://$server:8093/query/service -d statement=create%20primary%20index%20on%20%60com.amdocs.digital.ms.customer.customerentity%60"],"resources":{},"volumeMounts":[{"name":"default-token-w6zvn","readOnly":true,"mountPath":"/var/run/secrets/kubernetes.io/serviceaccount"}],"terminationMessagePath":"/dev/termination-log","terminationMessagePolicy":"File","imagePullPolicy":"IfNotPresent","securityContext":{"capabilities":{"drop":["MKNOD"]}}}],"containers":[{"name":"customer-customerentity-service-container","image":"illin5564.corp.amdocs.com:5000/customer-customerentity-service:0.1.0-0271","ports":[{"name":"http","containerPort":8080,"protocol":"TCP"},{"name":"jacoco","containerPort":6300,"protocol":"TCP"},{"name":"management","containerPort":18080,"protocol":"TCP"}],"env":[{"name":"KUBERNETES_NAMESPACE","valueFrom":{"fieldRef":{"apiVersion":"v1","fieldPath":"metadata.namespace"}}},{"name":"MSNEXT_JAVA_OPTS","value":"-Dloader.main=com.amdocs.msnext.boot.Boot -Xms1024m -Xmx1024m -XX:MaxRAM=2048m -XX:+UseSerialGC -Dcom.amdocs.msnext.securitya3s.url=http://10.238.196.188:30081/asmServices/services/v1.0"},{"name":"MSNEXT_MODULE_MGT_DISABLE","value":"msnext-customization"},{"name":"MANAGEMENT_PORT","value":"18080"},{"name":"MALLOC_ARENA_MAX","value":"4"},{"name":"SERVER_PORT","value":"8080"},{"name":"MSNEXT_JACOCO_ENABLE","value":"1"},{"name":"MSNEXT_JACOCO_OPTS","value":"output=tcpserver,address=*,port=6300"}],"resources":{"limits":{"cpu":"1","memory":"1536Mi"},"requests":{"cpu":"200m","memory":"1Gi"}},"volumeMounts":[{"name":"default-token-w6zvn","readOnly":true,"mountPath":"/var/run/secrets/kubernetes.io/serviceaccount"}],"livenessProbe":{"httpGet":{"path":"/health","port":18080,"scheme":"HTTP"},"initialDelaySeconds":900,"timeoutSeconds":10,"periodSeconds":10,"successThreshold":1,"failureThreshold":3},"readinessProbe":{"httpGet":{"path":"/health","port":18080,"scheme":"HTTP"},"initialDelaySeconds":180,"timeoutSeconds":10,"periodSeconds":10,"successThreshold":1,"failureThreshold":3},"terminationMessagePath":"/dev/termination-log","terminationMessagePolicy":"File","imagePullPolicy":"IfNotPresent","securityContext":{"capabilities":{"drop":["MKNOD"]},"privileged":false}}],"restartPolicy":"Always","terminationGracePeriodSeconds":30,"dnsPolicy":"ClusterFirst","nodeSelector":{"region":"work"},"serviceAccountName":"default","serviceAccount":"default","nodeName":"ilocpde01w16.corp.amdocs.com","securityContext":{"seLinuxOptions":{"level":"s0:c15,c10"}},"imagePullSecrets":[{"name":"customer-customerentity-ms-secret"}],"schedulerName":"default-scheduler","tolerations":[{"key":"node.kubernetes.io/memory-pressure","operator":"Exists","effect":"NoSchedule"}]},"status":{"phase":"Running","conditions":[{"type":"Initialized","status":"True","lastProbeTime":null,"lastTransitionTime":"2018-08-30T05:42:38Z"},{"type":"Ready","status":"True","lastProbeTime":null,"lastTransitionTime":"2018-09-08T17:56:19Z"},{"type":"PodScheduled","status":"True","lastProbeTime":null,"lastTransitionTime":"2018-08-30T05:42:33Z"}],"podIP":"10.128.42.145","startTime":"2018-08-30T05:42:33Z","initContainerStatuses":[{"name":"check-couchbase","state":{"terminated":{"exitCode":0,"reason":"Completed","startedAt":"2018-08-30T05:42:35Z","finishedAt":"2018-08-30T05:42:35Z","containerID":"docker://5560d79188baca65b1ea524f9461356bbb17f6fb46e25475b04291151cb5de6e"}},"lastState":{},"ready":true,"restartCount":0,"image":"docker.io/busybox:latest","imageID":"docker-pullable://docker.io/busybox@sha256:141c253bc4c3fd0a201d32dc1f493bcf3fff003b6df416dea4f41046e0f37d47","containerID":"docker://5560d79188baca65b1ea524f9461356bbb17f6fb46e25475b04291151cb5de6e"},{"name":"create-bucket","state":{"terminated":{"exitCode":0,"reason":"Completed","startedAt":"2018-08-30T05:42:36Z","finishedAt":"2018-08-30T05:42:37Z","containerID":"docker://84e4b7210a570d7c78890b795db6674e32956b032cdde265f4864cce7a31f606"}},"lastState":{},"ready":true,"restartCount":0,"image":"docker.io/byrnedo/alpine-curl:latest","imageID":"docker-pullable://docker.io/byrnedo/alpine-curl@sha256:00c64bda2814f95a13ad6a46d6de487dc88f424f2b1f6c62c6dfce36701fe516","containerID":"docker://84e4b7210a570d7c78890b795db6674e32956b032cdde265f4864cce7a31f606"},{"name":"create-primary-index","state":{"terminated":{"exitCode":0,"reason":"Completed","startedAt":"2018-08-30T05:42:37Z","finishedAt":"2018-08-30T05:42:38Z","containerID":"docker://f252ca61351e8e76a4771b646229054ca7ad8ac33c1f73509c44cf4883fac01c"}},"lastState":{},"ready":true,"restartCount":0,"image":"docker.io/byrnedo/alpine-curl:latest","imageID":"docker-pullable://docker.io/byrnedo/alpine-curl@sha256:00c64bda2814f95a13ad6a46d6de487dc88f424f2b1f6c62c6dfce36701fe516","containerID":"docker://f252ca61351e8e76a4771b646229054ca7ad8ac33c1f73509c44cf4883fac01c"}],"containerStatuses":[{"name":"customer-customerentity-service-container","state":{"running":{"startedAt":"2018-09-08T17:53:16Z"}},"lastState":{"terminated":{"exitCode":137,"reason":"OOMKilled","startedAt":"2018-09-07T14:17:03Z","finishedAt":"2018-09-08T17:53:15Z","containerID":"docker://7c1b3d502fc0fa1955e69e1d374d4c1afe0cbb0ccf8e0545c34936d18a2efe45"}},"ready":true,"restartCount":10,"image":"illin5564.corp.amdocs.com:5000/customer-customerentity-service:0.1.0-0271","imageID":"docker-pullable://illin5564.corp.amdocs.com:5000/customer-customerentity-service@sha256:376e1469a289c35d7cdf6df0321b413b8447f186037121d087fb1843f168de90","containerID":"docker://8ea86c7a635df5326bd0d9f16f69287ea2d0d8c89dc6833c995d9f18f1646e7a"}],"qosClass":"Burstable"}},{"metadata":{"name":"financialaccount-financi-7648f8f756-4bv6p","generateName":"financialaccount-financi-7648f8f756-","namespace":"care-for-openshift-testing","selfLink":"/api/v1/namespaces/care-for-openshift-testing/pods/financialaccount-financi-7648f8f756-4bv6p","uid":"7e4d3a77-ac17-11e8-bb86-0050569a887c","resourceVersion":"58051082","creationTimestamp":"2018-08-30T05:42:33Z","labels":{"microservice":"financialaccount-financi","pod-template-hash":"3204949312","project":"financialaccount-financialaccount-exe","provider":"amdocs","release":"financialaccount-financialaccount"},"annotations":{"fabric8.io/iconUrl":"img/icons/spring-boot.svg","openshift.io/scc":"anyuid-no-ps"},"ownerReferences":[{"apiVersion":"extensions/v1beta1","kind":"ReplicaSet","name":"financialaccount-financi-7648f8f756","uid":"20745425-a6df-11e8-bb86-0050569a887c","controller":true,"blockOwnerDeletion":true}]},"spec":{"volumes":[{"name":"default-token-w6zvn","secret":{"secretName":"default-token-w6zvn","defaultMode":420}}],"initContainers":[{"name":"check-couchbase","image":"busybox","command":["sh","-c","timeout=0; while [[  $timeout -lt 90 ]]; do wget -q -O- -c http://couchbase-service:8091/ui/index.html \u003e /dev/null; if [ $? -ne 0 ]; then timeout=$(( timeout + 2 )); echo $timeout; else break; fi; done"],"resources":{},"volumeMounts":[{"name":"default-token-w6zvn","readOnly":true,"mountPath":"/var/run/secrets/kubernetes.io/serviceaccount"}],"terminationMessagePath":"/dev/termination-log","terminationMessagePolicy":"File","imagePullPolicy":"IfNotPresent","securityContext":{"capabilities":{"drop":["MKNOD"]}}},{"name":"create-bucket","image":"byrnedo/alpine-curl","command":["sh","-c","bucketName=com.amdocs.digital.ms.financialaccount.financialaccount; auth=Administrator:Administrator; server=couchbase-service; curl -X DELETE -u $auth http://$server:8091//pools/default/buckets/default; curl --fail -X POST -u $auth -d name=$bucketName -d ramQuotaMB=100 -d authType=sasl http://$server:8091/pools/default/buckets; curl --fail -u $auth http://$server:8091/pools/default/buckets/$bucketName"],"resources":{},"volumeMounts":[{"name":"default-token-w6zvn","readOnly":true,"mountPath":"/var/run/secrets/kubernetes.io/serviceaccount"}],"terminationMessagePath":"/dev/termination-log","terminationMessagePolicy":"File","imagePullPolicy":"IfNotPresent","securityContext":{"capabilities":{"drop":["MKNOD"]}}},{"name":"create-primary-index","image":"byrnedo/alpine-curl","command":["sh","-c","bucketName=com.amdocs.digital.ms.financialaccount.financialaccount; auth=Administrator:Administrator; server=couchbase-service; curl -X POST -v -u $auth http://$server:8093/query/service -d statement=create%20primary%20index%20on%20%60com.amdocs.digital.ms.financialaccount.financialaccount%60"],"resources":{},"volumeMounts":[{"name":"default-token-w6zvn","readOnly":true,"mountPath":"/var/run/secrets/kubernetes.io/serviceaccount"}],"terminationMessagePath":"/dev/termination-log","terminationMessagePolicy":"File","imagePullPolicy":"IfNotPresent","securityContext":{"capabilities":{"drop":["MKNOD"]}}},{"name":"create-relatedpartyref-id-index","image":"byrnedo/alpine-curl","command":["sh","-c","bucketName=com.amdocs.digital.ms.financialaccount.financialaccount; auth=Administrator:Administrator; server=couchbase-service; sleep 30; curl -X POST -v -u $auth http://$server:8093/query/service -d statement='CREATE%20INDEX%20%60financialAccount_relatedPartyRef_id_index%60%20ON%20%60com.amdocs.digital.ms.financialaccount.financialaccount%60((all%20(array%20(%60r%60.%60id%60)%20for%20%60r%60%20in%20%60relatedPartyRef%60%20end)))'"],"resources":{},"volumeMounts":[{"name":"default-token-w6zvn","readOnly":true,"mountPath":"/var/run/secrets/kubernetes.io/serviceaccount"}],"terminationMessagePath":"/dev/termination-log","terminationMessagePolicy":"File","imagePullPolicy":"IfNotPresent","securityContext":{"capabilities":{"drop":["MKNOD"]}}}],"containers":[{"name":"financialaccount-financialaccount-service-container","image":"illin5564.corp.amdocs.com:5000/financialaccount-financialaccount-service:0.1.0-0186","ports":[{"name":"http","containerPort":8080,"protocol":"TCP"},{"name":"jacoco","containerPort":6300,"protocol":"TCP"},{"name":"management","containerPort":18080,"protocol":"TCP"}],"env":[{"name":"KUBERNETES_NAMESPACE","valueFrom":{"fieldRef":{"apiVersion":"v1","fieldPath":"metadata.namespace"}}},{"name":"MSNEXT_JAVA_OPTS","value":"-Dloader.main=com.amdocs.msnext.boot.Boot -Xms1024m -Xmx1024m -XX:MaxRAM=2048m -XX:+UseSerialGC -Dcom.amdocs.msnext.securitya3s.url=http://10.238.196.188:30081/asmServices/services/v1.0"},{"name":"MSNEXT_MODULE_MGT_DISABLE","value":"msnext-customization"},{"name":"MANAGEMENT_PORT","value":"18080"},{"name":"SERVER_PORT","value":"8080"},{"name":"MALLOC_ARENA_MAX","value":"4"},{"name":"MSNEXT_JACOCO_ENABLE","value":"1"},{"name":"MSNEXT_JACOCO_OPTS","value":"output=tcpserver,address=*,port=6300"}],"resources":{"limits":{"cpu":"1","memory":"2Gi"},"requests":{"cpu":"200m","memory":"1Gi"}},"volumeMounts":[{"name":"default-token-w6zvn","readOnly":true,"mountPath":"/var/run/secrets/kubernetes.io/serviceaccount"}],"livenessProbe":{"httpGet":{"path":"/health","port":18080,"scheme":"HTTP"},"initialDelaySeconds":900,"timeoutSeconds":10,"periodSeconds":10,"successThreshold":1,"failureThreshold":3},"readinessProbe":{"httpGet":{"path":"/health","port":18080,"scheme":"HTTP"},"initialDelaySeconds":180,"timeoutSeconds":10,"periodSeconds":10,"successThreshold":1,"failureThreshold":3},"terminationMessagePath":"/dev/termination-log","terminationMessagePolicy":"File","imagePullPolicy":"IfNotPresent","securityContext":{"capabilities":{"drop":["MKNOD"]},"privileged":false}}],"restartPolicy":"Always","terminationGracePeriodSeconds":30,"dnsPolicy":"ClusterFirst","nodeSelector":{"region":"work"},"serviceAccountName":"default","serviceAccount":"default","nodeName":"ilocpde01w13.corp.amdocs.com","securityContext":{"seLinuxOptions":{"level":"s0:c15,c10"}},"imagePullSecrets":[{"name":"financialaccount-financialaccount-ms-secret"}],"schedulerName":"default-scheduler","tolerations":[{"key":"node.kubernetes.io/memory-pressure","operator":"Exists","effect":"NoSchedule"}]},"status":{"phase":"Running","conditions":[{"type":"Initialized","status":"True","lastProbeTime":null,"lastTransitionTime":"2018-08-30T05:43:10Z"},{"type":"Ready","status":"True","lastProbeTime":null,"lastTransitionTime":"2018-09-02T22:01:14Z"},{"type":"PodScheduled","status":"True","lastProbeTime":null,"lastTransitionTime":"2018-08-30T05:42:33Z"}],"hostIP":"10.245.250.32","podIP":"10.128.37.154","startTime":"2018-08-30T05:42:33Z","initContainerStatuses":[{"name":"check-couchbase","state":{"terminated":{"exitCode":0,"reason":"Completed","startedAt":"2018-08-30T05:42:36Z","finishedAt":"2018-08-30T05:42:36Z","containerID":"docker://7f79929fc879462fb80cce229817ff05859e483de3f3623dfbbff75b7a9f8d3d"}},"lastState":{},"ready":true,"restartCount":0,"image":"docker.io/busybox:latest","imageID":"docker-pullable://docker.io/busybox@sha256:141c253bc4c3fd0a201d32dc1f493bcf3fff003b6df416dea4f41046e0f37d47","containerID":"docker://7f79929fc879462fb80cce229817ff05859e483de3f3623dfbbff75b7a9f8d3d"},{"name":"create-bucket","state":{"terminated":{"exitCode":0,"reason":"Completed","startedAt":"2018-08-30T05:42:37Z","finishedAt":"2018-08-30T05:42:37Z","containerID":"docker://66dbc1ca5b1d8e733a53dff109739d689cb1aba0b2efdf78379fbbe5ccdbe026"}},"lastState":{},"ready":true,"restartCount":0,"image":"docker.io/byrnedo/alpine-curl:latest","imageID":"docker-pullable://docker.io/byrnedo/alpine-curl@sha256:00c64bda2814f95a13ad6a46d6de487dc88f424f2b1f6c62c6dfce36701fe516","containerID":"docker://66dbc1ca5b1d8e733a53dff109739d689cb1aba0b2efdf78379fbbe5ccdbe026"},{"name":"create-primary-index","state":{"terminated":{"exitCode":0,"reason":"Completed","startedAt":"2018-08-30T05:42:38Z","finishedAt":"2018-08-30T05:42:38Z","containerID":"docker://f6142a8f82544476e78be5bbb414ff7d9b9c093d1a91050efd36d26665760d52"}},"lastState":{},"ready":true,"restartCount":0,"image":"docker.io/byrnedo/alpine-curl:latest","imageID":"docker-pullable://docker.io/byrnedo/alpine-curl@sha256:00c64bda2814f95a13ad6a46d6de487dc88f424f2b1f6c62c6dfce36701fe516","containerID":"docker://f6142a8f82544476e78be5bbb414ff7d9b9c093d1a91050efd36d26665760d52"},{"name":"create-relatedpartyref-id-index","state":{"terminated":{"exitCode":0,"reason":"Completed","startedAt":"2018-08-30T05:42:39Z","finishedAt":"2018-08-30T05:43:09Z","containerID":"docker://ab0253fa1230d64c792c8ba5576e7f399e5449c78e42d673c3ce2a6414020135"}},"lastState":{},"ready":true,"restartCount":0,"image":"docker.io/byrnedo/alpine-curl:latest","imageID":"docker-pullable://docker.io/byrnedo/alpine-curl@sha256:00c64bda2814f95a13ad6a46d6de487dc88f424f2b1f6c62c6dfce36701fe516","containerID":"docker://ab0253fa1230d64c792c8ba5576e7f399e5449c78e42d673c3ce2a6414020135"}],"containerStatuses":[{"name":"financialaccount-financialaccount-service-container","state":{"running":{"startedAt":"2018-09-02T21:58:11Z"}},"lastState":{"terminated":{"exitCode":143,"reason":"Error","startedAt":"2018-08-30T05:43:13Z","finishedAt":"2018-09-02T21:58:11Z","containerID":"docker://c2327d420f02ec41b329fe20770a8d371547528a60047365c62af6c940144042"}},"ready":true,"restartCount":1,"image":"illin5564.corp.amdocs.com:5000/financialaccount-financialaccount-service:0.1.0-0186","imageID":"docker-pullable://illin5564.corp.amdocs.com:5000/financialaccount-financialaccount-service@sha256:55d87b13019117d468b674df6b8f52b912192264e82ad85ddbc432324d692ee9","containerID":"docker://6cfb4787f3423171d57efd728ed7c447f67891bc6c633e60613cd355f6ffc333"}],"qosClass":"Burstable"}},{"metadata":{"name":"geographicaddress-geogra-505456214-llbf8","generateName":"geographicaddress-geogra-505456214-","namespace":"care-for-openshift-testing","selfLink":"/api/v1/namespaces/care-for-openshift-testing/pods/geographicaddress-geogra-505456214-llbf8","uid":"7e8a4d42-ac17-11e8-bb86-0050569a887c","resourceVersion":"55368963","creationTimestamp":"2018-08-30T05:42:34Z","labels":{"microservice":"geographicaddress-geogra","pod-template-hash":"505456214","project":"geographicaddress-geographicaddress-exe","provider":"amdocs","release":"geographicaddress-geographicaddress"},"annotations":{"fabric8.io/iconUrl":"img/icons/spring-boot.svg","openshift.io/scc":"anyuid-no-ps"},"ownerReferences":[{"apiVersion":"extensions/v1beta1","kind":"ReplicaSet","name":"geographicaddress-geogra-505456214","uid":"e931a190-79fa-11e8-b420-0050569ac01d","controller":true,"blockOwnerDeletion":true}]},"spec":{"volumes":[{"name":"default-token-w6zvn","secret":{"secretName":"default-token-w6zvn","defaultMode":420}}],"initContainers":[{"name":"check-couchbase","image":"busybox","command":["sh","-c","timeout=0; while [[  $timeout -lt 90 ]]; do wget -q -O- -c http://couchbase-service:8091/ui/index.html \u003e /dev/null; if [ $? -ne 0 ]; then timeout=$(( timeout + 2 )); echo $timeout; else break; fi; done"],"resources":{},"volumeMounts":[{"name":"default-token-w6zvn","readOnly":true,"mountPath":"/var/run/secrets/kubernetes.io/serviceaccount"}],"terminationMessagePath":"/dev/termination-log","terminationMessagePolicy":"File","imagePullPolicy":"IfNotPresent","securityContext":{"capabilities":{"drop":["MKNOD"]}}},{"name":"create-bucket","image":"byrnedo/alpine-curl","command":["sh","-c","bucketName=com.amdocs.digital.ms.geographicaddress.geographicaddress; auth=Administrator:Administrator; server=couchbase-service; curl -X DELETE -u $auth http://$server:8091//pools/default/buckets/default; curl --fail -X POST -u $auth -d name=$bucketName -d ramQuotaMB=100 -d authType=sasl http://$server:8091/pools/default/buckets; curl --fail -u $auth http://$server:8091/pools/default/buckets/$bucketName"],"resources":{},"volumeMounts":[{"name":"default-token-w6zvn","readOnly":true,"mountPath":"/var/run/secrets/kubernetes.io/serviceaccount"}],"terminationMessagePath":"/dev/termination-log","terminationMessagePolicy":"File","imagePullPolicy":"IfNotPresent","securityContext":{"capabilities":{"drop":["MKNOD"]}}},{"name":"create-primary-index","image":"byrnedo/alpine-curl","command":["sh","-c","bucketName=com.amdocs.digital.ms.geographicaddress.geographicaddress; auth=Administrator:Administrator; server=couchbase-service; curl -X POST -v -u $auth http://$server:8093/query/service -d statement=create%20primary%20index%20on%20%60com.amdocs.digital.ms.geographicaddress.geographicaddress%60"],"resources":{},"volumeMounts":[{"name":"default-token-w6zvn","readOnly":true,"mountPath":"/var/run/secrets/kubernetes.io/serviceaccount"}],"terminationMessagePath":"/dev/termination-log","terminationMessagePolicy":"File","imagePullPolicy":"IfNotPresent","securityContext":{"capabilities":{"drop":["MKNOD"]}}}],"containers":[{"name":"geographicaddress-geographicaddress-service-container","image":"illin5564.corp.amdocs.com:5000/geographicaddress-geographicaddress-service:0.1.0-0051","ports":[{"name":"http","containerPort":8080,"protocol":"TCP"},{"name":"jacoco","containerPort":6300,"protocol":"TCP"},{"name":"management","containerPort":18080,"protocol":"TCP"}],"env":[{"name":"KUBERNETES_NAMESPACE","valueFrom":{"fieldRef":{"apiVersion":"v1","fieldPath":"metadata.namespace"}}},{"name":"MSNEXT_JAVA_OPTS","value":"-Dloader.main=com.amdocs.msnext.boot.Boot -Xms1024m -Xmx1024m -XX:MaxRAM=2048m -XX:+UseSerialGC -Dcom.amdocs.msnext.securitya3s.url=http://10.238.196.188:30081/asmServices/services/v1.0"},{"name":"MSNEXT_MODULE_MGT_DISABLE","value":"msnext-customization"},{"name":"MANAGEMENT_PORT","value":"18080"},{"name":"SERVER_PORT","value":"8080"},{"name":"MSNEXT_JACOCO_ENABLE","value":"1"},{"name":"MSNEXT_JACOCO_OPTS","value":"output=tcpserver,address=*,port=6300"}],"resources":{},"volumeMounts":[{"name":"default-token-w6zvn","readOnly":true,"mountPath":"/var/run/secrets/kubernetes.io/serviceaccount"}],"livenessProbe":{"httpGet":{"path":"/health","port":18080,"scheme":"HTTP"},"initialDelaySeconds":900,"timeoutSeconds":10,"periodSeconds":10,"successThreshold":1,"failureThreshold":3},"readinessProbe":{"httpGet":{"path":"/health","port":18080,"scheme":"HTTP"},"initialDelaySeconds":180,"timeoutSeconds":10,"periodSeconds":10,"successThreshold":1,"failureThreshold":3},"terminationMessagePath":"/dev/termination-log","terminationMessagePolicy":"File","imagePullPolicy":"IfNotPresent","securityContext":{"capabilities":{"drop":["MKNOD"]},"privileged":false}}],"restartPolicy":"Always","terminationGracePeriodSeconds":30,"dnsPolicy":"ClusterFirst","nodeSelector":{"region":"work"},"serviceAccountName":"default","serviceAccount":"default","nodeName":"ilocpde01w31.corp.amdocs.com","securityContext":{"seLinuxOptions":{"level":"s0:c15,c10"}},"imagePullSecrets":[{"name":"geographicaddress-geographicaddress-ms-secret"}],"schedulerName":"default-scheduler"},"status":{"phase":"Running","conditions":[{"type":"Initialized","status":"True","lastProbeTime":null,"lastTransitionTime":"2018-08-30T05:42:39Z"},{"type":"Ready","status":"True","lastProbeTime":null,"lastTransitionTime":"2018-08-30T05:45:51Z"},{"type":"PodScheduled","status":"True","lastProbeTime":null,"lastTransitionTime":"2018-08-30T05:42:34Z"}],"hostIP":"10.245.251.172","podIP":"10.128.72.197","startTime":"2018-08-30T05:42:34Z","initContainerStatuses":[{"name":"check-couchbase","state":{"terminated":{"exitCode":0,"reason":"Completed","startedAt":"2018-08-30T05:42:36Z","finishedAt":"2018-08-30T05:42:36Z","containerID":"docker://a963d63df2e9af2098be1c9a49cd1863f8c9e0794133eb564134722d269ed854"}},"lastState":{},"ready":true,"restartCount":0,"image":"docker.io/busybox:latest","imageID":"docker-pullable://docker.io/busybox@sha256:141c253bc4c3fd0a201d32dc1f493bcf3fff003b6df416dea4f41046e0f37d47","containerID":"docker://a963d63df2e9af2098be1c9a49cd1863f8c9e0794133eb564134722d269ed854"},{"name":"create-bucket","state":{"terminated":{"exitCode":0,"reason":"Completed","startedAt":"2018-08-30T05:42:38Z","finishedAt":"2018-08-30T05:42:38Z","containerID":"docker://f967977117c41c53a5b5d6f48636e9656d9b11406235fa5af103620c00522b6c"}},"lastState":{},"ready":true,"restartCount":0,"image":"docker.io/byrnedo/alpine-curl:latest","imageID":"docker-pullable://docker.io/byrnedo/alpine-curl@sha256:00c64bda2814f95a13ad6a46d6de487dc88f424f2b1f6c62c6dfce36701fe516","containerID":"docker://f967977117c41c53a5b5d6f48636e9656d9b11406235fa5af103620c00522b6c"},{"name":"create-primary-index","state":{"terminated":{"exitCode":0,"reason":"Completed","startedAt":"2018-08-30T05:42:39Z","finishedAt":"2018-08-30T05:42:39Z","containerID":"docker://7054cddf655a096d3b1a7eba91963731c8a400eb10c75813c16c542036565133"}},"lastState":{},"ready":true,"restartCount":0,"image":"docker.io/byrnedo/alpine-curl:latest","imageID":"docker-pullable://docker.io/byrnedo/alpine-curl@sha256:00c64bda2814f95a13ad6a46d6de487dc88f424f2b1f6c62c6dfce36701fe516","containerID":"docker://7054cddf655a096d3b1a7eba91963731c8a400eb10c75813c16c542036565133"}],"containerStatuses":[{"name":"geographicaddress-geographicaddress-service-container","state":{"running":{"startedAt":"2018-08-30T05:42:42Z"}},"lastState":{},"ready":true,"restartCount":0,"image":"illin5564.corp.amdocs.com:5000/geographicaddress-geographicaddress-service:0.1.0-0051","imageID":"docker-pullable://illin5564.corp.amdocs.com:5000/geographicaddress-geographicaddress-service@sha256:109e07a2fd1cf4b7c87ac6b8925a22c226abd9a1a16592a4fe45fb969477b8b0","containerID":"docker://4e7d22264b7a1f4c3d0bf4147828381e6e86c50c0def80267040b4334feb4d11"}],"qosClass":"BestEffort"}},{"metadata":{"name":"geographicaddressbrid-ge-1301021888-p2nqc","generateName":"geographicaddressbrid-ge-1301021888-","namespace":"care-for-openshift-testing","selfLink":"/api/v1/namespaces/care-for-openshift-testing/pods/geographicaddressbrid-ge-1301021888-p2nqc","uid":"7ec77c23-ac17-11e8-bb86-0050569a887c","resourceVersion":"64632501","creationTimestamp":"2018-08-30T05:42:34Z","labels":{"microservice":"geographicaddress-geogra","pod-template-hash":"1301021888","project":"geographicaddress-geographicaddressbridge-exe","provider":"amdocs","release":"geographicaddressbrid"},"annotations":{"fabric8.io/iconUrl":"img/icons/spring-boot.svg","openshift.io/scc":"anyuid-no-ps"},"ownerReferences":[{"apiVersion":"extensions/v1beta1","kind":"ReplicaSet","name":"geographicaddressbrid-ge-1301021888","uid":"a491c676-79fa-11e8-b420-0050569ac01d","controller":true,"blockOwnerDeletion":true}]},"spec":{"volumes":[{"name":"default-token-w6zvn","secret":{"secretName":"default-token-w6zvn","defaultMode":420}}],"initContainers":[{"name":"check-couchbase","image":"busybox","command":["sh","-c","timeout=0; while [[  $timeout -lt 90 ]]; do wget -q -O- -c http://couchbase-service:8091/ui/index.html \u003e /dev/null; if [ $? -ne 0 ]; then timeout=$(( timeout + 2 )); echo $timeout; else break; fi; done"],"resources":{},"volumeMounts":[{"name":"default-token-w6zvn","readOnly":true,"mountPath":"/var/run/secrets/kubernetes.io/serviceaccount"}],"terminationMessagePath":"/dev/termination-log","terminationMessagePolicy":"File","imagePullPolicy":"IfNotPresent","securityContext":{"capabilities":{"drop":["MKNOD"]}}},{"name":"create-bucket","image":"byrnedo/alpine-curl","command":["sh","-c","bucketName=com.amdocs.digital.ms.geographicaddress.geographicaddressbridge; auth=Administrator:Administrator; server=couchbase-service; curl -X DELETE -u $auth http://$server:8091//pools/default/buckets/default; curl --fail -X POST -u $auth -d name=$bucketName -d ramQuotaMB=100 -d authType=sasl http://$server:8091/pools/default/buckets; curl --fail -u $auth http://$server:8091/pools/default/buckets/$bucketName"],"resources":{},"volumeMounts":[{"name":"default-token-w6zvn","readOnly":true,"mountPath":"/var/run/secrets/kubernetes.io/serviceaccount"}],"terminationMessagePath":"/dev/termination-log","terminationMessagePolicy":"File","imagePullPolicy":"IfNotPresent","securityContext":{"capabilities":{"drop":["MKNOD"]}}}],"containers":[{"name":"geographicaddress-geographicaddressbridge-service-container","image":"illin5564.corp.amdocs.com:5000/geographicaddress-geographicaddressbridge-service:0.1.0-0088","ports":[{"name":"http","containerPort":8080,"protocol":"TCP"},{"name":"jacoco","containerPort":6300,"protocol":"TCP"},{"name":"management","containerPort":18080,"protocol":"TCP"}],"env":[{"name":"KUBERNETES_NAMESPACE","valueFrom":{"fieldRef":{"apiVersion":"v1","fieldPath":"metadata.namespace"}}},{"name":"MSNEXT_JAVA_OPTS","value":"-Dloader.main=com.amdocs.msnext.boot.Boot -Xms1024m -Xmx1024m -XX:MaxRAM=2048m -XX:+UseSerialGC -Dcom.amdocs.msnext.securitya3s.url=http://10.238.196.188:30081/asmServices/services/v1.0"},{"name":"MSNEXT_MODULE_MGT_DISABLE","value":"msnext-customization"},{"name":"MANAGEMENT_PORT","value":"18080"},{"name":"SERVER_PORT","value":"8080"},{"name":"MSNEXT_JACOCO_ENABLE","value":"1"},{"name":"MSNEXT_JACOCO_OPTS","value":"output=tcpserver,address=*,port=6300"}],"resources":{},"volumeMounts":[{"name":"default-token-w6zvn","readOnly":true,"mountPath":"/var/run/secrets/kubernetes.io/serviceaccount"}],"livenessProbe":{"httpGet":{"path":"/health","port":18080,"scheme":"HTTP"},"initialDelaySeconds":900,"timeoutSeconds":10,"periodSeconds":10,"successThreshold":1,"failureThreshold":3},"readinessProbe":{"httpGet":{"path":"/health","port":18080,"scheme":"HTTP"},"initialDelaySeconds":180,"timeoutSeconds":10,"periodSeconds":10,"successThreshold":1,"failureThreshold":3},"terminationMessagePath":"/dev/termination-log","terminationMessagePolicy":"File","imagePullPolicy":"IfNotPresent","securityContext":{"capabilities":{"drop":["MKNOD"]},"privileged":false}}],"restartPolicy":"Always","terminationGracePeriodSeconds":30,"dnsPolicy":"ClusterFirst","nodeSelector":{"region":"work"},"serviceAccountName":"default","serviceAccount":"default","nodeName":"ilocpde01w32.corp.amdocs.com","securityContext":{"seLinuxOptions":{"level":"s0:c15,c10"}},"imagePullSecrets":[{"name":"geographicaddress-geographicaddressbridge-ms-secret"}],"schedulerName":"default-scheduler"},"status":{"phase":"Running","conditions":[{"type":"Initialized","status":"True","lastProbeTime":null,"lastTransitionTime":"2018-08-30T05:42:38Z"},{"type":"Ready","status":"True","lastProbeTime":null,"lastTransitionTime":"2018-09-11T08:37:02Z"},{"type":"PodScheduled","status":"True","lastProbeTime":null,"lastTransitionTime":"2018-08-30T05:42:34Z"}],"hostIP":"10.245.251.173","podIP":"10.128.77.242","startTime":"2018-08-30T05:42:34Z","initContainerStatuses":[{"name":"check-couchbase","state":{"terminated":{"exitCode":0,"reason":"Completed","startedAt":"2018-08-30T05:42:37Z","finishedAt":"2018-08-30T05:42:37Z","containerID":"docker://2bce217a5bc19a40e9f6856361c0a87f4127668b3a0e85639db303a567b67b2a"}},"lastState":{},"ready":true,"restartCount":0,"image":"docker.io/busybox:latest","imageID":"docker-pullable://docker.io/busybox@sha256:141c253bc4c3fd0a201d32dc1f493bcf3fff003b6df416dea4f41046e0f37d47","containerID":"docker://2bce217a5bc19a40e9f6856361c0a87f4127668b3a0e85639db303a567b67b2a"},{"name":"create-bucket","state":{"terminated":{"exitCode":0,"reason":"Completed","startedAt":"2018-08-30T05:42:38Z","finishedAt":"2018-08-30T05:42:38Z","containerID":"docker://e0891882d5bd86079e74c0c6a599d21f3a71cd9dbf496d4afe41e8841ff34a33"}},"lastState":{},"ready":true,"restartCount":0,"image":"docker.io/byrnedo/alpine-curl:latest","imageID":"docker-pullable://docker.io/byrnedo/alpine-curl@sha256:00c64bda2814f95a13ad6a46d6de487dc88f424f2b1f6c62c6dfce36701fe516","containerID":"docker://e0891882d5bd86079e74c0c6a599d21f3a71cd9dbf496d4afe41e8841ff34a33"}],"containerStatuses":[{"name":"geographicaddress-geographicaddressbridge-service-container","state":{"running":{"startedAt":"2018-08-30T05:42:42Z"}},"lastState":{},"ready":true,"restartCount":0,"image":"illin5564.corp.amdocs.com:5000/geographicaddress-geographicaddressbridge-service:0.1.0-0088","imageID":"docker-pullable://illin5564.corp.amdocs.com:5000/geographicaddress-geographicaddressbridge-service@sha256:d3819b5e72f0fbea27963e07cc86a559518f1aca3cc7bb02828d0f33054e0974","containerID":"docker://9c64e2dd557bbe2050bbdf817fc52a105cbab2ef15d5f41540380c2250c91c3a"}],"qosClass":"BestEffort"}},{"metadata":{"name":"party-attachment-party-a-2823505013-9mr46","generateName":"party-attachment-party-a-2823505013-","namespace":"care-for-openshift-testing","selfLink":"/api/v1/namespaces/care-for-openshift-testing/pods/party-attachment-party-a-2823505013-9mr46","uid":"7f04fa8e-ac17-11e8-bb86-0050569a887c","resourceVersion":"60789220","creationTimestamp":"2018-08-30T05:42:35Z","labels":{"microservice":"party-attachment","pod-template-hash":"2823505013","project":"party-attachment-exe","provider":"amdocs","release":"party-attachment"},"annotations":{"fabric8.io/iconUrl":"img/icons/spring-boot.svg","openshift.io/scc":"anyuid-no-ps"},"ownerReferences":[{"apiVersion":"extensions/v1beta1","kind":"ReplicaSet","name":"party-attachment-party-a-2823505013","uid":"fd70c29e-79fa-11e8-b420-0050569ac01d","controller":true,"blockOwnerDeletion":true}]},"spec":{"volumes":[{"name":"default-token-w6zvn","secret":{"secretName":"default-token-w6zvn","defaultMode":420}}],"initContainers":[{"name":"check-couchbase","image":"busybox","command":["sh","-c","timeout=0; while [[  $timeout -lt 90 ]]; do wget -q -O- -c http://couchbase-service:8091/ui/index.html \u003e /dev/null; if [ $? -ne 0 ]; then timeout=$(( timeout + 2 )); echo $timeout; else break; fi; done"],"resources":{},"volumeMounts":[{"name":"default-token-w6zvn","readOnly":true,"mountPath":"/var/run/secrets/kubernetes.io/serviceaccount"}],"terminationMessagePath":"/dev/termination-log","terminationMessagePolicy":"File","imagePullPolicy":"IfNotPresent","securityContext":{"capabilities":{"drop":["MKNOD"]}}},{"name":"create-bucket","image":"byrnedo/alpine-curl","command":["sh","-c","bucketName=com.amdocs.digital.ms.party.attachment; auth=Administrator:Administrator; server=couchbase-service; curl -X DELETE -u $auth http://$server:8091//pools/default/buckets/default; curl --fail -X POST -u $auth -d name=$bucketName -d ramQuotaMB=100 -d authType=sasl http://$server:8091/pools/default/buckets; curl --fail -u $auth http://$server:8091/pools/default/buckets/$bucketName"],"resources":{},"volumeMounts":[{"name":"default-token-w6zvn","readOnly":true,"mountPath":"/var/run/secrets/kubernetes.io/serviceaccount"}],"terminationMessagePath":"/dev/termination-log","terminationMessagePolicy":"File","imagePullPolicy":"IfNotPresent","securityContext":{"capabilities":{"drop":["MKNOD"]}}},{"name":"create-primary-index","image":"byrnedo/alpine-curl","command":["sh","-c","bucketName=com.amdocs.digital.ms.party.attachment; auth=Administrator:Administrator; server=couchbase-service; curl -X POST -v -u $auth http://$server:8093/query/service -d statement=create%20primary%20index%20on%20%60com.amdocs.digital.ms.party.attachment%60"],"resources":{},"volumeMounts":[{"name":"default-token-w6zvn","readOnly":true,"mountPath":"/var/run/secrets/kubernetes.io/serviceaccount"}],"terminationMessagePath":"/dev/termination-log","terminationMessagePolicy":"File","imagePullPolicy":"IfNotPresent","securityContext":{"capabilities":{"drop":["MKNOD"]}}}],"containers":[{"name":"party-attachment-service-container","image":"illin5564.corp.amdocs.com:5000/party-attachment-service:0.1.0-0156","ports":[{"name":"http","containerPort":8080,"protocol":"TCP"},{"name":"jacoco","containerPort":6300,"protocol":"TCP"},{"name":"management","containerPort":18080,"protocol":"TCP"}],"env":[{"name":"KUBERNETES_NAMESPACE","valueFrom":{"fieldRef":{"apiVersion":"v1","fieldPath":"metadata.namespace"}}},{"name":"MSNEXT_JAVA_OPTS","value":"-Dloader.main=com.amdocs.msnext.boot.Boot -Xms1024m -Xmx1024m -XX:MaxRAM=2048m -XX:+UseSerialGC -Dcom.amdocs.msnext.securitya3s.url=http://10.238.196.188:30081/asmServices/services/v1.0"},{"name":"MSNEXT_MODULE_MGT_DISABLE","value":"msnext-customization"},{"name":"MANAGEMENT_PORT","value":"18080"},{"name":"SERVER_PORT","value":"8080"},{"name":"MALLOC_ARENA_MAX","value":"4"},{"name":"MSNEXT_JACOCO_ENABLE","value":"1"},{"name":"MSNEXT_JACOCO_OPTS","value":"output=tcpserver,address=*,port=6300"}],"resources":{"limits":{"cpu":"1","memory":"1536Mi"},"requests":{"cpu":"200m","memory":"1Gi"}},"volumeMounts":[{"name":"default-token-w6zvn","readOnly":true,"mountPath":"/var/run/secrets/kubernetes.io/serviceaccount"}],"livenessProbe":{"httpGet":{"path":"/health","port":18080,"scheme":"HTTP"},"initialDelaySeconds":900,"timeoutSeconds":10,"periodSeconds":10,"successThreshold":1,"failureThreshold":3},"readinessProbe":{"httpGet":{"path":"/health","port":18080,"scheme":"HTTP"},"initialDelaySeconds":180,"timeoutSeconds":10,"periodSeconds":10,"successThreshold":1,"failureThreshold":3},"terminationMessagePath":"/dev/termination-log","terminationMessagePolicy":"File","imagePullPolicy":"IfNotPresent","securityContext":{"capabilities":{"drop":["MKNOD"]},"privileged":false}}],"restartPolicy":"Always","terminationGracePeriodSeconds":30,"dnsPolicy":"ClusterFirst","nodeSelector":{"region":"work"},"serviceAccountName":"default","serviceAccount":"default","nodeName":"ilocpde01w07.corp.amdocs.com","securityContext":{"seLinuxOptions":{"level":"s0:c15,c10"}},"imagePullSecrets":[{"name":"party-attachment-ms-secret"}],"schedulerName":"default-scheduler","tolerations":[{"key":"node.kubernetes.io/memory-pressure","operator":"Exists","effect":"NoSchedule"}]},"status":{"phase":"Running","conditions":[{"type":"Initialized","status":"True","lastProbeTime":null,"lastTransitionTime":"2018-08-30T05:42:40Z"},{"type":"Ready","status":"True","lastProbeTime":null,"lastTransitionTime":"2018-09-06T07:08:29Z"},{"type":"PodScheduled","status":"True","lastProbeTime":null,"lastTransitionTime":"2018-08-30T05:42:35Z"}],"hostIP":"10.245.250.26","podIP":"10.128.23.206","startTime":"2018-08-30T05:42:35Z","initContainerStatuses":[{"name":"check-couchbase","state":{"terminated":{"exitCode":0,"reason":"Completed","startedAt":"2018-08-30T05:42:37Z","finishedAt":"2018-08-30T05:42:37Z","containerID":"docker://e3f241d11b71196df57d2d84accf184244ce5efa4b530d15e7d27e834f50cc02"}},"lastState":{},"ready":true,"restartCount":0,"image":"docker.io/busybox:latest","imageID":"docker-pullable://docker.io/busybox@sha256:58ac43b2cc92c687a32c8be6278e50a063579655fe3090125dcb2af0ff9e1a64","containerID":"docker://e3f241d11b71196df57d2d84accf184244ce5efa4b530d15e7d27e834f50cc02"},{"name":"create-bucket","state":{"terminated":{"exitCode":0,"reason":"Completed","startedAt":"2018-08-30T05:42:38Z","finishedAt":"2018-08-30T05:42:38Z","containerID":"docker://4d559ffe274ae6248954ca24487c125cd92a50ebaf5b5156420de3e1e920cf10"}},"lastState":{},"ready":true,"restartCount":0,"image":"docker.io/byrnedo/alpine-curl:latest","imageID":"docker-pullable://docker.io/byrnedo/alpine-curl@sha256:00c64bda2814f95a13ad6a46d6de487dc88f424f2b1f6c62c6dfce36701fe516","containerID":"docker://4d559ffe274ae6248954ca24487c125cd92a50ebaf5b5156420de3e1e920cf10"},{"name":"create-primary-index","state":{"terminated":{"exitCode":0,"reason":"Completed","startedAt":"2018-08-30T05:42:39Z","finishedAt":"2018-08-30T05:42:39Z","containerID":"docker://19a60806a75d62755697a5fa3afdad4a85412424cc3e9b0116b6909cd97e212b"}},"lastState":{},"ready":true,"restartCount":0,"image":"docker.io/byrnedo/alpine-curl:latest","imageID":"docker-pullable://docker.io/byrnedo/alpine-curl@sha256:00c64bda2814f95a13ad6a46d6de487dc88f424f2b1f6c62c6dfce36701fe516","containerID":"docker://19a60806a75d62755697a5fa3afdad4a85412424cc3e9b0116b6909cd97e212b"}],"containerStatuses":[{"name":"party-attachment-service-container","state":{"running":{"startedAt":"2018-09-06T07:05:21Z"}},"lastState":{"terminated":{"exitCode":143,"reason":"Error","startedAt":"2018-08-30T05:42:41Z","finishedAt":"2018-09-06T07:05:21Z","containerID":"docker://5f3594652f02c96d3beb0cfed3732d6a0304e6b625f8942e4c5955e86132d25e"}},"ready":true,"restartCount":1,"image":"illin5564.corp.amdocs.com:5000/party-attachment-service:0.1.0-0156","imageID":"docker-pullable://illin5564.corp.amdocs.com:5000/party-attachment-service@sha256:8392d7af2948fd2cafd0a0d9e4a0a63872a65bcf90b85d471bdb08dcd06da9d5","containerID":"docker://145255aa52602a46ac3776bdddb8560f7835d799560cd07581722a54cd96eb02"}],"qosClass":"Burstable"}},{"metadata":{"name":"party-individual-party-i-1411127802-sq4mp","generateName":"party-individual-party-i-1411127802-","namespace":"care-for-openshift-testing","selfLink":"/api/v1/namespaces/care-for-openshift-testing/pods/party-individual-party-i-1411127802-sq4mp","uid":"7f4206f4-ac17-11e8-bb86-0050569a887c","resourceVersion":"67842924","creationTimestamp":"2018-08-30T05:42:35Z","labels":{"microservice":"party-individual","pod-template-hash":"1411127802","project":"party-individual-exe","provider":"amdocs","release":"party-individual"},"annotations":{"fabric8.io/iconUrl":"img/icons/spring-boot.svg","openshift.io/scc":"anyuid-no-ps"},"ownerReferences":[{"apiVersion":"extensions/v1beta1","kind":"ReplicaSet","name":"party-individual-party-i-1411127802","uid":"0761340d-79fb-11e8-b420-0050569ac01d","controller":true,"blockOwnerDeletion":true}]},"spec":{"volumes":[{"name":"default-token-w6zvn","secret":{"secretName":"default-token-w6zvn","defaultMode":420}}],"initContainers":[{"name":"check-couchbase","image":"busybox","command":["sh","-c","timeout=0; while [[  $timeout -lt 90 ]]; do wget -q -O- -c http://couchbase-service:8091/ui/index.html \u003e /dev/null; if [ $? -ne 0 ]; then timeout=$(( timeout + 2 )); echo $timeout; else break; fi; done"],"resources":{},"volumeMounts":[{"name":"default-token-w6zvn","readOnly":true,"mountPath":"/var/run/secrets/kubernetes.io/serviceaccount"}],"terminationMessagePath":"/dev/termination-log","terminationMessagePolicy":"File","imagePullPolicy":"IfNotPresent","securityContext":{"capabilities":{"drop":["MKNOD"]}}},{"name":"create-bucket","image":"byrnedo/alpine-curl","command":["sh","-c","bucketName=com.amdocs.digital.ms.party.individual; auth=Administrator:Administrator; server=couchbase-service; curl -X DELETE -u $auth http://$server:8091//pools/default/buckets/default; curl --fail -X POST -u $auth -d name=$bucketName -d ramQuotaMB=100 -d authType=sasl http://$server:8091/pools/default/buckets; curl --fail -u $auth http://$server:8091/pools/default/buckets/$bucketName"],"resources":{},"volumeMounts":[{"name":"default-token-w6zvn","readOnly":true,"mountPath":"/var/run/secrets/kubernetes.io/serviceaccount"}],"terminationMessagePath":"/dev/termination-log","terminationMessagePolicy":"File","imagePullPolicy":"IfNotPresent","securityContext":{"capabilities":{"drop":["MKNOD"]}}},{"name":"create-primary-index","image":"byrnedo/alpine-curl","command":["sh","-c","bucketName=com.amdocs.digital.ms.party.individual; auth=Administrator:Administrator; server=couchbase-service; curl -X POST -v -u $auth http://$server:8093/query/service -d statement=create%20primary%20index%20on%20%60com.amdocs.digital.ms.party.individual%60"],"resources":{},"volumeMounts":[{"name":"default-token-w6zvn","readOnly":true,"mountPath":"/var/run/secrets/kubernetes.io/serviceaccount"}],"terminationMessagePath":"/dev/termination-log","terminationMessagePolicy":"File","imagePullPolicy":"IfNotPresent","securityContext":{"capabilities":{"drop":["MKNOD"]}}},{"name":"create-pi-relatedparty-index","image":"byrnedo/alpine-curl","command":["sh","-c","bucketName=com.amdocs.digital.ms.party.individual; auth=Administrator:Administrator; server=couchbase-service; curl -X POST -v -u $auth http://$server:8093/query/service -d statement='CREATE%20INDEX%20%60pi_idx_relatedPartyId%60%20ON%20%60com.amdocs.digital.ms.party.individual%60((all%20(array%20%5B(%60v%60.%60id%60)%5D%20for%20%60v%60%20in%20%60relatedParty%60%20end)))'"],"resources":{},"volumeMounts":[{"name":"default-token-w6zvn","readOnly":true,"mountPath":"/var/run/secrets/kubernetes.io/serviceaccount"}],"terminationMessagePath":"/dev/termination-log","terminationMessagePolicy":"File","imagePullPolicy":"IfNotPresent","securityContext":{"capabilities":{"drop":["MKNOD"]}}}],"containers":[{"name":"party-individual-service-container","image":"illin5564.corp.amdocs.com:5000/party-individual-service:0.1.0-1131","ports":[{"name":"http","containerPort":8080,"protocol":"TCP"},{"name":"jacoco","containerPort":6300,"protocol":"TCP"},{"name":"management","containerPort":18080,"protocol":"TCP"}],"env":[{"name":"KUBERNETES_NAMESPACE","valueFrom":{"fieldRef":{"apiVersion":"v1","fieldPath":"metadata.namespace"}}},{"name":"MSNEXT_JAVA_OPTS","value":"-Dloader.main=com.amdocs.msnext.boot.Boot -Xms1024m -Xmx1024m -XX:MaxRAM=2048m -XX:+UseSerialGC -Dcom.amdocs.msnext.securitya3s.url=http://10.238.196.188:30081/asmServices/services/v1.0"},{"name":"MSNEXT_MODULE_MGT_DISABLE","value":"msnext-customization"},{"name":"MANAGEMENT_PORT","value":"18080"},{"name":"MALLOC_ARENA_MAX","value":"4"},{"name":"SERVER_PORT","value":"8080"},{"name":"MSNEXT_JACOCO_ENABLE","value":"1"},{"name":"MSNEXT_JACOCO_OPTS","value":"output=tcpserver,address=*,port=6300"}],"resources":{"limits":{"cpu":"1","memory":"1536Mi"},"requests":{"cpu":"200m","memory":"1Gi"}},"volumeMounts":[{"name":"default-token-w6zvn","readOnly":true,"mountPath":"/var/run/secrets/kubernetes.io/serviceaccount"}],"livenessProbe":{"httpGet":{"path":"/health","port":18080,"scheme":"HTTP"},"initialDelaySeconds":900,"timeoutSeconds":10,"periodSeconds":10,"successThreshold":1,"failureThreshold":3},"readinessProbe":{"httpGet":{"path":"/health","port":18080,"scheme":"HTTP"},"initialDelaySeconds":180,"timeoutSeconds":10,"periodSeconds":10,"successThreshold":1,"failureThreshold":3},"terminationMessagePath":"/dev/termination-log","terminationMessagePolicy":"File","imagePullPolicy":"IfNotPresent","securityContext":{"capabilities":{"drop":["MKNOD"]},"privileged":false}}],"restartPolicy":"Always","terminationGracePeriodSeconds":30,"dnsPolicy":"ClusterFirst","nodeSelector":{"region":"work"},"serviceAccountName":"default","serviceAccount":"default","nodeName":"ilocpde01w04.corp.amdocs.com","securityContext":{"seLinuxOptions":{"level":"s0:c15,c10"}},"imagePullSecrets":[{"name":"party-individual-ms-secret"}],"schedulerName":"default-scheduler","tolerations":[{"key":"node.kubernetes.io/memory-pressure","operator":"Exists","effect":"NoSchedule"}]},"status":{"phase":"Running","conditions":[{"type":"Initialized","status":"True","lastProbeTime":null,"lastTransitionTime":"2018-08-30T05:42:41Z"},{"type":"Ready","status":"True","lastProbeTime":null,"lastTransitionTime":"2018-09-15T19:55:06Z"},{"type":"PodScheduled","status":"True","lastProbeTime":null,"lastTransitionTime":"2018-08-30T05:42:35Z"}],"hostIP":"10.245.250.23","podIP":"10.128.18.203","startTime":"2018-08-30T05:42:35Z","initContainerStatuses":[{"name":"check-couchbase","state":{"terminated":{"exitCode":0,"reason":"Completed","startedAt":"2018-08-31T07:16:03Z","finishedAt":"2018-08-31T07:16:03Z","containerID":"docker://04c3ae0b6cb8171022a7e0e70ff54327115d8c5b8bafe56b6739b938b37de517"}},"lastState":{},"ready":true,"restartCount":1,"image":"docker.io/busybox:latest","imageID":"docker-pullable://docker.io/busybox@sha256:58ac43b2cc92c687a32c8be6278e50a063579655fe3090125dcb2af0ff9e1a64","containerID":"docker://04c3ae0b6cb8171022a7e0e70ff54327115d8c5b8bafe56b6739b938b37de517"},{"name":"create-bucket","state":{"terminated":{"exitCode":0,"reason":"Completed","startedAt":"2018-08-31T07:16:19Z","finishedAt":"2018-08-31T07:16:20Z","containerID":"docker://bfe3aa309cdf6d149e3dbb9988d39818bd86f9e790340c4f134902e1a9f8650e"}},"lastState":{},"ready":true,"restartCount":0,"image":"docker.io/byrnedo/alpine-curl:latest","imageID":"docker-pullable://docker.io/byrnedo/alpine-curl@sha256:00c64bda2814f95a13ad6a46d6de487dc88f424f2b1f6c62c6dfce36701fe516","containerID":"docker://bfe3aa309cdf6d149e3dbb9988d39818bd86f9e790340c4f134902e1a9f8650e"},{"name":"create-primary-index","state":{"terminated":{"exitCode":0,"reason":"Completed","startedAt":"2018-08-31T07:21:05Z","finishedAt":"2018-08-31T07:21:08Z","containerID":"docker://3fcc48cce14f722b66db138a22cd2d3c61c229d11f0a857503e7cba12329723b"}},"lastState":{},"ready":true,"restartCount":0,"image":"docker.io/byrnedo/alpine-curl:latest","imageID":"docker-pullable://docker.io/byrnedo/alpine-curl@sha256:00c64bda2814f95a13ad6a46d6de487dc88f424f2b1f6c62c6dfce36701fe516","containerID":"docker://3fcc48cce14f722b66db138a22cd2d3c61c229d11f0a857503e7cba12329723b"},{"name":"create-pi-relatedparty-index","state":{"terminated":{"exitCode":0,"reason":"Completed","startedAt":"2018-08-31T07:21:21Z","finishedAt":"2018-08-31T07:21:24Z","containerID":"docker://bb1a73bf2511f671c8769700cdb1366241b7ff0480a8536c5f3d28bd05543d1f"}},"lastState":{},"ready":true,"restartCount":0,"image":"docker.io/byrnedo/alpine-curl:latest","imageID":"docker-pullable://docker.io/byrnedo/alpine-curl@sha256:00c64bda2814f95a13ad6a46d6de487dc88f424f2b1f6c62c6dfce36701fe516","containerID":"docker://bb1a73bf2511f671c8769700cdb1366241b7ff0480a8536c5f3d28bd05543d1f"}],"containerStatuses":[{"name":"party-individual-service-container","state":{"running":{"startedAt":"2018-09-15T19:52:00Z"}},"lastState":{"terminated":{"exitCode":143,"reason":"Error","startedAt":"2018-08-31T07:22:05Z","finishedAt":"2018-09-15T19:52:00Z","containerID":"docker://cfd83b00d540b77d60aac68e24fa2e3e1082fac790eee8752fd6972f75c02872"}},"ready":true,"restartCount":2,"image":"illin5564.corp.amdocs.com:5000/party-individual-service:0.1.0-1131","imageID":"docker-pullable://illin5564.corp.amdocs.com:5000/party-individual-service@sha256:ecca5d528b4f51cf8bb5e738a804fdddea3e29d0958eea81a4e95a91ee391c97","containerID":"docker://28d464b8607c2862c701d653adc86271d0b65144d4126c3325302ed0cb54bd16"}],"qosClass":"Burstable"}},{"metadata":{"name":"partyinteraction-attachm-224494318-lmmhf","generateName":"partyinteraction-attachm-224494318-","namespace":"care-for-openshift-testing","selfLink":"/api/v1/namespaces/care-for-openshift-testing/pods/partyinteraction-attachm-224494318-lmmhf","uid":"7f7fc59a-ac17-11e8-bb86-0050569a887c","resourceVersion":"57316544","creationTimestamp":"2018-08-30T05:42:35Z","labels":{"microservice":"partyinteraction-attachm","pod-template-hash":"224494318","project":"partyinteraction-attachment-exe","provider":"amdocs","release":"partyinteraction-attachment"},"annotations":{"fabric8.io/iconUrl":"img/icons/spring-boot.svg","openshift.io/scc":"anyuid-no-ps"},"ownerReferences":[{"apiVersion":"extensions/v1beta1","kind":"ReplicaSet","name":"partyinteraction-attachm-224494318","uid":"1ae034e9-79fb-11e8-b420-0050569ac01d","controller":true,"blockOwnerDeletion":true}]},"spec":{"volumes":[{"name":"default-token-w6zvn","secret":{"secretName":"default-token-w6zvn","defaultMode":420}}],"initContainers":[{"name":"check-couchbase","image":"busybox","command":["sh","-c","timeout=0; while [[  $timeout -lt 90 ]]; do wget -q -O- -c http://couchbase-service:8091/ui/index.html \u003e /dev/null; if [ $? -ne 0 ]; then timeout=$(( timeout + 2 )); echo $timeout; else break; fi; done"],"resources":{},"volumeMounts":[{"name":"default-token-w6zvn","readOnly":true,"mountPath":"/var/run/secrets/kubernetes.io/serviceaccount"}],"terminationMessagePath":"/dev/termination-log","terminationMessagePolicy":"File","imagePullPolicy":"IfNotPresent","securityContext":{"capabilities":{"drop":["MKNOD"]}}},{"name":"create-bucket","image":"byrnedo/alpine-curl","command":["sh","-c","bucketName=com.amdocs.digital.ms.partyinteraction.attachment; auth=Administrator:Administrator; server=couchbase-service; curl -X DELETE -u $auth http://$server:8091//pools/default/buckets/default; curl --fail -X POST -u $auth -d name=$bucketName -d ramQuotaMB=100 -d authType=sasl http://$server:8091/pools/default/buckets; curl --fail -u $auth http://$server:8091/pools/default/buckets/$bucketName"],"resources":{},"volumeMounts":[{"name":"default-token-w6zvn","readOnly":true,"mountPath":"/var/run/secrets/kubernetes.io/serviceaccount"}],"terminationMessagePath":"/dev/termination-log","terminationMessagePolicy":"File","imagePullPolicy":"IfNotPresent","securityContext":{"capabilities":{"drop":["MKNOD"]}}},{"name":"create-primary-index","image":"byrnedo/alpine-curl","command":["sh","-c","bucketName=com.amdocs.digital.ms.partyinteraction.attachment; auth=Administrator:Administrator; server=couchbase-service; curl -X POST -v -u $auth http://$server:8093/query/service -d statement=create%20primary%20index%20on%20%60com.amdocs.digital.ms.partyinteraction.attachment%60"],"resources":{},"volumeMounts":[{"name":"default-token-w6zvn","readOnly":true,"mountPath":"/var/run/secrets/kubernetes.io/serviceaccount"}],"terminationMessagePath":"/dev/termination-log","terminationMessagePolicy":"File","imagePullPolicy":"IfNotPresent","securityContext":{"capabilities":{"drop":["MKNOD"]}}}],"containers":[{"name":"partyinteraction-attachment-service-container","image":"illin5564.corp.amdocs.com:5000/partyinteraction-attachment-service:0.1.0-0088","ports":[{"name":"http","containerPort":8080,"protocol":"TCP"},{"name":"jacoco","containerPort":6300,"protocol":"TCP"},{"name":"management","containerPort":18080,"protocol":"TCP"}],"env":[{"name":"KUBERNETES_NAMESPACE","valueFrom":{"fieldRef":{"apiVersion":"v1","fieldPath":"metadata.namespace"}}},{"name":"MSNEXT_JAVA_OPTS","value":"-Dloader.main=com.amdocs.msnext.boot.Boot -Xms1024m -Xmx1024m -XX:MaxRAM=2048m -XX:+UseSerialGC -Dcom.amdocs.msnext.securitya3s.url=http://10.238.196.188:30081/asmServices/services/v1.0"},{"name":"MSNEXT_MODULE_MGT_DISABLE","value":"msnext-customization"},{"name":"MANAGEMENT_PORT","value":"18080"},{"name":"SERVER_PORT","value":"8080"},{"name":"MSNEXT_JACOCO_ENABLE","value":"1"},{"name":"MSNEXT_JACOCO_OPTS","value":"output=tcpserver,address=*,port=6300"}],"resources":{},"volumeMounts":[{"name":"default-token-w6zvn","readOnly":true,"mountPath":"/var/run/secrets/kubernetes.io/serviceaccount"}],"livenessProbe":{"httpGet":{"path":"/health","port":18080,"scheme":"HTTP"},"initialDelaySeconds":900,"timeoutSeconds":10,"periodSeconds":10,"successThreshold":1,"failureThreshold":3},"readinessProbe":{"httpGet":{"path":"/health","port":18080,"scheme":"HTTP"},"initialDelaySeconds":180,"timeoutSeconds":10,"periodSeconds":10,"successThreshold":1,"failureThreshold":3},"terminationMessagePath":"/dev/termination-log","terminationMessagePolicy":"File","imagePullPolicy":"IfNotPresent","securityContext":{"capabilities":{"drop":["MKNOD"]},"privileged":false}}],"restartPolicy":"Always","terminationGracePeriodSeconds":30,"dnsPolicy":"ClusterFirst","nodeSelector":{"region":"work"},"serviceAccountName":"default","serviceAccount":"default","nodeName":"ilocpde01w27.corp.amdocs.com","securityContext":{"seLinuxOptions":{"level":"s0:c15,c10"}},"imagePullSecrets":[{"name":"partyinteraction-attachment-ms-secret"}],"schedulerName":"default-scheduler"},"status":{"phase":"Running","conditions":[{"type":"Initialized","status":"True","lastProbeTime":null,"lastTransitionTime":"2018-08-30T05:42:41Z"},{"type":"Ready","status":"True","lastProbeTime":null,"lastTransitionTime":"2018-09-01T22:05:30Z"},{"type":"PodScheduled","status":"True","lastProbeTime":null,"lastTransitionTime":"2018-08-30T05:42:35Z"}],"hostIP":"10.245.251.168","podIP":"10.128.64.98","startTime":"2018-08-30T05:42:35Z","initContainerStatuses":[{"name":"check-couchbase","state":{"terminated":{"exitCode":0,"reason":"Completed","startedAt":"2018-08-30T05:42:38Z","finishedAt":"2018-08-30T05:42:38Z","containerID":"docker://6941674a280d5d26e46a615f8bc19e119e9e090715ca7c5c1458610053a49a7b"}},"lastState":{},"ready":true,"restartCount":0,"image":"docker.io/busybox:latest","imageID":"docker-pullable://docker.io/busybox@sha256:141c253bc4c3fd0a201d32dc1f493bcf3fff003b6df416dea4f41046e0f37d47","containerID":"docker://6941674a280d5d26e46a615f8bc19e119e9e090715ca7c5c1458610053a49a7b"},{"name":"create-bucket","state":{"terminated":{"exitCode":0,"reason":"Completed","startedAt":"2018-08-30T05:42:39Z","finishedAt":"2018-08-30T05:42:39Z","containerID":"docker://6e678eddca1ff929dc2c9fa8b3dae160222682d16be1431d23178c6dcdf26d7b"}},"lastState":{},"ready":true,"restartCount":0,"image":"docker.io/byrnedo/alpine-curl:latest","imageID":"docker-pullable://docker.io/byrnedo/alpine-curl@sha256:00c64bda2814f95a13ad6a46d6de487dc88f424f2b1f6c62c6dfce36701fe516","containerID":"docker://6e678eddca1ff929dc2c9fa8b3dae160222682d16be1431d23178c6dcdf26d7b"},{"name":"create-primary-index","state":{"terminated":{"exitCode":0,"reason":"Completed","startedAt":"2018-08-30T05:42:40Z","finishedAt":"2018-08-30T05:42:40Z","containerID":"docker://4d9eacaf6c22053c1ed543003aa9ff5ee293f07630b4bd7b671a4775739d2659"}},"lastState":{},"ready":true,"restartCount":0,"image":"docker.io/byrnedo/alpine-curl:latest","imageID":"docker-pullable://docker.io/byrnedo/alpine-curl@sha256:00c64bda2814f95a13ad6a46d6de487dc88f424f2b1f6c62c6dfce36701fe516","containerID":"docker://4d9eacaf6c22053c1ed543003aa9ff5ee293f07630b4bd7b671a4775739d2659"}],"containerStatuses":[{"name":"partyinteraction-attachment-service-container","state":{"running":{"startedAt":"2018-09-01T22:02:22Z"}},"lastState":{"terminated":{"exitCode":143,"reason":"Error","startedAt":"2018-08-30T05:42:44Z","finishedAt":"2018-09-01T22:02:22Z","containerID":"docker://dee426bc20750854ed2153a832c6281e6424019d0bee2651f56a26f56ea8b052"}},"ready":true,"restartCount":1,"image":"illin5564.corp.amdocs.com:5000/partyinteraction-attachment-service:0.1.0-0088","imageID":"docker-pullable://illin5564.corp.amdocs.com:5000/partyinteraction-attachment-service@sha256:b9a480acc085ef6d3c864f157d7816532eb4e050b8998dc94c0bca266205137f","containerID":"docker://a5bc1672e2ba8471a2db767e7bb42c517495166a21ce910f12243f198b1bd957"}],"qosClass":"BestEffort"}},{"metadata":{"name":"partyinteraction-partyin-3901781152-rjxq5","generateName":"partyinteraction-partyin-3901781152-","namespace":"care-for-openshift-testing","selfLink":"/api/v1/namespaces/care-for-openshift-testing/pods/partyinteraction-partyin-3901781152-rjxq5","uid":"7fbc4e84-ac17-11e8-bb86-0050569a887c","resourceVersion":"55369064","creationTimestamp":"2018-08-30T05:42:36Z","labels":{"microservice":"partyinteraction-partyin","pod-template-hash":"3901781152","project":"partyinteraction-partyinteraction-exe","provider":"amdocs","release":"partyinteraction-partyinteraction"},"annotations":{"fabric8.io/iconUrl":"img/icons/spring-boot.svg","openshift.io/scc":"anyuid-no-ps"},"ownerReferences":[{"apiVersion":"extensions/v1beta1","kind":"ReplicaSet","name":"partyinteraction-partyin-3901781152","uid":"108dd124-79fb-11e8-b420-0050569ac01d","controller":true,"blockOwnerDeletion":true}]},"spec":{"volumes":[{"name":"default-token-w6zvn","secret":{"secretName":"default-token-w6zvn","defaultMode":420}}],"initContainers":[{"name":"check-couchbase","image":"busybox","command":["sh","-c","timeout=0; while [[  $timeout -lt 90 ]]; do wget -q -O- -c http://couchbase-service:8091/ui/index.html \u003e /dev/null; if [ $? -ne 0 ]; then timeout=$(( timeout + 2 )); echo $timeout; else break; fi; done"],"resources":{},"volumeMounts":[{"name":"default-token-w6zvn","readOnly":true,"mountPath":"/var/run/secrets/kubernetes.io/serviceaccount"}],"terminationMessagePath":"/dev/termination-log","terminationMessagePolicy":"File","imagePullPolicy":"IfNotPresent","securityContext":{"capabilities":{"drop":["MKNOD"]}}},{"name":"create-bucket","image":"byrnedo/alpine-curl","command":["sh","-c","bucketName=com.amdocs.digital.ms.partyinteraction.partyinteraction; auth=Administrator:Administrator; server=couchbase-service; curl -X DELETE -u $auth http://$server:8091//pools/default/buckets/default; curl --fail -X POST -u $auth -d name=$bucketName -d ramQuotaMB=100 -d authType=sasl http://$server:8091/pools/default/buckets; curl --fail -u $auth http://$server:8091/pools/default/buckets/$bucketName"],"resources":{},"volumeMounts":[{"name":"default-token-w6zvn","readOnly":true,"mountPath":"/var/run/secrets/kubernetes.io/serviceaccount"}],"terminationMessagePath":"/dev/termination-log","terminationMessagePolicy":"File","imagePullPolicy":"IfNotPresent","securityContext":{"capabilities":{"drop":["MKNOD"]}}},{"name":"create-primary-index","image":"byrnedo/alpine-curl","command":["sh","-c","bucketName=com.amdocs.digital.ms.partyinteraction.partyinteraction; auth=Administrator:Administrator; server=couchbase-service; curl -X POST -v -u $auth http://$server:8093/query/service -d statement=create%20primary%20index%20on%20%60com.amdocs.digital.ms.partyinteraction.partyinteraction%60"],"resources":{},"volumeMounts":[{"name":"default-token-w6zvn","readOnly":true,"mountPath":"/var/run/secrets/kubernetes.io/serviceaccount"}],"terminationMessagePath":"/dev/termination-log","terminationMessagePolicy":"File","imagePullPolicy":"IfNotPresent","securityContext":{"capabilities":{"drop":["MKNOD"]}}}],"containers":[{"name":"partyinteraction-partyinteraction-service-container","image":"illin5564.corp.amdocs.com:5000/partyinteraction-partyinteraction-service:0.1.0-0184","ports":[{"name":"http","containerPort":8080,"protocol":"TCP"},{"name":"jacoco","containerPort":6300,"protocol":"TCP"},{"name":"management","containerPort":18080,"protocol":"TCP"}],"env":[{"name":"KUBERNETES_NAMESPACE","valueFrom":{"fieldRef":{"apiVersion":"v1","fieldPath":"metadata.namespace"}}},{"name":"MSNEXT_JAVA_OPTS","value":"-Dloader.main=com.amdocs.msnext.boot.Boot -Xms1024m -Xmx1024m -XX:MaxRAM=2048m -XX:+UseSerialGC -Dcom.amdocs.msnext.securitya3s.url=http://10.238.196.188:30081/asmServices/services/v1.0"},{"name":"MSNEXT_MODULE_MGT_DISABLE","value":"msnext-customization"},{"name":"MANAGEMENT_PORT","value":"18080"},{"name":"SERVER_PORT","value":"8080"},{"name":"MSNEXT_JACOCO_ENABLE","value":"1"},{"name":"MSNEXT_JACOCO_OPTS","value":"output=tcpserver,address=*,port=6300"}],"resources":{},"volumeMounts":[{"name":"default-token-w6zvn","readOnly":true,"mountPath":"/var/run/secrets/kubernetes.io/serviceaccount"}],"livenessProbe":{"httpGet":{"path":"/health","port":18080,"scheme":"HTTP"},"initialDelaySeconds":900,"timeoutSeconds":10,"periodSeconds":10,"successThreshold":1,"failureThreshold":3},"readinessProbe":{"httpGet":{"path":"/health","port":18080,"scheme":"HTTP"},"initialDelaySeconds":180,"timeoutSeconds":10,"periodSeconds":10,"successThreshold":1,"failureThreshold":3},"terminationMessagePath":"/dev/termination-log","terminationMessagePolicy":"File","imagePullPolicy":"IfNotPresent","securityContext":{"capabilities":{"drop":["MKNOD"]},"privileged":false}}],"restartPolicy":"Always","terminationGracePeriodSeconds":30,"dnsPolicy":"ClusterFirst","nodeSelector":{"region":"work"},"serviceAccountName":"default","serviceAccount":"default","nodeName":"ilocpde01w26.corp.amdocs.com","securityContext":{"seLinuxOptions":{"level":"s0:c15,c10"}},"imagePullSecrets":[{"name":"partyinteraction-partyinteraction-ms-secret"}],"schedulerName":"default-scheduler"},"status":{"phase":"Running","conditions":[{"type":"Initialized","status":"True","lastProbeTime":null,"lastTransitionTime":"2018-08-30T05:42:57Z"},{"type":"Ready","status":"True","lastProbeTime":null,"lastTransitionTime":"2018-08-30T05:46:01Z"},{"type":"PodScheduled","status":"True","lastProbeTime":null,"lastTransitionTime":"2018-08-30T05:42:36Z"}],"hostIP":"10.245.251.167","podIP":"10.128.60.253","startTime":"2018-08-30T05:42:36Z","initContainerStatuses":[{"name":"check-couchbase","state":{"terminated":{"exitCode":0,"reason":"Completed","startedAt":"2018-08-30T05:42:38Z","finishedAt":"2018-08-30T05:42:38Z","containerID":"docker://80f976f0bdf6cf0b4aedbb7af3086450922a170a4df7b351918ee25f78cdcb01"}},"lastState":{},"ready":true,"restartCount":0,"image":"docker.io/busybox:latest","imageID":"docker-pullable://docker.io/busybox@sha256:141c253bc4c3fd0a201d32dc1f493bcf3fff003b6df416dea4f41046e0f37d47","containerID":"docker://80f976f0bdf6cf0b4aedbb7af3086450922a170a4df7b351918ee25f78cdcb01"},{"name":"create-bucket","state":{"terminated":{"exitCode":0,"reason":"Completed","startedAt":"2018-08-30T05:42:55Z","finishedAt":"2018-08-30T05:42:55Z","containerID":"docker://36ccb6ba85ba070118730e520a6e8e610cfbc7fe4ae15b197e9b88eff3ad6520"}},"lastState":{},"ready":true,"restartCount":0,"image":"docker.io/byrnedo/alpine-curl:latest","imageID":"docker-pullable://docker.io/byrnedo/alpine-curl@sha256:e8cf497b3005c2f66c8411f814f3818ecd683dfea45267ebfb4918088a26a18c","containerID":"docker://36ccb6ba85ba070118730e520a6e8e610cfbc7fe4ae15b197e9b88eff3ad6520"},{"name":"create-primary-index","state":{"terminated":{"exitCode":0,"reason":"Completed","startedAt":"2018-08-30T05:42:57Z","finishedAt":"2018-08-30T05:42:57Z","containerID":"docker://3f62808876f9965030845f970139c72105fc4c5f0bd957261e142850ccf68177"}},"lastState":{},"ready":true,"restartCount":0,"image":"docker.io/byrnedo/alpine-curl:latest","imageID":"docker-pullable://docker.io/byrnedo/alpine-curl@sha256:e8cf497b3005c2f66c8411f814f3818ecd683dfea45267ebfb4918088a26a18c","containerID":"docker://3f62808876f9965030845f970139c72105fc4c5f0bd957261e142850ccf68177"}],"containerStatuses":[{"name":"partyinteraction-partyinteraction-service-container","state":{"running":{"startedAt":"2018-08-30T05:43:00Z"}},"lastState":{},"ready":true,"restartCount":0,"image":"illin5564.corp.amdocs.com:5000/partyinteraction-partyinteraction-service:0.1.0-0184","imageID":"docker-pullable://illin5564.corp.amdocs.com:5000/partyinteraction-partyinteraction-service@sha256:875a6fabee840966d4f442924d60e2cd7143fd002d94297934adbbe2ce337af3","containerID":"docker://f73c7e92ab58b922be46fb8c6fd03a2ef36e28adf3c7842ba104c35ee4027d24"}],"qosClass":"BestEffort"}},{"metadata":{"name":"paymentmethod-paymentmet-360350773-c9qb8","generateName":"paymentmethod-paymentmet-360350773-","namespace":"care-for-openshift-testing","selfLink":"/api/v1/namespaces/care-for-openshift-testing/pods/paymentmethod-paymentmet-360350773-c9qb8","uid":"7ff9343d-ac17-11e8-bb86-0050569a887c","resourceVersion":"69445335","creationTimestamp":"2018-08-30T05:42:36Z","labels":{"microservice":"paymentmethod-paymentmet","pod-template-hash":"360350773","project":"paymentmethod-paymentmethod-exe","provider":"amdocs","release":"paymentmethod-paymentmethod"},"annotations":{"fabric8.io/iconUrl":"img/icons/spring-boot.svg","openshift.io/scc":"anyuid-no-ps"},"ownerReferences":[{"apiVersion":"extensions/v1beta1","kind":"ReplicaSet","name":"paymentmethod-paymentmet-360350773","uid":"37b8945a-79fb-11e8-b420-0050569ac01d","controller":true,"blockOwnerDeletion":true}]},"spec":{"volumes":[{"name":"default-token-w6zvn","secret":{"secretName":"default-token-w6zvn","defaultMode":420}}],"initContainers":[{"name":"check-couchbase","image":"busybox","command":["sh","-c","timeout=0; while [[  $timeout -lt 90 ]]; do wget -q -O- -c http://couchbase-service:8091/ui/index.html \u003e /dev/null; if [ $? -ne 0 ]; then timeout=$(( timeout + 2 )); echo $timeout; else break; fi; done"],"resources":{},"volumeMounts":[{"name":"default-token-w6zvn","readOnly":true,"mountPath":"/var/run/secrets/kubernetes.io/serviceaccount"}],"terminationMessagePath":"/dev/termination-log","terminationMessagePolicy":"File","imagePullPolicy":"IfNotPresent","securityContext":{"capabilities":{"drop":["MKNOD"]}}},{"name":"create-bucket","image":"byrnedo/alpine-curl","command":["sh","-c","bucketName=com.amdocs.digital.ms.paymentmethod.paymentmethod; auth=Administrator:Administrator; server=couchbase-service; curl -X DELETE -u $auth http://$server:8091//pools/default/buckets/default; curl --fail -X POST -u $auth -d name=$bucketName -d ramQuotaMB=100 -d authType=sasl http://$server:8091/pools/default/buckets; curl --fail -u $auth http://$server:8091/pools/default/buckets/$bucketName"],"resources":{},"volumeMounts":[{"name":"default-token-w6zvn","readOnly":true,"mountPath":"/var/run/secrets/kubernetes.io/serviceaccount"}],"terminationMessagePath":"/dev/termination-log","terminationMessagePolicy":"File","imagePullPolicy":"IfNotPresent","securityContext":{"capabilities":{"drop":["MKNOD"]}}},{"name":"create-primary-index","image":"byrnedo/alpine-curl","command":["sh","-c","bucketName=com.amdocs.digital.ms.paymentmethod.paymentmethod; auth=Administrator:Administrator; server=couchbase-service; curl -X POST -v -u $auth http://$server:8093/query/service -d statement=create%20primary%20index%20on%20%60com.amdocs.digital.ms.paymentmethod.paymentmethod%60"],"resources":{},"volumeMounts":[{"name":"default-token-w6zvn","readOnly":true,"mountPath":"/var/run/secrets/kubernetes.io/serviceaccount"}],"terminationMessagePath":"/dev/termination-log","terminationMessagePolicy":"File","imagePullPolicy":"IfNotPresent","securityContext":{"capabilities":{"drop":["MKNOD"]}}},{"name":"create-pm-relatedpartyid-index","image":"byrnedo/alpine-curl","command":["sh","-c","bucketName=com.amdocs.digital.ms.paymentmethod.paymentmethod; auth=Administrator:Administrator; server=couchbase-service; curl -X POST -v -u $auth http://$server:8093/query/service -d statement='CREATE%20INDEX%20%60pm_idx_relatedPartyId%60%20ON%20%60com.amdocs.digital.ms.paymentmethod.paymentmethod%60((%60relatedParty%60.%60id%60))'"],"resources":{},"volumeMounts":[{"name":"default-token-w6zvn","readOnly":true,"mountPath":"/var/run/secrets/kubernetes.io/serviceaccount"}],"terminationMessagePath":"/dev/termination-log","terminationMessagePolicy":"File","imagePullPolicy":"IfNotPresent","securityContext":{"capabilities":{"drop":["MKNOD"]}}}],"containers":[{"name":"paymentmethod-paymentmethod-service-container","image":"illin5564.corp.amdocs.com:5000/paymentmethod-paymentmethod-service:0.1.0-0107","ports":[{"name":"http","containerPort":8080,"protocol":"TCP"},{"name":"jacoco","containerPort":6300,"protocol":"TCP"},{"name":"management","containerPort":18080,"protocol":"TCP"}],"env":[{"name":"KUBERNETES_NAMESPACE","valueFrom":{"fieldRef":{"apiVersion":"v1","fieldPath":"metadata.namespace"}}},{"name":"MSNEXT_JAVA_OPTS","value":"-Dloader.main=com.amdocs.msnext.boot.Boot -Xms1024m -Xmx1024m -XX:MaxRAM=2048m -XX:+UseSerialGC -Dcom.amdocs.msnext.securitya3s.url=http://10.238.196.188:30081/asmServices/services/v1.0"},{"name":"MSNEXT_MODULE_MGT_DISABLE","value":"msnext-customization"},{"name":"MANAGEMENT_PORT","value":"18080"},{"name":"MALLOC_ARENA_MAX","value":"4"},{"name":"SERVER_PORT","value":"8080"},{"name":"MSNEXT_JACOCO_ENABLE","value":"1"},{"name":"MSNEXT_JACOCO_OPTS","value":"output=tcpserver,address=*,port=6300"}],"resources":{"limits":{"cpu":"1","memory":"1536Mi"},"requests":{"cpu":"200m","memory":"1Gi"}},"volumeMounts":[{"name":"default-token-w6zvn","readOnly":true,"mountPath":"/var/run/secrets/kubernetes.io/serviceaccount"}],"livenessProbe":{"httpGet":{"path":"/health","port":18080,"scheme":"HTTP"},"initialDelaySeconds":900,"timeoutSeconds":10,"periodSeconds":10,"successThreshold":1,"failureThreshold":3},"readinessProbe":{"httpGet":{"path":"/health","port":18080,"scheme":"HTTP"},"initialDelaySeconds":180,"timeoutSeconds":10,"periodSeconds":10,"successThreshold":1,"failureThreshold":3},"terminationMessagePath":"/dev/termination-log","terminationMessagePolicy":"File","imagePullPolicy":"IfNotPresent","securityContext":{"capabilities":{"drop":["MKNOD"]},"privileged":false}}],"restartPolicy":"Always","terminationGracePeriodSeconds":30,"dnsPolicy":"ClusterFirst","nodeSelector":{"region":"work"},"serviceAccountName":"default","serviceAccount":"default","nodeName":"ilocpde01w16.corp.amdocs.com","securityContext":{"seLinuxOptions":{"level":"s0:c15,c10"}},"imagePullSecrets":[{"name":"paymentmethod-paymentmethod-ms-secret"}],"schedulerName":"default-scheduler","tolerations":[{"key":"node.kubernetes.io/memory-pressure","operator":"Exists","effect":"NoSchedule"}]},"status":{"phase":"Running","conditions":[{"type":"Initialized","status":"True","lastProbeTime":null,"lastTransitionTime":"2018-08-30T05:42:44Z"},{"type":"Ready","status":"True","lastProbeTime":null,"lastTransitionTime":"2018-09-16T12:56:02Z"},{"type":"PodScheduled","status":"True","lastProbeTime":null,"lastTransitionTime":"2018-08-30T05:42:36Z"}],"podIP":"10.128.42.146","startTime":"2018-08-30T05:42:36Z","initContainerStatuses":[{"name":"check-couchbase","state":{"terminated":{"exitCode":0,"reason":"Completed","startedAt":"2018-08-30T05:42:38Z","finishedAt":"2018-08-30T05:42:39Z","containerID":"docker://27fc2a261488b52ed8978e4131c97c7753e9265ed3b7d116077261d83304b557"}},"lastState":{},"ready":true,"restartCount":0,"image":"docker.io/busybox:latest","imageID":"docker-pullable://docker.io/busybox@sha256:141c253bc4c3fd0a201d32dc1f493bcf3fff003b6df416dea4f41046e0f37d47","containerID":"docker://27fc2a261488b52ed8978e4131c97c7753e9265ed3b7d116077261d83304b557"},{"name":"create-bucket","state":{"terminated":{"exitCode":0,"reason":"Completed","startedAt":"2018-08-30T05:42:40Z","finishedAt":"2018-08-30T05:42:40Z","containerID":"docker://7ac59acff8f6833c8100f0ec72d13c2e4d11ed79c0685e4813de1b3525805648"}},"lastState":{},"ready":true,"restartCount":0,"image":"docker.io/byrnedo/alpine-curl:latest","imageID":"docker-pullable://docker.io/byrnedo/alpine-curl@sha256:00c64bda2814f95a13ad6a46d6de487dc88f424f2b1f6c62c6dfce36701fe516","containerID":"docker://7ac59acff8f6833c8100f0ec72d13c2e4d11ed79c0685e4813de1b3525805648"},{"name":"create-primary-index","state":{"terminated":{"exitCode":0,"reason":"Completed","startedAt":"2018-08-30T05:42:41Z","finishedAt":"2018-08-30T05:42:41Z","containerID":"docker://cbcba2298c744f61a79bb7f823f26177f469e74aafa2ef277b707326d515312b"}},"lastState":{},"ready":true,"restartCount":0,"image":"docker.io/byrnedo/alpine-curl:latest","imageID":"docker-pullable://docker.io/byrnedo/alpine-curl@sha256:00c64bda2814f95a13ad6a46d6de487dc88f424f2b1f6c62c6dfce36701fe516","containerID":"docker://cbcba2298c744f61a79bb7f823f26177f469e74aafa2ef277b707326d515312b"},{"name":"create-pm-relatedpartyid-index","state":{"terminated":{"exitCode":0,"reason":"Completed","startedAt":"2018-08-30T05:42:42Z","finishedAt":"2018-08-30T05:42:43Z","containerID":"docker://a465938f59cbe210bd1af4f17c595b291393fb0c1fc9cd236b85ab1c078b1858"}},"lastState":{},"ready":true,"restartCount":0,"image":"docker.io/byrnedo/alpine-curl:latest","imageID":"docker-pullable://docker.io/byrnedo/alpine-curl@sha256:00c64bda2814f95a13ad6a46d6de487dc88f424f2b1f6c62c6dfce36701fe516","containerID":"docker://a465938f59cbe210bd1af4f17c595b291393fb0c1fc9cd236b85ab1c078b1858"}],"containerStatuses":[{"name":"paymentmethod-paymentmethod-service-container","state":{"running":{"startedAt":"2018-09-16T12:52:55Z"}},"lastState":{"terminated":{"exitCode":137,"reason":"OOMKilled","startedAt":"2018-09-14T13:20:24Z","finishedAt":"2018-09-16T12:52:53Z","containerID":"docker://dcf5cd38f43d734eedf83e63998a2f1879006a9673d07930edc6531897873d50"}},"ready":true,"restartCount":5,"image":"illin5564.corp.amdocs.com:5000/paymentmethod-paymentmethod-service:0.1.0-0107","imageID":"docker-pullable://illin5564.corp.amdocs.com:5000/paymentmethod-paymentmethod-service@sha256:0d0145b4da129dd1310ddc44a1c708fc4c0577e114c1af9782cb0456ba6aac27","containerID":"docker://6536c744459a8011cda51c1d605529442fc41f2866236d2accdf9c58f274fa6a"}],"qosClass":"Burstable"}},{"metadata":{"name":"scheduler-task-scheduler-2436803184-c9m6b","generateName":"scheduler-task-scheduler-2436803184-","namespace":"care-for-openshift-testing","selfLink":"/api/v1/namespaces/care-for-openshift-testing/pods/scheduler-task-scheduler-2436803184-c9m6b","uid":"80363568-ac17-11e8-bb86-0050569a887c","resourceVersion":"68367854","creationTimestamp":"2018-08-30T05:42:37Z","labels":{"app":"scheduler-task-scheduler","microservice":"scheduler-task","pod-template-hash":"2436803184","project":"scheduler-task","provider":"amdocs","release":"scheduler-task"},"annotations":{"fabric8.io/iconUrl":"img/icons/spring-boot.svg","openshift.io/scc":"anyuid-no-ps"},"ownerReferences":[{"apiVersion":"extensions/v1beta1","kind":"ReplicaSet","name":"scheduler-task-scheduler-2436803184","uid":"60040991-79fb-11e8-b420-0050569ac01d","controller":true,"blockOwnerDeletion":true}]},"spec":{"volumes":[{"name":"default-token-w6zvn","secret":{"secretName":"default-token-w6zvn","defaultMode":420}}],"initContainers":[{"name":"check-couchbase","image":"busybox","command":["sh","-c","timeout=0; while [[  $timeout -lt 90 ]]; do wget -q -O- -c http://couchbase-service:8091/ui/index.html \u003e /dev/null; if [ $? -ne 0 ]; then timeout=$(( timeout + 2 )); echo $timeout; else break; fi; done"],"resources":{},"volumeMounts":[{"name":"default-token-w6zvn","readOnly":true,"mountPath":"/var/run/secrets/kubernetes.io/serviceaccount"}],"terminationMessagePath":"/dev/termination-log","terminationMessagePolicy":"File","imagePullPolicy":"IfNotPresent","securityContext":{"capabilities":{"drop":["MKNOD"]}}},{"name":"create-bucket","image":"byrnedo/alpine-curl","command":["sh","-c","bucketName=com.amdocs.digital.ms.scheduler.task; auth=Administrator:Administrator; server=couchbase-service; curl --fail -X POST -u $auth -d name=$bucketName -d ramQuotaMB=100 -d authType=sasl http://$server:8091/pools/default/buckets; curl --fail -u $auth http://$server:8091/pools/default/buckets/$bucketName"],"resources":{},"volumeMounts":[{"name":"default-token-w6zvn","readOnly":true,"mountPath":"/var/run/secrets/kubernetes.io/serviceaccount"}],"terminationMessagePath":"/dev/termination-log","terminationMessagePolicy":"File","imagePullPolicy":"IfNotPresent","securityContext":{"capabilities":{"drop":["MKNOD"]}}}],"containers":[{"name":"scheduler-task-service-container","image":"illin5564.corp.amdocs.com:5000/scheduler-task-service:0.1.0-0495","ports":[{"name":"http","containerPort":8080,"protocol":"TCP"},{"name":"management","containerPort":18080,"protocol":"TCP"}],"env":[{"name":"KUBERNETES_NAMESPACE","valueFrom":{"fieldRef":{"apiVersion":"v1","fieldPath":"metadata.namespace"}}},{"name":"MSNEXT_JAVA_OPTS","value":" -Xms256m -Xmx512m -XX:MaxRAM=1024m -XX:+UseSerialGC -XX:MaxMetaspaceSize=512m -Dcom.amdocs.msnext.securitya3s.url=http://10.238.196.188:30081/asmServices/services/v1.0"},{"name":"MSNEXT_DISABLED_MODULES","value":"msnext-customization"},{"name":"MANAGEMENT_PORT","value":"18080"},{"name":"SERVER_PORT","value":"8080"},{"name":"MALLOC_ARENA_MAX","value":"4"},{"name":"TZ","value":"UTC"}],"resources":{"limits":{"cpu":"1","memory":"4Gi"},"requests":{"cpu":"200m","memory":"1Gi"}},"volumeMounts":[{"name":"default-token-w6zvn","readOnly":true,"mountPath":"/var/run/secrets/kubernetes.io/serviceaccount"}],"livenessProbe":{"httpGet":{"path":"/health","port":18080,"scheme":"HTTP"},"initialDelaySeconds":900,"timeoutSeconds":10,"periodSeconds":10,"successThreshold":1,"failureThreshold":3},"readinessProbe":{"httpGet":{"path":"/health","port":18080,"scheme":"HTTP"},"initialDelaySeconds":30,"timeoutSeconds":10,"periodSeconds":10,"successThreshold":1,"failureThreshold":3},"terminationMessagePath":"/dev/termination-log","terminationMessagePolicy":"File","imagePullPolicy":"IfNotPresent","securityContext":{"capabilities":{"drop":["MKNOD"]},"privileged":false}}],"restartPolicy":"Always","terminationGracePeriodSeconds":30,"dnsPolicy":"ClusterFirst","nodeSelector":{"region":"work"},"serviceAccountName":"default","serviceAccount":"default","nodeName":"ilocpde01w07.corp.amdocs.com","securityContext":{"seLinuxOptions":{"level":"s0:c15,c10"}},"imagePullSecrets":[{"name":"scheduler-task-ms-secret"}],"schedulerName":"default-scheduler","tolerations":[{"key":"node.kubernetes.io/memory-pressure","operator":"Exists","effect":"NoSchedule"}]},"status":{"phase":"Running","conditions":[{"type":"Initialized","status":"True","lastProbeTime":null,"lastTransitionTime":"2018-08-30T05:42:41Z"},{"type":"Ready","status":"True","lastProbeTime":null,"lastTransitionTime":"2018-09-16T15:14:51Z"},{"type":"PodScheduled","status":"True","lastProbeTime":null,"lastTransitionTime":"2018-08-30T05:42:37Z"}],"hostIP":"10.245.250.26","podIP":"10.128.23.207","startTime":"2018-08-30T05:42:37Z","initContainerStatuses":[{"name":"check-couchbase","state":{"terminated":{"exitCode":0,"reason":"Completed","startedAt":"2018-08-30T05:42:39Z","finishedAt":"2018-08-30T05:42:39Z","containerID":"docker://d51dcfefdf9cc91f800c51ab778b1d38f6d97c95118d607c2f18687d0a20e60a"}},"lastState":{},"ready":true,"restartCount":0,"image":"docker.io/busybox:latest","imageID":"docker-pullable://docker.io/busybox@sha256:58ac43b2cc92c687a32c8be6278e50a063579655fe3090125dcb2af0ff9e1a64","containerID":"docker://d51dcfefdf9cc91f800c51ab778b1d38f6d97c95118d607c2f18687d0a20e60a"},{"name":"create-bucket","state":{"terminated":{"exitCode":0,"reason":"Completed","startedAt":"2018-08-30T05:42:41Z","finishedAt":"2018-08-30T05:42:41Z","containerID":"docker://a364dc26b9068a0a8582ee0c83c53b2bb6f9ee2b2c0c1662b64b7deca450b30c"}},"lastState":{},"ready":true,"restartCount":0,"image":"docker.io/byrnedo/alpine-curl:latest","imageID":"docker-pullable://docker.io/byrnedo/alpine-curl@sha256:00c64bda2814f95a13ad6a46d6de487dc88f424f2b1f6c62c6dfce36701fe516","containerID":"docker://a364dc26b9068a0a8582ee0c83c53b2bb6f9ee2b2c0c1662b64b7deca450b30c"}],"containerStatuses":[{"name":"scheduler-task-service-container","state":{"running":{"startedAt":"2018-09-16T15:13:16Z"}},"lastState":{"terminated":{"exitCode":143,"reason":"Error","startedAt":"2018-09-06T07:50:34Z","finishedAt":"2018-09-16T15:13:16Z","containerID":"docker://509c9e87cdeca83952d6fc858bde402d3f7d1393bfbc4d27f2bc55f61a10f620"}},"ready":true,"restartCount":2,"image":"illin5564.corp.amdocs.com:5000/scheduler-task-service:0.1.0-0495","imageID":"docker-pullable://illin5564.corp.amdocs.com:5000/scheduler-task-service@sha256:b6f20c70a08ae1ab1101226099aa9e807e36c4949fcc764efb2a35318fd0c68d","containerID":"docker://aba56b052eb3b04cc6e60c9f40b0003310ee9943feeb654a3a1c436d5ee42e79"}],"qosClass":"Burstable"}},{"metadata":{"name":"search-search-search-sea-3427907834-b5jb5","generateName":"search-search-search-sea-3427907834-","namespace":"care-for-openshift-testing","selfLink":"/api/v1/namespaces/care-for-openshift-testing/pods/search-search-search-sea-3427907834-b5jb5","uid":"8074bcf5-ac17-11e8-bb86-0050569a887c","resourceVersion":"55369004","creationTimestamp":"2018-08-30T05:42:37Z","labels":{"microservice":"search-search","pod-template-hash":"3427907834","project":"search-search-exe","provider":"amdocs","release":"search-search"},"annotations":{"fabric8.io/iconUrl":"img/icons/spring-boot.svg","openshift.io/scc":"anyuid-no-ps"},"ownerReferences":[{"apiVersion":"extensions/v1beta1","kind":"ReplicaSet","name":"search-search-search-sea-3427907834","uid":"21285b98-79fc-11e8-b420-0050569ac01d","controller":true,"blockOwnerDeletion":true}]},"spec":{"volumes":[{"name":"default-token-w6zvn","secret":{"secretName":"default-token-w6zvn","defaultMode":420}}],"initContainers":[{"name":"check-couchbase","image":"busybox","command":["sh","-c","timeout=0; while [[  $timeout -lt 90 ]]; do wget -q -O- -c http://couchbase-service:8091/ui/index.html \u003e /dev/null; if [ $? -ne 0 ]; then timeout=$(( timeout + 2 )); echo $timeout; else break; fi; done"],"resources":{},"volumeMounts":[{"name":"default-token-w6zvn","readOnly":true,"mountPath":"/var/run/secrets/kubernetes.io/serviceaccount"}],"terminationMessagePath":"/dev/termination-log","terminationMessagePolicy":"File","imagePullPolicy":"IfNotPresent","securityContext":{"capabilities":{"drop":["MKNOD"]}}},{"name":"create-bucket","image":"byrnedo/alpine-curl","command":["sh","-c","bucketName=com.amdocs.digital.ms.search.search; auth=Administrator:Administrator; server=couchbase-service; curl -X DELETE -u $auth http://$server:8091//pools/default/buckets/default; curl --fail -X POST -u $auth -d name=$bucketName -d ramQuotaMB=100 -d authType=sasl http://$server:8091/pools/default/buckets; curl --fail -u $auth http://$server:8091/pools/default/buckets/$bucketName"],"resources":{},"volumeMounts":[{"name":"default-token-w6zvn","readOnly":true,"mountPath":"/var/run/secrets/kubernetes.io/serviceaccount"}],"terminationMessagePath":"/dev/termination-log","terminationMessagePolicy":"File","imagePullPolicy":"IfNotPresent","securityContext":{"capabilities":{"drop":["MKNOD"]}}},{"name":"create-bucket-deleteref","image":"byrnedo/alpine-curl","command":["sh","-c","bucketName=com.amdocs.digital.ms.search.search.deletereference; auth=Administrator:Administrator; server=couchbase-service; curl -X DELETE -u $auth http://$server:8091//pools/default/buckets/default; curl --fail -X POST -u $auth -d name=$bucketName -d ramQuotaMB=100 -d authType=sasl http://$server:8091/pools/default/buckets; curl --fail -u $auth http://$server:8091/pools/default/buckets/$bucketName"],"resources":{},"volumeMounts":[{"name":"default-token-w6zvn","readOnly":true,"mountPath":"/var/run/secrets/kubernetes.io/serviceaccount"}],"terminationMessagePath":"/dev/termination-log","terminationMessagePolicy":"File","imagePullPolicy":"IfNotPresent","securityContext":{"capabilities":{"drop":["MKNOD"]}}},{"name":"create-primary-index","image":"byrnedo/alpine-curl","command":["sh","-c","bucketName=com.amdocs.digital.ms.search.search; auth=Administrator:Administrator; server=couchbase-service; curl -X POST -v -u $auth http://$server:8093/query/service -d statement=create%20primary%20index%20on%20%60com.amdocs.digital.ms.search.search%60"],"resources":{},"volumeMounts":[{"name":"default-token-w6zvn","readOnly":true,"mountPath":"/var/run/secrets/kubernetes.io/serviceaccount"}],"terminationMessagePath":"/dev/termination-log","terminationMessagePolicy":"File","imagePullPolicy":"IfNotPresent","securityContext":{"capabilities":{"drop":["MKNOD"]}}},{"name":"create-xdcr-cluster-reference-and-create-elasticsearch-index","image":"byrnedo/alpine-curl","command":["sh","-c","bucketName=com.amdocs.digital.ms.search.search; auth=Administrator:Administrator; server=couchbase-service; esindexname=searchindex; esclustername=ElasticSearch; curl -v -u $auth http://$server:8091/pools/default/remoteClusters -d name=$esclustername -d hostname=elasticsearch-service:9091 \u0026\u0026 curl -XPUT http://elasticsearch-service:9200/$esindexname?pretty \u0026\u0026 curl -v -X POST -u $auth http://$server:8091/controller/createReplication -d fromBucket=$bucket -d toCluster=$esclustername -d toBucket=esindexname -d replicationType=continuous -d type=capi"],"resources":{},"volumeMounts":[{"name":"default-token-w6zvn","readOnly":true,"mountPath":"/var/run/secrets/kubernetes.io/serviceaccount"}],"terminationMessagePath":"/dev/termination-log","terminationMessagePolicy":"File","imagePullPolicy":"IfNotPresent","securityContext":{"capabilities":{"drop":["MKNOD"]}}}],"containers":[{"name":"search-search-service-container","image":"illin5564.corp.amdocs.com:5000/search-search-service:0.1.0-0207","ports":[{"name":"http","containerPort":8080,"protocol":"TCP"},{"name":"jacoco","containerPort":6300,"protocol":"TCP"},{"name":"management","containerPort":18080,"protocol":"TCP"}],"env":[{"name":"KUBERNETES_NAMESPACE","valueFrom":{"fieldRef":{"apiVersion":"v1","fieldPath":"metadata.namespace"}}},{"name":"MSNEXT_JAVA_OPTS","value":"-Dloader.main=com.amdocs.msnext.boot.Boot -Xms1024m -Xmx1024m -XX:MaxRAM=2048m -XX:+UseSerialGC -Dcom.amdocs.msnext.securitya3s.url=http://10.238.196.188:30081/asmServices/services/v1.0"},{"name":"MSNEXT_MODULE_MGT_DISABLE","value":"msnext-customization"},{"name":"MANAGEMENT_PORT","value":"18080"},{"name":"SERVER_PORT","value":"8080"},{"name":"MSNEXT_JACOCO_ENABLE","value":"1"},{"name":"MSNEXT_JACOCO_OPTS","value":"output=tcpserver,address=*,port=6300"}],"resources":{},"volumeMounts":[{"name":"default-token-w6zvn","readOnly":true,"mountPath":"/var/run/secrets/kubernetes.io/serviceaccount"}],"livenessProbe":{"httpGet":{"path":"/health","port":18080,"scheme":"HTTP"},"initialDelaySeconds":900,"timeoutSeconds":10,"periodSeconds":10,"successThreshold":1,"failureThreshold":3},"readinessProbe":{"httpGet":{"path":"/health","port":18080,"scheme":"HTTP"},"initialDelaySeconds":180,"timeoutSeconds":10,"periodSeconds":10,"successThreshold":1,"failureThreshold":3},"terminationMessagePath":"/dev/termination-log","terminationMessagePolicy":"File","imagePullPolicy":"IfNotPresent","securityContext":{"capabilities":{"drop":["MKNOD"]},"privileged":false}}],"restartPolicy":"Always","terminationGracePeriodSeconds":30,"dnsPolicy":"ClusterFirst","nodeSelector":{"region":"work"},"serviceAccountName":"default","serviceAccount":"default","nodeName":"ilocpde01w15.corp.amdocs.com","securityContext":{"seLinuxOptions":{"level":"s0:c15,c10"}},"imagePullSecrets":[{"name":"search-search-ms-secret"}],"schedulerName":"default-scheduler"},"status":{"phase":"Running","conditions":[{"type":"Initialized","status":"True","lastProbeTime":null,"lastTransitionTime":"2018-08-30T05:42:43Z"},{"type":"Ready","status":"True","lastProbeTime":null,"lastTransitionTime":"2018-08-30T05:45:55Z"},{"type":"PodScheduled","status":"True","lastProbeTime":null,"lastTransitionTime":"2018-08-30T05:42:37Z"}],"hostIP":"10.245.250.34","podIP":"10.128.38.230","startTime":"2018-08-30T05:42:37Z","initContainerStatuses":[{"name":"check-couchbase","state":{"terminated":{"exitCode":0,"reason":"Completed","startedAt":"2018-08-30T05:42:39Z","finishedAt":"2018-08-30T05:42:39Z","containerID":"docker://3d73d040d423aa4b856c2fdb086f41332620106b3929081d3c28ea919eff4e62"}},"lastState":{},"ready":true,"restartCount":0,"image":"docker.io/busybox:latest","imageID":"docker-pullable://docker.io/busybox@sha256:141c253bc4c3fd0a201d32dc1f493bcf3fff003b6df416dea4f41046e0f37d47","containerID":"docker://3d73d040d423aa4b856c2fdb086f41332620106b3929081d3c28ea919eff4e62"},{"name":"create-bucket","state":{"terminated":{"exitCode":0,"reason":"Completed","startedAt":"2018-08-30T05:42:40Z","finishedAt":"2018-08-30T05:42:40Z","containerID":"docker://8c6ae21fda1c3856f66d28a59e4ab233cb71df4b783dc319542e1afb43df9d40"}},"lastState":{},"ready":true,"restartCount":0,"image":"docker.io/byrnedo/alpine-curl:latest","imageID":"docker-pullable://docker.io/byrnedo/alpine-curl@sha256:00c64bda2814f95a13ad6a46d6de487dc88f424f2b1f6c62c6dfce36701fe516","containerID":"docker://8c6ae21fda1c3856f66d28a59e4ab233cb71df4b783dc319542e1afb43df9d40"},{"name":"create-bucket-deleteref","state":{"terminated":{"exitCode":0,"reason":"Completed","startedAt":"2018-08-30T05:42:41Z","finishedAt":"2018-08-30T05:42:41Z","containerID":"docker://f2e7480f2049fa0c93d4b1d0b0027b324855cf91ccc3b01b3e8d19d514963022"}},"lastState":{},"ready":true,"restartCount":0,"image":"docker.io/byrnedo/alpine-curl:latest","imageID":"docker-pullable://docker.io/byrnedo/alpine-curl@sha256:00c64bda2814f95a13ad6a46d6de487dc88f424f2b1f6c62c6dfce36701fe516","containerID":"docker://f2e7480f2049fa0c93d4b1d0b0027b324855cf91ccc3b01b3e8d19d514963022"},{"name":"create-primary-index","state":{"terminated":{"exitCode":0,"reason":"Completed","startedAt":"2018-08-30T05:42:42Z","finishedAt":"2018-08-30T05:42:42Z","containerID":"docker://c67f71a02077bf49474a140dab00cf28482fb02a0dcbe56cf713179a3277d501"}},"lastState":{},"ready":true,"restartCount":0,"image":"docker.io/byrnedo/alpine-curl:latest","imageID":"docker-pullable://docker.io/byrnedo/alpine-curl@sha256:00c64bda2814f95a13ad6a46d6de487dc88f424f2b1f6c62c6dfce36701fe516","containerID":"docker://c67f71a02077bf49474a140dab00cf28482fb02a0dcbe56cf713179a3277d501"},{"name":"create-xdcr-cluster-reference-and-create-elasticsearch-index","state":{"terminated":{"exitCode":0,"reason":"Completed","startedAt":"2018-08-30T05:42:43Z","finishedAt":"2018-08-30T05:42:43Z","containerID":"docker://957e1533474e1c1788423286a955a3271e0bc45bb2ccd13ace0dabad91918025"}},"lastState":{},"ready":true,"restartCount":0,"image":"docker.io/byrnedo/alpine-curl:latest","imageID":"docker-pullable://docker.io/byrnedo/alpine-curl@sha256:00c64bda2814f95a13ad6a46d6de487dc88f424f2b1f6c62c6dfce36701fe516","containerID":"docker://957e1533474e1c1788423286a955a3271e0bc45bb2ccd13ace0dabad91918025"}],"containerStatuses":[{"name":"search-search-service-container","state":{"running":{"startedAt":"2018-08-30T05:42:48Z"}},"lastState":{},"ready":true,"restartCount":0,"image":"illin5564.corp.amdocs.com:5000/search-search-service:0.1.0-0207","imageID":"docker-pullable://illin5564.corp.amdocs.com:5000/search-search-service@sha256:cad0882d405052f8e40001149f7ca75722e56901a4fd9917b003ae6f364de907","containerID":"docker://7f9af836fb89835ba4d2c3c5c460fd0b6724b39b8a82f37e12dd8fdcc3406b7c"}],"qosClass":"BestEffort"}},{"metadata":{"name":"tiller-65431584-rcwh6","generateName":"tiller-65431584-","namespace":"care-for-openshift-testing","selfLink":"/api/v1/namespaces/care-for-openshift-testing/pods/tiller-65431584-rcwh6","uid":"ff6b36c9-9975-11e8-b0a8-0050569a340c","resourceVersion":"48310303","creationTimestamp":"2018-08-06T12:41:11Z","labels":{"app":"helm","name":"tiller","pod-template-hash":"65431584"},"annotations":{"openshift.io/scc":"anyuid-no-ps"},"ownerReferences":[{"apiVersion":"extensions/v1beta1","kind":"ReplicaSet","name":"tiller-65431584","uid":"f05b6fb0-8286-11e8-b420-0050569ac01d","controller":true,"blockOwnerDeletion":true}]},"spec":{"volumes":[{"name":"tiller-token-gclsh","secret":{"secretName":"tiller-token-gclsh","defaultMode":420}}],"containers":[{"name":"tiller","image":"gcr.io/kubernetes-helm/tiller:v2.9.1","ports":[{"name":"tiller","containerPort":44134,"protocol":"TCP"}],"env":[{"name":"TILLER_NAMESPACE","valueFrom":{"fieldRef":{"apiVersion":"v1","fieldPath":"metadata.namespace"}}}],"resources":{},"volumeMounts":[{"name":"tiller-token-gclsh","readOnly":true,"mountPath":"/var/run/secrets/kubernetes.io/serviceaccount"}],"livenessProbe":{"httpGet":{"path":"/liveness","port":44135,"scheme":"HTTP"},"timeoutSeconds":1,"periodSeconds":10,"successThreshold":1,"failureThreshold":3},"readinessProbe":{"httpGet":{"path":"/readiness","port":44135,"scheme":"HTTP"},"timeoutSeconds":1,"periodSeconds":10,"successThreshold":1,"failureThreshold":3},"terminationMessagePath":"/dev/termination-log","terminationMessagePolicy":"File","imagePullPolicy":"IfNotPresent","securityContext":{"capabilities":{"drop":["MKNOD"]}}}],"restartPolicy":"Always","terminationGracePeriodSeconds":30,"dnsPolicy":"ClusterFirst","nodeSelector":{"region":"work"},"serviceAccountName":"tiller","serviceAccount":"tiller","nodeName":"ilocpde01w30.corp.amdocs.com","securityContext":{"seLinuxOptions":{"level":"s0:c15,c10"}},"imagePullSecrets":[{"name":"tiller-dockercfg-cw4kn"}],"schedulerName":"default-scheduler"},"status":{"phase":"Running","conditions":[{"type":"Initialized","status":"True","lastProbeTime":null,"lastTransitionTime":"2018-08-06T12:41:10Z"},{"type":"Ready","status":"True","lastProbeTime":null,"lastTransitionTime":"2018-08-06T12:41:52Z"},{"type":"PodScheduled","status":"True","lastProbeTime":null,"lastTransitionTime":"2018-08-06T12:41:11Z"}],"podIP":"10.128.70.22","startTime":"2018-08-06T12:41:10Z","containerStatuses":[{"name":"tiller","state":{"running":{"startedAt":"2018-08-06T12:41:22Z"}},"lastState":{},"ready":true,"restartCount":0,"image":"gcr.io/kubernetes-helm/tiller:v2.9.1","imageID":"docker-pullable://gcr.io/kubernetes-helm/tiller@sha256:417aae19a0709075df9cc87e2fcac599b39d8f73ac95e668d9627fec9d341af2","containerID":"docker://76990ec8df77706ca4f512819cd4d03a1867cd31d9a320270737eec97fb9b02b"}],"qosClass":"BestEffort"}}]}
]]>
    </line>
    <line>
      <![CDATA[</div>]]>
    </line>
    <line>
      <![CDATA[</div>]]>
    </line>
    <line>
      <![CDATA[</div>]]>
    </line>
    <line>
      <![CDATA[</div>]]>
    </line>
    <line>
      <![CDATA[</td>]]>
    </line>
    <line>
      <![CDATA[</tr>]]>
    </line>
    <line>
      <![CDATA[<tr class="table-success"><td colspan="2">Response status: expected=200 actual=200; Value: true</td></tr>]]>
    </line>
    <line>
      <![CDATA[<tr class="table-light"><td colspan="2">account-billingaccount-service:31193</td></tr>]]>
    </line>
    <line>
      <![CDATA[<tr class="table-light"><td colspan="2">asm-services-cloud-service:31766</td></tr>]]>
    </line>
    <line>
      <![CDATA[<tr class="table-light"><td colspan="2">attachment-attachment-service:32689</td></tr>]]>
    </line>
    <line>
      <![CDATA[<tr class="table-light"><td colspan="2">attachment-dmsbridge-service:31835</td></tr>]]>
    </line>
    <line>
      <![CDATA[<tr class="table-light"><td colspan="2">creditprofile-creditevaluatorbridge-service:31419</td></tr>]]>
    </line>
    <line>
      <![CDATA[<tr class="table-light"><td colspan="2">creditprofile-creditprofile-service:31057</td></tr>]]>
    </line>
    <line>
      <![CDATA[<tr class="table-light"><td colspan="2">customer-customer-service:32354</td></tr>]]>
    </line>
    <line>
      <![CDATA[<tr class="table-light"><td colspan="2">customer-customerentity-service:31022</td></tr>]]>
    </line>
    <line>
      <![CDATA[<tr class="table-light"><td colspan="2">financialaccount-financialaccount-service:31973</td></tr>]]>
    </line>
    <line>
      <![CDATA[<tr class="table-light"><td colspan="2">geographicaddress-geographicaddress-service:30620</td></tr>]]>
    </line>
    <line>
      <![CDATA[<tr class="table-light"><td colspan="2">geographicaddress-geographicaddressbridge-service:32543</td></tr>]]>
    </line>
    <line>
      <![CDATA[<tr class="table-light"><td colspan="2">party-attachment-service:31758</td></tr>]]>
    </line>
    <line>
      <![CDATA[<tr class="table-light"><td colspan="2">party-individual-service:30261</td></tr>]]>
    </line>
    <line>
      <![CDATA[<tr class="table-light"><td colspan="2">partyinteraction-attachment-service:32286</td></tr>]]>
    </line>
    <line>
      <![CDATA[<tr class="table-light"><td colspan="2">partyinteraction-partyinteraction-service:31716</td></tr>]]>
    </line>
    <line>
      <![CDATA[<tr class="table-light"><td colspan="2">paymentmethod-paymentmethod-service:32427</td></tr>]]>
    </line>
    <line>
      <![CDATA[<tr class="table-light"><td colspan="2">scheduler-task-service:32558</td></tr>]]>
    </line>
    <line>
      <![CDATA[<tr class="table-light"><td colspan="2">search-search-service:30822</td></tr>]]>
    </line>
    <line>
      <![CDATA[<tr class="table-light"><td colspan="2">OpenShift Master: ilocpde01-master.corp.amdocs.com k8shost: ilocpde01w26.corp.amdocs.com</td></tr>]]>
    </line>
    <line>
      <![CDATA[<tr class="table-light"><td colspan="2">Creating map for oc-cd-1017-pranavd-pd</td></tr>]]>
    </line>
    <line>
      <![CDATA[<tr class="table-info"><td class="text-dark font-weight-bold">Request Type </td><td class="" >GET</td></tr>]]>
    </line>
    <line>
      <![CDATA[<tr><td class="text-dark font-weight-bold">URI </td><td class="" > https://ilocpde01-master.corp.amdocs.com:8443/api/v1/namespaces/oc-cd-1017-pranavd-pd/services </td></tr>]]>
    </line>
    <line>
      <![CDATA[<tr><td class="text-dark font-weight-bold" colspan="2">Headers : </td></tr>]]>
    </line>
    <line>
      <![CDATA[<tr>]]>
    </line>
    <line>
      <![CDATA[<td class="text-dark font-weight-bold" >Authorization :</td>]]>
    </line>
    <line>
      <![CDATA[<td class="" >]]>
    </line>
    <line>
      <![CDATA[<a href="" class="alert-link" data-toggle="modal" data-target="#rest_assured_logger_modal_value_64">Show</a>]]>
    </line>
    <line>
      <![CDATA[<div class="modal fade"  id="rest_assured_logger_modal_value_64" tabindex="-1" role="dialog">]]>
    </line>
    <line>
      <![CDATA[<div class="modal-dialog" role="document">]]>
    </line>
    <line>
      <![CDATA[<div class="modal-content">]]>
    </line>
    <line>
      <![CDATA[<div class="modal-header text-white bg-info">]]>
    </line>
    <line>
      <![CDATA[<h5 class="modal-title" id="title1">Authorization</h5>]]>
    </line>
    <line>
      <![CDATA[<span class="h6 text-light ml-2 mt-2">(click on the Text to copy)</span>]]>
    </line>
    <line>
      <![CDATA[<button type="button" class="close" data-dismiss="modal" aria-label="Close">]]>
    </line>
    <line>
      <![CDATA[<span aria-hidden="true">&times;</span>]]>
    </line>
    <line>
      <![CDATA[</button>]]>
    </line>
    <line>
      <![CDATA[</div>]]>
    </line>
    <line>
      <![CDATA[<div onClick="copyMePlease(this)" class="modal-body">]]>
    </line>
    <line>
      <![CDATA[Bearer eyJhbGciOiJSUzI1NiIsInR5cCI6IkpXVCJ9.eyJpc3MiOiJrdWJlcm5ldGVzL3NlcnZpY2VhY2NvdW50Iiwia3ViZXJuZXRlcy5pby9zZXJ2aWNlYWNjb3VudC9uYW1lc3BhY2UiOiJvYy1jZC0xMDE3LXByYW5hdmQtcGQiLCJrdWJlcm5ldGVzLmlvL3NlcnZpY2VhY2NvdW50L3NlY3JldC5uYW1lIjoiZml0LXNhLXRva2VuLTRsdzZtIiwia3ViZXJuZXRlcy5pby9zZXJ2aWNlYWNjb3VudC9zZXJ2aWNlLWFjY291bnQubmFtZSI6ImZpdC1zYSIsImt1YmVybmV0ZXMuaW8vc2VydmljZWFjY291bnQvc2VydmljZS1hY2NvdW50LnVpZCI6IjljYzViYmMxLWI3MjEtMTFlOC1iYjg2LTAwNTA1NjlhODg3YyIsInN1YiI6InN5c3RlbTpzZXJ2aWNlYWNjb3VudDpvYy1jZC0xMDE3LXByYW5hdmQtcGQ6Zml0LXNhIn0.KMmKTeThNBXz_F_aqQoUpcSw1eXkrR4xr7tITRdfs2IDTLfXzxGfYk9fOni2zyhlVH7lx9mB94bVkI2zWqa7cjR9z1DEW7OxPFq1XQ11yspYFG3tOi0NdNeaD66XB9TIbGEwbQYl92ZDsy5y3eD5echit18B52IMq8nvaNvTNXESzdGqsxtBMnNpUhtYUZy5xgasoKUwTR34rg91XgeZagjVsH2FJ8R7gIB9fXg8-IR4ZatJitxo40caTeHkGUvjI5aGADQCzytee87Yq6fAeXRb9sZcFUFmJkqf7OLl1FQkH41UG3zjfqtc00mNCzpXEVVbuqiw4ghZYNnh1tPJQA]]>
    </line>
    <line>
      <![CDATA[</div>]]>
    </line>
    <line>
      <![CDATA[</div>]]>
    </line>
    <line>
      <![CDATA[</div>]]>
    </line>
    <line>
      <![CDATA[</div>]]>
    </line>
    <line>
      <![CDATA[</td>]]>
    </line>
    <line>
      <![CDATA[</tr>]]>
    </line>
    <line>
      <![CDATA[<tr>]]>
    </line>
    <line>
      <![CDATA[<td class="text-dark font-weight-bold" >Payload :</td>]]>
    </line>
    <line>
      <![CDATA[<td class="" >]]>
    </line>
    <line>
      <![CDATA[<a href="" class="alert-link" data-toggle="modal" data-target="#rest_assured_logger_modal_value_65">Show</a>]]>
    </line>
    <line>
      <![CDATA[<div class="modal fade"  id="rest_assured_logger_modal_value_65" tabindex="-1" role="dialog">]]>
    </line>
    <line>
      <![CDATA[<div class="modal-dialog" role="document">]]>
    </line>
    <line>
      <![CDATA[<div class="modal-content">]]>
    </line>
    <line>
      <![CDATA[<div class="modal-header text-white bg-info">]]>
    </line>
    <line>
      <![CDATA[<h5 class="modal-title" id="title1">Payload</h5>]]>
    </line>
    <line>
      <![CDATA[<span class="h6 text-light ml-2 mt-2">(click on the Text to copy)</span>]]>
    </line>
    <line>
      <![CDATA[<button type="button" class="close" data-dismiss="modal" aria-label="Close">]]>
    </line>
    <line>
      <![CDATA[<span aria-hidden="true">&times;</span>]]>
    </line>
    <line>
      <![CDATA[</button>]]>
    </line>
    <line>
      <![CDATA[</div>]]>
    </line>
    <line>
      <![CDATA[<div onClick="copyMePlease(this)" class="modal-body">]]>
    </line>
    <line>
      <![CDATA[None]]>
    </line>
    <line>
      <![CDATA[</div>]]>
    </line>
    <line>
      <![CDATA[</div>]]>
    </line>
    <line>
      <![CDATA[</div>]]>
    </line>
    <line>
      <![CDATA[</div>]]>
    </line>
    <line>
      <![CDATA[</td>]]>
    </line>
    <line>
      <![CDATA[</tr>]]>
    </line>
    <line>
      <![CDATA[<tr>]]>
    </line>
    <line>
      <![CDATA[<td class="text-dark font-weight-bold" >Response Header :</td>]]>
    </line>
    <line>
      <![CDATA[<td class="" >]]>
    </line>
    <line>
      <![CDATA[<a href="" class="alert-link" data-toggle="modal" data-target="#modal_value_22">Show</a>]]>
    </line>
    <line>
      <![CDATA[<div class="modal fade"  id="modal_value_22" tabindex="-1" role="dialog">]]>
    </line>
    <line>
      <![CDATA[<div class="modal-dialog" role="document">]]>
    </line>
    <line>
      <![CDATA[<div class="modal-content">]]>
    </line>
    <line>
      <![CDATA[<div class="modal-header text-white bg-info">]]>
    </line>
    <line>
      <![CDATA[<h5 class="modal-title" id="title1">Response Header</h5>]]>
    </line>
    <line>
      <![CDATA[<span class="h6 text-light ml-2 mt-2">(click on the Text to copy)</span>]]>
    </line>
    <line>
      <![CDATA[<button type="button" class="close" data-dismiss="modal" aria-label="Close">]]>
    </line>
    <line>
      <![CDATA[<span aria-hidden="true">&times;</span>]]>
    </line>
    <line>
      <![CDATA[</button>]]>
    </line>
    <line>
      <![CDATA[</div>]]>
    </line>
    <line>
      <![CDATA[<div onClick="copyMePlease(this)" class="modal-body">]]>
    </line>
    <line>
      <![CDATA[Cache-Control=no-store
	Content-Type=application/json
	Date=Tue, 18 Sep 2018 09:40:55 GMT
	Transfer-Encoding=chunked]]>
    </line>
    <line>
      <![CDATA[</div>]]>
    </line>
    <line>
      <![CDATA[</div>]]>
    </line>
    <line>
      <![CDATA[</div>]]>
    </line>
    <line>
      <![CDATA[</div>]]>
    </line>
    <line>
      <![CDATA[</td>]]>
    </line>
    <line>
      <![CDATA[</tr>]]>
    </line>
    <line>
      <![CDATA[<tr>]]>
    </line>
    <line>
      <![CDATA[<td class="text-dark font-weight-bold" >Response :</td>]]>
    </line>
    <line>
      <![CDATA[<td class="" >]]>
    </line>
    <line>
      <![CDATA[<a href="" class="alert-link" data-toggle="modal" data-target="#rest_assured_logger_modal_value_66">Show</a>]]>
    </line>
    <line>
      <![CDATA[<div class="modal fade"  id="rest_assured_logger_modal_value_66" tabindex="-1" role="dialog">]]>
    </line>
    <line>
      <![CDATA[<div class="modal-dialog" role="document">]]>
    </line>
    <line>
      <![CDATA[<div class="modal-content">]]>
    </line>
    <line>
      <![CDATA[<div class="modal-header text-white bg-info">]]>
    </line>
    <line>
      <![CDATA[<h5 class="modal-title" id="title1">Response</h5>]]>
    </line>
    <line>
      <![CDATA[<span class="h6 text-light ml-2 mt-2">(click on the Text to copy)</span>]]>
    </line>
    <line>
      <![CDATA[<button type="button" class="close" data-dismiss="modal" aria-label="Close">]]>
    </line>
    <line>
      <![CDATA[<span aria-hidden="true">&times;</span>]]>
    </line>
    <line>
      <![CDATA[</button>]]>
    </line>
    <line>
      <![CDATA[</div>]]>
    </line>
    <line>
      <![CDATA[<div onClick="copyMePlease(this)" class="modal-body">]]>
    </line>
    <line>
      <![CDATA[{"kind":"ServiceList","apiVersion":"v1","metadata":{"selfLink":"/api/v1/namespaces/oc-cd-1017-pranavd-pd/services","resourceVersion":"69531660"},"items":[{"metadata":{"name":"asm-services-cloud-service","namespace":"oc-cd-1017-pranavd-pd","selfLink":"/api/v1/namespaces/oc-cd-1017-pranavd-pd/services/asm-services-cloud-service","uid":"9d970868-b721-11e8-bb86-0050569a887c","resourceVersion":"66120857","creationTimestamp":"2018-09-13T06:52:44Z","labels":{"projectexportable":"No"},"annotations":{"kubectl.kubernetes.io/last-applied-configuration":"{\"apiVersion\":\"v1\",\"kind\":\"Service\",\"metadata\":{\"annotations\":{},\"labels\":{\"projectexportable\":\"No\"},\"name\":\"asm-services-cloud-service\",\"namespace\":\"oc-cd-1017-pranavd-pd\"},\"spec\":{\"ports\":[{\"name\":\"a3s-port\",\"port\":9191,\"protocol\":\"TCP\",\"targetPort\":9191}],\"selector\":{},\"type\":\"NodePort\"}}\n"}},"spec":{"ports":[{"name":"a3s-port","protocol":"TCP","port":9191,"targetPort":9191,"nodePort":30525}],"clusterIP":"172.30.132.4","type":"NodePort","sessionAffinity":"None","externalTrafficPolicy":"Cluster"},"status":{"loadBalancer":{}}},{"metadata":{"name":"authoring-command-service","namespace":"oc-cd-1017-pranavd-pd","selfLink":"/api/v1/namespaces/oc-cd-1017-pranavd-pd/services/authoring-command-service","uid":"a5982b57-b721-11e8-bb86-0050569a887c","resourceVersion":"66122189","creationTimestamp":"2018-09-13T06:52:57Z","labels":{"app":"authoring-command-service","prometheus":"amdocs-prometheus","release":"authoring-release"},"annotations":{"kubectl.kubernetes.io/last-applied-configuration":"{\"apiVersion\":\"v1\",\"kind\":\"Service\",\"metadata\":{\"annotations\":{},\"creationTimestamp\":null,\"labels\":{\"app\":\"authoring-command-service\",\"prometheus\":\"amdocs-prometheus\",\"release\":\"authoring-release\"},\"name\":\"authoring-command-service\",\"namespace\":\"oc-cd-1017-pranavd-pd\"},\"spec\":{\"externalTrafficPolicy\":\"Cluster\",\"ports\":[{\"name\":\"server\",\"port\":8080,\"protocol\":\"TCP\",\"targetPort\":\"server\"},{\"name\":\"management\",\"port\":8081,\"protocol\":\"TCP\",\"targetPort\":\"management\"},{\"name\":\"metrics\",\"port\":5555,\"protocol\":\"TCP\",\"targetPort\":\"metrics\"},{\"name\":\"debug\",\"port\":5005,\"protocol\":\"TCP\",\"targetPort\":\"debug\"}],\"selector\":{\"app\":\"authoring-command-service\",\"group\":\"com.amdocs.catalogone\",\"release\":\"authoring-release\"},\"sessionAffinity\":\"None\",\"type\":\"NodePort\"},\"status\":{\"loadBalancer\":{}}}\n"}},"spec":{"ports":[{"name":"server","protocol":"TCP","port":8080,"targetPort":"server","nodePort":32756},{"name":"management","protocol":"TCP","port":8081,"targetPort":"management","nodePort":34396},{"name":"metrics","protocol":"TCP","port":5555,"targetPort":"metrics","nodePort":30125},{"name":"debug","protocol":"TCP","port":5005,"targetPort":"debug","nodePort":31706}],"selector":{"app":"authoring-command-service","group":"com.amdocs.catalogone","release":"authoring-release"},"clusterIP":"172.30.205.120","type":"NodePort","sessionAffinity":"None","externalTrafficPolicy":"Cluster"},"status":{"loadBalancer":{}}},{"metadata":{"name":"business-request-service","namespace":"oc-cd-1017-pranavd-pd","selfLink":"/api/v1/namespaces/oc-cd-1017-pranavd-pd/services/business-request-service","uid":"a5c538d3-b721-11e8-bb86-0050569a887c","resourceVersion":"66122216","creationTimestamp":"2018-09-13T06:52:57Z","labels":{"app":"business-request-service","chart":"business-request-service-1.6.0","prometheus":"amdocs-prometheus","release":"business-request-release"},"annotations":{"kubectl.kubernetes.io/last-applied-configuration":"{\"apiVersion\":\"v1\",\"kind\":\"Service\",\"metadata\":{\"annotations\":{},\"creationTimestamp\":null,\"labels\":{\"app\":\"business-request-service\",\"chart\":\"business-request-service-1.6.0\",\"prometheus\":\"amdocs-prometheus\",\"release\":\"business-request-release\"},\"name\":\"business-request-service\",\"namespace\":\"oc-cd-1017-pranavd-pd\"},\"spec\":{\"externalTrafficPolicy\":\"Cluster\",\"ports\":[{\"name\":\"server\",\"port\":8080,\"protocol\":\"TCP\",\"targetPort\":\"server\"},{\"name\":\"management\",\"port\":8081,\"protocol\":\"TCP\",\"targetPort\":\"management\"},{\"name\":\"metrics\",\"port\":5555,\"protocol\":\"TCP\",\"targetPort\":\"metrics\"},{\"name\":\"debug\",\"port\":5005,\"protocol\":\"TCP\",\"targetPort\":\"debug\"}],\"selector\":{\"app\":\"business-request-service\",\"group\":\"com.amdocs.catalogone\",\"provider\":\"amdocs\",\"release\":\"business-request-release\"},\"sessionAffinity\":\"None\",\"type\":\"NodePort\"},\"status\":{\"loadBalancer\":{}}}\n"}},"spec":{"ports":[{"name":"server","protocol":"TCP","port":8080,"targetPort":"server","nodePort":34944},{"name":"management","protocol":"TCP","port":8081,"targetPort":"management","nodePort":31125},{"name":"metrics","protocol":"TCP","port":5555,"targetPort":"metrics","nodePort":33735},{"name":"debug","protocol":"TCP","port":5005,"targetPort":"debug","nodePort":31277}],"selector":{"app":"business-request-service","group":"com.amdocs.catalogone","provider":"amdocs","release":"business-request-release"},"clusterIP":"172.30.95.193","type":"NodePort","sessionAffinity":"None","externalTrafficPolicy":"Cluster"},"status":{"loadBalancer":{}}},{"metadata":{"name":"business-validation-service","namespace":"oc-cd-1017-pranavd-pd","selfLink":"/api/v1/namespaces/oc-cd-1017-pranavd-pd/services/business-validation-service","uid":"a5e0406e-b721-11e8-bb86-0050569a887c","resourceVersion":"66122230","creationTimestamp":"2018-09-13T06:52:57Z","labels":{"app":"business-validation-service","chart":"business-validation-service-1.2.1","heritage":"Tiller","monitored":"prometheus","monitoring":"prometheus","prometheus":"amdocs-prometheus","release":"business-validation-release"},"annotations":{"kubectl.kubernetes.io/last-applied-configuration":"{\"apiVersion\":\"v1\",\"kind\":\"Service\",\"metadata\":{\"annotations\":{},\"creationTimestamp\":null,\"labels\":{\"app\":\"business-validation-service\",\"chart\":\"business-validation-service-1.2.1\",\"heritage\":\"Tiller\",\"monitored\":\"prometheus\",\"monitoring\":\"prometheus\",\"prometheus\":\"amdocs-prometheus\",\"release\":\"business-validation-release\"},\"name\":\"business-validation-service\",\"namespace\":\"oc-cd-1017-pranavd-pd\"},\"spec\":{\"externalTrafficPolicy\":\"Cluster\",\"ports\":[{\"name\":\"server\",\"port\":8080,\"protocol\":\"TCP\",\"targetPort\":8080},{\"name\":\"management\",\"port\":8081,\"protocol\":\"TCP\",\"targetPort\":8081},{\"name\":\"metrics\",\"port\":5555,\"protocol\":\"TCP\",\"targetPort\":\"metrics\"},{\"name\":\"debug\",\"port\":5005,\"protocol\":\"TCP\",\"targetPort\":\"debug\"}],\"selector\":{\"app\":\"business-validation-service\",\"group\":\"com.amdocs.catalogone\",\"provider\":\"amdocs\",\"release\":\"business-validation-release\"},\"sessionAffinity\":\"None\",\"type\":\"NodePort\"},\"status\":{\"loadBalancer\":{}}}\n"}},"spec":{"ports":[{"name":"server","protocol":"TCP","port":8080,"targetPort":8080,"nodePort":31296},{"name":"management","protocol":"TCP","port":8081,"targetPort":8081,"nodePort":31632},{"name":"metrics","protocol":"TCP","port":5555,"targetPort":"metrics","nodePort":34704},{"name":"debug","protocol":"TCP","port":5005,"targetPort":"debug","nodePort":31133}],"selector":{"app":"business-validation-service","group":"com.amdocs.catalogone","provider":"amdocs","release":"business-validation-release"},"clusterIP":"172.30.178.236","type":"NodePort","sessionAffinity":"None","externalTrafficPolicy":"Cluster"},"status":{"loadBalancer":{}}},{"metadata":{"name":"cartitemaccessor-service","namespace":"oc-cd-1017-pranavd-pd","selfLink":"/api/v1/namespaces/oc-cd-1017-pranavd-pd/services/cartitemaccessor-service","uid":"a5f0cde0-b721-11e8-bb86-0050569a887c","resourceVersion":"66122240","creationTimestamp":"2018-09-13T06:52:58Z","labels":{"chart":"cartitemaccessor-0.1.1-0015","expose":"true","microservice":"cartitemaccessor","monitored":"prometheus","monitoring":"prometheus","project":"cartitemaccessor","provider":"amdocs","release":"cartitemaccessor-release"},"annotations":{"fabric8.io/iconUrl":"img/icons/spring-boot.svg","kubectl.kubernetes.io/last-applied-configuration":"{\"apiVersion\":\"v1\",\"kind\":\"Service\",\"metadata\":{\"annotations\":{\"fabric8.io/iconUrl\":\"img/icons/spring-boot.svg\"},\"creationTimestamp\":null,\"labels\":{\"chart\":\"cartitemaccessor-0.1.1-0015\",\"expose\":\"true\",\"microservice\":\"cartitemaccessor\",\"monitored\":\"prometheus\",\"monitoring\":\"prometheus\",\"project\":\"cartitemaccessor\",\"provider\":\"amdocs\",\"release\":\"cartitemaccessor-release\"},\"name\":\"cartitemaccessor-service\",\"namespace\":\"oc-cd-1017-pranavd-pd\"},\"spec\":{\"externalTrafficPolicy\":\"Cluster\",\"ports\":[{\"name\":\"http\",\"port\":8080,\"protocol\":\"TCP\",\"targetPort\":8080},{\"name\":\"https\",\"port\":8443,\"protocol\":\"TCP\",\"targetPort\":\"https\"},{\"name\":\"metrics\",\"port\":5555,\"protocol\":\"TCP\",\"targetPort\":\"metrics\"}],\"selector\":{\"microservice\":\"cartitemaccessor\",\"project\":\"cartitemaccessor\",\"provider\":\"amdocs\",\"release\":\"cartitemaccessor-release\"},\"sessionAffinity\":\"None\",\"type\":\"NodePort\"},\"status\":{\"loadBalancer\":{}}}\n"}},"spec":{"ports":[{"name":"http","protocol":"TCP","port":8080,"targetPort":8080,"nodePort":31134},{"name":"https","protocol":"TCP","port":8443,"targetPort":"https","nodePort":35420},{"name":"metrics","protocol":"TCP","port":5555,"targetPort":"metrics","nodePort":30705}],"selector":{"microservice":"cartitemaccessor","project":"cartitemaccessor","provider":"amdocs","release":"cartitemaccessor-release"},"clusterIP":"172.30.64.109","type":"NodePort","sessionAffinity":"None","externalTrafficPolicy":"Cluster"},"status":{"loadBalancer":{}}},{"metadata":{"name":"catalog1-couchbase-service","namespace":"oc-cd-1017-pranavd-pd","selfLink":"/api/v1/namespaces/oc-cd-1017-pranavd-pd/services/catalog1-couchbase-service","uid":"9d7ea791-b721-11e8-bb86-0050569a887c","resourceVersion":"66120852","creationTimestamp":"2018-09-13T06:52:43Z","labels":{"projectexportable":"No"},"annotations":{"kubectl.kubernetes.io/last-applied-configuration":"{\"apiVersion\":\"v1\",\"kind\":\"Service\",\"metadata\":{\"annotations\":{},\"labels\":{\"projectexportable\":\"No\"},\"name\":\"catalog1-couchbase-service\",\"namespace\":\"oc-cd-1017-pranavd-pd\"},\"spec\":{\"ports\":[{\"name\":\"cb\",\"nodePort\":0,\"port\":8091,\"protocol\":\"TCP\",\"targetPort\":8091},{\"name\":\"cb-views\",\"nodePort\":0,\"port\":8092,\"protocol\":\"TCP\",\"targetPort\":8092},{\"name\":\"cb-query\",\"nodePort\":0,\"port\":8093,\"protocol\":\"TCP\",\"targetPort\":8093},{\"name\":\"cb-ftsearch\",\"nodePort\":0,\"port\":8094,\"protocol\":\"TCP\",\"targetPort\":8094},{\"name\":\"cb-sc\",\"nodePort\":0,\"port\":11210,\"protocol\":\"TCP\",\"targetPort\":11210},{\"name\":\"cb-scssl\",\"nodePort\":0,\"port\":11207,\"protocol\":\"TCP\",\"targetPort\":11207},{\"name\":\"cb-https\",\"nodePort\":0,\"port\":18091,\"protocol\":\"TCP\",\"targetPort\":18091},{\"name\":\"cb-viewsssl\",\"nodePort\":0,\"port\":18092,\"protocol\":\"TCP\",\"targetPort\":18092},{\"name\":\"cb-queryssl\",\"nodePort\":0,\"port\":18093,\"protocol\":\"TCP\",\"targetPort\":18093}],\"selector\":{}}}\n"}},"spec":{"ports":[{"name":"cb","protocol":"TCP","port":8091,"targetPort":8091},{"name":"cb-views","protocol":"TCP","port":8092,"targetPort":8092},{"name":"cb-query","protocol":"TCP","port":8093,"targetPort":8093},{"name":"cb-ftsearch","protocol":"TCP","port":8094,"targetPort":8094},{"name":"cb-sc","protocol":"TCP","port":11210,"targetPort":11210},{"name":"cb-scssl","protocol":"TCP","port":11207,"targetPort":11207},{"name":"cb-https","protocol":"TCP","port":18091,"targetPort":18091},{"name":"cb-viewsssl","protocol":"TCP","port":18092,"targetPort":18092},{"name":"cb-queryssl","protocol":"TCP","port":18093,"targetPort":18093}],"clusterIP":"172.30.200.91","type":"ClusterIP","sessionAffinity":"None"},"status":{"loadBalancer":{}}},{"metadata":{"name":"couchbase-service","namespace":"oc-cd-1017-pranavd-pd","selfLink":"/api/v1/namespaces/oc-cd-1017-pranavd-pd/services/couchbase-service","uid":"9d6e4229-b721-11e8-bb86-0050569a887c","resourceVersion":"66120847","creationTimestamp":"2018-09-13T06:52:43Z","labels":{"projectexportable":"No"},"annotations":{"kubectl.kubernetes.io/last-applied-configuration":"{\"apiVersion\":\"v1\",\"kind\":\"Service\",\"metadata\":{\"annotations\":{},\"labels\":{\"projectexportable\":\"No\"},\"name\":\"couchbase-service\",\"namespace\":\"oc-cd-1017-pranavd-pd\"},\"spec\":{\"ports\":[{\"name\":\"cb\",\"nodePort\":0,\"port\":8091,\"protocol\":\"TCP\",\"targetPort\":8091},{\"name\":\"cb-views\",\"nodePort\":0,\"port\":8092,\"protocol\":\"TCP\",\"targetPort\":8092},{\"name\":\"cb-query\",\"nodePort\":0,\"port\":8093,\"protocol\":\"TCP\",\"targetPort\":8093},{\"name\":\"cb-ftsearch\",\"nodePort\":0,\"port\":8094,\"protocol\":\"TCP\",\"targetPort\":8094},{\"name\":\"cb-sc\",\"nodePort\":0,\"port\":11210,\"protocol\":\"TCP\",\"targetPort\":11210},{\"name\":\"cb-scssl\",\"nodePort\":0,\"port\":11207,\"protocol\":\"TCP\",\"targetPort\":11207},{\"name\":\"cb-https\",\"nodePort\":0,\"port\":18091,\"protocol\":\"TCP\",\"targetPort\":18091},{\"name\":\"cb-viewsssl\",\"nodePort\":0,\"port\":18092,\"protocol\":\"TCP\",\"targetPort\":18092},{\"name\":\"cb-queryssl\",\"nodePort\":0,\"port\":18093,\"protocol\":\"TCP\",\"targetPort\":18093}],\"selector\":{}}}\n"}},"spec":{"ports":[{"name":"cb","protocol":"TCP","port":8091,"targetPort":8091},{"name":"cb-views","protocol":"TCP","port":8092,"targetPort":8092},{"name":"cb-query","protocol":"TCP","port":8093,"targetPort":8093},{"name":"cb-ftsearch","protocol":"TCP","port":8094,"targetPort":8094},{"name":"cb-sc","protocol":"TCP","port":11210,"targetPort":11210},{"name":"cb-scssl","protocol":"TCP","port":11207,"targetPort":11207},{"name":"cb-https","protocol":"TCP","port":18091,"targetPort":18091},{"name":"cb-viewsssl","protocol":"TCP","port":18092,"targetPort":18092},{"name":"cb-queryssl","protocol":"TCP","port":18093,"targetPort":18093}],"clusterIP":"172.30.53.22","type":"ClusterIP","sessionAffinity":"None"},"status":{"loadBalancer":{}}},{"metadata":{"name":"customeraccessor-service","namespace":"oc-cd-1017-pranavd-pd","selfLink":"/api/v1/namespaces/oc-cd-1017-pranavd-pd/services/customeraccessor-service","uid":"a612b60b-b721-11e8-bb86-0050569a887c","resourceVersion":"66122259","creationTimestamp":"2018-09-13T06:52:58Z","labels":{"chart":"customeraccessor-0.1.1-0015","expose":"true","group":"com.amdocs.digital.ms.customeraccessor","microservice":"customeraccessor","monitored":"prometheus","monitoring":"prometheus","project":"customeraccessor-service","provider":"amdocs","release":"customeraccessor-release"},"annotations":{"fabric8.io/iconUrl":"img/icons/spring-boot.svg","kubectl.kubernetes.io/last-applied-configuration":"{\"apiVersion\":\"v1\",\"kind\":\"Service\",\"metadata\":{\"annotations\":{\"fabric8.io/iconUrl\":\"img/icons/spring-boot.svg\"},\"creationTimestamp\":null,\"labels\":{\"chart\":\"customeraccessor-0.1.1-0015\",\"expose\":\"true\",\"group\":\"com.amdocs.digital.ms.customeraccessor\",\"microservice\":\"customeraccessor\",\"monitored\":\"prometheus\",\"monitoring\":\"prometheus\",\"project\":\"customeraccessor-service\",\"provider\":\"amdocs\",\"release\":\"customeraccessor-release\"},\"name\":\"customeraccessor-service\",\"namespace\":\"oc-cd-1017-pranavd-pd\"},\"spec\":{\"externalTrafficPolicy\":\"Cluster\",\"ports\":[{\"name\":\"http\",\"port\":8080,\"protocol\":\"TCP\",\"targetPort\":8080},{\"name\":\"management\",\"port\":18080,\"protocol\":\"TCP\",\"targetPort\":18080},{\"name\":\"metrics\",\"port\":5555,\"protocol\":\"TCP\",\"targetPort\":\"metrics\"},{\"name\":\"https\",\"port\":8443,\"protocol\":\"TCP\",\"targetPort\":8443}],\"selector\":{\"group\":\"com.amdocs.digital.ms.customeraccessor\",\"microservice\":\"customeraccessor\",\"project\":\"customeraccessor-service\",\"provider\":\"amdocs\",\"release\":\"customeraccessor-release\"},\"sessionAffinity\":\"None\",\"type\":\"NodePort\"},\"status\":{\"loadBalancer\":{}}}\n"}},"spec":{"ports":[{"name":"http","protocol":"TCP","port":8080,"targetPort":8080,"nodePort":32678},{"name":"management","protocol":"TCP","port":18080,"targetPort":18080,"nodePort":32076},{"name":"metrics","protocol":"TCP","port":5555,"targetPort":"metrics","nodePort":30706},{"name":"https","protocol":"TCP","port":8443,"targetPort":8443,"nodePort":34471}],"selector":{"group":"com.amdocs.digital.ms.customeraccessor","microservice":"customeraccessor","project":"customeraccessor-service","provider":"amdocs","release":"customeraccessor-release"},"clusterIP":"172.30.88.12","type":"NodePort","sessionAffinity":"None","externalTrafficPolicy":"Cluster"},"status":{"loadBalancer":{}}},{"metadata":{"name":"digitalexp-api-service","namespace":"oc-cd-1017-pranavd-pd","selfLink":"/api/v1/namespaces/oc-cd-1017-pranavd-pd/services/digitalexp-api-service","uid":"a6276347-b721-11e8-bb86-0050569a887c","resourceVersion":"66122275","creationTimestamp":"2018-09-13T06:52:58Z","labels":{"chart":"digitalexp-api-0.1.1-0102","expose":"true","microservice":"digitalexp-api","project":"digitalexp-api","provider":"amdocs","release":"digitalexpapi-release"},"annotations":{"fabric8.io/iconUrl":"img/icons/spring-boot.svg","kubectl.kubernetes.io/last-applied-configuration":"{\"apiVersion\":\"v1\",\"kind\":\"Service\",\"metadata\":{\"annotations\":{\"fabric8.io/iconUrl\":\"img/icons/spring-boot.svg\"},\"creationTimestamp\":null,\"labels\":{\"chart\":\"digitalexp-api-0.1.1-0102\",\"expose\":\"true\",\"microservice\":\"digitalexp-api\",\"project\":\"digitalexp-api\",\"provider\":\"amdocs\",\"release\":\"digitalexpapi-release\"},\"name\":\"digitalexp-api-service\",\"namespace\":\"oc-cd-1017-pranavd-pd\"},\"spec\":{\"externalTrafficPolicy\":\"Cluster\",\"ports\":[{\"name\":\"http\",\"port\":8080,\"protocol\":\"TCP\",\"targetPort\":8080},{\"name\":\"metrics\",\"port\":5555,\"protocol\":\"TCP\",\"targetPort\":\"metrics\"}],\"selector\":{\"microservice\":\"digitalexp-api\",\"project\":\"digitalexp-api\",\"provider\":\"amdocs\",\"release\":\"digitalexpapi-release\"},\"sessionAffinity\":\"None\",\"type\":\"NodePort\"},\"status\":{\"loadBalancer\":{}}}\n"}},"spec":{"ports":[{"name":"http","protocol":"TCP","port":8080,"targetPort":8080,"nodePort":32773},{"name":"metrics","protocol":"TCP","port":5555,"targetPort":"metrics","nodePort":31147}],"selector":{"microservice":"digitalexp-api","project":"digitalexp-api","provider":"amdocs","release":"digitalexpapi-release"},"clusterIP":"172.30.8.121","type":"NodePort","sessionAffinity":"None","externalTrafficPolicy":"Cluster"},"status":{"loadBalancer":{}}},{"metadata":{"name":"dispatcher-service","namespace":"oc-cd-1017-pranavd-pd","selfLink":"/api/v1/namespaces/oc-cd-1017-pranavd-pd/services/dispatcher-service","uid":"a6407ce8-b721-11e8-bb86-0050569a887c","resourceVersion":"66122289","creationTimestamp":"2018-09-13T06:52:58Z","labels":{"app":"dispatcher-service","chart":"dispatcher-service-1.5.0","prometheus":"amdocs-prometheus","release":"dispatcher-service-release"},"annotations":{"kubectl.kubernetes.io/last-applied-configuration":"{\"apiVersion\":\"v1\",\"kind\":\"Service\",\"metadata\":{\"annotations\":{},\"creationTimestamp\":null,\"labels\":{\"app\":\"dispatcher-service\",\"chart\":\"dispatcher-service-1.5.0\",\"prometheus\":\"amdocs-prometheus\",\"release\":\"dispatcher-service-release\"},\"name\":\"dispatcher-service\",\"namespace\":\"oc-cd-1017-pranavd-pd\"},\"spec\":{\"externalTrafficPolicy\":\"Cluster\",\"ports\":[{\"name\":\"server\",\"port\":8080,\"protocol\":\"TCP\",\"targetPort\":\"server\"},{\"name\":\"management\",\"port\":8081,\"protocol\":\"TCP\",\"targetPort\":\"management\"},{\"name\":\"metrics\",\"port\":5555,\"protocol\":\"TCP\",\"targetPort\":\"metrics\"},{\"name\":\"debug\",\"port\":5005,\"protocol\":\"TCP\",\"targetPort\":\"debug\"}],\"selector\":{\"app\":\"dispatcher-service\",\"group\":\"com.amdocs.catalogone\",\"provider\":\"amdocs\",\"release\":\"dispatcher-service-release\"},\"sessionAffinity\":\"None\",\"type\":\"NodePort\"},\"status\":{\"loadBalancer\":{}}}\n"}},"spec":{"ports":[{"name":"server","protocol":"TCP","port":8080,"targetPort":"server","nodePort":32299},{"name":"management","protocol":"TCP","port":8081,"targetPort":"management","nodePort":33176},{"name":"metrics","protocol":"TCP","port":5555,"targetPort":"metrics","nodePort":30397},{"name":"debug","protocol":"TCP","port":5005,"targetPort":"debug","nodePort":30537}],"selector":{"app":"dispatcher-service","group":"com.amdocs.catalogone","provider":"amdocs","release":"dispatcher-service-release"},"clusterIP":"172.30.210.226","type":"NodePort","sessionAffinity":"None","externalTrafficPolicy":"Cluster"},"status":{"loadBalancer":{}}},{"metadata":{"name":"elasticsearch-service","namespace":"oc-cd-1017-pranavd-pd","selfLink":"/api/v1/namespaces/oc-cd-1017-pranavd-pd/services/elasticsearch-service","uid":"9da30b3a-b721-11e8-bb86-0050569a887c","resourceVersion":"66122298","creationTimestamp":"2018-09-13T06:52:44Z","annotations":{"kubectl.kubernetes.io/last-applied-configuration":"{\"apiVersion\":\"v1\",\"kind\":\"Service\",\"metadata\":{\"annotations\":{},\"creationTimestamp\":null,\"name\":\"elasticsearch-service\",\"namespace\":\"oc-cd-1017-pranavd-pd\"},\"spec\":{\"ports\":[{\"name\":\"elasticsearch-port\",\"port\":9200,\"protocol\":\"TCP\",\"targetPort\":9200}],\"sessionAffinity\":\"None\",\"type\":\"ClusterIP\"},\"status\":{\"loadBalancer\":{}}}\n"}},"spec":{"ports":[{"name":"elasticsearch-port","protocol":"TCP","port":9200,"targetPort":9200}],"clusterIP":"172.30.186.11","type":"ClusterIP","sessionAffinity":"None"},"status":{"loadBalancer":{}}},{"metadata":{"name":"import-service","namespace":"oc-cd-1017-pranavd-pd","selfLink":"/api/v1/namespaces/oc-cd-1017-pranavd-pd/services/import-service","uid":"a6623c5d-b721-11e8-bb86-0050569a887c","resourceVersion":"66122310","creationTimestamp":"2018-09-13T06:52:58Z","labels":{"app":"import-service","chart":"import-service-1.3.0","heritage":"Tiller","monitored":"prometheus","monitoring":"prometheus","prometheus":"amdocs-prometheus","release":"import-service-release"},"annotations":{"kubectl.kubernetes.io/last-applied-configuration":"{\"apiVersion\":\"v1\",\"kind\":\"Service\",\"metadata\":{\"annotations\":{},\"creationTimestamp\":null,\"labels\":{\"app\":\"import-service\",\"chart\":\"import-service-1.3.0\",\"heritage\":\"Tiller\",\"monitored\":\"prometheus\",\"monitoring\":\"prometheus\",\"prometheus\":\"amdocs-prometheus\",\"release\":\"import-service-release\"},\"name\":\"import-service\",\"namespace\":\"oc-cd-1017-pranavd-pd\"},\"spec\":{\"externalTrafficPolicy\":\"Cluster\",\"ports\":[{\"name\":\"server\",\"port\":8080,\"protocol\":\"TCP\",\"targetPort\":8080},{\"name\":\"management\",\"port\":8081,\"protocol\":\"TCP\",\"targetPort\":8081},{\"name\":\"metrics\",\"port\":5555,\"protocol\":\"TCP\",\"targetPort\":\"metrics\"}],\"selector\":{\"app\":\"import-service\",\"group\":\"com.amdocs.catalogone\",\"provider\":\"amdocs\",\"release\":\"import-service-release\"},\"sessionAffinity\":\"None\",\"type\":\"NodePort\"},\"status\":{\"loadBalancer\":{}}}\n"}},"spec":{"ports":[{"name":"server","protocol":"TCP","port":8080,"targetPort":8080,"nodePort":31710},{"name":"management","protocol":"TCP","port":8081,"targetPort":8081,"nodePort":30570},{"name":"metrics","protocol":"TCP","port":5555,"targetPort":"metrics","nodePort":32824}],"selector":{"app":"import-service","group":"com.amdocs.catalogone","provider":"amdocs","release":"import-service-release"},"clusterIP":"172.30.130.217","type":"NodePort","sessionAffinity":"None","externalTrafficPolicy":"Cluster"},"status":{"loadBalancer":{}}},{"metadata":{"name":"jenkins","namespace":"oc-cd-1017-pranavd-pd","selfLink":"/api/v1/namespaces/oc-cd-1017-pranavd-pd/services/jenkins","uid":"a66c99db-b721-11e8-bb86-0050569a887c","resourceVersion":"66122314","creationTimestamp":"2018-09-13T06:52:58Z","annotations":{"kubectl.kubernetes.io/last-applied-configuration":"{\"apiVersion\":\"v1\",\"kind\":\"Service\",\"metadata\":{\"annotations\":{},\"creationTimestamp\":null,\"name\":\"jenkins\",\"namespace\":\"oc-cd-1017-pranavd-pd\"},\"spec\":{\"ports\":[{\"name\":\"web\",\"port\":80,\"protocol\":\"TCP\",\"targetPort\":8080}],\"sessionAffinity\":\"None\",\"type\":\"ClusterIP\"},\"status\":{\"loadBalancer\":{}}}\n"}},"spec":{"ports":[{"name":"web","protocol":"TCP","port":80,"targetPort":8080}],"clusterIP":"172.30.47.210","type":"ClusterIP","sessionAffinity":"None"},"status":{"loadBalancer":{}}},{"metadata":{"name":"jenkins-jnlp","namespace":"oc-cd-1017-pranavd-pd","selfLink":"/api/v1/namespaces/oc-cd-1017-pranavd-pd/services/jenkins-jnlp","uid":"a6745a9a-b721-11e8-bb86-0050569a887c","resourceVersion":"66122318","creationTimestamp":"2018-09-13T06:52:58Z","annotations":{"kubectl.kubernetes.io/last-applied-configuration":"{\"apiVersion\":\"v1\",\"kind\":\"Service\",\"metadata\":{\"annotations\":{},\"creationTimestamp\":null,\"name\":\"jenkins-jnlp\",\"namespace\":\"oc-cd-1017-pranavd-pd\"},\"spec\":{\"ports\":[{\"name\":\"agent\",\"port\":50000,\"protocol\":\"TCP\",\"targetPort\":50000}],\"sessionAffinity\":\"None\",\"type\":\"ClusterIP\"},\"status\":{\"loadBalancer\":{}}}\n"}},"spec":{"ports":[{"name":"agent","protocol":"TCP","port":50000,"targetPort":50000}],"clusterIP":"172.30.230.22","type":"ClusterIP","sessionAffinity":"None"},"status":{"loadBalancer":{}}},{"metadata":{"name":"kafka-service","namespace":"oc-cd-1017-pranavd-pd","selfLink":"/api/v1/namespaces/oc-cd-1017-pranavd-pd/services/kafka-service","uid":"9db38a98-b721-11e8-bb86-0050569a887c","resourceVersion":"66120865","creationTimestamp":"2018-09-13T06:52:44Z","labels":{"projectexportable":"No"},"annotations":{"kubectl.kubernetes.io/last-applied-configuration":"{\"apiVersion\":\"v1\",\"kind\":\"Service\",\"metadata\":{\"annotations\":{},\"labels\":{\"projectexportable\":\"No\"},\"name\":\"kafka-service\",\"namespace\":\"oc-cd-1017-pranavd-pd\"},\"spec\":{\"ports\":[{\"name\":\"kafka-port\",\"nodePort\":0,\"port\":9092,\"protocol\":\"TCP\",\"targetPort\":9092}],\"selector\":{}}}\n"}},"spec":{"ports":[{"name":"kafka-port","protocol":"TCP","port":9092,"targetPort":9092}],"clusterIP":"172.30.108.55","type":"ClusterIP","sessionAffinity":"None"},"status":{"loadBalancer":{}}},{"metadata":{"name":"managed-resource-service","namespace":"oc-cd-1017-pranavd-pd","selfLink":"/api/v1/namespaces/oc-cd-1017-pranavd-pd/services/managed-resource-service","uid":"a67e43fb-b721-11e8-bb86-0050569a887c","resourceVersion":"66122323","creationTimestamp":"2018-09-13T06:52:58Z","labels":{"chart":"managed-resource-0.1.1-0031","expose":"true","microservice":"managed-resource","project":"managed-resource","provider":"amdocs","release":"managed-resource-release"},"annotations":{"fabric8.io/iconUrl":"img/icons/spring-boot.svg","kubectl.kubernetes.io/last-applied-configuration":"{\"apiVersion\":\"v1\",\"kind\":\"Service\",\"metadata\":{\"annotations\":{\"fabric8.io/iconUrl\":\"img/icons/spring-boot.svg\"},\"creationTimestamp\":null,\"labels\":{\"chart\":\"managed-resource-0.1.1-0031\",\"expose\":\"true\",\"microservice\":\"managed-resource\",\"project\":\"managed-resource\",\"provider\":\"amdocs\",\"release\":\"managed-resource-release\"},\"name\":\"managed-resource-service\",\"namespace\":\"oc-cd-1017-pranavd-pd\"},\"spec\":{\"externalTrafficPolicy\":\"Cluster\",\"ports\":[{\"name\":\"http\",\"port\":8080,\"protocol\":\"TCP\",\"targetPort\":8080},{\"name\":\"metrics\",\"port\":5555,\"protocol\":\"TCP\",\"targetPort\":\"metrics\"}],\"selector\":{\"microservice\":\"managed-resource\",\"project\":\"managed-resource\",\"provider\":\"amdocs\",\"release\":\"managed-resource-release\"},\"sessionAffinity\":\"None\",\"type\":\"NodePort\"},\"status\":{\"loadBalancer\":{}}}\n"}},"spec":{"ports":[{"name":"http","protocol":"TCP","port":8080,"targetPort":8080,"nodePort":33039},{"name":"metrics","protocol":"TCP","port":5555,"targetPort":"metrics","nodePort":33526}],"selector":{"microservice":"managed-resource","project":"managed-resource","provider":"amdocs","release":"managed-resource-release"},"clusterIP":"172.30.195.9","type":"NodePort","sessionAffinity":"None","externalTrafficPolicy":"Cluster"},"status":{"loadBalancer":{}}},{"metadata":{"name":"metadata-entity-command-service","namespace":"oc-cd-1017-pranavd-pd","selfLink":"/api/v1/namespaces/oc-cd-1017-pranavd-pd/services/metadata-entity-command-service","uid":"a68ec63a-b721-11e8-bb86-0050569a887c","resourceVersion":"66122333","creationTimestamp":"2018-09-13T06:52:59Z","labels":{"app":"metadata-entity-command-service","prometheus":"amdocs-prometheus","release":"metadata-entity-command-release"},"annotations":{"kubectl.kubernetes.io/last-applied-configuration":"{\"apiVersion\":\"v1\",\"kind\":\"Service\",\"metadata\":{\"annotations\":{},\"creationTimestamp\":null,\"labels\":{\"app\":\"metadata-entity-command-service\",\"prometheus\":\"amdocs-prometheus\",\"release\":\"metadata-entity-command-release\"},\"name\":\"metadata-entity-command-service\",\"namespace\":\"oc-cd-1017-pranavd-pd\"},\"spec\":{\"externalTrafficPolicy\":\"Cluster\",\"ports\":[{\"name\":\"server\",\"port\":8080,\"protocol\":\"TCP\",\"targetPort\":\"server\"},{\"name\":\"management\",\"port\":8081,\"protocol\":\"TCP\",\"targetPort\":\"management\"},{\"name\":\"metrics\",\"port\":5555,\"protocol\":\"TCP\",\"targetPort\":\"metrics\"},{\"name\":\"debug\",\"port\":5005,\"protocol\":\"TCP\",\"targetPort\":\"debug\"}],\"selector\":{\"app\":\"metadata-entity-command-service\",\"group\":\"com.amdocs.catalogone\",\"release\":\"metadata-entity-command-release\"},\"sessionAffinity\":\"None\",\"type\":\"NodePort\"},\"status\":{\"loadBalancer\":{}}}\n"}},"spec":{"ports":[{"name":"server","protocol":"TCP","port":8080,"targetPort":"server","nodePort":31182},{"name":"management","protocol":"TCP","port":8081,"targetPort":"management","nodePort":30402},{"name":"metrics","protocol":"TCP","port":5555,"targetPort":"metrics","nodePort":31226},{"name":"debug","protocol":"TCP","port":5005,"targetPort":"debug","nodePort":33756}],"selector":{"app":"metadata-entity-command-service","group":"com.amdocs.catalogone","release":"metadata-entity-command-release"},"clusterIP":"172.30.47.117","type":"NodePort","sessionAffinity":"None","externalTrafficPolicy":"Cluster"},"status":{"loadBalancer":{}}},{"metadata":{"name":"orderitemaccessor-service","namespace":"oc-cd-1017-pranavd-pd","selfLink":"/api/v1/namespaces/oc-cd-1017-pranavd-pd/services/orderitemaccessor-service","uid":"a6a74533-b721-11e8-bb86-0050569a887c","resourceVersion":"66122346","creationTimestamp":"2018-09-13T06:52:59Z","labels":{"chart":"orderitemaccessor-1.0.1-0007","expose":"true","microservice":"orderitemaccessor","monitored":"prometheus","monitoring":"prometheus","project":"orderitemaccessor","provider":"amdocs","release":"orderitemaccessor-release"},"annotations":{"fabric8.io/iconUrl":"img/icons/spring-boot.svg","kubectl.kubernetes.io/last-applied-configuration":"{\"apiVersion\":\"v1\",\"kind\":\"Service\",\"metadata\":{\"annotations\":{\"fabric8.io/iconUrl\":\"img/icons/spring-boot.svg\"},\"creationTimestamp\":null,\"labels\":{\"chart\":\"orderitemaccessor-1.0.1-0007\",\"expose\":\"true\",\"microservice\":\"orderitemaccessor\",\"monitored\":\"prometheus\",\"monitoring\":\"prometheus\",\"project\":\"orderitemaccessor\",\"provider\":\"amdocs\",\"release\":\"orderitemaccessor-release\"},\"name\":\"orderitemaccessor-service\",\"namespace\":\"oc-cd-1017-pranavd-pd\"},\"spec\":{\"externalTrafficPolicy\":\"Cluster\",\"ports\":[{\"name\":\"http\",\"port\":8080,\"protocol\":\"TCP\",\"targetPort\":8080},{\"name\":\"metrics\",\"port\":5555,\"protocol\":\"TCP\",\"targetPort\":\"metrics\"}],\"selector\":{\"microservice\":\"orderitemaccessor\",\"project\":\"orderitemaccessor\",\"provider\":\"amdocs\",\"release\":\"orderitemaccessor-release\"},\"sessionAffinity\":\"None\",\"type\":\"NodePort\"},\"status\":{\"loadBalancer\":{}}}\n"}},"spec":{"ports":[{"name":"http","protocol":"TCP","port":8080,"targetPort":8080,"nodePort":30446},{"name":"metrics","protocol":"TCP","port":5555,"targetPort":"metrics","nodePort":32482}],"selector":{"microservice":"orderitemaccessor","project":"orderitemaccessor","provider":"amdocs","release":"orderitemaccessor-release"},"clusterIP":"172.30.0.232","type":"NodePort","sessionAffinity":"None","externalTrafficPolicy":"Cluster"},"status":{"loadBalancer":{}}},{"metadata":{"name":"paymentmanagement-payment-service","namespace":"oc-cd-1017-pranavd-pd","selfLink":"/api/v1/namespaces/oc-cd-1017-pranavd-pd/services/paymentmanagement-payment-service","uid":"a6b59005-b721-11e8-bb86-0050569a887c","resourceVersion":"66122355","creationTimestamp":"2018-09-13T06:52:59Z","labels":{"chart":"paymentmanagement-payment-0.1.1-0025","expose":"true","microservice":"paymentmanagement-paymen","monitored":"prometheus","monitoring":"prometheus","project":"paymentmanagement-payment","provider":"amdocs","release":"paymentmanagement-payment-release"},"annotations":{"fabric8.io/iconUrl":"img/icons/spring-boot.svg","kubectl.kubernetes.io/last-applied-configuration":"{\"apiVersion\":\"v1\",\"kind\":\"Service\",\"metadata\":{\"annotations\":{\"fabric8.io/iconUrl\":\"img/icons/spring-boot.svg\"},\"creationTimestamp\":null,\"labels\":{\"chart\":\"paymentmanagement-payment-0.1.1-0025\",\"expose\":\"true\",\"microservice\":\"paymentmanagement-paymen\",\"monitored\":\"prometheus\",\"monitoring\":\"prometheus\",\"project\":\"paymentmanagement-payment\",\"provider\":\"amdocs\",\"release\":\"paymentmanagement-payment-release\"},\"name\":\"paymentmanagement-payment-service\",\"namespace\":\"oc-cd-1017-pranavd-pd\"},\"spec\":{\"externalTrafficPolicy\":\"Cluster\",\"ports\":[{\"name\":\"http\",\"port\":8080,\"protocol\":\"TCP\",\"targetPort\":8080},{\"name\":\"https\",\"port\":8443,\"protocol\":\"TCP\",\"targetPort\":\"https\"},{\"name\":\"metrics\",\"port\":5555,\"protocol\":\"TCP\",\"targetPort\":\"metrics\"},{\"name\":\"jacoco\",\"port\":6300,\"protocol\":\"TCP\",\"targetPort\":6300},{\"name\":\"management\",\"port\":18080,\"protocol\":\"TCP\",\"targetPort\":18080}],\"selector\":{\"microservice\":\"paymentmanagement-paymen\",\"project\":\"paymentmanagement-payment\",\"provider\":\"amdocs\",\"release\":\"paymentmanagement-payment-release\"},\"sessionAffinity\":\"None\",\"type\":\"NodePort\"},\"status\":{\"loadBalancer\":{}}}\n"}},"spec":{"ports":[{"name":"http","protocol":"TCP","port":8080,"targetPort":8080,"nodePort":30454},{"name":"https","protocol":"TCP","port":8443,"targetPort":"https","nodePort":31587},{"name":"metrics","protocol":"TCP","port":5555,"targetPort":"metrics","nodePort":34133},{"name":"jacoco","protocol":"TCP","port":6300,"targetPort":6300,"nodePort":31230},{"name":"management","protocol":"TCP","port":18080,"targetPort":18080,"nodePort":31509}],"selector":{"microservice":"paymentmanagement-paymen","project":"paymentmanagement-payment","provider":"amdocs","release":"paymentmanagement-payment-release"},"clusterIP":"172.30.119.109","type":"NodePort","sessionAffinity":"None","externalTrafficPolicy":"Cluster"},"status":{"loadBalancer":{}}},{"metadata":{"name":"phoneportin-phoneportinbridge-service","namespace":"oc-cd-1017-pranavd-pd","selfLink":"/api/v1/namespaces/oc-cd-1017-pranavd-pd/services/phoneportin-phoneportinbridge-service","uid":"a6c5ba33-b721-11e8-bb86-0050569a887c","resourceVersion":"66122365","creationTimestamp":"2018-09-13T06:52:59Z","labels":{"chart":"phoneportin-phoneportinbridge-0.1.1-0017","expose":"true","microservice":"phoneportin-phoneportinb","monitored":"prometheus","monitoring":"prometheus","project":"phoneportin-phoneportinbridge","provider":"amdocs","release":"phoneportin-phoneportinbridge-release"},"annotations":{"fabric8.io/iconUrl":"img/icons/spring-boot.svg","kubectl.kubernetes.io/last-applied-configuration":"{\"apiVersion\":\"v1\",\"kind\":\"Service\",\"metadata\":{\"annotations\":{\"fabric8.io/iconUrl\":\"img/icons/spring-boot.svg\"},\"creationTimestamp\":null,\"labels\":{\"chart\":\"phoneportin-phoneportinbridge-0.1.1-0017\",\"expose\":\"true\",\"microservice\":\"phoneportin-phoneportinb\",\"monitored\":\"prometheus\",\"monitoring\":\"prometheus\",\"project\":\"phoneportin-phoneportinbridge\",\"provider\":\"amdocs\",\"release\":\"phoneportin-phoneportinbridge-release\"},\"name\":\"phoneportin-phoneportinbridge-service\",\"namespace\":\"oc-cd-1017-pranavd-pd\"},\"spec\":{\"externalTrafficPolicy\":\"Cluster\",\"ports\":[{\"name\":\"http\",\"port\":8080,\"protocol\":\"TCP\",\"targetPort\":8080},{\"name\":\"https\",\"port\":8443,\"protocol\":\"TCP\",\"targetPort\":\"https\"},{\"name\":\"metrics\",\"port\":5555,\"protocol\":\"TCP\",\"targetPort\":\"metrics\"}],\"selector\":{\"microservice\":\"phoneportin-phoneportinb\",\"project\":\"phoneportin-phoneportinbridge\",\"provider\":\"amdocs\",\"release\":\"phoneportin-phoneportinbridge-release\"},\"sessionAffinity\":\"None\",\"type\":\"NodePort\"},\"status\":{\"loadBalancer\":{}}}\n"}},"spec":{"ports":[{"name":"http","protocol":"TCP","port":8080,"targetPort":8080,"nodePort":32054},{"name":"https","protocol":"TCP","port":8443,"targetPort":"https","nodePort":33343},{"name":"metrics","protocol":"TCP","port":5555,"targetPort":"metrics","nodePort":30711}],"selector":{"microservice":"phoneportin-phoneportinb","project":"phoneportin-phoneportinbridge","provider":"amdocs","release":"phoneportin-phoneportinbridge-release"},"clusterIP":"172.30.184.15","type":"NodePort","sessionAffinity":"None","externalTrafficPolicy":"Cluster"},"status":{"loadBalancer":{}}},{"metadata":{"name":"pi-factory-service","namespace":"oc-cd-1017-pranavd-pd","selfLink":"/api/v1/namespaces/oc-cd-1017-pranavd-pd/services/pi-factory-service","uid":"a6d66ace-b721-11e8-bb86-0050569a887c","resourceVersion":"66122376","creationTimestamp":"2018-09-13T06:52:59Z","labels":{"chart":"pi-factory-0.1.1-0051","expose":"true","microservice":"pi-factory","monitored":"prometheus","monitoring":"prometheus","project":"pi-factory","provider":"amdocs","release":"pi-factory-release"},"annotations":{"fabric8.io/iconUrl":"img/icons/spring-boot.svg","kubectl.kubernetes.io/last-applied-configuration":"{\"apiVersion\":\"v1\",\"kind\":\"Service\",\"metadata\":{\"annotations\":{\"fabric8.io/iconUrl\":\"img/icons/spring-boot.svg\"},\"creationTimestamp\":null,\"labels\":{\"chart\":\"pi-factory-0.1.1-0051\",\"expose\":\"true\",\"microservice\":\"pi-factory\",\"monitored\":\"prometheus\",\"monitoring\":\"prometheus\",\"project\":\"pi-factory\",\"provider\":\"amdocs\",\"release\":\"pi-factory-release\"},\"name\":\"pi-factory-service\",\"namespace\":\"oc-cd-1017-pranavd-pd\"},\"spec\":{\"externalTrafficPolicy\":\"Cluster\",\"ports\":[{\"name\":\"http\",\"port\":8080,\"protocol\":\"TCP\",\"targetPort\":8080},{\"name\":\"metrics\",\"port\":5555,\"protocol\":\"TCP\",\"targetPort\":\"metrics\"},{\"name\":\"jacoco\",\"port\":6300,\"protocol\":\"TCP\",\"targetPort\":6300},{\"name\":\"management\",\"port\":8081,\"protocol\":\"TCP\",\"targetPort\":8081}],\"selector\":{\"microservice\":\"pi-factory\",\"project\":\"pi-factory\",\"provider\":\"amdocs\",\"release\":\"pi-factory-release\"},\"sessionAffinity\":\"None\",\"type\":\"NodePort\"},\"status\":{\"loadBalancer\":{}}}\n"}},"spec":{"ports":[{"name":"http","protocol":"TCP","port":8080,"targetPort":8080,"nodePort":31345},{"name":"metrics","protocol":"TCP","port":5555,"targetPort":"metrics","nodePort":30462},{"name":"jacoco","protocol":"TCP","port":6300,"targetPort":6300,"nodePort":32526},{"name":"management","protocol":"TCP","port":8081,"targetPort":8081,"nodePort":35431}],"selector":{"microservice":"pi-factory","project":"pi-factory","provider":"amdocs","release":"pi-factory-release"},"clusterIP":"172.30.205.149","type":"NodePort","sessionAffinity":"None","externalTrafficPolicy":"Cluster"},"status":{"loadBalancer":{}}},{"metadata":{"name":"pi-product-service","namespace":"oc-cd-1017-pranavd-pd","selfLink":"/api/v1/namespaces/oc-cd-1017-pranavd-pd/services/pi-product-service","uid":"a6e5a0ec-b721-11e8-bb86-0050569a887c","resourceVersion":"66122383","creationTimestamp":"2018-09-13T06:52:59Z","labels":{"chart":"pi-product-0.1.1-0046","expose":"true","microservice":"pi-product","monitored":"prometheus","monitoring":"prometheus","project":"pi-product","provider":"amdocs","release":"pi-product-release"},"annotations":{"fabric8.io/iconUrl":"img/icons/spring-boot.svg","kubectl.kubernetes.io/last-applied-configuration":"{\"apiVersion\":\"v1\",\"kind\":\"Service\",\"metadata\":{\"annotations\":{\"fabric8.io/iconUrl\":\"img/icons/spring-boot.svg\"},\"creationTimestamp\":null,\"labels\":{\"chart\":\"pi-product-0.1.1-0046\",\"expose\":\"true\",\"microservice\":\"pi-product\",\"monitored\":\"prometheus\",\"monitoring\":\"prometheus\",\"project\":\"pi-product\",\"provider\":\"amdocs\",\"release\":\"pi-product-release\"},\"name\":\"pi-product-service\",\"namespace\":\"oc-cd-1017-pranavd-pd\"},\"spec\":{\"externalTrafficPolicy\":\"Cluster\",\"ports\":[{\"name\":\"http\",\"port\":8080,\"protocol\":\"TCP\",\"targetPort\":8080},{\"name\":\"metrics\",\"port\":5555,\"protocol\":\"TCP\",\"targetPort\":\"metrics\"}],\"selector\":{\"microservice\":\"pi-product\",\"project\":\"pi-product\",\"provider\":\"amdocs\",\"release\":\"pi-product-release\"},\"sessionAffinity\":\"None\",\"type\":\"NodePort\"},\"status\":{\"loadBalancer\":{}}}\n"}},"spec":{"ports":[{"name":"http","protocol":"TCP","port":8080,"targetPort":8080,"nodePort":34224},{"name":"metrics","protocol":"TCP","port":5555,"targetPort":"metrics","nodePort":34750}],"selector":{"microservice":"pi-product","project":"pi-product","provider":"amdocs","release":"pi-product-release"},"clusterIP":"172.30.253.205","type":"NodePort","sessionAffinity":"None","externalTrafficPolicy":"Cluster"},"status":{"loadBalancer":{}}},{"metadata":{"name":"pi-validateproduct-service","namespace":"oc-cd-1017-pranavd-pd","selfLink":"/api/v1/namespaces/oc-cd-1017-pranavd-pd/services/pi-validateproduct-service","uid":"a6f7e7cb-b721-11e8-bb86-0050569a887c","resourceVersion":"66122395","creationTimestamp":"2018-09-13T06:52:59Z","labels":{"chart":"pi-validateproduct-0.1.1-0028","expose":"true","microservice":"pi-validateproduct","monitored":"prometheus","monitoring":"prometheus","project":"pi-validateproduct","provider":"amdocs","release":"pi-validateproduct-release"},"annotations":{"fabric8.io/iconUrl":"img/icons/spring-boot.svg","kubectl.kubernetes.io/last-applied-configuration":"{\"apiVersion\":\"v1\",\"kind\":\"Service\",\"metadata\":{\"annotations\":{\"fabric8.io/iconUrl\":\"img/icons/spring-boot.svg\"},\"creationTimestamp\":null,\"labels\":{\"chart\":\"pi-validateproduct-0.1.1-0028\",\"expose\":\"true\",\"microservice\":\"pi-validateproduct\",\"monitored\":\"prometheus\",\"monitoring\":\"prometheus\",\"project\":\"pi-validateproduct\",\"provider\":\"amdocs\",\"release\":\"pi-validateproduct-release\"},\"name\":\"pi-validateproduct-service\",\"namespace\":\"oc-cd-1017-pranavd-pd\"},\"spec\":{\"externalTrafficPolicy\":\"Cluster\",\"ports\":[{\"name\":\"http\",\"port\":8080,\"protocol\":\"TCP\",\"targetPort\":8080},{\"name\":\"metrics\",\"port\":5555,\"protocol\":\"TCP\",\"targetPort\":\"metrics\"},{\"name\":\"jacoco\",\"port\":6300,\"protocol\":\"TCP\",\"targetPort\":6300}],\"selector\":{\"microservice\":\"pi-validateproduct\",\"project\":\"pi-validateproduct\",\"provider\":\"amdocs\",\"release\":\"pi-validateproduct-release\"},\"sessionAffinity\":\"None\",\"type\":\"NodePort\"},\"status\":{\"loadBalancer\":{}}}\n"}},"spec":{"ports":[{"name":"http","protocol":"TCP","port":8080,"targetPort":8080,"nodePort":34572},{"name":"metrics","protocol":"TCP","port":5555,"targetPort":"metrics","nodePort":34122},{"name":"jacoco","protocol":"TCP","port":6300,"targetPort":6300,"nodePort":35317}],"selector":{"microservice":"pi-validateproduct","project":"pi-validateproduct","provider":"amdocs","release":"pi-validateproduct-release"},"clusterIP":"172.30.47.40","type":"NodePort","sessionAffinity":"None","externalTrafficPolicy":"Cluster"},"status":{"loadBalancer":{}}},{"metadata":{"name":"pod-category-service","namespace":"oc-cd-1017-pranavd-pd","selfLink":"/api/v1/namespaces/oc-cd-1017-pranavd-pd/services/pod-category-service","uid":"a707ca83-b721-11e8-bb86-0050569a887c","resourceVersion":"66122401","creationTimestamp":"2018-09-13T06:52:59Z","labels":{"chart":"pod-category-0.1.1-0015","expose":"true","microservice":"pod-category","monitored":"prometheus","monitoring":"prometheus","project":"pod-category","provider":"amdocs","release":"pod-category-release"},"annotations":{"fabric8.io/iconUrl":"img/icons/spring-boot.svg","kubectl.kubernetes.io/last-applied-configuration":"{\"apiVersion\":\"v1\",\"kind\":\"Service\",\"metadata\":{\"annotations\":{\"fabric8.io/iconUrl\":\"img/icons/spring-boot.svg\"},\"creationTimestamp\":null,\"labels\":{\"chart\":\"pod-category-0.1.1-0015\",\"expose\":\"true\",\"microservice\":\"pod-category\",\"monitored\":\"prometheus\",\"monitoring\":\"prometheus\",\"project\":\"pod-category\",\"provider\":\"amdocs\",\"release\":\"pod-category-release\"},\"name\":\"pod-category-service\",\"namespace\":\"oc-cd-1017-pranavd-pd\"},\"spec\":{\"externalTrafficPolicy\":\"Cluster\",\"ports\":[{\"name\":\"http\",\"port\":8080,\"protocol\":\"TCP\",\"targetPort\":8080},{\"name\":\"metrics\",\"port\":5555,\"protocol\":\"TCP\",\"targetPort\":\"metrics\"}],\"selector\":{\"microservice\":\"pod-category\",\"project\":\"pod-category\",\"provider\":\"amdocs\",\"release\":\"pod-category-release\"},\"sessionAffinity\":\"None\",\"type\":\"NodePort\"},\"status\":{\"loadBalancer\":{}}}\n"}},"spec":{"ports":[{"name":"http","protocol":"TCP","port":8080,"targetPort":8080,"nodePort":35227},{"name":"metrics","protocol":"TCP","port":5555,"targetPort":"metrics","nodePort":32828}],"selector":{"microservice":"pod-category","project":"pod-category","provider":"amdocs","release":"pod-category-release"},"clusterIP":"172.30.243.145","type":"NodePort","sessionAffinity":"None","externalTrafficPolicy":"Cluster"},"status":{"loadBalancer":{}}},{"metadata":{"name":"pod-experience-service","namespace":"oc-cd-1017-pranavd-pd","selfLink":"/api/v1/namespaces/oc-cd-1017-pranavd-pd/services/pod-experience-service","uid":"a71a13fb-b721-11e8-bb86-0050569a887c","resourceVersion":"66122409","creationTimestamp":"2018-09-13T06:53:00Z","labels":{"chart":"pod-experience-0.1.1-0030","expose":"true","microservice":"pod-experience","monitored":"prometheus","monitoring":"prometheus","project":"pod-experience","provider":"amdocs","release":"pod-experience-release"},"annotations":{"fabric8.io/iconUrl":"img/icons/spring-boot.svg","kubectl.kubernetes.io/last-applied-configuration":"{\"apiVersion\":\"v1\",\"kind\":\"Service\",\"metadata\":{\"annotations\":{\"fabric8.io/iconUrl\":\"img/icons/spring-boot.svg\"},\"creationTimestamp\":null,\"labels\":{\"chart\":\"pod-experience-0.1.1-0030\",\"expose\":\"true\",\"microservice\":\"pod-experience\",\"monitored\":\"prometheus\",\"monitoring\":\"prometheus\",\"project\":\"pod-experience\",\"provider\":\"amdocs\",\"release\":\"pod-experience-release\"},\"name\":\"pod-experience-service\",\"namespace\":\"oc-cd-1017-pranavd-pd\"},\"spec\":{\"externalTrafficPolicy\":\"Cluster\",\"ports\":[{\"name\":\"http\",\"port\":8080,\"protocol\":\"TCP\",\"targetPort\":8080},{\"name\":\"metrics\",\"port\":5555,\"protocol\":\"TCP\",\"targetPort\":\"metrics\"}],\"selector\":{\"microservice\":\"pod-experience\",\"project\":\"pod-experience\",\"provider\":\"amdocs\",\"release\":\"pod-experience-release\"},\"sessionAffinity\":\"None\",\"type\":\"NodePort\"},\"status\":{\"loadBalancer\":{}}}\n"}},"spec":{"ports":[{"name":"http","protocol":"TCP","port":8080,"targetPort":8080,"nodePort":32525},{"name":"metrics","protocol":"TCP","port":5555,"targetPort":"metrics","nodePort":31297}],"selector":{"microservice":"pod-experience","project":"pod-experience","provider":"amdocs","release":"pod-experience-release"},"clusterIP":"172.30.205.217","type":"NodePort","sessionAffinity":"None","externalTrafficPolicy":"Cluster"},"status":{"loadBalancer":{}}},{"metadata":{"name":"pod-price-service","namespace":"oc-cd-1017-pranavd-pd","selfLink":"/api/v1/namespaces/oc-cd-1017-pranavd-pd/services/pod-price-service","uid":"a72bc0ae-b721-11e8-bb86-0050569a887c","resourceVersion":"66122414","creationTimestamp":"2018-09-13T06:53:00Z","labels":{"chart":"pod-price-0.1.1-0055","expose":"true","microservice":"pod-price","project":"pod-price","provider":"amdocs","release":"pod-price-release"},"annotations":{"fabric8.io/iconUrl":"img/icons/spring-boot.svg","kubectl.kubernetes.io/last-applied-configuration":"{\"apiVersion\":\"v1\",\"kind\":\"Service\",\"metadata\":{\"annotations\":{\"fabric8.io/iconUrl\":\"img/icons/spring-boot.svg\"},\"creationTimestamp\":null,\"labels\":{\"chart\":\"pod-price-0.1.1-0055\",\"expose\":\"true\",\"microservice\":\"pod-price\",\"project\":\"pod-price\",\"provider\":\"amdocs\",\"release\":\"pod-price-release\"},\"name\":\"pod-price-service\",\"namespace\":\"oc-cd-1017-pranavd-pd\"},\"spec\":{\"externalTrafficPolicy\":\"Cluster\",\"ports\":[{\"name\":\"http\",\"port\":8080,\"protocol\":\"TCP\",\"targetPort\":8080},{\"name\":\"metrics\",\"port\":5555,\"protocol\":\"TCP\",\"targetPort\":\"metrics\"}],\"selector\":{\"microservice\":\"pod-price\",\"project\":\"pod-price\",\"provider\":\"amdocs\",\"release\":\"pod-price-release\"},\"sessionAffinity\":\"None\",\"type\":\"NodePort\"},\"status\":{\"loadBalancer\":{}}}\n"}},"spec":{"ports":[{"name":"http","protocol":"TCP","port":8080,"targetPort":8080,"nodePort":35442},{"name":"metrics","protocol":"TCP","port":5555,"targetPort":"metrics","nodePort":32604}],"selector":{"microservice":"pod-price","project":"pod-price","provider":"amdocs","release":"pod-price-release"},"clusterIP":"172.30.59.100","type":"NodePort","sessionAffinity":"None","externalTrafficPolicy":"Cluster"},"status":{"loadBalancer":{}}},{"metadata":{"name":"pod-productoffering-service","namespace":"oc-cd-1017-pranavd-pd","selfLink":"/api/v1/namespaces/oc-cd-1017-pranavd-pd/services/pod-productoffering-service","uid":"a73e0f51-b721-11e8-bb86-0050569a887c","resourceVersion":"66122421","creationTimestamp":"2018-09-13T06:53:00Z","labels":{"chart":"pod-productoffering-0.1.1-0047","expose":"true","microservice":"pod-productoffering","monitored":"prometheus","monitoring":"prometheus","project":"pod-productoffering","provider":"amdocs","release":"pod-productoffering-release"},"annotations":{"fabric8.io/iconUrl":"img/icons/spring-boot.svg","kubectl.kubernetes.io/last-applied-configuration":"{\"apiVersion\":\"v1\",\"kind\":\"Service\",\"metadata\":{\"annotations\":{\"fabric8.io/iconUrl\":\"img/icons/spring-boot.svg\"},\"creationTimestamp\":null,\"labels\":{\"chart\":\"pod-productoffering-0.1.1-0047\",\"expose\":\"true\",\"microservice\":\"pod-productoffering\",\"monitored\":\"prometheus\",\"monitoring\":\"prometheus\",\"project\":\"pod-productoffering\",\"provider\":\"amdocs\",\"release\":\"pod-productoffering-release\"},\"name\":\"pod-productoffering-service\",\"namespace\":\"oc-cd-1017-pranavd-pd\"},\"spec\":{\"externalTrafficPolicy\":\"Cluster\",\"ports\":[{\"name\":\"http\",\"port\":8080,\"protocol\":\"TCP\",\"targetPort\":8080},{\"name\":\"https\",\"port\":8443,\"protocol\":\"TCP\",\"targetPort\":\"https\"},{\"name\":\"metrics\",\"port\":5555,\"protocol\":\"TCP\",\"targetPort\":\"metrics\"}],\"selector\":{\"microservice\":\"pod-productoffering\",\"project\":\"pod-productoffering\",\"provider\":\"amdocs\",\"release\":\"pod-productoffering-release\"},\"sessionAffinity\":\"None\",\"type\":\"NodePort\"},\"status\":{\"loadBalancer\":{}}}\n"}},"spec":{"ports":[{"name":"http","protocol":"TCP","port":8080,"targetPort":8080,"nodePort":35261},{"name":"https","protocol":"TCP","port":8443,"targetPort":"https","nodePort":30713},{"name":"metrics","protocol":"TCP","port":5555,"targetPort":"metrics","nodePort":31299}],"selector":{"microservice":"pod-productoffering","project":"pod-productoffering","provider":"amdocs","release":"pod-productoffering-release"},"clusterIP":"172.30.116.109","type":"NodePort","sessionAffinity":"None","externalTrafficPolicy":"Cluster"},"status":{"loadBalancer":{}}},{"metadata":{"name":"pod-search-service","namespace":"oc-cd-1017-pranavd-pd","selfLink":"/api/v1/namespaces/oc-cd-1017-pranavd-pd/services/pod-search-service","uid":"a74c5535-b721-11e8-bb86-0050569a887c","resourceVersion":"66122428","creationTimestamp":"2018-09-13T06:53:00Z","labels":{"chart":"pod-search-0.1.1-0045","expose":"true","microservice":"pod-search","monitored":"prometheus","monitoring":"prometheus","project":"pod-search","provider":"amdocs","release":"pod-search-release"},"annotations":{"fabric8.io/iconUrl":"img/icons/spring-boot.svg","kubectl.kubernetes.io/last-applied-configuration":"{\"apiVersion\":\"v1\",\"kind\":\"Service\",\"metadata\":{\"annotations\":{\"fabric8.io/iconUrl\":\"img/icons/spring-boot.svg\"},\"creationTimestamp\":null,\"labels\":{\"chart\":\"pod-search-0.1.1-0045\",\"expose\":\"true\",\"microservice\":\"pod-search\",\"monitored\":\"prometheus\",\"monitoring\":\"prometheus\",\"project\":\"pod-search\",\"provider\":\"amdocs\",\"release\":\"pod-search-release\"},\"name\":\"pod-search-service\",\"namespace\":\"oc-cd-1017-pranavd-pd\"},\"spec\":{\"externalTrafficPolicy\":\"Cluster\",\"ports\":[{\"name\":\"http\",\"port\":8080,\"protocol\":\"TCP\",\"targetPort\":8080},{\"name\":\"metrics\",\"port\":5555,\"protocol\":\"TCP\",\"targetPort\":\"metrics\"}],\"selector\":{\"microservice\":\"pod-search\",\"project\":\"pod-search\",\"provider\":\"amdocs\",\"release\":\"pod-search-release\"},\"sessionAffinity\":\"None\",\"type\":\"NodePort\"},\"status\":{\"loadBalancer\":{}}}\n"}},"spec":{"ports":[{"name":"http","protocol":"TCP","port":8080,"targetPort":8080,"nodePort":33636},{"name":"metrics","protocol":"TCP","port":5555,"targetPort":"metrics","nodePort":33449}],"selector":{"microservice":"pod-search","project":"pod-search","provider":"amdocs","release":"pod-search-release"},"clusterIP":"172.30.200.105","type":"NodePort","sessionAffinity":"None","externalTrafficPolicy":"Cluster"},"status":{"loadBalancer":{}}},{"metadata":{"name":"price-priceevent-service","namespace":"oc-cd-1017-pranavd-pd","selfLink":"/api/v1/namespaces/oc-cd-1017-pranavd-pd/services/price-priceevent-service","uid":"a76a39a2-b721-11e8-bb86-0050569a887c","resourceVersion":"66122439","creationTimestamp":"2018-09-13T06:53:00Z","labels":{"chart":"price-priceevent-0.1.1-0032","expose":"true","group":"com.amdocs.digital.ms.price.priceevent","microservice":"price-priceevent","monitored":"prometheus","monitoring":"prometheus","project":"price-priceevent-service","provider":"amdocs","release":"price-priceevent-release"},"annotations":{"fabric8.io/iconUrl":"img/icons/spring-boot.svg","kubectl.kubernetes.io/last-applied-configuration":"{\"apiVersion\":\"v1\",\"kind\":\"Service\",\"metadata\":{\"annotations\":{\"fabric8.io/iconUrl\":\"img/icons/spring-boot.svg\"},\"creationTimestamp\":null,\"labels\":{\"chart\":\"price-priceevent-0.1.1-0032\",\"expose\":\"true\",\"group\":\"com.amdocs.digital.ms.price.priceevent\",\"microservice\":\"price-priceevent\",\"monitored\":\"prometheus\",\"monitoring\":\"prometheus\",\"project\":\"price-priceevent-service\",\"provider\":\"amdocs\",\"release\":\"price-priceevent-release\"},\"name\":\"price-priceevent-service\",\"namespace\":\"oc-cd-1017-pranavd-pd\"},\"spec\":{\"externalTrafficPolicy\":\"Cluster\",\"ports\":[{\"name\":\"http\",\"port\":8080,\"protocol\":\"TCP\",\"targetPort\":8080},{\"name\":\"jacoco\",\"port\":6300,\"protocol\":\"TCP\",\"targetPort\":6300},{\"name\":\"management\",\"port\":18080,\"protocol\":\"TCP\",\"targetPort\":18080},{\"name\":\"https\",\"port\":8443,\"protocol\":\"TCP\",\"targetPort\":8443},{\"name\":\"metrics\",\"port\":5555,\"protocol\":\"TCP\",\"targetPort\":\"metrics\"}],\"selector\":{\"group\":\"com.amdocs.digital.ms.price.priceevent\",\"microservice\":\"price-priceevent\",\"project\":\"price-priceevent-service\",\"provider\":\"amdocs\",\"release\":\"price-priceevent-release\"},\"sessionAffinity\":\"None\",\"type\":\"NodePort\"},\"status\":{\"loadBalancer\":{}}}\n"}},"spec":{"ports":[{"name":"http","protocol":"TCP","port":8080,"targetPort":8080,"nodePort":33162},{"name":"jacoco","protocol":"TCP","port":6300,"targetPort":6300,"nodePort":34349},{"name":"management","protocol":"TCP","port":18080,"targetPort":18080,"nodePort":33971},{"name":"https","protocol":"TCP","port":8443,"targetPort":8443,"nodePort":31316},{"name":"metrics","protocol":"TCP","port":5555,"targetPort":"metrics","nodePort":31801}],"selector":{"group":"com.amdocs.digital.ms.price.priceevent","microservice":"price-priceevent","project":"price-priceevent-service","provider":"amdocs","release":"price-priceevent-release"},"clusterIP":"172.30.107.155","type":"NodePort","sessionAffinity":"None","externalTrafficPolicy":"Cluster"},"status":{"loadBalancer":{}}},{"metadata":{"name":"price-pricing-service","namespace":"oc-cd-1017-pranavd-pd","selfLink":"/api/v1/namespaces/oc-cd-1017-pranavd-pd/services/price-pricing-service","uid":"a78fd2c8-b721-11e8-bb86-0050569a887c","resourceVersion":"66122453","creationTimestamp":"2018-09-13T06:53:00Z","labels":{"chart":"price-pricing-0.1.1-0042","expose":"true","group":"com.amdocs.digital.ms.price.pricing","microservice":"price-pricing","monitored":"prometheus","monitoring":"prometheus","project":"price-pricing-service","provider":"amdocs","release":"price-pricing-release"},"annotations":{"fabric8.io/iconUrl":"img/icons/spring-boot.svg","kubectl.kubernetes.io/last-applied-configuration":"{\"apiVersion\":\"v1\",\"kind\":\"Service\",\"metadata\":{\"annotations\":{\"fabric8.io/iconUrl\":\"img/icons/spring-boot.svg\"},\"creationTimestamp\":null,\"labels\":{\"chart\":\"price-pricing-0.1.1-0042\",\"expose\":\"true\",\"group\":\"com.amdocs.digital.ms.price.pricing\",\"microservice\":\"price-pricing\",\"monitored\":\"prometheus\",\"monitoring\":\"prometheus\",\"project\":\"price-pricing-service\",\"provider\":\"amdocs\",\"release\":\"price-pricing-release\"},\"name\":\"price-pricing-service\",\"namespace\":\"oc-cd-1017-pranavd-pd\"},\"spec\":{\"externalTrafficPolicy\":\"Cluster\",\"ports\":[{\"name\":\"http\",\"port\":8080,\"protocol\":\"TCP\",\"targetPort\":8080},{\"name\":\"jacoco\",\"port\":6300,\"protocol\":\"TCP\",\"targetPort\":6300},{\"name\":\"management\",\"port\":18080,\"protocol\":\"TCP\",\"targetPort\":18080},{\"name\":\"https\",\"port\":8443,\"protocol\":\"TCP\",\"targetPort\":8443},{\"name\":\"metrics\",\"port\":5555,\"protocol\":\"TCP\",\"targetPort\":\"metrics\"}],\"selector\":{\"group\":\"com.amdocs.digital.ms.price.pricing\",\"microservice\":\"price-pricing\",\"project\":\"price-pricing-service\",\"provider\":\"amdocs\",\"release\":\"price-pricing-release\"},\"sessionAffinity\":\"None\",\"type\":\"NodePort\"},\"status\":{\"loadBalancer\":{}}}\n"}},"spec":{"ports":[{"name":"http","protocol":"TCP","port":8080,"targetPort":8080,"nodePort":34969},{"name":"jacoco","protocol":"TCP","port":6300,"targetPort":6300,"nodePort":34560},{"name":"management","protocol":"TCP","port":18080,"targetPort":18080,"nodePort":33264},{"name":"https","protocol":"TCP","port":8443,"targetPort":8443,"nodePort":32829},{"name":"metrics","protocol":"TCP","port":5555,"targetPort":"metrics","nodePort":32561}],"selector":{"group":"com.amdocs.digital.ms.price.pricing","microservice":"price-pricing","project":"price-pricing-service","provider":"amdocs","release":"price-pricing-release"},"clusterIP":"172.30.244.62","type":"NodePort","sessionAffinity":"None","externalTrafficPolicy":"Cluster"},"status":{"loadBalancer":{}}},{"metadata":{"name":"price-productoffering-service","namespace":"oc-cd-1017-pranavd-pd","selfLink":"/api/v1/namespaces/oc-cd-1017-pranavd-pd/services/price-productoffering-service","uid":"a7c4da98-b721-11e8-bb86-0050569a887c","resourceVersion":"66122477","creationTimestamp":"2018-09-13T06:53:01Z","labels":{"chart":"price-productoffering-0.1.1-0049","expose":"true","group":"com.amdocs.digital.ms.price.productoffering","microservice":"price-productoffering","monitored":"prometheus","monitoring":"prometheus","project":"price-productoffering-service","provider":"amdocs","release":"price-productoffering-release"},"annotations":{"fabric8.io/iconUrl":"img/icons/spring-boot.svg","kubectl.kubernetes.io/last-applied-configuration":"{\"apiVersion\":\"v1\",\"kind\":\"Service\",\"metadata\":{\"annotations\":{\"fabric8.io/iconUrl\":\"img/icons/spring-boot.svg\"},\"creationTimestamp\":null,\"labels\":{\"chart\":\"price-productoffering-0.1.1-0049\",\"expose\":\"true\",\"group\":\"com.amdocs.digital.ms.price.productoffering\",\"microservice\":\"price-productoffering\",\"monitored\":\"prometheus\",\"monitoring\":\"prometheus\",\"project\":\"price-productoffering-service\",\"provider\":\"amdocs\",\"release\":\"price-productoffering-release\"},\"name\":\"price-productoffering-service\",\"namespace\":\"oc-cd-1017-pranavd-pd\"},\"spec\":{\"externalTrafficPolicy\":\"Cluster\",\"ports\":[{\"name\":\"http\",\"port\":8080,\"protocol\":\"TCP\",\"targetPort\":8080},{\"name\":\"jacoco\",\"port\":6300,\"protocol\":\"TCP\",\"targetPort\":6300},{\"name\":\"management\",\"port\":18080,\"protocol\":\"TCP\",\"targetPort\":18080},{\"name\":\"https\",\"port\":8443,\"protocol\":\"TCP\",\"targetPort\":8443},{\"name\":\"metrics\",\"port\":5555,\"protocol\":\"TCP\",\"targetPort\":\"metrics\"}],\"selector\":{\"group\":\"com.amdocs.digital.ms.price.productoffering\",\"microservice\":\"price-productoffering\",\"project\":\"price-productoffering-service\",\"provider\":\"amdocs\",\"release\":\"price-productoffering-release\"},\"sessionAffinity\":\"None\",\"type\":\"NodePort\"},\"status\":{\"loadBalancer\":{}}}\n"}},"spec":{"ports":[{"name":"http","protocol":"TCP","port":8080,"targetPort":8080,"nodePort":31818},{"name":"jacoco","protocol":"TCP","port":6300,"targetPort":6300,"nodePort":30131},{"name":"management","protocol":"TCP","port":18080,"targetPort":18080,"nodePort":31356},{"name":"https","protocol":"TCP","port":8443,"targetPort":8443,"nodePort":31370},{"name":"metrics","protocol":"TCP","port":5555,"targetPort":"metrics","nodePort":33795}],"selector":{"group":"com.amdocs.digital.ms.price.productoffering","microservice":"price-productoffering","project":"price-productoffering-service","provider":"amdocs","release":"price-productoffering-release"},"clusterIP":"172.30.152.207","type":"NodePort","sessionAffinity":"None","externalTrafficPolicy":"Cluster"},"status":{"loadBalancer":{}}},{"metadata":{"name":"product-configuration-rule-command-service","namespace":"oc-cd-1017-pranavd-pd","selfLink":"/api/v1/namespaces/oc-cd-1017-pranavd-pd/services/product-configuration-rule-command-service","uid":"a7de59a5-b721-11e8-bb86-0050569a887c","resourceVersion":"66122488","creationTimestamp":"2018-09-13T06:53:01Z","labels":{"app":"product-configuration-rule-command-service","chart":"product-configuration-rule-command-service-1.4.0","heritage":"Tiller","monitored":"prometheus","monitoring":"prometheus","prometheus":"amdocs-prometheus","release":"product-configurator-rule-release"},"annotations":{"kubectl.kubernetes.io/last-applied-configuration":"{\"apiVersion\":\"v1\",\"kind\":\"Service\",\"metadata\":{\"annotations\":{},\"creationTimestamp\":null,\"labels\":{\"app\":\"product-configuration-rule-command-service\",\"chart\":\"product-configuration-rule-command-service-1.4.0\",\"heritage\":\"Tiller\",\"monitored\":\"prometheus\",\"monitoring\":\"prometheus\",\"prometheus\":\"amdocs-prometheus\",\"release\":\"product-configurator-rule-release\"},\"name\":\"product-configuration-rule-command-service\",\"namespace\":\"oc-cd-1017-pranavd-pd\"},\"spec\":{\"externalTrafficPolicy\":\"Cluster\",\"ports\":[{\"name\":\"server\",\"port\":8080,\"protocol\":\"TCP\",\"targetPort\":8080},{\"name\":\"management\",\"port\":8081,\"protocol\":\"TCP\",\"targetPort\":8081},{\"name\":\"debug\",\"port\":5005,\"protocol\":\"TCP\",\"targetPort\":\"debug\"},{\"name\":\"metrics\",\"port\":5555,\"protocol\":\"TCP\",\"targetPort\":\"metrics\"}],\"selector\":{\"app\":\"product-configuration-rule-command-service\",\"group\":\"com.amdocs.catalogone\",\"provider\":\"amdocs\",\"release\":\"product-configurator-rule-release\"},\"sessionAffinity\":\"None\",\"type\":\"NodePort\"},\"status\":{\"loadBalancer\":{}}}\n"}},"spec":{"ports":[{"name":"server","protocol":"TCP","port":8080,"targetPort":8080,"nodePort":31815},{"name":"management","protocol":"TCP","port":8081,"targetPort":8081,"nodePort":31376},{"name":"debug","protocol":"TCP","port":5005,"targetPort":"debug","nodePort":34771},{"name":"metrics","protocol":"TCP","port":5555,"targetPort":"metrics","nodePort":35484}],"selector":{"app":"product-configuration-rule-command-service","group":"com.amdocs.catalogone","provider":"amdocs","release":"product-configurator-rule-release"},"clusterIP":"172.30.56.101","type":"NodePort","sessionAffinity":"None","externalTrafficPolicy":"Cluster"},"status":{"loadBalancer":{}}},{"metadata":{"name":"product-offering-service","namespace":"oc-cd-1017-pranavd-pd","selfLink":"/api/v1/namespaces/oc-cd-1017-pranavd-pd/services/product-offering-service","uid":"a7f346a6-b721-11e8-bb86-0050569a887c","resourceVersion":"66122500","creationTimestamp":"2018-09-13T06:53:01Z","labels":{"app":"product-offering-service","chart":"product-offering-service-2.5.2","heritage":"Tiller","monitored":"prometheus","monitoring":"prometheus","prometheus":"amdocs-prometheus","release":"product-offering-service-release"},"annotations":{"kubectl.kubernetes.io/last-applied-configuration":"{\"apiVersion\":\"v1\",\"kind\":\"Service\",\"metadata\":{\"annotations\":{},\"creationTimestamp\":null,\"labels\":{\"app\":\"product-offering-service\",\"chart\":\"product-offering-service-2.5.2\",\"heritage\":\"Tiller\",\"monitored\":\"prometheus\",\"monitoring\":\"prometheus\",\"prometheus\":\"amdocs-prometheus\",\"release\":\"product-offering-service-release\"},\"name\":\"product-offering-service\",\"namespace\":\"oc-cd-1017-pranavd-pd\"},\"spec\":{\"externalTrafficPolicy\":\"Cluster\",\"ports\":[{\"name\":\"server\",\"port\":8080,\"protocol\":\"TCP\",\"targetPort\":8080},{\"name\":\"management\",\"port\":8081,\"protocol\":\"TCP\",\"targetPort\":8081},{\"name\":\"metrics\",\"port\":5555,\"protocol\":\"TCP\",\"targetPort\":\"metrics\"},{\"name\":\"debug\",\"port\":5005,\"protocol\":\"TCP\",\"targetPort\":\"debug\"}],\"selector\":{\"app\":\"product-offering-service\",\"group\":\"com.amdocs.catalogone\",\"provider\":\"amdocs\",\"release\":\"product-offering-service-release\"},\"sessionAffinity\":\"None\",\"type\":\"NodePort\"},\"status\":{\"loadBalancer\":{}}}\n"}},"spec":{"ports":[{"name":"server","protocol":"TCP","port":8080,"targetPort":8080,"nodePort":33371},{"name":"management","protocol":"TCP","port":8081,"targetPort":8081,"nodePort":33555},{"name":"metrics","protocol":"TCP","port":5555,"targetPort":"metrics","nodePort":31588},{"name":"debug","protocol":"TCP","port":5005,"targetPort":"debug","nodePort":32247}],"selector":{"app":"product-offering-service","group":"com.amdocs.catalogone","provider":"amdocs","release":"product-offering-service-release"},"clusterIP":"172.30.199.135","type":"NodePort","sessionAffinity":"None","externalTrafficPolicy":"Cluster"},"status":{"loadBalancer":{}}},{"metadata":{"name":"productaccessor-service","namespace":"oc-cd-1017-pranavd-pd","selfLink":"/api/v1/namespaces/oc-cd-1017-pranavd-pd/services/productaccessor-service","uid":"a80374f0-b721-11e8-bb86-0050569a887c","resourceVersion":"66122505","creationTimestamp":"2018-09-13T06:53:01Z","labels":{"chart":"productaccessor-1.0.1-0032","expose":"true","microservice":"productaccessor","monitored":"prometheus","monitoring":"prometheus","project":"productaccessor","provider":"amdocs","release":"productaccessor-releas"},"annotations":{"fabric8.io/iconUrl":"img/icons/spring-boot.svg","kubectl.kubernetes.io/last-applied-configuration":"{\"apiVersion\":\"v1\",\"kind\":\"Service\",\"metadata\":{\"annotations\":{\"fabric8.io/iconUrl\":\"img/icons/spring-boot.svg\"},\"creationTimestamp\":null,\"labels\":{\"chart\":\"productaccessor-1.0.1-0032\",\"expose\":\"true\",\"microservice\":\"productaccessor\",\"monitored\":\"prometheus\",\"monitoring\":\"prometheus\",\"project\":\"productaccessor\",\"provider\":\"amdocs\",\"release\":\"productaccessor-releas\"},\"name\":\"productaccessor-service\",\"namespace\":\"oc-cd-1017-pranavd-pd\"},\"spec\":{\"externalTrafficPolicy\":\"Cluster\",\"ports\":[{\"name\":\"http\",\"port\":8080,\"protocol\":\"TCP\",\"targetPort\":8080},{\"name\":\"metrics\",\"port\":5555,\"protocol\":\"TCP\",\"targetPort\":\"metrics\"}],\"selector\":{\"microservice\":\"productaccessor\",\"project\":\"productaccessor\",\"provider\":\"amdocs\",\"release\":\"productaccessor-releas\"},\"sessionAffinity\":\"None\",\"type\":\"NodePort\"},\"status\":{\"loadBalancer\":{}}}\n"}},"spec":{"ports":[{"name":"http","protocol":"TCP","port":8080,"targetPort":8080,"nodePort":30549},{"name":"metrics","protocol":"TCP","port":5555,"targetPort":"metrics","nodePort":34143}],"selector":{"microservice":"productaccessor","project":"productaccessor","provider":"amdocs","release":"productaccessor-releas"},"clusterIP":"172.30.233.74","type":"NodePort","sessionAffinity":"None","externalTrafficPolicy":"Cluster"},"status":{"loadBalancer":{}}},{"metadata":{"name":"productconfigurator-action-service","namespace":"oc-cd-1017-pranavd-pd","selfLink":"/api/v1/namespaces/oc-cd-1017-pranavd-pd/services/productconfigurator-action-service","uid":"a81d3015-b721-11e8-bb86-0050569a887c","resourceVersion":"66122514","creationTimestamp":"2018-09-13T06:53:01Z","labels":{"chart":"productconfigurator-action-0.1.1-0041","expose":"true","microservice":"productconfigurator-acti","monitored":"prometheus","monitoring":"prometheus","project":"productconfigurator-action","provider":"amdocs","release":"productconfigurator-action-release"},"annotations":{"fabric8.io/iconUrl":"img/icons/spring-boot.svg","kubectl.kubernetes.io/last-applied-configuration":"{\"apiVersion\":\"v1\",\"kind\":\"Service\",\"metadata\":{\"annotations\":{\"fabric8.io/iconUrl\":\"img/icons/spring-boot.svg\"},\"creationTimestamp\":null,\"labels\":{\"chart\":\"productconfigurator-action-0.1.1-0041\",\"expose\":\"true\",\"microservice\":\"productconfigurator-acti\",\"monitored\":\"prometheus\",\"monitoring\":\"prometheus\",\"project\":\"productconfigurator-action\",\"provider\":\"amdocs\",\"release\":\"productconfigurator-action-release\"},\"name\":\"productconfigurator-action-service\",\"namespace\":\"oc-cd-1017-pranavd-pd\"},\"spec\":{\"externalTrafficPolicy\":\"Cluster\",\"ports\":[{\"name\":\"http\",\"port\":8080,\"protocol\":\"TCP\",\"targetPort\":8080},{\"name\":\"https\",\"port\":8443,\"protocol\":\"TCP\",\"targetPort\":\"https\"},{\"name\":\"metrics\",\"port\":5555,\"protocol\":\"TCP\",\"targetPort\":\"metrics\"}],\"selector\":{\"microservice\":\"productconfigurator-acti\",\"project\":\"productconfigurator-action\",\"provider\":\"amdocs\",\"release\":\"productconfigurator-action-release\"},\"sessionAffinity\":\"None\",\"type\":\"NodePort\"},\"status\":{\"loadBalancer\":{}}}\n"}},"spec":{"ports":[{"name":"http","protocol":"TCP","port":8080,"targetPort":8080,"nodePort":32038},{"name":"https","protocol":"TCP","port":8443,"targetPort":"https","nodePort":32966},{"name":"metrics","protocol":"TCP","port":5555,"targetPort":"metrics","nodePort":31885}],"selector":{"microservice":"productconfigurator-acti","project":"productconfigurator-action","provider":"amdocs","release":"productconfigurator-action-release"},"clusterIP":"172.30.177.180","type":"NodePort","sessionAffinity":"None","externalTrafficPolicy":"Cluster"},"status":{"loadBalancer":{}}},{"metadata":{"name":"productconfigurator-commitmentterm-service","namespace":"oc-cd-1017-pranavd-pd","selfLink":"/api/v1/namespaces/oc-cd-1017-pranavd-pd/services/productconfigurator-commitmentterm-service","uid":"a8363906-b721-11e8-bb86-0050569a887c","resourceVersion":"66122524","creationTimestamp":"2018-09-13T06:53:01Z","labels":{"chart":"productconfigurator-commitmentterm-0.1.1-0030","expose":"true","microservice":"productconfigurator-comm","monitored":"prometheus","monitoring":"prometheus","project":"productconfigurator-commitmentterm","provider":"amdocs","release":"productconfigurator-commitmentterm-release"},"annotations":{"fabric8.io/iconUrl":"img/icons/spring-boot.svg","kubectl.kubernetes.io/last-applied-configuration":"{\"apiVersion\":\"v1\",\"kind\":\"Service\",\"metadata\":{\"annotations\":{\"fabric8.io/iconUrl\":\"img/icons/spring-boot.svg\"},\"creationTimestamp\":null,\"labels\":{\"chart\":\"productconfigurator-commitmentterm-0.1.1-0030\",\"expose\":\"true\",\"microservice\":\"productconfigurator-comm\",\"monitored\":\"prometheus\",\"monitoring\":\"prometheus\",\"project\":\"productconfigurator-commitmentterm\",\"provider\":\"amdocs\",\"release\":\"productconfigurator-commitmentterm-release\"},\"name\":\"productconfigurator-commitmentterm-service\",\"namespace\":\"oc-cd-1017-pranavd-pd\"},\"spec\":{\"externalTrafficPolicy\":\"Cluster\",\"ports\":[{\"name\":\"http\",\"port\":8080,\"protocol\":\"TCP\",\"targetPort\":8080},{\"name\":\"metrics\",\"port\":5555,\"protocol\":\"TCP\",\"targetPort\":\"metrics\"}],\"selector\":{\"microservice\":\"productconfigurator-comm\",\"project\":\"productconfigurator-commitmentterm\",\"provider\":\"amdocs\",\"release\":\"productconfigurator-commitmentterm-release\"},\"sessionAffinity\":\"None\",\"type\":\"NodePort\"},\"status\":{\"loadBalancer\":{}}}\n"}},"spec":{"ports":[{"name":"http","protocol":"TCP","port":8080,"targetPort":8080,"nodePort":30140},{"name":"metrics","protocol":"TCP","port":5555,"targetPort":"metrics","nodePort":32044}],"selector":{"microservice":"productconfigurator-comm","project":"productconfigurator-commitmentterm","provider":"amdocs","release":"productconfigurator-commitmentterm-release"},"clusterIP":"172.30.103.210","type":"NodePort","sessionAffinity":"None","externalTrafficPolicy":"Cluster"},"status":{"loadBalancer":{}}},{"metadata":{"name":"productconfigurator-price-service","namespace":"oc-cd-1017-pranavd-pd","selfLink":"/api/v1/namespaces/oc-cd-1017-pranavd-pd/services/productconfigurator-price-service","uid":"a84de746-b721-11e8-bb86-0050569a887c","resourceVersion":"66122532","creationTimestamp":"2018-09-13T06:53:02Z","labels":{"chart":"productconfigurator-price-0.1.1-0066","expose":"true","microservice":"productconfigurator-pric","monitored":"prometheus","monitoring":"prometheus","project":"productconfigurator-price","provider":"amdocs","release":"productconfigurator-price-release"},"annotations":{"fabric8.io/iconUrl":"img/icons/spring-boot.svg","kubectl.kubernetes.io/last-applied-configuration":"{\"apiVersion\":\"v1\",\"kind\":\"Service\",\"metadata\":{\"annotations\":{\"fabric8.io/iconUrl\":\"img/icons/spring-boot.svg\"},\"creationTimestamp\":null,\"labels\":{\"chart\":\"productconfigurator-price-0.1.1-0066\",\"expose\":\"true\",\"microservice\":\"productconfigurator-pric\",\"monitored\":\"prometheus\",\"monitoring\":\"prometheus\",\"project\":\"productconfigurator-price\",\"provider\":\"amdocs\",\"release\":\"productconfigurator-price-release\"},\"name\":\"productconfigurator-price-service\",\"namespace\":\"oc-cd-1017-pranavd-pd\"},\"spec\":{\"externalTrafficPolicy\":\"Cluster\",\"ports\":[{\"name\":\"http\",\"port\":8080,\"protocol\":\"TCP\",\"targetPort\":8080},{\"name\":\"metrics\",\"port\":5555,\"protocol\":\"TCP\",\"targetPort\":\"metrics\"}],\"selector\":{\"microservice\":\"productconfigurator-pric\",\"project\":\"productconfigurator-price\",\"provider\":\"amdocs\",\"release\":\"productconfigurator-price-release\"},\"sessionAffinity\":\"None\",\"type\":\"NodePort\"},\"status\":{\"loadBalancer\":{}}}\n"}},"spec":{"ports":[{"name":"http","protocol":"TCP","port":8080,"targetPort":8080,"nodePort":33473},{"name":"metrics","protocol":"TCP","port":5555,"targetPort":"metrics","nodePort":32945}],"selector":{"microservice":"productconfigurator-pric","project":"productconfigurator-price","provider":"amdocs","release":"productconfigurator-price-release"},"clusterIP":"172.30.71.18","type":"NodePort","sessionAffinity":"None","externalTrafficPolicy":"Cluster"},"status":{"loadBalancer":{}}},{"metadata":{"name":"productconfigurator-qualification-service","namespace":"oc-cd-1017-pranavd-pd","selfLink":"/api/v1/namespaces/oc-cd-1017-pranavd-pd/services/productconfigurator-qualification-service","uid":"a8763fac-b721-11e8-bb86-0050569a887c","resourceVersion":"66122549","creationTimestamp":"2018-09-13T06:53:02Z","labels":{"chart":"productconfigurator-qualification-0.1.1-0034","expose":"true","microservice":"productconfigurator-qual","project":"productconfigurator-qualification","provider":"amdocs","release":"productconfigurator-qualification-release"},"annotations":{"fabric8.io/iconUrl":"img/icons/spring-boot.svg","kubectl.kubernetes.io/last-applied-configuration":"{\"apiVersion\":\"v1\",\"kind\":\"Service\",\"metadata\":{\"annotations\":{\"fabric8.io/iconUrl\":\"img/icons/spring-boot.svg\"},\"creationTimestamp\":null,\"labels\":{\"chart\":\"productconfigurator-qualification-0.1.1-0034\",\"expose\":\"true\",\"microservice\":\"productconfigurator-qual\",\"project\":\"productconfigurator-qualification\",\"provider\":\"amdocs\",\"release\":\"productconfigurator-qualification-release\"},\"name\":\"productconfigurator-qualification-service\",\"namespace\":\"oc-cd-1017-pranavd-pd\"},\"spec\":{\"externalTrafficPolicy\":\"Cluster\",\"ports\":[{\"name\":\"http\",\"port\":8080,\"protocol\":\"TCP\",\"targetPort\":8080},{\"name\":\"https\",\"port\":8443,\"protocol\":\"TCP\",\"targetPort\":\"https\"},{\"name\":\"metrics\",\"port\":5555,\"protocol\":\"TCP\",\"targetPort\":\"metrics\"},{\"name\":\"jacoco\",\"port\":6300,\"protocol\":\"TCP\",\"targetPort\":6300},{\"name\":\"management\",\"port\":18080,\"protocol\":\"TCP\",\"targetPort\":18080}],\"selector\":{\"microservice\":\"productconfigurator-qual\",\"project\":\"productconfigurator-qualification\",\"provider\":\"amdocs\",\"release\":\"productconfigurator-qualification-release\"},\"sessionAffinity\":\"None\",\"type\":\"NodePort\"},\"status\":{\"loadBalancer\":{}}}\n"}},"spec":{"ports":[{"name":"http","protocol":"TCP","port":8080,"targetPort":8080,"nodePort":31599},{"name":"https","protocol":"TCP","port":8443,"targetPort":"https","nodePort":31802},{"name":"metrics","protocol":"TCP","port":5555,"targetPort":"metrics","nodePort":32175},{"name":"jacoco","protocol":"TCP","port":6300,"targetPort":6300,"nodePort":35065},{"name":"management","protocol":"TCP","port":18080,"targetPort":18080,"nodePort":33429}],"selector":{"microservice":"productconfigurator-qual","project":"productconfigurator-qualification","provider":"amdocs","release":"productconfigurator-qualification-release"},"clusterIP":"172.30.180.208","type":"NodePort","sessionAffinity":"None","externalTrafficPolicy":"Cluster"},"status":{"loadBalancer":{}}},{"metadata":{"name":"productconfigurator-service","namespace":"oc-cd-1017-pranavd-pd","selfLink":"/api/v1/namespaces/oc-cd-1017-pranavd-pd/services/productconfigurator-service","uid":"a8925073-b721-11e8-bb86-0050569a887c","resourceVersion":"66122560","creationTimestamp":"2018-09-13T06:53:02Z","labels":{"chart":"productconfigurator-0.1.1-0138","expose":"true","microservice":"productconfigurator","monitored":"prometheus","monitoring":"prometheus","project":"productconfigurator","provider":"amdocs","release":"productconfigurator-release"},"annotations":{"fabric8.io/iconUrl":"img/icons/spring-boot.svg","kubectl.kubernetes.io/last-applied-configuration":"{\"apiVersion\":\"v1\",\"kind\":\"Service\",\"metadata\":{\"annotations\":{\"fabric8.io/iconUrl\":\"img/icons/spring-boot.svg\"},\"creationTimestamp\":null,\"labels\":{\"chart\":\"productconfigurator-0.1.1-0138\",\"expose\":\"true\",\"microservice\":\"productconfigurator\",\"monitored\":\"prometheus\",\"monitoring\":\"prometheus\",\"project\":\"productconfigurator\",\"provider\":\"amdocs\",\"release\":\"productconfigurator-release\"},\"name\":\"productconfigurator-service\",\"namespace\":\"oc-cd-1017-pranavd-pd\"},\"spec\":{\"externalTrafficPolicy\":\"Cluster\",\"ports\":[{\"name\":\"http\",\"port\":8080,\"protocol\":\"TCP\",\"targetPort\":8080},{\"name\":\"https\",\"port\":8443,\"protocol\":\"TCP\",\"targetPort\":\"https\"},{\"name\":\"metrics\",\"port\":5555,\"protocol\":\"TCP\",\"targetPort\":\"metrics\"}],\"selector\":{\"microservice\":\"productconfigurator\",\"project\":\"productconfigurator\",\"provider\":\"amdocs\",\"release\":\"productconfigurator-release\"},\"sessionAffinity\":\"None\",\"type\":\"NodePort\"},\"status\":{\"loadBalancer\":{}}}\n"}},"spec":{"ports":[{"name":"http","protocol":"TCP","port":8080,"targetPort":8080,"nodePort":32831},{"name":"https","protocol":"TCP","port":8443,"targetPort":"https","nodePort":33551},{"name":"metrics","protocol":"TCP","port":5555,"targetPort":"metrics","nodePort":34241}],"selector":{"microservice":"productconfigurator","project":"productconfigurator","provider":"amdocs","release":"productconfigurator-release"},"clusterIP":"172.30.114.205","type":"NodePort","sessionAffinity":"None","externalTrafficPolicy":"Cluster"},"status":{"loadBalancer":{}}},{"metadata":{"name":"productorder-amendorder-service","namespace":"oc-cd-1017-pranavd-pd","selfLink":"/api/v1/namespaces/oc-cd-1017-pranavd-pd/services/productorder-amendorder-service","uid":"a8a4b42e-b721-11e8-bb86-0050569a887c","resourceVersion":"66122566","creationTimestamp":"2018-09-13T06:53:02Z","labels":{"chart":"productorder-amendorder-0.1.1-0019","expose":"true","microservice":"productorder-amendorder","monitored":"prometheus","monitoring":"prometheus","project":"productorder-amendorder","provider":"amdocs","release":"productorder-amendodr-release"},"annotations":{"fabric8.io/iconUrl":"img/icons/spring-boot.svg","kubectl.kubernetes.io/last-applied-configuration":"{\"apiVersion\":\"v1\",\"kind\":\"Service\",\"metadata\":{\"annotations\":{\"fabric8.io/iconUrl\":\"img/icons/spring-boot.svg\"},\"creationTimestamp\":null,\"labels\":{\"chart\":\"productorder-amendorder-0.1.1-0019\",\"expose\":\"true\",\"microservice\":\"productorder-amendorder\",\"monitored\":\"prometheus\",\"monitoring\":\"prometheus\",\"project\":\"productorder-amendorder\",\"provider\":\"amdocs\",\"release\":\"productorder-amendodr-release\"},\"name\":\"productorder-amendorder-service\",\"namespace\":\"oc-cd-1017-pranavd-pd\"},\"spec\":{\"externalTrafficPolicy\":\"Cluster\",\"ports\":[{\"name\":\"http\",\"port\":8080,\"protocol\":\"TCP\",\"targetPort\":8080},{\"name\":\"metrics\",\"port\":5555,\"protocol\":\"TCP\",\"targetPort\":\"metrics\"}],\"selector\":{\"microservice\":\"productorder-amendorder\",\"project\":\"productorder-amendorder\",\"provider\":\"amdocs\",\"release\":\"productorder-amendodr-release\"},\"sessionAffinity\":\"None\",\"type\":\"NodePort\"},\"status\":{\"loadBalancer\":{}}}\n"}},"spec":{"ports":[{"name":"http","protocol":"TCP","port":8080,"targetPort":8080,"nodePort":34841},{"name":"metrics","protocol":"TCP","port":5555,"targetPort":"metrics","nodePort":35083}],"selector":{"microservice":"productorder-amendorder","project":"productorder-amendorder","provider":"amdocs","release":"productorder-amendodr-release"},"clusterIP":"172.30.196.92","type":"NodePort","sessionAffinity":"None","externalTrafficPolicy":"Cluster"},"status":{"loadBalancer":{}}},{"metadata":{"name":"productorder-deliverymethodorder-service","namespace":"oc-cd-1017-pranavd-pd","selfLink":"/api/v1/namespaces/oc-cd-1017-pranavd-pd/services/productorder-deliverymethodorder-service","uid":"a8b4319e-b721-11e8-bb86-0050569a887c","resourceVersion":"66122572","creationTimestamp":"2018-09-13T06:53:02Z","labels":{"chart":"productorder-deliverymethodorder-0.1.1-0027","expose":"true","microservice":"productorder-deliverymet","monitored":"prometheus","monitoring":"prometheus","project":"productorder-deliverymethodorder","provider":"amdocs","release":"productorder-deliverymethodorder-release"},"annotations":{"fabric8.io/iconUrl":"img/icons/spring-boot.svg","kubectl.kubernetes.io/last-applied-configuration":"{\"apiVersion\":\"v1\",\"kind\":\"Service\",\"metadata\":{\"annotations\":{\"fabric8.io/iconUrl\":\"img/icons/spring-boot.svg\"},\"creationTimestamp\":null,\"labels\":{\"chart\":\"productorder-deliverymethodorder-0.1.1-0027\",\"expose\":\"true\",\"microservice\":\"productorder-deliverymet\",\"monitored\":\"prometheus\",\"monitoring\":\"prometheus\",\"project\":\"productorder-deliverymethodorder\",\"provider\":\"amdocs\",\"release\":\"productorder-deliverymethodorder-release\"},\"name\":\"productorder-deliverymethodorder-service\",\"namespace\":\"oc-cd-1017-pranavd-pd\"},\"spec\":{\"externalTrafficPolicy\":\"Cluster\",\"ports\":[{\"name\":\"http\",\"port\":8080,\"protocol\":\"TCP\",\"targetPort\":8080},{\"name\":\"https\",\"port\":8443,\"protocol\":\"TCP\",\"targetPort\":\"https\"},{\"name\":\"metrics\",\"port\":5555,\"protocol\":\"TCP\",\"targetPort\":\"metrics\"}],\"selector\":{\"microservice\":\"productorder-deliverymet\",\"project\":\"productorder-deliverymethodorder\",\"provider\":\"amdocs\",\"release\":\"productorder-deliverymethodorder-release\"},\"sessionAffinity\":\"None\",\"type\":\"NodePort\"},\"status\":{\"loadBalancer\":{}}}\n"}},"spec":{"ports":[{"name":"http","protocol":"TCP","port":8080,"targetPort":8080,"nodePort":33639},{"name":"https","protocol":"TCP","port":8443,"targetPort":"https","nodePort":31606},{"name":"metrics","protocol":"TCP","port":5555,"targetPort":"metrics","nodePort":34357}],"selector":{"microservice":"productorder-deliverymet","project":"productorder-deliverymethodorder","provider":"amdocs","release":"productorder-deliverymethodorder-release"},"clusterIP":"172.30.82.126","type":"NodePort","sessionAffinity":"None","externalTrafficPolicy":"Cluster"},"status":{"loadBalancer":{}}},{"metadata":{"name":"productorder-futurelauncher-service","namespace":"oc-cd-1017-pranavd-pd","selfLink":"/api/v1/namespaces/oc-cd-1017-pranavd-pd/services/productorder-futurelauncher-service","uid":"a8c3f4fd-b721-11e8-bb86-0050569a887c","resourceVersion":"66122578","creationTimestamp":"2018-09-13T06:53:02Z","labels":{"chart":"productorder-futurelauncher-0.1.1-0065","expose":"true","microservice":"productorder-futurelaunc","monitored":"prometheus","monitoring":"prometheus","project":"productorder-futurelauncher","provider":"amdocs","release":"productorder-futurelauncher-release"},"annotations":{"fabric8.io/iconUrl":"img/icons/spring-boot.svg","kubectl.kubernetes.io/last-applied-configuration":"{\"apiVersion\":\"v1\",\"kind\":\"Service\",\"metadata\":{\"annotations\":{\"fabric8.io/iconUrl\":\"img/icons/spring-boot.svg\"},\"creationTimestamp\":null,\"labels\":{\"chart\":\"productorder-futurelauncher-0.1.1-0065\",\"expose\":\"true\",\"microservice\":\"productorder-futurelaunc\",\"monitored\":\"prometheus\",\"monitoring\":\"prometheus\",\"project\":\"productorder-futurelauncher\",\"provider\":\"amdocs\",\"release\":\"productorder-futurelauncher-release\"},\"name\":\"productorder-futurelauncher-service\",\"namespace\":\"oc-cd-1017-pranavd-pd\"},\"spec\":{\"externalTrafficPolicy\":\"Cluster\",\"ports\":[{\"name\":\"http\",\"port\":8080,\"protocol\":\"TCP\",\"targetPort\":8080},{\"name\":\"https\",\"port\":8443,\"protocol\":\"TCP\",\"targetPort\":\"https\"},{\"name\":\"metrics\",\"port\":5555,\"protocol\":\"TCP\",\"targetPort\":\"metrics\"}],\"selector\":{\"microservice\":\"productorder-futurelaunc\",\"project\":\"productorder-futurelauncher\",\"provider\":\"amdocs\",\"release\":\"productorder-futurelauncher-release\"},\"sessionAffinity\":\"None\",\"type\":\"NodePort\"},\"status\":{\"loadBalancer\":{}}}\n"}},"spec":{"ports":[{"name":"http","protocol":"TCP","port":8080,"targetPort":8080,"nodePort":32858},{"name":"https","protocol":"TCP","port":8443,"targetPort":"https","nodePort":35182},{"name":"metrics","protocol":"TCP","port":5555,"targetPort":"metrics","nodePort":30191}],"selector":{"microservice":"productorder-futurelaunc","project":"productorder-futurelauncher","provider":"amdocs","release":"productorder-futurelauncher-release"},"clusterIP":"172.30.43.31","type":"NodePort","sessionAffinity":"None","externalTrafficPolicy":"Cluster"},"status":{"loadBalancer":{}}},{"metadata":{"name":"productorder-limiteddurationproduct-service","namespace":"oc-cd-1017-pranavd-pd","selfLink":"/api/v1/namespaces/oc-cd-1017-pranavd-pd/services/productorder-limiteddurationproduct-service","uid":"a8d15da6-b721-11e8-bb86-0050569a887c","resourceVersion":"66122583","creationTimestamp":"2018-09-13T06:53:02Z","labels":{"chart":"productorder-limiteddurationproduct-0.1.0-0008","expose":"true","microservice":"productorder-limiteddurationproduct","project":"productorder-limiteddurationproduct","provider":"amdocs","release":"productorder-limiteddurationproduct-release"},"annotations":{"fabric8.io/iconUrl":"img/icons/spring-boot.svg","kubectl.kubernetes.io/last-applied-configuration":"{\"apiVersion\":\"v1\",\"kind\":\"Service\",\"metadata\":{\"annotations\":{\"fabric8.io/iconUrl\":\"img/icons/spring-boot.svg\"},\"creationTimestamp\":null,\"labels\":{\"chart\":\"productorder-limiteddurationproduct-0.1.0-0008\",\"expose\":\"true\",\"microservice\":\"productorder-limiteddurationproduct\",\"project\":\"productorder-limiteddurationproduct\",\"provider\":\"amdocs\",\"release\":\"productorder-limiteddurationproduct-release\"},\"name\":\"productorder-limiteddurationproduct-service\",\"namespace\":\"oc-cd-1017-pranavd-pd\"},\"spec\":{\"externalTrafficPolicy\":\"Cluster\",\"ports\":[{\"name\":\"http\",\"port\":8080,\"protocol\":\"TCP\",\"targetPort\":8080},{\"name\":\"metrics\",\"port\":5555,\"protocol\":\"TCP\",\"targetPort\":\"metrics\"}],\"selector\":{\"microservice\":\"productorder-limiteddurationproduct\",\"project\":\"productorder-limiteddurationproduct\",\"provider\":\"amdocs\",\"release\":\"productorder-limiteddurationproduct-release\"},\"sessionAffinity\":\"None\",\"type\":\"NodePort\"},\"status\":{\"loadBalancer\":{}}}\n"}},"spec":{"ports":[{"name":"http","protocol":"TCP","port":8080,"targetPort":8080,"nodePort":33361},{"name":"metrics","protocol":"TCP","port":5555,"targetPort":"metrics","nodePort":32529}],"selector":{"microservice":"productorder-limiteddurationproduct","project":"productorder-limiteddurationproduct","provider":"amdocs","release":"productorder-limiteddurationproduct-release"},"clusterIP":"172.30.45.105","type":"NodePort","sessionAffinity":"None","externalTrafficPolicy":"Cluster"},"status":{"loadBalancer":{}}},{"metadata":{"name":"productorder-modifyorder-service","namespace":"oc-cd-1017-pranavd-pd","selfLink":"/api/v1/namespaces/oc-cd-1017-pranavd-pd/services/productorder-modifyorder-service","uid":"a8e6e32f-b721-11e8-bb86-0050569a887c","resourceVersion":"66122592","creationTimestamp":"2018-09-13T06:53:03Z","labels":{"chart":"productorder-modifyorder-0.1.1-0035","expose":"true","microservice":"productorder-modifyorder","monitored":"prometheus","monitoring":"prometheus","project":"productorder-modifyorder","provider":"amdocs","release":"productorder-modifyorder-release"},"annotations":{"fabric8.io/iconUrl":"img/icons/spring-boot.svg","kubectl.kubernetes.io/last-applied-configuration":"{\"apiVersion\":\"v1\",\"kind\":\"Service\",\"metadata\":{\"annotations\":{\"fabric8.io/iconUrl\":\"img/icons/spring-boot.svg\"},\"creationTimestamp\":null,\"labels\":{\"chart\":\"productorder-modifyorder-0.1.1-0035\",\"expose\":\"true\",\"microservice\":\"productorder-modifyorder\",\"monitored\":\"prometheus\",\"monitoring\":\"prometheus\",\"project\":\"productorder-modifyorder\",\"provider\":\"amdocs\",\"release\":\"productorder-modifyorder-release\"},\"name\":\"productorder-modifyorder-service\",\"namespace\":\"oc-cd-1017-pranavd-pd\"},\"spec\":{\"externalTrafficPolicy\":\"Cluster\",\"ports\":[{\"name\":\"http\",\"port\":8080,\"protocol\":\"TCP\",\"targetPort\":8080},{\"name\":\"metrics\",\"port\":5555,\"protocol\":\"TCP\",\"targetPort\":\"metrics\"}],\"selector\":{\"microservice\":\"productorder-modifyorder\",\"project\":\"productorder-modifyorder\",\"provider\":\"amdocs\",\"release\":\"productorder-modifyorder-release\"},\"sessionAffinity\":\"None\",\"type\":\"NodePort\"},\"status\":{\"loadBalancer\":{}}}\n"}},"spec":{"ports":[{"name":"http","protocol":"TCP","port":8080,"targetPort":8080,"nodePort":30158},{"name":"metrics","protocol":"TCP","port":5555,"targetPort":"metrics","nodePort":31616}],"selector":{"microservice":"productorder-modifyorder","project":"productorder-modifyorder","provider":"amdocs","release":"productorder-modifyorder-release"},"clusterIP":"172.30.94.150","type":"NodePort","sessionAffinity":"None","externalTrafficPolicy":"Cluster"},"status":{"loadBalancer":{}}},{"metadata":{"name":"productorder-paymentorder-service","namespace":"oc-cd-1017-pranavd-pd","selfLink":"/api/v1/namespaces/oc-cd-1017-pranavd-pd/services/productorder-paymentorder-service","uid":"a8f7b2d2-b721-11e8-bb86-0050569a887c","resourceVersion":"66122599","creationTimestamp":"2018-09-13T06:53:03Z","labels":{"chart":"productorder-paymentorder-0.1.1-0016","expose":"true","microservice":"productorder-paymentorde","monitored":"prometheus","monitoring":"prometheus","project":"productorder-paymentorder","provider":"amdocs","release":"productorder-paymentorder-release"},"annotations":{"fabric8.io/iconUrl":"img/icons/spring-boot.svg","kubectl.kubernetes.io/last-applied-configuration":"{\"apiVersion\":\"v1\",\"kind\":\"Service\",\"metadata\":{\"annotations\":{\"fabric8.io/iconUrl\":\"img/icons/spring-boot.svg\"},\"creationTimestamp\":null,\"labels\":{\"chart\":\"productorder-paymentorder-0.1.1-0016\",\"expose\":\"true\",\"microservice\":\"productorder-paymentorde\",\"monitored\":\"prometheus\",\"monitoring\":\"prometheus\",\"project\":\"productorder-paymentorder\",\"provider\":\"amdocs\",\"release\":\"productorder-paymentorder-release\"},\"name\":\"productorder-paymentorder-service\",\"namespace\":\"oc-cd-1017-pranavd-pd\"},\"spec\":{\"externalTrafficPolicy\":\"Cluster\",\"ports\":[{\"name\":\"http\",\"port\":8080,\"protocol\":\"TCP\",\"targetPort\":8080},{\"name\":\"https\",\"port\":8443,\"protocol\":\"TCP\",\"targetPort\":\"https\"},{\"name\":\"metrics\",\"port\":5555,\"protocol\":\"TCP\",\"targetPort\":\"metrics\"}],\"selector\":{\"microservice\":\"productorder-paymentorde\",\"project\":\"productorder-paymentorder\",\"provider\":\"amdocs\",\"release\":\"productorder-paymentorder-release\"},\"sessionAffinity\":\"None\",\"type\":\"NodePort\"},\"status\":{\"loadBalancer\":{}}}\n"}},"spec":{"ports":[{"name":"http","protocol":"TCP","port":8080,"targetPort":8080,"nodePort":31620},{"name":"https","protocol":"TCP","port":8443,"targetPort":"https","nodePort":32535},{"name":"metrics","protocol":"TCP","port":5555,"targetPort":"metrics","nodePort":32542}],"selector":{"microservice":"productorder-paymentorde","project":"productorder-paymentorder","provider":"amdocs","release":"productorder-paymentorder-release"},"clusterIP":"172.30.248.135","type":"NodePort","sessionAffinity":"None","externalTrafficPolicy":"Cluster"},"status":{"loadBalancer":{}}},{"metadata":{"name":"productorder-price-service","namespace":"oc-cd-1017-pranavd-pd","selfLink":"/api/v1/namespaces/oc-cd-1017-pranavd-pd/services/productorder-price-service","uid":"a907d52e-b721-11e8-bb86-0050569a887c","resourceVersion":"66122607","creationTimestamp":"2018-09-13T06:53:03Z","labels":{"chart":"productorder-price-0.1.1-0049","expose":"true","microservice":"productorder-price","monitored":"prometheus","monitoring":"prometheus","project":"productorder-price","provider":"amdocs","release":"productorder-price-release"},"annotations":{"fabric8.io/iconUrl":"img/icons/spring-boot.svg","kubectl.kubernetes.io/last-applied-configuration":"{\"apiVersion\":\"v1\",\"kind\":\"Service\",\"metadata\":{\"annotations\":{\"fabric8.io/iconUrl\":\"img/icons/spring-boot.svg\"},\"creationTimestamp\":null,\"labels\":{\"chart\":\"productorder-price-0.1.1-0049\",\"expose\":\"true\",\"microservice\":\"productorder-price\",\"monitored\":\"prometheus\",\"monitoring\":\"prometheus\",\"project\":\"productorder-price\",\"provider\":\"amdocs\",\"release\":\"productorder-price-release\"},\"name\":\"productorder-price-service\",\"namespace\":\"oc-cd-1017-pranavd-pd\"},\"spec\":{\"externalTrafficPolicy\":\"Cluster\",\"ports\":[{\"name\":\"http\",\"port\":8080,\"protocol\":\"TCP\",\"targetPort\":8080},{\"name\":\"https\",\"port\":8443,\"protocol\":\"TCP\",\"targetPort\":\"https\"},{\"name\":\"metrics\",\"port\":5555,\"protocol\":\"TCP\",\"targetPort\":\"metrics\"}],\"selector\":{\"microservice\":\"productorder-price\",\"project\":\"productorder-price\",\"provider\":\"amdocs\",\"release\":\"productorder-price-release\"},\"sessionAffinity\":\"None\",\"type\":\"NodePort\"},\"status\":{\"loadBalancer\":{}}}\n"}},"spec":{"ports":[{"name":"http","protocol":"TCP","port":8080,"targetPort":8080,"nodePort":35546},{"name":"https","protocol":"TCP","port":8443,"targetPort":"https","nodePort":30471},{"name":"metrics","protocol":"TCP","port":5555,"targetPort":"metrics","nodePort":31712}],"selector":{"microservice":"productorder-price","project":"productorder-price","provider":"amdocs","release":"productorder-price-release"},"clusterIP":"172.30.251.203","type":"NodePort","sessionAffinity":"None","externalTrafficPolicy":"Cluster"},"status":{"loadBalancer":{}}},{"metadata":{"name":"productorder-productorder-service","namespace":"oc-cd-1017-pranavd-pd","selfLink":"/api/v1/namespaces/oc-cd-1017-pranavd-pd/services/productorder-productorder-service","uid":"a91f46fb-b721-11e8-bb86-0050569a887c","resourceVersion":"66122617","creationTimestamp":"2018-09-13T06:53:03Z","labels":{"chart":"productorder-productorder-0.1.1-0157","expose":"true","microservice":"productorder-productorde","monitored":"prometheus","monitoring":"prometheus","project":"productorder-productorder","provider":"amdocs","release":"productorder-productorder-release"},"annotations":{"fabric8.io/iconUrl":"img/icons/spring-boot.svg","kubectl.kubernetes.io/last-applied-configuration":"{\"apiVersion\":\"v1\",\"kind\":\"Service\",\"metadata\":{\"annotations\":{\"fabric8.io/iconUrl\":\"img/icons/spring-boot.svg\"},\"creationTimestamp\":null,\"labels\":{\"chart\":\"productorder-productorder-0.1.1-0157\",\"expose\":\"true\",\"microservice\":\"productorder-productorde\",\"monitored\":\"prometheus\",\"monitoring\":\"prometheus\",\"project\":\"productorder-productorder\",\"provider\":\"amdocs\",\"release\":\"productorder-productorder-release\"},\"name\":\"productorder-productorder-service\",\"namespace\":\"oc-cd-1017-pranavd-pd\"},\"spec\":{\"externalTrafficPolicy\":\"Cluster\",\"ports\":[{\"name\":\"http\",\"port\":8080,\"protocol\":\"TCP\",\"targetPort\":8080},{\"name\":\"https\",\"port\":8443,\"protocol\":\"TCP\",\"targetPort\":\"https\"},{\"name\":\"metrics\",\"port\":5555,\"protocol\":\"TCP\",\"targetPort\":\"metrics\"}],\"selector\":{\"microservice\":\"productorder-productorde\",\"project\":\"productorder-productorder\",\"provider\":\"amdocs\",\"release\":\"productorder-productorder-release\"},\"sessionAffinity\":\"None\",\"type\":\"NodePort\"},\"status\":{\"loadBalancer\":{}}}\n"}},"spec":{"ports":[{"name":"http","protocol":"TCP","port":8080,"targetPort":8080,"nodePort":30538},{"name":"https","protocol":"TCP","port":8443,"targetPort":"https","nodePort":34660},{"name":"metrics","protocol":"TCP","port":5555,"targetPort":"metrics","nodePort":33493}],"selector":{"microservice":"productorder-productorde","project":"productorder-productorder","provider":"amdocs","release":"productorder-productorder-release"},"clusterIP":"172.30.8.161","type":"NodePort","sessionAffinity":"None","externalTrafficPolicy":"Cluster"},"status":{"loadBalancer":{}}},{"metadata":{"name":"productorder-submitorder-service","namespace":"oc-cd-1017-pranavd-pd","selfLink":"/api/v1/namespaces/oc-cd-1017-pranavd-pd/services/productorder-submitorder-service","uid":"a92f9a50-b721-11e8-bb86-0050569a887c","resourceVersion":"66122625","creationTimestamp":"2018-09-13T06:53:03Z","labels":{"chart":"productorder-submitorder-0.1.1-0058","expose":"true","microservice":"productorder-submitorder","monitored":"prometheus","monitoring":"prometheus","project":"productorder-submitorder","provider":"amdocs","release":"productorder-submitorder-release"},"annotations":{"fabric8.io/iconUrl":"img/icons/spring-boot.svg","kubectl.kubernetes.io/last-applied-configuration":"{\"apiVersion\":\"v1\",\"kind\":\"Service\",\"metadata\":{\"annotations\":{\"fabric8.io/iconUrl\":\"img/icons/spring-boot.svg\"},\"creationTimestamp\":null,\"labels\":{\"chart\":\"productorder-submitorder-0.1.1-0058\",\"expose\":\"true\",\"microservice\":\"productorder-submitorder\",\"monitored\":\"prometheus\",\"monitoring\":\"prometheus\",\"project\":\"productorder-submitorder\",\"provider\":\"amdocs\",\"release\":\"productorder-submitorder-release\"},\"name\":\"productorder-submitorder-service\",\"namespace\":\"oc-cd-1017-pranavd-pd\"},\"spec\":{\"externalTrafficPolicy\":\"Cluster\",\"ports\":[{\"name\":\"http\",\"port\":8080,\"protocol\":\"TCP\",\"targetPort\":8080},{\"name\":\"https\",\"port\":8443,\"protocol\":\"TCP\",\"targetPort\":\"https\"},{\"name\":\"metrics\",\"port\":5555,\"protocol\":\"TCP\",\"targetPort\":\"metrics\"}],\"selector\":{\"microservice\":\"productorder-submitorder\",\"project\":\"productorder-submitorder\",\"provider\":\"amdocs\",\"release\":\"productorder-submitorder-release\"},\"sessionAffinity\":\"None\",\"type\":\"NodePort\"},\"status\":{\"loadBalancer\":{}}}\n"}},"spec":{"ports":[{"name":"http","protocol":"TCP","port":8080,"targetPort":8080,"nodePort":31718},{"name":"https","protocol":"TCP","port":8443,"targetPort":"https","nodePort":33684},{"name":"metrics","protocol":"TCP","port":5555,"targetPort":"metrics","nodePort":32056}],"selector":{"microservice":"productorder-submitorder","project":"productorder-submitorder","provider":"amdocs","release":"productorder-submitorder-release"},"clusterIP":"172.30.32.4","type":"NodePort","sessionAffinity":"None","externalTrafficPolicy":"Cluster"},"status":{"loadBalancer":{}}},{"metadata":{"name":"productorder-validateorder-service","namespace":"oc-cd-1017-pranavd-pd","selfLink":"/api/v1/namespaces/oc-cd-1017-pranavd-pd/services/productorder-validateorder-service","uid":"a940d07f-b721-11e8-bb86-0050569a887c","resourceVersion":"66122632","creationTimestamp":"2018-09-13T06:53:03Z","labels":{"chart":"productorder-validateorder-0.1.1-0062","expose":"true","microservice":"productorder-validateord","monitored":"prometheus","monitoring":"prometheus","project":"productorder-validateorder","provider":"amdocs","release":"productorder-validateorder-release"},"annotations":{"fabric8.io/iconUrl":"img/icons/spring-boot.svg","kubectl.kubernetes.io/last-applied-configuration":"{\"apiVersion\":\"v1\",\"kind\":\"Service\",\"metadata\":{\"annotations\":{\"fabric8.io/iconUrl\":\"img/icons/spring-boot.svg\"},\"creationTimestamp\":null,\"labels\":{\"chart\":\"productorder-validateorder-0.1.1-0062\",\"expose\":\"true\",\"microservice\":\"productorder-validateord\",\"monitored\":\"prometheus\",\"monitoring\":\"prometheus\",\"project\":\"productorder-validateorder\",\"provider\":\"amdocs\",\"release\":\"productorder-validateorder-release\"},\"name\":\"productorder-validateorder-service\",\"namespace\":\"oc-cd-1017-pranavd-pd\"},\"spec\":{\"externalTrafficPolicy\":\"Cluster\",\"ports\":[{\"name\":\"http\",\"port\":8080,\"protocol\":\"TCP\",\"targetPort\":8080},{\"name\":\"https\",\"port\":8443,\"protocol\":\"TCP\",\"targetPort\":\"https\"},{\"name\":\"metrics\",\"port\":5555,\"protocol\":\"TCP\",\"targetPort\":\"metrics\"}],\"selector\":{\"microservice\":\"productorder-validateord\",\"project\":\"productorder-validateorder\",\"provider\":\"amdocs\",\"release\":\"productorder-validateorder-release\"},\"sessionAffinity\":\"None\",\"type\":\"NodePort\"},\"status\":{\"loadBalancer\":{}}}\n"}},"spec":{"ports":[{"name":"http","protocol":"TCP","port":8080,"targetPort":8080,"nodePort":33834},{"name":"https","protocol":"TCP","port":8443,"targetPort":"https","nodePort":31722},{"name":"metrics","protocol":"TCP","port":5555,"targetPort":"metrics","nodePort":30476}],"selector":{"microservice":"productorder-validateord","project":"productorder-validateorder","provider":"amdocs","release":"productorder-validateorder-release"},"clusterIP":"172.30.80.78","type":"NodePort","sessionAffinity":"None","externalTrafficPolicy":"Cluster"},"status":{"loadBalancer":{}}},{"metadata":{"name":"productvalidator-service","namespace":"oc-cd-1017-pranavd-pd","selfLink":"/api/v1/namespaces/oc-cd-1017-pranavd-pd/services/productvalidator-service","uid":"a951d7ce-b721-11e8-bb86-0050569a887c","resourceVersion":"66122639","creationTimestamp":"2018-09-13T06:53:03Z","labels":{"chart":"productvalidator-0.1.1-0077","expose":"true","microservice":"productvalidator","project":"productvalidator","provider":"amdocs","release":"productvalidator-release"},"annotations":{"fabric8.io/iconUrl":"img/icons/spring-boot.svg","kubectl.kubernetes.io/last-applied-configuration":"{\"apiVersion\":\"v1\",\"kind\":\"Service\",\"metadata\":{\"annotations\":{\"fabric8.io/iconUrl\":\"img/icons/spring-boot.svg\"},\"creationTimestamp\":null,\"labels\":{\"chart\":\"productvalidator-0.1.1-0077\",\"expose\":\"true\",\"microservice\":\"productvalidator\",\"project\":\"productvalidator\",\"provider\":\"amdocs\",\"release\":\"productvalidator-release\"},\"name\":\"productvalidator-service\",\"namespace\":\"oc-cd-1017-pranavd-pd\"},\"spec\":{\"externalTrafficPolicy\":\"Cluster\",\"ports\":[{\"name\":\"http\",\"port\":8080,\"protocol\":\"TCP\",\"targetPort\":8080},{\"name\":\"https\",\"port\":8443,\"protocol\":\"TCP\",\"targetPort\":\"https\"},{\"name\":\"metrics\",\"port\":5555,\"protocol\":\"TCP\",\"targetPort\":\"metrics\"}],\"selector\":{\"microservice\":\"productvalidator\",\"project\":\"productvalidator\",\"provider\":\"amdocs\",\"release\":\"productvalidator-release\"},\"sessionAffinity\":\"None\",\"type\":\"NodePort\"},\"status\":{\"loadBalancer\":{}}}\n"}},"spec":{"ports":[{"name":"http","protocol":"TCP","port":8080,"targetPort":8080,"nodePort":32057},{"name":"https","protocol":"TCP","port":8443,"targetPort":"https","nodePort":34655},{"name":"metrics","protocol":"TCP","port":5555,"targetPort":"metrics","nodePort":34588}],"selector":{"microservice":"productvalidator","project":"productvalidator","provider":"amdocs","release":"productvalidator-release"},"clusterIP":"172.30.128.45","type":"NodePort","sessionAffinity":"None","externalTrafficPolicy":"Cluster"},"status":{"loadBalancer":{}}},{"metadata":{"name":"promotion-command-service","namespace":"oc-cd-1017-pranavd-pd","selfLink":"/api/v1/namespaces/oc-cd-1017-pranavd-pd/services/promotion-command-service","uid":"a974758a-b721-11e8-bb86-0050569a887c","resourceVersion":"66122652","creationTimestamp":"2018-09-13T06:53:03Z","labels":{"app":"promotion-command-service","chart":"promotion-command-service-1.0.4","heritage":"Tiller","monitored":"prometheus","monitoring":"prometheus","prometheus":"amdocs-prometheus","release":"promotion-release"},"annotations":{"kubectl.kubernetes.io/last-applied-configuration":"{\"apiVersion\":\"v1\",\"kind\":\"Service\",\"metadata\":{\"annotations\":{},\"creationTimestamp\":null,\"labels\":{\"app\":\"promotion-command-service\",\"chart\":\"promotion-command-service-1.0.4\",\"heritage\":\"Tiller\",\"monitored\":\"prometheus\",\"monitoring\":\"prometheus\",\"prometheus\":\"amdocs-prometheus\",\"release\":\"promotion-release\"},\"name\":\"promotion-command-service\",\"namespace\":\"oc-cd-1017-pranavd-pd\"},\"spec\":{\"externalTrafficPolicy\":\"Cluster\",\"ports\":[{\"name\":\"server\",\"port\":8080,\"protocol\":\"TCP\",\"targetPort\":8080},{\"name\":\"management\",\"port\":8081,\"protocol\":\"TCP\",\"targetPort\":8081},{\"name\":\"metrics\",\"port\":5555,\"protocol\":\"TCP\",\"targetPort\":\"metrics\"}],\"selector\":{\"app\":\"promotion-command-service\",\"group\":\"com.amdocs.catalogone\",\"provider\":\"amdocs\",\"release\":\"promotion-release\"},\"sessionAffinity\":\"None\",\"type\":\"NodePort\"},\"status\":{\"loadBalancer\":{}}}\n"}},"spec":{"ports":[{"name":"server","protocol":"TCP","port":8080,"targetPort":8080,"nodePort":32077},{"name":"management","protocol":"TCP","port":8081,"targetPort":8081,"nodePort":32101},{"name":"metrics","protocol":"TCP","port":5555,"targetPort":"metrics","nodePort":32118}],"selector":{"app":"promotion-command-service","group":"com.amdocs.catalogone","provider":"amdocs","release":"promotion-release"},"clusterIP":"172.30.247.175","type":"NodePort","sessionAffinity":"None","externalTrafficPolicy":"Cluster"},"status":{"loadBalancer":{}}},{"metadata":{"name":"promotion-mapper-service","namespace":"oc-cd-1017-pranavd-pd","selfLink":"/api/v1/namespaces/oc-cd-1017-pranavd-pd/services/promotion-mapper-service","uid":"a98adf26-b721-11e8-bb86-0050569a887c","resourceVersion":"66122663","creationTimestamp":"2018-09-13T06:53:04Z","labels":{"app":"promotion-mapper-service","chart":"promotion-mapper-service-1.1.0","heritage":"Tiller","monitored":"prometheus","monitoring":"prometheus","prometheus":"amdocs-prometheus","release":"promotion-mapper-release"},"annotations":{"kubectl.kubernetes.io/last-applied-configuration":"{\"apiVersion\":\"v1\",\"kind\":\"Service\",\"metadata\":{\"annotations\":{},\"creationTimestamp\":null,\"labels\":{\"app\":\"promotion-mapper-service\",\"chart\":\"promotion-mapper-service-1.1.0\",\"heritage\":\"Tiller\",\"monitored\":\"prometheus\",\"monitoring\":\"prometheus\",\"prometheus\":\"amdocs-prometheus\",\"release\":\"promotion-mapper-release\"},\"name\":\"promotion-mapper-service\",\"namespace\":\"oc-cd-1017-pranavd-pd\"},\"spec\":{\"externalTrafficPolicy\":\"Cluster\",\"ports\":[{\"name\":\"server\",\"port\":8080,\"protocol\":\"TCP\",\"targetPort\":8080},{\"name\":\"management\",\"port\":8081,\"protocol\":\"TCP\",\"targetPort\":8081},{\"name\":\"metrics\",\"port\":5555,\"protocol\":\"TCP\",\"targetPort\":\"metrics\"}],\"selector\":{\"app\":\"promotion-mapper-service\",\"group\":\"com.amdocs.catalogone\",\"provider\":\"amdocs\",\"release\":\"promotion-mapper-release\"},\"sessionAffinity\":\"None\",\"type\":\"NodePort\"},\"status\":{\"loadBalancer\":{}}}\n"}},"spec":{"ports":[{"name":"server","protocol":"TCP","port":8080,"targetPort":8080,"nodePort":31731},{"name":"management","protocol":"TCP","port":8081,"targetPort":8081,"nodePort":32549},{"name":"metrics","protocol":"TCP","port":5555,"targetPort":"metrics","nodePort":31735}],"selector":{"app":"promotion-mapper-service","group":"com.amdocs.catalogone","provider":"amdocs","release":"promotion-mapper-release"},"clusterIP":"172.30.62.17","type":"NodePort","sessionAffinity":"None","externalTrafficPolicy":"Cluster"},"status":{"loadBalancer":{}}},{"metadata":{"name":"promotion-productofferingcriteria-service","namespace":"oc-cd-1017-pranavd-pd","selfLink":"/api/v1/namespaces/oc-cd-1017-pranavd-pd/services/promotion-productofferingcriteria-service","uid":"a999e9ce-b721-11e8-bb86-0050569a887c","resourceVersion":"66122670","creationTimestamp":"2018-09-13T06:53:04Z","labels":{"chart":"promotion-productofferingcriteria-0.1.1-0033","expose":"true","microservice":"promotion-productofferin","monitored":"prometheus","monitoring":"prometheus","project":"promotion-productofferingcriteria","provider":"amdocs","release":"promotion-productofferingcriteria-release"},"annotations":{"fabric8.io/iconUrl":"img/icons/spring-boot.svg","kubectl.kubernetes.io/last-applied-configuration":"{\"apiVersion\":\"v1\",\"kind\":\"Service\",\"metadata\":{\"annotations\":{\"fabric8.io/iconUrl\":\"img/icons/spring-boot.svg\"},\"creationTimestamp\":null,\"labels\":{\"chart\":\"promotion-productofferingcriteria-0.1.1-0033\",\"expose\":\"true\",\"microservice\":\"promotion-productofferin\",\"monitored\":\"prometheus\",\"monitoring\":\"prometheus\",\"project\":\"promotion-productofferingcriteria\",\"provider\":\"amdocs\",\"release\":\"promotion-productofferingcriteria-release\"},\"name\":\"promotion-productofferingcriteria-service\",\"namespace\":\"oc-cd-1017-pranavd-pd\"},\"spec\":{\"externalTrafficPolicy\":\"Cluster\",\"ports\":[{\"name\":\"http\",\"port\":8080,\"protocol\":\"TCP\",\"targetPort\":8080},{\"name\":\"metrics\",\"port\":5555,\"protocol\":\"TCP\",\"targetPort\":\"metrics\"}],\"selector\":{\"microservice\":\"promotion-productofferin\",\"project\":\"promotion-productofferingcriteria\",\"provider\":\"amdocs\",\"release\":\"promotion-productofferingcriteria-release\"},\"sessionAffinity\":\"None\",\"type\":\"NodePort\"},\"status\":{\"loadBalancer\":{}}}\n"}},"spec":{"ports":[{"name":"http","protocol":"TCP","port":8080,"targetPort":8080,"nodePort":34777},{"name":"metrics","protocol":"TCP","port":5555,"targetPort":"metrics","nodePort":32563}],"selector":{"microservice":"promotion-productofferin","project":"promotion-productofferingcriteria","provider":"amdocs","release":"promotion-productofferingcriteria-release"},"clusterIP":"172.30.98.139","type":"NodePort","sessionAffinity":"None","externalTrafficPolicy":"Cluster"},"status":{"loadBalancer":{}}},{"metadata":{"name":"promotion-promotion-service","namespace":"oc-cd-1017-pranavd-pd","selfLink":"/api/v1/namespaces/oc-cd-1017-pranavd-pd/services/promotion-promotion-service","uid":"a9b1399a-b721-11e8-bb86-0050569a887c","resourceVersion":"66122678","creationTimestamp":"2018-09-13T06:53:04Z","labels":{"chart":"promotion-promotion-0.1.1-0052","expose":"true","microservice":"promotion-promotion","monitored":"prometheus","monitoring":"prometheus","project":"promotion-promotion","provider":"amdocs","release":"promotion-promotion-release"},"annotations":{"fabric8.io/iconUrl":"img/icons/spring-boot.svg","kubectl.kubernetes.io/last-applied-configuration":"{\"apiVersion\":\"v1\",\"kind\":\"Service\",\"metadata\":{\"annotations\":{\"fabric8.io/iconUrl\":\"img/icons/spring-boot.svg\"},\"creationTimestamp\":null,\"labels\":{\"chart\":\"promotion-promotion-0.1.1-0052\",\"expose\":\"true\",\"microservice\":\"promotion-promotion\",\"monitored\":\"prometheus\",\"monitoring\":\"prometheus\",\"project\":\"promotion-promotion\",\"provider\":\"amdocs\",\"release\":\"promotion-promotion-release\"},\"name\":\"promotion-promotion-service\",\"namespace\":\"oc-cd-1017-pranavd-pd\"},\"spec\":{\"externalTrafficPolicy\":\"Cluster\",\"ports\":[{\"name\":\"http\",\"port\":8080,\"protocol\":\"TCP\",\"targetPort\":8080},{\"name\":\"metrics\",\"port\":5555,\"protocol\":\"TCP\",\"targetPort\":\"metrics\"}],\"selector\":{\"microservice\":\"promotion-promotion\",\"project\":\"promotion-promotion\",\"provider\":\"amdocs\",\"release\":\"promotion-promotion-release\"},\"sessionAffinity\":\"None\",\"type\":\"NodePort\"},\"status\":{\"loadBalancer\":{}}}\n"}},"spec":{"ports":[{"name":"http","protocol":"TCP","port":8080,"targetPort":8080,"nodePort":32832},{"name":"metrics","protocol":"TCP","port":5555,"targetPort":"metrics","nodePort":32836}],"selector":{"microservice":"promotion-promotion","project":"promotion-promotion","provider":"amdocs","release":"promotion-promotion-release"},"clusterIP":"172.30.209.251","type":"NodePort","sessionAffinity":"None","externalTrafficPolicy":"Cluster"},"status":{"loadBalancer":{}}},{"metadata":{"name":"promotion-qualification-service","namespace":"oc-cd-1017-pranavd-pd","selfLink":"/api/v1/namespaces/oc-cd-1017-pranavd-pd/services/promotion-qualification-service","uid":"a9c50635-b721-11e8-bb86-0050569a887c","resourceVersion":"66122685","creationTimestamp":"2018-09-13T06:53:04Z","labels":{"chart":"promotion-qualification-0.1.1-0048","expose":"true","microservice":"promotion-qualification","monitored":"prometheus","monitoring":"prometheus","project":"promotion-qualification","provider":"amdocs","release":"promotion-qualifictn-release"},"annotations":{"fabric8.io/iconUrl":"img/icons/spring-boot.svg","kubectl.kubernetes.io/last-applied-configuration":"{\"apiVersion\":\"v1\",\"kind\":\"Service\",\"metadata\":{\"annotations\":{\"fabric8.io/iconUrl\":\"img/icons/spring-boot.svg\"},\"creationTimestamp\":null,\"labels\":{\"chart\":\"promotion-qualification-0.1.1-0048\",\"expose\":\"true\",\"microservice\":\"promotion-qualification\",\"monitored\":\"prometheus\",\"monitoring\":\"prometheus\",\"project\":\"promotion-qualification\",\"provider\":\"amdocs\",\"release\":\"promotion-qualifictn-release\"},\"name\":\"promotion-qualification-service\",\"namespace\":\"oc-cd-1017-pranavd-pd\"},\"spec\":{\"externalTrafficPolicy\":\"Cluster\",\"ports\":[{\"name\":\"http\",\"port\":8080,\"protocol\":\"TCP\",\"targetPort\":8080},{\"name\":\"metrics\",\"port\":5555,\"protocol\":\"TCP\",\"targetPort\":\"metrics\"}],\"selector\":{\"microservice\":\"promotion-qualification\",\"project\":\"promotion-qualification\",\"provider\":\"amdocs\",\"release\":\"promotion-qualifictn-release\"},\"sessionAffinity\":\"None\",\"type\":\"NodePort\"},\"status\":{\"loadBalancer\":{}}}\n"}},"spec":{"ports":[{"name":"http","protocol":"TCP","port":8080,"targetPort":8080,"nodePort":30560},{"name":"metrics","protocol":"TCP","port":5555,"targetPort":"metrics","nodePort":32168}],"selector":{"microservice":"promotion-qualification","project":"promotion-qualification","provider":"amdocs","release":"promotion-qualifictn-release"},"clusterIP":"172.30.198.162","type":"NodePort","sessionAffinity":"None","externalTrafficPolicy":"Cluster"},"status":{"loadBalancer":{}}},{"metadata":{"name":"promotion-saleschannelcriteria-service","namespace":"oc-cd-1017-pranavd-pd","selfLink":"/api/v1/namespaces/oc-cd-1017-pranavd-pd/services/promotion-saleschannelcriteria-service","uid":"a9d570c3-b721-11e8-bb86-0050569a887c","resourceVersion":"66122693","creationTimestamp":"2018-09-13T06:53:04Z","labels":{"chart":"promotion-saleschannelcriteria-0.1.1-0008","expose":"true","microservice":"promotion-saleschannelcr","project":"promotion-saleschannelcriteria","provider":"amdocs","release":"promotion-saleschannelcriteria-release"},"annotations":{"fabric8.io/iconUrl":"img/icons/spring-boot.svg","kubectl.kubernetes.io/last-applied-configuration":"{\"apiVersion\":\"v1\",\"kind\":\"Service\",\"metadata\":{\"annotations\":{\"fabric8.io/iconUrl\":\"img/icons/spring-boot.svg\"},\"creationTimestamp\":null,\"labels\":{\"chart\":\"promotion-saleschannelcriteria-0.1.1-0008\",\"expose\":\"true\",\"microservice\":\"promotion-saleschannelcr\",\"project\":\"promotion-saleschannelcriteria\",\"provider\":\"amdocs\",\"release\":\"promotion-saleschannelcriteria-release\"},\"name\":\"promotion-saleschannelcriteria-service\",\"namespace\":\"oc-cd-1017-pranavd-pd\"},\"spec\":{\"externalTrafficPolicy\":\"Cluster\",\"ports\":[{\"name\":\"http\",\"port\":8080,\"protocol\":\"TCP\",\"targetPort\":8080},{\"name\":\"metrics\",\"port\":5555,\"protocol\":\"TCP\",\"targetPort\":\"metrics\"}],\"selector\":{\"microservice\":\"promotion-saleschannelcr\",\"project\":\"promotion-saleschannelcriteria\",\"provider\":\"amdocs\",\"release\":\"promotion-saleschannelcriteria-release\"},\"sessionAffinity\":\"None\",\"type\":\"NodePort\"},\"status\":{\"loadBalancer\":{}}}\n"}},"spec":{"ports":[{"name":"http","protocol":"TCP","port":8080,"targetPort":8080,"nodePort":34306},{"name":"metrics","protocol":"TCP","port":5555,"targetPort":"metrics","nodePort":31803}],"selector":{"microservice":"promotion-saleschannelcr","project":"promotion-saleschannelcriteria","provider":"amdocs","release":"promotion-saleschannelcriteria-release"},"clusterIP":"172.30.60.80","type":"NodePort","sessionAffinity":"None","externalTrafficPolicy":"Cluster"},"status":{"loadBalancer":{}}},{"metadata":{"name":"release-management-service","namespace":"oc-cd-1017-pranavd-pd","selfLink":"/api/v1/namespaces/oc-cd-1017-pranavd-pd/services/release-management-service","uid":"a9ec4315-b721-11e8-bb86-0050569a887c","resourceVersion":"66122703","creationTimestamp":"2018-09-13T06:53:04Z","labels":{"app":"release-management-service","chart":"release-management-service-1.6.0","prometheus":"amdocs-prometheus","release":"release-management-release"},"annotations":{"kubectl.kubernetes.io/last-applied-configuration":"{\"apiVersion\":\"v1\",\"kind\":\"Service\",\"metadata\":{\"annotations\":{},\"creationTimestamp\":null,\"labels\":{\"app\":\"release-management-service\",\"chart\":\"release-management-service-1.6.0\",\"prometheus\":\"amdocs-prometheus\",\"release\":\"release-management-release\"},\"name\":\"release-management-service\",\"namespace\":\"oc-cd-1017-pranavd-pd\"},\"spec\":{\"externalTrafficPolicy\":\"Cluster\",\"ports\":[{\"name\":\"server\",\"port\":8080,\"protocol\":\"TCP\",\"targetPort\":\"server\"},{\"name\":\"management\",\"port\":8081,\"protocol\":\"TCP\",\"targetPort\":\"management\"},{\"name\":\"metrics\",\"port\":5555,\"protocol\":\"TCP\",\"targetPort\":\"metrics\"},{\"name\":\"debug\",\"port\":5005,\"protocol\":\"TCP\",\"targetPort\":\"debug\"}],\"selector\":{\"app\":\"release-management-service\",\"group\":\"com.amdocs.catalogone\",\"provider\":\"amdocs\",\"release\":\"release-management-release\"},\"sessionAffinity\":\"None\",\"type\":\"NodePort\"},\"status\":{\"loadBalancer\":{}}}\n"}},"spec":{"ports":[{"name":"server","protocol":"TCP","port":8080,"targetPort":"server","nodePort":32564},{"name":"management","protocol":"TCP","port":8081,"targetPort":"management","nodePort":30030},{"name":"metrics","protocol":"TCP","port":5555,"targetPort":"metrics","nodePort":30562},{"name":"debug","protocol":"TCP","port":5005,"targetPort":"debug","nodePort":31821}],"selector":{"app":"release-management-service","group":"com.amdocs.catalogone","provider":"amdocs","release":"release-management-release"},"clusterIP":"172.30.5.247","type":"NodePort","sessionAffinity":"None","externalTrafficPolicy":"Cluster"},"status":{"loadBalancer":{}}},{"metadata":{"name":"repo-service","namespace":"oc-cd-1017-pranavd-pd","selfLink":"/api/v1/namespaces/oc-cd-1017-pranavd-pd/services/repo-service","uid":"a9ffdcb0-b721-11e8-bb86-0050569a887c","resourceVersion":"66122713","creationTimestamp":"2018-09-13T06:53:04Z","labels":{"app":"catalog-repo-plugin-helm","chart":"catalog-repo-plugin-helm-2.0.0","heritage":"Tiller","release":"repo-service-release"},"annotations":{"kubectl.kubernetes.io/last-applied-configuration":"{\"apiVersion\":\"v1\",\"kind\":\"Service\",\"metadata\":{\"annotations\":{},\"creationTimestamp\":null,\"labels\":{\"app\":\"catalog-repo-plugin-helm\",\"chart\":\"catalog-repo-plugin-helm-2.0.0\",\"heritage\":\"Tiller\",\"release\":\"repo-service-release\"},\"name\":\"repo-service\",\"namespace\":\"oc-cd-1017-pranavd-pd\"},\"spec\":{\"externalTrafficPolicy\":\"Cluster\",\"ports\":[{\"name\":\"server\",\"port\":8080,\"protocol\":\"TCP\",\"targetPort\":8080},{\"name\":\"management\",\"port\":8081,\"protocol\":\"TCP\",\"targetPort\":8081}],\"selector\":{\"app\":\"catalog-repo-plugin-helm\",\"group\":\"com.amdocs.foundation.repo\",\"provider\":\"amdocs\",\"release\":\"repo-service-release\"},\"sessionAffinity\":\"None\",\"type\":\"NodePort\"},\"status\":{\"loadBalancer\":{}}}\n"}},"spec":{"ports":[{"name":"server","protocol":"TCP","port":8080,"targetPort":8080,"nodePort":32577},{"name":"management","protocol":"TCP","port":8081,"targetPort":8081,"nodePort":35318}],"selector":{"app":"catalog-repo-plugin-helm","group":"com.amdocs.foundation.repo","provider":"amdocs","release":"repo-service-release"},"clusterIP":"172.30.8.190","type":"NodePort","sessionAffinity":"None","externalTrafficPolicy":"Cluster"},"status":{"loadBalancer":{}}},{"metadata":{"name":"scheduler-task-service","namespace":"oc-cd-1017-pranavd-pd","selfLink":"/api/v1/namespaces/oc-cd-1017-pranavd-pd/services/scheduler-task-service","uid":"aa0d3a6b-b721-11e8-bb86-0050569a887c","resourceVersion":"66122721","creationTimestamp":"2018-09-13T06:53:04Z","labels":{"chart":"scheduler-task-0.1.1-0053","expose":"true","microservice":"scheduler-task","monitored":"prometheus","monitoring":"prometheus","project":"scheduler-task","provider":"amdocs","release":"scheduler"},"annotations":{"fabric8.io/iconUrl":"img/icons/spring-boot.svg","kubectl.kubernetes.io/last-applied-configuration":"{\"apiVersion\":\"v1\",\"kind\":\"Service\",\"metadata\":{\"annotations\":{\"fabric8.io/iconUrl\":\"img/icons/spring-boot.svg\"},\"creationTimestamp\":null,\"labels\":{\"chart\":\"scheduler-task-0.1.1-0053\",\"expose\":\"true\",\"microservice\":\"scheduler-task\",\"monitored\":\"prometheus\",\"monitoring\":\"prometheus\",\"project\":\"scheduler-task\",\"provider\":\"amdocs\",\"release\":\"scheduler\"},\"name\":\"scheduler-task-service\",\"namespace\":\"oc-cd-1017-pranavd-pd\"},\"spec\":{\"externalTrafficPolicy\":\"Cluster\",\"ports\":[{\"name\":\"http\",\"port\":8080,\"protocol\":\"TCP\",\"targetPort\":8080},{\"name\":\"metrics\",\"port\":5555,\"protocol\":\"TCP\",\"targetPort\":\"metrics\"}],\"selector\":{\"microservice\":\"scheduler-task\",\"project\":\"scheduler-task\",\"provider\":\"amdocs\",\"release\":\"scheduler\"},\"sessionAffinity\":\"None\",\"type\":\"NodePort\"},\"status\":{\"loadBalancer\":{}}}\n"}},"spec":{"ports":[{"name":"http","protocol":"TCP","port":8080,"targetPort":8080,"nodePort":31839},{"name":"metrics","protocol":"TCP","port":5555,"targetPort":"metrics","nodePort":31848}],"selector":{"microservice":"scheduler-task","project":"scheduler-task","provider":"amdocs","release":"scheduler"},"clusterIP":"172.30.79.219","type":"NodePort","sessionAffinity":"None","externalTrafficPolicy":"Cluster"},"status":{"loadBalancer":{}}},{"metadata":{"name":"shoppingcart-checkout-service","namespace":"oc-cd-1017-pranavd-pd","selfLink":"/api/v1/namespaces/oc-cd-1017-pranavd-pd/services/shoppingcart-checkout-service","uid":"aa1f884b-b721-11e8-bb86-0050569a887c","resourceVersion":"66122730","creationTimestamp":"2018-09-13T06:53:05Z","labels":{"chart":"shoppingcart-checkout-0.1.1-0025","expose":"true","microservice":"shoppingcart-checkout","monitored":"prometheus","monitoring":"prometheus","project":"shoppingcart-checkout","provider":"amdocs","release":"shoppingcart-checkout-release"},"annotations":{"fabric8.io/iconUrl":"img/icons/spring-boot.svg","kubectl.kubernetes.io/last-applied-configuration":"{\"apiVersion\":\"v1\",\"kind\":\"Service\",\"metadata\":{\"annotations\":{\"fabric8.io/iconUrl\":\"img/icons/spring-boot.svg\"},\"creationTimestamp\":null,\"labels\":{\"chart\":\"shoppingcart-checkout-0.1.1-0025\",\"expose\":\"true\",\"microservice\":\"shoppingcart-checkout\",\"monitored\":\"prometheus\",\"monitoring\":\"prometheus\",\"project\":\"shoppingcart-checkout\",\"provider\":\"amdocs\",\"release\":\"shoppingcart-checkout-release\"},\"name\":\"shoppingcart-checkout-service\",\"namespace\":\"oc-cd-1017-pranavd-pd\"},\"spec\":{\"externalTrafficPolicy\":\"Cluster\",\"ports\":[{\"name\":\"http\",\"port\":8080,\"protocol\":\"TCP\",\"targetPort\":8080},{\"name\":\"https\",\"port\":8443,\"protocol\":\"TCP\",\"targetPort\":\"https\"},{\"name\":\"metrics\",\"port\":5555,\"protocol\":\"TCP\",\"targetPort\":\"metrics\"}],\"selector\":{\"microservice\":\"shoppingcart-checkout\",\"project\":\"shoppingcart-checkout\",\"provider\":\"amdocs\",\"release\":\"shoppingcart-checkout-release\"},\"sessionAffinity\":\"None\",\"type\":\"NodePort\"},\"status\":{\"loadBalancer\":{}}}\n"}},"spec":{"ports":[{"name":"http","protocol":"TCP","port":8080,"targetPort":8080,"nodePort":35324},{"name":"https","protocol":"TCP","port":8443,"targetPort":"https","nodePort":33528},{"name":"metrics","protocol":"TCP","port":5555,"targetPort":"metrics","nodePort":32841}],"selector":{"microservice":"shoppingcart-checkout","project":"shoppingcart-checkout","provider":"amdocs","release":"shoppingcart-checkout-release"},"clusterIP":"172.30.145.116","type":"NodePort","sessionAffinity":"None","externalTrafficPolicy":"Cluster"},"status":{"loadBalancer":{}}},{"metadata":{"name":"shoppingcart-modify-service","namespace":"oc-cd-1017-pranavd-pd","selfLink":"/api/v1/namespaces/oc-cd-1017-pranavd-pd/services/shoppingcart-modify-service","uid":"aa349293-b721-11e8-bb86-0050569a887c","resourceVersion":"66122736","creationTimestamp":"2018-09-13T06:53:05Z","labels":{"chart":"shoppingcart-modify-0.1.1-0025","expose":"true","microservice":"shoppingcart-modify","monitored":"prometheus","monitoring":"prometheus","project":"shoppingcart-modify","provider":"amdocs","release":"shoppingcart-modify-release"},"annotations":{"fabric8.io/iconUrl":"img/icons/spring-boot.svg","kubectl.kubernetes.io/last-applied-configuration":"{\"apiVersion\":\"v1\",\"kind\":\"Service\",\"metadata\":{\"annotations\":{\"fabric8.io/iconUrl\":\"img/icons/spring-boot.svg\"},\"creationTimestamp\":null,\"labels\":{\"chart\":\"shoppingcart-modify-0.1.1-0025\",\"expose\":\"true\",\"microservice\":\"shoppingcart-modify\",\"monitored\":\"prometheus\",\"monitoring\":\"prometheus\",\"project\":\"shoppingcart-modify\",\"provider\":\"amdocs\",\"release\":\"shoppingcart-modify-release\"},\"name\":\"shoppingcart-modify-service\",\"namespace\":\"oc-cd-1017-pranavd-pd\"},\"spec\":{\"externalTrafficPolicy\":\"Cluster\",\"ports\":[{\"name\":\"http\",\"port\":8080,\"protocol\":\"TCP\",\"targetPort\":8080},{\"name\":\"https\",\"port\":8443,\"protocol\":\"TCP\",\"targetPort\":\"https\"},{\"name\":\"metrics\",\"port\":5555,\"protocol\":\"TCP\",\"targetPort\":\"metrics\"}],\"selector\":{\"microservice\":\"shoppingcart-modify\",\"project\":\"shoppingcart-modify\",\"provider\":\"amdocs\",\"release\":\"shoppingcart-modify-release\"},\"sessionAffinity\":\"None\",\"type\":\"NodePort\"},\"status\":{\"loadBalancer\":{}}}\n"}},"spec":{"ports":[{"name":"http","protocol":"TCP","port":8080,"targetPort":8080,"nodePort":33407},{"name":"https","protocol":"TCP","port":8443,"targetPort":"https","nodePort":31851},{"name":"metrics","protocol":"TCP","port":5555,"targetPort":"metrics","nodePort":31894}],"selector":{"microservice":"shoppingcart-modify","project":"shoppingcart-modify","provider":"amdocs","release":"shoppingcart-modify-release"},"clusterIP":"172.30.34.163","type":"NodePort","sessionAffinity":"None","externalTrafficPolicy":"Cluster"},"status":{"loadBalancer":{}}},{"metadata":{"name":"shoppingcart-price-service","namespace":"oc-cd-1017-pranavd-pd","selfLink":"/api/v1/namespaces/oc-cd-1017-pranavd-pd/services/shoppingcart-price-service","uid":"aa49629d-b721-11e8-bb86-0050569a887c","resourceVersion":"66122745","creationTimestamp":"2018-09-13T06:53:05Z","labels":{"chart":"shoppingcart-price-0.1.1-0036","expose":"true","microservice":"shoppingcart-price","monitored":"prometheus","monitoring":"prometheus","project":"shoppingcart-price","provider":"amdocs","release":"shoppingcart-price-release"},"annotations":{"fabric8.io/iconUrl":"img/icons/spring-boot.svg","kubectl.kubernetes.io/last-applied-configuration":"{\"apiVersion\":\"v1\",\"kind\":\"Service\",\"metadata\":{\"annotations\":{\"fabric8.io/iconUrl\":\"img/icons/spring-boot.svg\"},\"creationTimestamp\":null,\"labels\":{\"chart\":\"shoppingcart-price-0.1.1-0036\",\"expose\":\"true\",\"microservice\":\"shoppingcart-price\",\"monitored\":\"prometheus\",\"monitoring\":\"prometheus\",\"project\":\"shoppingcart-price\",\"provider\":\"amdocs\",\"release\":\"shoppingcart-price-release\"},\"name\":\"shoppingcart-price-service\",\"namespace\":\"oc-cd-1017-pranavd-pd\"},\"spec\":{\"externalTrafficPolicy\":\"Cluster\",\"ports\":[{\"name\":\"http\",\"port\":8080,\"protocol\":\"TCP\",\"targetPort\":8080},{\"name\":\"https\",\"port\":8443,\"protocol\":\"TCP\",\"targetPort\":\"https\"},{\"name\":\"metrics\",\"port\":5555,\"protocol\":\"TCP\",\"targetPort\":\"metrics\"}],\"selector\":{\"microservice\":\"shoppingcart-price\",\"project\":\"shoppingcart-price\",\"provider\":\"amdocs\",\"release\":\"shoppingcart-price-release\"},\"sessionAffinity\":\"None\",\"type\":\"NodePort\"},\"status\":{\"loadBalancer\":{}}}\n"}},"spec":{"ports":[{"name":"http","protocol":"TCP","port":8080,"targetPort":8080,"nodePort":34227},{"name":"https","protocol":"TCP","port":8443,"targetPort":"https","nodePort":32116},{"name":"metrics","protocol":"TCP","port":5555,"targetPort":"metrics","nodePort":32130}],"selector":{"microservice":"shoppingcart-price","project":"shoppingcart-price","provider":"amdocs","release":"shoppingcart-price-release"},"clusterIP":"172.30.214.100","type":"NodePort","sessionAffinity":"None","externalTrafficPolicy":"Cluster"},"status":{"loadBalancer":{}}},{"metadata":{"name":"shoppingcart-shoppingcart-service","namespace":"oc-cd-1017-pranavd-pd","selfLink":"/api/v1/namespaces/oc-cd-1017-pranavd-pd/services/shoppingcart-shoppingcart-service","uid":"aa57a6f5-b721-11e8-bb86-0050569a887c","resourceVersion":"66122755","creationTimestamp":"2018-09-13T06:53:05Z","labels":{"chart":"shoppingcart-shoppingcart-0.1.1-0074","expose":"true","microservice":"shoppingcart-shoppingcar","monitored":"prometheus","monitoring":"prometheus","project":"shoppingcart-shoppingcart","provider":"amdocs","release":"shoppingcart-shoppingcart-release"},"annotations":{"fabric8.io/iconUrl":"img/icons/spring-boot.svg","kubectl.kubernetes.io/last-applied-configuration":"{\"apiVersion\":\"v1\",\"kind\":\"Service\",\"metadata\":{\"annotations\":{\"fabric8.io/iconUrl\":\"img/icons/spring-boot.svg\"},\"creationTimestamp\":null,\"labels\":{\"chart\":\"shoppingcart-shoppingcart-0.1.1-0074\",\"expose\":\"true\",\"microservice\":\"shoppingcart-shoppingcar\",\"monitored\":\"prometheus\",\"monitoring\":\"prometheus\",\"project\":\"shoppingcart-shoppingcart\",\"provider\":\"amdocs\",\"release\":\"shoppingcart-shoppingcart-release\"},\"name\":\"shoppingcart-shoppingcart-service\",\"namespace\":\"oc-cd-1017-pranavd-pd\"},\"spec\":{\"externalTrafficPolicy\":\"Cluster\",\"ports\":[{\"name\":\"http\",\"port\":8080,\"protocol\":\"TCP\",\"targetPort\":8080},{\"name\":\"https\",\"port\":8443,\"protocol\":\"TCP\",\"targetPort\":\"https\"},{\"name\":\"metrics\",\"port\":5555,\"protocol\":\"TCP\",\"targetPort\":\"metrics\"}],\"selector\":{\"microservice\":\"shoppingcart-shoppingcar\",\"project\":\"shoppingcart-shoppingcart\",\"provider\":\"amdocs\",\"release\":\"shoppingcart-shoppingcart-release\"},\"sessionAffinity\":\"None\",\"type\":\"NodePort\"},\"status\":{\"loadBalancer\":{}}}\n"}},"spec":{"ports":[{"name":"http","protocol":"TCP","port":8080,"targetPort":8080,"nodePort":32180},{"name":"https","protocol":"TCP","port":8443,"targetPort":"https","nodePort":32198},{"name":"metrics","protocol":"TCP","port":5555,"targetPort":"metrics","nodePort":33272}],"selector":{"microservice":"shoppingcart-shoppingcar","project":"shoppingcart-shoppingcart","provider":"amdocs","release":"shoppingcart-shoppingcart-release"},"clusterIP":"172.30.39.70","type":"NodePort","sessionAffinity":"None","externalTrafficPolicy":"Cluster"},"status":{"loadBalancer":{}}},{"metadata":{"name":"shoppingcart-validate-service","namespace":"oc-cd-1017-pranavd-pd","selfLink":"/api/v1/namespaces/oc-cd-1017-pranavd-pd/services/shoppingcart-validate-service","uid":"aa67bed3-b721-11e8-bb86-0050569a887c","resourceVersion":"66122762","creationTimestamp":"2018-09-13T06:53:05Z","labels":{"chart":"shoppingcart-validate-0.1.1-0029","expose":"true","microservice":"shoppingcart-validate","monitored":"prometheus","monitoring":"prometheus","project":"shoppingcart-validate","provider":"amdocs","release":"shoppingcart-validate-release"},"annotations":{"fabric8.io/iconUrl":"img/icons/spring-boot.svg","kubectl.kubernetes.io/last-applied-configuration":"{\"apiVersion\":\"v1\",\"kind\":\"Service\",\"metadata\":{\"annotations\":{\"fabric8.io/iconUrl\":\"img/icons/spring-boot.svg\"},\"creationTimestamp\":null,\"labels\":{\"chart\":\"shoppingcart-validate-0.1.1-0029\",\"expose\":\"true\",\"microservice\":\"shoppingcart-validate\",\"monitored\":\"prometheus\",\"monitoring\":\"prometheus\",\"project\":\"shoppingcart-validate\",\"provider\":\"amdocs\",\"release\":\"shoppingcart-validate-release\"},\"name\":\"shoppingcart-validate-service\",\"namespace\":\"oc-cd-1017-pranavd-pd\"},\"spec\":{\"externalTrafficPolicy\":\"Cluster\",\"ports\":[{\"name\":\"http\",\"port\":8080,\"protocol\":\"TCP\",\"targetPort\":8080},{\"name\":\"https\",\"port\":8443,\"protocol\":\"TCP\",\"targetPort\":\"https\"},{\"name\":\"metrics\",\"port\":5555,\"protocol\":\"TCP\",\"targetPort\":\"metrics\"}],\"selector\":{\"microservice\":\"shoppingcart-validate\",\"project\":\"shoppingcart-validate\",\"provider\":\"amdocs\",\"release\":\"shoppingcart-validate-release\"},\"sessionAffinity\":\"None\",\"type\":\"NodePort\"},\"status\":{\"loadBalancer\":{}}}\n"}},"spec":{"ports":[{"name":"http","protocol":"TCP","port":8080,"targetPort":8080,"nodePort":32200},{"name":"https","protocol":"TCP","port":8443,"targetPort":"https","nodePort":33334},{"name":"metrics","protocol":"TCP","port":5555,"targetPort":"metrics","nodePort":33040}],"selector":{"microservice":"shoppingcart-validate","project":"shoppingcart-validate","provider":"amdocs","release":"shoppingcart-validate-release"},"clusterIP":"172.30.135.231","type":"NodePort","sessionAffinity":"None","externalTrafficPolicy":"Cluster"},"status":{"loadBalancer":{}}},{"metadata":{"name":"stock-productstock-service","namespace":"oc-cd-1017-pranavd-pd","selfLink":"/api/v1/namespaces/oc-cd-1017-pranavd-pd/services/stock-productstock-service","uid":"aa773748-b721-11e8-bb86-0050569a887c","resourceVersion":"66122767","creationTimestamp":"2018-09-13T06:53:05Z","labels":{"chart":"stock-productstock-0.1.0-0059","expose":"true","microservice":"stock-productstock","project":"stock-productstock","provider":"amdocs","release":"stock-productstock-release"},"annotations":{"fabric8.io/iconUrl":"img/icons/spring-boot.svg","kubectl.kubernetes.io/last-applied-configuration":"{\"apiVersion\":\"v1\",\"kind\":\"Service\",\"metadata\":{\"annotations\":{\"fabric8.io/iconUrl\":\"img/icons/spring-boot.svg\"},\"creationTimestamp\":null,\"labels\":{\"chart\":\"stock-productstock-0.1.0-0059\",\"expose\":\"true\",\"microservice\":\"stock-productstock\",\"project\":\"stock-productstock\",\"provider\":\"amdocs\",\"release\":\"stock-productstock-release\"},\"name\":\"stock-productstock-service\",\"namespace\":\"oc-cd-1017-pranavd-pd\"},\"spec\":{\"externalTrafficPolicy\":\"Cluster\",\"ports\":[{\"name\":\"http\",\"port\":8080,\"protocol\":\"TCP\",\"targetPort\":8080},{\"name\":\"metrics\",\"port\":5555,\"protocol\":\"TCP\",\"targetPort\":\"metrics\"}],\"selector\":{\"microservice\":\"stock-productstock\",\"project\":\"stock-productstock\",\"provider\":\"amdocs\",\"release\":\"stock-productstock-release\"},\"sessionAffinity\":\"None\",\"type\":\"NodePort\"},\"status\":{\"loadBalancer\":{}}}\n"}},"spec":{"ports":[{"name":"http","protocol":"TCP","port":8080,"targetPort":8080,"nodePort":33497},{"name":"metrics","protocol":"TCP","port":5555,"targetPort":"metrics","nodePort":33289}],"selector":{"microservice":"stock-productstock","project":"stock-productstock","provider":"amdocs","release":"stock-productstock-release"},"clusterIP":"172.30.199.138","type":"NodePort","sessionAffinity":"None","externalTrafficPolicy":"Cluster"},"status":{"loadBalancer":{}}},{"metadata":{"name":"stock-productstockbridge-service","namespace":"oc-cd-1017-pranavd-pd","selfLink":"/api/v1/namespaces/oc-cd-1017-pranavd-pd/services/stock-productstockbridge-service","uid":"aa89bc50-b721-11e8-bb86-0050569a887c","resourceVersion":"66122775","creationTimestamp":"2018-09-13T06:53:05Z","labels":{"chart":"stock-productstockbridge-0.1.0-0049","expose":"true","microservice":"stock-productstockbridge","project":"stock-productstockbridge","provider":"amdocs","release":"stock-productstockbridge-release"},"annotations":{"fabric8.io/iconUrl":"img/icons/spring-boot.svg","kubectl.kubernetes.io/last-applied-configuration":"{\"apiVersion\":\"v1\",\"kind\":\"Service\",\"metadata\":{\"annotations\":{\"fabric8.io/iconUrl\":\"img/icons/spring-boot.svg\"},\"creationTimestamp\":null,\"labels\":{\"chart\":\"stock-productstockbridge-0.1.0-0049\",\"expose\":\"true\",\"microservice\":\"stock-productstockbridge\",\"project\":\"stock-productstockbridge\",\"provider\":\"amdocs\",\"release\":\"stock-productstockbridge-release\"},\"name\":\"stock-productstockbridge-service\",\"namespace\":\"oc-cd-1017-pranavd-pd\"},\"spec\":{\"externalTrafficPolicy\":\"Cluster\",\"ports\":[{\"name\":\"http\",\"port\":8080,\"protocol\":\"TCP\",\"targetPort\":8080},{\"name\":\"metrics\",\"port\":5555,\"protocol\":\"TCP\",\"targetPort\":\"metrics\"}],\"selector\":{\"microservice\":\"stock-productstockbridge\",\"project\":\"stock-productstockbridge\",\"provider\":\"amdocs\",\"release\":\"stock-productstockbridge-release\"},\"sessionAffinity\":\"None\",\"type\":\"NodePort\"},\"status\":{\"loadBalancer\":{}}}\n"}},"spec":{"ports":[{"name":"http","protocol":"TCP","port":8080,"targetPort":8080,"nodePort":32860},{"name":"metrics","protocol":"TCP","port":5555,"targetPort":"metrics","nodePort":32233}],"selector":{"microservice":"stock-productstockbridge","project":"stock-productstockbridge","provider":"amdocs","release":"stock-productstockbridge-release"},"clusterIP":"172.30.224.37","type":"NodePort","sessionAffinity":"None","externalTrafficPolicy":"Cluster"},"status":{"loadBalancer":{}}},{"metadata":{"name":"zookeeper-service","namespace":"oc-cd-1017-pranavd-pd","selfLink":"/api/v1/namespaces/oc-cd-1017-pranavd-pd/services/zookeeper-service","uid":"9dbca0b3-b721-11e8-bb86-0050569a887c","resourceVersion":"66120868","creationTimestamp":"2018-09-13T06:52:44Z","labels":{"projectexportable":"No"},"annotations":{"kubectl.kubernetes.io/last-applied-configuration":"{\"apiVersion\":\"v1\",\"kind\":\"Service\",\"metadata\":{\"annotations\":{},\"labels\":{\"projectexportable\":\"No\"},\"name\":\"zookeeper-service\",\"namespace\":\"oc-cd-1017-pranavd-pd\"},\"spec\":{\"ports\":[{\"name\":\"zookeeper-port\",\"nodePort\":0,\"port\":2181,\"protocol\":\"TCP\",\"targetPort\":2181}],\"selector\":{}}}\n"}},"spec":{"ports":[{"name":"zookeeper-port","protocol":"TCP","port":2181,"targetPort":2181}],"clusterIP":"172.30.99.172","type":"ClusterIP","sessionAffinity":"None"},"status":{"loadBalancer":{}}}]}
]]>
    </line>
    <line>
      <![CDATA[</div>]]>
    </line>
    <line>
      <![CDATA[</div>]]>
    </line>
    <line>
      <![CDATA[</div>]]>
    </line>
    <line>
      <![CDATA[</div>]]>
    </line>
    <line>
      <![CDATA[</td>]]>
    </line>
    <line>
      <![CDATA[</tr>]]>
    </line>
    <line>
      <![CDATA[<tr class="table-success"><td colspan="2">Response status: expected=200 actual=200; Value: true</td></tr>]]>
    </line>
    <line>
      <![CDATA[<tr class="table-info"><td class="text-dark font-weight-bold">Request Type </td><td class="" >GET</td></tr>]]>
    </line>
    <line>
      <![CDATA[<tr><td class="text-dark font-weight-bold">URI </td><td class="" > https://ilocpde01-master.corp.amdocs.com:8443/api/v1/namespaces/oc-cd-1017-pranavd-pd/pods </td></tr>]]>
    </line>
    <line>
      <![CDATA[<tr><td class="text-dark font-weight-bold" colspan="2">Headers : </td></tr>]]>
    </line>
    <line>
      <![CDATA[<tr>]]>
    </line>
    <line>
      <![CDATA[<td class="text-dark font-weight-bold" >Authorization :</td>]]>
    </line>
    <line>
      <![CDATA[<td class="" >]]>
    </line>
    <line>
      <![CDATA[<a href="" class="alert-link" data-toggle="modal" data-target="#rest_assured_logger_modal_value_67">Show</a>]]>
    </line>
    <line>
      <![CDATA[<div class="modal fade"  id="rest_assured_logger_modal_value_67" tabindex="-1" role="dialog">]]>
    </line>
    <line>
      <![CDATA[<div class="modal-dialog" role="document">]]>
    </line>
    <line>
      <![CDATA[<div class="modal-content">]]>
    </line>
    <line>
      <![CDATA[<div class="modal-header text-white bg-info">]]>
    </line>
    <line>
      <![CDATA[<h5 class="modal-title" id="title1">Authorization</h5>]]>
    </line>
    <line>
      <![CDATA[<span class="h6 text-light ml-2 mt-2">(click on the Text to copy)</span>]]>
    </line>
    <line>
      <![CDATA[<button type="button" class="close" data-dismiss="modal" aria-label="Close">]]>
    </line>
    <line>
      <![CDATA[<span aria-hidden="true">&times;</span>]]>
    </line>
    <line>
      <![CDATA[</button>]]>
    </line>
    <line>
      <![CDATA[</div>]]>
    </line>
    <line>
      <![CDATA[<div onClick="copyMePlease(this)" class="modal-body">]]>
    </line>
    <line>
      <![CDATA[Bearer eyJhbGciOiJSUzI1NiIsInR5cCI6IkpXVCJ9.eyJpc3MiOiJrdWJlcm5ldGVzL3NlcnZpY2VhY2NvdW50Iiwia3ViZXJuZXRlcy5pby9zZXJ2aWNlYWNjb3VudC9uYW1lc3BhY2UiOiJvYy1jZC0xMDE3LXByYW5hdmQtcGQiLCJrdWJlcm5ldGVzLmlvL3NlcnZpY2VhY2NvdW50L3NlY3JldC5uYW1lIjoiZml0LXNhLXRva2VuLTRsdzZtIiwia3ViZXJuZXRlcy5pby9zZXJ2aWNlYWNjb3VudC9zZXJ2aWNlLWFjY291bnQubmFtZSI6ImZpdC1zYSIsImt1YmVybmV0ZXMuaW8vc2VydmljZWFjY291bnQvc2VydmljZS1hY2NvdW50LnVpZCI6IjljYzViYmMxLWI3MjEtMTFlOC1iYjg2LTAwNTA1NjlhODg3YyIsInN1YiI6InN5c3RlbTpzZXJ2aWNlYWNjb3VudDpvYy1jZC0xMDE3LXByYW5hdmQtcGQ6Zml0LXNhIn0.KMmKTeThNBXz_F_aqQoUpcSw1eXkrR4xr7tITRdfs2IDTLfXzxGfYk9fOni2zyhlVH7lx9mB94bVkI2zWqa7cjR9z1DEW7OxPFq1XQ11yspYFG3tOi0NdNeaD66XB9TIbGEwbQYl92ZDsy5y3eD5echit18B52IMq8nvaNvTNXESzdGqsxtBMnNpUhtYUZy5xgasoKUwTR34rg91XgeZagjVsH2FJ8R7gIB9fXg8-IR4ZatJitxo40caTeHkGUvjI5aGADQCzytee87Yq6fAeXRb9sZcFUFmJkqf7OLl1FQkH41UG3zjfqtc00mNCzpXEVVbuqiw4ghZYNnh1tPJQA]]>
    </line>
    <line>
      <![CDATA[</div>]]>
    </line>
    <line>
      <![CDATA[</div>]]>
    </line>
    <line>
      <![CDATA[</div>]]>
    </line>
    <line>
      <![CDATA[</div>]]>
    </line>
    <line>
      <![CDATA[</td>]]>
    </line>
    <line>
      <![CDATA[</tr>]]>
    </line>
    <line>
      <![CDATA[<tr>]]>
    </line>
    <line>
      <![CDATA[<td class="text-dark font-weight-bold" >Payload :</td>]]>
    </line>
    <line>
      <![CDATA[<td class="" >]]>
    </line>
    <line>
      <![CDATA[<a href="" class="alert-link" data-toggle="modal" data-target="#rest_assured_logger_modal_value_68">Show</a>]]>
    </line>
    <line>
      <![CDATA[<div class="modal fade"  id="rest_assured_logger_modal_value_68" tabindex="-1" role="dialog">]]>
    </line>
    <line>
      <![CDATA[<div class="modal-dialog" role="document">]]>
    </line>
    <line>
      <![CDATA[<div class="modal-content">]]>
    </line>
    <line>
      <![CDATA[<div class="modal-header text-white bg-info">]]>
    </line>
    <line>
      <![CDATA[<h5 class="modal-title" id="title1">Payload</h5>]]>
    </line>
    <line>
      <![CDATA[<span class="h6 text-light ml-2 mt-2">(click on the Text to copy)</span>]]>
    </line>
    <line>
      <![CDATA[<button type="button" class="close" data-dismiss="modal" aria-label="Close">]]>
    </line>
    <line>
      <![CDATA[<span aria-hidden="true">&times;</span>]]>
    </line>
    <line>
      <![CDATA[</button>]]>
    </line>
    <line>
      <![CDATA[</div>]]>
    </line>
    <line>
      <![CDATA[<div onClick="copyMePlease(this)" class="modal-body">]]>
    </line>
    <line>
      <![CDATA[None]]>
    </line>
    <line>
      <![CDATA[</div>]]>
    </line>
    <line>
      <![CDATA[</div>]]>
    </line>
    <line>
      <![CDATA[</div>]]>
    </line>
    <line>
      <![CDATA[</div>]]>
    </line>
    <line>
      <![CDATA[</td>]]>
    </line>
    <line>
      <![CDATA[</tr>]]>
    </line>
    <line>
      <![CDATA[<tr>]]>
    </line>
    <line>
      <![CDATA[<td class="text-dark font-weight-bold" >Response Header :</td>]]>
    </line>
    <line>
      <![CDATA[<td class="" >]]>
    </line>
    <line>
      <![CDATA[<a href="" class="alert-link" data-toggle="modal" data-target="#modal_value_23">Show</a>]]>
    </line>
    <line>
      <![CDATA[<div class="modal fade"  id="modal_value_23" tabindex="-1" role="dialog">]]>
    </line>
    <line>
      <![CDATA[<div class="modal-dialog" role="document">]]>
    </line>
    <line>
      <![CDATA[<div class="modal-content">]]>
    </line>
    <line>
      <![CDATA[<div class="modal-header text-white bg-info">]]>
    </line>
    <line>
      <![CDATA[<h5 class="modal-title" id="title1">Response Header</h5>]]>
    </line>
    <line>
      <![CDATA[<span class="h6 text-light ml-2 mt-2">(click on the Text to copy)</span>]]>
    </line>
    <line>
      <![CDATA[<button type="button" class="close" data-dismiss="modal" aria-label="Close">]]>
    </line>
    <line>
      <![CDATA[<span aria-hidden="true">&times;</span>]]>
    </line>
    <line>
      <![CDATA[</button>]]>
    </line>
    <line>
      <![CDATA[</div>]]>
    </line>
    <line>
      <![CDATA[<div onClick="copyMePlease(this)" class="modal-body">]]>
    </line>
    <line>
      <![CDATA[Cache-Control=no-store
	Content-Type=application/json
	Date=Tue, 18 Sep 2018 09:40:56 GMT
	Transfer-Encoding=chunked]]>
    </line>
    <line>
      <![CDATA[</div>]]>
    </line>
    <line>
      <![CDATA[</div>]]>
    </line>
    <line>
      <![CDATA[</div>]]>
    </line>
    <line>
      <![CDATA[</div>]]>
    </line>
    <line>
      <![CDATA[</td>]]>
    </line>
    <line>
      <![CDATA[</tr>]]>
    </line>
    <line>
      <![CDATA[<tr>]]>
    </line>
    <line>
      <![CDATA[<td class="text-dark font-weight-bold" >Response :</td>]]>
    </line>
    <line>
      <![CDATA[<td class="" >]]>
    </line>
    <line>
      <![CDATA[<a href="" class="alert-link" data-toggle="modal" data-target="#rest_assured_logger_modal_value_69">Show</a>]]>
    </line>
    <line>
      <![CDATA[<div class="modal fade"  id="rest_assured_logger_modal_value_69" tabindex="-1" role="dialog">]]>
    </line>
    <line>
      <![CDATA[<div class="modal-dialog" role="document">]]>
    </line>
    <line>
      <![CDATA[<div class="modal-content">]]>
    </line>
    <line>
      <![CDATA[<div class="modal-header text-white bg-info">]]>
    </line>
    <line>
      <![CDATA[<h5 class="modal-title" id="title1">Response</h5>]]>
    </line>
    <line>
      <![CDATA[<span class="h6 text-light ml-2 mt-2">(click on the Text to copy)</span>]]>
    </line>
    <line>
      <![CDATA[<button type="button" class="close" data-dismiss="modal" aria-label="Close">]]>
    </line>
    <line>
      <![CDATA[<span aria-hidden="true">&times;</span>]]>
    </line>
    <line>
      <![CDATA[</button>]]>
    </line>
    <line>
      <![CDATA[</div>]]>
    </line>
    <line>
      <![CDATA[<div onClick="copyMePlease(this)" class="modal-body">]]>
    </line>
    <line>
      <![CDATA[{"kind":"PodList","apiVersion":"v1","metadata":{"selfLink":"/api/v1/namespaces/oc-cd-1017-pranavd-pd/pods","resourceVersion":"69531679"},"items":[{"metadata":{"name":"authoring-command-service-79ddf967b7-p9p99","generateName":"authoring-command-service-79ddf967b7-","namespace":"oc-cd-1017-pranavd-pd","selfLink":"/api/v1/namespaces/oc-cd-1017-pranavd-pd/pods/authoring-command-service-79ddf967b7-p9p99","uid":"a09529e3-b721-11e8-bb86-0050569a887c","resourceVersion":"66126477","creationTimestamp":"2018-09-13T06:52:49Z","labels":{"app":"authoring-command-service","group":"com.amdocs.catalogone","pod-template-hash":"3588952363","prometheus":"amdocs-prometheus","release":"authoring-release"},"annotations":{"openshift.io/scc":"anyuid-no-ps"},"ownerReferences":[{"apiVersion":"extensions/v1beta1","kind":"ReplicaSet","name":"authoring-command-service-79ddf967b7","uid":"a08d6aaa-b721-11e8-bb86-0050569a887c","controller":true,"blockOwnerDeletion":true}]},"spec":{"volumes":[{"name":"auth-configmap","configMap":{"name":"authoring-command-service-configmap","items":[{"key":"application.yml","path":"application.yml"}],"defaultMode":420}},{"name":"default-token-vdgk4","secret":{"secretName":"default-token-vdgk4","defaultMode":420}}],"containers":[{"name":"authoring-command-service","image":"illin5225.corp.amdocs.com:5002/authoring-command-service:2.5.2","ports":[{"name":"server","containerPort":8080,"protocol":"TCP"},{"name":"management","containerPort":8081,"protocol":"TCP"},{"name":"metrics","containerPort":5555,"protocol":"TCP"},{"name":"debug","containerPort":5005,"protocol":"TCP"}],"env":[{"name":"MSNEXT_JAVA_OPTS","value":"-XX:+UnlockExperimentalVMOptions -XX:+UseCGroupMemoryLimitForHeap -XX:InitialRAMFraction=4 -XX:MaxRAMFraction=2 -XX:+PrintFlagsFinal"},{"name":"ENABLE_ZIPKIN","value":"false"},{"name":"MSNEXT_CONF_SOURCE_APP1","value":"/deployments/config/applications/auth"},{"name":"ENABLE_CONSUMER","value":"true"},{"name":"BR_MS_HOST","value":"business-request-service:8080"},{"name":"BR_MS_PROTOCOL","value":"http"},{"name":"BUSINESS_MS_HOST","value":"business-parameter-service:8080"},{"name":"BUSINESS_MS_PROTOCOL","value":"http"},{"name":"ES_MS_HOST","value":"entity-search"},{"name":"PRICING_POLICY_MS_HOST","value":"tech-authoring-command-service:8080"},{"name":"PRICING_POLICY_MS_PROTOCOL","value":"http"},{"name":"BUSINESS_VALIDATION_MS_HOST","value":"business-validation-service:8080"},{"name":"BUSINESS_VALIDATION_MS_PROTOCOL","value":"http"},{"name":"JAVA_ENABLE_DEBUG","value":"false"}],"resources":{"limits":{"cpu":"1","memory":"1Gi"},"requests":{"cpu":"200m","memory":"500Mi"}},"volumeMounts":[{"name":"auth-configmap","mountPath":"/deployments/config/applications/auth"},{"name":"default-token-vdgk4","readOnly":true,"mountPath":"/var/run/secrets/kubernetes.io/serviceaccount"}],"livenessProbe":{"httpGet":{"path":"/health","port":8081,"scheme":"HTTP"},"initialDelaySeconds":450,"timeoutSeconds":1,"periodSeconds":10,"successThreshold":1,"failureThreshold":3},"readinessProbe":{"httpGet":{"path":"/health","port":8081,"scheme":"HTTP"},"initialDelaySeconds":180,"timeoutSeconds":1,"periodSeconds":10,"successThreshold":1,"failureThreshold":3},"terminationMessagePath":"/dev/termination-log","terminationMessagePolicy":"File","imagePullPolicy":"IfNotPresent","securityContext":{"capabilities":{"drop":["MKNOD"]}}}],"restartPolicy":"Always","terminationGracePeriodSeconds":30,"dnsPolicy":"ClusterFirst","nodeSelector":{"region":"work"},"serviceAccountName":"default","serviceAccount":"default","nodeName":"ilocpde01w02.corp.amdocs.com","securityContext":{"seLinuxOptions":{"level":"s0:c82,c59"}},"imagePullSecrets":[{"name":"authoring-command-service-pull-secret"}],"schedulerName":"default-scheduler","tolerations":[{"key":"node.kubernetes.io/memory-pressure","operator":"Exists","effect":"NoSchedule"}]},"status":{"phase":"Running","conditions":[{"type":"Initialized","status":"True","lastProbeTime":null,"lastTransitionTime":"2018-09-13T06:52:49Z"},{"type":"Ready","status":"True","lastProbeTime":null,"lastTransitionTime":"2018-09-13T06:56:31Z"},{"type":"PodScheduled","status":"True","lastProbeTime":null,"lastTransitionTime":"2018-09-13T06:52:49Z"}],"hostIP":"10.245.250.21","podIP":"10.128.12.142","startTime":"2018-09-13T06:52:49Z","containerStatuses":[{"name":"authoring-command-service","state":{"running":{"startedAt":"2018-09-13T06:53:23Z"}},"lastState":{},"ready":true,"restartCount":0,"image":"illin5225.corp.amdocs.com:5002/authoring-command-service:2.5.0","imageID":"docker-pullable://illin5225.corp.amdocs.com:5002/authoring-command-service@sha256:4ebe57cf4462200115808f2f3e65b585ce69deafc9c527f1bb28b70db8700fa6","containerID":"docker://d95bbe64553f9e715658aaa2154750730fb73794b06d996c32fa912facefc56e"}],"qosClass":"Burstable"}},{"metadata":{"name":"business-request-service-7489476b9c-kjxz8","generateName":"business-request-service-7489476b9c-","namespace":"oc-cd-1017-pranavd-pd","selfLink":"/api/v1/namespaces/oc-cd-1017-pranavd-pd/pods/business-request-service-7489476b9c-kjxz8","uid":"a0a0ef8a-b721-11e8-bb86-0050569a887c","resourceVersion":"66126380","creationTimestamp":"2018-09-13T06:52:49Z","labels":{"app":"business-request-service","group":"com.amdocs.catalogone","pod-template-hash":"3045032657","prometheus":"amdocs-prometheus","provider":"amdocs","release":"business-request-release"},"annotations":{"openshift.io/scc":"anyuid-no-ps"},"ownerReferences":[{"apiVersion":"extensions/v1beta1","kind":"ReplicaSet","name":"business-request-service-7489476b9c","uid":"a094ee5a-b721-11e8-bb86-0050569a887c","controller":true,"blockOwnerDeletion":true}]},"spec":{"volumes":[{"name":"business-request-configmap","configMap":{"name":"business-request-configmap","items":[{"key":"application.yml","path":"application.yml"}],"defaultMode":420}},{"name":"default-token-vdgk4","secret":{"secretName":"default-token-vdgk4","defaultMode":420}}],"containers":[{"name":"business-request-service","image":"illin5225.corp.amdocs.com:5002/business-request-service:1.6.0","ports":[{"name":"server","containerPort":8080,"protocol":"TCP"},{"name":"management","containerPort":8081,"protocol":"TCP"},{"name":"metrics","containerPort":5555,"protocol":"TCP"},{"name":"debug","containerPort":5005,"protocol":"TCP"}],"env":[{"name":"MSNEXT_JAVA_OPTS","value":"-XX:+UnlockExperimentalVMOptions -XX:+UseCGroupMemoryLimitForHeap -XX:InitialRAMFraction=4 -XX:MaxRAMFraction=2 -XX:+PrintFlagsFinal"},{"name":"COUCHBASE_HOST","value":"catalog1-couchbase-service"},{"name":"ENABLE_ZIPKIN","value":"false"},{"name":"MSNEXT_CONF_SOURCE_APP1","value":"/deployments/config/applications/businessRequest"},{"name":"CONSUME_EVENTS","value":"true"},{"name":"REPO_MS_HOST","value":"repo-service:8080"},{"name":"REPO_MS_PROTOCOL","value":"http"},{"name":"BUSINESS_VALIDATION_MS_HOST","value":"business-validation-service:8080"},{"name":"BUSINESS_VALIDATION_MS_PROTOCOL","value":"http"},{"name":"REPOSITORY_NAME","value":"CatalogOne"},{"name":"REPOSITORY_WORKSTREAM","value":"production"},{"name":"NUMBER_OF_ENTITIES_PER_EVENT","value":"200"},{"name":"JAVA_ENABLE_DEBUG","value":"false"}],"resources":{"limits":{"cpu":"1","memory":"1536Mi"},"requests":{"cpu":"200m","memory":"500Mi"}},"volumeMounts":[{"name":"business-request-configmap","mountPath":"/deployments/config/applications/businessRequest"},{"name":"default-token-vdgk4","readOnly":true,"mountPath":"/var/run/secrets/kubernetes.io/serviceaccount"}],"livenessProbe":{"httpGet":{"path":"/health","port":8081,"scheme":"HTTP"},"initialDelaySeconds":450,"timeoutSeconds":1,"periodSeconds":10,"successThreshold":1,"failureThreshold":3},"readinessProbe":{"httpGet":{"path":"/health","port":8081,"scheme":"HTTP"},"initialDelaySeconds":180,"timeoutSeconds":1,"periodSeconds":10,"successThreshold":1,"failureThreshold":3},"terminationMessagePath":"/dev/termination-log","terminationMessagePolicy":"File","imagePullPolicy":"IfNotPresent","securityContext":{"capabilities":{"drop":["MKNOD"]}}}],"restartPolicy":"Always","terminationGracePeriodSeconds":30,"dnsPolicy":"ClusterFirst","nodeSelector":{"region":"work"},"serviceAccountName":"default","serviceAccount":"default","nodeName":"ilocpde01w35.corp.amdocs.com","securityContext":{"seLinuxOptions":{"level":"s0:c82,c59"}},"imagePullSecrets":[{"name":"business-request-pull-secret"}],"schedulerName":"default-scheduler","tolerations":[{"key":"node.kubernetes.io/memory-pressure","operator":"Exists","effect":"NoSchedule"}]},"status":{"phase":"Running","conditions":[{"type":"Initialized","status":"True","lastProbeTime":null,"lastTransitionTime":"2018-09-13T06:52:49Z"},{"type":"Ready","status":"True","lastProbeTime":null,"lastTransitionTime":"2018-09-13T06:56:27Z"},{"type":"PodScheduled","status":"True","lastProbeTime":null,"lastTransitionTime":"2018-09-13T06:52:49Z"}],"hostIP":"10.245.251.176","podIP":"10.128.81.235","startTime":"2018-09-13T06:52:49Z","containerStatuses":[{"name":"business-request-service","state":{"running":{"startedAt":"2018-09-13T06:53:24Z"}},"lastState":{},"ready":true,"restartCount":0,"image":"illin5225.corp.amdocs.com:5002/business-request-service:1.6.0","imageID":"docker-pullable://illin5225.corp.amdocs.com:5002/business-request-service@sha256:e222ffb5f95b2d5f23953cb3f5d6db308616b0bff99e1238970247bff7fbc205","containerID":"docker://ff2afe874bf8167d282454c82fbc93370add99c6bc34ed6a2d769fa3e9e16f7f"}],"qosClass":"Burstable"}},{"metadata":{"name":"business-validation-service-8c8884d65-9ghgb","generateName":"business-validation-service-8c8884d65-","namespace":"oc-cd-1017-pranavd-pd","selfLink":"/api/v1/namespaces/oc-cd-1017-pranavd-pd/pods/business-validation-service-8c8884d65-9ghgb","uid":"a0ab5c41-b721-11e8-bb86-0050569a887c","resourceVersion":"68523311","creationTimestamp":"2018-09-13T06:52:49Z","labels":{"app":"business-validation-service","group":"com.amdocs.catalogone","monitoring":"prometheus","pod-template-hash":"474440821","prometheus":"amdocs-prometheus","provider":"amdocs","release":"business-validation-release"},"annotations":{"openshift.io/scc":"anyuid-no-ps"},"ownerReferences":[{"apiVersion":"extensions/v1beta1","kind":"ReplicaSet","name":"business-validation-service-8c8884d65","uid":"a0a4eda2-b721-11e8-bb86-0050569a887c","controller":true,"blockOwnerDeletion":true}]},"spec":{"volumes":[{"name":"validation-configmap","configMap":{"name":"validation-configmap","items":[{"key":"application.yml","path":"application.yml"}],"defaultMode":420}},{"name":"default-token-vdgk4","secret":{"secretName":"default-token-vdgk4","defaultMode":420}}],"containers":[{"name":"business-validation-service","image":"illin5225.corp.amdocs.com:5002/business-validation-service:1.2.1","ports":[{"name":"server","containerPort":8080,"protocol":"TCP"},{"name":"management","containerPort":8081,"protocol":"TCP"},{"name":"metrics","containerPort":5555,"protocol":"TCP"},{"name":"debug","containerPort":5005,"protocol":"TCP"}],"env":[{"name":"MSNEXT_JAVA_OPTS","value":"-XX:+UnlockExperimentalVMOptions -XX:+UseCGroupMemoryLimitForHeap -XX:InitialRAMFraction=4 -XX:MaxRAMFraction=2 -XX:+PrintFlagsFinal"},{"name":"COUCHBASE_HOST","value":"catalog1-couchbase-service"},{"name":"ENABLE_ZIPKIN","value":"false"},{"name":"MSNEXT_CONF_SOURCE_APP1","value":"/deployments/config/applications/validation"},{"name":"CONSUME_EVENTS","value":"true"},{"name":"JAVA_ENABLE_DEBUG","value":"false"},{"name":"ES_MS_HOST","value":"entity-search:8080"},{"name":"ES_MS_PROTOCOL","value":"http"},{"name":"BUSINESS_PARAM_MS_HOST","value":"business-parameter-service:8080"},{"name":"BUSINESS_PARAM_MS_PROTOCOL","value":"http"}],"resources":{"limits":{"cpu":"1","memory":"1Gi"},"requests":{"cpu":"200m","memory":"500Mi"}},"volumeMounts":[{"name":"validation-configmap","mountPath":"/deployments/config/applications/validation"},{"name":"default-token-vdgk4","readOnly":true,"mountPath":"/var/run/secrets/kubernetes.io/serviceaccount"}],"livenessProbe":{"httpGet":{"path":"/health","port":8081,"scheme":"HTTP"},"initialDelaySeconds":450,"timeoutSeconds":1,"periodSeconds":10,"successThreshold":1,"failureThreshold":3},"readinessProbe":{"httpGet":{"path":"/health","port":8081,"scheme":"HTTP"},"initialDelaySeconds":120,"timeoutSeconds":1,"periodSeconds":10,"successThreshold":1,"failureThreshold":3},"terminationMessagePath":"/dev/termination-log","terminationMessagePolicy":"File","imagePullPolicy":"IfNotPresent","securityContext":{"capabilities":{"drop":["MKNOD"]}}}],"restartPolicy":"Always","terminationGracePeriodSeconds":30,"dnsPolicy":"ClusterFirst","nodeSelector":{"region":"work"},"serviceAccountName":"default","serviceAccount":"default","nodeName":"ilocpde01w34.corp.amdocs.com","securityContext":{"seLinuxOptions":{"level":"s0:c82,c59"}},"imagePullSecrets":[{"name":"validation-illin5225-pull-secret"}],"schedulerName":"default-scheduler","tolerations":[{"key":"node.kubernetes.io/memory-pressure","operator":"Exists","effect":"NoSchedule"}]},"status":{"phase":"Running","conditions":[{"type":"Initialized","status":"True","lastProbeTime":null,"lastTransitionTime":"2018-09-13T06:52:49Z"},{"type":"Ready","status":"True","lastProbeTime":null,"lastTransitionTime":"2018-09-16T21:37:22Z"},{"type":"PodScheduled","status":"True","lastProbeTime":null,"lastTransitionTime":"2018-09-13T06:52:49Z"}],"hostIP":"10.245.251.175","podIP":"10.128.78.119","startTime":"2018-09-13T06:52:49Z","containerStatuses":[{"name":"business-validation-service","state":{"running":{"startedAt":"2018-09-16T21:35:17Z"}},"lastState":{"terminated":{"exitCode":137,"reason":"OOMKilled","startedAt":"2018-09-16T03:07:59Z","finishedAt":"2018-09-16T21:35:15Z","containerID":"docker://70640f2643a82f2eae2c4492850e4642a0ad90f11378f14d3ea603daee4e6f07"}},"ready":true,"restartCount":3,"image":"illin5225.corp.amdocs.com:5002/business-validation-service:1.2.1","imageID":"docker-pullable://illin5225.corp.amdocs.com:5002/business-validation-service@sha256:c7951bb0d9aa26e14d1192a309957e492c34c02ad349ba5af553f48db0662c92","containerID":"docker://26d14057ca14102024a32172724fc73abb2e46a4f94e50414eadd87bc466b440"}],"qosClass":"Burstable"}},{"metadata":{"name":"cartitemaccessor-release-d5cccfb4b-fh8hn","generateName":"cartitemaccessor-release-d5cccfb4b-","namespace":"oc-cd-1017-pranavd-pd","selfLink":"/api/v1/namespaces/oc-cd-1017-pranavd-pd/pods/cartitemaccessor-release-d5cccfb4b-fh8hn","uid":"a0c03040-b721-11e8-bb86-0050569a887c","resourceVersion":"66124577","creationTimestamp":"2018-09-13T06:52:49Z","labels":{"app":"cartitemaccessor-release","microservice":"cartitemaccessor","pod-template-hash":"817779606","project":"cartitemaccessor","provider":"amdocs","release":"cartitemaccessor-release"},"annotations":{"checksum/config":"3093de6156cf21de06f3cdc67d943ec3d351d1a4c9ce4775d018c2d3be20fc96","fabric8.io/iconUrl":"img/icons/spring-boot.svg","git-commit":"eb84073e68ff837b76b39ad8dfebc297d0904476","openshift.io/scc":"anyuid-no-ps"},"ownerReferences":[{"apiVersion":"extensions/v1beta1","kind":"ReplicaSet","name":"cartitemaccessor-release-d5cccfb4b","uid":"a0bac508-b721-11e8-bb86-0050569a887c","controller":true,"blockOwnerDeletion":true}]},"spec":{"volumes":[{"name":"prop-volume","configMap":{"name":"cartitemaccessor-service-appconfigmap","defaultMode":420}},{"name":"default-token-vdgk4","secret":{"secretName":"default-token-vdgk4","defaultMode":420}}],"containers":[{"name":"cartitemaccessor-service-container","image":"illin5564.corp.amdocs.com:5000/cartitemaccessor-service:0.1.1-0015","ports":[{"name":"http","containerPort":8080,"protocol":"TCP"},{"name":"https","containerPort":8443,"protocol":"TCP"},{"name":"jacoco","containerPort":6300,"protocol":"TCP"},{"name":"metrics","containerPort":5555,"protocol":"TCP"},{"name":"management","containerPort":18080,"protocol":"TCP"}],"env":[{"name":"MSNEXT_CONF_SOURCE_APP","value":"/etc/config"},{"name":"KUBERNETES_NAMESPACE","valueFrom":{"fieldRef":{"apiVersion":"v1","fieldPath":"metadata.namespace"}}},{"name":"MSNEXT_JAVA_OPTS","value":"-Dcom.amdocs.msnext.securityjwt.anonymous.context-mapping.msnext.management=.*management  -Xms256m -Xmx1024m -XX:MaxRAM=2048m -XX:+DisableExplicitGC -XX:+UseConcMarkSweepGC -XX:+CMSParallelRemarkEnabled -XX:NewRatio=1 -Xss512k -XX:MaxMetaspaceSize=512m"},{"name":"SERVER_PORT","value":"8080"},{"name":"MSNEXT_MODULE_MGT_DISABLE","value":"msnext-customization"},{"name":"MSNEXT_JACOCO_ENABLE","value":"${jacoco.enabled}"},{"name":"MSNEXT_JACOCO_OPTS","value":"output=tcpserver,address=*,port=6300"},{"name":"MANAGEMENT_PORT","value":"18080"},{"name":"MALLOC_ARENA_MAX","value":"4"},{"name":"TZ","value":"UTC"}],"resources":{"limits":{"cpu":"2","memory":"2Gi"},"requests":{"cpu":"200m","memory":"1Gi"}},"volumeMounts":[{"name":"prop-volume","mountPath":"/etc/config"},{"name":"default-token-vdgk4","readOnly":true,"mountPath":"/var/run/secrets/kubernetes.io/serviceaccount"}],"livenessProbe":{"httpGet":{"path":"/health","port":18080,"scheme":"HTTP"},"initialDelaySeconds":900,"timeoutSeconds":10,"periodSeconds":10,"successThreshold":1,"failureThreshold":3},"readinessProbe":{"httpGet":{"path":"/health","port":18080,"scheme":"HTTP"},"initialDelaySeconds":30,"timeoutSeconds":10,"periodSeconds":10,"successThreshold":1,"failureThreshold":3},"terminationMessagePath":"/dev/termination-log","terminationMessagePolicy":"File","imagePullPolicy":"IfNotPresent","securityContext":{"capabilities":{"drop":["MKNOD"]},"privileged":false}}],"restartPolicy":"Always","terminationGracePeriodSeconds":30,"dnsPolicy":"ClusterFirst","nodeSelector":{"region":"work"},"serviceAccountName":"default","serviceAccount":"default","nodeName":"ilocpde01w02.corp.amdocs.com","securityContext":{"seLinuxOptions":{"level":"s0:c82,c59"}},"imagePullSecrets":[{"name":"cartitemaccessor-ms-secret"}],"schedulerName":"default-scheduler","tolerations":[{"key":"node.kubernetes.io/memory-pressure","operator":"Exists","effect":"NoSchedule"}]},"status":{"phase":"Running","conditions":[{"type":"Initialized","status":"True","lastProbeTime":null,"lastTransitionTime":"2018-09-13T06:52:49Z"},{"type":"Ready","status":"True","lastProbeTime":null,"lastTransitionTime":"2018-09-13T06:54:27Z"},{"type":"PodScheduled","status":"True","lastProbeTime":null,"lastTransitionTime":"2018-09-13T06:52:49Z"}],"hostIP":"10.245.250.21","podIP":"10.128.12.143","startTime":"2018-09-13T06:52:49Z","containerStatuses":[{"name":"cartitemaccessor-service-container","state":{"running":{"startedAt":"2018-09-13T06:53:27Z"}},"lastState":{},"ready":true,"restartCount":0,"image":"illin5564.corp.amdocs.com:5000/cartitemaccessor-service:0.1.1-0015","imageID":"docker-pullable://illin5564.corp.amdocs.com:5000/cartitemaccessor-service@sha256:9ba41b7d57860c57e43d5c366d1d12907b0e8a90dc53ed00ccfe9ca85b7c8146","containerID":"docker://33d1cacef93d8b660665d1171383e64d1cbd3eba1a4de23af0f0ad803f90406f"}],"qosClass":"Burstable"}},{"metadata":{"name":"customeraccessor-release-5d7cf45796-x4xpq","generateName":"customeraccessor-release-5d7cf45796-","namespace":"oc-cd-1017-pranavd-pd","selfLink":"/api/v1/namespaces/oc-cd-1017-pranavd-pd/pods/customeraccessor-release-5d7cf45796-x4xpq","uid":"a0d4c27d-b721-11e8-bb86-0050569a887c","resourceVersion":"67051190","creationTimestamp":"2018-09-13T06:52:49Z","labels":{"group":"com.amdocs.digital.ms.customeraccessor","microservice":"customeraccessor","pod-template-hash":"1837901352","project":"customeraccessor-service","provider":"amdocs","release":"customeraccessor-release"},"annotations":{"fabric8.io/iconUrl":"img/icons/spring-boot.svg","openshift.io/scc":"anyuid-no-ps"},"ownerReferences":[{"apiVersion":"extensions/v1beta1","kind":"ReplicaSet","name":"customeraccessor-release-5d7cf45796","uid":"a0c6e722-b721-11e8-bb86-0050569a887c","controller":true,"blockOwnerDeletion":true}]},"spec":{"volumes":[{"name":"prop-volume","configMap":{"name":"customeraccessor-service-appconfig","defaultMode":420,"optional":true}},{"name":"confmap-volume","configMap":{"name":"customeraccessor-appconfigmap","defaultMode":420}},{"name":"default-token-vdgk4","secret":{"secretName":"default-token-vdgk4","defaultMode":420}}],"containers":[{"name":"customeraccessor-service-container","image":"illin5564.corp.amdocs.com:5000/customeraccessor-service:0.1.1-0015","ports":[{"name":"http","containerPort":8080,"protocol":"TCP"},{"name":"https","containerPort":8443,"protocol":"TCP"},{"name":"jacoco","containerPort":6300,"protocol":"TCP"},{"name":"metrics","containerPort":5555,"protocol":"TCP"},{"name":"management","containerPort":18080,"protocol":"TCP"}],"env":[{"name":"MSNEXT_CONF_SOURCE_APP","value":"/etc/config"},{"name":"KUBERNETES_NAMESPACE","valueFrom":{"fieldRef":{"apiVersion":"v1","fieldPath":"metadata.namespace"}}},{"name":"MSNEXT_JAVA_OPTS","value":" -Dconfiguration.careSimulatorModeOn=false -Dconfiguration.careSimulatorJsonFileDir=/users/admin/careSimJsons -Xms256m -Xmx1024m -XX:MaxRAM=2048m -XX:+DisableExplicitGC -XX:+UseConcMarkSweepGC -XX:+CMSParallelRemarkEnabled -XX:NewRatio=1 -Xss512k -XX:MaxMetaspaceSize=512m -Dcom.amdocs.msnext.securitya3s.url=http://10.238.196.7:30081/asmServices/services/v1.0 -Dservices.customer.url=http://customer-service.ilocpde01.corp.amdocs.com/customerManagement/v1"},{"name":"SERVER_PORT","value":"8080"},{"name":"MSNEXT_MODULE_MGT_DISABLE","value":"msnext-customization"},{"name":"MANAGEMENT_PORT","value":"18080"}],"resources":{"limits":{"cpu":"2","memory":"2Gi"},"requests":{"cpu":"200m","memory":"1Gi"}},"volumeMounts":[{"name":"prop-volume","mountPath":"/etc/config"},{"name":"default-token-vdgk4","readOnly":true,"mountPath":"/var/run/secrets/kubernetes.io/serviceaccount"}],"livenessProbe":{"httpGet":{"path":"/health","port":18080,"scheme":"HTTP"},"initialDelaySeconds":900,"timeoutSeconds":1,"periodSeconds":10,"successThreshold":1,"failureThreshold":3},"readinessProbe":{"httpGet":{"path":"/health","port":18080,"scheme":"HTTP"},"initialDelaySeconds":120,"timeoutSeconds":10,"periodSeconds":10,"successThreshold":1,"failureThreshold":3},"terminationMessagePath":"/dev/termination-log","terminationMessagePolicy":"File","imagePullPolicy":"IfNotPresent","securityContext":{"capabilities":{"drop":["MKNOD"]},"privileged":false}}],"restartPolicy":"Always","terminationGracePeriodSeconds":30,"dnsPolicy":"ClusterFirst","nodeSelector":{"region":"work"},"serviceAccountName":"default","serviceAccount":"default","nodeName":"ilocpde01w35.corp.amdocs.com","securityContext":{"seLinuxOptions":{"level":"s0:c82,c59"}},"imagePullSecrets":[{"name":"custacc-ms-secret"}],"schedulerName":"default-scheduler","tolerations":[{"key":"node.kubernetes.io/memory-pressure","operator":"Exists","effect":"NoSchedule"}]},"status":{"phase":"Running","conditions":[{"type":"Initialized","status":"True","lastProbeTime":null,"lastTransitionTime":"2018-09-13T06:52:49Z"},{"type":"Ready","status":"True","lastProbeTime":null,"lastTransitionTime":"2018-09-14T10:33:48Z"},{"type":"PodScheduled","status":"True","lastProbeTime":null,"lastTransitionTime":"2018-09-13T06:52:49Z"}],"hostIP":"10.245.251.176","podIP":"10.128.81.236","startTime":"2018-09-13T06:52:49Z","containerStatuses":[{"name":"customeraccessor-service-container","state":{"running":{"startedAt":"2018-09-14T10:31:39Z"}},"lastState":{"terminated":{"exitCode":137,"reason":"OOMKilled","startedAt":"2018-09-14T09:11:36Z","finishedAt":"2018-09-14T10:31:37Z","containerID":"docker://58c2da3bb48dc725af96f66205beb94d0c2821d0492ddb65cec224ddcf7f1842"}},"ready":true,"restartCount":2,"image":"illin5564.corp.amdocs.com:5000/customeraccessor-service:0.1.1-0015","imageID":"docker-pullable://illin5564.corp.amdocs.com:5000/customeraccessor-service@sha256:69dc3ec34ec23d4d0887eb55ff1218b5c4824354da7a7783fc6590c814d94613","containerID":"docker://a944e024a5457840ebb9724e7b7bf838b709a2fdbc106915b7c3556f5689501b"}],"qosClass":"Burstable"}},{"metadata":{"name":"digitalexpapi-release-di-76df4c8d5b-jcgfs","generateName":"digitalexpapi-release-di-76df4c8d5b-","namespace":"oc-cd-1017-pranavd-pd","selfLink":"/api/v1/namespaces/oc-cd-1017-pranavd-pd/pods/digitalexpapi-release-di-76df4c8d5b-jcgfs","uid":"a0e9f666-b721-11e8-bb86-0050569a887c","resourceVersion":"66124469","creationTimestamp":"2018-09-13T06:52:49Z","labels":{"app":"digitalexpapi-release-di","microservice":"digitalexp-api","pod-template-hash":"3289074816","project":"digitalexp-api","provider":"amdocs","release":"digitalexpapi-release"},"annotations":{"fabric8.io/iconUrl":"img/icons/spring-boot.svg","git-commit":"@git.commit.id@","openshift.io/scc":"anyuid-no-ps"},"ownerReferences":[{"apiVersion":"extensions/v1beta1","kind":"ReplicaSet","name":"digitalexpapi-release-di-76df4c8d5b","uid":"a0de4ed5-b721-11e8-bb86-0050569a887c","controller":true,"blockOwnerDeletion":true}]},"spec":{"volumes":[{"name":"default-token-vdgk4","secret":{"secretName":"default-token-vdgk4","defaultMode":420}}],"containers":[{"name":"digitalexp-api-service-container","image":"illin5564.corp.amdocs.com:5000/digitalexp-api-service:0.1.1-0102","ports":[{"name":"http","containerPort":8080,"protocol":"TCP"},{"name":"https","containerPort":8443,"protocol":"TCP"},{"name":"management","containerPort":18080,"protocol":"TCP"}],"env":[{"name":"KUBERNETES_NAMESPACE","valueFrom":{"fieldRef":{"apiVersion":"v1","fieldPath":"metadata.namespace"}}},{"name":"MSNEXT_JAVA_OPTS","value":" -Xms256m -Xmx1024m -XX:MaxRAM=2048m -XX:+DisableExplicitGC -XX:+UseConcMarkSweepGC -XX:+CMSParallelRemarkEnabled -XX:NewRatio=1 -Xss512k -XX:MaxMetaspaceSize=512m -Dcom.amdocs.msnext.securitya3s.url=http://10.238.196.7:30081/asmServices/services/v1.0"},{"name":"SERVER_PORT","value":"8080"},{"name":"MSNEXT_DISABLED_MODULES","value":"msnext-customization"},{"name":"MANAGEMENT_PORT","value":"18080"},{"name":"SHOPPING_CART_CHECKOUT_URL","value":"http://shoppingcart-checkout-service:8080/shoppingCart/v1"},{"name":"PRODUCT_ORDER_URL","value":"http://productorder-productorder-service:8080/productOrdering/v2"},{"name":"SUBMIT_PRODUCT_ORDER_URL","value":"http://productorder-submitorder-service:8080/productOrdering/v2/productOrder"},{"name":"SHOPPING_CART_URL","value":"http://shoppingcart-shoppingcart-service:8080/shoppingCart/v1"},{"name":"DISCOVERY_URL","value":"http://pod-experience-service:8080/commerce/v1"},{"name":"MANAGED_RESOURCES_URL","value":"http://managed-resource-service:8080/managedResource/v1"},{"name":"PRODUCT_CONFIGURATION_SERVICE","value":"http://productconfigurator-service:8080/productConfigurator/v0/productConfiguration"},{"name":"CUSTOMERS_URL","value":"http://customer-customer-service:8080/customerManagement/v1"},{"name":"INDIVIDUAL_URL","value":"http://party-individual-service:8080/partyManagement/v1"},{"name":"PRODUCT_INVENTORY_URL","value":"http://pi-product-service:8080/productInventoryManagement/v2"}],"resources":{"limits":{"cpu":"2","memory":"2Gi"},"requests":{"cpu":"200m","memory":"1Gi"}},"volumeMounts":[{"name":"default-token-vdgk4","readOnly":true,"mountPath":"/var/run/secrets/kubernetes.io/serviceaccount"}],"livenessProbe":{"httpGet":{"path":"/health","port":18080,"scheme":"HTTP"},"initialDelaySeconds":900,"timeoutSeconds":10,"periodSeconds":10,"successThreshold":1,"failureThreshold":3},"readinessProbe":{"httpGet":{"path":"/health","port":18080,"scheme":"HTTP"},"initialDelaySeconds":30,"timeoutSeconds":10,"periodSeconds":10,"successThreshold":1,"failureThreshold":3},"terminationMessagePath":"/dev/termination-log","terminationMessagePolicy":"File","imagePullPolicy":"IfNotPresent","securityContext":{"capabilities":{"drop":["MKNOD"]},"privileged":false}}],"restartPolicy":"Always","terminationGracePeriodSeconds":30,"dnsPolicy":"ClusterFirst","nodeSelector":{"region":"work"},"serviceAccountName":"default","serviceAccount":"default","nodeName":"ilocpde01w34.corp.amdocs.com","securityContext":{"seLinuxOptions":{"level":"s0:c82,c59"}},"imagePullSecrets":[{"name":"digitalexp-api-ms-secret"}],"schedulerName":"default-scheduler","tolerations":[{"key":"node.kubernetes.io/memory-pressure","operator":"Exists","effect":"NoSchedule"}]},"status":{"phase":"Running","conditions":[{"type":"Initialized","status":"True","lastProbeTime":null,"lastTransitionTime":"2018-09-13T06:52:49Z"},{"type":"Ready","status":"True","lastProbeTime":null,"lastTransitionTime":"2018-09-13T06:54:21Z"},{"type":"PodScheduled","status":"True","lastProbeTime":null,"lastTransitionTime":"2018-09-13T06:52:49Z"}],"hostIP":"10.245.251.175","podIP":"10.128.78.113","startTime":"2018-09-13T06:52:49Z","containerStatuses":[{"name":"digitalexp-api-service-container","state":{"running":{"startedAt":"2018-09-13T06:52:56Z"}},"lastState":{},"ready":true,"restartCount":0,"image":"illin5564.corp.amdocs.com:5000/digitalexp-api-service:0.1.1-0102","imageID":"docker-pullable://illin5564.corp.amdocs.com:5000/digitalexp-api-service@sha256:f8309de627f058e071de01cda76e3ab84ff815f38bccf50fb92dead0a00d66c7","containerID":"docker://6d0dab873e3d0d0301b357dac39bb86d7841b11eb865b31621497517bfec7864"}],"qosClass":"Burstable"}},{"metadata":{"name":"dispatcher-service-545598bcb6-98ksj","generateName":"dispatcher-service-545598bcb6-","namespace":"oc-cd-1017-pranavd-pd","selfLink":"/api/v1/namespaces/oc-cd-1017-pranavd-pd/pods/dispatcher-service-545598bcb6-98ksj","uid":"a0f75de2-b721-11e8-bb86-0050569a887c","resourceVersion":"66126594","creationTimestamp":"2018-09-13T06:52:49Z","labels":{"app":"dispatcher-service","group":"com.amdocs.catalogone","pod-template-hash":"1011546762","prometheus":"amdocs-prometheus","provider":"amdocs","release":"dispatcher-service-release"},"annotations":{"openshift.io/scc":"anyuid-no-ps"},"ownerReferences":[{"apiVersion":"extensions/v1beta1","kind":"ReplicaSet","name":"dispatcher-service-545598bcb6","uid":"a0f07e9b-b721-11e8-bb86-0050569a887c","controller":true,"blockOwnerDeletion":true}]},"spec":{"volumes":[{"name":"dispatcher-configmap","configMap":{"name":"dispatcher-configmap","items":[{"key":"application.yml","path":"application.yml"}],"defaultMode":420}},{"name":"default-token-vdgk4","secret":{"secretName":"default-token-vdgk4","defaultMode":420}}],"containers":[{"name":"dispatcher-service","image":"illin5225.corp.amdocs.com:5002/dispatcher-service:1.5.0","ports":[{"name":"server","containerPort":8080,"protocol":"TCP"},{"name":"management","containerPort":8081,"protocol":"TCP"},{"name":"metrics","containerPort":5555,"protocol":"TCP"},{"name":"debug","containerPort":5005,"protocol":"TCP"}],"env":[{"name":"MSNEXT_JAVA_OPTS","value":"-XX:+UnlockExperimentalVMOptions -XX:+UseCGroupMemoryLimitForHeap -XX:InitialRAMFraction=4 -XX:MaxRAMFraction=2 -XX:+PrintFlagsFinal"},{"name":"COUCHBASE_HOST","value":"catalog1-couchbase-service"},{"name":"ENABLE_ZIPKIN","value":"false"},{"name":"MSNEXT_CONF_SOURCE_APP1","value":"/deployments/config/applications/dispatcher"},{"name":"CONSUME_EVENTS","value":"true"},{"name":"JAVA_ENABLE_DEBUG","value":"false"},{"name":"TESTING_ENVIRONMENT_TOPIC_PREFIX"}],"resources":{"limits":{"cpu":"1","memory":"768Mi"},"requests":{"cpu":"200m","memory":"500Mi"}},"volumeMounts":[{"name":"dispatcher-configmap","mountPath":"/deployments/config/applications/dispatcher"},{"name":"default-token-vdgk4","readOnly":true,"mountPath":"/var/run/secrets/kubernetes.io/serviceaccount"}],"livenessProbe":{"httpGet":{"path":"/health","port":8081,"scheme":"HTTP"},"initialDelaySeconds":450,"timeoutSeconds":1,"periodSeconds":10,"successThreshold":1,"failureThreshold":3},"readinessProbe":{"httpGet":{"path":"/health","port":8081,"scheme":"HTTP"},"initialDelaySeconds":180,"timeoutSeconds":1,"periodSeconds":10,"successThreshold":1,"failureThreshold":3},"terminationMessagePath":"/dev/termination-log","terminationMessagePolicy":"File","imagePullPolicy":"IfNotPresent","securityContext":{"capabilities":{"drop":["MKNOD"]}}}],"restartPolicy":"Always","terminationGracePeriodSeconds":30,"dnsPolicy":"ClusterFirst","nodeSelector":{"region":"work"},"serviceAccountName":"default","serviceAccount":"default","nodeName":"ilocpde01w27.corp.amdocs.com","securityContext":{"seLinuxOptions":{"level":"s0:c82,c59"}},"imagePullSecrets":[{"name":"dispatcher-illin5225-pull-secret"}],"schedulerName":"default-scheduler","tolerations":[{"key":"node.kubernetes.io/memory-pressure","operator":"Exists","effect":"NoSchedule"}]},"status":{"phase":"Running","conditions":[{"type":"Initialized","status":"True","lastProbeTime":null,"lastTransitionTime":"2018-09-13T06:52:49Z"},{"type":"Ready","status":"True","lastProbeTime":null,"lastTransitionTime":"2018-09-13T06:56:39Z"},{"type":"PodScheduled","status":"True","lastProbeTime":null,"lastTransitionTime":"2018-09-13T06:52:49Z"}],"hostIP":"10.245.251.168","podIP":"10.128.64.36","startTime":"2018-09-13T06:52:49Z","containerStatuses":[{"name":"dispatcher-service","state":{"running":{"startedAt":"2018-09-13T06:53:24Z"}},"lastState":{},"ready":true,"restartCount":0,"image":"illin5225.corp.amdocs.com:5002/dispatcher-service:1.5.0","imageID":"docker-pullable://illin5225.corp.amdocs.com:5002/dispatcher-service@sha256:ff2792868dd7a17fa0993d6a0d4b8a385de0918890540c7807576a478706ea03","containerID":"docker://735443b592b8003a56c4fcb67385af1a218917cafedb30329e71b7c1562ab854"}],"qosClass":"Burstable"}},{"metadata":{"name":"import-service-55877dbd5-m2zkp","generateName":"import-service-55877dbd5-","namespace":"oc-cd-1017-pranavd-pd","selfLink":"/api/v1/namespaces/oc-cd-1017-pranavd-pd/pods/import-service-55877dbd5-m2zkp","uid":"a0fe9fc5-b721-11e8-bb86-0050569a887c","resourceVersion":"66168401","creationTimestamp":"2018-09-13T06:52:49Z","labels":{"app":"import-service","group":"com.amdocs.catalogone","monitored":"prometheus","monitoring":"prometheus","pod-template-hash":"114338681","prometheus":"amdocs-prometheus","provider":"amdocs","release":"import-service-release"},"annotations":{"openshift.io/scc":"anyuid-no-ps"},"ownerReferences":[{"apiVersion":"extensions/v1beta1","kind":"ReplicaSet","name":"import-service-55877dbd5","uid":"a0fade69-b721-11e8-bb86-0050569a887c","controller":true,"blockOwnerDeletion":true}]},"spec":{"volumes":[{"name":"import-configmap","configMap":{"name":"import-configmap","items":[{"key":"application.yml","path":"application.yml"}],"defaultMode":420}},{"name":"import-nonfunc-configmap","configMap":{"name":"import-nonfunc-configmap","items":[{"key":"application-nonfunc.yml","path":"application-nonfunc.yml"}],"defaultMode":420}},{"name":"import-generic-kafka-configmap","configMap":{"name":"import-generic-kafka-configmap","items":[{"key":"application-generic-kafka.yml","path":"application-generic-kafka.yml"}],"defaultMode":420}},{"name":"import-generic-couchbase-configmap","configMap":{"name":"import-generic-couchbase-configmap","items":[{"key":"application-generic-couchbase.yml","path":"application-generic-couchbase.yml"}],"defaultMode":420}},{"name":"default-token-vdgk4","secret":{"secretName":"default-token-vdgk4","defaultMode":420}}],"containers":[{"name":"import-service","image":"illin5225.corp.amdocs.com:5002/import-service:1.3.0","ports":[{"name":"server","containerPort":8080,"protocol":"TCP"},{"name":"management","containerPort":8081,"protocol":"TCP"},{"name":"server-debug","containerPort":9220,"protocol":"TCP"},{"name":"metrics","containerPort":5555,"protocol":"TCP"}],"env":[{"name":"MSNEXT_JAVA_OPTS","value":"-XX:+UnlockExperimentalVMOptions -XX:+UseCGroupMemoryLimitForHeap -XX:InitialRAMFraction=4 -XX:MaxRAMFraction=2 -XX:+PrintFlagsFinal"},{"name":"COUCHBASE_HOST","value":"catalog1-couchbase-service"},{"name":"ENABLE_ZIPKIN","value":"false"},{"name":"MSNEXT_CONF_SOURCE_APP1","value":"/deployments/config/applications/import"},{"name":"MSNEXT_CONF_SOURCE_zzzNONFUNC","value":"/deployments/config/applications/import-nonfunc"},{"name":"MSNEXT_CONF_SOURCE_zzzGENERIC_KAFKA","value":"/deployments/config/applications/import-generic-kafka"},{"name":"MSNEXT_CONF_SOURCE_zzzGENERIC_COUCHBASE","value":"/deployments/config/applications/import-generic-couchbase"},{"name":"CONSUME_EVENTS","value":"true"},{"name":"BR_MS_PROTOCOL","value":"http"}],"resources":{"limits":{"cpu":"1","memory":"1Gi"},"requests":{"cpu":"200m","memory":"500Mi"}},"volumeMounts":[{"name":"import-configmap","mountPath":"/deployments/config/applications/import"},{"name":"import-nonfunc-configmap","mountPath":"/deployments/config/applications/import-nonfunc"},{"name":"import-generic-kafka-configmap","mountPath":"/deployments/config/applications/import-generic-kafka"},{"name":"import-generic-couchbase-configmap","mountPath":"/deployments/config/applications/import-generic-couchbase"},{"name":"default-token-vdgk4","readOnly":true,"mountPath":"/var/run/secrets/kubernetes.io/serviceaccount"}],"livenessProbe":{"httpGet":{"path":"/health","port":8081,"scheme":"HTTP"},"initialDelaySeconds":450,"timeoutSeconds":1,"periodSeconds":10,"successThreshold":1,"failureThreshold":3},"readinessProbe":{"httpGet":{"path":"/health","port":8081,"scheme":"HTTP"},"initialDelaySeconds":180,"timeoutSeconds":1,"periodSeconds":10,"successThreshold":1,"failureThreshold":3},"terminationMessagePath":"/dev/termination-log","terminationMessagePolicy":"File","imagePullPolicy":"IfNotPresent","securityContext":{"capabilities":{"drop":["MKNOD"]}}}],"restartPolicy":"Always","terminationGracePeriodSeconds":30,"dnsPolicy":"ClusterFirst","nodeSelector":{"region":"work"},"serviceAccountName":"default","serviceAccount":"default","nodeName":"ilocpde01w26.corp.amdocs.com","securityContext":{"seLinuxOptions":{"level":"s0:c82,c59"}},"imagePullSecrets":[{"name":"import-illin5225-pull-secret"}],"schedulerName":"default-scheduler","tolerations":[{"key":"node.kubernetes.io/memory-pressure","operator":"Exists","effect":"NoSchedule"}]},"status":{"phase":"Running","conditions":[{"type":"Initialized","status":"True","lastProbeTime":null,"lastTransitionTime":"2018-09-13T06:52:49Z"},{"type":"Ready","status":"True","lastProbeTime":null,"lastTransitionTime":"2018-09-13T08:07:43Z"},{"type":"PodScheduled","status":"True","lastProbeTime":null,"lastTransitionTime":"2018-09-13T06:52:49Z"}],"hostIP":"10.245.251.167","podIP":"10.128.61.90","startTime":"2018-09-13T06:52:49Z","containerStatuses":[{"name":"import-service","state":{"running":{"startedAt":"2018-09-13T08:02:14Z"}},"lastState":{"terminated":{"exitCode":143,"reason":"Error","startedAt":"2018-09-13T07:53:53Z","finishedAt":"2018-09-13T08:02:14Z","containerID":"docker://cc99b5d84794541696f4a1bd21efb102ae14040d576bab2d0c7fe101ae3b734e"}},"ready":true,"restartCount":8,"image":"illin5225.corp.amdocs.com:5002/import-service:1.3.0","imageID":"docker-pullable://illin5225.corp.amdocs.com:5002/import-service@sha256:5b5ef700478c461007b3f3aa502f3112c362f6ae5bee279fe0f61fdf06b37a68","containerID":"docker://f15b0e4912483a029e9d5ee8d977fd564b1cbddd2c0c693e355fb119ed817620"}],"qosClass":"Burstable"}},{"metadata":{"name":"managed-resource-release-6dbcf94c75-82pjc","generateName":"managed-resource-release-6dbcf94c75-","namespace":"oc-cd-1017-pranavd-pd","selfLink":"/api/v1/namespaces/oc-cd-1017-pranavd-pd/pods/managed-resource-release-6dbcf94c75-82pjc","uid":"a11795ae-b721-11e8-bb86-0050569a887c","resourceVersion":"66124991","creationTimestamp":"2018-09-13T06:52:49Z","labels":{"app":"managed-resource-release","microservice":"managed-resource","pod-template-hash":"2867950731","project":"managed-resource","provider":"amdocs","release":"managed-resource-release"},"annotations":{"fabric8.io/iconUrl":"img/icons/spring-boot.svg","git-commit":"a2d8026f29de85d53334b370c93c722a53738e54","openshift.io/scc":"anyuid-no-ps"},"ownerReferences":[{"apiVersion":"extensions/v1beta1","kind":"ReplicaSet","name":"managed-resource-release-6dbcf94c75","uid":"a1075afc-b721-11e8-bb86-0050569a887c","controller":true,"blockOwnerDeletion":true}]},"spec":{"volumes":[{"name":"managed-resource-volume-jwt-validation-conf","configMap":{"name":"managed-resource-jwt-validation-configmap","items":[{"key":"application.yaml","path":"application.yaml"}],"defaultMode":420}},{"name":"prop-volume","configMap":{"name":"managed-resource-service-appconfig","defaultMode":420,"optional":true}},{"name":"default-token-vdgk4","secret":{"secretName":"default-token-vdgk4","defaultMode":420}}],"containers":[{"name":"managed-resource-service-container","image":"illin5564.corp.amdocs.com:5000/managed-resource-service:0.1.1-0031","ports":[{"name":"http","containerPort":8080,"protocol":"TCP"},{"name":"management","containerPort":18080,"protocol":"TCP"}],"env":[{"name":"KUBERNETES_NAMESPACE","valueFrom":{"fieldRef":{"apiVersion":"v1","fieldPath":"metadata.namespace"}}},{"name":"MSNEXT_JAVA_OPTS","value":" -Xms256m -Xmx1024m -XX:MaxRAM=2048m -XX:+DisableExplicitGC -XX:+UseConcMarkSweepGC -XX:+CMSParallelRemarkEnabled -XX:NewRatio=1 -Xss512k -XX:MaxMetaspaceSize=512m"},{"name":"MSNEXT_DISABLED_MODULES","value":"msnext-customization"},{"name":"MANAGEMENT_PORT","value":"18080"},{"name":"MALLOC_ARENA_MAX","value":"4"},{"name":"SERVER_PORT","value":"8080"},{"name":"MSNEXT_CONF_SOURCE_APP","value":"/etc/config"},{"name":"MSNEXT_CONF_SOURCE_IDM","value":"/run/secrets/msNextConfSourceIdm1"}],"resources":{"limits":{"cpu":"2","memory":"2Gi"},"requests":{"cpu":"200m","memory":"1Gi"}},"volumeMounts":[{"name":"prop-volume","mountPath":"/etc/config"},{"name":"managed-resource-volume-jwt-validation-conf","mountPath":"/run/secrets/msNextConfSourceIdm1"},{"name":"default-token-vdgk4","readOnly":true,"mountPath":"/var/run/secrets/kubernetes.io/serviceaccount"}],"livenessProbe":{"httpGet":{"path":"/health","port":18080,"scheme":"HTTP"},"initialDelaySeconds":900,"timeoutSeconds":10,"periodSeconds":10,"successThreshold":1,"failureThreshold":3},"readinessProbe":{"httpGet":{"path":"/health","port":18080,"scheme":"HTTP"},"initialDelaySeconds":30,"timeoutSeconds":10,"periodSeconds":10,"successThreshold":1,"failureThreshold":3},"terminationMessagePath":"/dev/termination-log","terminationMessagePolicy":"File","imagePullPolicy":"IfNotPresent","securityContext":{"capabilities":{"drop":["MKNOD"]},"privileged":false}}],"restartPolicy":"Always","terminationGracePeriodSeconds":30,"dnsPolicy":"ClusterFirst","nodeSelector":{"region":"work"},"serviceAccountName":"default","serviceAccount":"default","nodeName":"ilocpde01w24.corp.amdocs.com","securityContext":{"seLinuxOptions":{"level":"s0:c82,c59"}},"imagePullSecrets":[{"name":"managed-resource-ms-secret"}],"schedulerName":"default-scheduler","tolerations":[{"key":"node.kubernetes.io/memory-pressure","operator":"Exists","effect":"NoSchedule"}]},"status":{"phase":"Running","conditions":[{"type":"Initialized","status":"True","lastProbeTime":null,"lastTransitionTime":"2018-09-13T06:52:50Z"},{"type":"Ready","status":"True","lastProbeTime":null,"lastTransitionTime":"2018-09-13T06:54:47Z"},{"type":"PodScheduled","status":"True","lastProbeTime":null,"lastTransitionTime":"2018-09-13T06:52:49Z"}],"hostIP":"10.245.251.165","podIP":"10.128.59.102","startTime":"2018-09-13T06:52:50Z","containerStatuses":[{"name":"managed-resource-service-container","state":{"running":{"startedAt":"2018-09-13T06:53:27Z"}},"lastState":{},"ready":true,"restartCount":0,"image":"illin5564.corp.amdocs.com:5000/managed-resource-service:0.1.1-0031","imageID":"docker-pullable://illin5564.corp.amdocs.com:5000/managed-resource-service@sha256:5b00d1fdc6830afd1246884e43edf073fd222dd06963fd73c35183328762fa5a","containerID":"docker://1864bc901269ed33de04622820e3ab1dd2d8c2ddb076036d20f9f404d5608d54"}],"qosClass":"Burstable"}},{"metadata":{"name":"metadata-entity-command-service-65bcfddb7-l7qf7","generateName":"metadata-entity-command-service-65bcfddb7-","namespace":"oc-cd-1017-pranavd-pd","selfLink":"/api/v1/namespaces/oc-cd-1017-pranavd-pd/pods/metadata-entity-command-service-65bcfddb7-l7qf7","uid":"a12b1a69-b721-11e8-bb86-0050569a887c","resourceVersion":"66128492","creationTimestamp":"2018-09-13T06:52:50Z","labels":{"app":"metadata-entity-command-service","group":"com.amdocs.catalogone","pod-template-hash":"216798863","prometheus":"amdocs-prometheus","release":"metadata-entity-command-release"},"annotations":{"openshift.io/scc":"anyuid-no-ps"},"ownerReferences":[{"apiVersion":"extensions/v1beta1","kind":"ReplicaSet","name":"metadata-entity-command-service-65bcfddb7","uid":"a11b2975-b721-11e8-bb86-0050569a887c","controller":true,"blockOwnerDeletion":true}]},"spec":{"volumes":[{"name":"auth-configmap","configMap":{"name":"metadata-entity-command-service-configmap","items":[{"key":"application.yml","path":"application.yml"}],"defaultMode":420}},{"name":"default-token-vdgk4","secret":{"secretName":"default-token-vdgk4","defaultMode":420}}],"containers":[{"name":"metadata-entity-command-service","image":"illin5225.corp.amdocs.com:5002/metadata-entity-command-service:1.0.2-RC","ports":[{"name":"server","containerPort":8080,"protocol":"TCP"},{"name":"management","containerPort":8081,"protocol":"TCP"},{"name":"metrics","containerPort":5555,"protocol":"TCP"},{"name":"debug","containerPort":5005,"protocol":"TCP"}],"env":[{"name":"MSNEXT_JAVA_OPTS","value":"-XX:+UnlockExperimentalVMOptions -XX:+UseCGroupMemoryLimitForHeap -XX:InitialRAMFraction=4 -XX:MaxRAMFraction=2 -XX:+PrintFlagsFinal"},{"name":"ENABLE_ZIPKIN","value":"false"},{"name":"MSNEXT_CONF_SOURCE_APP1","value":"/deployments/config/applications/auth"},{"name":"ENABLE_CONSUMER","value":"true"},{"name":"BR_MS_HOST","value":"business-request-service:8080"},{"name":"BR_MS_PROTOCOL","value":"http"},{"name":"JAVA_ENABLE_DEBUG","value":"true"}],"resources":{"limits":{"cpu":"1","memory":"1Gi"},"requests":{"cpu":"200m","memory":"1Gi"}},"volumeMounts":[{"name":"auth-configmap","mountPath":"/deployments/config/applications/auth"},{"name":"default-token-vdgk4","readOnly":true,"mountPath":"/var/run/secrets/kubernetes.io/serviceaccount"}],"livenessProbe":{"httpGet":{"path":"/health","port":8081,"scheme":"HTTP"},"initialDelaySeconds":450,"timeoutSeconds":1,"periodSeconds":10,"successThreshold":1,"failureThreshold":3},"readinessProbe":{"httpGet":{"path":"/health","port":8081,"scheme":"HTTP"},"initialDelaySeconds":120,"timeoutSeconds":1,"periodSeconds":10,"successThreshold":1,"failureThreshold":3},"terminationMessagePath":"/dev/termination-log","terminationMessagePolicy":"File","imagePullPolicy":"IfNotPresent","securityContext":{"capabilities":{"drop":["MKNOD"]}}}],"restartPolicy":"Always","terminationGracePeriodSeconds":30,"dnsPolicy":"ClusterFirst","nodeSelector":{"region":"work"},"serviceAccountName":"default","serviceAccount":"default","nodeName":"ilocpde01w23.corp.amdocs.com","securityContext":{"seLinuxOptions":{"level":"s0:c82,c59"}},"imagePullSecrets":[{"name":"metadata-entity-command-service-pull-secret"}],"schedulerName":"default-scheduler","tolerations":[{"key":"node.kubernetes.io/memory-pressure","operator":"Exists","effect":"NoSchedule"}]},"status":{"phase":"Running","conditions":[{"type":"Initialized","status":"True","lastProbeTime":null,"lastTransitionTime":"2018-09-13T06:52:50Z"},{"type":"Ready","status":"True","lastProbeTime":null,"lastTransitionTime":"2018-09-13T06:59:42Z"},{"type":"PodScheduled","status":"True","lastProbeTime":null,"lastTransitionTime":"2018-09-13T06:52:50Z"}],"hostIP":"10.245.251.164","podIP":"10.128.54.30","startTime":"2018-09-13T06:52:50Z","containerStatuses":[{"name":"metadata-entity-command-service","state":{"running":{"startedAt":"2018-09-13T06:57:34Z"}},"lastState":{"terminated":{"exitCode":137,"reason":"OOMKilled","startedAt":"2018-09-13T06:53:28Z","finishedAt":"2018-09-13T06:57:32Z","containerID":"docker://2a0e9447313bf16447dba6bf8dadee37d6367d65403a8331d33e8b5ee774807c"}},"ready":true,"restartCount":1,"image":"illin5225.corp.amdocs.com:5002/metadata-entity-command-service:1.0.2-RC","imageID":"docker-pullable://illin5225.corp.amdocs.com:5002/metadata-entity-command-service@sha256:a13612975921781f11f4a929227b1bec140333790dc0b997c2fe271199bb1eb0","containerID":"docker://099b7652d88988177e17f462103aed7927b94eb36f55b16f04507e769b7ce06a"}],"qosClass":"Burstable"}},{"metadata":{"name":"orderitemaccessor-releas-7bb554cf86-6zpnm","generateName":"orderitemaccessor-releas-7bb554cf86-","namespace":"oc-cd-1017-pranavd-pd","selfLink":"/api/v1/namespaces/oc-cd-1017-pranavd-pd/pods/orderitemaccessor-releas-7bb554cf86-6zpnm","uid":"a1336cf2-b721-11e8-bb86-0050569a887c","resourceVersion":"66124266","creationTimestamp":"2018-09-13T06:52:50Z","labels":{"app":"orderitemaccessor-releas","microservice":"orderitemaccessor","pod-template-hash":"3661107942","project":"orderitemaccessor","provider":"amdocs","release":"orderitemaccessor-release"},"annotations":{"fabric8.io/iconUrl":"img/icons/spring-boot.svg","git-commit":"dd1f927d45beda777b26feea79437a1068667d13","openshift.io/scc":"anyuid-no-ps"},"ownerReferences":[{"apiVersion":"extensions/v1beta1","kind":"ReplicaSet","name":"orderitemaccessor-releas-7bb554cf86","uid":"a12789c7-b721-11e8-bb86-0050569a887c","controller":true,"blockOwnerDeletion":true}]},"spec":{"volumes":[{"name":"default-token-vdgk4","secret":{"secretName":"default-token-vdgk4","defaultMode":420}}],"containers":[{"name":"orderitemaccessor-service-container","image":"illin5564.corp.amdocs.com:5000/orderitemaccessor-service:1.0.1-0007","ports":[{"name":"http","containerPort":8080,"protocol":"TCP"},{"name":"jacoco","containerPort":6300,"protocol":"TCP"},{"name":"metrics","containerPort":5555,"protocol":"TCP"},{"name":"management","containerPort":18080,"protocol":"TCP"}],"env":[{"name":"KUBERNETES_NAMESPACE","valueFrom":{"fieldRef":{"apiVersion":"v1","fieldPath":"metadata.namespace"}}},{"name":"MSNEXT_JAVA_OPTS","value":" -Xms256m -Xmx1024m -XX:MaxRAM=2048m -XX:+DisableExplicitGC -XX:+UseConcMarkSweepGC -XX:+CMSParallelRemarkEnabled -XX:NewRatio=1 -Xss512k -XX:MaxMetaspaceSize=512m"},{"name":"MSNEXT_DISABLED_MODULES","value":"msnext-customization"},{"name":"MANAGEMENT_PORT","value":"18080"},{"name":"SERVER_PORT","value":"8080"}],"resources":{"limits":{"cpu":"2","memory":"2Gi"},"requests":{"cpu":"200m","memory":"1Gi"}},"volumeMounts":[{"name":"default-token-vdgk4","readOnly":true,"mountPath":"/var/run/secrets/kubernetes.io/serviceaccount"}],"livenessProbe":{"httpGet":{"path":"/health","port":18080,"scheme":"HTTP"},"initialDelaySeconds":900,"timeoutSeconds":10,"periodSeconds":10,"successThreshold":1,"failureThreshold":3},"readinessProbe":{"httpGet":{"path":"/health","port":18080,"scheme":"HTTP"},"initialDelaySeconds":30,"timeoutSeconds":10,"periodSeconds":10,"successThreshold":1,"failureThreshold":3},"terminationMessagePath":"/dev/termination-log","terminationMessagePolicy":"File","imagePullPolicy":"IfNotPresent","securityContext":{"capabilities":{"drop":["MKNOD"]},"privileged":false}}],"restartPolicy":"Always","terminationGracePeriodSeconds":30,"dnsPolicy":"ClusterFirst","nodeSelector":{"region":"work"},"serviceAccountName":"default","serviceAccount":"default","nodeName":"ilocpde01w22.corp.amdocs.com","securityContext":{"seLinuxOptions":{"level":"s0:c82,c59"}},"imagePullSecrets":[{"name":"orderitemaccessor-ms-secret"}],"schedulerName":"default-scheduler","tolerations":[{"key":"node.kubernetes.io/memory-pressure","operator":"Exists","effect":"NoSchedule"}]},"status":{"phase":"Running","conditions":[{"type":"Initialized","status":"True","lastProbeTime":null,"lastTransitionTime":"2018-09-13T06:52:50Z"},{"type":"Ready","status":"True","lastProbeTime":null,"lastTransitionTime":"2018-09-13T06:54:05Z"},{"type":"PodScheduled","status":"True","lastProbeTime":null,"lastTransitionTime":"2018-09-13T06:52:50Z"}],"hostIP":"10.245.251.163","podIP":"10.128.56.175","startTime":"2018-09-13T06:52:50Z","containerStatuses":[{"name":"orderitemaccessor-service-container","state":{"running":{"startedAt":"2018-09-13T06:52:53Z"}},"lastState":{},"ready":true,"restartCount":0,"image":"illin5564.corp.amdocs.com:5000/orderitemaccessor-service:1.0.1-0007","imageID":"docker-pullable://illin5564.corp.amdocs.com:5000/orderitemaccessor-service@sha256:0464e7f846da3184cd5c820c16e1436d47cd7fd4bf1f8e6bf09d2793c9dd3067","containerID":"docker://9192800abd022d439e1cabfa5d4fa850fe162df7172138208624eb3afd01a66a"}],"qosClass":"Burstable"}},{"metadata":{"name":"paymentmanagement-paymen-5bb644ffc7-mcz2c","generateName":"paymentmanagement-paymen-5bb644ffc7-","namespace":"oc-cd-1017-pranavd-pd","selfLink":"/api/v1/namespaces/oc-cd-1017-pranavd-pd/pods/paymentmanagement-paymen-5bb644ffc7-mcz2c","uid":"a1418bea-b721-11e8-bb86-0050569a887c","resourceVersion":"66124203","creationTimestamp":"2018-09-13T06:52:50Z","labels":{"app":"paymentmanagement-paymen","microservice":"paymentmanagement-paymen","pod-template-hash":"1662009973","project":"paymentmanagement-payment","provider":"amdocs","release":"paymentmanagement-payment-release"},"annotations":{"git-commit":"1e2bf4b2dce6f2d91794e0c5643bb3d0898a175b","openshift.io/scc":"anyuid-no-ps"},"ownerReferences":[{"apiVersion":"extensions/v1beta1","kind":"ReplicaSet","name":"paymentmanagement-paymen-5bb644ffc7","uid":"a136afa9-b721-11e8-bb86-0050569a887c","controller":true,"blockOwnerDeletion":true}]},"spec":{"volumes":[{"name":"prop-volume","configMap":{"name":"paymentmanagement-payment-service-appconfig","defaultMode":420,"optional":true}},{"name":"default-token-vdgk4","secret":{"secretName":"default-token-vdgk4","defaultMode":420}}],"containers":[{"name":"paymentmanagement-payment-service-container","image":"illin5564.corp.amdocs.com:5000/paymentmanagement-payment-service:0.1.1-0025","ports":[{"name":"http","containerPort":8080,"protocol":"TCP"},{"name":"https","containerPort":8443,"protocol":"TCP"},{"name":"metrics","containerPort":5555,"protocol":"TCP"},{"name":"management","containerPort":18080,"protocol":"TCP"}],"env":[{"name":"KUBERNETES_NAMESPACE","valueFrom":{"fieldRef":{"apiVersion":"v1","fieldPath":"metadata.namespace"}}},{"name":"MSNEXT_JAVA_OPTS","value":" -Xms256m -Xmx1024m -XX:MaxRAM=2048m -XX:+DisableExplicitGC -XX:+UseConcMarkSweepGC -XX:+CMSParallelRemarkEnabled -XX:NewRatio=1 -Xss512k -XX:MaxMetaspaceSize=512m -Dcom.amdocs.msnext.securitya3s.url=http://10.238.196.7:30081/asmServices/services/v1.0"},{"name":"SERVER_PORT","value":"8080"},{"name":"MSNEXT_DISABLED_MODULES","value":"msnext-customization"},{"name":"MANAGEMENT_PORT","value":"18080"},{"name":"MSNEXT_CONF_SOURCE_APP","value":"/etc/config"}],"resources":{"limits":{"cpu":"2","memory":"2Gi"},"requests":{"cpu":"200m","memory":"1Gi"}},"volumeMounts":[{"name":"prop-volume","mountPath":"/etc/config"},{"name":"default-token-vdgk4","readOnly":true,"mountPath":"/var/run/secrets/kubernetes.io/serviceaccount"}],"livenessProbe":{"httpGet":{"path":"/health","port":18080,"scheme":"HTTP"},"initialDelaySeconds":900,"timeoutSeconds":10,"periodSeconds":10,"successThreshold":1,"failureThreshold":3},"readinessProbe":{"httpGet":{"path":"/health","port":18080,"scheme":"HTTP"},"initialDelaySeconds":30,"timeoutSeconds":10,"periodSeconds":10,"successThreshold":1,"failureThreshold":3},"terminationMessagePath":"/dev/termination-log","terminationMessagePolicy":"File","imagePullPolicy":"IfNotPresent","securityContext":{"capabilities":{"drop":["MKNOD"]},"privileged":false}}],"restartPolicy":"Always","terminationGracePeriodSeconds":30,"dnsPolicy":"ClusterFirst","nodeSelector":{"region":"work"},"serviceAccountName":"default","serviceAccount":"default","nodeName":"ilocpde01w20.corp.amdocs.com","securityContext":{"seLinuxOptions":{"level":"s0:c82,c59"}},"imagePullSecrets":[{"name":"paymentmanagement-payment-secret"}],"schedulerName":"default-scheduler","tolerations":[{"key":"node.kubernetes.io/memory-pressure","operator":"Exists","effect":"NoSchedule"}]},"status":{"phase":"Running","conditions":[{"type":"Initialized","status":"True","lastProbeTime":null,"lastTransitionTime":"2018-09-13T06:52:50Z"},{"type":"Ready","status":"True","lastProbeTime":null,"lastTransitionTime":"2018-09-13T06:54:02Z"},{"type":"PodScheduled","status":"True","lastProbeTime":null,"lastTransitionTime":"2018-09-13T06:52:50Z"}],"podIP":"10.128.49.132","startTime":"2018-09-13T06:52:50Z","containerStatuses":[{"name":"paymentmanagement-payment-service-container","state":{"running":{"startedAt":"2018-09-13T06:52:53Z"}},"lastState":{},"ready":true,"restartCount":0,"image":"illin5564.corp.amdocs.com:5000/paymentmanagement-payment-service:0.1.1-0025","imageID":"docker-pullable://illin5564.corp.amdocs.com:5000/paymentmanagement-payment-service@sha256:3d2ada962e84cb83ef1c6829914f96ba6338beb3141c1e709c671fb7a62aa0ff","containerID":"docker://90cfa7180f75d511ec0bde3809eedd7629173321af7d601b41c4be0e6b36b566"}],"qosClass":"Burstable"}},{"metadata":{"name":"phoneportin-phoneportinb-7d5d6d47cc-87vrt","generateName":"phoneportin-phoneportinb-7d5d6d47cc-","namespace":"oc-cd-1017-pranavd-pd","selfLink":"/api/v1/namespaces/oc-cd-1017-pranavd-pd/pods/phoneportin-phoneportinb-7d5d6d47cc-87vrt","uid":"a1571238-b721-11e8-bb86-0050569a887c","resourceVersion":"66124174","creationTimestamp":"2018-09-13T06:52:50Z","labels":{"app":"phoneportin-phoneportinb","microservice":"phoneportin-phoneportinb","pod-template-hash":"3818280377","project":"phoneportin-phoneportinbridge","provider":"amdocs","release":"phoneportin-phoneportinbridge-release"},"annotations":{"fabric8.io/iconUrl":"img/icons/spring-boot.svg","openshift.io/scc":"anyuid-no-ps"},"ownerReferences":[{"apiVersion":"extensions/v1beta1","kind":"ReplicaSet","name":"phoneportin-phoneportinb-7d5d6d47cc","uid":"a1469f1d-b721-11e8-bb86-0050569a887c","controller":true,"blockOwnerDeletion":true}]},"spec":{"volumes":[{"name":"default-token-vdgk4","secret":{"secretName":"default-token-vdgk4","defaultMode":420}}],"containers":[{"name":"phoneportin-phoneportinbridge-service-container","image":"illin5564.corp.amdocs.com:5000/phoneportin-phoneportinbridge-service:0.1.1-0017","ports":[{"name":"http","containerPort":8080,"protocol":"TCP"},{"name":"https","containerPort":8443,"protocol":"TCP"},{"name":"metrics","containerPort":5555,"protocol":"TCP"},{"name":"management","containerPort":18080,"protocol":"TCP"}],"env":[{"name":"KUBERNETES_NAMESPACE","valueFrom":{"fieldRef":{"apiVersion":"v1","fieldPath":"metadata.namespace"}}},{"name":"MSNEXT_JAVA_OPTS","value":"-Dcom.amdocs.msnext.securityjwt.anonymous.context-mapping.msnext.management=.*management  -Xms256m -Xmx1024m -XX:MaxRAM=2048m -XX:+DisableExplicitGC -XX:+UseConcMarkSweepGC -XX:+CMSParallelRemarkEnabled -XX:NewRatio=1 -Xss512k -XX:MaxMetaspaceSize=512m -Dcom.amdocs.msnext.securitya3s.url=http://10.238.196.7:30081/asmServices/services/v1.0"},{"name":"SERVER_PORT","value":"8080"},{"name":"MSNEXT_MODULE_MGT_DISABLE","value":"msnext-customization"},{"name":"MSNEXT_JACOCO_ENABLE","value":"${jacoco.enabled}"},{"name":"MSNEXT_JACOCO_OPTS","value":"output=tcpserver,address=*,port=6300"},{"name":"MANAGEMENT_PORT","value":"18080"},{"name":"MALLOC_ARENA_MAX","value":"4"},{"name":"TZ","value":"UTC"}],"resources":{"limits":{"cpu":"2","memory":"2Gi"},"requests":{"cpu":"200m","memory":"1Gi"}},"volumeMounts":[{"name":"default-token-vdgk4","readOnly":true,"mountPath":"/var/run/secrets/kubernetes.io/serviceaccount"}],"livenessProbe":{"httpGet":{"path":"/health","port":18080,"scheme":"HTTP"},"initialDelaySeconds":900,"timeoutSeconds":1,"periodSeconds":10,"successThreshold":1,"failureThreshold":3},"readinessProbe":{"httpGet":{"path":"/health","port":18080,"scheme":"HTTP"},"initialDelaySeconds":30,"timeoutSeconds":10,"periodSeconds":10,"successThreshold":1,"failureThreshold":3},"terminationMessagePath":"/dev/termination-log","terminationMessagePolicy":"File","imagePullPolicy":"IfNotPresent","securityContext":{"capabilities":{"drop":["MKNOD"]},"privileged":false}}],"restartPolicy":"Always","terminationGracePeriodSeconds":30,"dnsPolicy":"ClusterFirst","nodeSelector":{"region":"work"},"serviceAccountName":"default","serviceAccount":"default","nodeName":"ilocpde01w19.corp.amdocs.com","securityContext":{"seLinuxOptions":{"level":"s0:c82,c59"}},"imagePullSecrets":[{"name":"phoneportin-phoneportinbridge-secret"}],"schedulerName":"default-scheduler","tolerations":[{"key":"node.kubernetes.io/memory-pressure","operator":"Exists","effect":"NoSchedule"}]},"status":{"phase":"Running","conditions":[{"type":"Initialized","status":"True","lastProbeTime":null,"lastTransitionTime":"2018-09-13T06:52:50Z"},{"type":"Ready","status":"True","lastProbeTime":null,"lastTransitionTime":"2018-09-13T06:53:59Z"},{"type":"PodScheduled","status":"True","lastProbeTime":null,"lastTransitionTime":"2018-09-13T06:52:50Z"}],"hostIP":"10.245.251.160","podIP":"10.128.50.202","startTime":"2018-09-13T06:52:50Z","containerStatuses":[{"name":"phoneportin-phoneportinbridge-service-container","state":{"running":{"startedAt":"2018-09-13T06:52:53Z"}},"lastState":{},"ready":true,"restartCount":0,"image":"illin5564.corp.amdocs.com:5000/phoneportin-phoneportinbridge-service:0.1.1-0017","imageID":"docker-pullable://illin5564.corp.amdocs.com:5000/phoneportin-phoneportinbridge-service@sha256:3aa420bcab0cba5780da4bb982312a3e1aa375c38ca79faab7ed42827daaee86","containerID":"docker://55c0c2361048854e56be081e6c44047cd59f1ad3538c6d3f5116ab28b2dd4768"}],"qosClass":"Burstable"}},{"metadata":{"name":"pi-factory-release-pi-fa-6d8fbfcf57-p8qb5","generateName":"pi-factory-release-pi-fa-6d8fbfcf57-","namespace":"oc-cd-1017-pranavd-pd","selfLink":"/api/v1/namespaces/oc-cd-1017-pranavd-pd/pods/pi-factory-release-pi-fa-6d8fbfcf57-p8qb5","uid":"a16b3cf7-b721-11e8-bb86-0050569a887c","resourceVersion":"66124103","creationTimestamp":"2018-09-13T06:52:50Z","labels":{"app":"pi-factory-release-pi-fa","microservice":"pi-factory","pod-template-hash":"2849697913","project":"pi-factory","provider":"amdocs","release":"pi-factory-release"},"annotations":{"checksum/config":"4b502369ac828ee8461ed0317a495386911a4224ac81a0f913f0ad154d376d5a","fabric8.io/iconUrl":"img/icons/spring-boot.svg","openshift.io/scc":"anyuid-no-ps"},"ownerReferences":[{"apiVersion":"extensions/v1beta1","kind":"ReplicaSet","name":"pi-factory-release-pi-fa-6d8fbfcf57","uid":"a15c2945-b721-11e8-bb86-0050569a887c","controller":true,"blockOwnerDeletion":true}]},"spec":{"volumes":[{"name":"default-token-vdgk4","secret":{"secretName":"default-token-vdgk4","defaultMode":420}}],"containers":[{"name":"pi-factory-service-container","image":"illin5564.corp.amdocs.com:5000/pi-factory-service:0.1.1-0051","ports":[{"name":"metrics","containerPort":5555,"protocol":"TCP"},{"name":"http","containerPort":8080,"protocol":"TCP"},{"name":"jacoco","containerPort":6300,"protocol":"TCP"},{"name":"management","containerPort":18080,"protocol":"TCP"}],"env":[{"name":"KUBERNETES_NAMESPACE","valueFrom":{"fieldRef":{"apiVersion":"v1","fieldPath":"metadata.namespace"}}},{"name":"MSNEXT_JAVA_OPTS","value":"-Xms256m -Xmx512m -XX:MaxRAM=1024m -XX:+UseSerialGC"},{"name":"MSNEXT_DISABLED_MODULES","value":"msnext-customization"},{"name":"MANAGEMENT_PORT","value":"18080"},{"name":"SERVER_PORT","value":"8080"}],"resources":{"limits":{"cpu":"2","memory":"2Gi"},"requests":{"cpu":"200m","memory":"1Gi"}},"volumeMounts":[{"name":"default-token-vdgk4","readOnly":true,"mountPath":"/var/run/secrets/kubernetes.io/serviceaccount"}],"livenessProbe":{"httpGet":{"path":"/health","port":18080,"scheme":"HTTP"},"initialDelaySeconds":900,"timeoutSeconds":10,"periodSeconds":10,"successThreshold":1,"failureThreshold":3},"readinessProbe":{"httpGet":{"path":"/health","port":18080,"scheme":"HTTP"},"initialDelaySeconds":30,"timeoutSeconds":10,"periodSeconds":10,"successThreshold":1,"failureThreshold":3},"terminationMessagePath":"/dev/termination-log","terminationMessagePolicy":"File","imagePullPolicy":"IfNotPresent","securityContext":{"capabilities":{"drop":["MKNOD"]},"privileged":false}}],"restartPolicy":"Always","terminationGracePeriodSeconds":30,"dnsPolicy":"ClusterFirst","nodeSelector":{"region":"work"},"serviceAccountName":"default","serviceAccount":"default","nodeName":"ilocpde01w17.corp.amdocs.com","securityContext":{"seLinuxOptions":{"level":"s0:c82,c59"}},"imagePullSecrets":[{"name":"pi-factory-ms-secret"}],"schedulerName":"default-scheduler","tolerations":[{"key":"node.kubernetes.io/memory-pressure","operator":"Exists","effect":"NoSchedule"}]},"status":{"phase":"Running","conditions":[{"type":"Initialized","status":"True","lastProbeTime":null,"lastTransitionTime":"2018-09-13T06:52:50Z"},{"type":"Ready","status":"True","lastProbeTime":null,"lastTransitionTime":"2018-09-13T06:53:54Z"},{"type":"PodScheduled","status":"True","lastProbeTime":null,"lastTransitionTime":"2018-09-13T06:52:50Z"}],"hostIP":"10.245.250.36","podIP":"10.128.47.69","startTime":"2018-09-13T06:52:50Z","containerStatuses":[{"name":"pi-factory-service-container","state":{"running":{"startedAt":"2018-09-13T06:52:56Z"}},"lastState":{},"ready":true,"restartCount":0,"image":"illin5564.corp.amdocs.com:5000/pi-factory-service:0.1.1-0051","imageID":"docker-pullable://illin5564.corp.amdocs.com:5000/pi-factory-service@sha256:e807877857285450ce77541c4caeaa8f557cb37551464c0fe96cb912a36738fc","containerID":"docker://1cbac90f916e406271b3ff2991658f6864790c68e460c265afb1ba4d14d3c964"}],"qosClass":"Burstable"}},{"metadata":{"name":"pi-product-release-pi-pr-768d5bb47d-5djv9","generateName":"pi-product-release-pi-pr-768d5bb47d-","namespace":"oc-cd-1017-pranavd-pd","selfLink":"/api/v1/namespaces/oc-cd-1017-pranavd-pd/pods/pi-product-release-pi-pr-768d5bb47d-5djv9","uid":"a17aee12-b721-11e8-bb86-0050569a887c","resourceVersion":"66124385","creationTimestamp":"2018-09-13T06:52:50Z","labels":{"app":"pi-product-release-pi-pr","microservice":"pi-product","pod-template-hash":"3248166038","project":"pi-product","provider":"amdocs","release":"pi-product-release"},"annotations":{"git-commit":"b2c5a08facde59dc2947676018c3550ecbdb4b5b","openshift.io/scc":"anyuid-no-ps"},"ownerReferences":[{"apiVersion":"extensions/v1beta1","kind":"ReplicaSet","name":"pi-product-release-pi-pr-768d5bb47d","uid":"a171b235-b721-11e8-bb86-0050569a887c","controller":true,"blockOwnerDeletion":true}]},"spec":{"volumes":[{"name":"prop-volume","configMap":{"name":"pi-product-service-appconfig","defaultMode":420,"optional":true}},{"name":"default-token-vdgk4","secret":{"secretName":"default-token-vdgk4","defaultMode":420}}],"containers":[{"name":"pi-product-service-container","image":"illin5564.corp.amdocs.com:5000/pi-product-service:0.1.1-0046","ports":[{"name":"metrics","containerPort":5555,"protocol":"TCP"},{"name":"http","containerPort":8080,"protocol":"TCP"},{"name":"jacoco","containerPort":6300,"protocol":"TCP"},{"name":"management","containerPort":18080,"protocol":"TCP"}],"env":[{"name":"KUBERNETES_NAMESPACE","valueFrom":{"fieldRef":{"apiVersion":"v1","fieldPath":"metadata.namespace"}}},{"name":"MSNEXT_JAVA_OPTS","value":" -Xms256m -Xmx1024m -XX:MaxRAM=2048m -XX:+DisableExplicitGC -XX:+UseConcMarkSweepGC -XX:+CMSParallelRemarkEnabled -XX:NewRatio=1 -Xss512k -XX:MaxMetaspaceSize=512m -Dcom.amdocs.msnext.securitya3s.url=http://10.238.196.7:30081/asmServices/services/v1.0 "},{"name":"MSNEXT_DISABLED_MODULES","value":"msnext-customization"},{"name":"MANAGEMENT_PORT","value":"18080"},{"name":"SERVER_PORT","value":"8080"},{"name":"MALLOC_ARENA_MAX","value":"4"},{"name":"JAVA_ENABLE_DEBUG","value":"false"},{"name":"MSNEXT_CONF_SOURCE_APP","value":"/etc/config"}],"resources":{"limits":{"cpu":"2","memory":"2Gi"},"requests":{"cpu":"200m","memory":"1Gi"}},"volumeMounts":[{"name":"prop-volume","mountPath":"/etc/config"},{"name":"default-token-vdgk4","readOnly":true,"mountPath":"/var/run/secrets/kubernetes.io/serviceaccount"}],"livenessProbe":{"httpGet":{"path":"/health","port":18080,"scheme":"HTTP"},"initialDelaySeconds":900,"timeoutSeconds":10,"periodSeconds":10,"successThreshold":1,"failureThreshold":3},"readinessProbe":{"httpGet":{"path":"/health","port":18080,"scheme":"HTTP"},"initialDelaySeconds":30,"timeoutSeconds":10,"periodSeconds":10,"successThreshold":1,"failureThreshold":3},"terminationMessagePath":"/dev/termination-log","terminationMessagePolicy":"File","imagePullPolicy":"IfNotPresent","securityContext":{"capabilities":{"drop":["MKNOD"]},"privileged":false}}],"restartPolicy":"Always","terminationGracePeriodSeconds":30,"dnsPolicy":"ClusterFirst","nodeSelector":{"region":"work"},"serviceAccountName":"default","serviceAccount":"default","nodeName":"ilocpde01w30.corp.amdocs.com","securityContext":{"seLinuxOptions":{"level":"s0:c82,c59"}},"imagePullSecrets":[{"name":"pi-product-ms-secret"}],"schedulerName":"default-scheduler","tolerations":[{"key":"node.kubernetes.io/memory-pressure","operator":"Exists","effect":"NoSchedule"}]},"status":{"phase":"Running","conditions":[{"type":"Initialized","status":"True","lastProbeTime":null,"lastTransitionTime":"2018-09-13T06:52:50Z"},{"type":"Ready","status":"True","lastProbeTime":null,"lastTransitionTime":"2018-09-13T06:54:14Z"},{"type":"PodScheduled","status":"True","lastProbeTime":null,"lastTransitionTime":"2018-09-13T06:52:50Z"}],"podIP":"10.128.70.13","startTime":"2018-09-13T06:52:50Z","containerStatuses":[{"name":"pi-product-service-container","state":{"running":{"startedAt":"2018-09-13T06:52:53Z"}},"lastState":{},"ready":true,"restartCount":0,"image":"illin5564.corp.amdocs.com:5000/pi-product-service:0.1.1-0046","imageID":"docker-pullable://illin5564.corp.amdocs.com:5000/pi-product-service@sha256:8e81b5170174f05ec6a75a152000e9a0e7569884e464121d95b9a19758becccf","containerID":"docker://9960f57b22ab0876b5fbbe93dc8f230f374d9bc2f36bce30fc8a4f32f5311e3a"}],"qosClass":"Burstable"}},{"metadata":{"name":"pi-validateproduct-relea-776768747f-x758r","generateName":"pi-validateproduct-relea-776768747f-","namespace":"oc-cd-1017-pranavd-pd","selfLink":"/api/v1/namespaces/oc-cd-1017-pranavd-pd/pods/pi-validateproduct-relea-776768747f-x758r","uid":"a18ddf2d-b721-11e8-bb86-0050569a887c","resourceVersion":"66124210","creationTimestamp":"2018-09-13T06:52:50Z","labels":{"app":"pi-validateproduct-relea","microservice":"pi-validateproduct","pod-template-hash":"3323243039","project":"pi-validateproduct","provider":"amdocs","release":"pi-validateproduct-release"},"annotations":{"fabric8.io/iconUrl":"img/icons/spring-boot.svg","git-commit":"50b9c8f1dc95713f85d95761f6539264f0f52291","openshift.io/scc":"anyuid-no-ps"},"ownerReferences":[{"apiVersion":"extensions/v1beta1","kind":"ReplicaSet","name":"pi-validateproduct-relea-776768747f","uid":"a1806447-b721-11e8-bb86-0050569a887c","controller":true,"blockOwnerDeletion":true}]},"spec":{"volumes":[{"name":"prop-volume","configMap":{"name":"pi-validateproduct-service-appconfig","defaultMode":420,"optional":true}},{"name":"default-token-vdgk4","secret":{"secretName":"default-token-vdgk4","defaultMode":420}}],"containers":[{"name":"pi-validateproduct-service-container","image":"illin5564.corp.amdocs.com:5000/pi-validateproduct-service:0.1.1-0028","ports":[{"name":"metrics","containerPort":5555,"protocol":"TCP"},{"name":"http","containerPort":8080,"protocol":"TCP"},{"name":"jacoco","containerPort":6300,"protocol":"TCP"},{"name":"management","containerPort":18080,"protocol":"TCP"}],"env":[{"name":"KUBERNETES_NAMESPACE","valueFrom":{"fieldRef":{"apiVersion":"v1","fieldPath":"metadata.namespace"}}},{"name":"MSNEXT_JAVA_OPTS","value":" -Xms256m -Xmx1024m -XX:MaxRAM=2048m -XX:+DisableExplicitGC -XX:+UseConcMarkSweepGC -XX:+CMSParallelRemarkEnabled -XX:NewRatio=1 -Xss512k -XX:MaxMetaspaceSize=512m"},{"name":"MSNEXT_CONF_SOURCE_APP","value":"/etc/config"},{"name":"MSNEXT_DISABLED_MODULES","value":"msnext-customization"},{"name":"MANAGEMENT_PORT","value":"18080"},{"name":"SERVER_PORT","value":"8080"},{"name":"MALLOC_ARENA_MAX","value":"4"},{"name":"TZ","value":"UTC"},{"name":"MSNEXT_JACOCO_ENABLE","value":"0"},{"name":"MSNEXT_JACOCO_OPTS","value":"output=tcpserver,address=*,port=6300"},{"name":"MSNEXT_CONF_SOURCE_APP","value":"/etc/config"}],"resources":{"limits":{"cpu":"2","memory":"2Gi"},"requests":{"cpu":"200m","memory":"1Gi"}},"volumeMounts":[{"name":"prop-volume","mountPath":"/etc/config"},{"name":"default-token-vdgk4","readOnly":true,"mountPath":"/var/run/secrets/kubernetes.io/serviceaccount"}],"livenessProbe":{"httpGet":{"path":"/health","port":18080,"scheme":"HTTP"},"initialDelaySeconds":900,"timeoutSeconds":10,"periodSeconds":10,"successThreshold":1,"failureThreshold":3},"readinessProbe":{"httpGet":{"path":"/health","port":18080,"scheme":"HTTP"},"initialDelaySeconds":30,"timeoutSeconds":10,"periodSeconds":10,"successThreshold":1,"failureThreshold":3},"terminationMessagePath":"/dev/termination-log","terminationMessagePolicy":"File","imagePullPolicy":"IfNotPresent","securityContext":{"capabilities":{"drop":["MKNOD"]},"privileged":false}}],"restartPolicy":"Always","terminationGracePeriodSeconds":30,"dnsPolicy":"ClusterFirst","nodeSelector":{"region":"work"},"serviceAccountName":"default","serviceAccount":"default","nodeName":"ilocpde01w28.corp.amdocs.com","securityContext":{"seLinuxOptions":{"level":"s0:c82,c59"}},"imagePullSecrets":[{"name":"pi-validateproduct-ms-secret"}],"schedulerName":"default-scheduler","tolerations":[{"key":"node.kubernetes.io/memory-pressure","operator":"Exists","effect":"NoSchedule"}]},"status":{"phase":"Running","conditions":[{"type":"Initialized","status":"True","lastProbeTime":null,"lastTransitionTime":"2018-09-13T06:52:50Z"},{"type":"Ready","status":"True","lastProbeTime":null,"lastTransitionTime":"2018-09-13T06:54:02Z"},{"type":"PodScheduled","status":"True","lastProbeTime":null,"lastTransitionTime":"2018-09-13T06:52:50Z"}],"hostIP":"10.245.251.169","podIP":"10.128.69.244","startTime":"2018-09-13T06:52:50Z","containerStatuses":[{"name":"pi-validateproduct-service-container","state":{"running":{"startedAt":"2018-09-13T06:52:53Z"}},"lastState":{},"ready":true,"restartCount":0,"image":"illin5564.corp.amdocs.com:5000/pi-validateproduct-service:0.1.1-0028","imageID":"docker-pullable://illin5564.corp.amdocs.com:5000/pi-validateproduct-service@sha256:2ab1ed4be6498f93124dc9c444caa878cc7955f51ae3daaaef3c40d9837039be","containerID":"docker://b2d910e1ec6f8853723eee2f1aeffc495cd1783fa94e8c3cce46a14b1b023158"}],"qosClass":"Burstable"}},{"metadata":{"name":"pod-category-release-pod-88465c6fb-2xqz8","generateName":"pod-category-release-pod-88465c6fb-","namespace":"oc-cd-1017-pranavd-pd","selfLink":"/api/v1/namespaces/oc-cd-1017-pranavd-pd/pods/pod-category-release-pod-88465c6fb-2xqz8","uid":"a1a5c2a5-b721-11e8-bb86-0050569a887c","resourceVersion":"66124240","creationTimestamp":"2018-09-13T06:52:50Z","labels":{"app":"pod-category-release-pod","microservice":"pod-category","pod-template-hash":"440217296","project":"pod-category","provider":"amdocs","release":"pod-category-release"},"annotations":{"git-commit":"0f6ca8e71cc9e1864b881d2838d203608b084102","openshift.io/scc":"anyuid-no-ps"},"ownerReferences":[{"apiVersion":"extensions/v1beta1","kind":"ReplicaSet","name":"pod-category-release-pod-88465c6fb","uid":"a1932c39-b721-11e8-bb86-0050569a887c","controller":true,"blockOwnerDeletion":true}]},"spec":{"volumes":[{"name":"default-token-vdgk4","secret":{"secretName":"default-token-vdgk4","defaultMode":420}}],"containers":[{"name":"pod-category-service-container","image":"illin5564.corp.amdocs.com:5000/pod-category-service:0.1.1-0015","ports":[{"name":"metrics","containerPort":5555,"protocol":"TCP"},{"name":"http","containerPort":8080,"protocol":"TCP"},{"name":"management","containerPort":18080,"protocol":"TCP"}],"env":[{"name":"KUBERNETES_NAMESPACE","valueFrom":{"fieldRef":{"apiVersion":"v1","fieldPath":"metadata.namespace"}}},{"name":"MSNEXT_JAVA_OPTS","value":" -Xms256m -Xmx1024m -XX:MaxRAM=2048m -XX:+DisableExplicitGC -XX:+UseConcMarkSweepGC -XX:+CMSParallelRemarkEnabled -XX:NewRatio=1 -Xss512k -XX:MaxMetaspaceSize=512m -Dcom.amdocs.msnext.securitya3s.url=http://10.238.196.7:30081/asmServices/services/v1.0"},{"name":"MSNEXT_DISABLED_MODULES","value":"msnext-customization"},{"name":"MANAGEMENT_PORT","value":"18080"},{"name":"SERVER_PORT","value":"8080"},{"name":"MALLOC_ARENA_MAX","value":"4"},{"name":"TZ","value":"UTC"}],"resources":{"limits":{"cpu":"2","memory":"2Gi"},"requests":{"cpu":"200m","memory":"1Gi"}},"volumeMounts":[{"name":"default-token-vdgk4","readOnly":true,"mountPath":"/var/run/secrets/kubernetes.io/serviceaccount"}],"livenessProbe":{"httpGet":{"path":"/health","port":18080,"scheme":"HTTP"},"initialDelaySeconds":900,"timeoutSeconds":10,"periodSeconds":10,"successThreshold":1,"failureThreshold":3},"readinessProbe":{"httpGet":{"path":"/health","port":18080,"scheme":"HTTP"},"initialDelaySeconds":30,"timeoutSeconds":10,"periodSeconds":10,"successThreshold":1,"failureThreshold":3},"terminationMessagePath":"/dev/termination-log","terminationMessagePolicy":"File","imagePullPolicy":"IfNotPresent","securityContext":{"capabilities":{"drop":["MKNOD"]},"privileged":false}}],"restartPolicy":"Always","terminationGracePeriodSeconds":30,"dnsPolicy":"ClusterFirst","nodeSelector":{"region":"work"},"serviceAccountName":"default","serviceAccount":"default","nodeName":"ilocpde01w27.corp.amdocs.com","securityContext":{"seLinuxOptions":{"level":"s0:c82,c59"}},"imagePullSecrets":[{"name":"pod-category-ms-secret"}],"schedulerName":"default-scheduler","tolerations":[{"key":"node.kubernetes.io/memory-pressure","operator":"Exists","effect":"NoSchedule"}]},"status":{"phase":"Running","conditions":[{"type":"Initialized","status":"True","lastProbeTime":null,"lastTransitionTime":"2018-09-13T06:52:50Z"},{"type":"Ready","status":"True","lastProbeTime":null,"lastTransitionTime":"2018-09-13T06:54:04Z"},{"type":"PodScheduled","status":"True","lastProbeTime":null,"lastTransitionTime":"2018-09-13T06:52:50Z"}],"hostIP":"10.245.251.168","podIP":"10.128.64.31","startTime":"2018-09-13T06:52:50Z","containerStatuses":[{"name":"pod-category-service-container","state":{"running":{"startedAt":"2018-09-13T06:52:53Z"}},"lastState":{},"ready":true,"restartCount":0,"image":"illin5564.corp.amdocs.com:5000/pod-category-service:0.1.1-0015","imageID":"docker-pullable://illin5564.corp.amdocs.com:5000/pod-category-service@sha256:39bb67c713cbdbd7c6634f5ddd21bd4dc757764ecc55e524c75e9fb503ef64e2","containerID":"docker://bf04b88f3c7003423b832c589982e278d43c5b93b1229c5d64f9e727b988144f"}],"qosClass":"Burstable"}},{"metadata":{"name":"pod-experience-release-p-59dfb8f574-9dxtr","generateName":"pod-experience-release-p-59dfb8f574-","namespace":"oc-cd-1017-pranavd-pd","selfLink":"/api/v1/namespaces/oc-cd-1017-pranavd-pd/pods/pod-experience-release-p-59dfb8f574-9dxtr","uid":"a1b97b3e-b721-11e8-bb86-0050569a887c","resourceVersion":"66124463","creationTimestamp":"2018-09-13T06:52:50Z","labels":{"app":"pod-experience-release-p","microservice":"pod-experience","pod-template-hash":"1589649130","project":"pod-experience","provider":"amdocs","release":"pod-experience-release"},"annotations":{"fabric8.io/iconUrl":"img/icons/spring-boot.svg","git-commit":"17d57e3174da53ca529543bed0d19303539dc5e4","openshift.io/scc":"anyuid-no-ps"},"ownerReferences":[{"apiVersion":"extensions/v1beta1","kind":"ReplicaSet","name":"pod-experience-release-p-59dfb8f574","uid":"a1a52063-b721-11e8-bb86-0050569a887c","controller":true,"blockOwnerDeletion":true}]},"spec":{"volumes":[{"name":"default-token-vdgk4","secret":{"secretName":"default-token-vdgk4","defaultMode":420}}],"containers":[{"name":"pod-experience-service-container","image":"illin5564.corp.amdocs.com:5000/pod-experience-service:0.1.1-0030","ports":[{"name":"metrics","containerPort":5555,"protocol":"TCP"},{"name":"http","containerPort":8080,"protocol":"TCP"},{"name":"management","containerPort":18080,"protocol":"TCP"}],"env":[{"name":"KUBERNETES_NAMESPACE","valueFrom":{"fieldRef":{"apiVersion":"v1","fieldPath":"metadata.namespace"}}},{"name":"MSNEXT_JAVA_OPTS","value":" -Xms256m -Xmx1024m -XX:MaxRAM=2048m -XX:+DisableExplicitGC -XX:+UseConcMarkSweepGC -XX:+CMSParallelRemarkEnabled -XX:NewRatio=1 -Xss512k -XX:MaxMetaspaceSize=512m -Dcom.amdocs.msnext.securitya3s.url=http://10.238.196.7:30081/asmServices/services/v1.0"},{"name":"MSNEXT_DISABLED_MODULES","value":"msnext-customization"},{"name":"MANAGEMENT_PORT","value":"18080"},{"name":"SERVER_PORT","value":"8080"},{"name":"MALLOC_ARENA_MAX","value":"4"}],"resources":{"limits":{"cpu":"2","memory":"2Gi"},"requests":{"cpu":"200m","memory":"1Gi"}},"volumeMounts":[{"name":"default-token-vdgk4","readOnly":true,"mountPath":"/var/run/secrets/kubernetes.io/serviceaccount"}],"livenessProbe":{"httpGet":{"path":"/health","port":18080,"scheme":"HTTP"},"initialDelaySeconds":900,"timeoutSeconds":10,"periodSeconds":10,"successThreshold":1,"failureThreshold":3},"readinessProbe":{"httpGet":{"path":"/health","port":18080,"scheme":"HTTP"},"initialDelaySeconds":30,"timeoutSeconds":10,"periodSeconds":10,"successThreshold":1,"failureThreshold":3},"terminationMessagePath":"/dev/termination-log","terminationMessagePolicy":"File","imagePullPolicy":"IfNotPresent","securityContext":{"capabilities":{"drop":["MKNOD"]},"privileged":false}}],"restartPolicy":"Always","terminationGracePeriodSeconds":30,"dnsPolicy":"ClusterFirst","nodeSelector":{"region":"work"},"serviceAccountName":"default","serviceAccount":"default","nodeName":"ilocpde01w24.corp.amdocs.com","securityContext":{"seLinuxOptions":{"level":"s0:c82,c59"}},"imagePullSecrets":[{"name":"pod-experience-ms-secret"}],"schedulerName":"default-scheduler","tolerations":[{"key":"node.kubernetes.io/memory-pressure","operator":"Exists","effect":"NoSchedule"}]},"status":{"phase":"Running","conditions":[{"type":"Initialized","status":"True","lastProbeTime":null,"lastTransitionTime":"2018-09-13T06:52:51Z"},{"type":"Ready","status":"True","lastProbeTime":null,"lastTransitionTime":"2018-09-13T06:54:21Z"},{"type":"PodScheduled","status":"True","lastProbeTime":null,"lastTransitionTime":"2018-09-13T06:52:51Z"}],"hostIP":"10.245.251.165","podIP":"10.128.59.101","startTime":"2018-09-13T06:52:51Z","containerStatuses":[{"name":"pod-experience-service-container","state":{"running":{"startedAt":"2018-09-13T06:52:57Z"}},"lastState":{},"ready":true,"restartCount":0,"image":"illin5564.corp.amdocs.com:5000/pod-experience-service:0.1.1-0030","imageID":"docker-pullable://illin5564.corp.amdocs.com:5000/pod-experience-service@sha256:805fe83c6caf099c2ac034784e2f96b92ac8aca42d3ac877e815c64fc7beba05","containerID":"docker://5a98587252ef740b2c22b34567dc7911ade58d47c8c8865872cc8af79f83dc45"}],"qosClass":"Burstable"}},{"metadata":{"name":"pod-price-release-pod-pr-5b49596b9d-jc669","generateName":"pod-price-release-pod-pr-5b49596b9d-","namespace":"oc-cd-1017-pranavd-pd","selfLink":"/api/v1/namespaces/oc-cd-1017-pranavd-pd/pods/pod-price-release-pod-pr-5b49596b9d-jc669","uid":"a1d056e6-b721-11e8-bb86-0050569a887c","resourceVersion":"66124105","creationTimestamp":"2018-09-13T06:52:51Z","labels":{"app":"pod-price-release-pod-pr","microservice":"pod-price","pod-template-hash":"1605152658","project":"pod-price","provider":"amdocs","release":"pod-price-release"},"annotations":{"fabric8.io/iconUrl":"img/icons/spring-boot.svg","git-commit":"e85df953869b450c4309d839f90774e3f183ac99","openshift.io/scc":"anyuid-no-ps"},"ownerReferences":[{"apiVersion":"extensions/v1beta1","kind":"ReplicaSet","name":"pod-price-release-pod-pr-5b49596b9d","uid":"a1c00258-b721-11e8-bb86-0050569a887c","controller":true,"blockOwnerDeletion":true}]},"spec":{"volumes":[{"name":"default-token-vdgk4","secret":{"secretName":"default-token-vdgk4","defaultMode":420}}],"containers":[{"name":"pod-price-service-container","image":"illin5564.corp.amdocs.com:5000/pod-price-service:0.1.1-0055","ports":[{"name":"http","containerPort":8080,"protocol":"TCP"},{"name":"jacoco","containerPort":6300,"protocol":"TCP"},{"name":"management","containerPort":18080,"protocol":"TCP"}],"env":[{"name":"KUBERNETES_NAMESPACE","valueFrom":{"fieldRef":{"apiVersion":"v1","fieldPath":"metadata.namespace"}}},{"name":"MSNEXT_JAVA_OPTS","value":" -Xms256m -Xmx1024m -XX:MaxRAM=2048m -XX:+DisableExplicitGC -XX:+UseConcMarkSweepGC -XX:+CMSParallelRemarkEnabled -XX:NewRatio=1 -Xss512k -XX:MaxMetaspaceSize=512m -Dcom.amdocs.msnext.securitya3s.url=http://10.238.196.7:30081/asmServices/services/v1.0"},{"name":"MSNEXT_DISABLED_MODULES","value":"msnext-customization"},{"name":"MANAGEMENT_PORT","value":"18080"},{"name":"SERVER_PORT","value":"8080"},{"name":"MALLOC_ARENA_MAX","value":"4"}],"resources":{"limits":{"cpu":"2","memory":"2Gi"},"requests":{"cpu":"200m","memory":"1Gi"}},"volumeMounts":[{"name":"default-token-vdgk4","readOnly":true,"mountPath":"/var/run/secrets/kubernetes.io/serviceaccount"}],"livenessProbe":{"httpGet":{"path":"/health","port":18080,"scheme":"HTTP"},"initialDelaySeconds":900,"timeoutSeconds":10,"periodSeconds":10,"successThreshold":1,"failureThreshold":3},"readinessProbe":{"httpGet":{"path":"/health","port":18080,"scheme":"HTTP"},"initialDelaySeconds":30,"timeoutSeconds":10,"periodSeconds":10,"successThreshold":1,"failureThreshold":3},"terminationMessagePath":"/dev/termination-log","terminationMessagePolicy":"File","imagePullPolicy":"IfNotPresent","securityContext":{"capabilities":{"drop":["MKNOD"]},"privileged":false}}],"restartPolicy":"Always","terminationGracePeriodSeconds":30,"dnsPolicy":"ClusterFirst","nodeSelector":{"region":"work"},"serviceAccountName":"default","serviceAccount":"default","nodeName":"ilocpde01w15.corp.amdocs.com","securityContext":{"seLinuxOptions":{"level":"s0:c82,c59"}},"imagePullSecrets":[{"name":"pod-price-ms-secret"}],"schedulerName":"default-scheduler","tolerations":[{"key":"node.kubernetes.io/memory-pressure","operator":"Exists","effect":"NoSchedule"}]},"status":{"phase":"Running","conditions":[{"type":"Initialized","status":"True","lastProbeTime":null,"lastTransitionTime":"2018-09-13T06:52:51Z"},{"type":"Ready","status":"True","lastProbeTime":null,"lastTransitionTime":"2018-09-13T06:53:54Z"},{"type":"PodScheduled","status":"True","lastProbeTime":null,"lastTransitionTime":"2018-09-13T06:52:51Z"}],"hostIP":"10.245.250.34","podIP":"10.128.39.139","startTime":"2018-09-13T06:52:51Z","containerStatuses":[{"name":"pod-price-service-container","state":{"running":{"startedAt":"2018-09-13T06:52:53Z"}},"lastState":{},"ready":true,"restartCount":0,"image":"illin5564.corp.amdocs.com:5000/pod-price-service:0.1.1-0055","imageID":"docker-pullable://illin5564.corp.amdocs.com:5000/pod-price-service@sha256:e52d70c4ccba5a700d8880be3de6eab2cc65687a1682db3ebc98a9163aba7608","containerID":"docker://0e5f9341442dda46eb86b99cc11a9a26436b3b6379a434617a4b5a9d7e561a6a"}],"qosClass":"Burstable"}},{"metadata":{"name":"pod-productoffering-release-pod-productoffering-6657bc748-5gb5s","generateName":"pod-productoffering-release-pod-productoffering-6657bc748-","namespace":"oc-cd-1017-pranavd-pd","selfLink":"/api/v1/namespaces/oc-cd-1017-pranavd-pd/pods/pod-productoffering-release-pod-productoffering-6657bc748-5gb5s","uid":"a1e71bc1-b721-11e8-bb86-0050569a887c","resourceVersion":"66124221","creationTimestamp":"2018-09-13T06:52:51Z","labels":{"app":"pod-productoffering-release-pod-productoffering","microservice":"pod-productoffering","pod-template-hash":"221367304","project":"pod-productoffering","provider":"amdocs","release":"pod-productoffering-release"},"annotations":{"git-commit":"4ec358601dd2a3615791956a809879de8e4c4b18","openshift.io/scc":"anyuid-no-ps"},"ownerReferences":[{"apiVersion":"extensions/v1beta1","kind":"ReplicaSet","name":"pod-productoffering-release-pod-productoffering-6657bc748","uid":"a1d75555-b721-11e8-bb86-0050569a887c","controller":true,"blockOwnerDeletion":true}]},"spec":{"volumes":[{"name":"default-token-vdgk4","secret":{"secretName":"default-token-vdgk4","defaultMode":420}}],"containers":[{"name":"pod-productoffering-service-container","image":"illin5564.corp.amdocs.com:5000/pod-productoffering-service:0.1.1-0047","ports":[{"name":"metrics","containerPort":5555,"protocol":"TCP"},{"name":"http","containerPort":8080,"protocol":"TCP"},{"name":"https","containerPort":8443,"protocol":"TCP"},{"name":"management","containerPort":18080,"protocol":"TCP"}],"env":[{"name":"KUBERNETES_NAMESPACE","valueFrom":{"fieldRef":{"apiVersion":"v1","fieldPath":"metadata.namespace"}}},{"name":"MSNEXT_JAVA_OPTS","value":" -Xms256m -Xmx1024m -XX:MaxRAM=2048m -XX:+DisableExplicitGC -XX:+UseConcMarkSweepGC -XX:+CMSParallelRemarkEnabled -XX:NewRatio=1 -Xss512k -XX:MaxMetaspaceSize=512m -Dcom.amdocs.msnext.securitya3s.url=http://10.238.196.7:30081/asmServices/services/v1.0"},{"name":"SERVER_PORT","value":"8080"},{"name":"MSNEXT_DISABLED_MODULES","value":"msnext-customization"},{"name":"MANAGEMENT_PORT","value":"18080"},{"name":"MALLOC_ARENA_MAX","value":"4"},{"name":"TZ","value":"UTC"}],"resources":{"limits":{"cpu":"2","memory":"2Gi"},"requests":{"cpu":"200m","memory":"1Gi"}},"volumeMounts":[{"name":"default-token-vdgk4","readOnly":true,"mountPath":"/var/run/secrets/kubernetes.io/serviceaccount"}],"livenessProbe":{"httpGet":{"path":"/health","port":18080,"scheme":"HTTP"},"initialDelaySeconds":900,"timeoutSeconds":10,"periodSeconds":10,"successThreshold":1,"failureThreshold":3},"readinessProbe":{"httpGet":{"path":"/health","port":18080,"scheme":"HTTP"},"initialDelaySeconds":30,"timeoutSeconds":10,"periodSeconds":10,"successThreshold":1,"failureThreshold":3},"terminationMessagePath":"/dev/termination-log","terminationMessagePolicy":"File","imagePullPolicy":"IfNotPresent","securityContext":{"capabilities":{"drop":["MKNOD"]},"privileged":false}}],"restartPolicy":"Always","terminationGracePeriodSeconds":30,"dnsPolicy":"ClusterFirst","nodeSelector":{"region":"work"},"serviceAccountName":"default","serviceAccount":"default","nodeName":"ilocpde01w11.corp.amdocs.com","securityContext":{"seLinuxOptions":{"level":"s0:c82,c59"}},"imagePullSecrets":[{"name":"pod-productoffering-ms-secret"}],"schedulerName":"default-scheduler","tolerations":[{"key":"node.kubernetes.io/memory-pressure","operator":"Exists","effect":"NoSchedule"}]},"status":{"phase":"Running","conditions":[{"type":"Initialized","status":"True","lastProbeTime":null,"lastTransitionTime":"2018-09-13T06:52:51Z"},{"type":"Ready","status":"True","lastProbeTime":null,"lastTransitionTime":"2018-09-13T06:54:02Z"},{"type":"PodScheduled","status":"True","lastProbeTime":null,"lastTransitionTime":"2018-09-13T06:52:51Z"}],"hostIP":"10.245.250.30","podIP":"10.128.35.28","startTime":"2018-09-13T06:52:51Z","containerStatuses":[{"name":"pod-productoffering-service-container","state":{"running":{"startedAt":"2018-09-13T06:52:54Z"}},"lastState":{},"ready":true,"restartCount":0,"image":"illin5564.corp.amdocs.com:5000/pod-productoffering-service:0.1.1-0047","imageID":"docker-pullable://illin5564.corp.amdocs.com:5000/pod-productoffering-service@sha256:61bb44f0a398cf6f2650bb0f19ebe9d795132eccc7de47e62fabcc668b75c09c","containerID":"docker://bb681bb50c9d4e45152bcf407302947db7a074ad41c0a47e92721e6e71a1da3d"}],"qosClass":"Burstable"}},{"metadata":{"name":"pod-search-release-pod-s-bc49ff955-nbnwm","generateName":"pod-search-release-pod-s-bc49ff955-","namespace":"oc-cd-1017-pranavd-pd","selfLink":"/api/v1/namespaces/oc-cd-1017-pranavd-pd/pods/pod-search-release-pod-s-bc49ff955-nbnwm","uid":"a2049dbf-b721-11e8-bb86-0050569a887c","resourceVersion":"66124375","creationTimestamp":"2018-09-13T06:52:51Z","labels":{"app":"pod-search-release-pod-s","microservice":"pod-search","pod-template-hash":"670599511","project":"pod-search","provider":"amdocs","release":"pod-search-release"},"annotations":{"git-commit":"000f518ff292042d89514609d56d5bb66c3436ee","openshift.io/scc":"anyuid-no-ps"},"ownerReferences":[{"apiVersion":"extensions/v1beta1","kind":"ReplicaSet","name":"pod-search-release-pod-s-bc49ff955","uid":"a1ec89f4-b721-11e8-bb86-0050569a887c","controller":true,"blockOwnerDeletion":true}]},"spec":{"volumes":[{"name":"default-token-vdgk4","secret":{"secretName":"default-token-vdgk4","defaultMode":420}}],"containers":[{"name":"pod-search-service-container","image":"illin5564.corp.amdocs.com:5000/pod-search-service:0.1.1-0045","ports":[{"name":"metrics","containerPort":5555,"protocol":"TCP"},{"name":"http","containerPort":8080,"protocol":"TCP"},{"name":"management","containerPort":18080,"protocol":"TCP"}],"env":[{"name":"KUBERNETES_NAMESPACE","valueFrom":{"fieldRef":{"apiVersion":"v1","fieldPath":"metadata.namespace"}}},{"name":"MSNEXT_JAVA_OPTS","value":" -Xms256m -Xmx1024m -XX:MaxRAM=2048m -XX:+DisableExplicitGC -XX:+UseConcMarkSweepGC -XX:+CMSParallelRemarkEnabled -XX:NewRatio=1 -Xss512k -XX:MaxMetaspaceSize=512m -Dcom.amdocs.msnext.securitya3s.url=http://10.238.196.7:30081/asmServices/services/v1.0"},{"name":"MSNEXT_DISABLED_MODULES","value":"msnext-customization"},{"name":"MANAGEMENT_PORT","value":"18080"},{"name":"SERVER_PORT","value":"8080"},{"name":"MALLOC_ARENA_MAX","value":"4"},{"name":"TZ","value":"UTC"}],"resources":{"limits":{"cpu":"2","memory":"2Gi"},"requests":{"cpu":"200m","memory":"1Gi"}},"volumeMounts":[{"name":"default-token-vdgk4","readOnly":true,"mountPath":"/var/run/secrets/kubernetes.io/serviceaccount"}],"livenessProbe":{"httpGet":{"path":"/health","port":18080,"scheme":"HTTP"},"initialDelaySeconds":900,"timeoutSeconds":10,"periodSeconds":10,"successThreshold":1,"failureThreshold":3},"readinessProbe":{"httpGet":{"path":"/health","port":18080,"scheme":"HTTP"},"initialDelaySeconds":30,"timeoutSeconds":10,"periodSeconds":10,"successThreshold":1,"failureThreshold":3},"terminationMessagePath":"/dev/termination-log","terminationMessagePolicy":"File","imagePullPolicy":"IfNotPresent","securityContext":{"capabilities":{"drop":["MKNOD"]},"privileged":false}}],"restartPolicy":"Always","terminationGracePeriodSeconds":30,"dnsPolicy":"ClusterFirst","nodeSelector":{"region":"work"},"serviceAccountName":"default","serviceAccount":"default","nodeName":"ilocpde01w10.corp.amdocs.com","securityContext":{"seLinuxOptions":{"level":"s0:c82,c59"}},"imagePullSecrets":[{"name":"pod-search-ms-secret"}],"schedulerName":"default-scheduler","tolerations":[{"key":"node.kubernetes.io/memory-pressure","operator":"Exists","effect":"NoSchedule"}]},"status":{"phase":"Running","conditions":[{"type":"Initialized","status":"True","lastProbeTime":null,"lastTransitionTime":"2018-09-13T06:52:51Z"},{"type":"Ready","status":"True","lastProbeTime":null,"lastTransitionTime":"2018-09-13T06:54:13Z"},{"type":"PodScheduled","status":"True","lastProbeTime":null,"lastTransitionTime":"2018-09-13T06:52:51Z"}],"hostIP":"10.245.250.29","podIP":"10.128.29.120","startTime":"2018-09-13T06:52:51Z","containerStatuses":[{"name":"pod-search-service-container","state":{"running":{"startedAt":"2018-09-13T06:52:54Z"}},"lastState":{},"ready":true,"restartCount":0,"image":"illin5564.corp.amdocs.com:5000/pod-search-service:0.1.1-0045","imageID":"docker-pullable://illin5564.corp.amdocs.com:5000/pod-search-service@sha256:448e38774e237b369fac6601543bf866bafe20e0bd558d467dd4d34dbe77d4f6","containerID":"docker://95fdc6ea2726653c0149c959f521ca43c40c6414641a9c5d89858a93801f9b51"}],"qosClass":"Burstable"}},{"metadata":{"name":"price-priceevent-release-687f67f8bf-qlr8x","generateName":"price-priceevent-release-687f67f8bf-","namespace":"oc-cd-1017-pranavd-pd","selfLink":"/api/v1/namespaces/oc-cd-1017-pranavd-pd/pods/price-priceevent-release-687f67f8bf-qlr8x","uid":"a219f376-b721-11e8-bb86-0050569a887c","resourceVersion":"66124429","creationTimestamp":"2018-09-13T06:52:51Z","labels":{"app":"price-priceevent-release","group":"com.amdocs.digital.ms.price.priceevent","microservice":"price-priceevent","pod-template-hash":"2439239469","project":"price-priceevent-service","provider":"amdocs","release":"price-priceevent-release"},"annotations":{"fabric8.io/iconUrl":"img/icons/spring-boot.svg","git-commit":"1f202ccd32841873b7140a57b4a14608ed8cc602","openshift.io/scc":"anyuid-no-ps"},"ownerReferences":[{"apiVersion":"extensions/v1beta1","kind":"ReplicaSet","name":"price-priceevent-release-687f67f8bf","uid":"a20515e3-b721-11e8-bb86-0050569a887c","controller":true,"blockOwnerDeletion":true}]},"spec":{"volumes":[{"name":"default-token-vdgk4","secret":{"secretName":"default-token-vdgk4","defaultMode":420}}],"containers":[{"name":"price-priceevent-service-container","image":"illin5564.corp.amdocs.com:5000/price-priceevent-service:0.1.1-0032","ports":[{"name":"metrics","containerPort":5555,"protocol":"TCP"},{"name":"http","containerPort":8080,"protocol":"TCP"},{"name":"https","containerPort":8443,"protocol":"TCP"},{"name":"jacoco","containerPort":6300,"protocol":"TCP"},{"name":"management","containerPort":18080,"protocol":"TCP"}],"env":[{"name":"KUBERNETES_NAMESPACE","valueFrom":{"fieldRef":{"apiVersion":"v1","fieldPath":"metadata.namespace"}}},{"name":"MSNEXT_JAVA_OPTS","value":" -Xms256m -Xmx1024m -XX:MaxRAM=2048m -XX:+DisableExplicitGC -XX:+UseConcMarkSweepGC -XX:+CMSParallelRemarkEnabled -XX:NewRatio=1 -Xss512k -XX:MaxMetaspaceSize=512m  -Dcom.amdocs.msnext.securitya3s.url=http://10.238.196.7:30081/asmServices/services/v1.0"},{"name":"SERVER_PORT","value":"8080"},{"name":"MSNEXT_MODULE_MGT_DISABLE","value":"msnext-customization"},{"name":"MANAGEMENT_PORT","value":"18080"}],"resources":{"limits":{"cpu":"2","memory":"2Gi"},"requests":{"cpu":"200m","memory":"1Gi"}},"volumeMounts":[{"name":"default-token-vdgk4","readOnly":true,"mountPath":"/var/run/secrets/kubernetes.io/serviceaccount"}],"livenessProbe":{"httpGet":{"path":"/health","port":18080,"scheme":"HTTP"},"initialDelaySeconds":900,"timeoutSeconds":1,"periodSeconds":10,"successThreshold":1,"failureThreshold":3},"readinessProbe":{"httpGet":{"path":"/health","port":18080,"scheme":"HTTP"},"initialDelaySeconds":60,"timeoutSeconds":1,"periodSeconds":10,"successThreshold":1,"failureThreshold":3},"terminationMessagePath":"/dev/termination-log","terminationMessagePolicy":"File","imagePullPolicy":"IfNotPresent","securityContext":{"capabilities":{"drop":["MKNOD"]},"privileged":false}}],"restartPolicy":"Always","terminationGracePeriodSeconds":30,"dnsPolicy":"ClusterFirst","nodeSelector":{"region":"work"},"serviceAccountName":"default","serviceAccount":"default","nodeName":"ilocpde01w08.corp.amdocs.com","securityContext":{"seLinuxOptions":{"level":"s0:c82,c59"}},"imagePullSecrets":[{"name":"price-priceevent-ms-secret"}],"schedulerName":"default-scheduler","tolerations":[{"key":"node.kubernetes.io/memory-pressure","operator":"Exists","effect":"NoSchedule"}]},"status":{"phase":"Running","conditions":[{"type":"Initialized","status":"True","lastProbeTime":null,"lastTransitionTime":"2018-09-13T06:52:51Z"},{"type":"Ready","status":"True","lastProbeTime":null,"lastTransitionTime":"2018-09-13T06:54:18Z"},{"type":"PodScheduled","status":"True","lastProbeTime":null,"lastTransitionTime":"2018-09-13T06:52:51Z"}],"hostIP":"10.245.250.27","podIP":"10.128.26.47","startTime":"2018-09-13T06:52:51Z","containerStatuses":[{"name":"price-priceevent-service-container","state":{"running":{"startedAt":"2018-09-13T06:52:54Z"}},"lastState":{},"ready":true,"restartCount":0,"image":"illin5564.corp.amdocs.com:5000/price-priceevent-service:0.1.1-0032","imageID":"docker-pullable://illin5564.corp.amdocs.com:5000/price-priceevent-service@sha256:0beddb5a1eabacadddc102cce68b4ef3b4397fa17641a6f3eba1f5b6122f0fda","containerID":"docker://71a86a6d4b807c1b883d80e5bcd64654eaa159dc75965b325cc30a2465108b23"}],"qosClass":"Burstable"}},{"metadata":{"name":"price-pricing-release-pr-b5cd95b7-wsdzw","generateName":"price-pricing-release-pr-b5cd95b7-","namespace":"oc-cd-1017-pranavd-pd","selfLink":"/api/v1/namespaces/oc-cd-1017-pranavd-pd/pods/price-pricing-release-pr-b5cd95b7-wsdzw","uid":"a243a662-b721-11e8-bb86-0050569a887c","resourceVersion":"66124114","creationTimestamp":"2018-09-13T06:52:51Z","labels":{"app":"price-pricing-release-pr","group":"com.amdocs.digital.ms.price.pricing","microservice":"price-pricing","pod-template-hash":"61785163","project":"price-pricing-service","provider":"amdocs","release":"price-pricing-release"},"annotations":{"fabric8.io/iconUrl":"img/icons/spring-boot.svg","git-commit":"9a08e3c3e63d7ac26a8c77e1b12a9ad19187fb1d","openshift.io/scc":"anyuid-no-ps"},"ownerReferences":[{"apiVersion":"extensions/v1beta1","kind":"ReplicaSet","name":"price-pricing-release-pr-b5cd95b7","uid":"a231b9dc-b721-11e8-bb86-0050569a887c","controller":true,"blockOwnerDeletion":true}]},"spec":{"volumes":[{"name":"default-token-vdgk4","secret":{"secretName":"default-token-vdgk4","defaultMode":420}}],"containers":[{"name":"price-pricing-service-container","image":"illin5564.corp.amdocs.com:5000/price-pricing-service:0.1.1-0042","ports":[{"name":"metrics","containerPort":5555,"protocol":"TCP"},{"name":"http","containerPort":8080,"protocol":"TCP"},{"name":"https","containerPort":8443,"protocol":"TCP"},{"name":"jacoco","containerPort":6300,"protocol":"TCP"},{"name":"management","containerPort":18080,"protocol":"TCP"}],"env":[{"name":"KUBERNETES_NAMESPACE","valueFrom":{"fieldRef":{"apiVersion":"v1","fieldPath":"metadata.namespace"}}},{"name":"MSNEXT_JAVA_OPTS","value":" -Xms256m -Xmx1024m -XX:MaxRAM=2048m -XX:+DisableExplicitGC -XX:+UseConcMarkSweepGC -XX:+CMSParallelRemarkEnabled -XX:NewRatio=1 -Xss512k -XX:MaxMetaspaceSize=512m -Dcom.amdocs.msnext.securitya3s.url=http://10.238.196.7:30081/asmServices/services/v1.0 -Dservices.price.url=http://price-productoffering-service:8080/po-price-management -Dservices.priceEvent.url=http://price-priceevent-service:8080/price-event-management"},{"name":"SERVER_PORT","value":"8080"},{"name":"MSNEXT_MODULE_MGT_DISABLE","value":"msnext-customization"},{"name":"MANAGEMENT_PORT","value":"18080"}],"resources":{"limits":{"cpu":"2","memory":"2Gi"},"requests":{"cpu":"200m","memory":"1Gi"}},"volumeMounts":[{"name":"default-token-vdgk4","readOnly":true,"mountPath":"/var/run/secrets/kubernetes.io/serviceaccount"}],"livenessProbe":{"httpGet":{"path":"/health","port":18080,"scheme":"HTTP"},"initialDelaySeconds":900,"timeoutSeconds":1,"periodSeconds":10,"successThreshold":1,"failureThreshold":3},"readinessProbe":{"httpGet":{"path":"/health","port":18080,"scheme":"HTTP"},"initialDelaySeconds":60,"timeoutSeconds":1,"periodSeconds":10,"successThreshold":1,"failureThreshold":3},"terminationMessagePath":"/dev/termination-log","terminationMessagePolicy":"File","imagePullPolicy":"IfNotPresent","securityContext":{"capabilities":{"drop":["MKNOD"]},"privileged":false}}],"restartPolicy":"Always","terminationGracePeriodSeconds":30,"dnsPolicy":"ClusterFirst","nodeSelector":{"region":"work"},"serviceAccountName":"default","serviceAccount":"default","nodeName":"ilocpde01w07.corp.amdocs.com","securityContext":{"seLinuxOptions":{"level":"s0:c82,c59"}},"imagePullSecrets":[{"name":"price-pricing-ms-secret"}],"schedulerName":"default-scheduler","tolerations":[{"key":"node.kubernetes.io/memory-pressure","operator":"Exists","effect":"NoSchedule"}]},"status":{"phase":"Running","conditions":[{"type":"Initialized","status":"True","lastProbeTime":null,"lastTransitionTime":"2018-09-13T06:52:52Z"},{"type":"Ready","status":"True","lastProbeTime":null,"lastTransitionTime":"2018-09-13T06:53:55Z"},{"type":"PodScheduled","status":"True","lastProbeTime":null,"lastTransitionTime":"2018-09-13T06:52:52Z"}],"hostIP":"10.245.250.26","podIP":"10.128.23.23","startTime":"2018-09-13T06:52:52Z","containerStatuses":[{"name":"price-pricing-service-container","state":{"running":{"startedAt":"2018-09-13T06:52:54Z"}},"lastState":{},"ready":true,"restartCount":0,"image":"illin5564.corp.amdocs.com:5000/price-pricing-service:0.1.1-0042","imageID":"docker-pullable://illin5564.corp.amdocs.com:5000/price-pricing-service@sha256:1543c2bc3bf6e818cafdd984cbc4fa4af0470e486799d48c914b6b5ffbe2e663","containerID":"docker://30a3e1510235ac126d507baa5f6a0b5d4b11307c0f15e408ce7e99ae6a7e3759"}],"qosClass":"Burstable"}},{"metadata":{"name":"price-productoffering-re-67dc657f6-dqxjm","generateName":"price-productoffering-re-67dc657f6-","namespace":"oc-cd-1017-pranavd-pd","selfLink":"/api/v1/namespaces/oc-cd-1017-pranavd-pd/pods/price-productoffering-re-67dc657f6-dqxjm","uid":"a27783e1-b721-11e8-bb86-0050569a887c","resourceVersion":"66124144","creationTimestamp":"2018-09-13T06:52:52Z","labels":{"app":"price-productoffering-re","group":"com.amdocs.digital.ms.price.productoffering","microservice":"price-productoffering","pod-template-hash":"238721392","project":"price-productoffering-service","provider":"amdocs","release":"price-productoffering-release"},"annotations":{"fabric8.io/iconUrl":"img/icons/spring-boot.svg","git-commit":"f5aa18fe78ad28903b7b4d83e32fb95eb90809a0","openshift.io/scc":"anyuid-no-ps"},"ownerReferences":[{"apiVersion":"extensions/v1beta1","kind":"ReplicaSet","name":"price-productoffering-re-67dc657f6","uid":"a26b1dbb-b721-11e8-bb86-0050569a887c","controller":true,"blockOwnerDeletion":true}]},"spec":{"volumes":[{"name":"default-token-vdgk4","secret":{"secretName":"default-token-vdgk4","defaultMode":420}}],"containers":[{"name":"price-productoffering-service-container","image":"illin5564.corp.amdocs.com:5000/price-productoffering-service:0.1.1-0049","ports":[{"name":"metrics","containerPort":5555,"protocol":"TCP"},{"name":"http","containerPort":8080,"protocol":"TCP"},{"name":"https","containerPort":8443,"protocol":"TCP"},{"name":"jacoco","containerPort":6300,"protocol":"TCP"},{"name":"management","containerPort":18080,"protocol":"TCP"}],"env":[{"name":"KUBERNETES_NAMESPACE","valueFrom":{"fieldRef":{"apiVersion":"v1","fieldPath":"metadata.namespace"}}},{"name":"MSNEXT_JAVA_OPTS","value":" -Xms256m -Xmx1024m -XX:MaxRAM=2048m -XX:+DisableExplicitGC -XX:+UseConcMarkSweepGC -XX:+CMSParallelRemarkEnabled -XX:NewRatio=1 -Xss512k -XX:MaxMetaspaceSize=512m  -Dcom.amdocs.msnext.securitya3s.url=http://10.238.196.7:30081/asmServices/services/v1.0 -Dservices.customerAccessor.url=http://customeraccessor-service:8080/applicationContext/v0/entityAccessor"},{"name":"SERVER_PORT","value":"8080"},{"name":"MSNEXT_MODULE_MGT_DISABLE","value":"msnext-customization"},{"name":"MANAGEMENT_PORT","value":"18080"}],"resources":{"limits":{"cpu":"2","memory":"2Gi"},"requests":{"cpu":"200m","memory":"1Gi"}},"volumeMounts":[{"name":"default-token-vdgk4","readOnly":true,"mountPath":"/var/run/secrets/kubernetes.io/serviceaccount"}],"livenessProbe":{"httpGet":{"path":"/health","port":18080,"scheme":"HTTP"},"initialDelaySeconds":900,"timeoutSeconds":1,"periodSeconds":10,"successThreshold":1,"failureThreshold":3},"readinessProbe":{"httpGet":{"path":"/health","port":18080,"scheme":"HTTP"},"initialDelaySeconds":60,"timeoutSeconds":1,"periodSeconds":10,"successThreshold":1,"failureThreshold":3},"terminationMessagePath":"/dev/termination-log","terminationMessagePolicy":"File","imagePullPolicy":"IfNotPresent","securityContext":{"capabilities":{"drop":["MKNOD"]},"privileged":false}}],"restartPolicy":"Always","terminationGracePeriodSeconds":30,"dnsPolicy":"ClusterFirst","nodeSelector":{"region":"work"},"serviceAccountName":"default","serviceAccount":"default","nodeName":"ilocpde01w03.corp.amdocs.com","securityContext":{"seLinuxOptions":{"level":"s0:c82,c59"}},"imagePullSecrets":[{"name":"price-productoffering-ms-secret"}],"schedulerName":"default-scheduler","tolerations":[{"key":"node.kubernetes.io/memory-pressure","operator":"Exists","effect":"NoSchedule"}]},"status":{"phase":"Running","conditions":[{"type":"Initialized","status":"True","lastProbeTime":null,"lastTransitionTime":"2018-09-13T06:52:52Z"},{"type":"Ready","status":"True","lastProbeTime":null,"lastTransitionTime":"2018-09-13T06:53:58Z"},{"type":"PodScheduled","status":"True","lastProbeTime":null,"lastTransitionTime":"2018-09-13T06:52:52Z"}],"hostIP":"10.245.250.22","podIP":"10.128.11.174","startTime":"2018-09-13T06:52:52Z","containerStatuses":[{"name":"price-productoffering-service-container","state":{"running":{"startedAt":"2018-09-13T06:52:55Z"}},"lastState":{},"ready":true,"restartCount":0,"image":"illin5564.corp.amdocs.com:5000/price-productoffering-service:0.1.1-0049","imageID":"docker-pullable://illin5564.corp.amdocs.com:5000/price-productoffering-service@sha256:272e5d05a664a191df3e79acb64d8be97b3edd797a150d8fc647d211b2c8120e","containerID":"docker://a0b898db8f30de770a647c27ddc1e275a2981c228ade7325254dde7e2122be0b"}],"qosClass":"Burstable"}},{"metadata":{"name":"product-configuration-rule-command-service-66b6f7b848-bqrx4","generateName":"product-configuration-rule-command-service-66b6f7b848-","namespace":"oc-cd-1017-pranavd-pd","selfLink":"/api/v1/namespaces/oc-cd-1017-pranavd-pd/pods/product-configuration-rule-command-service-66b6f7b848-bqrx4","uid":"a27d4303-b721-11e8-bb86-0050569a887c","resourceVersion":"68187415","creationTimestamp":"2018-09-13T06:52:52Z","labels":{"app":"product-configuration-rule-command-service","group":"com.amdocs.catalogone","monitored":"prometheus","monitoring":"prometheus","pod-template-hash":"2262936404","prometheus":"amdocs-prometheus","provider":"amdocs","release":"product-configurator-rule-release"},"annotations":{"openshift.io/scc":"anyuid-no-ps"},"ownerReferences":[{"apiVersion":"extensions/v1beta1","kind":"ReplicaSet","name":"product-configuration-rule-command-service-66b6f7b848","uid":"a2720fe9-b721-11e8-bb86-0050569a887c","controller":true,"blockOwnerDeletion":true}]},"spec":{"volumes":[{"name":"product-configuration-rule-command-configmap","configMap":{"name":"product-configuration-rule-command-configmap","items":[{"key":"application.yml","path":"application.yml"}],"defaultMode":420}},{"name":"product-config-rule-nonfunc-configmap","configMap":{"name":"product-config-rule-nonfunc-configmap","items":[{"key":"application-nonfunc.yml","path":"application-nonfunc.yml"}],"defaultMode":420}},{"name":"product-config-rule-generic-kafka-configmap","configMap":{"name":"product-config-rule-generic-kafka-configmap","items":[{"key":"application-generic-kafka.yml","path":"application-generic-kafka.yml"}],"defaultMode":420}},{"name":"default-token-vdgk4","secret":{"secretName":"default-token-vdgk4","defaultMode":420}}],"containers":[{"name":"product-configuration-rule-command-service","image":"illin5225.corp.amdocs.com:5002/product-configuration-rule-command-service:1.4.0","ports":[{"name":"server","containerPort":8080,"protocol":"TCP"},{"name":"management","containerPort":8081,"protocol":"TCP"},{"name":"debug","containerPort":5005,"protocol":"TCP"},{"name":"metrics","containerPort":5555,"protocol":"TCP"}],"env":[{"name":"MSNEXT_JAVA_OPTS","value":"-XX:+UnlockExperimentalVMOptions -XX:+UseCGroupMemoryLimitForHeap -XX:InitialRAMFraction=4 -XX:MaxRAMFraction=2 -XX:+PrintFlagsFinal"},{"name":"ENABLE_ZIPKIN","value":"true"},{"name":"MSNEXT_CONF_SOURCE_APP1","value":"/deployments/config/applications/product-configuration-rule-command"},{"name":"ES_MS_HOST","value":"entity-search"},{"name":"MSNEXT_CONF_SOURCE_zzzNONFUNC","value":"/deployments/config/applications/product-config-rule-nonfunc"},{"name":"MSNEXT_CONF_SOURCE_zzzGENERIC_KAFKA","value":"/deployments/config/applications/product-config-rule-generic-kafka"},{"name":"CONSUME_RELEASE_EVENT"},{"name":"PRODUCE_NOTIFICATION_EVENT_ON_STARTUP"},{"name":"CACHE_TTL_SEC"},{"name":"CACHE_ENABLED"},{"name":"CACHE_SIZE"},{"name":"FIXED_DELAY_IN_MILLIS"},{"name":"FULL_CATALOG_TIMEOUT_IN_SECONDS"},{"name":"JAVA_ENABLE_DEBUG","value":"true"}],"resources":{"limits":{"cpu":"1","memory":"1Gi"},"requests":{"cpu":"200m","memory":"500Mi"}},"volumeMounts":[{"name":"product-configuration-rule-command-configmap","mountPath":"/deployments/config/applications/product-configuration-rule-command"},{"name":"product-config-rule-nonfunc-configmap","mountPath":"/deployments/config/applications/product-config-rule-nonfunc"},{"name":"product-config-rule-generic-kafka-configmap","mountPath":"/deployments/config/applications/product-config-rule-generic-kafka"},{"name":"default-token-vdgk4","readOnly":true,"mountPath":"/var/run/secrets/kubernetes.io/serviceaccount"}],"livenessProbe":{"httpGet":{"path":"/health","port":8081,"scheme":"HTTP"},"initialDelaySeconds":450,"timeoutSeconds":1,"periodSeconds":10,"successThreshold":1,"failureThreshold":3},"readinessProbe":{"httpGet":{"path":"/health","port":8081,"scheme":"HTTP"},"initialDelaySeconds":180,"timeoutSeconds":1,"periodSeconds":10,"successThreshold":1,"failureThreshold":3},"terminationMessagePath":"/dev/termination-log","terminationMessagePolicy":"File","imagePullPolicy":"IfNotPresent","securityContext":{"capabilities":{"drop":["MKNOD"]}}}],"restartPolicy":"Always","terminationGracePeriodSeconds":30,"dnsPolicy":"ClusterFirst","nodeSelector":{"region":"work"},"serviceAccountName":"default","serviceAccount":"default","nodeName":"ilocpde01w19.corp.amdocs.com","securityContext":{"seLinuxOptions":{"level":"s0:c82,c59"}},"imagePullSecrets":[{"name":"product-configuration-rule-command-service-pull-secret"}],"schedulerName":"default-scheduler","tolerations":[{"key":"node.kubernetes.io/memory-pressure","operator":"Exists","effect":"NoSchedule"}]},"status":{"phase":"Running","conditions":[{"type":"Initialized","status":"True","lastProbeTime":null,"lastTransitionTime":"2018-09-13T06:52:52Z"},{"type":"Ready","status":"True","lastProbeTime":null,"lastTransitionTime":"2018-09-16T09:18:41Z"},{"type":"PodScheduled","status":"True","lastProbeTime":null,"lastTransitionTime":"2018-09-13T06:52:52Z"}],"hostIP":"10.245.251.160","podIP":"10.128.50.203","startTime":"2018-09-13T06:52:52Z","containerStatuses":[{"name":"product-configuration-rule-command-service","state":{"running":{"startedAt":"2018-09-16T09:15:38Z"}},"lastState":{"terminated":{"exitCode":137,"reason":"OOMKilled","startedAt":"2018-09-16T09:11:04Z","finishedAt":"2018-09-16T09:15:15Z","containerID":"docker://ecbd5e12d3379b6a1b521120c270d77b506eaccbf242fa76dd3add7b48deec7b"}},"ready":true,"restartCount":3,"image":"illin5225.corp.amdocs.com:5002/product-configuration-rule-command-service:1.4.0","imageID":"docker-pullable://illin5225.corp.amdocs.com:5002/product-configuration-rule-command-service@sha256:c147f8bd98de17090d41862fd286b2d63a6ac74d3a20312a3ed7d10372cbd393","containerID":"docker://267197d1eb77fa6660b8a8526cfd5d43d5a5bbb558dcdb579f11d96e7c21814e"}],"qosClass":"Burstable"}},{"metadata":{"name":"product-offering-service-59cb8876db-dpqzk","generateName":"product-offering-service-59cb8876db-","namespace":"oc-cd-1017-pranavd-pd","selfLink":"/api/v1/namespaces/oc-cd-1017-pranavd-pd/pods/product-offering-service-59cb8876db-dpqzk","uid":"fd15a034-b806-11e8-bb86-0050569a887c","resourceVersion":"67042716","creationTimestamp":"2018-09-14T10:14:39Z","labels":{"app":"product-offering-service","group":"com.amdocs.catalogone","monitoring":"prometheus","pod-template-hash":"1576443286","prometheus":"amdocs-prometheus","provider":"amdocs","release":"product-offering-service-release"},"annotations":{"openshift.io/scc":"anyuid-no-ps"},"ownerReferences":[{"apiVersion":"extensions/v1beta1","kind":"ReplicaSet","name":"product-offering-service-59cb8876db","uid":"a290eac5-b721-11e8-bb86-0050569a887c","controller":true,"blockOwnerDeletion":true}]},"spec":{"volumes":[{"name":"po-configmap","configMap":{"name":"po-configmap","items":[{"key":"application.yml","path":"application.yml"}],"defaultMode":420}},{"name":"default-token-vdgk4","secret":{"secretName":"default-token-vdgk4","defaultMode":420}}],"containers":[{"name":"product-offering-service","image":"illin5225.corp.amdocs.com:5002/product-offering-service:2.5.2","ports":[{"name":"server","containerPort":8080,"protocol":"TCP"},{"name":"management","containerPort":8081,"protocol":"TCP"},{"name":"metrics","containerPort":5555,"protocol":"TCP"},{"name":"debug","containerPort":5005,"protocol":"TCP"}],"env":[{"name":"MSNEXT_JAVA_OPTS","value":"-XX:+UnlockExperimentalVMOptions -XX:+UseCGroupMemoryLimitForHeap -XX:InitialRAMFraction=6 -XX:MaxRAMFraction=2 -XX:+PrintFlagsFinal"},{"name":"COUCHBASE_HOST","value":"catalog1-couchbase-service"},{"name":"ENABLE_ZIPKIN","value":"false"},{"name":"MSNEXT_CONF_SOURCE_APP1","value":"/deployments/config/applications/po"},{"name":"CONSUME_RELEASE_EVENT","value":"true"},{"name":"PRODUCE_NOTIFICATION_EVENT_ON_STARTUP","value":"true"},{"name":"CACHE_TTL_SEC","value":"0"},{"name":"CACHE_TYPE","value":"simple"},{"name":"CACHE_SIZE","value":"1000"},{"name":"FIXED_DELAY_IN_MILLIS","value":"1000"},{"name":"FULL_CATALOG_TIMEOUT_IN_SECONDS","value":"600"},{"name":"JAVA_ENABLE_DEBUG","value":"false"},{"name":"TESTING_ENVIRONMENT_TOPIC_PREFIX"}],"resources":{"limits":{"cpu":"2","memory":"4Gi"},"requests":{"cpu":"200m","memory":"1Gi"}},"volumeMounts":[{"name":"po-configmap","mountPath":"/deployments/config/applications/po"},{"name":"default-token-vdgk4","readOnly":true,"mountPath":"/var/run/secrets/kubernetes.io/serviceaccount"}],"livenessProbe":{"httpGet":{"path":"/health","port":8081,"scheme":"HTTP"},"initialDelaySeconds":450,"timeoutSeconds":1,"periodSeconds":10,"successThreshold":1,"failureThreshold":3},"readinessProbe":{"httpGet":{"path":"/health","port":8081,"scheme":"HTTP"},"initialDelaySeconds":180,"timeoutSeconds":1,"periodSeconds":10,"successThreshold":1,"failureThreshold":3},"terminationMessagePath":"/dev/termination-log","terminationMessagePolicy":"File","imagePullPolicy":"IfNotPresent","securityContext":{"capabilities":{"drop":["MKNOD"]}}}],"restartPolicy":"Always","terminationGracePeriodSeconds":30,"dnsPolicy":"ClusterFirst","nodeSelector":{"region":"work"},"serviceAccountName":"default","serviceAccount":"default","nodeName":"ilocpde01w13.corp.amdocs.com","securityContext":{"seLinuxOptions":{"level":"s0:c82,c59"}},"imagePullSecrets":[{"name":"illin5225-pull-secret"}],"schedulerName":"default-scheduler","tolerations":[{"key":"node.kubernetes.io/memory-pressure","operator":"Exists","effect":"NoSchedule"}]},"status":{"phase":"Running","conditions":[{"type":"Initialized","status":"True","lastProbeTime":null,"lastTransitionTime":"2018-09-14T10:14:39Z"},{"type":"Ready","status":"True","lastProbeTime":null,"lastTransitionTime":"2018-09-14T10:17:41Z"},{"type":"PodScheduled","status":"True","lastProbeTime":null,"lastTransitionTime":"2018-09-14T10:14:39Z"}],"hostIP":"10.245.250.32","podIP":"10.128.37.67","startTime":"2018-09-14T10:14:39Z","containerStatuses":[{"name":"product-offering-service","state":{"running":{"startedAt":"2018-09-14T10:14:41Z"}},"lastState":{},"ready":true,"restartCount":0,"image":"illin5225.corp.amdocs.com:5002/product-offering-service:2.5.2","imageID":"docker-pullable://illin5225.corp.amdocs.com:5002/product-offering-service@sha256:f345ee60c1b4cbb39350deb7ea9665a555df70bee8be1aede69de66bf620a9f1","containerID":"docker://60389056d319e64b75d5942d3d8c9f3ec239627d730f6b393d0f8c3585b8785d"}],"qosClass":"Burstable"}},{"metadata":{"name":"productaccessor-releas-p-78878b54bf-zwhf2","generateName":"productaccessor-releas-p-78878b54bf-","namespace":"oc-cd-1017-pranavd-pd","selfLink":"/api/v1/namespaces/oc-cd-1017-pranavd-pd/pods/productaccessor-releas-p-78878b54bf-zwhf2","uid":"a2ae8036-b721-11e8-bb86-0050569a887c","resourceVersion":"66124158","creationTimestamp":"2018-09-13T06:52:52Z","labels":{"app":"productaccessor-releas-p","microservice":"productaccessor","pod-template-hash":"3443461069","project":"productaccessor","provider":"amdocs","release":"productaccessor-releas"},"annotations":{"git-commit":"5d8c7bf4ce2549c858e954d95fc165f03c67ad8b","openshift.io/scc":"anyuid-no-ps"},"ownerReferences":[{"apiVersion":"extensions/v1beta1","kind":"ReplicaSet","name":"productaccessor-releas-p-78878b54bf","uid":"a2a12cc4-b721-11e8-bb86-0050569a887c","controller":true,"blockOwnerDeletion":true}]},"spec":{"volumes":[{"name":"default-token-vdgk4","secret":{"secretName":"default-token-vdgk4","defaultMode":420}}],"containers":[{"name":"productaccessor-service-container","image":"illin5564.corp.amdocs.com:5000/productaccessor-service:1.0.1-0032","ports":[{"name":"metrics","containerPort":5555,"protocol":"TCP"},{"name":"http","containerPort":8080,"protocol":"TCP"},{"name":"management","containerPort":18080,"protocol":"TCP"}],"env":[{"name":"KUBERNETES_NAMESPACE","valueFrom":{"fieldRef":{"apiVersion":"v1","fieldPath":"metadata.namespace"}}},{"name":"MSNEXT_JAVA_OPTS","value":" -Xms256m -Xmx1024m -XX:MaxRAM=2048m -XX:+DisableExplicitGC -XX:+UseConcMarkSweepGC -XX:+CMSParallelRemarkEnabled -XX:NewRatio=1 -Xss512k -XX:MaxMetaspaceSize=512m -Dcom.amdocs.msnext.securitya3s.url=http://10.238.196.7:30081/asmServices/services/v1.0"},{"name":"MSNEXT_DISABLED_MODULES","value":"msnext-customization"},{"name":"MANAGEMENT_PORT","value":"18080"},{"name":"SERVER_PORT","value":"8080"},{"name":"MALLOC_ARENA_MAX","value":"4"},{"name":"TZ"}],"resources":{"limits":{"cpu":"2","memory":"2Gi"},"requests":{"cpu":"200m","memory":"1Gi"}},"volumeMounts":[{"name":"default-token-vdgk4","readOnly":true,"mountPath":"/var/run/secrets/kubernetes.io/serviceaccount"}],"livenessProbe":{"httpGet":{"path":"/health","port":18080,"scheme":"HTTP"},"initialDelaySeconds":900,"timeoutSeconds":10,"periodSeconds":10,"successThreshold":1,"failureThreshold":3},"readinessProbe":{"httpGet":{"path":"/health","port":18080,"scheme":"HTTP"},"initialDelaySeconds":30,"timeoutSeconds":10,"periodSeconds":10,"successThreshold":1,"failureThreshold":3},"terminationMessagePath":"/dev/termination-log","terminationMessagePolicy":"File","imagePullPolicy":"IfNotPresent","securityContext":{"capabilities":{"drop":["MKNOD"]},"privileged":false}}],"restartPolicy":"Always","terminationGracePeriodSeconds":30,"dnsPolicy":"ClusterFirst","nodeSelector":{"region":"work"},"serviceAccountName":"default","serviceAccount":"default","nodeName":"ilocpde01w33.corp.amdocs.com","securityContext":{"seLinuxOptions":{"level":"s0:c82,c59"}},"imagePullSecrets":[{"name":"productaccessor-ms-secret"}],"schedulerName":"default-scheduler","tolerations":[{"key":"node.kubernetes.io/memory-pressure","operator":"Exists","effect":"NoSchedule"}]},"status":{"phase":"Running","conditions":[{"type":"Initialized","status":"True","lastProbeTime":null,"lastTransitionTime":"2018-09-13T06:52:52Z"},{"type":"Ready","status":"True","lastProbeTime":null,"lastTransitionTime":"2018-09-13T06:53:59Z"},{"type":"PodScheduled","status":"True","lastProbeTime":null,"lastTransitionTime":"2018-09-13T06:52:52Z"}],"hostIP":"10.245.251.174","podIP":"10.128.74.85","startTime":"2018-09-13T06:52:52Z","containerStatuses":[{"name":"productaccessor-service-container","state":{"running":{"startedAt":"2018-09-13T06:52:54Z"}},"lastState":{},"ready":true,"restartCount":0,"image":"illin5564.corp.amdocs.com:5000/productaccessor-service:1.0.1-0032","imageID":"docker-pullable://illin5564.corp.amdocs.com:5000/productaccessor-service@sha256:de87e44d4ca92a11352f7fd6e4c94562ffa9ab98c3fefe39f379a417ebe59ac7","containerID":"docker://0f56dca435d84b17d89947a4e869f85b63575944b1ac4c2b3a731499e823190a"}],"qosClass":"Burstable"}},{"metadata":{"name":"productconfigurator-acti-7955f759c7-7g46d","generateName":"productconfigurator-acti-7955f759c7-","namespace":"oc-cd-1017-pranavd-pd","selfLink":"/api/v1/namespaces/oc-cd-1017-pranavd-pd/pods/productconfigurator-acti-7955f759c7-7g46d","uid":"a2ba9378-b721-11e8-bb86-0050569a887c","resourceVersion":"66124288","creationTimestamp":"2018-09-13T06:52:52Z","labels":{"app":"productconfigurator-acti","microservice":"productconfigurator-acti","pod-template-hash":"3511931573","project":"productconfigurator-action","provider":"amdocs","release":"productconfigurator-action-release"},"annotations":{"git-commit":"77369a12fd7ec6882b6655eccd0b712858e4b522","openshift.io/scc":"anyuid-no-ps"},"ownerReferences":[{"apiVersion":"extensions/v1beta1","kind":"ReplicaSet","name":"productconfigurator-acti-7955f759c7","uid":"a2b30456-b721-11e8-bb86-0050569a887c","controller":true,"blockOwnerDeletion":true}]},"spec":{"volumes":[{"name":"prop-volume","configMap":{"name":"productconfigurator-action-service-appconfig","defaultMode":420,"optional":true}},{"name":"default-token-vdgk4","secret":{"secretName":"default-token-vdgk4","defaultMode":420}}],"containers":[{"name":"productconfigurator-action-service-container","image":"illin5564.corp.amdocs.com:5000/productconfigurator-action-service:0.1.1-0041","ports":[{"name":"prometheus","containerPort":5555,"protocol":"TCP"},{"name":"http","containerPort":8080,"protocol":"TCP"},{"name":"jacoco","containerPort":6300,"protocol":"TCP"},{"name":"management","containerPort":18080,"protocol":"TCP"}],"env":[{"name":"KUBERNETES_NAMESPACE","valueFrom":{"fieldRef":{"apiVersion":"v1","fieldPath":"metadata.namespace"}}},{"name":"MSNEXT_JAVA_OPTS","value":" -Xms256m -Xmx1024m -XX:MaxRAM=2048m -XX:+DisableExplicitGC -XX:+UseConcMarkSweepGC -XX:+CMSParallelRemarkEnabled -XX:NewRatio=1 -Xss512k -XX:MaxMetaspaceSize=512m"},{"name":"MSNEXT_MODULE_MGT_DISABLE","value":"msnext-customization"},{"name":"MANAGEMENT_PORT","value":"18080"},{"name":"SERVER_PORT","value":"8080"},{"name":"MSNEXT_CONF_SOURCE_APP","value":"/etc/config"}],"resources":{"limits":{"cpu":"2","memory":"2Gi"},"requests":{"cpu":"200m","memory":"1Gi"}},"volumeMounts":[{"name":"prop-volume","mountPath":"/etc/config"},{"name":"default-token-vdgk4","readOnly":true,"mountPath":"/var/run/secrets/kubernetes.io/serviceaccount"}],"livenessProbe":{"httpGet":{"path":"/health","port":18080,"scheme":"HTTP"},"initialDelaySeconds":900,"timeoutSeconds":10,"periodSeconds":10,"successThreshold":1,"failureThreshold":3},"readinessProbe":{"httpGet":{"path":"/health","port":18080,"scheme":"HTTP"},"initialDelaySeconds":30,"timeoutSeconds":10,"periodSeconds":10,"successThreshold":1,"failureThreshold":3},"terminationMessagePath":"/dev/termination-log","terminationMessagePolicy":"File","imagePullPolicy":"IfNotPresent","securityContext":{"capabilities":{"drop":["MKNOD"]},"privileged":false}}],"restartPolicy":"Always","terminationGracePeriodSeconds":30,"dnsPolicy":"ClusterFirst","nodeSelector":{"region":"work"},"serviceAccountName":"default","serviceAccount":"default","nodeName":"ilocpde01w30.corp.amdocs.com","securityContext":{"seLinuxOptions":{"level":"s0:c82,c59"}},"imagePullSecrets":[{"name":"productconfigurator-action-ms-secret"}],"schedulerName":"default-scheduler","tolerations":[{"key":"node.kubernetes.io/memory-pressure","operator":"Exists","effect":"NoSchedule"}]},"status":{"phase":"Running","conditions":[{"type":"Initialized","status":"True","lastProbeTime":null,"lastTransitionTime":"2018-09-13T06:52:52Z"},{"type":"Ready","status":"True","lastProbeTime":null,"lastTransitionTime":"2018-09-13T06:54:08Z"},{"type":"PodScheduled","status":"True","lastProbeTime":null,"lastTransitionTime":"2018-09-13T06:52:52Z"}],"podIP":"10.128.70.14","startTime":"2018-09-13T06:52:52Z","containerStatuses":[{"name":"productconfigurator-action-service-container","state":{"running":{"startedAt":"2018-09-13T06:52:56Z"}},"lastState":{},"ready":true,"restartCount":0,"image":"illin5564.corp.amdocs.com:5000/productconfigurator-action-service:0.1.1-0041","imageID":"docker-pullable://illin5564.corp.amdocs.com:5000/productconfigurator-action-service@sha256:7235a8ea4a89ae30509fef3a0cc5352175694a1bbd9d657b52b339d3d1d48167","containerID":"docker://eb013bc6487c27072ae7055ebc42024619c014b04dae454bd3326ef3cc07fb33"}],"qosClass":"Burstable"}},{"metadata":{"name":"productconfigurator-comm-d4c89fc7d-ns6dt","generateName":"productconfigurator-comm-d4c89fc7d-","namespace":"oc-cd-1017-pranavd-pd","selfLink":"/api/v1/namespaces/oc-cd-1017-pranavd-pd/pods/productconfigurator-comm-d4c89fc7d-ns6dt","uid":"a2e58329-b721-11e8-bb86-0050569a887c","resourceVersion":"66124973","creationTimestamp":"2018-09-13T06:52:52Z","labels":{"app":"productconfigurator-comm","microservice":"productconfigurator-comm","pod-template-hash":"807459738","project":"productconfigurator-commitmentterm","provider":"amdocs","release":"productconfigurator-commitmentterm-release"},"annotations":{"fabric8.io/iconUrl":"img/icons/spring-boot.svg","git-commit":"4aaf655eab813d1bfcf2b0619cad109941f8fe49","openshift.io/scc":"anyuid-no-ps"},"ownerReferences":[{"apiVersion":"extensions/v1beta1","kind":"ReplicaSet","name":"productconfigurator-comm-d4c89fc7d","uid":"a2cfd2d8-b721-11e8-bb86-0050569a887c","controller":true,"blockOwnerDeletion":true}]},"spec":{"volumes":[{"name":"prop-volume","configMap":{"name":"productconfigurator-commitmentterm-service-appconfigmap","defaultMode":420}},{"name":"default-token-vdgk4","secret":{"secretName":"default-token-vdgk4","defaultMode":420}}],"containers":[{"name":"productconfigurator-commitmentterm-service-container","image":"illin5564.corp.amdocs.com:5000/productconfigurator-commitmentterm-service:0.1.1-0030","ports":[{"name":"http","containerPort":8080,"protocol":"TCP"},{"name":"prometheus","containerPort":5555,"protocol":"TCP"},{"name":"jacoco","containerPort":6300,"protocol":"TCP"},{"name":"management","containerPort":18080,"protocol":"TCP"}],"env":[{"name":"KUBERNETES_NAMESPACE","valueFrom":{"fieldRef":{"apiVersion":"v1","fieldPath":"metadata.namespace"}}},{"name":"MSNEXT_JAVA_OPTS","value":" -Xms256m -Xmx1024m -XX:MaxRAM=2048m -XX:+DisableExplicitGC -XX:+UseConcMarkSweepGC -XX:+CMSParallelRemarkEnabled -XX:NewRatio=1 -Xss512k -XX:MaxMetaspaceSize=512m -Dcom.amdocs.msnext.securitya3s.url=http://10.238.196.7:30081/asmServices/services/v1.0"},{"name":"MSNEXT_CONF_SOURCE_APP","value":"/etc/config"},{"name":"MSNEXT_DISABLED_MODULES","value":"msnext-customization"},{"name":"MANAGEMENT_PORT","value":"18080"},{"name":"SERVER_PORT","value":"8080"},{"name":"MSNEXT_CONF_SOURCE_APP","value":"/etc/config"}],"resources":{"limits":{"cpu":"2","memory":"2Gi"},"requests":{"cpu":"200m","memory":"1Gi"}},"volumeMounts":[{"name":"prop-volume","mountPath":"/etc/config"},{"name":"default-token-vdgk4","readOnly":true,"mountPath":"/var/run/secrets/kubernetes.io/serviceaccount"}],"livenessProbe":{"httpGet":{"path":"/health","port":18080,"scheme":"HTTP"},"initialDelaySeconds":900,"timeoutSeconds":10,"periodSeconds":10,"successThreshold":1,"failureThreshold":3},"readinessProbe":{"httpGet":{"path":"/health","port":18080,"scheme":"HTTP"},"initialDelaySeconds":30,"timeoutSeconds":10,"periodSeconds":10,"successThreshold":1,"failureThreshold":3},"terminationMessagePath":"/dev/termination-log","terminationMessagePolicy":"File","imagePullPolicy":"IfNotPresent","securityContext":{"capabilities":{"drop":["MKNOD"]},"privileged":false}}],"restartPolicy":"Always","terminationGracePeriodSeconds":30,"dnsPolicy":"ClusterFirst","nodeSelector":{"region":"work"},"serviceAccountName":"default","serviceAccount":"default","nodeName":"ilocpde01w28.corp.amdocs.com","securityContext":{"seLinuxOptions":{"level":"s0:c82,c59"}},"imagePullSecrets":[{"name":"productconfigurator-commitmentterm-ms-secret"}],"schedulerName":"default-scheduler","tolerations":[{"key":"node.kubernetes.io/memory-pressure","operator":"Exists","effect":"NoSchedule"}]},"status":{"phase":"Running","conditions":[{"type":"Initialized","status":"True","lastProbeTime":null,"lastTransitionTime":"2018-09-13T06:52:53Z"},{"type":"Ready","status":"True","lastProbeTime":null,"lastTransitionTime":"2018-09-13T06:54:46Z"},{"type":"PodScheduled","status":"True","lastProbeTime":null,"lastTransitionTime":"2018-09-13T06:52:52Z"}],"hostIP":"10.245.251.169","podIP":"10.128.69.245","startTime":"2018-09-13T06:52:53Z","containerStatuses":[{"name":"productconfigurator-commitmentterm-service-container","state":{"running":{"startedAt":"2018-09-13T06:53:27Z"}},"lastState":{},"ready":true,"restartCount":0,"image":"illin5564.corp.amdocs.com:5000/productconfigurator-commitmentterm-service:0.1.1-0030","imageID":"docker-pullable://illin5564.corp.amdocs.com:5000/productconfigurator-commitmentterm-service@sha256:2326afadfd778a0a6154ddf9dea3ce73c11f773ab4eec7ed069010037b19fe54","containerID":"docker://36e0ee64f52d0c4d5de02b8bde2fbd2457b3fb0265720119613eace92b7d5777"}],"qosClass":"Burstable"}},{"metadata":{"name":"productconfigurator-pric-55fcc47c6f-ltbnk","generateName":"productconfigurator-pric-55fcc47c6f-","namespace":"oc-cd-1017-pranavd-pd","selfLink":"/api/v1/namespaces/oc-cd-1017-pranavd-pd/pods/productconfigurator-pric-55fcc47c6f-ltbnk","uid":"a2f5bab5-b721-11e8-bb86-0050569a887c","resourceVersion":"66124125","creationTimestamp":"2018-09-13T06:52:53Z","labels":{"app":"productconfigurator-pric","microservice":"productconfigurator-pric","pod-template-hash":"1197703729","project":"productconfigurator-price","provider":"amdocs","release":"productconfigurator-price-release"},"annotations":{"git-commit":"74989afe41ff609654aeae13a95ec34bb1343204","openshift.io/scc":"anyuid-no-ps"},"ownerReferences":[{"apiVersion":"extensions/v1beta1","kind":"ReplicaSet","name":"productconfigurator-pric-55fcc47c6f","uid":"a2ed45e9-b721-11e8-bb86-0050569a887c","controller":true,"blockOwnerDeletion":true}]},"spec":{"volumes":[{"name":"default-token-vdgk4","secret":{"secretName":"default-token-vdgk4","defaultMode":420}}],"containers":[{"name":"productconfigurator-price-service-container","image":"illin5564.corp.amdocs.com:5000/productconfigurator-price-service:0.1.1-0066","ports":[{"name":"http","containerPort":8080,"protocol":"TCP"},{"name":"prometheus","containerPort":5555,"protocol":"TCP"},{"name":"jacoco","containerPort":6300,"protocol":"TCP"},{"name":"management","containerPort":18080,"protocol":"TCP"}],"env":[{"name":"KUBERNETES_NAMESPACE","valueFrom":{"fieldRef":{"apiVersion":"v1","fieldPath":"metadata.namespace"}}},{"name":"MSNEXT_JAVA_OPTS","value":" -Xms256m -Xmx1024m -XX:MaxRAM=2048m -XX:+DisableExplicitGC -XX:+UseConcMarkSweepGC -XX:+CMSParallelRemarkEnabled -XX:NewRatio=1 -Xss512k -XX:MaxMetaspaceSize=512m"},{"name":"MSNEXT_DISABLED_MODULES","value":"msnext-customization"},{"name":"MANAGEMENT_PORT","value":"18080"},{"name":"SERVER_PORT","value":"8080"},{"name":"TZ","value":"UTC"}],"resources":{"limits":{"cpu":"2","memory":"2Gi"},"requests":{"cpu":"200m","memory":"1Gi"}},"volumeMounts":[{"name":"default-token-vdgk4","readOnly":true,"mountPath":"/var/run/secrets/kubernetes.io/serviceaccount"}],"livenessProbe":{"httpGet":{"path":"/health","port":18080,"scheme":"HTTP"},"initialDelaySeconds":900,"timeoutSeconds":10,"periodSeconds":10,"successThreshold":1,"failureThreshold":3},"readinessProbe":{"httpGet":{"path":"/health","port":18080,"scheme":"HTTP"},"initialDelaySeconds":30,"timeoutSeconds":10,"periodSeconds":10,"successThreshold":1,"failureThreshold":3},"terminationMessagePath":"/dev/termination-log","terminationMessagePolicy":"File","imagePullPolicy":"IfNotPresent","securityContext":{"capabilities":{"drop":["MKNOD"]},"privileged":false}}],"restartPolicy":"Always","terminationGracePeriodSeconds":30,"dnsPolicy":"ClusterFirst","nodeSelector":{"region":"work"},"serviceAccountName":"default","serviceAccount":"default","nodeName":"ilocpde01w05.corp.amdocs.com","securityContext":{"seLinuxOptions":{"level":"s0:c82,c59"}},"imagePullSecrets":[{"name":"productconfigurator-price-ms-secret"}],"schedulerName":"default-scheduler","tolerations":[{"key":"node.kubernetes.io/memory-pressure","operator":"Exists","effect":"NoSchedule"}]},"status":{"phase":"Running","conditions":[{"type":"Initialized","status":"True","lastProbeTime":null,"lastTransitionTime":"2018-09-13T06:52:53Z"},{"type":"Ready","status":"True","lastProbeTime":null,"lastTransitionTime":"2018-09-13T06:53:56Z"},{"type":"PodScheduled","status":"True","lastProbeTime":null,"lastTransitionTime":"2018-09-13T06:52:53Z"}],"hostIP":"10.245.250.24","podIP":"10.128.17.87","startTime":"2018-09-13T06:52:53Z","containerStatuses":[{"name":"productconfigurator-price-service-container","state":{"running":{"startedAt":"2018-09-13T06:52:55Z"}},"lastState":{},"ready":true,"restartCount":0,"image":"illin5564.corp.amdocs.com:5000/productconfigurator-price-service:0.1.1-0066","imageID":"docker-pullable://illin5564.corp.amdocs.com:5000/productconfigurator-price-service@sha256:902bed74b92f1b5d75c2d1bf46d53c1f67cb117145fbd207e0e71f9496a845db","containerID":"docker://381da3ca4e99133cfc513017884df806db357f0374225c5416261b074991916c"}],"qosClass":"Burstable"}},{"metadata":{"name":"productconfigurator-qual-7c879d5c97-pv42v","generateName":"productconfigurator-qual-7c879d5c97-","namespace":"oc-cd-1017-pranavd-pd","selfLink":"/api/v1/namespaces/oc-cd-1017-pranavd-pd/pods/productconfigurator-qual-7c879d5c97-pv42v","uid":"a303b426-b721-11e8-bb86-0050569a887c","resourceVersion":"66124618","creationTimestamp":"2018-09-13T06:52:53Z","labels":{"app":"productconfigurator-qual","microservice":"productconfigurator-qual","pod-template-hash":"3743581753","project":"productconfigurator-qualification","provider":"amdocs","release":"productconfigurator-qualification-release"},"annotations":{"git-commit":"da79a2a01247a28ac602f010aca599b3d1a8b6c5","openshift.io/scc":"anyuid-no-ps"},"ownerReferences":[{"apiVersion":"extensions/v1beta1","kind":"ReplicaSet","name":"productconfigurator-qual-7c879d5c97","uid":"a2fb8fdc-b721-11e8-bb86-0050569a887c","controller":true,"blockOwnerDeletion":true}]},"spec":{"volumes":[{"name":"productconfigurator-qualification-volume-jwt-validation-conf","configMap":{"name":"productconfigurator-qualification-jwt-validation-configmap","items":[{"key":"application.yaml","path":"application.yaml"}],"defaultMode":420}},{"name":"prop-volume","configMap":{"name":"productconfigurator-qualification-service-appconfig","defaultMode":420,"optional":true}},{"name":"default-token-vdgk4","secret":{"secretName":"default-token-vdgk4","defaultMode":420}}],"containers":[{"name":"productconfigurator-qualification-service-container","image":"illin5564.corp.amdocs.com:5000/productconfigurator-qualification-service:0.1.1-0034","ports":[{"name":"http","containerPort":8080,"protocol":"TCP"},{"name":"https","containerPort":8443,"protocol":"TCP"},{"name":"management","containerPort":18080,"protocol":"TCP"}],"env":[{"name":"KUBERNETES_NAMESPACE","valueFrom":{"fieldRef":{"apiVersion":"v1","fieldPath":"metadata.namespace"}}},{"name":"MSNEXT_JAVA_OPTS","value":" -Xms256m -Xmx1024m -XX:MaxRAM=2048m -XX:+DisableExplicitGC -XX:+UseConcMarkSweepGC -XX:+CMSParallelRemarkEnabled -XX:NewRatio=1 -Xss512k -XX:MaxMetaspaceSize=512m"},{"name":"SERVER_PORT","value":"8080"},{"name":"MSNEXT_DISABLED_MODULES","value":"msnext-customization"},{"name":"MANAGEMENT_PORT","value":"18080"},{"name":"MALLOC_ARENA_MAX","value":"4"},{"name":"MSNEXT_CONF_SOURCE_APP","value":"/etc/config"},{"name":"MSNEXT_CONF_SOURCE_IDM","value":"/run/secrets/msNextConfSourceIdm1"}],"resources":{"limits":{"cpu":"2","memory":"2Gi"},"requests":{"cpu":"200m","memory":"1Gi"}},"volumeMounts":[{"name":"productconfigurator-qualification-volume-jwt-validation-conf","mountPath":"/run/secrets/msNextConfSourceIdm1"},{"name":"prop-volume","mountPath":"/etc/config"},{"name":"default-token-vdgk4","readOnly":true,"mountPath":"/var/run/secrets/kubernetes.io/serviceaccount"}],"livenessProbe":{"httpGet":{"path":"/health","port":18080,"scheme":"HTTP"},"initialDelaySeconds":900,"timeoutSeconds":10,"periodSeconds":10,"successThreshold":1,"failureThreshold":3},"readinessProbe":{"httpGet":{"path":"/health","port":18080,"scheme":"HTTP"},"initialDelaySeconds":30,"timeoutSeconds":10,"periodSeconds":10,"successThreshold":1,"failureThreshold":3},"terminationMessagePath":"/dev/termination-log","terminationMessagePolicy":"File","imagePullPolicy":"IfNotPresent","securityContext":{"capabilities":{"drop":["MKNOD"]},"privileged":false}}],"restartPolicy":"Always","terminationGracePeriodSeconds":30,"dnsPolicy":"ClusterFirst","nodeSelector":{"region":"work"},"serviceAccountName":"default","serviceAccount":"default","nodeName":"ilocpde01w03.corp.amdocs.com","securityContext":{"seLinuxOptions":{"level":"s0:c82,c59"}},"imagePullSecrets":[{"name":"productconfigurator-qualification-ms-secret"}],"schedulerName":"default-scheduler","tolerations":[{"key":"node.kubernetes.io/memory-pressure","operator":"Exists","effect":"NoSchedule"}]},"status":{"phase":"Running","conditions":[{"type":"Initialized","status":"True","lastProbeTime":null,"lastTransitionTime":"2018-09-13T06:52:53Z"},{"type":"Ready","status":"True","lastProbeTime":null,"lastTransitionTime":"2018-09-13T06:54:29Z"},{"type":"PodScheduled","status":"True","lastProbeTime":null,"lastTransitionTime":"2018-09-13T06:52:53Z"}],"hostIP":"10.245.250.22","podIP":"10.128.11.176","startTime":"2018-09-13T06:52:53Z","containerStatuses":[{"name":"productconfigurator-qualification-service-container","state":{"running":{"startedAt":"2018-09-13T06:53:27Z"}},"lastState":{},"ready":true,"restartCount":0,"image":"illin5564.corp.amdocs.com:5000/productconfigurator-qualification-service:0.1.1-0034","imageID":"docker-pullable://illin5564.corp.amdocs.com:5000/productconfigurator-qualification-service@sha256:3efe9793b5a43687247fbd257fc677977b7d69a6da1f2afbc446aef8627cf6f3","containerID":"docker://a1c4506a3a682e46f8cc1e9ae9954c70b7292b9e0db78165d5444709e03be369"}],"qosClass":"Burstable"}},{"metadata":{"name":"productconfigurator-rele-59c4bb44b7-5ltqq","generateName":"productconfigurator-rele-59c4bb44b7-","namespace":"oc-cd-1017-pranavd-pd","selfLink":"/api/v1/namespaces/oc-cd-1017-pranavd-pd/pods/productconfigurator-rele-59c4bb44b7-5ltqq","uid":"a3114e4d-b721-11e8-bb86-0050569a887c","resourceVersion":"66124279","creationTimestamp":"2018-09-13T06:52:53Z","labels":{"app":"productconfigurator-rele","microservice":"productconfigurator","pod-template-hash":"1570660063","project":"productconfigurator","provider":"amdocs","release":"productconfigurator-release"},"annotations":{"git-commit":"069b9d82d9e13d12f01414210aa64d261ac30c99","openshift.io/scc":"anyuid-no-ps"},"ownerReferences":[{"apiVersion":"extensions/v1beta1","kind":"ReplicaSet","name":"productconfigurator-rele-59c4bb44b7","uid":"a3077fd1-b721-11e8-bb86-0050569a887c","controller":true,"blockOwnerDeletion":true}]},"spec":{"volumes":[{"name":"default-token-vdgk4","secret":{"secretName":"default-token-vdgk4","defaultMode":420}}],"containers":[{"name":"productconfigurator-service-container","image":"illin5564.corp.amdocs.com:5000/productconfigurator-service:0.1.1-0138","ports":[{"name":"http","containerPort":8080,"protocol":"TCP"},{"name":"prometheus","containerPort":5555,"protocol":"TCP"},{"name":"https","containerPort":8443,"protocol":"TCP"},{"name":"management","containerPort":18080,"protocol":"TCP"}],"env":[{"name":"KUBERNETES_NAMESPACE","valueFrom":{"fieldRef":{"apiVersion":"v1","fieldPath":"metadata.namespace"}}},{"name":"MSNEXT_JAVA_OPTS","value":" -Xms256m -Xmx1024m -XX:MaxRAM=2048m -XX:+DisableExplicitGC -XX:+UseConcMarkSweepGC -XX:+CMSParallelRemarkEnabled -XX:NewRatio=1 -Xss512k -XX:MaxMetaspaceSize=512m"},{"name":"SERVER_PORT","value":"8080"},{"name":"MSNEXT_DISABLED_MODULES","value":"msnext-customization"},{"name":"MANAGEMENT_PORT","value":"18080"}],"resources":{"limits":{"cpu":"2","memory":"2Gi"},"requests":{"cpu":"200m","memory":"1Gi"}},"volumeMounts":[{"name":"default-token-vdgk4","readOnly":true,"mountPath":"/var/run/secrets/kubernetes.io/serviceaccount"}],"livenessProbe":{"httpGet":{"path":"/health","port":18080,"scheme":"HTTP"},"initialDelaySeconds":900,"timeoutSeconds":10,"periodSeconds":10,"successThreshold":1,"failureThreshold":3},"readinessProbe":{"httpGet":{"path":"/health","port":18080,"scheme":"HTTP"},"initialDelaySeconds":30,"timeoutSeconds":10,"periodSeconds":10,"successThreshold":1,"failureThreshold":3},"terminationMessagePath":"/dev/termination-log","terminationMessagePolicy":"File","imagePullPolicy":"IfNotPresent","securityContext":{"capabilities":{"drop":["MKNOD"]},"privileged":false}}],"restartPolicy":"Always","terminationGracePeriodSeconds":30,"dnsPolicy":"ClusterFirst","nodeSelector":{"region":"work"},"serviceAccountName":"default","serviceAccount":"default","nodeName":"ilocpde01w02.corp.amdocs.com","securityContext":{"seLinuxOptions":{"level":"s0:c82,c59"}},"imagePullSecrets":[{"name":"productconfigurator-ms-secret"}],"schedulerName":"default-scheduler","tolerations":[{"key":"node.kubernetes.io/memory-pressure","operator":"Exists","effect":"NoSchedule"}]},"status":{"phase":"Running","conditions":[{"type":"Initialized","status":"True","lastProbeTime":null,"lastTransitionTime":"2018-09-13T06:52:53Z"},{"type":"Ready","status":"True","lastProbeTime":null,"lastTransitionTime":"2018-09-13T06:54:07Z"},{"type":"PodScheduled","status":"True","lastProbeTime":null,"lastTransitionTime":"2018-09-13T06:52:53Z"}],"hostIP":"10.245.250.21","podIP":"10.128.12.141","startTime":"2018-09-13T06:52:53Z","containerStatuses":[{"name":"productconfigurator-service-container","state":{"running":{"startedAt":"2018-09-13T06:52:55Z"}},"lastState":{},"ready":true,"restartCount":0,"image":"illin5564.corp.amdocs.com:5000/productconfigurator-service:0.1.1-0138","imageID":"docker-pullable://illin5564.corp.amdocs.com:5000/productconfigurator-service@sha256:48969f7f89f010bb755cb3851cde7292583a552ce19d0f2f54dedfa67e8d4ab6","containerID":"docker://d164dfaa2a45602c9c0d402122fd8d66f60314af17ba981f3cfe19e11338520b"}],"qosClass":"Burstable"}},{"metadata":{"name":"productorder-amendodr-r-6694f6dc4c-sxbkz","generateName":"productorder-amendodr-r-6694f6dc4c-","namespace":"oc-cd-1017-pranavd-pd","selfLink":"/api/v1/namespaces/oc-cd-1017-pranavd-pd/pods/productorder-amendodr-r-6694f6dc4c-sxbkz","uid":"a324c683-b721-11e8-bb86-0050569a887c","resourceVersion":"66124535","creationTimestamp":"2018-09-13T06:52:53Z","labels":{"app":"productorder-amendodr-r","microservice":"productorder-amendorder","pod-template-hash":"2250928707","project":"productorder-amendorder","provider":"amdocs","release":"productorder-amendodr-release"},"annotations":{"fabric8.io/iconUrl":"img/icons/spring-boot.svg","git-commit":"898528e0ba4512f854cecaee4adcbdd8cef972d4","openshift.io/scc":"anyuid-no-ps"},"ownerReferences":[{"apiVersion":"extensions/v1beta1","kind":"ReplicaSet","name":"productorder-amendodr-r-6694f6dc4c","uid":"a317a0f9-b721-11e8-bb86-0050569a887c","controller":true,"blockOwnerDeletion":true}]},"spec":{"volumes":[{"name":"prop-volume","configMap":{"name":"productorder-amendorder-service-appconfig","defaultMode":420,"optional":true}},{"name":"default-token-vdgk4","secret":{"secretName":"default-token-vdgk4","defaultMode":420}}],"containers":[{"name":"productorder-amendorder-service-container","image":"illin5564.corp.amdocs.com:5000/productorder-amendorder-service:0.1.1-0019","ports":[{"name":"http","containerPort":8080,"protocol":"TCP"},{"name":"jacoco","containerPort":6300,"protocol":"TCP"},{"name":"metrics","containerPort":5555,"protocol":"TCP"},{"name":"management","containerPort":18080,"protocol":"TCP"}],"env":[{"name":"KUBERNETES_NAMESPACE","valueFrom":{"fieldRef":{"apiVersion":"v1","fieldPath":"metadata.namespace"}}},{"name":"MSNEXT_JAVA_OPTS","value":" -Xms256m -Xmx1024m -XX:MaxRAM=2048m -XX:+DisableExplicitGC -XX:+UseConcMarkSweepGC -XX:+CMSParallelRemarkEnabled -XX:NewRatio=1 -Xss512k -XX:MaxMetaspaceSize=512m"},{"name":"DOX_EXCLUDED_MODULES","value":"msnext-customization"},{"name":"MANAGEMENT_PORT","value":"18080"},{"name":"SERVER_PORT","value":"8080"},{"name":"MSNEXT_CONF_SOURCE_APP","value":"/etc/config"}],"resources":{"limits":{"cpu":"2","memory":"2Gi"},"requests":{"cpu":"200m","memory":"1Gi"}},"volumeMounts":[{"name":"prop-volume","mountPath":"/etc/config"},{"name":"default-token-vdgk4","readOnly":true,"mountPath":"/var/run/secrets/kubernetes.io/serviceaccount"}],"livenessProbe":{"httpGet":{"path":"/health","port":18080,"scheme":"HTTP"},"initialDelaySeconds":900,"timeoutSeconds":10,"periodSeconds":10,"successThreshold":1,"failureThreshold":3},"readinessProbe":{"httpGet":{"path":"/health","port":18080,"scheme":"HTTP"},"initialDelaySeconds":30,"timeoutSeconds":10,"periodSeconds":10,"successThreshold":1,"failureThreshold":3},"terminationMessagePath":"/dev/termination-log","terminationMessagePolicy":"File","imagePullPolicy":"IfNotPresent","securityContext":{"capabilities":{"drop":["MKNOD"]},"privileged":false}}],"restartPolicy":"Always","terminationGracePeriodSeconds":30,"dnsPolicy":"ClusterFirst","nodeSelector":{"region":"work"},"serviceAccountName":"default","serviceAccount":"default","nodeName":"ilocpde01w30.corp.amdocs.com","securityContext":{"seLinuxOptions":{"level":"s0:c82,c59"}},"imagePullSecrets":[{"name":"productorder-amendorder-ms-secret"}],"schedulerName":"default-scheduler","tolerations":[{"key":"node.kubernetes.io/memory-pressure","operator":"Exists","effect":"NoSchedule"}]},"status":{"phase":"Running","conditions":[{"type":"Initialized","status":"True","lastProbeTime":null,"lastTransitionTime":"2018-09-13T06:52:53Z"},{"type":"Ready","status":"True","lastProbeTime":null,"lastTransitionTime":"2018-09-13T06:54:25Z"},{"type":"PodScheduled","status":"True","lastProbeTime":null,"lastTransitionTime":"2018-09-13T06:52:53Z"}],"podIP":"10.128.70.15","startTime":"2018-09-13T06:52:53Z","containerStatuses":[{"name":"productorder-amendorder-service-container","state":{"running":{"startedAt":"2018-09-13T06:52:57Z"}},"lastState":{},"ready":true,"restartCount":0,"image":"illin5564.corp.amdocs.com:5000/productorder-amendorder-service:0.1.1-0019","imageID":"docker-pullable://illin5564.corp.amdocs.com:5000/productorder-amendorder-service@sha256:2d86d9750b219cde6b8f2866df8f0f0189f499b22e8ab1dc253086b922782c7c","containerID":"docker://c01e58a9a91e761cc33f8df9766e254b838d7b3eda9b86472a23c9ac138f6067"}],"qosClass":"Burstable"}},{"metadata":{"name":"productorder-deliverymethodorder-release-productorder-delidbdpf","generateName":"productorder-deliverymethodorder-release-productorder-deliverym-7d995fff95-","namespace":"oc-cd-1017-pranavd-pd","selfLink":"/api/v1/namespaces/oc-cd-1017-pranavd-pd/pods/productorder-deliverymethodorder-release-productorder-delidbdpf","uid":"a33ed7f1-b721-11e8-bb86-0050569a887c","resourceVersion":"66124317","creationTimestamp":"2018-09-13T06:52:53Z","labels":{"app":"productorder-deliverymethodorder-release-productorder-deliverym","microservice":"productorder-deliverymet","pod-template-hash":"3855199951","project":"productorder-deliverymethodorder","provider":"amdocs","release":"productorder-deliverymethodorder-release"},"annotations":{"fabric8.io/iconUrl":"img/icons/spring-boot.svg","git-commit":"84e2858ab6562378a5336995af5259426eefb325","openshift.io/scc":"anyuid-no-ps"},"ownerReferences":[{"apiVersion":"extensions/v1beta1","kind":"ReplicaSet","name":"productorder-deliverymethodorder-release-productorder-deliverym-7d995fff95","uid":"a3315902-b721-11e8-bb86-0050569a887c","controller":true,"blockOwnerDeletion":true}]},"spec":{"volumes":[{"name":"default-token-vdgk4","secret":{"secretName":"default-token-vdgk4","defaultMode":420}}],"containers":[{"name":"productorder-deliverymethodorder-service-container","image":"illin5564.corp.amdocs.com:5000/productorder-deliverymethodorder-service:0.1.1-0027","ports":[{"name":"http","containerPort":8080,"protocol":"TCP"},{"name":"https","containerPort":8443,"protocol":"TCP"},{"name":"metrics","containerPort":5555,"protocol":"TCP"},{"name":"jacoco","containerPort":6300,"protocol":"TCP"},{"name":"management","containerPort":18080,"protocol":"TCP"}],"env":[{"name":"KUBERNETES_NAMESPACE","valueFrom":{"fieldRef":{"apiVersion":"v1","fieldPath":"metadata.namespace"}}},{"name":"MSNEXT_JAVA_OPTS","value":" -Xms256m -Xmx1024m -XX:MaxRAM=2048m -XX:+DisableExplicitGC -XX:+UseConcMarkSweepGC -XX:+CMSParallelRemarkEnabled -XX:NewRatio=1 -Xss512k -XX:MaxMetaspaceSize=512m"},{"name":"SERVER_PORT","value":"8080"},{"name":"MSNEXT_DISABLED_MODULES","value":"msnext-customization"},{"name":"MANAGEMENT_PORT","value":"18080"},{"name":"MALLOC_ARENA_MAX","value":"4"}],"resources":{"limits":{"cpu":"2","memory":"2Gi"},"requests":{"cpu":"200m","memory":"1Gi"}},"volumeMounts":[{"name":"default-token-vdgk4","readOnly":true,"mountPath":"/var/run/secrets/kubernetes.io/serviceaccount"}],"livenessProbe":{"httpGet":{"path":"/health","port":18080,"scheme":"HTTP"},"initialDelaySeconds":900,"timeoutSeconds":10,"periodSeconds":10,"successThreshold":1,"failureThreshold":3},"readinessProbe":{"httpGet":{"path":"/health","port":18080,"scheme":"HTTP"},"initialDelaySeconds":30,"timeoutSeconds":10,"periodSeconds":10,"successThreshold":1,"failureThreshold":3},"terminationMessagePath":"/dev/termination-log","terminationMessagePolicy":"File","imagePullPolicy":"IfNotPresent","securityContext":{"capabilities":{"drop":["MKNOD"]},"privileged":false}}],"restartPolicy":"Always","terminationGracePeriodSeconds":30,"dnsPolicy":"ClusterFirst","nodeSelector":{"region":"work"},"serviceAccountName":"default","serviceAccount":"default","nodeName":"ilocpde01w27.corp.amdocs.com","securityContext":{"seLinuxOptions":{"level":"s0:c82,c59"}},"imagePullSecrets":[{"name":"productorder-deliverymethodorder-ms-secret"}],"schedulerName":"default-scheduler","tolerations":[{"key":"node.kubernetes.io/memory-pressure","operator":"Exists","effect":"NoSchedule"}]},"status":{"phase":"Running","conditions":[{"type":"Initialized","status":"True","lastProbeTime":null,"lastTransitionTime":"2018-09-13T06:52:53Z"},{"type":"Ready","status":"True","lastProbeTime":null,"lastTransitionTime":"2018-09-13T06:54:10Z"},{"type":"PodScheduled","status":"True","lastProbeTime":null,"lastTransitionTime":"2018-09-13T06:52:53Z"}],"hostIP":"10.245.251.168","podIP":"10.128.64.34","startTime":"2018-09-13T06:52:53Z","containerStatuses":[{"name":"productorder-deliverymethodorder-service-container","state":{"running":{"startedAt":"2018-09-13T06:52:56Z"}},"lastState":{},"ready":true,"restartCount":0,"image":"illin5564.corp.amdocs.com:5000/productorder-deliverymethodorder-service:0.1.1-0027","imageID":"docker-pullable://illin5564.corp.amdocs.com:5000/productorder-deliverymethodorder-service@sha256:7e9da01d788f9ad6d1ba92e4b02e8724724473cd299d7b71bb931b72d72e6028","containerID":"docker://b84feea5b320015d17de4a1f2c72a641f1130a755bd5a271558fd3fa8f1d8d05"}],"qosClass":"Burstable"}},{"metadata":{"name":"productorder-futurelaunc-85884df4f8-mc9rt","generateName":"productorder-futurelaunc-85884df4f8-","namespace":"oc-cd-1017-pranavd-pd","selfLink":"/api/v1/namespaces/oc-cd-1017-pranavd-pd/pods/productorder-futurelaunc-85884df4f8-mc9rt","uid":"a366e180-b721-11e8-bb86-0050569a887c","resourceVersion":"66124583","creationTimestamp":"2018-09-13T06:52:53Z","labels":{"app":"productorder-futurelaunc","microservice":"productorder-futurelaunc","pod-template-hash":"4144089094","project":"productorder-futurelauncher","provider":"amdocs","release":"productorder-futurelauncher-release"},"annotations":{"fabric8.io/iconUrl":"img/icons/spring-boot.svg","git-commit":"76904a486ab6efd9d42b391a1a486c168ee459de","openshift.io/scc":"anyuid-no-ps"},"ownerReferences":[{"apiVersion":"extensions/v1beta1","kind":"ReplicaSet","name":"productorder-futurelaunc-85884df4f8","uid":"a35ada44-b721-11e8-bb86-0050569a887c","controller":true,"blockOwnerDeletion":true}]},"spec":{"volumes":[{"name":"prop-volume","configMap":{"name":"productorder-futurelauncher-service-appconfigmap","defaultMode":420}},{"name":"default-token-vdgk4","secret":{"secretName":"default-token-vdgk4","defaultMode":420}}],"containers":[{"name":"productorder-futurelauncher-service-container","image":"illin5564.corp.amdocs.com:5000/productorder-futurelauncher-service:0.1.1-0065","ports":[{"name":"http","containerPort":8080,"protocol":"TCP"},{"name":"jacoco","containerPort":6300,"protocol":"TCP"},{"name":"metrics","containerPort":5555,"protocol":"TCP"},{"name":"management","containerPort":18080,"protocol":"TCP"}],"env":[{"name":"KUBERNETES_NAMESPACE","valueFrom":{"fieldRef":{"apiVersion":"v1","fieldPath":"metadata.namespace"}}},{"name":"MSNEXT_JAVA_OPTS","value":" -Xms256m -Xmx1024m -XX:MaxRAM=2048m -XX:+DisableExplicitGC -XX:+UseConcMarkSweepGC -XX:+CMSParallelRemarkEnabled -XX:NewRatio=1 -Xss512k -XX:MaxMetaspaceSize=512m"},{"name":"MSNEXT_CONF_SOURCE_APP","value":"/etc/config"},{"name":"MSNEXT_DISABLED_MODULES","value":"msnext-customization"},{"name":"MANAGEMENT_PORT","value":"18080"},{"name":"SERVER_PORT","value":"8080"},{"name":"MALLOC_ARENA_MAX","value":"4"}],"resources":{"limits":{"cpu":"2","memory":"2Gi"},"requests":{"cpu":"200m","memory":"1Gi"}},"volumeMounts":[{"name":"prop-volume","mountPath":"/etc/config"},{"name":"default-token-vdgk4","readOnly":true,"mountPath":"/var/run/secrets/kubernetes.io/serviceaccount"}],"livenessProbe":{"httpGet":{"path":"/health","port":18080,"scheme":"HTTP"},"initialDelaySeconds":900,"timeoutSeconds":10,"periodSeconds":10,"successThreshold":1,"failureThreshold":3},"readinessProbe":{"httpGet":{"path":"/health","port":18080,"scheme":"HTTP"},"initialDelaySeconds":30,"timeoutSeconds":10,"periodSeconds":10,"successThreshold":1,"failureThreshold":3},"terminationMessagePath":"/dev/termination-log","terminationMessagePolicy":"File","imagePullPolicy":"IfNotPresent","securityContext":{"capabilities":{"drop":["MKNOD"]},"privileged":false}}],"restartPolicy":"Always","terminationGracePeriodSeconds":30,"dnsPolicy":"ClusterFirst","nodeSelector":{"region":"work"},"serviceAccountName":"default","serviceAccount":"default","nodeName":"ilocpde01w23.corp.amdocs.com","securityContext":{"seLinuxOptions":{"level":"s0:c82,c59"}},"imagePullSecrets":[{"name":"productorder-futurelauncher-ms-secret"}],"schedulerName":"default-scheduler","tolerations":[{"key":"node.kubernetes.io/memory-pressure","operator":"Exists","effect":"NoSchedule"}]},"status":{"phase":"Running","conditions":[{"type":"Initialized","status":"True","lastProbeTime":null,"lastTransitionTime":"2018-09-13T06:52:53Z"},{"type":"Ready","status":"True","lastProbeTime":null,"lastTransitionTime":"2018-09-13T06:54:27Z"},{"type":"PodScheduled","status":"True","lastProbeTime":null,"lastTransitionTime":"2018-09-13T06:52:53Z"}],"hostIP":"10.245.251.164","podIP":"10.128.54.23","startTime":"2018-09-13T06:52:53Z","containerStatuses":[{"name":"productorder-futurelauncher-service-container","state":{"running":{"startedAt":"2018-09-13T06:53:13Z"}},"lastState":{},"ready":true,"restartCount":0,"image":"illin5564.corp.amdocs.com:5000/productorder-futurelauncher-service:0.1.1-0065","imageID":"docker-pullable://illin5564.corp.amdocs.com:5000/productorder-futurelauncher-service@sha256:b3afd231c02de05d7f9802667a9f72f2aca73097f2876e2a19e719c13540388a","containerID":"docker://94a72ccb5b575e19ee5cfd652972155c527b00e5f47ba97649d51e767925ec60"}],"qosClass":"Burstable"}},{"metadata":{"name":"productorder-limiteddurationproduct-release-productorder-lhlfmq","generateName":"productorder-limiteddurationproduct-release-productorder-limite-79945d9749-","namespace":"oc-cd-1017-pranavd-pd","selfLink":"/api/v1/namespaces/oc-cd-1017-pranavd-pd/pods/productorder-limiteddurationproduct-release-productorder-lhlfmq","uid":"a3799c81-b721-11e8-bb86-0050569a887c","resourceVersion":"66124734","creationTimestamp":"2018-09-13T06:52:53Z","labels":{"app":"productorder-limiteddurationproduct-release-productorder-limite","microservice":"productorder-limiteddurationproduct","pod-template-hash":"3550185305","project":"productorder-limiteddurationproduct","provider":"amdocs","release":"productorder-limiteddurationproduct-release"},"annotations":{"git-commit":"cf2decf23f48a9d534e33172bafcbd152ef9cdb4","openshift.io/scc":"anyuid-no-ps"},"ownerReferences":[{"apiVersion":"extensions/v1beta1","kind":"ReplicaSet","name":"productorder-limiteddurationproduct-release-productorder-limite-79945d9749","uid":"a370eaaf-b721-11e8-bb86-0050569a887c","controller":true,"blockOwnerDeletion":true}]},"spec":{"volumes":[{"name":"prop-volume","configMap":{"name":"productorder-limiteddurationproduct-appconfigmap","defaultMode":420}},{"name":"default-token-vdgk4","secret":{"secretName":"default-token-vdgk4","defaultMode":420}}],"containers":[{"name":"productorder-limiteddurationproduct-service-container","image":"illin5564.corp.amdocs.com:5000/productorder-limiteddurationproduct-service:0.1.0-0008","ports":[{"name":"http","containerPort":8080,"protocol":"TCP"},{"name":"management","containerPort":18080,"protocol":"TCP"}],"env":[{"name":"KUBERNETES_NAMESPACE","valueFrom":{"fieldRef":{"apiVersion":"v1","fieldPath":"metadata.namespace"}}},{"name":"MSNEXT_JAVA_OPTS","value":"-Xms256m -Xmx512m -XX:MaxRAM=1024m -XX:+UseSerialGC"},{"name":"MSNEXT_CONF_SOURCE_APP","value":"/etc/config"},{"name":"MSNEXT_DISABLED_MODULES","value":"msnext-customization"},{"name":"MANAGEMENT_PORT","value":"18080"},{"name":"SERVER_PORT","value":"8080"},{"name":"MALLOC_ARENA_MAX","value":"4"},{"name":"TZ","value":"UTC"}],"resources":{"limits":{"cpu":"2","memory":"2Gi"},"requests":{"cpu":"200m","memory":"1Gi"}},"volumeMounts":[{"name":"prop-volume","mountPath":"/etc/config"},{"name":"default-token-vdgk4","readOnly":true,"mountPath":"/var/run/secrets/kubernetes.io/serviceaccount"}],"livenessProbe":{"httpGet":{"path":"/health","port":18080,"scheme":"HTTP"},"initialDelaySeconds":900,"timeoutSeconds":10,"periodSeconds":10,"successThreshold":1,"failureThreshold":3},"readinessProbe":{"httpGet":{"path":"/health","port":18080,"scheme":"HTTP"},"initialDelaySeconds":30,"timeoutSeconds":10,"periodSeconds":10,"successThreshold":1,"failureThreshold":3},"terminationMessagePath":"/dev/termination-log","terminationMessagePolicy":"File","imagePullPolicy":"IfNotPresent","securityContext":{"capabilities":{"drop":["MKNOD"]},"privileged":false}}],"restartPolicy":"Always","terminationGracePeriodSeconds":30,"dnsPolicy":"ClusterFirst","nodeSelector":{"region":"work"},"serviceAccountName":"default","serviceAccount":"default","nodeName":"ilocpde01w22.corp.amdocs.com","securityContext":{"seLinuxOptions":{"level":"s0:c82,c59"}},"imagePullSecrets":[{"name":"productorder-limiteddurationproduct-ms-secret"}],"schedulerName":"default-scheduler","tolerations":[{"key":"node.kubernetes.io/memory-pressure","operator":"Exists","effect":"NoSchedule"}]},"status":{"phase":"Running","conditions":[{"type":"Initialized","status":"True","lastProbeTime":null,"lastTransitionTime":"2018-09-13T06:52:53Z"},{"type":"Ready","status":"True","lastProbeTime":null,"lastTransitionTime":"2018-09-13T06:54:37Z"},{"type":"PodScheduled","status":"True","lastProbeTime":null,"lastTransitionTime":"2018-09-13T06:52:53Z"}],"hostIP":"10.245.251.163","podIP":"10.128.56.177","startTime":"2018-09-13T06:52:53Z","containerStatuses":[{"name":"productorder-limiteddurationproduct-service-container","state":{"running":{"startedAt":"2018-09-13T06:53:31Z"}},"lastState":{},"ready":true,"restartCount":0,"image":"illin5564.corp.amdocs.com:5000/productorder-limiteddurationproduct-service:0.1.0-0008","imageID":"docker-pullable://illin5564.corp.amdocs.com:5000/productorder-limiteddurationproduct-service@sha256:d032cb5615cd6a44272ed1d425be845b61ea3b8897595af9778fbe67470c0bb0","containerID":"docker://bbabea6f381f736642988ed52ece1934d8efe75fc7275939b457ddd265da3f72"}],"qosClass":"Burstable"}},{"metadata":{"name":"productorder-modifyorder-57975d8ff-zwnjl","generateName":"productorder-modifyorder-57975d8ff-","namespace":"oc-cd-1017-pranavd-pd","selfLink":"/api/v1/namespaces/oc-cd-1017-pranavd-pd/pods/productorder-modifyorder-57975d8ff-zwnjl","uid":"a38b1b17-b721-11e8-bb86-0050569a887c","resourceVersion":"66124150","creationTimestamp":"2018-09-13T06:52:54Z","labels":{"app":"productorder-modifyorder","microservice":"productorder-modifyorder","pod-template-hash":"135318499","project":"productorder-modifyorder","provider":"amdocs","release":"productorder-modifyorder-release"},"annotations":{"fabric8.io/iconUrl":"img/icons/spring-boot.svg","git-commit":"d4e1a338682a687eea182b82cc34e7aec6b3e675","openshift.io/scc":"anyuid-no-ps"},"ownerReferences":[{"apiVersion":"extensions/v1beta1","kind":"ReplicaSet","name":"productorder-modifyorder-57975d8ff","uid":"a37d83fb-b721-11e8-bb86-0050569a887c","controller":true,"blockOwnerDeletion":true}]},"spec":{"volumes":[{"name":"prop-volume","configMap":{"name":"productorder-modifyorder-service-appconfig","defaultMode":420,"optional":true}},{"name":"default-token-vdgk4","secret":{"secretName":"default-token-vdgk4","defaultMode":420}}],"containers":[{"name":"productorder-modifyorder-service-container","image":"illin5564.corp.amdocs.com:5000/productorder-modifyorder-service:0.1.1-0035","ports":[{"name":"http","containerPort":8080,"protocol":"TCP"},{"name":"jacoco","containerPort":6300,"protocol":"TCP"},{"name":"metrics","containerPort":5555,"protocol":"TCP"},{"name":"management","containerPort":18080,"protocol":"TCP"}],"env":[{"name":"KUBERNETES_NAMESPACE","valueFrom":{"fieldRef":{"apiVersion":"v1","fieldPath":"metadata.namespace"}}},{"name":"MSNEXT_JAVA_OPTS","value":" -Xms256m -Xmx1024m -XX:MaxRAM=2048m -XX:+DisableExplicitGC -XX:+UseConcMarkSweepGC -XX:+CMSParallelRemarkEnabled -XX:NewRatio=1 -Xss512k -XX:MaxMetaspaceSize=512m -Dcom.amdocs.msnext.securitya3s.url=http://10.238.196.7:30081/asmServices/services/v1.0"},{"name":"SERVER_PORT","value":"8080"},{"name":"DOX_EXCLUDED_MODULES","value":"msnext-customization"},{"name":"MANAGEMENT_PORT","value":"18080"},{"name":"SERVER_PORT","value":"8080"},{"name":"MSNEXT_CONF_SOURCE_APP","value":"/etc/config"}],"resources":{"limits":{"cpu":"2","memory":"2Gi"},"requests":{"cpu":"200m","memory":"1Gi"}},"volumeMounts":[{"name":"prop-volume","mountPath":"/etc/config"},{"name":"default-token-vdgk4","readOnly":true,"mountPath":"/var/run/secrets/kubernetes.io/serviceaccount"}],"livenessProbe":{"httpGet":{"path":"/health","port":18080,"scheme":"HTTP"},"initialDelaySeconds":900,"timeoutSeconds":10,"periodSeconds":10,"successThreshold":1,"failureThreshold":3},"readinessProbe":{"httpGet":{"path":"/health","port":18080,"scheme":"HTTP"},"initialDelaySeconds":30,"timeoutSeconds":10,"periodSeconds":10,"successThreshold":1,"failureThreshold":3},"terminationMessagePath":"/dev/termination-log","terminationMessagePolicy":"File","imagePullPolicy":"IfNotPresent","securityContext":{"capabilities":{"drop":["MKNOD"]},"privileged":false}}],"restartPolicy":"Always","terminationGracePeriodSeconds":30,"dnsPolicy":"ClusterFirst","nodeSelector":{"region":"work"},"serviceAccountName":"default","serviceAccount":"default","nodeName":"ilocpde01w35.corp.amdocs.com","securityContext":{"seLinuxOptions":{"level":"s0:c82,c59"}},"imagePullSecrets":[{"name":"productorder-modifyorder-ms-secret"}],"schedulerName":"default-scheduler","tolerations":[{"key":"node.kubernetes.io/memory-pressure","operator":"Exists","effect":"NoSchedule"}]},"status":{"phase":"Running","conditions":[{"type":"Initialized","status":"True","lastProbeTime":null,"lastTransitionTime":"2018-09-13T06:52:54Z"},{"type":"Ready","status":"True","lastProbeTime":null,"lastTransitionTime":"2018-09-13T06:53:58Z"},{"type":"PodScheduled","status":"True","lastProbeTime":null,"lastTransitionTime":"2018-09-13T06:52:54Z"}],"hostIP":"10.245.251.176","podIP":"10.128.81.232","startTime":"2018-09-13T06:52:54Z","containerStatuses":[{"name":"productorder-modifyorder-service-container","state":{"running":{"startedAt":"2018-09-13T06:52:56Z"}},"lastState":{},"ready":true,"restartCount":0,"image":"illin5564.corp.amdocs.com:5000/productorder-modifyorder-service:0.1.1-0035","imageID":"docker-pullable://illin5564.corp.amdocs.com:5000/productorder-modifyorder-service@sha256:c20e9e9e2292e8f7615177ee650ff1259193d78b2aa2067b57dd11d99f1f7edb","containerID":"docker://6a1e62121d655b48a15d6270cf3f431df516a28bb98b3a3e3c5071c7c6778d39"}],"qosClass":"Burstable"}},{"metadata":{"name":"productorder-paymentorde-6c5cdf7779-fdlrr","generateName":"productorder-paymentorde-6c5cdf7779-","namespace":"oc-cd-1017-pranavd-pd","selfLink":"/api/v1/namespaces/oc-cd-1017-pranavd-pd/pods/productorder-paymentorde-6c5cdf7779-fdlrr","uid":"a3b77fc6-b721-11e8-bb86-0050569a887c","resourceVersion":"66124639","creationTimestamp":"2018-09-13T06:52:54Z","labels":{"app":"productorder-paymentorde","microservice":"productorder-paymentorde","pod-template-hash":"2717893335","project":"productorder-paymentorder","provider":"amdocs","release":"productorder-paymentorder-release"},"annotations":{"fabric8.io/iconUrl":"img/icons/spring-boot.svg","git-commit":"19e434ccaa6a5a2f3928cb0fe45f7b0c9c2ed1ac","openshift.io/scc":"anyuid-no-ps"},"ownerReferences":[{"apiVersion":"extensions/v1beta1","kind":"ReplicaSet","name":"productorder-paymentorde-6c5cdf7779","uid":"a3acb081-b721-11e8-bb86-0050569a887c","controller":true,"blockOwnerDeletion":true}]},"spec":{"volumes":[{"name":"prop-volume","configMap":{"name":"productorder-paymentorder-service-appconfig","defaultMode":420,"optional":true}},{"name":"default-token-vdgk4","secret":{"secretName":"default-token-vdgk4","defaultMode":420}}],"containers":[{"name":"productorder-paymentorder-service-container","image":"illin5564.corp.amdocs.com:5000/productorder-paymentorder-service:0.1.1-0016","ports":[{"name":"http","containerPort":8080,"protocol":"TCP"},{"name":"https","containerPort":8443,"protocol":"TCP"},{"name":"metrics","containerPort":5555,"protocol":"TCP"},{"name":"management","containerPort":18080,"protocol":"TCP"}],"env":[{"name":"MSNEXT_JAVA_OPTS","value":" -Xms256m -Xmx1024m -XX:MaxRAM=2048m -XX:+DisableExplicitGC -XX:+UseConcMarkSweepGC -XX:+CMSParallelRemarkEnabled -XX:NewRatio=1 -Xss512k -XX:MaxMetaspaceSize=512m -Dcom.amdocs.msnext.securitya3s.url=http://10.238.196.7:30081/asmServices/services/v1.0"},{"name":"SERVER_PORT","value":"8080"},{"name":"MSNEXT_CONF_SOURCE_APP","value":"/etc/config"},{"name":"MSNEXT_DISABLED_MODULES","value":"msnext-customization"},{"name":"MANAGEMENT_PORT","value":"18080"},{"name":"SERVER_PORT","value":"8080"}],"resources":{"limits":{"cpu":"2","memory":"2Gi"},"requests":{"cpu":"200m","memory":"1Gi"}},"volumeMounts":[{"name":"prop-volume","mountPath":"/etc/config"},{"name":"default-token-vdgk4","readOnly":true,"mountPath":"/var/run/secrets/kubernetes.io/serviceaccount"}],"livenessProbe":{"httpGet":{"path":"/health","port":18080,"scheme":"HTTP"},"initialDelaySeconds":900,"timeoutSeconds":10,"periodSeconds":10,"successThreshold":1,"failureThreshold":3},"readinessProbe":{"httpGet":{"path":"/health","port":18080,"scheme":"HTTP"},"initialDelaySeconds":30,"timeoutSeconds":10,"periodSeconds":10,"successThreshold":1,"failureThreshold":3},"terminationMessagePath":"/dev/termination-log","terminationMessagePolicy":"File","imagePullPolicy":"IfNotPresent","securityContext":{"capabilities":{"drop":["MKNOD"]},"privileged":false}}],"restartPolicy":"Always","terminationGracePeriodSeconds":30,"dnsPolicy":"ClusterFirst","nodeSelector":{"region":"work"},"serviceAccountName":"default","serviceAccount":"default","nodeName":"ilocpde01w34.corp.amdocs.com","securityContext":{"seLinuxOptions":{"level":"s0:c82,c59"}},"imagePullSecrets":[{"name":"productorder-paymentorder-ms-secret"}],"schedulerName":"default-scheduler","tolerations":[{"key":"node.kubernetes.io/memory-pressure","operator":"Exists","effect":"NoSchedule"}]},"status":{"phase":"Running","conditions":[{"type":"Initialized","status":"True","lastProbeTime":null,"lastTransitionTime":"2018-09-13T06:52:54Z"},{"type":"Ready","status":"True","lastProbeTime":null,"lastTransitionTime":"2018-09-13T06:54:31Z"},{"type":"PodScheduled","status":"True","lastProbeTime":null,"lastTransitionTime":"2018-09-13T06:52:54Z"}],"hostIP":"10.245.251.175","podIP":"10.128.78.114","startTime":"2018-09-13T06:52:54Z","containerStatuses":[{"name":"productorder-paymentorder-service-container","state":{"running":{"startedAt":"2018-09-13T06:53:01Z"}},"lastState":{},"ready":true,"restartCount":0,"image":"illin5564.corp.amdocs.com:5000/productorder-paymentorder-service:0.1.1-0016","imageID":"docker-pullable://illin5564.corp.amdocs.com:5000/productorder-paymentorder-service@sha256:8117aff2f7b44845ad0ae05b162ba0fbb9e6d0e33157efc0f708458fc9a2c080","containerID":"docker://2c5bfb12bb4c9c57bb7a368c7969ae5d9127e23f475436385d6bf40ca3a8e11c"}],"qosClass":"Burstable"}},{"metadata":{"name":"productorder-price-relea-b4fb678bc-mz2xz","generateName":"productorder-price-relea-b4fb678bc-","namespace":"oc-cd-1017-pranavd-pd","selfLink":"/api/v1/namespaces/oc-cd-1017-pranavd-pd/pods/productorder-price-relea-b4fb678bc-mz2xz","uid":"a3bdbf7f-b721-11e8-bb86-0050569a887c","resourceVersion":"68887599","creationTimestamp":"2018-09-13T06:52:54Z","labels":{"app":"productorder-price-relea","microservice":"productorder-price","pod-template-hash":"609623467","project":"productorder-price","provider":"amdocs","release":"productorder-price-release"},"annotations":{"fabric8.io/iconUrl":"img/icons/spring-boot.svg","git-commit":"1c072f2e99b5e68c88d0679cebd80061a73064b3","openshift.io/scc":"anyuid-no-ps"},"ownerReferences":[{"apiVersion":"extensions/v1beta1","kind":"ReplicaSet","name":"productorder-price-relea-b4fb678bc","uid":"a3b879eb-b721-11e8-bb86-0050569a887c","controller":true,"blockOwnerDeletion":true}]},"spec":{"volumes":[{"name":"prop-volume","configMap":{"name":"productorder-price-service-appconfig","defaultMode":420,"optional":true}},{"name":"default-token-vdgk4","secret":{"secretName":"default-token-vdgk4","defaultMode":420}}],"containers":[{"name":"productorder-price-service-container","image":"illin5564.corp.amdocs.com:5000/productorder-price-service:0.1.1-0049","ports":[{"name":"http","containerPort":8080,"protocol":"TCP"},{"name":"https","containerPort":8443,"protocol":"TCP"},{"name":"metrics","containerPort":5555,"protocol":"TCP"},{"name":"management","containerPort":8081,"protocol":"TCP"}],"env":[{"name":"KUBERNETES_NAMESPACE","valueFrom":{"fieldRef":{"apiVersion":"v1","fieldPath":"metadata.namespace"}}},{"name":"MSNEXT_JAVA_OPTS","value":" -Xms256m -Xmx1024m -XX:MaxRAM=2048m -XX:+DisableExplicitGC -XX:+UseConcMarkSweepGC -XX:+CMSParallelRemarkEnabled -XX:NewRatio=1 -Xss512k -XX:MaxMetaspaceSize=512m -Dcom.amdocs.msnext.securitya3s.url=http://10.238.196.7:30081/asmServices/services/v1.0"},{"name":"SERVER_PORT","value":"8080"},{"name":"MSNEXT_MODULE_MGT_DISABLE","value":"msnext-customization"},{"name":"MSNEXT_CONF_SOURCE_APP","value":"/etc/config"},{"name":"MANAGEMENT_PORT","value":"8081"},{"name":"ENABLE_PROMOTION_QUALIFICATION_SERVICE","value":"true"}],"resources":{"limits":{"cpu":"2","memory":"2Gi"},"requests":{"cpu":"200m","memory":"1Gi"}},"volumeMounts":[{"name":"prop-volume","mountPath":"/etc/config"},{"name":"default-token-vdgk4","readOnly":true,"mountPath":"/var/run/secrets/kubernetes.io/serviceaccount"}],"livenessProbe":{"httpGet":{"path":"/health","port":8081,"scheme":"HTTP"},"initialDelaySeconds":900,"timeoutSeconds":10,"periodSeconds":10,"successThreshold":1,"failureThreshold":3},"readinessProbe":{"httpGet":{"path":"/health","port":8081,"scheme":"HTTP"},"initialDelaySeconds":30,"timeoutSeconds":10,"periodSeconds":10,"successThreshold":1,"failureThreshold":3},"terminationMessagePath":"/dev/termination-log","terminationMessagePolicy":"File","imagePullPolicy":"IfNotPresent","securityContext":{"capabilities":{"drop":["MKNOD"]},"privileged":false}}],"restartPolicy":"Always","terminationGracePeriodSeconds":30,"dnsPolicy":"ClusterFirst","nodeSelector":{"region":"work"},"serviceAccountName":"default","serviceAccount":"default","nodeName":"ilocpde01w33.corp.amdocs.com","securityContext":{"seLinuxOptions":{"level":"s0:c82,c59"}},"imagePullSecrets":[{"name":"productorder-price-ms-secret"}],"schedulerName":"default-scheduler","tolerations":[{"key":"node.kubernetes.io/memory-pressure","operator":"Exists","effect":"NoSchedule"}]},"status":{"phase":"Running","conditions":[{"type":"Initialized","status":"True","lastProbeTime":null,"lastTransitionTime":"2018-09-13T06:52:54Z"},{"type":"Ready","status":"True","lastProbeTime":null,"lastTransitionTime":"2018-09-17T10:26:44Z"},{"type":"PodScheduled","status":"True","lastProbeTime":null,"lastTransitionTime":"2018-09-13T06:52:54Z"}],"hostIP":"10.245.251.174","podIP":"10.128.74.86","startTime":"2018-09-13T06:52:54Z","containerStatuses":[{"name":"productorder-price-service-container","state":{"running":{"startedAt":"2018-09-17T10:25:12Z"}},"lastState":{"terminated":{"exitCode":137,"reason":"OOMKilled","startedAt":"2018-09-14T10:28:13Z","finishedAt":"2018-09-17T10:25:11Z","containerID":"docker://11cfef47746a0454483907c128e9b53185c824d932a75c5f97409bd199e7a15c"}},"ready":true,"restartCount":5,"image":"illin5564.corp.amdocs.com:5000/productorder-price-service:0.1.1-0049","imageID":"docker-pullable://illin5564.corp.amdocs.com:5000/productorder-price-service@sha256:c0527d824a586d9ea490f80e2a0ec57640b215b16f20f7e1e851cb233ee9c3ef","containerID":"docker://e10860c905c78c1712ff6bcbce8f74407899ef5be97c5b5afc96732afd6e830e"}],"qosClass":"Burstable"}},{"metadata":{"name":"productorder-productorde-f7d845cd8-mtlh5","generateName":"productorder-productorde-f7d845cd8-","namespace":"oc-cd-1017-pranavd-pd","selfLink":"/api/v1/namespaces/oc-cd-1017-pranavd-pd/pods/productorder-productorde-f7d845cd8-mtlh5","uid":"a3cbb6dd-b721-11e8-bb86-0050569a887c","resourceVersion":"66125409","creationTimestamp":"2018-09-13T06:52:54Z","labels":{"app":"productorder-productorde","microservice":"productorder-productorde","pod-template-hash":"938401784","project":"productorder-productorder","provider":"amdocs","release":"productorder-productorder-release"},"annotations":{"fabric8.io/iconUrl":"img/icons/spring-boot.svg","git-commit":"1d9b0690b16f2ed9a1099cc8da9521d040bdfb22","openshift.io/scc":"anyuid-no-ps"},"ownerReferences":[{"apiVersion":"extensions/v1beta1","kind":"ReplicaSet","name":"productorder-productorde-f7d845cd8","uid":"a3c189ee-b721-11e8-bb86-0050569a887c","controller":true,"blockOwnerDeletion":true}]},"spec":{"volumes":[{"name":"prop-volume","configMap":{"name":"productorder-productorder-service-appconfig","defaultMode":420,"optional":true}},{"name":"confmap-volume","configMap":{"name":"productorder-productorder-appconfigmap","defaultMode":420}},{"name":"default-token-vdgk4","secret":{"secretName":"default-token-vdgk4","defaultMode":420}}],"containers":[{"name":"productorder-productorder-service-container","image":"illin5564.corp.amdocs.com:5000/productorder-productorder-service:0.1.1-0157","ports":[{"name":"http","containerPort":8080,"protocol":"TCP"},{"name":"https","containerPort":8443,"protocol":"TCP"},{"name":"metrics","containerPort":5555,"protocol":"TCP"},{"name":"management","containerPort":18080,"protocol":"TCP"}],"env":[{"name":"CALL_DEFAULT_BILLING_ACCOUNT","valueFrom":{"configMapKeyRef":{"name":"productorder-productorder-appconfigmap","key":"configuration.billingAccount.shouldCallDefaultBillingAccount"}}},{"name":"DATAFENCING_ENABLE_FLAG","valueFrom":{"configMapKeyRef":{"name":"productorder-productorder-appconfigmap","key":"configuration.dataFencingCustomerId"}}},{"name":"MSNEXT_JAVA_OPTS","value":" -Xms256m -Xmx1024m -XX:MaxRAM=2048m -XX:+DisableExplicitGC -XX:+UseConcMarkSweepGC -XX:+CMSParallelRemarkEnabled -XX:NewRatio=1 -Xss512k -XX:MaxMetaspaceSize=512m"},{"name":"SERVER_PORT","value":"8080"},{"name":"MSNEXT_DISABLED_MODULES","value":"msnext-customization"},{"name":"MANAGEMENT_PORT","value":"18080"},{"name":"METADATA_VALIDATION_ENABLE_FLAG","value":"false"},{"name":"MSNEXT_CONF_SOURCE_APP","value":"/etc/config"}],"resources":{"limits":{"cpu":"2","memory":"2Gi"},"requests":{"cpu":"200m","memory":"1Gi"}},"volumeMounts":[{"name":"prop-volume","mountPath":"/etc/config"},{"name":"default-token-vdgk4","readOnly":true,"mountPath":"/var/run/secrets/kubernetes.io/serviceaccount"}],"livenessProbe":{"httpGet":{"path":"/health","port":18080,"scheme":"HTTP"},"initialDelaySeconds":900,"timeoutSeconds":10,"periodSeconds":10,"successThreshold":1,"failureThreshold":3},"readinessProbe":{"httpGet":{"path":"/health","port":18080,"scheme":"HTTP"},"initialDelaySeconds":30,"timeoutSeconds":10,"periodSeconds":10,"successThreshold":1,"failureThreshold":3},"terminationMessagePath":"/dev/termination-log","terminationMessagePolicy":"File","imagePullPolicy":"IfNotPresent","securityContext":{"capabilities":{"drop":["MKNOD"]},"privileged":false}}],"restartPolicy":"Always","terminationGracePeriodSeconds":30,"dnsPolicy":"ClusterFirst","nodeSelector":{"region":"work"},"serviceAccountName":"default","serviceAccount":"default","nodeName":"ilocpde01w30.corp.amdocs.com","securityContext":{"seLinuxOptions":{"level":"s0:c82,c59"}},"imagePullSecrets":[{"name":"productorder-productorder-ms-secret"}],"schedulerName":"default-scheduler","tolerations":[{"key":"node.kubernetes.io/memory-pressure","operator":"Exists","effect":"NoSchedule"}]},"status":{"phase":"Running","conditions":[{"type":"Initialized","status":"True","lastProbeTime":null,"lastTransitionTime":"2018-09-13T06:52:54Z"},{"type":"Ready","status":"True","lastProbeTime":null,"lastTransitionTime":"2018-09-13T06:55:06Z"},{"type":"PodScheduled","status":"True","lastProbeTime":null,"lastTransitionTime":"2018-09-13T06:52:54Z"}],"podIP":"10.128.70.16","startTime":"2018-09-13T06:52:54Z","containerStatuses":[{"name":"productorder-productorder-service-container","state":{"running":{"startedAt":"2018-09-13T06:53:18Z"}},"lastState":{},"ready":true,"restartCount":0,"image":"illin5564.corp.amdocs.com:5000/productorder-productorder-service:0.1.1-0157","imageID":"docker-pullable://illin5564.corp.amdocs.com:5000/productorder-productorder-service@sha256:b6eeb2ec97ef72238ad7d8c883cf1b7709c6523b716300b4048efc1b0c525b45","containerID":"docker://f9094d4209ff6375cc48a42d652f2f27d0f4cd48a289137bd11ca467d2edb74c"}],"qosClass":"Burstable"}},{"metadata":{"name":"productorder-submitorder-d8968757-5t975","generateName":"productorder-submitorder-d8968757-","namespace":"oc-cd-1017-pranavd-pd","selfLink":"/api/v1/namespaces/oc-cd-1017-pranavd-pd/pods/productorder-submitorder-d8968757-5t975","uid":"a3dcb3f8-b721-11e8-bb86-0050569a887c","resourceVersion":"67376812","creationTimestamp":"2018-09-13T06:52:54Z","labels":{"app":"productorder-submitorder","microservice":"productorder-submitorder","pod-template-hash":"84524313","project":"productorder-submitorder","provider":"amdocs","release":"productorder-submitorder-release"},"annotations":{"fabric8.io/iconUrl":"img/icons/spring-boot.svg","git-commit":"0a3021f26f1d02bf05e59d4ae54268633e6651cc","openshift.io/scc":"anyuid-no-ps"},"ownerReferences":[{"apiVersion":"extensions/v1beta1","kind":"ReplicaSet","name":"productorder-submitorder-d8968757","uid":"a3d61cd6-b721-11e8-bb86-0050569a887c","controller":true,"blockOwnerDeletion":true}]},"spec":{"volumes":[{"name":"prop-volume","configMap":{"name":"productorder-submitorder-service-appconfig","defaultMode":420,"optional":true}},{"name":"default-token-vdgk4","secret":{"secretName":"default-token-vdgk4","defaultMode":420}}],"containers":[{"name":"productorder-submitorder-service-container","image":"illin5564.corp.amdocs.com:5000/productorder-submitorder-service:0.1.1-0058","ports":[{"name":"http","containerPort":8080,"protocol":"TCP"},{"name":"metrics","containerPort":5555,"protocol":"TCP"},{"name":"https","containerPort":8443,"protocol":"TCP"},{"name":"management","containerPort":18080,"protocol":"TCP"}],"env":[{"name":"KUBERNETES_NAMESPACE","valueFrom":{"fieldRef":{"apiVersion":"v1","fieldPath":"metadata.namespace"}}},{"name":"MSNEXT_JAVA_OPTS","value":" -Xms256m -Xmx1024m -XX:MaxRAM=2048m -XX:+DisableExplicitGC -XX:+UseConcMarkSweepGC -XX:+CMSParallelRemarkEnabled -XX:NewRatio=1 -Xss512k -XX:MaxMetaspaceSize=512m "},{"name":"SERVER_PORT","value":"8080"},{"name":"MSNEXT_DISABLED_MODULES","value":"msnext-customization"},{"name":"MANAGEMENT_PORT","value":"18080"},{"name":"TZ","value":"UTC"},{"name":"MSNEXT_CONF_SOURCE_APP","value":"/etc/config"}],"resources":{"limits":{"cpu":"2","memory":"2Gi"},"requests":{"cpu":"200m","memory":"1Gi"}},"volumeMounts":[{"name":"prop-volume","mountPath":"/etc/config"},{"name":"default-token-vdgk4","readOnly":true,"mountPath":"/var/run/secrets/kubernetes.io/serviceaccount"}],"livenessProbe":{"httpGet":{"path":"/health","port":18080,"scheme":"HTTP"},"initialDelaySeconds":900,"timeoutSeconds":10,"periodSeconds":10,"successThreshold":1,"failureThreshold":3},"readinessProbe":{"httpGet":{"path":"/health","port":18080,"scheme":"HTTP"},"initialDelaySeconds":30,"timeoutSeconds":10,"periodSeconds":10,"successThreshold":1,"failureThreshold":3},"terminationMessagePath":"/dev/termination-log","terminationMessagePolicy":"File","imagePullPolicy":"IfNotPresent","securityContext":{"capabilities":{"drop":["MKNOD"]},"privileged":false}}],"restartPolicy":"Always","terminationGracePeriodSeconds":30,"dnsPolicy":"ClusterFirst","nodeSelector":{"region":"work"},"serviceAccountName":"default","serviceAccount":"default","nodeName":"ilocpde01w27.corp.amdocs.com","securityContext":{"seLinuxOptions":{"level":"s0:c82,c59"}},"imagePullSecrets":[{"name":"productorder-submitorder-ms-secret"}],"schedulerName":"default-scheduler","tolerations":[{"key":"node.kubernetes.io/memory-pressure","operator":"Exists","effect":"NoSchedule"}]},"status":{"phase":"Running","conditions":[{"type":"Initialized","status":"True","lastProbeTime":null,"lastTransitionTime":"2018-09-13T06:52:54Z"},{"type":"Ready","status":"True","lastProbeTime":null,"lastTransitionTime":"2018-09-14T23:50:24Z"},{"type":"PodScheduled","status":"True","lastProbeTime":null,"lastTransitionTime":"2018-09-13T06:52:54Z"}],"hostIP":"10.245.251.168","podIP":"10.128.64.35","startTime":"2018-09-13T06:52:54Z","containerStatuses":[{"name":"productorder-submitorder-service-container","state":{"running":{"startedAt":"2018-09-14T23:49:26Z"}},"lastState":{"terminated":{"exitCode":143,"reason":"Error","startedAt":"2018-09-13T06:52:57Z","finishedAt":"2018-09-14T23:49:26Z","containerID":"docker://71634e8872d06f5ef5af8bb8f5e8f85d18e58cc4ff6d2e19e8bd67cbc2fb356c"}},"ready":true,"restartCount":1,"image":"illin5564.corp.amdocs.com:5000/productorder-submitorder-service:0.1.1-0058","imageID":"docker-pullable://illin5564.corp.amdocs.com:5000/productorder-submitorder-service@sha256:c27efa9eaba6dc40b73bd72d7e7cecaf8d8d0fc37586a24f27725a67fbfad450","containerID":"docker://3bb564daf22a78439ddce35c56072a1a6ebff088a597633d58fb7e159afd3e5a"}],"qosClass":"Burstable"}},{"metadata":{"name":"productorder-validateord-6ff986d487-k9p2v","generateName":"productorder-validateord-6ff986d487-","namespace":"oc-cd-1017-pranavd-pd","selfLink":"/api/v1/namespaces/oc-cd-1017-pranavd-pd/pods/productorder-validateord-6ff986d487-k9p2v","uid":"a3f5d245-b721-11e8-bb86-0050569a887c","resourceVersion":"66124333","creationTimestamp":"2018-09-13T06:52:54Z","labels":{"app":"productorder-validateord","microservice":"productorder-validateord","pod-template-hash":"2995428043","project":"productorder-validateorder","provider":"amdocs","release":"productorder-validateorder-release"},"annotations":{"fabric8.io/iconUrl":"img/icons/spring-boot.svg","git-commit":"77d8ca21bad87c4a2b45c43c1e396eb6b1776570","openshift.io/scc":"anyuid-no-ps"},"ownerReferences":[{"apiVersion":"extensions/v1beta1","kind":"ReplicaSet","name":"productorder-validateord-6ff986d487","uid":"a3eba5b1-b721-11e8-bb86-0050569a887c","controller":true,"blockOwnerDeletion":true}]},"spec":{"volumes":[{"name":"prop-volume","configMap":{"name":"productorder-validateorder-service-appconfig","defaultMode":420,"optional":true}},{"name":"default-token-vdgk4","secret":{"secretName":"default-token-vdgk4","defaultMode":420}}],"containers":[{"name":"productorder-validateorder-service-container","image":"illin5564.corp.amdocs.com:5000/productorder-validateorder-service:0.1.1-0062","ports":[{"name":"http","containerPort":8080,"protocol":"TCP"},{"name":"https","containerPort":8443,"protocol":"TCP"},{"name":"management","containerPort":18080,"protocol":"TCP"},{"name":"metrics","containerPort":5555,"protocol":"TCP"}],"env":[{"name":"KUBERNETES_NAMESPACE","valueFrom":{"fieldRef":{"apiVersion":"v1","fieldPath":"metadata.namespace"}}},{"name":"MSNEXT_JAVA_OPTS","value":" -Xms256m -Xmx1024m -XX:MaxRAM=2048m -XX:+DisableExplicitGC -XX:+UseConcMarkSweepGC -XX:+CMSParallelRemarkEnabled -XX:NewRatio=1 -Xss512k -XX:MaxMetaspaceSize=512m -Dcom.amdocs.msnext.securitya3s.url=http://10.238.196.7:30081/asmServices/services/v1.0"},{"name":"SERVER_PORT","value":"8080"},{"name":"MSNEXT_DISABLED_MODULES","value":"msnext-customization"},{"name":"MANAGEMENT_PORT","value":"18080"},{"name":"DEFAULT_VALIDATORS","value":"configuration,CustomerExistance,billing,ConfigurationAction,PortIn,Dates"},{"name":"MSNEXT_CONF_SOURCE_APP","value":"/etc/config"}],"resources":{"limits":{"cpu":"2","memory":"2Gi"},"requests":{"cpu":"200m","memory":"1Gi"}},"volumeMounts":[{"name":"prop-volume","mountPath":"/etc/config"},{"name":"default-token-vdgk4","readOnly":true,"mountPath":"/var/run/secrets/kubernetes.io/serviceaccount"}],"livenessProbe":{"httpGet":{"path":"/health","port":18080,"scheme":"HTTP"},"initialDelaySeconds":900,"timeoutSeconds":10,"periodSeconds":10,"successThreshold":1,"failureThreshold":3},"readinessProbe":{"httpGet":{"path":"/health","port":18080,"scheme":"HTTP"},"initialDelaySeconds":30,"timeoutSeconds":10,"periodSeconds":10,"successThreshold":1,"failureThreshold":3},"terminationMessagePath":"/dev/termination-log","terminationMessagePolicy":"File","imagePullPolicy":"IfNotPresent","securityContext":{"capabilities":{"drop":["MKNOD"]},"privileged":false}}],"restartPolicy":"Always","terminationGracePeriodSeconds":30,"dnsPolicy":"ClusterFirst","nodeSelector":{"region":"work"},"serviceAccountName":"default","serviceAccount":"default","nodeName":"ilocpde01w11.corp.amdocs.com","securityContext":{"seLinuxOptions":{"level":"s0:c82,c59"}},"imagePullSecrets":[{"name":"productorder-validateorder-ms-secret"}],"schedulerName":"default-scheduler","tolerations":[{"key":"node.kubernetes.io/memory-pressure","operator":"Exists","effect":"NoSchedule"}]},"status":{"phase":"Running","conditions":[{"type":"Initialized","status":"True","lastProbeTime":null,"lastTransitionTime":"2018-09-13T06:52:54Z"},{"type":"Ready","status":"True","lastProbeTime":null,"lastTransitionTime":"2018-09-13T06:54:11Z"},{"type":"PodScheduled","status":"True","lastProbeTime":null,"lastTransitionTime":"2018-09-13T06:52:54Z"}],"hostIP":"10.245.250.30","podIP":"10.128.35.29","startTime":"2018-09-13T06:52:54Z","containerStatuses":[{"name":"productorder-validateorder-service-container","state":{"running":{"startedAt":"2018-09-13T06:52:57Z"}},"lastState":{},"ready":true,"restartCount":0,"image":"illin5564.corp.amdocs.com:5000/productorder-validateorder-service:0.1.1-0062","imageID":"docker-pullable://illin5564.corp.amdocs.com:5000/productorder-validateorder-service@sha256:ddc5a533875575926b4dd3c1669311301cb042ae44fb97e7d6af387f2b581cdc","containerID":"docker://7f1f110659f4255ad1b5bb0cb076970269c04772392793403646475d9fb39f65"}],"qosClass":"Burstable"}},{"metadata":{"name":"productvalidator-release-67cc67b6c5-vxlqw","generateName":"productvalidator-release-67cc67b6c5-","namespace":"oc-cd-1017-pranavd-pd","selfLink":"/api/v1/namespaces/oc-cd-1017-pranavd-pd/pods/productvalidator-release-67cc67b6c5-vxlqw","uid":"a4068ce8-b721-11e8-bb86-0050569a887c","resourceVersion":"66124339","creationTimestamp":"2018-09-13T06:52:54Z","labels":{"app":"productvalidator-release","microservice":"productvalidator","pod-template-hash":"2377236271","project":"productvalidator","provider":"amdocs","release":"productvalidator-release"},"annotations":{"fabric8.io/iconUrl":"img/icons/spring-boot.svg","git-commit":"a90dd86978ce11c4816a0fabf64a0030562cd46d","openshift.io/scc":"anyuid-no-ps"},"ownerReferences":[{"apiVersion":"extensions/v1beta1","kind":"ReplicaSet","name":"productvalidator-release-67cc67b6c5","uid":"a3f93ac6-b721-11e8-bb86-0050569a887c","controller":true,"blockOwnerDeletion":true}]},"spec":{"volumes":[{"name":"prop-volume","configMap":{"name":"productvalidator-service-appconfig","defaultMode":420,"optional":true}},{"name":"default-token-vdgk4","secret":{"secretName":"default-token-vdgk4","defaultMode":420}}],"containers":[{"name":"productvalidator-service-container","image":"illin5564.corp.amdocs.com:5000/productvalidator-service:0.1.1-0077","ports":[{"name":"http","containerPort":8080,"protocol":"TCP"},{"name":"https","containerPort":8443,"protocol":"TCP"},{"name":"metrics","containerPort":5555,"protocol":"TCP"},{"name":"management","containerPort":18080,"protocol":"TCP"}],"env":[{"name":"KUBERNETES_NAMESPACE","valueFrom":{"fieldRef":{"apiVersion":"v1","fieldPath":"metadata.namespace"}}},{"name":"MSNEXT_JAVA_OPTS","value":" -Xms256m -Xmx1024m -XX:MaxRAM=2048m -XX:+DisableExplicitGC -XX:+UseConcMarkSweepGC -XX:+CMSParallelRemarkEnabled -XX:NewRatio=1 -Xss512k -XX:MaxMetaspaceSize=512m"},{"name":"SERVER_PORT","value":"8080"},{"name":"MSNEXT_DISABLED_MODULES","value":"msnext-customization"},{"name":"MANAGEMENT_PORT","value":"18080"},{"name":"MALLOC_ARENA_MAX","value":"4"},{"name":"MSNEXT_CONF_SOURCE_APP","value":"/etc/config"}],"resources":{"limits":{"cpu":"2","memory":"2Gi"},"requests":{"cpu":"200m","memory":"1Gi"}},"volumeMounts":[{"name":"prop-volume","mountPath":"/etc/config"},{"name":"default-token-vdgk4","readOnly":true,"mountPath":"/var/run/secrets/kubernetes.io/serviceaccount"}],"livenessProbe":{"httpGet":{"path":"/health","port":18080,"scheme":"HTTP"},"initialDelaySeconds":900,"timeoutSeconds":10,"periodSeconds":10,"successThreshold":1,"failureThreshold":3},"readinessProbe":{"httpGet":{"path":"/health","port":18080,"scheme":"HTTP"},"initialDelaySeconds":30,"timeoutSeconds":10,"periodSeconds":10,"successThreshold":1,"failureThreshold":3},"terminationMessagePath":"/dev/termination-log","terminationMessagePolicy":"File","imagePullPolicy":"IfNotPresent","securityContext":{"capabilities":{"drop":["MKNOD"]},"privileged":false}}],"restartPolicy":"Always","terminationGracePeriodSeconds":30,"dnsPolicy":"ClusterFirst","nodeSelector":{"region":"work"},"serviceAccountName":"default","serviceAccount":"default","nodeName":"ilocpde01w10.corp.amdocs.com","securityContext":{"seLinuxOptions":{"level":"s0:c82,c59"}},"imagePullSecrets":[{"name":"productvalidator-ms-secret"}],"schedulerName":"default-scheduler","tolerations":[{"key":"node.kubernetes.io/memory-pressure","operator":"Exists","effect":"NoSchedule"}]},"status":{"phase":"Running","conditions":[{"type":"Initialized","status":"True","lastProbeTime":null,"lastTransitionTime":"2018-09-13T06:52:54Z"},{"type":"Ready","status":"True","lastProbeTime":null,"lastTransitionTime":"2018-09-13T06:54:11Z"},{"type":"PodScheduled","status":"True","lastProbeTime":null,"lastTransitionTime":"2018-09-13T06:52:54Z"}],"hostIP":"10.245.250.29","podIP":"10.128.29.121","startTime":"2018-09-13T06:52:54Z","containerStatuses":[{"name":"productvalidator-service-container","state":{"running":{"startedAt":"2018-09-13T06:52:58Z"}},"lastState":{},"ready":true,"restartCount":0,"image":"illin5564.corp.amdocs.com:5000/productvalidator-service:0.1.1-0077","imageID":"docker-pullable://illin5564.corp.amdocs.com:5000/productvalidator-service@sha256:5eb5771ad6dd96450d663078fc22a631efb32f61bc98970fb263863bc56cc7f9","containerID":"docker://d5b986fc57cc2a24964127bb05cfbb6cbd557853e56fb072fab4d348723ab676"}],"qosClass":"Burstable"}},{"metadata":{"name":"promotion-command-service-574f9bbc84-wlphd","generateName":"promotion-command-service-574f9bbc84-","namespace":"oc-cd-1017-pranavd-pd","selfLink":"/api/v1/namespaces/oc-cd-1017-pranavd-pd/pods/promotion-command-service-574f9bbc84-wlphd","uid":"a41c4f60-b721-11e8-bb86-0050569a887c","resourceVersion":"66128560","creationTimestamp":"2018-09-13T06:52:54Z","labels":{"app":"promotion-command-service","group":"com.amdocs.catalogone","monitored":"prometheus","monitoring":"prometheus","pod-template-hash":"1309566740","prometheus":"amdocs-prometheus","provider":"amdocs","release":"promotion-release"},"annotations":{"openshift.io/scc":"anyuid-no-ps"},"ownerReferences":[{"apiVersion":"extensions/v1beta1","kind":"ReplicaSet","name":"promotion-command-service-574f9bbc84","uid":"a40fb391-b721-11e8-bb86-0050569a887c","controller":true,"blockOwnerDeletion":true}]},"spec":{"volumes":[{"name":"promotion-configmap","configMap":{"name":"promotion-configmap","items":[{"key":"application.yml","path":"application.yml"}],"defaultMode":420}},{"name":"promotion-command-nonfunc-configmap","configMap":{"name":"promotion-command-nonfunc-configmap","items":[{"key":"application-nonfunc.yml","path":"application-nonfunc.yml"}],"defaultMode":420}},{"name":"promotion-command-generic-kafka-configmap","configMap":{"name":"promotion-command-generic-kafka-configmap","items":[{"key":"application-generic-kafka.yml","path":"application-generic-kafka.yml"}],"defaultMode":420}},{"name":"default-token-vdgk4","secret":{"secretName":"default-token-vdgk4","defaultMode":420}}],"containers":[{"name":"promotion-command-service","image":"illin5225.corp.amdocs.com:5002/promotion-command-service:1.0.4","ports":[{"name":"server","containerPort":8080,"protocol":"TCP"},{"name":"management","containerPort":8081,"protocol":"TCP"},{"name":"server-debug","containerPort":9224,"protocol":"TCP"},{"name":"metrics","containerPort":5555,"protocol":"TCP"}],"env":[{"name":"MSNEXT_JAVA_OPTS","value":"-XX:+UnlockExperimentalVMOptions -XX:+UseCGroupMemoryLimitForHeap -XX:InitialRAMFraction=4 -XX:MaxRAMFraction=2 -XX:+PrintFlagsFinal"},{"name":"ENABLE_ZIPKIN","value":"false"},{"name":"MSNEXT_CONF_SOURCE_APP1","value":"/deployments/config/applications/promotion"},{"name":"MSNEXT_CONF_SOURCE_zzzNONFUNC","value":"/deployments/config/applications/promotion-command-nonfunc"},{"name":"MSNEXT_CONF_SOURCE_zzzGENERIC_KAFKA","value":"/deployments/config/applications/promotion-command-generic-kafka"},{"name":"ES_MS_HOST","value":"entity-search"}],"resources":{"limits":{"cpu":"1","memory":"768Mi"},"requests":{"cpu":"200m","memory":"500Mi"}},"volumeMounts":[{"name":"promotion-configmap","mountPath":"/deployments/config/applications/promotion"},{"name":"promotion-command-nonfunc-configmap","mountPath":"/deployments/config/applications/promotion-command-nonfunc"},{"name":"promotion-command-generic-kafka-configmap","mountPath":"/deployments/config/applications/promotion-command-generic-kafka"},{"name":"default-token-vdgk4","readOnly":true,"mountPath":"/var/run/secrets/kubernetes.io/serviceaccount"}],"livenessProbe":{"httpGet":{"path":"/health","port":8081,"scheme":"HTTP"},"initialDelaySeconds":450,"timeoutSeconds":1,"periodSeconds":10,"successThreshold":1,"failureThreshold":3},"readinessProbe":{"httpGet":{"path":"/health","port":8081,"scheme":"HTTP"},"initialDelaySeconds":120,"timeoutSeconds":1,"periodSeconds":10,"successThreshold":1,"failureThreshold":3},"terminationMessagePath":"/dev/termination-log","terminationMessagePolicy":"File","imagePullPolicy":"IfNotPresent","securityContext":{"capabilities":{"drop":["MKNOD"]}}}],"restartPolicy":"Always","terminationGracePeriodSeconds":30,"dnsPolicy":"ClusterFirst","nodeSelector":{"region":"work"},"serviceAccountName":"default","serviceAccount":"default","nodeName":"ilocpde01w04.corp.amdocs.com","securityContext":{"seLinuxOptions":{"level":"s0:c82,c59"}},"imagePullSecrets":[{"name":"promotion-command-illin5225-pull-secret"}],"schedulerName":"default-scheduler","tolerations":[{"key":"node.kubernetes.io/memory-pressure","operator":"Exists","effect":"NoSchedule"}]},"status":{"phase":"Running","conditions":[{"type":"Initialized","status":"True","lastProbeTime":null,"lastTransitionTime":"2018-09-13T06:52:55Z"},{"type":"Ready","status":"True","lastProbeTime":null,"lastTransitionTime":"2018-09-13T06:59:50Z"},{"type":"PodScheduled","status":"True","lastProbeTime":null,"lastTransitionTime":"2018-09-13T06:52:55Z"}],"hostIP":"10.245.250.23","podIP":"10.128.18.8","startTime":"2018-09-13T06:52:55Z","containerStatuses":[{"name":"promotion-command-service","state":{"running":{"startedAt":"2018-09-13T06:53:15Z"}},"lastState":{},"ready":true,"restartCount":0,"image":"illin5225.corp.amdocs.com:5002/promotion-command-service:1.0.4","imageID":"docker-pullable://illin5225.corp.amdocs.com:5002/promotion-command-service@sha256:da29c042400c9da4b407ead9260a6332c5f5c2baf44e9b88c2e803522dbe5266","containerID":"docker://e5cdba96d9107d628042823d0b31200c96d52a632bf1e15e2f51ef9916f63a79"}],"qosClass":"Burstable"}},{"metadata":{"name":"promotion-mapper-service-df5d46cbb-krtdq","generateName":"promotion-mapper-service-df5d46cbb-","namespace":"oc-cd-1017-pranavd-pd","selfLink":"/api/v1/namespaces/oc-cd-1017-pranavd-pd/pods/promotion-mapper-service-df5d46cbb-krtdq","uid":"a43512c4-b721-11e8-bb86-0050569a887c","resourceVersion":"66125584","creationTimestamp":"2018-09-13T06:52:55Z","labels":{"app":"promotion-mapper-service","group":"com.amdocs.catalogone","monitored":"prometheus","monitoring":"prometheus","pod-template-hash":"891802766","prometheus":"amdocs-prometheus","provider":"amdocs","release":"promotion-mapper-release"},"annotations":{"openshift.io/scc":"anyuid-no-ps"},"ownerReferences":[{"apiVersion":"extensions/v1beta1","kind":"ReplicaSet","name":"promotion-mapper-service-df5d46cbb","uid":"a4206af8-b721-11e8-bb86-0050569a887c","controller":true,"blockOwnerDeletion":true}]},"spec":{"volumes":[{"name":"promotion-mapper-configmap","configMap":{"name":"promotion-mapper-configmap","items":[{"key":"application.yml","path":"application.yml"}],"defaultMode":420}},{"name":"promotion-mapper-nonfunc-configmap","configMap":{"name":"promotion-mapper-nonfunc-configmap","items":[{"key":"application-nonfunc.yml","path":"application-nonfunc.yml"}],"defaultMode":420}},{"name":"promotion-mapper-generic-kafka-configmap","configMap":{"name":"promotion-mapper-generic-kafka-configmap","items":[{"key":"application-generic-kafka.yml","path":"application-generic-kafka.yml"}],"defaultMode":420}},{"name":"default-token-vdgk4","secret":{"secretName":"default-token-vdgk4","defaultMode":420}}],"containers":[{"name":"promotion-mapper-service","image":"illin5225.corp.amdocs.com:5002/promotion-mapper-service:1.1.0","ports":[{"name":"server","containerPort":8080,"protocol":"TCP"},{"name":"management","containerPort":8081,"protocol":"TCP"},{"name":"metrics","containerPort":5555,"protocol":"TCP"}],"env":[{"name":"MSNEXT_JAVA_OPTS","value":"-XX:+UnlockExperimentalVMOptions -XX:+UseCGroupMemoryLimitForHeap -XX:InitialRAMFraction=4 -XX:MaxRAMFraction=2 -XX:+PrintFlagsFinal"},{"name":"JAVA_ENABLE_DEBUG","value":"false"},{"name":"ENABLE_ZIPKIN","value":"true"},{"name":"MSNEXT_CONF_SOURCE_APP1","value":"/deployments/config/applications/promotion-mapper"},{"name":"MSNEXT_CONF_SOURCE_zzzNONFUNC","value":"/deployments/config/applications/promotion-mapper-nonfunc"},{"name":"MSNEXT_CONF_SOURCE_zzzGENERIC_KAFKA","value":"/deployments/config/applications/promotion-mapper-generic-kafka"},{"name":"CONSUME_EVENTS","value":"true"},{"name":"BR_MS_PROTOCOL","value":"http"}],"resources":{"limits":{"cpu":"1","memory":"768Mi"},"requests":{"cpu":"200m","memory":"500Mi"}},"volumeMounts":[{"name":"promotion-mapper-configmap","mountPath":"/deployments/config/applications/promotion-mapper"},{"name":"promotion-mapper-nonfunc-configmap","mountPath":"/deployments/config/applications/promotion-mapper-nonfunc"},{"name":"promotion-mapper-generic-kafka-configmap","mountPath":"/deployments/config/applications/promotion-mapper-generic-kafka"},{"name":"default-token-vdgk4","readOnly":true,"mountPath":"/var/run/secrets/kubernetes.io/serviceaccount"}],"livenessProbe":{"httpGet":{"path":"/health","port":8081,"scheme":"HTTP"},"initialDelaySeconds":450,"timeoutSeconds":1,"periodSeconds":10,"successThreshold":1,"failureThreshold":3},"readinessProbe":{"httpGet":{"path":"/health","port":8081,"scheme":"HTTP"},"initialDelaySeconds":120,"timeoutSeconds":1,"periodSeconds":10,"successThreshold":1,"failureThreshold":3},"terminationMessagePath":"/dev/termination-log","terminationMessagePolicy":"File","imagePullPolicy":"IfNotPresent","securityContext":{"capabilities":{"drop":["MKNOD"]}}}],"restartPolicy":"Always","terminationGracePeriodSeconds":30,"dnsPolicy":"ClusterFirst","nodeSelector":{"region":"work"},"serviceAccountName":"default","serviceAccount":"default","nodeName":"ilocpde01w11.corp.amdocs.com","securityContext":{"seLinuxOptions":{"level":"s0:c82,c59"}},"imagePullSecrets":[{"name":"promotion-mapper-pull-secret"}],"schedulerName":"default-scheduler","tolerations":[{"key":"node.kubernetes.io/memory-pressure","operator":"Exists","effect":"NoSchedule"}]},"status":{"phase":"Running","conditions":[{"type":"Initialized","status":"True","lastProbeTime":null,"lastTransitionTime":"2018-09-13T06:52:55Z"},{"type":"Ready","status":"True","lastProbeTime":null,"lastTransitionTime":"2018-09-13T06:55:24Z"},{"type":"PodScheduled","status":"True","lastProbeTime":null,"lastTransitionTime":"2018-09-13T06:52:55Z"}],"hostIP":"10.245.250.30","podIP":"10.128.35.33","startTime":"2018-09-13T06:52:55Z","containerStatuses":[{"name":"promotion-mapper-service","state":{"running":{"startedAt":"2018-09-13T06:53:21Z"}},"lastState":{},"ready":true,"restartCount":0,"image":"illin5225.corp.amdocs.com:5002/promotion-mapper-service:1.1.0","imageID":"docker-pullable://illin5225.corp.amdocs.com:5002/promotion-mapper-service@sha256:c0d9a7870979e711428e74322c694bfe36744cad3400f847c09599ddbe8de5a7","containerID":"docker://f0b31ec8a7065b1f949a485563fdcf63c2a972133346296f84d6b5662b33475c"}],"qosClass":"Burstable"}},{"metadata":{"name":"promotion-productofferin-7d7665b8d9-rtjzn","generateName":"promotion-productofferin-7d7665b8d9-","namespace":"oc-cd-1017-pranavd-pd","selfLink":"/api/v1/namespaces/oc-cd-1017-pranavd-pd/pods/promotion-productofferin-7d7665b8d9-rtjzn","uid":"a4446a4b-b721-11e8-bb86-0050569a887c","resourceVersion":"66124646","creationTimestamp":"2018-09-13T06:52:55Z","labels":{"app":"promotion-productofferin","microservice":"promotion-productofferin","pod-template-hash":"3832216485","project":"promotion-productofferingcriteria","provider":"amdocs","release":"promotion-productofferingcriteria-release"},"annotations":{"fabric8.io/iconUrl":"img/icons/spring-boot.svg","git-commit":"95ec406533683207ce32547e18834038ab5a9b21","openshift.io/scc":"anyuid-no-ps"},"ownerReferences":[{"apiVersion":"extensions/v1beta1","kind":"ReplicaSet","name":"promotion-productofferin-7d7665b8d9","uid":"a43c21f3-b721-11e8-bb86-0050569a887c","controller":true,"blockOwnerDeletion":true}]},"spec":{"volumes":[{"name":"prop-volume","configMap":{"name":"promotion-productofferingcriteria-service-appconfigmap","defaultMode":420}},{"name":"default-token-vdgk4","secret":{"secretName":"default-token-vdgk4","defaultMode":420}}],"containers":[{"name":"promotion-productofferingcriteria-service-container","image":"illin5564.corp.amdocs.com:5000/promotion-productofferingcriteria-service:0.1.1-0033","ports":[{"name":"metrics","containerPort":5555,"protocol":"TCP"},{"name":"http","containerPort":8080,"protocol":"TCP"},{"name":"management","containerPort":18080,"protocol":"TCP"}],"env":[{"name":"KUBERNETES_NAMESPACE","valueFrom":{"fieldRef":{"apiVersion":"v1","fieldPath":"metadata.namespace"}}},{"name":"MSNEXT_JAVA_OPTS","value":" -Xms256m -Xmx1024m -XX:MaxRAM=2048m -XX:+DisableExplicitGC -XX:+UseConcMarkSweepGC -XX:+CMSParallelRemarkEnabled -XX:NewRatio=1 -Xss512k -XX:MaxMetaspaceSize=512m -Dcom.amdocs.msnext.securitya3s.url=http://10.238.196.7:30081/asmServices/services/v1.0"},{"name":"MSNEXT_CONF_SOURCE_APP","value":"/etc/config"},{"name":"MSNEXT_DISABLED_MODULES","value":"msnext-customization"},{"name":"MANAGEMENT_PORT","value":"18080"},{"name":"SERVER_PORT","value":"8080"},{"name":"MSNEXT_CONF_SOURCE_APP","value":"/etc/config"}],"resources":{"limits":{"cpu":"2","memory":"2Gi"},"requests":{"cpu":"200m","memory":"1Gi"}},"volumeMounts":[{"name":"prop-volume","mountPath":"/etc/config"},{"name":"default-token-vdgk4","readOnly":true,"mountPath":"/var/run/secrets/kubernetes.io/serviceaccount"}],"livenessProbe":{"httpGet":{"path":"/health","port":18080,"scheme":"HTTP"},"initialDelaySeconds":900,"timeoutSeconds":10,"periodSeconds":10,"successThreshold":1,"failureThreshold":3},"readinessProbe":{"httpGet":{"path":"/health","port":18080,"scheme":"HTTP"},"initialDelaySeconds":30,"timeoutSeconds":10,"periodSeconds":10,"successThreshold":1,"failureThreshold":3},"terminationMessagePath":"/dev/termination-log","terminationMessagePolicy":"File","imagePullPolicy":"IfNotPresent","securityContext":{"capabilities":{"drop":["MKNOD"]},"privileged":false}}],"restartPolicy":"Always","terminationGracePeriodSeconds":30,"dnsPolicy":"ClusterFirst","nodeSelector":{"region":"work"},"serviceAccountName":"default","serviceAccount":"default","nodeName":"ilocpde01w23.corp.amdocs.com","securityContext":{"seLinuxOptions":{"level":"s0:c82,c59"}},"imagePullSecrets":[{"name":"promotion-productofferingcriteria-ms-secret"}],"schedulerName":"default-scheduler","tolerations":[{"key":"node.kubernetes.io/memory-pressure","operator":"Exists","effect":"NoSchedule"}]},"status":{"phase":"Running","conditions":[{"type":"Initialized","status":"True","lastProbeTime":null,"lastTransitionTime":"2018-09-13T06:52:55Z"},{"type":"Ready","status":"True","lastProbeTime":null,"lastTransitionTime":"2018-09-13T06:54:32Z"},{"type":"PodScheduled","status":"True","lastProbeTime":null,"lastTransitionTime":"2018-09-13T06:52:55Z"}],"hostIP":"10.245.251.164","podIP":"10.128.54.27","startTime":"2018-09-13T06:52:55Z","containerStatuses":[{"name":"promotion-productofferingcriteria-service-container","state":{"running":{"startedAt":"2018-09-13T06:53:18Z"}},"lastState":{},"ready":true,"restartCount":0,"image":"illin5564.corp.amdocs.com:5000/promotion-productofferingcriteria-service:0.1.1-0033","imageID":"docker-pullable://illin5564.corp.amdocs.com:5000/promotion-productofferingcriteria-service@sha256:2e034733153b53d8cca4a680139f3b86ad6e023b1b0f668f967b09288a1844df","containerID":"docker://0a8a9b68d828fd6f975cb0dcad44dc03a2cca21eb7b2d13dc28fa78afc896b7a"}],"qosClass":"Burstable"}},{"metadata":{"name":"promotion-promotion-release-promotion-promotion-7f695bd886rkrjs","generateName":"promotion-promotion-release-promotion-promotion-7f695bd886-","namespace":"oc-cd-1017-pranavd-pd","selfLink":"/api/v1/namespaces/oc-cd-1017-pranavd-pd/pods/promotion-promotion-release-promotion-promotion-7f695bd886rkrjs","uid":"a45c6345-b721-11e8-bb86-0050569a887c","resourceVersion":"66124569","creationTimestamp":"2018-09-13T06:52:55Z","labels":{"app":"promotion-promotion-release-promotion-promotion","microservice":"promotion-promotion","pod-template-hash":"3925168442","project":"promotion-promotion","provider":"amdocs","release":"promotion-promotion-release"},"annotations":{"fabric8.io/iconUrl":"img/icons/spring-boot.svg","git-commit":"4beb83853517e22e60b2c40b93cb9a65152cd6b9","openshift.io/scc":"anyuid-no-ps"},"ownerReferences":[{"apiVersion":"extensions/v1beta1","kind":"ReplicaSet","name":"promotion-promotion-release-promotion-promotion-7f695bd886","uid":"a451eea5-b721-11e8-bb86-0050569a887c","controller":true,"blockOwnerDeletion":true}]},"spec":{"volumes":[{"name":"prop-volume","configMap":{"name":"promotion-promotion-appconfigmap","defaultMode":420}},{"name":"default-token-vdgk4","secret":{"secretName":"default-token-vdgk4","defaultMode":420}}],"containers":[{"name":"promotion-promotion-service-container","image":"illin5564.corp.amdocs.com:5000/promotion-promotion-service:0.1.1-0052","ports":[{"name":"metrics","containerPort":5555,"protocol":"TCP"},{"name":"http","containerPort":8080,"protocol":"TCP"},{"name":"management","containerPort":18080,"protocol":"TCP"}],"env":[{"name":"KUBERNETES_NAMESPACE","valueFrom":{"fieldRef":{"apiVersion":"v1","fieldPath":"metadata.namespace"}}},{"name":"MSNEXT_JAVA_OPTS","value":" -Xms256m -Xmx1024m -XX:MaxRAM=2048m -XX:+DisableExplicitGC -XX:+UseConcMarkSweepGC -XX:+CMSParallelRemarkEnabled -XX:NewRatio=1 -Xss512k -XX:MaxMetaspaceSize=512m -Dcom.amdocs.msnext.securitya3s.url=http://10.238.196.7:30081/asmServices/services/v1.0"},{"name":"MSNEXT_CONF_SOURCE_APP","value":"/etc/config"},{"name":"MSNEXT_DISABLED_MODULES","value":"msnext-customization"},{"name":"MANAGEMENT_PORT","value":"18080"},{"name":"SERVER_PORT","value":"8080"}],"resources":{"limits":{"cpu":"2","memory":"2Gi"},"requests":{"cpu":"200m","memory":"1Gi"}},"volumeMounts":[{"name":"prop-volume","mountPath":"/etc/config"},{"name":"default-token-vdgk4","readOnly":true,"mountPath":"/var/run/secrets/kubernetes.io/serviceaccount"}],"livenessProbe":{"httpGet":{"path":"/health","port":18080,"scheme":"HTTP"},"initialDelaySeconds":900,"timeoutSeconds":10,"periodSeconds":10,"successThreshold":1,"failureThreshold":3},"readinessProbe":{"httpGet":{"path":"/health","port":18080,"scheme":"HTTP"},"initialDelaySeconds":30,"timeoutSeconds":10,"periodSeconds":10,"successThreshold":1,"failureThreshold":3},"terminationMessagePath":"/dev/termination-log","terminationMessagePolicy":"File","imagePullPolicy":"IfNotPresent","securityContext":{"capabilities":{"drop":["MKNOD"]},"privileged":false}}],"restartPolicy":"Always","terminationGracePeriodSeconds":30,"dnsPolicy":"ClusterFirst","nodeSelector":{"region":"work"},"serviceAccountName":"default","serviceAccount":"default","nodeName":"ilocpde01w20.corp.amdocs.com","securityContext":{"seLinuxOptions":{"level":"s0:c82,c59"}},"imagePullSecrets":[{"name":"promotion-promotion-ms-secret"}],"schedulerName":"default-scheduler","tolerations":[{"key":"node.kubernetes.io/memory-pressure","operator":"Exists","effect":"NoSchedule"}]},"status":{"phase":"Running","conditions":[{"type":"Initialized","status":"True","lastProbeTime":null,"lastTransitionTime":"2018-09-13T06:52:55Z"},{"type":"Ready","status":"True","lastProbeTime":null,"lastTransitionTime":"2018-09-13T06:54:27Z"},{"type":"PodScheduled","status":"True","lastProbeTime":null,"lastTransitionTime":"2018-09-13T06:52:55Z"}],"podIP":"10.128.49.133","startTime":"2018-09-13T06:52:55Z","containerStatuses":[{"name":"promotion-promotion-service-container","state":{"running":{"startedAt":"2018-09-13T06:53:17Z"}},"lastState":{},"ready":true,"restartCount":0,"image":"illin5564.corp.amdocs.com:5000/promotion-promotion-service:0.1.1-0052","imageID":"docker-pullable://illin5564.corp.amdocs.com:5000/promotion-promotion-service@sha256:e8732ffa8e3bc7ec9fe25c0c818e8310a8eb22f2eb72819eb99c893c50002413","containerID":"docker://6ebf161c168c0e73b9fdd982f5b79a581741f46a328f7a27dc38a1933691f964"}],"qosClass":"Burstable"}},{"metadata":{"name":"promotion-qualifictn-release-promotion-qualification-868f5jtmpj","generateName":"promotion-qualifictn-release-promotion-qualification-868f5b4b57-","namespace":"oc-cd-1017-pranavd-pd","selfLink":"/api/v1/namespaces/oc-cd-1017-pranavd-pd/pods/promotion-qualifictn-release-promotion-qualification-868f5jtmpj","uid":"a46cf150-b721-11e8-bb86-0050569a887c","resourceVersion":"66124396","creationTimestamp":"2018-09-13T06:52:55Z","labels":{"app":"promotion-qualifictn-release-promotion-qualification","microservice":"promotion-qualification","pod-template-hash":"4249160613","project":"promotion-qualification","provider":"amdocs","release":"promotion-qualifictn-release"},"annotations":{"fabric8.io/iconUrl":"img/icons/spring-boot.svg","git-commit":"2958a63f49dd0ed288dc67240564cee4bbb5852c","openshift.io/scc":"anyuid-no-ps"},"ownerReferences":[{"apiVersion":"extensions/v1beta1","kind":"ReplicaSet","name":"promotion-qualifictn-release-promotion-qualification-868f5b4b57","uid":"a45c6496-b721-11e8-bb86-0050569a887c","controller":true,"blockOwnerDeletion":true}]},"spec":{"volumes":[{"name":"prop-volume","configMap":{"name":"promotion-qualification-appconfigmap","defaultMode":420}},{"name":"default-token-vdgk4","secret":{"secretName":"default-token-vdgk4","defaultMode":420}}],"containers":[{"name":"promotion-qualification-service-container","image":"illin5564.corp.amdocs.com:5000/promotion-qualification-service:0.1.1-0048","ports":[{"name":"metrics","containerPort":5555,"protocol":"TCP"},{"name":"http","containerPort":8080,"protocol":"TCP"},{"name":"management","containerPort":18080,"protocol":"TCP"}],"env":[{"name":"KUBERNETES_NAMESPACE","valueFrom":{"fieldRef":{"apiVersion":"v1","fieldPath":"metadata.namespace"}}},{"name":"MSNEXT_JAVA_OPTS","value":" -Xms256m -Xmx1024m -XX:MaxRAM=2048m -XX:+DisableExplicitGC -XX:+UseConcMarkSweepGC -XX:+CMSParallelRemarkEnabled -XX:NewRatio=1 -Xss512k -XX:MaxMetaspaceSize=512m -Dcom.amdocs.msnext.securitya3s.url=http://10.238.196.7:30081/asmServices/services/v1.0"},{"name":"MSNEXT_CONF_SOURCE_APP","value":"/etc/config"},{"name":"MSNEXT_DISABLED_MODULES","value":"msnext-customization"},{"name":"MANAGEMENT_PORT","value":"18080"},{"name":"SERVER_PORT","value":"8080"},{"name":"MSNEXT_CONF_SOURCE_APP","value":"/etc/config"}],"resources":{"limits":{"cpu":"2","memory":"2Gi"},"requests":{"cpu":"200m","memory":"1Gi"}},"volumeMounts":[{"name":"prop-volume","mountPath":"/etc/config"},{"name":"default-token-vdgk4","readOnly":true,"mountPath":"/var/run/secrets/kubernetes.io/serviceaccount"}],"livenessProbe":{"httpGet":{"path":"/health","port":18080,"scheme":"HTTP"},"initialDelaySeconds":900,"timeoutSeconds":10,"periodSeconds":10,"successThreshold":1,"failureThreshold":3},"readinessProbe":{"httpGet":{"path":"/health","port":18080,"scheme":"HTTP"},"initialDelaySeconds":30,"timeoutSeconds":10,"periodSeconds":10,"successThreshold":1,"failureThreshold":3},"terminationMessagePath":"/dev/termination-log","terminationMessagePolicy":"File","imagePullPolicy":"IfNotPresent","securityContext":{"capabilities":{"drop":["MKNOD"]},"privileged":false}}],"restartPolicy":"Always","terminationGracePeriodSeconds":30,"dnsPolicy":"ClusterFirst","nodeSelector":{"region":"work"},"serviceAccountName":"default","serviceAccount":"default","nodeName":"ilocpde01w19.corp.amdocs.com","securityContext":{"seLinuxOptions":{"level":"s0:c82,c59"}},"imagePullSecrets":[{"name":"promotion-qualification-ms-secret"}],"schedulerName":"default-scheduler","tolerations":[{"key":"node.kubernetes.io/memory-pressure","operator":"Exists","effect":"NoSchedule"}]},"status":{"phase":"Running","conditions":[{"type":"Initialized","status":"True","lastProbeTime":null,"lastTransitionTime":"2018-09-13T06:52:55Z"},{"type":"Ready","status":"True","lastProbeTime":null,"lastTransitionTime":"2018-09-13T06:54:16Z"},{"type":"PodScheduled","status":"True","lastProbeTime":null,"lastTransitionTime":"2018-09-13T06:52:55Z"}],"hostIP":"10.245.251.160","podIP":"10.128.50.204","startTime":"2018-09-13T06:52:55Z","containerStatuses":[{"name":"promotion-qualification-service-container","state":{"running":{"startedAt":"2018-09-13T06:53:16Z"}},"lastState":{},"ready":true,"restartCount":0,"image":"illin5564.corp.amdocs.com:5000/promotion-qualification-service:0.1.1-0048","imageID":"docker-pullable://illin5564.corp.amdocs.com:5000/promotion-qualification-service@sha256:25776a5af4ed0f1cf0b55f69830447356cb22716798a369696f2b21e9cc3f7d2","containerID":"docker://192fc418e7ccca4d640d42dd5298080219bb85b14eeb8e582d87471fd2d21974"}],"qosClass":"Burstable"}},{"metadata":{"name":"promotion-saleschannelcr-67b765b496-6zgdc","generateName":"promotion-saleschannelcr-67b765b496-","namespace":"oc-cd-1017-pranavd-pd","selfLink":"/api/v1/namespaces/oc-cd-1017-pranavd-pd/pods/promotion-saleschannelcr-67b765b496-6zgdc","uid":"a47ea774-b721-11e8-bb86-0050569a887c","resourceVersion":"66124688","creationTimestamp":"2018-09-13T06:52:55Z","labels":{"app":"promotion-saleschannelcr","microservice":"promotion-saleschannelcr","pod-template-hash":"2363216052","project":"promotion-saleschannelcriteria","provider":"amdocs","release":"promotion-saleschannelcriteria-release"},"annotations":{"fabric8.io/iconUrl":"img/icons/spring-boot.svg","git-commit":"ccc972c8328e07471d64d4f08d72544c9c5f23df","openshift.io/scc":"anyuid-no-ps"},"ownerReferences":[{"apiVersion":"extensions/v1beta1","kind":"ReplicaSet","name":"promotion-saleschannelcr-67b765b496","uid":"a46f950b-b721-11e8-bb86-0050569a887c","controller":true,"blockOwnerDeletion":true}]},"spec":{"volumes":[{"name":"prop-volume","configMap":{"name":"promotion-saleschannelcriteria-service-appconfigmap","defaultMode":420}},{"name":"default-token-vdgk4","secret":{"secretName":"default-token-vdgk4","defaultMode":420}}],"containers":[{"name":"promotion-saleschannelcriteria-service-container","image":"illin5564.corp.amdocs.com:5000/promotion-saleschannelcriteria-service:0.1.1-0008","ports":[{"name":"http","containerPort":8080,"protocol":"TCP"},{"name":"management","containerPort":18080,"protocol":"TCP"}],"env":[{"name":"KUBERNETES_NAMESPACE","valueFrom":{"fieldRef":{"apiVersion":"v1","fieldPath":"metadata.namespace"}}},{"name":"MSNEXT_JAVA_OPTS","value":" -Xms256m -Xmx1024m -XX:MaxRAM=2048m -XX:+DisableExplicitGC -XX:+UseConcMarkSweepGC -XX:+CMSParallelRemarkEnabled -XX:NewRatio=1 -Xss512k -XX:MaxMetaspaceSize=512m -Dcom.amdocs.msnext.securitya3s.url=http://10.238.196.7:30081/asmServices/services/v1.0"},{"name":"MSNEXT_CONF_SOURCE_APP","value":"/etc/config"},{"name":"MSNEXT_DISABLED_MODULES","value":"msnext-customization"},{"name":"MANAGEMENT_PORT","value":"18080"},{"name":"SERVER_PORT","value":"8080"}],"resources":{"limits":{"cpu":"2","memory":"2Gi"},"requests":{"cpu":"200m","memory":"1Gi"}},"volumeMounts":[{"name":"prop-volume","mountPath":"/etc/config"},{"name":"default-token-vdgk4","readOnly":true,"mountPath":"/var/run/secrets/kubernetes.io/serviceaccount"}],"livenessProbe":{"httpGet":{"path":"/health","port":18080,"scheme":"HTTP"},"initialDelaySeconds":900,"timeoutSeconds":10,"periodSeconds":10,"successThreshold":1,"failureThreshold":3},"readinessProbe":{"httpGet":{"path":"/health","port":18080,"scheme":"HTTP"},"initialDelaySeconds":30,"timeoutSeconds":10,"periodSeconds":10,"successThreshold":1,"failureThreshold":3},"terminationMessagePath":"/dev/termination-log","terminationMessagePolicy":"File","imagePullPolicy":"IfNotPresent","securityContext":{"capabilities":{"drop":["MKNOD"]},"privileged":false}}],"restartPolicy":"Always","terminationGracePeriodSeconds":30,"dnsPolicy":"ClusterFirst","nodeSelector":{"region":"work"},"serviceAccountName":"default","serviceAccount":"default","nodeName":"ilocpde01w18.corp.amdocs.com","securityContext":{"seLinuxOptions":{"level":"s0:c82,c59"}},"imagePullSecrets":[{"name":"promotion-saleschannelcriteria-ms-secret"}],"schedulerName":"default-scheduler","tolerations":[{"key":"node.kubernetes.io/memory-pressure","operator":"Exists","effect":"NoSchedule"}]},"status":{"phase":"Running","conditions":[{"type":"Initialized","status":"True","lastProbeTime":null,"lastTransitionTime":"2018-09-13T06:52:55Z"},{"type":"Ready","status":"True","lastProbeTime":null,"lastTransitionTime":"2018-09-13T06:54:34Z"},{"type":"PodScheduled","status":"True","lastProbeTime":null,"lastTransitionTime":"2018-09-13T06:52:55Z"}],"hostIP":"10.245.250.37","podIP":"10.128.45.124","startTime":"2018-09-13T06:52:55Z","containerStatuses":[{"name":"promotion-saleschannelcriteria-service-container","state":{"running":{"startedAt":"2018-09-13T06:53:30Z"}},"lastState":{},"ready":true,"restartCount":0,"image":"illin5564.corp.amdocs.com:5000/promotion-saleschannelcriteria-service:0.1.1-0008","imageID":"docker-pullable://illin5564.corp.amdocs.com:5000/promotion-saleschannelcriteria-service@sha256:6071dc2584034ac5dc45b284b558e7439a3a53e0bdfe68c072f82c6a42af9d63","containerID":"docker://d18a3d4618d42b2ef86ba5d31cbcab1c0b74387e47dfce384f9d5d8e4b54236d"}],"qosClass":"Burstable"}},{"metadata":{"name":"release-management-service-5c467956d8-swbrp","generateName":"release-management-service-5c467956d8-","namespace":"oc-cd-1017-pranavd-pd","selfLink":"/api/v1/namespaces/oc-cd-1017-pranavd-pd/pods/release-management-service-5c467956d8-swbrp","uid":"a49de1dc-b721-11e8-bb86-0050569a887c","resourceVersion":"66126540","creationTimestamp":"2018-09-13T06:52:55Z","labels":{"app":"release-management-service","group":"com.amdocs.catalogone","pod-template-hash":"1702351284","prometheus":"amdocs-prometheus","provider":"amdocs","release":"release-management-release"},"annotations":{"openshift.io/scc":"anyuid-no-ps"},"ownerReferences":[{"apiVersion":"extensions/v1beta1","kind":"ReplicaSet","name":"release-management-service-5c467956d8","uid":"a4955450-b721-11e8-bb86-0050569a887c","controller":true,"blockOwnerDeletion":true}]},"spec":{"volumes":[{"name":"release-configmap","configMap":{"name":"release-configmap","items":[{"key":"application.yml","path":"application.yml"}],"defaultMode":420}},{"name":"default-token-vdgk4","secret":{"secretName":"default-token-vdgk4","defaultMode":420}}],"containers":[{"name":"release-management-service","image":"illin5225.corp.amdocs.com:5002/release-management-service:1.6.0","ports":[{"name":"server","containerPort":8080,"protocol":"TCP"},{"name":"management","containerPort":8081,"protocol":"TCP"},{"name":"metrics","containerPort":5555,"protocol":"TCP"},{"name":"debug","containerPort":5005,"protocol":"TCP"}],"env":[{"name":"MSNEXT_JAVA_OPTS","value":"-XX:+UnlockExperimentalVMOptions -XX:+UseCGroupMemoryLimitForHeap -XX:InitialRAMFraction=4 -XX:MaxRAMFraction=2 -XX:+PrintFlagsFinal"},{"name":"COUCHBASE_HOST","value":"catalog1-couchbase-service"},{"name":"ENABLE_ZIPKIN","value":"false"},{"name":"MSNEXT_CONF_SOURCE_APP1","value":"/deployments/config/applications/release"},{"name":"CONSUME_EVENTS","value":"true"},{"name":"KAFKA_TEST_HOST","value":"release-management-kafka-feature-repo-kafka"},{"name":"ZOOKEEPER_TEST_HOST","value":"release-management-kafka-feature-repo-zookeeper"},{"name":"KAFKA_PRODUCTION_HOST","value":"kafka-service"},{"name":"ZOOKEEPER_PRODUCTION_HOST","value":"zookeeper-service"},{"name":"REPO_MS_HOST","value":"repo-service:8080"},{"name":"REPO_MS_PROTOCOL","value":"http"},{"name":"REPOSITORY_NAME","value":"CatalogOne"},{"name":"REPOSITORY_WORKSTREAM","value":"production"},{"name":"BUSINESS_REQUEST_MS_HOST","value":"business-request-service:8080"},{"name":"BUSINESS_REQUEST_MS_PROTOCOL","value":"http"},{"name":"DELTA_IN_SEC_EXPOSURE","value":"300"},{"name":"NUMBER_OF_ENTITIES_PER_EVENT","value":"200"},{"name":"SPLIT_ALL_EVENTS","value":"true"},{"name":"JAVA_ENABLE_DEBUG","value":"false"},{"name":"TESTING_ENVIRONMENT_MODE","value":"singleContext"}],"resources":{"limits":{"cpu":"1","memory":"1Gi"},"requests":{"cpu":"200m","memory":"500Mi"}},"volumeMounts":[{"name":"release-configmap","mountPath":"/deployments/config/applications/release"},{"name":"default-token-vdgk4","readOnly":true,"mountPath":"/var/run/secrets/kubernetes.io/serviceaccount"}],"livenessProbe":{"httpGet":{"path":"/health","port":8081,"scheme":"HTTP"},"initialDelaySeconds":450,"timeoutSeconds":1,"periodSeconds":10,"successThreshold":1,"failureThreshold":3},"readinessProbe":{"httpGet":{"path":"/health","port":8081,"scheme":"HTTP"},"initialDelaySeconds":180,"timeoutSeconds":1,"periodSeconds":10,"successThreshold":1,"failureThreshold":3},"terminationMessagePath":"/dev/termination-log","terminationMessagePolicy":"File","imagePullPolicy":"IfNotPresent","securityContext":{"capabilities":{"drop":["MKNOD"]}}}],"restartPolicy":"Always","terminationGracePeriodSeconds":30,"dnsPolicy":"ClusterFirst","nodeSelector":{"region":"work"},"serviceAccountName":"default","serviceAccount":"default","nodeName":"ilocpde01w34.corp.amdocs.com","securityContext":{"seLinuxOptions":{"level":"s0:c82,c59"}},"imagePullSecrets":[{"name":"release-illin5225-pull-secret"}],"schedulerName":"default-scheduler","tolerations":[{"key":"node.kubernetes.io/memory-pressure","operator":"Exists","effect":"NoSchedule"}]},"status":{"phase":"Running","conditions":[{"type":"Initialized","status":"True","lastProbeTime":null,"lastTransitionTime":"2018-09-13T06:52:55Z"},{"type":"Ready","status":"True","lastProbeTime":null,"lastTransitionTime":"2018-09-13T06:56:34Z"},{"type":"PodScheduled","status":"True","lastProbeTime":null,"lastTransitionTime":"2018-09-13T06:52:55Z"}],"hostIP":"10.245.251.175","podIP":"10.128.78.116","startTime":"2018-09-13T06:52:55Z","containerStatuses":[{"name":"release-management-service","state":{"running":{"startedAt":"2018-09-13T06:53:33Z"}},"lastState":{},"ready":true,"restartCount":0,"image":"illin5225.corp.amdocs.com:5002/release-management-service:1.6.0","imageID":"docker-pullable://illin5225.corp.amdocs.com:5002/release-management-service@sha256:838add29742a5fb495374c8f4481b16450fb249feb27ff5d52ad3d7a29649715","containerID":"docker://5c0ad2192be6da3b4d9d599173ad5e22a19229e8f8cad6613e3277695c4f5526"}],"qosClass":"Burstable"}},{"metadata":{"name":"repo-service-release-catalog-repo-plugin-helm-7564b7dcf8-zlt9j","generateName":"repo-service-release-catalog-repo-plugin-helm-7564b7dcf8-","namespace":"oc-cd-1017-pranavd-pd","selfLink":"/api/v1/namespaces/oc-cd-1017-pranavd-pd/pods/repo-service-release-catalog-repo-plugin-helm-7564b7dcf8-zlt9j","uid":"a4ab2b1e-b721-11e8-bb86-0050569a887c","resourceVersion":"67821189","creationTimestamp":"2018-09-13T06:52:55Z","labels":{"app":"catalog-repo-plugin-helm","chart":"catalog-repo-plugin-helm-2.0.0","group":"com.amdocs.foundation.repo","pod-template-hash":"3120638794","provider":"amdocs","release":"repo-service-release"},"annotations":{"openshift.io/scc":"restricted"},"ownerReferences":[{"apiVersion":"extensions/v1beta1","kind":"ReplicaSet","name":"repo-service-release-catalog-repo-plugin-helm-7564b7dcf8","uid":"a4a556a6-b721-11e8-bb86-0050569a887c","controller":true,"blockOwnerDeletion":true}]},"spec":{"volumes":[{"name":"repo-config","configMap":{"name":"repo-service-release-catalog-repo-plugin-helm-configmap","items":[{"key":"application.yml","path":"application.yml"}],"defaultMode":420}},{"name":"repo-data","persistentVolumeClaim":{"claimName":"repo-service-release-catalog-repo-plugin-helm-pvc"}},{"name":"default-token-vdgk4","secret":{"secretName":"default-token-vdgk4","defaultMode":420}}],"containers":[{"name":"catalog-repo-plugin-helm","image":"illin5225.corp.amdocs.com:5002/catalog-repo-plugin:2.0.0","ports":[{"name":"server","containerPort":8080,"protocol":"TCP"},{"name":"management","containerPort":8081,"protocol":"TCP"}],"env":[{"name":"MSNEXT_CONF_SOURCE_APP1","value":"/deployments/config/applications/repo"}],"resources":{},"volumeMounts":[{"name":"repo-config","mountPath":"/deployments/config/applications/repo"},{"name":"repo-data","mountPath":"/repo-data"},{"name":"default-token-vdgk4","readOnly":true,"mountPath":"/var/run/secrets/kubernetes.io/serviceaccount"}],"livenessProbe":{"httpGet":{"path":"/health","port":8081,"scheme":"HTTP"},"initialDelaySeconds":180,"timeoutSeconds":1,"periodSeconds":10,"successThreshold":1,"failureThreshold":3},"readinessProbe":{"httpGet":{"path":"/health","port":8081,"scheme":"HTTP"},"initialDelaySeconds":180,"timeoutSeconds":1,"periodSeconds":10,"successThreshold":1,"failureThreshold":3},"terminationMessagePath":"/dev/termination-log","terminationMessagePolicy":"File","imagePullPolicy":"IfNotPresent","securityContext":{"capabilities":{"drop":["KILL","MKNOD","SETGID","SETUID"]},"runAsUser":1006760000}}],"restartPolicy":"Always","terminationGracePeriodSeconds":30,"dnsPolicy":"ClusterFirst","nodeSelector":{"region":"work"},"serviceAccountName":"default","serviceAccount":"default","nodeName":"ilocpde01w34.corp.amdocs.com","securityContext":{"seLinuxOptions":{"level":"s0:c82,c59"},"fsGroup":1006760000},"imagePullSecrets":[{"name":"repo-service-release-catalog-repo-plugin-helm-pull-secret"}],"schedulerName":"default-scheduler"},"status":{"phase":"Running","conditions":[{"type":"Initialized","status":"True","lastProbeTime":null,"lastTransitionTime":"2018-09-13T06:52:55Z"},{"type":"Ready","status":"True","lastProbeTime":null,"lastTransitionTime":"2018-09-15T18:55:51Z"},{"type":"PodScheduled","status":"True","lastProbeTime":null,"lastTransitionTime":"2018-09-13T06:52:55Z"}],"hostIP":"10.245.251.175","podIP":"10.128.78.117","startTime":"2018-09-13T06:52:55Z","containerStatuses":[{"name":"catalog-repo-plugin-helm","state":{"running":{"startedAt":"2018-09-15T18:52:43Z"}},"lastState":{"terminated":{"exitCode":143,"reason":"Error","startedAt":"2018-09-13T06:53:21Z","finishedAt":"2018-09-15T18:52:43Z","containerID":"docker://5b79355fe46ece533ae18b111bb6b3452cc0a4824944277cccdb5d9827bc435b"}},"ready":true,"restartCount":1,"image":"illin5225.corp.amdocs.com:5002/catalog-repo-plugin:2.0.0","imageID":"docker-pullable://illin5225.corp.amdocs.com:5002/catalog-repo-plugin@sha256:aa4082bb876e3d91655cf0e59b60cfac28387e44c745f024813b342bd8f166ad","containerID":"docker://8413d2860624fd7f87ec1bc86684256b292d11cdf57aa57c82fbf989e424ef16"}],"qosClass":"BestEffort"}},{"metadata":{"name":"scheduler-scheduler-task-5678c4c55f-xl8ml","generateName":"scheduler-scheduler-task-5678c4c55f-","namespace":"oc-cd-1017-pranavd-pd","selfLink":"/api/v1/namespaces/oc-cd-1017-pranavd-pd/pods/scheduler-scheduler-task-5678c4c55f-xl8ml","uid":"a4bf6629-b721-11e8-bb86-0050569a887c","resourceVersion":"66124188","creationTimestamp":"2018-09-13T06:52:56Z","labels":{"app":"scheduler-scheduler-task","microservice":"scheduler-task","pod-template-hash":"1234707119","project":"scheduler-task","provider":"amdocs","release":"scheduler"},"annotations":{"git-commit":"5409c7b21e4f8ecef157377a36e361988ecb6a7c","openshift.io/scc":"anyuid-no-ps"},"ownerReferences":[{"apiVersion":"extensions/v1beta1","kind":"ReplicaSet","name":"scheduler-scheduler-task-5678c4c55f","uid":"a4b3c438-b721-11e8-bb86-0050569a887c","controller":true,"blockOwnerDeletion":true}]},"spec":{"volumes":[{"name":"default-token-vdgk4","secret":{"secretName":"default-token-vdgk4","defaultMode":420}}],"containers":[{"name":"scheduler-task-service-container","image":"illin5564.corp.amdocs.com:5000/scheduler-task-service:0.1.1-0053","ports":[{"name":"metrics","containerPort":5555,"protocol":"TCP"},{"name":"http","containerPort":8080,"protocol":"TCP"},{"name":"management","containerPort":18080,"protocol":"TCP"}],"env":[{"name":"KUBERNETES_NAMESPACE","valueFrom":{"fieldRef":{"apiVersion":"v1","fieldPath":"metadata.namespace"}}},{"name":"MSNEXT_JAVA_OPTS","value":" -Xms256m -Xmx1024m -XX:MaxRAM=2048m -XX:+DisableExplicitGC -XX:+UseConcMarkSweepGC -XX:+CMSParallelRemarkEnabled -XX:NewRatio=1 -Xss512k -XX:MaxMetaspaceSize=512m -Dcom.amdocs.msnext.securitya3s.url=http://10.238.196.7:30081/asmServices/services/v1.0"},{"name":"MSNEXT_DISABLED_MODULES","value":"msnext-customization"},{"name":"MANAGEMENT_PORT","value":"18080"},{"name":"SERVER_PORT","value":"8080"},{"name":"MALLOC_ARENA_MAX","value":"4"},{"name":"TZ","value":"UTC"}],"resources":{"limits":{"cpu":"2","memory":"2Gi"},"requests":{"cpu":"200m","memory":"1Gi"}},"volumeMounts":[{"name":"default-token-vdgk4","readOnly":true,"mountPath":"/var/run/secrets/kubernetes.io/serviceaccount"}],"livenessProbe":{"httpGet":{"path":"/health","port":18080,"scheme":"HTTP"},"initialDelaySeconds":900,"timeoutSeconds":10,"periodSeconds":10,"successThreshold":1,"failureThreshold":3},"readinessProbe":{"httpGet":{"path":"/health","port":18080,"scheme":"HTTP"},"initialDelaySeconds":30,"timeoutSeconds":10,"periodSeconds":10,"successThreshold":1,"failureThreshold":3},"terminationMessagePath":"/dev/termination-log","terminationMessagePolicy":"File","imagePullPolicy":"IfNotPresent","securityContext":{"capabilities":{"drop":["MKNOD"]},"privileged":false}}],"restartPolicy":"Always","terminationGracePeriodSeconds":30,"dnsPolicy":"ClusterFirst","nodeSelector":{"region":"work"},"serviceAccountName":"default","serviceAccount":"default","nodeName":"ilocpde01w09.corp.amdocs.com","securityContext":{"seLinuxOptions":{"level":"s0:c82,c59"}},"imagePullSecrets":[{"name":"scheduler-task-ms-secret"}],"schedulerName":"default-scheduler","tolerations":[{"key":"node.kubernetes.io/memory-pressure","operator":"Exists","effect":"NoSchedule"}]},"status":{"phase":"Running","conditions":[{"type":"Initialized","status":"True","lastProbeTime":null,"lastTransitionTime":"2018-09-13T06:52:56Z"},{"type":"Ready","status":"True","lastProbeTime":null,"lastTransitionTime":"2018-09-13T06:54:01Z"},{"type":"PodScheduled","status":"True","lastProbeTime":null,"lastTransitionTime":"2018-09-13T06:52:56Z"}],"hostIP":"10.245.250.28","podIP":"10.128.24.178","startTime":"2018-09-13T06:52:56Z","containerStatuses":[{"name":"scheduler-task-service-container","state":{"running":{"startedAt":"2018-09-13T06:52:58Z"}},"lastState":{},"ready":true,"restartCount":0,"image":"illin5564.corp.amdocs.com:5000/scheduler-task-service:0.1.1-0053","imageID":"docker-pullable://illin5564.corp.amdocs.com:5000/scheduler-task-service@sha256:40dded7abf410bf5b47605303fdb7e9bb196e4e04cceb1996eac4ec73b6c7d4b","containerID":"docker://ec38fb4e82945b27276d5200577ebd6e24c3fbb72d2e6a7866788fbf0912e56d"}],"qosClass":"Burstable"}},{"metadata":{"name":"shoppingcart-checkout-re-c946c7869-959d9","generateName":"shoppingcart-checkout-re-c946c7869-","namespace":"oc-cd-1017-pranavd-pd","selfLink":"/api/v1/namespaces/oc-cd-1017-pranavd-pd/pods/shoppingcart-checkout-re-c946c7869-959d9","uid":"a4d18e22-b721-11e8-bb86-0050569a887c","resourceVersion":"66125283","creationTimestamp":"2018-09-13T06:52:56Z","labels":{"app":"shoppingcart-checkout-re","microservice":"shoppingcart-checkout","pod-template-hash":"750273425","project":"shoppingcart-checkout","provider":"amdocs","release":"shoppingcart-checkout-release"},"annotations":{"checksum/config":"ea1ed44f8974dccb51c2510d6d431fef45123b4e35e6e906fa280efb5bbe78c0","fabric8.io/iconUrl":"img/icons/spring-boot.svg","git-commit":"b4f5290a7750f831728eac1c832192fdfe8ab3a2","openshift.io/scc":"anyuid-no-ps"},"ownerReferences":[{"apiVersion":"extensions/v1beta1","kind":"ReplicaSet","name":"shoppingcart-checkout-re-c946c7869","uid":"a4c56e8d-b721-11e8-bb86-0050569a887c","controller":true,"blockOwnerDeletion":true}]},"spec":{"volumes":[{"name":"prop-volume","configMap":{"name":"shoppingcart-checkout-service-appconfigmap","defaultMode":420}},{"name":"default-token-vdgk4","secret":{"secretName":"default-token-vdgk4","defaultMode":420}}],"containers":[{"name":"shoppingcart-checkout-service-container","image":"illin5564.corp.amdocs.com:5000/shoppingcart-checkout-service:0.1.1-0025","ports":[{"name":"http","containerPort":8080,"protocol":"TCP"},{"name":"https","containerPort":8443,"protocol":"TCP"},{"name":"metrics","containerPort":5555,"protocol":"TCP"},{"name":"management","containerPort":18080,"protocol":"TCP"}],"env":[{"name":"MSNEXT_CONF_SOURCE_APP","value":"/etc/config"},{"name":"KUBERNETES_NAMESPACE","valueFrom":{"fieldRef":{"apiVersion":"v1","fieldPath":"metadata.namespace"}}},{"name":"MSNEXT_JAVA_OPTS","value":"-Dcom.amdocs.msnext.securityjwt.anonymous.context-mapping.msnext.management=.*management  -Xms256m -Xmx1024m -XX:MaxRAM=2048m -XX:+DisableExplicitGC -XX:+UseConcMarkSweepGC -XX:+CMSParallelRemarkEnabled -XX:NewRatio=1 -Xss512k -XX:MaxMetaspaceSize=512m"},{"name":"SERVER_PORT","value":"8080"},{"name":"MSNEXT_MODULE_MGT_DISABLE","value":"msnext-customization"},{"name":"MSNEXT_JACOCO_ENABLE","value":"${jacoco.enabled}"},{"name":"MSNEXT_JACOCO_OPTS","value":"output=tcpserver,address=*,port=6300"},{"name":"MANAGEMENT_PORT","value":"18080"},{"name":"MALLOC_ARENA_MAX","value":"4"},{"name":"TZ","value":"UTC"}],"resources":{"limits":{"cpu":"2","memory":"2Gi"},"requests":{"cpu":"200m","memory":"1Gi"}},"volumeMounts":[{"name":"prop-volume","mountPath":"/etc/config"},{"name":"default-token-vdgk4","readOnly":true,"mountPath":"/var/run/secrets/kubernetes.io/serviceaccount"}],"livenessProbe":{"httpGet":{"path":"/health","port":18080,"scheme":"HTTP"},"initialDelaySeconds":900,"timeoutSeconds":1,"periodSeconds":10,"successThreshold":1,"failureThreshold":3},"readinessProbe":{"httpGet":{"path":"/health","port":18080,"scheme":"HTTP"},"initialDelaySeconds":30,"timeoutSeconds":10,"periodSeconds":10,"successThreshold":1,"failureThreshold":3},"terminationMessagePath":"/dev/termination-log","terminationMessagePolicy":"File","imagePullPolicy":"IfNotPresent","securityContext":{"capabilities":{"drop":["MKNOD"]},"privileged":false}}],"restartPolicy":"Always","terminationGracePeriodSeconds":30,"dnsPolicy":"ClusterFirst","nodeSelector":{"region":"work"},"serviceAccountName":"default","serviceAccount":"default","nodeName":"ilocpde01w08.corp.amdocs.com","securityContext":{"seLinuxOptions":{"level":"s0:c82,c59"}},"imagePullSecrets":[{"name":"shoppingcart-checkout-ms-secret"}],"schedulerName":"default-scheduler","tolerations":[{"key":"node.kubernetes.io/memory-pressure","operator":"Exists","effect":"NoSchedule"}]},"status":{"phase":"Running","conditions":[{"type":"Initialized","status":"True","lastProbeTime":null,"lastTransitionTime":"2018-09-13T06:52:56Z"},{"type":"Ready","status":"True","lastProbeTime":null,"lastTransitionTime":"2018-09-13T06:54:59Z"},{"type":"PodScheduled","status":"True","lastProbeTime":null,"lastTransitionTime":"2018-09-13T06:52:56Z"}],"hostIP":"10.245.250.27","podIP":"10.128.26.50","startTime":"2018-09-13T06:52:56Z","containerStatuses":[{"name":"shoppingcart-checkout-service-container","state":{"running":{"startedAt":"2018-09-13T06:53:30Z"}},"lastState":{},"ready":true,"restartCount":0,"image":"illin5564.corp.amdocs.com:5000/shoppingcart-checkout-service:0.1.1-0025","imageID":"docker-pullable://illin5564.corp.amdocs.com:5000/shoppingcart-checkout-service@sha256:d36870d5fdbf4a90ab0b8e9616e9570eb006e789e2c2619303dec2a004f163c0","containerID":"docker://af06def4414aef3459dc6ebf7ba285235f7716734bdf35274a28ddfe32343737"}],"qosClass":"Burstable"}},{"metadata":{"name":"shoppingcart-modify-rele-786c94cc9d-tk8gg","generateName":"shoppingcart-modify-rele-786c94cc9d-","namespace":"oc-cd-1017-pranavd-pd","selfLink":"/api/v1/namespaces/oc-cd-1017-pranavd-pd/pods/shoppingcart-modify-rele-786c94cc9d-tk8gg","uid":"a4ede4f4-b721-11e8-bb86-0050569a887c","resourceVersion":"66124899","creationTimestamp":"2018-09-13T06:52:56Z","labels":{"app":"shoppingcart-modify-rele","microservice":"shoppingcart-modify","pod-template-hash":"3427507758","project":"shoppingcart-modify","provider":"amdocs","release":"shoppingcart-modify-release"},"annotations":{"checksum/config":"0a8d74337cb5fb7078aa94aa109b3811b80a6e045feb293e1eb0aab2e3b9d739","fabric8.io/iconUrl":"img/icons/spring-boot.svg","git-commit":"2f3c78190eb3cedd85b223ca3e4351f2a45b1560","openshift.io/scc":"anyuid-no-ps"},"ownerReferences":[{"apiVersion":"extensions/v1beta1","kind":"ReplicaSet","name":"shoppingcart-modify-rele-786c94cc9d","uid":"a4e01ed2-b721-11e8-bb86-0050569a887c","controller":true,"blockOwnerDeletion":true}]},"spec":{"volumes":[{"name":"prop-volume","configMap":{"name":"shoppingcart-modify-service-appconfigmap","defaultMode":420}},{"name":"default-token-vdgk4","secret":{"secretName":"default-token-vdgk4","defaultMode":420}}],"containers":[{"name":"shoppingcart-modify-service-container","image":"illin5564.corp.amdocs.com:5000/shoppingcart-modify-service:0.1.1-0025","ports":[{"name":"http","containerPort":8080,"protocol":"TCP"},{"name":"https","containerPort":8443,"protocol":"TCP"},{"name":"metrics","containerPort":5555,"protocol":"TCP"},{"name":"jacoco","containerPort":6300,"protocol":"TCP"},{"name":"management","containerPort":18080,"protocol":"TCP"}],"env":[{"name":"MSNEXT_CONF_SOURCE_APP","value":"/etc/config"},{"name":"KUBERNETES_NAMESPACE","valueFrom":{"fieldRef":{"apiVersion":"v1","fieldPath":"metadata.namespace"}}},{"name":"MSNEXT_JAVA_OPTS","value":"-Dcom.amdocs.msnext.securityjwt.anonymous.context-mapping.msnext.management=.*management  -Xms256m -Xmx1024m -XX:MaxRAM=2048m -XX:+DisableExplicitGC -XX:+UseConcMarkSweepGC -XX:+CMSParallelRemarkEnabled -XX:NewRatio=1 -Xss512k -XX:MaxMetaspaceSize=512m"},{"name":"SERVER_PORT","value":"8080"},{"name":"MSNEXT_MODULE_MGT_DISABLE","value":"msnext-customization"},{"name":"MSNEXT_JACOCO_ENABLE","value":"${jacoco.enabled}"},{"name":"MSNEXT_JACOCO_OPTS","value":"output=tcpserver,address=*,port=6300"},{"name":"MANAGEMENT_PORT","value":"18080"},{"name":"MALLOC_ARENA_MAX","value":"4"},{"name":"TZ","value":"UTC"}],"resources":{"limits":{"cpu":"2","memory":"2Gi"},"requests":{"cpu":"200m","memory":"1Gi"}},"volumeMounts":[{"name":"prop-volume","mountPath":"/etc/config"},{"name":"default-token-vdgk4","readOnly":true,"mountPath":"/var/run/secrets/kubernetes.io/serviceaccount"}],"livenessProbe":{"httpGet":{"path":"/health","port":18080,"scheme":"HTTP"},"initialDelaySeconds":900,"timeoutSeconds":1,"periodSeconds":10,"successThreshold":1,"failureThreshold":3},"readinessProbe":{"httpGet":{"path":"/health","port":18080,"scheme":"HTTP"},"initialDelaySeconds":30,"timeoutSeconds":10,"periodSeconds":10,"successThreshold":1,"failureThreshold":3},"terminationMessagePath":"/dev/termination-log","terminationMessagePolicy":"File","imagePullPolicy":"IfNotPresent","securityContext":{"capabilities":{"drop":["MKNOD"]},"privileged":false}}],"restartPolicy":"Always","terminationGracePeriodSeconds":30,"dnsPolicy":"ClusterFirst","nodeSelector":{"region":"work"},"serviceAccountName":"default","serviceAccount":"default","nodeName":"ilocpde01w07.corp.amdocs.com","securityContext":{"seLinuxOptions":{"level":"s0:c82,c59"}},"imagePullSecrets":[{"name":"shoppingcart-modify-ms-secret"}],"schedulerName":"default-scheduler","tolerations":[{"key":"node.kubernetes.io/memory-pressure","operator":"Exists","effect":"NoSchedule"}]},"status":{"phase":"Running","conditions":[{"type":"Initialized","status":"True","lastProbeTime":null,"lastTransitionTime":"2018-09-13T06:52:56Z"},{"type":"Ready","status":"True","lastProbeTime":null,"lastTransitionTime":"2018-09-13T06:54:43Z"},{"type":"PodScheduled","status":"True","lastProbeTime":null,"lastTransitionTime":"2018-09-13T06:52:56Z"}],"hostIP":"10.245.250.26","podIP":"10.128.23.24","startTime":"2018-09-13T06:52:56Z","containerStatuses":[{"name":"shoppingcart-modify-service-container","state":{"running":{"startedAt":"2018-09-13T06:53:31Z"}},"lastState":{},"ready":true,"restartCount":0,"image":"illin5564.corp.amdocs.com:5000/shoppingcart-modify-service:0.1.1-0025","imageID":"docker-pullable://illin5564.corp.amdocs.com:5000/shoppingcart-modify-service@sha256:17d3193b037611dcdefe6b2002e67300c6466f4ad4d75183c1d3a2c44df8e064","containerID":"docker://d825b21e0cc6251ef1638da7e0cfbb025c67771a5c15ca4d247ff5a4d7440102"}],"qosClass":"Burstable"}},{"metadata":{"name":"shoppingcart-price-relea-687f4d96bb-hclqz","generateName":"shoppingcart-price-relea-687f4d96bb-","namespace":"oc-cd-1017-pranavd-pd","selfLink":"/api/v1/namespaces/oc-cd-1017-pranavd-pd/pods/shoppingcart-price-relea-687f4d96bb-hclqz","uid":"a51543de-b721-11e8-bb86-0050569a887c","resourceVersion":"66124981","creationTimestamp":"2018-09-13T06:52:56Z","labels":{"app":"shoppingcart-price-relea","microservice":"shoppingcart-price","pod-template-hash":"2439085266","project":"shoppingcart-price","provider":"amdocs","release":"shoppingcart-price-release"},"annotations":{"checksum/config":"91ad2c11deb8bfabf196ca3725dc38e35d19f42b5fcafb7449eb1c160dfa7516","fabric8.io/iconUrl":"img/icons/spring-boot.svg","git-commit":"dcf3945c79213d23363d5e2b21d7f5ebd7431227","openshift.io/scc":"anyuid-no-ps"},"ownerReferences":[{"apiVersion":"extensions/v1beta1","kind":"ReplicaSet","name":"shoppingcart-price-relea-687f4d96bb","uid":"a50512ea-b721-11e8-bb86-0050569a887c","controller":true,"blockOwnerDeletion":true}]},"spec":{"volumes":[{"name":"prop-volume","configMap":{"name":"shoppingcart-price-service-appconfigmap","defaultMode":420}},{"name":"default-token-vdgk4","secret":{"secretName":"default-token-vdgk4","defaultMode":420}}],"containers":[{"name":"shoppingcart-price-service-container","image":"illin5564.corp.amdocs.com:5000/shoppingcart-price-service:0.1.1-0036","ports":[{"name":"http","containerPort":8080,"protocol":"TCP"},{"name":"https","containerPort":8443,"protocol":"TCP"},{"name":"metrics","containerPort":5555,"protocol":"TCP"},{"name":"management","containerPort":18080,"protocol":"TCP"}],"env":[{"name":"MSNEXT_CONF_SOURCE_APP","value":"/etc/config"},{"name":"KUBERNETES_NAMESPACE","valueFrom":{"fieldRef":{"apiVersion":"v1","fieldPath":"metadata.namespace"}}},{"name":"MSNEXT_JAVA_OPTS","value":"-Dcom.amdocs.msnext.securityjwt.anonymous.context-mapping.msnext.management=.*management  -Xms256m -Xmx1024m -XX:MaxRAM=2048m -XX:+DisableExplicitGC -XX:+UseConcMarkSweepGC -XX:+CMSParallelRemarkEnabled -XX:NewRatio=1 -Xss512k -XX:MaxMetaspaceSize=512m"},{"name":"SERVER_PORT","value":"8080"},{"name":"MSNEXT_MODULE_MGT_DISABLE","value":"msnext-customization"},{"name":"MSNEXT_JACOCO_ENABLE","value":"${jacoco.enabled}"},{"name":"MSNEXT_JACOCO_OPTS","value":"output=tcpserver,address=*,port=6300"},{"name":"MANAGEMENT_PORT","value":"18080"},{"name":"MALLOC_ARENA_MAX","value":"4"},{"name":"TZ","value":"UTC"}],"resources":{"limits":{"cpu":"2","memory":"2Gi"},"requests":{"cpu":"200m","memory":"1Gi"}},"volumeMounts":[{"name":"prop-volume","mountPath":"/etc/config"},{"name":"default-token-vdgk4","readOnly":true,"mountPath":"/var/run/secrets/kubernetes.io/serviceaccount"}],"livenessProbe":{"httpGet":{"path":"/health","port":18080,"scheme":"HTTP"},"initialDelaySeconds":900,"timeoutSeconds":1,"periodSeconds":10,"successThreshold":1,"failureThreshold":3},"readinessProbe":{"httpGet":{"path":"/health","port":18080,"scheme":"HTTP"},"initialDelaySeconds":30,"timeoutSeconds":10,"periodSeconds":10,"successThreshold":1,"failureThreshold":3},"terminationMessagePath":"/dev/termination-log","terminationMessagePolicy":"File","imagePullPolicy":"IfNotPresent","securityContext":{"capabilities":{"drop":["MKNOD"]},"privileged":false}}],"restartPolicy":"Always","terminationGracePeriodSeconds":30,"dnsPolicy":"ClusterFirst","nodeSelector":{"region":"work"},"serviceAccountName":"default","serviceAccount":"default","nodeName":"ilocpde01w05.corp.amdocs.com","securityContext":{"seLinuxOptions":{"level":"s0:c82,c59"}},"imagePullSecrets":[{"name":"shoppingcart-price-ms-secret"}],"schedulerName":"default-scheduler","tolerations":[{"key":"node.kubernetes.io/memory-pressure","operator":"Exists","effect":"NoSchedule"}]},"status":{"phase":"Running","conditions":[{"type":"Initialized","status":"True","lastProbeTime":null,"lastTransitionTime":"2018-09-13T06:52:56Z"},{"type":"Ready","status":"True","lastProbeTime":null,"lastTransitionTime":"2018-09-13T06:54:46Z"},{"type":"PodScheduled","status":"True","lastProbeTime":null,"lastTransitionTime":"2018-09-13T06:52:56Z"}],"hostIP":"10.245.250.24","podIP":"10.128.17.89","startTime":"2018-09-13T06:52:56Z","containerStatuses":[{"name":"shoppingcart-price-service-container","state":{"running":{"startedAt":"2018-09-13T06:53:31Z"}},"lastState":{},"ready":true,"restartCount":0,"image":"illin5564.corp.amdocs.com:5000/shoppingcart-price-service:0.1.1-0036","imageID":"docker-pullable://illin5564.corp.amdocs.com:5000/shoppingcart-price-service@sha256:ec6b2f6acf403f5b98aca966adbc8b0cb6aa003ae0e4cd9bbe7a9d4a0a335929","containerID":"docker://8989db32758c011213041ea280e76b21eca933ee18d8ab4a1f2cbb0ea10f7857"}],"qosClass":"Burstable"}},{"metadata":{"name":"shoppingcart-shoppingcar-5b68f9b944-2cqrp","generateName":"shoppingcart-shoppingcar-5b68f9b944-","namespace":"oc-cd-1017-pranavd-pd","selfLink":"/api/v1/namespaces/oc-cd-1017-pranavd-pd/pods/shoppingcart-shoppingcar-5b68f9b944-2cqrp","uid":"a526f576-b721-11e8-bb86-0050569a887c","resourceVersion":"69159229","creationTimestamp":"2018-09-13T06:52:56Z","labels":{"app":"shoppingcart-shoppingcar","microservice":"shoppingcart-shoppingcar","pod-template-hash":"1624956500","project":"shoppingcart-shoppingcart","provider":"amdocs","release":"shoppingcart-shoppingcart-release"},"annotations":{"checksum/config":"cc7b19f6fe7c8b41d162f7e6d0d5605668e616b737cf0ac43eb1c1329a9a66b0","fabric8.io/iconUrl":"img/icons/spring-boot.svg","git-commit":"5ab646f57f07fb27c9cee10a9c614856108579aa","openshift.io/scc":"anyuid-no-ps"},"ownerReferences":[{"apiVersion":"extensions/v1beta1","kind":"ReplicaSet","name":"shoppingcart-shoppingcar-5b68f9b944","uid":"a51d8aee-b721-11e8-bb86-0050569a887c","controller":true,"blockOwnerDeletion":true}]},"spec":{"volumes":[{"name":"prop-volume","configMap":{"name":"shoppingcart-shoppingcart-service-appconfigmap","defaultMode":420}},{"name":"default-token-vdgk4","secret":{"secretName":"default-token-vdgk4","defaultMode":420}}],"containers":[{"name":"shoppingcart-shoppingcart-service-container","image":"illin5564.corp.amdocs.com:5000/shoppingcart-shoppingcart-service:0.1.1-0074","ports":[{"name":"http","containerPort":8080,"protocol":"TCP"},{"name":"https","containerPort":8443,"protocol":"TCP"},{"name":"metrics","containerPort":5555,"protocol":"TCP"},{"name":"management","containerPort":18080,"protocol":"TCP"}],"env":[{"name":"MSNEXT_CONF_SOURCE_APP","value":"/etc/config"},{"name":"KUBERNETES_NAMESPACE","valueFrom":{"fieldRef":{"apiVersion":"v1","fieldPath":"metadata.namespace"}}},{"name":"MSNEXT_JAVA_OPTS","value":"-Dcom.couchbase.queryEndpoints=5 -Dcom.amdocs.msnext.securityjwt.anonymous.context-mapping.msnext.management=.*management  -Xms256m -Xmx1024m -XX:MaxRAM=2048m -XX:+DisableExplicitGC -XX:+UseConcMarkSweepGC -XX:+CMSParallelRemarkEnabled -XX:NewRatio=1 -Xss512k -XX:MaxMetaspaceSize=512m -Dcom.amdocs.msnext.securitya3s.url=http://10.238.196.7:30081/asmServices/services/v1.0"},{"name":"SERVER_PORT","value":"8080"},{"name":"MSNEXT_MODULE_MGT_DISABLE","value":"msnext-customization"},{"name":"MSNEXT_JACOCO_ENABLE","value":"${jacoco.enabled}"},{"name":"MSNEXT_JACOCO_OPTS","value":"output=tcpserver,address=*,port=6300"},{"name":"KAFKA_SERVER","value":"kafka-service:9092"},{"name":"ZOOKEEPER_SERVER","value":"zookeeper-service:2181"},{"name":"MANAGEMENT_PORT","value":"18080"},{"name":"MALLOC_ARENA_MAX","value":"4"},{"name":"TZ","value":"UTC"},{"name":"DATA_FENCING_CUSTOMER_ID_ENABLE","value":"false"}],"resources":{"limits":{"cpu":"2","memory":"2Gi"},"requests":{"cpu":"200m","memory":"1Gi"}},"volumeMounts":[{"name":"prop-volume","mountPath":"/etc/config"},{"name":"default-token-vdgk4","readOnly":true,"mountPath":"/var/run/secrets/kubernetes.io/serviceaccount"}],"livenessProbe":{"httpGet":{"path":"/health","port":18080,"scheme":"HTTP"},"initialDelaySeconds":900,"timeoutSeconds":1,"periodSeconds":10,"successThreshold":1,"failureThreshold":3},"readinessProbe":{"httpGet":{"path":"/health","port":18080,"scheme":"HTTP"},"initialDelaySeconds":30,"timeoutSeconds":10,"periodSeconds":10,"successThreshold":1,"failureThreshold":3},"terminationMessagePath":"/dev/termination-log","terminationMessagePolicy":"File","imagePullPolicy":"IfNotPresent","securityContext":{"capabilities":{"drop":["MKNOD"]},"privileged":false}}],"restartPolicy":"Always","terminationGracePeriodSeconds":30,"dnsPolicy":"ClusterFirst","nodeSelector":{"region":"work"},"serviceAccountName":"default","serviceAccount":"default","nodeName":"ilocpde01w03.corp.amdocs.com","securityContext":{"seLinuxOptions":{"level":"s0:c82,c59"}},"imagePullSecrets":[{"name":"shoppingcart-shoppingcart-ms-secret"}],"schedulerName":"default-scheduler","tolerations":[{"key":"node.kubernetes.io/memory-pressure","operator":"Exists","effect":"NoSchedule"}]},"status":{"phase":"Running","conditions":[{"type":"Initialized","status":"True","lastProbeTime":null,"lastTransitionTime":"2018-09-13T06:52:56Z"},{"type":"Ready","status":"True","lastProbeTime":null,"lastTransitionTime":"2018-09-17T19:24:07Z"},{"type":"PodScheduled","status":"True","lastProbeTime":null,"lastTransitionTime":"2018-09-13T06:52:56Z"}],"hostIP":"10.245.250.22","podIP":"10.128.11.177","startTime":"2018-09-13T06:52:56Z","containerStatuses":[{"name":"shoppingcart-shoppingcart-service-container","state":{"running":{"startedAt":"2018-09-17T19:22:52Z"}},"lastState":{"terminated":{"exitCode":143,"reason":"Error","startedAt":"2018-09-13T06:53:35Z","finishedAt":"2018-09-17T19:22:52Z","containerID":"docker://7b8404d19fb7136851fa77739a4476798bb3d8769cc1c73eaff42ccf9b959221"}},"ready":true,"restartCount":1,"image":"illin5564.corp.amdocs.com:5000/shoppingcart-shoppingcart-service:0.1.1-0074","imageID":"docker-pullable://illin5564.corp.amdocs.com:5000/shoppingcart-shoppingcart-service@sha256:9269874ce85510b7357f8b767f661c332290aa0bd1c98bcde13e0f4534d88757","containerID":"docker://3cf970d0927c3f5ecd7e6686231b9a688c9d7c34505f221fbb791e08eb4d960d"}],"qosClass":"Burstable"}},{"metadata":{"name":"shoppingcart-validate-re-6f955c6949-llxkd","generateName":"shoppingcart-validate-re-6f955c6949-","namespace":"oc-cd-1017-pranavd-pd","selfLink":"/api/v1/namespaces/oc-cd-1017-pranavd-pd/pods/shoppingcart-validate-re-6f955c6949-llxkd","uid":"a53e46cf-b721-11e8-bb86-0050569a887c","resourceVersion":"66125037","creationTimestamp":"2018-09-13T06:52:56Z","labels":{"app":"shoppingcart-validate-re","microservice":"shoppingcart-validate","pod-template-hash":"2951172505","project":"shoppingcart-validate","provider":"amdocs","release":"shoppingcart-validate-release"},"annotations":{"checksum/config":"85c2564dbf11e67d5597743360a64fef5fbd9923e0222e6ec613b6eb7ed76de8","fabric8.io/iconUrl":"img/icons/spring-boot.svg","git-commit":"a24e3cb2595bc44361ac85acad3144e2fb424d4d","openshift.io/scc":"anyuid-no-ps"},"ownerReferences":[{"apiVersion":"extensions/v1beta1","kind":"ReplicaSet","name":"shoppingcart-validate-re-6f955c6949","uid":"a52dc89c-b721-11e8-bb86-0050569a887c","controller":true,"blockOwnerDeletion":true}]},"spec":{"volumes":[{"name":"prop-volume","configMap":{"name":"shoppingcart-validate-service-appconfigmap","defaultMode":420}},{"name":"default-token-vdgk4","secret":{"secretName":"default-token-vdgk4","defaultMode":420}}],"containers":[{"name":"shoppingcart-validate-service-container","image":"illin5564.corp.amdocs.com:5000/shoppingcart-validate-service:0.1.1-0029","ports":[{"name":"http","containerPort":8080,"protocol":"TCP"},{"name":"https","containerPort":8443,"protocol":"TCP"},{"name":"metrics","containerPort":5555,"protocol":"TCP"},{"name":"management","containerPort":18080,"protocol":"TCP"}],"env":[{"name":"MSNEXT_CONF_SOURCE_APP","value":"/etc/config"},{"name":"KUBERNETES_NAMESPACE","valueFrom":{"fieldRef":{"apiVersion":"v1","fieldPath":"metadata.namespace"}}},{"name":"MSNEXT_JAVA_OPTS","value":"-Dcom.amdocs.msnext.securityjwt.anonymous.context-mapping.msnext.management=.*management  -Xms256m -Xmx1024m -XX:MaxRAM=2048m -XX:+DisableExplicitGC -XX:+UseConcMarkSweepGC -XX:+CMSParallelRemarkEnabled -XX:NewRatio=1 -Xss512k -XX:MaxMetaspaceSize=512m"},{"name":"SERVER_PORT","value":"8080"},{"name":"MSNEXT_MODULE_MGT_DISABLE","value":"msnext-customization"},{"name":"MSNEXT_JACOCO_ENABLE","value":"${jacoco.enabled}"},{"name":"MSNEXT_JACOCO_OPTS","value":"output=tcpserver,address=*,port=6300"},{"name":"MANAGEMENT_PORT","value":"18080"},{"name":"MALLOC_ARENA_MAX","value":"4"},{"name":"TZ","value":"UTC"}],"resources":{"limits":{"cpu":"2","memory":"2Gi"},"requests":{"cpu":"200m","memory":"1Gi"}},"volumeMounts":[{"name":"prop-volume","mountPath":"/etc/config"},{"name":"default-token-vdgk4","readOnly":true,"mountPath":"/var/run/secrets/kubernetes.io/serviceaccount"}],"livenessProbe":{"httpGet":{"path":"/health","port":18080,"scheme":"HTTP"},"initialDelaySeconds":900,"timeoutSeconds":1,"periodSeconds":10,"successThreshold":1,"failureThreshold":3},"readinessProbe":{"httpGet":{"path":"/health","port":18080,"scheme":"HTTP"},"initialDelaySeconds":30,"timeoutSeconds":10,"periodSeconds":10,"successThreshold":1,"failureThreshold":3},"terminationMessagePath":"/dev/termination-log","terminationMessagePolicy":"File","imagePullPolicy":"IfNotPresent","securityContext":{"capabilities":{"drop":["MKNOD"]},"privileged":false}}],"restartPolicy":"Always","terminationGracePeriodSeconds":30,"dnsPolicy":"ClusterFirst","nodeSelector":{"region":"work"},"serviceAccountName":"default","serviceAccount":"default","nodeName":"ilocpde01w35.corp.amdocs.com","securityContext":{"seLinuxOptions":{"level":"s0:c82,c59"}},"imagePullSecrets":[{"name":"shoppingcart-validate-ms-secret"}],"schedulerName":"default-scheduler","tolerations":[{"key":"node.kubernetes.io/memory-pressure","operator":"Exists","effect":"NoSchedule"}]},"status":{"phase":"Running","conditions":[{"type":"Initialized","status":"True","lastProbeTime":null,"lastTransitionTime":"2018-09-13T06:52:57Z"},{"type":"Ready","status":"True","lastProbeTime":null,"lastTransitionTime":"2018-09-13T06:54:49Z"},{"type":"PodScheduled","status":"True","lastProbeTime":null,"lastTransitionTime":"2018-09-13T06:52:56Z"}],"hostIP":"10.245.251.176","podIP":"10.128.81.237","startTime":"2018-09-13T06:52:57Z","containerStatuses":[{"name":"shoppingcart-validate-service-container","state":{"running":{"startedAt":"2018-09-13T06:53:34Z"}},"lastState":{},"ready":true,"restartCount":0,"image":"illin5564.corp.amdocs.com:5000/shoppingcart-validate-service:0.1.1-0029","imageID":"docker-pullable://illin5564.corp.amdocs.com:5000/shoppingcart-validate-service@sha256:cf286a0cbb8eec9705f64e95a4d2881db5d5d435717d31e9cb4faa592c52320d","containerID":"docker://b311265c8013c8285708d197b86e353cffc96b3a9f7e7131ad4ae9e2533c983d"}],"qosClass":"Burstable"}},{"metadata":{"name":"stock-productstock-release-stock-productstock-67fd546497-52psr","generateName":"stock-productstock-release-stock-productstock-67fd546497-","namespace":"oc-cd-1017-pranavd-pd","selfLink":"/api/v1/namespaces/oc-cd-1017-pranavd-pd/pods/stock-productstock-release-stock-productstock-67fd546497-52psr","uid":"a54d9112-b721-11e8-bb86-0050569a887c","resourceVersion":"66124783","creationTimestamp":"2018-09-13T06:52:56Z","labels":{"app":"stock-productstock-release-stock-productstock","microservice":"stock-productstock","pod-template-hash":"2398102053","project":"stock-productstock","provider":"amdocs","release":"stock-productstock-release"},"annotations":{"git-commit":"1ac217311502c6c00a2c0710691d1cc1449bb843","openshift.io/scc":"anyuid-no-ps"},"ownerReferences":[{"apiVersion":"extensions/v1beta1","kind":"ReplicaSet","name":"stock-productstock-release-stock-productstock-67fd546497","uid":"a543e203-b721-11e8-bb86-0050569a887c","controller":true,"blockOwnerDeletion":true}]},"spec":{"volumes":[{"name":"stock-productstock-volume-jwt-validation-conf","configMap":{"name":"stock-productstock-jwt-validation-configmap","items":[{"key":"application.yaml","path":"application.yaml"}],"defaultMode":420}},{"name":"prop-volume","configMap":{"name":"stock-productstock-appconfigmap","defaultMode":420}},{"name":"default-token-vdgk4","secret":{"secretName":"default-token-vdgk4","defaultMode":420}}],"containers":[{"name":"stock-productstock-service-container","image":"illin5564.corp.amdocs.com:5000/stock-productstock-service:0.1.0-0059","ports":[{"name":"http","containerPort":8080,"protocol":"TCP"},{"name":"management","containerPort":18080,"protocol":"TCP"}],"env":[{"name":"KUBERNETES_NAMESPACE","valueFrom":{"fieldRef":{"apiVersion":"v1","fieldPath":"metadata.namespace"}}},{"name":"MSNEXT_JAVA_OPTS","value":"-Xms256m -Xmx512m -XX:MaxRAM=1024m -XX:+UseSerialGC"},{"name":"MSNEXT_CONF_SOURCE_APP","value":"/etc/config"},{"name":"MSNEXT_CONF_SOURCE_IDM","value":"/run/secrets/msNextConfSourceIdm1"},{"name":"MSNEXT_DISABLED_MODULES","value":"msnext-customization"},{"name":"MANAGEMENT_PORT","value":"18080"},{"name":"SERVER_PORT","value":"8080"},{"name":"MALLOC_ARENA_MAX","value":"4"},{"name":"TZ","value":"UTC"}],"resources":{"limits":{"cpu":"2","memory":"2Gi"},"requests":{"cpu":"200m","memory":"1Gi"}},"volumeMounts":[{"name":"prop-volume","mountPath":"/etc/config"},{"name":"stock-productstock-volume-jwt-validation-conf","mountPath":"/run/secrets/msNextConfSourceIdm1"},{"name":"default-token-vdgk4","readOnly":true,"mountPath":"/var/run/secrets/kubernetes.io/serviceaccount"}],"livenessProbe":{"httpGet":{"path":"/health","port":18080,"scheme":"HTTP"},"initialDelaySeconds":900,"timeoutSeconds":10,"periodSeconds":10,"successThreshold":1,"failureThreshold":3},"readinessProbe":{"httpGet":{"path":"/health","port":18080,"scheme":"HTTP"},"initialDelaySeconds":30,"timeoutSeconds":10,"periodSeconds":10,"successThreshold":1,"failureThreshold":3},"terminationMessagePath":"/dev/termination-log","terminationMessagePolicy":"File","imagePullPolicy":"IfNotPresent","securityContext":{"capabilities":{"drop":["MKNOD"]},"privileged":false}}],"restartPolicy":"Always","terminationGracePeriodSeconds":30,"dnsPolicy":"ClusterFirst","nodeSelector":{"region":"work"},"serviceAccountName":"default","serviceAccount":"default","nodeName":"ilocpde01w34.corp.amdocs.com","securityContext":{"seLinuxOptions":{"level":"s0:c82,c59"}},"imagePullSecrets":[{"name":"stock-productstock-ms-secret"}],"schedulerName":"default-scheduler","tolerations":[{"key":"node.kubernetes.io/memory-pressure","operator":"Exists","effect":"NoSchedule"}]},"status":{"phase":"Running","conditions":[{"type":"Initialized","status":"True","lastProbeTime":null,"lastTransitionTime":"2018-09-13T06:52:57Z"},{"type":"Ready","status":"True","lastProbeTime":null,"lastTransitionTime":"2018-09-13T06:54:40Z"},{"type":"PodScheduled","status":"True","lastProbeTime":null,"lastTransitionTime":"2018-09-13T06:52:57Z"}],"hostIP":"10.245.251.175","podIP":"10.128.78.118","startTime":"2018-09-13T06:52:57Z","containerStatuses":[{"name":"stock-productstock-service-container","state":{"running":{"startedAt":"2018-09-13T06:53:23Z"}},"lastState":{},"ready":true,"restartCount":0,"image":"illin5564.corp.amdocs.com:5000/stock-productstock-service:0.1.0-0059","imageID":"docker-pullable://illin5564.corp.amdocs.com:5000/stock-productstock-service@sha256:f3b887799e7edc866e0b12c8c8a24c77e41917fef6d1232e41d292f5dd47433d","containerID":"docker://3ead476ff37518392401d29dfcd7826f15dda572f28bac38e721f2a76fc4e958"}],"qosClass":"Burstable"}},{"metadata":{"name":"stock-productstockbridge-release-stock-productstockbridge-fwzhr","generateName":"stock-productstockbridge-release-stock-productstockbridge-65477df887-","namespace":"oc-cd-1017-pranavd-pd","selfLink":"/api/v1/namespaces/oc-cd-1017-pranavd-pd/pods/stock-productstockbridge-release-stock-productstockbridge-fwzhr","uid":"a5684bd4-b721-11e8-bb86-0050569a887c","resourceVersion":"66124632","creationTimestamp":"2018-09-13T06:52:57Z","labels":{"app":"stock-productstockbridge-release-stock-productstockbridge","microservice":"stock-productstockbridge","pod-template-hash":"2103389443","project":"stock-productstockbridge","provider":"amdocs","release":"stock-productstockbridge-release"},"annotations":{"git-commit":"345939dbfac17a583ef9e28116d9752e4e544fc4","openshift.io/scc":"anyuid-no-ps"},"ownerReferences":[{"apiVersion":"extensions/v1beta1","kind":"ReplicaSet","name":"stock-productstockbridge-release-stock-productstockbridge-65477df887","uid":"a559a337-b721-11e8-bb86-0050569a887c","controller":true,"blockOwnerDeletion":true}]},"spec":{"volumes":[{"name":"prop-volume","configMap":{"name":"stock-productstockbridge-appconfigmap","defaultMode":420}},{"name":"stock-productstockbridge-volume-jwt-validation-conf","configMap":{"name":"stock-productstockbridge-jwt-validation-configmap","items":[{"key":"application.yaml","path":"application.yaml"}],"defaultMode":420}},{"name":"default-token-vdgk4","secret":{"secretName":"default-token-vdgk4","defaultMode":420}}],"containers":[{"name":"stock-productstockbridge-service-container","image":"illin5564.corp.amdocs.com:5000/stock-productstockbridge-service:0.1.0-0049","ports":[{"name":"http","containerPort":8080,"protocol":"TCP"},{"name":"management","containerPort":18080,"protocol":"TCP"}],"env":[{"name":"KUBERNETES_NAMESPACE","valueFrom":{"fieldRef":{"apiVersion":"v1","fieldPath":"metadata.namespace"}}},{"name":"MSNEXT_JAVA_OPTS","value":"-Xms256m -Xmx512m -XX:MaxRAM=1024m -XX:+UseSerialGC"},{"name":"MSNEXT_CONF_SOURCE_APP","value":"/etc/config"},{"name":"MSNEXT_CONF_SOURCE_IDM","value":"/run/secrets/msNextConfSourceIdm1"},{"name":"MSNEXT_DISABLED_MODULES","value":"msnext-customization"},{"name":"MANAGEMENT_PORT","value":"18080"},{"name":"SERVER_PORT","value":"8080"},{"name":"MALLOC_ARENA_MAX","value":"4"},{"name":"TZ","value":"UTC"}],"resources":{"limits":{"cpu":"2","memory":"2Gi"},"requests":{"cpu":"200m","memory":"1Gi"}},"volumeMounts":[{"name":"prop-volume","mountPath":"/etc/config"},{"name":"stock-productstockbridge-volume-jwt-validation-conf","mountPath":"/run/secrets/msNextConfSourceIdm1"},{"name":"default-token-vdgk4","readOnly":true,"mountPath":"/var/run/secrets/kubernetes.io/serviceaccount"}],"livenessProbe":{"httpGet":{"path":"/health","port":18080,"scheme":"HTTP"},"initialDelaySeconds":900,"timeoutSeconds":10,"periodSeconds":10,"successThreshold":1,"failureThreshold":3},"readinessProbe":{"httpGet":{"path":"/health","port":18080,"scheme":"HTTP"},"initialDelaySeconds":30,"timeoutSeconds":10,"periodSeconds":10,"successThreshold":1,"failureThreshold":3},"terminationMessagePath":"/dev/termination-log","terminationMessagePolicy":"File","imagePullPolicy":"IfNotPresent","securityContext":{"capabilities":{"drop":["MKNOD"]},"privileged":false}}],"restartPolicy":"Always","terminationGracePeriodSeconds":30,"dnsPolicy":"ClusterFirst","nodeSelector":{"region":"work"},"serviceAccountName":"default","serviceAccount":"default","nodeName":"ilocpde01w15.corp.amdocs.com","securityContext":{"seLinuxOptions":{"level":"s0:c82,c59"}},"imagePullSecrets":[{"name":"stock-productstockbridge-ms-secret"}],"schedulerName":"default-scheduler","tolerations":[{"key":"node.kubernetes.io/memory-pressure","operator":"Exists","effect":"NoSchedule"}]},"status":{"phase":"Running","conditions":[{"type":"Initialized","status":"True","lastProbeTime":null,"lastTransitionTime":"2018-09-13T06:52:57Z"},{"type":"Ready","status":"True","lastProbeTime":null,"lastTransitionTime":"2018-09-13T06:54:30Z"},{"type":"PodScheduled","status":"True","lastProbeTime":null,"lastTransitionTime":"2018-09-13T06:52:57Z"}],"hostIP":"10.245.250.34","podIP":"10.128.39.143","startTime":"2018-09-13T06:52:57Z","containerStatuses":[{"name":"stock-productstockbridge-service-container","state":{"running":{"startedAt":"2018-09-13T06:53:31Z"}},"lastState":{},"ready":true,"restartCount":0,"image":"illin5564.corp.amdocs.com:5000/stock-productstockbridge-service:0.1.0-0049","imageID":"docker-pullable://illin5564.corp.amdocs.com:5000/stock-productstockbridge-service@sha256:8ba64903883380bd83a89e7404745a0784d0e1b33f292ba4020681811f7795fd","containerID":"docker://652693c6b7e50e4f3d96a7c1d2e8422073af68ee2a3fa656cdda8cf54d46ca60"}],"qosClass":"Burstable"}},{"metadata":{"name":"tiller-5b87d5cdd4-pvn8f","generateName":"tiller-5b87d5cdd4-","namespace":"oc-cd-1017-pranavd-pd","selfLink":"/api/v1/namespaces/oc-cd-1017-pranavd-pd/pods/tiller-5b87d5cdd4-pvn8f","uid":"9c63b9ae-b721-11e8-bb86-0050569a887c","resourceVersion":"66121719","creationTimestamp":"2018-09-13T06:52:42Z","labels":{"app":"helm","name":"tiller","pod-template-hash":"1643817880"},"annotations":{"openshift.io/scc":"anyuid-no-ps"},"ownerReferences":[{"apiVersion":"extensions/v1beta1","kind":"ReplicaSet","name":"tiller-5b87d5cdd4","uid":"9c5d5056-b721-11e8-bb86-0050569a887c","controller":true,"blockOwnerDeletion":true}]},"spec":{"volumes":[{"name":"tiller-token-2mlvz","secret":{"secretName":"tiller-token-2mlvz","defaultMode":420}}],"containers":[{"name":"tiller","image":"gcr.io/kubernetes-helm/tiller:v2.5.1","ports":[{"name":"tiller","containerPort":44134,"protocol":"TCP"}],"env":[{"name":"TILLER_NAMESPACE","valueFrom":{"fieldRef":{"apiVersion":"v1","fieldPath":"metadata.namespace"}}}],"resources":{},"volumeMounts":[{"name":"tiller-token-2mlvz","readOnly":true,"mountPath":"/var/run/secrets/kubernetes.io/serviceaccount"}],"livenessProbe":{"httpGet":{"path":"/liveness","port":44135,"scheme":"HTTP"},"timeoutSeconds":1,"periodSeconds":10,"successThreshold":1,"failureThreshold":3},"readinessProbe":{"httpGet":{"path":"/readiness","port":44135,"scheme":"HTTP"},"timeoutSeconds":1,"periodSeconds":10,"successThreshold":1,"failureThreshold":3},"terminationMessagePath":"/dev/termination-log","terminationMessagePolicy":"File","imagePullPolicy":"IfNotPresent","securityContext":{"capabilities":{"drop":["MKNOD"]}}}],"restartPolicy":"Always","terminationGracePeriodSeconds":30,"dnsPolicy":"ClusterFirst","nodeSelector":{"region":"work"},"serviceAccountName":"tiller","serviceAccount":"tiller","nodeName":"ilocpde01w24.corp.amdocs.com","securityContext":{"seLinuxOptions":{"level":"s0:c82,c59"}},"imagePullSecrets":[{"name":"tiller-dockercfg-5sfpw"}],"schedulerName":"default-scheduler"},"status":{"phase":"Running","conditions":[{"type":"Initialized","status":"True","lastProbeTime":null,"lastTransitionTime":"2018-09-13T06:52:42Z"},{"type":"Ready","status":"True","lastProbeTime":null,"lastTransitionTime":"2018-09-13T06:52:53Z"},{"type":"PodScheduled","status":"True","lastProbeTime":null,"lastTransitionTime":"2018-09-13T06:52:42Z"}],"hostIP":"10.245.251.165","podIP":"10.128.59.100","startTime":"2018-09-13T06:52:42Z","containerStatuses":[{"name":"tiller","state":{"running":{"startedAt":"2018-09-13T06:52:44Z"}},"lastState":{},"ready":true,"restartCount":0,"image":"gcr.io/kubernetes-helm/tiller:v2.5.1","imageID":"docker-pullable://gcr.io/kubernetes-helm/tiller@sha256:64e0791e4cdadab93f3e535ce290070942e22b3f3730f803d0441688b8d99212","containerID":"docker://1e1de23ca891fb4d12a3ce4a207fe65d90227111c82fe47f5104248771456524"}],"qosClass":"BestEffort"}}]}
]]>
    </line>
    <line>
      <![CDATA[</div>]]>
    </line>
    <line>
      <![CDATA[</div>]]>
    </line>
    <line>
      <![CDATA[</div>]]>
    </line>
    <line>
      <![CDATA[</div>]]>
    </line>
    <line>
      <![CDATA[</td>]]>
    </line>
    <line>
      <![CDATA[</tr>]]>
    </line>
    <line>
      <![CDATA[<tr class="table-success"><td colspan="2">Response status: expected=200 actual=200; Value: true</td></tr>]]>
    </line>
    <line>
      <![CDATA[<tr class="table-light"><td colspan="2">asm-services-cloud-service:30525</td></tr>]]>
    </line>
    <line>
      <![CDATA[<tr class="table-light"><td colspan="2">authoring-command-service:32756</td></tr>]]>
    </line>
    <line>
      <![CDATA[<tr class="table-light"><td colspan="2">business-request-service:34944</td></tr>]]>
    </line>
    <line>
      <![CDATA[<tr class="table-light"><td colspan="2">business-validation-service:31296</td></tr>]]>
    </line>
    <line>
      <![CDATA[<tr class="table-light"><td colspan="2">cartitemaccessor-service:31134</td></tr>]]>
    </line>
    <line>
      <![CDATA[<tr class="table-light"><td colspan="2">customeraccessor-service:32678</td></tr>]]>
    </line>
    <line>
      <![CDATA[<tr class="table-light"><td colspan="2">digitalexp-api-service:32773</td></tr>]]>
    </line>
    <line>
      <![CDATA[<tr class="table-light"><td colspan="2">dispatcher-service:32299</td></tr>]]>
    </line>
    <line>
      <![CDATA[<tr class="table-light"><td colspan="2">import-service:31710</td></tr>]]>
    </line>
    <line>
      <![CDATA[<tr class="table-light"><td colspan="2">managed-resource-service:33039</td></tr>]]>
    </line>
    <line>
      <![CDATA[<tr class="table-light"><td colspan="2">metadata-entity-command-service:31182</td></tr>]]>
    </line>
    <line>
      <![CDATA[<tr class="table-light"><td colspan="2">orderitemaccessor-service:30446</td></tr>]]>
    </line>
    <line>
      <![CDATA[<tr class="table-light"><td colspan="2">paymentmanagement-payment-service:30454</td></tr>]]>
    </line>
    <line>
      <![CDATA[<tr class="table-light"><td colspan="2">phoneportin-phoneportinbridge-service:32054</td></tr>]]>
    </line>
    <line>
      <![CDATA[<tr class="table-light"><td colspan="2">pi-factory-service:31345</td></tr>]]>
    </line>
    <line>
      <![CDATA[<tr class="table-light"><td colspan="2">pi-product-service:34224</td></tr>]]>
    </line>
    <line>
      <![CDATA[<tr class="table-light"><td colspan="2">pi-validateproduct-service:34572</td></tr>]]>
    </line>
    <line>
      <![CDATA[<tr class="table-light"><td colspan="2">pod-category-service:35227</td></tr>]]>
    </line>
    <line>
      <![CDATA[<tr class="table-light"><td colspan="2">pod-experience-service:32525</td></tr>]]>
    </line>
    <line>
      <![CDATA[<tr class="table-light"><td colspan="2">pod-price-service:35442</td></tr>]]>
    </line>
    <line>
      <![CDATA[<tr class="table-light"><td colspan="2">pod-productoffering-service:35261</td></tr>]]>
    </line>
    <line>
      <![CDATA[<tr class="table-light"><td colspan="2">pod-search-service:33636</td></tr>]]>
    </line>
    <line>
      <![CDATA[<tr class="table-light"><td colspan="2">price-priceevent-service:33162</td></tr>]]>
    </line>
    <line>
      <![CDATA[<tr class="table-light"><td colspan="2">price-pricing-service:34969</td></tr>]]>
    </line>
    <line>
      <![CDATA[<tr class="table-light"><td colspan="2">price-productoffering-service:31818</td></tr>]]>
    </line>
    <line>
      <![CDATA[<tr class="table-light"><td colspan="2">product-configuration-rule-command-service:31815</td></tr>]]>
    </line>
    <line>
      <![CDATA[<tr class="table-light"><td colspan="2">product-offering-service:33371</td></tr>]]>
    </line>
    <line>
      <![CDATA[<tr class="table-light"><td colspan="2">productaccessor-service:30549</td></tr>]]>
    </line>
    <line>
      <![CDATA[<tr class="table-light"><td colspan="2">productconfigurator-action-service:32038</td></tr>]]>
    </line>
    <line>
      <![CDATA[<tr class="table-light"><td colspan="2">productconfigurator-commitmentterm-service:30140</td></tr>]]>
    </line>
    <line>
      <![CDATA[<tr class="table-light"><td colspan="2">productconfigurator-price-service:33473</td></tr>]]>
    </line>
    <line>
      <![CDATA[<tr class="table-light"><td colspan="2">productconfigurator-qualification-service:31599</td></tr>]]>
    </line>
    <line>
      <![CDATA[<tr class="table-light"><td colspan="2">productconfigurator-service:32831</td></tr>]]>
    </line>
    <line>
      <![CDATA[<tr class="table-light"><td colspan="2">productorder-amendorder-service:34841</td></tr>]]>
    </line>
    <line>
      <![CDATA[<tr class="table-light"><td colspan="2">productorder-deliverymethodorder-service:33639</td></tr>]]>
    </line>
    <line>
      <![CDATA[<tr class="table-light"><td colspan="2">productorder-futurelauncher-service:32858</td></tr>]]>
    </line>
    <line>
      <![CDATA[<tr class="table-light"><td colspan="2">productorder-limiteddurationproduct-service:33361</td></tr>]]>
    </line>
    <line>
      <![CDATA[<tr class="table-light"><td colspan="2">productorder-modifyorder-service:30158</td></tr>]]>
    </line>
    <line>
      <![CDATA[<tr class="table-light"><td colspan="2">productorder-paymentorder-service:31620</td></tr>]]>
    </line>
    <line>
      <![CDATA[<tr class="table-light"><td colspan="2">productorder-price-service:35546</td></tr>]]>
    </line>
    <line>
      <![CDATA[<tr class="table-light"><td colspan="2">productorder-productorder-service:30538</td></tr>]]>
    </line>
    <line>
      <![CDATA[<tr class="table-light"><td colspan="2">productorder-submitorder-service:31718</td></tr>]]>
    </line>
    <line>
      <![CDATA[<tr class="table-light"><td colspan="2">productorder-validateorder-service:33834</td></tr>]]>
    </line>
    <line>
      <![CDATA[<tr class="table-light"><td colspan="2">productvalidator-service:32057</td></tr>]]>
    </line>
    <line>
      <![CDATA[<tr class="table-light"><td colspan="2">promotion-command-service:32077</td></tr>]]>
    </line>
    <line>
      <![CDATA[<tr class="table-light"><td colspan="2">promotion-mapper-service:31731</td></tr>]]>
    </line>
    <line>
      <![CDATA[<tr class="table-light"><td colspan="2">promotion-productofferingcriteria-service:34777</td></tr>]]>
    </line>
    <line>
      <![CDATA[<tr class="table-light"><td colspan="2">promotion-promotion-service:32832</td></tr>]]>
    </line>
    <line>
      <![CDATA[<tr class="table-light"><td colspan="2">promotion-qualification-service:30560</td></tr>]]>
    </line>
    <line>
      <![CDATA[<tr class="table-light"><td colspan="2">promotion-saleschannelcriteria-service:34306</td></tr>]]>
    </line>
    <line>
      <![CDATA[<tr class="table-light"><td colspan="2">release-management-service:32564</td></tr>]]>
    </line>
    <line>
      <![CDATA[<tr class="table-light"><td colspan="2">repo-service:32577</td></tr>]]>
    </line>
    <line>
      <![CDATA[<tr class="table-light"><td colspan="2">scheduler-task-service:31839</td></tr>]]>
    </line>
    <line>
      <![CDATA[<tr class="table-light"><td colspan="2">shoppingcart-checkout-service:35324</td></tr>]]>
    </line>
    <line>
      <![CDATA[<tr class="table-light"><td colspan="2">shoppingcart-modify-service:33407</td></tr>]]>
    </line>
    <line>
      <![CDATA[<tr class="table-light"><td colspan="2">shoppingcart-price-service:34227</td></tr>]]>
    </line>
    <line>
      <![CDATA[<tr class="table-light"><td colspan="2">shoppingcart-shoppingcart-service:32180</td></tr>]]>
    </line>
    <line>
      <![CDATA[<tr class="table-light"><td colspan="2">shoppingcart-validate-service:32200</td></tr>]]>
    </line>
    <line>
      <![CDATA[<tr class="table-light"><td colspan="2">stock-productstock-service:33497</td></tr>]]>
    </line>
    <line>
      <![CDATA[<tr class="table-light"><td colspan="2">stock-productstockbridge-service:32860</td></tr>]]>
    </line>
    <line>
      <![CDATA[<tr class="table-light"><td colspan="2">OpenShift Master: ilocpde01-master.corp.amdocs.com k8shost: ilocpde01w02.corp.amdocs.com</td></tr>]]>
    </line>
    <line>
      <![CDATA[<tr class="table-warning"><td colspan="2">User UserIndividualSS DOES NOT exist. Creating... </td></tr>]]>
    </line>
    <line>
      <![CDATA[<tr class="table-light"><td colspan="2">JSON file loaded successfully. File: /src/test/resources/ct/payload/Individual/Individual.json</td></tr>]]>
    </line>
    <line>
      <![CDATA[<tr class="table-light"><td colspan="2">JSON file loaded successfully. File: /src/test/resources/ct/payload/A3S/User.json</td></tr>]]>
    </line>
    <line>
      <![CDATA[<tr class="table-light"><td colspan="2">JSON value updated. JSON path: $.users[0].id; Value: Automation_AdminUser_729986171</td></tr>]]>
    </line>
    <line>
      <![CDATA[<tr class="table-light"><td colspan="2">JSON value updated. JSON path: $.users[0].userName; Value: Automation_AdminUser_729986171</td></tr>]]>
    </line>
    <line>
      <![CDATA[<tr class="table-light"><td colspan="2">JSON value updated. JSON path: $.users[0].password; Value: Unix11!</td></tr>]]>
    </line>
    <line>
      <![CDATA[<tr class="table-light"><td colspan="2">JSON value updated. JSON path: $.users[0].roles; Value: [Ljava.lang.String;@7e70bd39</td></tr>]]>
    </line>
    <line>
      <![CDATA[<tr class="table-light"><td colspan="2">JSON value updated. JSON path: $.users[0].a3sUserExtension.properties.customerId; Value: Customer_43</td></tr>]]>
    </line>
    <line>
      <![CDATA[<tr class="table-light"><td colspan="2">JSON value updated. JSON path: $.users[0].a3sUserExtension.properties.salesChannel; Value: SelfService</td></tr>]]>
    </line>
    <line>
      <![CDATA[<tr class="table-info"><td class="text-dark font-weight-bold">Request Type </td><td class="" >POST</td></tr>]]>
    </line>
    <line>
      <![CDATA[<tr><td class="text-dark font-weight-bold">URI </td><td class="" > http://ilocpde01w02.corp.amdocs.com:30525/asmServices/services/v1.0/users/bulk </td></tr>]]>
    </line>
    <line>
      <![CDATA[<tr><td class="text-dark font-weight-bold" colspan="2">Headers : </td></tr>]]>
    </line>
    <line>
      <![CDATA[<tr>]]>
    </line>
    <line>
      <![CDATA[<td class="text-dark font-weight-bold" >Authorization :</td>]]>
    </line>
    <line>
      <![CDATA[<td class="" >]]>
    </line>
    <line>
      <![CDATA[<a href="" class="alert-link" data-toggle="modal" data-target="#rest_assured_logger_modal_value_70">Show</a>]]>
    </line>
    <line>
      <![CDATA[<div class="modal fade"  id="rest_assured_logger_modal_value_70" tabindex="-1" role="dialog">]]>
    </line>
    <line>
      <![CDATA[<div class="modal-dialog" role="document">]]>
    </line>
    <line>
      <![CDATA[<div class="modal-content">]]>
    </line>
    <line>
      <![CDATA[<div class="modal-header text-white bg-info">]]>
    </line>
    <line>
      <![CDATA[<h5 class="modal-title" id="title1">Authorization</h5>]]>
    </line>
    <line>
      <![CDATA[<span class="h6 text-light ml-2 mt-2">(click on the Text to copy)</span>]]>
    </line>
    <line>
      <![CDATA[<button type="button" class="close" data-dismiss="modal" aria-label="Close">]]>
    </line>
    <line>
      <![CDATA[<span aria-hidden="true">&times;</span>]]>
    </line>
    <line>
      <![CDATA[</button>]]>
    </line>
    <line>
      <![CDATA[</div>]]>
    </line>
    <line>
      <![CDATA[<div onClick="copyMePlease(this)" class="modal-body">]]>
    </line>
    <line>
      <![CDATA[Basic YTNzRGVwbG95ZXI6QTNzRGVwbG95ZXIh]]>
    </line>
    <line>
      <![CDATA[</div>]]>
    </line>
    <line>
      <![CDATA[</div>]]>
    </line>
    <line>
      <![CDATA[</div>]]>
    </line>
    <line>
      <![CDATA[</div>]]>
    </line>
    <line>
      <![CDATA[</td>]]>
    </line>
    <line>
      <![CDATA[</tr>]]>
    </line>
    <line>
      <![CDATA[<tr><td class="text-dark font-weight-bold">Accept </td><td class="" > application/json </td></tr>]]>
    </line>
    <line>
      <![CDATA[<tr><td class="text-dark font-weight-bold">Content-Type </td><td class="" > application/json </td></tr>]]>
    </line>
    <line>
      <![CDATA[<tr>]]>
    </line>
    <line>
      <![CDATA[<td class="text-dark font-weight-bold" >Payload :</td>]]>
    </line>
    <line>
      <![CDATA[<td class="" >]]>
    </line>
    <line>
      <![CDATA[<a href="" class="alert-link" data-toggle="modal" data-target="#rest_assured_logger_modal_value_71">Show</a>]]>
    </line>
    <line>
      <![CDATA[<div class="modal fade"  id="rest_assured_logger_modal_value_71" tabindex="-1" role="dialog">]]>
    </line>
    <line>
      <![CDATA[<div class="modal-dialog" role="document">]]>
    </line>
    <line>
      <![CDATA[<div class="modal-content">]]>
    </line>
    <line>
      <![CDATA[<div class="modal-header text-white bg-info">]]>
    </line>
    <line>
      <![CDATA[<h5 class="modal-title" id="title1">Payload</h5>]]>
    </line>
    <line>
      <![CDATA[<span class="h6 text-light ml-2 mt-2">(click on the Text to copy)</span>]]>
    </line>
    <line>
      <![CDATA[<button type="button" class="close" data-dismiss="modal" aria-label="Close">]]>
    </line>
    <line>
      <![CDATA[<span aria-hidden="true">&times;</span>]]>
    </line>
    <line>
      <![CDATA[</button>]]>
    </line>
    <line>
      <![CDATA[</div>]]>
    </line>
    <line>
      <![CDATA[<div onClick="copyMePlease(this)" class="modal-body">]]>
    </line>
    <line>
      <![CDATA[{"users":[{"id":"Automation_AdminUser_729986171","userName":"Automation_AdminUser_729986171","userType":"UamsUser","password":"Unix11!","roles":["ChangeOwnershipRole","orderChangeOwnership","CatalogOne.importer","Write","GetCustomer","CreateCustomerEntity","SearchIndividual","PAP-Common","DeleteCreditProfile","csr","GetCustomerEntity","RetreivePaymentMethod","ProductOrderLauncherUpdate","CreateCustomer","AsmServicesAppIdentity","RetrieveCustomerEntity","AddRelatedParty","CreatePaymentMethod","UpdateCreditProfile","PAP-PU","AnonymousUserRole","ProductOrderLauncherRead","UpdateIndividual","ProductOrderLauncherDelete","RetrieveIndividual","DeleteIndividual","CreateIndividual","STS-Common","ProductOrderLauncherCreate","GetIndividual","EvaluateCreditProfile","AppTesterRole","RetrieveCustomer"],"a3sUserExtension":{"properties":{"OperatorID":154,"customerId":"Customer_43","salesChannel":"SelfService"}}}],"operation":{"deleteFirst":true,"updateExisting":false,"createNew":true,"returnProcessedObjects":true,"failOnError":false}}]]>
    </line>
    <line>
      <![CDATA[</div>]]>
    </line>
    <line>
      <![CDATA[</div>]]>
    </line>
    <line>
      <![CDATA[</div>]]>
    </line>
    <line>
      <![CDATA[</div>]]>
    </line>
    <line>
      <![CDATA[</td>]]>
    </line>
    <line>
      <![CDATA[</tr>]]>
    </line>
    <line>
      <![CDATA[<tr>]]>
    </line>
    <line>
      <![CDATA[<td class="text-dark font-weight-bold" >Response Header :</td>]]>
    </line>
    <line>
      <![CDATA[<td class="" >]]>
    </line>
    <line>
      <![CDATA[<a href="" class="alert-link" data-toggle="modal" data-target="#modal_value_24">Show</a>]]>
    </line>
    <line>
      <![CDATA[<div class="modal fade"  id="modal_value_24" tabindex="-1" role="dialog">]]>
    </line>
    <line>
      <![CDATA[<div class="modal-dialog" role="document">]]>
    </line>
    <line>
      <![CDATA[<div class="modal-content">]]>
    </line>
    <line>
      <![CDATA[<div class="modal-header text-white bg-info">]]>
    </line>
    <line>
      <![CDATA[<h5 class="modal-title" id="title1">Response Header</h5>]]>
    </line>
    <line>
      <![CDATA[<span class="h6 text-light ml-2 mt-2">(click on the Text to copy)</span>]]>
    </line>
    <line>
      <![CDATA[<button type="button" class="close" data-dismiss="modal" aria-label="Close">]]>
    </line>
    <line>
      <![CDATA[<span aria-hidden="true">&times;</span>]]>
    </line>
    <line>
      <![CDATA[</button>]]>
    </line>
    <line>
      <![CDATA[</div>]]>
    </line>
    <line>
      <![CDATA[<div onClick="copyMePlease(this)" class="modal-body">]]>
    </line>
    <line>
      <![CDATA[X-Content-Type-Options=nosniff
	X-XSS-Protection=1; mode=block
	Cache-Control=no-cache, no-store, max-age=0, must-revalidate
	Pragma=no-cache
	Expires=0
	X-Frame-Options=DENY
	X-Application-Context=application:9191
	Date=Tue, 18 Sep 2018 09:40:58 GMT
	Content-Type=application/json
	Content-Length=1695]]>
    </line>
    <line>
      <![CDATA[</div>]]>
    </line>
    <line>
      <![CDATA[</div>]]>
    </line>
    <line>
      <![CDATA[</div>]]>
    </line>
    <line>
      <![CDATA[</div>]]>
    </line>
    <line>
      <![CDATA[</td>]]>
    </line>
    <line>
      <![CDATA[</tr>]]>
    </line>
    <line>
      <![CDATA[<tr>]]>
    </line>
    <line>
      <![CDATA[<td class="text-dark font-weight-bold" >Response :</td>]]>
    </line>
    <line>
      <![CDATA[<td class="" >]]>
    </line>
    <line>
      <![CDATA[<a href="" class="alert-link" data-toggle="modal" data-target="#rest_assured_logger_modal_value_72">Show</a>]]>
    </line>
    <line>
      <![CDATA[<div class="modal fade"  id="rest_assured_logger_modal_value_72" tabindex="-1" role="dialog">]]>
    </line>
    <line>
      <![CDATA[<div class="modal-dialog" role="document">]]>
    </line>
    <line>
      <![CDATA[<div class="modal-content">]]>
    </line>
    <line>
      <![CDATA[<div class="modal-header text-white bg-info">]]>
    </line>
    <line>
      <![CDATA[<h5 class="modal-title" id="title1">Response</h5>]]>
    </line>
    <line>
      <![CDATA[<span class="h6 text-light ml-2 mt-2">(click on the Text to copy)</span>]]>
    </line>
    <line>
      <![CDATA[<button type="button" class="close" data-dismiss="modal" aria-label="Close">]]>
    </line>
    <line>
      <![CDATA[<span aria-hidden="true">&times;</span>]]>
    </line>
    <line>
      <![CDATA[</button>]]>
    </line>
    <line>
      <![CDATA[</div>]]>
    </line>
    <line>
      <![CDATA[<div onClick="copyMePlease(this)" class="modal-body">]]>
    </line>
    <line>
      <![CDATA[{"deletedUsers":[],"createdUsers":[{"schemas":["urn:ietf:params:scim:schemas:core:2.0:User","urn:ietf:params:scim:schemas:extension:com.amdocs.a3s:2.0:User"],"id":"Automation_AdminUser_729986171","userName":"Automation_AdminUser_729986171","userType":"UamsUser","active":false,"password":null,"roles":["CreateCustomer","ChangeOwnershipRole","CreateCustomerEntity","CreateIndividual","AsmServicesAppIdentity","ProductOrderLauncherRead","GetIndividual","CatalogOne.importer","Write","RetrieveIndividual","AnonymousUserRole","CreatePaymentMethod","EvaluateCreditProfile","ProductOrderLauncherUpdate","csr","RetrieveCustomer","AppTesterRole","PAP-PU","RetrieveCustomerEntity","UpdateIndividual","UpdateCreditProfile","STS-Common","SearchIndividual","GetCustomer","PAP-Common","RetreivePaymentMethod","DeleteCreditProfile","ProductOrderLauncherCreate","AddRelatedParty","DeleteIndividual","GetCustomerEntity","orderChangeOwnership","ProductOrderLauncherDelete"],"a3sUserExtension":{"expiration":32535122400000,"effectiveDate":0,"successLoginDate":0,"badLoginDate":0,"badLoginCount":0,"isAccountNonExpired":true,"isAccountNonLocked":true,"isEnabled":true,"isAccountNeverExpired":false,"isExpiring":false,"isInEffective":false,"isCredentialsNonExpired":true,"isCredentialsExpiring":false,"isCredentialsReset":false,"properties":{"salesChannel":"SelfService","OperatorID":154,"customerId":"Customer_43","UserType":"UamsUser"}},"metadata":{"resourceType":"User","created":1537228800000,"lastModified":1537228800000,"location":"http://ilocpde01w02.corp.amdocs.com:30525/asmServices/services/v1.0/users/bulk","version":null}}],"updatedUsers":[],"numDeleted":0,"numCreated":1,"numUpdated":0,"bulkErrors":[]}]]>
    </line>
    <line>
      <![CDATA[</div>]]>
    </line>
    <line>
      <![CDATA[</div>]]>
    </line>
    <line>
      <![CDATA[</div>]]>
    </line>
    <line>
      <![CDATA[</div>]]>
    </line>
    <line>
      <![CDATA[</td>]]>
    </line>
    <line>
      <![CDATA[</tr>]]>
    </line>
    <line>
      <![CDATA[<tr class="table-success"><td colspan="2">Response status: expected=201 actual=201; Value: true</td></tr>]]>
    </line>
    <line>
      <![CDATA[<tr class="table-info"><td class="text-dark font-weight-bold">Request Type </td><td class="" >POST</td></tr>]]>
    </line>
    <line>
      <![CDATA[<tr><td class="text-dark font-weight-bold">URI </td><td class="" > http://ilocpde01w02.corp.amdocs.com:30525/asmServices/services/v1.0/auth/tokens </td></tr>]]>
    </line>
    <line>
      <![CDATA[<tr><td class="text-dark font-weight-bold" colspan="2">Headers : </td></tr>]]>
    </line>
    <line>
      <![CDATA[<tr>]]>
    </line>
    <line>
      <![CDATA[<td class="text-dark font-weight-bold" >Authorization :</td>]]>
    </line>
    <line>
      <![CDATA[<td class="" >]]>
    </line>
    <line>
      <![CDATA[<a href="" class="alert-link" data-toggle="modal" data-target="#rest_assured_logger_modal_value_73">Show</a>]]>
    </line>
    <line>
      <![CDATA[<div class="modal fade"  id="rest_assured_logger_modal_value_73" tabindex="-1" role="dialog">]]>
    </line>
    <line>
      <![CDATA[<div class="modal-dialog" role="document">]]>
    </line>
    <line>
      <![CDATA[<div class="modal-content">]]>
    </line>
    <line>
      <![CDATA[<div class="modal-header text-white bg-info">]]>
    </line>
    <line>
      <![CDATA[<h5 class="modal-title" id="title1">Authorization</h5>]]>
    </line>
    <line>
      <![CDATA[<span class="h6 text-light ml-2 mt-2">(click on the Text to copy)</span>]]>
    </line>
    <line>
      <![CDATA[<button type="button" class="close" data-dismiss="modal" aria-label="Close">]]>
    </line>
    <line>
      <![CDATA[<span aria-hidden="true">&times;</span>]]>
    </line>
    <line>
      <![CDATA[</button>]]>
    </line>
    <line>
      <![CDATA[</div>]]>
    </line>
    <line>
      <![CDATA[<div onClick="copyMePlease(this)" class="modal-body">]]>
    </line>
    <line>
      <![CDATA[Basic TWFpbklzc3VlcjpVbml4MTEh]]>
    </line>
    <line>
      <![CDATA[</div>]]>
    </line>
    <line>
      <![CDATA[</div>]]>
    </line>
    <line>
      <![CDATA[</div>]]>
    </line>
    <line>
      <![CDATA[</div>]]>
    </line>
    <line>
      <![CDATA[</td>]]>
    </line>
    <line>
      <![CDATA[</tr>]]>
    </line>
    <line>
      <![CDATA[<tr><td class="text-dark font-weight-bold">Accept </td><td class="" > application/json </td></tr>]]>
    </line>
    <line>
      <![CDATA[<tr><td class="text-dark font-weight-bold">Content-Type </td><td class="" > application/json </td></tr>]]>
    </line>
    <line>
      <![CDATA[<tr>]]>
    </line>
    <line>
      <![CDATA[<td class="text-dark font-weight-bold" >Payload :</td>]]>
    </line>
    <line>
      <![CDATA[<td class="" >]]>
    </line>
    <line>
      <![CDATA[<a href="" class="alert-link" data-toggle="modal" data-target="#rest_assured_logger_modal_value_74">Show</a>]]>
    </line>
    <line>
      <![CDATA[<div class="modal fade"  id="rest_assured_logger_modal_value_74" tabindex="-1" role="dialog">]]>
    </line>
    <line>
      <![CDATA[<div class="modal-dialog" role="document">]]>
    </line>
    <line>
      <![CDATA[<div class="modal-content">]]>
    </line>
    <line>
      <![CDATA[<div class="modal-header text-white bg-info">]]>
    </line>
    <line>
      <![CDATA[<h5 class="modal-title" id="title1">Payload</h5>]]>
    </line>
    <line>
      <![CDATA[<span class="h6 text-light ml-2 mt-2">(click on the Text to copy)</span>]]>
    </line>
    <line>
      <![CDATA[<button type="button" class="close" data-dismiss="modal" aria-label="Close">]]>
    </line>
    <line>
      <![CDATA[<span aria-hidden="true">&times;</span>]]>
    </line>
    <line>
      <![CDATA[</button>]]>
    </line>
    <line>
      <![CDATA[</div>]]>
    </line>
    <line>
      <![CDATA[<div onClick="copyMePlease(this)" class="modal-body">]]>
    </line>
    <line>
      <![CDATA[{"auth":{"dialects":["A3S_Core_Public","Customer_Info"],"token-type":"JWT","token-expiration":null,"on-behalf-of":{"type":"USER_PASSWORD","user-credentials":{"username":"Automation_AdminUser_729986171","password":"Unix11!"}}}}]]>
    </line>
    <line>
      <![CDATA[</div>]]>
    </line>
    <line>
      <![CDATA[</div>]]>
    </line>
    <line>
      <![CDATA[</div>]]>
    </line>
    <line>
      <![CDATA[</div>]]>
    </line>
    <line>
      <![CDATA[</td>]]>
    </line>
    <line>
      <![CDATA[</tr>]]>
    </line>
    <line>
      <![CDATA[<tr>]]>
    </line>
    <line>
      <![CDATA[<td class="text-dark font-weight-bold" >Response Header :</td>]]>
    </line>
    <line>
      <![CDATA[<td class="" >]]>
    </line>
    <line>
      <![CDATA[<a href="" class="alert-link" data-toggle="modal" data-target="#modal_value_25">Show</a>]]>
    </line>
    <line>
      <![CDATA[<div class="modal fade"  id="modal_value_25" tabindex="-1" role="dialog">]]>
    </line>
    <line>
      <![CDATA[<div class="modal-dialog" role="document">]]>
    </line>
    <line>
      <![CDATA[<div class="modal-content">]]>
    </line>
    <line>
      <![CDATA[<div class="modal-header text-white bg-info">]]>
    </line>
    <line>
      <![CDATA[<h5 class="modal-title" id="title1">Response Header</h5>]]>
    </line>
    <line>
      <![CDATA[<span class="h6 text-light ml-2 mt-2">(click on the Text to copy)</span>]]>
    </line>
    <line>
      <![CDATA[<button type="button" class="close" data-dismiss="modal" aria-label="Close">]]>
    </line>
    <line>
      <![CDATA[<span aria-hidden="true">&times;</span>]]>
    </line>
    <line>
      <![CDATA[</button>]]>
    </line>
    <line>
      <![CDATA[</div>]]>
    </line>
    <line>
      <![CDATA[<div onClick="copyMePlease(this)" class="modal-body">]]>
    </line>
    <line>
      <![CDATA[X-Content-Type-Options=nosniff
	X-XSS-Protection=1; mode=block
	Cache-Control=no-cache, no-store, max-age=0, must-revalidate
	Pragma=no-cache
	Expires=0
	X-Frame-Options=DENY
	X-Application-Context=application:9191
	Date=Tue, 18 Sep 2018 09:40:58 GMT
	Content-Type=application/json
	Content-Length=1762]]>
    </line>
    <line>
      <![CDATA[</div>]]>
    </line>
    <line>
      <![CDATA[</div>]]>
    </line>
    <line>
      <![CDATA[</div>]]>
    </line>
    <line>
      <![CDATA[</div>]]>
    </line>
    <line>
      <![CDATA[</td>]]>
    </line>
    <line>
      <![CDATA[</tr>]]>
    </line>
    <line>
      <![CDATA[<tr>]]>
    </line>
    <line>
      <![CDATA[<td class="text-dark font-weight-bold" >Response :</td>]]>
    </line>
    <line>
      <![CDATA[<td class="" >]]>
    </line>
    <line>
      <![CDATA[<a href="" class="alert-link" data-toggle="modal" data-target="#rest_assured_logger_modal_value_75">Show</a>]]>
    </line>
    <line>
      <![CDATA[<div class="modal fade"  id="rest_assured_logger_modal_value_75" tabindex="-1" role="dialog">]]>
    </line>
    <line>
      <![CDATA[<div class="modal-dialog" role="document">]]>
    </line>
    <line>
      <![CDATA[<div class="modal-content">]]>
    </line>
    <line>
      <![CDATA[<div class="modal-header text-white bg-info">]]>
    </line>
    <line>
      <![CDATA[<h5 class="modal-title" id="title1">Response</h5>]]>
    </line>
    <line>
      <![CDATA[<span class="h6 text-light ml-2 mt-2">(click on the Text to copy)</span>]]>
    </line>
    <line>
      <![CDATA[<button type="button" class="close" data-dismiss="modal" aria-label="Close">]]>
    </line>
    <line>
      <![CDATA[<span aria-hidden="true">&times;</span>]]>
    </line>
    <line>
      <![CDATA[</button>]]>
    </line>
    <line>
      <![CDATA[</div>]]>
    </line>
    <line>
      <![CDATA[<div onClick="copyMePlease(this)" class="modal-body">]]>
    </line>
    <line>
      <![CDATA[{"subjectToken":"eyJ4NXQjUzI1NiI6IkxEbGVvYldaYmVZcG9pb0Q0R1hrMWp3US8rUWd1MUs1eXNzQ1JpN3BtelE9IiwidHlwIjoiSldUIiwiYWxnIjoiUlMyNTYifQ.eyJzdWIiOiJBdXRvbWF0aW9uX0FkbWluVXNlcl83Mjk5ODYxNzEiLCJyb2xlcyI6WyJHZXRDdXN0b21lckVudGl0eSIsIkV2YWx1YXRlQ3JlZGl0UHJvZmlsZSIsIm9yZGVyQ2hhbmdlT3duZXJzaGlwIiwiR2V0Q3VzdG9tZXIiLCJEZWxldGVDcmVkaXRQcm9maWxlIiwiVXBkYXRlQ3JlZGl0UHJvZmlsZSIsIlBBUC1QVSIsIlByb2R1Y3RPcmRlckxhdW5jaGVyVXBkYXRlIiwiQ2hhbmdlT3duZXJzaGlwUm9sZSIsIlJldHJlaXZlUGF5bWVudE1ldGhvZCIsIlJldHJpZXZlQ3VzdG9tZXJFbnRpdHkiLCJDcmVhdGVJbmRpdmlkdWFsIiwiR2V0SW5kaXZpZHVhbCIsIldyaXRlIiwiQWRkUmVsYXRlZFBhcnR5IiwiQXNtU2VydmljZXNBcHBJZGVudGl0eSIsIlJldHJpZXZlQ3VzdG9tZXIiLCJEZWxldGVJbmRpdmlkdWFsIiwiQ3JlYXRlUGF5bWVudE1ldGhvZCIsIlVwZGF0ZUluZGl2aWR1YWwiLCJQcm9kdWN0T3JkZXJMYXVuY2hlckNyZWF0ZSIsIlByb2R1Y3RPcmRlckxhdW5jaGVyRGVsZXRlIiwiQW5vbnltb3VzVXNlclJvbGUiLCJSZXRyaWV2ZUluZGl2aWR1YWwiLCJBcHBUZXN0ZXJSb2xlIiwiU1RTLUNvbW1vbiIsIkNyZWF0ZUN1c3RvbWVyIiwiY3NyIiwiU2VhcmNoSW5kaXZpZHVhbCIsIlByb2R1Y3RPcmRlckxhdW5jaGVyUmVhZCIsIlBBUC1Db21tb24iLCJDYXRhbG9nT25lLmltcG9ydGVyIiwiQ3JlYXRlQ3VzdG9tZXJFbnRpdHkiXSwiY3VzdG9tZXJJZCI6IkN1c3RvbWVyXzQzIiwiaXNzIjoiQTNTWm9uZTFAQTNTLmFtZG9jcy5jb20iLCJvaXQiOjE1MzcyNjM2NTgsInNhbGVzQ2hhbm5lbCI6IlNlbGZTZXJ2aWNlIiwiZXhwIjoxNTM3MjcwODU4LCJpYXQiOjE1MzcyNjM2NTgsInR0bCI6MTUzNzI5MjQ1OCwianRpIjoiMjY5OTg3OWVkNzE1ZTUyN2IyNzk4MjMyNGJmOTE5YzU3MDYwYzU4YTJmYTkzZTFmZmE5YTVkN2VkYmUwNzQ2YyJ9.i-yHWuJ1OryiZ2ISXffeHns_E5YIjsmRgJ_1G4Sb-KGWOO2W-eiNfidjYa1EScG_FRl5fy-zoAMA5eZguiiZQ62GoC0-1sWMnGO2hYO1S9cYg1QbpO9TJsi8AmOkmYsDVegaMJKjQYXBXwSuQzc84_aUVDjlChvgtcAA_laur7asAZfrObxQODOJddlk1D7NUouP_gyFekWL7W3dFC24qoIldZL2s0Lsmyh7pUjBTZVrVMuFPlW1WPLs5f_dKGqLCHbTh1FDWG-T-pS_JsEF-bZJTw-D6fDOdWRArs8BUxHOpfUMZfChU1aielA20BIS56-ixT5V7N0m1gWsX4mgbg","subjectTokenExpiration":"1537270858000"}]]>
    </line>
    <line>
      <![CDATA[</div>]]>
    </line>
    <line>
      <![CDATA[</div>]]>
    </line>
    <line>
      <![CDATA[</div>]]>
    </line>
    <line>
      <![CDATA[</div>]]>
    </line>
    <line>
      <![CDATA[</td>]]>
    </line>
    <line>
      <![CDATA[</tr>]]>
    </line>
    <line>
      <![CDATA[<tr class="table-info"><td class="text-dark font-weight-bold">Request Type </td><td class="" >POST</td></tr>]]>
    </line>
    <line>
      <![CDATA[<tr><td class="text-dark font-weight-bold">URI </td><td class="" > http://ilocpde01w26.corp.amdocs.com:30261/partyManagement/v1/individual?salesChannel=SelfService </td></tr>]]>
    </line>
    <line>
      <![CDATA[<tr><td class="text-dark font-weight-bold" colspan="2">Headers : </td></tr>]]>
    </line>
    <line>
      <![CDATA[<tr>]]>
    </line>
    <line>
      <![CDATA[<td class="text-dark font-weight-bold" >Authorization :</td>]]>
    </line>
    <line>
      <![CDATA[<td class="" >]]>
    </line>
    <line>
      <![CDATA[<a href="" class="alert-link" data-toggle="modal" data-target="#rest_assured_logger_modal_value_76">Show</a>]]>
    </line>
    <line>
      <![CDATA[<div class="modal fade"  id="rest_assured_logger_modal_value_76" tabindex="-1" role="dialog">]]>
    </line>
    <line>
      <![CDATA[<div class="modal-dialog" role="document">]]>
    </line>
    <line>
      <![CDATA[<div class="modal-content">]]>
    </line>
    <line>
      <![CDATA[<div class="modal-header text-white bg-info">]]>
    </line>
    <line>
      <![CDATA[<h5 class="modal-title" id="title1">Authorization</h5>]]>
    </line>
    <line>
      <![CDATA[<span class="h6 text-light ml-2 mt-2">(click on the Text to copy)</span>]]>
    </line>
    <line>
      <![CDATA[<button type="button" class="close" data-dismiss="modal" aria-label="Close">]]>
    </line>
    <line>
      <![CDATA[<span aria-hidden="true">&times;</span>]]>
    </line>
    <line>
      <![CDATA[</button>]]>
    </line>
    <line>
      <![CDATA[</div>]]>
    </line>
    <line>
      <![CDATA[<div onClick="copyMePlease(this)" class="modal-body">]]>
    </line>
    <line>
      <![CDATA[Bearer eyJ4NXQjUzI1NiI6IkxEbGVvYldaYmVZcG9pb0Q0R1hrMWp3US8rUWd1MUs1eXNzQ1JpN3BtelE9IiwidHlwIjoiSldUIiwiYWxnIjoiUlMyNTYifQ.eyJzdWIiOiJBdXRvbWF0aW9uX0FkbWluVXNlcl83Mjk5ODYxNzEiLCJyb2xlcyI6WyJHZXRDdXN0b21lckVudGl0eSIsIkV2YWx1YXRlQ3JlZGl0UHJvZmlsZSIsIm9yZGVyQ2hhbmdlT3duZXJzaGlwIiwiR2V0Q3VzdG9tZXIiLCJEZWxldGVDcmVkaXRQcm9maWxlIiwiVXBkYXRlQ3JlZGl0UHJvZmlsZSIsIlBBUC1QVSIsIlByb2R1Y3RPcmRlckxhdW5jaGVyVXBkYXRlIiwiQ2hhbmdlT3duZXJzaGlwUm9sZSIsIlJldHJlaXZlUGF5bWVudE1ldGhvZCIsIlJldHJpZXZlQ3VzdG9tZXJFbnRpdHkiLCJDcmVhdGVJbmRpdmlkdWFsIiwiR2V0SW5kaXZpZHVhbCIsIldyaXRlIiwiQWRkUmVsYXRlZFBhcnR5IiwiQXNtU2VydmljZXNBcHBJZGVudGl0eSIsIlJldHJpZXZlQ3VzdG9tZXIiLCJEZWxldGVJbmRpdmlkdWFsIiwiQ3JlYXRlUGF5bWVudE1ldGhvZCIsIlVwZGF0ZUluZGl2aWR1YWwiLCJQcm9kdWN0T3JkZXJMYXVuY2hlckNyZWF0ZSIsIlByb2R1Y3RPcmRlckxhdW5jaGVyRGVsZXRlIiwiQW5vbnltb3VzVXNlclJvbGUiLCJSZXRyaWV2ZUluZGl2aWR1YWwiLCJBcHBUZXN0ZXJSb2xlIiwiU1RTLUNvbW1vbiIsIkNyZWF0ZUN1c3RvbWVyIiwiY3NyIiwiU2VhcmNoSW5kaXZpZHVhbCIsIlByb2R1Y3RPcmRlckxhdW5jaGVyUmVhZCIsIlBBUC1Db21tb24iLCJDYXRhbG9nT25lLmltcG9ydGVyIiwiQ3JlYXRlQ3VzdG9tZXJFbnRpdHkiXSwiY3VzdG9tZXJJZCI6IkN1c3RvbWVyXzQzIiwiaXNzIjoiQTNTWm9uZTFAQTNTLmFtZG9jcy5jb20iLCJvaXQiOjE1MzcyNjM2NTgsInNhbGVzQ2hhbm5lbCI6IlNlbGZTZXJ2aWNlIiwiZXhwIjoxNTM3MjcwODU4LCJpYXQiOjE1MzcyNjM2NTgsInR0bCI6MTUzNzI5MjQ1OCwianRpIjoiMjY5OTg3OWVkNzE1ZTUyN2IyNzk4MjMyNGJmOTE5YzU3MDYwYzU4YTJmYTkzZTFmZmE5YTVkN2VkYmUwNzQ2YyJ9.i-yHWuJ1OryiZ2ISXffeHns_E5YIjsmRgJ_1G4Sb-KGWOO2W-eiNfidjYa1EScG_FRl5fy-zoAMA5eZguiiZQ62GoC0-1sWMnGO2hYO1S9cYg1QbpO9TJsi8AmOkmYsDVegaMJKjQYXBXwSuQzc84_aUVDjlChvgtcAA_laur7asAZfrObxQODOJddlk1D7NUouP_gyFekWL7W3dFC24qoIldZL2s0Lsmyh7pUjBTZVrVMuFPlW1WPLs5f_dKGqLCHbTh1FDWG-T-pS_JsEF-bZJTw-D6fDOdWRArs8BUxHOpfUMZfChU1aielA20BIS56-ixT5V7N0m1gWsX4mgbg]]>
    </line>
    <line>
      <![CDATA[</div>]]>
    </line>
    <line>
      <![CDATA[</div>]]>
    </line>
    <line>
      <![CDATA[</div>]]>
    </line>
    <line>
      <![CDATA[</div>]]>
    </line>
    <line>
      <![CDATA[</td>]]>
    </line>
    <line>
      <![CDATA[</tr>]]>
    </line>
    <line>
      <![CDATA[<tr><td class="text-dark font-weight-bold">Accept-Language </td><td class="" > en_US </td></tr>]]>
    </line>
    <line>
      <![CDATA[<tr><td class="text-dark font-weight-bold">Content-Type </td><td class="" > application/json </td></tr>]]>
    </line>
    <line>
      <![CDATA[<tr>]]>
    </line>
    <line>
      <![CDATA[<td class="text-dark font-weight-bold" >Payload :</td>]]>
    </line>
    <line>
      <![CDATA[<td class="" >]]>
    </line>
    <line>
      <![CDATA[<a href="" class="alert-link" data-toggle="modal" data-target="#rest_assured_logger_modal_value_77">Show</a>]]>
    </line>
    <line>
      <![CDATA[<div class="modal fade"  id="rest_assured_logger_modal_value_77" tabindex="-1" role="dialog">]]>
    </line>
    <line>
      <![CDATA[<div class="modal-dialog" role="document">]]>
    </line>
    <line>
      <![CDATA[<div class="modal-content">]]>
    </line>
    <line>
      <![CDATA[<div class="modal-header text-white bg-info">]]>
    </line>
    <line>
      <![CDATA[<h5 class="modal-title" id="title1">Payload</h5>]]>
    </line>
    <line>
      <![CDATA[<span class="h6 text-light ml-2 mt-2">(click on the Text to copy)</span>]]>
    </line>
    <line>
      <![CDATA[<button type="button" class="close" data-dismiss="modal" aria-label="Close">]]>
    </line>
    <line>
      <![CDATA[<span aria-hidden="true">&times;</span>]]>
    </line>
    <line>
      <![CDATA[</button>]]>
    </line>
    <line>
      <![CDATA[</div>]]>
    </line>
    <line>
      <![CDATA[<div onClick="copyMePlease(this)" class="modal-body">]]>
    </line>
    <line>
      <![CDATA[{
  "role": "role",
  "gender": "Male",
  "formattedName": "formattedName",
  "displayStatus": "displayStatus",
  "language": "language",
  "title": "Mr.",
  "displayResidencyType": "displayResidencyType",
  "displayTitle": "displayTitle",
  "personRank": 0,
  "countryOfBirth": "India",
  "familyName": "Romi",
  "deathDate": "2017-08-18T12:16:47.447Z",
  "id": "id",
  "href": "href",
  "profileImageURL": "profileImageURL",
  "placeOfBirth": "Raebareli",
  "givenName": "Romi",
  "displayMaritalStatus": "displayMaritalStatus",
  "fullName": "fullName",
  "relatedParty": [
    {
      "role": "Primary",
      "validFor": {
        "startDateTime": "1980-08-18T12:16:47.448Z",
        "endDateTime": "2017-08-18T12:16:47.448Z"
      },
      "name": "individualRelParty",
      "id": "12",
      "href": "href",
      "type": "Customer"
    }
  ],
  "birthDate": "1980-08-18T12:16:47.447Z",
  "nationality": "Indian",
  "preferredGivenName": "preferredGivenName",
  "displayGender": "displayGender",
  "middleName": "middleName8986",
  "location": "http://goo.gl/maps/l8F9L",
  "displayId": "displayId",
  "maritalStatus": "Single",
  "status": "status",
  "residencyType": "Own"
}]]>
    </line>
    <line>
      <![CDATA[</div>]]>
    </line>
    <line>
      <![CDATA[</div>]]>
    </line>
    <line>
      <![CDATA[</div>]]>
    </line>
    <line>
      <![CDATA[</div>]]>
    </line>
    <line>
      <![CDATA[</td>]]>
    </line>
    <line>
      <![CDATA[</tr>]]>
    </line>
    <line>
      <![CDATA[<tr>]]>
    </line>
    <line>
      <![CDATA[<td class="text-dark font-weight-bold" >Response Header :</td>]]>
    </line>
    <line>
      <![CDATA[<td class="" >]]>
    </line>
    <line>
      <![CDATA[<a href="" class="alert-link" data-toggle="modal" data-target="#modal_value_26">Show</a>]]>
    </line>
    <line>
      <![CDATA[<div class="modal fade"  id="modal_value_26" tabindex="-1" role="dialog">]]>
    </line>
    <line>
      <![CDATA[<div class="modal-dialog" role="document">]]>
    </line>
    <line>
      <![CDATA[<div class="modal-content">]]>
    </line>
    <line>
      <![CDATA[<div class="modal-header text-white bg-info">]]>
    </line>
    <line>
      <![CDATA[<h5 class="modal-title" id="title1">Response Header</h5>]]>
    </line>
    <line>
      <![CDATA[<span class="h6 text-light ml-2 mt-2">(click on the Text to copy)</span>]]>
    </line>
    <line>
      <![CDATA[<button type="button" class="close" data-dismiss="modal" aria-label="Close">]]>
    </line>
    <line>
      <![CDATA[<span aria-hidden="true">&times;</span>]]>
    </line>
    <line>
      <![CDATA[</button>]]>
    </line>
    <line>
      <![CDATA[</div>]]>
    </line>
    <line>
      <![CDATA[<div onClick="copyMePlease(this)" class="modal-body">]]>
    </line>
    <line>
      <![CDATA[X-Content-Type-Options=nosniff
	X-XSS-Protection=1; mode=block
	Cache-Control=no-cache, no-store, max-age=0, must-revalidate
	Pragma=no-cache
	Expires=0
	X-Frame-Options=DENY
	X-Application-Context=party-individual-ms:8080
	ETag=Individual_40757=1537263659398660096
	Content-Type=application/json;charset=UTF-8
	Transfer-Encoding=chunked
	Date=Tue, 18 Sep 2018 09:40:59 GMT]]>
    </line>
    <line>
      <![CDATA[</div>]]>
    </line>
    <line>
      <![CDATA[</div>]]>
    </line>
    <line>
      <![CDATA[</div>]]>
    </line>
    <line>
      <![CDATA[</div>]]>
    </line>
    <line>
      <![CDATA[</td>]]>
    </line>
    <line>
      <![CDATA[</tr>]]>
    </line>
    <line>
      <![CDATA[<tr>]]>
    </line>
    <line>
      <![CDATA[<td class="text-dark font-weight-bold" >Response :</td>]]>
    </line>
    <line>
      <![CDATA[<td class="" >]]>
    </line>
    <line>
      <![CDATA[<a href="" class="alert-link" data-toggle="modal" data-target="#rest_assured_logger_modal_value_78">Show</a>]]>
    </line>
    <line>
      <![CDATA[<div class="modal fade"  id="rest_assured_logger_modal_value_78" tabindex="-1" role="dialog">]]>
    </line>
    <line>
      <![CDATA[<div class="modal-dialog" role="document">]]>
    </line>
    <line>
      <![CDATA[<div class="modal-content">]]>
    </line>
    <line>
      <![CDATA[<div class="modal-header text-white bg-info">]]>
    </line>
    <line>
      <![CDATA[<h5 class="modal-title" id="title1">Response</h5>]]>
    </line>
    <line>
      <![CDATA[<span class="h6 text-light ml-2 mt-2">(click on the Text to copy)</span>]]>
    </line>
    <line>
      <![CDATA[<button type="button" class="close" data-dismiss="modal" aria-label="Close">]]>
    </line>
    <line>
      <![CDATA[<span aria-hidden="true">&times;</span>]]>
    </line>
    <line>
      <![CDATA[</button>]]>
    </line>
    <line>
      <![CDATA[</div>]]>
    </line>
    <line>
      <![CDATA[<div onClick="copyMePlease(this)" class="modal-body">]]>
    </line>
    <line>
      <![CDATA[{"id":"Individual_40757","href":"http://party-individual-service:8080/partyManagement/v1/individual/Individual_40757","givenName":"Romi","middleName":"middleName8986","familyName":"Romi","formattedName":"Mr. Romi Romi","fullName":"Romi middleName8986 Romi","preferredGivenName":"preferredGivenName","displayId":"199924499","birthDate":"1980-08-18T12:16:47.447Z","countryOfBirth":"India","deathDate":"2017-08-18T12:16:47.447Z","gender":"Male","displayGender":null,"location":"http://goo.gl/maps/l8F9L","maritalStatus":"Single","displayMaritalStatus":null,"nationality":"Indian","placeOfBirth":"Raebareli","status":"status","displayStatus":null,"residencyType":"Own","displayResidencyType":null,"title":"Mr.","displayTitle":null,"language":"language","personRank":0,"profileImageURL":"profileImageURL","contactMedium":[],"relatedParty":[{"id":"12","href":"http://related-party-service:8080/relatedPartyManagement/v1/relatedParty/12","name":"individualRelParty","role":"Primary","type":"Customer","validFor":{"startDateTime":"1980-08-18T12:16:47.448Z","endDateTime":"2017-08-18T12:16:47.448Z"}}],"disability":[],"identification":[],"characteristic":[],"otherName":[],"externalReference":[],"profilePicture":null,"InfluenceScore":[],"controlFields":{"createdBy":"Automation_AdminUser_729986171","createdOn":"2018-09-18T09:40:59.454Z","lastModifiedBy":"Automation_AdminUser_729986171","lastModifiedOn":"2018-09-18T09:40:59.454Z","modelVersion":null}}]]>
    </line>
    <line>
      <![CDATA[</div>]]>
    </line>
    <line>
      <![CDATA[</div>]]>
    </line>
    <line>
      <![CDATA[</div>]]>
    </line>
    <line>
      <![CDATA[</div>]]>
    </line>
    <line>
      <![CDATA[</td>]]>
    </line>
    <line>
      <![CDATA[</tr>]]>
    </line>
    <line>
      <![CDATA[<tr class="table-success"><td colspan="2">Response status: expected=201 actual=201; Value: true</td></tr>]]>
    </line>
    <line>
      <![CDATA[<tr class="table-light"><td colspan="2">JSON file loaded successfully. File: /src/test/resources/ct/payload/Customer/IndividualCustomer.json</td></tr>]]>
    </line>
    <line>
      <![CDATA[<tr class="table-light"><td colspan="2">JSON value updated. JSON path: $.engagedParty.id; Value: Individual_40757</td></tr>]]>
    </line>
    <line>
      <![CDATA[<tr class="table-light"><td colspan="2">JSON file loaded successfully. File: /src/test/resources/ct/payload/A3S/User.json</td></tr>]]>
    </line>
    <line>
      <![CDATA[<tr class="table-light"><td colspan="2">JSON value updated. JSON path: $.users[0].id; Value: Automation_AdminUser_193923662</td></tr>]]>
    </line>
    <line>
      <![CDATA[<tr class="table-light"><td colspan="2">JSON value updated. JSON path: $.users[0].userName; Value: Automation_AdminUser_193923662</td></tr>]]>
    </line>
    <line>
      <![CDATA[<tr class="table-light"><td colspan="2">JSON value updated. JSON path: $.users[0].password; Value: Unix11!</td></tr>]]>
    </line>
    <line>
      <![CDATA[<tr class="table-light"><td colspan="2">JSON value updated. JSON path: $.users[0].roles; Value: [Ljava.lang.String;@7e70bd39</td></tr>]]>
    </line>
    <line>
      <![CDATA[<tr class="table-light"><td colspan="2">JSON value updated. JSON path: $.users[0].a3sUserExtension.properties.customerId; Value: Customer_43</td></tr>]]>
    </line>
    <line>
      <![CDATA[<tr class="table-light"><td colspan="2">JSON value updated. JSON path: $.users[0].a3sUserExtension.properties.salesChannel; Value: SelfService</td></tr>]]>
    </line>
    <line>
      <![CDATA[<tr class="table-info"><td class="text-dark font-weight-bold">Request Type </td><td class="" >POST</td></tr>]]>
    </line>
    <line>
      <![CDATA[<tr><td class="text-dark font-weight-bold">URI </td><td class="" > http://ilocpde01w02.corp.amdocs.com:30525/asmServices/services/v1.0/users/bulk </td></tr>]]>
    </line>
    <line>
      <![CDATA[<tr><td class="text-dark font-weight-bold" colspan="2">Headers : </td></tr>]]>
    </line>
    <line>
      <![CDATA[<tr>]]>
    </line>
    <line>
      <![CDATA[<td class="text-dark font-weight-bold" >Authorization :</td>]]>
    </line>
    <line>
      <![CDATA[<td class="" >]]>
    </line>
    <line>
      <![CDATA[<a href="" class="alert-link" data-toggle="modal" data-target="#rest_assured_logger_modal_value_79">Show</a>]]>
    </line>
    <line>
      <![CDATA[<div class="modal fade"  id="rest_assured_logger_modal_value_79" tabindex="-1" role="dialog">]]>
    </line>
    <line>
      <![CDATA[<div class="modal-dialog" role="document">]]>
    </line>
    <line>
      <![CDATA[<div class="modal-content">]]>
    </line>
    <line>
      <![CDATA[<div class="modal-header text-white bg-info">]]>
    </line>
    <line>
      <![CDATA[<h5 class="modal-title" id="title1">Authorization</h5>]]>
    </line>
    <line>
      <![CDATA[<span class="h6 text-light ml-2 mt-2">(click on the Text to copy)</span>]]>
    </line>
    <line>
      <![CDATA[<button type="button" class="close" data-dismiss="modal" aria-label="Close">]]>
    </line>
    <line>
      <![CDATA[<span aria-hidden="true">&times;</span>]]>
    </line>
    <line>
      <![CDATA[</button>]]>
    </line>
    <line>
      <![CDATA[</div>]]>
    </line>
    <line>
      <![CDATA[<div onClick="copyMePlease(this)" class="modal-body">]]>
    </line>
    <line>
      <![CDATA[Basic YTNzRGVwbG95ZXI6QTNzRGVwbG95ZXIh]]>
    </line>
    <line>
      <![CDATA[</div>]]>
    </line>
    <line>
      <![CDATA[</div>]]>
    </line>
    <line>
      <![CDATA[</div>]]>
    </line>
    <line>
      <![CDATA[</div>]]>
    </line>
    <line>
      <![CDATA[</td>]]>
    </line>
    <line>
      <![CDATA[</tr>]]>
    </line>
    <line>
      <![CDATA[<tr><td class="text-dark font-weight-bold">Accept </td><td class="" > application/json </td></tr>]]>
    </line>
    <line>
      <![CDATA[<tr><td class="text-dark font-weight-bold">Content-Type </td><td class="" > application/json </td></tr>]]>
    </line>
    <line>
      <![CDATA[<tr>]]>
    </line>
    <line>
      <![CDATA[<td class="text-dark font-weight-bold" >Payload :</td>]]>
    </line>
    <line>
      <![CDATA[<td class="" >]]>
    </line>
    <line>
      <![CDATA[<a href="" class="alert-link" data-toggle="modal" data-target="#rest_assured_logger_modal_value_80">Show</a>]]>
    </line>
    <line>
      <![CDATA[<div class="modal fade"  id="rest_assured_logger_modal_value_80" tabindex="-1" role="dialog">]]>
    </line>
    <line>
      <![CDATA[<div class="modal-dialog" role="document">]]>
    </line>
    <line>
      <![CDATA[<div class="modal-content">]]>
    </line>
    <line>
      <![CDATA[<div class="modal-header text-white bg-info">]]>
    </line>
    <line>
      <![CDATA[<h5 class="modal-title" id="title1">Payload</h5>]]>
    </line>
    <line>
      <![CDATA[<span class="h6 text-light ml-2 mt-2">(click on the Text to copy)</span>]]>
    </line>
    <line>
      <![CDATA[<button type="button" class="close" data-dismiss="modal" aria-label="Close">]]>
    </line>
    <line>
      <![CDATA[<span aria-hidden="true">&times;</span>]]>
    </line>
    <line>
      <![CDATA[</button>]]>
    </line>
    <line>
      <![CDATA[</div>]]>
    </line>
    <line>
      <![CDATA[<div onClick="copyMePlease(this)" class="modal-body">]]>
    </line>
    <line>
      <![CDATA[{"users":[{"id":"Automation_AdminUser_193923662","userName":"Automation_AdminUser_193923662","userType":"UamsUser","password":"Unix11!","roles":["ChangeOwnershipRole","orderChangeOwnership","CatalogOne.importer","Write","GetCustomer","CreateCustomerEntity","SearchIndividual","PAP-Common","DeleteCreditProfile","csr","GetCustomerEntity","RetreivePaymentMethod","ProductOrderLauncherUpdate","CreateCustomer","AsmServicesAppIdentity","RetrieveCustomerEntity","AddRelatedParty","CreatePaymentMethod","UpdateCreditProfile","PAP-PU","AnonymousUserRole","ProductOrderLauncherRead","UpdateIndividual","ProductOrderLauncherDelete","RetrieveIndividual","DeleteIndividual","CreateIndividual","STS-Common","ProductOrderLauncherCreate","GetIndividual","EvaluateCreditProfile","AppTesterRole","RetrieveCustomer"],"a3sUserExtension":{"properties":{"OperatorID":154,"customerId":"Customer_43","salesChannel":"SelfService"}}}],"operation":{"deleteFirst":true,"updateExisting":false,"createNew":true,"returnProcessedObjects":true,"failOnError":false}}]]>
    </line>
    <line>
      <![CDATA[</div>]]>
    </line>
    <line>
      <![CDATA[</div>]]>
    </line>
    <line>
      <![CDATA[</div>]]>
    </line>
    <line>
      <![CDATA[</div>]]>
    </line>
    <line>
      <![CDATA[</td>]]>
    </line>
    <line>
      <![CDATA[</tr>]]>
    </line>
    <line>
      <![CDATA[<tr>]]>
    </line>
    <line>
      <![CDATA[<td class="text-dark font-weight-bold" >Response Header :</td>]]>
    </line>
    <line>
      <![CDATA[<td class="" >]]>
    </line>
    <line>
      <![CDATA[<a href="" class="alert-link" data-toggle="modal" data-target="#modal_value_27">Show</a>]]>
    </line>
    <line>
      <![CDATA[<div class="modal fade"  id="modal_value_27" tabindex="-1" role="dialog">]]>
    </line>
    <line>
      <![CDATA[<div class="modal-dialog" role="document">]]>
    </line>
    <line>
      <![CDATA[<div class="modal-content">]]>
    </line>
    <line>
      <![CDATA[<div class="modal-header text-white bg-info">]]>
    </line>
    <line>
      <![CDATA[<h5 class="modal-title" id="title1">Response Header</h5>]]>
    </line>
    <line>
      <![CDATA[<span class="h6 text-light ml-2 mt-2">(click on the Text to copy)</span>]]>
    </line>
    <line>
      <![CDATA[<button type="button" class="close" data-dismiss="modal" aria-label="Close">]]>
    </line>
    <line>
      <![CDATA[<span aria-hidden="true">&times;</span>]]>
    </line>
    <line>
      <![CDATA[</button>]]>
    </line>
    <line>
      <![CDATA[</div>]]>
    </line>
    <line>
      <![CDATA[<div onClick="copyMePlease(this)" class="modal-body">]]>
    </line>
    <line>
      <![CDATA[X-Content-Type-Options=nosniff
	X-XSS-Protection=1; mode=block
	Cache-Control=no-cache, no-store, max-age=0, must-revalidate
	Pragma=no-cache
	Expires=0
	X-Frame-Options=DENY
	X-Application-Context=application:9191
	Date=Tue, 18 Sep 2018 09:40:59 GMT
	Content-Type=application/json
	Content-Length=1695]]>
    </line>
    <line>
      <![CDATA[</div>]]>
    </line>
    <line>
      <![CDATA[</div>]]>
    </line>
    <line>
      <![CDATA[</div>]]>
    </line>
    <line>
      <![CDATA[</div>]]>
    </line>
    <line>
      <![CDATA[</td>]]>
    </line>
    <line>
      <![CDATA[</tr>]]>
    </line>
    <line>
      <![CDATA[<tr>]]>
    </line>
    <line>
      <![CDATA[<td class="text-dark font-weight-bold" >Response :</td>]]>
    </line>
    <line>
      <![CDATA[<td class="" >]]>
    </line>
    <line>
      <![CDATA[<a href="" class="alert-link" data-toggle="modal" data-target="#rest_assured_logger_modal_value_81">Show</a>]]>
    </line>
    <line>
      <![CDATA[<div class="modal fade"  id="rest_assured_logger_modal_value_81" tabindex="-1" role="dialog">]]>
    </line>
    <line>
      <![CDATA[<div class="modal-dialog" role="document">]]>
    </line>
    <line>
      <![CDATA[<div class="modal-content">]]>
    </line>
    <line>
      <![CDATA[<div class="modal-header text-white bg-info">]]>
    </line>
    <line>
      <![CDATA[<h5 class="modal-title" id="title1">Response</h5>]]>
    </line>
    <line>
      <![CDATA[<span class="h6 text-light ml-2 mt-2">(click on the Text to copy)</span>]]>
    </line>
    <line>
      <![CDATA[<button type="button" class="close" data-dismiss="modal" aria-label="Close">]]>
    </line>
    <line>
      <![CDATA[<span aria-hidden="true">&times;</span>]]>
    </line>
    <line>
      <![CDATA[</button>]]>
    </line>
    <line>
      <![CDATA[</div>]]>
    </line>
    <line>
      <![CDATA[<div onClick="copyMePlease(this)" class="modal-body">]]>
    </line>
    <line>
      <![CDATA[{"deletedUsers":[],"createdUsers":[{"schemas":["urn:ietf:params:scim:schemas:core:2.0:User","urn:ietf:params:scim:schemas:extension:com.amdocs.a3s:2.0:User"],"id":"Automation_AdminUser_193923662","userName":"Automation_AdminUser_193923662","userType":"UamsUser","active":false,"password":null,"roles":["ProductOrderLauncherCreate","ProductOrderLauncherRead","orderChangeOwnership","EvaluateCreditProfile","RetrieveCustomer","GetCustomer","ProductOrderLauncherUpdate","CatalogOne.importer","CreateCustomerEntity","ProductOrderLauncherDelete","AppTesterRole","RetrieveCustomerEntity","AsmServicesAppIdentity","GetIndividual","UpdateIndividual","Write","AnonymousUserRole","RetrieveIndividual","DeleteCreditProfile","CreateCustomer","CreatePaymentMethod","PAP-Common","DeleteIndividual","AddRelatedParty","PAP-PU","ChangeOwnershipRole","STS-Common","SearchIndividual","RetreivePaymentMethod","UpdateCreditProfile","CreateIndividual","csr","GetCustomerEntity"],"a3sUserExtension":{"expiration":32535122400000,"effectiveDate":0,"successLoginDate":0,"badLoginDate":0,"badLoginCount":0,"isAccountNonExpired":true,"isAccountNonLocked":true,"isEnabled":true,"isAccountNeverExpired":false,"isExpiring":false,"isInEffective":false,"isCredentialsNonExpired":true,"isCredentialsExpiring":false,"isCredentialsReset":false,"properties":{"salesChannel":"SelfService","OperatorID":154,"customerId":"Customer_43","UserType":"UamsUser"}},"metadata":{"resourceType":"User","created":1537228800000,"lastModified":1537228800000,"location":"http://ilocpde01w02.corp.amdocs.com:30525/asmServices/services/v1.0/users/bulk","version":null}}],"updatedUsers":[],"numDeleted":0,"numCreated":1,"numUpdated":0,"bulkErrors":[]}]]>
    </line>
    <line>
      <![CDATA[</div>]]>
    </line>
    <line>
      <![CDATA[</div>]]>
    </line>
    <line>
      <![CDATA[</div>]]>
    </line>
    <line>
      <![CDATA[</div>]]>
    </line>
    <line>
      <![CDATA[</td>]]>
    </line>
    <line>
      <![CDATA[</tr>]]>
    </line>
    <line>
      <![CDATA[<tr class="table-success"><td colspan="2">Response status: expected=201 actual=201; Value: true</td></tr>]]>
    </line>
    <line>
      <![CDATA[<tr class="table-info"><td class="text-dark font-weight-bold">Request Type </td><td class="" >POST</td></tr>]]>
    </line>
    <line>
      <![CDATA[<tr><td class="text-dark font-weight-bold">URI </td><td class="" > http://ilocpde01w02.corp.amdocs.com:30525/asmServices/services/v1.0/auth/tokens </td></tr>]]>
    </line>
    <line>
      <![CDATA[<tr><td class="text-dark font-weight-bold" colspan="2">Headers : </td></tr>]]>
    </line>
    <line>
      <![CDATA[<tr>]]>
    </line>
    <line>
      <![CDATA[<td class="text-dark font-weight-bold" >Authorization :</td>]]>
    </line>
    <line>
      <![CDATA[<td class="" >]]>
    </line>
    <line>
      <![CDATA[<a href="" class="alert-link" data-toggle="modal" data-target="#rest_assured_logger_modal_value_82">Show</a>]]>
    </line>
    <line>
      <![CDATA[<div class="modal fade"  id="rest_assured_logger_modal_value_82" tabindex="-1" role="dialog">]]>
    </line>
    <line>
      <![CDATA[<div class="modal-dialog" role="document">]]>
    </line>
    <line>
      <![CDATA[<div class="modal-content">]]>
    </line>
    <line>
      <![CDATA[<div class="modal-header text-white bg-info">]]>
    </line>
    <line>
      <![CDATA[<h5 class="modal-title" id="title1">Authorization</h5>]]>
    </line>
    <line>
      <![CDATA[<span class="h6 text-light ml-2 mt-2">(click on the Text to copy)</span>]]>
    </line>
    <line>
      <![CDATA[<button type="button" class="close" data-dismiss="modal" aria-label="Close">]]>
    </line>
    <line>
      <![CDATA[<span aria-hidden="true">&times;</span>]]>
    </line>
    <line>
      <![CDATA[</button>]]>
    </line>
    <line>
      <![CDATA[</div>]]>
    </line>
    <line>
      <![CDATA[<div onClick="copyMePlease(this)" class="modal-body">]]>
    </line>
    <line>
      <![CDATA[Basic TWFpbklzc3VlcjpVbml4MTEh]]>
    </line>
    <line>
      <![CDATA[</div>]]>
    </line>
    <line>
      <![CDATA[</div>]]>
    </line>
    <line>
      <![CDATA[</div>]]>
    </line>
    <line>
      <![CDATA[</div>]]>
    </line>
    <line>
      <![CDATA[</td>]]>
    </line>
    <line>
      <![CDATA[</tr>]]>
    </line>
    <line>
      <![CDATA[<tr><td class="text-dark font-weight-bold">Accept </td><td class="" > application/json </td></tr>]]>
    </line>
    <line>
      <![CDATA[<tr><td class="text-dark font-weight-bold">Content-Type </td><td class="" > application/json </td></tr>]]>
    </line>
    <line>
      <![CDATA[<tr>]]>
    </line>
    <line>
      <![CDATA[<td class="text-dark font-weight-bold" >Payload :</td>]]>
    </line>
    <line>
      <![CDATA[<td class="" >]]>
    </line>
    <line>
      <![CDATA[<a href="" class="alert-link" data-toggle="modal" data-target="#rest_assured_logger_modal_value_83">Show</a>]]>
    </line>
    <line>
      <![CDATA[<div class="modal fade"  id="rest_assured_logger_modal_value_83" tabindex="-1" role="dialog">]]>
    </line>
    <line>
      <![CDATA[<div class="modal-dialog" role="document">]]>
    </line>
    <line>
      <![CDATA[<div class="modal-content">]]>
    </line>
    <line>
      <![CDATA[<div class="modal-header text-white bg-info">]]>
    </line>
    <line>
      <![CDATA[<h5 class="modal-title" id="title1">Payload</h5>]]>
    </line>
    <line>
      <![CDATA[<span class="h6 text-light ml-2 mt-2">(click on the Text to copy)</span>]]>
    </line>
    <line>
      <![CDATA[<button type="button" class="close" data-dismiss="modal" aria-label="Close">]]>
    </line>
    <line>
      <![CDATA[<span aria-hidden="true">&times;</span>]]>
    </line>
    <line>
      <![CDATA[</button>]]>
    </line>
    <line>
      <![CDATA[</div>]]>
    </line>
    <line>
      <![CDATA[<div onClick="copyMePlease(this)" class="modal-body">]]>
    </line>
    <line>
      <![CDATA[{"auth":{"dialects":["A3S_Core_Public","Customer_Info"],"token-type":"JWT","token-expiration":null,"on-behalf-of":{"type":"USER_PASSWORD","user-credentials":{"username":"Automation_AdminUser_193923662","password":"Unix11!"}}}}]]>
    </line>
    <line>
      <![CDATA[</div>]]>
    </line>
    <line>
      <![CDATA[</div>]]>
    </line>
    <line>
      <![CDATA[</div>]]>
    </line>
    <line>
      <![CDATA[</div>]]>
    </line>
    <line>
      <![CDATA[</td>]]>
    </line>
    <line>
      <![CDATA[</tr>]]>
    </line>
    <line>
      <![CDATA[<tr>]]>
    </line>
    <line>
      <![CDATA[<td class="text-dark font-weight-bold" >Response Header :</td>]]>
    </line>
    <line>
      <![CDATA[<td class="" >]]>
    </line>
    <line>
      <![CDATA[<a href="" class="alert-link" data-toggle="modal" data-target="#modal_value_28">Show</a>]]>
    </line>
    <line>
      <![CDATA[<div class="modal fade"  id="modal_value_28" tabindex="-1" role="dialog">]]>
    </line>
    <line>
      <![CDATA[<div class="modal-dialog" role="document">]]>
    </line>
    <line>
      <![CDATA[<div class="modal-content">]]>
    </line>
    <line>
      <![CDATA[<div class="modal-header text-white bg-info">]]>
    </line>
    <line>
      <![CDATA[<h5 class="modal-title" id="title1">Response Header</h5>]]>
    </line>
    <line>
      <![CDATA[<span class="h6 text-light ml-2 mt-2">(click on the Text to copy)</span>]]>
    </line>
    <line>
      <![CDATA[<button type="button" class="close" data-dismiss="modal" aria-label="Close">]]>
    </line>
    <line>
      <![CDATA[<span aria-hidden="true">&times;</span>]]>
    </line>
    <line>
      <![CDATA[</button>]]>
    </line>
    <line>
      <![CDATA[</div>]]>
    </line>
    <line>
      <![CDATA[<div onClick="copyMePlease(this)" class="modal-body">]]>
    </line>
    <line>
      <![CDATA[X-Content-Type-Options=nosniff
	X-XSS-Protection=1; mode=block
	Cache-Control=no-cache, no-store, max-age=0, must-revalidate
	Pragma=no-cache
	Expires=0
	X-Frame-Options=DENY
	X-Application-Context=application:9191
	Date=Tue, 18 Sep 2018 09:41:00 GMT
	Content-Type=application/json
	Content-Length=1762]]>
    </line>
    <line>
      <![CDATA[</div>]]>
    </line>
    <line>
      <![CDATA[</div>]]>
    </line>
    <line>
      <![CDATA[</div>]]>
    </line>
    <line>
      <![CDATA[</div>]]>
    </line>
    <line>
      <![CDATA[</td>]]>
    </line>
    <line>
      <![CDATA[</tr>]]>
    </line>
    <line>
      <![CDATA[<tr>]]>
    </line>
    <line>
      <![CDATA[<td class="text-dark font-weight-bold" >Response :</td>]]>
    </line>
    <line>
      <![CDATA[<td class="" >]]>
    </line>
    <line>
      <![CDATA[<a href="" class="alert-link" data-toggle="modal" data-target="#rest_assured_logger_modal_value_84">Show</a>]]>
    </line>
    <line>
      <![CDATA[<div class="modal fade"  id="rest_assured_logger_modal_value_84" tabindex="-1" role="dialog">]]>
    </line>
    <line>
      <![CDATA[<div class="modal-dialog" role="document">]]>
    </line>
    <line>
      <![CDATA[<div class="modal-content">]]>
    </line>
    <line>
      <![CDATA[<div class="modal-header text-white bg-info">]]>
    </line>
    <line>
      <![CDATA[<h5 class="modal-title" id="title1">Response</h5>]]>
    </line>
    <line>
      <![CDATA[<span class="h6 text-light ml-2 mt-2">(click on the Text to copy)</span>]]>
    </line>
    <line>
      <![CDATA[<button type="button" class="close" data-dismiss="modal" aria-label="Close">]]>
    </line>
    <line>
      <![CDATA[<span aria-hidden="true">&times;</span>]]>
    </line>
    <line>
      <![CDATA[</button>]]>
    </line>
    <line>
      <![CDATA[</div>]]>
    </line>
    <line>
      <![CDATA[<div onClick="copyMePlease(this)" class="modal-body">]]>
    </line>
    <line>
      <![CDATA[{"subjectToken":"eyJ4NXQjUzI1NiI6IkxEbGVvYldaYmVZcG9pb0Q0R1hrMWp3US8rUWd1MUs1eXNzQ1JpN3BtelE9IiwidHlwIjoiSldUIiwiYWxnIjoiUlMyNTYifQ.eyJzdWIiOiJBdXRvbWF0aW9uX0FkbWluVXNlcl8xOTM5MjM2NjIiLCJyb2xlcyI6WyJDYXRhbG9nT25lLmltcG9ydGVyIiwiUHJvZHVjdE9yZGVyTGF1bmNoZXJEZWxldGUiLCJQcm9kdWN0T3JkZXJMYXVuY2hlckNyZWF0ZSIsIlJldHJlaXZlUGF5bWVudE1ldGhvZCIsIlJldHJpZXZlQ3VzdG9tZXIiLCJDcmVhdGVDdXN0b21lciIsIlJldHJpZXZlQ3VzdG9tZXJFbnRpdHkiLCJBZGRSZWxhdGVkUGFydHkiLCJQQVAtUFUiLCJTZWFyY2hJbmRpdmlkdWFsIiwiQXBwVGVzdGVyUm9sZSIsIlNUUy1Db21tb24iLCJBc21TZXJ2aWNlc0FwcElkZW50aXR5IiwiUHJvZHVjdE9yZGVyTGF1bmNoZXJSZWFkIiwiQW5vbnltb3VzVXNlclJvbGUiLCJHZXRJbmRpdmlkdWFsIiwiQ3JlYXRlUGF5bWVudE1ldGhvZCIsIlVwZGF0ZUluZGl2aWR1YWwiLCJEZWxldGVJbmRpdmlkdWFsIiwib3JkZXJDaGFuZ2VPd25lcnNoaXAiLCJXcml0ZSIsIkNoYW5nZU93bmVyc2hpcFJvbGUiLCJHZXRDdXN0b21lciIsIkNyZWF0ZUN1c3RvbWVyRW50aXR5IiwiVXBkYXRlQ3JlZGl0UHJvZmlsZSIsIkV2YWx1YXRlQ3JlZGl0UHJvZmlsZSIsIlBBUC1Db21tb24iLCJjc3IiLCJHZXRDdXN0b21lckVudGl0eSIsIlByb2R1Y3RPcmRlckxhdW5jaGVyVXBkYXRlIiwiUmV0cmlldmVJbmRpdmlkdWFsIiwiQ3JlYXRlSW5kaXZpZHVhbCIsIkRlbGV0ZUNyZWRpdFByb2ZpbGUiXSwiY3VzdG9tZXJJZCI6IkN1c3RvbWVyXzQzIiwiaXNzIjoiQTNTWm9uZTFAQTNTLmFtZG9jcy5jb20iLCJvaXQiOjE1MzcyNjM2NjAsInNhbGVzQ2hhbm5lbCI6IlNlbGZTZXJ2aWNlIiwiZXhwIjoxNTM3MjcwODYwLCJpYXQiOjE1MzcyNjM2NjAsInR0bCI6MTUzNzI5MjQ2MCwianRpIjoiOTQwOTM3OTA0ZjQwMjYwZjZjNjBiNDJhNjc5YjkzNWI2NzliODk0ZDQxODU2MTIyYmVmYTc4NGJkNWE4NzVmMSJ9.lxXO1otVaOZT94XNsCPF5JAvLRZblefBA4hy7BhPgAq37Hvx5J8dRreEha18MhsAzY0_iJpM82ahrZyuPduMLBu035j71IbvKqnL6otKPJJYX_g20KqPQLI6xFrD_2r5pAB4oOGJEOrmaIUz4ePsK3zLbg87hVK4T_U4zBOe0CBn5GL-EXN60wJboaGi6HKPe2TRQtRjgr5LIDjbaA8em2fAQFTMx1X0VLxwmxOn4Vca7Q27zC5-qc7Bj28A-QmAahIyUg0AmBH5zSj1MiqcSaGWHDJmPpiPsL2BxnJ4J-ErswjHQzJ4eqpXT32NXg6-ZuCo1-qYWz301EFBlomAYw","subjectTokenExpiration":"1537270860000"}]]>
    </line>
    <line>
      <![CDATA[</div>]]>
    </line>
    <line>
      <![CDATA[</div>]]>
    </line>
    <line>
      <![CDATA[</div>]]>
    </line>
    <line>
      <![CDATA[</div>]]>
    </line>
    <line>
      <![CDATA[</td>]]>
    </line>
    <line>
      <![CDATA[</tr>]]>
    </line>
    <line>
      <![CDATA[<tr class="table-info"><td class="text-dark font-weight-bold">Request Type </td><td class="" >POST</td></tr>]]>
    </line>
    <line>
      <![CDATA[<tr><td class="text-dark font-weight-bold">URI </td><td class="" > http://ilocpde01w26.corp.amdocs.com:32354/customerManagement/v1/customer?salesChannel=SelfService </td></tr>]]>
    </line>
    <line>
      <![CDATA[<tr><td class="text-dark font-weight-bold" colspan="2">Headers : </td></tr>]]>
    </line>
    <line>
      <![CDATA[<tr>]]>
    </line>
    <line>
      <![CDATA[<td class="text-dark font-weight-bold" >Authorization :</td>]]>
    </line>
    <line>
      <![CDATA[<td class="" >]]>
    </line>
    <line>
      <![CDATA[<a href="" class="alert-link" data-toggle="modal" data-target="#rest_assured_logger_modal_value_85">Show</a>]]>
    </line>
    <line>
      <![CDATA[<div class="modal fade"  id="rest_assured_logger_modal_value_85" tabindex="-1" role="dialog">]]>
    </line>
    <line>
      <![CDATA[<div class="modal-dialog" role="document">]]>
    </line>
    <line>
      <![CDATA[<div class="modal-content">]]>
    </line>
    <line>
      <![CDATA[<div class="modal-header text-white bg-info">]]>
    </line>
    <line>
      <![CDATA[<h5 class="modal-title" id="title1">Authorization</h5>]]>
    </line>
    <line>
      <![CDATA[<span class="h6 text-light ml-2 mt-2">(click on the Text to copy)</span>]]>
    </line>
    <line>
      <![CDATA[<button type="button" class="close" data-dismiss="modal" aria-label="Close">]]>
    </line>
    <line>
      <![CDATA[<span aria-hidden="true">&times;</span>]]>
    </line>
    <line>
      <![CDATA[</button>]]>
    </line>
    <line>
      <![CDATA[</div>]]>
    </line>
    <line>
      <![CDATA[<div onClick="copyMePlease(this)" class="modal-body">]]>
    </line>
    <line>
      <![CDATA[Bearer eyJ4NXQjUzI1NiI6IkxEbGVvYldaYmVZcG9pb0Q0R1hrMWp3US8rUWd1MUs1eXNzQ1JpN3BtelE9IiwidHlwIjoiSldUIiwiYWxnIjoiUlMyNTYifQ.eyJzdWIiOiJBdXRvbWF0aW9uX0FkbWluVXNlcl8xOTM5MjM2NjIiLCJyb2xlcyI6WyJDYXRhbG9nT25lLmltcG9ydGVyIiwiUHJvZHVjdE9yZGVyTGF1bmNoZXJEZWxldGUiLCJQcm9kdWN0T3JkZXJMYXVuY2hlckNyZWF0ZSIsIlJldHJlaXZlUGF5bWVudE1ldGhvZCIsIlJldHJpZXZlQ3VzdG9tZXIiLCJDcmVhdGVDdXN0b21lciIsIlJldHJpZXZlQ3VzdG9tZXJFbnRpdHkiLCJBZGRSZWxhdGVkUGFydHkiLCJQQVAtUFUiLCJTZWFyY2hJbmRpdmlkdWFsIiwiQXBwVGVzdGVyUm9sZSIsIlNUUy1Db21tb24iLCJBc21TZXJ2aWNlc0FwcElkZW50aXR5IiwiUHJvZHVjdE9yZGVyTGF1bmNoZXJSZWFkIiwiQW5vbnltb3VzVXNlclJvbGUiLCJHZXRJbmRpdmlkdWFsIiwiQ3JlYXRlUGF5bWVudE1ldGhvZCIsIlVwZGF0ZUluZGl2aWR1YWwiLCJEZWxldGVJbmRpdmlkdWFsIiwib3JkZXJDaGFuZ2VPd25lcnNoaXAiLCJXcml0ZSIsIkNoYW5nZU93bmVyc2hpcFJvbGUiLCJHZXRDdXN0b21lciIsIkNyZWF0ZUN1c3RvbWVyRW50aXR5IiwiVXBkYXRlQ3JlZGl0UHJvZmlsZSIsIkV2YWx1YXRlQ3JlZGl0UHJvZmlsZSIsIlBBUC1Db21tb24iLCJjc3IiLCJHZXRDdXN0b21lckVudGl0eSIsIlByb2R1Y3RPcmRlckxhdW5jaGVyVXBkYXRlIiwiUmV0cmlldmVJbmRpdmlkdWFsIiwiQ3JlYXRlSW5kaXZpZHVhbCIsIkRlbGV0ZUNyZWRpdFByb2ZpbGUiXSwiY3VzdG9tZXJJZCI6IkN1c3RvbWVyXzQzIiwiaXNzIjoiQTNTWm9uZTFAQTNTLmFtZG9jcy5jb20iLCJvaXQiOjE1MzcyNjM2NjAsInNhbGVzQ2hhbm5lbCI6IlNlbGZTZXJ2aWNlIiwiZXhwIjoxNTM3MjcwODYwLCJpYXQiOjE1MzcyNjM2NjAsInR0bCI6MTUzNzI5MjQ2MCwianRpIjoiOTQwOTM3OTA0ZjQwMjYwZjZjNjBiNDJhNjc5YjkzNWI2NzliODk0ZDQxODU2MTIyYmVmYTc4NGJkNWE4NzVmMSJ9.lxXO1otVaOZT94XNsCPF5JAvLRZblefBA4hy7BhPgAq37Hvx5J8dRreEha18MhsAzY0_iJpM82ahrZyuPduMLBu035j71IbvKqnL6otKPJJYX_g20KqPQLI6xFrD_2r5pAB4oOGJEOrmaIUz4ePsK3zLbg87hVK4T_U4zBOe0CBn5GL-EXN60wJboaGi6HKPe2TRQtRjgr5LIDjbaA8em2fAQFTMx1X0VLxwmxOn4Vca7Q27zC5-qc7Bj28A-QmAahIyUg0AmBH5zSj1MiqcSaGWHDJmPpiPsL2BxnJ4J-ErswjHQzJ4eqpXT32NXg6-ZuCo1-qYWz301EFBlomAYw]]>
    </line>
    <line>
      <![CDATA[</div>]]>
    </line>
    <line>
      <![CDATA[</div>]]>
    </line>
    <line>
      <![CDATA[</div>]]>
    </line>
    <line>
      <![CDATA[</div>]]>
    </line>
    <line>
      <![CDATA[</td>]]>
    </line>
    <line>
      <![CDATA[</tr>]]>
    </line>
    <line>
      <![CDATA[<tr><td class="text-dark font-weight-bold">Accept-Language </td><td class="" > en_US </td></tr>]]>
    </line>
    <line>
      <![CDATA[<tr><td class="text-dark font-weight-bold">Content-Type </td><td class="" > application/json </td></tr>]]>
    </line>
    <line>
      <![CDATA[<tr>]]>
    </line>
    <line>
      <![CDATA[<td class="text-dark font-weight-bold" >Payload :</td>]]>
    </line>
    <line>
      <![CDATA[<td class="" >]]>
    </line>
    <line>
      <![CDATA[<a href="" class="alert-link" data-toggle="modal" data-target="#rest_assured_logger_modal_value_86">Show</a>]]>
    </line>
    <line>
      <![CDATA[<div class="modal fade"  id="rest_assured_logger_modal_value_86" tabindex="-1" role="dialog">]]>
    </line>
    <line>
      <![CDATA[<div class="modal-dialog" role="document">]]>
    </line>
    <line>
      <![CDATA[<div class="modal-content">]]>
    </line>
    <line>
      <![CDATA[<div class="modal-header text-white bg-info">]]>
    </line>
    <line>
      <![CDATA[<h5 class="modal-title" id="title1">Payload</h5>]]>
    </line>
    <line>
      <![CDATA[<span class="h6 text-light ml-2 mt-2">(click on the Text to copy)</span>]]>
    </line>
    <line>
      <![CDATA[<button type="button" class="close" data-dismiss="modal" aria-label="Close">]]>
    </line>
    <line>
      <![CDATA[<span aria-hidden="true">&times;</span>]]>
    </line>
    <line>
      <![CDATA[</button>]]>
    </line>
    <line>
      <![CDATA[</div>]]>
    </line>
    <line>
      <![CDATA[<div onClick="copyMePlease(this)" class="modal-body">]]>
    </line>
    <line>
      <![CDATA[{"acquisitionDate":"2017-10-25T05:57:48.843Z","contactMedium":[{"validFor":{"startDateTime":"2017-08-18T12:16:47.448Z","endDateTime":"2017-08-18T12:16:47.448Z"},"id":"1212","type":"Email","preferred":true,"characteristic":{"country":"India","town":"Town","city":"Pune","streetNumber":"StreetNumber","latitude":"tt","externalId":"111","type":"Business","room":"300","number":"+915327","buildingName":"Italia","emailAddress":"Auto7545@amdocs.com","postOfficeBox":"PO","streetName":"Laxmi","stateOrProvince":"CA","postCode":"12345","street1":"Street1","street2":"Street2","floor":"1","status":"Status","longitude":"tt"}}],"customerSubType":"Individual","validFor":{"startDateTime":"2017-08-18T12:16:47.448Z","endDateTime":"2017-08-18T12:16:47.448Z"},"description":"nothing to describe","displayStatus":"String","characteristic":[{"name":"Amit8651_characteristic","value":"Reading"}],"customerType":"Residential","statusReason":"statusReason","controlFields":{"createdBy":"createdBy","modelVersion":"modelVersion","lastModifiedBy":"lastModifiedBy","createdOn":"2017-09-29T05:20:22.131Z","lastModifiedOn":"2017-09-29T05:20:22.131Z"},"name":"Amit8651","rank":0,"id":"1233","href":"href","displayCustomerType":"Residential","displayId":"displayId","displayCustomerSubType":"Individual","engagedParty":{"type":"PartyRef","id":"Individual_40757"},"account":[{"type":"FinancialAccountValue","name":"Amit8651_account","description":"description","id":"1112","href":"href"}],"status":"active"}]]>
    </line>
    <line>
      <![CDATA[</div>]]>
    </line>
    <line>
      <![CDATA[</div>]]>
    </line>
    <line>
      <![CDATA[</div>]]>
    </line>
    <line>
      <![CDATA[</div>]]>
    </line>
    <line>
      <![CDATA[</td>]]>
    </line>
    <line>
      <![CDATA[</tr>]]>
    </line>
    <line>
      <![CDATA[<tr>]]>
    </line>
    <line>
      <![CDATA[<td class="text-dark font-weight-bold" >Response Header :</td>]]>
    </line>
    <line>
      <![CDATA[<td class="" >]]>
    </line>
    <line>
      <![CDATA[<a href="" class="alert-link" data-toggle="modal" data-target="#modal_value_29">Show</a>]]>
    </line>
    <line>
      <![CDATA[<div class="modal fade"  id="modal_value_29" tabindex="-1" role="dialog">]]>
    </line>
    <line>
      <![CDATA[<div class="modal-dialog" role="document">]]>
    </line>
    <line>
      <![CDATA[<div class="modal-content">]]>
    </line>
    <line>
      <![CDATA[<div class="modal-header text-white bg-info">]]>
    </line>
    <line>
      <![CDATA[<h5 class="modal-title" id="title1">Response Header</h5>]]>
    </line>
    <line>
      <![CDATA[<span class="h6 text-light ml-2 mt-2">(click on the Text to copy)</span>]]>
    </line>
    <line>
      <![CDATA[<button type="button" class="close" data-dismiss="modal" aria-label="Close">]]>
    </line>
    <line>
      <![CDATA[<span aria-hidden="true">&times;</span>]]>
    </line>
    <line>
      <![CDATA[</button>]]>
    </line>
    <line>
      <![CDATA[</div>]]>
    </line>
    <line>
      <![CDATA[<div onClick="copyMePlease(this)" class="modal-body">]]>
    </line>
    <line>
      <![CDATA[X-Content-Type-Options=nosniff
	X-XSS-Protection=1; mode=block
	Cache-Control=no-cache, no-store, max-age=0, must-revalidate
	Pragma=no-cache
	Expires=0
	X-Frame-Options=DENY
	X-Application-Context=customer-customer-ms:8080
	Content-Type=application/json;charset=UTF-8
	Transfer-Encoding=chunked
	Date=Tue, 18 Sep 2018 09:41:00 GMT]]>
    </line>
    <line>
      <![CDATA[</div>]]>
    </line>
    <line>
      <![CDATA[</div>]]>
    </line>
    <line>
      <![CDATA[</div>]]>
    </line>
    <line>
      <![CDATA[</div>]]>
    </line>
    <line>
      <![CDATA[</td>]]>
    </line>
    <line>
      <![CDATA[</tr>]]>
    </line>
    <line>
      <![CDATA[<tr>]]>
    </line>
    <line>
      <![CDATA[<td class="text-dark font-weight-bold" >Response :</td>]]>
    </line>
    <line>
      <![CDATA[<td class="" >]]>
    </line>
    <line>
      <![CDATA[<a href="" class="alert-link" data-toggle="modal" data-target="#rest_assured_logger_modal_value_87">Show</a>]]>
    </line>
    <line>
      <![CDATA[<div class="modal fade"  id="rest_assured_logger_modal_value_87" tabindex="-1" role="dialog">]]>
    </line>
    <line>
      <![CDATA[<div class="modal-dialog" role="document">]]>
    </line>
    <line>
      <![CDATA[<div class="modal-content">]]>
    </line>
    <line>
      <![CDATA[<div class="modal-header text-white bg-info">]]>
    </line>
    <line>
      <![CDATA[<h5 class="modal-title" id="title1">Response</h5>]]>
    </line>
    <line>
      <![CDATA[<span class="h6 text-light ml-2 mt-2">(click on the Text to copy)</span>]]>
    </line>
    <line>
      <![CDATA[<button type="button" class="close" data-dismiss="modal" aria-label="Close">]]>
    </line>
    <line>
      <![CDATA[<span aria-hidden="true">&times;</span>]]>
    </line>
    <line>
      <![CDATA[</button>]]>
    </line>
    <line>
      <![CDATA[</div>]]>
    </line>
    <line>
      <![CDATA[<div onClick="copyMePlease(this)" class="modal-body">]]>
    </line>
    <line>
      <![CDATA[{"id":"Customer_40308","href":null,"name":"Amit8651","status":"active","displayStatus":null,"statusReason":"statusReason","validFor":{"startDateTime":"2017-08-18T12:16:47.448Z","endDateTime":"2017-08-18T12:16:47.448Z"},"characteristic":[{"name":"Amit8651_characteristic","value":"Reading"}],"engagedParty":{"type":"PartyRef","type":"PartyRef","refType":null,"id":"Individual_40757","href":"http://party-individual-service:8080/partyManagement/v1/individual/Individual_40757","name":"Romi middleName8986 Romi"},"relatedParty":[{"id":"Individual_40757","href":"http://party-individual-service:8080/partyManagement/v1/individual/Individual_40757","name":"Romi middleName8986 Romi","role":"Primary","type":"Customer","validFor":{"startDateTime":"2017-08-18T12:16:47.448Z","endDateTime":"2017-08-18T12:16:47.448Z"}}],"account":[{"type":"AccountRef","id":"FinancialAccount_40004","href":"http://financialaccount-financialaccount-service:8080/financialaccount/v1/financialAccount/FinancialAccount_40004","name":"Amit8651_account","description":"description","type":"FinancialAccount","preferred":null},{"type":"AccountRef","id":"BillingAccount_39834","href":"http://account-billingaccount-service:8080/accountManagement/v1/BillingAccount_39834","name":"Amit8651","description":null,"type":"BillingAccount","preferred":true}],"paymentMethod":null,"creditProfile":null,"contactMedium":[{"id":"Customer_40308_Customer_40308_ContactMedium_40042","type":"Email","preferred":true,"validFor":{"startDateTime":"2017-08-18T12:16:47.448Z","endDateTime":"2017-08-18T12:16:47.448Z"},"characteristic":{"type":"Business","emailAddress":"Auto7545@amdocs.com","number":"+915327","city":"Pune","country":"India","postCode":"12345","stateOrProvince":"CA","street1":"Street1","street2":"Street2","postOfficeBox":"PO","room":"300","floor":"1","buildingName":"Italia","streetName":"Laxmi","streetNumber":"StreetNumber","town":"Town","status":"Status","longitude":"tt","latitude":"tt","externalId":"111"}}],"customerType":"Residential","displayCustomerType":null,"customerSubType":"Individual","displayCustomerSubType":null,"displayId":"1161228280","acquisitionDate":"2017-10-25T05:57:48.843Z","description":"nothing to describe","rank":0,"controlFields":{"createdBy":"Automation_AdminUser_193923662","createdOn":"2018-09-18T09:41:00.839Z","lastModifiedBy":"Automation_AdminUser_193923662","lastModifiedOn":"2018-09-18T09:41:00.839Z","modelVersion":null}}]]>
    </line>
    <line>
      <![CDATA[</div>]]>
    </line>
    <line>
      <![CDATA[</div>]]>
    </line>
    <line>
      <![CDATA[</div>]]>
    </line>
    <line>
      <![CDATA[</div>]]>
    </line>
    <line>
      <![CDATA[</td>]]>
    </line>
    <line>
      <![CDATA[</tr>]]>
    </line>
    <line>
      <![CDATA[<tr class="table-success"><td colspan="2">Response status: expected=201 actual=201; Value: true</td></tr>]]>
    </line>
    <line>
      <![CDATA[<tr class="table-light"><td colspan="2">Customer of type Individual is successfully created</td></tr>]]>
    </line>
    <line>
      <![CDATA[<tr class="table-light"><td colspan="2">JSON file loaded successfully. File: /src/test/resources/ct/payload/A3S/User.json</td></tr>]]>
    </line>
    <line>
      <![CDATA[<tr class="table-light"><td colspan="2">JSON value updated. JSON path: $.users[0].id; Value: Automation_619967843_Individual</td></tr>]]>
    </line>
    <line>
      <![CDATA[<tr class="table-light"><td colspan="2">JSON value updated. JSON path: $.users[0].userName; Value: Automation_619967843_Individual</td></tr>]]>
    </line>
    <line>
      <![CDATA[<tr class="table-light"><td colspan="2">JSON value updated. JSON path: $.users[0].password; Value: Unix11!</td></tr>]]>
    </line>
    <line>
      <![CDATA[<tr class="table-light"><td colspan="2">JSON value updated. JSON path: $.users[0].roles; Value: [Ljava.lang.String;@7e70bd39</td></tr>]]>
    </line>
    <line>
      <![CDATA[<tr class="table-light"><td colspan="2">JSON value updated. JSON path: $.users[0].a3sUserExtension.properties.customerId; Value: Customer_40308</td></tr>]]>
    </line>
    <line>
      <![CDATA[<tr class="table-light"><td colspan="2">JSON value updated. JSON path: $.users[0].a3sUserExtension.properties.salesChannel; Value: SelfService</td></tr>]]>
    </line>
    <line>
      <![CDATA[<tr class="table-info"><td class="text-dark font-weight-bold">Request Type </td><td class="" >POST</td></tr>]]>
    </line>
    <line>
      <![CDATA[<tr><td class="text-dark font-weight-bold">URI </td><td class="" > http://ilocpde01w02.corp.amdocs.com:30525/asmServices/services/v1.0/users/bulk </td></tr>]]>
    </line>
    <line>
      <![CDATA[<tr><td class="text-dark font-weight-bold" colspan="2">Headers : </td></tr>]]>
    </line>
    <line>
      <![CDATA[<tr>]]>
    </line>
    <line>
      <![CDATA[<td class="text-dark font-weight-bold" >Authorization :</td>]]>
    </line>
    <line>
      <![CDATA[<td class="" >]]>
    </line>
    <line>
      <![CDATA[<a href="" class="alert-link" data-toggle="modal" data-target="#rest_assured_logger_modal_value_88">Show</a>]]>
    </line>
    <line>
      <![CDATA[<div class="modal fade"  id="rest_assured_logger_modal_value_88" tabindex="-1" role="dialog">]]>
    </line>
    <line>
      <![CDATA[<div class="modal-dialog" role="document">]]>
    </line>
    <line>
      <![CDATA[<div class="modal-content">]]>
    </line>
    <line>
      <![CDATA[<div class="modal-header text-white bg-info">]]>
    </line>
    <line>
      <![CDATA[<h5 class="modal-title" id="title1">Authorization</h5>]]>
    </line>
    <line>
      <![CDATA[<span class="h6 text-light ml-2 mt-2">(click on the Text to copy)</span>]]>
    </line>
    <line>
      <![CDATA[<button type="button" class="close" data-dismiss="modal" aria-label="Close">]]>
    </line>
    <line>
      <![CDATA[<span aria-hidden="true">&times;</span>]]>
    </line>
    <line>
      <![CDATA[</button>]]>
    </line>
    <line>
      <![CDATA[</div>]]>
    </line>
    <line>
      <![CDATA[<div onClick="copyMePlease(this)" class="modal-body">]]>
    </line>
    <line>
      <![CDATA[Basic YTNzRGVwbG95ZXI6QTNzRGVwbG95ZXIh]]>
    </line>
    <line>
      <![CDATA[</div>]]>
    </line>
    <line>
      <![CDATA[</div>]]>
    </line>
    <line>
      <![CDATA[</div>]]>
    </line>
    <line>
      <![CDATA[</div>]]>
    </line>
    <line>
      <![CDATA[</td>]]>
    </line>
    <line>
      <![CDATA[</tr>]]>
    </line>
    <line>
      <![CDATA[<tr><td class="text-dark font-weight-bold">Accept </td><td class="" > application/json </td></tr>]]>
    </line>
    <line>
      <![CDATA[<tr><td class="text-dark font-weight-bold">Content-Type </td><td class="" > application/json </td></tr>]]>
    </line>
    <line>
      <![CDATA[<tr>]]>
    </line>
    <line>
      <![CDATA[<td class="text-dark font-weight-bold" >Payload :</td>]]>
    </line>
    <line>
      <![CDATA[<td class="" >]]>
    </line>
    <line>
      <![CDATA[<a href="" class="alert-link" data-toggle="modal" data-target="#rest_assured_logger_modal_value_89">Show</a>]]>
    </line>
    <line>
      <![CDATA[<div class="modal fade"  id="rest_assured_logger_modal_value_89" tabindex="-1" role="dialog">]]>
    </line>
    <line>
      <![CDATA[<div class="modal-dialog" role="document">]]>
    </line>
    <line>
      <![CDATA[<div class="modal-content">]]>
    </line>
    <line>
      <![CDATA[<div class="modal-header text-white bg-info">]]>
    </line>
    <line>
      <![CDATA[<h5 class="modal-title" id="title1">Payload</h5>]]>
    </line>
    <line>
      <![CDATA[<span class="h6 text-light ml-2 mt-2">(click on the Text to copy)</span>]]>
    </line>
    <line>
      <![CDATA[<button type="button" class="close" data-dismiss="modal" aria-label="Close">]]>
    </line>
    <line>
      <![CDATA[<span aria-hidden="true">&times;</span>]]>
    </line>
    <line>
      <![CDATA[</button>]]>
    </line>
    <line>
      <![CDATA[</div>]]>
    </line>
    <line>
      <![CDATA[<div onClick="copyMePlease(this)" class="modal-body">]]>
    </line>
    <line>
      <![CDATA[{"users":[{"id":"Automation_619967843_Individual","userName":"Automation_619967843_Individual","userType":"UamsUser","password":"Unix11!","roles":["ChangeOwnershipRole","orderChangeOwnership","CatalogOne.importer","Write","GetCustomer","CreateCustomerEntity","SearchIndividual","PAP-Common","DeleteCreditProfile","csr","GetCustomerEntity","RetreivePaymentMethod","ProductOrderLauncherUpdate","CreateCustomer","AsmServicesAppIdentity","RetrieveCustomerEntity","AddRelatedParty","CreatePaymentMethod","UpdateCreditProfile","PAP-PU","AnonymousUserRole","ProductOrderLauncherRead","UpdateIndividual","ProductOrderLauncherDelete","RetrieveIndividual","DeleteIndividual","CreateIndividual","STS-Common","ProductOrderLauncherCreate","GetIndividual","EvaluateCreditProfile","AppTesterRole","RetrieveCustomer"],"a3sUserExtension":{"properties":{"OperatorID":154,"customerId":"Customer_40308","salesChannel":"SelfService"}}}],"operation":{"deleteFirst":true,"updateExisting":false,"createNew":true,"returnProcessedObjects":true,"failOnError":false}}]]>
    </line>
    <line>
      <![CDATA[</div>]]>
    </line>
    <line>
      <![CDATA[</div>]]>
    </line>
    <line>
      <![CDATA[</div>]]>
    </line>
    <line>
      <![CDATA[</div>]]>
    </line>
    <line>
      <![CDATA[</td>]]>
    </line>
    <line>
      <![CDATA[</tr>]]>
    </line>
    <line>
      <![CDATA[<tr>]]>
    </line>
    <line>
      <![CDATA[<td class="text-dark font-weight-bold" >Response Header :</td>]]>
    </line>
    <line>
      <![CDATA[<td class="" >]]>
    </line>
    <line>
      <![CDATA[<a href="" class="alert-link" data-toggle="modal" data-target="#modal_value_30">Show</a>]]>
    </line>
    <line>
      <![CDATA[<div class="modal fade"  id="modal_value_30" tabindex="-1" role="dialog">]]>
    </line>
    <line>
      <![CDATA[<div class="modal-dialog" role="document">]]>
    </line>
    <line>
      <![CDATA[<div class="modal-content">]]>
    </line>
    <line>
      <![CDATA[<div class="modal-header text-white bg-info">]]>
    </line>
    <line>
      <![CDATA[<h5 class="modal-title" id="title1">Response Header</h5>]]>
    </line>
    <line>
      <![CDATA[<span class="h6 text-light ml-2 mt-2">(click on the Text to copy)</span>]]>
    </line>
    <line>
      <![CDATA[<button type="button" class="close" data-dismiss="modal" aria-label="Close">]]>
    </line>
    <line>
      <![CDATA[<span aria-hidden="true">&times;</span>]]>
    </line>
    <line>
      <![CDATA[</button>]]>
    </line>
    <line>
      <![CDATA[</div>]]>
    </line>
    <line>
      <![CDATA[<div onClick="copyMePlease(this)" class="modal-body">]]>
    </line>
    <line>
      <![CDATA[X-Content-Type-Options=nosniff
	X-XSS-Protection=1; mode=block
	Cache-Control=no-cache, no-store, max-age=0, must-revalidate
	Pragma=no-cache
	Expires=0
	X-Frame-Options=DENY
	X-Application-Context=application:9191
	Date=Tue, 18 Sep 2018 09:41:01 GMT
	Content-Type=application/json
	Content-Length=1700]]>
    </line>
    <line>
      <![CDATA[</div>]]>
    </line>
    <line>
      <![CDATA[</div>]]>
    </line>
    <line>
      <![CDATA[</div>]]>
    </line>
    <line>
      <![CDATA[</div>]]>
    </line>
    <line>
      <![CDATA[</td>]]>
    </line>
    <line>
      <![CDATA[</tr>]]>
    </line>
    <line>
      <![CDATA[<tr>]]>
    </line>
    <line>
      <![CDATA[<td class="text-dark font-weight-bold" >Response :</td>]]>
    </line>
    <line>
      <![CDATA[<td class="" >]]>
    </line>
    <line>
      <![CDATA[<a href="" class="alert-link" data-toggle="modal" data-target="#rest_assured_logger_modal_value_90">Show</a>]]>
    </line>
    <line>
      <![CDATA[<div class="modal fade"  id="rest_assured_logger_modal_value_90" tabindex="-1" role="dialog">]]>
    </line>
    <line>
      <![CDATA[<div class="modal-dialog" role="document">]]>
    </line>
    <line>
      <![CDATA[<div class="modal-content">]]>
    </line>
    <line>
      <![CDATA[<div class="modal-header text-white bg-info">]]>
    </line>
    <line>
      <![CDATA[<h5 class="modal-title" id="title1">Response</h5>]]>
    </line>
    <line>
      <![CDATA[<span class="h6 text-light ml-2 mt-2">(click on the Text to copy)</span>]]>
    </line>
    <line>
      <![CDATA[<button type="button" class="close" data-dismiss="modal" aria-label="Close">]]>
    </line>
    <line>
      <![CDATA[<span aria-hidden="true">&times;</span>]]>
    </line>
    <line>
      <![CDATA[</button>]]>
    </line>
    <line>
      <![CDATA[</div>]]>
    </line>
    <line>
      <![CDATA[<div onClick="copyMePlease(this)" class="modal-body">]]>
    </line>
    <line>
      <![CDATA[{"deletedUsers":[],"createdUsers":[{"schemas":["urn:ietf:params:scim:schemas:core:2.0:User","urn:ietf:params:scim:schemas:extension:com.amdocs.a3s:2.0:User"],"id":"Automation_619967843_Individual","userName":"Automation_619967843_Individual","userType":"UamsUser","active":false,"password":null,"roles":["CreatePaymentMethod","ProductOrderLauncherRead","EvaluateCreditProfile","GetCustomer","RetreivePaymentMethod","STS-Common","CreateIndividual","GetCustomerEntity","DeleteCreditProfile","UpdateIndividual","orderChangeOwnership","SearchIndividual","GetIndividual","RetrieveCustomer","AnonymousUserRole","PAP-Common","CreateCustomerEntity","ProductOrderLauncherCreate","CatalogOne.importer","RetrieveIndividual","ProductOrderLauncherUpdate","ChangeOwnershipRole","CreateCustomer","AddRelatedParty","ProductOrderLauncherDelete","csr","AsmServicesAppIdentity","RetrieveCustomerEntity","DeleteIndividual","PAP-PU","AppTesterRole","UpdateCreditProfile","Write"],"a3sUserExtension":{"expiration":32535122400000,"effectiveDate":0,"successLoginDate":0,"badLoginDate":0,"badLoginCount":0,"isAccountNonExpired":true,"isAccountNonLocked":true,"isEnabled":true,"isAccountNeverExpired":false,"isExpiring":false,"isInEffective":false,"isCredentialsNonExpired":true,"isCredentialsExpiring":false,"isCredentialsReset":false,"properties":{"salesChannel":"SelfService","OperatorID":154,"customerId":"Customer_40308","UserType":"UamsUser"}},"metadata":{"resourceType":"User","created":1537228800000,"lastModified":1537228800000,"location":"http://ilocpde01w02.corp.amdocs.com:30525/asmServices/services/v1.0/users/bulk","version":null}}],"updatedUsers":[],"numDeleted":0,"numCreated":1,"numUpdated":0,"bulkErrors":[]}]]>
    </line>
    <line>
      <![CDATA[</div>]]>
    </line>
    <line>
      <![CDATA[</div>]]>
    </line>
    <line>
      <![CDATA[</div>]]>
    </line>
    <line>
      <![CDATA[</div>]]>
    </line>
    <line>
      <![CDATA[</td>]]>
    </line>
    <line>
      <![CDATA[</tr>]]>
    </line>
    <line>
      <![CDATA[<tr class="table-success"><td colspan="2">Response status: expected=201 actual=201; Value: true</td></tr>]]>
    </line>
    <line>
      <![CDATA[<tr class="table-warning"><td colspan="2">User UserIndividualSS created. User ID is: Automation_619967843_Individual</td></tr>]]>
    </line>
    <line>
      <![CDATA[<tr class="table-warning"><td colspan="2">Custom header: {"salesChannel":"SelfService","customerId":"Customer_40308","sessionId":"616157443"}</td></tr>]]>
    </line>
    <line>
      <![CDATA[<tr class="table-info"><td class="text-dark font-weight-bold">Request Type </td><td class="" >POST</td></tr>]]>
    </line>
    <line>
      <![CDATA[<tr><td class="text-dark font-weight-bold">URI </td><td class="" > http://ilocpde01w02.corp.amdocs.com:30525/asmServices/services/v1.0/auth/tokens </td></tr>]]>
    </line>
    <line>
      <![CDATA[<tr><td class="text-dark font-weight-bold" colspan="2">Headers : </td></tr>]]>
    </line>
    <line>
      <![CDATA[<tr>]]>
    </line>
    <line>
      <![CDATA[<td class="text-dark font-weight-bold" >Authorization :</td>]]>
    </line>
    <line>
      <![CDATA[<td class="" >]]>
    </line>
    <line>
      <![CDATA[<a href="" class="alert-link" data-toggle="modal" data-target="#rest_assured_logger_modal_value_91">Show</a>]]>
    </line>
    <line>
      <![CDATA[<div class="modal fade"  id="rest_assured_logger_modal_value_91" tabindex="-1" role="dialog">]]>
    </line>
    <line>
      <![CDATA[<div class="modal-dialog" role="document">]]>
    </line>
    <line>
      <![CDATA[<div class="modal-content">]]>
    </line>
    <line>
      <![CDATA[<div class="modal-header text-white bg-info">]]>
    </line>
    <line>
      <![CDATA[<h5 class="modal-title" id="title1">Authorization</h5>]]>
    </line>
    <line>
      <![CDATA[<span class="h6 text-light ml-2 mt-2">(click on the Text to copy)</span>]]>
    </line>
    <line>
      <![CDATA[<button type="button" class="close" data-dismiss="modal" aria-label="Close">]]>
    </line>
    <line>
      <![CDATA[<span aria-hidden="true">&times;</span>]]>
    </line>
    <line>
      <![CDATA[</button>]]>
    </line>
    <line>
      <![CDATA[</div>]]>
    </line>
    <line>
      <![CDATA[<div onClick="copyMePlease(this)" class="modal-body">]]>
    </line>
    <line>
      <![CDATA[Basic TWFpbklzc3VlcjpVbml4MTEh]]>
    </line>
    <line>
      <![CDATA[</div>]]>
    </line>
    <line>
      <![CDATA[</div>]]>
    </line>
    <line>
      <![CDATA[</div>]]>
    </line>
    <line>
      <![CDATA[</div>]]>
    </line>
    <line>
      <![CDATA[</td>]]>
    </line>
    <line>
      <![CDATA[</tr>]]>
    </line>
    <line>
      <![CDATA[<tr><td class="text-dark font-weight-bold">Accept </td><td class="" > application/json </td></tr>]]>
    </line>
    <line>
      <![CDATA[<tr><td class="text-dark font-weight-bold">Content-Type </td><td class="" > application/json </td></tr>]]>
    </line>
    <line>
      <![CDATA[<tr>]]>
    </line>
    <line>
      <![CDATA[<td class="text-dark font-weight-bold" >Payload :</td>]]>
    </line>
    <line>
      <![CDATA[<td class="" >]]>
    </line>
    <line>
      <![CDATA[<a href="" class="alert-link" data-toggle="modal" data-target="#rest_assured_logger_modal_value_92">Show</a>]]>
    </line>
    <line>
      <![CDATA[<div class="modal fade"  id="rest_assured_logger_modal_value_92" tabindex="-1" role="dialog">]]>
    </line>
    <line>
      <![CDATA[<div class="modal-dialog" role="document">]]>
    </line>
    <line>
      <![CDATA[<div class="modal-content">]]>
    </line>
    <line>
      <![CDATA[<div class="modal-header text-white bg-info">]]>
    </line>
    <line>
      <![CDATA[<h5 class="modal-title" id="title1">Payload</h5>]]>
    </line>
    <line>
      <![CDATA[<span class="h6 text-light ml-2 mt-2">(click on the Text to copy)</span>]]>
    </line>
    <line>
      <![CDATA[<button type="button" class="close" data-dismiss="modal" aria-label="Close">]]>
    </line>
    <line>
      <![CDATA[<span aria-hidden="true">&times;</span>]]>
    </line>
    <line>
      <![CDATA[</button>]]>
    </line>
    <line>
      <![CDATA[</div>]]>
    </line>
    <line>
      <![CDATA[<div onClick="copyMePlease(this)" class="modal-body">]]>
    </line>
    <line>
      <![CDATA[{"auth":{"dialects":["A3S_Core_Public","Customer_Info"],"token-type":"JWT","token-expiration":null,"on-behalf-of":{"type":"USER_PASSWORD","user-credentials":{"username":"Automation_619967843_Individual","password":"Unix11!"}}}}]]>
    </line>
    <line>
      <![CDATA[</div>]]>
    </line>
    <line>
      <![CDATA[</div>]]>
    </line>
    <line>
      <![CDATA[</div>]]>
    </line>
    <line>
      <![CDATA[</div>]]>
    </line>
    <line>
      <![CDATA[</td>]]>
    </line>
    <line>
      <![CDATA[</tr>]]>
    </line>
    <line>
      <![CDATA[<tr>]]>
    </line>
    <line>
      <![CDATA[<td class="text-dark font-weight-bold" >Response Header :</td>]]>
    </line>
    <line>
      <![CDATA[<td class="" >]]>
    </line>
    <line>
      <![CDATA[<a href="" class="alert-link" data-toggle="modal" data-target="#modal_value_31">Show</a>]]>
    </line>
    <line>
      <![CDATA[<div class="modal fade"  id="modal_value_31" tabindex="-1" role="dialog">]]>
    </line>
    <line>
      <![CDATA[<div class="modal-dialog" role="document">]]>
    </line>
    <line>
      <![CDATA[<div class="modal-content">]]>
    </line>
    <line>
      <![CDATA[<div class="modal-header text-white bg-info">]]>
    </line>
    <line>
      <![CDATA[<h5 class="modal-title" id="title1">Response Header</h5>]]>
    </line>
    <line>
      <![CDATA[<span class="h6 text-light ml-2 mt-2">(click on the Text to copy)</span>]]>
    </line>
    <line>
      <![CDATA[<button type="button" class="close" data-dismiss="modal" aria-label="Close">]]>
    </line>
    <line>
      <![CDATA[<span aria-hidden="true">&times;</span>]]>
    </line>
    <line>
      <![CDATA[</button>]]>
    </line>
    <line>
      <![CDATA[</div>]]>
    </line>
    <line>
      <![CDATA[<div onClick="copyMePlease(this)" class="modal-body">]]>
    </line>
    <line>
      <![CDATA[X-Content-Type-Options=nosniff
	X-XSS-Protection=1; mode=block
	Cache-Control=no-cache, no-store, max-age=0, must-revalidate
	Pragma=no-cache
	Expires=0
	X-Frame-Options=DENY
	X-Application-Context=application:9191
	Date=Tue, 18 Sep 2018 09:41:01 GMT
	Content-Type=application/json
	Content-Length=1768]]>
    </line>
    <line>
      <![CDATA[</div>]]>
    </line>
    <line>
      <![CDATA[</div>]]>
    </line>
    <line>
      <![CDATA[</div>]]>
    </line>
    <line>
      <![CDATA[</div>]]>
    </line>
    <line>
      <![CDATA[</td>]]>
    </line>
    <line>
      <![CDATA[</tr>]]>
    </line>
    <line>
      <![CDATA[<tr>]]>
    </line>
    <line>
      <![CDATA[<td class="text-dark font-weight-bold" >Response :</td>]]>
    </line>
    <line>
      <![CDATA[<td class="" >]]>
    </line>
    <line>
      <![CDATA[<a href="" class="alert-link" data-toggle="modal" data-target="#rest_assured_logger_modal_value_93">Show</a>]]>
    </line>
    <line>
      <![CDATA[<div class="modal fade"  id="rest_assured_logger_modal_value_93" tabindex="-1" role="dialog">]]>
    </line>
    <line>
      <![CDATA[<div class="modal-dialog" role="document">]]>
    </line>
    <line>
      <![CDATA[<div class="modal-content">]]>
    </line>
    <line>
      <![CDATA[<div class="modal-header text-white bg-info">]]>
    </line>
    <line>
      <![CDATA[<h5 class="modal-title" id="title1">Response</h5>]]>
    </line>
    <line>
      <![CDATA[<span class="h6 text-light ml-2 mt-2">(click on the Text to copy)</span>]]>
    </line>
    <line>
      <![CDATA[<button type="button" class="close" data-dismiss="modal" aria-label="Close">]]>
    </line>
    <line>
      <![CDATA[<span aria-hidden="true">&times;</span>]]>
    </line>
    <line>
      <![CDATA[</button>]]>
    </line>
    <line>
      <![CDATA[</div>]]>
    </line>
    <line>
      <![CDATA[<div onClick="copyMePlease(this)" class="modal-body">]]>
    </line>
    <line>
      <![CDATA[{"subjectToken":"eyJ4NXQjUzI1NiI6IkxEbGVvYldaYmVZcG9pb0Q0R1hrMWp3US8rUWd1MUs1eXNzQ1JpN3BtelE9IiwidHlwIjoiSldUIiwiYWxnIjoiUlMyNTYifQ.eyJzdWIiOiJBdXRvbWF0aW9uXzYxOTk2Nzg0M19JbmRpdmlkdWFsIiwicm9sZXMiOlsiQ3JlYXRlQ3VzdG9tZXJFbnRpdHkiLCJTVFMtQ29tbW9uIiwiR2V0Q3VzdG9tZXIiLCJvcmRlckNoYW5nZU93bmVyc2hpcCIsIkV2YWx1YXRlQ3JlZGl0UHJvZmlsZSIsIlNlYXJjaEluZGl2aWR1YWwiLCJXcml0ZSIsIkNyZWF0ZVBheW1lbnRNZXRob2QiLCJVcGRhdGVJbmRpdmlkdWFsIiwiQ3JlYXRlSW5kaXZpZHVhbCIsIlByb2R1Y3RPcmRlckxhdW5jaGVyVXBkYXRlIiwiQWRkUmVsYXRlZFBhcnR5IiwiUEFQLVBVIiwiUHJvZHVjdE9yZGVyTGF1bmNoZXJDcmVhdGUiLCJQcm9kdWN0T3JkZXJMYXVuY2hlckRlbGV0ZSIsIkFzbVNlcnZpY2VzQXBwSWRlbnRpdHkiLCJSZXRyaWV2ZUN1c3RvbWVyRW50aXR5IiwiQXBwVGVzdGVyUm9sZSIsIlJldHJpZXZlSW5kaXZpZHVhbCIsImNzciIsIkNoYW5nZU93bmVyc2hpcFJvbGUiLCJHZXRJbmRpdmlkdWFsIiwiR2V0Q3VzdG9tZXJFbnRpdHkiLCJBbm9ueW1vdXNVc2VyUm9sZSIsIkRlbGV0ZUluZGl2aWR1YWwiLCJDcmVhdGVDdXN0b21lciIsIlVwZGF0ZUNyZWRpdFByb2ZpbGUiLCJEZWxldGVDcmVkaXRQcm9maWxlIiwiUHJvZHVjdE9yZGVyTGF1bmNoZXJSZWFkIiwiQ2F0YWxvZ09uZS5pbXBvcnRlciIsIlJldHJpZXZlQ3VzdG9tZXIiLCJSZXRyZWl2ZVBheW1lbnRNZXRob2QiLCJQQVAtQ29tbW9uIl0sImN1c3RvbWVySWQiOiJDdXN0b21lcl80MDMwOCIsImlzcyI6IkEzU1pvbmUxQEEzUy5hbWRvY3MuY29tIiwib2l0IjoxNTM3MjYzNjYxLCJzYWxlc0NoYW5uZWwiOiJTZWxmU2VydmljZSIsImV4cCI6MTUzNzI3MDg2MSwiaWF0IjoxNTM3MjYzNjYxLCJ0dGwiOjE1MzcyOTI0NjEsImp0aSI6ImNlZTlmNmY1YWU1MTZjZTJiZmU4MWMzZWZkZTgzNjAwYjVhMmY4YTg4ZWE3ODk5MTM0YTExMTYzZWFlYjRkNjIifQ.dXtXc2kNxzUZdfDBdmw81e8Jmr0wtZpsePmvqE8HNiHKSAT4IpfkW6VsAi7oSe8-ID3bbPGkDWh0U7lctqxX9hB7LCEXGamt7hrgC38MOZeLXSicig1O_0_IIIFVc9b5T_G9Zfy0XF8KQyWC7FksN3NxUU8gNr7ck-ZUkmKEDV1FoyfsTZgQDAthv3FU3nOnyd_rQ33EKQFbpHmvbm3gmz4pb1liY5xkUeGM_Eh0gq7oTeg7BiR0rrZoHktCgJzKexvhupLADp_a-qW9p0GMcbemj7GafZ0MWDOeBN4kXfXbw3AxBAjfyP9s5_SLzjdexfDoczneyYF4sCrPwxtxWg","subjectTokenExpiration":"1537270861000"}]]>
    </line>
    <line>
      <![CDATA[</div>]]>
    </line>
    <line>
      <![CDATA[</div>]]>
    </line>
    <line>
      <![CDATA[</div>]]>
    </line>
    <line>
      <![CDATA[</div>]]>
    </line>
    <line>
      <![CDATA[</td>]]>
    </line>
    <line>
      <![CDATA[</tr>]]>
    </line>
    <line>
      <![CDATA[<tr class="table-light"><td colspan="2">A3SUser set to Suite context; User Automation_619967843_Individual</td></tr>]]>
    </line>
    <line>
      <![CDATA[<tr class="table-light"><td colspan="2">Token for UserIndividualSS is: </td></tr>]]>
    </line>
    <line>
      <![CDATA[<tr class="table-light"><td colspan="2">Bearer eyJ4NXQjUzI1NiI6IkxEbGVvYldaYmVZcG9pb0Q0R1hrMWp3US8rUWd1MUs1eXNzQ1JpN3BtelE9IiwidHlwIjoiSldUIiwiYWxnIjoiUlMyNTYifQ.eyJzdWIiOiJBdXRvbWF0aW9uXzYxOTk2Nzg0M19JbmRpdmlkdWFsIiwicm9sZXMiOlsiQ3JlYXRlQ3VzdG9tZXJFbnRpdHkiLCJTVFMtQ29tbW9uIiwiR2V0Q3VzdG9tZXIiLCJvcmRlckNoYW5nZU93bmVyc2hpcCIsIkV2YWx1YXRlQ3JlZGl0UHJvZmlsZSIsIlNlYXJjaEluZGl2aWR1YWwiLCJXcml0ZSIsIkNyZWF0ZVBheW1lbnRNZXRob2QiLCJVcGRhdGVJbmRpdmlkdWFsIiwiQ3JlYXRlSW5kaXZpZHVhbCIsIlByb2R1Y3RPcmRlckxhdW5jaGVyVXBkYXRlIiwiQWRkUmVsYXRlZFBhcnR5IiwiUEFQLVBVIiwiUHJvZHVjdE9yZGVyTGF1bmNoZXJDcmVhdGUiLCJQcm9kdWN0T3JkZXJMYXVuY2hlckRlbGV0ZSIsIkFzbVNlcnZpY2VzQXBwSWRlbnRpdHkiLCJSZXRyaWV2ZUN1c3RvbWVyRW50aXR5IiwiQXBwVGVzdGVyUm9sZSIsIlJldHJpZXZlSW5kaXZpZHVhbCIsImNzciIsIkNoYW5nZU93bmVyc2hpcFJvbGUiLCJHZXRJbmRpdmlkdWFsIiwiR2V0Q3VzdG9tZXJFbnRpdHkiLCJBbm9ueW1vdXNVc2VyUm9sZSIsIkRlbGV0ZUluZGl2aWR1YWwiLCJDcmVhdGVDdXN0b21lciIsIlVwZGF0ZUNyZWRpdFByb2ZpbGUiLCJEZWxldGVDcmVkaXRQcm9maWxlIiwiUHJvZHVjdE9yZGVyTGF1bmNoZXJSZWFkIiwiQ2F0YWxvZ09uZS5pbXBvcnRlciIsIlJldHJpZXZlQ3VzdG9tZXIiLCJSZXRyZWl2ZVBheW1lbnRNZXRob2QiLCJQQVAtQ29tbW9uIl0sImN1c3RvbWVySWQiOiJDdXN0b21lcl80MDMwOCIsImlzcyI6IkEzU1pvbmUxQEEzUy5hbWRvY3MuY29tIiwib2l0IjoxNTM3MjYzNjYxLCJzYWxlc0NoYW5uZWwiOiJTZWxmU2VydmljZSIsImV4cCI6MTUzNzI3MDg2MSwiaWF0IjoxNTM3MjYzNjYxLCJ0dGwiOjE1MzcyOTI0NjEsImp0aSI6ImNlZTlmNmY1YWU1MTZjZTJiZmU4MWMzZWZkZTgzNjAwYjVhMmY4YTg4ZWE3ODk5MTM0YTExMTYzZWFlYjRkNjIifQ.dXtXc2kNxzUZdfDBdmw81e8Jmr0wtZpsePmvqE8HNiHKSAT4IpfkW6VsAi7oSe8-ID3bbPGkDWh0U7lctqxX9hB7LCEXGamt7hrgC38MOZeLXSicig1O_0_IIIFVc9b5T_G9Zfy0XF8KQyWC7FksN3NxUU8gNr7ck-ZUkmKEDV1FoyfsTZgQDAthv3FU3nOnyd_rQ33EKQFbpHmvbm3gmz4pb1liY5xkUeGM_Eh0gq7oTeg7BiR0rrZoHktCgJzKexvhupLADp_a-qW9p0GMcbemj7GafZ0MWDOeBN4kXfXbw3AxBAjfyP9s5_SLzjdexfDoczneyYF4sCrPwxtxWg</td></tr>]]>
    </line>
    <line>
      <![CDATA[<tr class="table-info"><td class="text-dark font-weight-bold">Request Type </td><td class="" >GET</td></tr>]]>
    </line>
    <line>
      <![CDATA[<tr><td class="text-dark font-weight-bold">URI </td><td class="" > http://ilocpde01w02.corp.amdocs.com:35227/productOfferingDiscovery/v1/category?salesChannel=SelfService </td></tr>]]>
    </line>
    <line>
      <![CDATA[<tr><td class="text-dark font-weight-bold" colspan="2">Headers : </td></tr>]]>
    </line>
    <line>
      <![CDATA[<tr>]]>
    </line>
    <line>
      <![CDATA[<td class="text-dark font-weight-bold" >Authorization :</td>]]>
    </line>
    <line>
      <![CDATA[<td class="" >]]>
    </line>
    <line>
      <![CDATA[<a href="" class="alert-link" data-toggle="modal" data-target="#rest_assured_logger_modal_value_94">Show</a>]]>
    </line>
    <line>
      <![CDATA[<div class="modal fade"  id="rest_assured_logger_modal_value_94" tabindex="-1" role="dialog">]]>
    </line>
    <line>
      <![CDATA[<div class="modal-dialog" role="document">]]>
    </line>
    <line>
      <![CDATA[<div class="modal-content">]]>
    </line>
    <line>
      <![CDATA[<div class="modal-header text-white bg-info">]]>
    </line>
    <line>
      <![CDATA[<h5 class="modal-title" id="title1">Authorization</h5>]]>
    </line>
    <line>
      <![CDATA[<span class="h6 text-light ml-2 mt-2">(click on the Text to copy)</span>]]>
    </line>
    <line>
      <![CDATA[<button type="button" class="close" data-dismiss="modal" aria-label="Close">]]>
    </line>
    <line>
      <![CDATA[<span aria-hidden="true">&times;</span>]]>
    </line>
    <line>
      <![CDATA[</button>]]>
    </line>
    <line>
      <![CDATA[</div>]]>
    </line>
    <line>
      <![CDATA[<div onClick="copyMePlease(this)" class="modal-body">]]>
    </line>
    <line>
      <![CDATA[Bearer eyJ4NXQjUzI1NiI6IkxEbGVvYldaYmVZcG9pb0Q0R1hrMWp3US8rUWd1MUs1eXNzQ1JpN3BtelE9IiwidHlwIjoiSldUIiwiYWxnIjoiUlMyNTYifQ.eyJzdWIiOiJBdXRvbWF0aW9uXzYxOTk2Nzg0M19JbmRpdmlkdWFsIiwicm9sZXMiOlsiQ3JlYXRlQ3VzdG9tZXJFbnRpdHkiLCJTVFMtQ29tbW9uIiwiR2V0Q3VzdG9tZXIiLCJvcmRlckNoYW5nZU93bmVyc2hpcCIsIkV2YWx1YXRlQ3JlZGl0UHJvZmlsZSIsIlNlYXJjaEluZGl2aWR1YWwiLCJXcml0ZSIsIkNyZWF0ZVBheW1lbnRNZXRob2QiLCJVcGRhdGVJbmRpdmlkdWFsIiwiQ3JlYXRlSW5kaXZpZHVhbCIsIlByb2R1Y3RPcmRlckxhdW5jaGVyVXBkYXRlIiwiQWRkUmVsYXRlZFBhcnR5IiwiUEFQLVBVIiwiUHJvZHVjdE9yZGVyTGF1bmNoZXJDcmVhdGUiLCJQcm9kdWN0T3JkZXJMYXVuY2hlckRlbGV0ZSIsIkFzbVNlcnZpY2VzQXBwSWRlbnRpdHkiLCJSZXRyaWV2ZUN1c3RvbWVyRW50aXR5IiwiQXBwVGVzdGVyUm9sZSIsIlJldHJpZXZlSW5kaXZpZHVhbCIsImNzciIsIkNoYW5nZU93bmVyc2hpcFJvbGUiLCJHZXRJbmRpdmlkdWFsIiwiR2V0Q3VzdG9tZXJFbnRpdHkiLCJBbm9ueW1vdXNVc2VyUm9sZSIsIkRlbGV0ZUluZGl2aWR1YWwiLCJDcmVhdGVDdXN0b21lciIsIlVwZGF0ZUNyZWRpdFByb2ZpbGUiLCJEZWxldGVDcmVkaXRQcm9maWxlIiwiUHJvZHVjdE9yZGVyTGF1bmNoZXJSZWFkIiwiQ2F0YWxvZ09uZS5pbXBvcnRlciIsIlJldHJpZXZlQ3VzdG9tZXIiLCJSZXRyZWl2ZVBheW1lbnRNZXRob2QiLCJQQVAtQ29tbW9uIl0sImN1c3RvbWVySWQiOiJDdXN0b21lcl80MDMwOCIsImlzcyI6IkEzU1pvbmUxQEEzUy5hbWRvY3MuY29tIiwib2l0IjoxNTM3MjYzNjYxLCJzYWxlc0NoYW5uZWwiOiJTZWxmU2VydmljZSIsImV4cCI6MTUzNzI3MDg2MSwiaWF0IjoxNTM3MjYzNjYxLCJ0dGwiOjE1MzcyOTI0NjEsImp0aSI6ImNlZTlmNmY1YWU1MTZjZTJiZmU4MWMzZWZkZTgzNjAwYjVhMmY4YTg4ZWE3ODk5MTM0YTExMTYzZWFlYjRkNjIifQ.dXtXc2kNxzUZdfDBdmw81e8Jmr0wtZpsePmvqE8HNiHKSAT4IpfkW6VsAi7oSe8-ID3bbPGkDWh0U7lctqxX9hB7LCEXGamt7hrgC38MOZeLXSicig1O_0_IIIFVc9b5T_G9Zfy0XF8KQyWC7FksN3NxUU8gNr7ck-ZUkmKEDV1FoyfsTZgQDAthv3FU3nOnyd_rQ33EKQFbpHmvbm3gmz4pb1liY5xkUeGM_Eh0gq7oTeg7BiR0rrZoHktCgJzKexvhupLADp_a-qW9p0GMcbemj7GafZ0MWDOeBN4kXfXbw3AxBAjfyP9s5_SLzjdexfDoczneyYF4sCrPwxtxWg]]>
    </line>
    <line>
      <![CDATA[</div>]]>
    </line>
    <line>
      <![CDATA[</div>]]>
    </line>
    <line>
      <![CDATA[</div>]]>
    </line>
    <line>
      <![CDATA[</div>]]>
    </line>
    <line>
      <![CDATA[</td>]]>
    </line>
    <line>
      <![CDATA[</tr>]]>
    </line>
    <line>
      <![CDATA[<tr><td class="text-dark font-weight-bold">Accept-Language </td><td class="" > en_US </td></tr>]]>
    </line>
    <line>
      <![CDATA[<tr><td class="text-dark font-weight-bold">Content-Type </td><td class="" > application/json </td></tr>]]>
    </line>
    <line>
      <![CDATA[<tr>]]>
    </line>
    <line>
      <![CDATA[<td class="text-dark font-weight-bold" >Payload :</td>]]>
    </line>
    <line>
      <![CDATA[<td class="" >]]>
    </line>
    <line>
      <![CDATA[<a href="" class="alert-link" data-toggle="modal" data-target="#rest_assured_logger_modal_value_95">Show</a>]]>
    </line>
    <line>
      <![CDATA[<div class="modal fade"  id="rest_assured_logger_modal_value_95" tabindex="-1" role="dialog">]]>
    </line>
    <line>
      <![CDATA[<div class="modal-dialog" role="document">]]>
    </line>
    <line>
      <![CDATA[<div class="modal-content">]]>
    </line>
    <line>
      <![CDATA[<div class="modal-header text-white bg-info">]]>
    </line>
    <line>
      <![CDATA[<h5 class="modal-title" id="title1">Payload</h5>]]>
    </line>
    <line>
      <![CDATA[<span class="h6 text-light ml-2 mt-2">(click on the Text to copy)</span>]]>
    </line>
    <line>
      <![CDATA[<button type="button" class="close" data-dismiss="modal" aria-label="Close">]]>
    </line>
    <line>
      <![CDATA[<span aria-hidden="true">&times;</span>]]>
    </line>
    <line>
      <![CDATA[</button>]]>
    </line>
    <line>
      <![CDATA[</div>]]>
    </line>
    <line>
      <![CDATA[<div onClick="copyMePlease(this)" class="modal-body">]]>
    </line>
    <line>
      <![CDATA[None]]>
    </line>
    <line>
      <![CDATA[</div>]]>
    </line>
    <line>
      <![CDATA[</div>]]>
    </line>
    <line>
      <![CDATA[</div>]]>
    </line>
    <line>
      <![CDATA[</div>]]>
    </line>
    <line>
      <![CDATA[</td>]]>
    </line>
    <line>
      <![CDATA[</tr>]]>
    </line>
    <line>
      <![CDATA[<tr>]]>
    </line>
    <line>
      <![CDATA[<td class="text-dark font-weight-bold" >Response Header :</td>]]>
    </line>
    <line>
      <![CDATA[<td class="" >]]>
    </line>
    <line>
      <![CDATA[<a href="" class="alert-link" data-toggle="modal" data-target="#modal_value_32">Show</a>]]>
    </line>
    <line>
      <![CDATA[<div class="modal fade"  id="modal_value_32" tabindex="-1" role="dialog">]]>
    </line>
    <line>
      <![CDATA[<div class="modal-dialog" role="document">]]>
    </line>
    <line>
      <![CDATA[<div class="modal-content">]]>
    </line>
    <line>
      <![CDATA[<div class="modal-header text-white bg-info">]]>
    </line>
    <line>
      <![CDATA[<h5 class="modal-title" id="title1">Response Header</h5>]]>
    </line>
    <line>
      <![CDATA[<span class="h6 text-light ml-2 mt-2">(click on the Text to copy)</span>]]>
    </line>
    <line>
      <![CDATA[<button type="button" class="close" data-dismiss="modal" aria-label="Close">]]>
    </line>
    <line>
      <![CDATA[<span aria-hidden="true">&times;</span>]]>
    </line>
    <line>
      <![CDATA[</button>]]>
    </line>
    <line>
      <![CDATA[</div>]]>
    </line>
    <line>
      <![CDATA[<div onClick="copyMePlease(this)" class="modal-body">]]>
    </line>
    <line>
      <![CDATA[X-Content-Type-Options=nosniff
	X-XSS-Protection=1; mode=block
	Cache-Control=no-cache, no-store, max-age=0, must-revalidate
	Pragma=no-cache
	Expires=0
	X-Frame-Options=DENY
	X-Application-Context=pod-category-ms:8080
	Content-Type=application/json;charset=UTF-8
	Content-Length=5873
	Date=Tue, 18 Sep 2018 09:41:02 GMT]]>
    </line>
    <line>
      <![CDATA[</div>]]>
    </line>
    <line>
      <![CDATA[</div>]]>
    </line>
    <line>
      <![CDATA[</div>]]>
    </line>
    <line>
      <![CDATA[</div>]]>
    </line>
    <line>
      <![CDATA[</td>]]>
    </line>
    <line>
      <![CDATA[</tr>]]>
    </line>
    <line>
      <![CDATA[<tr>]]>
    </line>
    <line>
      <![CDATA[<td class="text-dark font-weight-bold" >Response :</td>]]>
    </line>
    <line>
      <![CDATA[<td class="" >]]>
    </line>
    <line>
      <![CDATA[<a href="" class="alert-link" data-toggle="modal" data-target="#rest_assured_logger_modal_value_96">Show</a>]]>
    </line>
    <line>
      <![CDATA[<div class="modal fade"  id="rest_assured_logger_modal_value_96" tabindex="-1" role="dialog">]]>
    </line>
    <line>
      <![CDATA[<div class="modal-dialog" role="document">]]>
    </line>
    <line>
      <![CDATA[<div class="modal-content">]]>
    </line>
    <line>
      <![CDATA[<div class="modal-header text-white bg-info">]]>
    </line>
    <line>
      <![CDATA[<h5 class="modal-title" id="title1">Response</h5>]]>
    </line>
    <line>
      <![CDATA[<span class="h6 text-light ml-2 mt-2">(click on the Text to copy)</span>]]>
    </line>
    <line>
      <![CDATA[<button type="button" class="close" data-dismiss="modal" aria-label="Close">]]>
    </line>
    <line>
      <![CDATA[<span aria-hidden="true">&times;</span>]]>
    </line>
    <line>
      <![CDATA[</button>]]>
    </line>
    <line>
      <![CDATA[</div>]]>
    </line>
    <line>
      <![CDATA[<div onClick="copyMePlease(this)" class="modal-body">]]>
    </line>
    <line>
      <![CDATA[[{"link":"Category","href":null,"rel":null,"id":"54ce2957b76b4354ad87d1e0c84c3682","name":null,"displayName":"Plan & Services","description":null,"isRoot":true,"rootId":null,"isLeaf":false,"categories":[{"link":"Category","href":null,"rel":null,"id":"11c97c9436f04f41b2ac85f5e99b1980","name":null,"displayName":"Mobile Plan","description":null,"isRoot":false,"rootId":"54ce2957b76b4354ad87d1e0c84c3682","isLeaf":false,"categories":[{"link":"Category","href":null,"rel":null,"id":"88ea7a01d5aa4fc681315e204abbd701","name":null,"displayName":"Data Plans","description":null,"isRoot":false,"rootId":"54ce2957b76b4354ad87d1e0c84c3682","isLeaf":true,"categories":[],"filterCharacteristic":[]},{"link":"Category","href":null,"rel":null,"id":"f6b20ad772174990a40d16a6e7ac27f1","name":null,"displayName":"Pay On Bill","description":null,"isRoot":false,"rootId":"54ce2957b76b4354ad87d1e0c84c3682","isLeaf":true,"categories":[],"filterCharacteristic":[]},{"link":"Category","href":null,"rel":null,"id":"df8d856d2f5e40e7a541df724ed2e126","name":null,"displayName":"SIM Only","description":null,"isRoot":false,"rootId":"54ce2957b76b4354ad87d1e0c84c3682","isLeaf":true,"categories":[],"filterCharacteristic":[]},{"link":"Category","href":null,"rel":null,"id":"5b08ebc8a9c647d39b518d93a690ea13","name":null,"displayName":"Prepay","description":null,"isRoot":false,"rootId":"54ce2957b76b4354ad87d1e0c84c3682","isLeaf":true,"categories":[],"filterCharacteristic":[]}],"filterCharacteristic":[]},{"link":"Category","href":null,"rel":null,"id":"c08f312f83844ee38ee1647f0952f60b","name":null,"displayName":"Mobile Services","description":null,"isRoot":false,"rootId":"54ce2957b76b4354ad87d1e0c84c3682","isLeaf":false,"categories":[{"link":"Category","href":null,"rel":null,"id":"6745ffca94844eac9ce3d9ca0a85840a","name":null,"displayName":"Additional Packages","description":null,"isRoot":false,"rootId":"54ce2957b76b4354ad87d1e0c84c3682","isLeaf":true,"categories":[],"filterCharacteristic":[]},{"link":"Category","href":null,"rel":null,"id":"8156bcd79fb3418c92f493d112b3eb04","name":null,"displayName":"More Services","description":null,"isRoot":false,"rootId":"54ce2957b76b4354ad87d1e0c84c3682","isLeaf":true,"categories":[],"filterCharacteristic":[]},{"link":"Category","href":null,"rel":null,"id":"b0510f465ee2401fb3d113853e3c1b07","name":null,"displayName":"Applications","description":null,"isRoot":false,"rootId":"54ce2957b76b4354ad87d1e0c84c3682","isLeaf":true,"categories":[],"filterCharacteristic":[]},{"link":"Category","href":null,"rel":null,"id":"ae9ba700ff4e43188ea65b015dc4f50c","name":null,"displayName":"Roaming Packages","description":null,"isRoot":false,"rootId":"54ce2957b76b4354ad87d1e0c84c3682","isLeaf":true,"categories":[],"filterCharacteristic":[]},{"link":"Category","href":null,"rel":null,"id":"80be862572de46348f9dc42e0927044a","name":null,"displayName":"International Packages","description":null,"isRoot":false,"rootId":"54ce2957b76b4354ad87d1e0c84c3682","isLeaf":true,"categories":[],"filterCharacteristic":[]}],"filterCharacteristic":[]}],"filterCharacteristic":[]},{"link":"Category","href":null,"rel":null,"id":"364aee45bd5f4268b8fa2d74e24d4cfe","name":null,"displayName":"Accessories","description":null,"isRoot":true,"rootId":null,"isLeaf":false,"categories":[{"link":"Category","href":null,"rel":null,"id":"5836b3839ed440a598e42601195a6deb","name":null,"displayName":"Top Sellers","description":null,"isRoot":false,"rootId":"364aee45bd5f4268b8fa2d74e24d4cfe","isLeaf":true,"categories":[],"filterCharacteristic":[]},{"link":"Category","href":null,"rel":null,"id":"14cfe694e7ff45e18042412d09dd50f3","name":null,"displayName":"Headphones","description":null,"isRoot":false,"rootId":"364aee45bd5f4268b8fa2d74e24d4cfe","isLeaf":true,"categories":[],"filterCharacteristic":[]},{"link":"Category","href":null,"rel":null,"id":"93b76143b5a34decb8e92eb16fef4995","name":null,"displayName":"Cases","description":null,"isRoot":false,"rootId":"364aee45bd5f4268b8fa2d74e24d4cfe","isLeaf":true,"categories":[],"filterCharacteristic":[]}],"filterCharacteristic":[]},{"link":"Category","href":null,"rel":null,"id":"8aa984803d1441a59ba97776656b925c","name":null,"displayName":"Mobile Devices","description":null,"isRoot":true,"rootId":null,"isLeaf":false,"categories":[{"link":"Category","href":null,"rel":null,"id":"7338caff49fc4ccea0785799ce1e0e8a","name":null,"displayName":"Smartphones","description":null,"isRoot":false,"rootId":"8aa984803d1441a59ba97776656b925c","isLeaf":true,"categories":[],"filterCharacteristic":[]},{"link":"Category","href":null,"rel":null,"id":"99accc3512e44fdea8812edda6a92718","name":null,"displayName":"Top Devices","description":null,"isRoot":false,"rootId":"8aa984803d1441a59ba97776656b925c","isLeaf":false,"categories":[{"link":"Category","href":null,"rel":null,"id":"9890f9450dd24238b9bffe69f8e516bb","name":null,"displayName":"Best Seller","description":"The most popular and proven brand name phones","isRoot":false,"rootId":"8aa984803d1441a59ba97776656b925c","isLeaf":true,"categories":[],"filterCharacteristic":[]},{"link":"Category","href":null,"rel":null,"id":"5f3bd1b5ea3b4cf1b42b58da9da089b3","name":null,"displayName":"New","description":null,"isRoot":false,"rootId":"8aa984803d1441a59ba97776656b925c","isLeaf":true,"categories":[],"filterCharacteristic":[]}],"filterCharacteristic":[]},{"link":"Category","href":null,"rel":null,"id":"8588112c6b1b4850883d4ae087fc84c7","name":null,"displayName":"Basic Phones","description":null,"isRoot":false,"rootId":"8aa984803d1441a59ba97776656b925c","isLeaf":true,"categories":[],"filterCharacteristic":[]},{"link":"Category","href":null,"rel":null,"id":"b4fffb0952e2456dbb24d28fcfda2c85","name":null,"displayName":"Tablets","description":null,"isRoot":false,"rootId":"8aa984803d1441a59ba97776656b925c","isLeaf":true,"categories":[],"filterCharacteristic":[]}],"filterCharacteristic":[]}]]]>
    </line>
    <line>
      <![CDATA[</div>]]>
    </line>
    <line>
      <![CDATA[</div>]]>
    </line>
    <line>
      <![CDATA[</div>]]>
    </line>
    <line>
      <![CDATA[</div>]]>
    </line>
    <line>
      <![CDATA[</td>]]>
    </line>
    <line>
      <![CDATA[</tr>]]>
    </line>
    <line>
      <![CDATA[<tr class="table-success"><td colspan="2">Response status: expected=200 actual=200; Value: true</td></tr>]]>
    </line>
    <line>
      <![CDATA[<tr class="table-success"><td colspan="2">Response size must be greater than 0.; Value: true</td></tr>]]>
    </line>
    <line>
      <![CDATA[<tr class="table-light"><td colspan="2">Attribute: getAllCategoriesResponse set to context.</td></tr>]]>
    </line>
    <line>
      <![CDATA[<tr class="table-warning"><td colspan="2">
******************************************The name of the Test Started is :PRODUCT-OFFERING-MS_Happy_Path_Get_Product_Offering_Details*****************************
</td></tr>]]>
    </line>
    <line>
      <![CDATA[<tr class="table-warning"><td colspan="2">
 /-//-//-//-//-//-//-//-//-//-//-//-//-//-//-//-//-//-//-//-/Input Parameters set in SuiteTestContext before Begining of Test /-//-//-//-//-//-//-//-//-//-//-//-//-//-//-//-//-/
</td></tr>]]>
    </line>
    <line>
      <![CDATA[<tr class="table-warning"><td colspan="2">getAllCategoriesResponse	 io.restassured.internal.RestAssuredResponseImpl@2fe88a09</td></tr>]]>
    </line>
    <line>
      <![CDATA[<tr class="table-warning"><td colspan="2">A3SUser	 authentication.a3s.A3SUser@1917d90f</td></tr>]]>
    </line>
    <line>
      <![CDATA[<tr class="table-warning"><td colspan="2">getAllCategories	 restAssuredBase.MSRest@66bfd864</td></tr>]]>
    </line>
    <line>
      <![CDATA[<tr class="table-warning"><td colspan="2">A3SUserList	 {UserIndividualSS=authentication.a3s.A3SUser@1917d90f}</td></tr>]]>
    </line>
    <line>
      <![CDATA[<tr class="table-warning"><td colspan="2">
 /-//-//-//-//-//-//-//-//-//-//-//-//-//-//-//-//-//-//-//-/Input Parameters set in TestContext before Begining of Test /-//-//-//-//-//-//-//-//-//-//-//-//-//-//-//-//-/
</td></tr>]]>
    </line>
    <line>
      <![CDATA[<tr class="table-warning"><td colspan="2">
 ***********************The name of the TestStep Started is :SanityProductOfferingDetailsForGivenProductOfferingId***********************
</td></tr>]]>
    </line>
    <line>
      <![CDATA[<tr class="table-warning"><td colspan="2">
 **********************************************************************************************************************
</td></tr>]]>
    </line>
    <line>
      <![CDATA[<tr class="table-info"><td class="text-dark font-weight-bold">Request Type </td><td class="" >GET</td></tr>]]>
    </line>
    <line>
      <![CDATA[<tr><td class="text-dark font-weight-bold">URI </td><td class="" > http://ilocpde01w02.corp.amdocs.com:35261/productOfferingDiscovery/v1/productOffering?productOfferingId=e5790aab9f5840a593a0bfc262eddaa5&salesChannel=SelfService </td></tr>]]>
    </line>
    <line>
      <![CDATA[<tr><td class="text-dark font-weight-bold" colspan="2">Headers : </td></tr>]]>
    </line>
    <line>
      <![CDATA[<tr>]]>
    </line>
    <line>
      <![CDATA[<td class="text-dark font-weight-bold" >Authorization :</td>]]>
    </line>
    <line>
      <![CDATA[<td class="" >]]>
    </line>
    <line>
      <![CDATA[<a href="" class="alert-link" data-toggle="modal" data-target="#rest_assured_logger_modal_value_97">Show</a>]]>
    </line>
    <line>
      <![CDATA[<div class="modal fade"  id="rest_assured_logger_modal_value_97" tabindex="-1" role="dialog">]]>
    </line>
    <line>
      <![CDATA[<div class="modal-dialog" role="document">]]>
    </line>
    <line>
      <![CDATA[<div class="modal-content">]]>
    </line>
    <line>
      <![CDATA[<div class="modal-header text-white bg-info">]]>
    </line>
    <line>
      <![CDATA[<h5 class="modal-title" id="title1">Authorization</h5>]]>
    </line>
    <line>
      <![CDATA[<span class="h6 text-light ml-2 mt-2">(click on the Text to copy)</span>]]>
    </line>
    <line>
      <![CDATA[<button type="button" class="close" data-dismiss="modal" aria-label="Close">]]>
    </line>
    <line>
      <![CDATA[<span aria-hidden="true">&times;</span>]]>
    </line>
    <line>
      <![CDATA[</button>]]>
    </line>
    <line>
      <![CDATA[</div>]]>
    </line>
    <line>
      <![CDATA[<div onClick="copyMePlease(this)" class="modal-body">]]>
    </line>
    <line>
      <![CDATA[Bearer eyJ4NXQjUzI1NiI6IkxEbGVvYldaYmVZcG9pb0Q0R1hrMWp3US8rUWd1MUs1eXNzQ1JpN3BtelE9IiwidHlwIjoiSldUIiwiYWxnIjoiUlMyNTYifQ.eyJzdWIiOiJBdXRvbWF0aW9uXzYxOTk2Nzg0M19JbmRpdmlkdWFsIiwicm9sZXMiOlsiQ3JlYXRlQ3VzdG9tZXJFbnRpdHkiLCJTVFMtQ29tbW9uIiwiR2V0Q3VzdG9tZXIiLCJvcmRlckNoYW5nZU93bmVyc2hpcCIsIkV2YWx1YXRlQ3JlZGl0UHJvZmlsZSIsIlNlYXJjaEluZGl2aWR1YWwiLCJXcml0ZSIsIkNyZWF0ZVBheW1lbnRNZXRob2QiLCJVcGRhdGVJbmRpdmlkdWFsIiwiQ3JlYXRlSW5kaXZpZHVhbCIsIlByb2R1Y3RPcmRlckxhdW5jaGVyVXBkYXRlIiwiQWRkUmVsYXRlZFBhcnR5IiwiUEFQLVBVIiwiUHJvZHVjdE9yZGVyTGF1bmNoZXJDcmVhdGUiLCJQcm9kdWN0T3JkZXJMYXVuY2hlckRlbGV0ZSIsIkFzbVNlcnZpY2VzQXBwSWRlbnRpdHkiLCJSZXRyaWV2ZUN1c3RvbWVyRW50aXR5IiwiQXBwVGVzdGVyUm9sZSIsIlJldHJpZXZlSW5kaXZpZHVhbCIsImNzciIsIkNoYW5nZU93bmVyc2hpcFJvbGUiLCJHZXRJbmRpdmlkdWFsIiwiR2V0Q3VzdG9tZXJFbnRpdHkiLCJBbm9ueW1vdXNVc2VyUm9sZSIsIkRlbGV0ZUluZGl2aWR1YWwiLCJDcmVhdGVDdXN0b21lciIsIlVwZGF0ZUNyZWRpdFByb2ZpbGUiLCJEZWxldGVDcmVkaXRQcm9maWxlIiwiUHJvZHVjdE9yZGVyTGF1bmNoZXJSZWFkIiwiQ2F0YWxvZ09uZS5pbXBvcnRlciIsIlJldHJpZXZlQ3VzdG9tZXIiLCJSZXRyZWl2ZVBheW1lbnRNZXRob2QiLCJQQVAtQ29tbW9uIl0sImN1c3RvbWVySWQiOiJDdXN0b21lcl80MDMwOCIsImlzcyI6IkEzU1pvbmUxQEEzUy5hbWRvY3MuY29tIiwib2l0IjoxNTM3MjYzNjYxLCJzYWxlc0NoYW5uZWwiOiJTZWxmU2VydmljZSIsImV4cCI6MTUzNzI3MDg2MSwiaWF0IjoxNTM3MjYzNjYxLCJ0dGwiOjE1MzcyOTI0NjEsImp0aSI6ImNlZTlmNmY1YWU1MTZjZTJiZmU4MWMzZWZkZTgzNjAwYjVhMmY4YTg4ZWE3ODk5MTM0YTExMTYzZWFlYjRkNjIifQ.dXtXc2kNxzUZdfDBdmw81e8Jmr0wtZpsePmvqE8HNiHKSAT4IpfkW6VsAi7oSe8-ID3bbPGkDWh0U7lctqxX9hB7LCEXGamt7hrgC38MOZeLXSicig1O_0_IIIFVc9b5T_G9Zfy0XF8KQyWC7FksN3NxUU8gNr7ck-ZUkmKEDV1FoyfsTZgQDAthv3FU3nOnyd_rQ33EKQFbpHmvbm3gmz4pb1liY5xkUeGM_Eh0gq7oTeg7BiR0rrZoHktCgJzKexvhupLADp_a-qW9p0GMcbemj7GafZ0MWDOeBN4kXfXbw3AxBAjfyP9s5_SLzjdexfDoczneyYF4sCrPwxtxWg]]>
    </line>
    <line>
      <![CDATA[</div>]]>
    </line>
    <line>
      <![CDATA[</div>]]>
    </line>
    <line>
      <![CDATA[</div>]]>
    </line>
    <line>
      <![CDATA[</div>]]>
    </line>
    <line>
      <![CDATA[</td>]]>
    </line>
    <line>
      <![CDATA[</tr>]]>
    </line>
    <line>
      <![CDATA[<tr><td class="text-dark font-weight-bold">Custom-Header </td><td class="" > {"salesChannel":"SelfService","customerId":"Customer_40308","sessionId":"835562110"} </td></tr>]]>
    </line>
    <line>
      <![CDATA[<tr><td class="text-dark font-weight-bold">Accept-Language </td><td class="" > en_US </td></tr>]]>
    </line>
    <line>
      <![CDATA[<tr><td class="text-dark font-weight-bold">Content-Type </td><td class="" > application/json </td></tr>]]>
    </line>
    <line>
      <![CDATA[<tr>]]>
    </line>
    <line>
      <![CDATA[<td class="text-dark font-weight-bold" >Payload :</td>]]>
    </line>
    <line>
      <![CDATA[<td class="" >]]>
    </line>
    <line>
      <![CDATA[<a href="" class="alert-link" data-toggle="modal" data-target="#rest_assured_logger_modal_value_98">Show</a>]]>
    </line>
    <line>
      <![CDATA[<div class="modal fade"  id="rest_assured_logger_modal_value_98" tabindex="-1" role="dialog">]]>
    </line>
    <line>
      <![CDATA[<div class="modal-dialog" role="document">]]>
    </line>
    <line>
      <![CDATA[<div class="modal-content">]]>
    </line>
    <line>
      <![CDATA[<div class="modal-header text-white bg-info">]]>
    </line>
    <line>
      <![CDATA[<h5 class="modal-title" id="title1">Payload</h5>]]>
    </line>
    <line>
      <![CDATA[<span class="h6 text-light ml-2 mt-2">(click on the Text to copy)</span>]]>
    </line>
    <line>
      <![CDATA[<button type="button" class="close" data-dismiss="modal" aria-label="Close">]]>
    </line>
    <line>
      <![CDATA[<span aria-hidden="true">&times;</span>]]>
    </line>
    <line>
      <![CDATA[</button>]]>
    </line>
    <line>
      <![CDATA[</div>]]>
    </line>
    <line>
      <![CDATA[<div onClick="copyMePlease(this)" class="modal-body">]]>
    </line>
    <line>
      <![CDATA[None]]>
    </line>
    <line>
      <![CDATA[</div>]]>
    </line>
    <line>
      <![CDATA[</div>]]>
    </line>
    <line>
      <![CDATA[</div>]]>
    </line>
    <line>
      <![CDATA[</div>]]>
    </line>
    <line>
      <![CDATA[</td>]]>
    </line>
    <line>
      <![CDATA[</tr>]]>
    </line>
    <line>
      <![CDATA[<tr>]]>
    </line>
    <line>
      <![CDATA[<td class="text-dark font-weight-bold" >Response Header :</td>]]>
    </line>
    <line>
      <![CDATA[<td class="" >]]>
    </line>
    <line>
      <![CDATA[<a href="" class="alert-link" data-toggle="modal" data-target="#modal_value_33">Show</a>]]>
    </line>
    <line>
      <![CDATA[<div class="modal fade"  id="modal_value_33" tabindex="-1" role="dialog">]]>
    </line>
    <line>
      <![CDATA[<div class="modal-dialog" role="document">]]>
    </line>
    <line>
      <![CDATA[<div class="modal-content">]]>
    </line>
    <line>
      <![CDATA[<div class="modal-header text-white bg-info">]]>
    </line>
    <line>
      <![CDATA[<h5 class="modal-title" id="title1">Response Header</h5>]]>
    </line>
    <line>
      <![CDATA[<span class="h6 text-light ml-2 mt-2">(click on the Text to copy)</span>]]>
    </line>
    <line>
      <![CDATA[<button type="button" class="close" data-dismiss="modal" aria-label="Close">]]>
    </line>
    <line>
      <![CDATA[<span aria-hidden="true">&times;</span>]]>
    </line>
    <line>
      <![CDATA[</button>]]>
    </line>
    <line>
      <![CDATA[</div>]]>
    </line>
    <line>
      <![CDATA[<div onClick="copyMePlease(this)" class="modal-body">]]>
    </line>
    <line>
      <![CDATA[X-Application-Context=pod-productoffering-ms:8080
	X-Content-Type-Options=nosniff
	X-XSS-Protection=1; mode=block
	Cache-Control=no-cache, no-store, max-age=0, must-revalidate
	Pragma=no-cache
	Expires=0
	X-Frame-Options=DENY
	Content-Type=application/json;charset=UTF-8
	Transfer-Encoding=chunked
	Date=Tue, 18 Sep 2018 09:41:02 GMT]]>
    </line>
    <line>
      <![CDATA[</div>]]>
    </line>
    <line>
      <![CDATA[</div>]]>
    </line>
    <line>
      <![CDATA[</div>]]>
    </line>
    <line>
      <![CDATA[</div>]]>
    </line>
    <line>
      <![CDATA[</td>]]>
    </line>
    <line>
      <![CDATA[</tr>]]>
    </line>
    <line>
      <![CDATA[<tr>]]>
    </line>
    <line>
      <![CDATA[<td class="text-dark font-weight-bold" >Response :</td>]]>
    </line>
    <line>
      <![CDATA[<td class="" >]]>
    </line>
    <line>
      <![CDATA[<a href="" class="alert-link" data-toggle="modal" data-target="#rest_assured_logger_modal_value_99">Show</a>]]>
    </line>
    <line>
      <![CDATA[<div class="modal fade"  id="rest_assured_logger_modal_value_99" tabindex="-1" role="dialog">]]>
    </line>
    <line>
      <![CDATA[<div class="modal-dialog" role="document">]]>
    </line>
    <line>
      <![CDATA[<div class="modal-content">]]>
    </line>
    <line>
      <![CDATA[<div class="modal-header text-white bg-info">]]>
    </line>
    <line>
      <![CDATA[<h5 class="modal-title" id="title1">Response</h5>]]>
    </line>
    <line>
      <![CDATA[<span class="h6 text-light ml-2 mt-2">(click on the Text to copy)</span>]]>
    </line>
    <line>
      <![CDATA[<button type="button" class="close" data-dismiss="modal" aria-label="Close">]]>
    </line>
    <line>
      <![CDATA[<span aria-hidden="true">&times;</span>]]>
    </line>
    <line>
      <![CDATA[</button>]]>
    </line>
    <line>
      <![CDATA[</div>]]>
    </line>
    <line>
      <![CDATA[<div onClick="copyMePlease(this)" class="modal-body">]]>
    </line>
    <line>
      <![CDATA[[{"id":"e5790aab9f5840a593a0bfc262eddaa5","href":null,"name":null,"localizedName":"Samsung Galaxy S6 128GB White Pearl","description":"The S6 is an evolution of the prior year's model","isBundle":false,"paymentMngType":null,"validFor":{"startDateTime":"2017-01-02T00:00:00Z","endDateTime":null},"productOfferingType":"Mobile_Device","isTopItem":null,"isEnabledBy":false,"valueRank":65,"productOfferingCharacteristic":[{"name":"Available_Shipping_Options","localizedName":"Available Shipping Options","valueType":"String","value":[{"default":true,"value":"Courier","localizedValue":"Courier","valueFrom":"0","valueTo":"0","unitOfMeasure":null}],"productSpecification":null},{"name":"Plan_Options","localizedName":"Plan Options","valueType":"String","value":[{"default":true,"value":"With_Plan","localizedValue":"With Plan","valueFrom":"0","valueTo":"0","unitOfMeasure":null}],"productSpecification":null},{"name":"Purchase_Options","localizedName":"Purchase Options","valueType":"String","value":[{"default":true,"value":"Installments","localizedValue":"Installments","valueFrom":"0","valueTo":"0","unitOfMeasure":null}],"productSpecification":null},{"name":"Brand","localizedName":"Brand","valueType":"String","value":[{"default":true,"value":"Samsung","localizedValue":"Samsung","valueFrom":"0","valueTo":"0","unitOfMeasure":null}],"productSpecification":"b70c936af809406d9259971e14314f0d"},{"name":"Model","localizedName":"Model","valueType":"String","value":[{"default":true,"value":"Galaxy_S6","localizedValue":"Galaxy S6","valueFrom":"0","valueTo":"0","unitOfMeasure":null}],"productSpecification":"b70c936af809406d9259971e14314f0d"},{"name":"Device_Type","localizedName":"Device Type","valueType":"String","value":[{"default":true,"value":"Smartphone","localizedValue":"Smart Phone","valueFrom":"0","valueTo":"0","unitOfMeasure":null}],"productSpecification":"b70c936af809406d9259971e14314f0d"},{"name":"SIM_Type","localizedName":"SIM Type","valueType":"String","value":[{"default":true,"value":"Nano_SIM","localizedValue":"Nano SIM","valueFrom":"0","valueTo":"0","unitOfMeasure":null}],"productSpecification":"b70c936af809406d9259971e14314f0d"},{"name":"Warranty_Duration","localizedName":"Warranty Duration","valueType":"Integer","value":[{"default":true,"value":"12","localizedValue":"12 Months","valueFrom":"0","valueTo":"0","unitOfMeasure":null}],"productSpecification":"b70c936af809406d9259971e14314f0d"},{"name":"Color","localizedName":"Color","valueType":"String","value":[{"default":true,"value":"White_Pearl","localizedValue":"White Pearl","valueFrom":"0","valueTo":"0","unitOfMeasure":null}],"productSpecification":"b70c936af809406d9259971e14314f0d"},{"name":"Weight","localizedName":"Weight","valueType":"String","value":[{"default":true,"value":"138_gr","localizedValue":"138 gr","valueFrom":"0","valueTo":"0","unitOfMeasure":null}],"productSpecification":"b70c936af809406d9259971e14314f0d"},{"name":"Operating_System","localizedName":"Operating System","valueType":"String","value":[{"default":true,"value":"Android","localizedValue":"Android","valueFrom":"0","valueTo":"0","unitOfMeasure":null}],"productSpecification":"b70c936af809406d9259971e14314f0d"},{"name":"Memory_Size","localizedName":"Memory Size","valueType":"String","value":[{"default":true,"value":"128GB","localizedValue":"128 GB","valueFrom":"0","valueTo":"0","unitOfMeasure":null}],"productSpecification":"b70c936af809406d9259971e14314f0d"},{"name":"Screen_Size","localizedName":"Screen Size","valueType":"String","value":[{"default":true,"value":"5.1_in","localizedValue":"5.1 in","valueFrom":"0","valueTo":"0","unitOfMeasure":null}],"productSpecification":"b70c936af809406d9259971e14314f0d"},{"name":"IMEI","localizedName":"IMEI","valueType":"String","value":[],"productSpecification":"b70c936af809406d9259971e14314f0d"},{"name":"Delivery_Method","localizedName":"Delivery Method","valueType":"String","value":[{"default":true,"value":"Indirect_Delivery_Shipping","localizedValue":"Indirect Delivery- Shipping","valueFrom":"0","valueTo":"0","unitOfMeasure":null},{"default":false,"value":"Pick_up_in_store","localizedValue":"Pick up in store","valueFrom":"0","valueTo":"0","unitOfMeasure":null},{"default":false,"value":"Direct_Delivery_In_Customer_Hand","localizedValue":"Direct Delivery- In Customer Hand","valueFrom":"0","valueTo":"0","unitOfMeasure":null}],"productSpecification":"b70c936af809406d9259971e14314f0d"},{"name":"SKU","localizedName":"SKU","valueType":"String","value":[{"default":true,"value":"10055GLXY6128WP","localizedValue":"10055GLXY6128WP","valueFrom":"0","valueTo":"0","unitOfMeasure":null}],"productSpecification":"b70c936af809406d9259971e14314f0d"},{"name":"Size","localizedName":"Size","valueType":"String","value":[{"default":true,"value":"143.4x70.5x6.8","localizedValue":"143.4 x 70.5 x 6.8mm","valueFrom":"0","valueTo":"0","unitOfMeasure":null}],"productSpecification":"b70c936af809406d9259971e14314f0d"},{"name":"CameraResolution","localizedName":"Camera Resolution","valueType":"String","value":[{"default":true,"value":"16","localizedValue":"16MP","valueFrom":"0","valueTo":"0","unitOfMeasure":null}],"productSpecification":"b70c936af809406d9259971e14314f0d"}],"bundledProductOffering":[],"bundledProdOfferGroupOption":[],"variantGroup":null,"itemTotalPrice":[{"id":null,"name":null,"description":null,"priceType":"OC","unitOfMeasure":null,"recurringChargePeriod":null,"price":{"taxIncludedAmount":{"unit":"USD","value":713.9},"dutyFreeAmount":{"unit":"USD","value":649},"taxAmount":{"unit":"USD","value":64.9},"taxRate":10.0,"percentage":null,"priceReduction":null,"priceOverride":null},"finalPrice":{"taxIncludedAmount":{"unit":"USD","value":713.9},"dutyFreeAmount":{"unit":"USD","value":649},"taxAmount":{"unit":"USD","value":64.9},"taxRate":10.0,"percentage":null,"priceReduction":null,"priceOverride":null},"standalonePrice":{"taxIncludedAmount":null,"dutyFreeAmount":null,"taxAmount":null,"taxRate":null,"percentage":null,"priceReduction":null,"priceOverride":null},"priceAlteration":[]}],"itemPrice":[{"id":"8bf0f45cc38d4a6982c7f0c2f0012335","name":"Samsung Galaxy S6 128GB White Pearl charge","description":"SIM card charge per SIM type","priceType":"OC","unitOfMeasure":null,"recurringChargePeriod":null,"price":{"taxIncludedAmount":{"unit":"USD","value":713.9},"dutyFreeAmount":{"unit":"USD","value":649},"taxAmount":{"unit":"USD","value":64.9},"taxRate":10.0,"percentage":null,"priceReduction":null,"priceOverride":null},"finalPrice":{"taxIncludedAmount":{"unit":"USD","value":713.9},"dutyFreeAmount":{"unit":"USD","value":649},"taxAmount":{"unit":"USD","value":64.9},"taxRate":10.0,"percentage":null,"priceReduction":null,"priceOverride":null},"standalonePrice":{"taxIncludedAmount":null,"dutyFreeAmount":null,"taxAmount":null,"taxRate":null,"percentage":null,"priceReduction":null,"priceOverride":null},"priceAlteration":[]}],"productOfferingTerm":[],"attachment":[{"name":"Galaxy6_white_Perl.png","type":"image","description":null,"url":"http://portfolio1srv.corp.amdocs.com/Galaxy6_white_Perl.png","mimeType":"image/png"}],"immediatePromotion":[],"relatedImmediatePromotion":[],"stock":[]}]]]>
    </line>
    <line>
      <![CDATA[</div>]]>
    </line>
    <line>
      <![CDATA[</div>]]>
    </line>
    <line>
      <![CDATA[</div>]]>
    </line>
    <line>
      <![CDATA[</div>]]>
    </line>
    <line>
      <![CDATA[</td>]]>
    </line>
    <line>
      <![CDATA[</tr>]]>
    </line>
    <line>
      <![CDATA[<tr class="table-warning"><td colspan="2">
 ***********************The name of the TestStep Passed is :SanityProductOfferingDetailsForGivenProductOfferingId***********************
</td></tr>]]>
    </line>
    <line>
      <![CDATA[<tr class="table-warning"><td colspan="2">
 **********************************************************************************************************************
</td></tr>]]>
    </line>
    <line>
      <![CDATA[<tr class="table-warning"><td colspan="2">
 ***********************The name of the Test Finished is :PRODUCT-OFFERING-MS_Happy_Path_Get_Product_Offering_Details***********************
</td></tr>]]>
    </line>
    <line>
      <![CDATA[<tr class="table-warning"><td colspan="2">
 /-//-//-//-//-//-//-//-//-//-//-//-//-//-//-//-//-//-//-//-/Output Parameters set in SuiteTestContext before Begining of Test /-//-//-//-//-//-//-//-//-//-//-//-//-//-//-//-//-/
</td></tr>]]>
    </line>
    <line>
      <![CDATA[<tr class="table-warning"><td colspan="2">getAllCategoriesResponse	 io.restassured.internal.RestAssuredResponseImpl@2fe88a09</td></tr>]]>
    </line>
    <line>
      <![CDATA[<tr class="table-warning"><td colspan="2">A3SUser	 authentication.a3s.A3SUser@1917d90f</td></tr>]]>
    </line>
    <line>
      <![CDATA[<tr class="table-warning"><td colspan="2">getAllCategories	 restAssuredBase.MSRest@66bfd864</td></tr>]]>
    </line>
    <line>
      <![CDATA[<tr class="table-warning"><td colspan="2">A3SUserList	 {UserIndividualSS=authentication.a3s.A3SUser@1917d90f}</td></tr>]]>
    </line>
    <line>
      <![CDATA[<tr class="table-warning"><td colspan="2">
 /-//-//-//-//-//-//-//-//-//-//-//-//-//-//-//-//-//-//-//-/Output Parameters set in TestContext before Begining of Test /-//-//-//-//-//-//-//-//-//-//-//-//-//-//-//-//-/
</td></tr>]]>
    </line>
    <line>
      <![CDATA[<tr class="table-warning"><td colspan="2">PRODUCT-OFFERING-MS_Happy_Path_Get_Product_Offering_Details_response	 null</td></tr>]]>
    </line>
    <line>
      <![CDATA[<tr class="table-warning"><td colspan="2">productOfferingDetailsResponse	 null</td></tr>]]>
    </line>
    <line>
      <![CDATA[<tr class="table-warning"><td colspan="2">
******************************************The name of the Test Started is :PRODUCT-OFFERING-MS_Wireless_Mobile_Plan_Positive_with_policy*****************************
</td></tr>]]>
    </line>
    <line>
      <![CDATA[<tr class="table-warning"><td colspan="2">
 /-//-//-//-//-//-//-//-//-//-//-//-//-//-//-//-//-//-//-//-/Input Parameters set in SuiteTestContext before Begining of Test /-//-//-//-//-//-//-//-//-//-//-//-//-//-//-//-//-/
</td></tr>]]>
    </line>
    <line>
      <![CDATA[<tr class="table-warning"><td colspan="2">getAllCategoriesResponse	 io.restassured.internal.RestAssuredResponseImpl@2fe88a09</td></tr>]]>
    </line>
    <line>
      <![CDATA[<tr class="table-warning"><td colspan="2">A3SUser	 authentication.a3s.A3SUser@1917d90f</td></tr>]]>
    </line>
    <line>
      <![CDATA[<tr class="table-warning"><td colspan="2">getAllCategories	 restAssuredBase.MSRest@66bfd864</td></tr>]]>
    </line>
    <line>
      <![CDATA[<tr class="table-warning"><td colspan="2">A3SUserList	 {UserIndividualSS=authentication.a3s.A3SUser@1917d90f}</td></tr>]]>
    </line>
    <line>
      <![CDATA[<tr class="table-warning"><td colspan="2">
 /-//-//-//-//-//-//-//-//-//-//-//-//-//-//-//-//-//-//-//-/Input Parameters set in TestContext before Begining of Test /-//-//-//-//-//-//-//-//-//-//-//-//-//-//-//-//-/
</td></tr>]]>
    </line>
    <line>
      <![CDATA[<tr class="table-warning"><td colspan="2">
 ***********************The name of the TestStep Started is :testProductOfferingDetailsForGivenProductOfferingId***********************
</td></tr>]]>
    </line>
    <line>
      <![CDATA[<tr class="table-warning"><td colspan="2">
 **********************************************************************************************************************
</td></tr>]]>
    </line>
    <line>
      <![CDATA[<tr class="table-info"><td class="text-dark font-weight-bold">Request Type </td><td class="" >GET</td></tr>]]>
    </line>
    <line>
      <![CDATA[<tr><td class="text-dark font-weight-bold">URI </td><td class="" > http://ilocpde01w02.corp.amdocs.com:35261/productOfferingDiscovery/v1/productOffering?productOfferingId=e5790aab9f5840a593a0bfc262eddaa5&salesChannel=SelfService </td></tr>]]>
    </line>
    <line>
      <![CDATA[<tr><td class="text-dark font-weight-bold" colspan="2">Headers : </td></tr>]]>
    </line>
    <line>
      <![CDATA[<tr>]]>
    </line>
    <line>
      <![CDATA[<td class="text-dark font-weight-bold" >Authorization :</td>]]>
    </line>
    <line>
      <![CDATA[<td class="" >]]>
    </line>
    <line>
      <![CDATA[<a href="" class="alert-link" data-toggle="modal" data-target="#rest_assured_logger_modal_value_100">Show</a>]]>
    </line>
    <line>
      <![CDATA[<div class="modal fade"  id="rest_assured_logger_modal_value_100" tabindex="-1" role="dialog">]]>
    </line>
    <line>
      <![CDATA[<div class="modal-dialog" role="document">]]>
    </line>
    <line>
      <![CDATA[<div class="modal-content">]]>
    </line>
    <line>
      <![CDATA[<div class="modal-header text-white bg-info">]]>
    </line>
    <line>
      <![CDATA[<h5 class="modal-title" id="title1">Authorization</h5>]]>
    </line>
    <line>
      <![CDATA[<span class="h6 text-light ml-2 mt-2">(click on the Text to copy)</span>]]>
    </line>
    <line>
      <![CDATA[<button type="button" class="close" data-dismiss="modal" aria-label="Close">]]>
    </line>
    <line>
      <![CDATA[<span aria-hidden="true">&times;</span>]]>
    </line>
    <line>
      <![CDATA[</button>]]>
    </line>
    <line>
      <![CDATA[</div>]]>
    </line>
    <line>
      <![CDATA[<div onClick="copyMePlease(this)" class="modal-body">]]>
    </line>
    <line>
      <![CDATA[Bearer eyJ4NXQjUzI1NiI6IkxEbGVvYldaYmVZcG9pb0Q0R1hrMWp3US8rUWd1MUs1eXNzQ1JpN3BtelE9IiwidHlwIjoiSldUIiwiYWxnIjoiUlMyNTYifQ.eyJzdWIiOiJBdXRvbWF0aW9uXzYxOTk2Nzg0M19JbmRpdmlkdWFsIiwicm9sZXMiOlsiQ3JlYXRlQ3VzdG9tZXJFbnRpdHkiLCJTVFMtQ29tbW9uIiwiR2V0Q3VzdG9tZXIiLCJvcmRlckNoYW5nZU93bmVyc2hpcCIsIkV2YWx1YXRlQ3JlZGl0UHJvZmlsZSIsIlNlYXJjaEluZGl2aWR1YWwiLCJXcml0ZSIsIkNyZWF0ZVBheW1lbnRNZXRob2QiLCJVcGRhdGVJbmRpdmlkdWFsIiwiQ3JlYXRlSW5kaXZpZHVhbCIsIlByb2R1Y3RPcmRlckxhdW5jaGVyVXBkYXRlIiwiQWRkUmVsYXRlZFBhcnR5IiwiUEFQLVBVIiwiUHJvZHVjdE9yZGVyTGF1bmNoZXJDcmVhdGUiLCJQcm9kdWN0T3JkZXJMYXVuY2hlckRlbGV0ZSIsIkFzbVNlcnZpY2VzQXBwSWRlbnRpdHkiLCJSZXRyaWV2ZUN1c3RvbWVyRW50aXR5IiwiQXBwVGVzdGVyUm9sZSIsIlJldHJpZXZlSW5kaXZpZHVhbCIsImNzciIsIkNoYW5nZU93bmVyc2hpcFJvbGUiLCJHZXRJbmRpdmlkdWFsIiwiR2V0Q3VzdG9tZXJFbnRpdHkiLCJBbm9ueW1vdXNVc2VyUm9sZSIsIkRlbGV0ZUluZGl2aWR1YWwiLCJDcmVhdGVDdXN0b21lciIsIlVwZGF0ZUNyZWRpdFByb2ZpbGUiLCJEZWxldGVDcmVkaXRQcm9maWxlIiwiUHJvZHVjdE9yZGVyTGF1bmNoZXJSZWFkIiwiQ2F0YWxvZ09uZS5pbXBvcnRlciIsIlJldHJpZXZlQ3VzdG9tZXIiLCJSZXRyZWl2ZVBheW1lbnRNZXRob2QiLCJQQVAtQ29tbW9uIl0sImN1c3RvbWVySWQiOiJDdXN0b21lcl80MDMwOCIsImlzcyI6IkEzU1pvbmUxQEEzUy5hbWRvY3MuY29tIiwib2l0IjoxNTM3MjYzNjYxLCJzYWxlc0NoYW5uZWwiOiJTZWxmU2VydmljZSIsImV4cCI6MTUzNzI3MDg2MSwiaWF0IjoxNTM3MjYzNjYxLCJ0dGwiOjE1MzcyOTI0NjEsImp0aSI6ImNlZTlmNmY1YWU1MTZjZTJiZmU4MWMzZWZkZTgzNjAwYjVhMmY4YTg4ZWE3ODk5MTM0YTExMTYzZWFlYjRkNjIifQ.dXtXc2kNxzUZdfDBdmw81e8Jmr0wtZpsePmvqE8HNiHKSAT4IpfkW6VsAi7oSe8-ID3bbPGkDWh0U7lctqxX9hB7LCEXGamt7hrgC38MOZeLXSicig1O_0_IIIFVc9b5T_G9Zfy0XF8KQyWC7FksN3NxUU8gNr7ck-ZUkmKEDV1FoyfsTZgQDAthv3FU3nOnyd_rQ33EKQFbpHmvbm3gmz4pb1liY5xkUeGM_Eh0gq7oTeg7BiR0rrZoHktCgJzKexvhupLADp_a-qW9p0GMcbemj7GafZ0MWDOeBN4kXfXbw3AxBAjfyP9s5_SLzjdexfDoczneyYF4sCrPwxtxWg]]>
    </line>
    <line>
      <![CDATA[</div>]]>
    </line>
    <line>
      <![CDATA[</div>]]>
    </line>
    <line>
      <![CDATA[</div>]]>
    </line>
    <line>
      <![CDATA[</div>]]>
    </line>
    <line>
      <![CDATA[</td>]]>
    </line>
    <line>
      <![CDATA[</tr>]]>
    </line>
    <line>
      <![CDATA[<tr><td class="text-dark font-weight-bold">Custom-Header </td><td class="" > {"salesChannel":"SelfService","customerId":"Customer_40308","sessionId":"154565559"} </td></tr>]]>
    </line>
    <line>
      <![CDATA[<tr><td class="text-dark font-weight-bold">Accept-Language </td><td class="" > en_US </td></tr>]]>
    </line>
    <line>
      <![CDATA[<tr><td class="text-dark font-weight-bold">Content-Type </td><td class="" > application/json </td></tr>]]>
    </line>
    <line>
      <![CDATA[<tr>]]>
    </line>
    <line>
      <![CDATA[<td class="text-dark font-weight-bold" >Payload :</td>]]>
    </line>
    <line>
      <![CDATA[<td class="" >]]>
    </line>
    <line>
      <![CDATA[<a href="" class="alert-link" data-toggle="modal" data-target="#rest_assured_logger_modal_value_101">Show</a>]]>
    </line>
    <line>
      <![CDATA[<div class="modal fade"  id="rest_assured_logger_modal_value_101" tabindex="-1" role="dialog">]]>
    </line>
    <line>
      <![CDATA[<div class="modal-dialog" role="document">]]>
    </line>
    <line>
      <![CDATA[<div class="modal-content">]]>
    </line>
    <line>
      <![CDATA[<div class="modal-header text-white bg-info">]]>
    </line>
    <line>
      <![CDATA[<h5 class="modal-title" id="title1">Payload</h5>]]>
    </line>
    <line>
      <![CDATA[<span class="h6 text-light ml-2 mt-2">(click on the Text to copy)</span>]]>
    </line>
    <line>
      <![CDATA[<button type="button" class="close" data-dismiss="modal" aria-label="Close">]]>
    </line>
    <line>
      <![CDATA[<span aria-hidden="true">&times;</span>]]>
    </line>
    <line>
      <![CDATA[</button>]]>
    </line>
    <line>
      <![CDATA[</div>]]>
    </line>
    <line>
      <![CDATA[<div onClick="copyMePlease(this)" class="modal-body">]]>
    </line>
    <line>
      <![CDATA[None]]>
    </line>
    <line>
      <![CDATA[</div>]]>
    </line>
    <line>
      <![CDATA[</div>]]>
    </line>
    <line>
      <![CDATA[</div>]]>
    </line>
    <line>
      <![CDATA[</div>]]>
    </line>
    <line>
      <![CDATA[</td>]]>
    </line>
    <line>
      <![CDATA[</tr>]]>
    </line>
    <line>
      <![CDATA[<tr>]]>
    </line>
    <line>
      <![CDATA[<td class="text-dark font-weight-bold" >Response Header :</td>]]>
    </line>
    <line>
      <![CDATA[<td class="" >]]>
    </line>
    <line>
      <![CDATA[<a href="" class="alert-link" data-toggle="modal" data-target="#modal_value_34">Show</a>]]>
    </line>
    <line>
      <![CDATA[<div class="modal fade"  id="modal_value_34" tabindex="-1" role="dialog">]]>
    </line>
    <line>
      <![CDATA[<div class="modal-dialog" role="document">]]>
    </line>
    <line>
      <![CDATA[<div class="modal-content">]]>
    </line>
    <line>
      <![CDATA[<div class="modal-header text-white bg-info">]]>
    </line>
    <line>
      <![CDATA[<h5 class="modal-title" id="title1">Response Header</h5>]]>
    </line>
    <line>
      <![CDATA[<span class="h6 text-light ml-2 mt-2">(click on the Text to copy)</span>]]>
    </line>
    <line>
      <![CDATA[<button type="button" class="close" data-dismiss="modal" aria-label="Close">]]>
    </line>
    <line>
      <![CDATA[<span aria-hidden="true">&times;</span>]]>
    </line>
    <line>
      <![CDATA[</button>]]>
    </line>
    <line>
      <![CDATA[</div>]]>
    </line>
    <line>
      <![CDATA[<div onClick="copyMePlease(this)" class="modal-body">]]>
    </line>
    <line>
      <![CDATA[X-Application-Context=pod-productoffering-ms:8080
	X-Content-Type-Options=nosniff
	X-XSS-Protection=1; mode=block
	Cache-Control=no-cache, no-store, max-age=0, must-revalidate
	Pragma=no-cache
	Expires=0
	X-Frame-Options=DENY
	Content-Type=application/json;charset=UTF-8
	Transfer-Encoding=chunked
	Date=Tue, 18 Sep 2018 09:41:02 GMT]]>
    </line>
    <line>
      <![CDATA[</div>]]>
    </line>
    <line>
      <![CDATA[</div>]]>
    </line>
    <line>
      <![CDATA[</div>]]>
    </line>
    <line>
      <![CDATA[</div>]]>
    </line>
    <line>
      <![CDATA[</td>]]>
    </line>
    <line>
      <![CDATA[</tr>]]>
    </line>
    <line>
      <![CDATA[<tr>]]>
    </line>
    <line>
      <![CDATA[<td class="text-dark font-weight-bold" >Response :</td>]]>
    </line>
    <line>
      <![CDATA[<td class="" >]]>
    </line>
    <line>
      <![CDATA[<a href="" class="alert-link" data-toggle="modal" data-target="#rest_assured_logger_modal_value_102">Show</a>]]>
    </line>
    <line>
      <![CDATA[<div class="modal fade"  id="rest_assured_logger_modal_value_102" tabindex="-1" role="dialog">]]>
    </line>
    <line>
      <![CDATA[<div class="modal-dialog" role="document">]]>
    </line>
    <line>
      <![CDATA[<div class="modal-content">]]>
    </line>
    <line>
      <![CDATA[<div class="modal-header text-white bg-info">]]>
    </line>
    <line>
      <![CDATA[<h5 class="modal-title" id="title1">Response</h5>]]>
    </line>
    <line>
      <![CDATA[<span class="h6 text-light ml-2 mt-2">(click on the Text to copy)</span>]]>
    </line>
    <line>
      <![CDATA[<button type="button" class="close" data-dismiss="modal" aria-label="Close">]]>
    </line>
    <line>
      <![CDATA[<span aria-hidden="true">&times;</span>]]>
    </line>
    <line>
      <![CDATA[</button>]]>
    </line>
    <line>
      <![CDATA[</div>]]>
    </line>
    <line>
      <![CDATA[<div onClick="copyMePlease(this)" class="modal-body">]]>
    </line>
    <line>
      <![CDATA[[{"id":"e5790aab9f5840a593a0bfc262eddaa5","href":null,"name":null,"localizedName":"Samsung Galaxy S6 128GB White Pearl","description":"The S6 is an evolution of the prior year's model","isBundle":false,"paymentMngType":null,"validFor":{"startDateTime":"2017-01-02T00:00:00Z","endDateTime":null},"productOfferingType":"Mobile_Device","isTopItem":null,"isEnabledBy":false,"valueRank":65,"productOfferingCharacteristic":[{"name":"Available_Shipping_Options","localizedName":"Available Shipping Options","valueType":"String","value":[{"default":true,"value":"Courier","localizedValue":"Courier","valueFrom":"0","valueTo":"0","unitOfMeasure":null}],"productSpecification":null},{"name":"Plan_Options","localizedName":"Plan Options","valueType":"String","value":[{"default":true,"value":"With_Plan","localizedValue":"With Plan","valueFrom":"0","valueTo":"0","unitOfMeasure":null}],"productSpecification":null},{"name":"Purchase_Options","localizedName":"Purchase Options","valueType":"String","value":[{"default":true,"value":"Installments","localizedValue":"Installments","valueFrom":"0","valueTo":"0","unitOfMeasure":null}],"productSpecification":null},{"name":"Brand","localizedName":"Brand","valueType":"String","value":[{"default":true,"value":"Samsung","localizedValue":"Samsung","valueFrom":"0","valueTo":"0","unitOfMeasure":null}],"productSpecification":"b70c936af809406d9259971e14314f0d"},{"name":"Model","localizedName":"Model","valueType":"String","value":[{"default":true,"value":"Galaxy_S6","localizedValue":"Galaxy S6","valueFrom":"0","valueTo":"0","unitOfMeasure":null}],"productSpecification":"b70c936af809406d9259971e14314f0d"},{"name":"Device_Type","localizedName":"Device Type","valueType":"String","value":[{"default":true,"value":"Smartphone","localizedValue":"Smart Phone","valueFrom":"0","valueTo":"0","unitOfMeasure":null}],"productSpecification":"b70c936af809406d9259971e14314f0d"},{"name":"SIM_Type","localizedName":"SIM Type","valueType":"String","value":[{"default":true,"value":"Nano_SIM","localizedValue":"Nano SIM","valueFrom":"0","valueTo":"0","unitOfMeasure":null}],"productSpecification":"b70c936af809406d9259971e14314f0d"},{"name":"Warranty_Duration","localizedName":"Warranty Duration","valueType":"Integer","value":[{"default":true,"value":"12","localizedValue":"12 Months","valueFrom":"0","valueTo":"0","unitOfMeasure":null}],"productSpecification":"b70c936af809406d9259971e14314f0d"},{"name":"Color","localizedName":"Color","valueType":"String","value":[{"default":true,"value":"White_Pearl","localizedValue":"White Pearl","valueFrom":"0","valueTo":"0","unitOfMeasure":null}],"productSpecification":"b70c936af809406d9259971e14314f0d"},{"name":"Weight","localizedName":"Weight","valueType":"String","value":[{"default":true,"value":"138_gr","localizedValue":"138 gr","valueFrom":"0","valueTo":"0","unitOfMeasure":null}],"productSpecification":"b70c936af809406d9259971e14314f0d"},{"name":"Operating_System","localizedName":"Operating System","valueType":"String","value":[{"default":true,"value":"Android","localizedValue":"Android","valueFrom":"0","valueTo":"0","unitOfMeasure":null}],"productSpecification":"b70c936af809406d9259971e14314f0d"},{"name":"Memory_Size","localizedName":"Memory Size","valueType":"String","value":[{"default":true,"value":"128GB","localizedValue":"128 GB","valueFrom":"0","valueTo":"0","unitOfMeasure":null}],"productSpecification":"b70c936af809406d9259971e14314f0d"},{"name":"Screen_Size","localizedName":"Screen Size","valueType":"String","value":[{"default":true,"value":"5.1_in","localizedValue":"5.1 in","valueFrom":"0","valueTo":"0","unitOfMeasure":null}],"productSpecification":"b70c936af809406d9259971e14314f0d"},{"name":"IMEI","localizedName":"IMEI","valueType":"String","value":[],"productSpecification":"b70c936af809406d9259971e14314f0d"},{"name":"Delivery_Method","localizedName":"Delivery Method","valueType":"String","value":[{"default":true,"value":"Indirect_Delivery_Shipping","localizedValue":"Indirect Delivery- Shipping","valueFrom":"0","valueTo":"0","unitOfMeasure":null},{"default":false,"value":"Pick_up_in_store","localizedValue":"Pick up in store","valueFrom":"0","valueTo":"0","unitOfMeasure":null},{"default":false,"value":"Direct_Delivery_In_Customer_Hand","localizedValue":"Direct Delivery- In Customer Hand","valueFrom":"0","valueTo":"0","unitOfMeasure":null}],"productSpecification":"b70c936af809406d9259971e14314f0d"},{"name":"SKU","localizedName":"SKU","valueType":"String","value":[{"default":true,"value":"10055GLXY6128WP","localizedValue":"10055GLXY6128WP","valueFrom":"0","valueTo":"0","unitOfMeasure":null}],"productSpecification":"b70c936af809406d9259971e14314f0d"},{"name":"Size","localizedName":"Size","valueType":"String","value":[{"default":true,"value":"143.4x70.5x6.8","localizedValue":"143.4 x 70.5 x 6.8mm","valueFrom":"0","valueTo":"0","unitOfMeasure":null}],"productSpecification":"b70c936af809406d9259971e14314f0d"},{"name":"CameraResolution","localizedName":"Camera Resolution","valueType":"String","value":[{"default":true,"value":"16","localizedValue":"16MP","valueFrom":"0","valueTo":"0","unitOfMeasure":null}],"productSpecification":"b70c936af809406d9259971e14314f0d"}],"bundledProductOffering":[],"bundledProdOfferGroupOption":[],"variantGroup":null,"itemTotalPrice":[{"id":null,"name":null,"description":null,"priceType":"OC","unitOfMeasure":null,"recurringChargePeriod":null,"price":{"taxIncludedAmount":{"unit":"USD","value":713.9},"dutyFreeAmount":{"unit":"USD","value":649},"taxAmount":{"unit":"USD","value":64.9},"taxRate":10.0,"percentage":null,"priceReduction":null,"priceOverride":null},"finalPrice":{"taxIncludedAmount":{"unit":"USD","value":713.9},"dutyFreeAmount":{"unit":"USD","value":649},"taxAmount":{"unit":"USD","value":64.9},"taxRate":10.0,"percentage":null,"priceReduction":null,"priceOverride":null},"standalonePrice":{"taxIncludedAmount":null,"dutyFreeAmount":null,"taxAmount":null,"taxRate":null,"percentage":null,"priceReduction":null,"priceOverride":null},"priceAlteration":[]}],"itemPrice":[{"id":"8bf0f45cc38d4a6982c7f0c2f0012335","name":"Samsung Galaxy S6 128GB White Pearl charge","description":"SIM card charge per SIM type","priceType":"OC","unitOfMeasure":null,"recurringChargePeriod":null,"price":{"taxIncludedAmount":{"unit":"USD","value":713.9},"dutyFreeAmount":{"unit":"USD","value":649},"taxAmount":{"unit":"USD","value":64.9},"taxRate":10.0,"percentage":null,"priceReduction":null,"priceOverride":null},"finalPrice":{"taxIncludedAmount":{"unit":"USD","value":713.9},"dutyFreeAmount":{"unit":"USD","value":649},"taxAmount":{"unit":"USD","value":64.9},"taxRate":10.0,"percentage":null,"priceReduction":null,"priceOverride":null},"standalonePrice":{"taxIncludedAmount":null,"dutyFreeAmount":null,"taxAmount":null,"taxRate":null,"percentage":null,"priceReduction":null,"priceOverride":null},"priceAlteration":[]}],"productOfferingTerm":[],"attachment":[{"name":"Galaxy6_white_Perl.png","type":"image","description":null,"url":"http://portfolio1srv.corp.amdocs.com/Galaxy6_white_Perl.png","mimeType":"image/png"}],"immediatePromotion":[],"relatedImmediatePromotion":[],"stock":[]}]]]>
    </line>
    <line>
      <![CDATA[</div>]]>
    </line>
    <line>
      <![CDATA[</div>]]>
    </line>
    <line>
      <![CDATA[</div>]]>
    </line>
    <line>
      <![CDATA[</div>]]>
    </line>
    <line>
      <![CDATA[</td>]]>
    </line>
    <line>
      <![CDATA[</tr>]]>
    </line>
    <line>
      <![CDATA[<tr class="table-success"><td colspan="2">Response status: expected=200 actual=200; Value: true</td></tr>]]>
    </line>
    <line>
      <![CDATA[<tr class="table-warning"><td colspan="2">
 ***********************The name of the TestStep Passed is :testProductOfferingDetailsForGivenProductOfferingId***********************
</td></tr>]]>
    </line>
    <line>
      <![CDATA[<tr class="table-warning"><td colspan="2">
 **********************************************************************************************************************
</td></tr>]]>
    </line>
    <line>
      <![CDATA[<tr class="table-warning"><td colspan="2">
 ***********************The name of the Test Finished is :PRODUCT-OFFERING-MS_Wireless_Mobile_Plan_Positive_with_policy***********************
</td></tr>]]>
    </line>
    <line>
      <![CDATA[<tr class="table-warning"><td colspan="2">
 /-//-//-//-//-//-//-//-//-//-//-//-//-//-//-//-//-//-//-//-/Output Parameters set in SuiteTestContext before Begining of Test /-//-//-//-//-//-//-//-//-//-//-//-//-//-//-//-//-/
</td></tr>]]>
    </line>
    <line>
      <![CDATA[<tr class="table-warning"><td colspan="2">getAllCategoriesResponse	 io.restassured.internal.RestAssuredResponseImpl@2fe88a09</td></tr>]]>
    </line>
    <line>
      <![CDATA[<tr class="table-warning"><td colspan="2">A3SUser	 authentication.a3s.A3SUser@1917d90f</td></tr>]]>
    </line>
    <line>
      <![CDATA[<tr class="table-warning"><td colspan="2">getAllCategories	 restAssuredBase.MSRest@66bfd864</td></tr>]]>
    </line>
    <line>
      <![CDATA[<tr class="table-warning"><td colspan="2">A3SUserList	 {UserIndividualSS=authentication.a3s.A3SUser@1917d90f}</td></tr>]]>
    </line>
    <line>
      <![CDATA[<tr class="table-warning"><td colspan="2">
 /-//-//-//-//-//-//-//-//-//-//-//-//-//-//-//-//-//-//-//-/Output Parameters set in TestContext before Begining of Test /-//-//-//-//-//-//-//-//-//-//-//-//-//-//-//-//-/
</td></tr>]]>
    </line>
    <line>
      <![CDATA[<tr class="table-warning"><td colspan="2">PRODUCT-OFFERING-MS_Wireless_Mobile_Plan_Positive_with_policy_response	 null</td></tr>]]>
    </line>
    <line>
      <![CDATA[<tr class="table-warning"><td colspan="2">
******************************************The name of the Test Started is :PRODUCT-OFFERING-MS_Device_Positive*****************************
</td></tr>]]>
    </line>
    <line>
      <![CDATA[<tr class="table-warning"><td colspan="2">
 /-//-//-//-//-//-//-//-//-//-//-//-//-//-//-//-//-//-//-//-/Input Parameters set in SuiteTestContext before Begining of Test /-//-//-//-//-//-//-//-//-//-//-//-//-//-//-//-//-/
</td></tr>]]>
    </line>
    <line>
      <![CDATA[<tr class="table-warning"><td colspan="2">getAllCategoriesResponse	 io.restassured.internal.RestAssuredResponseImpl@2fe88a09</td></tr>]]>
    </line>
    <line>
      <![CDATA[<tr class="table-warning"><td colspan="2">A3SUser	 authentication.a3s.A3SUser@1917d90f</td></tr>]]>
    </line>
    <line>
      <![CDATA[<tr class="table-warning"><td colspan="2">getAllCategories	 restAssuredBase.MSRest@66bfd864</td></tr>]]>
    </line>
    <line>
      <![CDATA[<tr class="table-warning"><td colspan="2">A3SUserList	 {UserIndividualSS=authentication.a3s.A3SUser@1917d90f}</td></tr>]]>
    </line>
    <line>
      <![CDATA[<tr class="table-warning"><td colspan="2">
 /-//-//-//-//-//-//-//-//-//-//-//-//-//-//-//-//-//-//-//-/Input Parameters set in TestContext before Begining of Test /-//-//-//-//-//-//-//-//-//-//-//-//-//-//-//-//-/
</td></tr>]]>
    </line>
    <line>
      <![CDATA[<tr class="table-warning"><td colspan="2">
 ***********************The name of the TestStep Started is :testProductOfferingDetailsForGivenProductOfferingId***********************
</td></tr>]]>
    </line>
    <line>
      <![CDATA[<tr class="table-warning"><td colspan="2">
 **********************************************************************************************************************
</td></tr>]]>
    </line>
    <line>
      <![CDATA[<tr class="table-info"><td class="text-dark font-weight-bold">Request Type </td><td class="" >GET</td></tr>]]>
    </line>
    <line>
      <![CDATA[<tr><td class="text-dark font-weight-bold">URI </td><td class="" > http://ilocpde01w02.corp.amdocs.com:35261/productOfferingDiscovery/v1/productOffering?productOfferingId=7cdbeb046d9c4e678acd70d677ed7163&salesChannel=SelfService </td></tr>]]>
    </line>
    <line>
      <![CDATA[<tr><td class="text-dark font-weight-bold" colspan="2">Headers : </td></tr>]]>
    </line>
    <line>
      <![CDATA[<tr>]]>
    </line>
    <line>
      <![CDATA[<td class="text-dark font-weight-bold" >Authorization :</td>]]>
    </line>
    <line>
      <![CDATA[<td class="" >]]>
    </line>
    <line>
      <![CDATA[<a href="" class="alert-link" data-toggle="modal" data-target="#rest_assured_logger_modal_value_103">Show</a>]]>
    </line>
    <line>
      <![CDATA[<div class="modal fade"  id="rest_assured_logger_modal_value_103" tabindex="-1" role="dialog">]]>
    </line>
    <line>
      <![CDATA[<div class="modal-dialog" role="document">]]>
    </line>
    <line>
      <![CDATA[<div class="modal-content">]]>
    </line>
    <line>
      <![CDATA[<div class="modal-header text-white bg-info">]]>
    </line>
    <line>
      <![CDATA[<h5 class="modal-title" id="title1">Authorization</h5>]]>
    </line>
    <line>
      <![CDATA[<span class="h6 text-light ml-2 mt-2">(click on the Text to copy)</span>]]>
    </line>
    <line>
      <![CDATA[<button type="button" class="close" data-dismiss="modal" aria-label="Close">]]>
    </line>
    <line>
      <![CDATA[<span aria-hidden="true">&times;</span>]]>
    </line>
    <line>
      <![CDATA[</button>]]>
    </line>
    <line>
      <![CDATA[</div>]]>
    </line>
    <line>
      <![CDATA[<div onClick="copyMePlease(this)" class="modal-body">]]>
    </line>
    <line>
      <![CDATA[Bearer eyJ4NXQjUzI1NiI6IkxEbGVvYldaYmVZcG9pb0Q0R1hrMWp3US8rUWd1MUs1eXNzQ1JpN3BtelE9IiwidHlwIjoiSldUIiwiYWxnIjoiUlMyNTYifQ.eyJzdWIiOiJBdXRvbWF0aW9uXzYxOTk2Nzg0M19JbmRpdmlkdWFsIiwicm9sZXMiOlsiQ3JlYXRlQ3VzdG9tZXJFbnRpdHkiLCJTVFMtQ29tbW9uIiwiR2V0Q3VzdG9tZXIiLCJvcmRlckNoYW5nZU93bmVyc2hpcCIsIkV2YWx1YXRlQ3JlZGl0UHJvZmlsZSIsIlNlYXJjaEluZGl2aWR1YWwiLCJXcml0ZSIsIkNyZWF0ZVBheW1lbnRNZXRob2QiLCJVcGRhdGVJbmRpdmlkdWFsIiwiQ3JlYXRlSW5kaXZpZHVhbCIsIlByb2R1Y3RPcmRlckxhdW5jaGVyVXBkYXRlIiwiQWRkUmVsYXRlZFBhcnR5IiwiUEFQLVBVIiwiUHJvZHVjdE9yZGVyTGF1bmNoZXJDcmVhdGUiLCJQcm9kdWN0T3JkZXJMYXVuY2hlckRlbGV0ZSIsIkFzbVNlcnZpY2VzQXBwSWRlbnRpdHkiLCJSZXRyaWV2ZUN1c3RvbWVyRW50aXR5IiwiQXBwVGVzdGVyUm9sZSIsIlJldHJpZXZlSW5kaXZpZHVhbCIsImNzciIsIkNoYW5nZU93bmVyc2hpcFJvbGUiLCJHZXRJbmRpdmlkdWFsIiwiR2V0Q3VzdG9tZXJFbnRpdHkiLCJBbm9ueW1vdXNVc2VyUm9sZSIsIkRlbGV0ZUluZGl2aWR1YWwiLCJDcmVhdGVDdXN0b21lciIsIlVwZGF0ZUNyZWRpdFByb2ZpbGUiLCJEZWxldGVDcmVkaXRQcm9maWxlIiwiUHJvZHVjdE9yZGVyTGF1bmNoZXJSZWFkIiwiQ2F0YWxvZ09uZS5pbXBvcnRlciIsIlJldHJpZXZlQ3VzdG9tZXIiLCJSZXRyZWl2ZVBheW1lbnRNZXRob2QiLCJQQVAtQ29tbW9uIl0sImN1c3RvbWVySWQiOiJDdXN0b21lcl80MDMwOCIsImlzcyI6IkEzU1pvbmUxQEEzUy5hbWRvY3MuY29tIiwib2l0IjoxNTM3MjYzNjYxLCJzYWxlc0NoYW5uZWwiOiJTZWxmU2VydmljZSIsImV4cCI6MTUzNzI3MDg2MSwiaWF0IjoxNTM3MjYzNjYxLCJ0dGwiOjE1MzcyOTI0NjEsImp0aSI6ImNlZTlmNmY1YWU1MTZjZTJiZmU4MWMzZWZkZTgzNjAwYjVhMmY4YTg4ZWE3ODk5MTM0YTExMTYzZWFlYjRkNjIifQ.dXtXc2kNxzUZdfDBdmw81e8Jmr0wtZpsePmvqE8HNiHKSAT4IpfkW6VsAi7oSe8-ID3bbPGkDWh0U7lctqxX9hB7LCEXGamt7hrgC38MOZeLXSicig1O_0_IIIFVc9b5T_G9Zfy0XF8KQyWC7FksN3NxUU8gNr7ck-ZUkmKEDV1FoyfsTZgQDAthv3FU3nOnyd_rQ33EKQFbpHmvbm3gmz4pb1liY5xkUeGM_Eh0gq7oTeg7BiR0rrZoHktCgJzKexvhupLADp_a-qW9p0GMcbemj7GafZ0MWDOeBN4kXfXbw3AxBAjfyP9s5_SLzjdexfDoczneyYF4sCrPwxtxWg]]>
    </line>
    <line>
      <![CDATA[</div>]]>
    </line>
    <line>
      <![CDATA[</div>]]>
    </line>
    <line>
      <![CDATA[</div>]]>
    </line>
    <line>
      <![CDATA[</div>]]>
    </line>
    <line>
      <![CDATA[</td>]]>
    </line>
    <line>
      <![CDATA[</tr>]]>
    </line>
    <line>
      <![CDATA[<tr><td class="text-dark font-weight-bold">Custom-Header </td><td class="" > {"salesChannel":"SelfService","customerId":"Customer_40308","sessionId":"379188208"} </td></tr>]]>
    </line>
    <line>
      <![CDATA[<tr><td class="text-dark font-weight-bold">Accept-Language </td><td class="" > en_US </td></tr>]]>
    </line>
    <line>
      <![CDATA[<tr><td class="text-dark font-weight-bold">Content-Type </td><td class="" > application/json </td></tr>]]>
    </line>
    <line>
      <![CDATA[<tr>]]>
    </line>
    <line>
      <![CDATA[<td class="text-dark font-weight-bold" >Payload :</td>]]>
    </line>
    <line>
      <![CDATA[<td class="" >]]>
    </line>
    <line>
      <![CDATA[<a href="" class="alert-link" data-toggle="modal" data-target="#rest_assured_logger_modal_value_104">Show</a>]]>
    </line>
    <line>
      <![CDATA[<div class="modal fade"  id="rest_assured_logger_modal_value_104" tabindex="-1" role="dialog">]]>
    </line>
    <line>
      <![CDATA[<div class="modal-dialog" role="document">]]>
    </line>
    <line>
      <![CDATA[<div class="modal-content">]]>
    </line>
    <line>
      <![CDATA[<div class="modal-header text-white bg-info">]]>
    </line>
    <line>
      <![CDATA[<h5 class="modal-title" id="title1">Payload</h5>]]>
    </line>
    <line>
      <![CDATA[<span class="h6 text-light ml-2 mt-2">(click on the Text to copy)</span>]]>
    </line>
    <line>
      <![CDATA[<button type="button" class="close" data-dismiss="modal" aria-label="Close">]]>
    </line>
    <line>
      <![CDATA[<span aria-hidden="true">&times;</span>]]>
    </line>
    <line>
      <![CDATA[</button>]]>
    </line>
    <line>
      <![CDATA[</div>]]>
    </line>
    <line>
      <![CDATA[<div onClick="copyMePlease(this)" class="modal-body">]]>
    </line>
    <line>
      <![CDATA[None]]>
    </line>
    <line>
      <![CDATA[</div>]]>
    </line>
    <line>
      <![CDATA[</div>]]>
    </line>
    <line>
      <![CDATA[</div>]]>
    </line>
    <line>
      <![CDATA[</div>]]>
    </line>
    <line>
      <![CDATA[</td>]]>
    </line>
    <line>
      <![CDATA[</tr>]]>
    </line>
    <line>
      <![CDATA[<tr>]]>
    </line>
    <line>
      <![CDATA[<td class="text-dark font-weight-bold" >Response Header :</td>]]>
    </line>
    <line>
      <![CDATA[<td class="" >]]>
    </line>
    <line>
      <![CDATA[<a href="" class="alert-link" data-toggle="modal" data-target="#modal_value_35">Show</a>]]>
    </line>
    <line>
      <![CDATA[<div class="modal fade"  id="modal_value_35" tabindex="-1" role="dialog">]]>
    </line>
    <line>
      <![CDATA[<div class="modal-dialog" role="document">]]>
    </line>
    <line>
      <![CDATA[<div class="modal-content">]]>
    </line>
    <line>
      <![CDATA[<div class="modal-header text-white bg-info">]]>
    </line>
    <line>
      <![CDATA[<h5 class="modal-title" id="title1">Response Header</h5>]]>
    </line>
    <line>
      <![CDATA[<span class="h6 text-light ml-2 mt-2">(click on the Text to copy)</span>]]>
    </line>
    <line>
      <![CDATA[<button type="button" class="close" data-dismiss="modal" aria-label="Close">]]>
    </line>
    <line>
      <![CDATA[<span aria-hidden="true">&times;</span>]]>
    </line>
    <line>
      <![CDATA[</button>]]>
    </line>
    <line>
      <![CDATA[</div>]]>
    </line>
    <line>
      <![CDATA[<div onClick="copyMePlease(this)" class="modal-body">]]>
    </line>
    <line>
      <![CDATA[X-Application-Context=pod-productoffering-ms:8080
	X-Content-Type-Options=nosniff
	X-XSS-Protection=1; mode=block
	Cache-Control=no-cache, no-store, max-age=0, must-revalidate
	Pragma=no-cache
	Expires=0
	X-Frame-Options=DENY
	Content-Type=application/json;charset=UTF-8
	Transfer-Encoding=chunked
	Date=Tue, 18 Sep 2018 09:41:03 GMT]]>
    </line>
    <line>
      <![CDATA[</div>]]>
    </line>
    <line>
      <![CDATA[</div>]]>
    </line>
    <line>
      <![CDATA[</div>]]>
    </line>
    <line>
      <![CDATA[</div>]]>
    </line>
    <line>
      <![CDATA[</td>]]>
    </line>
    <line>
      <![CDATA[</tr>]]>
    </line>
    <line>
      <![CDATA[<tr>]]>
    </line>
    <line>
      <![CDATA[<td class="text-dark font-weight-bold" >Response :</td>]]>
    </line>
    <line>
      <![CDATA[<td class="" >]]>
    </line>
    <line>
      <![CDATA[<a href="" class="alert-link" data-toggle="modal" data-target="#rest_assured_logger_modal_value_105">Show</a>]]>
    </line>
    <line>
      <![CDATA[<div class="modal fade"  id="rest_assured_logger_modal_value_105" tabindex="-1" role="dialog">]]>
    </line>
    <line>
      <![CDATA[<div class="modal-dialog" role="document">]]>
    </line>
    <line>
      <![CDATA[<div class="modal-content">]]>
    </line>
    <line>
      <![CDATA[<div class="modal-header text-white bg-info">]]>
    </line>
    <line>
      <![CDATA[<h5 class="modal-title" id="title1">Response</h5>]]>
    </line>
    <line>
      <![CDATA[<span class="h6 text-light ml-2 mt-2">(click on the Text to copy)</span>]]>
    </line>
    <line>
      <![CDATA[<button type="button" class="close" data-dismiss="modal" aria-label="Close">]]>
    </line>
    <line>
      <![CDATA[<span aria-hidden="true">&times;</span>]]>
    </line>
    <line>
      <![CDATA[</button>]]>
    </line>
    <line>
      <![CDATA[</div>]]>
    </line>
    <line>
      <![CDATA[<div onClick="copyMePlease(this)" class="modal-body">]]>
    </line>
    <line>
      <![CDATA[[{"id":"7cdbeb046d9c4e678acd70d677ed7163","href":null,"name":null,"localizedName":"Apple iPhone 7 32GB Black","description":"A10 chip with 64-bit architecture,splash water and dust resistant, 12-megapixel shooter on the rear of the device includes optical image stabilization technology, All-in-One Lighting Port, increased battery life.","isBundle":false,"paymentMngType":null,"validFor":{"startDateTime":"2017-01-04T00:00:00Z","endDateTime":null},"productOfferingType":"Mobile_Device","isTopItem":null,"isEnabledBy":false,"valueRank":70,"productOfferingCharacteristic":[{"name":"Available_Shipping_Options","localizedName":"Available Shipping Options","valueType":"String","value":[{"default":true,"value":"Courier","localizedValue":"Courier","valueFrom":"0","valueTo":"0","unitOfMeasure":null}],"productSpecification":null},{"name":"Plan_Options","localizedName":"Plan Options","valueType":"String","value":[{"default":true,"value":"Without_Plan","localizedValue":"Without Plan","valueFrom":"0","valueTo":"0","unitOfMeasure":null}],"productSpecification":null},{"name":"Purchase_Options","localizedName":"Purchase Options","valueType":"String","value":[{"default":true,"value":"Installments","localizedValue":"Installments","valueFrom":"0","valueTo":"0","unitOfMeasure":null}],"productSpecification":null},{"name":"Brand","localizedName":"Brand","valueType":"String","value":[{"default":true,"value":"Apple","localizedValue":"Apple","valueFrom":"0","valueTo":"0","unitOfMeasure":null}],"productSpecification":"3d1c3584cd89419fb1f59b1c237b9ea9"},{"name":"Model","localizedName":"Model","valueType":"String","value":[{"default":true,"value":"iPhone_7","localizedValue":"iPhone 7","valueFrom":"0","valueTo":"0","unitOfMeasure":null}],"productSpecification":"3d1c3584cd89419fb1f59b1c237b9ea9"},{"name":"Device_Type","localizedName":"Device Type","valueType":"String","value":[{"default":true,"value":"Smartphone","localizedValue":"Smart Phone","valueFrom":"0","valueTo":"0","unitOfMeasure":null}],"productSpecification":"3d1c3584cd89419fb1f59b1c237b9ea9"},{"name":"SIM_Type","localizedName":"SIM Type","valueType":"String","value":[{"default":true,"value":"Nano_SIM","localizedValue":"Nano SIM","valueFrom":"0","valueTo":"0","unitOfMeasure":null}],"productSpecification":"3d1c3584cd89419fb1f59b1c237b9ea9"},{"name":"Warranty_Duration","localizedName":"Warranty Duration","valueType":"Integer","value":[{"default":true,"value":"12","localizedValue":"12 Months","valueFrom":"0","valueTo":"0","unitOfMeasure":null}],"productSpecification":"3d1c3584cd89419fb1f59b1c237b9ea9"},{"name":"Color","localizedName":"Color","valueType":"String","value":[{"default":true,"value":"Black","localizedValue":"Black","valueFrom":"0","valueTo":"0","unitOfMeasure":null}],"productSpecification":"3d1c3584cd89419fb1f59b1c237b9ea9"},{"name":"Weight","localizedName":"Weight","valueType":"String","value":[{"default":true,"value":"138gr","localizedValue":"138 gr","valueFrom":"0","valueTo":"0","unitOfMeasure":null}],"productSpecification":"3d1c3584cd89419fb1f59b1c237b9ea9"},{"name":"Operating_System","localizedName":"Operating System","valueType":"String","value":[{"default":true,"value":"IOS","localizedValue":"IOS","valueFrom":"0","valueTo":"0","unitOfMeasure":null}],"productSpecification":"3d1c3584cd89419fb1f59b1c237b9ea9"},{"name":"Memory_Size","localizedName":"Memory Size","valueType":"String","value":[{"default":true,"value":"32GB","localizedValue":"32 GB","valueFrom":"0","valueTo":"0","unitOfMeasure":null}],"productSpecification":"3d1c3584cd89419fb1f59b1c237b9ea9"},{"name":"Screen_Size","localizedName":"Screen Size","valueType":"String","value":[{"default":true,"value":"4.7_in","localizedValue":"4.7 in","valueFrom":"0","valueTo":"0","unitOfMeasure":null}],"productSpecification":"3d1c3584cd89419fb1f59b1c237b9ea9"},{"name":"IMEI","localizedName":"IMEI","valueType":"String","value":[],"productSpecification":"3d1c3584cd89419fb1f59b1c237b9ea9"},{"name":"Delivery_Method","localizedName":"Delivery Method","valueType":"String","value":[{"default":true,"value":"Indirect_Delivery_Shipping","localizedValue":"Indirect Delivery- Shipping","valueFrom":"0","valueTo":"0","unitOfMeasure":null},{"default":false,"value":"Pick_up_in_store","localizedValue":"Pick up in store","valueFrom":"0","valueTo":"0","unitOfMeasure":null},{"default":false,"value":"Direct_Delivery_In_Customer_Hand","localizedValue":"Direct Delivery- In Customer Hand","valueFrom":"0","valueTo":"0","unitOfMeasure":null}],"productSpecification":"3d1c3584cd89419fb1f59b1c237b9ea9"},{"name":"SKU","localizedName":"SKU","valueType":"String","value":[{"default":true,"value":"10002IPH7B32","localizedValue":"10002IPH7B32","valueFrom":"0","valueTo":"0","unitOfMeasure":null}],"productSpecification":"3d1c3584cd89419fb1f59b1c237b9ea9"},{"name":"Size","localizedName":"Size","valueType":"String","value":[{"default":true,"value":"138.3x67.1x7.1","localizedValue":"138.3 x 67.1 x 7.1mm","valueFrom":"0","valueTo":"0","unitOfMeasure":null}],"productSpecification":"3d1c3584cd89419fb1f59b1c237b9ea9"},{"name":"CameraResolution","localizedName":"Camera Resolution","valueType":"String","value":[{"default":true,"value":"12","localizedValue":"12MP","valueFrom":"0","valueTo":"0","unitOfMeasure":null}],"productSpecification":"3d1c3584cd89419fb1f59b1c237b9ea9"}],"bundledProductOffering":[],"bundledProdOfferGroupOption":[],"variantGroup":null,"itemTotalPrice":[{"id":null,"name":null,"description":null,"priceType":"OC","unitOfMeasure":null,"recurringChargePeriod":"12/installments","price":{"taxIncludedAmount":{"unit":"USD","value":615.78},"dutyFreeAmount":{"unit":"USD","value":559.8},"taxAmount":{"unit":"USD","value":55.98},"taxRate":10.0,"percentage":null,"priceReduction":null,"priceOverride":null},"finalPrice":{"taxIncludedAmount":{"unit":"USD","value":615.78},"dutyFreeAmount":{"unit":"USD","value":559.8},"taxAmount":{"unit":"USD","value":55.98},"taxRate":10.0,"percentage":null,"priceReduction":null,"priceOverride":null},"standalonePrice":{"taxIncludedAmount":null,"dutyFreeAmount":null,"taxAmount":null,"taxRate":null,"percentage":null,"priceReduction":null,"priceOverride":null},"priceAlteration":[]},{"id":null,"name":null,"description":null,"priceType":"OC","unitOfMeasure":null,"recurringChargePeriod":null,"price":{"taxIncludedAmount":{"unit":"USD","value":68.42},"dutyFreeAmount":{"unit":"USD","value":62.2},"taxAmount":{"unit":"USD","value":6.22},"taxRate":10.0,"percentage":null,"priceReduction":null,"priceOverride":null},"finalPrice":{"taxIncludedAmount":{"unit":"USD","value":68.42},"dutyFreeAmount":{"unit":"USD","value":62.2},"taxAmount":{"unit":"USD","value":6.22},"taxRate":10.0,"percentage":null,"priceReduction":null,"priceOverride":null},"standalonePrice":{"taxIncludedAmount":null,"dutyFreeAmount":null,"taxAmount":null,"taxRate":null,"percentage":null,"priceReduction":null,"priceOverride":null},"priceAlteration":[]}],"itemPrice":[{"id":"f20e813db0dc48279c451a2d4d6420e9","name":"Device Price","description":null,"priceType":"OC","unitOfMeasure":null,"recurringChargePeriod":null,"price":{"taxIncludedAmount":{"unit":"USD","value":684.2},"dutyFreeAmount":{"unit":"USD","value":622},"taxAmount":{"unit":"USD","value":62.2},"taxRate":10.0,"percentage":null,"priceReduction":null,"priceOverride":null},"finalPrice":{"taxIncludedAmount":{"unit":"USD","value":684.2},"dutyFreeAmount":{"unit":"USD","value":622},"taxAmount":{"unit":"USD","value":62.2},"taxRate":10.0,"percentage":null,"priceReduction":null,"priceOverride":null},"standalonePrice":{"taxIncludedAmount":null,"dutyFreeAmount":null,"taxAmount":null,"taxRate":null,"percentage":null,"priceReduction":null,"priceOverride":null},"priceAlteration":[]},{"id":null,"name":null,"description":null,"priceType":"OC-Installment","unitOfMeasure":null,"recurringChargePeriod":null,"price":{"taxIncludedAmount":{"unit":"USD","value":68.42},"dutyFreeAmount":{"unit":"USD","value":62.2},"taxAmount":{"unit":"USD","value":6.22},"taxRate":10.0,"percentage":null,"priceReduction":null,"priceOverride":null},"finalPrice":{"taxIncludedAmount":{"unit":"USD","value":68.42},"dutyFreeAmount":{"unit":"USD","value":62.2},"taxAmount":{"unit":"USD","value":6.22},"taxRate":10.0,"percentage":null,"priceReduction":null,"priceOverride":null},"standalonePrice":{"taxIncludedAmount":null,"dutyFreeAmount":null,"taxAmount":null,"taxRate":null,"percentage":null,"priceReduction":null,"priceOverride":null},"priceAlteration":[]},{"id":null,"name":null,"description":null,"priceType":"RC-Installment","unitOfMeasure":null,"recurringChargePeriod":"12/installments","price":{"taxIncludedAmount":{"unit":"USD","value":51.315},"dutyFreeAmount":{"unit":"USD","value":46.65},"taxAmount":{"unit":"USD","value":4.665},"taxRate":10.0,"percentage":null,"priceReduction":null,"priceOverride":null},"finalPrice":{"taxIncludedAmount":{"unit":"USD","value":51.315},"dutyFreeAmount":{"unit":"USD","value":46.65},"taxAmount":{"unit":"USD","value":4.665},"taxRate":10.0,"percentage":null,"priceReduction":null,"priceOverride":null},"standalonePrice":{"taxIncludedAmount":null,"dutyFreeAmount":null,"taxAmount":null,"taxRate":null,"percentage":null,"priceReduction":null,"priceOverride":null},"priceAlteration":[]}],"productOfferingTerm":[],"attachment":[{"name":"Apple_iPhone_7_32GB_Black.png","type":"image","description":"Apple iPhone 7 32GB Black image","url":"http://portfolio1srv.corp.amdocs.com/iPhone7_Black.png","mimeType":"image/png"}],"immediatePromotion":[],"relatedImmediatePromotion":[],"stock":[]}]]]>
    </line>
    <line>
      <![CDATA[</div>]]>
    </line>
    <line>
      <![CDATA[</div>]]>
    </line>
    <line>
      <![CDATA[</div>]]>
    </line>
    <line>
      <![CDATA[</div>]]>
    </line>
    <line>
      <![CDATA[</td>]]>
    </line>
    <line>
      <![CDATA[</tr>]]>
    </line>
    <line>
      <![CDATA[<tr class="table-success"><td colspan="2">Response status: expected=200 actual=200; Value: true</td></tr>]]>
    </line>
    <line>
      <![CDATA[<tr class="table-warning"><td colspan="2">
 ***********************The name of the TestStep Passed is :testProductOfferingDetailsForGivenProductOfferingId***********************
</td></tr>]]>
    </line>
    <line>
      <![CDATA[<tr class="table-warning"><td colspan="2">
 **********************************************************************************************************************
</td></tr>]]>
    </line>
    <line>
      <![CDATA[<tr class="table-warning"><td colspan="2">
 ***********************The name of the Test Finished is :PRODUCT-OFFERING-MS_Device_Positive***********************
</td></tr>]]>
    </line>
    <line>
      <![CDATA[<tr class="table-warning"><td colspan="2">
 /-//-//-//-//-//-//-//-//-//-//-//-//-//-//-//-//-//-//-//-/Output Parameters set in SuiteTestContext before Begining of Test /-//-//-//-//-//-//-//-//-//-//-//-//-//-//-//-//-/
</td></tr>]]>
    </line>
    <line>
      <![CDATA[<tr class="table-warning"><td colspan="2">getAllCategoriesResponse	 io.restassured.internal.RestAssuredResponseImpl@2fe88a09</td></tr>]]>
    </line>
    <line>
      <![CDATA[<tr class="table-warning"><td colspan="2">A3SUser	 authentication.a3s.A3SUser@1917d90f</td></tr>]]>
    </line>
    <line>
      <![CDATA[<tr class="table-warning"><td colspan="2">getAllCategories	 restAssuredBase.MSRest@66bfd864</td></tr>]]>
    </line>
    <line>
      <![CDATA[<tr class="table-warning"><td colspan="2">A3SUserList	 {UserIndividualSS=authentication.a3s.A3SUser@1917d90f}</td></tr>]]>
    </line>
    <line>
      <![CDATA[<tr class="table-warning"><td colspan="2">
 /-//-//-//-//-//-//-//-//-//-//-//-//-//-//-//-//-//-//-//-/Output Parameters set in TestContext before Begining of Test /-//-//-//-//-//-//-//-//-//-//-//-//-//-//-//-//-/
</td></tr>]]>
    </line>
    <line>
      <![CDATA[<tr class="table-warning"><td colspan="2">PRODUCT-OFFERING-MS_Device_Positive_response	 null</td></tr>]]>
    </line>
    <line>
      <![CDATA[<tr class="table-warning"><td colspan="2">
******************************************The name of the Test Started is :PRODUCT-OFFERING-MS_Accessories_Positive*****************************
</td></tr>]]>
    </line>
    <line>
      <![CDATA[<tr class="table-warning"><td colspan="2">
 /-//-//-//-//-//-//-//-//-//-//-//-//-//-//-//-//-//-//-//-/Input Parameters set in SuiteTestContext before Begining of Test /-//-//-//-//-//-//-//-//-//-//-//-//-//-//-//-//-/
</td></tr>]]>
    </line>
    <line>
      <![CDATA[<tr class="table-warning"><td colspan="2">getAllCategoriesResponse	 io.restassured.internal.RestAssuredResponseImpl@2fe88a09</td></tr>]]>
    </line>
    <line>
      <![CDATA[<tr class="table-warning"><td colspan="2">A3SUser	 authentication.a3s.A3SUser@1917d90f</td></tr>]]>
    </line>
    <line>
      <![CDATA[<tr class="table-warning"><td colspan="2">getAllCategories	 restAssuredBase.MSRest@66bfd864</td></tr>]]>
    </line>
    <line>
      <![CDATA[<tr class="table-warning"><td colspan="2">A3SUserList	 {UserIndividualSS=authentication.a3s.A3SUser@1917d90f}</td></tr>]]>
    </line>
    <line>
      <![CDATA[<tr class="table-warning"><td colspan="2">
 /-//-//-//-//-//-//-//-//-//-//-//-//-//-//-//-//-//-//-//-/Input Parameters set in TestContext before Begining of Test /-//-//-//-//-//-//-//-//-//-//-//-//-//-//-//-//-/
</td></tr>]]>
    </line>
    <line>
      <![CDATA[<tr class="table-warning"><td colspan="2">
 ***********************The name of the TestStep Started is :testProductOfferingDetailsForGivenProductOfferingId***********************
</td></tr>]]>
    </line>
    <line>
      <![CDATA[<tr class="table-warning"><td colspan="2">
 **********************************************************************************************************************
</td></tr>]]>
    </line>
    <line>
      <![CDATA[<tr class="table-info"><td class="text-dark font-weight-bold">Request Type </td><td class="" >GET</td></tr>]]>
    </line>
    <line>
      <![CDATA[<tr><td class="text-dark font-weight-bold">URI </td><td class="" > http://ilocpde01w02.corp.amdocs.com:35261/productOfferingDiscovery/v1/productOffering?productOfferingId=434c235f7136435d9ceaaf044919fa0c&salesChannel=SelfService </td></tr>]]>
    </line>
    <line>
      <![CDATA[<tr><td class="text-dark font-weight-bold" colspan="2">Headers : </td></tr>]]>
    </line>
    <line>
      <![CDATA[<tr>]]>
    </line>
    <line>
      <![CDATA[<td class="text-dark font-weight-bold" >Authorization :</td>]]>
    </line>
    <line>
      <![CDATA[<td class="" >]]>
    </line>
    <line>
      <![CDATA[<a href="" class="alert-link" data-toggle="modal" data-target="#rest_assured_logger_modal_value_106">Show</a>]]>
    </line>
    <line>
      <![CDATA[<div class="modal fade"  id="rest_assured_logger_modal_value_106" tabindex="-1" role="dialog">]]>
    </line>
    <line>
      <![CDATA[<div class="modal-dialog" role="document">]]>
    </line>
    <line>
      <![CDATA[<div class="modal-content">]]>
    </line>
    <line>
      <![CDATA[<div class="modal-header text-white bg-info">]]>
    </line>
    <line>
      <![CDATA[<h5 class="modal-title" id="title1">Authorization</h5>]]>
    </line>
    <line>
      <![CDATA[<span class="h6 text-light ml-2 mt-2">(click on the Text to copy)</span>]]>
    </line>
    <line>
      <![CDATA[<button type="button" class="close" data-dismiss="modal" aria-label="Close">]]>
    </line>
    <line>
      <![CDATA[<span aria-hidden="true">&times;</span>]]>
    </line>
    <line>
      <![CDATA[</button>]]>
    </line>
    <line>
      <![CDATA[</div>]]>
    </line>
    <line>
      <![CDATA[<div onClick="copyMePlease(this)" class="modal-body">]]>
    </line>
    <line>
      <![CDATA[Bearer eyJ4NXQjUzI1NiI6IkxEbGVvYldaYmVZcG9pb0Q0R1hrMWp3US8rUWd1MUs1eXNzQ1JpN3BtelE9IiwidHlwIjoiSldUIiwiYWxnIjoiUlMyNTYifQ.eyJzdWIiOiJBdXRvbWF0aW9uXzYxOTk2Nzg0M19JbmRpdmlkdWFsIiwicm9sZXMiOlsiQ3JlYXRlQ3VzdG9tZXJFbnRpdHkiLCJTVFMtQ29tbW9uIiwiR2V0Q3VzdG9tZXIiLCJvcmRlckNoYW5nZU93bmVyc2hpcCIsIkV2YWx1YXRlQ3JlZGl0UHJvZmlsZSIsIlNlYXJjaEluZGl2aWR1YWwiLCJXcml0ZSIsIkNyZWF0ZVBheW1lbnRNZXRob2QiLCJVcGRhdGVJbmRpdmlkdWFsIiwiQ3JlYXRlSW5kaXZpZHVhbCIsIlByb2R1Y3RPcmRlckxhdW5jaGVyVXBkYXRlIiwiQWRkUmVsYXRlZFBhcnR5IiwiUEFQLVBVIiwiUHJvZHVjdE9yZGVyTGF1bmNoZXJDcmVhdGUiLCJQcm9kdWN0T3JkZXJMYXVuY2hlckRlbGV0ZSIsIkFzbVNlcnZpY2VzQXBwSWRlbnRpdHkiLCJSZXRyaWV2ZUN1c3RvbWVyRW50aXR5IiwiQXBwVGVzdGVyUm9sZSIsIlJldHJpZXZlSW5kaXZpZHVhbCIsImNzciIsIkNoYW5nZU93bmVyc2hpcFJvbGUiLCJHZXRJbmRpdmlkdWFsIiwiR2V0Q3VzdG9tZXJFbnRpdHkiLCJBbm9ueW1vdXNVc2VyUm9sZSIsIkRlbGV0ZUluZGl2aWR1YWwiLCJDcmVhdGVDdXN0b21lciIsIlVwZGF0ZUNyZWRpdFByb2ZpbGUiLCJEZWxldGVDcmVkaXRQcm9maWxlIiwiUHJvZHVjdE9yZGVyTGF1bmNoZXJSZWFkIiwiQ2F0YWxvZ09uZS5pbXBvcnRlciIsIlJldHJpZXZlQ3VzdG9tZXIiLCJSZXRyZWl2ZVBheW1lbnRNZXRob2QiLCJQQVAtQ29tbW9uIl0sImN1c3RvbWVySWQiOiJDdXN0b21lcl80MDMwOCIsImlzcyI6IkEzU1pvbmUxQEEzUy5hbWRvY3MuY29tIiwib2l0IjoxNTM3MjYzNjYxLCJzYWxlc0NoYW5uZWwiOiJTZWxmU2VydmljZSIsImV4cCI6MTUzNzI3MDg2MSwiaWF0IjoxNTM3MjYzNjYxLCJ0dGwiOjE1MzcyOTI0NjEsImp0aSI6ImNlZTlmNmY1YWU1MTZjZTJiZmU4MWMzZWZkZTgzNjAwYjVhMmY4YTg4ZWE3ODk5MTM0YTExMTYzZWFlYjRkNjIifQ.dXtXc2kNxzUZdfDBdmw81e8Jmr0wtZpsePmvqE8HNiHKSAT4IpfkW6VsAi7oSe8-ID3bbPGkDWh0U7lctqxX9hB7LCEXGamt7hrgC38MOZeLXSicig1O_0_IIIFVc9b5T_G9Zfy0XF8KQyWC7FksN3NxUU8gNr7ck-ZUkmKEDV1FoyfsTZgQDAthv3FU3nOnyd_rQ33EKQFbpHmvbm3gmz4pb1liY5xkUeGM_Eh0gq7oTeg7BiR0rrZoHktCgJzKexvhupLADp_a-qW9p0GMcbemj7GafZ0MWDOeBN4kXfXbw3AxBAjfyP9s5_SLzjdexfDoczneyYF4sCrPwxtxWg]]>
    </line>
    <line>
      <![CDATA[</div>]]>
    </line>
    <line>
      <![CDATA[</div>]]>
    </line>
    <line>
      <![CDATA[</div>]]>
    </line>
    <line>
      <![CDATA[</div>]]>
    </line>
    <line>
      <![CDATA[</td>]]>
    </line>
    <line>
      <![CDATA[</tr>]]>
    </line>
    <line>
      <![CDATA[<tr><td class="text-dark font-weight-bold">Custom-Header </td><td class="" > {"salesChannel":"SelfService","customerId":"Customer_40308","sessionId":"85861449"} </td></tr>]]>
    </line>
    <line>
      <![CDATA[<tr><td class="text-dark font-weight-bold">Accept-Language </td><td class="" > en_US </td></tr>]]>
    </line>
    <line>
      <![CDATA[<tr><td class="text-dark font-weight-bold">Content-Type </td><td class="" > application/json </td></tr>]]>
    </line>
    <line>
      <![CDATA[<tr>]]>
    </line>
    <line>
      <![CDATA[<td class="text-dark font-weight-bold" >Payload :</td>]]>
    </line>
    <line>
      <![CDATA[<td class="" >]]>
    </line>
    <line>
      <![CDATA[<a href="" class="alert-link" data-toggle="modal" data-target="#rest_assured_logger_modal_value_107">Show</a>]]>
    </line>
    <line>
      <![CDATA[<div class="modal fade"  id="rest_assured_logger_modal_value_107" tabindex="-1" role="dialog">]]>
    </line>
    <line>
      <![CDATA[<div class="modal-dialog" role="document">]]>
    </line>
    <line>
      <![CDATA[<div class="modal-content">]]>
    </line>
    <line>
      <![CDATA[<div class="modal-header text-white bg-info">]]>
    </line>
    <line>
      <![CDATA[<h5 class="modal-title" id="title1">Payload</h5>]]>
    </line>
    <line>
      <![CDATA[<span class="h6 text-light ml-2 mt-2">(click on the Text to copy)</span>]]>
    </line>
    <line>
      <![CDATA[<button type="button" class="close" data-dismiss="modal" aria-label="Close">]]>
    </line>
    <line>
      <![CDATA[<span aria-hidden="true">&times;</span>]]>
    </line>
    <line>
      <![CDATA[</button>]]>
    </line>
    <line>
      <![CDATA[</div>]]>
    </line>
    <line>
      <![CDATA[<div onClick="copyMePlease(this)" class="modal-body">]]>
    </line>
    <line>
      <![CDATA[None]]>
    </line>
    <line>
      <![CDATA[</div>]]>
    </line>
    <line>
      <![CDATA[</div>]]>
    </line>
    <line>
      <![CDATA[</div>]]>
    </line>
    <line>
      <![CDATA[</div>]]>
    </line>
    <line>
      <![CDATA[</td>]]>
    </line>
    <line>
      <![CDATA[</tr>]]>
    </line>
    <line>
      <![CDATA[<tr>]]>
    </line>
    <line>
      <![CDATA[<td class="text-dark font-weight-bold" >Response Header :</td>]]>
    </line>
    <line>
      <![CDATA[<td class="" >]]>
    </line>
    <line>
      <![CDATA[<a href="" class="alert-link" data-toggle="modal" data-target="#modal_value_36">Show</a>]]>
    </line>
    <line>
      <![CDATA[<div class="modal fade"  id="modal_value_36" tabindex="-1" role="dialog">]]>
    </line>
    <line>
      <![CDATA[<div class="modal-dialog" role="document">]]>
    </line>
    <line>
      <![CDATA[<div class="modal-content">]]>
    </line>
    <line>
      <![CDATA[<div class="modal-header text-white bg-info">]]>
    </line>
    <line>
      <![CDATA[<h5 class="modal-title" id="title1">Response Header</h5>]]>
    </line>
    <line>
      <![CDATA[<span class="h6 text-light ml-2 mt-2">(click on the Text to copy)</span>]]>
    </line>
    <line>
      <![CDATA[<button type="button" class="close" data-dismiss="modal" aria-label="Close">]]>
    </line>
    <line>
      <![CDATA[<span aria-hidden="true">&times;</span>]]>
    </line>
    <line>
      <![CDATA[</button>]]>
    </line>
    <line>
      <![CDATA[</div>]]>
    </line>
    <line>
      <![CDATA[<div onClick="copyMePlease(this)" class="modal-body">]]>
    </line>
    <line>
      <![CDATA[X-Application-Context=pod-productoffering-ms:8080
	X-Content-Type-Options=nosniff
	X-XSS-Protection=1; mode=block
	Cache-Control=no-cache, no-store, max-age=0, must-revalidate
	Pragma=no-cache
	Expires=0
	X-Frame-Options=DENY
	Content-Type=application/json;charset=UTF-8
	Transfer-Encoding=chunked
	Date=Tue, 18 Sep 2018 09:41:03 GMT]]>
    </line>
    <line>
      <![CDATA[</div>]]>
    </line>
    <line>
      <![CDATA[</div>]]>
    </line>
    <line>
      <![CDATA[</div>]]>
    </line>
    <line>
      <![CDATA[</div>]]>
    </line>
    <line>
      <![CDATA[</td>]]>
    </line>
    <line>
      <![CDATA[</tr>]]>
    </line>
    <line>
      <![CDATA[<tr>]]>
    </line>
    <line>
      <![CDATA[<td class="text-dark font-weight-bold" >Response :</td>]]>
    </line>
    <line>
      <![CDATA[<td class="" >]]>
    </line>
    <line>
      <![CDATA[<a href="" class="alert-link" data-toggle="modal" data-target="#rest_assured_logger_modal_value_108">Show</a>]]>
    </line>
    <line>
      <![CDATA[<div class="modal fade"  id="rest_assured_logger_modal_value_108" tabindex="-1" role="dialog">]]>
    </line>
    <line>
      <![CDATA[<div class="modal-dialog" role="document">]]>
    </line>
    <line>
      <![CDATA[<div class="modal-content">]]>
    </line>
    <line>
      <![CDATA[<div class="modal-header text-white bg-info">]]>
    </line>
    <line>
      <![CDATA[<h5 class="modal-title" id="title1">Response</h5>]]>
    </line>
    <line>
      <![CDATA[<span class="h6 text-light ml-2 mt-2">(click on the Text to copy)</span>]]>
    </line>
    <line>
      <![CDATA[<button type="button" class="close" data-dismiss="modal" aria-label="Close">]]>
    </line>
    <line>
      <![CDATA[<span aria-hidden="true">&times;</span>]]>
    </line>
    <line>
      <![CDATA[</button>]]>
    </line>
    <line>
      <![CDATA[</div>]]>
    </line>
    <line>
      <![CDATA[<div onClick="copyMePlease(this)" class="modal-body">]]>
    </line>
    <line>
      <![CDATA[[{"id":"434c235f7136435d9ceaaf044919fa0c","href":null,"name":null,"localizedName":"iPhone 7 Screen Protector","description":null,"isBundle":false,"paymentMngType":null,"validFor":{"startDateTime":"2017-01-01T00:00:00Z","endDateTime":null},"productOfferingType":"T_Accessory","isTopItem":null,"isEnabledBy":false,"valueRank":null,"productOfferingCharacteristic":[{"name":"Available_Shipping_Options","localizedName":"Available Shipping Options","valueType":"String","value":[{"default":true,"value":"Standard_Post","localizedValue":"Standard Post","valueFrom":"0","valueTo":"0","unitOfMeasure":null}],"productSpecification":null},{"name":"Make","localizedName":"Make","valueType":"String","value":[{"default":true,"value":"TechMatte","localizedValue":"TechMatte","valueFrom":"0","valueTo":"0","unitOfMeasure":null}],"productSpecification":"0d0a7e68b5d84223b50407e538b9d74d"},{"name":"Model","localizedName":"Model","valueType":"String","value":[{"default":true,"value":"iPhone_7_Screen_Protector","localizedValue":"iPhone 7 Screen Protector","valueFrom":"0","valueTo":"0","unitOfMeasure":null}],"productSpecification":"0d0a7e68b5d84223b50407e538b9d74d"},{"name":"Warranty_Duration","localizedName":"Warranty Duration","valueType":"String","value":[{"default":true,"value":"Lifetime","localizedValue":"Lifetime","valueFrom":"0","valueTo":"0","unitOfMeasure":null}],"productSpecification":"0d0a7e68b5d84223b50407e538b9d74d"},{"name":"Delivery_Method","localizedName":"Delivery Method","valueType":"String","value":[{"default":true,"value":"Indirect_Delivery_Shipping","localizedValue":"Indirect Delivery- Shipping","valueFrom":"0","valueTo":"0","unitOfMeasure":null},{"default":false,"value":"Direct_Delivery_In_Customer_Hand","localizedValue":"Direct Delivery- In Customer Hand","valueFrom":"0","valueTo":"0","unitOfMeasure":null},{"default":false,"value":"Pick_Up_In_Store","localizedValue":"Pick Up In Store","valueFrom":"0","valueTo":"0","unitOfMeasure":null}],"productSpecification":"0d0a7e68b5d84223b50407e538b9d74d"},{"name":"SKU","localizedName":"SKU","valueType":"String","value":[{"default":true,"value":"3011IPH7","localizedValue":"3011IPH7","valueFrom":"0","valueTo":"0","unitOfMeasure":null}],"productSpecification":"0d0a7e68b5d84223b50407e538b9d74d"}],"bundledProductOffering":[],"bundledProdOfferGroupOption":[],"variantGroup":null,"itemTotalPrice":[{"id":null,"name":null,"description":null,"priceType":"OC","unitOfMeasure":null,"recurringChargePeriod":null,"price":{"taxIncludedAmount":{"unit":"USD","value":22.0},"dutyFreeAmount":{"unit":"USD","value":20},"taxAmount":{"unit":"USD","value":2.0},"taxRate":10.0,"percentage":null,"priceReduction":null,"priceOverride":null},"finalPrice":{"taxIncludedAmount":{"unit":"USD","value":22.0},"dutyFreeAmount":{"unit":"USD","value":20},"taxAmount":{"unit":"USD","value":2.0},"taxRate":10.0,"percentage":null,"priceReduction":null,"priceOverride":null},"standalonePrice":{"taxIncludedAmount":null,"dutyFreeAmount":null,"taxAmount":null,"taxRate":null,"percentage":null,"priceReduction":null,"priceOverride":null},"priceAlteration":[]}],"itemPrice":[{"id":"3457a69af2a24cb8ab56df9e1f8dc36d","name":"iPhone 7 Screen Protector charge","description":null,"priceType":"OC","unitOfMeasure":null,"recurringChargePeriod":null,"price":{"taxIncludedAmount":{"unit":"USD","value":22.0},"dutyFreeAmount":{"unit":"USD","value":20},"taxAmount":{"unit":"USD","value":2.0},"taxRate":10.0,"percentage":null,"priceReduction":null,"priceOverride":null},"finalPrice":{"taxIncludedAmount":{"unit":"USD","value":22.0},"dutyFreeAmount":{"unit":"USD","value":20},"taxAmount":{"unit":"USD","value":2.0},"taxRate":10.0,"percentage":null,"priceReduction":null,"priceOverride":null},"standalonePrice":{"taxIncludedAmount":null,"dutyFreeAmount":null,"taxAmount":null,"taxRate":null,"percentage":null,"priceReduction":null,"priceOverride":null},"priceAlteration":[]}],"productOfferingTerm":[],"attachment":[{"name":"Screen Protector icon","type":"image","description":null,"url":"http://portfolio1srv.corp.amdocs.com/screenprotector_icon.svg","mimeType":"image/png"}],"immediatePromotion":[],"relatedImmediatePromotion":[],"stock":[]}]]]>
    </line>
    <line>
      <![CDATA[</div>]]>
    </line>
    <line>
      <![CDATA[</div>]]>
    </line>
    <line>
      <![CDATA[</div>]]>
    </line>
    <line>
      <![CDATA[</div>]]>
    </line>
    <line>
      <![CDATA[</td>]]>
    </line>
    <line>
      <![CDATA[</tr>]]>
    </line>
    <line>
      <![CDATA[<tr class="table-success"><td colspan="2">Response status: expected=200 actual=200; Value: true</td></tr>]]>
    </line>
    <line>
      <![CDATA[<tr class="table-warning"><td colspan="2">
 ***********************The name of the TestStep Passed is :testProductOfferingDetailsForGivenProductOfferingId***********************
</td></tr>]]>
    </line>
    <line>
      <![CDATA[<tr class="table-warning"><td colspan="2">
 **********************************************************************************************************************
</td></tr>]]>
    </line>
    <line>
      <![CDATA[<tr class="table-warning"><td colspan="2">
 ***********************The name of the Test Finished is :PRODUCT-OFFERING-MS_Accessories_Positive***********************
</td></tr>]]>
    </line>
    <line>
      <![CDATA[<tr class="table-warning"><td colspan="2">
 /-//-//-//-//-//-//-//-//-//-//-//-//-//-//-//-//-//-//-//-/Output Parameters set in SuiteTestContext before Begining of Test /-//-//-//-//-//-//-//-//-//-//-//-//-//-//-//-//-/
</td></tr>]]>
    </line>
    <line>
      <![CDATA[<tr class="table-warning"><td colspan="2">getAllCategoriesResponse	 io.restassured.internal.RestAssuredResponseImpl@2fe88a09</td></tr>]]>
    </line>
    <line>
      <![CDATA[<tr class="table-warning"><td colspan="2">A3SUser	 authentication.a3s.A3SUser@1917d90f</td></tr>]]>
    </line>
    <line>
      <![CDATA[<tr class="table-warning"><td colspan="2">getAllCategories	 restAssuredBase.MSRest@66bfd864</td></tr>]]>
    </line>
    <line>
      <![CDATA[<tr class="table-warning"><td colspan="2">A3SUserList	 {UserIndividualSS=authentication.a3s.A3SUser@1917d90f}</td></tr>]]>
    </line>
    <line>
      <![CDATA[<tr class="table-warning"><td colspan="2">
 /-//-//-//-//-//-//-//-//-//-//-//-//-//-//-//-//-//-//-//-/Output Parameters set in TestContext before Begining of Test /-//-//-//-//-//-//-//-//-//-//-//-//-//-//-//-//-/
</td></tr>]]>
    </line>
    <line>
      <![CDATA[<tr class="table-warning"><td colspan="2">PRODUCT-OFFERING-MS_Accessories_Positive_response	 null</td></tr>]]>
    </line>
    <line>
      <![CDATA[<tr class="table-warning"><td colspan="2">
******************************************The name of the Test Started is :POD-SEARCH-SERVICE-MS_Test_sellable_catalog_items*****************************
</td></tr>]]>
    </line>
    <line>
      <![CDATA[<tr class="table-warning"><td colspan="2">
 /-//-//-//-//-//-//-//-//-//-//-//-//-//-//-//-//-//-//-//-/Input Parameters set in SuiteTestContext before Begining of Test /-//-//-//-//-//-//-//-//-//-//-//-//-//-//-//-//-/
</td></tr>]]>
    </line>
    <line>
      <![CDATA[<tr class="table-warning"><td colspan="2">getAllCategoriesResponse	 io.restassured.internal.RestAssuredResponseImpl@2fe88a09</td></tr>]]>
    </line>
    <line>
      <![CDATA[<tr class="table-warning"><td colspan="2">A3SUser	 authentication.a3s.A3SUser@1917d90f</td></tr>]]>
    </line>
    <line>
      <![CDATA[<tr class="table-warning"><td colspan="2">getAllCategories	 restAssuredBase.MSRest@66bfd864</td></tr>]]>
    </line>
    <line>
      <![CDATA[<tr class="table-warning"><td colspan="2">A3SUserList	 {UserIndividualSS=authentication.a3s.A3SUser@1917d90f}</td></tr>]]>
    </line>
    <line>
      <![CDATA[<tr class="table-warning"><td colspan="2">
 /-//-//-//-//-//-//-//-//-//-//-//-//-//-//-//-//-//-//-//-/Input Parameters set in TestContext before Begining of Test /-//-//-//-//-//-//-//-//-//-//-//-//-//-//-//-//-/
</td></tr>]]>
    </line>
    <line>
      <![CDATA[<tr class="table-warning"><td colspan="2">
 ***********************The name of the TestStep Started is :searchProductOfferingForGivenCategoryId***********************
</td></tr>]]>
    </line>
    <line>
      <![CDATA[<tr class="table-warning"><td colspan="2">
 **********************************************************************************************************************
</td></tr>]]>
    </line>
    <line>
      <![CDATA[<tr class="table-info"><td class="text-dark font-weight-bold">Request Type </td><td class="" >GET</td></tr>]]>
    </line>
    <line>
      <![CDATA[<tr><td class="text-dark font-weight-bold">URI </td><td class="" > http://ilocpde01w02.corp.amdocs.com:33636/productOfferingDiscovery/v1/searchProductOffering?categoryIds=a772d84d65a34e61a485703f28f3daea&pageSize=-1&salesChannel=SelfService </td></tr>]]>
    </line>
    <line>
      <![CDATA[<tr><td class="text-dark font-weight-bold" colspan="2">Headers : </td></tr>]]>
    </line>
    <line>
      <![CDATA[<tr>]]>
    </line>
    <line>
      <![CDATA[<td class="text-dark font-weight-bold" >Authorization :</td>]]>
    </line>
    <line>
      <![CDATA[<td class="" >]]>
    </line>
    <line>
      <![CDATA[<a href="" class="alert-link" data-toggle="modal" data-target="#rest_assured_logger_modal_value_109">Show</a>]]>
    </line>
    <line>
      <![CDATA[<div class="modal fade"  id="rest_assured_logger_modal_value_109" tabindex="-1" role="dialog">]]>
    </line>
    <line>
      <![CDATA[<div class="modal-dialog" role="document">]]>
    </line>
    <line>
      <![CDATA[<div class="modal-content">]]>
    </line>
    <line>
      <![CDATA[<div class="modal-header text-white bg-info">]]>
    </line>
    <line>
      <![CDATA[<h5 class="modal-title" id="title1">Authorization</h5>]]>
    </line>
    <line>
      <![CDATA[<span class="h6 text-light ml-2 mt-2">(click on the Text to copy)</span>]]>
    </line>
    <line>
      <![CDATA[<button type="button" class="close" data-dismiss="modal" aria-label="Close">]]>
    </line>
    <line>
      <![CDATA[<span aria-hidden="true">&times;</span>]]>
    </line>
    <line>
      <![CDATA[</button>]]>
    </line>
    <line>
      <![CDATA[</div>]]>
    </line>
    <line>
      <![CDATA[<div onClick="copyMePlease(this)" class="modal-body">]]>
    </line>
    <line>
      <![CDATA[Bearer eyJ4NXQjUzI1NiI6IkxEbGVvYldaYmVZcG9pb0Q0R1hrMWp3US8rUWd1MUs1eXNzQ1JpN3BtelE9IiwidHlwIjoiSldUIiwiYWxnIjoiUlMyNTYifQ.eyJzdWIiOiJBdXRvbWF0aW9uXzYxOTk2Nzg0M19JbmRpdmlkdWFsIiwicm9sZXMiOlsiQ3JlYXRlQ3VzdG9tZXJFbnRpdHkiLCJTVFMtQ29tbW9uIiwiR2V0Q3VzdG9tZXIiLCJvcmRlckNoYW5nZU93bmVyc2hpcCIsIkV2YWx1YXRlQ3JlZGl0UHJvZmlsZSIsIlNlYXJjaEluZGl2aWR1YWwiLCJXcml0ZSIsIkNyZWF0ZVBheW1lbnRNZXRob2QiLCJVcGRhdGVJbmRpdmlkdWFsIiwiQ3JlYXRlSW5kaXZpZHVhbCIsIlByb2R1Y3RPcmRlckxhdW5jaGVyVXBkYXRlIiwiQWRkUmVsYXRlZFBhcnR5IiwiUEFQLVBVIiwiUHJvZHVjdE9yZGVyTGF1bmNoZXJDcmVhdGUiLCJQcm9kdWN0T3JkZXJMYXVuY2hlckRlbGV0ZSIsIkFzbVNlcnZpY2VzQXBwSWRlbnRpdHkiLCJSZXRyaWV2ZUN1c3RvbWVyRW50aXR5IiwiQXBwVGVzdGVyUm9sZSIsIlJldHJpZXZlSW5kaXZpZHVhbCIsImNzciIsIkNoYW5nZU93bmVyc2hpcFJvbGUiLCJHZXRJbmRpdmlkdWFsIiwiR2V0Q3VzdG9tZXJFbnRpdHkiLCJBbm9ueW1vdXNVc2VyUm9sZSIsIkRlbGV0ZUluZGl2aWR1YWwiLCJDcmVhdGVDdXN0b21lciIsIlVwZGF0ZUNyZWRpdFByb2ZpbGUiLCJEZWxldGVDcmVkaXRQcm9maWxlIiwiUHJvZHVjdE9yZGVyTGF1bmNoZXJSZWFkIiwiQ2F0YWxvZ09uZS5pbXBvcnRlciIsIlJldHJpZXZlQ3VzdG9tZXIiLCJSZXRyZWl2ZVBheW1lbnRNZXRob2QiLCJQQVAtQ29tbW9uIl0sImN1c3RvbWVySWQiOiJDdXN0b21lcl80MDMwOCIsImlzcyI6IkEzU1pvbmUxQEEzUy5hbWRvY3MuY29tIiwib2l0IjoxNTM3MjYzNjYxLCJzYWxlc0NoYW5uZWwiOiJTZWxmU2VydmljZSIsImV4cCI6MTUzNzI3MDg2MSwiaWF0IjoxNTM3MjYzNjYxLCJ0dGwiOjE1MzcyOTI0NjEsImp0aSI6ImNlZTlmNmY1YWU1MTZjZTJiZmU4MWMzZWZkZTgzNjAwYjVhMmY4YTg4ZWE3ODk5MTM0YTExMTYzZWFlYjRkNjIifQ.dXtXc2kNxzUZdfDBdmw81e8Jmr0wtZpsePmvqE8HNiHKSAT4IpfkW6VsAi7oSe8-ID3bbPGkDWh0U7lctqxX9hB7LCEXGamt7hrgC38MOZeLXSicig1O_0_IIIFVc9b5T_G9Zfy0XF8KQyWC7FksN3NxUU8gNr7ck-ZUkmKEDV1FoyfsTZgQDAthv3FU3nOnyd_rQ33EKQFbpHmvbm3gmz4pb1liY5xkUeGM_Eh0gq7oTeg7BiR0rrZoHktCgJzKexvhupLADp_a-qW9p0GMcbemj7GafZ0MWDOeBN4kXfXbw3AxBAjfyP9s5_SLzjdexfDoczneyYF4sCrPwxtxWg]]>
    </line>
    <line>
      <![CDATA[</div>]]>
    </line>
    <line>
      <![CDATA[</div>]]>
    </line>
    <line>
      <![CDATA[</div>]]>
    </line>
    <line>
      <![CDATA[</div>]]>
    </line>
    <line>
      <![CDATA[</td>]]>
    </line>
    <line>
      <![CDATA[</tr>]]>
    </line>
    <line>
      <![CDATA[<tr><td class="text-dark font-weight-bold">Accept-Language </td><td class="" > en_US </td></tr>]]>
    </line>
    <line>
      <![CDATA[<tr><td class="text-dark font-weight-bold">Content-Type </td><td class="" > application/json </td></tr>]]>
    </line>
    <line>
      <![CDATA[<tr>]]>
    </line>
    <line>
      <![CDATA[<td class="text-dark font-weight-bold" >Payload :</td>]]>
    </line>
    <line>
      <![CDATA[<td class="" >]]>
    </line>
    <line>
      <![CDATA[<a href="" class="alert-link" data-toggle="modal" data-target="#rest_assured_logger_modal_value_110">Show</a>]]>
    </line>
    <line>
      <![CDATA[<div class="modal fade"  id="rest_assured_logger_modal_value_110" tabindex="-1" role="dialog">]]>
    </line>
    <line>
      <![CDATA[<div class="modal-dialog" role="document">]]>
    </line>
    <line>
      <![CDATA[<div class="modal-content">]]>
    </line>
    <line>
      <![CDATA[<div class="modal-header text-white bg-info">]]>
    </line>
    <line>
      <![CDATA[<h5 class="modal-title" id="title1">Payload</h5>]]>
    </line>
    <line>
      <![CDATA[<span class="h6 text-light ml-2 mt-2">(click on the Text to copy)</span>]]>
    </line>
    <line>
      <![CDATA[<button type="button" class="close" data-dismiss="modal" aria-label="Close">]]>
    </line>
    <line>
      <![CDATA[<span aria-hidden="true">&times;</span>]]>
    </line>
    <line>
      <![CDATA[</button>]]>
    </line>
    <line>
      <![CDATA[</div>]]>
    </line>
    <line>
      <![CDATA[<div onClick="copyMePlease(this)" class="modal-body">]]>
    </line>
    <line>
      <![CDATA[None]]>
    </line>
    <line>
      <![CDATA[</div>]]>
    </line>
    <line>
      <![CDATA[</div>]]>
    </line>
    <line>
      <![CDATA[</div>]]>
    </line>
    <line>
      <![CDATA[</div>]]>
    </line>
    <line>
      <![CDATA[</td>]]>
    </line>
    <line>
      <![CDATA[</tr>]]>
    </line>
    <line>
      <![CDATA[<tr>]]>
    </line>
    <line>
      <![CDATA[<td class="text-dark font-weight-bold" >Response Header :</td>]]>
    </line>
    <line>
      <![CDATA[<td class="" >]]>
    </line>
    <line>
      <![CDATA[<a href="" class="alert-link" data-toggle="modal" data-target="#modal_value_37">Show</a>]]>
    </line>
    <line>
      <![CDATA[<div class="modal fade"  id="modal_value_37" tabindex="-1" role="dialog">]]>
    </line>
    <line>
      <![CDATA[<div class="modal-dialog" role="document">]]>
    </line>
    <line>
      <![CDATA[<div class="modal-content">]]>
    </line>
    <line>
      <![CDATA[<div class="modal-header text-white bg-info">]]>
    </line>
    <line>
      <![CDATA[<h5 class="modal-title" id="title1">Response Header</h5>]]>
    </line>
    <line>
      <![CDATA[<span class="h6 text-light ml-2 mt-2">(click on the Text to copy)</span>]]>
    </line>
    <line>
      <![CDATA[<button type="button" class="close" data-dismiss="modal" aria-label="Close">]]>
    </line>
    <line>
      <![CDATA[<span aria-hidden="true">&times;</span>]]>
    </line>
    <line>
      <![CDATA[</button>]]>
    </line>
    <line>
      <![CDATA[</div>]]>
    </line>
    <line>
      <![CDATA[<div onClick="copyMePlease(this)" class="modal-body">]]>
    </line>
    <line>
      <![CDATA[X-Content-Type-Options=nosniff
	X-XSS-Protection=1; mode=block
	Cache-Control=no-cache, no-store, max-age=0, must-revalidate
	Pragma=no-cache
	Expires=0
	X-Frame-Options=DENY
	X-Application-Context=pod-search-ms:8080
	X-Total-Count=10
	X-Pagination-Total-Pages=2
	Content-Type=application/json;charset=UTF-8
	Transfer-Encoding=chunked
	Date=Tue, 18 Sep 2018 09:41:05 GMT]]>
    </line>
    <line>
      <![CDATA[</div>]]>
    </line>
    <line>
      <![CDATA[</div>]]>
    </line>
    <line>
      <![CDATA[</div>]]>
    </line>
    <line>
      <![CDATA[</div>]]>
    </line>
    <line>
      <![CDATA[</td>]]>
    </line>
    <line>
      <![CDATA[</tr>]]>
    </line>
    <line>
      <![CDATA[<tr>]]>
    </line>
    <line>
      <![CDATA[<td class="text-dark font-weight-bold" >Response :</td>]]>
    </line>
    <line>
      <![CDATA[<td class="" >]]>
    </line>
    <line>
      <![CDATA[<a href="" class="alert-link" data-toggle="modal" data-target="#rest_assured_logger_modal_value_111">Show</a>]]>
    </line>
    <line>
      <![CDATA[<div class="modal fade"  id="rest_assured_logger_modal_value_111" tabindex="-1" role="dialog">]]>
    </line>
    <line>
      <![CDATA[<div class="modal-dialog" role="document">]]>
    </line>
    <line>
      <![CDATA[<div class="modal-content">]]>
    </line>
    <line>
      <![CDATA[<div class="modal-header text-white bg-info">]]>
    </line>
    <line>
      <![CDATA[<h5 class="modal-title" id="title1">Response</h5>]]>
    </line>
    <line>
      <![CDATA[<span class="h6 text-light ml-2 mt-2">(click on the Text to copy)</span>]]>
    </line>
    <line>
      <![CDATA[<button type="button" class="close" data-dismiss="modal" aria-label="Close">]]>
    </line>
    <line>
      <![CDATA[<span aria-hidden="true">&times;</span>]]>
    </line>
    <line>
      <![CDATA[</button>]]>
    </line>
    <line>
      <![CDATA[</div>]]>
    </line>
    <line>
      <![CDATA[<div onClick="copyMePlease(this)" class="modal-body">]]>
    </line>
    <line>
      <![CDATA[[{"id":"3654fd14c8a34dbfb34e3d5331a71238","href":null,"name":null,"localizedName":"Stream Saver","description":null,"isBundle":false,"isEnabledBy":true,"paymentMngType":null,"validFor":{"startDateTime":"2017-01-01T00:00:00Z","endDateTime":null},"productOfferingType":"T_Stream_Saver","characteristic":[{"name":"Resolution_Limit","localizedName":"Resolution Limit","valueType":"String","descriptiveCharacteristicValue":[{"default":true,"value":"480pi","localizedValue":"SD","valueFrom":"0","valueTo":"0","unitOfMeasure":null}],"productSpecification":"873fb852ab1d4d09ad390c87e442acb1"}],"bundledProductOffering":[],"bundledProductOfferGroupOption":[],"variantGroup":[],"itemTotalPrice":[{"id":null,"name":null,"description":null,"priceType":"RC","unitOfMeasure":null,"recurringChargePeriod":"1/month","price":{"taxIncludedAmount":{"unit":"USD","value":8.8},"dutyFreeAmount":{"unit":"USD","value":8},"taxAmount":{"unit":"USD","value":0.8},"taxRate":10.0,"percentage":null,"priceReduction":null,"priceOverride":null},"finalPrice":{"taxIncludedAmount":{"unit":"USD","value":8.8},"dutyFreeAmount":{"unit":"USD","value":8},"taxAmount":{"unit":"USD","value":0.8},"taxRate":10.0,"percentage":null,"priceReduction":null,"priceOverride":null},"standalonePrice":{"taxIncludedAmount":null,"dutyFreeAmount":null,"taxAmount":null,"taxRate":null,"percentage":null,"priceReduction":null,"priceOverride":null},"priceAlteration":[]}],"itemPrice":[{"id":"65a1314c3cda42ee998deababd1dc851","name":"Stream Saver Charge","description":null,"priceType":"RC","unitOfMeasure":null,"recurringChargePeriod":"1/month","price":{"taxIncludedAmount":{"unit":"USD","value":8.8},"dutyFreeAmount":{"unit":"USD","value":8},"taxAmount":{"unit":"USD","value":0.8},"taxRate":10.0,"percentage":null,"priceReduction":null,"priceOverride":null},"finalPrice":{"taxIncludedAmount":{"unit":"USD","value":8.8},"dutyFreeAmount":{"unit":"USD","value":8},"taxAmount":{"unit":"USD","value":0.8},"taxRate":10.0,"percentage":null,"priceReduction":null,"priceOverride":null},"standalonePrice":{"taxIncludedAmount":null,"dutyFreeAmount":null,"taxAmount":null,"taxRate":null,"percentage":null,"priceReduction":null,"priceOverride":null},"priceAlteration":[]}],"productOfferingTerm":[],"attachment":[],"immediatePromotion":[]},{"id":"4473e3f80ccd42a6a531d34bdb7c1aa8","href":null,"name":null,"localizedName":"Video Streaming HD","description":null,"isBundle":false,"isEnabledBy":true,"paymentMngType":null,"validFor":{"startDateTime":"2017-01-01T00:00:00Z","endDateTime":null},"productOfferingType":"T_Video_Streaming","characteristic":[{"name":"Resolution","localizedName":"Resolution","valueType":"String","descriptiveCharacteristicValue":[{"default":true,"value":"1080i","localizedValue":"Full HD","valueFrom":"0","valueTo":"0","unitOfMeasure":null}],"productSpecification":"5538d8443e3e4d14beb7dbaf1f3ffac8"}],"bundledProductOffering":[],"bundledProductOfferGroupOption":[],"variantGroup":[],"itemTotalPrice":[{"id":null,"name":null,"description":null,"priceType":"RC","unitOfMeasure":null,"recurringChargePeriod":"1/month","price":{"taxIncludedAmount":{"unit":"USD","value":11.0},"dutyFreeAmount":{"unit":"USD","value":10},"taxAmount":{"unit":"USD","value":1.0},"taxRate":10.0,"percentage":null,"priceReduction":null,"priceOverride":null},"finalPrice":{"taxIncludedAmount":{"unit":"USD","value":11.0},"dutyFreeAmount":{"unit":"USD","value":10},"taxAmount":{"unit":"USD","value":1.0},"taxRate":10.0,"percentage":null,"priceReduction":null,"priceOverride":null},"standalonePrice":{"taxIncludedAmount":null,"dutyFreeAmount":null,"taxAmount":null,"taxRate":null,"percentage":null,"priceReduction":null,"priceOverride":null},"priceAlteration":[]}],"itemPrice":[{"id":"bff9b395ac3f4cbcbcd80f8d0520eefa","name":"Video Streaming HD Charge","description":null,"priceType":"RC","unitOfMeasure":null,"recurringChargePeriod":"1/month","price":{"taxIncludedAmount":{"unit":"USD","value":11.0},"dutyFreeAmount":{"unit":"USD","value":10},"taxAmount":{"unit":"USD","value":1.0},"taxRate":10.0,"percentage":null,"priceReduction":null,"priceOverride":null},"finalPrice":{"taxIncludedAmount":{"unit":"USD","value":11.0},"dutyFreeAmount":{"unit":"USD","value":10},"taxAmount":{"unit":"USD","value":1.0},"taxRate":10.0,"percentage":null,"priceReduction":null,"priceOverride":null},"standalonePrice":{"taxIncludedAmount":null,"dutyFreeAmount":null,"taxAmount":null,"taxRate":null,"percentage":null,"priceReduction":null,"priceOverride":null},"priceAlteration":[]}],"productOfferingTerm":[],"attachment":[],"immediatePromotion":[]},{"id":"2856fb130a954f26a080f7dfa988d2c6","href":null,"name":null,"localizedName":"Customer Care","description":"Customer Care Service","isBundle":false,"isEnabledBy":false,"paymentMngType":null,"validFor":{"startDateTime":"2017-01-01T00:00:00Z","endDateTime":null},"productOfferingType":"T_Customer_Care","characteristic":[],"bundledProductOffering":[],"bundledProductOfferGroupOption":[],"variantGroup":[],"itemTotalPrice":[{"id":null,"name":null,"description":null,"priceType":"RC","unitOfMeasure":null,"recurringChargePeriod":"1/month","price":{"taxIncludedAmount":{"unit":"USD","value":8.8},"dutyFreeAmount":{"unit":"USD","value":8},"taxAmount":{"unit":"USD","value":0.8},"taxRate":10.0,"percentage":null,"priceReduction":null,"priceOverride":null},"finalPrice":{"taxIncludedAmount":{"unit":"USD","value":8.8},"dutyFreeAmount":{"unit":"USD","value":8},"taxAmount":{"unit":"USD","value":0.8},"taxRate":10.0,"percentage":null,"priceReduction":null,"priceOverride":null},"standalonePrice":{"taxIncludedAmount":null,"dutyFreeAmount":null,"taxAmount":null,"taxRate":null,"percentage":null,"priceReduction":null,"priceOverride":null},"priceAlteration":[]}],"itemPrice":[{"id":"d67d7211c82149b9a697328610af1e81","name":"Customer Care charge","description":null,"priceType":"RC","unitOfMeasure":null,"recurringChargePeriod":"1/month","price":{"taxIncludedAmount":{"unit":"USD","value":8.8},"dutyFreeAmount":{"unit":"USD","value":8},"taxAmount":{"unit":"USD","value":0.8},"taxRate":10.0,"percentage":null,"priceReduction":null,"priceOverride":null},"finalPrice":{"taxIncludedAmount":{"unit":"USD","value":8.8},"dutyFreeAmount":{"unit":"USD","value":8},"taxAmount":{"unit":"USD","value":0.8},"taxRate":10.0,"percentage":null,"priceReduction":null,"priceOverride":null},"standalonePrice":{"taxIncludedAmount":null,"dutyFreeAmount":null,"taxAmount":null,"taxRate":null,"percentage":null,"priceReduction":null,"priceOverride":null},"priceAlteration":[]}],"productOfferingTerm":[],"attachment":[],"immediatePromotion":[]},{"id":"80503b4623814919ba22f157fa5287b8","href":null,"name":null,"localizedName":"Enhanced Voicemail","description":"Enhanced Voicemail","isBundle":false,"isEnabledBy":true,"paymentMngType":null,"validFor":{"startDateTime":"2017-02-01T00:00:00Z","endDateTime":null},"productOfferingType":"Voicemail","characteristic":[{"name":"Voicemail_Type","localizedName":"Voicemail Type","valueType":"String","descriptiveCharacteristicValue":[{"default":true,"value":"Enhanced","localizedValue":"Enhanced","valueFrom":"0","valueTo":"0","unitOfMeasure":null}],"productSpecification":"8773a347c8fa4779b5e035293ff6e4ca"},{"name":"Voicemail_ID","localizedName":"Voicemail ID","valueType":"String","descriptiveCharacteristicValue":[],"productSpecification":"8773a347c8fa4779b5e035293ff6e4ca"}],"bundledProductOffering":[],"bundledProductOfferGroupOption":[],"variantGroup":[],"itemTotalPrice":[],"itemPrice":[{"id":"747acb45016c429582ccd28b472b502d","name":null,"description":null,"priceType":null,"unitOfMeasure":null,"recurringChargePeriod":null,"price":{"taxIncludedAmount":null,"dutyFreeAmount":null,"taxAmount":null,"taxRate":null,"percentage":null,"priceReduction":null,"priceOverride":null},"finalPrice":{"taxIncludedAmount":null,"dutyFreeAmount":null,"taxAmount":null,"taxRate":null,"percentage":null,"priceReduction":null,"priceOverride":null},"standalonePrice":{"taxIncludedAmount":null,"dutyFreeAmount":null,"taxAmount":null,"taxRate":null,"percentage":null,"priceReduction":null,"priceOverride":null},"priceAlteration":[]},{"id":"44019fb0eb42404c9bfab77b1f5611b1","name":"Enhanced Voicemail charge","description":null,"priceType":"RC","unitOfMeasure":null,"recurringChargePeriod":"1/month","price":{"taxIncludedAmount":{"unit":"USD","value":3.3},"dutyFreeAmount":{"unit":"USD","value":3},"taxAmount":{"unit":"USD","value":0.3},"taxRate":10.0,"percentage":null,"priceReduction":null,"priceOverride":null},"finalPrice":{"taxIncludedAmount":{"unit":"USD","value":3.3},"dutyFreeAmount":{"unit":"USD","value":3},"taxAmount":{"unit":"USD","value":0.3},"taxRate":10.0,"percentage":null,"priceReduction":null,"priceOverride":null},"standalonePrice":{"taxIncludedAmount":null,"dutyFreeAmount":null,"taxAmount":null,"taxRate":null,"percentage":null,"priceReduction":null,"priceOverride":null},"priceAlteration":[]}],"productOfferingTerm":[],"attachment":[{"name":"Voicemail icon","type":"image","description":null,"url":"http://portfolio1srv.corp.amdocs.com/voicemail.svg","mimeType":"image/png"}],"immediatePromotion":[]},{"id":"c8ef89ee77284796ba0d059f4b730a37","href":null,"name":null,"localizedName":"Spotify Premium","description":"Spotify gives you access to millions of songs on Spotify.  Play your favorites, discover new tracks, and build the perfect collection","isBundle":false,"isEnabledBy":true,"paymentMngType":null,"validFor":{"startDateTime":"2017-01-03T00:00:00Z","endDateTime":null},"productOfferingType":"Entertainment","characteristic":[],"bundledProductOffering":[],"bundledProductOfferGroupOption":[],"variantGroup":[],"itemTotalPrice":[{"id":null,"name":null,"description":null,"priceType":"RC","unitOfMeasure":null,"recurringChargePeriod":"1/month","price":{"taxIncludedAmount":{"unit":"USD","value":2.189},"dutyFreeAmount":{"unit":"USD","value":1.99},"taxAmount":{"unit":"USD","value":0.199},"taxRate":10.0,"percentage":null,"priceReduction":null,"priceOverride":null},"finalPrice":{"taxIncludedAmount":{"unit":"USD","value":2.189},"dutyFreeAmount":{"unit":"USD","value":1.99},"taxAmount":{"unit":"USD","value":0.199},"taxRate":10.0,"percentage":null,"priceReduction":null,"priceOverride":null},"standalonePrice":{"taxIncludedAmount":null,"dutyFreeAmount":null,"taxAmount":null,"taxRate":null,"percentage":null,"priceReduction":null,"priceOverride":null},"priceAlteration":[]}],"itemPrice":[{"id":"0bc5912c41594da09384e3dd144c3194","name":"Spotify Premium RC charge","description":"Spotify Premium at $1.99 a month","priceType":"RC","unitOfMeasure":null,"recurringChargePeriod":"1/month","price":{"taxIncludedAmount":{"unit":"USD","value":2.189},"dutyFreeAmount":{"unit":"USD","value":1.99},"taxAmount":{"unit":"USD","value":0.199},"taxRate":10.0,"percentage":null,"priceReduction":null,"priceOverride":null},"finalPrice":{"taxIncludedAmount":{"unit":"USD","value":2.189},"dutyFreeAmount":{"unit":"USD","value":1.99},"taxAmount":{"unit":"USD","value":0.199},"taxRate":10.0,"percentage":null,"priceReduction":null,"priceOverride":null},"standalonePrice":{"taxIncludedAmount":null,"dutyFreeAmount":null,"taxAmount":null,"taxRate":null,"percentage":null,"priceReduction":null,"priceOverride":null},"priceAlteration":[]}],"productOfferingTerm":[],"attachment":[],"immediatePromotion":[]}]]]>
    </line>
    <line>
      <![CDATA[</div>]]>
    </line>
    <line>
      <![CDATA[</div>]]>
    </line>
    <line>
      <![CDATA[</div>]]>
    </line>
    <line>
      <![CDATA[</div>]]>
    </line>
    <line>
      <![CDATA[</td>]]>
    </line>
    <line>
      <![CDATA[</tr>]]>
    </line>
    <line>
      <![CDATA[<tr class="table-success"><td colspan="2">Response status: expected=200 actual=200; Value: true</td></tr>]]>
    </line>
    <line>
      <![CDATA[<tr class="table-warning"><td colspan="2">
 ***********************The name of the TestStep Passed is :searchProductOfferingForGivenCategoryId***********************
</td></tr>]]>
    </line>
    <line>
      <![CDATA[<tr class="table-warning"><td colspan="2">
 **********************************************************************************************************************
</td></tr>]]>
    </line>
    <line>
      <![CDATA[<tr class="table-warning"><td colspan="2">
 ***********************The name of the Test Finished is :POD-SEARCH-SERVICE-MS_Test_sellable_catalog_items***********************
</td></tr>]]>
    </line>
    <line>
      <![CDATA[<tr class="table-warning"><td colspan="2">
 /-//-//-//-//-//-//-//-//-//-//-//-//-//-//-//-//-//-//-//-/Output Parameters set in SuiteTestContext before Begining of Test /-//-//-//-//-//-//-//-//-//-//-//-//-//-//-//-//-/
</td></tr>]]>
    </line>
    <line>
      <![CDATA[<tr class="table-warning"><td colspan="2">getAllCategoriesResponse	 io.restassured.internal.RestAssuredResponseImpl@2fe88a09</td></tr>]]>
    </line>
    <line>
      <![CDATA[<tr class="table-warning"><td colspan="2">A3SUser	 authentication.a3s.A3SUser@1917d90f</td></tr>]]>
    </line>
    <line>
      <![CDATA[<tr class="table-warning"><td colspan="2">getAllCategories	 restAssuredBase.MSRest@66bfd864</td></tr>]]>
    </line>
    <line>
      <![CDATA[<tr class="table-warning"><td colspan="2">A3SUserList	 {UserIndividualSS=authentication.a3s.A3SUser@1917d90f}</td></tr>]]>
    </line>
    <line>
      <![CDATA[<tr class="table-warning"><td colspan="2">
 /-//-//-//-//-//-//-//-//-//-//-//-//-//-//-//-//-//-//-//-/Output Parameters set in TestContext before Begining of Test /-//-//-//-//-//-//-//-//-//-//-//-//-//-//-//-//-/
</td></tr>]]>
    </line>
    <line>
      <![CDATA[<tr class="table-warning"><td colspan="2">POD-SEARCH-SERVICE-MS_Test_sellable_catalog_items_response	 null</td></tr>]]>
    </line>
    <line>
      <![CDATA[<tr class="table-warning"><td colspan="2">productOfferingResponse	 null</td></tr>]]>
    </line>
    <line>
      <![CDATA[CNFT reports: C:\share\framework\order_capture_test\test-output\ctLogs]]>
    </line>
    <line>
      <![CDATA[<tr class="table-warning"><td colspan="2">Form @AfterSuite: found 1 users. Deleting all.</td></tr>]]>
    </line>
    <line>
      <![CDATA[<tr class="table-warning"><td colspan="2">Deleting logged in users. Users are: </td></tr>]]>
    </line>
    <line>
      <![CDATA[<tr class="table-warning"><td colspan="2">UserIndividualSS (Automation_619967843_Individual)</td></tr>]]>
    </line>
    <line>
      <![CDATA[<tr class="table-light"><td colspan="2">JSON file loaded successfully. File: /src/test/resources/ct/payload/A3S/User.json</td></tr>]]>
    </line>
    <line>
      <![CDATA[<tr class="table-light"><td colspan="2">JSON value updated. JSON path: $.users[0].id; Value: Automation_619967843_Individual</td></tr>]]>
    </line>
    <line>
      <![CDATA[<tr class="table-light"><td colspan="2">JSON value updated. JSON path: $.users[0].userName; Value: Automation_619967843_Individual</td></tr>]]>
    </line>
    <line>
      <![CDATA[<tr class="table-light"><td colspan="2">JSON value updated. JSON path: $.operation.createNew; Value: false</td></tr>]]>
    </line>
    <line>
      <![CDATA[<tr class="table-light"><td colspan="2">JSON value updated. JSON path: $.operation.deleteFirst; Value: true</td></tr>]]>
    </line>
    <line>
      <![CDATA[<tr class="table-light"><td colspan="2">JSON value updated. JSON path: $.operation.updateExisting; Value: false</td></tr>]]>
    </line>
    <line>
      <![CDATA[<tr class="table-info"><td class="text-dark font-weight-bold">Request Type </td><td class="" >POST</td></tr>]]>
    </line>
    <line>
      <![CDATA[<tr><td class="text-dark font-weight-bold">URI </td><td class="" > http://ilocpde01w02.corp.amdocs.com:30525/asmServices/services/v1.0/users/bulk </td></tr>]]>
    </line>
    <line>
      <![CDATA[<tr><td class="text-dark font-weight-bold" colspan="2">Headers : </td></tr>]]>
    </line>
    <line>
      <![CDATA[<tr>]]>
    </line>
    <line>
      <![CDATA[<td class="text-dark font-weight-bold" >Authorization :</td>]]>
    </line>
    <line>
      <![CDATA[<td class="" >]]>
    </line>
    <line>
      <![CDATA[<a href="" class="alert-link" data-toggle="modal" data-target="#rest_assured_logger_modal_value_112">Show</a>]]>
    </line>
    <line>
      <![CDATA[<div class="modal fade"  id="rest_assured_logger_modal_value_112" tabindex="-1" role="dialog">]]>
    </line>
    <line>
      <![CDATA[<div class="modal-dialog" role="document">]]>
    </line>
    <line>
      <![CDATA[<div class="modal-content">]]>
    </line>
    <line>
      <![CDATA[<div class="modal-header text-white bg-info">]]>
    </line>
    <line>
      <![CDATA[<h5 class="modal-title" id="title1">Authorization</h5>]]>
    </line>
    <line>
      <![CDATA[<span class="h6 text-light ml-2 mt-2">(click on the Text to copy)</span>]]>
    </line>
    <line>
      <![CDATA[<button type="button" class="close" data-dismiss="modal" aria-label="Close">]]>
    </line>
    <line>
      <![CDATA[<span aria-hidden="true">&times;</span>]]>
    </line>
    <line>
      <![CDATA[</button>]]>
    </line>
    <line>
      <![CDATA[</div>]]>
    </line>
    <line>
      <![CDATA[<div onClick="copyMePlease(this)" class="modal-body">]]>
    </line>
    <line>
      <![CDATA[Basic YTNzRGVwbG95ZXI6QTNzRGVwbG95ZXIh]]>
    </line>
    <line>
      <![CDATA[</div>]]>
    </line>
    <line>
      <![CDATA[</div>]]>
    </line>
    <line>
      <![CDATA[</div>]]>
    </line>
    <line>
      <![CDATA[</div>]]>
    </line>
    <line>
      <![CDATA[</td>]]>
    </line>
    <line>
      <![CDATA[</tr>]]>
    </line>
    <line>
      <![CDATA[<tr><td class="text-dark font-weight-bold">Accept </td><td class="" > application/json </td></tr>]]>
    </line>
    <line>
      <![CDATA[<tr><td class="text-dark font-weight-bold">Content-Type </td><td class="" > application/json </td></tr>]]>
    </line>
    <line>
      <![CDATA[<tr>]]>
    </line>
    <line>
      <![CDATA[<td class="text-dark font-weight-bold" >Payload :</td>]]>
    </line>
    <line>
      <![CDATA[<td class="" >]]>
    </line>
    <line>
      <![CDATA[<a href="" class="alert-link" data-toggle="modal" data-target="#rest_assured_logger_modal_value_113">Show</a>]]>
    </line>
    <line>
      <![CDATA[<div class="modal fade"  id="rest_assured_logger_modal_value_113" tabindex="-1" role="dialog">]]>
    </line>
    <line>
      <![CDATA[<div class="modal-dialog" role="document">]]>
    </line>
    <line>
      <![CDATA[<div class="modal-content">]]>
    </line>
    <line>
      <![CDATA[<div class="modal-header text-white bg-info">]]>
    </line>
    <line>
      <![CDATA[<h5 class="modal-title" id="title1">Payload</h5>]]>
    </line>
    <line>
      <![CDATA[<span class="h6 text-light ml-2 mt-2">(click on the Text to copy)</span>]]>
    </line>
    <line>
      <![CDATA[<button type="button" class="close" data-dismiss="modal" aria-label="Close">]]>
    </line>
    <line>
      <![CDATA[<span aria-hidden="true">&times;</span>]]>
    </line>
    <line>
      <![CDATA[</button>]]>
    </line>
    <line>
      <![CDATA[</div>]]>
    </line>
    <line>
      <![CDATA[<div onClick="copyMePlease(this)" class="modal-body">]]>
    </line>
    <line>
      <![CDATA[{"users":[{"id":"Automation_619967843_Individual","userName":"Automation_619967843_Individual","userType":"UamsUser","password":"Unix11!","roles":["AdminRole","CreateCustomer","GetCustomer","AddRelatedParty","GetIndividual","DeleteIndividual","CreateIndividual","RetrieveIndividual","SearchIndividual","UpdateIndividual","RetrieveCustomer","RetrieveCustomerEntity","CreatePaymentMethod","CreateCustomerEntity","EvaluateCreditProfile","UpdateCreditProfile","DeleteCreditProfile","Write","ProductOrderLauncherCreate"],"a3sUserExtension":{"properties":{"OperatorID":154,"customerId":"customer_154","salesChannel":"SS"}}}],"operation":{"deleteFirst":true,"updateExisting":false,"createNew":false,"returnProcessedObjects":true,"failOnError":false}}]]>
    </line>
    <line>
      <![CDATA[</div>]]>
    </line>
    <line>
      <![CDATA[</div>]]>
    </line>
    <line>
      <![CDATA[</div>]]>
    </line>
    <line>
      <![CDATA[</div>]]>
    </line>
    <line>
      <![CDATA[</td>]]>
    </line>
    <line>
      <![CDATA[</tr>]]>
    </line>
    <line>
      <![CDATA[<tr>]]>
    </line>
    <line>
      <![CDATA[<td class="text-dark font-weight-bold" >Response Header :</td>]]>
    </line>
    <line>
      <![CDATA[<td class="" >]]>
    </line>
    <line>
      <![CDATA[<a href="" class="alert-link" data-toggle="modal" data-target="#modal_value_38">Show</a>]]>
    </line>
    <line>
      <![CDATA[<div class="modal fade"  id="modal_value_38" tabindex="-1" role="dialog">]]>
    </line>
    <line>
      <![CDATA[<div class="modal-dialog" role="document">]]>
    </line>
    <line>
      <![CDATA[<div class="modal-content">]]>
    </line>
    <line>
      <![CDATA[<div class="modal-header text-white bg-info">]]>
    </line>
    <line>
      <![CDATA[<h5 class="modal-title" id="title1">Response Header</h5>]]>
    </line>
    <line>
      <![CDATA[<span class="h6 text-light ml-2 mt-2">(click on the Text to copy)</span>]]>
    </line>
    <line>
      <![CDATA[<button type="button" class="close" data-dismiss="modal" aria-label="Close">]]>
    </line>
    <line>
      <![CDATA[<span aria-hidden="true">&times;</span>]]>
    </line>
    <line>
      <![CDATA[</button>]]>
    </line>
    <line>
      <![CDATA[</div>]]>
    </line>
    <line>
      <![CDATA[<div onClick="copyMePlease(this)" class="modal-body">]]>
    </line>
    <line>
      <![CDATA[X-Content-Type-Options=nosniff
	X-XSS-Protection=1; mode=block
	Cache-Control=no-cache, no-store, max-age=0, must-revalidate
	Pragma=no-cache
	Expires=0
	X-Frame-Options=DENY
	X-Application-Context=application:9191
	Date=Tue, 18 Sep 2018 09:41:05 GMT
	Content-Type=application/json
	Content-Length=1711]]>
    </line>
    <line>
      <![CDATA[</div>]]>
    </line>
    <line>
      <![CDATA[</div>]]>
    </line>
    <line>
      <![CDATA[</div>]]>
    </line>
    <line>
      <![CDATA[</div>]]>
    </line>
    <line>
      <![CDATA[</td>]]>
    </line>
    <line>
      <![CDATA[</tr>]]>
    </line>
    <line>
      <![CDATA[<tr>]]>
    </line>
    <line>
      <![CDATA[<td class="text-dark font-weight-bold" >Response :</td>]]>
    </line>
    <line>
      <![CDATA[<td class="" >]]>
    </line>
    <line>
      <![CDATA[<a href="" class="alert-link" data-toggle="modal" data-target="#rest_assured_logger_modal_value_114">Show</a>]]>
    </line>
    <line>
      <![CDATA[<div class="modal fade"  id="rest_assured_logger_modal_value_114" tabindex="-1" role="dialog">]]>
    </line>
    <line>
      <![CDATA[<div class="modal-dialog" role="document">]]>
    </line>
    <line>
      <![CDATA[<div class="modal-content">]]>
    </line>
    <line>
      <![CDATA[<div class="modal-header text-white bg-info">]]>
    </line>
    <line>
      <![CDATA[<h5 class="modal-title" id="title1">Response</h5>]]>
    </line>
    <line>
      <![CDATA[<span class="h6 text-light ml-2 mt-2">(click on the Text to copy)</span>]]>
    </line>
    <line>
      <![CDATA[<button type="button" class="close" data-dismiss="modal" aria-label="Close">]]>
    </line>
    <line>
      <![CDATA[<span aria-hidden="true">&times;</span>]]>
    </line>
    <line>
      <![CDATA[</button>]]>
    </line>
    <line>
      <![CDATA[</div>]]>
    </line>
    <line>
      <![CDATA[<div onClick="copyMePlease(this)" class="modal-body">]]>
    </line>
    <line>
      <![CDATA[{"deletedUsers":[{"schemas":["urn:ietf:params:scim:schemas:core:2.0:User","urn:ietf:params:scim:schemas:extension:com.amdocs.a3s:2.0:User"],"id":"Automation_619967843_Individual","userName":"Automation_619967843_Individual","userType":"UamsUser","active":true,"password":null,"roles":["orderChangeOwnership","CreateIndividual","DeleteCreditProfile","ProductOrderLauncherRead","ChangeOwnershipRole","RetreivePaymentMethod","UpdateIndividual","PAP-Common","csr","GetCustomerEntity","UpdateCreditProfile","RetrieveIndividual","CreateCustomer","STS-Common","Write","CreateCustomerEntity","CatalogOne.importer","CreatePaymentMethod","RetrieveCustomerEntity","EvaluateCreditProfile","RetrieveCustomer","AppTesterRole","ProductOrderLauncherDelete","AsmServicesAppIdentity","ProductOrderLauncherCreate","GetIndividual","PAP-PU","ProductOrderLauncherUpdate","AnonymousUserRole","GetCustomer","DeleteIndividual","SearchIndividual","AddRelatedParty"],"a3sUserExtension":{"expiration":32535122400000,"effectiveDate":0,"successLoginDate":1537263661623,"badLoginDate":0,"badLoginCount":0,"isAccountNonExpired":true,"isAccountNonLocked":true,"isEnabled":true,"isAccountNeverExpired":false,"isExpiring":false,"isInEffective":false,"isCredentialsNonExpired":true,"isCredentialsExpiring":false,"isCredentialsReset":false,"properties":{"customerId":"Customer_40308","OperatorID":154,"salesChannel":"SelfService","UserType":"UamsUser"}},"metadata":{"resourceType":"User","created":1537228800000,"lastModified":1537228800000,"location":"http://ilocpde01w02.corp.amdocs.com:30525/asmServices/services/v1.0/users/bulk","version":null}}],"createdUsers":[],"updatedUsers":[],"numDeleted":1,"numCreated":0,"numUpdated":0,"bulkErrors":[]}]]>
    </line>
    <line>
      <![CDATA[</div>]]>
    </line>
    <line>
      <![CDATA[</div>]]>
    </line>
    <line>
      <![CDATA[</div>]]>
    </line>
    <line>
      <![CDATA[</div>]]>
    </line>
    <line>
      <![CDATA[</td>]]>
    </line>
    <line>
      <![CDATA[</tr>]]>
    </line>
    <line>
      <![CDATA[<tr class="table-success"><td colspan="2">Response status: expected=200 actual=200; Value: true</td></tr>]]>
    </line>
    <line>
      <![CDATA[<tr class="table-light"><td colspan="2">All users are deleted</td></tr>]]>
    </line>
  </reporter-output>
  <suite name="ORDER CAPTURE MAT" duration-ms="0" started-at="2018-09-18T09:41:06Z" finished-at="2018-09-18T09:41:06Z">
    <groups>
    </groups>
  </suite> <!-- ORDER CAPTURE MAT -->
  <suite name="Product-Order-Domain" duration-ms="16955" started-at="2018-09-18T09:40:35Z" finished-at="2018-09-18T09:40:52Z">
    <groups>
    </groups>
    <test name="Automation_Setup" duration-ms="7013" started-at="2018-09-18T09:40:35Z" finished-at="2018-09-18T09:40:42Z">
      <class name="amdocs.initialSetup.AutomationSetup">
        <test-method status="PASS" signature="initialAutomationSetup(java.lang.String, java.lang.String, org.testng.ITestContext)[pri:0, instance:amdocs.initialSetup.AutomationSetup@67205a84]" name="initialAutomationSetup" duration-ms="6993" started-at="2018-09-18T15:10:35Z" finished-at="2018-09-18T15:10:42Z">
          <params>
            <param index="0">
              <value>
                <![CDATA[fit]]>
              </value>
            </param>
            <param index="1">
              <value>
                <![CDATA[FITenvironment]]>
              </value>
            </param>
            <param index="2">
              <value>
                <![CDATA[org.testng.TestRunner@548ad73b]]>
              </value>
            </param>
          </params>
          <reporter-output>
            <line>
              <![CDATA[<tr class="table-light"><td colspan="2">Creating map for care-for-openshift-testing</td></tr>]]>
            </line>
            <line>
              <![CDATA[<tr class="table-info"><td class="text-dark font-weight-bold">Request Type </td><td class="" >GET</td></tr>]]>
            </line>
            <line>
              <![CDATA[<tr><td class="text-dark font-weight-bold">URI </td><td class="" > https://ilocpde01-master.corp.amdocs.com:8443/api/v1/namespaces/care-for-openshift-testing/services </td></tr>]]>
            </line>
            <line>
              <![CDATA[<tr><td class="text-dark font-weight-bold" colspan="2">Headers : </td></tr>]]>
            </line>
            <line>
              <![CDATA[<tr>]]>
            </line>
            <line>
              <![CDATA[<td class="text-dark font-weight-bold" >Authorization :</td>]]>
            </line>
            <line>
              <![CDATA[<td class="" >]]>
            </line>
            <line>
              <![CDATA[<a href="" class="alert-link" data-toggle="modal" data-target="#rest_assured_logger_modal_value_1">Show</a>]]>
            </line>
            <line>
              <![CDATA[<div class="modal fade"  id="rest_assured_logger_modal_value_1" tabindex="-1" role="dialog">]]>
            </line>
            <line>
              <![CDATA[<div class="modal-dialog" role="document">]]>
            </line>
            <line>
              <![CDATA[<div class="modal-content">]]>
            </line>
            <line>
              <![CDATA[<div class="modal-header text-white bg-info">]]>
            </line>
            <line>
              <![CDATA[<h5 class="modal-title" id="title1">Authorization</h5>]]>
            </line>
            <line>
              <![CDATA[<span class="h6 text-light ml-2 mt-2">(click on the Text to copy)</span>]]>
            </line>
            <line>
              <![CDATA[<button type="button" class="close" data-dismiss="modal" aria-label="Close">]]>
            </line>
            <line>
              <![CDATA[<span aria-hidden="true">&times;</span>]]>
            </line>
            <line>
              <![CDATA[</button>]]>
            </line>
            <line>
              <![CDATA[</div>]]>
            </line>
            <line>
              <![CDATA[<div onClick="copyMePlease(this)" class="modal-body">]]>
            </line>
            <line>
              <![CDATA[Bearer eyJhbGciOiJSUzI1NiIsInR5cCI6IkpXVCJ9.eyJpc3MiOiJrdWJlcm5ldGVzL3NlcnZpY2VhY2NvdW50Iiwia3ViZXJuZXRlcy5pby9zZXJ2aWNlYWNjb3VudC9uYW1lc3BhY2UiOiJvYy1jZC0xMDE3LXByYW5hdmQtcGQiLCJrdWJlcm5ldGVzLmlvL3NlcnZpY2VhY2NvdW50L3NlY3JldC5uYW1lIjoiZml0LXNhLXRva2VuLTRsdzZtIiwia3ViZXJuZXRlcy5pby9zZXJ2aWNlYWNjb3VudC9zZXJ2aWNlLWFjY291bnQubmFtZSI6ImZpdC1zYSIsImt1YmVybmV0ZXMuaW8vc2VydmljZWFjY291bnQvc2VydmljZS1hY2NvdW50LnVpZCI6IjljYzViYmMxLWI3MjEtMTFlOC1iYjg2LTAwNTA1NjlhODg3YyIsInN1YiI6InN5c3RlbTpzZXJ2aWNlYWNjb3VudDpvYy1jZC0xMDE3LXByYW5hdmQtcGQ6Zml0LXNhIn0.KMmKTeThNBXz_F_aqQoUpcSw1eXkrR4xr7tITRdfs2IDTLfXzxGfYk9fOni2zyhlVH7lx9mB94bVkI2zWqa7cjR9z1DEW7OxPFq1XQ11yspYFG3tOi0NdNeaD66XB9TIbGEwbQYl92ZDsy5y3eD5echit18B52IMq8nvaNvTNXESzdGqsxtBMnNpUhtYUZy5xgasoKUwTR34rg91XgeZagjVsH2FJ8R7gIB9fXg8-IR4ZatJitxo40caTeHkGUvjI5aGADQCzytee87Yq6fAeXRb9sZcFUFmJkqf7OLl1FQkH41UG3zjfqtc00mNCzpXEVVbuqiw4ghZYNnh1tPJQA]]>
            </line>
            <line>
              <![CDATA[</div>]]>
            </line>
            <line>
              <![CDATA[</div>]]>
            </line>
            <line>
              <![CDATA[</div>]]>
            </line>
            <line>
              <![CDATA[</div>]]>
            </line>
            <line>
              <![CDATA[</td>]]>
            </line>
            <line>
              <![CDATA[</tr>]]>
            </line>
            <line>
              <![CDATA[<tr>]]>
            </line>
            <line>
              <![CDATA[<td class="text-dark font-weight-bold" >Payload :</td>]]>
            </line>
            <line>
              <![CDATA[<td class="" >]]>
            </line>
            <line>
              <![CDATA[<a href="" class="alert-link" data-toggle="modal" data-target="#rest_assured_logger_modal_value_2">Show</a>]]>
            </line>
            <line>
              <![CDATA[<div class="modal fade"  id="rest_assured_logger_modal_value_2" tabindex="-1" role="dialog">]]>
            </line>
            <line>
              <![CDATA[<div class="modal-dialog" role="document">]]>
            </line>
            <line>
              <![CDATA[<div class="modal-content">]]>
            </line>
            <line>
              <![CDATA[<div class="modal-header text-white bg-info">]]>
            </line>
            <line>
              <![CDATA[<h5 class="modal-title" id="title1">Payload</h5>]]>
            </line>
            <line>
              <![CDATA[<span class="h6 text-light ml-2 mt-2">(click on the Text to copy)</span>]]>
            </line>
            <line>
              <![CDATA[<button type="button" class="close" data-dismiss="modal" aria-label="Close">]]>
            </line>
            <line>
              <![CDATA[<span aria-hidden="true">&times;</span>]]>
            </line>
            <line>
              <![CDATA[</button>]]>
            </line>
            <line>
              <![CDATA[</div>]]>
            </line>
            <line>
              <![CDATA[<div onClick="copyMePlease(this)" class="modal-body">]]>
            </line>
            <line>
              <![CDATA[None]]>
            </line>
            <line>
              <![CDATA[</div>]]>
            </line>
            <line>
              <![CDATA[</div>]]>
            </line>
            <line>
              <![CDATA[</div>]]>
            </line>
            <line>
              <![CDATA[</div>]]>
            </line>
            <line>
              <![CDATA[</td>]]>
            </line>
            <line>
              <![CDATA[</tr>]]>
            </line>
            <line>
              <![CDATA[<tr>]]>
            </line>
            <line>
              <![CDATA[<td class="text-dark font-weight-bold" >Response Header :</td>]]>
            </line>
            <line>
              <![CDATA[<td class="" >]]>
            </line>
            <line>
              <![CDATA[<a href="" class="alert-link" data-toggle="modal" data-target="#modal_value_1">Show</a>]]>
            </line>
            <line>
              <![CDATA[<div class="modal fade"  id="modal_value_1" tabindex="-1" role="dialog">]]>
            </line>
            <line>
              <![CDATA[<div class="modal-dialog" role="document">]]>
            </line>
            <line>
              <![CDATA[<div class="modal-content">]]>
            </line>
            <line>
              <![CDATA[<div class="modal-header text-white bg-info">]]>
            </line>
            <line>
              <![CDATA[<h5 class="modal-title" id="title1">Response Header</h5>]]>
            </line>
            <line>
              <![CDATA[<span class="h6 text-light ml-2 mt-2">(click on the Text to copy)</span>]]>
            </line>
            <line>
              <![CDATA[<button type="button" class="close" data-dismiss="modal" aria-label="Close">]]>
            </line>
            <line>
              <![CDATA[<span aria-hidden="true">&times;</span>]]>
            </line>
            <line>
              <![CDATA[</button>]]>
            </line>
            <line>
              <![CDATA[</div>]]>
            </line>
            <line>
              <![CDATA[<div onClick="copyMePlease(this)" class="modal-body">]]>
            </line>
            <line>
              <![CDATA[Cache-Control=no-store
	Content-Type=application/json
	Date=Tue, 18 Sep 2018 09:40:37 GMT
	Transfer-Encoding=chunked]]>
            </line>
            <line>
              <![CDATA[</div>]]>
            </line>
            <line>
              <![CDATA[</div>]]>
            </line>
            <line>
              <![CDATA[</div>]]>
            </line>
            <line>
              <![CDATA[</div>]]>
            </line>
            <line>
              <![CDATA[</td>]]>
            </line>
            <line>
              <![CDATA[</tr>]]>
            </line>
            <line>
              <![CDATA[<tr>]]>
            </line>
            <line>
              <![CDATA[<td class="text-dark font-weight-bold" >Response :</td>]]>
            </line>
            <line>
              <![CDATA[<td class="" >]]>
            </line>
            <line>
              <![CDATA[<a href="" class="alert-link" data-toggle="modal" data-target="#rest_assured_logger_modal_value_3">Show</a>]]>
            </line>
            <line>
              <![CDATA[<div class="modal fade"  id="rest_assured_logger_modal_value_3" tabindex="-1" role="dialog">]]>
            </line>
            <line>
              <![CDATA[<div class="modal-dialog" role="document">]]>
            </line>
            <line>
              <![CDATA[<div class="modal-content">]]>
            </line>
            <line>
              <![CDATA[<div class="modal-header text-white bg-info">]]>
            </line>
            <line>
              <![CDATA[<h5 class="modal-title" id="title1">Response</h5>]]>
            </line>
            <line>
              <![CDATA[<span class="h6 text-light ml-2 mt-2">(click on the Text to copy)</span>]]>
            </line>
            <line>
              <![CDATA[<button type="button" class="close" data-dismiss="modal" aria-label="Close">]]>
            </line>
            <line>
              <![CDATA[<span aria-hidden="true">&times;</span>]]>
            </line>
            <line>
              <![CDATA[</button>]]>
            </line>
            <line>
              <![CDATA[</div>]]>
            </line>
            <line>
              <![CDATA[<div onClick="copyMePlease(this)" class="modal-body">]]>
            </line>
            <line>
              <![CDATA[{"kind":"ServiceList","apiVersion":"v1","metadata":{"selfLink":"/api/v1/namespaces/care-for-openshift-testing/services","resourceVersion":"69531551"},"items":[{"metadata":{"name":"account-billingaccount-service","namespace":"care-for-openshift-testing","selfLink":"/api/v1/namespaces/care-for-openshift-testing/services/account-billingaccount-service","uid":"ca2a76fe-79f7-11e8-b420-0050569ac01d","resourceVersion":"36943688","creationTimestamp":"2018-06-27T10:49:39Z","labels":{"chart":"account-billingaccount-0.1.0-0223","expose":"true","microservice":"account-billingaccount","project":"account-billingaccount-exe","provider":"amdocs","release":"account-billingaccount"},"annotations":{"fabric8.io/iconUrl":"img/icons/spring-boot.svg"}},"spec":{"ports":[{"name":"http","protocol":"TCP","port":8080,"targetPort":8080,"nodePort":31193},{"name":"jacoco","protocol":"TCP","port":6300,"targetPort":6300,"nodePort":30712},{"name":"management","protocol":"TCP","port":18080,"targetPort":18080,"nodePort":32240}],"selector":{"microservice":"account-billingaccount","project":"account-billingaccount-exe","provider":"amdocs","release":"account-billingaccount"},"clusterIP":"172.30.72.145","type":"NodePort","sessionAffinity":"None","externalTrafficPolicy":"Cluster"},"status":{"loadBalancer":{}}},{"metadata":{"name":"asm-services-cloud-service","namespace":"care-for-openshift-testing","selfLink":"/api/v1/namespaces/care-for-openshift-testing/services/asm-services-cloud-service","uid":"e9228cf3-79e6-11e8-b420-0050569ac01d","resourceVersion":"36943691","creationTimestamp":"2018-06-27T08:48:49Z","labels":{"projectexportable":"No"},"annotations":{"kubectl.kubernetes.io/last-applied-configuration":"{\"apiVersion\":\"v1\",\"kind\":\"Service\",\"metadata\":{\"annotations\":{},\"labels\":{\"projectexportable\":\"No\"},\"name\":\"asm-services-cloud-service\",\"namespace\":\"care-for-openshift-testing\"},\"spec\":{\"ports\":[{\"name\":\"a3s-port\",\"port\":9191,\"protocol\":\"TCP\",\"targetPort\":9191}],\"selector\":{},\"type\":\"NodePort\"}}\n"}},"spec":{"ports":[{"name":"a3s-port","protocol":"TCP","port":9191,"targetPort":9191,"nodePort":31766}],"clusterIP":"172.30.34.208","type":"NodePort","sessionAffinity":"None","externalTrafficPolicy":"Cluster"},"status":{"loadBalancer":{}}},{"metadata":{"name":"attachment-attachment-service","namespace":"care-for-openshift-testing","selfLink":"/api/v1/namespaces/care-for-openshift-testing/services/attachment-attachment-service","uid":"a388c4eb-79f7-11e8-b420-0050569ac01d","resourceVersion":"36943692","creationTimestamp":"2018-06-27T10:48:34Z","labels":{"chart":"attachment-attachment-0.1.0-0184","expose":"true","microservice":"attachment-attachment","namespace":"","project":"attachment-attachment-exe","provider":"amdocs","release":"attachment-attachment"},"annotations":{"fabric8.io/iconUrl":"img/icons/spring-boot.svg"}},"spec":{"ports":[{"name":"http","protocol":"TCP","port":8080,"targetPort":8080,"nodePort":32689},{"name":"jacoco","protocol":"TCP","port":6300,"targetPort":6300,"nodePort":31730},{"name":"management","protocol":"TCP","port":18080,"targetPort":18080,"nodePort":30439}],"selector":{"microservice":"attachment-attachment","project":"attachment-attachment-exe","provider":"amdocs","release":"attachment-attachment"},"clusterIP":"172.30.17.120","type":"NodePort","sessionAffinity":"None","externalTrafficPolicy":"Cluster"},"status":{"loadBalancer":{}}},{"metadata":{"name":"attachment-dmsbridge-service","namespace":"care-for-openshift-testing","selfLink":"/api/v1/namespaces/care-for-openshift-testing/services/attachment-dmsbridge-service","uid":"68d5fc86-79fa-11e8-b420-0050569ac01d","resourceVersion":"36943694","creationTimestamp":"2018-06-27T11:08:24Z","labels":{"chart":"attachment-dmsbridge-0.1.1-0002","expose":"true","microservice":"attachment-dmsbridge","project":"attachment-dmsbridge-exe","provider":"amdocs","release":"attachment-dmsbridge"},"annotations":{"fabric8.io/iconUrl":"img/icons/spring-boot.svg"}},"spec":{"ports":[{"name":"http","protocol":"TCP","port":8080,"targetPort":8080,"nodePort":31835},{"name":"jacoco","protocol":"TCP","port":6300,"targetPort":6300,"nodePort":30107},{"name":"management","protocol":"TCP","port":18080,"targetPort":18080,"nodePort":32518}],"selector":{"microservice":"attachment-dmsbridge","project":"attachment-dmsbridge-exe","provider":"amdocs","release":"attachment-dmsbridge"},"clusterIP":"172.30.188.39","type":"NodePort","sessionAffinity":"None","externalTrafficPolicy":"Cluster"},"status":{"loadBalancer":{}}},{"metadata":{"name":"couchbase-service","namespace":"care-for-openshift-testing","selfLink":"/api/v1/namespaces/care-for-openshift-testing/services/couchbase-service","uid":"e91d4486-79e6-11e8-b420-0050569ac01d","resourceVersion":"36943695","creationTimestamp":"2018-06-27T08:48:49Z","labels":{"projectexportable":"No"},"annotations":{"kubectl.kubernetes.io/last-applied-configuration":"{\"apiVersion\":\"v1\",\"kind\":\"Service\",\"metadata\":{\"annotations\":{},\"labels\":{\"projectexportable\":\"No\"},\"name\":\"couchbase-service\",\"namespace\":\"care-for-openshift-testing\"},\"spec\":{\"ports\":[{\"name\":\"cb\",\"nodePort\":0,\"port\":8091,\"protocol\":\"TCP\",\"targetPort\":8091},{\"name\":\"cb-views\",\"nodePort\":0,\"port\":8092,\"protocol\":\"TCP\",\"targetPort\":8092},{\"name\":\"cb-query\",\"nodePort\":0,\"port\":8093,\"protocol\":\"TCP\",\"targetPort\":8093},{\"name\":\"cb-ftsearch\",\"nodePort\":0,\"port\":8094,\"protocol\":\"TCP\",\"targetPort\":8094},{\"name\":\"cb-sc\",\"nodePort\":0,\"port\":11210,\"protocol\":\"TCP\",\"targetPort\":11210},{\"name\":\"cb-scssl\",\"nodePort\":0,\"port\":11207,\"protocol\":\"TCP\",\"targetPort\":11207},{\"name\":\"cb-https\",\"nodePort\":0,\"port\":18091,\"protocol\":\"TCP\",\"targetPort\":18091},{\"name\":\"cb-viewsssl\",\"nodePort\":0,\"port\":18092,\"protocol\":\"TCP\",\"targetPort\":18092},{\"name\":\"cb-queryssl\",\"nodePort\":0,\"port\":18093,\"protocol\":\"TCP\",\"targetPort\":18093}],\"selector\":{}}}\n"}},"spec":{"ports":[{"name":"cb","protocol":"TCP","port":8091,"targetPort":8091},{"name":"cb-views","protocol":"TCP","port":8092,"targetPort":8092},{"name":"cb-query","protocol":"TCP","port":8093,"targetPort":8093},{"name":"cb-ftsearch","protocol":"TCP","port":8094,"targetPort":8094},{"name":"cb-sc","protocol":"TCP","port":11210,"targetPort":11210},{"name":"cb-scssl","protocol":"TCP","port":11207,"targetPort":11207},{"name":"cb-https","protocol":"TCP","port":18091,"targetPort":18091},{"name":"cb-viewsssl","protocol":"TCP","port":18092,"targetPort":18092},{"name":"cb-queryssl","protocol":"TCP","port":18093,"targetPort":18093}],"clusterIP":"172.30.10.246","type":"ClusterIP","sessionAffinity":"None"},"status":{"loadBalancer":{}}},{"metadata":{"name":"creditprofile-creditevaluatorbridge-service","namespace":"care-for-openshift-testing","selfLink":"/api/v1/namespaces/care-for-openshift-testing/services/creditprofile-creditevaluatorbridge-service","uid":"ccb5f0ef-79f8-11e8-b420-0050569ac01d","resourceVersion":"36943698","creationTimestamp":"2018-06-27T10:56:52Z","labels":{"chart":"creditprofile-creditevaluatorbridge-0.1.0-0072","expose":"true","microservice":"creditprofile-crediteval","project":"creditprofile-creditevaluatorbridge-exe","provider":"amdocs","release":"creditprofile-creditevaluatorbridge"},"annotations":{"fabric8.io/iconUrl":"img/icons/spring-boot.svg"}},"spec":{"ports":[{"name":"http","protocol":"TCP","port":8080,"targetPort":8080,"nodePort":31419},{"name":"jacoco","protocol":"TCP","port":6300,"targetPort":6300,"nodePort":31732},{"name":"management","protocol":"TCP","port":18080,"targetPort":18080,"nodePort":31021}],"selector":{"microservice":"creditprofile-crediteval","project":"creditprofile-creditevaluatorbridge-exe","provider":"amdocs","release":"creditprofile-creditevaluatorbridge"},"clusterIP":"172.30.111.191","type":"NodePort","sessionAffinity":"None","externalTrafficPolicy":"Cluster"},"status":{"loadBalancer":{}}},{"metadata":{"name":"creditprofile-creditprofile-service","namespace":"care-for-openshift-testing","selfLink":"/api/v1/namespaces/care-for-openshift-testing/services/creditprofile-creditprofile-service","uid":"f2110780-79f8-11e8-b420-0050569ac01d","resourceVersion":"36943699","creationTimestamp":"2018-06-27T10:57:55Z","labels":{"chart":"creditprofile-creditprofile-0.1.0-0180","expose":"true","microservice":"creditprofile-creditprof","project":"creditprofile-creditprofile-exe","provider":"amdocs","release":"creditprofile-creditprofile"},"annotations":{"fabric8.io/iconUrl":"img/icons/spring-boot.svg"}},"spec":{"ports":[{"name":"http","protocol":"TCP","port":8080,"targetPort":8080,"nodePort":31057},{"name":"jacoco","protocol":"TCP","port":6300,"targetPort":6300,"nodePort":30681},{"name":"management","protocol":"TCP","port":18080,"targetPort":18080,"nodePort":31634}],"selector":{"microservice":"creditprofile-creditprof","project":"creditprofile-creditprofile-exe","provider":"amdocs","release":"creditprofile-creditprofile"},"clusterIP":"172.30.226.154","type":"NodePort","sessionAffinity":"None","externalTrafficPolicy":"Cluster"},"status":{"loadBalancer":{}}},{"metadata":{"name":"customer-customer-service","namespace":"care-for-openshift-testing","selfLink":"/api/v1/namespaces/care-for-openshift-testing/services/customer-customer-service","uid":"e84d6895-79f7-11e8-b420-0050569ac01d","resourceVersion":"36943702","creationTimestamp":"2018-06-27T10:50:29Z","labels":{"chart":"customer-customer-0.1.0-0728","expose":"true","group":"com.amdocs.digital.ms.customer.customer","microservice":"customer-customer","project":"customer-customer-exe","provider":"amdocs","release":"customer-customer"},"annotations":{"fabric8.io/iconUrl":"img/icons/spring-boot.svg"}},"spec":{"ports":[{"name":"http","protocol":"TCP","port":8080,"targetPort":8080,"nodePort":32354},{"name":"management","protocol":"TCP","port":18080,"targetPort":18080,"nodePort":31334},{"name":"jacoco","protocol":"TCP","port":6300,"targetPort":6300,"nodePort":32060}],"selector":{"microservice":"customer-customer","project":"customer-customer-exe","provider":"amdocs","release":"customer-customer"},"clusterIP":"172.30.194.131","type":"NodePort","sessionAffinity":"None","externalTrafficPolicy":"Cluster"},"status":{"loadBalancer":{}}},{"metadata":{"name":"customer-customerentity-service","namespace":"care-for-openshift-testing","selfLink":"/api/v1/namespaces/care-for-openshift-testing/services/customer-customerentity-service","uid":"a55fc76e-79f8-11e8-b420-0050569ac01d","resourceVersion":"36943703","creationTimestamp":"2018-06-27T10:55:46Z","labels":{"chart":"customer-customerentity-0.1.0-0271","expose":"true","microservice":"customer-customerentity","project":"customer-customerentity-exe","provider":"amdocs","release":"customerentity-rls"},"annotations":{"fabric8.io/iconUrl":"img/icons/spring-boot.svg"}},"spec":{"ports":[{"name":"http","protocol":"TCP","port":8080,"targetPort":8080,"nodePort":31022},{"name":"jacoco","protocol":"TCP","port":6300,"targetPort":6300,"nodePort":31721},{"name":"management","protocol":"TCP","port":18080,"targetPort":18080,"nodePort":31243}],"selector":{"microservice":"customer-customerentity","project":"customer-customerentity-exe","provider":"amdocs","release":"customerentity-rls"},"clusterIP":"172.30.231.14","type":"NodePort","sessionAffinity":"None","externalTrafficPolicy":"Cluster"},"status":{"loadBalancer":{}}},{"metadata":{"name":"elasticsearch-service","namespace":"care-for-openshift-testing","selfLink":"/api/v1/namespaces/care-for-openshift-testing/services/elasticsearch-service","uid":"e92870c6-79e6-11e8-b420-0050569ac01d","resourceVersion":"36943705","creationTimestamp":"2018-06-27T08:48:49Z","labels":{"projectexportable":"No"},"annotations":{"kubectl.kubernetes.io/last-applied-configuration":"{\"apiVersion\":\"v1\",\"kind\":\"Service\",\"metadata\":{\"annotations\":{},\"labels\":{\"projectexportable\":\"No\"},\"name\":\"elasticsearch-service\",\"namespace\":\"care-for-openshift-testing\"},\"spec\":{\"ports\":[{\"name\":\"elasticsearch-port\",\"nodePort\":0,\"port\":9200,\"protocol\":\"TCP\",\"targetPort\":9200}],\"selector\":{}}}\n"}},"spec":{"ports":[{"name":"elasticsearch-port","protocol":"TCP","port":9200,"targetPort":9200}],"clusterIP":"172.30.151.228","type":"ClusterIP","sessionAffinity":"None"},"status":{"loadBalancer":{}}},{"metadata":{"name":"financialaccount-financialaccount-service","namespace":"care-for-openshift-testing","selfLink":"/api/v1/namespaces/care-for-openshift-testing/services/financialaccount-financialaccount-service","uid":"f9d8573f-79f9-11e8-b420-0050569ac01d","resourceVersion":"36943707","creationTimestamp":"2018-06-27T11:05:18Z","labels":{"chart":"financialaccount-financialaccount-0.1.0-0186","expose":"true","microservice":"financialaccount-financi","project":"financialaccount-financialaccount-exe","provider":"amdocs","release":"financialaccount-financialaccount"},"annotations":{"fabric8.io/iconUrl":"img/icons/spring-boot.svg"}},"spec":{"ports":[{"name":"http","protocol":"TCP","port":8080,"targetPort":8080,"nodePort":31973},{"name":"jacoco","protocol":"TCP","port":6300,"targetPort":6300,"nodePort":32090},{"name":"management","protocol":"TCP","port":18080,"targetPort":18080,"nodePort":31789}],"selector":{"microservice":"financialaccount-financi","project":"financialaccount-financialaccount-exe","provider":"amdocs","release":"financialaccount-financialaccount"},"clusterIP":"172.30.125.141","type":"NodePort","sessionAffinity":"None","externalTrafficPolicy":"Cluster"},"status":{"loadBalancer":{}}},{"metadata":{"name":"geographicaddress-geographicaddress-service","namespace":"care-for-openshift-testing","selfLink":"/api/v1/namespaces/care-for-openshift-testing/services/geographicaddress-geographicaddress-service","uid":"e92d3247-79fa-11e8-b420-0050569ac01d","resourceVersion":"36943708","creationTimestamp":"2018-06-27T11:11:59Z","labels":{"chart":"geographicaddress-geographicaddress-0.1.0-0051","expose":"true","microservice":"geographicaddress-geogra","project":"geographicaddress-geographicaddress-exe","provider":"amdocs","release":"geographicaddress-geographicaddress"},"annotations":{"fabric8.io/iconUrl":"img/icons/spring-boot.svg"}},"spec":{"ports":[{"name":"http","protocol":"TCP","port":8080,"targetPort":8080,"nodePort":30620},{"name":"jacoco","protocol":"TCP","port":6300,"targetPort":6300,"nodePort":30506},{"name":"management","protocol":"TCP","port":18080,"targetPort":18080,"nodePort":32351}],"selector":{"microservice":"geographicaddress-geogra","project":"geographicaddress-geographicaddress-exe","provider":"amdocs","release":"geographicaddress-geographicaddress"},"clusterIP":"172.30.171.250","type":"NodePort","sessionAffinity":"None","externalTrafficPolicy":"Cluster"},"status":{"loadBalancer":{}}},{"metadata":{"name":"geographicaddress-geographicaddressbridge-service","namespace":"care-for-openshift-testing","selfLink":"/api/v1/namespaces/care-for-openshift-testing/services/geographicaddress-geographicaddressbridge-service","uid":"a48c7ea3-79fa-11e8-b420-0050569ac01d","resourceVersion":"36943711","creationTimestamp":"2018-06-27T11:10:04Z","labels":{"chart":"geographicaddress-geographicaddressbridge-0.1.0-0088","expose":"true","microservice":"geographicaddress-geogra","project":"geographicaddress-geographicaddressbridge-exe","provider":"amdocs","release":"geographicaddressbrid"},"annotations":{"fabric8.io/iconUrl":"img/icons/spring-boot.svg"}},"spec":{"ports":[{"name":"http","protocol":"TCP","port":8080,"targetPort":8080,"nodePort":32543},{"name":"jacoco","protocol":"TCP","port":6300,"targetPort":6300,"nodePort":32528},{"name":"management","protocol":"TCP","port":18080,"targetPort":18080,"nodePort":31217}],"selector":{"microservice":"geographicaddress-geogra","project":"geographicaddress-geographicaddressbridge-exe","provider":"amdocs","release":"geographicaddressbrid"},"clusterIP":"172.30.225.222","type":"NodePort","sessionAffinity":"None","externalTrafficPolicy":"Cluster"},"status":{"loadBalancer":{}}},{"metadata":{"name":"kafka-service","namespace":"care-for-openshift-testing","selfLink":"/api/v1/namespaces/care-for-openshift-testing/services/kafka-service","uid":"e92f8101-79e6-11e8-b420-0050569ac01d","resourceVersion":"36943712","creationTimestamp":"2018-06-27T08:48:49Z","labels":{"projectexportable":"No"},"annotations":{"kubectl.kubernetes.io/last-applied-configuration":"{\"apiVersion\":\"v1\",\"kind\":\"Service\",\"metadata\":{\"annotations\":{},\"labels\":{\"projectexportable\":\"No\"},\"name\":\"kafka-service\",\"namespace\":\"care-for-openshift-testing\"},\"spec\":{\"ports\":[{\"name\":\"kafka-port\",\"nodePort\":0,\"port\":9092,\"protocol\":\"TCP\",\"targetPort\":9092}],\"selector\":{}}}\n"}},"spec":{"ports":[{"name":"kafka-port","protocol":"TCP","port":9092,"targetPort":9092}],"clusterIP":"172.30.183.68","type":"ClusterIP","sessionAffinity":"None"},"status":{"loadBalancer":{}}},{"metadata":{"name":"party-attachment-service","namespace":"care-for-openshift-testing","selfLink":"/api/v1/namespaces/care-for-openshift-testing/services/party-attachment-service","uid":"fd6a0064-79fa-11e8-b420-0050569ac01d","resourceVersion":"36943713","creationTimestamp":"2018-06-27T11:12:33Z","labels":{"chart":"party-attachment-0.1.0-0156","expose":"true","microservice":"party-attachment","project":"party-attachment-exe","provider":"amdocs","release":"party-attachment"},"annotations":{"fabric8.io/iconUrl":"img/icons/spring-boot.svg"}},"spec":{"ports":[{"name":"http","protocol":"TCP","port":8080,"targetPort":8080,"nodePort":31758},{"name":"jacoco","protocol":"TCP","port":6300,"targetPort":6300,"nodePort":32566},{"name":"management","protocol":"TCP","port":18080,"targetPort":18080,"nodePort":32557}],"selector":{"microservice":"party-attachment","project":"party-attachment-exe","provider":"amdocs","release":"party-attachment"},"clusterIP":"172.30.61.196","type":"NodePort","sessionAffinity":"None","externalTrafficPolicy":"Cluster"},"status":{"loadBalancer":{}}},{"metadata":{"name":"party-individual-service","namespace":"care-for-openshift-testing","selfLink":"/api/v1/namespaces/care-for-openshift-testing/services/party-individual-service","uid":"075c8227-79fb-11e8-b420-0050569ac01d","resourceVersion":"36943715","creationTimestamp":"2018-06-27T11:12:50Z","labels":{"chart":"party-individual-0.1.0-1131","expose":"true","microservice":"party-individual","project":"party-individual-exe","provider":"amdocs","release":"party-individual"},"annotations":{"fabric8.io/iconUrl":"img/icons/spring-boot.svg"}},"spec":{"ports":[{"name":"http","protocol":"TCP","port":8080,"targetPort":8080,"nodePort":30261},{"name":"jacoco","protocol":"TCP","port":6300,"targetPort":6300,"nodePort":32487},{"name":"management","protocol":"TCP","port":18080,"targetPort":18080,"nodePort":32641}],"selector":{"microservice":"party-individual","project":"party-individual-exe","provider":"amdocs","release":"party-individual"},"clusterIP":"172.30.237.103","type":"NodePort","sessionAffinity":"None","externalTrafficPolicy":"Cluster"},"status":{"loadBalancer":{}}},{"metadata":{"name":"partyinteraction-attachment-service","namespace":"care-for-openshift-testing","selfLink":"/api/v1/namespaces/care-for-openshift-testing/services/partyinteraction-attachment-service","uid":"1ad95916-79fb-11e8-b420-0050569ac01d","resourceVersion":"36943716","creationTimestamp":"2018-06-27T11:13:22Z","labels":{"chart":"partyinteraction-attachment-0.1.0-0088","expose":"true","microservice":"partyinteraction-attachm","project":"partyinteraction-attachment-exe","provider":"amdocs","release":"partyinteraction-attachment"},"annotations":{"fabric8.io/iconUrl":"img/icons/spring-boot.svg"}},"spec":{"ports":[{"name":"http","protocol":"TCP","port":8080,"targetPort":8080,"nodePort":32286},{"name":"jacoco","protocol":"TCP","port":6300,"targetPort":6300,"nodePort":30747},{"name":"management","protocol":"TCP","port":18080,"targetPort":18080,"nodePort":31272}],"selector":{"microservice":"partyinteraction-attachm","project":"partyinteraction-attachment-exe","provider":"amdocs","release":"partyinteraction-attachment"},"clusterIP":"172.30.216.103","type":"NodePort","sessionAffinity":"None","externalTrafficPolicy":"Cluster"},"status":{"loadBalancer":{}}},{"metadata":{"name":"partyinteraction-partyinteraction-service","namespace":"care-for-openshift-testing","selfLink":"/api/v1/namespaces/care-for-openshift-testing/services/partyinteraction-partyinteraction-service","uid":"10865a67-79fb-11e8-b420-0050569ac01d","resourceVersion":"36943718","creationTimestamp":"2018-06-27T11:13:05Z","labels":{"chart":"partyinteraction-partyinteraction-0.1.0-0184","expose":"true","microservice":"partyinteraction-partyin","project":"partyinteraction-partyinteraction-exe","provider":"amdocs","release":"partyinteraction-partyinteraction"},"annotations":{"fabric8.io/iconUrl":"img/icons/spring-boot.svg"}},"spec":{"ports":[{"name":"http","protocol":"TCP","port":8080,"targetPort":8080,"nodePort":31716},{"name":"jacoco","protocol":"TCP","port":6300,"targetPort":6300,"nodePort":30776},{"name":"management","protocol":"TCP","port":18080,"targetPort":18080,"nodePort":32312}],"selector":{"microservice":"partyinteraction-partyin","project":"partyinteraction-partyinteraction-exe","provider":"amdocs","release":"partyinteraction-partyinteraction"},"clusterIP":"172.30.7.216","type":"NodePort","sessionAffinity":"None","externalTrafficPolicy":"Cluster"},"status":{"loadBalancer":{}}},{"metadata":{"name":"paymentmethod-paymentmethod-service","namespace":"care-for-openshift-testing","selfLink":"/api/v1/namespaces/care-for-openshift-testing/services/paymentmethod-paymentmethod-service","uid":"37b2ce61-79fb-11e8-b420-0050569ac01d","resourceVersion":"36943719","creationTimestamp":"2018-06-27T11:14:11Z","labels":{"chart":"paymentmethod-paymentmethod-0.1.0-0107","expose":"true","microservice":"paymentmethod-paymentmet","project":"paymentmethod-paymentmethod-exe","provider":"amdocs","release":"paymentmethod-paymentmethod"},"annotations":{"fabric8.io/iconUrl":"img/icons/spring-boot.svg"}},"spec":{"ports":[{"name":"http","protocol":"TCP","port":8080,"targetPort":8080,"nodePort":32427},{"name":"jacoco","protocol":"TCP","port":6300,"targetPort":6300,"nodePort":31146},{"name":"management","protocol":"TCP","port":18080,"targetPort":18080,"nodePort":31106}],"selector":{"microservice":"paymentmethod-paymentmet","project":"paymentmethod-paymentmethod-exe","provider":"amdocs","release":"paymentmethod-paymentmethod"},"clusterIP":"172.30.63.184","type":"NodePort","sessionAffinity":"None","externalTrafficPolicy":"Cluster"},"status":{"loadBalancer":{}}},{"metadata":{"name":"scheduler-task-service","namespace":"care-for-openshift-testing","selfLink":"/api/v1/namespaces/care-for-openshift-testing/services/scheduler-task-service","uid":"5fff329e-79fb-11e8-b420-0050569ac01d","resourceVersion":"36943721","creationTimestamp":"2018-06-27T11:15:18Z","labels":{"chart":"scheduler-task-0.1.0-0495","expose":"true","microservice":"scheduler-task","project":"scheduler-task","provider":"amdocs","release":"scheduler-task"},"annotations":{"fabric8.io/iconUrl":"img/icons/spring-boot.svg"}},"spec":{"ports":[{"name":"http","protocol":"TCP","port":8080,"targetPort":8080,"nodePort":32558},{"name":"metrics","protocol":"TCP","port":5555,"targetPort":"metrics","nodePort":32668}],"selector":{"microservice":"scheduler-task","project":"scheduler-task","provider":"amdocs","release":"scheduler-task"},"clusterIP":"172.30.107.187","type":"NodePort","sessionAffinity":"None","externalTrafficPolicy":"Cluster"},"status":{"loadBalancer":{}}},{"metadata":{"name":"search-search-service","namespace":"care-for-openshift-testing","selfLink":"/api/v1/namespaces/care-for-openshift-testing/services/search-search-service","uid":"2123abd5-79fc-11e8-b420-0050569ac01d","resourceVersion":"36943723","creationTimestamp":"2018-06-27T11:20:42Z","labels":{"chart":"search-search-0.1.0-0207","expose":"true","microservice":"search-search","project":"search-search-exe","provider":"amdocs","release":"search-search"},"annotations":{"fabric8.io/iconUrl":"img/icons/spring-boot.svg"}},"spec":{"ports":[{"name":"http","protocol":"TCP","port":8080,"targetPort":8080,"nodePort":30822},{"name":"jacoco","protocol":"TCP","port":6300,"targetPort":6300,"nodePort":32711},{"name":"management","protocol":"TCP","port":18080,"targetPort":18080,"nodePort":31423}],"selector":{"microservice":"search-search","project":"search-search-exe","provider":"amdocs","release":"search-search"},"clusterIP":"172.30.64.131","type":"NodePort","sessionAffinity":"None","externalTrafficPolicy":"Cluster"},"status":{"loadBalancer":{}}},{"metadata":{"name":"zookeeper-service","namespace":"care-for-openshift-testing","selfLink":"/api/v1/namespaces/care-for-openshift-testing/services/zookeeper-service","uid":"e9366ed1-79e6-11e8-b420-0050569ac01d","resourceVersion":"36943725","creationTimestamp":"2018-06-27T08:48:49Z","labels":{"projectexportable":"No"},"annotations":{"kubectl.kubernetes.io/last-applied-configuration":"{\"apiVersion\":\"v1\",\"kind\":\"Service\",\"metadata\":{\"annotations\":{},\"labels\":{\"projectexportable\":\"No\"},\"name\":\"zookeeper-service\",\"namespace\":\"care-for-openshift-testing\"},\"spec\":{\"ports\":[{\"name\":\"zookeeper-port\",\"nodePort\":0,\"port\":2181,\"protocol\":\"TCP\",\"targetPort\":2181}],\"selector\":{}}}\n"}},"spec":{"ports":[{"name":"zookeeper-port","protocol":"TCP","port":2181,"targetPort":2181}],"clusterIP":"172.30.33.141","type":"ClusterIP","sessionAffinity":"None"},"status":{"loadBalancer":{}}}]}
]]>
            </line>
            <line>
              <![CDATA[</div>]]>
            </line>
            <line>
              <![CDATA[</div>]]>
            </line>
            <line>
              <![CDATA[</div>]]>
            </line>
            <line>
              <![CDATA[</div>]]>
            </line>
            <line>
              <![CDATA[</td>]]>
            </line>
            <line>
              <![CDATA[</tr>]]>
            </line>
            <line>
              <![CDATA[<tr class="table-success"><td colspan="2">Response status: expected=200 actual=200; Value: true</td></tr>]]>
            </line>
            <line>
              <![CDATA[<tr class="table-info"><td class="text-dark font-weight-bold">Request Type </td><td class="" >GET</td></tr>]]>
            </line>
            <line>
              <![CDATA[<tr><td class="text-dark font-weight-bold">URI </td><td class="" > https://ilocpde01-master.corp.amdocs.com:8443/api/v1/namespaces/care-for-openshift-testing/pods </td></tr>]]>
            </line>
            <line>
              <![CDATA[<tr><td class="text-dark font-weight-bold" colspan="2">Headers : </td></tr>]]>
            </line>
            <line>
              <![CDATA[<tr>]]>
            </line>
            <line>
              <![CDATA[<td class="text-dark font-weight-bold" >Authorization :</td>]]>
            </line>
            <line>
              <![CDATA[<td class="" >]]>
            </line>
            <line>
              <![CDATA[<a href="" class="alert-link" data-toggle="modal" data-target="#rest_assured_logger_modal_value_4">Show</a>]]>
            </line>
            <line>
              <![CDATA[<div class="modal fade"  id="rest_assured_logger_modal_value_4" tabindex="-1" role="dialog">]]>
            </line>
            <line>
              <![CDATA[<div class="modal-dialog" role="document">]]>
            </line>
            <line>
              <![CDATA[<div class="modal-content">]]>
            </line>
            <line>
              <![CDATA[<div class="modal-header text-white bg-info">]]>
            </line>
            <line>
              <![CDATA[<h5 class="modal-title" id="title1">Authorization</h5>]]>
            </line>
            <line>
              <![CDATA[<span class="h6 text-light ml-2 mt-2">(click on the Text to copy)</span>]]>
            </line>
            <line>
              <![CDATA[<button type="button" class="close" data-dismiss="modal" aria-label="Close">]]>
            </line>
            <line>
              <![CDATA[<span aria-hidden="true">&times;</span>]]>
            </line>
            <line>
              <![CDATA[</button>]]>
            </line>
            <line>
              <![CDATA[</div>]]>
            </line>
            <line>
              <![CDATA[<div onClick="copyMePlease(this)" class="modal-body">]]>
            </line>
            <line>
              <![CDATA[Bearer eyJhbGciOiJSUzI1NiIsInR5cCI6IkpXVCJ9.eyJpc3MiOiJrdWJlcm5ldGVzL3NlcnZpY2VhY2NvdW50Iiwia3ViZXJuZXRlcy5pby9zZXJ2aWNlYWNjb3VudC9uYW1lc3BhY2UiOiJvYy1jZC0xMDE3LXByYW5hdmQtcGQiLCJrdWJlcm5ldGVzLmlvL3NlcnZpY2VhY2NvdW50L3NlY3JldC5uYW1lIjoiZml0LXNhLXRva2VuLTRsdzZtIiwia3ViZXJuZXRlcy5pby9zZXJ2aWNlYWNjb3VudC9zZXJ2aWNlLWFjY291bnQubmFtZSI6ImZpdC1zYSIsImt1YmVybmV0ZXMuaW8vc2VydmljZWFjY291bnQvc2VydmljZS1hY2NvdW50LnVpZCI6IjljYzViYmMxLWI3MjEtMTFlOC1iYjg2LTAwNTA1NjlhODg3YyIsInN1YiI6InN5c3RlbTpzZXJ2aWNlYWNjb3VudDpvYy1jZC0xMDE3LXByYW5hdmQtcGQ6Zml0LXNhIn0.KMmKTeThNBXz_F_aqQoUpcSw1eXkrR4xr7tITRdfs2IDTLfXzxGfYk9fOni2zyhlVH7lx9mB94bVkI2zWqa7cjR9z1DEW7OxPFq1XQ11yspYFG3tOi0NdNeaD66XB9TIbGEwbQYl92ZDsy5y3eD5echit18B52IMq8nvaNvTNXESzdGqsxtBMnNpUhtYUZy5xgasoKUwTR34rg91XgeZagjVsH2FJ8R7gIB9fXg8-IR4ZatJitxo40caTeHkGUvjI5aGADQCzytee87Yq6fAeXRb9sZcFUFmJkqf7OLl1FQkH41UG3zjfqtc00mNCzpXEVVbuqiw4ghZYNnh1tPJQA]]>
            </line>
            <line>
              <![CDATA[</div>]]>
            </line>
            <line>
              <![CDATA[</div>]]>
            </line>
            <line>
              <![CDATA[</div>]]>
            </line>
            <line>
              <![CDATA[</div>]]>
            </line>
            <line>
              <![CDATA[</td>]]>
            </line>
            <line>
              <![CDATA[</tr>]]>
            </line>
            <line>
              <![CDATA[<tr>]]>
            </line>
            <line>
              <![CDATA[<td class="text-dark font-weight-bold" >Payload :</td>]]>
            </line>
            <line>
              <![CDATA[<td class="" >]]>
            </line>
            <line>
              <![CDATA[<a href="" class="alert-link" data-toggle="modal" data-target="#rest_assured_logger_modal_value_5">Show</a>]]>
            </line>
            <line>
              <![CDATA[<div class="modal fade"  id="rest_assured_logger_modal_value_5" tabindex="-1" role="dialog">]]>
            </line>
            <line>
              <![CDATA[<div class="modal-dialog" role="document">]]>
            </line>
            <line>
              <![CDATA[<div class="modal-content">]]>
            </line>
            <line>
              <![CDATA[<div class="modal-header text-white bg-info">]]>
            </line>
            <line>
              <![CDATA[<h5 class="modal-title" id="title1">Payload</h5>]]>
            </line>
            <line>
              <![CDATA[<span class="h6 text-light ml-2 mt-2">(click on the Text to copy)</span>]]>
            </line>
            <line>
              <![CDATA[<button type="button" class="close" data-dismiss="modal" aria-label="Close">]]>
            </line>
            <line>
              <![CDATA[<span aria-hidden="true">&times;</span>]]>
            </line>
            <line>
              <![CDATA[</button>]]>
            </line>
            <line>
              <![CDATA[</div>]]>
            </line>
            <line>
              <![CDATA[<div onClick="copyMePlease(this)" class="modal-body">]]>
            </line>
            <line>
              <![CDATA[None]]>
            </line>
            <line>
              <![CDATA[</div>]]>
            </line>
            <line>
              <![CDATA[</div>]]>
            </line>
            <line>
              <![CDATA[</div>]]>
            </line>
            <line>
              <![CDATA[</div>]]>
            </line>
            <line>
              <![CDATA[</td>]]>
            </line>
            <line>
              <![CDATA[</tr>]]>
            </line>
            <line>
              <![CDATA[<tr>]]>
            </line>
            <line>
              <![CDATA[<td class="text-dark font-weight-bold" >Response Header :</td>]]>
            </line>
            <line>
              <![CDATA[<td class="" >]]>
            </line>
            <line>
              <![CDATA[<a href="" class="alert-link" data-toggle="modal" data-target="#modal_value_2">Show</a>]]>
            </line>
            <line>
              <![CDATA[<div class="modal fade"  id="modal_value_2" tabindex="-1" role="dialog">]]>
            </line>
            <line>
              <![CDATA[<div class="modal-dialog" role="document">]]>
            </line>
            <line>
              <![CDATA[<div class="modal-content">]]>
            </line>
            <line>
              <![CDATA[<div class="modal-header text-white bg-info">]]>
            </line>
            <line>
              <![CDATA[<h5 class="modal-title" id="title1">Response Header</h5>]]>
            </line>
            <line>
              <![CDATA[<span class="h6 text-light ml-2 mt-2">(click on the Text to copy)</span>]]>
            </line>
            <line>
              <![CDATA[<button type="button" class="close" data-dismiss="modal" aria-label="Close">]]>
            </line>
            <line>
              <![CDATA[<span aria-hidden="true">&times;</span>]]>
            </line>
            <line>
              <![CDATA[</button>]]>
            </line>
            <line>
              <![CDATA[</div>]]>
            </line>
            <line>
              <![CDATA[<div onClick="copyMePlease(this)" class="modal-body">]]>
            </line>
            <line>
              <![CDATA[Cache-Control=no-store
	Content-Type=application/json
	Date=Tue, 18 Sep 2018 09:40:38 GMT
	Transfer-Encoding=chunked]]>
            </line>
            <line>
              <![CDATA[</div>]]>
            </line>
            <line>
              <![CDATA[</div>]]>
            </line>
            <line>
              <![CDATA[</div>]]>
            </line>
            <line>
              <![CDATA[</div>]]>
            </line>
            <line>
              <![CDATA[</td>]]>
            </line>
            <line>
              <![CDATA[</tr>]]>
            </line>
            <line>
              <![CDATA[<tr>]]>
            </line>
            <line>
              <![CDATA[<td class="text-dark font-weight-bold" >Response :</td>]]>
            </line>
            <line>
              <![CDATA[<td class="" >]]>
            </line>
            <line>
              <![CDATA[<a href="" class="alert-link" data-toggle="modal" data-target="#rest_assured_logger_modal_value_6">Show</a>]]>
            </line>
            <line>
              <![CDATA[<div class="modal fade"  id="rest_assured_logger_modal_value_6" tabindex="-1" role="dialog">]]>
            </line>
            <line>
              <![CDATA[<div class="modal-dialog" role="document">]]>
            </line>
            <line>
              <![CDATA[<div class="modal-content">]]>
            </line>
            <line>
              <![CDATA[<div class="modal-header text-white bg-info">]]>
            </line>
            <line>
              <![CDATA[<h5 class="modal-title" id="title1">Response</h5>]]>
            </line>
            <line>
              <![CDATA[<span class="h6 text-light ml-2 mt-2">(click on the Text to copy)</span>]]>
            </line>
            <line>
              <![CDATA[<button type="button" class="close" data-dismiss="modal" aria-label="Close">]]>
            </line>
            <line>
              <![CDATA[<span aria-hidden="true">&times;</span>]]>
            </line>
            <line>
              <![CDATA[</button>]]>
            </line>
            <line>
              <![CDATA[</div>]]>
            </line>
            <line>
              <![CDATA[<div onClick="copyMePlease(this)" class="modal-body">]]>
            </line>
            <line>
              <![CDATA[{"kind":"PodList","apiVersion":"v1","metadata":{"selfLink":"/api/v1/namespaces/care-for-openshift-testing/pods","resourceVersion":"69531556"},"items":[{"metadata":{"name":"account-billingaccount-a-3368978633-xx8vr","generateName":"account-billingaccount-a-3368978633-","namespace":"care-for-openshift-testing","selfLink":"/api/v1/namespaces/care-for-openshift-testing/pods/account-billingaccount-a-3368978633-xx8vr","uid":"7dda2a51-ac17-11e8-bb86-0050569a887c","resourceVersion":"69351898","creationTimestamp":"2018-08-30T05:42:33Z","labels":{"microservice":"account-billingaccount","pod-template-hash":"3368978633","project":"account-billingaccount-exe","provider":"amdocs","release":"account-billingaccount"},"annotations":{"fabric8.io/iconUrl":"img/icons/spring-boot.svg","openshift.io/scc":"anyuid-no-ps"},"ownerReferences":[{"apiVersion":"extensions/v1beta1","kind":"ReplicaSet","name":"account-billingaccount-a-3368978633","uid":"ca2e7c8b-79f7-11e8-b420-0050569ac01d","controller":true,"blockOwnerDeletion":true}]},"spec":{"volumes":[{"name":"default-token-w6zvn","secret":{"secretName":"default-token-w6zvn","defaultMode":420}}],"initContainers":[{"name":"check-couchbase","image":"busybox","command":["sh","-c","timeout=0; while [[  $timeout -lt 90 ]]; do wget -q -O- -c http://couchbase-service:8091/ui/index.html \u003e /dev/null; if [ $? -ne 0 ]; then timeout=$(( timeout + 2 )); echo $timeout; else break; fi; done"],"resources":{},"volumeMounts":[{"name":"default-token-w6zvn","readOnly":true,"mountPath":"/var/run/secrets/kubernetes.io/serviceaccount"}],"terminationMessagePath":"/dev/termination-log","terminationMessagePolicy":"File","imagePullPolicy":"IfNotPresent","securityContext":{"capabilities":{"drop":["MKNOD"]}}},{"name":"create-bucket","image":"byrnedo/alpine-curl","command":["sh","-c","bucketName=com.amdocs.digital.ms.account.billingaccount; auth=Administrator:Administrator; server=couchbase-service; curl -X DELETE -u $auth http://$server:8091//pools/default/buckets/default; curl --fail -X POST -u $auth -d name=$bucketName -d ramQuotaMB=100 -d authType=sasl http://$server:8091/pools/default/buckets; curl --fail -u $auth http://$server:8091/pools/default/buckets/$bucketName"],"resources":{},"volumeMounts":[{"name":"default-token-w6zvn","readOnly":true,"mountPath":"/var/run/secrets/kubernetes.io/serviceaccount"}],"terminationMessagePath":"/dev/termination-log","terminationMessagePolicy":"File","imagePullPolicy":"IfNotPresent","securityContext":{"capabilities":{"drop":["MKNOD"]}}},{"name":"create-primary-index","image":"byrnedo/alpine-curl","command":["sh","-c","bucketName=com.amdocs.digital.ms.account.billingaccount; auth=Administrator:Administrator; server=couchbase-service; curl -X POST -v -u $auth http://$server:8093/query/service -d statement=create%20primary%20index%20on%20%60com.amdocs.digital.ms.account.billingaccount%60"],"resources":{},"volumeMounts":[{"name":"default-token-w6zvn","readOnly":true,"mountPath":"/var/run/secrets/kubernetes.io/serviceaccount"}],"terminationMessagePath":"/dev/termination-log","terminationMessagePolicy":"File","imagePullPolicy":"IfNotPresent","securityContext":{"capabilities":{"drop":["MKNOD"]}}},{"name":"create-ba-relatedpartyid-index","image":"byrnedo/alpine-curl","command":["sh","-c","bucketName=com.amdocs.digital.ms.account.billingaccount; auth=Administrator:Administrator; server=couchbase-service; curl -X POST -v -u $auth http://$server:8093/query/service -d statement='CREATE%20INDEX%20%60idx_billingaccount_relatedParty_id%60%20ON%20%60com.amdocs.digital.ms.account.billingaccount%60((all%20(array%20(%60r%60.%60id%60)%20for%20%60r%60%20in%20%60relatedParty%60%20end)))'"],"resources":{},"volumeMounts":[{"name":"default-token-w6zvn","readOnly":true,"mountPath":"/var/run/secrets/kubernetes.io/serviceaccount"}],"terminationMessagePath":"/dev/termination-log","terminationMessagePolicy":"File","imagePullPolicy":"IfNotPresent","securityContext":{"capabilities":{"drop":["MKNOD"]}}},{"name":"create-ba-financialaccountid-index","image":"byrnedo/alpine-curl","command":["sh","-c","bucketName=com.amdocs.digital.ms.account.billingaccount; auth=Administrator:Administrator; server=couchbase-service; curl -X POST -v -u $auth http://$server:8093/query/service -d statement='CREATE%20INDEX%20%60idx_billingaccount_financialAccount_id%60%20ON%20%60com.amdocs.digital.ms.account.billingaccount%60((%60financialAccount%60.%60id%60))'"],"resources":{},"volumeMounts":[{"name":"default-token-w6zvn","readOnly":true,"mountPath":"/var/run/secrets/kubernetes.io/serviceaccount"}],"terminationMessagePath":"/dev/termination-log","terminationMessagePolicy":"File","imagePullPolicy":"IfNotPresent","securityContext":{"capabilities":{"drop":["MKNOD"]}}}],"containers":[{"name":"account-billingaccount-service-container","image":"illin5564.corp.amdocs.com:5000/account-billingaccount-service:0.1.0-0223","ports":[{"name":"http","containerPort":8080,"protocol":"TCP"},{"name":"jacoco","containerPort":6300,"protocol":"TCP"},{"name":"management","containerPort":18080,"protocol":"TCP"}],"env":[{"name":"KUBERNETES_NAMESPACE","valueFrom":{"fieldRef":{"apiVersion":"v1","fieldPath":"metadata.namespace"}}},{"name":"MSNEXT_JAVA_OPTS","value":"-Dloader.main=com.amdocs.msnext.boot.Boot -Xms1024m -Xmx1024m -XX:MaxRAM=2048m -XX:+UseSerialGC -Dcom.amdocs.msnext.securitya3s.url=http://10.238.196.188:30081/asmServices/services/v1.0"},{"name":"MSNEXT_MODULE_MGT_DISABLE","value":"msnext-customization"},{"name":"MANAGEMENT_PORT","value":"18080"},{"name":"SERVER_PORT","value":"8080"},{"name":"MSNEXT_JACOCO_ENABLE","value":"1"},{"name":"MSNEXT_JACOCO_OPTS","value":"output=tcpserver,address=*,port=6300"},{"name":"MALLOC_ARENA_MAX","value":"4"}],"resources":{"limits":{"cpu":"1","memory":"1536Mi"},"requests":{"cpu":"200m","memory":"1Gi"}},"volumeMounts":[{"name":"default-token-w6zvn","readOnly":true,"mountPath":"/var/run/secrets/kubernetes.io/serviceaccount"}],"livenessProbe":{"httpGet":{"path":"/health","port":18080,"scheme":"HTTP"},"initialDelaySeconds":900,"timeoutSeconds":10,"periodSeconds":10,"successThreshold":1,"failureThreshold":3},"readinessProbe":{"httpGet":{"path":"/health","port":18080,"scheme":"HTTP"},"initialDelaySeconds":180,"timeoutSeconds":10,"periodSeconds":10,"successThreshold":1,"failureThreshold":3},"terminationMessagePath":"/dev/termination-log","terminationMessagePolicy":"File","imagePullPolicy":"IfNotPresent","securityContext":{"capabilities":{"drop":["MKNOD"]},"privileged":false}}],"restartPolicy":"Always","terminationGracePeriodSeconds":30,"dnsPolicy":"ClusterFirst","nodeSelector":{"region":"work"},"serviceAccountName":"default","serviceAccount":"default","nodeName":"ilocpde01w26.corp.amdocs.com","securityContext":{"seLinuxOptions":{"level":"s0:c15,c10"}},"imagePullSecrets":[{"name":"account-billingaccount-ms-secret"}],"schedulerName":"default-scheduler","tolerations":[{"key":"node.kubernetes.io/memory-pressure","operator":"Exists","effect":"NoSchedule"}]},"status":{"phase":"Running","conditions":[{"type":"Initialized","status":"True","lastProbeTime":null,"lastTransitionTime":"2018-08-30T05:42:52Z"},{"type":"Ready","status":"True","lastProbeTime":null,"lastTransitionTime":"2018-09-18T03:07:39Z"},{"type":"PodScheduled","status":"True","lastProbeTime":null,"lastTransitionTime":"2018-08-30T05:42:33Z"}],"hostIP":"10.245.251.167","podIP":"10.128.60.252","startTime":"2018-08-30T05:42:33Z","initContainerStatuses":[{"name":"check-couchbase","state":{"terminated":{"exitCode":0,"reason":"Completed","startedAt":"2018-08-30T05:42:35Z","finishedAt":"2018-08-30T05:42:35Z","containerID":"docker://8cc5119fdc45c00a07b6b576a15ce84d7b8efe323a5959397b2036a9fb82f233"}},"lastState":{},"ready":true,"restartCount":0,"image":"docker.io/busybox:latest","imageID":"docker-pullable://docker.io/busybox@sha256:141c253bc4c3fd0a201d32dc1f493bcf3fff003b6df416dea4f41046e0f37d47","containerID":"docker://8cc5119fdc45c00a07b6b576a15ce84d7b8efe323a5959397b2036a9fb82f233"},{"name":"create-bucket","state":{"terminated":{"exitCode":0,"reason":"Completed","startedAt":"2018-08-30T05:42:47Z","finishedAt":"2018-08-30T05:42:48Z","containerID":"docker://38674d55616bdf1173a4037926006b59bc0f5a5b7423b36fa24c03fe92c36903"}},"lastState":{},"ready":true,"restartCount":0,"image":"docker.io/byrnedo/alpine-curl:latest","imageID":"docker-pullable://docker.io/byrnedo/alpine-curl@sha256:e8cf497b3005c2f66c8411f814f3818ecd683dfea45267ebfb4918088a26a18c","containerID":"docker://38674d55616bdf1173a4037926006b59bc0f5a5b7423b36fa24c03fe92c36903"},{"name":"create-primary-index","state":{"terminated":{"exitCode":0,"reason":"Completed","startedAt":"2018-08-30T05:42:49Z","finishedAt":"2018-08-30T05:42:49Z","containerID":"docker://16ae4cea2bd9f912e98e2c6ad7cc4b446d8387bff963993c9a452d02ca60bd1e"}},"lastState":{},"ready":true,"restartCount":0,"image":"docker.io/byrnedo/alpine-curl:latest","imageID":"docker-pullable://docker.io/byrnedo/alpine-curl@sha256:e8cf497b3005c2f66c8411f814f3818ecd683dfea45267ebfb4918088a26a18c","containerID":"docker://16ae4cea2bd9f912e98e2c6ad7cc4b446d8387bff963993c9a452d02ca60bd1e"},{"name":"create-ba-relatedpartyid-index","state":{"terminated":{"exitCode":0,"reason":"Completed","startedAt":"2018-08-30T05:42:50Z","finishedAt":"2018-08-30T05:42:50Z","containerID":"docker://4f2e8d045498a4535c486747a86313435d41ccb15436682f2c1ce117f34c8762"}},"lastState":{},"ready":true,"restartCount":0,"image":"docker.io/byrnedo/alpine-curl:latest","imageID":"docker-pullable://docker.io/byrnedo/alpine-curl@sha256:e8cf497b3005c2f66c8411f814f3818ecd683dfea45267ebfb4918088a26a18c","containerID":"docker://4f2e8d045498a4535c486747a86313435d41ccb15436682f2c1ce117f34c8762"},{"name":"create-ba-financialaccountid-index","state":{"terminated":{"exitCode":0,"reason":"Completed","startedAt":"2018-08-30T05:42:51Z","finishedAt":"2018-08-30T05:42:51Z","containerID":"docker://6c9d388494db0c43d1c3c8d7397fb1743ae37d8805575e1fdbc0f9011743df72"}},"lastState":{},"ready":true,"restartCount":0,"image":"docker.io/byrnedo/alpine-curl:latest","imageID":"docker-pullable://docker.io/byrnedo/alpine-curl@sha256:e8cf497b3005c2f66c8411f814f3818ecd683dfea45267ebfb4918088a26a18c","containerID":"docker://6c9d388494db0c43d1c3c8d7397fb1743ae37d8805575e1fdbc0f9011743df72"}],"containerStatuses":[{"name":"account-billingaccount-service-container","state":{"running":{"startedAt":"2018-09-18T03:04:35Z"}},"lastState":{"terminated":{"exitCode":137,"reason":"OOMKilled","startedAt":"2018-09-17T09:52:06Z","finishedAt":"2018-09-18T03:04:34Z","containerID":"docker://91624e969d6e6d2325594462cd9ef609ed75cc36d1a1d16b124eee5c3636d825"}},"ready":true,"restartCount":12,"image":"illin5564.corp.amdocs.com:5000/account-billingaccount-service:0.1.0-0223","imageID":"docker-pullable://illin5564.corp.amdocs.com:5000/account-billingaccount-service@sha256:8f88339feea0a61d1155c9eb3ec8deaf451df1bdc9cd4db37b6e1f30acefbea7","containerID":"docker://5366b5215c37e0455a1cb44523b61a4d124f9b0b97b777346a0d1523dcd32b27"}],"qosClass":"Burstable"}},{"metadata":{"name":"attachment-attachment-at-201763807-2b4sm","generateName":"attachment-attachment-at-201763807-","namespace":"care-for-openshift-testing","selfLink":"/api/v1/namespaces/care-for-openshift-testing/pods/attachment-attachment-at-201763807-2b4sm","uid":"7ddf66a7-ac17-11e8-bb86-0050569a887c","resourceVersion":"64977713","creationTimestamp":"2018-08-30T05:42:33Z","labels":{"microservice":"attachment-attachment","pod-template-hash":"201763807","project":"attachment-attachment-exe","provider":"amdocs","release":"attachment-attachment"},"annotations":{"fabric8.io/iconUrl":"img/icons/spring-boot.svg","openshift.io/scc":"anyuid-no-ps"},"ownerReferences":[{"apiVersion":"extensions/v1beta1","kind":"ReplicaSet","name":"attachment-attachment-at-201763807","uid":"a38e52c9-79f7-11e8-b420-0050569ac01d","controller":true,"blockOwnerDeletion":true}]},"spec":{"volumes":[{"name":"default-token-w6zvn","secret":{"secretName":"default-token-w6zvn","defaultMode":420}}],"initContainers":[{"name":"check-couchbase","image":"busybox","command":["sh","-c","timeout=0; while [[  $timeout -lt 90 ]]; do wget -q -O- -c http://couchbase-service:8091/ui/index.html \u003e /dev/null; if [ $? -ne 0 ]; then timeout=$(( timeout + 2 )); echo $timeout; else break; fi; done"],"resources":{},"volumeMounts":[{"name":"default-token-w6zvn","readOnly":true,"mountPath":"/var/run/secrets/kubernetes.io/serviceaccount"}],"terminationMessagePath":"/dev/termination-log","terminationMessagePolicy":"File","imagePullPolicy":"IfNotPresent","securityContext":{"capabilities":{"drop":["MKNOD"]}}},{"name":"create-bucket","image":"byrnedo/alpine-curl","command":["sh","-c","bucketName=com.amdocs.digital.ms.attachment.attachment; auth=Administrator:Administrator; server=couchbase-service; curl -X DELETE -u $auth http://$server:8091//pools/default/buckets/default; curl --fail -X POST -u $auth -d name=$bucketName -d ramQuotaMB=100 -d authType=sasl http://$server:8091/pools/default/buckets; curl --fail -u $auth http://$server:8091/pools/default/buckets/$bucketName"],"resources":{},"volumeMounts":[{"name":"default-token-w6zvn","readOnly":true,"mountPath":"/var/run/secrets/kubernetes.io/serviceaccount"}],"terminationMessagePath":"/dev/termination-log","terminationMessagePolicy":"File","imagePullPolicy":"IfNotPresent","securityContext":{"capabilities":{"drop":["MKNOD"]}}},{"name":"create-primary-index","image":"byrnedo/alpine-curl","command":["sh","-c","bucketName=com.amdocs.digital.ms.attachment.attachment; auth=Administrator:Administrator; server=couchbase-service; curl -X POST -v -u $auth http://$server:8093/query/service -d statement=create%20primary%20index%20on%20%60com.amdocs.digital.ms.attachment.attachment%60"],"resources":{},"volumeMounts":[{"name":"default-token-w6zvn","readOnly":true,"mountPath":"/var/run/secrets/kubernetes.io/serviceaccount"}],"terminationMessagePath":"/dev/termination-log","terminationMessagePolicy":"File","imagePullPolicy":"IfNotPresent","securityContext":{"capabilities":{"drop":["MKNOD"]}}}],"containers":[{"name":"attachment-attachment-service-container","image":"illin5564.corp.amdocs.com:5000/attachment-attachment-service:0.1.0-0184","ports":[{"name":"http","containerPort":8080,"protocol":"TCP"},{"name":"jacoco","containerPort":6300,"protocol":"TCP"},{"name":"management","containerPort":18080,"protocol":"TCP"}],"env":[{"name":"KUBERNETES_NAMESPACE","valueFrom":{"fieldRef":{"apiVersion":"v1","fieldPath":"metadata.namespace"}}},{"name":"MSNEXT_JAVA_OPTS","value":"-Dloader.main=com.amdocs.msnext.boot.Boot -Xms1024m -Xmx1024m -XX:MaxRAM=2048m -XX:+UseSerialGC -Dcom.amdocs.msnext.securitya3s.url=http://10.238.196.188:30081/asmServices/services/v1.0"},{"name":"MSNEXT_MODULE_MGT_DISABLE","value":"msnext-customization"},{"name":"MANAGEMENT_PORT","value":"18080"},{"name":"SERVER_PORT","value":"8080"},{"name":"MALLOC_ARENA_MAX","value":"4"},{"name":"MSNEXT_JACOCO_ENABLE","value":"1"},{"name":"MSNEXT_JACOCO_OPTS","value":"output=tcpserver,address=*,port=6300"}],"resources":{"limits":{"cpu":"1","memory":"1536Mi"},"requests":{"cpu":"200m","memory":"1Gi"}},"volumeMounts":[{"name":"default-token-w6zvn","readOnly":true,"mountPath":"/var/run/secrets/kubernetes.io/serviceaccount"}],"livenessProbe":{"httpGet":{"path":"/health","port":18080,"scheme":"HTTP"},"initialDelaySeconds":900,"timeoutSeconds":10,"periodSeconds":10,"successThreshold":1,"failureThreshold":3},"readinessProbe":{"httpGet":{"path":"/health","port":18080,"scheme":"HTTP"},"initialDelaySeconds":180,"timeoutSeconds":10,"periodSeconds":10,"successThreshold":1,"failureThreshold":3},"terminationMessagePath":"/dev/termination-log","terminationMessagePolicy":"File","imagePullPolicy":"IfNotPresent","securityContext":{"capabilities":{"drop":["MKNOD"]},"privileged":false}}],"restartPolicy":"Always","terminationGracePeriodSeconds":30,"dnsPolicy":"ClusterFirst","nodeSelector":{"region":"work"},"serviceAccountName":"default","serviceAccount":"default","nodeName":"ilocpde01w11.corp.amdocs.com","securityContext":{"seLinuxOptions":{"level":"s0:c15,c10"}},"imagePullSecrets":[{"name":"attachment-attachment-ms-secret"}],"schedulerName":"default-scheduler","tolerations":[{"key":"node.kubernetes.io/memory-pressure","operator":"Exists","effect":"NoSchedule"}]},"status":{"phase":"Running","conditions":[{"type":"Initialized","status":"True","lastProbeTime":null,"lastTransitionTime":"2018-08-30T05:42:38Z"},{"type":"Ready","status":"True","lastProbeTime":null,"lastTransitionTime":"2018-09-11T19:55:36Z"},{"type":"PodScheduled","status":"True","lastProbeTime":null,"lastTransitionTime":"2018-08-30T05:42:33Z"}],"hostIP":"10.245.250.30","podIP":"10.128.35.68","startTime":"2018-08-30T05:42:33Z","initContainerStatuses":[{"name":"check-couchbase","state":{"terminated":{"exitCode":0,"reason":"Completed","startedAt":"2018-08-30T05:42:35Z","finishedAt":"2018-08-30T05:42:35Z","containerID":"docker://fa21996b8db75e3c03e69679c1ecbc085d68a32f60514b68c1beba0baaa0df1d"}},"lastState":{},"ready":true,"restartCount":0,"image":"docker.io/busybox:latest","imageID":"docker-pullable://docker.io/busybox@sha256:141c253bc4c3fd0a201d32dc1f493bcf3fff003b6df416dea4f41046e0f37d47","containerID":"docker://fa21996b8db75e3c03e69679c1ecbc085d68a32f60514b68c1beba0baaa0df1d"},{"name":"create-bucket","state":{"terminated":{"exitCode":0,"reason":"Completed","startedAt":"2018-08-30T05:42:36Z","finishedAt":"2018-08-30T05:42:36Z","containerID":"docker://c2855e5f2c7c9e6428f42087c04f2916063b5674bcc6ce248e3ad363b429385a"}},"lastState":{},"ready":true,"restartCount":0,"image":"docker.io/byrnedo/alpine-curl:latest","imageID":"docker-pullable://docker.io/byrnedo/alpine-curl@sha256:00c64bda2814f95a13ad6a46d6de487dc88f424f2b1f6c62c6dfce36701fe516","containerID":"docker://c2855e5f2c7c9e6428f42087c04f2916063b5674bcc6ce248e3ad363b429385a"},{"name":"create-primary-index","state":{"terminated":{"exitCode":0,"reason":"Completed","startedAt":"2018-08-30T05:42:37Z","finishedAt":"2018-08-30T05:42:37Z","containerID":"docker://1f9cd362818d9d2b1ad28e83f188db53f770485d8a8b8d3862417c430efb1c63"}},"lastState":{},"ready":true,"restartCount":0,"image":"docker.io/byrnedo/alpine-curl:latest","imageID":"docker-pullable://docker.io/byrnedo/alpine-curl@sha256:00c64bda2814f95a13ad6a46d6de487dc88f424f2b1f6c62c6dfce36701fe516","containerID":"docker://1f9cd362818d9d2b1ad28e83f188db53f770485d8a8b8d3862417c430efb1c63"}],"containerStatuses":[{"name":"attachment-attachment-service-container","state":{"running":{"startedAt":"2018-09-11T19:52:36Z"}},"lastState":{"terminated":{"exitCode":143,"reason":"Error","startedAt":"2018-08-30T05:42:42Z","finishedAt":"2018-09-11T19:52:36Z","containerID":"docker://6093ffe22a9201610f34ff97cfe71b1056646c9a6bd29677bed8e1a365e67c64"}},"ready":true,"restartCount":1,"image":"illin5564.corp.amdocs.com:5000/attachment-attachment-service:0.1.0-0184","imageID":"docker-pullable://illin5564.corp.amdocs.com:5000/attachment-attachment-service@sha256:0df74048fcda70427f191a6305a3479b2db12734b1747260e970288a82c1300a","containerID":"docker://09b9f5c28db73541fabd5db645a7746bef233d0c13eda71d995c6ab2675cf031"}],"qosClass":"Burstable"}},{"metadata":{"name":"attachment-dmsbridge-att-2302686010-mcczh","generateName":"attachment-dmsbridge-att-2302686010-","namespace":"care-for-openshift-testing","selfLink":"/api/v1/namespaces/care-for-openshift-testing/pods/attachment-dmsbridge-att-2302686010-mcczh","uid":"7de30f11-ac17-11e8-bb86-0050569a887c","resourceVersion":"56205946","creationTimestamp":"2018-08-30T05:42:33Z","labels":{"microservice":"attachment-dmsbridge","pod-template-hash":"2302686010","project":"attachment-dmsbridge-exe","provider":"amdocs","release":"attachment-dmsbridge"},"annotations":{"checksum/config":"41e22316ef62dd31e3c6a20da0e1b308a149399883e147166c17e14c76522dea","git-commit":"cba7ed2ae82eb52e89d73fcfa6f69d735b0e7056","openshift.io/scc":"anyuid-no-ps"},"ownerReferences":[{"apiVersion":"extensions/v1beta1","kind":"ReplicaSet","name":"attachment-dmsbridge-att-2302686010","uid":"68d7ced3-79fa-11e8-b420-0050569ac01d","controller":true,"blockOwnerDeletion":true}]},"spec":{"volumes":[{"name":"prop-volume","configMap":{"name":"attachment-dmsbridge-service-appconfigmap","defaultMode":420}},{"name":"default-token-w6zvn","secret":{"secretName":"default-token-w6zvn","defaultMode":420}}],"containers":[{"name":"attachment-dmsbridge-service-container","image":"illin5564.corp.amdocs.com:5000/attachment-dmsbridge-service:0.1.1-0002","ports":[{"name":"http","containerPort":8080,"protocol":"TCP"},{"name":"jacoco","containerPort":6300,"protocol":"TCP"},{"name":"management","containerPort":18080,"protocol":"TCP"}],"env":[{"name":"MSNEXT_CONF_SOURCE_APP","value":"/etc/config"},{"name":"KUBERNETES_NAMESPACE","valueFrom":{"fieldRef":{"apiVersion":"v1","fieldPath":"metadata.namespace"}}},{"name":"MSNEXT_JAVA_OPTS","value":"-Dloader.main=com.amdocs.msnext.boot.Boot -Xms1024m -Xmx1024m -XX:+DisableExplicitGC -XX:+UseConcMarkSweepGC -XX:+CMSParallelRemarkEnabled -XX:NewRatio=1 -Xss512k -XX:MaxMetaspaceSize=512m -Dcom.amdocs.msnext.securitya3s.url=http://10.238.196.188:30081/asmServices/services/v1.0"},{"name":"MSNEXT_MODULE_MGT_DISABLE","value":"msnext-customization"},{"name":"MANAGEMENT_PORT","value":"18080"},{"name":"SERVER_PORT","value":"8080"},{"name":"MALLOC_ARENA_MAX","value":"4"},{"name":"MSNEXT_JACOCO_ENABLE","value":"1"},{"name":"MSNEXT_JACOCO_OPTS","value":"output=tcpserver,address=*,port=6300"}],"resources":{"limits":{"cpu":"1","memory":"1536Mi"},"requests":{"cpu":"200m","memory":"1Gi"}},"volumeMounts":[{"name":"prop-volume","mountPath":"/etc/config"},{"name":"default-token-w6zvn","readOnly":true,"mountPath":"/var/run/secrets/kubernetes.io/serviceaccount"}],"livenessProbe":{"httpGet":{"path":"/health","port":18080,"scheme":"HTTP"},"initialDelaySeconds":900,"timeoutSeconds":10,"periodSeconds":10,"successThreshold":1,"failureThreshold":3},"readinessProbe":{"httpGet":{"path":"/health","port":18080,"scheme":"HTTP"},"initialDelaySeconds":180,"timeoutSeconds":10,"periodSeconds":10,"successThreshold":1,"failureThreshold":3},"terminationMessagePath":"/dev/termination-log","terminationMessagePolicy":"File","imagePullPolicy":"IfNotPresent","securityContext":{"capabilities":{"drop":["MKNOD"]},"privileged":false}}],"restartPolicy":"Always","terminationGracePeriodSeconds":30,"dnsPolicy":"ClusterFirst","nodeSelector":{"region":"work"},"serviceAccountName":"default","serviceAccount":"default","nodeName":"ilocpde01w03.corp.amdocs.com","securityContext":{"seLinuxOptions":{"level":"s0:c15,c10"}},"imagePullSecrets":[{"name":"attachment-dmsbridge-ms-secret"}],"schedulerName":"default-scheduler","tolerations":[{"key":"node.kubernetes.io/memory-pressure","operator":"Exists","effect":"NoSchedule"}]},"status":{"phase":"Running","conditions":[{"type":"Initialized","status":"True","lastProbeTime":null,"lastTransitionTime":"2018-08-30T05:42:33Z"},{"type":"Ready","status":"True","lastProbeTime":null,"lastTransitionTime":"2018-08-31T07:19:06Z"},{"type":"PodScheduled","status":"True","lastProbeTime":null,"lastTransitionTime":"2018-08-30T05:42:33Z"}],"hostIP":"10.245.250.22","podIP":"10.128.10.121","startTime":"2018-08-30T05:42:33Z","containerStatuses":[{"name":"attachment-dmsbridge-service-container","state":{"running":{"startedAt":"2018-08-31T07:16:02Z"}},"lastState":{"terminated":{"exitCode":143,"reason":"Error","startedAt":"2018-08-30T05:42:38Z","finishedAt":"2018-08-31T07:15:33Z","containerID":"docker://a29cc958ef9f7215ed605d3956e86b42d9e1b33c1b0bdb3e737ee9d20022c573"}},"ready":true,"restartCount":1,"image":"illin5564.corp.amdocs.com:5000/attachment-dmsbridge-service:0.1.1-0002","imageID":"docker-pullable://illin5564.corp.amdocs.com:5000/attachment-dmsbridge-service@sha256:a44689bf31f64345dcb03e13c7a2be6064f0d7d525f857178a5fc444a05acb6d","containerID":"docker://be93cba2b3913622e1df1c747e0177545cefbb287aac623ae1cd40fe0abb6672"}],"qosClass":"Burstable"}},{"metadata":{"name":"creditprofile-crediteval-2801187318-fnc7s","generateName":"creditprofile-crediteval-2801187318-","namespace":"care-for-openshift-testing","selfLink":"/api/v1/namespaces/care-for-openshift-testing/pods/creditprofile-crediteval-2801187318-fnc7s","uid":"7df09d40-ac17-11e8-bb86-0050569a887c","resourceVersion":"63498745","creationTimestamp":"2018-08-30T05:42:33Z","labels":{"microservice":"creditprofile-crediteval","pod-template-hash":"2801187318","project":"creditprofile-creditevaluatorbridge-exe","provider":"amdocs","release":"creditprofile-creditevaluatorbridge"},"annotations":{"fabric8.io/iconUrl":"img/icons/spring-boot.svg","openshift.io/scc":"anyuid-no-ps"},"ownerReferences":[{"apiVersion":"extensions/v1beta1","kind":"ReplicaSet","name":"creditprofile-crediteval-2801187318","uid":"ccbb1cc8-79f8-11e8-b420-0050569ac01d","controller":true,"blockOwnerDeletion":true}]},"spec":{"volumes":[{"name":"default-token-w6zvn","secret":{"secretName":"default-token-w6zvn","defaultMode":420}}],"initContainers":[{"name":"check-couchbase","image":"busybox","command":["sh","-c","timeout=0; while [[  $timeout -lt 90 ]]; do wget -q -O- -c http://couchbase-service:8091/ui/index.html \u003e /dev/null; if [ $? -ne 0 ]; then timeout=$(( timeout + 2 )); echo $timeout; else break; fi; done"],"resources":{},"volumeMounts":[{"name":"default-token-w6zvn","readOnly":true,"mountPath":"/var/run/secrets/kubernetes.io/serviceaccount"}],"terminationMessagePath":"/dev/termination-log","terminationMessagePolicy":"File","imagePullPolicy":"IfNotPresent","securityContext":{"capabilities":{"drop":["MKNOD"]}}},{"name":"create-bucket","image":"byrnedo/alpine-curl","command":["sh","-c","bucketName=com.amdocs.digital.ms.creditprofile.creditevaluatorbridge; auth=Administrator:Administrator; server=couchbase-service; curl -X DELETE -u $auth http://$server:8091//pools/default/buckets/default; curl --fail -X POST -u $auth -d name=$bucketName -d ramQuotaMB=100 -d authType=sasl http://$server:8091/pools/default/buckets; curl --fail -u $auth http://$server:8091/pools/default/buckets/$bucketName"],"resources":{},"volumeMounts":[{"name":"default-token-w6zvn","readOnly":true,"mountPath":"/var/run/secrets/kubernetes.io/serviceaccount"}],"terminationMessagePath":"/dev/termination-log","terminationMessagePolicy":"File","imagePullPolicy":"IfNotPresent","securityContext":{"capabilities":{"drop":["MKNOD"]}}},{"name":"create-primary-index","image":"byrnedo/alpine-curl","command":["sh","-c","bucketName=com.amdocs.digital.ms.creditprofile.creditevaluatorbridge; auth=Administrator:Administrator; server=couchbase-service; curl -X POST -v -u $auth http://$server:8093/query/service -d statement=create%20primary%20index%20on%20%60com.amdocs.digital.ms.creditprofile.creditevaluatorbridge%60"],"resources":{},"volumeMounts":[{"name":"default-token-w6zvn","readOnly":true,"mountPath":"/var/run/secrets/kubernetes.io/serviceaccount"}],"terminationMessagePath":"/dev/termination-log","terminationMessagePolicy":"File","imagePullPolicy":"IfNotPresent","securityContext":{"capabilities":{"drop":["MKNOD"]}}}],"containers":[{"name":"creditprofile-creditevaluatorbridge-service-container","image":"illin5564.corp.amdocs.com:5000/creditprofile-creditevaluatorbridge-service:0.1.0-0072","ports":[{"name":"http","containerPort":8080,"protocol":"TCP"},{"name":"jacoco","containerPort":6300,"protocol":"TCP"},{"name":"management","containerPort":18080,"protocol":"TCP"}],"env":[{"name":"KUBERNETES_NAMESPACE","valueFrom":{"fieldRef":{"apiVersion":"v1","fieldPath":"metadata.namespace"}}},{"name":"MSNEXT_JAVA_OPTS","value":"-Dloader.main=com.amdocs.msnext.boot.Boot -Xms1024m -Xmx1024m -XX:MaxRAM=2048m -XX:+UseSerialGC -Dcom.amdocs.msnext.securitya3s.url=http://10.238.196.188:30081/asmServices/services/v1.0"},{"name":"MSNEXT_MODULE_MGT_DISABLE","value":"msnext-customization"},{"name":"MANAGEMENT_PORT","value":"18080"},{"name":"MALLOC_ARENA_MAX","value":"4"},{"name":"SERVER_PORT","value":"8080"},{"name":"MSNEXT_JACOCO_ENABLE","value":"1"},{"name":"MSNEXT_JACOCO_OPTS","value":"output=tcpserver,address=*,port=6300"}],"resources":{"limits":{"cpu":"1","memory":"1536Mi"},"requests":{"cpu":"200m","memory":"1Gi"}},"volumeMounts":[{"name":"default-token-w6zvn","readOnly":true,"mountPath":"/var/run/secrets/kubernetes.io/serviceaccount"}],"livenessProbe":{"httpGet":{"path":"/health","port":18080,"scheme":"HTTP"},"initialDelaySeconds":900,"timeoutSeconds":10,"periodSeconds":10,"successThreshold":1,"failureThreshold":3},"readinessProbe":{"httpGet":{"path":"/health","port":18080,"scheme":"HTTP"},"initialDelaySeconds":180,"timeoutSeconds":10,"periodSeconds":10,"successThreshold":1,"failureThreshold":3},"terminationMessagePath":"/dev/termination-log","terminationMessagePolicy":"File","imagePullPolicy":"IfNotPresent","securityContext":{"capabilities":{"drop":["MKNOD"]},"privileged":false}}],"restartPolicy":"Always","terminationGracePeriodSeconds":30,"dnsPolicy":"ClusterFirst","nodeSelector":{"region":"work"},"serviceAccountName":"default","serviceAccount":"default","nodeName":"ilocpde01w02.corp.amdocs.com","securityContext":{"seLinuxOptions":{"level":"s0:c15,c10"}},"imagePullSecrets":[{"name":"creditprofile-creditevaluatorbridge-ms-secret"}],"schedulerName":"default-scheduler","tolerations":[{"key":"node.kubernetes.io/memory-pressure","operator":"Exists","effect":"NoSchedule"}]},"status":{"phase":"Running","conditions":[{"type":"Initialized","status":"True","lastProbeTime":null,"lastTransitionTime":"2018-08-30T05:42:38Z"},{"type":"Ready","status":"True","lastProbeTime":null,"lastTransitionTime":"2018-09-09T21:05:50Z"},{"type":"PodScheduled","status":"True","lastProbeTime":null,"lastTransitionTime":"2018-08-30T05:42:33Z"}],"hostIP":"10.245.250.21","podIP":"10.128.13.193","startTime":"2018-08-30T05:42:33Z","initContainerStatuses":[{"name":"check-couchbase","state":{"terminated":{"exitCode":0,"reason":"Completed","startedAt":"2018-08-31T07:16:37Z","finishedAt":"2018-08-31T07:16:37Z","containerID":"docker://cb17fa4bec1d6d29038a2f7772499c6d556a74c5b4831d61b5babaf2ad82b328"}},"lastState":{},"ready":true,"restartCount":1,"image":"docker.io/busybox:latest","imageID":"docker-pullable://docker.io/busybox@sha256:58ac43b2cc92c687a32c8be6278e50a063579655fe3090125dcb2af0ff9e1a64","containerID":"docker://cb17fa4bec1d6d29038a2f7772499c6d556a74c5b4831d61b5babaf2ad82b328"},{"name":"create-bucket","state":{"terminated":{"exitCode":0,"reason":"Completed","startedAt":"2018-08-31T07:19:50Z","finishedAt":"2018-08-31T07:19:51Z","containerID":"docker://2e6b09fbcf5e804e76e2d17993c7ef1df2ff81c79aa24679c64267f0b40b0a31"}},"lastState":{},"ready":true,"restartCount":0,"image":"docker.io/byrnedo/alpine-curl:latest","imageID":"docker-pullable://docker.io/byrnedo/alpine-curl@sha256:00c64bda2814f95a13ad6a46d6de487dc88f424f2b1f6c62c6dfce36701fe516","containerID":"docker://2e6b09fbcf5e804e76e2d17993c7ef1df2ff81c79aa24679c64267f0b40b0a31"},{"name":"create-primary-index","state":{"terminated":{"exitCode":0,"reason":"Completed","startedAt":"2018-08-31T07:19:54Z","finishedAt":"2018-08-31T07:19:55Z","containerID":"docker://22f8d96ee042a73d06e7dee9d994ae6f3245090f15144028875af7659cb4ad6d"}},"lastState":{},"ready":true,"restartCount":0,"image":"docker.io/byrnedo/alpine-curl:latest","imageID":"docker-pullable://docker.io/byrnedo/alpine-curl@sha256:00c64bda2814f95a13ad6a46d6de487dc88f424f2b1f6c62c6dfce36701fe516","containerID":"docker://22f8d96ee042a73d06e7dee9d994ae6f3245090f15144028875af7659cb4ad6d"}],"containerStatuses":[{"name":"creditprofile-creditevaluatorbridge-service-container","state":{"running":{"startedAt":"2018-09-09T21:02:49Z"}},"lastState":{"terminated":{"exitCode":143,"reason":"Error","startedAt":"2018-08-31T07:19:58Z","finishedAt":"2018-09-09T21:02:49Z","containerID":"docker://beeb7ccf1d448a66121ad0e089847433db40cd19a6085179e2271b5bbcf8dc60"}},"ready":true,"restartCount":2,"image":"illin5564.corp.amdocs.com:5000/creditprofile-creditevaluatorbridge-service:0.1.0-0072","imageID":"docker-pullable://illin5564.corp.amdocs.com:5000/creditprofile-creditevaluatorbridge-service@sha256:c09ce9401a3d6a31e65832a54ef92b21ea5baf76b6c6a3b87b88ed122be7b9fe","containerID":"docker://886fe33b392d8b48b3ef37883a14412c596d85d81df81d1d3c483f7475919b3a"}],"qosClass":"Burstable"}},{"metadata":{"name":"creditprofile-creditprof-3048733389-58wpg","generateName":"creditprofile-creditprof-3048733389-","namespace":"care-for-openshift-testing","selfLink":"/api/v1/namespaces/care-for-openshift-testing/pods/creditprofile-creditprof-3048733389-58wpg","uid":"7df234f9-ac17-11e8-bb86-0050569a887c","resourceVersion":"68414222","creationTimestamp":"2018-08-30T05:42:33Z","labels":{"microservice":"creditprofile-creditprof","pod-template-hash":"3048733389","project":"creditprofile-creditprofile-exe","provider":"amdocs","release":"creditprofile-creditprofile"},"annotations":{"fabric8.io/iconUrl":"img/icons/spring-boot.svg","openshift.io/scc":"anyuid-no-ps"},"ownerReferences":[{"apiVersion":"extensions/v1beta1","kind":"ReplicaSet","name":"creditprofile-creditprof-3048733389","uid":"f2168d13-79f8-11e8-b420-0050569ac01d","controller":true,"blockOwnerDeletion":true}]},"spec":{"volumes":[{"name":"default-token-w6zvn","secret":{"secretName":"default-token-w6zvn","defaultMode":420}}],"initContainers":[{"name":"check-couchbase","image":"busybox","command":["sh","-c","timeout=0; while [[  $timeout -lt 90 ]]; do wget -q -O- -c http://couchbase-service:8091/ui/index.html \u003e /dev/null; if [ $? -ne 0 ]; then timeout=$(( timeout + 2 )); echo $timeout; else break; fi; done"],"resources":{},"volumeMounts":[{"name":"default-token-w6zvn","readOnly":true,"mountPath":"/var/run/secrets/kubernetes.io/serviceaccount"}],"terminationMessagePath":"/dev/termination-log","terminationMessagePolicy":"File","imagePullPolicy":"IfNotPresent","securityContext":{"capabilities":{"drop":["MKNOD"]}}},{"name":"create-bucket","image":"byrnedo/alpine-curl","command":["sh","-c","bucketName=com.amdocs.digital.ms.creditprofile.creditprofile; auth=Administrator:Administrator; server=couchbase-service; curl -X DELETE -u $auth http://$server:8091//pools/default/buckets/default; curl --fail -X POST -u $auth -d name=$bucketName -d ramQuotaMB=100 -d authType=sasl http://$server:8091/pools/default/buckets; curl --fail -u $auth http://$server:8091/pools/default/buckets/$bucketName"],"resources":{},"volumeMounts":[{"name":"default-token-w6zvn","readOnly":true,"mountPath":"/var/run/secrets/kubernetes.io/serviceaccount"}],"terminationMessagePath":"/dev/termination-log","terminationMessagePolicy":"File","imagePullPolicy":"IfNotPresent","securityContext":{"capabilities":{"drop":["MKNOD"]}}},{"name":"create-primary-index","image":"byrnedo/alpine-curl","command":["sh","-c","bucketName=com.amdocs.digital.ms.creditprofile.creditprofile; auth=Administrator:Administrator; server=couchbase-service; curl -X POST -v -u $auth http://$server:8093/query/service -d statement=create%20primary%20index%20on%20%60com.amdocs.digital.ms.creditprofile.creditprofile%60"],"resources":{},"volumeMounts":[{"name":"default-token-w6zvn","readOnly":true,"mountPath":"/var/run/secrets/kubernetes.io/serviceaccount"}],"terminationMessagePath":"/dev/termination-log","terminationMessagePolicy":"File","imagePullPolicy":"IfNotPresent","securityContext":{"capabilities":{"drop":["MKNOD"]}}},{"name":"create-cp-relatedparty-index","image":"byrnedo/alpine-curl","command":["sh","-c","bucketName=com.amdocs.digital.ms.creditprofile.creditprofile; auth=Administrator:Administrator; server=couchbase-service; curl -X POST -v -u $auth http://$server:8093/query/service -d statement='CREATE%20INDEX%20%60idx_creditProfile_relatedPartyId%60%20ON%20%60com.amdocs.digital.ms.creditprofile.creditprofile%60((%60relatedParty%60.%60id%60))'"],"resources":{},"volumeMounts":[{"name":"default-token-w6zvn","readOnly":true,"mountPath":"/var/run/secrets/kubernetes.io/serviceaccount"}],"terminationMessagePath":"/dev/termination-log","terminationMessagePolicy":"File","imagePullPolicy":"IfNotPresent","securityContext":{"capabilities":{"drop":["MKNOD"]}}}],"containers":[{"name":"creditprofile-creditprofile-service-container","image":"illin5564.corp.amdocs.com:5000/creditprofile-creditprofile-service:0.1.0-0180","ports":[{"name":"http","containerPort":8080,"protocol":"TCP"},{"name":"jacoco","containerPort":6300,"protocol":"TCP"},{"name":"management","containerPort":18080,"protocol":"TCP"}],"env":[{"name":"KUBERNETES_NAMESPACE","valueFrom":{"fieldRef":{"apiVersion":"v1","fieldPath":"metadata.namespace"}}},{"name":"MSNEXT_JAVA_OPTS","value":"-Dloader.main=com.amdocs.msnext.boot.Boot -Xms1024m -Xmx1024m -XX:MaxRAM=2048m -XX:+UseSerialGC -Dcom.amdocs.msnext.securitya3s.url=http://10.238.196.188:30081/asmServices/services/v1.0"},{"name":"MSNEXT_MODULE_MGT_DISABLE","value":"msnext-customization"},{"name":"MANAGEMENT_PORT","value":"18080"},{"name":"SERVER_PORT","value":"8080"},{"name":"MALLOC_ARENA_MAX","value":"4"},{"name":"MSNEXT_JACOCO_ENABLE","value":"1"},{"name":"MSNEXT_JACOCO_OPTS","value":"output=tcpserver,address=*,port=6300"}],"resources":{"limits":{"cpu":"1","memory":"1536Mi"},"requests":{"cpu":"200m","memory":"1Gi"}},"volumeMounts":[{"name":"default-token-w6zvn","readOnly":true,"mountPath":"/var/run/secrets/kubernetes.io/serviceaccount"}],"livenessProbe":{"httpGet":{"path":"/health","port":18080,"scheme":"HTTP"},"initialDelaySeconds":900,"timeoutSeconds":10,"periodSeconds":10,"successThreshold":1,"failureThreshold":3},"readinessProbe":{"httpGet":{"path":"/health","port":18080,"scheme":"HTTP"},"initialDelaySeconds":180,"timeoutSeconds":10,"periodSeconds":10,"successThreshold":1,"failureThreshold":3},"terminationMessagePath":"/dev/termination-log","terminationMessagePolicy":"File","imagePullPolicy":"IfNotPresent","securityContext":{"capabilities":{"drop":["MKNOD"]},"privileged":false}}],"restartPolicy":"Always","terminationGracePeriodSeconds":30,"dnsPolicy":"ClusterFirst","nodeSelector":{"region":"work"},"serviceAccountName":"default","serviceAccount":"default","nodeName":"ilocpde01w34.corp.amdocs.com","securityContext":{"seLinuxOptions":{"level":"s0:c15,c10"}},"imagePullSecrets":[{"name":"creditprofile-creditprofile-ms-secret"}],"schedulerName":"default-scheduler","tolerations":[{"key":"node.kubernetes.io/memory-pressure","operator":"Exists","effect":"NoSchedule"}]},"status":{"phase":"Running","conditions":[{"type":"Initialized","status":"True","lastProbeTime":null,"lastTransitionTime":"2018-08-30T05:42:52Z"},{"type":"Ready","status":"True","lastProbeTime":null,"lastTransitionTime":"2018-09-16T16:58:17Z"},{"type":"PodScheduled","status":"True","lastProbeTime":null,"lastTransitionTime":"2018-08-30T05:42:33Z"}],"hostIP":"10.245.251.175","podIP":"10.128.78.62","startTime":"2018-08-30T05:42:33Z","initContainerStatuses":[{"name":"check-couchbase","state":{"terminated":{"exitCode":0,"reason":"Completed","startedAt":"2018-08-30T05:42:35Z","finishedAt":"2018-08-30T05:42:35Z","containerID":"docker://c139a7494b5de758c65a0f12188f787f22adb710fa446431e91df2384734a17f"}},"lastState":{},"ready":true,"restartCount":0,"image":"docker.io/busybox:latest","imageID":"docker-pullable://docker.io/busybox@sha256:cb63aa0641a885f54de20f61d152187419e8f6b159ed11a251a09d115fdff9bd","containerID":"docker://c139a7494b5de758c65a0f12188f787f22adb710fa446431e91df2384734a17f"},{"name":"create-bucket","state":{"terminated":{"exitCode":0,"reason":"Completed","startedAt":"2018-08-30T05:42:50Z","finishedAt":"2018-08-30T05:42:50Z","containerID":"docker://b1af81646e18607044594199987de077fc571e97b817c7767ab54ebc1bf14f45"}},"lastState":{},"ready":true,"restartCount":0,"image":"docker.io/byrnedo/alpine-curl:latest","imageID":"docker-pullable://docker.io/byrnedo/alpine-curl@sha256:e8cf497b3005c2f66c8411f814f3818ecd683dfea45267ebfb4918088a26a18c","containerID":"docker://b1af81646e18607044594199987de077fc571e97b817c7767ab54ebc1bf14f45"},{"name":"create-primary-index","state":{"terminated":{"exitCode":0,"reason":"Completed","startedAt":"2018-08-30T05:42:50Z","finishedAt":"2018-08-30T05:42:51Z","containerID":"docker://3f670d60ee74e9729c50faedc2d3ae1f8b1fca514e783301da5991ac8c682437"}},"lastState":{},"ready":true,"restartCount":0,"image":"docker.io/byrnedo/alpine-curl:latest","imageID":"docker-pullable://docker.io/byrnedo/alpine-curl@sha256:e8cf497b3005c2f66c8411f814f3818ecd683dfea45267ebfb4918088a26a18c","containerID":"docker://3f670d60ee74e9729c50faedc2d3ae1f8b1fca514e783301da5991ac8c682437"},{"name":"create-cp-relatedparty-index","state":{"terminated":{"exitCode":0,"reason":"Completed","startedAt":"2018-08-30T05:42:52Z","finishedAt":"2018-08-30T05:42:52Z","containerID":"docker://0fec97b8db4201393b06a1bbdb29291dd1df21222adf5417f8523ebbc5096e36"}},"lastState":{},"ready":true,"restartCount":0,"image":"docker.io/byrnedo/alpine-curl:latest","imageID":"docker-pullable://docker.io/byrnedo/alpine-curl@sha256:e8cf497b3005c2f66c8411f814f3818ecd683dfea45267ebfb4918088a26a18c","containerID":"docker://0fec97b8db4201393b06a1bbdb29291dd1df21222adf5417f8523ebbc5096e36"}],"containerStatuses":[{"name":"creditprofile-creditprofile-service-container","state":{"running":{"startedAt":"2018-09-16T16:55:09Z"}},"lastState":{"terminated":{"exitCode":137,"reason":"OOMKilled","startedAt":"2018-09-14T19:55:59Z","finishedAt":"2018-09-16T16:55:08Z","containerID":"docker://fef8a4a79d95ae144f3d72574070c85fed33e562025f9733024342306906e219"}},"ready":true,"restartCount":4,"image":"illin5564.corp.amdocs.com:5000/creditprofile-creditprofile-service:0.1.0-0180","imageID":"docker-pullable://illin5564.corp.amdocs.com:5000/creditprofile-creditprofile-service@sha256:92f83a88a8da15154cba55135d3f5113e0042edd9a6a546e3c6a0fb0ab23503a","containerID":"docker://3bf86b2312dae316a60db08ef01c08599d2fc03649c3b76246c00893ad47071f"}],"qosClass":"Burstable"}},{"metadata":{"name":"customer-customer-custom-1421202785-vc7bj","generateName":"customer-customer-custom-1421202785-","namespace":"care-for-openshift-testing","selfLink":"/api/v1/namespaces/care-for-openshift-testing/pods/customer-customer-custom-1421202785-vc7bj","uid":"7df330df-ac17-11e8-bb86-0050569a887c","resourceVersion":"66767368","creationTimestamp":"2018-08-30T05:42:33Z","labels":{"microservice":"customer-customer","pod-template-hash":"1421202785","project":"customer-customer-exe","provider":"amdocs","release":"customer-customer"},"annotations":{"fabric8.io/iconUrl":"img/icons/spring-boot.svg","openshift.io/scc":"anyuid-no-ps"},"ownerReferences":[{"apiVersion":"extensions/v1beta1","kind":"ReplicaSet","name":"customer-customer-custom-1421202785","uid":"e8534071-79f7-11e8-b420-0050569ac01d","controller":true,"blockOwnerDeletion":true}]},"spec":{"volumes":[{"name":"default-token-w6zvn","secret":{"secretName":"default-token-w6zvn","defaultMode":420}}],"initContainers":[{"name":"check-couchbase","image":"busybox","command":["sh","-c","timeout=0; while [[  $timeout -lt 90 ]]; do wget -q -O- -c http://couchbase-service:8091/ui/index.html \u003e /dev/null; if [ $? -ne 0 ]; then timeout=$(( timeout + 2 )); echo $timeout; else break; fi; done"],"resources":{},"volumeMounts":[{"name":"default-token-w6zvn","readOnly":true,"mountPath":"/var/run/secrets/kubernetes.io/serviceaccount"}],"terminationMessagePath":"/dev/termination-log","terminationMessagePolicy":"File","imagePullPolicy":"IfNotPresent","securityContext":{"capabilities":{"drop":["MKNOD"]}}},{"name":"create-bucket","image":"byrnedo/alpine-curl","command":["sh","-c","bucketName=com.amdocs.digital.ms.customer.customer; auth=Administrator:Administrator; server=couchbase-service; curl -X DELETE -u $auth http://$server:8091//pools/default/buckets/default; curl --fail -X POST -u $auth -d name=$bucketName -d ramQuotaMB=100 -d authType=sasl http://$server:8091/pools/default/buckets; curl --fail -u $auth http://$server:8091/pools/default/buckets/$bucketName"],"resources":{},"volumeMounts":[{"name":"default-token-w6zvn","readOnly":true,"mountPath":"/var/run/secrets/kubernetes.io/serviceaccount"}],"terminationMessagePath":"/dev/termination-log","terminationMessagePolicy":"File","imagePullPolicy":"IfNotPresent","securityContext":{"capabilities":{"drop":["MKNOD"]}}}],"containers":[{"name":"customer-customer-service-container","image":"illin5564.corp.amdocs.com:5000/customer-customer-service:0.1.0-0728","ports":[{"name":"http","containerPort":8080,"protocol":"TCP"},{"name":"management","containerPort":18080,"protocol":"TCP"},{"name":"jacoco","containerPort":6300,"protocol":"TCP"}],"env":[{"name":"KUBERNETES_NAMESPACE","valueFrom":{"fieldRef":{"apiVersion":"v1","fieldPath":"metadata.namespace"}}},{"name":"MSNEXT_JAVA_OPTS","value":"-Dloader.main=com.amdocs.msnext.boot.Boot -Xms1024m -Xmx1024m -XX:MaxRAM=2048m -XX:+UseSerialGC -Dcom.amdocs.msnext.securitya3s.url=http://10.238.196.188:30081/asmServices/services/v1.0"},{"name":"MSNEXT_MODULE_MGT_DISABLE","value":"msnext-customization"},{"name":"MANAGEMENT_PORT","value":"18080"},{"name":"MALLOC_ARENA_MAX","value":"4"},{"name":"SERVER_PORT","value":"8080"},{"name":"MSNEXT_JACOCO_ENABLE","value":"1"},{"name":"MSNEXT_JACOCO_OPTS","value":"output=tcpserver,address=*,port=6300"}],"resources":{"limits":{"cpu":"1","memory":"1536Mi"},"requests":{"cpu":"200m","memory":"1Gi"}},"volumeMounts":[{"name":"default-token-w6zvn","readOnly":true,"mountPath":"/var/run/secrets/kubernetes.io/serviceaccount"}],"livenessProbe":{"httpGet":{"path":"/health","port":18080,"scheme":"HTTP"},"initialDelaySeconds":900,"timeoutSeconds":1,"periodSeconds":10,"successThreshold":1,"failureThreshold":3},"readinessProbe":{"httpGet":{"path":"/health","port":18080,"scheme":"HTTP"},"initialDelaySeconds":180,"timeoutSeconds":10,"periodSeconds":10,"successThreshold":1,"failureThreshold":3},"terminationMessagePath":"/dev/termination-log","terminationMessagePolicy":"File","imagePullPolicy":"IfNotPresent","securityContext":{"capabilities":{"drop":["MKNOD"]},"privileged":false}}],"restartPolicy":"Always","terminationGracePeriodSeconds":30,"dnsPolicy":"ClusterFirst","nodeSelector":{"region":"work"},"serviceAccountName":"default","serviceAccount":"default","nodeName":"ilocpde01w33.corp.amdocs.com","securityContext":{"seLinuxOptions":{"level":"s0:c15,c10"}},"imagePullSecrets":[{"name":"customer-customer-ms-secret"}],"schedulerName":"default-scheduler","tolerations":[{"key":"node.kubernetes.io/memory-pressure","operator":"Exists","effect":"NoSchedule"}]},"status":{"phase":"Running","conditions":[{"type":"Initialized","status":"True","lastProbeTime":null,"lastTransitionTime":"2018-08-30T05:42:36Z"},{"type":"Ready","status":"True","lastProbeTime":null,"lastTransitionTime":"2018-09-14T01:53:05Z"},{"type":"PodScheduled","status":"True","lastProbeTime":null,"lastTransitionTime":"2018-08-30T05:42:33Z"}],"hostIP":"10.245.251.174","podIP":"10.128.74.19","startTime":"2018-08-30T05:42:33Z","initContainerStatuses":[{"name":"check-couchbase","state":{"terminated":{"exitCode":0,"reason":"Completed","startedAt":"2018-08-30T05:42:35Z","finishedAt":"2018-08-30T05:42:35Z","containerID":"docker://3922a8832725e30cd2a2fb6b2bfb285e9496f1a98976b007ac69c8fa3974d835"}},"lastState":{},"ready":true,"restartCount":0,"image":"docker.io/busybox:latest","imageID":"docker-pullable://docker.io/busybox@sha256:cb63aa0641a885f54de20f61d152187419e8f6b159ed11a251a09d115fdff9bd","containerID":"docker://3922a8832725e30cd2a2fb6b2bfb285e9496f1a98976b007ac69c8fa3974d835"},{"name":"create-bucket","state":{"terminated":{"exitCode":0,"reason":"Completed","startedAt":"2018-08-30T05:42:36Z","finishedAt":"2018-08-30T05:42:36Z","containerID":"docker://ba1ff72a3091463931786851a2c8a52cf67ee05d0d4b2c42e4d6b6cd586cf327"}},"lastState":{},"ready":true,"restartCount":0,"image":"docker.io/byrnedo/alpine-curl:latest","imageID":"docker-pullable://docker.io/byrnedo/alpine-curl@sha256:e8cf497b3005c2f66c8411f814f3818ecd683dfea45267ebfb4918088a26a18c","containerID":"docker://ba1ff72a3091463931786851a2c8a52cf67ee05d0d4b2c42e4d6b6cd586cf327"}],"containerStatuses":[{"name":"customer-customer-service-container","state":{"running":{"startedAt":"2018-08-30T05:42:39Z"}},"lastState":{},"ready":true,"restartCount":0,"image":"illin5564.corp.amdocs.com:5000/customer-customer-service:0.1.0-0728","imageID":"docker-pullable://illin5564.corp.amdocs.com:5000/customer-customer-service@sha256:06f147872c0e79508f6f4a7a1709f6e055fa789f04b6af5c10ee36d0e991b0e1","containerID":"docker://06bea693ba9c8a469963c4439df80e0e95b6f5001787375eff65e5489aaec950"}],"qosClass":"Burstable"}},{"metadata":{"name":"customerentity-rls-custo-827328498-r9t2z","generateName":"customerentity-rls-custo-827328498-","namespace":"care-for-openshift-testing","selfLink":"/api/v1/namespaces/care-for-openshift-testing/pods/customerentity-rls-custo-827328498-r9t2z","uid":"7e10c939-ac17-11e8-bb86-0050569a887c","resourceVersion":"69444933","creationTimestamp":"2018-08-30T05:42:33Z","labels":{"microservice":"customer-customerentity","pod-template-hash":"827328498","project":"customer-customerentity-exe","provider":"amdocs","release":"customerentity-rls"},"annotations":{"fabric8.io/iconUrl":"img/icons/spring-boot.svg","openshift.io/scc":"anyuid-no-ps"},"ownerReferences":[{"apiVersion":"extensions/v1beta1","kind":"ReplicaSet","name":"customerentity-rls-custo-827328498","uid":"a564a890-79f8-11e8-b420-0050569ac01d","controller":true,"blockOwnerDeletion":true}]},"spec":{"volumes":[{"name":"default-token-w6zvn","secret":{"secretName":"default-token-w6zvn","defaultMode":420}}],"initContainers":[{"name":"check-couchbase","image":"busybox","command":["sh","-c","timeout=0; while [[  $timeout -lt 90 ]]; do wget -q -O- -c http://couchbase-service:8091/ui/index.html \u003e /dev/null; if [ $? -ne 0 ]; then timeout=$(( timeout + 2 )); echo $timeout; else break; fi; done"],"resources":{},"volumeMounts":[{"name":"default-token-w6zvn","readOnly":true,"mountPath":"/var/run/secrets/kubernetes.io/serviceaccount"}],"terminationMessagePath":"/dev/termination-log","terminationMessagePolicy":"File","imagePullPolicy":"IfNotPresent","securityContext":{"capabilities":{"drop":["MKNOD"]}}},{"name":"create-bucket","image":"byrnedo/alpine-curl","command":["sh","-c","bucketName=com.amdocs.digital.ms.customer.customerentity; auth=Administrator:Administrator; server=couchbase-service; curl -X DELETE -u $auth http://$server:8091//pools/default/buckets/default; curl --fail -X POST -u $auth -d name=$bucketName -d ramQuotaMB=100 -d authType=sasl http://$server:8091/pools/default/buckets; curl --fail -u $auth http://$server:8091/pools/default/buckets/$bucketName"],"resources":{},"volumeMounts":[{"name":"default-token-w6zvn","readOnly":true,"mountPath":"/var/run/secrets/kubernetes.io/serviceaccount"}],"terminationMessagePath":"/dev/termination-log","terminationMessagePolicy":"File","imagePullPolicy":"IfNotPresent","securityContext":{"capabilities":{"drop":["MKNOD"]}}},{"name":"create-primary-index","image":"byrnedo/alpine-curl","command":["sh","-c","bucketName=com.amdocs.digital.ms.customer.customerentity; auth=Administrator:Administrator; server=couchbase-service; curl -X POST -v -u $auth http://$server:8093/query/service -d statement=create%20primary%20index%20on%20%60com.amdocs.digital.ms.customer.customerentity%60"],"resources":{},"volumeMounts":[{"name":"default-token-w6zvn","readOnly":true,"mountPath":"/var/run/secrets/kubernetes.io/serviceaccount"}],"terminationMessagePath":"/dev/termination-log","terminationMessagePolicy":"File","imagePullPolicy":"IfNotPresent","securityContext":{"capabilities":{"drop":["MKNOD"]}}}],"containers":[{"name":"customer-customerentity-service-container","image":"illin5564.corp.amdocs.com:5000/customer-customerentity-service:0.1.0-0271","ports":[{"name":"http","containerPort":8080,"protocol":"TCP"},{"name":"jacoco","containerPort":6300,"protocol":"TCP"},{"name":"management","containerPort":18080,"protocol":"TCP"}],"env":[{"name":"KUBERNETES_NAMESPACE","valueFrom":{"fieldRef":{"apiVersion":"v1","fieldPath":"metadata.namespace"}}},{"name":"MSNEXT_JAVA_OPTS","value":"-Dloader.main=com.amdocs.msnext.boot.Boot -Xms1024m -Xmx1024m -XX:MaxRAM=2048m -XX:+UseSerialGC -Dcom.amdocs.msnext.securitya3s.url=http://10.238.196.188:30081/asmServices/services/v1.0"},{"name":"MSNEXT_MODULE_MGT_DISABLE","value":"msnext-customization"},{"name":"MANAGEMENT_PORT","value":"18080"},{"name":"MALLOC_ARENA_MAX","value":"4"},{"name":"SERVER_PORT","value":"8080"},{"name":"MSNEXT_JACOCO_ENABLE","value":"1"},{"name":"MSNEXT_JACOCO_OPTS","value":"output=tcpserver,address=*,port=6300"}],"resources":{"limits":{"cpu":"1","memory":"1536Mi"},"requests":{"cpu":"200m","memory":"1Gi"}},"volumeMounts":[{"name":"default-token-w6zvn","readOnly":true,"mountPath":"/var/run/secrets/kubernetes.io/serviceaccount"}],"livenessProbe":{"httpGet":{"path":"/health","port":18080,"scheme":"HTTP"},"initialDelaySeconds":900,"timeoutSeconds":10,"periodSeconds":10,"successThreshold":1,"failureThreshold":3},"readinessProbe":{"httpGet":{"path":"/health","port":18080,"scheme":"HTTP"},"initialDelaySeconds":180,"timeoutSeconds":10,"periodSeconds":10,"successThreshold":1,"failureThreshold":3},"terminationMessagePath":"/dev/termination-log","terminationMessagePolicy":"File","imagePullPolicy":"IfNotPresent","securityContext":{"capabilities":{"drop":["MKNOD"]},"privileged":false}}],"restartPolicy":"Always","terminationGracePeriodSeconds":30,"dnsPolicy":"ClusterFirst","nodeSelector":{"region":"work"},"serviceAccountName":"default","serviceAccount":"default","nodeName":"ilocpde01w16.corp.amdocs.com","securityContext":{"seLinuxOptions":{"level":"s0:c15,c10"}},"imagePullSecrets":[{"name":"customer-customerentity-ms-secret"}],"schedulerName":"default-scheduler","tolerations":[{"key":"node.kubernetes.io/memory-pressure","operator":"Exists","effect":"NoSchedule"}]},"status":{"phase":"Running","conditions":[{"type":"Initialized","status":"True","lastProbeTime":null,"lastTransitionTime":"2018-08-30T05:42:38Z"},{"type":"Ready","status":"True","lastProbeTime":null,"lastTransitionTime":"2018-09-08T17:56:19Z"},{"type":"PodScheduled","status":"True","lastProbeTime":null,"lastTransitionTime":"2018-08-30T05:42:33Z"}],"podIP":"10.128.42.145","startTime":"2018-08-30T05:42:33Z","initContainerStatuses":[{"name":"check-couchbase","state":{"terminated":{"exitCode":0,"reason":"Completed","startedAt":"2018-08-30T05:42:35Z","finishedAt":"2018-08-30T05:42:35Z","containerID":"docker://5560d79188baca65b1ea524f9461356bbb17f6fb46e25475b04291151cb5de6e"}},"lastState":{},"ready":true,"restartCount":0,"image":"docker.io/busybox:latest","imageID":"docker-pullable://docker.io/busybox@sha256:141c253bc4c3fd0a201d32dc1f493bcf3fff003b6df416dea4f41046e0f37d47","containerID":"docker://5560d79188baca65b1ea524f9461356bbb17f6fb46e25475b04291151cb5de6e"},{"name":"create-bucket","state":{"terminated":{"exitCode":0,"reason":"Completed","startedAt":"2018-08-30T05:42:36Z","finishedAt":"2018-08-30T05:42:37Z","containerID":"docker://84e4b7210a570d7c78890b795db6674e32956b032cdde265f4864cce7a31f606"}},"lastState":{},"ready":true,"restartCount":0,"image":"docker.io/byrnedo/alpine-curl:latest","imageID":"docker-pullable://docker.io/byrnedo/alpine-curl@sha256:00c64bda2814f95a13ad6a46d6de487dc88f424f2b1f6c62c6dfce36701fe516","containerID":"docker://84e4b7210a570d7c78890b795db6674e32956b032cdde265f4864cce7a31f606"},{"name":"create-primary-index","state":{"terminated":{"exitCode":0,"reason":"Completed","startedAt":"2018-08-30T05:42:37Z","finishedAt":"2018-08-30T05:42:38Z","containerID":"docker://f252ca61351e8e76a4771b646229054ca7ad8ac33c1f73509c44cf4883fac01c"}},"lastState":{},"ready":true,"restartCount":0,"image":"docker.io/byrnedo/alpine-curl:latest","imageID":"docker-pullable://docker.io/byrnedo/alpine-curl@sha256:00c64bda2814f95a13ad6a46d6de487dc88f424f2b1f6c62c6dfce36701fe516","containerID":"docker://f252ca61351e8e76a4771b646229054ca7ad8ac33c1f73509c44cf4883fac01c"}],"containerStatuses":[{"name":"customer-customerentity-service-container","state":{"running":{"startedAt":"2018-09-08T17:53:16Z"}},"lastState":{"terminated":{"exitCode":137,"reason":"OOMKilled","startedAt":"2018-09-07T14:17:03Z","finishedAt":"2018-09-08T17:53:15Z","containerID":"docker://7c1b3d502fc0fa1955e69e1d374d4c1afe0cbb0ccf8e0545c34936d18a2efe45"}},"ready":true,"restartCount":10,"image":"illin5564.corp.amdocs.com:5000/customer-customerentity-service:0.1.0-0271","imageID":"docker-pullable://illin5564.corp.amdocs.com:5000/customer-customerentity-service@sha256:376e1469a289c35d7cdf6df0321b413b8447f186037121d087fb1843f168de90","containerID":"docker://8ea86c7a635df5326bd0d9f16f69287ea2d0d8c89dc6833c995d9f18f1646e7a"}],"qosClass":"Burstable"}},{"metadata":{"name":"financialaccount-financi-7648f8f756-4bv6p","generateName":"financialaccount-financi-7648f8f756-","namespace":"care-for-openshift-testing","selfLink":"/api/v1/namespaces/care-for-openshift-testing/pods/financialaccount-financi-7648f8f756-4bv6p","uid":"7e4d3a77-ac17-11e8-bb86-0050569a887c","resourceVersion":"58051082","creationTimestamp":"2018-08-30T05:42:33Z","labels":{"microservice":"financialaccount-financi","pod-template-hash":"3204949312","project":"financialaccount-financialaccount-exe","provider":"amdocs","release":"financialaccount-financialaccount"},"annotations":{"fabric8.io/iconUrl":"img/icons/spring-boot.svg","openshift.io/scc":"anyuid-no-ps"},"ownerReferences":[{"apiVersion":"extensions/v1beta1","kind":"ReplicaSet","name":"financialaccount-financi-7648f8f756","uid":"20745425-a6df-11e8-bb86-0050569a887c","controller":true,"blockOwnerDeletion":true}]},"spec":{"volumes":[{"name":"default-token-w6zvn","secret":{"secretName":"default-token-w6zvn","defaultMode":420}}],"initContainers":[{"name":"check-couchbase","image":"busybox","command":["sh","-c","timeout=0; while [[  $timeout -lt 90 ]]; do wget -q -O- -c http://couchbase-service:8091/ui/index.html \u003e /dev/null; if [ $? -ne 0 ]; then timeout=$(( timeout + 2 )); echo $timeout; else break; fi; done"],"resources":{},"volumeMounts":[{"name":"default-token-w6zvn","readOnly":true,"mountPath":"/var/run/secrets/kubernetes.io/serviceaccount"}],"terminationMessagePath":"/dev/termination-log","terminationMessagePolicy":"File","imagePullPolicy":"IfNotPresent","securityContext":{"capabilities":{"drop":["MKNOD"]}}},{"name":"create-bucket","image":"byrnedo/alpine-curl","command":["sh","-c","bucketName=com.amdocs.digital.ms.financialaccount.financialaccount; auth=Administrator:Administrator; server=couchbase-service; curl -X DELETE -u $auth http://$server:8091//pools/default/buckets/default; curl --fail -X POST -u $auth -d name=$bucketName -d ramQuotaMB=100 -d authType=sasl http://$server:8091/pools/default/buckets; curl --fail -u $auth http://$server:8091/pools/default/buckets/$bucketName"],"resources":{},"volumeMounts":[{"name":"default-token-w6zvn","readOnly":true,"mountPath":"/var/run/secrets/kubernetes.io/serviceaccount"}],"terminationMessagePath":"/dev/termination-log","terminationMessagePolicy":"File","imagePullPolicy":"IfNotPresent","securityContext":{"capabilities":{"drop":["MKNOD"]}}},{"name":"create-primary-index","image":"byrnedo/alpine-curl","command":["sh","-c","bucketName=com.amdocs.digital.ms.financialaccount.financialaccount; auth=Administrator:Administrator; server=couchbase-service; curl -X POST -v -u $auth http://$server:8093/query/service -d statement=create%20primary%20index%20on%20%60com.amdocs.digital.ms.financialaccount.financialaccount%60"],"resources":{},"volumeMounts":[{"name":"default-token-w6zvn","readOnly":true,"mountPath":"/var/run/secrets/kubernetes.io/serviceaccount"}],"terminationMessagePath":"/dev/termination-log","terminationMessagePolicy":"File","imagePullPolicy":"IfNotPresent","securityContext":{"capabilities":{"drop":["MKNOD"]}}},{"name":"create-relatedpartyref-id-index","image":"byrnedo/alpine-curl","command":["sh","-c","bucketName=com.amdocs.digital.ms.financialaccount.financialaccount; auth=Administrator:Administrator; server=couchbase-service; sleep 30; curl -X POST -v -u $auth http://$server:8093/query/service -d statement='CREATE%20INDEX%20%60financialAccount_relatedPartyRef_id_index%60%20ON%20%60com.amdocs.digital.ms.financialaccount.financialaccount%60((all%20(array%20(%60r%60.%60id%60)%20for%20%60r%60%20in%20%60relatedPartyRef%60%20end)))'"],"resources":{},"volumeMounts":[{"name":"default-token-w6zvn","readOnly":true,"mountPath":"/var/run/secrets/kubernetes.io/serviceaccount"}],"terminationMessagePath":"/dev/termination-log","terminationMessagePolicy":"File","imagePullPolicy":"IfNotPresent","securityContext":{"capabilities":{"drop":["MKNOD"]}}}],"containers":[{"name":"financialaccount-financialaccount-service-container","image":"illin5564.corp.amdocs.com:5000/financialaccount-financialaccount-service:0.1.0-0186","ports":[{"name":"http","containerPort":8080,"protocol":"TCP"},{"name":"jacoco","containerPort":6300,"protocol":"TCP"},{"name":"management","containerPort":18080,"protocol":"TCP"}],"env":[{"name":"KUBERNETES_NAMESPACE","valueFrom":{"fieldRef":{"apiVersion":"v1","fieldPath":"metadata.namespace"}}},{"name":"MSNEXT_JAVA_OPTS","value":"-Dloader.main=com.amdocs.msnext.boot.Boot -Xms1024m -Xmx1024m -XX:MaxRAM=2048m -XX:+UseSerialGC -Dcom.amdocs.msnext.securitya3s.url=http://10.238.196.188:30081/asmServices/services/v1.0"},{"name":"MSNEXT_MODULE_MGT_DISABLE","value":"msnext-customization"},{"name":"MANAGEMENT_PORT","value":"18080"},{"name":"SERVER_PORT","value":"8080"},{"name":"MALLOC_ARENA_MAX","value":"4"},{"name":"MSNEXT_JACOCO_ENABLE","value":"1"},{"name":"MSNEXT_JACOCO_OPTS","value":"output=tcpserver,address=*,port=6300"}],"resources":{"limits":{"cpu":"1","memory":"2Gi"},"requests":{"cpu":"200m","memory":"1Gi"}},"volumeMounts":[{"name":"default-token-w6zvn","readOnly":true,"mountPath":"/var/run/secrets/kubernetes.io/serviceaccount"}],"livenessProbe":{"httpGet":{"path":"/health","port":18080,"scheme":"HTTP"},"initialDelaySeconds":900,"timeoutSeconds":10,"periodSeconds":10,"successThreshold":1,"failureThreshold":3},"readinessProbe":{"httpGet":{"path":"/health","port":18080,"scheme":"HTTP"},"initialDelaySeconds":180,"timeoutSeconds":10,"periodSeconds":10,"successThreshold":1,"failureThreshold":3},"terminationMessagePath":"/dev/termination-log","terminationMessagePolicy":"File","imagePullPolicy":"IfNotPresent","securityContext":{"capabilities":{"drop":["MKNOD"]},"privileged":false}}],"restartPolicy":"Always","terminationGracePeriodSeconds":30,"dnsPolicy":"ClusterFirst","nodeSelector":{"region":"work"},"serviceAccountName":"default","serviceAccount":"default","nodeName":"ilocpde01w13.corp.amdocs.com","securityContext":{"seLinuxOptions":{"level":"s0:c15,c10"}},"imagePullSecrets":[{"name":"financialaccount-financialaccount-ms-secret"}],"schedulerName":"default-scheduler","tolerations":[{"key":"node.kubernetes.io/memory-pressure","operator":"Exists","effect":"NoSchedule"}]},"status":{"phase":"Running","conditions":[{"type":"Initialized","status":"True","lastProbeTime":null,"lastTransitionTime":"2018-08-30T05:43:10Z"},{"type":"Ready","status":"True","lastProbeTime":null,"lastTransitionTime":"2018-09-02T22:01:14Z"},{"type":"PodScheduled","status":"True","lastProbeTime":null,"lastTransitionTime":"2018-08-30T05:42:33Z"}],"hostIP":"10.245.250.32","podIP":"10.128.37.154","startTime":"2018-08-30T05:42:33Z","initContainerStatuses":[{"name":"check-couchbase","state":{"terminated":{"exitCode":0,"reason":"Completed","startedAt":"2018-08-30T05:42:36Z","finishedAt":"2018-08-30T05:42:36Z","containerID":"docker://7f79929fc879462fb80cce229817ff05859e483de3f3623dfbbff75b7a9f8d3d"}},"lastState":{},"ready":true,"restartCount":0,"image":"docker.io/busybox:latest","imageID":"docker-pullable://docker.io/busybox@sha256:141c253bc4c3fd0a201d32dc1f493bcf3fff003b6df416dea4f41046e0f37d47","containerID":"docker://7f79929fc879462fb80cce229817ff05859e483de3f3623dfbbff75b7a9f8d3d"},{"name":"create-bucket","state":{"terminated":{"exitCode":0,"reason":"Completed","startedAt":"2018-08-30T05:42:37Z","finishedAt":"2018-08-30T05:42:37Z","containerID":"docker://66dbc1ca5b1d8e733a53dff109739d689cb1aba0b2efdf78379fbbe5ccdbe026"}},"lastState":{},"ready":true,"restartCount":0,"image":"docker.io/byrnedo/alpine-curl:latest","imageID":"docker-pullable://docker.io/byrnedo/alpine-curl@sha256:00c64bda2814f95a13ad6a46d6de487dc88f424f2b1f6c62c6dfce36701fe516","containerID":"docker://66dbc1ca5b1d8e733a53dff109739d689cb1aba0b2efdf78379fbbe5ccdbe026"},{"name":"create-primary-index","state":{"terminated":{"exitCode":0,"reason":"Completed","startedAt":"2018-08-30T05:42:38Z","finishedAt":"2018-08-30T05:42:38Z","containerID":"docker://f6142a8f82544476e78be5bbb414ff7d9b9c093d1a91050efd36d26665760d52"}},"lastState":{},"ready":true,"restartCount":0,"image":"docker.io/byrnedo/alpine-curl:latest","imageID":"docker-pullable://docker.io/byrnedo/alpine-curl@sha256:00c64bda2814f95a13ad6a46d6de487dc88f424f2b1f6c62c6dfce36701fe516","containerID":"docker://f6142a8f82544476e78be5bbb414ff7d9b9c093d1a91050efd36d26665760d52"},{"name":"create-relatedpartyref-id-index","state":{"terminated":{"exitCode":0,"reason":"Completed","startedAt":"2018-08-30T05:42:39Z","finishedAt":"2018-08-30T05:43:09Z","containerID":"docker://ab0253fa1230d64c792c8ba5576e7f399e5449c78e42d673c3ce2a6414020135"}},"lastState":{},"ready":true,"restartCount":0,"image":"docker.io/byrnedo/alpine-curl:latest","imageID":"docker-pullable://docker.io/byrnedo/alpine-curl@sha256:00c64bda2814f95a13ad6a46d6de487dc88f424f2b1f6c62c6dfce36701fe516","containerID":"docker://ab0253fa1230d64c792c8ba5576e7f399e5449c78e42d673c3ce2a6414020135"}],"containerStatuses":[{"name":"financialaccount-financialaccount-service-container","state":{"running":{"startedAt":"2018-09-02T21:58:11Z"}},"lastState":{"terminated":{"exitCode":143,"reason":"Error","startedAt":"2018-08-30T05:43:13Z","finishedAt":"2018-09-02T21:58:11Z","containerID":"docker://c2327d420f02ec41b329fe20770a8d371547528a60047365c62af6c940144042"}},"ready":true,"restartCount":1,"image":"illin5564.corp.amdocs.com:5000/financialaccount-financialaccount-service:0.1.0-0186","imageID":"docker-pullable://illin5564.corp.amdocs.com:5000/financialaccount-financialaccount-service@sha256:55d87b13019117d468b674df6b8f52b912192264e82ad85ddbc432324d692ee9","containerID":"docker://6cfb4787f3423171d57efd728ed7c447f67891bc6c633e60613cd355f6ffc333"}],"qosClass":"Burstable"}},{"metadata":{"name":"geographicaddress-geogra-505456214-llbf8","generateName":"geographicaddress-geogra-505456214-","namespace":"care-for-openshift-testing","selfLink":"/api/v1/namespaces/care-for-openshift-testing/pods/geographicaddress-geogra-505456214-llbf8","uid":"7e8a4d42-ac17-11e8-bb86-0050569a887c","resourceVersion":"55368963","creationTimestamp":"2018-08-30T05:42:34Z","labels":{"microservice":"geographicaddress-geogra","pod-template-hash":"505456214","project":"geographicaddress-geographicaddress-exe","provider":"amdocs","release":"geographicaddress-geographicaddress"},"annotations":{"fabric8.io/iconUrl":"img/icons/spring-boot.svg","openshift.io/scc":"anyuid-no-ps"},"ownerReferences":[{"apiVersion":"extensions/v1beta1","kind":"ReplicaSet","name":"geographicaddress-geogra-505456214","uid":"e931a190-79fa-11e8-b420-0050569ac01d","controller":true,"blockOwnerDeletion":true}]},"spec":{"volumes":[{"name":"default-token-w6zvn","secret":{"secretName":"default-token-w6zvn","defaultMode":420}}],"initContainers":[{"name":"check-couchbase","image":"busybox","command":["sh","-c","timeout=0; while [[  $timeout -lt 90 ]]; do wget -q -O- -c http://couchbase-service:8091/ui/index.html \u003e /dev/null; if [ $? -ne 0 ]; then timeout=$(( timeout + 2 )); echo $timeout; else break; fi; done"],"resources":{},"volumeMounts":[{"name":"default-token-w6zvn","readOnly":true,"mountPath":"/var/run/secrets/kubernetes.io/serviceaccount"}],"terminationMessagePath":"/dev/termination-log","terminationMessagePolicy":"File","imagePullPolicy":"IfNotPresent","securityContext":{"capabilities":{"drop":["MKNOD"]}}},{"name":"create-bucket","image":"byrnedo/alpine-curl","command":["sh","-c","bucketName=com.amdocs.digital.ms.geographicaddress.geographicaddress; auth=Administrator:Administrator; server=couchbase-service; curl -X DELETE -u $auth http://$server:8091//pools/default/buckets/default; curl --fail -X POST -u $auth -d name=$bucketName -d ramQuotaMB=100 -d authType=sasl http://$server:8091/pools/default/buckets; curl --fail -u $auth http://$server:8091/pools/default/buckets/$bucketName"],"resources":{},"volumeMounts":[{"name":"default-token-w6zvn","readOnly":true,"mountPath":"/var/run/secrets/kubernetes.io/serviceaccount"}],"terminationMessagePath":"/dev/termination-log","terminationMessagePolicy":"File","imagePullPolicy":"IfNotPresent","securityContext":{"capabilities":{"drop":["MKNOD"]}}},{"name":"create-primary-index","image":"byrnedo/alpine-curl","command":["sh","-c","bucketName=com.amdocs.digital.ms.geographicaddress.geographicaddress; auth=Administrator:Administrator; server=couchbase-service; curl -X POST -v -u $auth http://$server:8093/query/service -d statement=create%20primary%20index%20on%20%60com.amdocs.digital.ms.geographicaddress.geographicaddress%60"],"resources":{},"volumeMounts":[{"name":"default-token-w6zvn","readOnly":true,"mountPath":"/var/run/secrets/kubernetes.io/serviceaccount"}],"terminationMessagePath":"/dev/termination-log","terminationMessagePolicy":"File","imagePullPolicy":"IfNotPresent","securityContext":{"capabilities":{"drop":["MKNOD"]}}}],"containers":[{"name":"geographicaddress-geographicaddress-service-container","image":"illin5564.corp.amdocs.com:5000/geographicaddress-geographicaddress-service:0.1.0-0051","ports":[{"name":"http","containerPort":8080,"protocol":"TCP"},{"name":"jacoco","containerPort":6300,"protocol":"TCP"},{"name":"management","containerPort":18080,"protocol":"TCP"}],"env":[{"name":"KUBERNETES_NAMESPACE","valueFrom":{"fieldRef":{"apiVersion":"v1","fieldPath":"metadata.namespace"}}},{"name":"MSNEXT_JAVA_OPTS","value":"-Dloader.main=com.amdocs.msnext.boot.Boot -Xms1024m -Xmx1024m -XX:MaxRAM=2048m -XX:+UseSerialGC -Dcom.amdocs.msnext.securitya3s.url=http://10.238.196.188:30081/asmServices/services/v1.0"},{"name":"MSNEXT_MODULE_MGT_DISABLE","value":"msnext-customization"},{"name":"MANAGEMENT_PORT","value":"18080"},{"name":"SERVER_PORT","value":"8080"},{"name":"MSNEXT_JACOCO_ENABLE","value":"1"},{"name":"MSNEXT_JACOCO_OPTS","value":"output=tcpserver,address=*,port=6300"}],"resources":{},"volumeMounts":[{"name":"default-token-w6zvn","readOnly":true,"mountPath":"/var/run/secrets/kubernetes.io/serviceaccount"}],"livenessProbe":{"httpGet":{"path":"/health","port":18080,"scheme":"HTTP"},"initialDelaySeconds":900,"timeoutSeconds":10,"periodSeconds":10,"successThreshold":1,"failureThreshold":3},"readinessProbe":{"httpGet":{"path":"/health","port":18080,"scheme":"HTTP"},"initialDelaySeconds":180,"timeoutSeconds":10,"periodSeconds":10,"successThreshold":1,"failureThreshold":3},"terminationMessagePath":"/dev/termination-log","terminationMessagePolicy":"File","imagePullPolicy":"IfNotPresent","securityContext":{"capabilities":{"drop":["MKNOD"]},"privileged":false}}],"restartPolicy":"Always","terminationGracePeriodSeconds":30,"dnsPolicy":"ClusterFirst","nodeSelector":{"region":"work"},"serviceAccountName":"default","serviceAccount":"default","nodeName":"ilocpde01w31.corp.amdocs.com","securityContext":{"seLinuxOptions":{"level":"s0:c15,c10"}},"imagePullSecrets":[{"name":"geographicaddress-geographicaddress-ms-secret"}],"schedulerName":"default-scheduler"},"status":{"phase":"Running","conditions":[{"type":"Initialized","status":"True","lastProbeTime":null,"lastTransitionTime":"2018-08-30T05:42:39Z"},{"type":"Ready","status":"True","lastProbeTime":null,"lastTransitionTime":"2018-08-30T05:45:51Z"},{"type":"PodScheduled","status":"True","lastProbeTime":null,"lastTransitionTime":"2018-08-30T05:42:34Z"}],"hostIP":"10.245.251.172","podIP":"10.128.72.197","startTime":"2018-08-30T05:42:34Z","initContainerStatuses":[{"name":"check-couchbase","state":{"terminated":{"exitCode":0,"reason":"Completed","startedAt":"2018-08-30T05:42:36Z","finishedAt":"2018-08-30T05:42:36Z","containerID":"docker://a963d63df2e9af2098be1c9a49cd1863f8c9e0794133eb564134722d269ed854"}},"lastState":{},"ready":true,"restartCount":0,"image":"docker.io/busybox:latest","imageID":"docker-pullable://docker.io/busybox@sha256:141c253bc4c3fd0a201d32dc1f493bcf3fff003b6df416dea4f41046e0f37d47","containerID":"docker://a963d63df2e9af2098be1c9a49cd1863f8c9e0794133eb564134722d269ed854"},{"name":"create-bucket","state":{"terminated":{"exitCode":0,"reason":"Completed","startedAt":"2018-08-30T05:42:38Z","finishedAt":"2018-08-30T05:42:38Z","containerID":"docker://f967977117c41c53a5b5d6f48636e9656d9b11406235fa5af103620c00522b6c"}},"lastState":{},"ready":true,"restartCount":0,"image":"docker.io/byrnedo/alpine-curl:latest","imageID":"docker-pullable://docker.io/byrnedo/alpine-curl@sha256:00c64bda2814f95a13ad6a46d6de487dc88f424f2b1f6c62c6dfce36701fe516","containerID":"docker://f967977117c41c53a5b5d6f48636e9656d9b11406235fa5af103620c00522b6c"},{"name":"create-primary-index","state":{"terminated":{"exitCode":0,"reason":"Completed","startedAt":"2018-08-30T05:42:39Z","finishedAt":"2018-08-30T05:42:39Z","containerID":"docker://7054cddf655a096d3b1a7eba91963731c8a400eb10c75813c16c542036565133"}},"lastState":{},"ready":true,"restartCount":0,"image":"docker.io/byrnedo/alpine-curl:latest","imageID":"docker-pullable://docker.io/byrnedo/alpine-curl@sha256:00c64bda2814f95a13ad6a46d6de487dc88f424f2b1f6c62c6dfce36701fe516","containerID":"docker://7054cddf655a096d3b1a7eba91963731c8a400eb10c75813c16c542036565133"}],"containerStatuses":[{"name":"geographicaddress-geographicaddress-service-container","state":{"running":{"startedAt":"2018-08-30T05:42:42Z"}},"lastState":{},"ready":true,"restartCount":0,"image":"illin5564.corp.amdocs.com:5000/geographicaddress-geographicaddress-service:0.1.0-0051","imageID":"docker-pullable://illin5564.corp.amdocs.com:5000/geographicaddress-geographicaddress-service@sha256:109e07a2fd1cf4b7c87ac6b8925a22c226abd9a1a16592a4fe45fb969477b8b0","containerID":"docker://4e7d22264b7a1f4c3d0bf4147828381e6e86c50c0def80267040b4334feb4d11"}],"qosClass":"BestEffort"}},{"metadata":{"name":"geographicaddressbrid-ge-1301021888-p2nqc","generateName":"geographicaddressbrid-ge-1301021888-","namespace":"care-for-openshift-testing","selfLink":"/api/v1/namespaces/care-for-openshift-testing/pods/geographicaddressbrid-ge-1301021888-p2nqc","uid":"7ec77c23-ac17-11e8-bb86-0050569a887c","resourceVersion":"64632501","creationTimestamp":"2018-08-30T05:42:34Z","labels":{"microservice":"geographicaddress-geogra","pod-template-hash":"1301021888","project":"geographicaddress-geographicaddressbridge-exe","provider":"amdocs","release":"geographicaddressbrid"},"annotations":{"fabric8.io/iconUrl":"img/icons/spring-boot.svg","openshift.io/scc":"anyuid-no-ps"},"ownerReferences":[{"apiVersion":"extensions/v1beta1","kind":"ReplicaSet","name":"geographicaddressbrid-ge-1301021888","uid":"a491c676-79fa-11e8-b420-0050569ac01d","controller":true,"blockOwnerDeletion":true}]},"spec":{"volumes":[{"name":"default-token-w6zvn","secret":{"secretName":"default-token-w6zvn","defaultMode":420}}],"initContainers":[{"name":"check-couchbase","image":"busybox","command":["sh","-c","timeout=0; while [[  $timeout -lt 90 ]]; do wget -q -O- -c http://couchbase-service:8091/ui/index.html \u003e /dev/null; if [ $? -ne 0 ]; then timeout=$(( timeout + 2 )); echo $timeout; else break; fi; done"],"resources":{},"volumeMounts":[{"name":"default-token-w6zvn","readOnly":true,"mountPath":"/var/run/secrets/kubernetes.io/serviceaccount"}],"terminationMessagePath":"/dev/termination-log","terminationMessagePolicy":"File","imagePullPolicy":"IfNotPresent","securityContext":{"capabilities":{"drop":["MKNOD"]}}},{"name":"create-bucket","image":"byrnedo/alpine-curl","command":["sh","-c","bucketName=com.amdocs.digital.ms.geographicaddress.geographicaddressbridge; auth=Administrator:Administrator; server=couchbase-service; curl -X DELETE -u $auth http://$server:8091//pools/default/buckets/default; curl --fail -X POST -u $auth -d name=$bucketName -d ramQuotaMB=100 -d authType=sasl http://$server:8091/pools/default/buckets; curl --fail -u $auth http://$server:8091/pools/default/buckets/$bucketName"],"resources":{},"volumeMounts":[{"name":"default-token-w6zvn","readOnly":true,"mountPath":"/var/run/secrets/kubernetes.io/serviceaccount"}],"terminationMessagePath":"/dev/termination-log","terminationMessagePolicy":"File","imagePullPolicy":"IfNotPresent","securityContext":{"capabilities":{"drop":["MKNOD"]}}}],"containers":[{"name":"geographicaddress-geographicaddressbridge-service-container","image":"illin5564.corp.amdocs.com:5000/geographicaddress-geographicaddressbridge-service:0.1.0-0088","ports":[{"name":"http","containerPort":8080,"protocol":"TCP"},{"name":"jacoco","containerPort":6300,"protocol":"TCP"},{"name":"management","containerPort":18080,"protocol":"TCP"}],"env":[{"name":"KUBERNETES_NAMESPACE","valueFrom":{"fieldRef":{"apiVersion":"v1","fieldPath":"metadata.namespace"}}},{"name":"MSNEXT_JAVA_OPTS","value":"-Dloader.main=com.amdocs.msnext.boot.Boot -Xms1024m -Xmx1024m -XX:MaxRAM=2048m -XX:+UseSerialGC -Dcom.amdocs.msnext.securitya3s.url=http://10.238.196.188:30081/asmServices/services/v1.0"},{"name":"MSNEXT_MODULE_MGT_DISABLE","value":"msnext-customization"},{"name":"MANAGEMENT_PORT","value":"18080"},{"name":"SERVER_PORT","value":"8080"},{"name":"MSNEXT_JACOCO_ENABLE","value":"1"},{"name":"MSNEXT_JACOCO_OPTS","value":"output=tcpserver,address=*,port=6300"}],"resources":{},"volumeMounts":[{"name":"default-token-w6zvn","readOnly":true,"mountPath":"/var/run/secrets/kubernetes.io/serviceaccount"}],"livenessProbe":{"httpGet":{"path":"/health","port":18080,"scheme":"HTTP"},"initialDelaySeconds":900,"timeoutSeconds":10,"periodSeconds":10,"successThreshold":1,"failureThreshold":3},"readinessProbe":{"httpGet":{"path":"/health","port":18080,"scheme":"HTTP"},"initialDelaySeconds":180,"timeoutSeconds":10,"periodSeconds":10,"successThreshold":1,"failureThreshold":3},"terminationMessagePath":"/dev/termination-log","terminationMessagePolicy":"File","imagePullPolicy":"IfNotPresent","securityContext":{"capabilities":{"drop":["MKNOD"]},"privileged":false}}],"restartPolicy":"Always","terminationGracePeriodSeconds":30,"dnsPolicy":"ClusterFirst","nodeSelector":{"region":"work"},"serviceAccountName":"default","serviceAccount":"default","nodeName":"ilocpde01w32.corp.amdocs.com","securityContext":{"seLinuxOptions":{"level":"s0:c15,c10"}},"imagePullSecrets":[{"name":"geographicaddress-geographicaddressbridge-ms-secret"}],"schedulerName":"default-scheduler"},"status":{"phase":"Running","conditions":[{"type":"Initialized","status":"True","lastProbeTime":null,"lastTransitionTime":"2018-08-30T05:42:38Z"},{"type":"Ready","status":"True","lastProbeTime":null,"lastTransitionTime":"2018-09-11T08:37:02Z"},{"type":"PodScheduled","status":"True","lastProbeTime":null,"lastTransitionTime":"2018-08-30T05:42:34Z"}],"hostIP":"10.245.251.173","podIP":"10.128.77.242","startTime":"2018-08-30T05:42:34Z","initContainerStatuses":[{"name":"check-couchbase","state":{"terminated":{"exitCode":0,"reason":"Completed","startedAt":"2018-08-30T05:42:37Z","finishedAt":"2018-08-30T05:42:37Z","containerID":"docker://2bce217a5bc19a40e9f6856361c0a87f4127668b3a0e85639db303a567b67b2a"}},"lastState":{},"ready":true,"restartCount":0,"image":"docker.io/busybox:latest","imageID":"docker-pullable://docker.io/busybox@sha256:141c253bc4c3fd0a201d32dc1f493bcf3fff003b6df416dea4f41046e0f37d47","containerID":"docker://2bce217a5bc19a40e9f6856361c0a87f4127668b3a0e85639db303a567b67b2a"},{"name":"create-bucket","state":{"terminated":{"exitCode":0,"reason":"Completed","startedAt":"2018-08-30T05:42:38Z","finishedAt":"2018-08-30T05:42:38Z","containerID":"docker://e0891882d5bd86079e74c0c6a599d21f3a71cd9dbf496d4afe41e8841ff34a33"}},"lastState":{},"ready":true,"restartCount":0,"image":"docker.io/byrnedo/alpine-curl:latest","imageID":"docker-pullable://docker.io/byrnedo/alpine-curl@sha256:00c64bda2814f95a13ad6a46d6de487dc88f424f2b1f6c62c6dfce36701fe516","containerID":"docker://e0891882d5bd86079e74c0c6a599d21f3a71cd9dbf496d4afe41e8841ff34a33"}],"containerStatuses":[{"name":"geographicaddress-geographicaddressbridge-service-container","state":{"running":{"startedAt":"2018-08-30T05:42:42Z"}},"lastState":{},"ready":true,"restartCount":0,"image":"illin5564.corp.amdocs.com:5000/geographicaddress-geographicaddressbridge-service:0.1.0-0088","imageID":"docker-pullable://illin5564.corp.amdocs.com:5000/geographicaddress-geographicaddressbridge-service@sha256:d3819b5e72f0fbea27963e07cc86a559518f1aca3cc7bb02828d0f33054e0974","containerID":"docker://9c64e2dd557bbe2050bbdf817fc52a105cbab2ef15d5f41540380c2250c91c3a"}],"qosClass":"BestEffort"}},{"metadata":{"name":"party-attachment-party-a-2823505013-9mr46","generateName":"party-attachment-party-a-2823505013-","namespace":"care-for-openshift-testing","selfLink":"/api/v1/namespaces/care-for-openshift-testing/pods/party-attachment-party-a-2823505013-9mr46","uid":"7f04fa8e-ac17-11e8-bb86-0050569a887c","resourceVersion":"60789220","creationTimestamp":"2018-08-30T05:42:35Z","labels":{"microservice":"party-attachment","pod-template-hash":"2823505013","project":"party-attachment-exe","provider":"amdocs","release":"party-attachment"},"annotations":{"fabric8.io/iconUrl":"img/icons/spring-boot.svg","openshift.io/scc":"anyuid-no-ps"},"ownerReferences":[{"apiVersion":"extensions/v1beta1","kind":"ReplicaSet","name":"party-attachment-party-a-2823505013","uid":"fd70c29e-79fa-11e8-b420-0050569ac01d","controller":true,"blockOwnerDeletion":true}]},"spec":{"volumes":[{"name":"default-token-w6zvn","secret":{"secretName":"default-token-w6zvn","defaultMode":420}}],"initContainers":[{"name":"check-couchbase","image":"busybox","command":["sh","-c","timeout=0; while [[  $timeout -lt 90 ]]; do wget -q -O- -c http://couchbase-service:8091/ui/index.html \u003e /dev/null; if [ $? -ne 0 ]; then timeout=$(( timeout + 2 )); echo $timeout; else break; fi; done"],"resources":{},"volumeMounts":[{"name":"default-token-w6zvn","readOnly":true,"mountPath":"/var/run/secrets/kubernetes.io/serviceaccount"}],"terminationMessagePath":"/dev/termination-log","terminationMessagePolicy":"File","imagePullPolicy":"IfNotPresent","securityContext":{"capabilities":{"drop":["MKNOD"]}}},{"name":"create-bucket","image":"byrnedo/alpine-curl","command":["sh","-c","bucketName=com.amdocs.digital.ms.party.attachment; auth=Administrator:Administrator; server=couchbase-service; curl -X DELETE -u $auth http://$server:8091//pools/default/buckets/default; curl --fail -X POST -u $auth -d name=$bucketName -d ramQuotaMB=100 -d authType=sasl http://$server:8091/pools/default/buckets; curl --fail -u $auth http://$server:8091/pools/default/buckets/$bucketName"],"resources":{},"volumeMounts":[{"name":"default-token-w6zvn","readOnly":true,"mountPath":"/var/run/secrets/kubernetes.io/serviceaccount"}],"terminationMessagePath":"/dev/termination-log","terminationMessagePolicy":"File","imagePullPolicy":"IfNotPresent","securityContext":{"capabilities":{"drop":["MKNOD"]}}},{"name":"create-primary-index","image":"byrnedo/alpine-curl","command":["sh","-c","bucketName=com.amdocs.digital.ms.party.attachment; auth=Administrator:Administrator; server=couchbase-service; curl -X POST -v -u $auth http://$server:8093/query/service -d statement=create%20primary%20index%20on%20%60com.amdocs.digital.ms.party.attachment%60"],"resources":{},"volumeMounts":[{"name":"default-token-w6zvn","readOnly":true,"mountPath":"/var/run/secrets/kubernetes.io/serviceaccount"}],"terminationMessagePath":"/dev/termination-log","terminationMessagePolicy":"File","imagePullPolicy":"IfNotPresent","securityContext":{"capabilities":{"drop":["MKNOD"]}}}],"containers":[{"name":"party-attachment-service-container","image":"illin5564.corp.amdocs.com:5000/party-attachment-service:0.1.0-0156","ports":[{"name":"http","containerPort":8080,"protocol":"TCP"},{"name":"jacoco","containerPort":6300,"protocol":"TCP"},{"name":"management","containerPort":18080,"protocol":"TCP"}],"env":[{"name":"KUBERNETES_NAMESPACE","valueFrom":{"fieldRef":{"apiVersion":"v1","fieldPath":"metadata.namespace"}}},{"name":"MSNEXT_JAVA_OPTS","value":"-Dloader.main=com.amdocs.msnext.boot.Boot -Xms1024m -Xmx1024m -XX:MaxRAM=2048m -XX:+UseSerialGC -Dcom.amdocs.msnext.securitya3s.url=http://10.238.196.188:30081/asmServices/services/v1.0"},{"name":"MSNEXT_MODULE_MGT_DISABLE","value":"msnext-customization"},{"name":"MANAGEMENT_PORT","value":"18080"},{"name":"SERVER_PORT","value":"8080"},{"name":"MALLOC_ARENA_MAX","value":"4"},{"name":"MSNEXT_JACOCO_ENABLE","value":"1"},{"name":"MSNEXT_JACOCO_OPTS","value":"output=tcpserver,address=*,port=6300"}],"resources":{"limits":{"cpu":"1","memory":"1536Mi"},"requests":{"cpu":"200m","memory":"1Gi"}},"volumeMounts":[{"name":"default-token-w6zvn","readOnly":true,"mountPath":"/var/run/secrets/kubernetes.io/serviceaccount"}],"livenessProbe":{"httpGet":{"path":"/health","port":18080,"scheme":"HTTP"},"initialDelaySeconds":900,"timeoutSeconds":10,"periodSeconds":10,"successThreshold":1,"failureThreshold":3},"readinessProbe":{"httpGet":{"path":"/health","port":18080,"scheme":"HTTP"},"initialDelaySeconds":180,"timeoutSeconds":10,"periodSeconds":10,"successThreshold":1,"failureThreshold":3},"terminationMessagePath":"/dev/termination-log","terminationMessagePolicy":"File","imagePullPolicy":"IfNotPresent","securityContext":{"capabilities":{"drop":["MKNOD"]},"privileged":false}}],"restartPolicy":"Always","terminationGracePeriodSeconds":30,"dnsPolicy":"ClusterFirst","nodeSelector":{"region":"work"},"serviceAccountName":"default","serviceAccount":"default","nodeName":"ilocpde01w07.corp.amdocs.com","securityContext":{"seLinuxOptions":{"level":"s0:c15,c10"}},"imagePullSecrets":[{"name":"party-attachment-ms-secret"}],"schedulerName":"default-scheduler","tolerations":[{"key":"node.kubernetes.io/memory-pressure","operator":"Exists","effect":"NoSchedule"}]},"status":{"phase":"Running","conditions":[{"type":"Initialized","status":"True","lastProbeTime":null,"lastTransitionTime":"2018-08-30T05:42:40Z"},{"type":"Ready","status":"True","lastProbeTime":null,"lastTransitionTime":"2018-09-06T07:08:29Z"},{"type":"PodScheduled","status":"True","lastProbeTime":null,"lastTransitionTime":"2018-08-30T05:42:35Z"}],"hostIP":"10.245.250.26","podIP":"10.128.23.206","startTime":"2018-08-30T05:42:35Z","initContainerStatuses":[{"name":"check-couchbase","state":{"terminated":{"exitCode":0,"reason":"Completed","startedAt":"2018-08-30T05:42:37Z","finishedAt":"2018-08-30T05:42:37Z","containerID":"docker://e3f241d11b71196df57d2d84accf184244ce5efa4b530d15e7d27e834f50cc02"}},"lastState":{},"ready":true,"restartCount":0,"image":"docker.io/busybox:latest","imageID":"docker-pullable://docker.io/busybox@sha256:58ac43b2cc92c687a32c8be6278e50a063579655fe3090125dcb2af0ff9e1a64","containerID":"docker://e3f241d11b71196df57d2d84accf184244ce5efa4b530d15e7d27e834f50cc02"},{"name":"create-bucket","state":{"terminated":{"exitCode":0,"reason":"Completed","startedAt":"2018-08-30T05:42:38Z","finishedAt":"2018-08-30T05:42:38Z","containerID":"docker://4d559ffe274ae6248954ca24487c125cd92a50ebaf5b5156420de3e1e920cf10"}},"lastState":{},"ready":true,"restartCount":0,"image":"docker.io/byrnedo/alpine-curl:latest","imageID":"docker-pullable://docker.io/byrnedo/alpine-curl@sha256:00c64bda2814f95a13ad6a46d6de487dc88f424f2b1f6c62c6dfce36701fe516","containerID":"docker://4d559ffe274ae6248954ca24487c125cd92a50ebaf5b5156420de3e1e920cf10"},{"name":"create-primary-index","state":{"terminated":{"exitCode":0,"reason":"Completed","startedAt":"2018-08-30T05:42:39Z","finishedAt":"2018-08-30T05:42:39Z","containerID":"docker://19a60806a75d62755697a5fa3afdad4a85412424cc3e9b0116b6909cd97e212b"}},"lastState":{},"ready":true,"restartCount":0,"image":"docker.io/byrnedo/alpine-curl:latest","imageID":"docker-pullable://docker.io/byrnedo/alpine-curl@sha256:00c64bda2814f95a13ad6a46d6de487dc88f424f2b1f6c62c6dfce36701fe516","containerID":"docker://19a60806a75d62755697a5fa3afdad4a85412424cc3e9b0116b6909cd97e212b"}],"containerStatuses":[{"name":"party-attachment-service-container","state":{"running":{"startedAt":"2018-09-06T07:05:21Z"}},"lastState":{"terminated":{"exitCode":143,"reason":"Error","startedAt":"2018-08-30T05:42:41Z","finishedAt":"2018-09-06T07:05:21Z","containerID":"docker://5f3594652f02c96d3beb0cfed3732d6a0304e6b625f8942e4c5955e86132d25e"}},"ready":true,"restartCount":1,"image":"illin5564.corp.amdocs.com:5000/party-attachment-service:0.1.0-0156","imageID":"docker-pullable://illin5564.corp.amdocs.com:5000/party-attachment-service@sha256:8392d7af2948fd2cafd0a0d9e4a0a63872a65bcf90b85d471bdb08dcd06da9d5","containerID":"docker://145255aa52602a46ac3776bdddb8560f7835d799560cd07581722a54cd96eb02"}],"qosClass":"Burstable"}},{"metadata":{"name":"party-individual-party-i-1411127802-sq4mp","generateName":"party-individual-party-i-1411127802-","namespace":"care-for-openshift-testing","selfLink":"/api/v1/namespaces/care-for-openshift-testing/pods/party-individual-party-i-1411127802-sq4mp","uid":"7f4206f4-ac17-11e8-bb86-0050569a887c","resourceVersion":"67842924","creationTimestamp":"2018-08-30T05:42:35Z","labels":{"microservice":"party-individual","pod-template-hash":"1411127802","project":"party-individual-exe","provider":"amdocs","release":"party-individual"},"annotations":{"fabric8.io/iconUrl":"img/icons/spring-boot.svg","openshift.io/scc":"anyuid-no-ps"},"ownerReferences":[{"apiVersion":"extensions/v1beta1","kind":"ReplicaSet","name":"party-individual-party-i-1411127802","uid":"0761340d-79fb-11e8-b420-0050569ac01d","controller":true,"blockOwnerDeletion":true}]},"spec":{"volumes":[{"name":"default-token-w6zvn","secret":{"secretName":"default-token-w6zvn","defaultMode":420}}],"initContainers":[{"name":"check-couchbase","image":"busybox","command":["sh","-c","timeout=0; while [[  $timeout -lt 90 ]]; do wget -q -O- -c http://couchbase-service:8091/ui/index.html \u003e /dev/null; if [ $? -ne 0 ]; then timeout=$(( timeout + 2 )); echo $timeout; else break; fi; done"],"resources":{},"volumeMounts":[{"name":"default-token-w6zvn","readOnly":true,"mountPath":"/var/run/secrets/kubernetes.io/serviceaccount"}],"terminationMessagePath":"/dev/termination-log","terminationMessagePolicy":"File","imagePullPolicy":"IfNotPresent","securityContext":{"capabilities":{"drop":["MKNOD"]}}},{"name":"create-bucket","image":"byrnedo/alpine-curl","command":["sh","-c","bucketName=com.amdocs.digital.ms.party.individual; auth=Administrator:Administrator; server=couchbase-service; curl -X DELETE -u $auth http://$server:8091//pools/default/buckets/default; curl --fail -X POST -u $auth -d name=$bucketName -d ramQuotaMB=100 -d authType=sasl http://$server:8091/pools/default/buckets; curl --fail -u $auth http://$server:8091/pools/default/buckets/$bucketName"],"resources":{},"volumeMounts":[{"name":"default-token-w6zvn","readOnly":true,"mountPath":"/var/run/secrets/kubernetes.io/serviceaccount"}],"terminationMessagePath":"/dev/termination-log","terminationMessagePolicy":"File","imagePullPolicy":"IfNotPresent","securityContext":{"capabilities":{"drop":["MKNOD"]}}},{"name":"create-primary-index","image":"byrnedo/alpine-curl","command":["sh","-c","bucketName=com.amdocs.digital.ms.party.individual; auth=Administrator:Administrator; server=couchbase-service; curl -X POST -v -u $auth http://$server:8093/query/service -d statement=create%20primary%20index%20on%20%60com.amdocs.digital.ms.party.individual%60"],"resources":{},"volumeMounts":[{"name":"default-token-w6zvn","readOnly":true,"mountPath":"/var/run/secrets/kubernetes.io/serviceaccount"}],"terminationMessagePath":"/dev/termination-log","terminationMessagePolicy":"File","imagePullPolicy":"IfNotPresent","securityContext":{"capabilities":{"drop":["MKNOD"]}}},{"name":"create-pi-relatedparty-index","image":"byrnedo/alpine-curl","command":["sh","-c","bucketName=com.amdocs.digital.ms.party.individual; auth=Administrator:Administrator; server=couchbase-service; curl -X POST -v -u $auth http://$server:8093/query/service -d statement='CREATE%20INDEX%20%60pi_idx_relatedPartyId%60%20ON%20%60com.amdocs.digital.ms.party.individual%60((all%20(array%20%5B(%60v%60.%60id%60)%5D%20for%20%60v%60%20in%20%60relatedParty%60%20end)))'"],"resources":{},"volumeMounts":[{"name":"default-token-w6zvn","readOnly":true,"mountPath":"/var/run/secrets/kubernetes.io/serviceaccount"}],"terminationMessagePath":"/dev/termination-log","terminationMessagePolicy":"File","imagePullPolicy":"IfNotPresent","securityContext":{"capabilities":{"drop":["MKNOD"]}}}],"containers":[{"name":"party-individual-service-container","image":"illin5564.corp.amdocs.com:5000/party-individual-service:0.1.0-1131","ports":[{"name":"http","containerPort":8080,"protocol":"TCP"},{"name":"jacoco","containerPort":6300,"protocol":"TCP"},{"name":"management","containerPort":18080,"protocol":"TCP"}],"env":[{"name":"KUBERNETES_NAMESPACE","valueFrom":{"fieldRef":{"apiVersion":"v1","fieldPath":"metadata.namespace"}}},{"name":"MSNEXT_JAVA_OPTS","value":"-Dloader.main=com.amdocs.msnext.boot.Boot -Xms1024m -Xmx1024m -XX:MaxRAM=2048m -XX:+UseSerialGC -Dcom.amdocs.msnext.securitya3s.url=http://10.238.196.188:30081/asmServices/services/v1.0"},{"name":"MSNEXT_MODULE_MGT_DISABLE","value":"msnext-customization"},{"name":"MANAGEMENT_PORT","value":"18080"},{"name":"MALLOC_ARENA_MAX","value":"4"},{"name":"SERVER_PORT","value":"8080"},{"name":"MSNEXT_JACOCO_ENABLE","value":"1"},{"name":"MSNEXT_JACOCO_OPTS","value":"output=tcpserver,address=*,port=6300"}],"resources":{"limits":{"cpu":"1","memory":"1536Mi"},"requests":{"cpu":"200m","memory":"1Gi"}},"volumeMounts":[{"name":"default-token-w6zvn","readOnly":true,"mountPath":"/var/run/secrets/kubernetes.io/serviceaccount"}],"livenessProbe":{"httpGet":{"path":"/health","port":18080,"scheme":"HTTP"},"initialDelaySeconds":900,"timeoutSeconds":10,"periodSeconds":10,"successThreshold":1,"failureThreshold":3},"readinessProbe":{"httpGet":{"path":"/health","port":18080,"scheme":"HTTP"},"initialDelaySeconds":180,"timeoutSeconds":10,"periodSeconds":10,"successThreshold":1,"failureThreshold":3},"terminationMessagePath":"/dev/termination-log","terminationMessagePolicy":"File","imagePullPolicy":"IfNotPresent","securityContext":{"capabilities":{"drop":["MKNOD"]},"privileged":false}}],"restartPolicy":"Always","terminationGracePeriodSeconds":30,"dnsPolicy":"ClusterFirst","nodeSelector":{"region":"work"},"serviceAccountName":"default","serviceAccount":"default","nodeName":"ilocpde01w04.corp.amdocs.com","securityContext":{"seLinuxOptions":{"level":"s0:c15,c10"}},"imagePullSecrets":[{"name":"party-individual-ms-secret"}],"schedulerName":"default-scheduler","tolerations":[{"key":"node.kubernetes.io/memory-pressure","operator":"Exists","effect":"NoSchedule"}]},"status":{"phase":"Running","conditions":[{"type":"Initialized","status":"True","lastProbeTime":null,"lastTransitionTime":"2018-08-30T05:42:41Z"},{"type":"Ready","status":"True","lastProbeTime":null,"lastTransitionTime":"2018-09-15T19:55:06Z"},{"type":"PodScheduled","status":"True","lastProbeTime":null,"lastTransitionTime":"2018-08-30T05:42:35Z"}],"hostIP":"10.245.250.23","podIP":"10.128.18.203","startTime":"2018-08-30T05:42:35Z","initContainerStatuses":[{"name":"check-couchbase","state":{"terminated":{"exitCode":0,"reason":"Completed","startedAt":"2018-08-31T07:16:03Z","finishedAt":"2018-08-31T07:16:03Z","containerID":"docker://04c3ae0b6cb8171022a7e0e70ff54327115d8c5b8bafe56b6739b938b37de517"}},"lastState":{},"ready":true,"restartCount":1,"image":"docker.io/busybox:latest","imageID":"docker-pullable://docker.io/busybox@sha256:58ac43b2cc92c687a32c8be6278e50a063579655fe3090125dcb2af0ff9e1a64","containerID":"docker://04c3ae0b6cb8171022a7e0e70ff54327115d8c5b8bafe56b6739b938b37de517"},{"name":"create-bucket","state":{"terminated":{"exitCode":0,"reason":"Completed","startedAt":"2018-08-31T07:16:19Z","finishedAt":"2018-08-31T07:16:20Z","containerID":"docker://bfe3aa309cdf6d149e3dbb9988d39818bd86f9e790340c4f134902e1a9f8650e"}},"lastState":{},"ready":true,"restartCount":0,"image":"docker.io/byrnedo/alpine-curl:latest","imageID":"docker-pullable://docker.io/byrnedo/alpine-curl@sha256:00c64bda2814f95a13ad6a46d6de487dc88f424f2b1f6c62c6dfce36701fe516","containerID":"docker://bfe3aa309cdf6d149e3dbb9988d39818bd86f9e790340c4f134902e1a9f8650e"},{"name":"create-primary-index","state":{"terminated":{"exitCode":0,"reason":"Completed","startedAt":"2018-08-31T07:21:05Z","finishedAt":"2018-08-31T07:21:08Z","containerID":"docker://3fcc48cce14f722b66db138a22cd2d3c61c229d11f0a857503e7cba12329723b"}},"lastState":{},"ready":true,"restartCount":0,"image":"docker.io/byrnedo/alpine-curl:latest","imageID":"docker-pullable://docker.io/byrnedo/alpine-curl@sha256:00c64bda2814f95a13ad6a46d6de487dc88f424f2b1f6c62c6dfce36701fe516","containerID":"docker://3fcc48cce14f722b66db138a22cd2d3c61c229d11f0a857503e7cba12329723b"},{"name":"create-pi-relatedparty-index","state":{"terminated":{"exitCode":0,"reason":"Completed","startedAt":"2018-08-31T07:21:21Z","finishedAt":"2018-08-31T07:21:24Z","containerID":"docker://bb1a73bf2511f671c8769700cdb1366241b7ff0480a8536c5f3d28bd05543d1f"}},"lastState":{},"ready":true,"restartCount":0,"image":"docker.io/byrnedo/alpine-curl:latest","imageID":"docker-pullable://docker.io/byrnedo/alpine-curl@sha256:00c64bda2814f95a13ad6a46d6de487dc88f424f2b1f6c62c6dfce36701fe516","containerID":"docker://bb1a73bf2511f671c8769700cdb1366241b7ff0480a8536c5f3d28bd05543d1f"}],"containerStatuses":[{"name":"party-individual-service-container","state":{"running":{"startedAt":"2018-09-15T19:52:00Z"}},"lastState":{"terminated":{"exitCode":143,"reason":"Error","startedAt":"2018-08-31T07:22:05Z","finishedAt":"2018-09-15T19:52:00Z","containerID":"docker://cfd83b00d540b77d60aac68e24fa2e3e1082fac790eee8752fd6972f75c02872"}},"ready":true,"restartCount":2,"image":"illin5564.corp.amdocs.com:5000/party-individual-service:0.1.0-1131","imageID":"docker-pullable://illin5564.corp.amdocs.com:5000/party-individual-service@sha256:ecca5d528b4f51cf8bb5e738a804fdddea3e29d0958eea81a4e95a91ee391c97","containerID":"docker://28d464b8607c2862c701d653adc86271d0b65144d4126c3325302ed0cb54bd16"}],"qosClass":"Burstable"}},{"metadata":{"name":"partyinteraction-attachm-224494318-lmmhf","generateName":"partyinteraction-attachm-224494318-","namespace":"care-for-openshift-testing","selfLink":"/api/v1/namespaces/care-for-openshift-testing/pods/partyinteraction-attachm-224494318-lmmhf","uid":"7f7fc59a-ac17-11e8-bb86-0050569a887c","resourceVersion":"57316544","creationTimestamp":"2018-08-30T05:42:35Z","labels":{"microservice":"partyinteraction-attachm","pod-template-hash":"224494318","project":"partyinteraction-attachment-exe","provider":"amdocs","release":"partyinteraction-attachment"},"annotations":{"fabric8.io/iconUrl":"img/icons/spring-boot.svg","openshift.io/scc":"anyuid-no-ps"},"ownerReferences":[{"apiVersion":"extensions/v1beta1","kind":"ReplicaSet","name":"partyinteraction-attachm-224494318","uid":"1ae034e9-79fb-11e8-b420-0050569ac01d","controller":true,"blockOwnerDeletion":true}]},"spec":{"volumes":[{"name":"default-token-w6zvn","secret":{"secretName":"default-token-w6zvn","defaultMode":420}}],"initContainers":[{"name":"check-couchbase","image":"busybox","command":["sh","-c","timeout=0; while [[  $timeout -lt 90 ]]; do wget -q -O- -c http://couchbase-service:8091/ui/index.html \u003e /dev/null; if [ $? -ne 0 ]; then timeout=$(( timeout + 2 )); echo $timeout; else break; fi; done"],"resources":{},"volumeMounts":[{"name":"default-token-w6zvn","readOnly":true,"mountPath":"/var/run/secrets/kubernetes.io/serviceaccount"}],"terminationMessagePath":"/dev/termination-log","terminationMessagePolicy":"File","imagePullPolicy":"IfNotPresent","securityContext":{"capabilities":{"drop":["MKNOD"]}}},{"name":"create-bucket","image":"byrnedo/alpine-curl","command":["sh","-c","bucketName=com.amdocs.digital.ms.partyinteraction.attachment; auth=Administrator:Administrator; server=couchbase-service; curl -X DELETE -u $auth http://$server:8091//pools/default/buckets/default; curl --fail -X POST -u $auth -d name=$bucketName -d ramQuotaMB=100 -d authType=sasl http://$server:8091/pools/default/buckets; curl --fail -u $auth http://$server:8091/pools/default/buckets/$bucketName"],"resources":{},"volumeMounts":[{"name":"default-token-w6zvn","readOnly":true,"mountPath":"/var/run/secrets/kubernetes.io/serviceaccount"}],"terminationMessagePath":"/dev/termination-log","terminationMessagePolicy":"File","imagePullPolicy":"IfNotPresent","securityContext":{"capabilities":{"drop":["MKNOD"]}}},{"name":"create-primary-index","image":"byrnedo/alpine-curl","command":["sh","-c","bucketName=com.amdocs.digital.ms.partyinteraction.attachment; auth=Administrator:Administrator; server=couchbase-service; curl -X POST -v -u $auth http://$server:8093/query/service -d statement=create%20primary%20index%20on%20%60com.amdocs.digital.ms.partyinteraction.attachment%60"],"resources":{},"volumeMounts":[{"name":"default-token-w6zvn","readOnly":true,"mountPath":"/var/run/secrets/kubernetes.io/serviceaccount"}],"terminationMessagePath":"/dev/termination-log","terminationMessagePolicy":"File","imagePullPolicy":"IfNotPresent","securityContext":{"capabilities":{"drop":["MKNOD"]}}}],"containers":[{"name":"partyinteraction-attachment-service-container","image":"illin5564.corp.amdocs.com:5000/partyinteraction-attachment-service:0.1.0-0088","ports":[{"name":"http","containerPort":8080,"protocol":"TCP"},{"name":"jacoco","containerPort":6300,"protocol":"TCP"},{"name":"management","containerPort":18080,"protocol":"TCP"}],"env":[{"name":"KUBERNETES_NAMESPACE","valueFrom":{"fieldRef":{"apiVersion":"v1","fieldPath":"metadata.namespace"}}},{"name":"MSNEXT_JAVA_OPTS","value":"-Dloader.main=com.amdocs.msnext.boot.Boot -Xms1024m -Xmx1024m -XX:MaxRAM=2048m -XX:+UseSerialGC -Dcom.amdocs.msnext.securitya3s.url=http://10.238.196.188:30081/asmServices/services/v1.0"},{"name":"MSNEXT_MODULE_MGT_DISABLE","value":"msnext-customization"},{"name":"MANAGEMENT_PORT","value":"18080"},{"name":"SERVER_PORT","value":"8080"},{"name":"MSNEXT_JACOCO_ENABLE","value":"1"},{"name":"MSNEXT_JACOCO_OPTS","value":"output=tcpserver,address=*,port=6300"}],"resources":{},"volumeMounts":[{"name":"default-token-w6zvn","readOnly":true,"mountPath":"/var/run/secrets/kubernetes.io/serviceaccount"}],"livenessProbe":{"httpGet":{"path":"/health","port":18080,"scheme":"HTTP"},"initialDelaySeconds":900,"timeoutSeconds":10,"periodSeconds":10,"successThreshold":1,"failureThreshold":3},"readinessProbe":{"httpGet":{"path":"/health","port":18080,"scheme":"HTTP"},"initialDelaySeconds":180,"timeoutSeconds":10,"periodSeconds":10,"successThreshold":1,"failureThreshold":3},"terminationMessagePath":"/dev/termination-log","terminationMessagePolicy":"File","imagePullPolicy":"IfNotPresent","securityContext":{"capabilities":{"drop":["MKNOD"]},"privileged":false}}],"restartPolicy":"Always","terminationGracePeriodSeconds":30,"dnsPolicy":"ClusterFirst","nodeSelector":{"region":"work"},"serviceAccountName":"default","serviceAccount":"default","nodeName":"ilocpde01w27.corp.amdocs.com","securityContext":{"seLinuxOptions":{"level":"s0:c15,c10"}},"imagePullSecrets":[{"name":"partyinteraction-attachment-ms-secret"}],"schedulerName":"default-scheduler"},"status":{"phase":"Running","conditions":[{"type":"Initialized","status":"True","lastProbeTime":null,"lastTransitionTime":"2018-08-30T05:42:41Z"},{"type":"Ready","status":"True","lastProbeTime":null,"lastTransitionTime":"2018-09-01T22:05:30Z"},{"type":"PodScheduled","status":"True","lastProbeTime":null,"lastTransitionTime":"2018-08-30T05:42:35Z"}],"hostIP":"10.245.251.168","podIP":"10.128.64.98","startTime":"2018-08-30T05:42:35Z","initContainerStatuses":[{"name":"check-couchbase","state":{"terminated":{"exitCode":0,"reason":"Completed","startedAt":"2018-08-30T05:42:38Z","finishedAt":"2018-08-30T05:42:38Z","containerID":"docker://6941674a280d5d26e46a615f8bc19e119e9e090715ca7c5c1458610053a49a7b"}},"lastState":{},"ready":true,"restartCount":0,"image":"docker.io/busybox:latest","imageID":"docker-pullable://docker.io/busybox@sha256:141c253bc4c3fd0a201d32dc1f493bcf3fff003b6df416dea4f41046e0f37d47","containerID":"docker://6941674a280d5d26e46a615f8bc19e119e9e090715ca7c5c1458610053a49a7b"},{"name":"create-bucket","state":{"terminated":{"exitCode":0,"reason":"Completed","startedAt":"2018-08-30T05:42:39Z","finishedAt":"2018-08-30T05:42:39Z","containerID":"docker://6e678eddca1ff929dc2c9fa8b3dae160222682d16be1431d23178c6dcdf26d7b"}},"lastState":{},"ready":true,"restartCount":0,"image":"docker.io/byrnedo/alpine-curl:latest","imageID":"docker-pullable://docker.io/byrnedo/alpine-curl@sha256:00c64bda2814f95a13ad6a46d6de487dc88f424f2b1f6c62c6dfce36701fe516","containerID":"docker://6e678eddca1ff929dc2c9fa8b3dae160222682d16be1431d23178c6dcdf26d7b"},{"name":"create-primary-index","state":{"terminated":{"exitCode":0,"reason":"Completed","startedAt":"2018-08-30T05:42:40Z","finishedAt":"2018-08-30T05:42:40Z","containerID":"docker://4d9eacaf6c22053c1ed543003aa9ff5ee293f07630b4bd7b671a4775739d2659"}},"lastState":{},"ready":true,"restartCount":0,"image":"docker.io/byrnedo/alpine-curl:latest","imageID":"docker-pullable://docker.io/byrnedo/alpine-curl@sha256:00c64bda2814f95a13ad6a46d6de487dc88f424f2b1f6c62c6dfce36701fe516","containerID":"docker://4d9eacaf6c22053c1ed543003aa9ff5ee293f07630b4bd7b671a4775739d2659"}],"containerStatuses":[{"name":"partyinteraction-attachment-service-container","state":{"running":{"startedAt":"2018-09-01T22:02:22Z"}},"lastState":{"terminated":{"exitCode":143,"reason":"Error","startedAt":"2018-08-30T05:42:44Z","finishedAt":"2018-09-01T22:02:22Z","containerID":"docker://dee426bc20750854ed2153a832c6281e6424019d0bee2651f56a26f56ea8b052"}},"ready":true,"restartCount":1,"image":"illin5564.corp.amdocs.com:5000/partyinteraction-attachment-service:0.1.0-0088","imageID":"docker-pullable://illin5564.corp.amdocs.com:5000/partyinteraction-attachment-service@sha256:b9a480acc085ef6d3c864f157d7816532eb4e050b8998dc94c0bca266205137f","containerID":"docker://a5bc1672e2ba8471a2db767e7bb42c517495166a21ce910f12243f198b1bd957"}],"qosClass":"BestEffort"}},{"metadata":{"name":"partyinteraction-partyin-3901781152-rjxq5","generateName":"partyinteraction-partyin-3901781152-","namespace":"care-for-openshift-testing","selfLink":"/api/v1/namespaces/care-for-openshift-testing/pods/partyinteraction-partyin-3901781152-rjxq5","uid":"7fbc4e84-ac17-11e8-bb86-0050569a887c","resourceVersion":"55369064","creationTimestamp":"2018-08-30T05:42:36Z","labels":{"microservice":"partyinteraction-partyin","pod-template-hash":"3901781152","project":"partyinteraction-partyinteraction-exe","provider":"amdocs","release":"partyinteraction-partyinteraction"},"annotations":{"fabric8.io/iconUrl":"img/icons/spring-boot.svg","openshift.io/scc":"anyuid-no-ps"},"ownerReferences":[{"apiVersion":"extensions/v1beta1","kind":"ReplicaSet","name":"partyinteraction-partyin-3901781152","uid":"108dd124-79fb-11e8-b420-0050569ac01d","controller":true,"blockOwnerDeletion":true}]},"spec":{"volumes":[{"name":"default-token-w6zvn","secret":{"secretName":"default-token-w6zvn","defaultMode":420}}],"initContainers":[{"name":"check-couchbase","image":"busybox","command":["sh","-c","timeout=0; while [[  $timeout -lt 90 ]]; do wget -q -O- -c http://couchbase-service:8091/ui/index.html \u003e /dev/null; if [ $? -ne 0 ]; then timeout=$(( timeout + 2 )); echo $timeout; else break; fi; done"],"resources":{},"volumeMounts":[{"name":"default-token-w6zvn","readOnly":true,"mountPath":"/var/run/secrets/kubernetes.io/serviceaccount"}],"terminationMessagePath":"/dev/termination-log","terminationMessagePolicy":"File","imagePullPolicy":"IfNotPresent","securityContext":{"capabilities":{"drop":["MKNOD"]}}},{"name":"create-bucket","image":"byrnedo/alpine-curl","command":["sh","-c","bucketName=com.amdocs.digital.ms.partyinteraction.partyinteraction; auth=Administrator:Administrator; server=couchbase-service; curl -X DELETE -u $auth http://$server:8091//pools/default/buckets/default; curl --fail -X POST -u $auth -d name=$bucketName -d ramQuotaMB=100 -d authType=sasl http://$server:8091/pools/default/buckets; curl --fail -u $auth http://$server:8091/pools/default/buckets/$bucketName"],"resources":{},"volumeMounts":[{"name":"default-token-w6zvn","readOnly":true,"mountPath":"/var/run/secrets/kubernetes.io/serviceaccount"}],"terminationMessagePath":"/dev/termination-log","terminationMessagePolicy":"File","imagePullPolicy":"IfNotPresent","securityContext":{"capabilities":{"drop":["MKNOD"]}}},{"name":"create-primary-index","image":"byrnedo/alpine-curl","command":["sh","-c","bucketName=com.amdocs.digital.ms.partyinteraction.partyinteraction; auth=Administrator:Administrator; server=couchbase-service; curl -X POST -v -u $auth http://$server:8093/query/service -d statement=create%20primary%20index%20on%20%60com.amdocs.digital.ms.partyinteraction.partyinteraction%60"],"resources":{},"volumeMounts":[{"name":"default-token-w6zvn","readOnly":true,"mountPath":"/var/run/secrets/kubernetes.io/serviceaccount"}],"terminationMessagePath":"/dev/termination-log","terminationMessagePolicy":"File","imagePullPolicy":"IfNotPresent","securityContext":{"capabilities":{"drop":["MKNOD"]}}}],"containers":[{"name":"partyinteraction-partyinteraction-service-container","image":"illin5564.corp.amdocs.com:5000/partyinteraction-partyinteraction-service:0.1.0-0184","ports":[{"name":"http","containerPort":8080,"protocol":"TCP"},{"name":"jacoco","containerPort":6300,"protocol":"TCP"},{"name":"management","containerPort":18080,"protocol":"TCP"}],"env":[{"name":"KUBERNETES_NAMESPACE","valueFrom":{"fieldRef":{"apiVersion":"v1","fieldPath":"metadata.namespace"}}},{"name":"MSNEXT_JAVA_OPTS","value":"-Dloader.main=com.amdocs.msnext.boot.Boot -Xms1024m -Xmx1024m -XX:MaxRAM=2048m -XX:+UseSerialGC -Dcom.amdocs.msnext.securitya3s.url=http://10.238.196.188:30081/asmServices/services/v1.0"},{"name":"MSNEXT_MODULE_MGT_DISABLE","value":"msnext-customization"},{"name":"MANAGEMENT_PORT","value":"18080"},{"name":"SERVER_PORT","value":"8080"},{"name":"MSNEXT_JACOCO_ENABLE","value":"1"},{"name":"MSNEXT_JACOCO_OPTS","value":"output=tcpserver,address=*,port=6300"}],"resources":{},"volumeMounts":[{"name":"default-token-w6zvn","readOnly":true,"mountPath":"/var/run/secrets/kubernetes.io/serviceaccount"}],"livenessProbe":{"httpGet":{"path":"/health","port":18080,"scheme":"HTTP"},"initialDelaySeconds":900,"timeoutSeconds":10,"periodSeconds":10,"successThreshold":1,"failureThreshold":3},"readinessProbe":{"httpGet":{"path":"/health","port":18080,"scheme":"HTTP"},"initialDelaySeconds":180,"timeoutSeconds":10,"periodSeconds":10,"successThreshold":1,"failureThreshold":3},"terminationMessagePath":"/dev/termination-log","terminationMessagePolicy":"File","imagePullPolicy":"IfNotPresent","securityContext":{"capabilities":{"drop":["MKNOD"]},"privileged":false}}],"restartPolicy":"Always","terminationGracePeriodSeconds":30,"dnsPolicy":"ClusterFirst","nodeSelector":{"region":"work"},"serviceAccountName":"default","serviceAccount":"default","nodeName":"ilocpde01w26.corp.amdocs.com","securityContext":{"seLinuxOptions":{"level":"s0:c15,c10"}},"imagePullSecrets":[{"name":"partyinteraction-partyinteraction-ms-secret"}],"schedulerName":"default-scheduler"},"status":{"phase":"Running","conditions":[{"type":"Initialized","status":"True","lastProbeTime":null,"lastTransitionTime":"2018-08-30T05:42:57Z"},{"type":"Ready","status":"True","lastProbeTime":null,"lastTransitionTime":"2018-08-30T05:46:01Z"},{"type":"PodScheduled","status":"True","lastProbeTime":null,"lastTransitionTime":"2018-08-30T05:42:36Z"}],"hostIP":"10.245.251.167","podIP":"10.128.60.253","startTime":"2018-08-30T05:42:36Z","initContainerStatuses":[{"name":"check-couchbase","state":{"terminated":{"exitCode":0,"reason":"Completed","startedAt":"2018-08-30T05:42:38Z","finishedAt":"2018-08-30T05:42:38Z","containerID":"docker://80f976f0bdf6cf0b4aedbb7af3086450922a170a4df7b351918ee25f78cdcb01"}},"lastState":{},"ready":true,"restartCount":0,"image":"docker.io/busybox:latest","imageID":"docker-pullable://docker.io/busybox@sha256:141c253bc4c3fd0a201d32dc1f493bcf3fff003b6df416dea4f41046e0f37d47","containerID":"docker://80f976f0bdf6cf0b4aedbb7af3086450922a170a4df7b351918ee25f78cdcb01"},{"name":"create-bucket","state":{"terminated":{"exitCode":0,"reason":"Completed","startedAt":"2018-08-30T05:42:55Z","finishedAt":"2018-08-30T05:42:55Z","containerID":"docker://36ccb6ba85ba070118730e520a6e8e610cfbc7fe4ae15b197e9b88eff3ad6520"}},"lastState":{},"ready":true,"restartCount":0,"image":"docker.io/byrnedo/alpine-curl:latest","imageID":"docker-pullable://docker.io/byrnedo/alpine-curl@sha256:e8cf497b3005c2f66c8411f814f3818ecd683dfea45267ebfb4918088a26a18c","containerID":"docker://36ccb6ba85ba070118730e520a6e8e610cfbc7fe4ae15b197e9b88eff3ad6520"},{"name":"create-primary-index","state":{"terminated":{"exitCode":0,"reason":"Completed","startedAt":"2018-08-30T05:42:57Z","finishedAt":"2018-08-30T05:42:57Z","containerID":"docker://3f62808876f9965030845f970139c72105fc4c5f0bd957261e142850ccf68177"}},"lastState":{},"ready":true,"restartCount":0,"image":"docker.io/byrnedo/alpine-curl:latest","imageID":"docker-pullable://docker.io/byrnedo/alpine-curl@sha256:e8cf497b3005c2f66c8411f814f3818ecd683dfea45267ebfb4918088a26a18c","containerID":"docker://3f62808876f9965030845f970139c72105fc4c5f0bd957261e142850ccf68177"}],"containerStatuses":[{"name":"partyinteraction-partyinteraction-service-container","state":{"running":{"startedAt":"2018-08-30T05:43:00Z"}},"lastState":{},"ready":true,"restartCount":0,"image":"illin5564.corp.amdocs.com:5000/partyinteraction-partyinteraction-service:0.1.0-0184","imageID":"docker-pullable://illin5564.corp.amdocs.com:5000/partyinteraction-partyinteraction-service@sha256:875a6fabee840966d4f442924d60e2cd7143fd002d94297934adbbe2ce337af3","containerID":"docker://f73c7e92ab58b922be46fb8c6fd03a2ef36e28adf3c7842ba104c35ee4027d24"}],"qosClass":"BestEffort"}},{"metadata":{"name":"paymentmethod-paymentmet-360350773-c9qb8","generateName":"paymentmethod-paymentmet-360350773-","namespace":"care-for-openshift-testing","selfLink":"/api/v1/namespaces/care-for-openshift-testing/pods/paymentmethod-paymentmet-360350773-c9qb8","uid":"7ff9343d-ac17-11e8-bb86-0050569a887c","resourceVersion":"69445335","creationTimestamp":"2018-08-30T05:42:36Z","labels":{"microservice":"paymentmethod-paymentmet","pod-template-hash":"360350773","project":"paymentmethod-paymentmethod-exe","provider":"amdocs","release":"paymentmethod-paymentmethod"},"annotations":{"fabric8.io/iconUrl":"img/icons/spring-boot.svg","openshift.io/scc":"anyuid-no-ps"},"ownerReferences":[{"apiVersion":"extensions/v1beta1","kind":"ReplicaSet","name":"paymentmethod-paymentmet-360350773","uid":"37b8945a-79fb-11e8-b420-0050569ac01d","controller":true,"blockOwnerDeletion":true}]},"spec":{"volumes":[{"name":"default-token-w6zvn","secret":{"secretName":"default-token-w6zvn","defaultMode":420}}],"initContainers":[{"name":"check-couchbase","image":"busybox","command":["sh","-c","timeout=0; while [[  $timeout -lt 90 ]]; do wget -q -O- -c http://couchbase-service:8091/ui/index.html \u003e /dev/null; if [ $? -ne 0 ]; then timeout=$(( timeout + 2 )); echo $timeout; else break; fi; done"],"resources":{},"volumeMounts":[{"name":"default-token-w6zvn","readOnly":true,"mountPath":"/var/run/secrets/kubernetes.io/serviceaccount"}],"terminationMessagePath":"/dev/termination-log","terminationMessagePolicy":"File","imagePullPolicy":"IfNotPresent","securityContext":{"capabilities":{"drop":["MKNOD"]}}},{"name":"create-bucket","image":"byrnedo/alpine-curl","command":["sh","-c","bucketName=com.amdocs.digital.ms.paymentmethod.paymentmethod; auth=Administrator:Administrator; server=couchbase-service; curl -X DELETE -u $auth http://$server:8091//pools/default/buckets/default; curl --fail -X POST -u $auth -d name=$bucketName -d ramQuotaMB=100 -d authType=sasl http://$server:8091/pools/default/buckets; curl --fail -u $auth http://$server:8091/pools/default/buckets/$bucketName"],"resources":{},"volumeMounts":[{"name":"default-token-w6zvn","readOnly":true,"mountPath":"/var/run/secrets/kubernetes.io/serviceaccount"}],"terminationMessagePath":"/dev/termination-log","terminationMessagePolicy":"File","imagePullPolicy":"IfNotPresent","securityContext":{"capabilities":{"drop":["MKNOD"]}}},{"name":"create-primary-index","image":"byrnedo/alpine-curl","command":["sh","-c","bucketName=com.amdocs.digital.ms.paymentmethod.paymentmethod; auth=Administrator:Administrator; server=couchbase-service; curl -X POST -v -u $auth http://$server:8093/query/service -d statement=create%20primary%20index%20on%20%60com.amdocs.digital.ms.paymentmethod.paymentmethod%60"],"resources":{},"volumeMounts":[{"name":"default-token-w6zvn","readOnly":true,"mountPath":"/var/run/secrets/kubernetes.io/serviceaccount"}],"terminationMessagePath":"/dev/termination-log","terminationMessagePolicy":"File","imagePullPolicy":"IfNotPresent","securityContext":{"capabilities":{"drop":["MKNOD"]}}},{"name":"create-pm-relatedpartyid-index","image":"byrnedo/alpine-curl","command":["sh","-c","bucketName=com.amdocs.digital.ms.paymentmethod.paymentmethod; auth=Administrator:Administrator; server=couchbase-service; curl -X POST -v -u $auth http://$server:8093/query/service -d statement='CREATE%20INDEX%20%60pm_idx_relatedPartyId%60%20ON%20%60com.amdocs.digital.ms.paymentmethod.paymentmethod%60((%60relatedParty%60.%60id%60))'"],"resources":{},"volumeMounts":[{"name":"default-token-w6zvn","readOnly":true,"mountPath":"/var/run/secrets/kubernetes.io/serviceaccount"}],"terminationMessagePath":"/dev/termination-log","terminationMessagePolicy":"File","imagePullPolicy":"IfNotPresent","securityContext":{"capabilities":{"drop":["MKNOD"]}}}],"containers":[{"name":"paymentmethod-paymentmethod-service-container","image":"illin5564.corp.amdocs.com:5000/paymentmethod-paymentmethod-service:0.1.0-0107","ports":[{"name":"http","containerPort":8080,"protocol":"TCP"},{"name":"jacoco","containerPort":6300,"protocol":"TCP"},{"name":"management","containerPort":18080,"protocol":"TCP"}],"env":[{"name":"KUBERNETES_NAMESPACE","valueFrom":{"fieldRef":{"apiVersion":"v1","fieldPath":"metadata.namespace"}}},{"name":"MSNEXT_JAVA_OPTS","value":"-Dloader.main=com.amdocs.msnext.boot.Boot -Xms1024m -Xmx1024m -XX:MaxRAM=2048m -XX:+UseSerialGC -Dcom.amdocs.msnext.securitya3s.url=http://10.238.196.188:30081/asmServices/services/v1.0"},{"name":"MSNEXT_MODULE_MGT_DISABLE","value":"msnext-customization"},{"name":"MANAGEMENT_PORT","value":"18080"},{"name":"MALLOC_ARENA_MAX","value":"4"},{"name":"SERVER_PORT","value":"8080"},{"name":"MSNEXT_JACOCO_ENABLE","value":"1"},{"name":"MSNEXT_JACOCO_OPTS","value":"output=tcpserver,address=*,port=6300"}],"resources":{"limits":{"cpu":"1","memory":"1536Mi"},"requests":{"cpu":"200m","memory":"1Gi"}},"volumeMounts":[{"name":"default-token-w6zvn","readOnly":true,"mountPath":"/var/run/secrets/kubernetes.io/serviceaccount"}],"livenessProbe":{"httpGet":{"path":"/health","port":18080,"scheme":"HTTP"},"initialDelaySeconds":900,"timeoutSeconds":10,"periodSeconds":10,"successThreshold":1,"failureThreshold":3},"readinessProbe":{"httpGet":{"path":"/health","port":18080,"scheme":"HTTP"},"initialDelaySeconds":180,"timeoutSeconds":10,"periodSeconds":10,"successThreshold":1,"failureThreshold":3},"terminationMessagePath":"/dev/termination-log","terminationMessagePolicy":"File","imagePullPolicy":"IfNotPresent","securityContext":{"capabilities":{"drop":["MKNOD"]},"privileged":false}}],"restartPolicy":"Always","terminationGracePeriodSeconds":30,"dnsPolicy":"ClusterFirst","nodeSelector":{"region":"work"},"serviceAccountName":"default","serviceAccount":"default","nodeName":"ilocpde01w16.corp.amdocs.com","securityContext":{"seLinuxOptions":{"level":"s0:c15,c10"}},"imagePullSecrets":[{"name":"paymentmethod-paymentmethod-ms-secret"}],"schedulerName":"default-scheduler","tolerations":[{"key":"node.kubernetes.io/memory-pressure","operator":"Exists","effect":"NoSchedule"}]},"status":{"phase":"Running","conditions":[{"type":"Initialized","status":"True","lastProbeTime":null,"lastTransitionTime":"2018-08-30T05:42:44Z"},{"type":"Ready","status":"True","lastProbeTime":null,"lastTransitionTime":"2018-09-16T12:56:02Z"},{"type":"PodScheduled","status":"True","lastProbeTime":null,"lastTransitionTime":"2018-08-30T05:42:36Z"}],"podIP":"10.128.42.146","startTime":"2018-08-30T05:42:36Z","initContainerStatuses":[{"name":"check-couchbase","state":{"terminated":{"exitCode":0,"reason":"Completed","startedAt":"2018-08-30T05:42:38Z","finishedAt":"2018-08-30T05:42:39Z","containerID":"docker://27fc2a261488b52ed8978e4131c97c7753e9265ed3b7d116077261d83304b557"}},"lastState":{},"ready":true,"restartCount":0,"image":"docker.io/busybox:latest","imageID":"docker-pullable://docker.io/busybox@sha256:141c253bc4c3fd0a201d32dc1f493bcf3fff003b6df416dea4f41046e0f37d47","containerID":"docker://27fc2a261488b52ed8978e4131c97c7753e9265ed3b7d116077261d83304b557"},{"name":"create-bucket","state":{"terminated":{"exitCode":0,"reason":"Completed","startedAt":"2018-08-30T05:42:40Z","finishedAt":"2018-08-30T05:42:40Z","containerID":"docker://7ac59acff8f6833c8100f0ec72d13c2e4d11ed79c0685e4813de1b3525805648"}},"lastState":{},"ready":true,"restartCount":0,"image":"docker.io/byrnedo/alpine-curl:latest","imageID":"docker-pullable://docker.io/byrnedo/alpine-curl@sha256:00c64bda2814f95a13ad6a46d6de487dc88f424f2b1f6c62c6dfce36701fe516","containerID":"docker://7ac59acff8f6833c8100f0ec72d13c2e4d11ed79c0685e4813de1b3525805648"},{"name":"create-primary-index","state":{"terminated":{"exitCode":0,"reason":"Completed","startedAt":"2018-08-30T05:42:41Z","finishedAt":"2018-08-30T05:42:41Z","containerID":"docker://cbcba2298c744f61a79bb7f823f26177f469e74aafa2ef277b707326d515312b"}},"lastState":{},"ready":true,"restartCount":0,"image":"docker.io/byrnedo/alpine-curl:latest","imageID":"docker-pullable://docker.io/byrnedo/alpine-curl@sha256:00c64bda2814f95a13ad6a46d6de487dc88f424f2b1f6c62c6dfce36701fe516","containerID":"docker://cbcba2298c744f61a79bb7f823f26177f469e74aafa2ef277b707326d515312b"},{"name":"create-pm-relatedpartyid-index","state":{"terminated":{"exitCode":0,"reason":"Completed","startedAt":"2018-08-30T05:42:42Z","finishedAt":"2018-08-30T05:42:43Z","containerID":"docker://a465938f59cbe210bd1af4f17c595b291393fb0c1fc9cd236b85ab1c078b1858"}},"lastState":{},"ready":true,"restartCount":0,"image":"docker.io/byrnedo/alpine-curl:latest","imageID":"docker-pullable://docker.io/byrnedo/alpine-curl@sha256:00c64bda2814f95a13ad6a46d6de487dc88f424f2b1f6c62c6dfce36701fe516","containerID":"docker://a465938f59cbe210bd1af4f17c595b291393fb0c1fc9cd236b85ab1c078b1858"}],"containerStatuses":[{"name":"paymentmethod-paymentmethod-service-container","state":{"running":{"startedAt":"2018-09-16T12:52:55Z"}},"lastState":{"terminated":{"exitCode":137,"reason":"OOMKilled","startedAt":"2018-09-14T13:20:24Z","finishedAt":"2018-09-16T12:52:53Z","containerID":"docker://dcf5cd38f43d734eedf83e63998a2f1879006a9673d07930edc6531897873d50"}},"ready":true,"restartCount":5,"image":"illin5564.corp.amdocs.com:5000/paymentmethod-paymentmethod-service:0.1.0-0107","imageID":"docker-pullable://illin5564.corp.amdocs.com:5000/paymentmethod-paymentmethod-service@sha256:0d0145b4da129dd1310ddc44a1c708fc4c0577e114c1af9782cb0456ba6aac27","containerID":"docker://6536c744459a8011cda51c1d605529442fc41f2866236d2accdf9c58f274fa6a"}],"qosClass":"Burstable"}},{"metadata":{"name":"scheduler-task-scheduler-2436803184-c9m6b","generateName":"scheduler-task-scheduler-2436803184-","namespace":"care-for-openshift-testing","selfLink":"/api/v1/namespaces/care-for-openshift-testing/pods/scheduler-task-scheduler-2436803184-c9m6b","uid":"80363568-ac17-11e8-bb86-0050569a887c","resourceVersion":"68367854","creationTimestamp":"2018-08-30T05:42:37Z","labels":{"app":"scheduler-task-scheduler","microservice":"scheduler-task","pod-template-hash":"2436803184","project":"scheduler-task","provider":"amdocs","release":"scheduler-task"},"annotations":{"fabric8.io/iconUrl":"img/icons/spring-boot.svg","openshift.io/scc":"anyuid-no-ps"},"ownerReferences":[{"apiVersion":"extensions/v1beta1","kind":"ReplicaSet","name":"scheduler-task-scheduler-2436803184","uid":"60040991-79fb-11e8-b420-0050569ac01d","controller":true,"blockOwnerDeletion":true}]},"spec":{"volumes":[{"name":"default-token-w6zvn","secret":{"secretName":"default-token-w6zvn","defaultMode":420}}],"initContainers":[{"name":"check-couchbase","image":"busybox","command":["sh","-c","timeout=0; while [[  $timeout -lt 90 ]]; do wget -q -O- -c http://couchbase-service:8091/ui/index.html \u003e /dev/null; if [ $? -ne 0 ]; then timeout=$(( timeout + 2 )); echo $timeout; else break; fi; done"],"resources":{},"volumeMounts":[{"name":"default-token-w6zvn","readOnly":true,"mountPath":"/var/run/secrets/kubernetes.io/serviceaccount"}],"terminationMessagePath":"/dev/termination-log","terminationMessagePolicy":"File","imagePullPolicy":"IfNotPresent","securityContext":{"capabilities":{"drop":["MKNOD"]}}},{"name":"create-bucket","image":"byrnedo/alpine-curl","command":["sh","-c","bucketName=com.amdocs.digital.ms.scheduler.task; auth=Administrator:Administrator; server=couchbase-service; curl --fail -X POST -u $auth -d name=$bucketName -d ramQuotaMB=100 -d authType=sasl http://$server:8091/pools/default/buckets; curl --fail -u $auth http://$server:8091/pools/default/buckets/$bucketName"],"resources":{},"volumeMounts":[{"name":"default-token-w6zvn","readOnly":true,"mountPath":"/var/run/secrets/kubernetes.io/serviceaccount"}],"terminationMessagePath":"/dev/termination-log","terminationMessagePolicy":"File","imagePullPolicy":"IfNotPresent","securityContext":{"capabilities":{"drop":["MKNOD"]}}}],"containers":[{"name":"scheduler-task-service-container","image":"illin5564.corp.amdocs.com:5000/scheduler-task-service:0.1.0-0495","ports":[{"name":"http","containerPort":8080,"protocol":"TCP"},{"name":"management","containerPort":18080,"protocol":"TCP"}],"env":[{"name":"KUBERNETES_NAMESPACE","valueFrom":{"fieldRef":{"apiVersion":"v1","fieldPath":"metadata.namespace"}}},{"name":"MSNEXT_JAVA_OPTS","value":" -Xms256m -Xmx512m -XX:MaxRAM=1024m -XX:+UseSerialGC -XX:MaxMetaspaceSize=512m -Dcom.amdocs.msnext.securitya3s.url=http://10.238.196.188:30081/asmServices/services/v1.0"},{"name":"MSNEXT_DISABLED_MODULES","value":"msnext-customization"},{"name":"MANAGEMENT_PORT","value":"18080"},{"name":"SERVER_PORT","value":"8080"},{"name":"MALLOC_ARENA_MAX","value":"4"},{"name":"TZ","value":"UTC"}],"resources":{"limits":{"cpu":"1","memory":"4Gi"},"requests":{"cpu":"200m","memory":"1Gi"}},"volumeMounts":[{"name":"default-token-w6zvn","readOnly":true,"mountPath":"/var/run/secrets/kubernetes.io/serviceaccount"}],"livenessProbe":{"httpGet":{"path":"/health","port":18080,"scheme":"HTTP"},"initialDelaySeconds":900,"timeoutSeconds":10,"periodSeconds":10,"successThreshold":1,"failureThreshold":3},"readinessProbe":{"httpGet":{"path":"/health","port":18080,"scheme":"HTTP"},"initialDelaySeconds":30,"timeoutSeconds":10,"periodSeconds":10,"successThreshold":1,"failureThreshold":3},"terminationMessagePath":"/dev/termination-log","terminationMessagePolicy":"File","imagePullPolicy":"IfNotPresent","securityContext":{"capabilities":{"drop":["MKNOD"]},"privileged":false}}],"restartPolicy":"Always","terminationGracePeriodSeconds":30,"dnsPolicy":"ClusterFirst","nodeSelector":{"region":"work"},"serviceAccountName":"default","serviceAccount":"default","nodeName":"ilocpde01w07.corp.amdocs.com","securityContext":{"seLinuxOptions":{"level":"s0:c15,c10"}},"imagePullSecrets":[{"name":"scheduler-task-ms-secret"}],"schedulerName":"default-scheduler","tolerations":[{"key":"node.kubernetes.io/memory-pressure","operator":"Exists","effect":"NoSchedule"}]},"status":{"phase":"Running","conditions":[{"type":"Initialized","status":"True","lastProbeTime":null,"lastTransitionTime":"2018-08-30T05:42:41Z"},{"type":"Ready","status":"True","lastProbeTime":null,"lastTransitionTime":"2018-09-16T15:14:51Z"},{"type":"PodScheduled","status":"True","lastProbeTime":null,"lastTransitionTime":"2018-08-30T05:42:37Z"}],"hostIP":"10.245.250.26","podIP":"10.128.23.207","startTime":"2018-08-30T05:42:37Z","initContainerStatuses":[{"name":"check-couchbase","state":{"terminated":{"exitCode":0,"reason":"Completed","startedAt":"2018-08-30T05:42:39Z","finishedAt":"2018-08-30T05:42:39Z","containerID":"docker://d51dcfefdf9cc91f800c51ab778b1d38f6d97c95118d607c2f18687d0a20e60a"}},"lastState":{},"ready":true,"restartCount":0,"image":"docker.io/busybox:latest","imageID":"docker-pullable://docker.io/busybox@sha256:58ac43b2cc92c687a32c8be6278e50a063579655fe3090125dcb2af0ff9e1a64","containerID":"docker://d51dcfefdf9cc91f800c51ab778b1d38f6d97c95118d607c2f18687d0a20e60a"},{"name":"create-bucket","state":{"terminated":{"exitCode":0,"reason":"Completed","startedAt":"2018-08-30T05:42:41Z","finishedAt":"2018-08-30T05:42:41Z","containerID":"docker://a364dc26b9068a0a8582ee0c83c53b2bb6f9ee2b2c0c1662b64b7deca450b30c"}},"lastState":{},"ready":true,"restartCount":0,"image":"docker.io/byrnedo/alpine-curl:latest","imageID":"docker-pullable://docker.io/byrnedo/alpine-curl@sha256:00c64bda2814f95a13ad6a46d6de487dc88f424f2b1f6c62c6dfce36701fe516","containerID":"docker://a364dc26b9068a0a8582ee0c83c53b2bb6f9ee2b2c0c1662b64b7deca450b30c"}],"containerStatuses":[{"name":"scheduler-task-service-container","state":{"running":{"startedAt":"2018-09-16T15:13:16Z"}},"lastState":{"terminated":{"exitCode":143,"reason":"Error","startedAt":"2018-09-06T07:50:34Z","finishedAt":"2018-09-16T15:13:16Z","containerID":"docker://509c9e87cdeca83952d6fc858bde402d3f7d1393bfbc4d27f2bc55f61a10f620"}},"ready":true,"restartCount":2,"image":"illin5564.corp.amdocs.com:5000/scheduler-task-service:0.1.0-0495","imageID":"docker-pullable://illin5564.corp.amdocs.com:5000/scheduler-task-service@sha256:b6f20c70a08ae1ab1101226099aa9e807e36c4949fcc764efb2a35318fd0c68d","containerID":"docker://aba56b052eb3b04cc6e60c9f40b0003310ee9943feeb654a3a1c436d5ee42e79"}],"qosClass":"Burstable"}},{"metadata":{"name":"search-search-search-sea-3427907834-b5jb5","generateName":"search-search-search-sea-3427907834-","namespace":"care-for-openshift-testing","selfLink":"/api/v1/namespaces/care-for-openshift-testing/pods/search-search-search-sea-3427907834-b5jb5","uid":"8074bcf5-ac17-11e8-bb86-0050569a887c","resourceVersion":"55369004","creationTimestamp":"2018-08-30T05:42:37Z","labels":{"microservice":"search-search","pod-template-hash":"3427907834","project":"search-search-exe","provider":"amdocs","release":"search-search"},"annotations":{"fabric8.io/iconUrl":"img/icons/spring-boot.svg","openshift.io/scc":"anyuid-no-ps"},"ownerReferences":[{"apiVersion":"extensions/v1beta1","kind":"ReplicaSet","name":"search-search-search-sea-3427907834","uid":"21285b98-79fc-11e8-b420-0050569ac01d","controller":true,"blockOwnerDeletion":true}]},"spec":{"volumes":[{"name":"default-token-w6zvn","secret":{"secretName":"default-token-w6zvn","defaultMode":420}}],"initContainers":[{"name":"check-couchbase","image":"busybox","command":["sh","-c","timeout=0; while [[  $timeout -lt 90 ]]; do wget -q -O- -c http://couchbase-service:8091/ui/index.html \u003e /dev/null; if [ $? -ne 0 ]; then timeout=$(( timeout + 2 )); echo $timeout; else break; fi; done"],"resources":{},"volumeMounts":[{"name":"default-token-w6zvn","readOnly":true,"mountPath":"/var/run/secrets/kubernetes.io/serviceaccount"}],"terminationMessagePath":"/dev/termination-log","terminationMessagePolicy":"File","imagePullPolicy":"IfNotPresent","securityContext":{"capabilities":{"drop":["MKNOD"]}}},{"name":"create-bucket","image":"byrnedo/alpine-curl","command":["sh","-c","bucketName=com.amdocs.digital.ms.search.search; auth=Administrator:Administrator; server=couchbase-service; curl -X DELETE -u $auth http://$server:8091//pools/default/buckets/default; curl --fail -X POST -u $auth -d name=$bucketName -d ramQuotaMB=100 -d authType=sasl http://$server:8091/pools/default/buckets; curl --fail -u $auth http://$server:8091/pools/default/buckets/$bucketName"],"resources":{},"volumeMounts":[{"name":"default-token-w6zvn","readOnly":true,"mountPath":"/var/run/secrets/kubernetes.io/serviceaccount"}],"terminationMessagePath":"/dev/termination-log","terminationMessagePolicy":"File","imagePullPolicy":"IfNotPresent","securityContext":{"capabilities":{"drop":["MKNOD"]}}},{"name":"create-bucket-deleteref","image":"byrnedo/alpine-curl","command":["sh","-c","bucketName=com.amdocs.digital.ms.search.search.deletereference; auth=Administrator:Administrator; server=couchbase-service; curl -X DELETE -u $auth http://$server:8091//pools/default/buckets/default; curl --fail -X POST -u $auth -d name=$bucketName -d ramQuotaMB=100 -d authType=sasl http://$server:8091/pools/default/buckets; curl --fail -u $auth http://$server:8091/pools/default/buckets/$bucketName"],"resources":{},"volumeMounts":[{"name":"default-token-w6zvn","readOnly":true,"mountPath":"/var/run/secrets/kubernetes.io/serviceaccount"}],"terminationMessagePath":"/dev/termination-log","terminationMessagePolicy":"File","imagePullPolicy":"IfNotPresent","securityContext":{"capabilities":{"drop":["MKNOD"]}}},{"name":"create-primary-index","image":"byrnedo/alpine-curl","command":["sh","-c","bucketName=com.amdocs.digital.ms.search.search; auth=Administrator:Administrator; server=couchbase-service; curl -X POST -v -u $auth http://$server:8093/query/service -d statement=create%20primary%20index%20on%20%60com.amdocs.digital.ms.search.search%60"],"resources":{},"volumeMounts":[{"name":"default-token-w6zvn","readOnly":true,"mountPath":"/var/run/secrets/kubernetes.io/serviceaccount"}],"terminationMessagePath":"/dev/termination-log","terminationMessagePolicy":"File","imagePullPolicy":"IfNotPresent","securityContext":{"capabilities":{"drop":["MKNOD"]}}},{"name":"create-xdcr-cluster-reference-and-create-elasticsearch-index","image":"byrnedo/alpine-curl","command":["sh","-c","bucketName=com.amdocs.digital.ms.search.search; auth=Administrator:Administrator; server=couchbase-service; esindexname=searchindex; esclustername=ElasticSearch; curl -v -u $auth http://$server:8091/pools/default/remoteClusters -d name=$esclustername -d hostname=elasticsearch-service:9091 \u0026\u0026 curl -XPUT http://elasticsearch-service:9200/$esindexname?pretty \u0026\u0026 curl -v -X POST -u $auth http://$server:8091/controller/createReplication -d fromBucket=$bucket -d toCluster=$esclustername -d toBucket=esindexname -d replicationType=continuous -d type=capi"],"resources":{},"volumeMounts":[{"name":"default-token-w6zvn","readOnly":true,"mountPath":"/var/run/secrets/kubernetes.io/serviceaccount"}],"terminationMessagePath":"/dev/termination-log","terminationMessagePolicy":"File","imagePullPolicy":"IfNotPresent","securityContext":{"capabilities":{"drop":["MKNOD"]}}}],"containers":[{"name":"search-search-service-container","image":"illin5564.corp.amdocs.com:5000/search-search-service:0.1.0-0207","ports":[{"name":"http","containerPort":8080,"protocol":"TCP"},{"name":"jacoco","containerPort":6300,"protocol":"TCP"},{"name":"management","containerPort":18080,"protocol":"TCP"}],"env":[{"name":"KUBERNETES_NAMESPACE","valueFrom":{"fieldRef":{"apiVersion":"v1","fieldPath":"metadata.namespace"}}},{"name":"MSNEXT_JAVA_OPTS","value":"-Dloader.main=com.amdocs.msnext.boot.Boot -Xms1024m -Xmx1024m -XX:MaxRAM=2048m -XX:+UseSerialGC -Dcom.amdocs.msnext.securitya3s.url=http://10.238.196.188:30081/asmServices/services/v1.0"},{"name":"MSNEXT_MODULE_MGT_DISABLE","value":"msnext-customization"},{"name":"MANAGEMENT_PORT","value":"18080"},{"name":"SERVER_PORT","value":"8080"},{"name":"MSNEXT_JACOCO_ENABLE","value":"1"},{"name":"MSNEXT_JACOCO_OPTS","value":"output=tcpserver,address=*,port=6300"}],"resources":{},"volumeMounts":[{"name":"default-token-w6zvn","readOnly":true,"mountPath":"/var/run/secrets/kubernetes.io/serviceaccount"}],"livenessProbe":{"httpGet":{"path":"/health","port":18080,"scheme":"HTTP"},"initialDelaySeconds":900,"timeoutSeconds":10,"periodSeconds":10,"successThreshold":1,"failureThreshold":3},"readinessProbe":{"httpGet":{"path":"/health","port":18080,"scheme":"HTTP"},"initialDelaySeconds":180,"timeoutSeconds":10,"periodSeconds":10,"successThreshold":1,"failureThreshold":3},"terminationMessagePath":"/dev/termination-log","terminationMessagePolicy":"File","imagePullPolicy":"IfNotPresent","securityContext":{"capabilities":{"drop":["MKNOD"]},"privileged":false}}],"restartPolicy":"Always","terminationGracePeriodSeconds":30,"dnsPolicy":"ClusterFirst","nodeSelector":{"region":"work"},"serviceAccountName":"default","serviceAccount":"default","nodeName":"ilocpde01w15.corp.amdocs.com","securityContext":{"seLinuxOptions":{"level":"s0:c15,c10"}},"imagePullSecrets":[{"name":"search-search-ms-secret"}],"schedulerName":"default-scheduler"},"status":{"phase":"Running","conditions":[{"type":"Initialized","status":"True","lastProbeTime":null,"lastTransitionTime":"2018-08-30T05:42:43Z"},{"type":"Ready","status":"True","lastProbeTime":null,"lastTransitionTime":"2018-08-30T05:45:55Z"},{"type":"PodScheduled","status":"True","lastProbeTime":null,"lastTransitionTime":"2018-08-30T05:42:37Z"}],"hostIP":"10.245.250.34","podIP":"10.128.38.230","startTime":"2018-08-30T05:42:37Z","initContainerStatuses":[{"name":"check-couchbase","state":{"terminated":{"exitCode":0,"reason":"Completed","startedAt":"2018-08-30T05:42:39Z","finishedAt":"2018-08-30T05:42:39Z","containerID":"docker://3d73d040d423aa4b856c2fdb086f41332620106b3929081d3c28ea919eff4e62"}},"lastState":{},"ready":true,"restartCount":0,"image":"docker.io/busybox:latest","imageID":"docker-pullable://docker.io/busybox@sha256:141c253bc4c3fd0a201d32dc1f493bcf3fff003b6df416dea4f41046e0f37d47","containerID":"docker://3d73d040d423aa4b856c2fdb086f41332620106b3929081d3c28ea919eff4e62"},{"name":"create-bucket","state":{"terminated":{"exitCode":0,"reason":"Completed","startedAt":"2018-08-30T05:42:40Z","finishedAt":"2018-08-30T05:42:40Z","containerID":"docker://8c6ae21fda1c3856f66d28a59e4ab233cb71df4b783dc319542e1afb43df9d40"}},"lastState":{},"ready":true,"restartCount":0,"image":"docker.io/byrnedo/alpine-curl:latest","imageID":"docker-pullable://docker.io/byrnedo/alpine-curl@sha256:00c64bda2814f95a13ad6a46d6de487dc88f424f2b1f6c62c6dfce36701fe516","containerID":"docker://8c6ae21fda1c3856f66d28a59e4ab233cb71df4b783dc319542e1afb43df9d40"},{"name":"create-bucket-deleteref","state":{"terminated":{"exitCode":0,"reason":"Completed","startedAt":"2018-08-30T05:42:41Z","finishedAt":"2018-08-30T05:42:41Z","containerID":"docker://f2e7480f2049fa0c93d4b1d0b0027b324855cf91ccc3b01b3e8d19d514963022"}},"lastState":{},"ready":true,"restartCount":0,"image":"docker.io/byrnedo/alpine-curl:latest","imageID":"docker-pullable://docker.io/byrnedo/alpine-curl@sha256:00c64bda2814f95a13ad6a46d6de487dc88f424f2b1f6c62c6dfce36701fe516","containerID":"docker://f2e7480f2049fa0c93d4b1d0b0027b324855cf91ccc3b01b3e8d19d514963022"},{"name":"create-primary-index","state":{"terminated":{"exitCode":0,"reason":"Completed","startedAt":"2018-08-30T05:42:42Z","finishedAt":"2018-08-30T05:42:42Z","containerID":"docker://c67f71a02077bf49474a140dab00cf28482fb02a0dcbe56cf713179a3277d501"}},"lastState":{},"ready":true,"restartCount":0,"image":"docker.io/byrnedo/alpine-curl:latest","imageID":"docker-pullable://docker.io/byrnedo/alpine-curl@sha256:00c64bda2814f95a13ad6a46d6de487dc88f424f2b1f6c62c6dfce36701fe516","containerID":"docker://c67f71a02077bf49474a140dab00cf28482fb02a0dcbe56cf713179a3277d501"},{"name":"create-xdcr-cluster-reference-and-create-elasticsearch-index","state":{"terminated":{"exitCode":0,"reason":"Completed","startedAt":"2018-08-30T05:42:43Z","finishedAt":"2018-08-30T05:42:43Z","containerID":"docker://957e1533474e1c1788423286a955a3271e0bc45bb2ccd13ace0dabad91918025"}},"lastState":{},"ready":true,"restartCount":0,"image":"docker.io/byrnedo/alpine-curl:latest","imageID":"docker-pullable://docker.io/byrnedo/alpine-curl@sha256:00c64bda2814f95a13ad6a46d6de487dc88f424f2b1f6c62c6dfce36701fe516","containerID":"docker://957e1533474e1c1788423286a955a3271e0bc45bb2ccd13ace0dabad91918025"}],"containerStatuses":[{"name":"search-search-service-container","state":{"running":{"startedAt":"2018-08-30T05:42:48Z"}},"lastState":{},"ready":true,"restartCount":0,"image":"illin5564.corp.amdocs.com:5000/search-search-service:0.1.0-0207","imageID":"docker-pullable://illin5564.corp.amdocs.com:5000/search-search-service@sha256:cad0882d405052f8e40001149f7ca75722e56901a4fd9917b003ae6f364de907","containerID":"docker://7f9af836fb89835ba4d2c3c5c460fd0b6724b39b8a82f37e12dd8fdcc3406b7c"}],"qosClass":"BestEffort"}},{"metadata":{"name":"tiller-65431584-rcwh6","generateName":"tiller-65431584-","namespace":"care-for-openshift-testing","selfLink":"/api/v1/namespaces/care-for-openshift-testing/pods/tiller-65431584-rcwh6","uid":"ff6b36c9-9975-11e8-b0a8-0050569a340c","resourceVersion":"48310303","creationTimestamp":"2018-08-06T12:41:11Z","labels":{"app":"helm","name":"tiller","pod-template-hash":"65431584"},"annotations":{"openshift.io/scc":"anyuid-no-ps"},"ownerReferences":[{"apiVersion":"extensions/v1beta1","kind":"ReplicaSet","name":"tiller-65431584","uid":"f05b6fb0-8286-11e8-b420-0050569ac01d","controller":true,"blockOwnerDeletion":true}]},"spec":{"volumes":[{"name":"tiller-token-gclsh","secret":{"secretName":"tiller-token-gclsh","defaultMode":420}}],"containers":[{"name":"tiller","image":"gcr.io/kubernetes-helm/tiller:v2.9.1","ports":[{"name":"tiller","containerPort":44134,"protocol":"TCP"}],"env":[{"name":"TILLER_NAMESPACE","valueFrom":{"fieldRef":{"apiVersion":"v1","fieldPath":"metadata.namespace"}}}],"resources":{},"volumeMounts":[{"name":"tiller-token-gclsh","readOnly":true,"mountPath":"/var/run/secrets/kubernetes.io/serviceaccount"}],"livenessProbe":{"httpGet":{"path":"/liveness","port":44135,"scheme":"HTTP"},"timeoutSeconds":1,"periodSeconds":10,"successThreshold":1,"failureThreshold":3},"readinessProbe":{"httpGet":{"path":"/readiness","port":44135,"scheme":"HTTP"},"timeoutSeconds":1,"periodSeconds":10,"successThreshold":1,"failureThreshold":3},"terminationMessagePath":"/dev/termination-log","terminationMessagePolicy":"File","imagePullPolicy":"IfNotPresent","securityContext":{"capabilities":{"drop":["MKNOD"]}}}],"restartPolicy":"Always","terminationGracePeriodSeconds":30,"dnsPolicy":"ClusterFirst","nodeSelector":{"region":"work"},"serviceAccountName":"tiller","serviceAccount":"tiller","nodeName":"ilocpde01w30.corp.amdocs.com","securityContext":{"seLinuxOptions":{"level":"s0:c15,c10"}},"imagePullSecrets":[{"name":"tiller-dockercfg-cw4kn"}],"schedulerName":"default-scheduler"},"status":{"phase":"Running","conditions":[{"type":"Initialized","status":"True","lastProbeTime":null,"lastTransitionTime":"2018-08-06T12:41:10Z"},{"type":"Ready","status":"True","lastProbeTime":null,"lastTransitionTime":"2018-08-06T12:41:52Z"},{"type":"PodScheduled","status":"True","lastProbeTime":null,"lastTransitionTime":"2018-08-06T12:41:11Z"}],"podIP":"10.128.70.22","startTime":"2018-08-06T12:41:10Z","containerStatuses":[{"name":"tiller","state":{"running":{"startedAt":"2018-08-06T12:41:22Z"}},"lastState":{},"ready":true,"restartCount":0,"image":"gcr.io/kubernetes-helm/tiller:v2.9.1","imageID":"docker-pullable://gcr.io/kubernetes-helm/tiller@sha256:417aae19a0709075df9cc87e2fcac599b39d8f73ac95e668d9627fec9d341af2","containerID":"docker://76990ec8df77706ca4f512819cd4d03a1867cd31d9a320270737eec97fb9b02b"}],"qosClass":"BestEffort"}}]}
]]>
            </line>
            <line>
              <![CDATA[</div>]]>
            </line>
            <line>
              <![CDATA[</div>]]>
            </line>
            <line>
              <![CDATA[</div>]]>
            </line>
            <line>
              <![CDATA[</div>]]>
            </line>
            <line>
              <![CDATA[</td>]]>
            </line>
            <line>
              <![CDATA[</tr>]]>
            </line>
            <line>
              <![CDATA[<tr class="table-success"><td colspan="2">Response status: expected=200 actual=200; Value: true</td></tr>]]>
            </line>
            <line>
              <![CDATA[<tr class="table-light"><td colspan="2">account-billingaccount-service:31193</td></tr>]]>
            </line>
            <line>
              <![CDATA[<tr class="table-light"><td colspan="2">asm-services-cloud-service:31766</td></tr>]]>
            </line>
            <line>
              <![CDATA[<tr class="table-light"><td colspan="2">attachment-attachment-service:32689</td></tr>]]>
            </line>
            <line>
              <![CDATA[<tr class="table-light"><td colspan="2">attachment-dmsbridge-service:31835</td></tr>]]>
            </line>
            <line>
              <![CDATA[<tr class="table-light"><td colspan="2">creditprofile-creditevaluatorbridge-service:31419</td></tr>]]>
            </line>
            <line>
              <![CDATA[<tr class="table-light"><td colspan="2">creditprofile-creditprofile-service:31057</td></tr>]]>
            </line>
            <line>
              <![CDATA[<tr class="table-light"><td colspan="2">customer-customer-service:32354</td></tr>]]>
            </line>
            <line>
              <![CDATA[<tr class="table-light"><td colspan="2">customer-customerentity-service:31022</td></tr>]]>
            </line>
            <line>
              <![CDATA[<tr class="table-light"><td colspan="2">financialaccount-financialaccount-service:31973</td></tr>]]>
            </line>
            <line>
              <![CDATA[<tr class="table-light"><td colspan="2">geographicaddress-geographicaddress-service:30620</td></tr>]]>
            </line>
            <line>
              <![CDATA[<tr class="table-light"><td colspan="2">geographicaddress-geographicaddressbridge-service:32543</td></tr>]]>
            </line>
            <line>
              <![CDATA[<tr class="table-light"><td colspan="2">party-attachment-service:31758</td></tr>]]>
            </line>
            <line>
              <![CDATA[<tr class="table-light"><td colspan="2">party-individual-service:30261</td></tr>]]>
            </line>
            <line>
              <![CDATA[<tr class="table-light"><td colspan="2">partyinteraction-attachment-service:32286</td></tr>]]>
            </line>
            <line>
              <![CDATA[<tr class="table-light"><td colspan="2">partyinteraction-partyinteraction-service:31716</td></tr>]]>
            </line>
            <line>
              <![CDATA[<tr class="table-light"><td colspan="2">paymentmethod-paymentmethod-service:32427</td></tr>]]>
            </line>
            <line>
              <![CDATA[<tr class="table-light"><td colspan="2">scheduler-task-service:32558</td></tr>]]>
            </line>
            <line>
              <![CDATA[<tr class="table-light"><td colspan="2">search-search-service:30822</td></tr>]]>
            </line>
            <line>
              <![CDATA[<tr class="table-light"><td colspan="2">OpenShift Master: ilocpde01-master.corp.amdocs.com k8shost: ilocpde01w26.corp.amdocs.com</td></tr>]]>
            </line>
            <line>
              <![CDATA[<tr class="table-light"><td colspan="2">Creating map for oc-cd-1017-pranavd-pd</td></tr>]]>
            </line>
            <line>
              <![CDATA[<tr class="table-info"><td class="text-dark font-weight-bold">Request Type </td><td class="" >GET</td></tr>]]>
            </line>
            <line>
              <![CDATA[<tr><td class="text-dark font-weight-bold">URI </td><td class="" > https://ilocpde01-master.corp.amdocs.com:8443/api/v1/namespaces/oc-cd-1017-pranavd-pd/services </td></tr>]]>
            </line>
            <line>
              <![CDATA[<tr><td class="text-dark font-weight-bold" colspan="2">Headers : </td></tr>]]>
            </line>
            <line>
              <![CDATA[<tr>]]>
            </line>
            <line>
              <![CDATA[<td class="text-dark font-weight-bold" >Authorization :</td>]]>
            </line>
            <line>
              <![CDATA[<td class="" >]]>
            </line>
            <line>
              <![CDATA[<a href="" class="alert-link" data-toggle="modal" data-target="#rest_assured_logger_modal_value_7">Show</a>]]>
            </line>
            <line>
              <![CDATA[<div class="modal fade"  id="rest_assured_logger_modal_value_7" tabindex="-1" role="dialog">]]>
            </line>
            <line>
              <![CDATA[<div class="modal-dialog" role="document">]]>
            </line>
            <line>
              <![CDATA[<div class="modal-content">]]>
            </line>
            <line>
              <![CDATA[<div class="modal-header text-white bg-info">]]>
            </line>
            <line>
              <![CDATA[<h5 class="modal-title" id="title1">Authorization</h5>]]>
            </line>
            <line>
              <![CDATA[<span class="h6 text-light ml-2 mt-2">(click on the Text to copy)</span>]]>
            </line>
            <line>
              <![CDATA[<button type="button" class="close" data-dismiss="modal" aria-label="Close">]]>
            </line>
            <line>
              <![CDATA[<span aria-hidden="true">&times;</span>]]>
            </line>
            <line>
              <![CDATA[</button>]]>
            </line>
            <line>
              <![CDATA[</div>]]>
            </line>
            <line>
              <![CDATA[<div onClick="copyMePlease(this)" class="modal-body">]]>
            </line>
            <line>
              <![CDATA[Bearer eyJhbGciOiJSUzI1NiIsInR5cCI6IkpXVCJ9.eyJpc3MiOiJrdWJlcm5ldGVzL3NlcnZpY2VhY2NvdW50Iiwia3ViZXJuZXRlcy5pby9zZXJ2aWNlYWNjb3VudC9uYW1lc3BhY2UiOiJvYy1jZC0xMDE3LXByYW5hdmQtcGQiLCJrdWJlcm5ldGVzLmlvL3NlcnZpY2VhY2NvdW50L3NlY3JldC5uYW1lIjoiZml0LXNhLXRva2VuLTRsdzZtIiwia3ViZXJuZXRlcy5pby9zZXJ2aWNlYWNjb3VudC9zZXJ2aWNlLWFjY291bnQubmFtZSI6ImZpdC1zYSIsImt1YmVybmV0ZXMuaW8vc2VydmljZWFjY291bnQvc2VydmljZS1hY2NvdW50LnVpZCI6IjljYzViYmMxLWI3MjEtMTFlOC1iYjg2LTAwNTA1NjlhODg3YyIsInN1YiI6InN5c3RlbTpzZXJ2aWNlYWNjb3VudDpvYy1jZC0xMDE3LXByYW5hdmQtcGQ6Zml0LXNhIn0.KMmKTeThNBXz_F_aqQoUpcSw1eXkrR4xr7tITRdfs2IDTLfXzxGfYk9fOni2zyhlVH7lx9mB94bVkI2zWqa7cjR9z1DEW7OxPFq1XQ11yspYFG3tOi0NdNeaD66XB9TIbGEwbQYl92ZDsy5y3eD5echit18B52IMq8nvaNvTNXESzdGqsxtBMnNpUhtYUZy5xgasoKUwTR34rg91XgeZagjVsH2FJ8R7gIB9fXg8-IR4ZatJitxo40caTeHkGUvjI5aGADQCzytee87Yq6fAeXRb9sZcFUFmJkqf7OLl1FQkH41UG3zjfqtc00mNCzpXEVVbuqiw4ghZYNnh1tPJQA]]>
            </line>
            <line>
              <![CDATA[</div>]]>
            </line>
            <line>
              <![CDATA[</div>]]>
            </line>
            <line>
              <![CDATA[</div>]]>
            </line>
            <line>
              <![CDATA[</div>]]>
            </line>
            <line>
              <![CDATA[</td>]]>
            </line>
            <line>
              <![CDATA[</tr>]]>
            </line>
            <line>
              <![CDATA[<tr>]]>
            </line>
            <line>
              <![CDATA[<td class="text-dark font-weight-bold" >Payload :</td>]]>
            </line>
            <line>
              <![CDATA[<td class="" >]]>
            </line>
            <line>
              <![CDATA[<a href="" class="alert-link" data-toggle="modal" data-target="#rest_assured_logger_modal_value_8">Show</a>]]>
            </line>
            <line>
              <![CDATA[<div class="modal fade"  id="rest_assured_logger_modal_value_8" tabindex="-1" role="dialog">]]>
            </line>
            <line>
              <![CDATA[<div class="modal-dialog" role="document">]]>
            </line>
            <line>
              <![CDATA[<div class="modal-content">]]>
            </line>
            <line>
              <![CDATA[<div class="modal-header text-white bg-info">]]>
            </line>
            <line>
              <![CDATA[<h5 class="modal-title" id="title1">Payload</h5>]]>
            </line>
            <line>
              <![CDATA[<span class="h6 text-light ml-2 mt-2">(click on the Text to copy)</span>]]>
            </line>
            <line>
              <![CDATA[<button type="button" class="close" data-dismiss="modal" aria-label="Close">]]>
            </line>
            <line>
              <![CDATA[<span aria-hidden="true">&times;</span>]]>
            </line>
            <line>
              <![CDATA[</button>]]>
            </line>
            <line>
              <![CDATA[</div>]]>
            </line>
            <line>
              <![CDATA[<div onClick="copyMePlease(this)" class="modal-body">]]>
            </line>
            <line>
              <![CDATA[None]]>
            </line>
            <line>
              <![CDATA[</div>]]>
            </line>
            <line>
              <![CDATA[</div>]]>
            </line>
            <line>
              <![CDATA[</div>]]>
            </line>
            <line>
              <![CDATA[</div>]]>
            </line>
            <line>
              <![CDATA[</td>]]>
            </line>
            <line>
              <![CDATA[</tr>]]>
            </line>
            <line>
              <![CDATA[<tr>]]>
            </line>
            <line>
              <![CDATA[<td class="text-dark font-weight-bold" >Response Header :</td>]]>
            </line>
            <line>
              <![CDATA[<td class="" >]]>
            </line>
            <line>
              <![CDATA[<a href="" class="alert-link" data-toggle="modal" data-target="#modal_value_3">Show</a>]]>
            </line>
            <line>
              <![CDATA[<div class="modal fade"  id="modal_value_3" tabindex="-1" role="dialog">]]>
            </line>
            <line>
              <![CDATA[<div class="modal-dialog" role="document">]]>
            </line>
            <line>
              <![CDATA[<div class="modal-content">]]>
            </line>
            <line>
              <![CDATA[<div class="modal-header text-white bg-info">]]>
            </line>
            <line>
              <![CDATA[<h5 class="modal-title" id="title1">Response Header</h5>]]>
            </line>
            <line>
              <![CDATA[<span class="h6 text-light ml-2 mt-2">(click on the Text to copy)</span>]]>
            </line>
            <line>
              <![CDATA[<button type="button" class="close" data-dismiss="modal" aria-label="Close">]]>
            </line>
            <line>
              <![CDATA[<span aria-hidden="true">&times;</span>]]>
            </line>
            <line>
              <![CDATA[</button>]]>
            </line>
            <line>
              <![CDATA[</div>]]>
            </line>
            <line>
              <![CDATA[<div onClick="copyMePlease(this)" class="modal-body">]]>
            </line>
            <line>
              <![CDATA[Cache-Control=no-store
	Content-Type=application/json
	Date=Tue, 18 Sep 2018 09:40:39 GMT
	Transfer-Encoding=chunked]]>
            </line>
            <line>
              <![CDATA[</div>]]>
            </line>
            <line>
              <![CDATA[</div>]]>
            </line>
            <line>
              <![CDATA[</div>]]>
            </line>
            <line>
              <![CDATA[</div>]]>
            </line>
            <line>
              <![CDATA[</td>]]>
            </line>
            <line>
              <![CDATA[</tr>]]>
            </line>
            <line>
              <![CDATA[<tr>]]>
            </line>
            <line>
              <![CDATA[<td class="text-dark font-weight-bold" >Response :</td>]]>
            </line>
            <line>
              <![CDATA[<td class="" >]]>
            </line>
            <line>
              <![CDATA[<a href="" class="alert-link" data-toggle="modal" data-target="#rest_assured_logger_modal_value_9">Show</a>]]>
            </line>
            <line>
              <![CDATA[<div class="modal fade"  id="rest_assured_logger_modal_value_9" tabindex="-1" role="dialog">]]>
            </line>
            <line>
              <![CDATA[<div class="modal-dialog" role="document">]]>
            </line>
            <line>
              <![CDATA[<div class="modal-content">]]>
            </line>
            <line>
              <![CDATA[<div class="modal-header text-white bg-info">]]>
            </line>
            <line>
              <![CDATA[<h5 class="modal-title" id="title1">Response</h5>]]>
            </line>
            <line>
              <![CDATA[<span class="h6 text-light ml-2 mt-2">(click on the Text to copy)</span>]]>
            </line>
            <line>
              <![CDATA[<button type="button" class="close" data-dismiss="modal" aria-label="Close">]]>
            </line>
            <line>
              <![CDATA[<span aria-hidden="true">&times;</span>]]>
            </line>
            <line>
              <![CDATA[</button>]]>
            </line>
            <line>
              <![CDATA[</div>]]>
            </line>
            <line>
              <![CDATA[<div onClick="copyMePlease(this)" class="modal-body">]]>
            </line>
            <line>
              <![CDATA[{"kind":"ServiceList","apiVersion":"v1","metadata":{"selfLink":"/api/v1/namespaces/oc-cd-1017-pranavd-pd/services","resourceVersion":"69531565"},"items":[{"metadata":{"name":"asm-services-cloud-service","namespace":"oc-cd-1017-pranavd-pd","selfLink":"/api/v1/namespaces/oc-cd-1017-pranavd-pd/services/asm-services-cloud-service","uid":"9d970868-b721-11e8-bb86-0050569a887c","resourceVersion":"66120857","creationTimestamp":"2018-09-13T06:52:44Z","labels":{"projectexportable":"No"},"annotations":{"kubectl.kubernetes.io/last-applied-configuration":"{\"apiVersion\":\"v1\",\"kind\":\"Service\",\"metadata\":{\"annotations\":{},\"labels\":{\"projectexportable\":\"No\"},\"name\":\"asm-services-cloud-service\",\"namespace\":\"oc-cd-1017-pranavd-pd\"},\"spec\":{\"ports\":[{\"name\":\"a3s-port\",\"port\":9191,\"protocol\":\"TCP\",\"targetPort\":9191}],\"selector\":{},\"type\":\"NodePort\"}}\n"}},"spec":{"ports":[{"name":"a3s-port","protocol":"TCP","port":9191,"targetPort":9191,"nodePort":30525}],"clusterIP":"172.30.132.4","type":"NodePort","sessionAffinity":"None","externalTrafficPolicy":"Cluster"},"status":{"loadBalancer":{}}},{"metadata":{"name":"authoring-command-service","namespace":"oc-cd-1017-pranavd-pd","selfLink":"/api/v1/namespaces/oc-cd-1017-pranavd-pd/services/authoring-command-service","uid":"a5982b57-b721-11e8-bb86-0050569a887c","resourceVersion":"66122189","creationTimestamp":"2018-09-13T06:52:57Z","labels":{"app":"authoring-command-service","prometheus":"amdocs-prometheus","release":"authoring-release"},"annotations":{"kubectl.kubernetes.io/last-applied-configuration":"{\"apiVersion\":\"v1\",\"kind\":\"Service\",\"metadata\":{\"annotations\":{},\"creationTimestamp\":null,\"labels\":{\"app\":\"authoring-command-service\",\"prometheus\":\"amdocs-prometheus\",\"release\":\"authoring-release\"},\"name\":\"authoring-command-service\",\"namespace\":\"oc-cd-1017-pranavd-pd\"},\"spec\":{\"externalTrafficPolicy\":\"Cluster\",\"ports\":[{\"name\":\"server\",\"port\":8080,\"protocol\":\"TCP\",\"targetPort\":\"server\"},{\"name\":\"management\",\"port\":8081,\"protocol\":\"TCP\",\"targetPort\":\"management\"},{\"name\":\"metrics\",\"port\":5555,\"protocol\":\"TCP\",\"targetPort\":\"metrics\"},{\"name\":\"debug\",\"port\":5005,\"protocol\":\"TCP\",\"targetPort\":\"debug\"}],\"selector\":{\"app\":\"authoring-command-service\",\"group\":\"com.amdocs.catalogone\",\"release\":\"authoring-release\"},\"sessionAffinity\":\"None\",\"type\":\"NodePort\"},\"status\":{\"loadBalancer\":{}}}\n"}},"spec":{"ports":[{"name":"server","protocol":"TCP","port":8080,"targetPort":"server","nodePort":32756},{"name":"management","protocol":"TCP","port":8081,"targetPort":"management","nodePort":34396},{"name":"metrics","protocol":"TCP","port":5555,"targetPort":"metrics","nodePort":30125},{"name":"debug","protocol":"TCP","port":5005,"targetPort":"debug","nodePort":31706}],"selector":{"app":"authoring-command-service","group":"com.amdocs.catalogone","release":"authoring-release"},"clusterIP":"172.30.205.120","type":"NodePort","sessionAffinity":"None","externalTrafficPolicy":"Cluster"},"status":{"loadBalancer":{}}},{"metadata":{"name":"business-request-service","namespace":"oc-cd-1017-pranavd-pd","selfLink":"/api/v1/namespaces/oc-cd-1017-pranavd-pd/services/business-request-service","uid":"a5c538d3-b721-11e8-bb86-0050569a887c","resourceVersion":"66122216","creationTimestamp":"2018-09-13T06:52:57Z","labels":{"app":"business-request-service","chart":"business-request-service-1.6.0","prometheus":"amdocs-prometheus","release":"business-request-release"},"annotations":{"kubectl.kubernetes.io/last-applied-configuration":"{\"apiVersion\":\"v1\",\"kind\":\"Service\",\"metadata\":{\"annotations\":{},\"creationTimestamp\":null,\"labels\":{\"app\":\"business-request-service\",\"chart\":\"business-request-service-1.6.0\",\"prometheus\":\"amdocs-prometheus\",\"release\":\"business-request-release\"},\"name\":\"business-request-service\",\"namespace\":\"oc-cd-1017-pranavd-pd\"},\"spec\":{\"externalTrafficPolicy\":\"Cluster\",\"ports\":[{\"name\":\"server\",\"port\":8080,\"protocol\":\"TCP\",\"targetPort\":\"server\"},{\"name\":\"management\",\"port\":8081,\"protocol\":\"TCP\",\"targetPort\":\"management\"},{\"name\":\"metrics\",\"port\":5555,\"protocol\":\"TCP\",\"targetPort\":\"metrics\"},{\"name\":\"debug\",\"port\":5005,\"protocol\":\"TCP\",\"targetPort\":\"debug\"}],\"selector\":{\"app\":\"business-request-service\",\"group\":\"com.amdocs.catalogone\",\"provider\":\"amdocs\",\"release\":\"business-request-release\"},\"sessionAffinity\":\"None\",\"type\":\"NodePort\"},\"status\":{\"loadBalancer\":{}}}\n"}},"spec":{"ports":[{"name":"server","protocol":"TCP","port":8080,"targetPort":"server","nodePort":34944},{"name":"management","protocol":"TCP","port":8081,"targetPort":"management","nodePort":31125},{"name":"metrics","protocol":"TCP","port":5555,"targetPort":"metrics","nodePort":33735},{"name":"debug","protocol":"TCP","port":5005,"targetPort":"debug","nodePort":31277}],"selector":{"app":"business-request-service","group":"com.amdocs.catalogone","provider":"amdocs","release":"business-request-release"},"clusterIP":"172.30.95.193","type":"NodePort","sessionAffinity":"None","externalTrafficPolicy":"Cluster"},"status":{"loadBalancer":{}}},{"metadata":{"name":"business-validation-service","namespace":"oc-cd-1017-pranavd-pd","selfLink":"/api/v1/namespaces/oc-cd-1017-pranavd-pd/services/business-validation-service","uid":"a5e0406e-b721-11e8-bb86-0050569a887c","resourceVersion":"66122230","creationTimestamp":"2018-09-13T06:52:57Z","labels":{"app":"business-validation-service","chart":"business-validation-service-1.2.1","heritage":"Tiller","monitored":"prometheus","monitoring":"prometheus","prometheus":"amdocs-prometheus","release":"business-validation-release"},"annotations":{"kubectl.kubernetes.io/last-applied-configuration":"{\"apiVersion\":\"v1\",\"kind\":\"Service\",\"metadata\":{\"annotations\":{},\"creationTimestamp\":null,\"labels\":{\"app\":\"business-validation-service\",\"chart\":\"business-validation-service-1.2.1\",\"heritage\":\"Tiller\",\"monitored\":\"prometheus\",\"monitoring\":\"prometheus\",\"prometheus\":\"amdocs-prometheus\",\"release\":\"business-validation-release\"},\"name\":\"business-validation-service\",\"namespace\":\"oc-cd-1017-pranavd-pd\"},\"spec\":{\"externalTrafficPolicy\":\"Cluster\",\"ports\":[{\"name\":\"server\",\"port\":8080,\"protocol\":\"TCP\",\"targetPort\":8080},{\"name\":\"management\",\"port\":8081,\"protocol\":\"TCP\",\"targetPort\":8081},{\"name\":\"metrics\",\"port\":5555,\"protocol\":\"TCP\",\"targetPort\":\"metrics\"},{\"name\":\"debug\",\"port\":5005,\"protocol\":\"TCP\",\"targetPort\":\"debug\"}],\"selector\":{\"app\":\"business-validation-service\",\"group\":\"com.amdocs.catalogone\",\"provider\":\"amdocs\",\"release\":\"business-validation-release\"},\"sessionAffinity\":\"None\",\"type\":\"NodePort\"},\"status\":{\"loadBalancer\":{}}}\n"}},"spec":{"ports":[{"name":"server","protocol":"TCP","port":8080,"targetPort":8080,"nodePort":31296},{"name":"management","protocol":"TCP","port":8081,"targetPort":8081,"nodePort":31632},{"name":"metrics","protocol":"TCP","port":5555,"targetPort":"metrics","nodePort":34704},{"name":"debug","protocol":"TCP","port":5005,"targetPort":"debug","nodePort":31133}],"selector":{"app":"business-validation-service","group":"com.amdocs.catalogone","provider":"amdocs","release":"business-validation-release"},"clusterIP":"172.30.178.236","type":"NodePort","sessionAffinity":"None","externalTrafficPolicy":"Cluster"},"status":{"loadBalancer":{}}},{"metadata":{"name":"cartitemaccessor-service","namespace":"oc-cd-1017-pranavd-pd","selfLink":"/api/v1/namespaces/oc-cd-1017-pranavd-pd/services/cartitemaccessor-service","uid":"a5f0cde0-b721-11e8-bb86-0050569a887c","resourceVersion":"66122240","creationTimestamp":"2018-09-13T06:52:58Z","labels":{"chart":"cartitemaccessor-0.1.1-0015","expose":"true","microservice":"cartitemaccessor","monitored":"prometheus","monitoring":"prometheus","project":"cartitemaccessor","provider":"amdocs","release":"cartitemaccessor-release"},"annotations":{"fabric8.io/iconUrl":"img/icons/spring-boot.svg","kubectl.kubernetes.io/last-applied-configuration":"{\"apiVersion\":\"v1\",\"kind\":\"Service\",\"metadata\":{\"annotations\":{\"fabric8.io/iconUrl\":\"img/icons/spring-boot.svg\"},\"creationTimestamp\":null,\"labels\":{\"chart\":\"cartitemaccessor-0.1.1-0015\",\"expose\":\"true\",\"microservice\":\"cartitemaccessor\",\"monitored\":\"prometheus\",\"monitoring\":\"prometheus\",\"project\":\"cartitemaccessor\",\"provider\":\"amdocs\",\"release\":\"cartitemaccessor-release\"},\"name\":\"cartitemaccessor-service\",\"namespace\":\"oc-cd-1017-pranavd-pd\"},\"spec\":{\"externalTrafficPolicy\":\"Cluster\",\"ports\":[{\"name\":\"http\",\"port\":8080,\"protocol\":\"TCP\",\"targetPort\":8080},{\"name\":\"https\",\"port\":8443,\"protocol\":\"TCP\",\"targetPort\":\"https\"},{\"name\":\"metrics\",\"port\":5555,\"protocol\":\"TCP\",\"targetPort\":\"metrics\"}],\"selector\":{\"microservice\":\"cartitemaccessor\",\"project\":\"cartitemaccessor\",\"provider\":\"amdocs\",\"release\":\"cartitemaccessor-release\"},\"sessionAffinity\":\"None\",\"type\":\"NodePort\"},\"status\":{\"loadBalancer\":{}}}\n"}},"spec":{"ports":[{"name":"http","protocol":"TCP","port":8080,"targetPort":8080,"nodePort":31134},{"name":"https","protocol":"TCP","port":8443,"targetPort":"https","nodePort":35420},{"name":"metrics","protocol":"TCP","port":5555,"targetPort":"metrics","nodePort":30705}],"selector":{"microservice":"cartitemaccessor","project":"cartitemaccessor","provider":"amdocs","release":"cartitemaccessor-release"},"clusterIP":"172.30.64.109","type":"NodePort","sessionAffinity":"None","externalTrafficPolicy":"Cluster"},"status":{"loadBalancer":{}}},{"metadata":{"name":"catalog1-couchbase-service","namespace":"oc-cd-1017-pranavd-pd","selfLink":"/api/v1/namespaces/oc-cd-1017-pranavd-pd/services/catalog1-couchbase-service","uid":"9d7ea791-b721-11e8-bb86-0050569a887c","resourceVersion":"66120852","creationTimestamp":"2018-09-13T06:52:43Z","labels":{"projectexportable":"No"},"annotations":{"kubectl.kubernetes.io/last-applied-configuration":"{\"apiVersion\":\"v1\",\"kind\":\"Service\",\"metadata\":{\"annotations\":{},\"labels\":{\"projectexportable\":\"No\"},\"name\":\"catalog1-couchbase-service\",\"namespace\":\"oc-cd-1017-pranavd-pd\"},\"spec\":{\"ports\":[{\"name\":\"cb\",\"nodePort\":0,\"port\":8091,\"protocol\":\"TCP\",\"targetPort\":8091},{\"name\":\"cb-views\",\"nodePort\":0,\"port\":8092,\"protocol\":\"TCP\",\"targetPort\":8092},{\"name\":\"cb-query\",\"nodePort\":0,\"port\":8093,\"protocol\":\"TCP\",\"targetPort\":8093},{\"name\":\"cb-ftsearch\",\"nodePort\":0,\"port\":8094,\"protocol\":\"TCP\",\"targetPort\":8094},{\"name\":\"cb-sc\",\"nodePort\":0,\"port\":11210,\"protocol\":\"TCP\",\"targetPort\":11210},{\"name\":\"cb-scssl\",\"nodePort\":0,\"port\":11207,\"protocol\":\"TCP\",\"targetPort\":11207},{\"name\":\"cb-https\",\"nodePort\":0,\"port\":18091,\"protocol\":\"TCP\",\"targetPort\":18091},{\"name\":\"cb-viewsssl\",\"nodePort\":0,\"port\":18092,\"protocol\":\"TCP\",\"targetPort\":18092},{\"name\":\"cb-queryssl\",\"nodePort\":0,\"port\":18093,\"protocol\":\"TCP\",\"targetPort\":18093}],\"selector\":{}}}\n"}},"spec":{"ports":[{"name":"cb","protocol":"TCP","port":8091,"targetPort":8091},{"name":"cb-views","protocol":"TCP","port":8092,"targetPort":8092},{"name":"cb-query","protocol":"TCP","port":8093,"targetPort":8093},{"name":"cb-ftsearch","protocol":"TCP","port":8094,"targetPort":8094},{"name":"cb-sc","protocol":"TCP","port":11210,"targetPort":11210},{"name":"cb-scssl","protocol":"TCP","port":11207,"targetPort":11207},{"name":"cb-https","protocol":"TCP","port":18091,"targetPort":18091},{"name":"cb-viewsssl","protocol":"TCP","port":18092,"targetPort":18092},{"name":"cb-queryssl","protocol":"TCP","port":18093,"targetPort":18093}],"clusterIP":"172.30.200.91","type":"ClusterIP","sessionAffinity":"None"},"status":{"loadBalancer":{}}},{"metadata":{"name":"couchbase-service","namespace":"oc-cd-1017-pranavd-pd","selfLink":"/api/v1/namespaces/oc-cd-1017-pranavd-pd/services/couchbase-service","uid":"9d6e4229-b721-11e8-bb86-0050569a887c","resourceVersion":"66120847","creationTimestamp":"2018-09-13T06:52:43Z","labels":{"projectexportable":"No"},"annotations":{"kubectl.kubernetes.io/last-applied-configuration":"{\"apiVersion\":\"v1\",\"kind\":\"Service\",\"metadata\":{\"annotations\":{},\"labels\":{\"projectexportable\":\"No\"},\"name\":\"couchbase-service\",\"namespace\":\"oc-cd-1017-pranavd-pd\"},\"spec\":{\"ports\":[{\"name\":\"cb\",\"nodePort\":0,\"port\":8091,\"protocol\":\"TCP\",\"targetPort\":8091},{\"name\":\"cb-views\",\"nodePort\":0,\"port\":8092,\"protocol\":\"TCP\",\"targetPort\":8092},{\"name\":\"cb-query\",\"nodePort\":0,\"port\":8093,\"protocol\":\"TCP\",\"targetPort\":8093},{\"name\":\"cb-ftsearch\",\"nodePort\":0,\"port\":8094,\"protocol\":\"TCP\",\"targetPort\":8094},{\"name\":\"cb-sc\",\"nodePort\":0,\"port\":11210,\"protocol\":\"TCP\",\"targetPort\":11210},{\"name\":\"cb-scssl\",\"nodePort\":0,\"port\":11207,\"protocol\":\"TCP\",\"targetPort\":11207},{\"name\":\"cb-https\",\"nodePort\":0,\"port\":18091,\"protocol\":\"TCP\",\"targetPort\":18091},{\"name\":\"cb-viewsssl\",\"nodePort\":0,\"port\":18092,\"protocol\":\"TCP\",\"targetPort\":18092},{\"name\":\"cb-queryssl\",\"nodePort\":0,\"port\":18093,\"protocol\":\"TCP\",\"targetPort\":18093}],\"selector\":{}}}\n"}},"spec":{"ports":[{"name":"cb","protocol":"TCP","port":8091,"targetPort":8091},{"name":"cb-views","protocol":"TCP","port":8092,"targetPort":8092},{"name":"cb-query","protocol":"TCP","port":8093,"targetPort":8093},{"name":"cb-ftsearch","protocol":"TCP","port":8094,"targetPort":8094},{"name":"cb-sc","protocol":"TCP","port":11210,"targetPort":11210},{"name":"cb-scssl","protocol":"TCP","port":11207,"targetPort":11207},{"name":"cb-https","protocol":"TCP","port":18091,"targetPort":18091},{"name":"cb-viewsssl","protocol":"TCP","port":18092,"targetPort":18092},{"name":"cb-queryssl","protocol":"TCP","port":18093,"targetPort":18093}],"clusterIP":"172.30.53.22","type":"ClusterIP","sessionAffinity":"None"},"status":{"loadBalancer":{}}},{"metadata":{"name":"customeraccessor-service","namespace":"oc-cd-1017-pranavd-pd","selfLink":"/api/v1/namespaces/oc-cd-1017-pranavd-pd/services/customeraccessor-service","uid":"a612b60b-b721-11e8-bb86-0050569a887c","resourceVersion":"66122259","creationTimestamp":"2018-09-13T06:52:58Z","labels":{"chart":"customeraccessor-0.1.1-0015","expose":"true","group":"com.amdocs.digital.ms.customeraccessor","microservice":"customeraccessor","monitored":"prometheus","monitoring":"prometheus","project":"customeraccessor-service","provider":"amdocs","release":"customeraccessor-release"},"annotations":{"fabric8.io/iconUrl":"img/icons/spring-boot.svg","kubectl.kubernetes.io/last-applied-configuration":"{\"apiVersion\":\"v1\",\"kind\":\"Service\",\"metadata\":{\"annotations\":{\"fabric8.io/iconUrl\":\"img/icons/spring-boot.svg\"},\"creationTimestamp\":null,\"labels\":{\"chart\":\"customeraccessor-0.1.1-0015\",\"expose\":\"true\",\"group\":\"com.amdocs.digital.ms.customeraccessor\",\"microservice\":\"customeraccessor\",\"monitored\":\"prometheus\",\"monitoring\":\"prometheus\",\"project\":\"customeraccessor-service\",\"provider\":\"amdocs\",\"release\":\"customeraccessor-release\"},\"name\":\"customeraccessor-service\",\"namespace\":\"oc-cd-1017-pranavd-pd\"},\"spec\":{\"externalTrafficPolicy\":\"Cluster\",\"ports\":[{\"name\":\"http\",\"port\":8080,\"protocol\":\"TCP\",\"targetPort\":8080},{\"name\":\"management\",\"port\":18080,\"protocol\":\"TCP\",\"targetPort\":18080},{\"name\":\"metrics\",\"port\":5555,\"protocol\":\"TCP\",\"targetPort\":\"metrics\"},{\"name\":\"https\",\"port\":8443,\"protocol\":\"TCP\",\"targetPort\":8443}],\"selector\":{\"group\":\"com.amdocs.digital.ms.customeraccessor\",\"microservice\":\"customeraccessor\",\"project\":\"customeraccessor-service\",\"provider\":\"amdocs\",\"release\":\"customeraccessor-release\"},\"sessionAffinity\":\"None\",\"type\":\"NodePort\"},\"status\":{\"loadBalancer\":{}}}\n"}},"spec":{"ports":[{"name":"http","protocol":"TCP","port":8080,"targetPort":8080,"nodePort":32678},{"name":"management","protocol":"TCP","port":18080,"targetPort":18080,"nodePort":32076},{"name":"metrics","protocol":"TCP","port":5555,"targetPort":"metrics","nodePort":30706},{"name":"https","protocol":"TCP","port":8443,"targetPort":8443,"nodePort":34471}],"selector":{"group":"com.amdocs.digital.ms.customeraccessor","microservice":"customeraccessor","project":"customeraccessor-service","provider":"amdocs","release":"customeraccessor-release"},"clusterIP":"172.30.88.12","type":"NodePort","sessionAffinity":"None","externalTrafficPolicy":"Cluster"},"status":{"loadBalancer":{}}},{"metadata":{"name":"digitalexp-api-service","namespace":"oc-cd-1017-pranavd-pd","selfLink":"/api/v1/namespaces/oc-cd-1017-pranavd-pd/services/digitalexp-api-service","uid":"a6276347-b721-11e8-bb86-0050569a887c","resourceVersion":"66122275","creationTimestamp":"2018-09-13T06:52:58Z","labels":{"chart":"digitalexp-api-0.1.1-0102","expose":"true","microservice":"digitalexp-api","project":"digitalexp-api","provider":"amdocs","release":"digitalexpapi-release"},"annotations":{"fabric8.io/iconUrl":"img/icons/spring-boot.svg","kubectl.kubernetes.io/last-applied-configuration":"{\"apiVersion\":\"v1\",\"kind\":\"Service\",\"metadata\":{\"annotations\":{\"fabric8.io/iconUrl\":\"img/icons/spring-boot.svg\"},\"creationTimestamp\":null,\"labels\":{\"chart\":\"digitalexp-api-0.1.1-0102\",\"expose\":\"true\",\"microservice\":\"digitalexp-api\",\"project\":\"digitalexp-api\",\"provider\":\"amdocs\",\"release\":\"digitalexpapi-release\"},\"name\":\"digitalexp-api-service\",\"namespace\":\"oc-cd-1017-pranavd-pd\"},\"spec\":{\"externalTrafficPolicy\":\"Cluster\",\"ports\":[{\"name\":\"http\",\"port\":8080,\"protocol\":\"TCP\",\"targetPort\":8080},{\"name\":\"metrics\",\"port\":5555,\"protocol\":\"TCP\",\"targetPort\":\"metrics\"}],\"selector\":{\"microservice\":\"digitalexp-api\",\"project\":\"digitalexp-api\",\"provider\":\"amdocs\",\"release\":\"digitalexpapi-release\"},\"sessionAffinity\":\"None\",\"type\":\"NodePort\"},\"status\":{\"loadBalancer\":{}}}\n"}},"spec":{"ports":[{"name":"http","protocol":"TCP","port":8080,"targetPort":8080,"nodePort":32773},{"name":"metrics","protocol":"TCP","port":5555,"targetPort":"metrics","nodePort":31147}],"selector":{"microservice":"digitalexp-api","project":"digitalexp-api","provider":"amdocs","release":"digitalexpapi-release"},"clusterIP":"172.30.8.121","type":"NodePort","sessionAffinity":"None","externalTrafficPolicy":"Cluster"},"status":{"loadBalancer":{}}},{"metadata":{"name":"dispatcher-service","namespace":"oc-cd-1017-pranavd-pd","selfLink":"/api/v1/namespaces/oc-cd-1017-pranavd-pd/services/dispatcher-service","uid":"a6407ce8-b721-11e8-bb86-0050569a887c","resourceVersion":"66122289","creationTimestamp":"2018-09-13T06:52:58Z","labels":{"app":"dispatcher-service","chart":"dispatcher-service-1.5.0","prometheus":"amdocs-prometheus","release":"dispatcher-service-release"},"annotations":{"kubectl.kubernetes.io/last-applied-configuration":"{\"apiVersion\":\"v1\",\"kind\":\"Service\",\"metadata\":{\"annotations\":{},\"creationTimestamp\":null,\"labels\":{\"app\":\"dispatcher-service\",\"chart\":\"dispatcher-service-1.5.0\",\"prometheus\":\"amdocs-prometheus\",\"release\":\"dispatcher-service-release\"},\"name\":\"dispatcher-service\",\"namespace\":\"oc-cd-1017-pranavd-pd\"},\"spec\":{\"externalTrafficPolicy\":\"Cluster\",\"ports\":[{\"name\":\"server\",\"port\":8080,\"protocol\":\"TCP\",\"targetPort\":\"server\"},{\"name\":\"management\",\"port\":8081,\"protocol\":\"TCP\",\"targetPort\":\"management\"},{\"name\":\"metrics\",\"port\":5555,\"protocol\":\"TCP\",\"targetPort\":\"metrics\"},{\"name\":\"debug\",\"port\":5005,\"protocol\":\"TCP\",\"targetPort\":\"debug\"}],\"selector\":{\"app\":\"dispatcher-service\",\"group\":\"com.amdocs.catalogone\",\"provider\":\"amdocs\",\"release\":\"dispatcher-service-release\"},\"sessionAffinity\":\"None\",\"type\":\"NodePort\"},\"status\":{\"loadBalancer\":{}}}\n"}},"spec":{"ports":[{"name":"server","protocol":"TCP","port":8080,"targetPort":"server","nodePort":32299},{"name":"management","protocol":"TCP","port":8081,"targetPort":"management","nodePort":33176},{"name":"metrics","protocol":"TCP","port":5555,"targetPort":"metrics","nodePort":30397},{"name":"debug","protocol":"TCP","port":5005,"targetPort":"debug","nodePort":30537}],"selector":{"app":"dispatcher-service","group":"com.amdocs.catalogone","provider":"amdocs","release":"dispatcher-service-release"},"clusterIP":"172.30.210.226","type":"NodePort","sessionAffinity":"None","externalTrafficPolicy":"Cluster"},"status":{"loadBalancer":{}}},{"metadata":{"name":"elasticsearch-service","namespace":"oc-cd-1017-pranavd-pd","selfLink":"/api/v1/namespaces/oc-cd-1017-pranavd-pd/services/elasticsearch-service","uid":"9da30b3a-b721-11e8-bb86-0050569a887c","resourceVersion":"66122298","creationTimestamp":"2018-09-13T06:52:44Z","annotations":{"kubectl.kubernetes.io/last-applied-configuration":"{\"apiVersion\":\"v1\",\"kind\":\"Service\",\"metadata\":{\"annotations\":{},\"creationTimestamp\":null,\"name\":\"elasticsearch-service\",\"namespace\":\"oc-cd-1017-pranavd-pd\"},\"spec\":{\"ports\":[{\"name\":\"elasticsearch-port\",\"port\":9200,\"protocol\":\"TCP\",\"targetPort\":9200}],\"sessionAffinity\":\"None\",\"type\":\"ClusterIP\"},\"status\":{\"loadBalancer\":{}}}\n"}},"spec":{"ports":[{"name":"elasticsearch-port","protocol":"TCP","port":9200,"targetPort":9200}],"clusterIP":"172.30.186.11","type":"ClusterIP","sessionAffinity":"None"},"status":{"loadBalancer":{}}},{"metadata":{"name":"import-service","namespace":"oc-cd-1017-pranavd-pd","selfLink":"/api/v1/namespaces/oc-cd-1017-pranavd-pd/services/import-service","uid":"a6623c5d-b721-11e8-bb86-0050569a887c","resourceVersion":"66122310","creationTimestamp":"2018-09-13T06:52:58Z","labels":{"app":"import-service","chart":"import-service-1.3.0","heritage":"Tiller","monitored":"prometheus","monitoring":"prometheus","prometheus":"amdocs-prometheus","release":"import-service-release"},"annotations":{"kubectl.kubernetes.io/last-applied-configuration":"{\"apiVersion\":\"v1\",\"kind\":\"Service\",\"metadata\":{\"annotations\":{},\"creationTimestamp\":null,\"labels\":{\"app\":\"import-service\",\"chart\":\"import-service-1.3.0\",\"heritage\":\"Tiller\",\"monitored\":\"prometheus\",\"monitoring\":\"prometheus\",\"prometheus\":\"amdocs-prometheus\",\"release\":\"import-service-release\"},\"name\":\"import-service\",\"namespace\":\"oc-cd-1017-pranavd-pd\"},\"spec\":{\"externalTrafficPolicy\":\"Cluster\",\"ports\":[{\"name\":\"server\",\"port\":8080,\"protocol\":\"TCP\",\"targetPort\":8080},{\"name\":\"management\",\"port\":8081,\"protocol\":\"TCP\",\"targetPort\":8081},{\"name\":\"metrics\",\"port\":5555,\"protocol\":\"TCP\",\"targetPort\":\"metrics\"}],\"selector\":{\"app\":\"import-service\",\"group\":\"com.amdocs.catalogone\",\"provider\":\"amdocs\",\"release\":\"import-service-release\"},\"sessionAffinity\":\"None\",\"type\":\"NodePort\"},\"status\":{\"loadBalancer\":{}}}\n"}},"spec":{"ports":[{"name":"server","protocol":"TCP","port":8080,"targetPort":8080,"nodePort":31710},{"name":"management","protocol":"TCP","port":8081,"targetPort":8081,"nodePort":30570},{"name":"metrics","protocol":"TCP","port":5555,"targetPort":"metrics","nodePort":32824}],"selector":{"app":"import-service","group":"com.amdocs.catalogone","provider":"amdocs","release":"import-service-release"},"clusterIP":"172.30.130.217","type":"NodePort","sessionAffinity":"None","externalTrafficPolicy":"Cluster"},"status":{"loadBalancer":{}}},{"metadata":{"name":"jenkins","namespace":"oc-cd-1017-pranavd-pd","selfLink":"/api/v1/namespaces/oc-cd-1017-pranavd-pd/services/jenkins","uid":"a66c99db-b721-11e8-bb86-0050569a887c","resourceVersion":"66122314","creationTimestamp":"2018-09-13T06:52:58Z","annotations":{"kubectl.kubernetes.io/last-applied-configuration":"{\"apiVersion\":\"v1\",\"kind\":\"Service\",\"metadata\":{\"annotations\":{},\"creationTimestamp\":null,\"name\":\"jenkins\",\"namespace\":\"oc-cd-1017-pranavd-pd\"},\"spec\":{\"ports\":[{\"name\":\"web\",\"port\":80,\"protocol\":\"TCP\",\"targetPort\":8080}],\"sessionAffinity\":\"None\",\"type\":\"ClusterIP\"},\"status\":{\"loadBalancer\":{}}}\n"}},"spec":{"ports":[{"name":"web","protocol":"TCP","port":80,"targetPort":8080}],"clusterIP":"172.30.47.210","type":"ClusterIP","sessionAffinity":"None"},"status":{"loadBalancer":{}}},{"metadata":{"name":"jenkins-jnlp","namespace":"oc-cd-1017-pranavd-pd","selfLink":"/api/v1/namespaces/oc-cd-1017-pranavd-pd/services/jenkins-jnlp","uid":"a6745a9a-b721-11e8-bb86-0050569a887c","resourceVersion":"66122318","creationTimestamp":"2018-09-13T06:52:58Z","annotations":{"kubectl.kubernetes.io/last-applied-configuration":"{\"apiVersion\":\"v1\",\"kind\":\"Service\",\"metadata\":{\"annotations\":{},\"creationTimestamp\":null,\"name\":\"jenkins-jnlp\",\"namespace\":\"oc-cd-1017-pranavd-pd\"},\"spec\":{\"ports\":[{\"name\":\"agent\",\"port\":50000,\"protocol\":\"TCP\",\"targetPort\":50000}],\"sessionAffinity\":\"None\",\"type\":\"ClusterIP\"},\"status\":{\"loadBalancer\":{}}}\n"}},"spec":{"ports":[{"name":"agent","protocol":"TCP","port":50000,"targetPort":50000}],"clusterIP":"172.30.230.22","type":"ClusterIP","sessionAffinity":"None"},"status":{"loadBalancer":{}}},{"metadata":{"name":"kafka-service","namespace":"oc-cd-1017-pranavd-pd","selfLink":"/api/v1/namespaces/oc-cd-1017-pranavd-pd/services/kafka-service","uid":"9db38a98-b721-11e8-bb86-0050569a887c","resourceVersion":"66120865","creationTimestamp":"2018-09-13T06:52:44Z","labels":{"projectexportable":"No"},"annotations":{"kubectl.kubernetes.io/last-applied-configuration":"{\"apiVersion\":\"v1\",\"kind\":\"Service\",\"metadata\":{\"annotations\":{},\"labels\":{\"projectexportable\":\"No\"},\"name\":\"kafka-service\",\"namespace\":\"oc-cd-1017-pranavd-pd\"},\"spec\":{\"ports\":[{\"name\":\"kafka-port\",\"nodePort\":0,\"port\":9092,\"protocol\":\"TCP\",\"targetPort\":9092}],\"selector\":{}}}\n"}},"spec":{"ports":[{"name":"kafka-port","protocol":"TCP","port":9092,"targetPort":9092}],"clusterIP":"172.30.108.55","type":"ClusterIP","sessionAffinity":"None"},"status":{"loadBalancer":{}}},{"metadata":{"name":"managed-resource-service","namespace":"oc-cd-1017-pranavd-pd","selfLink":"/api/v1/namespaces/oc-cd-1017-pranavd-pd/services/managed-resource-service","uid":"a67e43fb-b721-11e8-bb86-0050569a887c","resourceVersion":"66122323","creationTimestamp":"2018-09-13T06:52:58Z","labels":{"chart":"managed-resource-0.1.1-0031","expose":"true","microservice":"managed-resource","project":"managed-resource","provider":"amdocs","release":"managed-resource-release"},"annotations":{"fabric8.io/iconUrl":"img/icons/spring-boot.svg","kubectl.kubernetes.io/last-applied-configuration":"{\"apiVersion\":\"v1\",\"kind\":\"Service\",\"metadata\":{\"annotations\":{\"fabric8.io/iconUrl\":\"img/icons/spring-boot.svg\"},\"creationTimestamp\":null,\"labels\":{\"chart\":\"managed-resource-0.1.1-0031\",\"expose\":\"true\",\"microservice\":\"managed-resource\",\"project\":\"managed-resource\",\"provider\":\"amdocs\",\"release\":\"managed-resource-release\"},\"name\":\"managed-resource-service\",\"namespace\":\"oc-cd-1017-pranavd-pd\"},\"spec\":{\"externalTrafficPolicy\":\"Cluster\",\"ports\":[{\"name\":\"http\",\"port\":8080,\"protocol\":\"TCP\",\"targetPort\":8080},{\"name\":\"metrics\",\"port\":5555,\"protocol\":\"TCP\",\"targetPort\":\"metrics\"}],\"selector\":{\"microservice\":\"managed-resource\",\"project\":\"managed-resource\",\"provider\":\"amdocs\",\"release\":\"managed-resource-release\"},\"sessionAffinity\":\"None\",\"type\":\"NodePort\"},\"status\":{\"loadBalancer\":{}}}\n"}},"spec":{"ports":[{"name":"http","protocol":"TCP","port":8080,"targetPort":8080,"nodePort":33039},{"name":"metrics","protocol":"TCP","port":5555,"targetPort":"metrics","nodePort":33526}],"selector":{"microservice":"managed-resource","project":"managed-resource","provider":"amdocs","release":"managed-resource-release"},"clusterIP":"172.30.195.9","type":"NodePort","sessionAffinity":"None","externalTrafficPolicy":"Cluster"},"status":{"loadBalancer":{}}},{"metadata":{"name":"metadata-entity-command-service","namespace":"oc-cd-1017-pranavd-pd","selfLink":"/api/v1/namespaces/oc-cd-1017-pranavd-pd/services/metadata-entity-command-service","uid":"a68ec63a-b721-11e8-bb86-0050569a887c","resourceVersion":"66122333","creationTimestamp":"2018-09-13T06:52:59Z","labels":{"app":"metadata-entity-command-service","prometheus":"amdocs-prometheus","release":"metadata-entity-command-release"},"annotations":{"kubectl.kubernetes.io/last-applied-configuration":"{\"apiVersion\":\"v1\",\"kind\":\"Service\",\"metadata\":{\"annotations\":{},\"creationTimestamp\":null,\"labels\":{\"app\":\"metadata-entity-command-service\",\"prometheus\":\"amdocs-prometheus\",\"release\":\"metadata-entity-command-release\"},\"name\":\"metadata-entity-command-service\",\"namespace\":\"oc-cd-1017-pranavd-pd\"},\"spec\":{\"externalTrafficPolicy\":\"Cluster\",\"ports\":[{\"name\":\"server\",\"port\":8080,\"protocol\":\"TCP\",\"targetPort\":\"server\"},{\"name\":\"management\",\"port\":8081,\"protocol\":\"TCP\",\"targetPort\":\"management\"},{\"name\":\"metrics\",\"port\":5555,\"protocol\":\"TCP\",\"targetPort\":\"metrics\"},{\"name\":\"debug\",\"port\":5005,\"protocol\":\"TCP\",\"targetPort\":\"debug\"}],\"selector\":{\"app\":\"metadata-entity-command-service\",\"group\":\"com.amdocs.catalogone\",\"release\":\"metadata-entity-command-release\"},\"sessionAffinity\":\"None\",\"type\":\"NodePort\"},\"status\":{\"loadBalancer\":{}}}\n"}},"spec":{"ports":[{"name":"server","protocol":"TCP","port":8080,"targetPort":"server","nodePort":31182},{"name":"management","protocol":"TCP","port":8081,"targetPort":"management","nodePort":30402},{"name":"metrics","protocol":"TCP","port":5555,"targetPort":"metrics","nodePort":31226},{"name":"debug","protocol":"TCP","port":5005,"targetPort":"debug","nodePort":33756}],"selector":{"app":"metadata-entity-command-service","group":"com.amdocs.catalogone","release":"metadata-entity-command-release"},"clusterIP":"172.30.47.117","type":"NodePort","sessionAffinity":"None","externalTrafficPolicy":"Cluster"},"status":{"loadBalancer":{}}},{"metadata":{"name":"orderitemaccessor-service","namespace":"oc-cd-1017-pranavd-pd","selfLink":"/api/v1/namespaces/oc-cd-1017-pranavd-pd/services/orderitemaccessor-service","uid":"a6a74533-b721-11e8-bb86-0050569a887c","resourceVersion":"66122346","creationTimestamp":"2018-09-13T06:52:59Z","labels":{"chart":"orderitemaccessor-1.0.1-0007","expose":"true","microservice":"orderitemaccessor","monitored":"prometheus","monitoring":"prometheus","project":"orderitemaccessor","provider":"amdocs","release":"orderitemaccessor-release"},"annotations":{"fabric8.io/iconUrl":"img/icons/spring-boot.svg","kubectl.kubernetes.io/last-applied-configuration":"{\"apiVersion\":\"v1\",\"kind\":\"Service\",\"metadata\":{\"annotations\":{\"fabric8.io/iconUrl\":\"img/icons/spring-boot.svg\"},\"creationTimestamp\":null,\"labels\":{\"chart\":\"orderitemaccessor-1.0.1-0007\",\"expose\":\"true\",\"microservice\":\"orderitemaccessor\",\"monitored\":\"prometheus\",\"monitoring\":\"prometheus\",\"project\":\"orderitemaccessor\",\"provider\":\"amdocs\",\"release\":\"orderitemaccessor-release\"},\"name\":\"orderitemaccessor-service\",\"namespace\":\"oc-cd-1017-pranavd-pd\"},\"spec\":{\"externalTrafficPolicy\":\"Cluster\",\"ports\":[{\"name\":\"http\",\"port\":8080,\"protocol\":\"TCP\",\"targetPort\":8080},{\"name\":\"metrics\",\"port\":5555,\"protocol\":\"TCP\",\"targetPort\":\"metrics\"}],\"selector\":{\"microservice\":\"orderitemaccessor\",\"project\":\"orderitemaccessor\",\"provider\":\"amdocs\",\"release\":\"orderitemaccessor-release\"},\"sessionAffinity\":\"None\",\"type\":\"NodePort\"},\"status\":{\"loadBalancer\":{}}}\n"}},"spec":{"ports":[{"name":"http","protocol":"TCP","port":8080,"targetPort":8080,"nodePort":30446},{"name":"metrics","protocol":"TCP","port":5555,"targetPort":"metrics","nodePort":32482}],"selector":{"microservice":"orderitemaccessor","project":"orderitemaccessor","provider":"amdocs","release":"orderitemaccessor-release"},"clusterIP":"172.30.0.232","type":"NodePort","sessionAffinity":"None","externalTrafficPolicy":"Cluster"},"status":{"loadBalancer":{}}},{"metadata":{"name":"paymentmanagement-payment-service","namespace":"oc-cd-1017-pranavd-pd","selfLink":"/api/v1/namespaces/oc-cd-1017-pranavd-pd/services/paymentmanagement-payment-service","uid":"a6b59005-b721-11e8-bb86-0050569a887c","resourceVersion":"66122355","creationTimestamp":"2018-09-13T06:52:59Z","labels":{"chart":"paymentmanagement-payment-0.1.1-0025","expose":"true","microservice":"paymentmanagement-paymen","monitored":"prometheus","monitoring":"prometheus","project":"paymentmanagement-payment","provider":"amdocs","release":"paymentmanagement-payment-release"},"annotations":{"fabric8.io/iconUrl":"img/icons/spring-boot.svg","kubectl.kubernetes.io/last-applied-configuration":"{\"apiVersion\":\"v1\",\"kind\":\"Service\",\"metadata\":{\"annotations\":{\"fabric8.io/iconUrl\":\"img/icons/spring-boot.svg\"},\"creationTimestamp\":null,\"labels\":{\"chart\":\"paymentmanagement-payment-0.1.1-0025\",\"expose\":\"true\",\"microservice\":\"paymentmanagement-paymen\",\"monitored\":\"prometheus\",\"monitoring\":\"prometheus\",\"project\":\"paymentmanagement-payment\",\"provider\":\"amdocs\",\"release\":\"paymentmanagement-payment-release\"},\"name\":\"paymentmanagement-payment-service\",\"namespace\":\"oc-cd-1017-pranavd-pd\"},\"spec\":{\"externalTrafficPolicy\":\"Cluster\",\"ports\":[{\"name\":\"http\",\"port\":8080,\"protocol\":\"TCP\",\"targetPort\":8080},{\"name\":\"https\",\"port\":8443,\"protocol\":\"TCP\",\"targetPort\":\"https\"},{\"name\":\"metrics\",\"port\":5555,\"protocol\":\"TCP\",\"targetPort\":\"metrics\"},{\"name\":\"jacoco\",\"port\":6300,\"protocol\":\"TCP\",\"targetPort\":6300},{\"name\":\"management\",\"port\":18080,\"protocol\":\"TCP\",\"targetPort\":18080}],\"selector\":{\"microservice\":\"paymentmanagement-paymen\",\"project\":\"paymentmanagement-payment\",\"provider\":\"amdocs\",\"release\":\"paymentmanagement-payment-release\"},\"sessionAffinity\":\"None\",\"type\":\"NodePort\"},\"status\":{\"loadBalancer\":{}}}\n"}},"spec":{"ports":[{"name":"http","protocol":"TCP","port":8080,"targetPort":8080,"nodePort":30454},{"name":"https","protocol":"TCP","port":8443,"targetPort":"https","nodePort":31587},{"name":"metrics","protocol":"TCP","port":5555,"targetPort":"metrics","nodePort":34133},{"name":"jacoco","protocol":"TCP","port":6300,"targetPort":6300,"nodePort":31230},{"name":"management","protocol":"TCP","port":18080,"targetPort":18080,"nodePort":31509}],"selector":{"microservice":"paymentmanagement-paymen","project":"paymentmanagement-payment","provider":"amdocs","release":"paymentmanagement-payment-release"},"clusterIP":"172.30.119.109","type":"NodePort","sessionAffinity":"None","externalTrafficPolicy":"Cluster"},"status":{"loadBalancer":{}}},{"metadata":{"name":"phoneportin-phoneportinbridge-service","namespace":"oc-cd-1017-pranavd-pd","selfLink":"/api/v1/namespaces/oc-cd-1017-pranavd-pd/services/phoneportin-phoneportinbridge-service","uid":"a6c5ba33-b721-11e8-bb86-0050569a887c","resourceVersion":"66122365","creationTimestamp":"2018-09-13T06:52:59Z","labels":{"chart":"phoneportin-phoneportinbridge-0.1.1-0017","expose":"true","microservice":"phoneportin-phoneportinb","monitored":"prometheus","monitoring":"prometheus","project":"phoneportin-phoneportinbridge","provider":"amdocs","release":"phoneportin-phoneportinbridge-release"},"annotations":{"fabric8.io/iconUrl":"img/icons/spring-boot.svg","kubectl.kubernetes.io/last-applied-configuration":"{\"apiVersion\":\"v1\",\"kind\":\"Service\",\"metadata\":{\"annotations\":{\"fabric8.io/iconUrl\":\"img/icons/spring-boot.svg\"},\"creationTimestamp\":null,\"labels\":{\"chart\":\"phoneportin-phoneportinbridge-0.1.1-0017\",\"expose\":\"true\",\"microservice\":\"phoneportin-phoneportinb\",\"monitored\":\"prometheus\",\"monitoring\":\"prometheus\",\"project\":\"phoneportin-phoneportinbridge\",\"provider\":\"amdocs\",\"release\":\"phoneportin-phoneportinbridge-release\"},\"name\":\"phoneportin-phoneportinbridge-service\",\"namespace\":\"oc-cd-1017-pranavd-pd\"},\"spec\":{\"externalTrafficPolicy\":\"Cluster\",\"ports\":[{\"name\":\"http\",\"port\":8080,\"protocol\":\"TCP\",\"targetPort\":8080},{\"name\":\"https\",\"port\":8443,\"protocol\":\"TCP\",\"targetPort\":\"https\"},{\"name\":\"metrics\",\"port\":5555,\"protocol\":\"TCP\",\"targetPort\":\"metrics\"}],\"selector\":{\"microservice\":\"phoneportin-phoneportinb\",\"project\":\"phoneportin-phoneportinbridge\",\"provider\":\"amdocs\",\"release\":\"phoneportin-phoneportinbridge-release\"},\"sessionAffinity\":\"None\",\"type\":\"NodePort\"},\"status\":{\"loadBalancer\":{}}}\n"}},"spec":{"ports":[{"name":"http","protocol":"TCP","port":8080,"targetPort":8080,"nodePort":32054},{"name":"https","protocol":"TCP","port":8443,"targetPort":"https","nodePort":33343},{"name":"metrics","protocol":"TCP","port":5555,"targetPort":"metrics","nodePort":30711}],"selector":{"microservice":"phoneportin-phoneportinb","project":"phoneportin-phoneportinbridge","provider":"amdocs","release":"phoneportin-phoneportinbridge-release"},"clusterIP":"172.30.184.15","type":"NodePort","sessionAffinity":"None","externalTrafficPolicy":"Cluster"},"status":{"loadBalancer":{}}},{"metadata":{"name":"pi-factory-service","namespace":"oc-cd-1017-pranavd-pd","selfLink":"/api/v1/namespaces/oc-cd-1017-pranavd-pd/services/pi-factory-service","uid":"a6d66ace-b721-11e8-bb86-0050569a887c","resourceVersion":"66122376","creationTimestamp":"2018-09-13T06:52:59Z","labels":{"chart":"pi-factory-0.1.1-0051","expose":"true","microservice":"pi-factory","monitored":"prometheus","monitoring":"prometheus","project":"pi-factory","provider":"amdocs","release":"pi-factory-release"},"annotations":{"fabric8.io/iconUrl":"img/icons/spring-boot.svg","kubectl.kubernetes.io/last-applied-configuration":"{\"apiVersion\":\"v1\",\"kind\":\"Service\",\"metadata\":{\"annotations\":{\"fabric8.io/iconUrl\":\"img/icons/spring-boot.svg\"},\"creationTimestamp\":null,\"labels\":{\"chart\":\"pi-factory-0.1.1-0051\",\"expose\":\"true\",\"microservice\":\"pi-factory\",\"monitored\":\"prometheus\",\"monitoring\":\"prometheus\",\"project\":\"pi-factory\",\"provider\":\"amdocs\",\"release\":\"pi-factory-release\"},\"name\":\"pi-factory-service\",\"namespace\":\"oc-cd-1017-pranavd-pd\"},\"spec\":{\"externalTrafficPolicy\":\"Cluster\",\"ports\":[{\"name\":\"http\",\"port\":8080,\"protocol\":\"TCP\",\"targetPort\":8080},{\"name\":\"metrics\",\"port\":5555,\"protocol\":\"TCP\",\"targetPort\":\"metrics\"},{\"name\":\"jacoco\",\"port\":6300,\"protocol\":\"TCP\",\"targetPort\":6300},{\"name\":\"management\",\"port\":8081,\"protocol\":\"TCP\",\"targetPort\":8081}],\"selector\":{\"microservice\":\"pi-factory\",\"project\":\"pi-factory\",\"provider\":\"amdocs\",\"release\":\"pi-factory-release\"},\"sessionAffinity\":\"None\",\"type\":\"NodePort\"},\"status\":{\"loadBalancer\":{}}}\n"}},"spec":{"ports":[{"name":"http","protocol":"TCP","port":8080,"targetPort":8080,"nodePort":31345},{"name":"metrics","protocol":"TCP","port":5555,"targetPort":"metrics","nodePort":30462},{"name":"jacoco","protocol":"TCP","port":6300,"targetPort":6300,"nodePort":32526},{"name":"management","protocol":"TCP","port":8081,"targetPort":8081,"nodePort":35431}],"selector":{"microservice":"pi-factory","project":"pi-factory","provider":"amdocs","release":"pi-factory-release"},"clusterIP":"172.30.205.149","type":"NodePort","sessionAffinity":"None","externalTrafficPolicy":"Cluster"},"status":{"loadBalancer":{}}},{"metadata":{"name":"pi-product-service","namespace":"oc-cd-1017-pranavd-pd","selfLink":"/api/v1/namespaces/oc-cd-1017-pranavd-pd/services/pi-product-service","uid":"a6e5a0ec-b721-11e8-bb86-0050569a887c","resourceVersion":"66122383","creationTimestamp":"2018-09-13T06:52:59Z","labels":{"chart":"pi-product-0.1.1-0046","expose":"true","microservice":"pi-product","monitored":"prometheus","monitoring":"prometheus","project":"pi-product","provider":"amdocs","release":"pi-product-release"},"annotations":{"fabric8.io/iconUrl":"img/icons/spring-boot.svg","kubectl.kubernetes.io/last-applied-configuration":"{\"apiVersion\":\"v1\",\"kind\":\"Service\",\"metadata\":{\"annotations\":{\"fabric8.io/iconUrl\":\"img/icons/spring-boot.svg\"},\"creationTimestamp\":null,\"labels\":{\"chart\":\"pi-product-0.1.1-0046\",\"expose\":\"true\",\"microservice\":\"pi-product\",\"monitored\":\"prometheus\",\"monitoring\":\"prometheus\",\"project\":\"pi-product\",\"provider\":\"amdocs\",\"release\":\"pi-product-release\"},\"name\":\"pi-product-service\",\"namespace\":\"oc-cd-1017-pranavd-pd\"},\"spec\":{\"externalTrafficPolicy\":\"Cluster\",\"ports\":[{\"name\":\"http\",\"port\":8080,\"protocol\":\"TCP\",\"targetPort\":8080},{\"name\":\"metrics\",\"port\":5555,\"protocol\":\"TCP\",\"targetPort\":\"metrics\"}],\"selector\":{\"microservice\":\"pi-product\",\"project\":\"pi-product\",\"provider\":\"amdocs\",\"release\":\"pi-product-release\"},\"sessionAffinity\":\"None\",\"type\":\"NodePort\"},\"status\":{\"loadBalancer\":{}}}\n"}},"spec":{"ports":[{"name":"http","protocol":"TCP","port":8080,"targetPort":8080,"nodePort":34224},{"name":"metrics","protocol":"TCP","port":5555,"targetPort":"metrics","nodePort":34750}],"selector":{"microservice":"pi-product","project":"pi-product","provider":"amdocs","release":"pi-product-release"},"clusterIP":"172.30.253.205","type":"NodePort","sessionAffinity":"None","externalTrafficPolicy":"Cluster"},"status":{"loadBalancer":{}}},{"metadata":{"name":"pi-validateproduct-service","namespace":"oc-cd-1017-pranavd-pd","selfLink":"/api/v1/namespaces/oc-cd-1017-pranavd-pd/services/pi-validateproduct-service","uid":"a6f7e7cb-b721-11e8-bb86-0050569a887c","resourceVersion":"66122395","creationTimestamp":"2018-09-13T06:52:59Z","labels":{"chart":"pi-validateproduct-0.1.1-0028","expose":"true","microservice":"pi-validateproduct","monitored":"prometheus","monitoring":"prometheus","project":"pi-validateproduct","provider":"amdocs","release":"pi-validateproduct-release"},"annotations":{"fabric8.io/iconUrl":"img/icons/spring-boot.svg","kubectl.kubernetes.io/last-applied-configuration":"{\"apiVersion\":\"v1\",\"kind\":\"Service\",\"metadata\":{\"annotations\":{\"fabric8.io/iconUrl\":\"img/icons/spring-boot.svg\"},\"creationTimestamp\":null,\"labels\":{\"chart\":\"pi-validateproduct-0.1.1-0028\",\"expose\":\"true\",\"microservice\":\"pi-validateproduct\",\"monitored\":\"prometheus\",\"monitoring\":\"prometheus\",\"project\":\"pi-validateproduct\",\"provider\":\"amdocs\",\"release\":\"pi-validateproduct-release\"},\"name\":\"pi-validateproduct-service\",\"namespace\":\"oc-cd-1017-pranavd-pd\"},\"spec\":{\"externalTrafficPolicy\":\"Cluster\",\"ports\":[{\"name\":\"http\",\"port\":8080,\"protocol\":\"TCP\",\"targetPort\":8080},{\"name\":\"metrics\",\"port\":5555,\"protocol\":\"TCP\",\"targetPort\":\"metrics\"},{\"name\":\"jacoco\",\"port\":6300,\"protocol\":\"TCP\",\"targetPort\":6300}],\"selector\":{\"microservice\":\"pi-validateproduct\",\"project\":\"pi-validateproduct\",\"provider\":\"amdocs\",\"release\":\"pi-validateproduct-release\"},\"sessionAffinity\":\"None\",\"type\":\"NodePort\"},\"status\":{\"loadBalancer\":{}}}\n"}},"spec":{"ports":[{"name":"http","protocol":"TCP","port":8080,"targetPort":8080,"nodePort":34572},{"name":"metrics","protocol":"TCP","port":5555,"targetPort":"metrics","nodePort":34122},{"name":"jacoco","protocol":"TCP","port":6300,"targetPort":6300,"nodePort":35317}],"selector":{"microservice":"pi-validateproduct","project":"pi-validateproduct","provider":"amdocs","release":"pi-validateproduct-release"},"clusterIP":"172.30.47.40","type":"NodePort","sessionAffinity":"None","externalTrafficPolicy":"Cluster"},"status":{"loadBalancer":{}}},{"metadata":{"name":"pod-category-service","namespace":"oc-cd-1017-pranavd-pd","selfLink":"/api/v1/namespaces/oc-cd-1017-pranavd-pd/services/pod-category-service","uid":"a707ca83-b721-11e8-bb86-0050569a887c","resourceVersion":"66122401","creationTimestamp":"2018-09-13T06:52:59Z","labels":{"chart":"pod-category-0.1.1-0015","expose":"true","microservice":"pod-category","monitored":"prometheus","monitoring":"prometheus","project":"pod-category","provider":"amdocs","release":"pod-category-release"},"annotations":{"fabric8.io/iconUrl":"img/icons/spring-boot.svg","kubectl.kubernetes.io/last-applied-configuration":"{\"apiVersion\":\"v1\",\"kind\":\"Service\",\"metadata\":{\"annotations\":{\"fabric8.io/iconUrl\":\"img/icons/spring-boot.svg\"},\"creationTimestamp\":null,\"labels\":{\"chart\":\"pod-category-0.1.1-0015\",\"expose\":\"true\",\"microservice\":\"pod-category\",\"monitored\":\"prometheus\",\"monitoring\":\"prometheus\",\"project\":\"pod-category\",\"provider\":\"amdocs\",\"release\":\"pod-category-release\"},\"name\":\"pod-category-service\",\"namespace\":\"oc-cd-1017-pranavd-pd\"},\"spec\":{\"externalTrafficPolicy\":\"Cluster\",\"ports\":[{\"name\":\"http\",\"port\":8080,\"protocol\":\"TCP\",\"targetPort\":8080},{\"name\":\"metrics\",\"port\":5555,\"protocol\":\"TCP\",\"targetPort\":\"metrics\"}],\"selector\":{\"microservice\":\"pod-category\",\"project\":\"pod-category\",\"provider\":\"amdocs\",\"release\":\"pod-category-release\"},\"sessionAffinity\":\"None\",\"type\":\"NodePort\"},\"status\":{\"loadBalancer\":{}}}\n"}},"spec":{"ports":[{"name":"http","protocol":"TCP","port":8080,"targetPort":8080,"nodePort":35227},{"name":"metrics","protocol":"TCP","port":5555,"targetPort":"metrics","nodePort":32828}],"selector":{"microservice":"pod-category","project":"pod-category","provider":"amdocs","release":"pod-category-release"},"clusterIP":"172.30.243.145","type":"NodePort","sessionAffinity":"None","externalTrafficPolicy":"Cluster"},"status":{"loadBalancer":{}}},{"metadata":{"name":"pod-experience-service","namespace":"oc-cd-1017-pranavd-pd","selfLink":"/api/v1/namespaces/oc-cd-1017-pranavd-pd/services/pod-experience-service","uid":"a71a13fb-b721-11e8-bb86-0050569a887c","resourceVersion":"66122409","creationTimestamp":"2018-09-13T06:53:00Z","labels":{"chart":"pod-experience-0.1.1-0030","expose":"true","microservice":"pod-experience","monitored":"prometheus","monitoring":"prometheus","project":"pod-experience","provider":"amdocs","release":"pod-experience-release"},"annotations":{"fabric8.io/iconUrl":"img/icons/spring-boot.svg","kubectl.kubernetes.io/last-applied-configuration":"{\"apiVersion\":\"v1\",\"kind\":\"Service\",\"metadata\":{\"annotations\":{\"fabric8.io/iconUrl\":\"img/icons/spring-boot.svg\"},\"creationTimestamp\":null,\"labels\":{\"chart\":\"pod-experience-0.1.1-0030\",\"expose\":\"true\",\"microservice\":\"pod-experience\",\"monitored\":\"prometheus\",\"monitoring\":\"prometheus\",\"project\":\"pod-experience\",\"provider\":\"amdocs\",\"release\":\"pod-experience-release\"},\"name\":\"pod-experience-service\",\"namespace\":\"oc-cd-1017-pranavd-pd\"},\"spec\":{\"externalTrafficPolicy\":\"Cluster\",\"ports\":[{\"name\":\"http\",\"port\":8080,\"protocol\":\"TCP\",\"targetPort\":8080},{\"name\":\"metrics\",\"port\":5555,\"protocol\":\"TCP\",\"targetPort\":\"metrics\"}],\"selector\":{\"microservice\":\"pod-experience\",\"project\":\"pod-experience\",\"provider\":\"amdocs\",\"release\":\"pod-experience-release\"},\"sessionAffinity\":\"None\",\"type\":\"NodePort\"},\"status\":{\"loadBalancer\":{}}}\n"}},"spec":{"ports":[{"name":"http","protocol":"TCP","port":8080,"targetPort":8080,"nodePort":32525},{"name":"metrics","protocol":"TCP","port":5555,"targetPort":"metrics","nodePort":31297}],"selector":{"microservice":"pod-experience","project":"pod-experience","provider":"amdocs","release":"pod-experience-release"},"clusterIP":"172.30.205.217","type":"NodePort","sessionAffinity":"None","externalTrafficPolicy":"Cluster"},"status":{"loadBalancer":{}}},{"metadata":{"name":"pod-price-service","namespace":"oc-cd-1017-pranavd-pd","selfLink":"/api/v1/namespaces/oc-cd-1017-pranavd-pd/services/pod-price-service","uid":"a72bc0ae-b721-11e8-bb86-0050569a887c","resourceVersion":"66122414","creationTimestamp":"2018-09-13T06:53:00Z","labels":{"chart":"pod-price-0.1.1-0055","expose":"true","microservice":"pod-price","project":"pod-price","provider":"amdocs","release":"pod-price-release"},"annotations":{"fabric8.io/iconUrl":"img/icons/spring-boot.svg","kubectl.kubernetes.io/last-applied-configuration":"{\"apiVersion\":\"v1\",\"kind\":\"Service\",\"metadata\":{\"annotations\":{\"fabric8.io/iconUrl\":\"img/icons/spring-boot.svg\"},\"creationTimestamp\":null,\"labels\":{\"chart\":\"pod-price-0.1.1-0055\",\"expose\":\"true\",\"microservice\":\"pod-price\",\"project\":\"pod-price\",\"provider\":\"amdocs\",\"release\":\"pod-price-release\"},\"name\":\"pod-price-service\",\"namespace\":\"oc-cd-1017-pranavd-pd\"},\"spec\":{\"externalTrafficPolicy\":\"Cluster\",\"ports\":[{\"name\":\"http\",\"port\":8080,\"protocol\":\"TCP\",\"targetPort\":8080},{\"name\":\"metrics\",\"port\":5555,\"protocol\":\"TCP\",\"targetPort\":\"metrics\"}],\"selector\":{\"microservice\":\"pod-price\",\"project\":\"pod-price\",\"provider\":\"amdocs\",\"release\":\"pod-price-release\"},\"sessionAffinity\":\"None\",\"type\":\"NodePort\"},\"status\":{\"loadBalancer\":{}}}\n"}},"spec":{"ports":[{"name":"http","protocol":"TCP","port":8080,"targetPort":8080,"nodePort":35442},{"name":"metrics","protocol":"TCP","port":5555,"targetPort":"metrics","nodePort":32604}],"selector":{"microservice":"pod-price","project":"pod-price","provider":"amdocs","release":"pod-price-release"},"clusterIP":"172.30.59.100","type":"NodePort","sessionAffinity":"None","externalTrafficPolicy":"Cluster"},"status":{"loadBalancer":{}}},{"metadata":{"name":"pod-productoffering-service","namespace":"oc-cd-1017-pranavd-pd","selfLink":"/api/v1/namespaces/oc-cd-1017-pranavd-pd/services/pod-productoffering-service","uid":"a73e0f51-b721-11e8-bb86-0050569a887c","resourceVersion":"66122421","creationTimestamp":"2018-09-13T06:53:00Z","labels":{"chart":"pod-productoffering-0.1.1-0047","expose":"true","microservice":"pod-productoffering","monitored":"prometheus","monitoring":"prometheus","project":"pod-productoffering","provider":"amdocs","release":"pod-productoffering-release"},"annotations":{"fabric8.io/iconUrl":"img/icons/spring-boot.svg","kubectl.kubernetes.io/last-applied-configuration":"{\"apiVersion\":\"v1\",\"kind\":\"Service\",\"metadata\":{\"annotations\":{\"fabric8.io/iconUrl\":\"img/icons/spring-boot.svg\"},\"creationTimestamp\":null,\"labels\":{\"chart\":\"pod-productoffering-0.1.1-0047\",\"expose\":\"true\",\"microservice\":\"pod-productoffering\",\"monitored\":\"prometheus\",\"monitoring\":\"prometheus\",\"project\":\"pod-productoffering\",\"provider\":\"amdocs\",\"release\":\"pod-productoffering-release\"},\"name\":\"pod-productoffering-service\",\"namespace\":\"oc-cd-1017-pranavd-pd\"},\"spec\":{\"externalTrafficPolicy\":\"Cluster\",\"ports\":[{\"name\":\"http\",\"port\":8080,\"protocol\":\"TCP\",\"targetPort\":8080},{\"name\":\"https\",\"port\":8443,\"protocol\":\"TCP\",\"targetPort\":\"https\"},{\"name\":\"metrics\",\"port\":5555,\"protocol\":\"TCP\",\"targetPort\":\"metrics\"}],\"selector\":{\"microservice\":\"pod-productoffering\",\"project\":\"pod-productoffering\",\"provider\":\"amdocs\",\"release\":\"pod-productoffering-release\"},\"sessionAffinity\":\"None\",\"type\":\"NodePort\"},\"status\":{\"loadBalancer\":{}}}\n"}},"spec":{"ports":[{"name":"http","protocol":"TCP","port":8080,"targetPort":8080,"nodePort":35261},{"name":"https","protocol":"TCP","port":8443,"targetPort":"https","nodePort":30713},{"name":"metrics","protocol":"TCP","port":5555,"targetPort":"metrics","nodePort":31299}],"selector":{"microservice":"pod-productoffering","project":"pod-productoffering","provider":"amdocs","release":"pod-productoffering-release"},"clusterIP":"172.30.116.109","type":"NodePort","sessionAffinity":"None","externalTrafficPolicy":"Cluster"},"status":{"loadBalancer":{}}},{"metadata":{"name":"pod-search-service","namespace":"oc-cd-1017-pranavd-pd","selfLink":"/api/v1/namespaces/oc-cd-1017-pranavd-pd/services/pod-search-service","uid":"a74c5535-b721-11e8-bb86-0050569a887c","resourceVersion":"66122428","creationTimestamp":"2018-09-13T06:53:00Z","labels":{"chart":"pod-search-0.1.1-0045","expose":"true","microservice":"pod-search","monitored":"prometheus","monitoring":"prometheus","project":"pod-search","provider":"amdocs","release":"pod-search-release"},"annotations":{"fabric8.io/iconUrl":"img/icons/spring-boot.svg","kubectl.kubernetes.io/last-applied-configuration":"{\"apiVersion\":\"v1\",\"kind\":\"Service\",\"metadata\":{\"annotations\":{\"fabric8.io/iconUrl\":\"img/icons/spring-boot.svg\"},\"creationTimestamp\":null,\"labels\":{\"chart\":\"pod-search-0.1.1-0045\",\"expose\":\"true\",\"microservice\":\"pod-search\",\"monitored\":\"prometheus\",\"monitoring\":\"prometheus\",\"project\":\"pod-search\",\"provider\":\"amdocs\",\"release\":\"pod-search-release\"},\"name\":\"pod-search-service\",\"namespace\":\"oc-cd-1017-pranavd-pd\"},\"spec\":{\"externalTrafficPolicy\":\"Cluster\",\"ports\":[{\"name\":\"http\",\"port\":8080,\"protocol\":\"TCP\",\"targetPort\":8080},{\"name\":\"metrics\",\"port\":5555,\"protocol\":\"TCP\",\"targetPort\":\"metrics\"}],\"selector\":{\"microservice\":\"pod-search\",\"project\":\"pod-search\",\"provider\":\"amdocs\",\"release\":\"pod-search-release\"},\"sessionAffinity\":\"None\",\"type\":\"NodePort\"},\"status\":{\"loadBalancer\":{}}}\n"}},"spec":{"ports":[{"name":"http","protocol":"TCP","port":8080,"targetPort":8080,"nodePort":33636},{"name":"metrics","protocol":"TCP","port":5555,"targetPort":"metrics","nodePort":33449}],"selector":{"microservice":"pod-search","project":"pod-search","provider":"amdocs","release":"pod-search-release"},"clusterIP":"172.30.200.105","type":"NodePort","sessionAffinity":"None","externalTrafficPolicy":"Cluster"},"status":{"loadBalancer":{}}},{"metadata":{"name":"price-priceevent-service","namespace":"oc-cd-1017-pranavd-pd","selfLink":"/api/v1/namespaces/oc-cd-1017-pranavd-pd/services/price-priceevent-service","uid":"a76a39a2-b721-11e8-bb86-0050569a887c","resourceVersion":"66122439","creationTimestamp":"2018-09-13T06:53:00Z","labels":{"chart":"price-priceevent-0.1.1-0032","expose":"true","group":"com.amdocs.digital.ms.price.priceevent","microservice":"price-priceevent","monitored":"prometheus","monitoring":"prometheus","project":"price-priceevent-service","provider":"amdocs","release":"price-priceevent-release"},"annotations":{"fabric8.io/iconUrl":"img/icons/spring-boot.svg","kubectl.kubernetes.io/last-applied-configuration":"{\"apiVersion\":\"v1\",\"kind\":\"Service\",\"metadata\":{\"annotations\":{\"fabric8.io/iconUrl\":\"img/icons/spring-boot.svg\"},\"creationTimestamp\":null,\"labels\":{\"chart\":\"price-priceevent-0.1.1-0032\",\"expose\":\"true\",\"group\":\"com.amdocs.digital.ms.price.priceevent\",\"microservice\":\"price-priceevent\",\"monitored\":\"prometheus\",\"monitoring\":\"prometheus\",\"project\":\"price-priceevent-service\",\"provider\":\"amdocs\",\"release\":\"price-priceevent-release\"},\"name\":\"price-priceevent-service\",\"namespace\":\"oc-cd-1017-pranavd-pd\"},\"spec\":{\"externalTrafficPolicy\":\"Cluster\",\"ports\":[{\"name\":\"http\",\"port\":8080,\"protocol\":\"TCP\",\"targetPort\":8080},{\"name\":\"jacoco\",\"port\":6300,\"protocol\":\"TCP\",\"targetPort\":6300},{\"name\":\"management\",\"port\":18080,\"protocol\":\"TCP\",\"targetPort\":18080},{\"name\":\"https\",\"port\":8443,\"protocol\":\"TCP\",\"targetPort\":8443},{\"name\":\"metrics\",\"port\":5555,\"protocol\":\"TCP\",\"targetPort\":\"metrics\"}],\"selector\":{\"group\":\"com.amdocs.digital.ms.price.priceevent\",\"microservice\":\"price-priceevent\",\"project\":\"price-priceevent-service\",\"provider\":\"amdocs\",\"release\":\"price-priceevent-release\"},\"sessionAffinity\":\"None\",\"type\":\"NodePort\"},\"status\":{\"loadBalancer\":{}}}\n"}},"spec":{"ports":[{"name":"http","protocol":"TCP","port":8080,"targetPort":8080,"nodePort":33162},{"name":"jacoco","protocol":"TCP","port":6300,"targetPort":6300,"nodePort":34349},{"name":"management","protocol":"TCP","port":18080,"targetPort":18080,"nodePort":33971},{"name":"https","protocol":"TCP","port":8443,"targetPort":8443,"nodePort":31316},{"name":"metrics","protocol":"TCP","port":5555,"targetPort":"metrics","nodePort":31801}],"selector":{"group":"com.amdocs.digital.ms.price.priceevent","microservice":"price-priceevent","project":"price-priceevent-service","provider":"amdocs","release":"price-priceevent-release"},"clusterIP":"172.30.107.155","type":"NodePort","sessionAffinity":"None","externalTrafficPolicy":"Cluster"},"status":{"loadBalancer":{}}},{"metadata":{"name":"price-pricing-service","namespace":"oc-cd-1017-pranavd-pd","selfLink":"/api/v1/namespaces/oc-cd-1017-pranavd-pd/services/price-pricing-service","uid":"a78fd2c8-b721-11e8-bb86-0050569a887c","resourceVersion":"66122453","creationTimestamp":"2018-09-13T06:53:00Z","labels":{"chart":"price-pricing-0.1.1-0042","expose":"true","group":"com.amdocs.digital.ms.price.pricing","microservice":"price-pricing","monitored":"prometheus","monitoring":"prometheus","project":"price-pricing-service","provider":"amdocs","release":"price-pricing-release"},"annotations":{"fabric8.io/iconUrl":"img/icons/spring-boot.svg","kubectl.kubernetes.io/last-applied-configuration":"{\"apiVersion\":\"v1\",\"kind\":\"Service\",\"metadata\":{\"annotations\":{\"fabric8.io/iconUrl\":\"img/icons/spring-boot.svg\"},\"creationTimestamp\":null,\"labels\":{\"chart\":\"price-pricing-0.1.1-0042\",\"expose\":\"true\",\"group\":\"com.amdocs.digital.ms.price.pricing\",\"microservice\":\"price-pricing\",\"monitored\":\"prometheus\",\"monitoring\":\"prometheus\",\"project\":\"price-pricing-service\",\"provider\":\"amdocs\",\"release\":\"price-pricing-release\"},\"name\":\"price-pricing-service\",\"namespace\":\"oc-cd-1017-pranavd-pd\"},\"spec\":{\"externalTrafficPolicy\":\"Cluster\",\"ports\":[{\"name\":\"http\",\"port\":8080,\"protocol\":\"TCP\",\"targetPort\":8080},{\"name\":\"jacoco\",\"port\":6300,\"protocol\":\"TCP\",\"targetPort\":6300},{\"name\":\"management\",\"port\":18080,\"protocol\":\"TCP\",\"targetPort\":18080},{\"name\":\"https\",\"port\":8443,\"protocol\":\"TCP\",\"targetPort\":8443},{\"name\":\"metrics\",\"port\":5555,\"protocol\":\"TCP\",\"targetPort\":\"metrics\"}],\"selector\":{\"group\":\"com.amdocs.digital.ms.price.pricing\",\"microservice\":\"price-pricing\",\"project\":\"price-pricing-service\",\"provider\":\"amdocs\",\"release\":\"price-pricing-release\"},\"sessionAffinity\":\"None\",\"type\":\"NodePort\"},\"status\":{\"loadBalancer\":{}}}\n"}},"spec":{"ports":[{"name":"http","protocol":"TCP","port":8080,"targetPort":8080,"nodePort":34969},{"name":"jacoco","protocol":"TCP","port":6300,"targetPort":6300,"nodePort":34560},{"name":"management","protocol":"TCP","port":18080,"targetPort":18080,"nodePort":33264},{"name":"https","protocol":"TCP","port":8443,"targetPort":8443,"nodePort":32829},{"name":"metrics","protocol":"TCP","port":5555,"targetPort":"metrics","nodePort":32561}],"selector":{"group":"com.amdocs.digital.ms.price.pricing","microservice":"price-pricing","project":"price-pricing-service","provider":"amdocs","release":"price-pricing-release"},"clusterIP":"172.30.244.62","type":"NodePort","sessionAffinity":"None","externalTrafficPolicy":"Cluster"},"status":{"loadBalancer":{}}},{"metadata":{"name":"price-productoffering-service","namespace":"oc-cd-1017-pranavd-pd","selfLink":"/api/v1/namespaces/oc-cd-1017-pranavd-pd/services/price-productoffering-service","uid":"a7c4da98-b721-11e8-bb86-0050569a887c","resourceVersion":"66122477","creationTimestamp":"2018-09-13T06:53:01Z","labels":{"chart":"price-productoffering-0.1.1-0049","expose":"true","group":"com.amdocs.digital.ms.price.productoffering","microservice":"price-productoffering","monitored":"prometheus","monitoring":"prometheus","project":"price-productoffering-service","provider":"amdocs","release":"price-productoffering-release"},"annotations":{"fabric8.io/iconUrl":"img/icons/spring-boot.svg","kubectl.kubernetes.io/last-applied-configuration":"{\"apiVersion\":\"v1\",\"kind\":\"Service\",\"metadata\":{\"annotations\":{\"fabric8.io/iconUrl\":\"img/icons/spring-boot.svg\"},\"creationTimestamp\":null,\"labels\":{\"chart\":\"price-productoffering-0.1.1-0049\",\"expose\":\"true\",\"group\":\"com.amdocs.digital.ms.price.productoffering\",\"microservice\":\"price-productoffering\",\"monitored\":\"prometheus\",\"monitoring\":\"prometheus\",\"project\":\"price-productoffering-service\",\"provider\":\"amdocs\",\"release\":\"price-productoffering-release\"},\"name\":\"price-productoffering-service\",\"namespace\":\"oc-cd-1017-pranavd-pd\"},\"spec\":{\"externalTrafficPolicy\":\"Cluster\",\"ports\":[{\"name\":\"http\",\"port\":8080,\"protocol\":\"TCP\",\"targetPort\":8080},{\"name\":\"jacoco\",\"port\":6300,\"protocol\":\"TCP\",\"targetPort\":6300},{\"name\":\"management\",\"port\":18080,\"protocol\":\"TCP\",\"targetPort\":18080},{\"name\":\"https\",\"port\":8443,\"protocol\":\"TCP\",\"targetPort\":8443},{\"name\":\"metrics\",\"port\":5555,\"protocol\":\"TCP\",\"targetPort\":\"metrics\"}],\"selector\":{\"group\":\"com.amdocs.digital.ms.price.productoffering\",\"microservice\":\"price-productoffering\",\"project\":\"price-productoffering-service\",\"provider\":\"amdocs\",\"release\":\"price-productoffering-release\"},\"sessionAffinity\":\"None\",\"type\":\"NodePort\"},\"status\":{\"loadBalancer\":{}}}\n"}},"spec":{"ports":[{"name":"http","protocol":"TCP","port":8080,"targetPort":8080,"nodePort":31818},{"name":"jacoco","protocol":"TCP","port":6300,"targetPort":6300,"nodePort":30131},{"name":"management","protocol":"TCP","port":18080,"targetPort":18080,"nodePort":31356},{"name":"https","protocol":"TCP","port":8443,"targetPort":8443,"nodePort":31370},{"name":"metrics","protocol":"TCP","port":5555,"targetPort":"metrics","nodePort":33795}],"selector":{"group":"com.amdocs.digital.ms.price.productoffering","microservice":"price-productoffering","project":"price-productoffering-service","provider":"amdocs","release":"price-productoffering-release"},"clusterIP":"172.30.152.207","type":"NodePort","sessionAffinity":"None","externalTrafficPolicy":"Cluster"},"status":{"loadBalancer":{}}},{"metadata":{"name":"product-configuration-rule-command-service","namespace":"oc-cd-1017-pranavd-pd","selfLink":"/api/v1/namespaces/oc-cd-1017-pranavd-pd/services/product-configuration-rule-command-service","uid":"a7de59a5-b721-11e8-bb86-0050569a887c","resourceVersion":"66122488","creationTimestamp":"2018-09-13T06:53:01Z","labels":{"app":"product-configuration-rule-command-service","chart":"product-configuration-rule-command-service-1.4.0","heritage":"Tiller","monitored":"prometheus","monitoring":"prometheus","prometheus":"amdocs-prometheus","release":"product-configurator-rule-release"},"annotations":{"kubectl.kubernetes.io/last-applied-configuration":"{\"apiVersion\":\"v1\",\"kind\":\"Service\",\"metadata\":{\"annotations\":{},\"creationTimestamp\":null,\"labels\":{\"app\":\"product-configuration-rule-command-service\",\"chart\":\"product-configuration-rule-command-service-1.4.0\",\"heritage\":\"Tiller\",\"monitored\":\"prometheus\",\"monitoring\":\"prometheus\",\"prometheus\":\"amdocs-prometheus\",\"release\":\"product-configurator-rule-release\"},\"name\":\"product-configuration-rule-command-service\",\"namespace\":\"oc-cd-1017-pranavd-pd\"},\"spec\":{\"externalTrafficPolicy\":\"Cluster\",\"ports\":[{\"name\":\"server\",\"port\":8080,\"protocol\":\"TCP\",\"targetPort\":8080},{\"name\":\"management\",\"port\":8081,\"protocol\":\"TCP\",\"targetPort\":8081},{\"name\":\"debug\",\"port\":5005,\"protocol\":\"TCP\",\"targetPort\":\"debug\"},{\"name\":\"metrics\",\"port\":5555,\"protocol\":\"TCP\",\"targetPort\":\"metrics\"}],\"selector\":{\"app\":\"product-configuration-rule-command-service\",\"group\":\"com.amdocs.catalogone\",\"provider\":\"amdocs\",\"release\":\"product-configurator-rule-release\"},\"sessionAffinity\":\"None\",\"type\":\"NodePort\"},\"status\":{\"loadBalancer\":{}}}\n"}},"spec":{"ports":[{"name":"server","protocol":"TCP","port":8080,"targetPort":8080,"nodePort":31815},{"name":"management","protocol":"TCP","port":8081,"targetPort":8081,"nodePort":31376},{"name":"debug","protocol":"TCP","port":5005,"targetPort":"debug","nodePort":34771},{"name":"metrics","protocol":"TCP","port":5555,"targetPort":"metrics","nodePort":35484}],"selector":{"app":"product-configuration-rule-command-service","group":"com.amdocs.catalogone","provider":"amdocs","release":"product-configurator-rule-release"},"clusterIP":"172.30.56.101","type":"NodePort","sessionAffinity":"None","externalTrafficPolicy":"Cluster"},"status":{"loadBalancer":{}}},{"metadata":{"name":"product-offering-service","namespace":"oc-cd-1017-pranavd-pd","selfLink":"/api/v1/namespaces/oc-cd-1017-pranavd-pd/services/product-offering-service","uid":"a7f346a6-b721-11e8-bb86-0050569a887c","resourceVersion":"66122500","creationTimestamp":"2018-09-13T06:53:01Z","labels":{"app":"product-offering-service","chart":"product-offering-service-2.5.2","heritage":"Tiller","monitored":"prometheus","monitoring":"prometheus","prometheus":"amdocs-prometheus","release":"product-offering-service-release"},"annotations":{"kubectl.kubernetes.io/last-applied-configuration":"{\"apiVersion\":\"v1\",\"kind\":\"Service\",\"metadata\":{\"annotations\":{},\"creationTimestamp\":null,\"labels\":{\"app\":\"product-offering-service\",\"chart\":\"product-offering-service-2.5.2\",\"heritage\":\"Tiller\",\"monitored\":\"prometheus\",\"monitoring\":\"prometheus\",\"prometheus\":\"amdocs-prometheus\",\"release\":\"product-offering-service-release\"},\"name\":\"product-offering-service\",\"namespace\":\"oc-cd-1017-pranavd-pd\"},\"spec\":{\"externalTrafficPolicy\":\"Cluster\",\"ports\":[{\"name\":\"server\",\"port\":8080,\"protocol\":\"TCP\",\"targetPort\":8080},{\"name\":\"management\",\"port\":8081,\"protocol\":\"TCP\",\"targetPort\":8081},{\"name\":\"metrics\",\"port\":5555,\"protocol\":\"TCP\",\"targetPort\":\"metrics\"},{\"name\":\"debug\",\"port\":5005,\"protocol\":\"TCP\",\"targetPort\":\"debug\"}],\"selector\":{\"app\":\"product-offering-service\",\"group\":\"com.amdocs.catalogone\",\"provider\":\"amdocs\",\"release\":\"product-offering-service-release\"},\"sessionAffinity\":\"None\",\"type\":\"NodePort\"},\"status\":{\"loadBalancer\":{}}}\n"}},"spec":{"ports":[{"name":"server","protocol":"TCP","port":8080,"targetPort":8080,"nodePort":33371},{"name":"management","protocol":"TCP","port":8081,"targetPort":8081,"nodePort":33555},{"name":"metrics","protocol":"TCP","port":5555,"targetPort":"metrics","nodePort":31588},{"name":"debug","protocol":"TCP","port":5005,"targetPort":"debug","nodePort":32247}],"selector":{"app":"product-offering-service","group":"com.amdocs.catalogone","provider":"amdocs","release":"product-offering-service-release"},"clusterIP":"172.30.199.135","type":"NodePort","sessionAffinity":"None","externalTrafficPolicy":"Cluster"},"status":{"loadBalancer":{}}},{"metadata":{"name":"productaccessor-service","namespace":"oc-cd-1017-pranavd-pd","selfLink":"/api/v1/namespaces/oc-cd-1017-pranavd-pd/services/productaccessor-service","uid":"a80374f0-b721-11e8-bb86-0050569a887c","resourceVersion":"66122505","creationTimestamp":"2018-09-13T06:53:01Z","labels":{"chart":"productaccessor-1.0.1-0032","expose":"true","microservice":"productaccessor","monitored":"prometheus","monitoring":"prometheus","project":"productaccessor","provider":"amdocs","release":"productaccessor-releas"},"annotations":{"fabric8.io/iconUrl":"img/icons/spring-boot.svg","kubectl.kubernetes.io/last-applied-configuration":"{\"apiVersion\":\"v1\",\"kind\":\"Service\",\"metadata\":{\"annotations\":{\"fabric8.io/iconUrl\":\"img/icons/spring-boot.svg\"},\"creationTimestamp\":null,\"labels\":{\"chart\":\"productaccessor-1.0.1-0032\",\"expose\":\"true\",\"microservice\":\"productaccessor\",\"monitored\":\"prometheus\",\"monitoring\":\"prometheus\",\"project\":\"productaccessor\",\"provider\":\"amdocs\",\"release\":\"productaccessor-releas\"},\"name\":\"productaccessor-service\",\"namespace\":\"oc-cd-1017-pranavd-pd\"},\"spec\":{\"externalTrafficPolicy\":\"Cluster\",\"ports\":[{\"name\":\"http\",\"port\":8080,\"protocol\":\"TCP\",\"targetPort\":8080},{\"name\":\"metrics\",\"port\":5555,\"protocol\":\"TCP\",\"targetPort\":\"metrics\"}],\"selector\":{\"microservice\":\"productaccessor\",\"project\":\"productaccessor\",\"provider\":\"amdocs\",\"release\":\"productaccessor-releas\"},\"sessionAffinity\":\"None\",\"type\":\"NodePort\"},\"status\":{\"loadBalancer\":{}}}\n"}},"spec":{"ports":[{"name":"http","protocol":"TCP","port":8080,"targetPort":8080,"nodePort":30549},{"name":"metrics","protocol":"TCP","port":5555,"targetPort":"metrics","nodePort":34143}],"selector":{"microservice":"productaccessor","project":"productaccessor","provider":"amdocs","release":"productaccessor-releas"},"clusterIP":"172.30.233.74","type":"NodePort","sessionAffinity":"None","externalTrafficPolicy":"Cluster"},"status":{"loadBalancer":{}}},{"metadata":{"name":"productconfigurator-action-service","namespace":"oc-cd-1017-pranavd-pd","selfLink":"/api/v1/namespaces/oc-cd-1017-pranavd-pd/services/productconfigurator-action-service","uid":"a81d3015-b721-11e8-bb86-0050569a887c","resourceVersion":"66122514","creationTimestamp":"2018-09-13T06:53:01Z","labels":{"chart":"productconfigurator-action-0.1.1-0041","expose":"true","microservice":"productconfigurator-acti","monitored":"prometheus","monitoring":"prometheus","project":"productconfigurator-action","provider":"amdocs","release":"productconfigurator-action-release"},"annotations":{"fabric8.io/iconUrl":"img/icons/spring-boot.svg","kubectl.kubernetes.io/last-applied-configuration":"{\"apiVersion\":\"v1\",\"kind\":\"Service\",\"metadata\":{\"annotations\":{\"fabric8.io/iconUrl\":\"img/icons/spring-boot.svg\"},\"creationTimestamp\":null,\"labels\":{\"chart\":\"productconfigurator-action-0.1.1-0041\",\"expose\":\"true\",\"microservice\":\"productconfigurator-acti\",\"monitored\":\"prometheus\",\"monitoring\":\"prometheus\",\"project\":\"productconfigurator-action\",\"provider\":\"amdocs\",\"release\":\"productconfigurator-action-release\"},\"name\":\"productconfigurator-action-service\",\"namespace\":\"oc-cd-1017-pranavd-pd\"},\"spec\":{\"externalTrafficPolicy\":\"Cluster\",\"ports\":[{\"name\":\"http\",\"port\":8080,\"protocol\":\"TCP\",\"targetPort\":8080},{\"name\":\"https\",\"port\":8443,\"protocol\":\"TCP\",\"targetPort\":\"https\"},{\"name\":\"metrics\",\"port\":5555,\"protocol\":\"TCP\",\"targetPort\":\"metrics\"}],\"selector\":{\"microservice\":\"productconfigurator-acti\",\"project\":\"productconfigurator-action\",\"provider\":\"amdocs\",\"release\":\"productconfigurator-action-release\"},\"sessionAffinity\":\"None\",\"type\":\"NodePort\"},\"status\":{\"loadBalancer\":{}}}\n"}},"spec":{"ports":[{"name":"http","protocol":"TCP","port":8080,"targetPort":8080,"nodePort":32038},{"name":"https","protocol":"TCP","port":8443,"targetPort":"https","nodePort":32966},{"name":"metrics","protocol":"TCP","port":5555,"targetPort":"metrics","nodePort":31885}],"selector":{"microservice":"productconfigurator-acti","project":"productconfigurator-action","provider":"amdocs","release":"productconfigurator-action-release"},"clusterIP":"172.30.177.180","type":"NodePort","sessionAffinity":"None","externalTrafficPolicy":"Cluster"},"status":{"loadBalancer":{}}},{"metadata":{"name":"productconfigurator-commitmentterm-service","namespace":"oc-cd-1017-pranavd-pd","selfLink":"/api/v1/namespaces/oc-cd-1017-pranavd-pd/services/productconfigurator-commitmentterm-service","uid":"a8363906-b721-11e8-bb86-0050569a887c","resourceVersion":"66122524","creationTimestamp":"2018-09-13T06:53:01Z","labels":{"chart":"productconfigurator-commitmentterm-0.1.1-0030","expose":"true","microservice":"productconfigurator-comm","monitored":"prometheus","monitoring":"prometheus","project":"productconfigurator-commitmentterm","provider":"amdocs","release":"productconfigurator-commitmentterm-release"},"annotations":{"fabric8.io/iconUrl":"img/icons/spring-boot.svg","kubectl.kubernetes.io/last-applied-configuration":"{\"apiVersion\":\"v1\",\"kind\":\"Service\",\"metadata\":{\"annotations\":{\"fabric8.io/iconUrl\":\"img/icons/spring-boot.svg\"},\"creationTimestamp\":null,\"labels\":{\"chart\":\"productconfigurator-commitmentterm-0.1.1-0030\",\"expose\":\"true\",\"microservice\":\"productconfigurator-comm\",\"monitored\":\"prometheus\",\"monitoring\":\"prometheus\",\"project\":\"productconfigurator-commitmentterm\",\"provider\":\"amdocs\",\"release\":\"productconfigurator-commitmentterm-release\"},\"name\":\"productconfigurator-commitmentterm-service\",\"namespace\":\"oc-cd-1017-pranavd-pd\"},\"spec\":{\"externalTrafficPolicy\":\"Cluster\",\"ports\":[{\"name\":\"http\",\"port\":8080,\"protocol\":\"TCP\",\"targetPort\":8080},{\"name\":\"metrics\",\"port\":5555,\"protocol\":\"TCP\",\"targetPort\":\"metrics\"}],\"selector\":{\"microservice\":\"productconfigurator-comm\",\"project\":\"productconfigurator-commitmentterm\",\"provider\":\"amdocs\",\"release\":\"productconfigurator-commitmentterm-release\"},\"sessionAffinity\":\"None\",\"type\":\"NodePort\"},\"status\":{\"loadBalancer\":{}}}\n"}},"spec":{"ports":[{"name":"http","protocol":"TCP","port":8080,"targetPort":8080,"nodePort":30140},{"name":"metrics","protocol":"TCP","port":5555,"targetPort":"metrics","nodePort":32044}],"selector":{"microservice":"productconfigurator-comm","project":"productconfigurator-commitmentterm","provider":"amdocs","release":"productconfigurator-commitmentterm-release"},"clusterIP":"172.30.103.210","type":"NodePort","sessionAffinity":"None","externalTrafficPolicy":"Cluster"},"status":{"loadBalancer":{}}},{"metadata":{"name":"productconfigurator-price-service","namespace":"oc-cd-1017-pranavd-pd","selfLink":"/api/v1/namespaces/oc-cd-1017-pranavd-pd/services/productconfigurator-price-service","uid":"a84de746-b721-11e8-bb86-0050569a887c","resourceVersion":"66122532","creationTimestamp":"2018-09-13T06:53:02Z","labels":{"chart":"productconfigurator-price-0.1.1-0066","expose":"true","microservice":"productconfigurator-pric","monitored":"prometheus","monitoring":"prometheus","project":"productconfigurator-price","provider":"amdocs","release":"productconfigurator-price-release"},"annotations":{"fabric8.io/iconUrl":"img/icons/spring-boot.svg","kubectl.kubernetes.io/last-applied-configuration":"{\"apiVersion\":\"v1\",\"kind\":\"Service\",\"metadata\":{\"annotations\":{\"fabric8.io/iconUrl\":\"img/icons/spring-boot.svg\"},\"creationTimestamp\":null,\"labels\":{\"chart\":\"productconfigurator-price-0.1.1-0066\",\"expose\":\"true\",\"microservice\":\"productconfigurator-pric\",\"monitored\":\"prometheus\",\"monitoring\":\"prometheus\",\"project\":\"productconfigurator-price\",\"provider\":\"amdocs\",\"release\":\"productconfigurator-price-release\"},\"name\":\"productconfigurator-price-service\",\"namespace\":\"oc-cd-1017-pranavd-pd\"},\"spec\":{\"externalTrafficPolicy\":\"Cluster\",\"ports\":[{\"name\":\"http\",\"port\":8080,\"protocol\":\"TCP\",\"targetPort\":8080},{\"name\":\"metrics\",\"port\":5555,\"protocol\":\"TCP\",\"targetPort\":\"metrics\"}],\"selector\":{\"microservice\":\"productconfigurator-pric\",\"project\":\"productconfigurator-price\",\"provider\":\"amdocs\",\"release\":\"productconfigurator-price-release\"},\"sessionAffinity\":\"None\",\"type\":\"NodePort\"},\"status\":{\"loadBalancer\":{}}}\n"}},"spec":{"ports":[{"name":"http","protocol":"TCP","port":8080,"targetPort":8080,"nodePort":33473},{"name":"metrics","protocol":"TCP","port":5555,"targetPort":"metrics","nodePort":32945}],"selector":{"microservice":"productconfigurator-pric","project":"productconfigurator-price","provider":"amdocs","release":"productconfigurator-price-release"},"clusterIP":"172.30.71.18","type":"NodePort","sessionAffinity":"None","externalTrafficPolicy":"Cluster"},"status":{"loadBalancer":{}}},{"metadata":{"name":"productconfigurator-qualification-service","namespace":"oc-cd-1017-pranavd-pd","selfLink":"/api/v1/namespaces/oc-cd-1017-pranavd-pd/services/productconfigurator-qualification-service","uid":"a8763fac-b721-11e8-bb86-0050569a887c","resourceVersion":"66122549","creationTimestamp":"2018-09-13T06:53:02Z","labels":{"chart":"productconfigurator-qualification-0.1.1-0034","expose":"true","microservice":"productconfigurator-qual","project":"productconfigurator-qualification","provider":"amdocs","release":"productconfigurator-qualification-release"},"annotations":{"fabric8.io/iconUrl":"img/icons/spring-boot.svg","kubectl.kubernetes.io/last-applied-configuration":"{\"apiVersion\":\"v1\",\"kind\":\"Service\",\"metadata\":{\"annotations\":{\"fabric8.io/iconUrl\":\"img/icons/spring-boot.svg\"},\"creationTimestamp\":null,\"labels\":{\"chart\":\"productconfigurator-qualification-0.1.1-0034\",\"expose\":\"true\",\"microservice\":\"productconfigurator-qual\",\"project\":\"productconfigurator-qualification\",\"provider\":\"amdocs\",\"release\":\"productconfigurator-qualification-release\"},\"name\":\"productconfigurator-qualification-service\",\"namespace\":\"oc-cd-1017-pranavd-pd\"},\"spec\":{\"externalTrafficPolicy\":\"Cluster\",\"ports\":[{\"name\":\"http\",\"port\":8080,\"protocol\":\"TCP\",\"targetPort\":8080},{\"name\":\"https\",\"port\":8443,\"protocol\":\"TCP\",\"targetPort\":\"https\"},{\"name\":\"metrics\",\"port\":5555,\"protocol\":\"TCP\",\"targetPort\":\"metrics\"},{\"name\":\"jacoco\",\"port\":6300,\"protocol\":\"TCP\",\"targetPort\":6300},{\"name\":\"management\",\"port\":18080,\"protocol\":\"TCP\",\"targetPort\":18080}],\"selector\":{\"microservice\":\"productconfigurator-qual\",\"project\":\"productconfigurator-qualification\",\"provider\":\"amdocs\",\"release\":\"productconfigurator-qualification-release\"},\"sessionAffinity\":\"None\",\"type\":\"NodePort\"},\"status\":{\"loadBalancer\":{}}}\n"}},"spec":{"ports":[{"name":"http","protocol":"TCP","port":8080,"targetPort":8080,"nodePort":31599},{"name":"https","protocol":"TCP","port":8443,"targetPort":"https","nodePort":31802},{"name":"metrics","protocol":"TCP","port":5555,"targetPort":"metrics","nodePort":32175},{"name":"jacoco","protocol":"TCP","port":6300,"targetPort":6300,"nodePort":35065},{"name":"management","protocol":"TCP","port":18080,"targetPort":18080,"nodePort":33429}],"selector":{"microservice":"productconfigurator-qual","project":"productconfigurator-qualification","provider":"amdocs","release":"productconfigurator-qualification-release"},"clusterIP":"172.30.180.208","type":"NodePort","sessionAffinity":"None","externalTrafficPolicy":"Cluster"},"status":{"loadBalancer":{}}},{"metadata":{"name":"productconfigurator-service","namespace":"oc-cd-1017-pranavd-pd","selfLink":"/api/v1/namespaces/oc-cd-1017-pranavd-pd/services/productconfigurator-service","uid":"a8925073-b721-11e8-bb86-0050569a887c","resourceVersion":"66122560","creationTimestamp":"2018-09-13T06:53:02Z","labels":{"chart":"productconfigurator-0.1.1-0138","expose":"true","microservice":"productconfigurator","monitored":"prometheus","monitoring":"prometheus","project":"productconfigurator","provider":"amdocs","release":"productconfigurator-release"},"annotations":{"fabric8.io/iconUrl":"img/icons/spring-boot.svg","kubectl.kubernetes.io/last-applied-configuration":"{\"apiVersion\":\"v1\",\"kind\":\"Service\",\"metadata\":{\"annotations\":{\"fabric8.io/iconUrl\":\"img/icons/spring-boot.svg\"},\"creationTimestamp\":null,\"labels\":{\"chart\":\"productconfigurator-0.1.1-0138\",\"expose\":\"true\",\"microservice\":\"productconfigurator\",\"monitored\":\"prometheus\",\"monitoring\":\"prometheus\",\"project\":\"productconfigurator\",\"provider\":\"amdocs\",\"release\":\"productconfigurator-release\"},\"name\":\"productconfigurator-service\",\"namespace\":\"oc-cd-1017-pranavd-pd\"},\"spec\":{\"externalTrafficPolicy\":\"Cluster\",\"ports\":[{\"name\":\"http\",\"port\":8080,\"protocol\":\"TCP\",\"targetPort\":8080},{\"name\":\"https\",\"port\":8443,\"protocol\":\"TCP\",\"targetPort\":\"https\"},{\"name\":\"metrics\",\"port\":5555,\"protocol\":\"TCP\",\"targetPort\":\"metrics\"}],\"selector\":{\"microservice\":\"productconfigurator\",\"project\":\"productconfigurator\",\"provider\":\"amdocs\",\"release\":\"productconfigurator-release\"},\"sessionAffinity\":\"None\",\"type\":\"NodePort\"},\"status\":{\"loadBalancer\":{}}}\n"}},"spec":{"ports":[{"name":"http","protocol":"TCP","port":8080,"targetPort":8080,"nodePort":32831},{"name":"https","protocol":"TCP","port":8443,"targetPort":"https","nodePort":33551},{"name":"metrics","protocol":"TCP","port":5555,"targetPort":"metrics","nodePort":34241}],"selector":{"microservice":"productconfigurator","project":"productconfigurator","provider":"amdocs","release":"productconfigurator-release"},"clusterIP":"172.30.114.205","type":"NodePort","sessionAffinity":"None","externalTrafficPolicy":"Cluster"},"status":{"loadBalancer":{}}},{"metadata":{"name":"productorder-amendorder-service","namespace":"oc-cd-1017-pranavd-pd","selfLink":"/api/v1/namespaces/oc-cd-1017-pranavd-pd/services/productorder-amendorder-service","uid":"a8a4b42e-b721-11e8-bb86-0050569a887c","resourceVersion":"66122566","creationTimestamp":"2018-09-13T06:53:02Z","labels":{"chart":"productorder-amendorder-0.1.1-0019","expose":"true","microservice":"productorder-amendorder","monitored":"prometheus","monitoring":"prometheus","project":"productorder-amendorder","provider":"amdocs","release":"productorder-amendodr-release"},"annotations":{"fabric8.io/iconUrl":"img/icons/spring-boot.svg","kubectl.kubernetes.io/last-applied-configuration":"{\"apiVersion\":\"v1\",\"kind\":\"Service\",\"metadata\":{\"annotations\":{\"fabric8.io/iconUrl\":\"img/icons/spring-boot.svg\"},\"creationTimestamp\":null,\"labels\":{\"chart\":\"productorder-amendorder-0.1.1-0019\",\"expose\":\"true\",\"microservice\":\"productorder-amendorder\",\"monitored\":\"prometheus\",\"monitoring\":\"prometheus\",\"project\":\"productorder-amendorder\",\"provider\":\"amdocs\",\"release\":\"productorder-amendodr-release\"},\"name\":\"productorder-amendorder-service\",\"namespace\":\"oc-cd-1017-pranavd-pd\"},\"spec\":{\"externalTrafficPolicy\":\"Cluster\",\"ports\":[{\"name\":\"http\",\"port\":8080,\"protocol\":\"TCP\",\"targetPort\":8080},{\"name\":\"metrics\",\"port\":5555,\"protocol\":\"TCP\",\"targetPort\":\"metrics\"}],\"selector\":{\"microservice\":\"productorder-amendorder\",\"project\":\"productorder-amendorder\",\"provider\":\"amdocs\",\"release\":\"productorder-amendodr-release\"},\"sessionAffinity\":\"None\",\"type\":\"NodePort\"},\"status\":{\"loadBalancer\":{}}}\n"}},"spec":{"ports":[{"name":"http","protocol":"TCP","port":8080,"targetPort":8080,"nodePort":34841},{"name":"metrics","protocol":"TCP","port":5555,"targetPort":"metrics","nodePort":35083}],"selector":{"microservice":"productorder-amendorder","project":"productorder-amendorder","provider":"amdocs","release":"productorder-amendodr-release"},"clusterIP":"172.30.196.92","type":"NodePort","sessionAffinity":"None","externalTrafficPolicy":"Cluster"},"status":{"loadBalancer":{}}},{"metadata":{"name":"productorder-deliverymethodorder-service","namespace":"oc-cd-1017-pranavd-pd","selfLink":"/api/v1/namespaces/oc-cd-1017-pranavd-pd/services/productorder-deliverymethodorder-service","uid":"a8b4319e-b721-11e8-bb86-0050569a887c","resourceVersion":"66122572","creationTimestamp":"2018-09-13T06:53:02Z","labels":{"chart":"productorder-deliverymethodorder-0.1.1-0027","expose":"true","microservice":"productorder-deliverymet","monitored":"prometheus","monitoring":"prometheus","project":"productorder-deliverymethodorder","provider":"amdocs","release":"productorder-deliverymethodorder-release"},"annotations":{"fabric8.io/iconUrl":"img/icons/spring-boot.svg","kubectl.kubernetes.io/last-applied-configuration":"{\"apiVersion\":\"v1\",\"kind\":\"Service\",\"metadata\":{\"annotations\":{\"fabric8.io/iconUrl\":\"img/icons/spring-boot.svg\"},\"creationTimestamp\":null,\"labels\":{\"chart\":\"productorder-deliverymethodorder-0.1.1-0027\",\"expose\":\"true\",\"microservice\":\"productorder-deliverymet\",\"monitored\":\"prometheus\",\"monitoring\":\"prometheus\",\"project\":\"productorder-deliverymethodorder\",\"provider\":\"amdocs\",\"release\":\"productorder-deliverymethodorder-release\"},\"name\":\"productorder-deliverymethodorder-service\",\"namespace\":\"oc-cd-1017-pranavd-pd\"},\"spec\":{\"externalTrafficPolicy\":\"Cluster\",\"ports\":[{\"name\":\"http\",\"port\":8080,\"protocol\":\"TCP\",\"targetPort\":8080},{\"name\":\"https\",\"port\":8443,\"protocol\":\"TCP\",\"targetPort\":\"https\"},{\"name\":\"metrics\",\"port\":5555,\"protocol\":\"TCP\",\"targetPort\":\"metrics\"}],\"selector\":{\"microservice\":\"productorder-deliverymet\",\"project\":\"productorder-deliverymethodorder\",\"provider\":\"amdocs\",\"release\":\"productorder-deliverymethodorder-release\"},\"sessionAffinity\":\"None\",\"type\":\"NodePort\"},\"status\":{\"loadBalancer\":{}}}\n"}},"spec":{"ports":[{"name":"http","protocol":"TCP","port":8080,"targetPort":8080,"nodePort":33639},{"name":"https","protocol":"TCP","port":8443,"targetPort":"https","nodePort":31606},{"name":"metrics","protocol":"TCP","port":5555,"targetPort":"metrics","nodePort":34357}],"selector":{"microservice":"productorder-deliverymet","project":"productorder-deliverymethodorder","provider":"amdocs","release":"productorder-deliverymethodorder-release"},"clusterIP":"172.30.82.126","type":"NodePort","sessionAffinity":"None","externalTrafficPolicy":"Cluster"},"status":{"loadBalancer":{}}},{"metadata":{"name":"productorder-futurelauncher-service","namespace":"oc-cd-1017-pranavd-pd","selfLink":"/api/v1/namespaces/oc-cd-1017-pranavd-pd/services/productorder-futurelauncher-service","uid":"a8c3f4fd-b721-11e8-bb86-0050569a887c","resourceVersion":"66122578","creationTimestamp":"2018-09-13T06:53:02Z","labels":{"chart":"productorder-futurelauncher-0.1.1-0065","expose":"true","microservice":"productorder-futurelaunc","monitored":"prometheus","monitoring":"prometheus","project":"productorder-futurelauncher","provider":"amdocs","release":"productorder-futurelauncher-release"},"annotations":{"fabric8.io/iconUrl":"img/icons/spring-boot.svg","kubectl.kubernetes.io/last-applied-configuration":"{\"apiVersion\":\"v1\",\"kind\":\"Service\",\"metadata\":{\"annotations\":{\"fabric8.io/iconUrl\":\"img/icons/spring-boot.svg\"},\"creationTimestamp\":null,\"labels\":{\"chart\":\"productorder-futurelauncher-0.1.1-0065\",\"expose\":\"true\",\"microservice\":\"productorder-futurelaunc\",\"monitored\":\"prometheus\",\"monitoring\":\"prometheus\",\"project\":\"productorder-futurelauncher\",\"provider\":\"amdocs\",\"release\":\"productorder-futurelauncher-release\"},\"name\":\"productorder-futurelauncher-service\",\"namespace\":\"oc-cd-1017-pranavd-pd\"},\"spec\":{\"externalTrafficPolicy\":\"Cluster\",\"ports\":[{\"name\":\"http\",\"port\":8080,\"protocol\":\"TCP\",\"targetPort\":8080},{\"name\":\"https\",\"port\":8443,\"protocol\":\"TCP\",\"targetPort\":\"https\"},{\"name\":\"metrics\",\"port\":5555,\"protocol\":\"TCP\",\"targetPort\":\"metrics\"}],\"selector\":{\"microservice\":\"productorder-futurelaunc\",\"project\":\"productorder-futurelauncher\",\"provider\":\"amdocs\",\"release\":\"productorder-futurelauncher-release\"},\"sessionAffinity\":\"None\",\"type\":\"NodePort\"},\"status\":{\"loadBalancer\":{}}}\n"}},"spec":{"ports":[{"name":"http","protocol":"TCP","port":8080,"targetPort":8080,"nodePort":32858},{"name":"https","protocol":"TCP","port":8443,"targetPort":"https","nodePort":35182},{"name":"metrics","protocol":"TCP","port":5555,"targetPort":"metrics","nodePort":30191}],"selector":{"microservice":"productorder-futurelaunc","project":"productorder-futurelauncher","provider":"amdocs","release":"productorder-futurelauncher-release"},"clusterIP":"172.30.43.31","type":"NodePort","sessionAffinity":"None","externalTrafficPolicy":"Cluster"},"status":{"loadBalancer":{}}},{"metadata":{"name":"productorder-limiteddurationproduct-service","namespace":"oc-cd-1017-pranavd-pd","selfLink":"/api/v1/namespaces/oc-cd-1017-pranavd-pd/services/productorder-limiteddurationproduct-service","uid":"a8d15da6-b721-11e8-bb86-0050569a887c","resourceVersion":"66122583","creationTimestamp":"2018-09-13T06:53:02Z","labels":{"chart":"productorder-limiteddurationproduct-0.1.0-0008","expose":"true","microservice":"productorder-limiteddurationproduct","project":"productorder-limiteddurationproduct","provider":"amdocs","release":"productorder-limiteddurationproduct-release"},"annotations":{"fabric8.io/iconUrl":"img/icons/spring-boot.svg","kubectl.kubernetes.io/last-applied-configuration":"{\"apiVersion\":\"v1\",\"kind\":\"Service\",\"metadata\":{\"annotations\":{\"fabric8.io/iconUrl\":\"img/icons/spring-boot.svg\"},\"creationTimestamp\":null,\"labels\":{\"chart\":\"productorder-limiteddurationproduct-0.1.0-0008\",\"expose\":\"true\",\"microservice\":\"productorder-limiteddurationproduct\",\"project\":\"productorder-limiteddurationproduct\",\"provider\":\"amdocs\",\"release\":\"productorder-limiteddurationproduct-release\"},\"name\":\"productorder-limiteddurationproduct-service\",\"namespace\":\"oc-cd-1017-pranavd-pd\"},\"spec\":{\"externalTrafficPolicy\":\"Cluster\",\"ports\":[{\"name\":\"http\",\"port\":8080,\"protocol\":\"TCP\",\"targetPort\":8080},{\"name\":\"metrics\",\"port\":5555,\"protocol\":\"TCP\",\"targetPort\":\"metrics\"}],\"selector\":{\"microservice\":\"productorder-limiteddurationproduct\",\"project\":\"productorder-limiteddurationproduct\",\"provider\":\"amdocs\",\"release\":\"productorder-limiteddurationproduct-release\"},\"sessionAffinity\":\"None\",\"type\":\"NodePort\"},\"status\":{\"loadBalancer\":{}}}\n"}},"spec":{"ports":[{"name":"http","protocol":"TCP","port":8080,"targetPort":8080,"nodePort":33361},{"name":"metrics","protocol":"TCP","port":5555,"targetPort":"metrics","nodePort":32529}],"selector":{"microservice":"productorder-limiteddurationproduct","project":"productorder-limiteddurationproduct","provider":"amdocs","release":"productorder-limiteddurationproduct-release"},"clusterIP":"172.30.45.105","type":"NodePort","sessionAffinity":"None","externalTrafficPolicy":"Cluster"},"status":{"loadBalancer":{}}},{"metadata":{"name":"productorder-modifyorder-service","namespace":"oc-cd-1017-pranavd-pd","selfLink":"/api/v1/namespaces/oc-cd-1017-pranavd-pd/services/productorder-modifyorder-service","uid":"a8e6e32f-b721-11e8-bb86-0050569a887c","resourceVersion":"66122592","creationTimestamp":"2018-09-13T06:53:03Z","labels":{"chart":"productorder-modifyorder-0.1.1-0035","expose":"true","microservice":"productorder-modifyorder","monitored":"prometheus","monitoring":"prometheus","project":"productorder-modifyorder","provider":"amdocs","release":"productorder-modifyorder-release"},"annotations":{"fabric8.io/iconUrl":"img/icons/spring-boot.svg","kubectl.kubernetes.io/last-applied-configuration":"{\"apiVersion\":\"v1\",\"kind\":\"Service\",\"metadata\":{\"annotations\":{\"fabric8.io/iconUrl\":\"img/icons/spring-boot.svg\"},\"creationTimestamp\":null,\"labels\":{\"chart\":\"productorder-modifyorder-0.1.1-0035\",\"expose\":\"true\",\"microservice\":\"productorder-modifyorder\",\"monitored\":\"prometheus\",\"monitoring\":\"prometheus\",\"project\":\"productorder-modifyorder\",\"provider\":\"amdocs\",\"release\":\"productorder-modifyorder-release\"},\"name\":\"productorder-modifyorder-service\",\"namespace\":\"oc-cd-1017-pranavd-pd\"},\"spec\":{\"externalTrafficPolicy\":\"Cluster\",\"ports\":[{\"name\":\"http\",\"port\":8080,\"protocol\":\"TCP\",\"targetPort\":8080},{\"name\":\"metrics\",\"port\":5555,\"protocol\":\"TCP\",\"targetPort\":\"metrics\"}],\"selector\":{\"microservice\":\"productorder-modifyorder\",\"project\":\"productorder-modifyorder\",\"provider\":\"amdocs\",\"release\":\"productorder-modifyorder-release\"},\"sessionAffinity\":\"None\",\"type\":\"NodePort\"},\"status\":{\"loadBalancer\":{}}}\n"}},"spec":{"ports":[{"name":"http","protocol":"TCP","port":8080,"targetPort":8080,"nodePort":30158},{"name":"metrics","protocol":"TCP","port":5555,"targetPort":"metrics","nodePort":31616}],"selector":{"microservice":"productorder-modifyorder","project":"productorder-modifyorder","provider":"amdocs","release":"productorder-modifyorder-release"},"clusterIP":"172.30.94.150","type":"NodePort","sessionAffinity":"None","externalTrafficPolicy":"Cluster"},"status":{"loadBalancer":{}}},{"metadata":{"name":"productorder-paymentorder-service","namespace":"oc-cd-1017-pranavd-pd","selfLink":"/api/v1/namespaces/oc-cd-1017-pranavd-pd/services/productorder-paymentorder-service","uid":"a8f7b2d2-b721-11e8-bb86-0050569a887c","resourceVersion":"66122599","creationTimestamp":"2018-09-13T06:53:03Z","labels":{"chart":"productorder-paymentorder-0.1.1-0016","expose":"true","microservice":"productorder-paymentorde","monitored":"prometheus","monitoring":"prometheus","project":"productorder-paymentorder","provider":"amdocs","release":"productorder-paymentorder-release"},"annotations":{"fabric8.io/iconUrl":"img/icons/spring-boot.svg","kubectl.kubernetes.io/last-applied-configuration":"{\"apiVersion\":\"v1\",\"kind\":\"Service\",\"metadata\":{\"annotations\":{\"fabric8.io/iconUrl\":\"img/icons/spring-boot.svg\"},\"creationTimestamp\":null,\"labels\":{\"chart\":\"productorder-paymentorder-0.1.1-0016\",\"expose\":\"true\",\"microservice\":\"productorder-paymentorde\",\"monitored\":\"prometheus\",\"monitoring\":\"prometheus\",\"project\":\"productorder-paymentorder\",\"provider\":\"amdocs\",\"release\":\"productorder-paymentorder-release\"},\"name\":\"productorder-paymentorder-service\",\"namespace\":\"oc-cd-1017-pranavd-pd\"},\"spec\":{\"externalTrafficPolicy\":\"Cluster\",\"ports\":[{\"name\":\"http\",\"port\":8080,\"protocol\":\"TCP\",\"targetPort\":8080},{\"name\":\"https\",\"port\":8443,\"protocol\":\"TCP\",\"targetPort\":\"https\"},{\"name\":\"metrics\",\"port\":5555,\"protocol\":\"TCP\",\"targetPort\":\"metrics\"}],\"selector\":{\"microservice\":\"productorder-paymentorde\",\"project\":\"productorder-paymentorder\",\"provider\":\"amdocs\",\"release\":\"productorder-paymentorder-release\"},\"sessionAffinity\":\"None\",\"type\":\"NodePort\"},\"status\":{\"loadBalancer\":{}}}\n"}},"spec":{"ports":[{"name":"http","protocol":"TCP","port":8080,"targetPort":8080,"nodePort":31620},{"name":"https","protocol":"TCP","port":8443,"targetPort":"https","nodePort":32535},{"name":"metrics","protocol":"TCP","port":5555,"targetPort":"metrics","nodePort":32542}],"selector":{"microservice":"productorder-paymentorde","project":"productorder-paymentorder","provider":"amdocs","release":"productorder-paymentorder-release"},"clusterIP":"172.30.248.135","type":"NodePort","sessionAffinity":"None","externalTrafficPolicy":"Cluster"},"status":{"loadBalancer":{}}},{"metadata":{"name":"productorder-price-service","namespace":"oc-cd-1017-pranavd-pd","selfLink":"/api/v1/namespaces/oc-cd-1017-pranavd-pd/services/productorder-price-service","uid":"a907d52e-b721-11e8-bb86-0050569a887c","resourceVersion":"66122607","creationTimestamp":"2018-09-13T06:53:03Z","labels":{"chart":"productorder-price-0.1.1-0049","expose":"true","microservice":"productorder-price","monitored":"prometheus","monitoring":"prometheus","project":"productorder-price","provider":"amdocs","release":"productorder-price-release"},"annotations":{"fabric8.io/iconUrl":"img/icons/spring-boot.svg","kubectl.kubernetes.io/last-applied-configuration":"{\"apiVersion\":\"v1\",\"kind\":\"Service\",\"metadata\":{\"annotations\":{\"fabric8.io/iconUrl\":\"img/icons/spring-boot.svg\"},\"creationTimestamp\":null,\"labels\":{\"chart\":\"productorder-price-0.1.1-0049\",\"expose\":\"true\",\"microservice\":\"productorder-price\",\"monitored\":\"prometheus\",\"monitoring\":\"prometheus\",\"project\":\"productorder-price\",\"provider\":\"amdocs\",\"release\":\"productorder-price-release\"},\"name\":\"productorder-price-service\",\"namespace\":\"oc-cd-1017-pranavd-pd\"},\"spec\":{\"externalTrafficPolicy\":\"Cluster\",\"ports\":[{\"name\":\"http\",\"port\":8080,\"protocol\":\"TCP\",\"targetPort\":8080},{\"name\":\"https\",\"port\":8443,\"protocol\":\"TCP\",\"targetPort\":\"https\"},{\"name\":\"metrics\",\"port\":5555,\"protocol\":\"TCP\",\"targetPort\":\"metrics\"}],\"selector\":{\"microservice\":\"productorder-price\",\"project\":\"productorder-price\",\"provider\":\"amdocs\",\"release\":\"productorder-price-release\"},\"sessionAffinity\":\"None\",\"type\":\"NodePort\"},\"status\":{\"loadBalancer\":{}}}\n"}},"spec":{"ports":[{"name":"http","protocol":"TCP","port":8080,"targetPort":8080,"nodePort":35546},{"name":"https","protocol":"TCP","port":8443,"targetPort":"https","nodePort":30471},{"name":"metrics","protocol":"TCP","port":5555,"targetPort":"metrics","nodePort":31712}],"selector":{"microservice":"productorder-price","project":"productorder-price","provider":"amdocs","release":"productorder-price-release"},"clusterIP":"172.30.251.203","type":"NodePort","sessionAffinity":"None","externalTrafficPolicy":"Cluster"},"status":{"loadBalancer":{}}},{"metadata":{"name":"productorder-productorder-service","namespace":"oc-cd-1017-pranavd-pd","selfLink":"/api/v1/namespaces/oc-cd-1017-pranavd-pd/services/productorder-productorder-service","uid":"a91f46fb-b721-11e8-bb86-0050569a887c","resourceVersion":"66122617","creationTimestamp":"2018-09-13T06:53:03Z","labels":{"chart":"productorder-productorder-0.1.1-0157","expose":"true","microservice":"productorder-productorde","monitored":"prometheus","monitoring":"prometheus","project":"productorder-productorder","provider":"amdocs","release":"productorder-productorder-release"},"annotations":{"fabric8.io/iconUrl":"img/icons/spring-boot.svg","kubectl.kubernetes.io/last-applied-configuration":"{\"apiVersion\":\"v1\",\"kind\":\"Service\",\"metadata\":{\"annotations\":{\"fabric8.io/iconUrl\":\"img/icons/spring-boot.svg\"},\"creationTimestamp\":null,\"labels\":{\"chart\":\"productorder-productorder-0.1.1-0157\",\"expose\":\"true\",\"microservice\":\"productorder-productorde\",\"monitored\":\"prometheus\",\"monitoring\":\"prometheus\",\"project\":\"productorder-productorder\",\"provider\":\"amdocs\",\"release\":\"productorder-productorder-release\"},\"name\":\"productorder-productorder-service\",\"namespace\":\"oc-cd-1017-pranavd-pd\"},\"spec\":{\"externalTrafficPolicy\":\"Cluster\",\"ports\":[{\"name\":\"http\",\"port\":8080,\"protocol\":\"TCP\",\"targetPort\":8080},{\"name\":\"https\",\"port\":8443,\"protocol\":\"TCP\",\"targetPort\":\"https\"},{\"name\":\"metrics\",\"port\":5555,\"protocol\":\"TCP\",\"targetPort\":\"metrics\"}],\"selector\":{\"microservice\":\"productorder-productorde\",\"project\":\"productorder-productorder\",\"provider\":\"amdocs\",\"release\":\"productorder-productorder-release\"},\"sessionAffinity\":\"None\",\"type\":\"NodePort\"},\"status\":{\"loadBalancer\":{}}}\n"}},"spec":{"ports":[{"name":"http","protocol":"TCP","port":8080,"targetPort":8080,"nodePort":30538},{"name":"https","protocol":"TCP","port":8443,"targetPort":"https","nodePort":34660},{"name":"metrics","protocol":"TCP","port":5555,"targetPort":"metrics","nodePort":33493}],"selector":{"microservice":"productorder-productorde","project":"productorder-productorder","provider":"amdocs","release":"productorder-productorder-release"},"clusterIP":"172.30.8.161","type":"NodePort","sessionAffinity":"None","externalTrafficPolicy":"Cluster"},"status":{"loadBalancer":{}}},{"metadata":{"name":"productorder-submitorder-service","namespace":"oc-cd-1017-pranavd-pd","selfLink":"/api/v1/namespaces/oc-cd-1017-pranavd-pd/services/productorder-submitorder-service","uid":"a92f9a50-b721-11e8-bb86-0050569a887c","resourceVersion":"66122625","creationTimestamp":"2018-09-13T06:53:03Z","labels":{"chart":"productorder-submitorder-0.1.1-0058","expose":"true","microservice":"productorder-submitorder","monitored":"prometheus","monitoring":"prometheus","project":"productorder-submitorder","provider":"amdocs","release":"productorder-submitorder-release"},"annotations":{"fabric8.io/iconUrl":"img/icons/spring-boot.svg","kubectl.kubernetes.io/last-applied-configuration":"{\"apiVersion\":\"v1\",\"kind\":\"Service\",\"metadata\":{\"annotations\":{\"fabric8.io/iconUrl\":\"img/icons/spring-boot.svg\"},\"creationTimestamp\":null,\"labels\":{\"chart\":\"productorder-submitorder-0.1.1-0058\",\"expose\":\"true\",\"microservice\":\"productorder-submitorder\",\"monitored\":\"prometheus\",\"monitoring\":\"prometheus\",\"project\":\"productorder-submitorder\",\"provider\":\"amdocs\",\"release\":\"productorder-submitorder-release\"},\"name\":\"productorder-submitorder-service\",\"namespace\":\"oc-cd-1017-pranavd-pd\"},\"spec\":{\"externalTrafficPolicy\":\"Cluster\",\"ports\":[{\"name\":\"http\",\"port\":8080,\"protocol\":\"TCP\",\"targetPort\":8080},{\"name\":\"https\",\"port\":8443,\"protocol\":\"TCP\",\"targetPort\":\"https\"},{\"name\":\"metrics\",\"port\":5555,\"protocol\":\"TCP\",\"targetPort\":\"metrics\"}],\"selector\":{\"microservice\":\"productorder-submitorder\",\"project\":\"productorder-submitorder\",\"provider\":\"amdocs\",\"release\":\"productorder-submitorder-release\"},\"sessionAffinity\":\"None\",\"type\":\"NodePort\"},\"status\":{\"loadBalancer\":{}}}\n"}},"spec":{"ports":[{"name":"http","protocol":"TCP","port":8080,"targetPort":8080,"nodePort":31718},{"name":"https","protocol":"TCP","port":8443,"targetPort":"https","nodePort":33684},{"name":"metrics","protocol":"TCP","port":5555,"targetPort":"metrics","nodePort":32056}],"selector":{"microservice":"productorder-submitorder","project":"productorder-submitorder","provider":"amdocs","release":"productorder-submitorder-release"},"clusterIP":"172.30.32.4","type":"NodePort","sessionAffinity":"None","externalTrafficPolicy":"Cluster"},"status":{"loadBalancer":{}}},{"metadata":{"name":"productorder-validateorder-service","namespace":"oc-cd-1017-pranavd-pd","selfLink":"/api/v1/namespaces/oc-cd-1017-pranavd-pd/services/productorder-validateorder-service","uid":"a940d07f-b721-11e8-bb86-0050569a887c","resourceVersion":"66122632","creationTimestamp":"2018-09-13T06:53:03Z","labels":{"chart":"productorder-validateorder-0.1.1-0062","expose":"true","microservice":"productorder-validateord","monitored":"prometheus","monitoring":"prometheus","project":"productorder-validateorder","provider":"amdocs","release":"productorder-validateorder-release"},"annotations":{"fabric8.io/iconUrl":"img/icons/spring-boot.svg","kubectl.kubernetes.io/last-applied-configuration":"{\"apiVersion\":\"v1\",\"kind\":\"Service\",\"metadata\":{\"annotations\":{\"fabric8.io/iconUrl\":\"img/icons/spring-boot.svg\"},\"creationTimestamp\":null,\"labels\":{\"chart\":\"productorder-validateorder-0.1.1-0062\",\"expose\":\"true\",\"microservice\":\"productorder-validateord\",\"monitored\":\"prometheus\",\"monitoring\":\"prometheus\",\"project\":\"productorder-validateorder\",\"provider\":\"amdocs\",\"release\":\"productorder-validateorder-release\"},\"name\":\"productorder-validateorder-service\",\"namespace\":\"oc-cd-1017-pranavd-pd\"},\"spec\":{\"externalTrafficPolicy\":\"Cluster\",\"ports\":[{\"name\":\"http\",\"port\":8080,\"protocol\":\"TCP\",\"targetPort\":8080},{\"name\":\"https\",\"port\":8443,\"protocol\":\"TCP\",\"targetPort\":\"https\"},{\"name\":\"metrics\",\"port\":5555,\"protocol\":\"TCP\",\"targetPort\":\"metrics\"}],\"selector\":{\"microservice\":\"productorder-validateord\",\"project\":\"productorder-validateorder\",\"provider\":\"amdocs\",\"release\":\"productorder-validateorder-release\"},\"sessionAffinity\":\"None\",\"type\":\"NodePort\"},\"status\":{\"loadBalancer\":{}}}\n"}},"spec":{"ports":[{"name":"http","protocol":"TCP","port":8080,"targetPort":8080,"nodePort":33834},{"name":"https","protocol":"TCP","port":8443,"targetPort":"https","nodePort":31722},{"name":"metrics","protocol":"TCP","port":5555,"targetPort":"metrics","nodePort":30476}],"selector":{"microservice":"productorder-validateord","project":"productorder-validateorder","provider":"amdocs","release":"productorder-validateorder-release"},"clusterIP":"172.30.80.78","type":"NodePort","sessionAffinity":"None","externalTrafficPolicy":"Cluster"},"status":{"loadBalancer":{}}},{"metadata":{"name":"productvalidator-service","namespace":"oc-cd-1017-pranavd-pd","selfLink":"/api/v1/namespaces/oc-cd-1017-pranavd-pd/services/productvalidator-service","uid":"a951d7ce-b721-11e8-bb86-0050569a887c","resourceVersion":"66122639","creationTimestamp":"2018-09-13T06:53:03Z","labels":{"chart":"productvalidator-0.1.1-0077","expose":"true","microservice":"productvalidator","project":"productvalidator","provider":"amdocs","release":"productvalidator-release"},"annotations":{"fabric8.io/iconUrl":"img/icons/spring-boot.svg","kubectl.kubernetes.io/last-applied-configuration":"{\"apiVersion\":\"v1\",\"kind\":\"Service\",\"metadata\":{\"annotations\":{\"fabric8.io/iconUrl\":\"img/icons/spring-boot.svg\"},\"creationTimestamp\":null,\"labels\":{\"chart\":\"productvalidator-0.1.1-0077\",\"expose\":\"true\",\"microservice\":\"productvalidator\",\"project\":\"productvalidator\",\"provider\":\"amdocs\",\"release\":\"productvalidator-release\"},\"name\":\"productvalidator-service\",\"namespace\":\"oc-cd-1017-pranavd-pd\"},\"spec\":{\"externalTrafficPolicy\":\"Cluster\",\"ports\":[{\"name\":\"http\",\"port\":8080,\"protocol\":\"TCP\",\"targetPort\":8080},{\"name\":\"https\",\"port\":8443,\"protocol\":\"TCP\",\"targetPort\":\"https\"},{\"name\":\"metrics\",\"port\":5555,\"protocol\":\"TCP\",\"targetPort\":\"metrics\"}],\"selector\":{\"microservice\":\"productvalidator\",\"project\":\"productvalidator\",\"provider\":\"amdocs\",\"release\":\"productvalidator-release\"},\"sessionAffinity\":\"None\",\"type\":\"NodePort\"},\"status\":{\"loadBalancer\":{}}}\n"}},"spec":{"ports":[{"name":"http","protocol":"TCP","port":8080,"targetPort":8080,"nodePort":32057},{"name":"https","protocol":"TCP","port":8443,"targetPort":"https","nodePort":34655},{"name":"metrics","protocol":"TCP","port":5555,"targetPort":"metrics","nodePort":34588}],"selector":{"microservice":"productvalidator","project":"productvalidator","provider":"amdocs","release":"productvalidator-release"},"clusterIP":"172.30.128.45","type":"NodePort","sessionAffinity":"None","externalTrafficPolicy":"Cluster"},"status":{"loadBalancer":{}}},{"metadata":{"name":"promotion-command-service","namespace":"oc-cd-1017-pranavd-pd","selfLink":"/api/v1/namespaces/oc-cd-1017-pranavd-pd/services/promotion-command-service","uid":"a974758a-b721-11e8-bb86-0050569a887c","resourceVersion":"66122652","creationTimestamp":"2018-09-13T06:53:03Z","labels":{"app":"promotion-command-service","chart":"promotion-command-service-1.0.4","heritage":"Tiller","monitored":"prometheus","monitoring":"prometheus","prometheus":"amdocs-prometheus","release":"promotion-release"},"annotations":{"kubectl.kubernetes.io/last-applied-configuration":"{\"apiVersion\":\"v1\",\"kind\":\"Service\",\"metadata\":{\"annotations\":{},\"creationTimestamp\":null,\"labels\":{\"app\":\"promotion-command-service\",\"chart\":\"promotion-command-service-1.0.4\",\"heritage\":\"Tiller\",\"monitored\":\"prometheus\",\"monitoring\":\"prometheus\",\"prometheus\":\"amdocs-prometheus\",\"release\":\"promotion-release\"},\"name\":\"promotion-command-service\",\"namespace\":\"oc-cd-1017-pranavd-pd\"},\"spec\":{\"externalTrafficPolicy\":\"Cluster\",\"ports\":[{\"name\":\"server\",\"port\":8080,\"protocol\":\"TCP\",\"targetPort\":8080},{\"name\":\"management\",\"port\":8081,\"protocol\":\"TCP\",\"targetPort\":8081},{\"name\":\"metrics\",\"port\":5555,\"protocol\":\"TCP\",\"targetPort\":\"metrics\"}],\"selector\":{\"app\":\"promotion-command-service\",\"group\":\"com.amdocs.catalogone\",\"provider\":\"amdocs\",\"release\":\"promotion-release\"},\"sessionAffinity\":\"None\",\"type\":\"NodePort\"},\"status\":{\"loadBalancer\":{}}}\n"}},"spec":{"ports":[{"name":"server","protocol":"TCP","port":8080,"targetPort":8080,"nodePort":32077},{"name":"management","protocol":"TCP","port":8081,"targetPort":8081,"nodePort":32101},{"name":"metrics","protocol":"TCP","port":5555,"targetPort":"metrics","nodePort":32118}],"selector":{"app":"promotion-command-service","group":"com.amdocs.catalogone","provider":"amdocs","release":"promotion-release"},"clusterIP":"172.30.247.175","type":"NodePort","sessionAffinity":"None","externalTrafficPolicy":"Cluster"},"status":{"loadBalancer":{}}},{"metadata":{"name":"promotion-mapper-service","namespace":"oc-cd-1017-pranavd-pd","selfLink":"/api/v1/namespaces/oc-cd-1017-pranavd-pd/services/promotion-mapper-service","uid":"a98adf26-b721-11e8-bb86-0050569a887c","resourceVersion":"66122663","creationTimestamp":"2018-09-13T06:53:04Z","labels":{"app":"promotion-mapper-service","chart":"promotion-mapper-service-1.1.0","heritage":"Tiller","monitored":"prometheus","monitoring":"prometheus","prometheus":"amdocs-prometheus","release":"promotion-mapper-release"},"annotations":{"kubectl.kubernetes.io/last-applied-configuration":"{\"apiVersion\":\"v1\",\"kind\":\"Service\",\"metadata\":{\"annotations\":{},\"creationTimestamp\":null,\"labels\":{\"app\":\"promotion-mapper-service\",\"chart\":\"promotion-mapper-service-1.1.0\",\"heritage\":\"Tiller\",\"monitored\":\"prometheus\",\"monitoring\":\"prometheus\",\"prometheus\":\"amdocs-prometheus\",\"release\":\"promotion-mapper-release\"},\"name\":\"promotion-mapper-service\",\"namespace\":\"oc-cd-1017-pranavd-pd\"},\"spec\":{\"externalTrafficPolicy\":\"Cluster\",\"ports\":[{\"name\":\"server\",\"port\":8080,\"protocol\":\"TCP\",\"targetPort\":8080},{\"name\":\"management\",\"port\":8081,\"protocol\":\"TCP\",\"targetPort\":8081},{\"name\":\"metrics\",\"port\":5555,\"protocol\":\"TCP\",\"targetPort\":\"metrics\"}],\"selector\":{\"app\":\"promotion-mapper-service\",\"group\":\"com.amdocs.catalogone\",\"provider\":\"amdocs\",\"release\":\"promotion-mapper-release\"},\"sessionAffinity\":\"None\",\"type\":\"NodePort\"},\"status\":{\"loadBalancer\":{}}}\n"}},"spec":{"ports":[{"name":"server","protocol":"TCP","port":8080,"targetPort":8080,"nodePort":31731},{"name":"management","protocol":"TCP","port":8081,"targetPort":8081,"nodePort":32549},{"name":"metrics","protocol":"TCP","port":5555,"targetPort":"metrics","nodePort":31735}],"selector":{"app":"promotion-mapper-service","group":"com.amdocs.catalogone","provider":"amdocs","release":"promotion-mapper-release"},"clusterIP":"172.30.62.17","type":"NodePort","sessionAffinity":"None","externalTrafficPolicy":"Cluster"},"status":{"loadBalancer":{}}},{"metadata":{"name":"promotion-productofferingcriteria-service","namespace":"oc-cd-1017-pranavd-pd","selfLink":"/api/v1/namespaces/oc-cd-1017-pranavd-pd/services/promotion-productofferingcriteria-service","uid":"a999e9ce-b721-11e8-bb86-0050569a887c","resourceVersion":"66122670","creationTimestamp":"2018-09-13T06:53:04Z","labels":{"chart":"promotion-productofferingcriteria-0.1.1-0033","expose":"true","microservice":"promotion-productofferin","monitored":"prometheus","monitoring":"prometheus","project":"promotion-productofferingcriteria","provider":"amdocs","release":"promotion-productofferingcriteria-release"},"annotations":{"fabric8.io/iconUrl":"img/icons/spring-boot.svg","kubectl.kubernetes.io/last-applied-configuration":"{\"apiVersion\":\"v1\",\"kind\":\"Service\",\"metadata\":{\"annotations\":{\"fabric8.io/iconUrl\":\"img/icons/spring-boot.svg\"},\"creationTimestamp\":null,\"labels\":{\"chart\":\"promotion-productofferingcriteria-0.1.1-0033\",\"expose\":\"true\",\"microservice\":\"promotion-productofferin\",\"monitored\":\"prometheus\",\"monitoring\":\"prometheus\",\"project\":\"promotion-productofferingcriteria\",\"provider\":\"amdocs\",\"release\":\"promotion-productofferingcriteria-release\"},\"name\":\"promotion-productofferingcriteria-service\",\"namespace\":\"oc-cd-1017-pranavd-pd\"},\"spec\":{\"externalTrafficPolicy\":\"Cluster\",\"ports\":[{\"name\":\"http\",\"port\":8080,\"protocol\":\"TCP\",\"targetPort\":8080},{\"name\":\"metrics\",\"port\":5555,\"protocol\":\"TCP\",\"targetPort\":\"metrics\"}],\"selector\":{\"microservice\":\"promotion-productofferin\",\"project\":\"promotion-productofferingcriteria\",\"provider\":\"amdocs\",\"release\":\"promotion-productofferingcriteria-release\"},\"sessionAffinity\":\"None\",\"type\":\"NodePort\"},\"status\":{\"loadBalancer\":{}}}\n"}},"spec":{"ports":[{"name":"http","protocol":"TCP","port":8080,"targetPort":8080,"nodePort":34777},{"name":"metrics","protocol":"TCP","port":5555,"targetPort":"metrics","nodePort":32563}],"selector":{"microservice":"promotion-productofferin","project":"promotion-productofferingcriteria","provider":"amdocs","release":"promotion-productofferingcriteria-release"},"clusterIP":"172.30.98.139","type":"NodePort","sessionAffinity":"None","externalTrafficPolicy":"Cluster"},"status":{"loadBalancer":{}}},{"metadata":{"name":"promotion-promotion-service","namespace":"oc-cd-1017-pranavd-pd","selfLink":"/api/v1/namespaces/oc-cd-1017-pranavd-pd/services/promotion-promotion-service","uid":"a9b1399a-b721-11e8-bb86-0050569a887c","resourceVersion":"66122678","creationTimestamp":"2018-09-13T06:53:04Z","labels":{"chart":"promotion-promotion-0.1.1-0052","expose":"true","microservice":"promotion-promotion","monitored":"prometheus","monitoring":"prometheus","project":"promotion-promotion","provider":"amdocs","release":"promotion-promotion-release"},"annotations":{"fabric8.io/iconUrl":"img/icons/spring-boot.svg","kubectl.kubernetes.io/last-applied-configuration":"{\"apiVersion\":\"v1\",\"kind\":\"Service\",\"metadata\":{\"annotations\":{\"fabric8.io/iconUrl\":\"img/icons/spring-boot.svg\"},\"creationTimestamp\":null,\"labels\":{\"chart\":\"promotion-promotion-0.1.1-0052\",\"expose\":\"true\",\"microservice\":\"promotion-promotion\",\"monitored\":\"prometheus\",\"monitoring\":\"prometheus\",\"project\":\"promotion-promotion\",\"provider\":\"amdocs\",\"release\":\"promotion-promotion-release\"},\"name\":\"promotion-promotion-service\",\"namespace\":\"oc-cd-1017-pranavd-pd\"},\"spec\":{\"externalTrafficPolicy\":\"Cluster\",\"ports\":[{\"name\":\"http\",\"port\":8080,\"protocol\":\"TCP\",\"targetPort\":8080},{\"name\":\"metrics\",\"port\":5555,\"protocol\":\"TCP\",\"targetPort\":\"metrics\"}],\"selector\":{\"microservice\":\"promotion-promotion\",\"project\":\"promotion-promotion\",\"provider\":\"amdocs\",\"release\":\"promotion-promotion-release\"},\"sessionAffinity\":\"None\",\"type\":\"NodePort\"},\"status\":{\"loadBalancer\":{}}}\n"}},"spec":{"ports":[{"name":"http","protocol":"TCP","port":8080,"targetPort":8080,"nodePort":32832},{"name":"metrics","protocol":"TCP","port":5555,"targetPort":"metrics","nodePort":32836}],"selector":{"microservice":"promotion-promotion","project":"promotion-promotion","provider":"amdocs","release":"promotion-promotion-release"},"clusterIP":"172.30.209.251","type":"NodePort","sessionAffinity":"None","externalTrafficPolicy":"Cluster"},"status":{"loadBalancer":{}}},{"metadata":{"name":"promotion-qualification-service","namespace":"oc-cd-1017-pranavd-pd","selfLink":"/api/v1/namespaces/oc-cd-1017-pranavd-pd/services/promotion-qualification-service","uid":"a9c50635-b721-11e8-bb86-0050569a887c","resourceVersion":"66122685","creationTimestamp":"2018-09-13T06:53:04Z","labels":{"chart":"promotion-qualification-0.1.1-0048","expose":"true","microservice":"promotion-qualification","monitored":"prometheus","monitoring":"prometheus","project":"promotion-qualification","provider":"amdocs","release":"promotion-qualifictn-release"},"annotations":{"fabric8.io/iconUrl":"img/icons/spring-boot.svg","kubectl.kubernetes.io/last-applied-configuration":"{\"apiVersion\":\"v1\",\"kind\":\"Service\",\"metadata\":{\"annotations\":{\"fabric8.io/iconUrl\":\"img/icons/spring-boot.svg\"},\"creationTimestamp\":null,\"labels\":{\"chart\":\"promotion-qualification-0.1.1-0048\",\"expose\":\"true\",\"microservice\":\"promotion-qualification\",\"monitored\":\"prometheus\",\"monitoring\":\"prometheus\",\"project\":\"promotion-qualification\",\"provider\":\"amdocs\",\"release\":\"promotion-qualifictn-release\"},\"name\":\"promotion-qualification-service\",\"namespace\":\"oc-cd-1017-pranavd-pd\"},\"spec\":{\"externalTrafficPolicy\":\"Cluster\",\"ports\":[{\"name\":\"http\",\"port\":8080,\"protocol\":\"TCP\",\"targetPort\":8080},{\"name\":\"metrics\",\"port\":5555,\"protocol\":\"TCP\",\"targetPort\":\"metrics\"}],\"selector\":{\"microservice\":\"promotion-qualification\",\"project\":\"promotion-qualification\",\"provider\":\"amdocs\",\"release\":\"promotion-qualifictn-release\"},\"sessionAffinity\":\"None\",\"type\":\"NodePort\"},\"status\":{\"loadBalancer\":{}}}\n"}},"spec":{"ports":[{"name":"http","protocol":"TCP","port":8080,"targetPort":8080,"nodePort":30560},{"name":"metrics","protocol":"TCP","port":5555,"targetPort":"metrics","nodePort":32168}],"selector":{"microservice":"promotion-qualification","project":"promotion-qualification","provider":"amdocs","release":"promotion-qualifictn-release"},"clusterIP":"172.30.198.162","type":"NodePort","sessionAffinity":"None","externalTrafficPolicy":"Cluster"},"status":{"loadBalancer":{}}},{"metadata":{"name":"promotion-saleschannelcriteria-service","namespace":"oc-cd-1017-pranavd-pd","selfLink":"/api/v1/namespaces/oc-cd-1017-pranavd-pd/services/promotion-saleschannelcriteria-service","uid":"a9d570c3-b721-11e8-bb86-0050569a887c","resourceVersion":"66122693","creationTimestamp":"2018-09-13T06:53:04Z","labels":{"chart":"promotion-saleschannelcriteria-0.1.1-0008","expose":"true","microservice":"promotion-saleschannelcr","project":"promotion-saleschannelcriteria","provider":"amdocs","release":"promotion-saleschannelcriteria-release"},"annotations":{"fabric8.io/iconUrl":"img/icons/spring-boot.svg","kubectl.kubernetes.io/last-applied-configuration":"{\"apiVersion\":\"v1\",\"kind\":\"Service\",\"metadata\":{\"annotations\":{\"fabric8.io/iconUrl\":\"img/icons/spring-boot.svg\"},\"creationTimestamp\":null,\"labels\":{\"chart\":\"promotion-saleschannelcriteria-0.1.1-0008\",\"expose\":\"true\",\"microservice\":\"promotion-saleschannelcr\",\"project\":\"promotion-saleschannelcriteria\",\"provider\":\"amdocs\",\"release\":\"promotion-saleschannelcriteria-release\"},\"name\":\"promotion-saleschannelcriteria-service\",\"namespace\":\"oc-cd-1017-pranavd-pd\"},\"spec\":{\"externalTrafficPolicy\":\"Cluster\",\"ports\":[{\"name\":\"http\",\"port\":8080,\"protocol\":\"TCP\",\"targetPort\":8080},{\"name\":\"metrics\",\"port\":5555,\"protocol\":\"TCP\",\"targetPort\":\"metrics\"}],\"selector\":{\"microservice\":\"promotion-saleschannelcr\",\"project\":\"promotion-saleschannelcriteria\",\"provider\":\"amdocs\",\"release\":\"promotion-saleschannelcriteria-release\"},\"sessionAffinity\":\"None\",\"type\":\"NodePort\"},\"status\":{\"loadBalancer\":{}}}\n"}},"spec":{"ports":[{"name":"http","protocol":"TCP","port":8080,"targetPort":8080,"nodePort":34306},{"name":"metrics","protocol":"TCP","port":5555,"targetPort":"metrics","nodePort":31803}],"selector":{"microservice":"promotion-saleschannelcr","project":"promotion-saleschannelcriteria","provider":"amdocs","release":"promotion-saleschannelcriteria-release"},"clusterIP":"172.30.60.80","type":"NodePort","sessionAffinity":"None","externalTrafficPolicy":"Cluster"},"status":{"loadBalancer":{}}},{"metadata":{"name":"release-management-service","namespace":"oc-cd-1017-pranavd-pd","selfLink":"/api/v1/namespaces/oc-cd-1017-pranavd-pd/services/release-management-service","uid":"a9ec4315-b721-11e8-bb86-0050569a887c","resourceVersion":"66122703","creationTimestamp":"2018-09-13T06:53:04Z","labels":{"app":"release-management-service","chart":"release-management-service-1.6.0","prometheus":"amdocs-prometheus","release":"release-management-release"},"annotations":{"kubectl.kubernetes.io/last-applied-configuration":"{\"apiVersion\":\"v1\",\"kind\":\"Service\",\"metadata\":{\"annotations\":{},\"creationTimestamp\":null,\"labels\":{\"app\":\"release-management-service\",\"chart\":\"release-management-service-1.6.0\",\"prometheus\":\"amdocs-prometheus\",\"release\":\"release-management-release\"},\"name\":\"release-management-service\",\"namespace\":\"oc-cd-1017-pranavd-pd\"},\"spec\":{\"externalTrafficPolicy\":\"Cluster\",\"ports\":[{\"name\":\"server\",\"port\":8080,\"protocol\":\"TCP\",\"targetPort\":\"server\"},{\"name\":\"management\",\"port\":8081,\"protocol\":\"TCP\",\"targetPort\":\"management\"},{\"name\":\"metrics\",\"port\":5555,\"protocol\":\"TCP\",\"targetPort\":\"metrics\"},{\"name\":\"debug\",\"port\":5005,\"protocol\":\"TCP\",\"targetPort\":\"debug\"}],\"selector\":{\"app\":\"release-management-service\",\"group\":\"com.amdocs.catalogone\",\"provider\":\"amdocs\",\"release\":\"release-management-release\"},\"sessionAffinity\":\"None\",\"type\":\"NodePort\"},\"status\":{\"loadBalancer\":{}}}\n"}},"spec":{"ports":[{"name":"server","protocol":"TCP","port":8080,"targetPort":"server","nodePort":32564},{"name":"management","protocol":"TCP","port":8081,"targetPort":"management","nodePort":30030},{"name":"metrics","protocol":"TCP","port":5555,"targetPort":"metrics","nodePort":30562},{"name":"debug","protocol":"TCP","port":5005,"targetPort":"debug","nodePort":31821}],"selector":{"app":"release-management-service","group":"com.amdocs.catalogone","provider":"amdocs","release":"release-management-release"},"clusterIP":"172.30.5.247","type":"NodePort","sessionAffinity":"None","externalTrafficPolicy":"Cluster"},"status":{"loadBalancer":{}}},{"metadata":{"name":"repo-service","namespace":"oc-cd-1017-pranavd-pd","selfLink":"/api/v1/namespaces/oc-cd-1017-pranavd-pd/services/repo-service","uid":"a9ffdcb0-b721-11e8-bb86-0050569a887c","resourceVersion":"66122713","creationTimestamp":"2018-09-13T06:53:04Z","labels":{"app":"catalog-repo-plugin-helm","chart":"catalog-repo-plugin-helm-2.0.0","heritage":"Tiller","release":"repo-service-release"},"annotations":{"kubectl.kubernetes.io/last-applied-configuration":"{\"apiVersion\":\"v1\",\"kind\":\"Service\",\"metadata\":{\"annotations\":{},\"creationTimestamp\":null,\"labels\":{\"app\":\"catalog-repo-plugin-helm\",\"chart\":\"catalog-repo-plugin-helm-2.0.0\",\"heritage\":\"Tiller\",\"release\":\"repo-service-release\"},\"name\":\"repo-service\",\"namespace\":\"oc-cd-1017-pranavd-pd\"},\"spec\":{\"externalTrafficPolicy\":\"Cluster\",\"ports\":[{\"name\":\"server\",\"port\":8080,\"protocol\":\"TCP\",\"targetPort\":8080},{\"name\":\"management\",\"port\":8081,\"protocol\":\"TCP\",\"targetPort\":8081}],\"selector\":{\"app\":\"catalog-repo-plugin-helm\",\"group\":\"com.amdocs.foundation.repo\",\"provider\":\"amdocs\",\"release\":\"repo-service-release\"},\"sessionAffinity\":\"None\",\"type\":\"NodePort\"},\"status\":{\"loadBalancer\":{}}}\n"}},"spec":{"ports":[{"name":"server","protocol":"TCP","port":8080,"targetPort":8080,"nodePort":32577},{"name":"management","protocol":"TCP","port":8081,"targetPort":8081,"nodePort":35318}],"selector":{"app":"catalog-repo-plugin-helm","group":"com.amdocs.foundation.repo","provider":"amdocs","release":"repo-service-release"},"clusterIP":"172.30.8.190","type":"NodePort","sessionAffinity":"None","externalTrafficPolicy":"Cluster"},"status":{"loadBalancer":{}}},{"metadata":{"name":"scheduler-task-service","namespace":"oc-cd-1017-pranavd-pd","selfLink":"/api/v1/namespaces/oc-cd-1017-pranavd-pd/services/scheduler-task-service","uid":"aa0d3a6b-b721-11e8-bb86-0050569a887c","resourceVersion":"66122721","creationTimestamp":"2018-09-13T06:53:04Z","labels":{"chart":"scheduler-task-0.1.1-0053","expose":"true","microservice":"scheduler-task","monitored":"prometheus","monitoring":"prometheus","project":"scheduler-task","provider":"amdocs","release":"scheduler"},"annotations":{"fabric8.io/iconUrl":"img/icons/spring-boot.svg","kubectl.kubernetes.io/last-applied-configuration":"{\"apiVersion\":\"v1\",\"kind\":\"Service\",\"metadata\":{\"annotations\":{\"fabric8.io/iconUrl\":\"img/icons/spring-boot.svg\"},\"creationTimestamp\":null,\"labels\":{\"chart\":\"scheduler-task-0.1.1-0053\",\"expose\":\"true\",\"microservice\":\"scheduler-task\",\"monitored\":\"prometheus\",\"monitoring\":\"prometheus\",\"project\":\"scheduler-task\",\"provider\":\"amdocs\",\"release\":\"scheduler\"},\"name\":\"scheduler-task-service\",\"namespace\":\"oc-cd-1017-pranavd-pd\"},\"spec\":{\"externalTrafficPolicy\":\"Cluster\",\"ports\":[{\"name\":\"http\",\"port\":8080,\"protocol\":\"TCP\",\"targetPort\":8080},{\"name\":\"metrics\",\"port\":5555,\"protocol\":\"TCP\",\"targetPort\":\"metrics\"}],\"selector\":{\"microservice\":\"scheduler-task\",\"project\":\"scheduler-task\",\"provider\":\"amdocs\",\"release\":\"scheduler\"},\"sessionAffinity\":\"None\",\"type\":\"NodePort\"},\"status\":{\"loadBalancer\":{}}}\n"}},"spec":{"ports":[{"name":"http","protocol":"TCP","port":8080,"targetPort":8080,"nodePort":31839},{"name":"metrics","protocol":"TCP","port":5555,"targetPort":"metrics","nodePort":31848}],"selector":{"microservice":"scheduler-task","project":"scheduler-task","provider":"amdocs","release":"scheduler"},"clusterIP":"172.30.79.219","type":"NodePort","sessionAffinity":"None","externalTrafficPolicy":"Cluster"},"status":{"loadBalancer":{}}},{"metadata":{"name":"shoppingcart-checkout-service","namespace":"oc-cd-1017-pranavd-pd","selfLink":"/api/v1/namespaces/oc-cd-1017-pranavd-pd/services/shoppingcart-checkout-service","uid":"aa1f884b-b721-11e8-bb86-0050569a887c","resourceVersion":"66122730","creationTimestamp":"2018-09-13T06:53:05Z","labels":{"chart":"shoppingcart-checkout-0.1.1-0025","expose":"true","microservice":"shoppingcart-checkout","monitored":"prometheus","monitoring":"prometheus","project":"shoppingcart-checkout","provider":"amdocs","release":"shoppingcart-checkout-release"},"annotations":{"fabric8.io/iconUrl":"img/icons/spring-boot.svg","kubectl.kubernetes.io/last-applied-configuration":"{\"apiVersion\":\"v1\",\"kind\":\"Service\",\"metadata\":{\"annotations\":{\"fabric8.io/iconUrl\":\"img/icons/spring-boot.svg\"},\"creationTimestamp\":null,\"labels\":{\"chart\":\"shoppingcart-checkout-0.1.1-0025\",\"expose\":\"true\",\"microservice\":\"shoppingcart-checkout\",\"monitored\":\"prometheus\",\"monitoring\":\"prometheus\",\"project\":\"shoppingcart-checkout\",\"provider\":\"amdocs\",\"release\":\"shoppingcart-checkout-release\"},\"name\":\"shoppingcart-checkout-service\",\"namespace\":\"oc-cd-1017-pranavd-pd\"},\"spec\":{\"externalTrafficPolicy\":\"Cluster\",\"ports\":[{\"name\":\"http\",\"port\":8080,\"protocol\":\"TCP\",\"targetPort\":8080},{\"name\":\"https\",\"port\":8443,\"protocol\":\"TCP\",\"targetPort\":\"https\"},{\"name\":\"metrics\",\"port\":5555,\"protocol\":\"TCP\",\"targetPort\":\"metrics\"}],\"selector\":{\"microservice\":\"shoppingcart-checkout\",\"project\":\"shoppingcart-checkout\",\"provider\":\"amdocs\",\"release\":\"shoppingcart-checkout-release\"},\"sessionAffinity\":\"None\",\"type\":\"NodePort\"},\"status\":{\"loadBalancer\":{}}}\n"}},"spec":{"ports":[{"name":"http","protocol":"TCP","port":8080,"targetPort":8080,"nodePort":35324},{"name":"https","protocol":"TCP","port":8443,"targetPort":"https","nodePort":33528},{"name":"metrics","protocol":"TCP","port":5555,"targetPort":"metrics","nodePort":32841}],"selector":{"microservice":"shoppingcart-checkout","project":"shoppingcart-checkout","provider":"amdocs","release":"shoppingcart-checkout-release"},"clusterIP":"172.30.145.116","type":"NodePort","sessionAffinity":"None","externalTrafficPolicy":"Cluster"},"status":{"loadBalancer":{}}},{"metadata":{"name":"shoppingcart-modify-service","namespace":"oc-cd-1017-pranavd-pd","selfLink":"/api/v1/namespaces/oc-cd-1017-pranavd-pd/services/shoppingcart-modify-service","uid":"aa349293-b721-11e8-bb86-0050569a887c","resourceVersion":"66122736","creationTimestamp":"2018-09-13T06:53:05Z","labels":{"chart":"shoppingcart-modify-0.1.1-0025","expose":"true","microservice":"shoppingcart-modify","monitored":"prometheus","monitoring":"prometheus","project":"shoppingcart-modify","provider":"amdocs","release":"shoppingcart-modify-release"},"annotations":{"fabric8.io/iconUrl":"img/icons/spring-boot.svg","kubectl.kubernetes.io/last-applied-configuration":"{\"apiVersion\":\"v1\",\"kind\":\"Service\",\"metadata\":{\"annotations\":{\"fabric8.io/iconUrl\":\"img/icons/spring-boot.svg\"},\"creationTimestamp\":null,\"labels\":{\"chart\":\"shoppingcart-modify-0.1.1-0025\",\"expose\":\"true\",\"microservice\":\"shoppingcart-modify\",\"monitored\":\"prometheus\",\"monitoring\":\"prometheus\",\"project\":\"shoppingcart-modify\",\"provider\":\"amdocs\",\"release\":\"shoppingcart-modify-release\"},\"name\":\"shoppingcart-modify-service\",\"namespace\":\"oc-cd-1017-pranavd-pd\"},\"spec\":{\"externalTrafficPolicy\":\"Cluster\",\"ports\":[{\"name\":\"http\",\"port\":8080,\"protocol\":\"TCP\",\"targetPort\":8080},{\"name\":\"https\",\"port\":8443,\"protocol\":\"TCP\",\"targetPort\":\"https\"},{\"name\":\"metrics\",\"port\":5555,\"protocol\":\"TCP\",\"targetPort\":\"metrics\"}],\"selector\":{\"microservice\":\"shoppingcart-modify\",\"project\":\"shoppingcart-modify\",\"provider\":\"amdocs\",\"release\":\"shoppingcart-modify-release\"},\"sessionAffinity\":\"None\",\"type\":\"NodePort\"},\"status\":{\"loadBalancer\":{}}}\n"}},"spec":{"ports":[{"name":"http","protocol":"TCP","port":8080,"targetPort":8080,"nodePort":33407},{"name":"https","protocol":"TCP","port":8443,"targetPort":"https","nodePort":31851},{"name":"metrics","protocol":"TCP","port":5555,"targetPort":"metrics","nodePort":31894}],"selector":{"microservice":"shoppingcart-modify","project":"shoppingcart-modify","provider":"amdocs","release":"shoppingcart-modify-release"},"clusterIP":"172.30.34.163","type":"NodePort","sessionAffinity":"None","externalTrafficPolicy":"Cluster"},"status":{"loadBalancer":{}}},{"metadata":{"name":"shoppingcart-price-service","namespace":"oc-cd-1017-pranavd-pd","selfLink":"/api/v1/namespaces/oc-cd-1017-pranavd-pd/services/shoppingcart-price-service","uid":"aa49629d-b721-11e8-bb86-0050569a887c","resourceVersion":"66122745","creationTimestamp":"2018-09-13T06:53:05Z","labels":{"chart":"shoppingcart-price-0.1.1-0036","expose":"true","microservice":"shoppingcart-price","monitored":"prometheus","monitoring":"prometheus","project":"shoppingcart-price","provider":"amdocs","release":"shoppingcart-price-release"},"annotations":{"fabric8.io/iconUrl":"img/icons/spring-boot.svg","kubectl.kubernetes.io/last-applied-configuration":"{\"apiVersion\":\"v1\",\"kind\":\"Service\",\"metadata\":{\"annotations\":{\"fabric8.io/iconUrl\":\"img/icons/spring-boot.svg\"},\"creationTimestamp\":null,\"labels\":{\"chart\":\"shoppingcart-price-0.1.1-0036\",\"expose\":\"true\",\"microservice\":\"shoppingcart-price\",\"monitored\":\"prometheus\",\"monitoring\":\"prometheus\",\"project\":\"shoppingcart-price\",\"provider\":\"amdocs\",\"release\":\"shoppingcart-price-release\"},\"name\":\"shoppingcart-price-service\",\"namespace\":\"oc-cd-1017-pranavd-pd\"},\"spec\":{\"externalTrafficPolicy\":\"Cluster\",\"ports\":[{\"name\":\"http\",\"port\":8080,\"protocol\":\"TCP\",\"targetPort\":8080},{\"name\":\"https\",\"port\":8443,\"protocol\":\"TCP\",\"targetPort\":\"https\"},{\"name\":\"metrics\",\"port\":5555,\"protocol\":\"TCP\",\"targetPort\":\"metrics\"}],\"selector\":{\"microservice\":\"shoppingcart-price\",\"project\":\"shoppingcart-price\",\"provider\":\"amdocs\",\"release\":\"shoppingcart-price-release\"},\"sessionAffinity\":\"None\",\"type\":\"NodePort\"},\"status\":{\"loadBalancer\":{}}}\n"}},"spec":{"ports":[{"name":"http","protocol":"TCP","port":8080,"targetPort":8080,"nodePort":34227},{"name":"https","protocol":"TCP","port":8443,"targetPort":"https","nodePort":32116},{"name":"metrics","protocol":"TCP","port":5555,"targetPort":"metrics","nodePort":32130}],"selector":{"microservice":"shoppingcart-price","project":"shoppingcart-price","provider":"amdocs","release":"shoppingcart-price-release"},"clusterIP":"172.30.214.100","type":"NodePort","sessionAffinity":"None","externalTrafficPolicy":"Cluster"},"status":{"loadBalancer":{}}},{"metadata":{"name":"shoppingcart-shoppingcart-service","namespace":"oc-cd-1017-pranavd-pd","selfLink":"/api/v1/namespaces/oc-cd-1017-pranavd-pd/services/shoppingcart-shoppingcart-service","uid":"aa57a6f5-b721-11e8-bb86-0050569a887c","resourceVersion":"66122755","creationTimestamp":"2018-09-13T06:53:05Z","labels":{"chart":"shoppingcart-shoppingcart-0.1.1-0074","expose":"true","microservice":"shoppingcart-shoppingcar","monitored":"prometheus","monitoring":"prometheus","project":"shoppingcart-shoppingcart","provider":"amdocs","release":"shoppingcart-shoppingcart-release"},"annotations":{"fabric8.io/iconUrl":"img/icons/spring-boot.svg","kubectl.kubernetes.io/last-applied-configuration":"{\"apiVersion\":\"v1\",\"kind\":\"Service\",\"metadata\":{\"annotations\":{\"fabric8.io/iconUrl\":\"img/icons/spring-boot.svg\"},\"creationTimestamp\":null,\"labels\":{\"chart\":\"shoppingcart-shoppingcart-0.1.1-0074\",\"expose\":\"true\",\"microservice\":\"shoppingcart-shoppingcar\",\"monitored\":\"prometheus\",\"monitoring\":\"prometheus\",\"project\":\"shoppingcart-shoppingcart\",\"provider\":\"amdocs\",\"release\":\"shoppingcart-shoppingcart-release\"},\"name\":\"shoppingcart-shoppingcart-service\",\"namespace\":\"oc-cd-1017-pranavd-pd\"},\"spec\":{\"externalTrafficPolicy\":\"Cluster\",\"ports\":[{\"name\":\"http\",\"port\":8080,\"protocol\":\"TCP\",\"targetPort\":8080},{\"name\":\"https\",\"port\":8443,\"protocol\":\"TCP\",\"targetPort\":\"https\"},{\"name\":\"metrics\",\"port\":5555,\"protocol\":\"TCP\",\"targetPort\":\"metrics\"}],\"selector\":{\"microservice\":\"shoppingcart-shoppingcar\",\"project\":\"shoppingcart-shoppingcart\",\"provider\":\"amdocs\",\"release\":\"shoppingcart-shoppingcart-release\"},\"sessionAffinity\":\"None\",\"type\":\"NodePort\"},\"status\":{\"loadBalancer\":{}}}\n"}},"spec":{"ports":[{"name":"http","protocol":"TCP","port":8080,"targetPort":8080,"nodePort":32180},{"name":"https","protocol":"TCP","port":8443,"targetPort":"https","nodePort":32198},{"name":"metrics","protocol":"TCP","port":5555,"targetPort":"metrics","nodePort":33272}],"selector":{"microservice":"shoppingcart-shoppingcar","project":"shoppingcart-shoppingcart","provider":"amdocs","release":"shoppingcart-shoppingcart-release"},"clusterIP":"172.30.39.70","type":"NodePort","sessionAffinity":"None","externalTrafficPolicy":"Cluster"},"status":{"loadBalancer":{}}},{"metadata":{"name":"shoppingcart-validate-service","namespace":"oc-cd-1017-pranavd-pd","selfLink":"/api/v1/namespaces/oc-cd-1017-pranavd-pd/services/shoppingcart-validate-service","uid":"aa67bed3-b721-11e8-bb86-0050569a887c","resourceVersion":"66122762","creationTimestamp":"2018-09-13T06:53:05Z","labels":{"chart":"shoppingcart-validate-0.1.1-0029","expose":"true","microservice":"shoppingcart-validate","monitored":"prometheus","monitoring":"prometheus","project":"shoppingcart-validate","provider":"amdocs","release":"shoppingcart-validate-release"},"annotations":{"fabric8.io/iconUrl":"img/icons/spring-boot.svg","kubectl.kubernetes.io/last-applied-configuration":"{\"apiVersion\":\"v1\",\"kind\":\"Service\",\"metadata\":{\"annotations\":{\"fabric8.io/iconUrl\":\"img/icons/spring-boot.svg\"},\"creationTimestamp\":null,\"labels\":{\"chart\":\"shoppingcart-validate-0.1.1-0029\",\"expose\":\"true\",\"microservice\":\"shoppingcart-validate\",\"monitored\":\"prometheus\",\"monitoring\":\"prometheus\",\"project\":\"shoppingcart-validate\",\"provider\":\"amdocs\",\"release\":\"shoppingcart-validate-release\"},\"name\":\"shoppingcart-validate-service\",\"namespace\":\"oc-cd-1017-pranavd-pd\"},\"spec\":{\"externalTrafficPolicy\":\"Cluster\",\"ports\":[{\"name\":\"http\",\"port\":8080,\"protocol\":\"TCP\",\"targetPort\":8080},{\"name\":\"https\",\"port\":8443,\"protocol\":\"TCP\",\"targetPort\":\"https\"},{\"name\":\"metrics\",\"port\":5555,\"protocol\":\"TCP\",\"targetPort\":\"metrics\"}],\"selector\":{\"microservice\":\"shoppingcart-validate\",\"project\":\"shoppingcart-validate\",\"provider\":\"amdocs\",\"release\":\"shoppingcart-validate-release\"},\"sessionAffinity\":\"None\",\"type\":\"NodePort\"},\"status\":{\"loadBalancer\":{}}}\n"}},"spec":{"ports":[{"name":"http","protocol":"TCP","port":8080,"targetPort":8080,"nodePort":32200},{"name":"https","protocol":"TCP","port":8443,"targetPort":"https","nodePort":33334},{"name":"metrics","protocol":"TCP","port":5555,"targetPort":"metrics","nodePort":33040}],"selector":{"microservice":"shoppingcart-validate","project":"shoppingcart-validate","provider":"amdocs","release":"shoppingcart-validate-release"},"clusterIP":"172.30.135.231","type":"NodePort","sessionAffinity":"None","externalTrafficPolicy":"Cluster"},"status":{"loadBalancer":{}}},{"metadata":{"name":"stock-productstock-service","namespace":"oc-cd-1017-pranavd-pd","selfLink":"/api/v1/namespaces/oc-cd-1017-pranavd-pd/services/stock-productstock-service","uid":"aa773748-b721-11e8-bb86-0050569a887c","resourceVersion":"66122767","creationTimestamp":"2018-09-13T06:53:05Z","labels":{"chart":"stock-productstock-0.1.0-0059","expose":"true","microservice":"stock-productstock","project":"stock-productstock","provider":"amdocs","release":"stock-productstock-release"},"annotations":{"fabric8.io/iconUrl":"img/icons/spring-boot.svg","kubectl.kubernetes.io/last-applied-configuration":"{\"apiVersion\":\"v1\",\"kind\":\"Service\",\"metadata\":{\"annotations\":{\"fabric8.io/iconUrl\":\"img/icons/spring-boot.svg\"},\"creationTimestamp\":null,\"labels\":{\"chart\":\"stock-productstock-0.1.0-0059\",\"expose\":\"true\",\"microservice\":\"stock-productstock\",\"project\":\"stock-productstock\",\"provider\":\"amdocs\",\"release\":\"stock-productstock-release\"},\"name\":\"stock-productstock-service\",\"namespace\":\"oc-cd-1017-pranavd-pd\"},\"spec\":{\"externalTrafficPolicy\":\"Cluster\",\"ports\":[{\"name\":\"http\",\"port\":8080,\"protocol\":\"TCP\",\"targetPort\":8080},{\"name\":\"metrics\",\"port\":5555,\"protocol\":\"TCP\",\"targetPort\":\"metrics\"}],\"selector\":{\"microservice\":\"stock-productstock\",\"project\":\"stock-productstock\",\"provider\":\"amdocs\",\"release\":\"stock-productstock-release\"},\"sessionAffinity\":\"None\",\"type\":\"NodePort\"},\"status\":{\"loadBalancer\":{}}}\n"}},"spec":{"ports":[{"name":"http","protocol":"TCP","port":8080,"targetPort":8080,"nodePort":33497},{"name":"metrics","protocol":"TCP","port":5555,"targetPort":"metrics","nodePort":33289}],"selector":{"microservice":"stock-productstock","project":"stock-productstock","provider":"amdocs","release":"stock-productstock-release"},"clusterIP":"172.30.199.138","type":"NodePort","sessionAffinity":"None","externalTrafficPolicy":"Cluster"},"status":{"loadBalancer":{}}},{"metadata":{"name":"stock-productstockbridge-service","namespace":"oc-cd-1017-pranavd-pd","selfLink":"/api/v1/namespaces/oc-cd-1017-pranavd-pd/services/stock-productstockbridge-service","uid":"aa89bc50-b721-11e8-bb86-0050569a887c","resourceVersion":"66122775","creationTimestamp":"2018-09-13T06:53:05Z","labels":{"chart":"stock-productstockbridge-0.1.0-0049","expose":"true","microservice":"stock-productstockbridge","project":"stock-productstockbridge","provider":"amdocs","release":"stock-productstockbridge-release"},"annotations":{"fabric8.io/iconUrl":"img/icons/spring-boot.svg","kubectl.kubernetes.io/last-applied-configuration":"{\"apiVersion\":\"v1\",\"kind\":\"Service\",\"metadata\":{\"annotations\":{\"fabric8.io/iconUrl\":\"img/icons/spring-boot.svg\"},\"creationTimestamp\":null,\"labels\":{\"chart\":\"stock-productstockbridge-0.1.0-0049\",\"expose\":\"true\",\"microservice\":\"stock-productstockbridge\",\"project\":\"stock-productstockbridge\",\"provider\":\"amdocs\",\"release\":\"stock-productstockbridge-release\"},\"name\":\"stock-productstockbridge-service\",\"namespace\":\"oc-cd-1017-pranavd-pd\"},\"spec\":{\"externalTrafficPolicy\":\"Cluster\",\"ports\":[{\"name\":\"http\",\"port\":8080,\"protocol\":\"TCP\",\"targetPort\":8080},{\"name\":\"metrics\",\"port\":5555,\"protocol\":\"TCP\",\"targetPort\":\"metrics\"}],\"selector\":{\"microservice\":\"stock-productstockbridge\",\"project\":\"stock-productstockbridge\",\"provider\":\"amdocs\",\"release\":\"stock-productstockbridge-release\"},\"sessionAffinity\":\"None\",\"type\":\"NodePort\"},\"status\":{\"loadBalancer\":{}}}\n"}},"spec":{"ports":[{"name":"http","protocol":"TCP","port":8080,"targetPort":8080,"nodePort":32860},{"name":"metrics","protocol":"TCP","port":5555,"targetPort":"metrics","nodePort":32233}],"selector":{"microservice":"stock-productstockbridge","project":"stock-productstockbridge","provider":"amdocs","release":"stock-productstockbridge-release"},"clusterIP":"172.30.224.37","type":"NodePort","sessionAffinity":"None","externalTrafficPolicy":"Cluster"},"status":{"loadBalancer":{}}},{"metadata":{"name":"zookeeper-service","namespace":"oc-cd-1017-pranavd-pd","selfLink":"/api/v1/namespaces/oc-cd-1017-pranavd-pd/services/zookeeper-service","uid":"9dbca0b3-b721-11e8-bb86-0050569a887c","resourceVersion":"66120868","creationTimestamp":"2018-09-13T06:52:44Z","labels":{"projectexportable":"No"},"annotations":{"kubectl.kubernetes.io/last-applied-configuration":"{\"apiVersion\":\"v1\",\"kind\":\"Service\",\"metadata\":{\"annotations\":{},\"labels\":{\"projectexportable\":\"No\"},\"name\":\"zookeeper-service\",\"namespace\":\"oc-cd-1017-pranavd-pd\"},\"spec\":{\"ports\":[{\"name\":\"zookeeper-port\",\"nodePort\":0,\"port\":2181,\"protocol\":\"TCP\",\"targetPort\":2181}],\"selector\":{}}}\n"}},"spec":{"ports":[{"name":"zookeeper-port","protocol":"TCP","port":2181,"targetPort":2181}],"clusterIP":"172.30.99.172","type":"ClusterIP","sessionAffinity":"None"},"status":{"loadBalancer":{}}}]}
]]>
            </line>
            <line>
              <![CDATA[</div>]]>
            </line>
            <line>
              <![CDATA[</div>]]>
            </line>
            <line>
              <![CDATA[</div>]]>
            </line>
            <line>
              <![CDATA[</div>]]>
            </line>
            <line>
              <![CDATA[</td>]]>
            </line>
            <line>
              <![CDATA[</tr>]]>
            </line>
            <line>
              <![CDATA[<tr class="table-success"><td colspan="2">Response status: expected=200 actual=200; Value: true</td></tr>]]>
            </line>
            <line>
              <![CDATA[<tr class="table-info"><td class="text-dark font-weight-bold">Request Type </td><td class="" >GET</td></tr>]]>
            </line>
            <line>
              <![CDATA[<tr><td class="text-dark font-weight-bold">URI </td><td class="" > https://ilocpde01-master.corp.amdocs.com:8443/api/v1/namespaces/oc-cd-1017-pranavd-pd/pods </td></tr>]]>
            </line>
            <line>
              <![CDATA[<tr><td class="text-dark font-weight-bold" colspan="2">Headers : </td></tr>]]>
            </line>
            <line>
              <![CDATA[<tr>]]>
            </line>
            <line>
              <![CDATA[<td class="text-dark font-weight-bold" >Authorization :</td>]]>
            </line>
            <line>
              <![CDATA[<td class="" >]]>
            </line>
            <line>
              <![CDATA[<a href="" class="alert-link" data-toggle="modal" data-target="#rest_assured_logger_modal_value_10">Show</a>]]>
            </line>
            <line>
              <![CDATA[<div class="modal fade"  id="rest_assured_logger_modal_value_10" tabindex="-1" role="dialog">]]>
            </line>
            <line>
              <![CDATA[<div class="modal-dialog" role="document">]]>
            </line>
            <line>
              <![CDATA[<div class="modal-content">]]>
            </line>
            <line>
              <![CDATA[<div class="modal-header text-white bg-info">]]>
            </line>
            <line>
              <![CDATA[<h5 class="modal-title" id="title1">Authorization</h5>]]>
            </line>
            <line>
              <![CDATA[<span class="h6 text-light ml-2 mt-2">(click on the Text to copy)</span>]]>
            </line>
            <line>
              <![CDATA[<button type="button" class="close" data-dismiss="modal" aria-label="Close">]]>
            </line>
            <line>
              <![CDATA[<span aria-hidden="true">&times;</span>]]>
            </line>
            <line>
              <![CDATA[</button>]]>
            </line>
            <line>
              <![CDATA[</div>]]>
            </line>
            <line>
              <![CDATA[<div onClick="copyMePlease(this)" class="modal-body">]]>
            </line>
            <line>
              <![CDATA[Bearer eyJhbGciOiJSUzI1NiIsInR5cCI6IkpXVCJ9.eyJpc3MiOiJrdWJlcm5ldGVzL3NlcnZpY2VhY2NvdW50Iiwia3ViZXJuZXRlcy5pby9zZXJ2aWNlYWNjb3VudC9uYW1lc3BhY2UiOiJvYy1jZC0xMDE3LXByYW5hdmQtcGQiLCJrdWJlcm5ldGVzLmlvL3NlcnZpY2VhY2NvdW50L3NlY3JldC5uYW1lIjoiZml0LXNhLXRva2VuLTRsdzZtIiwia3ViZXJuZXRlcy5pby9zZXJ2aWNlYWNjb3VudC9zZXJ2aWNlLWFjY291bnQubmFtZSI6ImZpdC1zYSIsImt1YmVybmV0ZXMuaW8vc2VydmljZWFjY291bnQvc2VydmljZS1hY2NvdW50LnVpZCI6IjljYzViYmMxLWI3MjEtMTFlOC1iYjg2LTAwNTA1NjlhODg3YyIsInN1YiI6InN5c3RlbTpzZXJ2aWNlYWNjb3VudDpvYy1jZC0xMDE3LXByYW5hdmQtcGQ6Zml0LXNhIn0.KMmKTeThNBXz_F_aqQoUpcSw1eXkrR4xr7tITRdfs2IDTLfXzxGfYk9fOni2zyhlVH7lx9mB94bVkI2zWqa7cjR9z1DEW7OxPFq1XQ11yspYFG3tOi0NdNeaD66XB9TIbGEwbQYl92ZDsy5y3eD5echit18B52IMq8nvaNvTNXESzdGqsxtBMnNpUhtYUZy5xgasoKUwTR34rg91XgeZagjVsH2FJ8R7gIB9fXg8-IR4ZatJitxo40caTeHkGUvjI5aGADQCzytee87Yq6fAeXRb9sZcFUFmJkqf7OLl1FQkH41UG3zjfqtc00mNCzpXEVVbuqiw4ghZYNnh1tPJQA]]>
            </line>
            <line>
              <![CDATA[</div>]]>
            </line>
            <line>
              <![CDATA[</div>]]>
            </line>
            <line>
              <![CDATA[</div>]]>
            </line>
            <line>
              <![CDATA[</div>]]>
            </line>
            <line>
              <![CDATA[</td>]]>
            </line>
            <line>
              <![CDATA[</tr>]]>
            </line>
            <line>
              <![CDATA[<tr>]]>
            </line>
            <line>
              <![CDATA[<td class="text-dark font-weight-bold" >Payload :</td>]]>
            </line>
            <line>
              <![CDATA[<td class="" >]]>
            </line>
            <line>
              <![CDATA[<a href="" class="alert-link" data-toggle="modal" data-target="#rest_assured_logger_modal_value_11">Show</a>]]>
            </line>
            <line>
              <![CDATA[<div class="modal fade"  id="rest_assured_logger_modal_value_11" tabindex="-1" role="dialog">]]>
            </line>
            <line>
              <![CDATA[<div class="modal-dialog" role="document">]]>
            </line>
            <line>
              <![CDATA[<div class="modal-content">]]>
            </line>
            <line>
              <![CDATA[<div class="modal-header text-white bg-info">]]>
            </line>
            <line>
              <![CDATA[<h5 class="modal-title" id="title1">Payload</h5>]]>
            </line>
            <line>
              <![CDATA[<span class="h6 text-light ml-2 mt-2">(click on the Text to copy)</span>]]>
            </line>
            <line>
              <![CDATA[<button type="button" class="close" data-dismiss="modal" aria-label="Close">]]>
            </line>
            <line>
              <![CDATA[<span aria-hidden="true">&times;</span>]]>
            </line>
            <line>
              <![CDATA[</button>]]>
            </line>
            <line>
              <![CDATA[</div>]]>
            </line>
            <line>
              <![CDATA[<div onClick="copyMePlease(this)" class="modal-body">]]>
            </line>
            <line>
              <![CDATA[None]]>
            </line>
            <line>
              <![CDATA[</div>]]>
            </line>
            <line>
              <![CDATA[</div>]]>
            </line>
            <line>
              <![CDATA[</div>]]>
            </line>
            <line>
              <![CDATA[</div>]]>
            </line>
            <line>
              <![CDATA[</td>]]>
            </line>
            <line>
              <![CDATA[</tr>]]>
            </line>
            <line>
              <![CDATA[<tr>]]>
            </line>
            <line>
              <![CDATA[<td class="text-dark font-weight-bold" >Response Header :</td>]]>
            </line>
            <line>
              <![CDATA[<td class="" >]]>
            </line>
            <line>
              <![CDATA[<a href="" class="alert-link" data-toggle="modal" data-target="#modal_value_4">Show</a>]]>
            </line>
            <line>
              <![CDATA[<div class="modal fade"  id="modal_value_4" tabindex="-1" role="dialog">]]>
            </line>
            <line>
              <![CDATA[<div class="modal-dialog" role="document">]]>
            </line>
            <line>
              <![CDATA[<div class="modal-content">]]>
            </line>
            <line>
              <![CDATA[<div class="modal-header text-white bg-info">]]>
            </line>
            <line>
              <![CDATA[<h5 class="modal-title" id="title1">Response Header</h5>]]>
            </line>
            <line>
              <![CDATA[<span class="h6 text-light ml-2 mt-2">(click on the Text to copy)</span>]]>
            </line>
            <line>
              <![CDATA[<button type="button" class="close" data-dismiss="modal" aria-label="Close">]]>
            </line>
            <line>
              <![CDATA[<span aria-hidden="true">&times;</span>]]>
            </line>
            <line>
              <![CDATA[</button>]]>
            </line>
            <line>
              <![CDATA[</div>]]>
            </line>
            <line>
              <![CDATA[<div onClick="copyMePlease(this)" class="modal-body">]]>
            </line>
            <line>
              <![CDATA[Cache-Control=no-store
	Content-Type=application/json
	Date=Tue, 18 Sep 2018 09:40:40 GMT
	Transfer-Encoding=chunked]]>
            </line>
            <line>
              <![CDATA[</div>]]>
            </line>
            <line>
              <![CDATA[</div>]]>
            </line>
            <line>
              <![CDATA[</div>]]>
            </line>
            <line>
              <![CDATA[</div>]]>
            </line>
            <line>
              <![CDATA[</td>]]>
            </line>
            <line>
              <![CDATA[</tr>]]>
            </line>
            <line>
              <![CDATA[<tr>]]>
            </line>
            <line>
              <![CDATA[<td class="text-dark font-weight-bold" >Response :</td>]]>
            </line>
            <line>
              <![CDATA[<td class="" >]]>
            </line>
            <line>
              <![CDATA[<a href="" class="alert-link" data-toggle="modal" data-target="#rest_assured_logger_modal_value_12">Show</a>]]>
            </line>
            <line>
              <![CDATA[<div class="modal fade"  id="rest_assured_logger_modal_value_12" tabindex="-1" role="dialog">]]>
            </line>
            <line>
              <![CDATA[<div class="modal-dialog" role="document">]]>
            </line>
            <line>
              <![CDATA[<div class="modal-content">]]>
            </line>
            <line>
              <![CDATA[<div class="modal-header text-white bg-info">]]>
            </line>
            <line>
              <![CDATA[<h5 class="modal-title" id="title1">Response</h5>]]>
            </line>
            <line>
              <![CDATA[<span class="h6 text-light ml-2 mt-2">(click on the Text to copy)</span>]]>
            </line>
            <line>
              <![CDATA[<button type="button" class="close" data-dismiss="modal" aria-label="Close">]]>
            </line>
            <line>
              <![CDATA[<span aria-hidden="true">&times;</span>]]>
            </line>
            <line>
              <![CDATA[</button>]]>
            </line>
            <line>
              <![CDATA[</div>]]>
            </line>
            <line>
              <![CDATA[<div onClick="copyMePlease(this)" class="modal-body">]]>
            </line>
            <line>
              <![CDATA[{"kind":"PodList","apiVersion":"v1","metadata":{"selfLink":"/api/v1/namespaces/oc-cd-1017-pranavd-pd/pods","resourceVersion":"69531575"},"items":[{"metadata":{"name":"authoring-command-service-79ddf967b7-p9p99","generateName":"authoring-command-service-79ddf967b7-","namespace":"oc-cd-1017-pranavd-pd","selfLink":"/api/v1/namespaces/oc-cd-1017-pranavd-pd/pods/authoring-command-service-79ddf967b7-p9p99","uid":"a09529e3-b721-11e8-bb86-0050569a887c","resourceVersion":"66126477","creationTimestamp":"2018-09-13T06:52:49Z","labels":{"app":"authoring-command-service","group":"com.amdocs.catalogone","pod-template-hash":"3588952363","prometheus":"amdocs-prometheus","release":"authoring-release"},"annotations":{"openshift.io/scc":"anyuid-no-ps"},"ownerReferences":[{"apiVersion":"extensions/v1beta1","kind":"ReplicaSet","name":"authoring-command-service-79ddf967b7","uid":"a08d6aaa-b721-11e8-bb86-0050569a887c","controller":true,"blockOwnerDeletion":true}]},"spec":{"volumes":[{"name":"auth-configmap","configMap":{"name":"authoring-command-service-configmap","items":[{"key":"application.yml","path":"application.yml"}],"defaultMode":420}},{"name":"default-token-vdgk4","secret":{"secretName":"default-token-vdgk4","defaultMode":420}}],"containers":[{"name":"authoring-command-service","image":"illin5225.corp.amdocs.com:5002/authoring-command-service:2.5.2","ports":[{"name":"server","containerPort":8080,"protocol":"TCP"},{"name":"management","containerPort":8081,"protocol":"TCP"},{"name":"metrics","containerPort":5555,"protocol":"TCP"},{"name":"debug","containerPort":5005,"protocol":"TCP"}],"env":[{"name":"MSNEXT_JAVA_OPTS","value":"-XX:+UnlockExperimentalVMOptions -XX:+UseCGroupMemoryLimitForHeap -XX:InitialRAMFraction=4 -XX:MaxRAMFraction=2 -XX:+PrintFlagsFinal"},{"name":"ENABLE_ZIPKIN","value":"false"},{"name":"MSNEXT_CONF_SOURCE_APP1","value":"/deployments/config/applications/auth"},{"name":"ENABLE_CONSUMER","value":"true"},{"name":"BR_MS_HOST","value":"business-request-service:8080"},{"name":"BR_MS_PROTOCOL","value":"http"},{"name":"BUSINESS_MS_HOST","value":"business-parameter-service:8080"},{"name":"BUSINESS_MS_PROTOCOL","value":"http"},{"name":"ES_MS_HOST","value":"entity-search"},{"name":"PRICING_POLICY_MS_HOST","value":"tech-authoring-command-service:8080"},{"name":"PRICING_POLICY_MS_PROTOCOL","value":"http"},{"name":"BUSINESS_VALIDATION_MS_HOST","value":"business-validation-service:8080"},{"name":"BUSINESS_VALIDATION_MS_PROTOCOL","value":"http"},{"name":"JAVA_ENABLE_DEBUG","value":"false"}],"resources":{"limits":{"cpu":"1","memory":"1Gi"},"requests":{"cpu":"200m","memory":"500Mi"}},"volumeMounts":[{"name":"auth-configmap","mountPath":"/deployments/config/applications/auth"},{"name":"default-token-vdgk4","readOnly":true,"mountPath":"/var/run/secrets/kubernetes.io/serviceaccount"}],"livenessProbe":{"httpGet":{"path":"/health","port":8081,"scheme":"HTTP"},"initialDelaySeconds":450,"timeoutSeconds":1,"periodSeconds":10,"successThreshold":1,"failureThreshold":3},"readinessProbe":{"httpGet":{"path":"/health","port":8081,"scheme":"HTTP"},"initialDelaySeconds":180,"timeoutSeconds":1,"periodSeconds":10,"successThreshold":1,"failureThreshold":3},"terminationMessagePath":"/dev/termination-log","terminationMessagePolicy":"File","imagePullPolicy":"IfNotPresent","securityContext":{"capabilities":{"drop":["MKNOD"]}}}],"restartPolicy":"Always","terminationGracePeriodSeconds":30,"dnsPolicy":"ClusterFirst","nodeSelector":{"region":"work"},"serviceAccountName":"default","serviceAccount":"default","nodeName":"ilocpde01w02.corp.amdocs.com","securityContext":{"seLinuxOptions":{"level":"s0:c82,c59"}},"imagePullSecrets":[{"name":"authoring-command-service-pull-secret"}],"schedulerName":"default-scheduler","tolerations":[{"key":"node.kubernetes.io/memory-pressure","operator":"Exists","effect":"NoSchedule"}]},"status":{"phase":"Running","conditions":[{"type":"Initialized","status":"True","lastProbeTime":null,"lastTransitionTime":"2018-09-13T06:52:49Z"},{"type":"Ready","status":"True","lastProbeTime":null,"lastTransitionTime":"2018-09-13T06:56:31Z"},{"type":"PodScheduled","status":"True","lastProbeTime":null,"lastTransitionTime":"2018-09-13T06:52:49Z"}],"hostIP":"10.245.250.21","podIP":"10.128.12.142","startTime":"2018-09-13T06:52:49Z","containerStatuses":[{"name":"authoring-command-service","state":{"running":{"startedAt":"2018-09-13T06:53:23Z"}},"lastState":{},"ready":true,"restartCount":0,"image":"illin5225.corp.amdocs.com:5002/authoring-command-service:2.5.0","imageID":"docker-pullable://illin5225.corp.amdocs.com:5002/authoring-command-service@sha256:4ebe57cf4462200115808f2f3e65b585ce69deafc9c527f1bb28b70db8700fa6","containerID":"docker://d95bbe64553f9e715658aaa2154750730fb73794b06d996c32fa912facefc56e"}],"qosClass":"Burstable"}},{"metadata":{"name":"business-request-service-7489476b9c-kjxz8","generateName":"business-request-service-7489476b9c-","namespace":"oc-cd-1017-pranavd-pd","selfLink":"/api/v1/namespaces/oc-cd-1017-pranavd-pd/pods/business-request-service-7489476b9c-kjxz8","uid":"a0a0ef8a-b721-11e8-bb86-0050569a887c","resourceVersion":"66126380","creationTimestamp":"2018-09-13T06:52:49Z","labels":{"app":"business-request-service","group":"com.amdocs.catalogone","pod-template-hash":"3045032657","prometheus":"amdocs-prometheus","provider":"amdocs","release":"business-request-release"},"annotations":{"openshift.io/scc":"anyuid-no-ps"},"ownerReferences":[{"apiVersion":"extensions/v1beta1","kind":"ReplicaSet","name":"business-request-service-7489476b9c","uid":"a094ee5a-b721-11e8-bb86-0050569a887c","controller":true,"blockOwnerDeletion":true}]},"spec":{"volumes":[{"name":"business-request-configmap","configMap":{"name":"business-request-configmap","items":[{"key":"application.yml","path":"application.yml"}],"defaultMode":420}},{"name":"default-token-vdgk4","secret":{"secretName":"default-token-vdgk4","defaultMode":420}}],"containers":[{"name":"business-request-service","image":"illin5225.corp.amdocs.com:5002/business-request-service:1.6.0","ports":[{"name":"server","containerPort":8080,"protocol":"TCP"},{"name":"management","containerPort":8081,"protocol":"TCP"},{"name":"metrics","containerPort":5555,"protocol":"TCP"},{"name":"debug","containerPort":5005,"protocol":"TCP"}],"env":[{"name":"MSNEXT_JAVA_OPTS","value":"-XX:+UnlockExperimentalVMOptions -XX:+UseCGroupMemoryLimitForHeap -XX:InitialRAMFraction=4 -XX:MaxRAMFraction=2 -XX:+PrintFlagsFinal"},{"name":"COUCHBASE_HOST","value":"catalog1-couchbase-service"},{"name":"ENABLE_ZIPKIN","value":"false"},{"name":"MSNEXT_CONF_SOURCE_APP1","value":"/deployments/config/applications/businessRequest"},{"name":"CONSUME_EVENTS","value":"true"},{"name":"REPO_MS_HOST","value":"repo-service:8080"},{"name":"REPO_MS_PROTOCOL","value":"http"},{"name":"BUSINESS_VALIDATION_MS_HOST","value":"business-validation-service:8080"},{"name":"BUSINESS_VALIDATION_MS_PROTOCOL","value":"http"},{"name":"REPOSITORY_NAME","value":"CatalogOne"},{"name":"REPOSITORY_WORKSTREAM","value":"production"},{"name":"NUMBER_OF_ENTITIES_PER_EVENT","value":"200"},{"name":"JAVA_ENABLE_DEBUG","value":"false"}],"resources":{"limits":{"cpu":"1","memory":"1536Mi"},"requests":{"cpu":"200m","memory":"500Mi"}},"volumeMounts":[{"name":"business-request-configmap","mountPath":"/deployments/config/applications/businessRequest"},{"name":"default-token-vdgk4","readOnly":true,"mountPath":"/var/run/secrets/kubernetes.io/serviceaccount"}],"livenessProbe":{"httpGet":{"path":"/health","port":8081,"scheme":"HTTP"},"initialDelaySeconds":450,"timeoutSeconds":1,"periodSeconds":10,"successThreshold":1,"failureThreshold":3},"readinessProbe":{"httpGet":{"path":"/health","port":8081,"scheme":"HTTP"},"initialDelaySeconds":180,"timeoutSeconds":1,"periodSeconds":10,"successThreshold":1,"failureThreshold":3},"terminationMessagePath":"/dev/termination-log","terminationMessagePolicy":"File","imagePullPolicy":"IfNotPresent","securityContext":{"capabilities":{"drop":["MKNOD"]}}}],"restartPolicy":"Always","terminationGracePeriodSeconds":30,"dnsPolicy":"ClusterFirst","nodeSelector":{"region":"work"},"serviceAccountName":"default","serviceAccount":"default","nodeName":"ilocpde01w35.corp.amdocs.com","securityContext":{"seLinuxOptions":{"level":"s0:c82,c59"}},"imagePullSecrets":[{"name":"business-request-pull-secret"}],"schedulerName":"default-scheduler","tolerations":[{"key":"node.kubernetes.io/memory-pressure","operator":"Exists","effect":"NoSchedule"}]},"status":{"phase":"Running","conditions":[{"type":"Initialized","status":"True","lastProbeTime":null,"lastTransitionTime":"2018-09-13T06:52:49Z"},{"type":"Ready","status":"True","lastProbeTime":null,"lastTransitionTime":"2018-09-13T06:56:27Z"},{"type":"PodScheduled","status":"True","lastProbeTime":null,"lastTransitionTime":"2018-09-13T06:52:49Z"}],"hostIP":"10.245.251.176","podIP":"10.128.81.235","startTime":"2018-09-13T06:52:49Z","containerStatuses":[{"name":"business-request-service","state":{"running":{"startedAt":"2018-09-13T06:53:24Z"}},"lastState":{},"ready":true,"restartCount":0,"image":"illin5225.corp.amdocs.com:5002/business-request-service:1.6.0","imageID":"docker-pullable://illin5225.corp.amdocs.com:5002/business-request-service@sha256:e222ffb5f95b2d5f23953cb3f5d6db308616b0bff99e1238970247bff7fbc205","containerID":"docker://ff2afe874bf8167d282454c82fbc93370add99c6bc34ed6a2d769fa3e9e16f7f"}],"qosClass":"Burstable"}},{"metadata":{"name":"business-validation-service-8c8884d65-9ghgb","generateName":"business-validation-service-8c8884d65-","namespace":"oc-cd-1017-pranavd-pd","selfLink":"/api/v1/namespaces/oc-cd-1017-pranavd-pd/pods/business-validation-service-8c8884d65-9ghgb","uid":"a0ab5c41-b721-11e8-bb86-0050569a887c","resourceVersion":"68523311","creationTimestamp":"2018-09-13T06:52:49Z","labels":{"app":"business-validation-service","group":"com.amdocs.catalogone","monitoring":"prometheus","pod-template-hash":"474440821","prometheus":"amdocs-prometheus","provider":"amdocs","release":"business-validation-release"},"annotations":{"openshift.io/scc":"anyuid-no-ps"},"ownerReferences":[{"apiVersion":"extensions/v1beta1","kind":"ReplicaSet","name":"business-validation-service-8c8884d65","uid":"a0a4eda2-b721-11e8-bb86-0050569a887c","controller":true,"blockOwnerDeletion":true}]},"spec":{"volumes":[{"name":"validation-configmap","configMap":{"name":"validation-configmap","items":[{"key":"application.yml","path":"application.yml"}],"defaultMode":420}},{"name":"default-token-vdgk4","secret":{"secretName":"default-token-vdgk4","defaultMode":420}}],"containers":[{"name":"business-validation-service","image":"illin5225.corp.amdocs.com:5002/business-validation-service:1.2.1","ports":[{"name":"server","containerPort":8080,"protocol":"TCP"},{"name":"management","containerPort":8081,"protocol":"TCP"},{"name":"metrics","containerPort":5555,"protocol":"TCP"},{"name":"debug","containerPort":5005,"protocol":"TCP"}],"env":[{"name":"MSNEXT_JAVA_OPTS","value":"-XX:+UnlockExperimentalVMOptions -XX:+UseCGroupMemoryLimitForHeap -XX:InitialRAMFraction=4 -XX:MaxRAMFraction=2 -XX:+PrintFlagsFinal"},{"name":"COUCHBASE_HOST","value":"catalog1-couchbase-service"},{"name":"ENABLE_ZIPKIN","value":"false"},{"name":"MSNEXT_CONF_SOURCE_APP1","value":"/deployments/config/applications/validation"},{"name":"CONSUME_EVENTS","value":"true"},{"name":"JAVA_ENABLE_DEBUG","value":"false"},{"name":"ES_MS_HOST","value":"entity-search:8080"},{"name":"ES_MS_PROTOCOL","value":"http"},{"name":"BUSINESS_PARAM_MS_HOST","value":"business-parameter-service:8080"},{"name":"BUSINESS_PARAM_MS_PROTOCOL","value":"http"}],"resources":{"limits":{"cpu":"1","memory":"1Gi"},"requests":{"cpu":"200m","memory":"500Mi"}},"volumeMounts":[{"name":"validation-configmap","mountPath":"/deployments/config/applications/validation"},{"name":"default-token-vdgk4","readOnly":true,"mountPath":"/var/run/secrets/kubernetes.io/serviceaccount"}],"livenessProbe":{"httpGet":{"path":"/health","port":8081,"scheme":"HTTP"},"initialDelaySeconds":450,"timeoutSeconds":1,"periodSeconds":10,"successThreshold":1,"failureThreshold":3},"readinessProbe":{"httpGet":{"path":"/health","port":8081,"scheme":"HTTP"},"initialDelaySeconds":120,"timeoutSeconds":1,"periodSeconds":10,"successThreshold":1,"failureThreshold":3},"terminationMessagePath":"/dev/termination-log","terminationMessagePolicy":"File","imagePullPolicy":"IfNotPresent","securityContext":{"capabilities":{"drop":["MKNOD"]}}}],"restartPolicy":"Always","terminationGracePeriodSeconds":30,"dnsPolicy":"ClusterFirst","nodeSelector":{"region":"work"},"serviceAccountName":"default","serviceAccount":"default","nodeName":"ilocpde01w34.corp.amdocs.com","securityContext":{"seLinuxOptions":{"level":"s0:c82,c59"}},"imagePullSecrets":[{"name":"validation-illin5225-pull-secret"}],"schedulerName":"default-scheduler","tolerations":[{"key":"node.kubernetes.io/memory-pressure","operator":"Exists","effect":"NoSchedule"}]},"status":{"phase":"Running","conditions":[{"type":"Initialized","status":"True","lastProbeTime":null,"lastTransitionTime":"2018-09-13T06:52:49Z"},{"type":"Ready","status":"True","lastProbeTime":null,"lastTransitionTime":"2018-09-16T21:37:22Z"},{"type":"PodScheduled","status":"True","lastProbeTime":null,"lastTransitionTime":"2018-09-13T06:52:49Z"}],"hostIP":"10.245.251.175","podIP":"10.128.78.119","startTime":"2018-09-13T06:52:49Z","containerStatuses":[{"name":"business-validation-service","state":{"running":{"startedAt":"2018-09-16T21:35:17Z"}},"lastState":{"terminated":{"exitCode":137,"reason":"OOMKilled","startedAt":"2018-09-16T03:07:59Z","finishedAt":"2018-09-16T21:35:15Z","containerID":"docker://70640f2643a82f2eae2c4492850e4642a0ad90f11378f14d3ea603daee4e6f07"}},"ready":true,"restartCount":3,"image":"illin5225.corp.amdocs.com:5002/business-validation-service:1.2.1","imageID":"docker-pullable://illin5225.corp.amdocs.com:5002/business-validation-service@sha256:c7951bb0d9aa26e14d1192a309957e492c34c02ad349ba5af553f48db0662c92","containerID":"docker://26d14057ca14102024a32172724fc73abb2e46a4f94e50414eadd87bc466b440"}],"qosClass":"Burstable"}},{"metadata":{"name":"cartitemaccessor-release-d5cccfb4b-fh8hn","generateName":"cartitemaccessor-release-d5cccfb4b-","namespace":"oc-cd-1017-pranavd-pd","selfLink":"/api/v1/namespaces/oc-cd-1017-pranavd-pd/pods/cartitemaccessor-release-d5cccfb4b-fh8hn","uid":"a0c03040-b721-11e8-bb86-0050569a887c","resourceVersion":"66124577","creationTimestamp":"2018-09-13T06:52:49Z","labels":{"app":"cartitemaccessor-release","microservice":"cartitemaccessor","pod-template-hash":"817779606","project":"cartitemaccessor","provider":"amdocs","release":"cartitemaccessor-release"},"annotations":{"checksum/config":"3093de6156cf21de06f3cdc67d943ec3d351d1a4c9ce4775d018c2d3be20fc96","fabric8.io/iconUrl":"img/icons/spring-boot.svg","git-commit":"eb84073e68ff837b76b39ad8dfebc297d0904476","openshift.io/scc":"anyuid-no-ps"},"ownerReferences":[{"apiVersion":"extensions/v1beta1","kind":"ReplicaSet","name":"cartitemaccessor-release-d5cccfb4b","uid":"a0bac508-b721-11e8-bb86-0050569a887c","controller":true,"blockOwnerDeletion":true}]},"spec":{"volumes":[{"name":"prop-volume","configMap":{"name":"cartitemaccessor-service-appconfigmap","defaultMode":420}},{"name":"default-token-vdgk4","secret":{"secretName":"default-token-vdgk4","defaultMode":420}}],"containers":[{"name":"cartitemaccessor-service-container","image":"illin5564.corp.amdocs.com:5000/cartitemaccessor-service:0.1.1-0015","ports":[{"name":"http","containerPort":8080,"protocol":"TCP"},{"name":"https","containerPort":8443,"protocol":"TCP"},{"name":"jacoco","containerPort":6300,"protocol":"TCP"},{"name":"metrics","containerPort":5555,"protocol":"TCP"},{"name":"management","containerPort":18080,"protocol":"TCP"}],"env":[{"name":"MSNEXT_CONF_SOURCE_APP","value":"/etc/config"},{"name":"KUBERNETES_NAMESPACE","valueFrom":{"fieldRef":{"apiVersion":"v1","fieldPath":"metadata.namespace"}}},{"name":"MSNEXT_JAVA_OPTS","value":"-Dcom.amdocs.msnext.securityjwt.anonymous.context-mapping.msnext.management=.*management  -Xms256m -Xmx1024m -XX:MaxRAM=2048m -XX:+DisableExplicitGC -XX:+UseConcMarkSweepGC -XX:+CMSParallelRemarkEnabled -XX:NewRatio=1 -Xss512k -XX:MaxMetaspaceSize=512m"},{"name":"SERVER_PORT","value":"8080"},{"name":"MSNEXT_MODULE_MGT_DISABLE","value":"msnext-customization"},{"name":"MSNEXT_JACOCO_ENABLE","value":"${jacoco.enabled}"},{"name":"MSNEXT_JACOCO_OPTS","value":"output=tcpserver,address=*,port=6300"},{"name":"MANAGEMENT_PORT","value":"18080"},{"name":"MALLOC_ARENA_MAX","value":"4"},{"name":"TZ","value":"UTC"}],"resources":{"limits":{"cpu":"2","memory":"2Gi"},"requests":{"cpu":"200m","memory":"1Gi"}},"volumeMounts":[{"name":"prop-volume","mountPath":"/etc/config"},{"name":"default-token-vdgk4","readOnly":true,"mountPath":"/var/run/secrets/kubernetes.io/serviceaccount"}],"livenessProbe":{"httpGet":{"path":"/health","port":18080,"scheme":"HTTP"},"initialDelaySeconds":900,"timeoutSeconds":10,"periodSeconds":10,"successThreshold":1,"failureThreshold":3},"readinessProbe":{"httpGet":{"path":"/health","port":18080,"scheme":"HTTP"},"initialDelaySeconds":30,"timeoutSeconds":10,"periodSeconds":10,"successThreshold":1,"failureThreshold":3},"terminationMessagePath":"/dev/termination-log","terminationMessagePolicy":"File","imagePullPolicy":"IfNotPresent","securityContext":{"capabilities":{"drop":["MKNOD"]},"privileged":false}}],"restartPolicy":"Always","terminationGracePeriodSeconds":30,"dnsPolicy":"ClusterFirst","nodeSelector":{"region":"work"},"serviceAccountName":"default","serviceAccount":"default","nodeName":"ilocpde01w02.corp.amdocs.com","securityContext":{"seLinuxOptions":{"level":"s0:c82,c59"}},"imagePullSecrets":[{"name":"cartitemaccessor-ms-secret"}],"schedulerName":"default-scheduler","tolerations":[{"key":"node.kubernetes.io/memory-pressure","operator":"Exists","effect":"NoSchedule"}]},"status":{"phase":"Running","conditions":[{"type":"Initialized","status":"True","lastProbeTime":null,"lastTransitionTime":"2018-09-13T06:52:49Z"},{"type":"Ready","status":"True","lastProbeTime":null,"lastTransitionTime":"2018-09-13T06:54:27Z"},{"type":"PodScheduled","status":"True","lastProbeTime":null,"lastTransitionTime":"2018-09-13T06:52:49Z"}],"hostIP":"10.245.250.21","podIP":"10.128.12.143","startTime":"2018-09-13T06:52:49Z","containerStatuses":[{"name":"cartitemaccessor-service-container","state":{"running":{"startedAt":"2018-09-13T06:53:27Z"}},"lastState":{},"ready":true,"restartCount":0,"image":"illin5564.corp.amdocs.com:5000/cartitemaccessor-service:0.1.1-0015","imageID":"docker-pullable://illin5564.corp.amdocs.com:5000/cartitemaccessor-service@sha256:9ba41b7d57860c57e43d5c366d1d12907b0e8a90dc53ed00ccfe9ca85b7c8146","containerID":"docker://33d1cacef93d8b660665d1171383e64d1cbd3eba1a4de23af0f0ad803f90406f"}],"qosClass":"Burstable"}},{"metadata":{"name":"customeraccessor-release-5d7cf45796-x4xpq","generateName":"customeraccessor-release-5d7cf45796-","namespace":"oc-cd-1017-pranavd-pd","selfLink":"/api/v1/namespaces/oc-cd-1017-pranavd-pd/pods/customeraccessor-release-5d7cf45796-x4xpq","uid":"a0d4c27d-b721-11e8-bb86-0050569a887c","resourceVersion":"67051190","creationTimestamp":"2018-09-13T06:52:49Z","labels":{"group":"com.amdocs.digital.ms.customeraccessor","microservice":"customeraccessor","pod-template-hash":"1837901352","project":"customeraccessor-service","provider":"amdocs","release":"customeraccessor-release"},"annotations":{"fabric8.io/iconUrl":"img/icons/spring-boot.svg","openshift.io/scc":"anyuid-no-ps"},"ownerReferences":[{"apiVersion":"extensions/v1beta1","kind":"ReplicaSet","name":"customeraccessor-release-5d7cf45796","uid":"a0c6e722-b721-11e8-bb86-0050569a887c","controller":true,"blockOwnerDeletion":true}]},"spec":{"volumes":[{"name":"prop-volume","configMap":{"name":"customeraccessor-service-appconfig","defaultMode":420,"optional":true}},{"name":"confmap-volume","configMap":{"name":"customeraccessor-appconfigmap","defaultMode":420}},{"name":"default-token-vdgk4","secret":{"secretName":"default-token-vdgk4","defaultMode":420}}],"containers":[{"name":"customeraccessor-service-container","image":"illin5564.corp.amdocs.com:5000/customeraccessor-service:0.1.1-0015","ports":[{"name":"http","containerPort":8080,"protocol":"TCP"},{"name":"https","containerPort":8443,"protocol":"TCP"},{"name":"jacoco","containerPort":6300,"protocol":"TCP"},{"name":"metrics","containerPort":5555,"protocol":"TCP"},{"name":"management","containerPort":18080,"protocol":"TCP"}],"env":[{"name":"MSNEXT_CONF_SOURCE_APP","value":"/etc/config"},{"name":"KUBERNETES_NAMESPACE","valueFrom":{"fieldRef":{"apiVersion":"v1","fieldPath":"metadata.namespace"}}},{"name":"MSNEXT_JAVA_OPTS","value":" -Dconfiguration.careSimulatorModeOn=false -Dconfiguration.careSimulatorJsonFileDir=/users/admin/careSimJsons -Xms256m -Xmx1024m -XX:MaxRAM=2048m -XX:+DisableExplicitGC -XX:+UseConcMarkSweepGC -XX:+CMSParallelRemarkEnabled -XX:NewRatio=1 -Xss512k -XX:MaxMetaspaceSize=512m -Dcom.amdocs.msnext.securitya3s.url=http://10.238.196.7:30081/asmServices/services/v1.0 -Dservices.customer.url=http://customer-service.ilocpde01.corp.amdocs.com/customerManagement/v1"},{"name":"SERVER_PORT","value":"8080"},{"name":"MSNEXT_MODULE_MGT_DISABLE","value":"msnext-customization"},{"name":"MANAGEMENT_PORT","value":"18080"}],"resources":{"limits":{"cpu":"2","memory":"2Gi"},"requests":{"cpu":"200m","memory":"1Gi"}},"volumeMounts":[{"name":"prop-volume","mountPath":"/etc/config"},{"name":"default-token-vdgk4","readOnly":true,"mountPath":"/var/run/secrets/kubernetes.io/serviceaccount"}],"livenessProbe":{"httpGet":{"path":"/health","port":18080,"scheme":"HTTP"},"initialDelaySeconds":900,"timeoutSeconds":1,"periodSeconds":10,"successThreshold":1,"failureThreshold":3},"readinessProbe":{"httpGet":{"path":"/health","port":18080,"scheme":"HTTP"},"initialDelaySeconds":120,"timeoutSeconds":10,"periodSeconds":10,"successThreshold":1,"failureThreshold":3},"terminationMessagePath":"/dev/termination-log","terminationMessagePolicy":"File","imagePullPolicy":"IfNotPresent","securityContext":{"capabilities":{"drop":["MKNOD"]},"privileged":false}}],"restartPolicy":"Always","terminationGracePeriodSeconds":30,"dnsPolicy":"ClusterFirst","nodeSelector":{"region":"work"},"serviceAccountName":"default","serviceAccount":"default","nodeName":"ilocpde01w35.corp.amdocs.com","securityContext":{"seLinuxOptions":{"level":"s0:c82,c59"}},"imagePullSecrets":[{"name":"custacc-ms-secret"}],"schedulerName":"default-scheduler","tolerations":[{"key":"node.kubernetes.io/memory-pressure","operator":"Exists","effect":"NoSchedule"}]},"status":{"phase":"Running","conditions":[{"type":"Initialized","status":"True","lastProbeTime":null,"lastTransitionTime":"2018-09-13T06:52:49Z"},{"type":"Ready","status":"True","lastProbeTime":null,"lastTransitionTime":"2018-09-14T10:33:48Z"},{"type":"PodScheduled","status":"True","lastProbeTime":null,"lastTransitionTime":"2018-09-13T06:52:49Z"}],"hostIP":"10.245.251.176","podIP":"10.128.81.236","startTime":"2018-09-13T06:52:49Z","containerStatuses":[{"name":"customeraccessor-service-container","state":{"running":{"startedAt":"2018-09-14T10:31:39Z"}},"lastState":{"terminated":{"exitCode":137,"reason":"OOMKilled","startedAt":"2018-09-14T09:11:36Z","finishedAt":"2018-09-14T10:31:37Z","containerID":"docker://58c2da3bb48dc725af96f66205beb94d0c2821d0492ddb65cec224ddcf7f1842"}},"ready":true,"restartCount":2,"image":"illin5564.corp.amdocs.com:5000/customeraccessor-service:0.1.1-0015","imageID":"docker-pullable://illin5564.corp.amdocs.com:5000/customeraccessor-service@sha256:69dc3ec34ec23d4d0887eb55ff1218b5c4824354da7a7783fc6590c814d94613","containerID":"docker://a944e024a5457840ebb9724e7b7bf838b709a2fdbc106915b7c3556f5689501b"}],"qosClass":"Burstable"}},{"metadata":{"name":"digitalexpapi-release-di-76df4c8d5b-jcgfs","generateName":"digitalexpapi-release-di-76df4c8d5b-","namespace":"oc-cd-1017-pranavd-pd","selfLink":"/api/v1/namespaces/oc-cd-1017-pranavd-pd/pods/digitalexpapi-release-di-76df4c8d5b-jcgfs","uid":"a0e9f666-b721-11e8-bb86-0050569a887c","resourceVersion":"66124469","creationTimestamp":"2018-09-13T06:52:49Z","labels":{"app":"digitalexpapi-release-di","microservice":"digitalexp-api","pod-template-hash":"3289074816","project":"digitalexp-api","provider":"amdocs","release":"digitalexpapi-release"},"annotations":{"fabric8.io/iconUrl":"img/icons/spring-boot.svg","git-commit":"@git.commit.id@","openshift.io/scc":"anyuid-no-ps"},"ownerReferences":[{"apiVersion":"extensions/v1beta1","kind":"ReplicaSet","name":"digitalexpapi-release-di-76df4c8d5b","uid":"a0de4ed5-b721-11e8-bb86-0050569a887c","controller":true,"blockOwnerDeletion":true}]},"spec":{"volumes":[{"name":"default-token-vdgk4","secret":{"secretName":"default-token-vdgk4","defaultMode":420}}],"containers":[{"name":"digitalexp-api-service-container","image":"illin5564.corp.amdocs.com:5000/digitalexp-api-service:0.1.1-0102","ports":[{"name":"http","containerPort":8080,"protocol":"TCP"},{"name":"https","containerPort":8443,"protocol":"TCP"},{"name":"management","containerPort":18080,"protocol":"TCP"}],"env":[{"name":"KUBERNETES_NAMESPACE","valueFrom":{"fieldRef":{"apiVersion":"v1","fieldPath":"metadata.namespace"}}},{"name":"MSNEXT_JAVA_OPTS","value":" -Xms256m -Xmx1024m -XX:MaxRAM=2048m -XX:+DisableExplicitGC -XX:+UseConcMarkSweepGC -XX:+CMSParallelRemarkEnabled -XX:NewRatio=1 -Xss512k -XX:MaxMetaspaceSize=512m -Dcom.amdocs.msnext.securitya3s.url=http://10.238.196.7:30081/asmServices/services/v1.0"},{"name":"SERVER_PORT","value":"8080"},{"name":"MSNEXT_DISABLED_MODULES","value":"msnext-customization"},{"name":"MANAGEMENT_PORT","value":"18080"},{"name":"SHOPPING_CART_CHECKOUT_URL","value":"http://shoppingcart-checkout-service:8080/shoppingCart/v1"},{"name":"PRODUCT_ORDER_URL","value":"http://productorder-productorder-service:8080/productOrdering/v2"},{"name":"SUBMIT_PRODUCT_ORDER_URL","value":"http://productorder-submitorder-service:8080/productOrdering/v2/productOrder"},{"name":"SHOPPING_CART_URL","value":"http://shoppingcart-shoppingcart-service:8080/shoppingCart/v1"},{"name":"DISCOVERY_URL","value":"http://pod-experience-service:8080/commerce/v1"},{"name":"MANAGED_RESOURCES_URL","value":"http://managed-resource-service:8080/managedResource/v1"},{"name":"PRODUCT_CONFIGURATION_SERVICE","value":"http://productconfigurator-service:8080/productConfigurator/v0/productConfiguration"},{"name":"CUSTOMERS_URL","value":"http://customer-customer-service:8080/customerManagement/v1"},{"name":"INDIVIDUAL_URL","value":"http://party-individual-service:8080/partyManagement/v1"},{"name":"PRODUCT_INVENTORY_URL","value":"http://pi-product-service:8080/productInventoryManagement/v2"}],"resources":{"limits":{"cpu":"2","memory":"2Gi"},"requests":{"cpu":"200m","memory":"1Gi"}},"volumeMounts":[{"name":"default-token-vdgk4","readOnly":true,"mountPath":"/var/run/secrets/kubernetes.io/serviceaccount"}],"livenessProbe":{"httpGet":{"path":"/health","port":18080,"scheme":"HTTP"},"initialDelaySeconds":900,"timeoutSeconds":10,"periodSeconds":10,"successThreshold":1,"failureThreshold":3},"readinessProbe":{"httpGet":{"path":"/health","port":18080,"scheme":"HTTP"},"initialDelaySeconds":30,"timeoutSeconds":10,"periodSeconds":10,"successThreshold":1,"failureThreshold":3},"terminationMessagePath":"/dev/termination-log","terminationMessagePolicy":"File","imagePullPolicy":"IfNotPresent","securityContext":{"capabilities":{"drop":["MKNOD"]},"privileged":false}}],"restartPolicy":"Always","terminationGracePeriodSeconds":30,"dnsPolicy":"ClusterFirst","nodeSelector":{"region":"work"},"serviceAccountName":"default","serviceAccount":"default","nodeName":"ilocpde01w34.corp.amdocs.com","securityContext":{"seLinuxOptions":{"level":"s0:c82,c59"}},"imagePullSecrets":[{"name":"digitalexp-api-ms-secret"}],"schedulerName":"default-scheduler","tolerations":[{"key":"node.kubernetes.io/memory-pressure","operator":"Exists","effect":"NoSchedule"}]},"status":{"phase":"Running","conditions":[{"type":"Initialized","status":"True","lastProbeTime":null,"lastTransitionTime":"2018-09-13T06:52:49Z"},{"type":"Ready","status":"True","lastProbeTime":null,"lastTransitionTime":"2018-09-13T06:54:21Z"},{"type":"PodScheduled","status":"True","lastProbeTime":null,"lastTransitionTime":"2018-09-13T06:52:49Z"}],"hostIP":"10.245.251.175","podIP":"10.128.78.113","startTime":"2018-09-13T06:52:49Z","containerStatuses":[{"name":"digitalexp-api-service-container","state":{"running":{"startedAt":"2018-09-13T06:52:56Z"}},"lastState":{},"ready":true,"restartCount":0,"image":"illin5564.corp.amdocs.com:5000/digitalexp-api-service:0.1.1-0102","imageID":"docker-pullable://illin5564.corp.amdocs.com:5000/digitalexp-api-service@sha256:f8309de627f058e071de01cda76e3ab84ff815f38bccf50fb92dead0a00d66c7","containerID":"docker://6d0dab873e3d0d0301b357dac39bb86d7841b11eb865b31621497517bfec7864"}],"qosClass":"Burstable"}},{"metadata":{"name":"dispatcher-service-545598bcb6-98ksj","generateName":"dispatcher-service-545598bcb6-","namespace":"oc-cd-1017-pranavd-pd","selfLink":"/api/v1/namespaces/oc-cd-1017-pranavd-pd/pods/dispatcher-service-545598bcb6-98ksj","uid":"a0f75de2-b721-11e8-bb86-0050569a887c","resourceVersion":"66126594","creationTimestamp":"2018-09-13T06:52:49Z","labels":{"app":"dispatcher-service","group":"com.amdocs.catalogone","pod-template-hash":"1011546762","prometheus":"amdocs-prometheus","provider":"amdocs","release":"dispatcher-service-release"},"annotations":{"openshift.io/scc":"anyuid-no-ps"},"ownerReferences":[{"apiVersion":"extensions/v1beta1","kind":"ReplicaSet","name":"dispatcher-service-545598bcb6","uid":"a0f07e9b-b721-11e8-bb86-0050569a887c","controller":true,"blockOwnerDeletion":true}]},"spec":{"volumes":[{"name":"dispatcher-configmap","configMap":{"name":"dispatcher-configmap","items":[{"key":"application.yml","path":"application.yml"}],"defaultMode":420}},{"name":"default-token-vdgk4","secret":{"secretName":"default-token-vdgk4","defaultMode":420}}],"containers":[{"name":"dispatcher-service","image":"illin5225.corp.amdocs.com:5002/dispatcher-service:1.5.0","ports":[{"name":"server","containerPort":8080,"protocol":"TCP"},{"name":"management","containerPort":8081,"protocol":"TCP"},{"name":"metrics","containerPort":5555,"protocol":"TCP"},{"name":"debug","containerPort":5005,"protocol":"TCP"}],"env":[{"name":"MSNEXT_JAVA_OPTS","value":"-XX:+UnlockExperimentalVMOptions -XX:+UseCGroupMemoryLimitForHeap -XX:InitialRAMFraction=4 -XX:MaxRAMFraction=2 -XX:+PrintFlagsFinal"},{"name":"COUCHBASE_HOST","value":"catalog1-couchbase-service"},{"name":"ENABLE_ZIPKIN","value":"false"},{"name":"MSNEXT_CONF_SOURCE_APP1","value":"/deployments/config/applications/dispatcher"},{"name":"CONSUME_EVENTS","value":"true"},{"name":"JAVA_ENABLE_DEBUG","value":"false"},{"name":"TESTING_ENVIRONMENT_TOPIC_PREFIX"}],"resources":{"limits":{"cpu":"1","memory":"768Mi"},"requests":{"cpu":"200m","memory":"500Mi"}},"volumeMounts":[{"name":"dispatcher-configmap","mountPath":"/deployments/config/applications/dispatcher"},{"name":"default-token-vdgk4","readOnly":true,"mountPath":"/var/run/secrets/kubernetes.io/serviceaccount"}],"livenessProbe":{"httpGet":{"path":"/health","port":8081,"scheme":"HTTP"},"initialDelaySeconds":450,"timeoutSeconds":1,"periodSeconds":10,"successThreshold":1,"failureThreshold":3},"readinessProbe":{"httpGet":{"path":"/health","port":8081,"scheme":"HTTP"},"initialDelaySeconds":180,"timeoutSeconds":1,"periodSeconds":10,"successThreshold":1,"failureThreshold":3},"terminationMessagePath":"/dev/termination-log","terminationMessagePolicy":"File","imagePullPolicy":"IfNotPresent","securityContext":{"capabilities":{"drop":["MKNOD"]}}}],"restartPolicy":"Always","terminationGracePeriodSeconds":30,"dnsPolicy":"ClusterFirst","nodeSelector":{"region":"work"},"serviceAccountName":"default","serviceAccount":"default","nodeName":"ilocpde01w27.corp.amdocs.com","securityContext":{"seLinuxOptions":{"level":"s0:c82,c59"}},"imagePullSecrets":[{"name":"dispatcher-illin5225-pull-secret"}],"schedulerName":"default-scheduler","tolerations":[{"key":"node.kubernetes.io/memory-pressure","operator":"Exists","effect":"NoSchedule"}]},"status":{"phase":"Running","conditions":[{"type":"Initialized","status":"True","lastProbeTime":null,"lastTransitionTime":"2018-09-13T06:52:49Z"},{"type":"Ready","status":"True","lastProbeTime":null,"lastTransitionTime":"2018-09-13T06:56:39Z"},{"type":"PodScheduled","status":"True","lastProbeTime":null,"lastTransitionTime":"2018-09-13T06:52:49Z"}],"hostIP":"10.245.251.168","podIP":"10.128.64.36","startTime":"2018-09-13T06:52:49Z","containerStatuses":[{"name":"dispatcher-service","state":{"running":{"startedAt":"2018-09-13T06:53:24Z"}},"lastState":{},"ready":true,"restartCount":0,"image":"illin5225.corp.amdocs.com:5002/dispatcher-service:1.5.0","imageID":"docker-pullable://illin5225.corp.amdocs.com:5002/dispatcher-service@sha256:ff2792868dd7a17fa0993d6a0d4b8a385de0918890540c7807576a478706ea03","containerID":"docker://735443b592b8003a56c4fcb67385af1a218917cafedb30329e71b7c1562ab854"}],"qosClass":"Burstable"}},{"metadata":{"name":"import-service-55877dbd5-m2zkp","generateName":"import-service-55877dbd5-","namespace":"oc-cd-1017-pranavd-pd","selfLink":"/api/v1/namespaces/oc-cd-1017-pranavd-pd/pods/import-service-55877dbd5-m2zkp","uid":"a0fe9fc5-b721-11e8-bb86-0050569a887c","resourceVersion":"66168401","creationTimestamp":"2018-09-13T06:52:49Z","labels":{"app":"import-service","group":"com.amdocs.catalogone","monitored":"prometheus","monitoring":"prometheus","pod-template-hash":"114338681","prometheus":"amdocs-prometheus","provider":"amdocs","release":"import-service-release"},"annotations":{"openshift.io/scc":"anyuid-no-ps"},"ownerReferences":[{"apiVersion":"extensions/v1beta1","kind":"ReplicaSet","name":"import-service-55877dbd5","uid":"a0fade69-b721-11e8-bb86-0050569a887c","controller":true,"blockOwnerDeletion":true}]},"spec":{"volumes":[{"name":"import-configmap","configMap":{"name":"import-configmap","items":[{"key":"application.yml","path":"application.yml"}],"defaultMode":420}},{"name":"import-nonfunc-configmap","configMap":{"name":"import-nonfunc-configmap","items":[{"key":"application-nonfunc.yml","path":"application-nonfunc.yml"}],"defaultMode":420}},{"name":"import-generic-kafka-configmap","configMap":{"name":"import-generic-kafka-configmap","items":[{"key":"application-generic-kafka.yml","path":"application-generic-kafka.yml"}],"defaultMode":420}},{"name":"import-generic-couchbase-configmap","configMap":{"name":"import-generic-couchbase-configmap","items":[{"key":"application-generic-couchbase.yml","path":"application-generic-couchbase.yml"}],"defaultMode":420}},{"name":"default-token-vdgk4","secret":{"secretName":"default-token-vdgk4","defaultMode":420}}],"containers":[{"name":"import-service","image":"illin5225.corp.amdocs.com:5002/import-service:1.3.0","ports":[{"name":"server","containerPort":8080,"protocol":"TCP"},{"name":"management","containerPort":8081,"protocol":"TCP"},{"name":"server-debug","containerPort":9220,"protocol":"TCP"},{"name":"metrics","containerPort":5555,"protocol":"TCP"}],"env":[{"name":"MSNEXT_JAVA_OPTS","value":"-XX:+UnlockExperimentalVMOptions -XX:+UseCGroupMemoryLimitForHeap -XX:InitialRAMFraction=4 -XX:MaxRAMFraction=2 -XX:+PrintFlagsFinal"},{"name":"COUCHBASE_HOST","value":"catalog1-couchbase-service"},{"name":"ENABLE_ZIPKIN","value":"false"},{"name":"MSNEXT_CONF_SOURCE_APP1","value":"/deployments/config/applications/import"},{"name":"MSNEXT_CONF_SOURCE_zzzNONFUNC","value":"/deployments/config/applications/import-nonfunc"},{"name":"MSNEXT_CONF_SOURCE_zzzGENERIC_KAFKA","value":"/deployments/config/applications/import-generic-kafka"},{"name":"MSNEXT_CONF_SOURCE_zzzGENERIC_COUCHBASE","value":"/deployments/config/applications/import-generic-couchbase"},{"name":"CONSUME_EVENTS","value":"true"},{"name":"BR_MS_PROTOCOL","value":"http"}],"resources":{"limits":{"cpu":"1","memory":"1Gi"},"requests":{"cpu":"200m","memory":"500Mi"}},"volumeMounts":[{"name":"import-configmap","mountPath":"/deployments/config/applications/import"},{"name":"import-nonfunc-configmap","mountPath":"/deployments/config/applications/import-nonfunc"},{"name":"import-generic-kafka-configmap","mountPath":"/deployments/config/applications/import-generic-kafka"},{"name":"import-generic-couchbase-configmap","mountPath":"/deployments/config/applications/import-generic-couchbase"},{"name":"default-token-vdgk4","readOnly":true,"mountPath":"/var/run/secrets/kubernetes.io/serviceaccount"}],"livenessProbe":{"httpGet":{"path":"/health","port":8081,"scheme":"HTTP"},"initialDelaySeconds":450,"timeoutSeconds":1,"periodSeconds":10,"successThreshold":1,"failureThreshold":3},"readinessProbe":{"httpGet":{"path":"/health","port":8081,"scheme":"HTTP"},"initialDelaySeconds":180,"timeoutSeconds":1,"periodSeconds":10,"successThreshold":1,"failureThreshold":3},"terminationMessagePath":"/dev/termination-log","terminationMessagePolicy":"File","imagePullPolicy":"IfNotPresent","securityContext":{"capabilities":{"drop":["MKNOD"]}}}],"restartPolicy":"Always","terminationGracePeriodSeconds":30,"dnsPolicy":"ClusterFirst","nodeSelector":{"region":"work"},"serviceAccountName":"default","serviceAccount":"default","nodeName":"ilocpde01w26.corp.amdocs.com","securityContext":{"seLinuxOptions":{"level":"s0:c82,c59"}},"imagePullSecrets":[{"name":"import-illin5225-pull-secret"}],"schedulerName":"default-scheduler","tolerations":[{"key":"node.kubernetes.io/memory-pressure","operator":"Exists","effect":"NoSchedule"}]},"status":{"phase":"Running","conditions":[{"type":"Initialized","status":"True","lastProbeTime":null,"lastTransitionTime":"2018-09-13T06:52:49Z"},{"type":"Ready","status":"True","lastProbeTime":null,"lastTransitionTime":"2018-09-13T08:07:43Z"},{"type":"PodScheduled","status":"True","lastProbeTime":null,"lastTransitionTime":"2018-09-13T06:52:49Z"}],"hostIP":"10.245.251.167","podIP":"10.128.61.90","startTime":"2018-09-13T06:52:49Z","containerStatuses":[{"name":"import-service","state":{"running":{"startedAt":"2018-09-13T08:02:14Z"}},"lastState":{"terminated":{"exitCode":143,"reason":"Error","startedAt":"2018-09-13T07:53:53Z","finishedAt":"2018-09-13T08:02:14Z","containerID":"docker://cc99b5d84794541696f4a1bd21efb102ae14040d576bab2d0c7fe101ae3b734e"}},"ready":true,"restartCount":8,"image":"illin5225.corp.amdocs.com:5002/import-service:1.3.0","imageID":"docker-pullable://illin5225.corp.amdocs.com:5002/import-service@sha256:5b5ef700478c461007b3f3aa502f3112c362f6ae5bee279fe0f61fdf06b37a68","containerID":"docker://f15b0e4912483a029e9d5ee8d977fd564b1cbddd2c0c693e355fb119ed817620"}],"qosClass":"Burstable"}},{"metadata":{"name":"managed-resource-release-6dbcf94c75-82pjc","generateName":"managed-resource-release-6dbcf94c75-","namespace":"oc-cd-1017-pranavd-pd","selfLink":"/api/v1/namespaces/oc-cd-1017-pranavd-pd/pods/managed-resource-release-6dbcf94c75-82pjc","uid":"a11795ae-b721-11e8-bb86-0050569a887c","resourceVersion":"66124991","creationTimestamp":"2018-09-13T06:52:49Z","labels":{"app":"managed-resource-release","microservice":"managed-resource","pod-template-hash":"2867950731","project":"managed-resource","provider":"amdocs","release":"managed-resource-release"},"annotations":{"fabric8.io/iconUrl":"img/icons/spring-boot.svg","git-commit":"a2d8026f29de85d53334b370c93c722a53738e54","openshift.io/scc":"anyuid-no-ps"},"ownerReferences":[{"apiVersion":"extensions/v1beta1","kind":"ReplicaSet","name":"managed-resource-release-6dbcf94c75","uid":"a1075afc-b721-11e8-bb86-0050569a887c","controller":true,"blockOwnerDeletion":true}]},"spec":{"volumes":[{"name":"managed-resource-volume-jwt-validation-conf","configMap":{"name":"managed-resource-jwt-validation-configmap","items":[{"key":"application.yaml","path":"application.yaml"}],"defaultMode":420}},{"name":"prop-volume","configMap":{"name":"managed-resource-service-appconfig","defaultMode":420,"optional":true}},{"name":"default-token-vdgk4","secret":{"secretName":"default-token-vdgk4","defaultMode":420}}],"containers":[{"name":"managed-resource-service-container","image":"illin5564.corp.amdocs.com:5000/managed-resource-service:0.1.1-0031","ports":[{"name":"http","containerPort":8080,"protocol":"TCP"},{"name":"management","containerPort":18080,"protocol":"TCP"}],"env":[{"name":"KUBERNETES_NAMESPACE","valueFrom":{"fieldRef":{"apiVersion":"v1","fieldPath":"metadata.namespace"}}},{"name":"MSNEXT_JAVA_OPTS","value":" -Xms256m -Xmx1024m -XX:MaxRAM=2048m -XX:+DisableExplicitGC -XX:+UseConcMarkSweepGC -XX:+CMSParallelRemarkEnabled -XX:NewRatio=1 -Xss512k -XX:MaxMetaspaceSize=512m"},{"name":"MSNEXT_DISABLED_MODULES","value":"msnext-customization"},{"name":"MANAGEMENT_PORT","value":"18080"},{"name":"MALLOC_ARENA_MAX","value":"4"},{"name":"SERVER_PORT","value":"8080"},{"name":"MSNEXT_CONF_SOURCE_APP","value":"/etc/config"},{"name":"MSNEXT_CONF_SOURCE_IDM","value":"/run/secrets/msNextConfSourceIdm1"}],"resources":{"limits":{"cpu":"2","memory":"2Gi"},"requests":{"cpu":"200m","memory":"1Gi"}},"volumeMounts":[{"name":"prop-volume","mountPath":"/etc/config"},{"name":"managed-resource-volume-jwt-validation-conf","mountPath":"/run/secrets/msNextConfSourceIdm1"},{"name":"default-token-vdgk4","readOnly":true,"mountPath":"/var/run/secrets/kubernetes.io/serviceaccount"}],"livenessProbe":{"httpGet":{"path":"/health","port":18080,"scheme":"HTTP"},"initialDelaySeconds":900,"timeoutSeconds":10,"periodSeconds":10,"successThreshold":1,"failureThreshold":3},"readinessProbe":{"httpGet":{"path":"/health","port":18080,"scheme":"HTTP"},"initialDelaySeconds":30,"timeoutSeconds":10,"periodSeconds":10,"successThreshold":1,"failureThreshold":3},"terminationMessagePath":"/dev/termination-log","terminationMessagePolicy":"File","imagePullPolicy":"IfNotPresent","securityContext":{"capabilities":{"drop":["MKNOD"]},"privileged":false}}],"restartPolicy":"Always","terminationGracePeriodSeconds":30,"dnsPolicy":"ClusterFirst","nodeSelector":{"region":"work"},"serviceAccountName":"default","serviceAccount":"default","nodeName":"ilocpde01w24.corp.amdocs.com","securityContext":{"seLinuxOptions":{"level":"s0:c82,c59"}},"imagePullSecrets":[{"name":"managed-resource-ms-secret"}],"schedulerName":"default-scheduler","tolerations":[{"key":"node.kubernetes.io/memory-pressure","operator":"Exists","effect":"NoSchedule"}]},"status":{"phase":"Running","conditions":[{"type":"Initialized","status":"True","lastProbeTime":null,"lastTransitionTime":"2018-09-13T06:52:50Z"},{"type":"Ready","status":"True","lastProbeTime":null,"lastTransitionTime":"2018-09-13T06:54:47Z"},{"type":"PodScheduled","status":"True","lastProbeTime":null,"lastTransitionTime":"2018-09-13T06:52:49Z"}],"hostIP":"10.245.251.165","podIP":"10.128.59.102","startTime":"2018-09-13T06:52:50Z","containerStatuses":[{"name":"managed-resource-service-container","state":{"running":{"startedAt":"2018-09-13T06:53:27Z"}},"lastState":{},"ready":true,"restartCount":0,"image":"illin5564.corp.amdocs.com:5000/managed-resource-service:0.1.1-0031","imageID":"docker-pullable://illin5564.corp.amdocs.com:5000/managed-resource-service@sha256:5b00d1fdc6830afd1246884e43edf073fd222dd06963fd73c35183328762fa5a","containerID":"docker://1864bc901269ed33de04622820e3ab1dd2d8c2ddb076036d20f9f404d5608d54"}],"qosClass":"Burstable"}},{"metadata":{"name":"metadata-entity-command-service-65bcfddb7-l7qf7","generateName":"metadata-entity-command-service-65bcfddb7-","namespace":"oc-cd-1017-pranavd-pd","selfLink":"/api/v1/namespaces/oc-cd-1017-pranavd-pd/pods/metadata-entity-command-service-65bcfddb7-l7qf7","uid":"a12b1a69-b721-11e8-bb86-0050569a887c","resourceVersion":"66128492","creationTimestamp":"2018-09-13T06:52:50Z","labels":{"app":"metadata-entity-command-service","group":"com.amdocs.catalogone","pod-template-hash":"216798863","prometheus":"amdocs-prometheus","release":"metadata-entity-command-release"},"annotations":{"openshift.io/scc":"anyuid-no-ps"},"ownerReferences":[{"apiVersion":"extensions/v1beta1","kind":"ReplicaSet","name":"metadata-entity-command-service-65bcfddb7","uid":"a11b2975-b721-11e8-bb86-0050569a887c","controller":true,"blockOwnerDeletion":true}]},"spec":{"volumes":[{"name":"auth-configmap","configMap":{"name":"metadata-entity-command-service-configmap","items":[{"key":"application.yml","path":"application.yml"}],"defaultMode":420}},{"name":"default-token-vdgk4","secret":{"secretName":"default-token-vdgk4","defaultMode":420}}],"containers":[{"name":"metadata-entity-command-service","image":"illin5225.corp.amdocs.com:5002/metadata-entity-command-service:1.0.2-RC","ports":[{"name":"server","containerPort":8080,"protocol":"TCP"},{"name":"management","containerPort":8081,"protocol":"TCP"},{"name":"metrics","containerPort":5555,"protocol":"TCP"},{"name":"debug","containerPort":5005,"protocol":"TCP"}],"env":[{"name":"MSNEXT_JAVA_OPTS","value":"-XX:+UnlockExperimentalVMOptions -XX:+UseCGroupMemoryLimitForHeap -XX:InitialRAMFraction=4 -XX:MaxRAMFraction=2 -XX:+PrintFlagsFinal"},{"name":"ENABLE_ZIPKIN","value":"false"},{"name":"MSNEXT_CONF_SOURCE_APP1","value":"/deployments/config/applications/auth"},{"name":"ENABLE_CONSUMER","value":"true"},{"name":"BR_MS_HOST","value":"business-request-service:8080"},{"name":"BR_MS_PROTOCOL","value":"http"},{"name":"JAVA_ENABLE_DEBUG","value":"true"}],"resources":{"limits":{"cpu":"1","memory":"1Gi"},"requests":{"cpu":"200m","memory":"1Gi"}},"volumeMounts":[{"name":"auth-configmap","mountPath":"/deployments/config/applications/auth"},{"name":"default-token-vdgk4","readOnly":true,"mountPath":"/var/run/secrets/kubernetes.io/serviceaccount"}],"livenessProbe":{"httpGet":{"path":"/health","port":8081,"scheme":"HTTP"},"initialDelaySeconds":450,"timeoutSeconds":1,"periodSeconds":10,"successThreshold":1,"failureThreshold":3},"readinessProbe":{"httpGet":{"path":"/health","port":8081,"scheme":"HTTP"},"initialDelaySeconds":120,"timeoutSeconds":1,"periodSeconds":10,"successThreshold":1,"failureThreshold":3},"terminationMessagePath":"/dev/termination-log","terminationMessagePolicy":"File","imagePullPolicy":"IfNotPresent","securityContext":{"capabilities":{"drop":["MKNOD"]}}}],"restartPolicy":"Always","terminationGracePeriodSeconds":30,"dnsPolicy":"ClusterFirst","nodeSelector":{"region":"work"},"serviceAccountName":"default","serviceAccount":"default","nodeName":"ilocpde01w23.corp.amdocs.com","securityContext":{"seLinuxOptions":{"level":"s0:c82,c59"}},"imagePullSecrets":[{"name":"metadata-entity-command-service-pull-secret"}],"schedulerName":"default-scheduler","tolerations":[{"key":"node.kubernetes.io/memory-pressure","operator":"Exists","effect":"NoSchedule"}]},"status":{"phase":"Running","conditions":[{"type":"Initialized","status":"True","lastProbeTime":null,"lastTransitionTime":"2018-09-13T06:52:50Z"},{"type":"Ready","status":"True","lastProbeTime":null,"lastTransitionTime":"2018-09-13T06:59:42Z"},{"type":"PodScheduled","status":"True","lastProbeTime":null,"lastTransitionTime":"2018-09-13T06:52:50Z"}],"hostIP":"10.245.251.164","podIP":"10.128.54.30","startTime":"2018-09-13T06:52:50Z","containerStatuses":[{"name":"metadata-entity-command-service","state":{"running":{"startedAt":"2018-09-13T06:57:34Z"}},"lastState":{"terminated":{"exitCode":137,"reason":"OOMKilled","startedAt":"2018-09-13T06:53:28Z","finishedAt":"2018-09-13T06:57:32Z","containerID":"docker://2a0e9447313bf16447dba6bf8dadee37d6367d65403a8331d33e8b5ee774807c"}},"ready":true,"restartCount":1,"image":"illin5225.corp.amdocs.com:5002/metadata-entity-command-service:1.0.2-RC","imageID":"docker-pullable://illin5225.corp.amdocs.com:5002/metadata-entity-command-service@sha256:a13612975921781f11f4a929227b1bec140333790dc0b997c2fe271199bb1eb0","containerID":"docker://099b7652d88988177e17f462103aed7927b94eb36f55b16f04507e769b7ce06a"}],"qosClass":"Burstable"}},{"metadata":{"name":"orderitemaccessor-releas-7bb554cf86-6zpnm","generateName":"orderitemaccessor-releas-7bb554cf86-","namespace":"oc-cd-1017-pranavd-pd","selfLink":"/api/v1/namespaces/oc-cd-1017-pranavd-pd/pods/orderitemaccessor-releas-7bb554cf86-6zpnm","uid":"a1336cf2-b721-11e8-bb86-0050569a887c","resourceVersion":"66124266","creationTimestamp":"2018-09-13T06:52:50Z","labels":{"app":"orderitemaccessor-releas","microservice":"orderitemaccessor","pod-template-hash":"3661107942","project":"orderitemaccessor","provider":"amdocs","release":"orderitemaccessor-release"},"annotations":{"fabric8.io/iconUrl":"img/icons/spring-boot.svg","git-commit":"dd1f927d45beda777b26feea79437a1068667d13","openshift.io/scc":"anyuid-no-ps"},"ownerReferences":[{"apiVersion":"extensions/v1beta1","kind":"ReplicaSet","name":"orderitemaccessor-releas-7bb554cf86","uid":"a12789c7-b721-11e8-bb86-0050569a887c","controller":true,"blockOwnerDeletion":true}]},"spec":{"volumes":[{"name":"default-token-vdgk4","secret":{"secretName":"default-token-vdgk4","defaultMode":420}}],"containers":[{"name":"orderitemaccessor-service-container","image":"illin5564.corp.amdocs.com:5000/orderitemaccessor-service:1.0.1-0007","ports":[{"name":"http","containerPort":8080,"protocol":"TCP"},{"name":"jacoco","containerPort":6300,"protocol":"TCP"},{"name":"metrics","containerPort":5555,"protocol":"TCP"},{"name":"management","containerPort":18080,"protocol":"TCP"}],"env":[{"name":"KUBERNETES_NAMESPACE","valueFrom":{"fieldRef":{"apiVersion":"v1","fieldPath":"metadata.namespace"}}},{"name":"MSNEXT_JAVA_OPTS","value":" -Xms256m -Xmx1024m -XX:MaxRAM=2048m -XX:+DisableExplicitGC -XX:+UseConcMarkSweepGC -XX:+CMSParallelRemarkEnabled -XX:NewRatio=1 -Xss512k -XX:MaxMetaspaceSize=512m"},{"name":"MSNEXT_DISABLED_MODULES","value":"msnext-customization"},{"name":"MANAGEMENT_PORT","value":"18080"},{"name":"SERVER_PORT","value":"8080"}],"resources":{"limits":{"cpu":"2","memory":"2Gi"},"requests":{"cpu":"200m","memory":"1Gi"}},"volumeMounts":[{"name":"default-token-vdgk4","readOnly":true,"mountPath":"/var/run/secrets/kubernetes.io/serviceaccount"}],"livenessProbe":{"httpGet":{"path":"/health","port":18080,"scheme":"HTTP"},"initialDelaySeconds":900,"timeoutSeconds":10,"periodSeconds":10,"successThreshold":1,"failureThreshold":3},"readinessProbe":{"httpGet":{"path":"/health","port":18080,"scheme":"HTTP"},"initialDelaySeconds":30,"timeoutSeconds":10,"periodSeconds":10,"successThreshold":1,"failureThreshold":3},"terminationMessagePath":"/dev/termination-log","terminationMessagePolicy":"File","imagePullPolicy":"IfNotPresent","securityContext":{"capabilities":{"drop":["MKNOD"]},"privileged":false}}],"restartPolicy":"Always","terminationGracePeriodSeconds":30,"dnsPolicy":"ClusterFirst","nodeSelector":{"region":"work"},"serviceAccountName":"default","serviceAccount":"default","nodeName":"ilocpde01w22.corp.amdocs.com","securityContext":{"seLinuxOptions":{"level":"s0:c82,c59"}},"imagePullSecrets":[{"name":"orderitemaccessor-ms-secret"}],"schedulerName":"default-scheduler","tolerations":[{"key":"node.kubernetes.io/memory-pressure","operator":"Exists","effect":"NoSchedule"}]},"status":{"phase":"Running","conditions":[{"type":"Initialized","status":"True","lastProbeTime":null,"lastTransitionTime":"2018-09-13T06:52:50Z"},{"type":"Ready","status":"True","lastProbeTime":null,"lastTransitionTime":"2018-09-13T06:54:05Z"},{"type":"PodScheduled","status":"True","lastProbeTime":null,"lastTransitionTime":"2018-09-13T06:52:50Z"}],"hostIP":"10.245.251.163","podIP":"10.128.56.175","startTime":"2018-09-13T06:52:50Z","containerStatuses":[{"name":"orderitemaccessor-service-container","state":{"running":{"startedAt":"2018-09-13T06:52:53Z"}},"lastState":{},"ready":true,"restartCount":0,"image":"illin5564.corp.amdocs.com:5000/orderitemaccessor-service:1.0.1-0007","imageID":"docker-pullable://illin5564.corp.amdocs.com:5000/orderitemaccessor-service@sha256:0464e7f846da3184cd5c820c16e1436d47cd7fd4bf1f8e6bf09d2793c9dd3067","containerID":"docker://9192800abd022d439e1cabfa5d4fa850fe162df7172138208624eb3afd01a66a"}],"qosClass":"Burstable"}},{"metadata":{"name":"paymentmanagement-paymen-5bb644ffc7-mcz2c","generateName":"paymentmanagement-paymen-5bb644ffc7-","namespace":"oc-cd-1017-pranavd-pd","selfLink":"/api/v1/namespaces/oc-cd-1017-pranavd-pd/pods/paymentmanagement-paymen-5bb644ffc7-mcz2c","uid":"a1418bea-b721-11e8-bb86-0050569a887c","resourceVersion":"66124203","creationTimestamp":"2018-09-13T06:52:50Z","labels":{"app":"paymentmanagement-paymen","microservice":"paymentmanagement-paymen","pod-template-hash":"1662009973","project":"paymentmanagement-payment","provider":"amdocs","release":"paymentmanagement-payment-release"},"annotations":{"git-commit":"1e2bf4b2dce6f2d91794e0c5643bb3d0898a175b","openshift.io/scc":"anyuid-no-ps"},"ownerReferences":[{"apiVersion":"extensions/v1beta1","kind":"ReplicaSet","name":"paymentmanagement-paymen-5bb644ffc7","uid":"a136afa9-b721-11e8-bb86-0050569a887c","controller":true,"blockOwnerDeletion":true}]},"spec":{"volumes":[{"name":"prop-volume","configMap":{"name":"paymentmanagement-payment-service-appconfig","defaultMode":420,"optional":true}},{"name":"default-token-vdgk4","secret":{"secretName":"default-token-vdgk4","defaultMode":420}}],"containers":[{"name":"paymentmanagement-payment-service-container","image":"illin5564.corp.amdocs.com:5000/paymentmanagement-payment-service:0.1.1-0025","ports":[{"name":"http","containerPort":8080,"protocol":"TCP"},{"name":"https","containerPort":8443,"protocol":"TCP"},{"name":"metrics","containerPort":5555,"protocol":"TCP"},{"name":"management","containerPort":18080,"protocol":"TCP"}],"env":[{"name":"KUBERNETES_NAMESPACE","valueFrom":{"fieldRef":{"apiVersion":"v1","fieldPath":"metadata.namespace"}}},{"name":"MSNEXT_JAVA_OPTS","value":" -Xms256m -Xmx1024m -XX:MaxRAM=2048m -XX:+DisableExplicitGC -XX:+UseConcMarkSweepGC -XX:+CMSParallelRemarkEnabled -XX:NewRatio=1 -Xss512k -XX:MaxMetaspaceSize=512m -Dcom.amdocs.msnext.securitya3s.url=http://10.238.196.7:30081/asmServices/services/v1.0"},{"name":"SERVER_PORT","value":"8080"},{"name":"MSNEXT_DISABLED_MODULES","value":"msnext-customization"},{"name":"MANAGEMENT_PORT","value":"18080"},{"name":"MSNEXT_CONF_SOURCE_APP","value":"/etc/config"}],"resources":{"limits":{"cpu":"2","memory":"2Gi"},"requests":{"cpu":"200m","memory":"1Gi"}},"volumeMounts":[{"name":"prop-volume","mountPath":"/etc/config"},{"name":"default-token-vdgk4","readOnly":true,"mountPath":"/var/run/secrets/kubernetes.io/serviceaccount"}],"livenessProbe":{"httpGet":{"path":"/health","port":18080,"scheme":"HTTP"},"initialDelaySeconds":900,"timeoutSeconds":10,"periodSeconds":10,"successThreshold":1,"failureThreshold":3},"readinessProbe":{"httpGet":{"path":"/health","port":18080,"scheme":"HTTP"},"initialDelaySeconds":30,"timeoutSeconds":10,"periodSeconds":10,"successThreshold":1,"failureThreshold":3},"terminationMessagePath":"/dev/termination-log","terminationMessagePolicy":"File","imagePullPolicy":"IfNotPresent","securityContext":{"capabilities":{"drop":["MKNOD"]},"privileged":false}}],"restartPolicy":"Always","terminationGracePeriodSeconds":30,"dnsPolicy":"ClusterFirst","nodeSelector":{"region":"work"},"serviceAccountName":"default","serviceAccount":"default","nodeName":"ilocpde01w20.corp.amdocs.com","securityContext":{"seLinuxOptions":{"level":"s0:c82,c59"}},"imagePullSecrets":[{"name":"paymentmanagement-payment-secret"}],"schedulerName":"default-scheduler","tolerations":[{"key":"node.kubernetes.io/memory-pressure","operator":"Exists","effect":"NoSchedule"}]},"status":{"phase":"Running","conditions":[{"type":"Initialized","status":"True","lastProbeTime":null,"lastTransitionTime":"2018-09-13T06:52:50Z"},{"type":"Ready","status":"True","lastProbeTime":null,"lastTransitionTime":"2018-09-13T06:54:02Z"},{"type":"PodScheduled","status":"True","lastProbeTime":null,"lastTransitionTime":"2018-09-13T06:52:50Z"}],"podIP":"10.128.49.132","startTime":"2018-09-13T06:52:50Z","containerStatuses":[{"name":"paymentmanagement-payment-service-container","state":{"running":{"startedAt":"2018-09-13T06:52:53Z"}},"lastState":{},"ready":true,"restartCount":0,"image":"illin5564.corp.amdocs.com:5000/paymentmanagement-payment-service:0.1.1-0025","imageID":"docker-pullable://illin5564.corp.amdocs.com:5000/paymentmanagement-payment-service@sha256:3d2ada962e84cb83ef1c6829914f96ba6338beb3141c1e709c671fb7a62aa0ff","containerID":"docker://90cfa7180f75d511ec0bde3809eedd7629173321af7d601b41c4be0e6b36b566"}],"qosClass":"Burstable"}},{"metadata":{"name":"phoneportin-phoneportinb-7d5d6d47cc-87vrt","generateName":"phoneportin-phoneportinb-7d5d6d47cc-","namespace":"oc-cd-1017-pranavd-pd","selfLink":"/api/v1/namespaces/oc-cd-1017-pranavd-pd/pods/phoneportin-phoneportinb-7d5d6d47cc-87vrt","uid":"a1571238-b721-11e8-bb86-0050569a887c","resourceVersion":"66124174","creationTimestamp":"2018-09-13T06:52:50Z","labels":{"app":"phoneportin-phoneportinb","microservice":"phoneportin-phoneportinb","pod-template-hash":"3818280377","project":"phoneportin-phoneportinbridge","provider":"amdocs","release":"phoneportin-phoneportinbridge-release"},"annotations":{"fabric8.io/iconUrl":"img/icons/spring-boot.svg","openshift.io/scc":"anyuid-no-ps"},"ownerReferences":[{"apiVersion":"extensions/v1beta1","kind":"ReplicaSet","name":"phoneportin-phoneportinb-7d5d6d47cc","uid":"a1469f1d-b721-11e8-bb86-0050569a887c","controller":true,"blockOwnerDeletion":true}]},"spec":{"volumes":[{"name":"default-token-vdgk4","secret":{"secretName":"default-token-vdgk4","defaultMode":420}}],"containers":[{"name":"phoneportin-phoneportinbridge-service-container","image":"illin5564.corp.amdocs.com:5000/phoneportin-phoneportinbridge-service:0.1.1-0017","ports":[{"name":"http","containerPort":8080,"protocol":"TCP"},{"name":"https","containerPort":8443,"protocol":"TCP"},{"name":"metrics","containerPort":5555,"protocol":"TCP"},{"name":"management","containerPort":18080,"protocol":"TCP"}],"env":[{"name":"KUBERNETES_NAMESPACE","valueFrom":{"fieldRef":{"apiVersion":"v1","fieldPath":"metadata.namespace"}}},{"name":"MSNEXT_JAVA_OPTS","value":"-Dcom.amdocs.msnext.securityjwt.anonymous.context-mapping.msnext.management=.*management  -Xms256m -Xmx1024m -XX:MaxRAM=2048m -XX:+DisableExplicitGC -XX:+UseConcMarkSweepGC -XX:+CMSParallelRemarkEnabled -XX:NewRatio=1 -Xss512k -XX:MaxMetaspaceSize=512m -Dcom.amdocs.msnext.securitya3s.url=http://10.238.196.7:30081/asmServices/services/v1.0"},{"name":"SERVER_PORT","value":"8080"},{"name":"MSNEXT_MODULE_MGT_DISABLE","value":"msnext-customization"},{"name":"MSNEXT_JACOCO_ENABLE","value":"${jacoco.enabled}"},{"name":"MSNEXT_JACOCO_OPTS","value":"output=tcpserver,address=*,port=6300"},{"name":"MANAGEMENT_PORT","value":"18080"},{"name":"MALLOC_ARENA_MAX","value":"4"},{"name":"TZ","value":"UTC"}],"resources":{"limits":{"cpu":"2","memory":"2Gi"},"requests":{"cpu":"200m","memory":"1Gi"}},"volumeMounts":[{"name":"default-token-vdgk4","readOnly":true,"mountPath":"/var/run/secrets/kubernetes.io/serviceaccount"}],"livenessProbe":{"httpGet":{"path":"/health","port":18080,"scheme":"HTTP"},"initialDelaySeconds":900,"timeoutSeconds":1,"periodSeconds":10,"successThreshold":1,"failureThreshold":3},"readinessProbe":{"httpGet":{"path":"/health","port":18080,"scheme":"HTTP"},"initialDelaySeconds":30,"timeoutSeconds":10,"periodSeconds":10,"successThreshold":1,"failureThreshold":3},"terminationMessagePath":"/dev/termination-log","terminationMessagePolicy":"File","imagePullPolicy":"IfNotPresent","securityContext":{"capabilities":{"drop":["MKNOD"]},"privileged":false}}],"restartPolicy":"Always","terminationGracePeriodSeconds":30,"dnsPolicy":"ClusterFirst","nodeSelector":{"region":"work"},"serviceAccountName":"default","serviceAccount":"default","nodeName":"ilocpde01w19.corp.amdocs.com","securityContext":{"seLinuxOptions":{"level":"s0:c82,c59"}},"imagePullSecrets":[{"name":"phoneportin-phoneportinbridge-secret"}],"schedulerName":"default-scheduler","tolerations":[{"key":"node.kubernetes.io/memory-pressure","operator":"Exists","effect":"NoSchedule"}]},"status":{"phase":"Running","conditions":[{"type":"Initialized","status":"True","lastProbeTime":null,"lastTransitionTime":"2018-09-13T06:52:50Z"},{"type":"Ready","status":"True","lastProbeTime":null,"lastTransitionTime":"2018-09-13T06:53:59Z"},{"type":"PodScheduled","status":"True","lastProbeTime":null,"lastTransitionTime":"2018-09-13T06:52:50Z"}],"hostIP":"10.245.251.160","podIP":"10.128.50.202","startTime":"2018-09-13T06:52:50Z","containerStatuses":[{"name":"phoneportin-phoneportinbridge-service-container","state":{"running":{"startedAt":"2018-09-13T06:52:53Z"}},"lastState":{},"ready":true,"restartCount":0,"image":"illin5564.corp.amdocs.com:5000/phoneportin-phoneportinbridge-service:0.1.1-0017","imageID":"docker-pullable://illin5564.corp.amdocs.com:5000/phoneportin-phoneportinbridge-service@sha256:3aa420bcab0cba5780da4bb982312a3e1aa375c38ca79faab7ed42827daaee86","containerID":"docker://55c0c2361048854e56be081e6c44047cd59f1ad3538c6d3f5116ab28b2dd4768"}],"qosClass":"Burstable"}},{"metadata":{"name":"pi-factory-release-pi-fa-6d8fbfcf57-p8qb5","generateName":"pi-factory-release-pi-fa-6d8fbfcf57-","namespace":"oc-cd-1017-pranavd-pd","selfLink":"/api/v1/namespaces/oc-cd-1017-pranavd-pd/pods/pi-factory-release-pi-fa-6d8fbfcf57-p8qb5","uid":"a16b3cf7-b721-11e8-bb86-0050569a887c","resourceVersion":"66124103","creationTimestamp":"2018-09-13T06:52:50Z","labels":{"app":"pi-factory-release-pi-fa","microservice":"pi-factory","pod-template-hash":"2849697913","project":"pi-factory","provider":"amdocs","release":"pi-factory-release"},"annotations":{"checksum/config":"4b502369ac828ee8461ed0317a495386911a4224ac81a0f913f0ad154d376d5a","fabric8.io/iconUrl":"img/icons/spring-boot.svg","openshift.io/scc":"anyuid-no-ps"},"ownerReferences":[{"apiVersion":"extensions/v1beta1","kind":"ReplicaSet","name":"pi-factory-release-pi-fa-6d8fbfcf57","uid":"a15c2945-b721-11e8-bb86-0050569a887c","controller":true,"blockOwnerDeletion":true}]},"spec":{"volumes":[{"name":"default-token-vdgk4","secret":{"secretName":"default-token-vdgk4","defaultMode":420}}],"containers":[{"name":"pi-factory-service-container","image":"illin5564.corp.amdocs.com:5000/pi-factory-service:0.1.1-0051","ports":[{"name":"metrics","containerPort":5555,"protocol":"TCP"},{"name":"http","containerPort":8080,"protocol":"TCP"},{"name":"jacoco","containerPort":6300,"protocol":"TCP"},{"name":"management","containerPort":18080,"protocol":"TCP"}],"env":[{"name":"KUBERNETES_NAMESPACE","valueFrom":{"fieldRef":{"apiVersion":"v1","fieldPath":"metadata.namespace"}}},{"name":"MSNEXT_JAVA_OPTS","value":"-Xms256m -Xmx512m -XX:MaxRAM=1024m -XX:+UseSerialGC"},{"name":"MSNEXT_DISABLED_MODULES","value":"msnext-customization"},{"name":"MANAGEMENT_PORT","value":"18080"},{"name":"SERVER_PORT","value":"8080"}],"resources":{"limits":{"cpu":"2","memory":"2Gi"},"requests":{"cpu":"200m","memory":"1Gi"}},"volumeMounts":[{"name":"default-token-vdgk4","readOnly":true,"mountPath":"/var/run/secrets/kubernetes.io/serviceaccount"}],"livenessProbe":{"httpGet":{"path":"/health","port":18080,"scheme":"HTTP"},"initialDelaySeconds":900,"timeoutSeconds":10,"periodSeconds":10,"successThreshold":1,"failureThreshold":3},"readinessProbe":{"httpGet":{"path":"/health","port":18080,"scheme":"HTTP"},"initialDelaySeconds":30,"timeoutSeconds":10,"periodSeconds":10,"successThreshold":1,"failureThreshold":3},"terminationMessagePath":"/dev/termination-log","terminationMessagePolicy":"File","imagePullPolicy":"IfNotPresent","securityContext":{"capabilities":{"drop":["MKNOD"]},"privileged":false}}],"restartPolicy":"Always","terminationGracePeriodSeconds":30,"dnsPolicy":"ClusterFirst","nodeSelector":{"region":"work"},"serviceAccountName":"default","serviceAccount":"default","nodeName":"ilocpde01w17.corp.amdocs.com","securityContext":{"seLinuxOptions":{"level":"s0:c82,c59"}},"imagePullSecrets":[{"name":"pi-factory-ms-secret"}],"schedulerName":"default-scheduler","tolerations":[{"key":"node.kubernetes.io/memory-pressure","operator":"Exists","effect":"NoSchedule"}]},"status":{"phase":"Running","conditions":[{"type":"Initialized","status":"True","lastProbeTime":null,"lastTransitionTime":"2018-09-13T06:52:50Z"},{"type":"Ready","status":"True","lastProbeTime":null,"lastTransitionTime":"2018-09-13T06:53:54Z"},{"type":"PodScheduled","status":"True","lastProbeTime":null,"lastTransitionTime":"2018-09-13T06:52:50Z"}],"hostIP":"10.245.250.36","podIP":"10.128.47.69","startTime":"2018-09-13T06:52:50Z","containerStatuses":[{"name":"pi-factory-service-container","state":{"running":{"startedAt":"2018-09-13T06:52:56Z"}},"lastState":{},"ready":true,"restartCount":0,"image":"illin5564.corp.amdocs.com:5000/pi-factory-service:0.1.1-0051","imageID":"docker-pullable://illin5564.corp.amdocs.com:5000/pi-factory-service@sha256:e807877857285450ce77541c4caeaa8f557cb37551464c0fe96cb912a36738fc","containerID":"docker://1cbac90f916e406271b3ff2991658f6864790c68e460c265afb1ba4d14d3c964"}],"qosClass":"Burstable"}},{"metadata":{"name":"pi-product-release-pi-pr-768d5bb47d-5djv9","generateName":"pi-product-release-pi-pr-768d5bb47d-","namespace":"oc-cd-1017-pranavd-pd","selfLink":"/api/v1/namespaces/oc-cd-1017-pranavd-pd/pods/pi-product-release-pi-pr-768d5bb47d-5djv9","uid":"a17aee12-b721-11e8-bb86-0050569a887c","resourceVersion":"66124385","creationTimestamp":"2018-09-13T06:52:50Z","labels":{"app":"pi-product-release-pi-pr","microservice":"pi-product","pod-template-hash":"3248166038","project":"pi-product","provider":"amdocs","release":"pi-product-release"},"annotations":{"git-commit":"b2c5a08facde59dc2947676018c3550ecbdb4b5b","openshift.io/scc":"anyuid-no-ps"},"ownerReferences":[{"apiVersion":"extensions/v1beta1","kind":"ReplicaSet","name":"pi-product-release-pi-pr-768d5bb47d","uid":"a171b235-b721-11e8-bb86-0050569a887c","controller":true,"blockOwnerDeletion":true}]},"spec":{"volumes":[{"name":"prop-volume","configMap":{"name":"pi-product-service-appconfig","defaultMode":420,"optional":true}},{"name":"default-token-vdgk4","secret":{"secretName":"default-token-vdgk4","defaultMode":420}}],"containers":[{"name":"pi-product-service-container","image":"illin5564.corp.amdocs.com:5000/pi-product-service:0.1.1-0046","ports":[{"name":"metrics","containerPort":5555,"protocol":"TCP"},{"name":"http","containerPort":8080,"protocol":"TCP"},{"name":"jacoco","containerPort":6300,"protocol":"TCP"},{"name":"management","containerPort":18080,"protocol":"TCP"}],"env":[{"name":"KUBERNETES_NAMESPACE","valueFrom":{"fieldRef":{"apiVersion":"v1","fieldPath":"metadata.namespace"}}},{"name":"MSNEXT_JAVA_OPTS","value":" -Xms256m -Xmx1024m -XX:MaxRAM=2048m -XX:+DisableExplicitGC -XX:+UseConcMarkSweepGC -XX:+CMSParallelRemarkEnabled -XX:NewRatio=1 -Xss512k -XX:MaxMetaspaceSize=512m -Dcom.amdocs.msnext.securitya3s.url=http://10.238.196.7:30081/asmServices/services/v1.0 "},{"name":"MSNEXT_DISABLED_MODULES","value":"msnext-customization"},{"name":"MANAGEMENT_PORT","value":"18080"},{"name":"SERVER_PORT","value":"8080"},{"name":"MALLOC_ARENA_MAX","value":"4"},{"name":"JAVA_ENABLE_DEBUG","value":"false"},{"name":"MSNEXT_CONF_SOURCE_APP","value":"/etc/config"}],"resources":{"limits":{"cpu":"2","memory":"2Gi"},"requests":{"cpu":"200m","memory":"1Gi"}},"volumeMounts":[{"name":"prop-volume","mountPath":"/etc/config"},{"name":"default-token-vdgk4","readOnly":true,"mountPath":"/var/run/secrets/kubernetes.io/serviceaccount"}],"livenessProbe":{"httpGet":{"path":"/health","port":18080,"scheme":"HTTP"},"initialDelaySeconds":900,"timeoutSeconds":10,"periodSeconds":10,"successThreshold":1,"failureThreshold":3},"readinessProbe":{"httpGet":{"path":"/health","port":18080,"scheme":"HTTP"},"initialDelaySeconds":30,"timeoutSeconds":10,"periodSeconds":10,"successThreshold":1,"failureThreshold":3},"terminationMessagePath":"/dev/termination-log","terminationMessagePolicy":"File","imagePullPolicy":"IfNotPresent","securityContext":{"capabilities":{"drop":["MKNOD"]},"privileged":false}}],"restartPolicy":"Always","terminationGracePeriodSeconds":30,"dnsPolicy":"ClusterFirst","nodeSelector":{"region":"work"},"serviceAccountName":"default","serviceAccount":"default","nodeName":"ilocpde01w30.corp.amdocs.com","securityContext":{"seLinuxOptions":{"level":"s0:c82,c59"}},"imagePullSecrets":[{"name":"pi-product-ms-secret"}],"schedulerName":"default-scheduler","tolerations":[{"key":"node.kubernetes.io/memory-pressure","operator":"Exists","effect":"NoSchedule"}]},"status":{"phase":"Running","conditions":[{"type":"Initialized","status":"True","lastProbeTime":null,"lastTransitionTime":"2018-09-13T06:52:50Z"},{"type":"Ready","status":"True","lastProbeTime":null,"lastTransitionTime":"2018-09-13T06:54:14Z"},{"type":"PodScheduled","status":"True","lastProbeTime":null,"lastTransitionTime":"2018-09-13T06:52:50Z"}],"podIP":"10.128.70.13","startTime":"2018-09-13T06:52:50Z","containerStatuses":[{"name":"pi-product-service-container","state":{"running":{"startedAt":"2018-09-13T06:52:53Z"}},"lastState":{},"ready":true,"restartCount":0,"image":"illin5564.corp.amdocs.com:5000/pi-product-service:0.1.1-0046","imageID":"docker-pullable://illin5564.corp.amdocs.com:5000/pi-product-service@sha256:8e81b5170174f05ec6a75a152000e9a0e7569884e464121d95b9a19758becccf","containerID":"docker://9960f57b22ab0876b5fbbe93dc8f230f374d9bc2f36bce30fc8a4f32f5311e3a"}],"qosClass":"Burstable"}},{"metadata":{"name":"pi-validateproduct-relea-776768747f-x758r","generateName":"pi-validateproduct-relea-776768747f-","namespace":"oc-cd-1017-pranavd-pd","selfLink":"/api/v1/namespaces/oc-cd-1017-pranavd-pd/pods/pi-validateproduct-relea-776768747f-x758r","uid":"a18ddf2d-b721-11e8-bb86-0050569a887c","resourceVersion":"66124210","creationTimestamp":"2018-09-13T06:52:50Z","labels":{"app":"pi-validateproduct-relea","microservice":"pi-validateproduct","pod-template-hash":"3323243039","project":"pi-validateproduct","provider":"amdocs","release":"pi-validateproduct-release"},"annotations":{"fabric8.io/iconUrl":"img/icons/spring-boot.svg","git-commit":"50b9c8f1dc95713f85d95761f6539264f0f52291","openshift.io/scc":"anyuid-no-ps"},"ownerReferences":[{"apiVersion":"extensions/v1beta1","kind":"ReplicaSet","name":"pi-validateproduct-relea-776768747f","uid":"a1806447-b721-11e8-bb86-0050569a887c","controller":true,"blockOwnerDeletion":true}]},"spec":{"volumes":[{"name":"prop-volume","configMap":{"name":"pi-validateproduct-service-appconfig","defaultMode":420,"optional":true}},{"name":"default-token-vdgk4","secret":{"secretName":"default-token-vdgk4","defaultMode":420}}],"containers":[{"name":"pi-validateproduct-service-container","image":"illin5564.corp.amdocs.com:5000/pi-validateproduct-service:0.1.1-0028","ports":[{"name":"metrics","containerPort":5555,"protocol":"TCP"},{"name":"http","containerPort":8080,"protocol":"TCP"},{"name":"jacoco","containerPort":6300,"protocol":"TCP"},{"name":"management","containerPort":18080,"protocol":"TCP"}],"env":[{"name":"KUBERNETES_NAMESPACE","valueFrom":{"fieldRef":{"apiVersion":"v1","fieldPath":"metadata.namespace"}}},{"name":"MSNEXT_JAVA_OPTS","value":" -Xms256m -Xmx1024m -XX:MaxRAM=2048m -XX:+DisableExplicitGC -XX:+UseConcMarkSweepGC -XX:+CMSParallelRemarkEnabled -XX:NewRatio=1 -Xss512k -XX:MaxMetaspaceSize=512m"},{"name":"MSNEXT_CONF_SOURCE_APP","value":"/etc/config"},{"name":"MSNEXT_DISABLED_MODULES","value":"msnext-customization"},{"name":"MANAGEMENT_PORT","value":"18080"},{"name":"SERVER_PORT","value":"8080"},{"name":"MALLOC_ARENA_MAX","value":"4"},{"name":"TZ","value":"UTC"},{"name":"MSNEXT_JACOCO_ENABLE","value":"0"},{"name":"MSNEXT_JACOCO_OPTS","value":"output=tcpserver,address=*,port=6300"},{"name":"MSNEXT_CONF_SOURCE_APP","value":"/etc/config"}],"resources":{"limits":{"cpu":"2","memory":"2Gi"},"requests":{"cpu":"200m","memory":"1Gi"}},"volumeMounts":[{"name":"prop-volume","mountPath":"/etc/config"},{"name":"default-token-vdgk4","readOnly":true,"mountPath":"/var/run/secrets/kubernetes.io/serviceaccount"}],"livenessProbe":{"httpGet":{"path":"/health","port":18080,"scheme":"HTTP"},"initialDelaySeconds":900,"timeoutSeconds":10,"periodSeconds":10,"successThreshold":1,"failureThreshold":3},"readinessProbe":{"httpGet":{"path":"/health","port":18080,"scheme":"HTTP"},"initialDelaySeconds":30,"timeoutSeconds":10,"periodSeconds":10,"successThreshold":1,"failureThreshold":3},"terminationMessagePath":"/dev/termination-log","terminationMessagePolicy":"File","imagePullPolicy":"IfNotPresent","securityContext":{"capabilities":{"drop":["MKNOD"]},"privileged":false}}],"restartPolicy":"Always","terminationGracePeriodSeconds":30,"dnsPolicy":"ClusterFirst","nodeSelector":{"region":"work"},"serviceAccountName":"default","serviceAccount":"default","nodeName":"ilocpde01w28.corp.amdocs.com","securityContext":{"seLinuxOptions":{"level":"s0:c82,c59"}},"imagePullSecrets":[{"name":"pi-validateproduct-ms-secret"}],"schedulerName":"default-scheduler","tolerations":[{"key":"node.kubernetes.io/memory-pressure","operator":"Exists","effect":"NoSchedule"}]},"status":{"phase":"Running","conditions":[{"type":"Initialized","status":"True","lastProbeTime":null,"lastTransitionTime":"2018-09-13T06:52:50Z"},{"type":"Ready","status":"True","lastProbeTime":null,"lastTransitionTime":"2018-09-13T06:54:02Z"},{"type":"PodScheduled","status":"True","lastProbeTime":null,"lastTransitionTime":"2018-09-13T06:52:50Z"}],"hostIP":"10.245.251.169","podIP":"10.128.69.244","startTime":"2018-09-13T06:52:50Z","containerStatuses":[{"name":"pi-validateproduct-service-container","state":{"running":{"startedAt":"2018-09-13T06:52:53Z"}},"lastState":{},"ready":true,"restartCount":0,"image":"illin5564.corp.amdocs.com:5000/pi-validateproduct-service:0.1.1-0028","imageID":"docker-pullable://illin5564.corp.amdocs.com:5000/pi-validateproduct-service@sha256:2ab1ed4be6498f93124dc9c444caa878cc7955f51ae3daaaef3c40d9837039be","containerID":"docker://b2d910e1ec6f8853723eee2f1aeffc495cd1783fa94e8c3cce46a14b1b023158"}],"qosClass":"Burstable"}},{"metadata":{"name":"pod-category-release-pod-88465c6fb-2xqz8","generateName":"pod-category-release-pod-88465c6fb-","namespace":"oc-cd-1017-pranavd-pd","selfLink":"/api/v1/namespaces/oc-cd-1017-pranavd-pd/pods/pod-category-release-pod-88465c6fb-2xqz8","uid":"a1a5c2a5-b721-11e8-bb86-0050569a887c","resourceVersion":"66124240","creationTimestamp":"2018-09-13T06:52:50Z","labels":{"app":"pod-category-release-pod","microservice":"pod-category","pod-template-hash":"440217296","project":"pod-category","provider":"amdocs","release":"pod-category-release"},"annotations":{"git-commit":"0f6ca8e71cc9e1864b881d2838d203608b084102","openshift.io/scc":"anyuid-no-ps"},"ownerReferences":[{"apiVersion":"extensions/v1beta1","kind":"ReplicaSet","name":"pod-category-release-pod-88465c6fb","uid":"a1932c39-b721-11e8-bb86-0050569a887c","controller":true,"blockOwnerDeletion":true}]},"spec":{"volumes":[{"name":"default-token-vdgk4","secret":{"secretName":"default-token-vdgk4","defaultMode":420}}],"containers":[{"name":"pod-category-service-container","image":"illin5564.corp.amdocs.com:5000/pod-category-service:0.1.1-0015","ports":[{"name":"metrics","containerPort":5555,"protocol":"TCP"},{"name":"http","containerPort":8080,"protocol":"TCP"},{"name":"management","containerPort":18080,"protocol":"TCP"}],"env":[{"name":"KUBERNETES_NAMESPACE","valueFrom":{"fieldRef":{"apiVersion":"v1","fieldPath":"metadata.namespace"}}},{"name":"MSNEXT_JAVA_OPTS","value":" -Xms256m -Xmx1024m -XX:MaxRAM=2048m -XX:+DisableExplicitGC -XX:+UseConcMarkSweepGC -XX:+CMSParallelRemarkEnabled -XX:NewRatio=1 -Xss512k -XX:MaxMetaspaceSize=512m -Dcom.amdocs.msnext.securitya3s.url=http://10.238.196.7:30081/asmServices/services/v1.0"},{"name":"MSNEXT_DISABLED_MODULES","value":"msnext-customization"},{"name":"MANAGEMENT_PORT","value":"18080"},{"name":"SERVER_PORT","value":"8080"},{"name":"MALLOC_ARENA_MAX","value":"4"},{"name":"TZ","value":"UTC"}],"resources":{"limits":{"cpu":"2","memory":"2Gi"},"requests":{"cpu":"200m","memory":"1Gi"}},"volumeMounts":[{"name":"default-token-vdgk4","readOnly":true,"mountPath":"/var/run/secrets/kubernetes.io/serviceaccount"}],"livenessProbe":{"httpGet":{"path":"/health","port":18080,"scheme":"HTTP"},"initialDelaySeconds":900,"timeoutSeconds":10,"periodSeconds":10,"successThreshold":1,"failureThreshold":3},"readinessProbe":{"httpGet":{"path":"/health","port":18080,"scheme":"HTTP"},"initialDelaySeconds":30,"timeoutSeconds":10,"periodSeconds":10,"successThreshold":1,"failureThreshold":3},"terminationMessagePath":"/dev/termination-log","terminationMessagePolicy":"File","imagePullPolicy":"IfNotPresent","securityContext":{"capabilities":{"drop":["MKNOD"]},"privileged":false}}],"restartPolicy":"Always","terminationGracePeriodSeconds":30,"dnsPolicy":"ClusterFirst","nodeSelector":{"region":"work"},"serviceAccountName":"default","serviceAccount":"default","nodeName":"ilocpde01w27.corp.amdocs.com","securityContext":{"seLinuxOptions":{"level":"s0:c82,c59"}},"imagePullSecrets":[{"name":"pod-category-ms-secret"}],"schedulerName":"default-scheduler","tolerations":[{"key":"node.kubernetes.io/memory-pressure","operator":"Exists","effect":"NoSchedule"}]},"status":{"phase":"Running","conditions":[{"type":"Initialized","status":"True","lastProbeTime":null,"lastTransitionTime":"2018-09-13T06:52:50Z"},{"type":"Ready","status":"True","lastProbeTime":null,"lastTransitionTime":"2018-09-13T06:54:04Z"},{"type":"PodScheduled","status":"True","lastProbeTime":null,"lastTransitionTime":"2018-09-13T06:52:50Z"}],"hostIP":"10.245.251.168","podIP":"10.128.64.31","startTime":"2018-09-13T06:52:50Z","containerStatuses":[{"name":"pod-category-service-container","state":{"running":{"startedAt":"2018-09-13T06:52:53Z"}},"lastState":{},"ready":true,"restartCount":0,"image":"illin5564.corp.amdocs.com:5000/pod-category-service:0.1.1-0015","imageID":"docker-pullable://illin5564.corp.amdocs.com:5000/pod-category-service@sha256:39bb67c713cbdbd7c6634f5ddd21bd4dc757764ecc55e524c75e9fb503ef64e2","containerID":"docker://bf04b88f3c7003423b832c589982e278d43c5b93b1229c5d64f9e727b988144f"}],"qosClass":"Burstable"}},{"metadata":{"name":"pod-experience-release-p-59dfb8f574-9dxtr","generateName":"pod-experience-release-p-59dfb8f574-","namespace":"oc-cd-1017-pranavd-pd","selfLink":"/api/v1/namespaces/oc-cd-1017-pranavd-pd/pods/pod-experience-release-p-59dfb8f574-9dxtr","uid":"a1b97b3e-b721-11e8-bb86-0050569a887c","resourceVersion":"66124463","creationTimestamp":"2018-09-13T06:52:50Z","labels":{"app":"pod-experience-release-p","microservice":"pod-experience","pod-template-hash":"1589649130","project":"pod-experience","provider":"amdocs","release":"pod-experience-release"},"annotations":{"fabric8.io/iconUrl":"img/icons/spring-boot.svg","git-commit":"17d57e3174da53ca529543bed0d19303539dc5e4","openshift.io/scc":"anyuid-no-ps"},"ownerReferences":[{"apiVersion":"extensions/v1beta1","kind":"ReplicaSet","name":"pod-experience-release-p-59dfb8f574","uid":"a1a52063-b721-11e8-bb86-0050569a887c","controller":true,"blockOwnerDeletion":true}]},"spec":{"volumes":[{"name":"default-token-vdgk4","secret":{"secretName":"default-token-vdgk4","defaultMode":420}}],"containers":[{"name":"pod-experience-service-container","image":"illin5564.corp.amdocs.com:5000/pod-experience-service:0.1.1-0030","ports":[{"name":"metrics","containerPort":5555,"protocol":"TCP"},{"name":"http","containerPort":8080,"protocol":"TCP"},{"name":"management","containerPort":18080,"protocol":"TCP"}],"env":[{"name":"KUBERNETES_NAMESPACE","valueFrom":{"fieldRef":{"apiVersion":"v1","fieldPath":"metadata.namespace"}}},{"name":"MSNEXT_JAVA_OPTS","value":" -Xms256m -Xmx1024m -XX:MaxRAM=2048m -XX:+DisableExplicitGC -XX:+UseConcMarkSweepGC -XX:+CMSParallelRemarkEnabled -XX:NewRatio=1 -Xss512k -XX:MaxMetaspaceSize=512m -Dcom.amdocs.msnext.securitya3s.url=http://10.238.196.7:30081/asmServices/services/v1.0"},{"name":"MSNEXT_DISABLED_MODULES","value":"msnext-customization"},{"name":"MANAGEMENT_PORT","value":"18080"},{"name":"SERVER_PORT","value":"8080"},{"name":"MALLOC_ARENA_MAX","value":"4"}],"resources":{"limits":{"cpu":"2","memory":"2Gi"},"requests":{"cpu":"200m","memory":"1Gi"}},"volumeMounts":[{"name":"default-token-vdgk4","readOnly":true,"mountPath":"/var/run/secrets/kubernetes.io/serviceaccount"}],"livenessProbe":{"httpGet":{"path":"/health","port":18080,"scheme":"HTTP"},"initialDelaySeconds":900,"timeoutSeconds":10,"periodSeconds":10,"successThreshold":1,"failureThreshold":3},"readinessProbe":{"httpGet":{"path":"/health","port":18080,"scheme":"HTTP"},"initialDelaySeconds":30,"timeoutSeconds":10,"periodSeconds":10,"successThreshold":1,"failureThreshold":3},"terminationMessagePath":"/dev/termination-log","terminationMessagePolicy":"File","imagePullPolicy":"IfNotPresent","securityContext":{"capabilities":{"drop":["MKNOD"]},"privileged":false}}],"restartPolicy":"Always","terminationGracePeriodSeconds":30,"dnsPolicy":"ClusterFirst","nodeSelector":{"region":"work"},"serviceAccountName":"default","serviceAccount":"default","nodeName":"ilocpde01w24.corp.amdocs.com","securityContext":{"seLinuxOptions":{"level":"s0:c82,c59"}},"imagePullSecrets":[{"name":"pod-experience-ms-secret"}],"schedulerName":"default-scheduler","tolerations":[{"key":"node.kubernetes.io/memory-pressure","operator":"Exists","effect":"NoSchedule"}]},"status":{"phase":"Running","conditions":[{"type":"Initialized","status":"True","lastProbeTime":null,"lastTransitionTime":"2018-09-13T06:52:51Z"},{"type":"Ready","status":"True","lastProbeTime":null,"lastTransitionTime":"2018-09-13T06:54:21Z"},{"type":"PodScheduled","status":"True","lastProbeTime":null,"lastTransitionTime":"2018-09-13T06:52:51Z"}],"hostIP":"10.245.251.165","podIP":"10.128.59.101","startTime":"2018-09-13T06:52:51Z","containerStatuses":[{"name":"pod-experience-service-container","state":{"running":{"startedAt":"2018-09-13T06:52:57Z"}},"lastState":{},"ready":true,"restartCount":0,"image":"illin5564.corp.amdocs.com:5000/pod-experience-service:0.1.1-0030","imageID":"docker-pullable://illin5564.corp.amdocs.com:5000/pod-experience-service@sha256:805fe83c6caf099c2ac034784e2f96b92ac8aca42d3ac877e815c64fc7beba05","containerID":"docker://5a98587252ef740b2c22b34567dc7911ade58d47c8c8865872cc8af79f83dc45"}],"qosClass":"Burstable"}},{"metadata":{"name":"pod-price-release-pod-pr-5b49596b9d-jc669","generateName":"pod-price-release-pod-pr-5b49596b9d-","namespace":"oc-cd-1017-pranavd-pd","selfLink":"/api/v1/namespaces/oc-cd-1017-pranavd-pd/pods/pod-price-release-pod-pr-5b49596b9d-jc669","uid":"a1d056e6-b721-11e8-bb86-0050569a887c","resourceVersion":"66124105","creationTimestamp":"2018-09-13T06:52:51Z","labels":{"app":"pod-price-release-pod-pr","microservice":"pod-price","pod-template-hash":"1605152658","project":"pod-price","provider":"amdocs","release":"pod-price-release"},"annotations":{"fabric8.io/iconUrl":"img/icons/spring-boot.svg","git-commit":"e85df953869b450c4309d839f90774e3f183ac99","openshift.io/scc":"anyuid-no-ps"},"ownerReferences":[{"apiVersion":"extensions/v1beta1","kind":"ReplicaSet","name":"pod-price-release-pod-pr-5b49596b9d","uid":"a1c00258-b721-11e8-bb86-0050569a887c","controller":true,"blockOwnerDeletion":true}]},"spec":{"volumes":[{"name":"default-token-vdgk4","secret":{"secretName":"default-token-vdgk4","defaultMode":420}}],"containers":[{"name":"pod-price-service-container","image":"illin5564.corp.amdocs.com:5000/pod-price-service:0.1.1-0055","ports":[{"name":"http","containerPort":8080,"protocol":"TCP"},{"name":"jacoco","containerPort":6300,"protocol":"TCP"},{"name":"management","containerPort":18080,"protocol":"TCP"}],"env":[{"name":"KUBERNETES_NAMESPACE","valueFrom":{"fieldRef":{"apiVersion":"v1","fieldPath":"metadata.namespace"}}},{"name":"MSNEXT_JAVA_OPTS","value":" -Xms256m -Xmx1024m -XX:MaxRAM=2048m -XX:+DisableExplicitGC -XX:+UseConcMarkSweepGC -XX:+CMSParallelRemarkEnabled -XX:NewRatio=1 -Xss512k -XX:MaxMetaspaceSize=512m -Dcom.amdocs.msnext.securitya3s.url=http://10.238.196.7:30081/asmServices/services/v1.0"},{"name":"MSNEXT_DISABLED_MODULES","value":"msnext-customization"},{"name":"MANAGEMENT_PORT","value":"18080"},{"name":"SERVER_PORT","value":"8080"},{"name":"MALLOC_ARENA_MAX","value":"4"}],"resources":{"limits":{"cpu":"2","memory":"2Gi"},"requests":{"cpu":"200m","memory":"1Gi"}},"volumeMounts":[{"name":"default-token-vdgk4","readOnly":true,"mountPath":"/var/run/secrets/kubernetes.io/serviceaccount"}],"livenessProbe":{"httpGet":{"path":"/health","port":18080,"scheme":"HTTP"},"initialDelaySeconds":900,"timeoutSeconds":10,"periodSeconds":10,"successThreshold":1,"failureThreshold":3},"readinessProbe":{"httpGet":{"path":"/health","port":18080,"scheme":"HTTP"},"initialDelaySeconds":30,"timeoutSeconds":10,"periodSeconds":10,"successThreshold":1,"failureThreshold":3},"terminationMessagePath":"/dev/termination-log","terminationMessagePolicy":"File","imagePullPolicy":"IfNotPresent","securityContext":{"capabilities":{"drop":["MKNOD"]},"privileged":false}}],"restartPolicy":"Always","terminationGracePeriodSeconds":30,"dnsPolicy":"ClusterFirst","nodeSelector":{"region":"work"},"serviceAccountName":"default","serviceAccount":"default","nodeName":"ilocpde01w15.corp.amdocs.com","securityContext":{"seLinuxOptions":{"level":"s0:c82,c59"}},"imagePullSecrets":[{"name":"pod-price-ms-secret"}],"schedulerName":"default-scheduler","tolerations":[{"key":"node.kubernetes.io/memory-pressure","operator":"Exists","effect":"NoSchedule"}]},"status":{"phase":"Running","conditions":[{"type":"Initialized","status":"True","lastProbeTime":null,"lastTransitionTime":"2018-09-13T06:52:51Z"},{"type":"Ready","status":"True","lastProbeTime":null,"lastTransitionTime":"2018-09-13T06:53:54Z"},{"type":"PodScheduled","status":"True","lastProbeTime":null,"lastTransitionTime":"2018-09-13T06:52:51Z"}],"hostIP":"10.245.250.34","podIP":"10.128.39.139","startTime":"2018-09-13T06:52:51Z","containerStatuses":[{"name":"pod-price-service-container","state":{"running":{"startedAt":"2018-09-13T06:52:53Z"}},"lastState":{},"ready":true,"restartCount":0,"image":"illin5564.corp.amdocs.com:5000/pod-price-service:0.1.1-0055","imageID":"docker-pullable://illin5564.corp.amdocs.com:5000/pod-price-service@sha256:e52d70c4ccba5a700d8880be3de6eab2cc65687a1682db3ebc98a9163aba7608","containerID":"docker://0e5f9341442dda46eb86b99cc11a9a26436b3b6379a434617a4b5a9d7e561a6a"}],"qosClass":"Burstable"}},{"metadata":{"name":"pod-productoffering-release-pod-productoffering-6657bc748-5gb5s","generateName":"pod-productoffering-release-pod-productoffering-6657bc748-","namespace":"oc-cd-1017-pranavd-pd","selfLink":"/api/v1/namespaces/oc-cd-1017-pranavd-pd/pods/pod-productoffering-release-pod-productoffering-6657bc748-5gb5s","uid":"a1e71bc1-b721-11e8-bb86-0050569a887c","resourceVersion":"66124221","creationTimestamp":"2018-09-13T06:52:51Z","labels":{"app":"pod-productoffering-release-pod-productoffering","microservice":"pod-productoffering","pod-template-hash":"221367304","project":"pod-productoffering","provider":"amdocs","release":"pod-productoffering-release"},"annotations":{"git-commit":"4ec358601dd2a3615791956a809879de8e4c4b18","openshift.io/scc":"anyuid-no-ps"},"ownerReferences":[{"apiVersion":"extensions/v1beta1","kind":"ReplicaSet","name":"pod-productoffering-release-pod-productoffering-6657bc748","uid":"a1d75555-b721-11e8-bb86-0050569a887c","controller":true,"blockOwnerDeletion":true}]},"spec":{"volumes":[{"name":"default-token-vdgk4","secret":{"secretName":"default-token-vdgk4","defaultMode":420}}],"containers":[{"name":"pod-productoffering-service-container","image":"illin5564.corp.amdocs.com:5000/pod-productoffering-service:0.1.1-0047","ports":[{"name":"metrics","containerPort":5555,"protocol":"TCP"},{"name":"http","containerPort":8080,"protocol":"TCP"},{"name":"https","containerPort":8443,"protocol":"TCP"},{"name":"management","containerPort":18080,"protocol":"TCP"}],"env":[{"name":"KUBERNETES_NAMESPACE","valueFrom":{"fieldRef":{"apiVersion":"v1","fieldPath":"metadata.namespace"}}},{"name":"MSNEXT_JAVA_OPTS","value":" -Xms256m -Xmx1024m -XX:MaxRAM=2048m -XX:+DisableExplicitGC -XX:+UseConcMarkSweepGC -XX:+CMSParallelRemarkEnabled -XX:NewRatio=1 -Xss512k -XX:MaxMetaspaceSize=512m -Dcom.amdocs.msnext.securitya3s.url=http://10.238.196.7:30081/asmServices/services/v1.0"},{"name":"SERVER_PORT","value":"8080"},{"name":"MSNEXT_DISABLED_MODULES","value":"msnext-customization"},{"name":"MANAGEMENT_PORT","value":"18080"},{"name":"MALLOC_ARENA_MAX","value":"4"},{"name":"TZ","value":"UTC"}],"resources":{"limits":{"cpu":"2","memory":"2Gi"},"requests":{"cpu":"200m","memory":"1Gi"}},"volumeMounts":[{"name":"default-token-vdgk4","readOnly":true,"mountPath":"/var/run/secrets/kubernetes.io/serviceaccount"}],"livenessProbe":{"httpGet":{"path":"/health","port":18080,"scheme":"HTTP"},"initialDelaySeconds":900,"timeoutSeconds":10,"periodSeconds":10,"successThreshold":1,"failureThreshold":3},"readinessProbe":{"httpGet":{"path":"/health","port":18080,"scheme":"HTTP"},"initialDelaySeconds":30,"timeoutSeconds":10,"periodSeconds":10,"successThreshold":1,"failureThreshold":3},"terminationMessagePath":"/dev/termination-log","terminationMessagePolicy":"File","imagePullPolicy":"IfNotPresent","securityContext":{"capabilities":{"drop":["MKNOD"]},"privileged":false}}],"restartPolicy":"Always","terminationGracePeriodSeconds":30,"dnsPolicy":"ClusterFirst","nodeSelector":{"region":"work"},"serviceAccountName":"default","serviceAccount":"default","nodeName":"ilocpde01w11.corp.amdocs.com","securityContext":{"seLinuxOptions":{"level":"s0:c82,c59"}},"imagePullSecrets":[{"name":"pod-productoffering-ms-secret"}],"schedulerName":"default-scheduler","tolerations":[{"key":"node.kubernetes.io/memory-pressure","operator":"Exists","effect":"NoSchedule"}]},"status":{"phase":"Running","conditions":[{"type":"Initialized","status":"True","lastProbeTime":null,"lastTransitionTime":"2018-09-13T06:52:51Z"},{"type":"Ready","status":"True","lastProbeTime":null,"lastTransitionTime":"2018-09-13T06:54:02Z"},{"type":"PodScheduled","status":"True","lastProbeTime":null,"lastTransitionTime":"2018-09-13T06:52:51Z"}],"hostIP":"10.245.250.30","podIP":"10.128.35.28","startTime":"2018-09-13T06:52:51Z","containerStatuses":[{"name":"pod-productoffering-service-container","state":{"running":{"startedAt":"2018-09-13T06:52:54Z"}},"lastState":{},"ready":true,"restartCount":0,"image":"illin5564.corp.amdocs.com:5000/pod-productoffering-service:0.1.1-0047","imageID":"docker-pullable://illin5564.corp.amdocs.com:5000/pod-productoffering-service@sha256:61bb44f0a398cf6f2650bb0f19ebe9d795132eccc7de47e62fabcc668b75c09c","containerID":"docker://bb681bb50c9d4e45152bcf407302947db7a074ad41c0a47e92721e6e71a1da3d"}],"qosClass":"Burstable"}},{"metadata":{"name":"pod-search-release-pod-s-bc49ff955-nbnwm","generateName":"pod-search-release-pod-s-bc49ff955-","namespace":"oc-cd-1017-pranavd-pd","selfLink":"/api/v1/namespaces/oc-cd-1017-pranavd-pd/pods/pod-search-release-pod-s-bc49ff955-nbnwm","uid":"a2049dbf-b721-11e8-bb86-0050569a887c","resourceVersion":"66124375","creationTimestamp":"2018-09-13T06:52:51Z","labels":{"app":"pod-search-release-pod-s","microservice":"pod-search","pod-template-hash":"670599511","project":"pod-search","provider":"amdocs","release":"pod-search-release"},"annotations":{"git-commit":"000f518ff292042d89514609d56d5bb66c3436ee","openshift.io/scc":"anyuid-no-ps"},"ownerReferences":[{"apiVersion":"extensions/v1beta1","kind":"ReplicaSet","name":"pod-search-release-pod-s-bc49ff955","uid":"a1ec89f4-b721-11e8-bb86-0050569a887c","controller":true,"blockOwnerDeletion":true}]},"spec":{"volumes":[{"name":"default-token-vdgk4","secret":{"secretName":"default-token-vdgk4","defaultMode":420}}],"containers":[{"name":"pod-search-service-container","image":"illin5564.corp.amdocs.com:5000/pod-search-service:0.1.1-0045","ports":[{"name":"metrics","containerPort":5555,"protocol":"TCP"},{"name":"http","containerPort":8080,"protocol":"TCP"},{"name":"management","containerPort":18080,"protocol":"TCP"}],"env":[{"name":"KUBERNETES_NAMESPACE","valueFrom":{"fieldRef":{"apiVersion":"v1","fieldPath":"metadata.namespace"}}},{"name":"MSNEXT_JAVA_OPTS","value":" -Xms256m -Xmx1024m -XX:MaxRAM=2048m -XX:+DisableExplicitGC -XX:+UseConcMarkSweepGC -XX:+CMSParallelRemarkEnabled -XX:NewRatio=1 -Xss512k -XX:MaxMetaspaceSize=512m -Dcom.amdocs.msnext.securitya3s.url=http://10.238.196.7:30081/asmServices/services/v1.0"},{"name":"MSNEXT_DISABLED_MODULES","value":"msnext-customization"},{"name":"MANAGEMENT_PORT","value":"18080"},{"name":"SERVER_PORT","value":"8080"},{"name":"MALLOC_ARENA_MAX","value":"4"},{"name":"TZ","value":"UTC"}],"resources":{"limits":{"cpu":"2","memory":"2Gi"},"requests":{"cpu":"200m","memory":"1Gi"}},"volumeMounts":[{"name":"default-token-vdgk4","readOnly":true,"mountPath":"/var/run/secrets/kubernetes.io/serviceaccount"}],"livenessProbe":{"httpGet":{"path":"/health","port":18080,"scheme":"HTTP"},"initialDelaySeconds":900,"timeoutSeconds":10,"periodSeconds":10,"successThreshold":1,"failureThreshold":3},"readinessProbe":{"httpGet":{"path":"/health","port":18080,"scheme":"HTTP"},"initialDelaySeconds":30,"timeoutSeconds":10,"periodSeconds":10,"successThreshold":1,"failureThreshold":3},"terminationMessagePath":"/dev/termination-log","terminationMessagePolicy":"File","imagePullPolicy":"IfNotPresent","securityContext":{"capabilities":{"drop":["MKNOD"]},"privileged":false}}],"restartPolicy":"Always","terminationGracePeriodSeconds":30,"dnsPolicy":"ClusterFirst","nodeSelector":{"region":"work"},"serviceAccountName":"default","serviceAccount":"default","nodeName":"ilocpde01w10.corp.amdocs.com","securityContext":{"seLinuxOptions":{"level":"s0:c82,c59"}},"imagePullSecrets":[{"name":"pod-search-ms-secret"}],"schedulerName":"default-scheduler","tolerations":[{"key":"node.kubernetes.io/memory-pressure","operator":"Exists","effect":"NoSchedule"}]},"status":{"phase":"Running","conditions":[{"type":"Initialized","status":"True","lastProbeTime":null,"lastTransitionTime":"2018-09-13T06:52:51Z"},{"type":"Ready","status":"True","lastProbeTime":null,"lastTransitionTime":"2018-09-13T06:54:13Z"},{"type":"PodScheduled","status":"True","lastProbeTime":null,"lastTransitionTime":"2018-09-13T06:52:51Z"}],"hostIP":"10.245.250.29","podIP":"10.128.29.120","startTime":"2018-09-13T06:52:51Z","containerStatuses":[{"name":"pod-search-service-container","state":{"running":{"startedAt":"2018-09-13T06:52:54Z"}},"lastState":{},"ready":true,"restartCount":0,"image":"illin5564.corp.amdocs.com:5000/pod-search-service:0.1.1-0045","imageID":"docker-pullable://illin5564.corp.amdocs.com:5000/pod-search-service@sha256:448e38774e237b369fac6601543bf866bafe20e0bd558d467dd4d34dbe77d4f6","containerID":"docker://95fdc6ea2726653c0149c959f521ca43c40c6414641a9c5d89858a93801f9b51"}],"qosClass":"Burstable"}},{"metadata":{"name":"price-priceevent-release-687f67f8bf-qlr8x","generateName":"price-priceevent-release-687f67f8bf-","namespace":"oc-cd-1017-pranavd-pd","selfLink":"/api/v1/namespaces/oc-cd-1017-pranavd-pd/pods/price-priceevent-release-687f67f8bf-qlr8x","uid":"a219f376-b721-11e8-bb86-0050569a887c","resourceVersion":"66124429","creationTimestamp":"2018-09-13T06:52:51Z","labels":{"app":"price-priceevent-release","group":"com.amdocs.digital.ms.price.priceevent","microservice":"price-priceevent","pod-template-hash":"2439239469","project":"price-priceevent-service","provider":"amdocs","release":"price-priceevent-release"},"annotations":{"fabric8.io/iconUrl":"img/icons/spring-boot.svg","git-commit":"1f202ccd32841873b7140a57b4a14608ed8cc602","openshift.io/scc":"anyuid-no-ps"},"ownerReferences":[{"apiVersion":"extensions/v1beta1","kind":"ReplicaSet","name":"price-priceevent-release-687f67f8bf","uid":"a20515e3-b721-11e8-bb86-0050569a887c","controller":true,"blockOwnerDeletion":true}]},"spec":{"volumes":[{"name":"default-token-vdgk4","secret":{"secretName":"default-token-vdgk4","defaultMode":420}}],"containers":[{"name":"price-priceevent-service-container","image":"illin5564.corp.amdocs.com:5000/price-priceevent-service:0.1.1-0032","ports":[{"name":"metrics","containerPort":5555,"protocol":"TCP"},{"name":"http","containerPort":8080,"protocol":"TCP"},{"name":"https","containerPort":8443,"protocol":"TCP"},{"name":"jacoco","containerPort":6300,"protocol":"TCP"},{"name":"management","containerPort":18080,"protocol":"TCP"}],"env":[{"name":"KUBERNETES_NAMESPACE","valueFrom":{"fieldRef":{"apiVersion":"v1","fieldPath":"metadata.namespace"}}},{"name":"MSNEXT_JAVA_OPTS","value":" -Xms256m -Xmx1024m -XX:MaxRAM=2048m -XX:+DisableExplicitGC -XX:+UseConcMarkSweepGC -XX:+CMSParallelRemarkEnabled -XX:NewRatio=1 -Xss512k -XX:MaxMetaspaceSize=512m  -Dcom.amdocs.msnext.securitya3s.url=http://10.238.196.7:30081/asmServices/services/v1.0"},{"name":"SERVER_PORT","value":"8080"},{"name":"MSNEXT_MODULE_MGT_DISABLE","value":"msnext-customization"},{"name":"MANAGEMENT_PORT","value":"18080"}],"resources":{"limits":{"cpu":"2","memory":"2Gi"},"requests":{"cpu":"200m","memory":"1Gi"}},"volumeMounts":[{"name":"default-token-vdgk4","readOnly":true,"mountPath":"/var/run/secrets/kubernetes.io/serviceaccount"}],"livenessProbe":{"httpGet":{"path":"/health","port":18080,"scheme":"HTTP"},"initialDelaySeconds":900,"timeoutSeconds":1,"periodSeconds":10,"successThreshold":1,"failureThreshold":3},"readinessProbe":{"httpGet":{"path":"/health","port":18080,"scheme":"HTTP"},"initialDelaySeconds":60,"timeoutSeconds":1,"periodSeconds":10,"successThreshold":1,"failureThreshold":3},"terminationMessagePath":"/dev/termination-log","terminationMessagePolicy":"File","imagePullPolicy":"IfNotPresent","securityContext":{"capabilities":{"drop":["MKNOD"]},"privileged":false}}],"restartPolicy":"Always","terminationGracePeriodSeconds":30,"dnsPolicy":"ClusterFirst","nodeSelector":{"region":"work"},"serviceAccountName":"default","serviceAccount":"default","nodeName":"ilocpde01w08.corp.amdocs.com","securityContext":{"seLinuxOptions":{"level":"s0:c82,c59"}},"imagePullSecrets":[{"name":"price-priceevent-ms-secret"}],"schedulerName":"default-scheduler","tolerations":[{"key":"node.kubernetes.io/memory-pressure","operator":"Exists","effect":"NoSchedule"}]},"status":{"phase":"Running","conditions":[{"type":"Initialized","status":"True","lastProbeTime":null,"lastTransitionTime":"2018-09-13T06:52:51Z"},{"type":"Ready","status":"True","lastProbeTime":null,"lastTransitionTime":"2018-09-13T06:54:18Z"},{"type":"PodScheduled","status":"True","lastProbeTime":null,"lastTransitionTime":"2018-09-13T06:52:51Z"}],"hostIP":"10.245.250.27","podIP":"10.128.26.47","startTime":"2018-09-13T06:52:51Z","containerStatuses":[{"name":"price-priceevent-service-container","state":{"running":{"startedAt":"2018-09-13T06:52:54Z"}},"lastState":{},"ready":true,"restartCount":0,"image":"illin5564.corp.amdocs.com:5000/price-priceevent-service:0.1.1-0032","imageID":"docker-pullable://illin5564.corp.amdocs.com:5000/price-priceevent-service@sha256:0beddb5a1eabacadddc102cce68b4ef3b4397fa17641a6f3eba1f5b6122f0fda","containerID":"docker://71a86a6d4b807c1b883d80e5bcd64654eaa159dc75965b325cc30a2465108b23"}],"qosClass":"Burstable"}},{"metadata":{"name":"price-pricing-release-pr-b5cd95b7-wsdzw","generateName":"price-pricing-release-pr-b5cd95b7-","namespace":"oc-cd-1017-pranavd-pd","selfLink":"/api/v1/namespaces/oc-cd-1017-pranavd-pd/pods/price-pricing-release-pr-b5cd95b7-wsdzw","uid":"a243a662-b721-11e8-bb86-0050569a887c","resourceVersion":"66124114","creationTimestamp":"2018-09-13T06:52:51Z","labels":{"app":"price-pricing-release-pr","group":"com.amdocs.digital.ms.price.pricing","microservice":"price-pricing","pod-template-hash":"61785163","project":"price-pricing-service","provider":"amdocs","release":"price-pricing-release"},"annotations":{"fabric8.io/iconUrl":"img/icons/spring-boot.svg","git-commit":"9a08e3c3e63d7ac26a8c77e1b12a9ad19187fb1d","openshift.io/scc":"anyuid-no-ps"},"ownerReferences":[{"apiVersion":"extensions/v1beta1","kind":"ReplicaSet","name":"price-pricing-release-pr-b5cd95b7","uid":"a231b9dc-b721-11e8-bb86-0050569a887c","controller":true,"blockOwnerDeletion":true}]},"spec":{"volumes":[{"name":"default-token-vdgk4","secret":{"secretName":"default-token-vdgk4","defaultMode":420}}],"containers":[{"name":"price-pricing-service-container","image":"illin5564.corp.amdocs.com:5000/price-pricing-service:0.1.1-0042","ports":[{"name":"metrics","containerPort":5555,"protocol":"TCP"},{"name":"http","containerPort":8080,"protocol":"TCP"},{"name":"https","containerPort":8443,"protocol":"TCP"},{"name":"jacoco","containerPort":6300,"protocol":"TCP"},{"name":"management","containerPort":18080,"protocol":"TCP"}],"env":[{"name":"KUBERNETES_NAMESPACE","valueFrom":{"fieldRef":{"apiVersion":"v1","fieldPath":"metadata.namespace"}}},{"name":"MSNEXT_JAVA_OPTS","value":" -Xms256m -Xmx1024m -XX:MaxRAM=2048m -XX:+DisableExplicitGC -XX:+UseConcMarkSweepGC -XX:+CMSParallelRemarkEnabled -XX:NewRatio=1 -Xss512k -XX:MaxMetaspaceSize=512m -Dcom.amdocs.msnext.securitya3s.url=http://10.238.196.7:30081/asmServices/services/v1.0 -Dservices.price.url=http://price-productoffering-service:8080/po-price-management -Dservices.priceEvent.url=http://price-priceevent-service:8080/price-event-management"},{"name":"SERVER_PORT","value":"8080"},{"name":"MSNEXT_MODULE_MGT_DISABLE","value":"msnext-customization"},{"name":"MANAGEMENT_PORT","value":"18080"}],"resources":{"limits":{"cpu":"2","memory":"2Gi"},"requests":{"cpu":"200m","memory":"1Gi"}},"volumeMounts":[{"name":"default-token-vdgk4","readOnly":true,"mountPath":"/var/run/secrets/kubernetes.io/serviceaccount"}],"livenessProbe":{"httpGet":{"path":"/health","port":18080,"scheme":"HTTP"},"initialDelaySeconds":900,"timeoutSeconds":1,"periodSeconds":10,"successThreshold":1,"failureThreshold":3},"readinessProbe":{"httpGet":{"path":"/health","port":18080,"scheme":"HTTP"},"initialDelaySeconds":60,"timeoutSeconds":1,"periodSeconds":10,"successThreshold":1,"failureThreshold":3},"terminationMessagePath":"/dev/termination-log","terminationMessagePolicy":"File","imagePullPolicy":"IfNotPresent","securityContext":{"capabilities":{"drop":["MKNOD"]},"privileged":false}}],"restartPolicy":"Always","terminationGracePeriodSeconds":30,"dnsPolicy":"ClusterFirst","nodeSelector":{"region":"work"},"serviceAccountName":"default","serviceAccount":"default","nodeName":"ilocpde01w07.corp.amdocs.com","securityContext":{"seLinuxOptions":{"level":"s0:c82,c59"}},"imagePullSecrets":[{"name":"price-pricing-ms-secret"}],"schedulerName":"default-scheduler","tolerations":[{"key":"node.kubernetes.io/memory-pressure","operator":"Exists","effect":"NoSchedule"}]},"status":{"phase":"Running","conditions":[{"type":"Initialized","status":"True","lastProbeTime":null,"lastTransitionTime":"2018-09-13T06:52:52Z"},{"type":"Ready","status":"True","lastProbeTime":null,"lastTransitionTime":"2018-09-13T06:53:55Z"},{"type":"PodScheduled","status":"True","lastProbeTime":null,"lastTransitionTime":"2018-09-13T06:52:52Z"}],"hostIP":"10.245.250.26","podIP":"10.128.23.23","startTime":"2018-09-13T06:52:52Z","containerStatuses":[{"name":"price-pricing-service-container","state":{"running":{"startedAt":"2018-09-13T06:52:54Z"}},"lastState":{},"ready":true,"restartCount":0,"image":"illin5564.corp.amdocs.com:5000/price-pricing-service:0.1.1-0042","imageID":"docker-pullable://illin5564.corp.amdocs.com:5000/price-pricing-service@sha256:1543c2bc3bf6e818cafdd984cbc4fa4af0470e486799d48c914b6b5ffbe2e663","containerID":"docker://30a3e1510235ac126d507baa5f6a0b5d4b11307c0f15e408ce7e99ae6a7e3759"}],"qosClass":"Burstable"}},{"metadata":{"name":"price-productoffering-re-67dc657f6-dqxjm","generateName":"price-productoffering-re-67dc657f6-","namespace":"oc-cd-1017-pranavd-pd","selfLink":"/api/v1/namespaces/oc-cd-1017-pranavd-pd/pods/price-productoffering-re-67dc657f6-dqxjm","uid":"a27783e1-b721-11e8-bb86-0050569a887c","resourceVersion":"66124144","creationTimestamp":"2018-09-13T06:52:52Z","labels":{"app":"price-productoffering-re","group":"com.amdocs.digital.ms.price.productoffering","microservice":"price-productoffering","pod-template-hash":"238721392","project":"price-productoffering-service","provider":"amdocs","release":"price-productoffering-release"},"annotations":{"fabric8.io/iconUrl":"img/icons/spring-boot.svg","git-commit":"f5aa18fe78ad28903b7b4d83e32fb95eb90809a0","openshift.io/scc":"anyuid-no-ps"},"ownerReferences":[{"apiVersion":"extensions/v1beta1","kind":"ReplicaSet","name":"price-productoffering-re-67dc657f6","uid":"a26b1dbb-b721-11e8-bb86-0050569a887c","controller":true,"blockOwnerDeletion":true}]},"spec":{"volumes":[{"name":"default-token-vdgk4","secret":{"secretName":"default-token-vdgk4","defaultMode":420}}],"containers":[{"name":"price-productoffering-service-container","image":"illin5564.corp.amdocs.com:5000/price-productoffering-service:0.1.1-0049","ports":[{"name":"metrics","containerPort":5555,"protocol":"TCP"},{"name":"http","containerPort":8080,"protocol":"TCP"},{"name":"https","containerPort":8443,"protocol":"TCP"},{"name":"jacoco","containerPort":6300,"protocol":"TCP"},{"name":"management","containerPort":18080,"protocol":"TCP"}],"env":[{"name":"KUBERNETES_NAMESPACE","valueFrom":{"fieldRef":{"apiVersion":"v1","fieldPath":"metadata.namespace"}}},{"name":"MSNEXT_JAVA_OPTS","value":" -Xms256m -Xmx1024m -XX:MaxRAM=2048m -XX:+DisableExplicitGC -XX:+UseConcMarkSweepGC -XX:+CMSParallelRemarkEnabled -XX:NewRatio=1 -Xss512k -XX:MaxMetaspaceSize=512m  -Dcom.amdocs.msnext.securitya3s.url=http://10.238.196.7:30081/asmServices/services/v1.0 -Dservices.customerAccessor.url=http://customeraccessor-service:8080/applicationContext/v0/entityAccessor"},{"name":"SERVER_PORT","value":"8080"},{"name":"MSNEXT_MODULE_MGT_DISABLE","value":"msnext-customization"},{"name":"MANAGEMENT_PORT","value":"18080"}],"resources":{"limits":{"cpu":"2","memory":"2Gi"},"requests":{"cpu":"200m","memory":"1Gi"}},"volumeMounts":[{"name":"default-token-vdgk4","readOnly":true,"mountPath":"/var/run/secrets/kubernetes.io/serviceaccount"}],"livenessProbe":{"httpGet":{"path":"/health","port":18080,"scheme":"HTTP"},"initialDelaySeconds":900,"timeoutSeconds":1,"periodSeconds":10,"successThreshold":1,"failureThreshold":3},"readinessProbe":{"httpGet":{"path":"/health","port":18080,"scheme":"HTTP"},"initialDelaySeconds":60,"timeoutSeconds":1,"periodSeconds":10,"successThreshold":1,"failureThreshold":3},"terminationMessagePath":"/dev/termination-log","terminationMessagePolicy":"File","imagePullPolicy":"IfNotPresent","securityContext":{"capabilities":{"drop":["MKNOD"]},"privileged":false}}],"restartPolicy":"Always","terminationGracePeriodSeconds":30,"dnsPolicy":"ClusterFirst","nodeSelector":{"region":"work"},"serviceAccountName":"default","serviceAccount":"default","nodeName":"ilocpde01w03.corp.amdocs.com","securityContext":{"seLinuxOptions":{"level":"s0:c82,c59"}},"imagePullSecrets":[{"name":"price-productoffering-ms-secret"}],"schedulerName":"default-scheduler","tolerations":[{"key":"node.kubernetes.io/memory-pressure","operator":"Exists","effect":"NoSchedule"}]},"status":{"phase":"Running","conditions":[{"type":"Initialized","status":"True","lastProbeTime":null,"lastTransitionTime":"2018-09-13T06:52:52Z"},{"type":"Ready","status":"True","lastProbeTime":null,"lastTransitionTime":"2018-09-13T06:53:58Z"},{"type":"PodScheduled","status":"True","lastProbeTime":null,"lastTransitionTime":"2018-09-13T06:52:52Z"}],"hostIP":"10.245.250.22","podIP":"10.128.11.174","startTime":"2018-09-13T06:52:52Z","containerStatuses":[{"name":"price-productoffering-service-container","state":{"running":{"startedAt":"2018-09-13T06:52:55Z"}},"lastState":{},"ready":true,"restartCount":0,"image":"illin5564.corp.amdocs.com:5000/price-productoffering-service:0.1.1-0049","imageID":"docker-pullable://illin5564.corp.amdocs.com:5000/price-productoffering-service@sha256:272e5d05a664a191df3e79acb64d8be97b3edd797a150d8fc647d211b2c8120e","containerID":"docker://a0b898db8f30de770a647c27ddc1e275a2981c228ade7325254dde7e2122be0b"}],"qosClass":"Burstable"}},{"metadata":{"name":"product-configuration-rule-command-service-66b6f7b848-bqrx4","generateName":"product-configuration-rule-command-service-66b6f7b848-","namespace":"oc-cd-1017-pranavd-pd","selfLink":"/api/v1/namespaces/oc-cd-1017-pranavd-pd/pods/product-configuration-rule-command-service-66b6f7b848-bqrx4","uid":"a27d4303-b721-11e8-bb86-0050569a887c","resourceVersion":"68187415","creationTimestamp":"2018-09-13T06:52:52Z","labels":{"app":"product-configuration-rule-command-service","group":"com.amdocs.catalogone","monitored":"prometheus","monitoring":"prometheus","pod-template-hash":"2262936404","prometheus":"amdocs-prometheus","provider":"amdocs","release":"product-configurator-rule-release"},"annotations":{"openshift.io/scc":"anyuid-no-ps"},"ownerReferences":[{"apiVersion":"extensions/v1beta1","kind":"ReplicaSet","name":"product-configuration-rule-command-service-66b6f7b848","uid":"a2720fe9-b721-11e8-bb86-0050569a887c","controller":true,"blockOwnerDeletion":true}]},"spec":{"volumes":[{"name":"product-configuration-rule-command-configmap","configMap":{"name":"product-configuration-rule-command-configmap","items":[{"key":"application.yml","path":"application.yml"}],"defaultMode":420}},{"name":"product-config-rule-nonfunc-configmap","configMap":{"name":"product-config-rule-nonfunc-configmap","items":[{"key":"application-nonfunc.yml","path":"application-nonfunc.yml"}],"defaultMode":420}},{"name":"product-config-rule-generic-kafka-configmap","configMap":{"name":"product-config-rule-generic-kafka-configmap","items":[{"key":"application-generic-kafka.yml","path":"application-generic-kafka.yml"}],"defaultMode":420}},{"name":"default-token-vdgk4","secret":{"secretName":"default-token-vdgk4","defaultMode":420}}],"containers":[{"name":"product-configuration-rule-command-service","image":"illin5225.corp.amdocs.com:5002/product-configuration-rule-command-service:1.4.0","ports":[{"name":"server","containerPort":8080,"protocol":"TCP"},{"name":"management","containerPort":8081,"protocol":"TCP"},{"name":"debug","containerPort":5005,"protocol":"TCP"},{"name":"metrics","containerPort":5555,"protocol":"TCP"}],"env":[{"name":"MSNEXT_JAVA_OPTS","value":"-XX:+UnlockExperimentalVMOptions -XX:+UseCGroupMemoryLimitForHeap -XX:InitialRAMFraction=4 -XX:MaxRAMFraction=2 -XX:+PrintFlagsFinal"},{"name":"ENABLE_ZIPKIN","value":"true"},{"name":"MSNEXT_CONF_SOURCE_APP1","value":"/deployments/config/applications/product-configuration-rule-command"},{"name":"ES_MS_HOST","value":"entity-search"},{"name":"MSNEXT_CONF_SOURCE_zzzNONFUNC","value":"/deployments/config/applications/product-config-rule-nonfunc"},{"name":"MSNEXT_CONF_SOURCE_zzzGENERIC_KAFKA","value":"/deployments/config/applications/product-config-rule-generic-kafka"},{"name":"CONSUME_RELEASE_EVENT"},{"name":"PRODUCE_NOTIFICATION_EVENT_ON_STARTUP"},{"name":"CACHE_TTL_SEC"},{"name":"CACHE_ENABLED"},{"name":"CACHE_SIZE"},{"name":"FIXED_DELAY_IN_MILLIS"},{"name":"FULL_CATALOG_TIMEOUT_IN_SECONDS"},{"name":"JAVA_ENABLE_DEBUG","value":"true"}],"resources":{"limits":{"cpu":"1","memory":"1Gi"},"requests":{"cpu":"200m","memory":"500Mi"}},"volumeMounts":[{"name":"product-configuration-rule-command-configmap","mountPath":"/deployments/config/applications/product-configuration-rule-command"},{"name":"product-config-rule-nonfunc-configmap","mountPath":"/deployments/config/applications/product-config-rule-nonfunc"},{"name":"product-config-rule-generic-kafka-configmap","mountPath":"/deployments/config/applications/product-config-rule-generic-kafka"},{"name":"default-token-vdgk4","readOnly":true,"mountPath":"/var/run/secrets/kubernetes.io/serviceaccount"}],"livenessProbe":{"httpGet":{"path":"/health","port":8081,"scheme":"HTTP"},"initialDelaySeconds":450,"timeoutSeconds":1,"periodSeconds":10,"successThreshold":1,"failureThreshold":3},"readinessProbe":{"httpGet":{"path":"/health","port":8081,"scheme":"HTTP"},"initialDelaySeconds":180,"timeoutSeconds":1,"periodSeconds":10,"successThreshold":1,"failureThreshold":3},"terminationMessagePath":"/dev/termination-log","terminationMessagePolicy":"File","imagePullPolicy":"IfNotPresent","securityContext":{"capabilities":{"drop":["MKNOD"]}}}],"restartPolicy":"Always","terminationGracePeriodSeconds":30,"dnsPolicy":"ClusterFirst","nodeSelector":{"region":"work"},"serviceAccountName":"default","serviceAccount":"default","nodeName":"ilocpde01w19.corp.amdocs.com","securityContext":{"seLinuxOptions":{"level":"s0:c82,c59"}},"imagePullSecrets":[{"name":"product-configuration-rule-command-service-pull-secret"}],"schedulerName":"default-scheduler","tolerations":[{"key":"node.kubernetes.io/memory-pressure","operator":"Exists","effect":"NoSchedule"}]},"status":{"phase":"Running","conditions":[{"type":"Initialized","status":"True","lastProbeTime":null,"lastTransitionTime":"2018-09-13T06:52:52Z"},{"type":"Ready","status":"True","lastProbeTime":null,"lastTransitionTime":"2018-09-16T09:18:41Z"},{"type":"PodScheduled","status":"True","lastProbeTime":null,"lastTransitionTime":"2018-09-13T06:52:52Z"}],"hostIP":"10.245.251.160","podIP":"10.128.50.203","startTime":"2018-09-13T06:52:52Z","containerStatuses":[{"name":"product-configuration-rule-command-service","state":{"running":{"startedAt":"2018-09-16T09:15:38Z"}},"lastState":{"terminated":{"exitCode":137,"reason":"OOMKilled","startedAt":"2018-09-16T09:11:04Z","finishedAt":"2018-09-16T09:15:15Z","containerID":"docker://ecbd5e12d3379b6a1b521120c270d77b506eaccbf242fa76dd3add7b48deec7b"}},"ready":true,"restartCount":3,"image":"illin5225.corp.amdocs.com:5002/product-configuration-rule-command-service:1.4.0","imageID":"docker-pullable://illin5225.corp.amdocs.com:5002/product-configuration-rule-command-service@sha256:c147f8bd98de17090d41862fd286b2d63a6ac74d3a20312a3ed7d10372cbd393","containerID":"docker://267197d1eb77fa6660b8a8526cfd5d43d5a5bbb558dcdb579f11d96e7c21814e"}],"qosClass":"Burstable"}},{"metadata":{"name":"product-offering-service-59cb8876db-dpqzk","generateName":"product-offering-service-59cb8876db-","namespace":"oc-cd-1017-pranavd-pd","selfLink":"/api/v1/namespaces/oc-cd-1017-pranavd-pd/pods/product-offering-service-59cb8876db-dpqzk","uid":"fd15a034-b806-11e8-bb86-0050569a887c","resourceVersion":"67042716","creationTimestamp":"2018-09-14T10:14:39Z","labels":{"app":"product-offering-service","group":"com.amdocs.catalogone","monitoring":"prometheus","pod-template-hash":"1576443286","prometheus":"amdocs-prometheus","provider":"amdocs","release":"product-offering-service-release"},"annotations":{"openshift.io/scc":"anyuid-no-ps"},"ownerReferences":[{"apiVersion":"extensions/v1beta1","kind":"ReplicaSet","name":"product-offering-service-59cb8876db","uid":"a290eac5-b721-11e8-bb86-0050569a887c","controller":true,"blockOwnerDeletion":true}]},"spec":{"volumes":[{"name":"po-configmap","configMap":{"name":"po-configmap","items":[{"key":"application.yml","path":"application.yml"}],"defaultMode":420}},{"name":"default-token-vdgk4","secret":{"secretName":"default-token-vdgk4","defaultMode":420}}],"containers":[{"name":"product-offering-service","image":"illin5225.corp.amdocs.com:5002/product-offering-service:2.5.2","ports":[{"name":"server","containerPort":8080,"protocol":"TCP"},{"name":"management","containerPort":8081,"protocol":"TCP"},{"name":"metrics","containerPort":5555,"protocol":"TCP"},{"name":"debug","containerPort":5005,"protocol":"TCP"}],"env":[{"name":"MSNEXT_JAVA_OPTS","value":"-XX:+UnlockExperimentalVMOptions -XX:+UseCGroupMemoryLimitForHeap -XX:InitialRAMFraction=6 -XX:MaxRAMFraction=2 -XX:+PrintFlagsFinal"},{"name":"COUCHBASE_HOST","value":"catalog1-couchbase-service"},{"name":"ENABLE_ZIPKIN","value":"false"},{"name":"MSNEXT_CONF_SOURCE_APP1","value":"/deployments/config/applications/po"},{"name":"CONSUME_RELEASE_EVENT","value":"true"},{"name":"PRODUCE_NOTIFICATION_EVENT_ON_STARTUP","value":"true"},{"name":"CACHE_TTL_SEC","value":"0"},{"name":"CACHE_TYPE","value":"simple"},{"name":"CACHE_SIZE","value":"1000"},{"name":"FIXED_DELAY_IN_MILLIS","value":"1000"},{"name":"FULL_CATALOG_TIMEOUT_IN_SECONDS","value":"600"},{"name":"JAVA_ENABLE_DEBUG","value":"false"},{"name":"TESTING_ENVIRONMENT_TOPIC_PREFIX"}],"resources":{"limits":{"cpu":"2","memory":"4Gi"},"requests":{"cpu":"200m","memory":"1Gi"}},"volumeMounts":[{"name":"po-configmap","mountPath":"/deployments/config/applications/po"},{"name":"default-token-vdgk4","readOnly":true,"mountPath":"/var/run/secrets/kubernetes.io/serviceaccount"}],"livenessProbe":{"httpGet":{"path":"/health","port":8081,"scheme":"HTTP"},"initialDelaySeconds":450,"timeoutSeconds":1,"periodSeconds":10,"successThreshold":1,"failureThreshold":3},"readinessProbe":{"httpGet":{"path":"/health","port":8081,"scheme":"HTTP"},"initialDelaySeconds":180,"timeoutSeconds":1,"periodSeconds":10,"successThreshold":1,"failureThreshold":3},"terminationMessagePath":"/dev/termination-log","terminationMessagePolicy":"File","imagePullPolicy":"IfNotPresent","securityContext":{"capabilities":{"drop":["MKNOD"]}}}],"restartPolicy":"Always","terminationGracePeriodSeconds":30,"dnsPolicy":"ClusterFirst","nodeSelector":{"region":"work"},"serviceAccountName":"default","serviceAccount":"default","nodeName":"ilocpde01w13.corp.amdocs.com","securityContext":{"seLinuxOptions":{"level":"s0:c82,c59"}},"imagePullSecrets":[{"name":"illin5225-pull-secret"}],"schedulerName":"default-scheduler","tolerations":[{"key":"node.kubernetes.io/memory-pressure","operator":"Exists","effect":"NoSchedule"}]},"status":{"phase":"Running","conditions":[{"type":"Initialized","status":"True","lastProbeTime":null,"lastTransitionTime":"2018-09-14T10:14:39Z"},{"type":"Ready","status":"True","lastProbeTime":null,"lastTransitionTime":"2018-09-14T10:17:41Z"},{"type":"PodScheduled","status":"True","lastProbeTime":null,"lastTransitionTime":"2018-09-14T10:14:39Z"}],"hostIP":"10.245.250.32","podIP":"10.128.37.67","startTime":"2018-09-14T10:14:39Z","containerStatuses":[{"name":"product-offering-service","state":{"running":{"startedAt":"2018-09-14T10:14:41Z"}},"lastState":{},"ready":true,"restartCount":0,"image":"illin5225.corp.amdocs.com:5002/product-offering-service:2.5.2","imageID":"docker-pullable://illin5225.corp.amdocs.com:5002/product-offering-service@sha256:f345ee60c1b4cbb39350deb7ea9665a555df70bee8be1aede69de66bf620a9f1","containerID":"docker://60389056d319e64b75d5942d3d8c9f3ec239627d730f6b393d0f8c3585b8785d"}],"qosClass":"Burstable"}},{"metadata":{"name":"productaccessor-releas-p-78878b54bf-zwhf2","generateName":"productaccessor-releas-p-78878b54bf-","namespace":"oc-cd-1017-pranavd-pd","selfLink":"/api/v1/namespaces/oc-cd-1017-pranavd-pd/pods/productaccessor-releas-p-78878b54bf-zwhf2","uid":"a2ae8036-b721-11e8-bb86-0050569a887c","resourceVersion":"66124158","creationTimestamp":"2018-09-13T06:52:52Z","labels":{"app":"productaccessor-releas-p","microservice":"productaccessor","pod-template-hash":"3443461069","project":"productaccessor","provider":"amdocs","release":"productaccessor-releas"},"annotations":{"git-commit":"5d8c7bf4ce2549c858e954d95fc165f03c67ad8b","openshift.io/scc":"anyuid-no-ps"},"ownerReferences":[{"apiVersion":"extensions/v1beta1","kind":"ReplicaSet","name":"productaccessor-releas-p-78878b54bf","uid":"a2a12cc4-b721-11e8-bb86-0050569a887c","controller":true,"blockOwnerDeletion":true}]},"spec":{"volumes":[{"name":"default-token-vdgk4","secret":{"secretName":"default-token-vdgk4","defaultMode":420}}],"containers":[{"name":"productaccessor-service-container","image":"illin5564.corp.amdocs.com:5000/productaccessor-service:1.0.1-0032","ports":[{"name":"metrics","containerPort":5555,"protocol":"TCP"},{"name":"http","containerPort":8080,"protocol":"TCP"},{"name":"management","containerPort":18080,"protocol":"TCP"}],"env":[{"name":"KUBERNETES_NAMESPACE","valueFrom":{"fieldRef":{"apiVersion":"v1","fieldPath":"metadata.namespace"}}},{"name":"MSNEXT_JAVA_OPTS","value":" -Xms256m -Xmx1024m -XX:MaxRAM=2048m -XX:+DisableExplicitGC -XX:+UseConcMarkSweepGC -XX:+CMSParallelRemarkEnabled -XX:NewRatio=1 -Xss512k -XX:MaxMetaspaceSize=512m -Dcom.amdocs.msnext.securitya3s.url=http://10.238.196.7:30081/asmServices/services/v1.0"},{"name":"MSNEXT_DISABLED_MODULES","value":"msnext-customization"},{"name":"MANAGEMENT_PORT","value":"18080"},{"name":"SERVER_PORT","value":"8080"},{"name":"MALLOC_ARENA_MAX","value":"4"},{"name":"TZ"}],"resources":{"limits":{"cpu":"2","memory":"2Gi"},"requests":{"cpu":"200m","memory":"1Gi"}},"volumeMounts":[{"name":"default-token-vdgk4","readOnly":true,"mountPath":"/var/run/secrets/kubernetes.io/serviceaccount"}],"livenessProbe":{"httpGet":{"path":"/health","port":18080,"scheme":"HTTP"},"initialDelaySeconds":900,"timeoutSeconds":10,"periodSeconds":10,"successThreshold":1,"failureThreshold":3},"readinessProbe":{"httpGet":{"path":"/health","port":18080,"scheme":"HTTP"},"initialDelaySeconds":30,"timeoutSeconds":10,"periodSeconds":10,"successThreshold":1,"failureThreshold":3},"terminationMessagePath":"/dev/termination-log","terminationMessagePolicy":"File","imagePullPolicy":"IfNotPresent","securityContext":{"capabilities":{"drop":["MKNOD"]},"privileged":false}}],"restartPolicy":"Always","terminationGracePeriodSeconds":30,"dnsPolicy":"ClusterFirst","nodeSelector":{"region":"work"},"serviceAccountName":"default","serviceAccount":"default","nodeName":"ilocpde01w33.corp.amdocs.com","securityContext":{"seLinuxOptions":{"level":"s0:c82,c59"}},"imagePullSecrets":[{"name":"productaccessor-ms-secret"}],"schedulerName":"default-scheduler","tolerations":[{"key":"node.kubernetes.io/memory-pressure","operator":"Exists","effect":"NoSchedule"}]},"status":{"phase":"Running","conditions":[{"type":"Initialized","status":"True","lastProbeTime":null,"lastTransitionTime":"2018-09-13T06:52:52Z"},{"type":"Ready","status":"True","lastProbeTime":null,"lastTransitionTime":"2018-09-13T06:53:59Z"},{"type":"PodScheduled","status":"True","lastProbeTime":null,"lastTransitionTime":"2018-09-13T06:52:52Z"}],"hostIP":"10.245.251.174","podIP":"10.128.74.85","startTime":"2018-09-13T06:52:52Z","containerStatuses":[{"name":"productaccessor-service-container","state":{"running":{"startedAt":"2018-09-13T06:52:54Z"}},"lastState":{},"ready":true,"restartCount":0,"image":"illin5564.corp.amdocs.com:5000/productaccessor-service:1.0.1-0032","imageID":"docker-pullable://illin5564.corp.amdocs.com:5000/productaccessor-service@sha256:de87e44d4ca92a11352f7fd6e4c94562ffa9ab98c3fefe39f379a417ebe59ac7","containerID":"docker://0f56dca435d84b17d89947a4e869f85b63575944b1ac4c2b3a731499e823190a"}],"qosClass":"Burstable"}},{"metadata":{"name":"productconfigurator-acti-7955f759c7-7g46d","generateName":"productconfigurator-acti-7955f759c7-","namespace":"oc-cd-1017-pranavd-pd","selfLink":"/api/v1/namespaces/oc-cd-1017-pranavd-pd/pods/productconfigurator-acti-7955f759c7-7g46d","uid":"a2ba9378-b721-11e8-bb86-0050569a887c","resourceVersion":"66124288","creationTimestamp":"2018-09-13T06:52:52Z","labels":{"app":"productconfigurator-acti","microservice":"productconfigurator-acti","pod-template-hash":"3511931573","project":"productconfigurator-action","provider":"amdocs","release":"productconfigurator-action-release"},"annotations":{"git-commit":"77369a12fd7ec6882b6655eccd0b712858e4b522","openshift.io/scc":"anyuid-no-ps"},"ownerReferences":[{"apiVersion":"extensions/v1beta1","kind":"ReplicaSet","name":"productconfigurator-acti-7955f759c7","uid":"a2b30456-b721-11e8-bb86-0050569a887c","controller":true,"blockOwnerDeletion":true}]},"spec":{"volumes":[{"name":"prop-volume","configMap":{"name":"productconfigurator-action-service-appconfig","defaultMode":420,"optional":true}},{"name":"default-token-vdgk4","secret":{"secretName":"default-token-vdgk4","defaultMode":420}}],"containers":[{"name":"productconfigurator-action-service-container","image":"illin5564.corp.amdocs.com:5000/productconfigurator-action-service:0.1.1-0041","ports":[{"name":"prometheus","containerPort":5555,"protocol":"TCP"},{"name":"http","containerPort":8080,"protocol":"TCP"},{"name":"jacoco","containerPort":6300,"protocol":"TCP"},{"name":"management","containerPort":18080,"protocol":"TCP"}],"env":[{"name":"KUBERNETES_NAMESPACE","valueFrom":{"fieldRef":{"apiVersion":"v1","fieldPath":"metadata.namespace"}}},{"name":"MSNEXT_JAVA_OPTS","value":" -Xms256m -Xmx1024m -XX:MaxRAM=2048m -XX:+DisableExplicitGC -XX:+UseConcMarkSweepGC -XX:+CMSParallelRemarkEnabled -XX:NewRatio=1 -Xss512k -XX:MaxMetaspaceSize=512m"},{"name":"MSNEXT_MODULE_MGT_DISABLE","value":"msnext-customization"},{"name":"MANAGEMENT_PORT","value":"18080"},{"name":"SERVER_PORT","value":"8080"},{"name":"MSNEXT_CONF_SOURCE_APP","value":"/etc/config"}],"resources":{"limits":{"cpu":"2","memory":"2Gi"},"requests":{"cpu":"200m","memory":"1Gi"}},"volumeMounts":[{"name":"prop-volume","mountPath":"/etc/config"},{"name":"default-token-vdgk4","readOnly":true,"mountPath":"/var/run/secrets/kubernetes.io/serviceaccount"}],"livenessProbe":{"httpGet":{"path":"/health","port":18080,"scheme":"HTTP"},"initialDelaySeconds":900,"timeoutSeconds":10,"periodSeconds":10,"successThreshold":1,"failureThreshold":3},"readinessProbe":{"httpGet":{"path":"/health","port":18080,"scheme":"HTTP"},"initialDelaySeconds":30,"timeoutSeconds":10,"periodSeconds":10,"successThreshold":1,"failureThreshold":3},"terminationMessagePath":"/dev/termination-log","terminationMessagePolicy":"File","imagePullPolicy":"IfNotPresent","securityContext":{"capabilities":{"drop":["MKNOD"]},"privileged":false}}],"restartPolicy":"Always","terminationGracePeriodSeconds":30,"dnsPolicy":"ClusterFirst","nodeSelector":{"region":"work"},"serviceAccountName":"default","serviceAccount":"default","nodeName":"ilocpde01w30.corp.amdocs.com","securityContext":{"seLinuxOptions":{"level":"s0:c82,c59"}},"imagePullSecrets":[{"name":"productconfigurator-action-ms-secret"}],"schedulerName":"default-scheduler","tolerations":[{"key":"node.kubernetes.io/memory-pressure","operator":"Exists","effect":"NoSchedule"}]},"status":{"phase":"Running","conditions":[{"type":"Initialized","status":"True","lastProbeTime":null,"lastTransitionTime":"2018-09-13T06:52:52Z"},{"type":"Ready","status":"True","lastProbeTime":null,"lastTransitionTime":"2018-09-13T06:54:08Z"},{"type":"PodScheduled","status":"True","lastProbeTime":null,"lastTransitionTime":"2018-09-13T06:52:52Z"}],"podIP":"10.128.70.14","startTime":"2018-09-13T06:52:52Z","containerStatuses":[{"name":"productconfigurator-action-service-container","state":{"running":{"startedAt":"2018-09-13T06:52:56Z"}},"lastState":{},"ready":true,"restartCount":0,"image":"illin5564.corp.amdocs.com:5000/productconfigurator-action-service:0.1.1-0041","imageID":"docker-pullable://illin5564.corp.amdocs.com:5000/productconfigurator-action-service@sha256:7235a8ea4a89ae30509fef3a0cc5352175694a1bbd9d657b52b339d3d1d48167","containerID":"docker://eb013bc6487c27072ae7055ebc42024619c014b04dae454bd3326ef3cc07fb33"}],"qosClass":"Burstable"}},{"metadata":{"name":"productconfigurator-comm-d4c89fc7d-ns6dt","generateName":"productconfigurator-comm-d4c89fc7d-","namespace":"oc-cd-1017-pranavd-pd","selfLink":"/api/v1/namespaces/oc-cd-1017-pranavd-pd/pods/productconfigurator-comm-d4c89fc7d-ns6dt","uid":"a2e58329-b721-11e8-bb86-0050569a887c","resourceVersion":"66124973","creationTimestamp":"2018-09-13T06:52:52Z","labels":{"app":"productconfigurator-comm","microservice":"productconfigurator-comm","pod-template-hash":"807459738","project":"productconfigurator-commitmentterm","provider":"amdocs","release":"productconfigurator-commitmentterm-release"},"annotations":{"fabric8.io/iconUrl":"img/icons/spring-boot.svg","git-commit":"4aaf655eab813d1bfcf2b0619cad109941f8fe49","openshift.io/scc":"anyuid-no-ps"},"ownerReferences":[{"apiVersion":"extensions/v1beta1","kind":"ReplicaSet","name":"productconfigurator-comm-d4c89fc7d","uid":"a2cfd2d8-b721-11e8-bb86-0050569a887c","controller":true,"blockOwnerDeletion":true}]},"spec":{"volumes":[{"name":"prop-volume","configMap":{"name":"productconfigurator-commitmentterm-service-appconfigmap","defaultMode":420}},{"name":"default-token-vdgk4","secret":{"secretName":"default-token-vdgk4","defaultMode":420}}],"containers":[{"name":"productconfigurator-commitmentterm-service-container","image":"illin5564.corp.amdocs.com:5000/productconfigurator-commitmentterm-service:0.1.1-0030","ports":[{"name":"http","containerPort":8080,"protocol":"TCP"},{"name":"prometheus","containerPort":5555,"protocol":"TCP"},{"name":"jacoco","containerPort":6300,"protocol":"TCP"},{"name":"management","containerPort":18080,"protocol":"TCP"}],"env":[{"name":"KUBERNETES_NAMESPACE","valueFrom":{"fieldRef":{"apiVersion":"v1","fieldPath":"metadata.namespace"}}},{"name":"MSNEXT_JAVA_OPTS","value":" -Xms256m -Xmx1024m -XX:MaxRAM=2048m -XX:+DisableExplicitGC -XX:+UseConcMarkSweepGC -XX:+CMSParallelRemarkEnabled -XX:NewRatio=1 -Xss512k -XX:MaxMetaspaceSize=512m -Dcom.amdocs.msnext.securitya3s.url=http://10.238.196.7:30081/asmServices/services/v1.0"},{"name":"MSNEXT_CONF_SOURCE_APP","value":"/etc/config"},{"name":"MSNEXT_DISABLED_MODULES","value":"msnext-customization"},{"name":"MANAGEMENT_PORT","value":"18080"},{"name":"SERVER_PORT","value":"8080"},{"name":"MSNEXT_CONF_SOURCE_APP","value":"/etc/config"}],"resources":{"limits":{"cpu":"2","memory":"2Gi"},"requests":{"cpu":"200m","memory":"1Gi"}},"volumeMounts":[{"name":"prop-volume","mountPath":"/etc/config"},{"name":"default-token-vdgk4","readOnly":true,"mountPath":"/var/run/secrets/kubernetes.io/serviceaccount"}],"livenessProbe":{"httpGet":{"path":"/health","port":18080,"scheme":"HTTP"},"initialDelaySeconds":900,"timeoutSeconds":10,"periodSeconds":10,"successThreshold":1,"failureThreshold":3},"readinessProbe":{"httpGet":{"path":"/health","port":18080,"scheme":"HTTP"},"initialDelaySeconds":30,"timeoutSeconds":10,"periodSeconds":10,"successThreshold":1,"failureThreshold":3},"terminationMessagePath":"/dev/termination-log","terminationMessagePolicy":"File","imagePullPolicy":"IfNotPresent","securityContext":{"capabilities":{"drop":["MKNOD"]},"privileged":false}}],"restartPolicy":"Always","terminationGracePeriodSeconds":30,"dnsPolicy":"ClusterFirst","nodeSelector":{"region":"work"},"serviceAccountName":"default","serviceAccount":"default","nodeName":"ilocpde01w28.corp.amdocs.com","securityContext":{"seLinuxOptions":{"level":"s0:c82,c59"}},"imagePullSecrets":[{"name":"productconfigurator-commitmentterm-ms-secret"}],"schedulerName":"default-scheduler","tolerations":[{"key":"node.kubernetes.io/memory-pressure","operator":"Exists","effect":"NoSchedule"}]},"status":{"phase":"Running","conditions":[{"type":"Initialized","status":"True","lastProbeTime":null,"lastTransitionTime":"2018-09-13T06:52:53Z"},{"type":"Ready","status":"True","lastProbeTime":null,"lastTransitionTime":"2018-09-13T06:54:46Z"},{"type":"PodScheduled","status":"True","lastProbeTime":null,"lastTransitionTime":"2018-09-13T06:52:52Z"}],"hostIP":"10.245.251.169","podIP":"10.128.69.245","startTime":"2018-09-13T06:52:53Z","containerStatuses":[{"name":"productconfigurator-commitmentterm-service-container","state":{"running":{"startedAt":"2018-09-13T06:53:27Z"}},"lastState":{},"ready":true,"restartCount":0,"image":"illin5564.corp.amdocs.com:5000/productconfigurator-commitmentterm-service:0.1.1-0030","imageID":"docker-pullable://illin5564.corp.amdocs.com:5000/productconfigurator-commitmentterm-service@sha256:2326afadfd778a0a6154ddf9dea3ce73c11f773ab4eec7ed069010037b19fe54","containerID":"docker://36e0ee64f52d0c4d5de02b8bde2fbd2457b3fb0265720119613eace92b7d5777"}],"qosClass":"Burstable"}},{"metadata":{"name":"productconfigurator-pric-55fcc47c6f-ltbnk","generateName":"productconfigurator-pric-55fcc47c6f-","namespace":"oc-cd-1017-pranavd-pd","selfLink":"/api/v1/namespaces/oc-cd-1017-pranavd-pd/pods/productconfigurator-pric-55fcc47c6f-ltbnk","uid":"a2f5bab5-b721-11e8-bb86-0050569a887c","resourceVersion":"66124125","creationTimestamp":"2018-09-13T06:52:53Z","labels":{"app":"productconfigurator-pric","microservice":"productconfigurator-pric","pod-template-hash":"1197703729","project":"productconfigurator-price","provider":"amdocs","release":"productconfigurator-price-release"},"annotations":{"git-commit":"74989afe41ff609654aeae13a95ec34bb1343204","openshift.io/scc":"anyuid-no-ps"},"ownerReferences":[{"apiVersion":"extensions/v1beta1","kind":"ReplicaSet","name":"productconfigurator-pric-55fcc47c6f","uid":"a2ed45e9-b721-11e8-bb86-0050569a887c","controller":true,"blockOwnerDeletion":true}]},"spec":{"volumes":[{"name":"default-token-vdgk4","secret":{"secretName":"default-token-vdgk4","defaultMode":420}}],"containers":[{"name":"productconfigurator-price-service-container","image":"illin5564.corp.amdocs.com:5000/productconfigurator-price-service:0.1.1-0066","ports":[{"name":"http","containerPort":8080,"protocol":"TCP"},{"name":"prometheus","containerPort":5555,"protocol":"TCP"},{"name":"jacoco","containerPort":6300,"protocol":"TCP"},{"name":"management","containerPort":18080,"protocol":"TCP"}],"env":[{"name":"KUBERNETES_NAMESPACE","valueFrom":{"fieldRef":{"apiVersion":"v1","fieldPath":"metadata.namespace"}}},{"name":"MSNEXT_JAVA_OPTS","value":" -Xms256m -Xmx1024m -XX:MaxRAM=2048m -XX:+DisableExplicitGC -XX:+UseConcMarkSweepGC -XX:+CMSParallelRemarkEnabled -XX:NewRatio=1 -Xss512k -XX:MaxMetaspaceSize=512m"},{"name":"MSNEXT_DISABLED_MODULES","value":"msnext-customization"},{"name":"MANAGEMENT_PORT","value":"18080"},{"name":"SERVER_PORT","value":"8080"},{"name":"TZ","value":"UTC"}],"resources":{"limits":{"cpu":"2","memory":"2Gi"},"requests":{"cpu":"200m","memory":"1Gi"}},"volumeMounts":[{"name":"default-token-vdgk4","readOnly":true,"mountPath":"/var/run/secrets/kubernetes.io/serviceaccount"}],"livenessProbe":{"httpGet":{"path":"/health","port":18080,"scheme":"HTTP"},"initialDelaySeconds":900,"timeoutSeconds":10,"periodSeconds":10,"successThreshold":1,"failureThreshold":3},"readinessProbe":{"httpGet":{"path":"/health","port":18080,"scheme":"HTTP"},"initialDelaySeconds":30,"timeoutSeconds":10,"periodSeconds":10,"successThreshold":1,"failureThreshold":3},"terminationMessagePath":"/dev/termination-log","terminationMessagePolicy":"File","imagePullPolicy":"IfNotPresent","securityContext":{"capabilities":{"drop":["MKNOD"]},"privileged":false}}],"restartPolicy":"Always","terminationGracePeriodSeconds":30,"dnsPolicy":"ClusterFirst","nodeSelector":{"region":"work"},"serviceAccountName":"default","serviceAccount":"default","nodeName":"ilocpde01w05.corp.amdocs.com","securityContext":{"seLinuxOptions":{"level":"s0:c82,c59"}},"imagePullSecrets":[{"name":"productconfigurator-price-ms-secret"}],"schedulerName":"default-scheduler","tolerations":[{"key":"node.kubernetes.io/memory-pressure","operator":"Exists","effect":"NoSchedule"}]},"status":{"phase":"Running","conditions":[{"type":"Initialized","status":"True","lastProbeTime":null,"lastTransitionTime":"2018-09-13T06:52:53Z"},{"type":"Ready","status":"True","lastProbeTime":null,"lastTransitionTime":"2018-09-13T06:53:56Z"},{"type":"PodScheduled","status":"True","lastProbeTime":null,"lastTransitionTime":"2018-09-13T06:52:53Z"}],"hostIP":"10.245.250.24","podIP":"10.128.17.87","startTime":"2018-09-13T06:52:53Z","containerStatuses":[{"name":"productconfigurator-price-service-container","state":{"running":{"startedAt":"2018-09-13T06:52:55Z"}},"lastState":{},"ready":true,"restartCount":0,"image":"illin5564.corp.amdocs.com:5000/productconfigurator-price-service:0.1.1-0066","imageID":"docker-pullable://illin5564.corp.amdocs.com:5000/productconfigurator-price-service@sha256:902bed74b92f1b5d75c2d1bf46d53c1f67cb117145fbd207e0e71f9496a845db","containerID":"docker://381da3ca4e99133cfc513017884df806db357f0374225c5416261b074991916c"}],"qosClass":"Burstable"}},{"metadata":{"name":"productconfigurator-qual-7c879d5c97-pv42v","generateName":"productconfigurator-qual-7c879d5c97-","namespace":"oc-cd-1017-pranavd-pd","selfLink":"/api/v1/namespaces/oc-cd-1017-pranavd-pd/pods/productconfigurator-qual-7c879d5c97-pv42v","uid":"a303b426-b721-11e8-bb86-0050569a887c","resourceVersion":"66124618","creationTimestamp":"2018-09-13T06:52:53Z","labels":{"app":"productconfigurator-qual","microservice":"productconfigurator-qual","pod-template-hash":"3743581753","project":"productconfigurator-qualification","provider":"amdocs","release":"productconfigurator-qualification-release"},"annotations":{"git-commit":"da79a2a01247a28ac602f010aca599b3d1a8b6c5","openshift.io/scc":"anyuid-no-ps"},"ownerReferences":[{"apiVersion":"extensions/v1beta1","kind":"ReplicaSet","name":"productconfigurator-qual-7c879d5c97","uid":"a2fb8fdc-b721-11e8-bb86-0050569a887c","controller":true,"blockOwnerDeletion":true}]},"spec":{"volumes":[{"name":"productconfigurator-qualification-volume-jwt-validation-conf","configMap":{"name":"productconfigurator-qualification-jwt-validation-configmap","items":[{"key":"application.yaml","path":"application.yaml"}],"defaultMode":420}},{"name":"prop-volume","configMap":{"name":"productconfigurator-qualification-service-appconfig","defaultMode":420,"optional":true}},{"name":"default-token-vdgk4","secret":{"secretName":"default-token-vdgk4","defaultMode":420}}],"containers":[{"name":"productconfigurator-qualification-service-container","image":"illin5564.corp.amdocs.com:5000/productconfigurator-qualification-service:0.1.1-0034","ports":[{"name":"http","containerPort":8080,"protocol":"TCP"},{"name":"https","containerPort":8443,"protocol":"TCP"},{"name":"management","containerPort":18080,"protocol":"TCP"}],"env":[{"name":"KUBERNETES_NAMESPACE","valueFrom":{"fieldRef":{"apiVersion":"v1","fieldPath":"metadata.namespace"}}},{"name":"MSNEXT_JAVA_OPTS","value":" -Xms256m -Xmx1024m -XX:MaxRAM=2048m -XX:+DisableExplicitGC -XX:+UseConcMarkSweepGC -XX:+CMSParallelRemarkEnabled -XX:NewRatio=1 -Xss512k -XX:MaxMetaspaceSize=512m"},{"name":"SERVER_PORT","value":"8080"},{"name":"MSNEXT_DISABLED_MODULES","value":"msnext-customization"},{"name":"MANAGEMENT_PORT","value":"18080"},{"name":"MALLOC_ARENA_MAX","value":"4"},{"name":"MSNEXT_CONF_SOURCE_APP","value":"/etc/config"},{"name":"MSNEXT_CONF_SOURCE_IDM","value":"/run/secrets/msNextConfSourceIdm1"}],"resources":{"limits":{"cpu":"2","memory":"2Gi"},"requests":{"cpu":"200m","memory":"1Gi"}},"volumeMounts":[{"name":"productconfigurator-qualification-volume-jwt-validation-conf","mountPath":"/run/secrets/msNextConfSourceIdm1"},{"name":"prop-volume","mountPath":"/etc/config"},{"name":"default-token-vdgk4","readOnly":true,"mountPath":"/var/run/secrets/kubernetes.io/serviceaccount"}],"livenessProbe":{"httpGet":{"path":"/health","port":18080,"scheme":"HTTP"},"initialDelaySeconds":900,"timeoutSeconds":10,"periodSeconds":10,"successThreshold":1,"failureThreshold":3},"readinessProbe":{"httpGet":{"path":"/health","port":18080,"scheme":"HTTP"},"initialDelaySeconds":30,"timeoutSeconds":10,"periodSeconds":10,"successThreshold":1,"failureThreshold":3},"terminationMessagePath":"/dev/termination-log","terminationMessagePolicy":"File","imagePullPolicy":"IfNotPresent","securityContext":{"capabilities":{"drop":["MKNOD"]},"privileged":false}}],"restartPolicy":"Always","terminationGracePeriodSeconds":30,"dnsPolicy":"ClusterFirst","nodeSelector":{"region":"work"},"serviceAccountName":"default","serviceAccount":"default","nodeName":"ilocpde01w03.corp.amdocs.com","securityContext":{"seLinuxOptions":{"level":"s0:c82,c59"}},"imagePullSecrets":[{"name":"productconfigurator-qualification-ms-secret"}],"schedulerName":"default-scheduler","tolerations":[{"key":"node.kubernetes.io/memory-pressure","operator":"Exists","effect":"NoSchedule"}]},"status":{"phase":"Running","conditions":[{"type":"Initialized","status":"True","lastProbeTime":null,"lastTransitionTime":"2018-09-13T06:52:53Z"},{"type":"Ready","status":"True","lastProbeTime":null,"lastTransitionTime":"2018-09-13T06:54:29Z"},{"type":"PodScheduled","status":"True","lastProbeTime":null,"lastTransitionTime":"2018-09-13T06:52:53Z"}],"hostIP":"10.245.250.22","podIP":"10.128.11.176","startTime":"2018-09-13T06:52:53Z","containerStatuses":[{"name":"productconfigurator-qualification-service-container","state":{"running":{"startedAt":"2018-09-13T06:53:27Z"}},"lastState":{},"ready":true,"restartCount":0,"image":"illin5564.corp.amdocs.com:5000/productconfigurator-qualification-service:0.1.1-0034","imageID":"docker-pullable://illin5564.corp.amdocs.com:5000/productconfigurator-qualification-service@sha256:3efe9793b5a43687247fbd257fc677977b7d69a6da1f2afbc446aef8627cf6f3","containerID":"docker://a1c4506a3a682e46f8cc1e9ae9954c70b7292b9e0db78165d5444709e03be369"}],"qosClass":"Burstable"}},{"metadata":{"name":"productconfigurator-rele-59c4bb44b7-5ltqq","generateName":"productconfigurator-rele-59c4bb44b7-","namespace":"oc-cd-1017-pranavd-pd","selfLink":"/api/v1/namespaces/oc-cd-1017-pranavd-pd/pods/productconfigurator-rele-59c4bb44b7-5ltqq","uid":"a3114e4d-b721-11e8-bb86-0050569a887c","resourceVersion":"66124279","creationTimestamp":"2018-09-13T06:52:53Z","labels":{"app":"productconfigurator-rele","microservice":"productconfigurator","pod-template-hash":"1570660063","project":"productconfigurator","provider":"amdocs","release":"productconfigurator-release"},"annotations":{"git-commit":"069b9d82d9e13d12f01414210aa64d261ac30c99","openshift.io/scc":"anyuid-no-ps"},"ownerReferences":[{"apiVersion":"extensions/v1beta1","kind":"ReplicaSet","name":"productconfigurator-rele-59c4bb44b7","uid":"a3077fd1-b721-11e8-bb86-0050569a887c","controller":true,"blockOwnerDeletion":true}]},"spec":{"volumes":[{"name":"default-token-vdgk4","secret":{"secretName":"default-token-vdgk4","defaultMode":420}}],"containers":[{"name":"productconfigurator-service-container","image":"illin5564.corp.amdocs.com:5000/productconfigurator-service:0.1.1-0138","ports":[{"name":"http","containerPort":8080,"protocol":"TCP"},{"name":"prometheus","containerPort":5555,"protocol":"TCP"},{"name":"https","containerPort":8443,"protocol":"TCP"},{"name":"management","containerPort":18080,"protocol":"TCP"}],"env":[{"name":"KUBERNETES_NAMESPACE","valueFrom":{"fieldRef":{"apiVersion":"v1","fieldPath":"metadata.namespace"}}},{"name":"MSNEXT_JAVA_OPTS","value":" -Xms256m -Xmx1024m -XX:MaxRAM=2048m -XX:+DisableExplicitGC -XX:+UseConcMarkSweepGC -XX:+CMSParallelRemarkEnabled -XX:NewRatio=1 -Xss512k -XX:MaxMetaspaceSize=512m"},{"name":"SERVER_PORT","value":"8080"},{"name":"MSNEXT_DISABLED_MODULES","value":"msnext-customization"},{"name":"MANAGEMENT_PORT","value":"18080"}],"resources":{"limits":{"cpu":"2","memory":"2Gi"},"requests":{"cpu":"200m","memory":"1Gi"}},"volumeMounts":[{"name":"default-token-vdgk4","readOnly":true,"mountPath":"/var/run/secrets/kubernetes.io/serviceaccount"}],"livenessProbe":{"httpGet":{"path":"/health","port":18080,"scheme":"HTTP"},"initialDelaySeconds":900,"timeoutSeconds":10,"periodSeconds":10,"successThreshold":1,"failureThreshold":3},"readinessProbe":{"httpGet":{"path":"/health","port":18080,"scheme":"HTTP"},"initialDelaySeconds":30,"timeoutSeconds":10,"periodSeconds":10,"successThreshold":1,"failureThreshold":3},"terminationMessagePath":"/dev/termination-log","terminationMessagePolicy":"File","imagePullPolicy":"IfNotPresent","securityContext":{"capabilities":{"drop":["MKNOD"]},"privileged":false}}],"restartPolicy":"Always","terminationGracePeriodSeconds":30,"dnsPolicy":"ClusterFirst","nodeSelector":{"region":"work"},"serviceAccountName":"default","serviceAccount":"default","nodeName":"ilocpde01w02.corp.amdocs.com","securityContext":{"seLinuxOptions":{"level":"s0:c82,c59"}},"imagePullSecrets":[{"name":"productconfigurator-ms-secret"}],"schedulerName":"default-scheduler","tolerations":[{"key":"node.kubernetes.io/memory-pressure","operator":"Exists","effect":"NoSchedule"}]},"status":{"phase":"Running","conditions":[{"type":"Initialized","status":"True","lastProbeTime":null,"lastTransitionTime":"2018-09-13T06:52:53Z"},{"type":"Ready","status":"True","lastProbeTime":null,"lastTransitionTime":"2018-09-13T06:54:07Z"},{"type":"PodScheduled","status":"True","lastProbeTime":null,"lastTransitionTime":"2018-09-13T06:52:53Z"}],"hostIP":"10.245.250.21","podIP":"10.128.12.141","startTime":"2018-09-13T06:52:53Z","containerStatuses":[{"name":"productconfigurator-service-container","state":{"running":{"startedAt":"2018-09-13T06:52:55Z"}},"lastState":{},"ready":true,"restartCount":0,"image":"illin5564.corp.amdocs.com:5000/productconfigurator-service:0.1.1-0138","imageID":"docker-pullable://illin5564.corp.amdocs.com:5000/productconfigurator-service@sha256:48969f7f89f010bb755cb3851cde7292583a552ce19d0f2f54dedfa67e8d4ab6","containerID":"docker://d164dfaa2a45602c9c0d402122fd8d66f60314af17ba981f3cfe19e11338520b"}],"qosClass":"Burstable"}},{"metadata":{"name":"productorder-amendodr-r-6694f6dc4c-sxbkz","generateName":"productorder-amendodr-r-6694f6dc4c-","namespace":"oc-cd-1017-pranavd-pd","selfLink":"/api/v1/namespaces/oc-cd-1017-pranavd-pd/pods/productorder-amendodr-r-6694f6dc4c-sxbkz","uid":"a324c683-b721-11e8-bb86-0050569a887c","resourceVersion":"66124535","creationTimestamp":"2018-09-13T06:52:53Z","labels":{"app":"productorder-amendodr-r","microservice":"productorder-amendorder","pod-template-hash":"2250928707","project":"productorder-amendorder","provider":"amdocs","release":"productorder-amendodr-release"},"annotations":{"fabric8.io/iconUrl":"img/icons/spring-boot.svg","git-commit":"898528e0ba4512f854cecaee4adcbdd8cef972d4","openshift.io/scc":"anyuid-no-ps"},"ownerReferences":[{"apiVersion":"extensions/v1beta1","kind":"ReplicaSet","name":"productorder-amendodr-r-6694f6dc4c","uid":"a317a0f9-b721-11e8-bb86-0050569a887c","controller":true,"blockOwnerDeletion":true}]},"spec":{"volumes":[{"name":"prop-volume","configMap":{"name":"productorder-amendorder-service-appconfig","defaultMode":420,"optional":true}},{"name":"default-token-vdgk4","secret":{"secretName":"default-token-vdgk4","defaultMode":420}}],"containers":[{"name":"productorder-amendorder-service-container","image":"illin5564.corp.amdocs.com:5000/productorder-amendorder-service:0.1.1-0019","ports":[{"name":"http","containerPort":8080,"protocol":"TCP"},{"name":"jacoco","containerPort":6300,"protocol":"TCP"},{"name":"metrics","containerPort":5555,"protocol":"TCP"},{"name":"management","containerPort":18080,"protocol":"TCP"}],"env":[{"name":"KUBERNETES_NAMESPACE","valueFrom":{"fieldRef":{"apiVersion":"v1","fieldPath":"metadata.namespace"}}},{"name":"MSNEXT_JAVA_OPTS","value":" -Xms256m -Xmx1024m -XX:MaxRAM=2048m -XX:+DisableExplicitGC -XX:+UseConcMarkSweepGC -XX:+CMSParallelRemarkEnabled -XX:NewRatio=1 -Xss512k -XX:MaxMetaspaceSize=512m"},{"name":"DOX_EXCLUDED_MODULES","value":"msnext-customization"},{"name":"MANAGEMENT_PORT","value":"18080"},{"name":"SERVER_PORT","value":"8080"},{"name":"MSNEXT_CONF_SOURCE_APP","value":"/etc/config"}],"resources":{"limits":{"cpu":"2","memory":"2Gi"},"requests":{"cpu":"200m","memory":"1Gi"}},"volumeMounts":[{"name":"prop-volume","mountPath":"/etc/config"},{"name":"default-token-vdgk4","readOnly":true,"mountPath":"/var/run/secrets/kubernetes.io/serviceaccount"}],"livenessProbe":{"httpGet":{"path":"/health","port":18080,"scheme":"HTTP"},"initialDelaySeconds":900,"timeoutSeconds":10,"periodSeconds":10,"successThreshold":1,"failureThreshold":3},"readinessProbe":{"httpGet":{"path":"/health","port":18080,"scheme":"HTTP"},"initialDelaySeconds":30,"timeoutSeconds":10,"periodSeconds":10,"successThreshold":1,"failureThreshold":3},"terminationMessagePath":"/dev/termination-log","terminationMessagePolicy":"File","imagePullPolicy":"IfNotPresent","securityContext":{"capabilities":{"drop":["MKNOD"]},"privileged":false}}],"restartPolicy":"Always","terminationGracePeriodSeconds":30,"dnsPolicy":"ClusterFirst","nodeSelector":{"region":"work"},"serviceAccountName":"default","serviceAccount":"default","nodeName":"ilocpde01w30.corp.amdocs.com","securityContext":{"seLinuxOptions":{"level":"s0:c82,c59"}},"imagePullSecrets":[{"name":"productorder-amendorder-ms-secret"}],"schedulerName":"default-scheduler","tolerations":[{"key":"node.kubernetes.io/memory-pressure","operator":"Exists","effect":"NoSchedule"}]},"status":{"phase":"Running","conditions":[{"type":"Initialized","status":"True","lastProbeTime":null,"lastTransitionTime":"2018-09-13T06:52:53Z"},{"type":"Ready","status":"True","lastProbeTime":null,"lastTransitionTime":"2018-09-13T06:54:25Z"},{"type":"PodScheduled","status":"True","lastProbeTime":null,"lastTransitionTime":"2018-09-13T06:52:53Z"}],"podIP":"10.128.70.15","startTime":"2018-09-13T06:52:53Z","containerStatuses":[{"name":"productorder-amendorder-service-container","state":{"running":{"startedAt":"2018-09-13T06:52:57Z"}},"lastState":{},"ready":true,"restartCount":0,"image":"illin5564.corp.amdocs.com:5000/productorder-amendorder-service:0.1.1-0019","imageID":"docker-pullable://illin5564.corp.amdocs.com:5000/productorder-amendorder-service@sha256:2d86d9750b219cde6b8f2866df8f0f0189f499b22e8ab1dc253086b922782c7c","containerID":"docker://c01e58a9a91e761cc33f8df9766e254b838d7b3eda9b86472a23c9ac138f6067"}],"qosClass":"Burstable"}},{"metadata":{"name":"productorder-deliverymethodorder-release-productorder-delidbdpf","generateName":"productorder-deliverymethodorder-release-productorder-deliverym-7d995fff95-","namespace":"oc-cd-1017-pranavd-pd","selfLink":"/api/v1/namespaces/oc-cd-1017-pranavd-pd/pods/productorder-deliverymethodorder-release-productorder-delidbdpf","uid":"a33ed7f1-b721-11e8-bb86-0050569a887c","resourceVersion":"66124317","creationTimestamp":"2018-09-13T06:52:53Z","labels":{"app":"productorder-deliverymethodorder-release-productorder-deliverym","microservice":"productorder-deliverymet","pod-template-hash":"3855199951","project":"productorder-deliverymethodorder","provider":"amdocs","release":"productorder-deliverymethodorder-release"},"annotations":{"fabric8.io/iconUrl":"img/icons/spring-boot.svg","git-commit":"84e2858ab6562378a5336995af5259426eefb325","openshift.io/scc":"anyuid-no-ps"},"ownerReferences":[{"apiVersion":"extensions/v1beta1","kind":"ReplicaSet","name":"productorder-deliverymethodorder-release-productorder-deliverym-7d995fff95","uid":"a3315902-b721-11e8-bb86-0050569a887c","controller":true,"blockOwnerDeletion":true}]},"spec":{"volumes":[{"name":"default-token-vdgk4","secret":{"secretName":"default-token-vdgk4","defaultMode":420}}],"containers":[{"name":"productorder-deliverymethodorder-service-container","image":"illin5564.corp.amdocs.com:5000/productorder-deliverymethodorder-service:0.1.1-0027","ports":[{"name":"http","containerPort":8080,"protocol":"TCP"},{"name":"https","containerPort":8443,"protocol":"TCP"},{"name":"metrics","containerPort":5555,"protocol":"TCP"},{"name":"jacoco","containerPort":6300,"protocol":"TCP"},{"name":"management","containerPort":18080,"protocol":"TCP"}],"env":[{"name":"KUBERNETES_NAMESPACE","valueFrom":{"fieldRef":{"apiVersion":"v1","fieldPath":"metadata.namespace"}}},{"name":"MSNEXT_JAVA_OPTS","value":" -Xms256m -Xmx1024m -XX:MaxRAM=2048m -XX:+DisableExplicitGC -XX:+UseConcMarkSweepGC -XX:+CMSParallelRemarkEnabled -XX:NewRatio=1 -Xss512k -XX:MaxMetaspaceSize=512m"},{"name":"SERVER_PORT","value":"8080"},{"name":"MSNEXT_DISABLED_MODULES","value":"msnext-customization"},{"name":"MANAGEMENT_PORT","value":"18080"},{"name":"MALLOC_ARENA_MAX","value":"4"}],"resources":{"limits":{"cpu":"2","memory":"2Gi"},"requests":{"cpu":"200m","memory":"1Gi"}},"volumeMounts":[{"name":"default-token-vdgk4","readOnly":true,"mountPath":"/var/run/secrets/kubernetes.io/serviceaccount"}],"livenessProbe":{"httpGet":{"path":"/health","port":18080,"scheme":"HTTP"},"initialDelaySeconds":900,"timeoutSeconds":10,"periodSeconds":10,"successThreshold":1,"failureThreshold":3},"readinessProbe":{"httpGet":{"path":"/health","port":18080,"scheme":"HTTP"},"initialDelaySeconds":30,"timeoutSeconds":10,"periodSeconds":10,"successThreshold":1,"failureThreshold":3},"terminationMessagePath":"/dev/termination-log","terminationMessagePolicy":"File","imagePullPolicy":"IfNotPresent","securityContext":{"capabilities":{"drop":["MKNOD"]},"privileged":false}}],"restartPolicy":"Always","terminationGracePeriodSeconds":30,"dnsPolicy":"ClusterFirst","nodeSelector":{"region":"work"},"serviceAccountName":"default","serviceAccount":"default","nodeName":"ilocpde01w27.corp.amdocs.com","securityContext":{"seLinuxOptions":{"level":"s0:c82,c59"}},"imagePullSecrets":[{"name":"productorder-deliverymethodorder-ms-secret"}],"schedulerName":"default-scheduler","tolerations":[{"key":"node.kubernetes.io/memory-pressure","operator":"Exists","effect":"NoSchedule"}]},"status":{"phase":"Running","conditions":[{"type":"Initialized","status":"True","lastProbeTime":null,"lastTransitionTime":"2018-09-13T06:52:53Z"},{"type":"Ready","status":"True","lastProbeTime":null,"lastTransitionTime":"2018-09-13T06:54:10Z"},{"type":"PodScheduled","status":"True","lastProbeTime":null,"lastTransitionTime":"2018-09-13T06:52:53Z"}],"hostIP":"10.245.251.168","podIP":"10.128.64.34","startTime":"2018-09-13T06:52:53Z","containerStatuses":[{"name":"productorder-deliverymethodorder-service-container","state":{"running":{"startedAt":"2018-09-13T06:52:56Z"}},"lastState":{},"ready":true,"restartCount":0,"image":"illin5564.corp.amdocs.com:5000/productorder-deliverymethodorder-service:0.1.1-0027","imageID":"docker-pullable://illin5564.corp.amdocs.com:5000/productorder-deliverymethodorder-service@sha256:7e9da01d788f9ad6d1ba92e4b02e8724724473cd299d7b71bb931b72d72e6028","containerID":"docker://b84feea5b320015d17de4a1f2c72a641f1130a755bd5a271558fd3fa8f1d8d05"}],"qosClass":"Burstable"}},{"metadata":{"name":"productorder-futurelaunc-85884df4f8-mc9rt","generateName":"productorder-futurelaunc-85884df4f8-","namespace":"oc-cd-1017-pranavd-pd","selfLink":"/api/v1/namespaces/oc-cd-1017-pranavd-pd/pods/productorder-futurelaunc-85884df4f8-mc9rt","uid":"a366e180-b721-11e8-bb86-0050569a887c","resourceVersion":"66124583","creationTimestamp":"2018-09-13T06:52:53Z","labels":{"app":"productorder-futurelaunc","microservice":"productorder-futurelaunc","pod-template-hash":"4144089094","project":"productorder-futurelauncher","provider":"amdocs","release":"productorder-futurelauncher-release"},"annotations":{"fabric8.io/iconUrl":"img/icons/spring-boot.svg","git-commit":"76904a486ab6efd9d42b391a1a486c168ee459de","openshift.io/scc":"anyuid-no-ps"},"ownerReferences":[{"apiVersion":"extensions/v1beta1","kind":"ReplicaSet","name":"productorder-futurelaunc-85884df4f8","uid":"a35ada44-b721-11e8-bb86-0050569a887c","controller":true,"blockOwnerDeletion":true}]},"spec":{"volumes":[{"name":"prop-volume","configMap":{"name":"productorder-futurelauncher-service-appconfigmap","defaultMode":420}},{"name":"default-token-vdgk4","secret":{"secretName":"default-token-vdgk4","defaultMode":420}}],"containers":[{"name":"productorder-futurelauncher-service-container","image":"illin5564.corp.amdocs.com:5000/productorder-futurelauncher-service:0.1.1-0065","ports":[{"name":"http","containerPort":8080,"protocol":"TCP"},{"name":"jacoco","containerPort":6300,"protocol":"TCP"},{"name":"metrics","containerPort":5555,"protocol":"TCP"},{"name":"management","containerPort":18080,"protocol":"TCP"}],"env":[{"name":"KUBERNETES_NAMESPACE","valueFrom":{"fieldRef":{"apiVersion":"v1","fieldPath":"metadata.namespace"}}},{"name":"MSNEXT_JAVA_OPTS","value":" -Xms256m -Xmx1024m -XX:MaxRAM=2048m -XX:+DisableExplicitGC -XX:+UseConcMarkSweepGC -XX:+CMSParallelRemarkEnabled -XX:NewRatio=1 -Xss512k -XX:MaxMetaspaceSize=512m"},{"name":"MSNEXT_CONF_SOURCE_APP","value":"/etc/config"},{"name":"MSNEXT_DISABLED_MODULES","value":"msnext-customization"},{"name":"MANAGEMENT_PORT","value":"18080"},{"name":"SERVER_PORT","value":"8080"},{"name":"MALLOC_ARENA_MAX","value":"4"}],"resources":{"limits":{"cpu":"2","memory":"2Gi"},"requests":{"cpu":"200m","memory":"1Gi"}},"volumeMounts":[{"name":"prop-volume","mountPath":"/etc/config"},{"name":"default-token-vdgk4","readOnly":true,"mountPath":"/var/run/secrets/kubernetes.io/serviceaccount"}],"livenessProbe":{"httpGet":{"path":"/health","port":18080,"scheme":"HTTP"},"initialDelaySeconds":900,"timeoutSeconds":10,"periodSeconds":10,"successThreshold":1,"failureThreshold":3},"readinessProbe":{"httpGet":{"path":"/health","port":18080,"scheme":"HTTP"},"initialDelaySeconds":30,"timeoutSeconds":10,"periodSeconds":10,"successThreshold":1,"failureThreshold":3},"terminationMessagePath":"/dev/termination-log","terminationMessagePolicy":"File","imagePullPolicy":"IfNotPresent","securityContext":{"capabilities":{"drop":["MKNOD"]},"privileged":false}}],"restartPolicy":"Always","terminationGracePeriodSeconds":30,"dnsPolicy":"ClusterFirst","nodeSelector":{"region":"work"},"serviceAccountName":"default","serviceAccount":"default","nodeName":"ilocpde01w23.corp.amdocs.com","securityContext":{"seLinuxOptions":{"level":"s0:c82,c59"}},"imagePullSecrets":[{"name":"productorder-futurelauncher-ms-secret"}],"schedulerName":"default-scheduler","tolerations":[{"key":"node.kubernetes.io/memory-pressure","operator":"Exists","effect":"NoSchedule"}]},"status":{"phase":"Running","conditions":[{"type":"Initialized","status":"True","lastProbeTime":null,"lastTransitionTime":"2018-09-13T06:52:53Z"},{"type":"Ready","status":"True","lastProbeTime":null,"lastTransitionTime":"2018-09-13T06:54:27Z"},{"type":"PodScheduled","status":"True","lastProbeTime":null,"lastTransitionTime":"2018-09-13T06:52:53Z"}],"hostIP":"10.245.251.164","podIP":"10.128.54.23","startTime":"2018-09-13T06:52:53Z","containerStatuses":[{"name":"productorder-futurelauncher-service-container","state":{"running":{"startedAt":"2018-09-13T06:53:13Z"}},"lastState":{},"ready":true,"restartCount":0,"image":"illin5564.corp.amdocs.com:5000/productorder-futurelauncher-service:0.1.1-0065","imageID":"docker-pullable://illin5564.corp.amdocs.com:5000/productorder-futurelauncher-service@sha256:b3afd231c02de05d7f9802667a9f72f2aca73097f2876e2a19e719c13540388a","containerID":"docker://94a72ccb5b575e19ee5cfd652972155c527b00e5f47ba97649d51e767925ec60"}],"qosClass":"Burstable"}},{"metadata":{"name":"productorder-limiteddurationproduct-release-productorder-lhlfmq","generateName":"productorder-limiteddurationproduct-release-productorder-limite-79945d9749-","namespace":"oc-cd-1017-pranavd-pd","selfLink":"/api/v1/namespaces/oc-cd-1017-pranavd-pd/pods/productorder-limiteddurationproduct-release-productorder-lhlfmq","uid":"a3799c81-b721-11e8-bb86-0050569a887c","resourceVersion":"66124734","creationTimestamp":"2018-09-13T06:52:53Z","labels":{"app":"productorder-limiteddurationproduct-release-productorder-limite","microservice":"productorder-limiteddurationproduct","pod-template-hash":"3550185305","project":"productorder-limiteddurationproduct","provider":"amdocs","release":"productorder-limiteddurationproduct-release"},"annotations":{"git-commit":"cf2decf23f48a9d534e33172bafcbd152ef9cdb4","openshift.io/scc":"anyuid-no-ps"},"ownerReferences":[{"apiVersion":"extensions/v1beta1","kind":"ReplicaSet","name":"productorder-limiteddurationproduct-release-productorder-limite-79945d9749","uid":"a370eaaf-b721-11e8-bb86-0050569a887c","controller":true,"blockOwnerDeletion":true}]},"spec":{"volumes":[{"name":"prop-volume","configMap":{"name":"productorder-limiteddurationproduct-appconfigmap","defaultMode":420}},{"name":"default-token-vdgk4","secret":{"secretName":"default-token-vdgk4","defaultMode":420}}],"containers":[{"name":"productorder-limiteddurationproduct-service-container","image":"illin5564.corp.amdocs.com:5000/productorder-limiteddurationproduct-service:0.1.0-0008","ports":[{"name":"http","containerPort":8080,"protocol":"TCP"},{"name":"management","containerPort":18080,"protocol":"TCP"}],"env":[{"name":"KUBERNETES_NAMESPACE","valueFrom":{"fieldRef":{"apiVersion":"v1","fieldPath":"metadata.namespace"}}},{"name":"MSNEXT_JAVA_OPTS","value":"-Xms256m -Xmx512m -XX:MaxRAM=1024m -XX:+UseSerialGC"},{"name":"MSNEXT_CONF_SOURCE_APP","value":"/etc/config"},{"name":"MSNEXT_DISABLED_MODULES","value":"msnext-customization"},{"name":"MANAGEMENT_PORT","value":"18080"},{"name":"SERVER_PORT","value":"8080"},{"name":"MALLOC_ARENA_MAX","value":"4"},{"name":"TZ","value":"UTC"}],"resources":{"limits":{"cpu":"2","memory":"2Gi"},"requests":{"cpu":"200m","memory":"1Gi"}},"volumeMounts":[{"name":"prop-volume","mountPath":"/etc/config"},{"name":"default-token-vdgk4","readOnly":true,"mountPath":"/var/run/secrets/kubernetes.io/serviceaccount"}],"livenessProbe":{"httpGet":{"path":"/health","port":18080,"scheme":"HTTP"},"initialDelaySeconds":900,"timeoutSeconds":10,"periodSeconds":10,"successThreshold":1,"failureThreshold":3},"readinessProbe":{"httpGet":{"path":"/health","port":18080,"scheme":"HTTP"},"initialDelaySeconds":30,"timeoutSeconds":10,"periodSeconds":10,"successThreshold":1,"failureThreshold":3},"terminationMessagePath":"/dev/termination-log","terminationMessagePolicy":"File","imagePullPolicy":"IfNotPresent","securityContext":{"capabilities":{"drop":["MKNOD"]},"privileged":false}}],"restartPolicy":"Always","terminationGracePeriodSeconds":30,"dnsPolicy":"ClusterFirst","nodeSelector":{"region":"work"},"serviceAccountName":"default","serviceAccount":"default","nodeName":"ilocpde01w22.corp.amdocs.com","securityContext":{"seLinuxOptions":{"level":"s0:c82,c59"}},"imagePullSecrets":[{"name":"productorder-limiteddurationproduct-ms-secret"}],"schedulerName":"default-scheduler","tolerations":[{"key":"node.kubernetes.io/memory-pressure","operator":"Exists","effect":"NoSchedule"}]},"status":{"phase":"Running","conditions":[{"type":"Initialized","status":"True","lastProbeTime":null,"lastTransitionTime":"2018-09-13T06:52:53Z"},{"type":"Ready","status":"True","lastProbeTime":null,"lastTransitionTime":"2018-09-13T06:54:37Z"},{"type":"PodScheduled","status":"True","lastProbeTime":null,"lastTransitionTime":"2018-09-13T06:52:53Z"}],"hostIP":"10.245.251.163","podIP":"10.128.56.177","startTime":"2018-09-13T06:52:53Z","containerStatuses":[{"name":"productorder-limiteddurationproduct-service-container","state":{"running":{"startedAt":"2018-09-13T06:53:31Z"}},"lastState":{},"ready":true,"restartCount":0,"image":"illin5564.corp.amdocs.com:5000/productorder-limiteddurationproduct-service:0.1.0-0008","imageID":"docker-pullable://illin5564.corp.amdocs.com:5000/productorder-limiteddurationproduct-service@sha256:d032cb5615cd6a44272ed1d425be845b61ea3b8897595af9778fbe67470c0bb0","containerID":"docker://bbabea6f381f736642988ed52ece1934d8efe75fc7275939b457ddd265da3f72"}],"qosClass":"Burstable"}},{"metadata":{"name":"productorder-modifyorder-57975d8ff-zwnjl","generateName":"productorder-modifyorder-57975d8ff-","namespace":"oc-cd-1017-pranavd-pd","selfLink":"/api/v1/namespaces/oc-cd-1017-pranavd-pd/pods/productorder-modifyorder-57975d8ff-zwnjl","uid":"a38b1b17-b721-11e8-bb86-0050569a887c","resourceVersion":"66124150","creationTimestamp":"2018-09-13T06:52:54Z","labels":{"app":"productorder-modifyorder","microservice":"productorder-modifyorder","pod-template-hash":"135318499","project":"productorder-modifyorder","provider":"amdocs","release":"productorder-modifyorder-release"},"annotations":{"fabric8.io/iconUrl":"img/icons/spring-boot.svg","git-commit":"d4e1a338682a687eea182b82cc34e7aec6b3e675","openshift.io/scc":"anyuid-no-ps"},"ownerReferences":[{"apiVersion":"extensions/v1beta1","kind":"ReplicaSet","name":"productorder-modifyorder-57975d8ff","uid":"a37d83fb-b721-11e8-bb86-0050569a887c","controller":true,"blockOwnerDeletion":true}]},"spec":{"volumes":[{"name":"prop-volume","configMap":{"name":"productorder-modifyorder-service-appconfig","defaultMode":420,"optional":true}},{"name":"default-token-vdgk4","secret":{"secretName":"default-token-vdgk4","defaultMode":420}}],"containers":[{"name":"productorder-modifyorder-service-container","image":"illin5564.corp.amdocs.com:5000/productorder-modifyorder-service:0.1.1-0035","ports":[{"name":"http","containerPort":8080,"protocol":"TCP"},{"name":"jacoco","containerPort":6300,"protocol":"TCP"},{"name":"metrics","containerPort":5555,"protocol":"TCP"},{"name":"management","containerPort":18080,"protocol":"TCP"}],"env":[{"name":"KUBERNETES_NAMESPACE","valueFrom":{"fieldRef":{"apiVersion":"v1","fieldPath":"metadata.namespace"}}},{"name":"MSNEXT_JAVA_OPTS","value":" -Xms256m -Xmx1024m -XX:MaxRAM=2048m -XX:+DisableExplicitGC -XX:+UseConcMarkSweepGC -XX:+CMSParallelRemarkEnabled -XX:NewRatio=1 -Xss512k -XX:MaxMetaspaceSize=512m -Dcom.amdocs.msnext.securitya3s.url=http://10.238.196.7:30081/asmServices/services/v1.0"},{"name":"SERVER_PORT","value":"8080"},{"name":"DOX_EXCLUDED_MODULES","value":"msnext-customization"},{"name":"MANAGEMENT_PORT","value":"18080"},{"name":"SERVER_PORT","value":"8080"},{"name":"MSNEXT_CONF_SOURCE_APP","value":"/etc/config"}],"resources":{"limits":{"cpu":"2","memory":"2Gi"},"requests":{"cpu":"200m","memory":"1Gi"}},"volumeMounts":[{"name":"prop-volume","mountPath":"/etc/config"},{"name":"default-token-vdgk4","readOnly":true,"mountPath":"/var/run/secrets/kubernetes.io/serviceaccount"}],"livenessProbe":{"httpGet":{"path":"/health","port":18080,"scheme":"HTTP"},"initialDelaySeconds":900,"timeoutSeconds":10,"periodSeconds":10,"successThreshold":1,"failureThreshold":3},"readinessProbe":{"httpGet":{"path":"/health","port":18080,"scheme":"HTTP"},"initialDelaySeconds":30,"timeoutSeconds":10,"periodSeconds":10,"successThreshold":1,"failureThreshold":3},"terminationMessagePath":"/dev/termination-log","terminationMessagePolicy":"File","imagePullPolicy":"IfNotPresent","securityContext":{"capabilities":{"drop":["MKNOD"]},"privileged":false}}],"restartPolicy":"Always","terminationGracePeriodSeconds":30,"dnsPolicy":"ClusterFirst","nodeSelector":{"region":"work"},"serviceAccountName":"default","serviceAccount":"default","nodeName":"ilocpde01w35.corp.amdocs.com","securityContext":{"seLinuxOptions":{"level":"s0:c82,c59"}},"imagePullSecrets":[{"name":"productorder-modifyorder-ms-secret"}],"schedulerName":"default-scheduler","tolerations":[{"key":"node.kubernetes.io/memory-pressure","operator":"Exists","effect":"NoSchedule"}]},"status":{"phase":"Running","conditions":[{"type":"Initialized","status":"True","lastProbeTime":null,"lastTransitionTime":"2018-09-13T06:52:54Z"},{"type":"Ready","status":"True","lastProbeTime":null,"lastTransitionTime":"2018-09-13T06:53:58Z"},{"type":"PodScheduled","status":"True","lastProbeTime":null,"lastTransitionTime":"2018-09-13T06:52:54Z"}],"hostIP":"10.245.251.176","podIP":"10.128.81.232","startTime":"2018-09-13T06:52:54Z","containerStatuses":[{"name":"productorder-modifyorder-service-container","state":{"running":{"startedAt":"2018-09-13T06:52:56Z"}},"lastState":{},"ready":true,"restartCount":0,"image":"illin5564.corp.amdocs.com:5000/productorder-modifyorder-service:0.1.1-0035","imageID":"docker-pullable://illin5564.corp.amdocs.com:5000/productorder-modifyorder-service@sha256:c20e9e9e2292e8f7615177ee650ff1259193d78b2aa2067b57dd11d99f1f7edb","containerID":"docker://6a1e62121d655b48a15d6270cf3f431df516a28bb98b3a3e3c5071c7c6778d39"}],"qosClass":"Burstable"}},{"metadata":{"name":"productorder-paymentorde-6c5cdf7779-fdlrr","generateName":"productorder-paymentorde-6c5cdf7779-","namespace":"oc-cd-1017-pranavd-pd","selfLink":"/api/v1/namespaces/oc-cd-1017-pranavd-pd/pods/productorder-paymentorde-6c5cdf7779-fdlrr","uid":"a3b77fc6-b721-11e8-bb86-0050569a887c","resourceVersion":"66124639","creationTimestamp":"2018-09-13T06:52:54Z","labels":{"app":"productorder-paymentorde","microservice":"productorder-paymentorde","pod-template-hash":"2717893335","project":"productorder-paymentorder","provider":"amdocs","release":"productorder-paymentorder-release"},"annotations":{"fabric8.io/iconUrl":"img/icons/spring-boot.svg","git-commit":"19e434ccaa6a5a2f3928cb0fe45f7b0c9c2ed1ac","openshift.io/scc":"anyuid-no-ps"},"ownerReferences":[{"apiVersion":"extensions/v1beta1","kind":"ReplicaSet","name":"productorder-paymentorde-6c5cdf7779","uid":"a3acb081-b721-11e8-bb86-0050569a887c","controller":true,"blockOwnerDeletion":true}]},"spec":{"volumes":[{"name":"prop-volume","configMap":{"name":"productorder-paymentorder-service-appconfig","defaultMode":420,"optional":true}},{"name":"default-token-vdgk4","secret":{"secretName":"default-token-vdgk4","defaultMode":420}}],"containers":[{"name":"productorder-paymentorder-service-container","image":"illin5564.corp.amdocs.com:5000/productorder-paymentorder-service:0.1.1-0016","ports":[{"name":"http","containerPort":8080,"protocol":"TCP"},{"name":"https","containerPort":8443,"protocol":"TCP"},{"name":"metrics","containerPort":5555,"protocol":"TCP"},{"name":"management","containerPort":18080,"protocol":"TCP"}],"env":[{"name":"MSNEXT_JAVA_OPTS","value":" -Xms256m -Xmx1024m -XX:MaxRAM=2048m -XX:+DisableExplicitGC -XX:+UseConcMarkSweepGC -XX:+CMSParallelRemarkEnabled -XX:NewRatio=1 -Xss512k -XX:MaxMetaspaceSize=512m -Dcom.amdocs.msnext.securitya3s.url=http://10.238.196.7:30081/asmServices/services/v1.0"},{"name":"SERVER_PORT","value":"8080"},{"name":"MSNEXT_CONF_SOURCE_APP","value":"/etc/config"},{"name":"MSNEXT_DISABLED_MODULES","value":"msnext-customization"},{"name":"MANAGEMENT_PORT","value":"18080"},{"name":"SERVER_PORT","value":"8080"}],"resources":{"limits":{"cpu":"2","memory":"2Gi"},"requests":{"cpu":"200m","memory":"1Gi"}},"volumeMounts":[{"name":"prop-volume","mountPath":"/etc/config"},{"name":"default-token-vdgk4","readOnly":true,"mountPath":"/var/run/secrets/kubernetes.io/serviceaccount"}],"livenessProbe":{"httpGet":{"path":"/health","port":18080,"scheme":"HTTP"},"initialDelaySeconds":900,"timeoutSeconds":10,"periodSeconds":10,"successThreshold":1,"failureThreshold":3},"readinessProbe":{"httpGet":{"path":"/health","port":18080,"scheme":"HTTP"},"initialDelaySeconds":30,"timeoutSeconds":10,"periodSeconds":10,"successThreshold":1,"failureThreshold":3},"terminationMessagePath":"/dev/termination-log","terminationMessagePolicy":"File","imagePullPolicy":"IfNotPresent","securityContext":{"capabilities":{"drop":["MKNOD"]},"privileged":false}}],"restartPolicy":"Always","terminationGracePeriodSeconds":30,"dnsPolicy":"ClusterFirst","nodeSelector":{"region":"work"},"serviceAccountName":"default","serviceAccount":"default","nodeName":"ilocpde01w34.corp.amdocs.com","securityContext":{"seLinuxOptions":{"level":"s0:c82,c59"}},"imagePullSecrets":[{"name":"productorder-paymentorder-ms-secret"}],"schedulerName":"default-scheduler","tolerations":[{"key":"node.kubernetes.io/memory-pressure","operator":"Exists","effect":"NoSchedule"}]},"status":{"phase":"Running","conditions":[{"type":"Initialized","status":"True","lastProbeTime":null,"lastTransitionTime":"2018-09-13T06:52:54Z"},{"type":"Ready","status":"True","lastProbeTime":null,"lastTransitionTime":"2018-09-13T06:54:31Z"},{"type":"PodScheduled","status":"True","lastProbeTime":null,"lastTransitionTime":"2018-09-13T06:52:54Z"}],"hostIP":"10.245.251.175","podIP":"10.128.78.114","startTime":"2018-09-13T06:52:54Z","containerStatuses":[{"name":"productorder-paymentorder-service-container","state":{"running":{"startedAt":"2018-09-13T06:53:01Z"}},"lastState":{},"ready":true,"restartCount":0,"image":"illin5564.corp.amdocs.com:5000/productorder-paymentorder-service:0.1.1-0016","imageID":"docker-pullable://illin5564.corp.amdocs.com:5000/productorder-paymentorder-service@sha256:8117aff2f7b44845ad0ae05b162ba0fbb9e6d0e33157efc0f708458fc9a2c080","containerID":"docker://2c5bfb12bb4c9c57bb7a368c7969ae5d9127e23f475436385d6bf40ca3a8e11c"}],"qosClass":"Burstable"}},{"metadata":{"name":"productorder-price-relea-b4fb678bc-mz2xz","generateName":"productorder-price-relea-b4fb678bc-","namespace":"oc-cd-1017-pranavd-pd","selfLink":"/api/v1/namespaces/oc-cd-1017-pranavd-pd/pods/productorder-price-relea-b4fb678bc-mz2xz","uid":"a3bdbf7f-b721-11e8-bb86-0050569a887c","resourceVersion":"68887599","creationTimestamp":"2018-09-13T06:52:54Z","labels":{"app":"productorder-price-relea","microservice":"productorder-price","pod-template-hash":"609623467","project":"productorder-price","provider":"amdocs","release":"productorder-price-release"},"annotations":{"fabric8.io/iconUrl":"img/icons/spring-boot.svg","git-commit":"1c072f2e99b5e68c88d0679cebd80061a73064b3","openshift.io/scc":"anyuid-no-ps"},"ownerReferences":[{"apiVersion":"extensions/v1beta1","kind":"ReplicaSet","name":"productorder-price-relea-b4fb678bc","uid":"a3b879eb-b721-11e8-bb86-0050569a887c","controller":true,"blockOwnerDeletion":true}]},"spec":{"volumes":[{"name":"prop-volume","configMap":{"name":"productorder-price-service-appconfig","defaultMode":420,"optional":true}},{"name":"default-token-vdgk4","secret":{"secretName":"default-token-vdgk4","defaultMode":420}}],"containers":[{"name":"productorder-price-service-container","image":"illin5564.corp.amdocs.com:5000/productorder-price-service:0.1.1-0049","ports":[{"name":"http","containerPort":8080,"protocol":"TCP"},{"name":"https","containerPort":8443,"protocol":"TCP"},{"name":"metrics","containerPort":5555,"protocol":"TCP"},{"name":"management","containerPort":8081,"protocol":"TCP"}],"env":[{"name":"KUBERNETES_NAMESPACE","valueFrom":{"fieldRef":{"apiVersion":"v1","fieldPath":"metadata.namespace"}}},{"name":"MSNEXT_JAVA_OPTS","value":" -Xms256m -Xmx1024m -XX:MaxRAM=2048m -XX:+DisableExplicitGC -XX:+UseConcMarkSweepGC -XX:+CMSParallelRemarkEnabled -XX:NewRatio=1 -Xss512k -XX:MaxMetaspaceSize=512m -Dcom.amdocs.msnext.securitya3s.url=http://10.238.196.7:30081/asmServices/services/v1.0"},{"name":"SERVER_PORT","value":"8080"},{"name":"MSNEXT_MODULE_MGT_DISABLE","value":"msnext-customization"},{"name":"MSNEXT_CONF_SOURCE_APP","value":"/etc/config"},{"name":"MANAGEMENT_PORT","value":"8081"},{"name":"ENABLE_PROMOTION_QUALIFICATION_SERVICE","value":"true"}],"resources":{"limits":{"cpu":"2","memory":"2Gi"},"requests":{"cpu":"200m","memory":"1Gi"}},"volumeMounts":[{"name":"prop-volume","mountPath":"/etc/config"},{"name":"default-token-vdgk4","readOnly":true,"mountPath":"/var/run/secrets/kubernetes.io/serviceaccount"}],"livenessProbe":{"httpGet":{"path":"/health","port":8081,"scheme":"HTTP"},"initialDelaySeconds":900,"timeoutSeconds":10,"periodSeconds":10,"successThreshold":1,"failureThreshold":3},"readinessProbe":{"httpGet":{"path":"/health","port":8081,"scheme":"HTTP"},"initialDelaySeconds":30,"timeoutSeconds":10,"periodSeconds":10,"successThreshold":1,"failureThreshold":3},"terminationMessagePath":"/dev/termination-log","terminationMessagePolicy":"File","imagePullPolicy":"IfNotPresent","securityContext":{"capabilities":{"drop":["MKNOD"]},"privileged":false}}],"restartPolicy":"Always","terminationGracePeriodSeconds":30,"dnsPolicy":"ClusterFirst","nodeSelector":{"region":"work"},"serviceAccountName":"default","serviceAccount":"default","nodeName":"ilocpde01w33.corp.amdocs.com","securityContext":{"seLinuxOptions":{"level":"s0:c82,c59"}},"imagePullSecrets":[{"name":"productorder-price-ms-secret"}],"schedulerName":"default-scheduler","tolerations":[{"key":"node.kubernetes.io/memory-pressure","operator":"Exists","effect":"NoSchedule"}]},"status":{"phase":"Running","conditions":[{"type":"Initialized","status":"True","lastProbeTime":null,"lastTransitionTime":"2018-09-13T06:52:54Z"},{"type":"Ready","status":"True","lastProbeTime":null,"lastTransitionTime":"2018-09-17T10:26:44Z"},{"type":"PodScheduled","status":"True","lastProbeTime":null,"lastTransitionTime":"2018-09-13T06:52:54Z"}],"hostIP":"10.245.251.174","podIP":"10.128.74.86","startTime":"2018-09-13T06:52:54Z","containerStatuses":[{"name":"productorder-price-service-container","state":{"running":{"startedAt":"2018-09-17T10:25:12Z"}},"lastState":{"terminated":{"exitCode":137,"reason":"OOMKilled","startedAt":"2018-09-14T10:28:13Z","finishedAt":"2018-09-17T10:25:11Z","containerID":"docker://11cfef47746a0454483907c128e9b53185c824d932a75c5f97409bd199e7a15c"}},"ready":true,"restartCount":5,"image":"illin5564.corp.amdocs.com:5000/productorder-price-service:0.1.1-0049","imageID":"docker-pullable://illin5564.corp.amdocs.com:5000/productorder-price-service@sha256:c0527d824a586d9ea490f80e2a0ec57640b215b16f20f7e1e851cb233ee9c3ef","containerID":"docker://e10860c905c78c1712ff6bcbce8f74407899ef5be97c5b5afc96732afd6e830e"}],"qosClass":"Burstable"}},{"metadata":{"name":"productorder-productorde-f7d845cd8-mtlh5","generateName":"productorder-productorde-f7d845cd8-","namespace":"oc-cd-1017-pranavd-pd","selfLink":"/api/v1/namespaces/oc-cd-1017-pranavd-pd/pods/productorder-productorde-f7d845cd8-mtlh5","uid":"a3cbb6dd-b721-11e8-bb86-0050569a887c","resourceVersion":"66125409","creationTimestamp":"2018-09-13T06:52:54Z","labels":{"app":"productorder-productorde","microservice":"productorder-productorde","pod-template-hash":"938401784","project":"productorder-productorder","provider":"amdocs","release":"productorder-productorder-release"},"annotations":{"fabric8.io/iconUrl":"img/icons/spring-boot.svg","git-commit":"1d9b0690b16f2ed9a1099cc8da9521d040bdfb22","openshift.io/scc":"anyuid-no-ps"},"ownerReferences":[{"apiVersion":"extensions/v1beta1","kind":"ReplicaSet","name":"productorder-productorde-f7d845cd8","uid":"a3c189ee-b721-11e8-bb86-0050569a887c","controller":true,"blockOwnerDeletion":true}]},"spec":{"volumes":[{"name":"prop-volume","configMap":{"name":"productorder-productorder-service-appconfig","defaultMode":420,"optional":true}},{"name":"confmap-volume","configMap":{"name":"productorder-productorder-appconfigmap","defaultMode":420}},{"name":"default-token-vdgk4","secret":{"secretName":"default-token-vdgk4","defaultMode":420}}],"containers":[{"name":"productorder-productorder-service-container","image":"illin5564.corp.amdocs.com:5000/productorder-productorder-service:0.1.1-0157","ports":[{"name":"http","containerPort":8080,"protocol":"TCP"},{"name":"https","containerPort":8443,"protocol":"TCP"},{"name":"metrics","containerPort":5555,"protocol":"TCP"},{"name":"management","containerPort":18080,"protocol":"TCP"}],"env":[{"name":"CALL_DEFAULT_BILLING_ACCOUNT","valueFrom":{"configMapKeyRef":{"name":"productorder-productorder-appconfigmap","key":"configuration.billingAccount.shouldCallDefaultBillingAccount"}}},{"name":"DATAFENCING_ENABLE_FLAG","valueFrom":{"configMapKeyRef":{"name":"productorder-productorder-appconfigmap","key":"configuration.dataFencingCustomerId"}}},{"name":"MSNEXT_JAVA_OPTS","value":" -Xms256m -Xmx1024m -XX:MaxRAM=2048m -XX:+DisableExplicitGC -XX:+UseConcMarkSweepGC -XX:+CMSParallelRemarkEnabled -XX:NewRatio=1 -Xss512k -XX:MaxMetaspaceSize=512m"},{"name":"SERVER_PORT","value":"8080"},{"name":"MSNEXT_DISABLED_MODULES","value":"msnext-customization"},{"name":"MANAGEMENT_PORT","value":"18080"},{"name":"METADATA_VALIDATION_ENABLE_FLAG","value":"false"},{"name":"MSNEXT_CONF_SOURCE_APP","value":"/etc/config"}],"resources":{"limits":{"cpu":"2","memory":"2Gi"},"requests":{"cpu":"200m","memory":"1Gi"}},"volumeMounts":[{"name":"prop-volume","mountPath":"/etc/config"},{"name":"default-token-vdgk4","readOnly":true,"mountPath":"/var/run/secrets/kubernetes.io/serviceaccount"}],"livenessProbe":{"httpGet":{"path":"/health","port":18080,"scheme":"HTTP"},"initialDelaySeconds":900,"timeoutSeconds":10,"periodSeconds":10,"successThreshold":1,"failureThreshold":3},"readinessProbe":{"httpGet":{"path":"/health","port":18080,"scheme":"HTTP"},"initialDelaySeconds":30,"timeoutSeconds":10,"periodSeconds":10,"successThreshold":1,"failureThreshold":3},"terminationMessagePath":"/dev/termination-log","terminationMessagePolicy":"File","imagePullPolicy":"IfNotPresent","securityContext":{"capabilities":{"drop":["MKNOD"]},"privileged":false}}],"restartPolicy":"Always","terminationGracePeriodSeconds":30,"dnsPolicy":"ClusterFirst","nodeSelector":{"region":"work"},"serviceAccountName":"default","serviceAccount":"default","nodeName":"ilocpde01w30.corp.amdocs.com","securityContext":{"seLinuxOptions":{"level":"s0:c82,c59"}},"imagePullSecrets":[{"name":"productorder-productorder-ms-secret"}],"schedulerName":"default-scheduler","tolerations":[{"key":"node.kubernetes.io/memory-pressure","operator":"Exists","effect":"NoSchedule"}]},"status":{"phase":"Running","conditions":[{"type":"Initialized","status":"True","lastProbeTime":null,"lastTransitionTime":"2018-09-13T06:52:54Z"},{"type":"Ready","status":"True","lastProbeTime":null,"lastTransitionTime":"2018-09-13T06:55:06Z"},{"type":"PodScheduled","status":"True","lastProbeTime":null,"lastTransitionTime":"2018-09-13T06:52:54Z"}],"podIP":"10.128.70.16","startTime":"2018-09-13T06:52:54Z","containerStatuses":[{"name":"productorder-productorder-service-container","state":{"running":{"startedAt":"2018-09-13T06:53:18Z"}},"lastState":{},"ready":true,"restartCount":0,"image":"illin5564.corp.amdocs.com:5000/productorder-productorder-service:0.1.1-0157","imageID":"docker-pullable://illin5564.corp.amdocs.com:5000/productorder-productorder-service@sha256:b6eeb2ec97ef72238ad7d8c883cf1b7709c6523b716300b4048efc1b0c525b45","containerID":"docker://f9094d4209ff6375cc48a42d652f2f27d0f4cd48a289137bd11ca467d2edb74c"}],"qosClass":"Burstable"}},{"metadata":{"name":"productorder-submitorder-d8968757-5t975","generateName":"productorder-submitorder-d8968757-","namespace":"oc-cd-1017-pranavd-pd","selfLink":"/api/v1/namespaces/oc-cd-1017-pranavd-pd/pods/productorder-submitorder-d8968757-5t975","uid":"a3dcb3f8-b721-11e8-bb86-0050569a887c","resourceVersion":"67376812","creationTimestamp":"2018-09-13T06:52:54Z","labels":{"app":"productorder-submitorder","microservice":"productorder-submitorder","pod-template-hash":"84524313","project":"productorder-submitorder","provider":"amdocs","release":"productorder-submitorder-release"},"annotations":{"fabric8.io/iconUrl":"img/icons/spring-boot.svg","git-commit":"0a3021f26f1d02bf05e59d4ae54268633e6651cc","openshift.io/scc":"anyuid-no-ps"},"ownerReferences":[{"apiVersion":"extensions/v1beta1","kind":"ReplicaSet","name":"productorder-submitorder-d8968757","uid":"a3d61cd6-b721-11e8-bb86-0050569a887c","controller":true,"blockOwnerDeletion":true}]},"spec":{"volumes":[{"name":"prop-volume","configMap":{"name":"productorder-submitorder-service-appconfig","defaultMode":420,"optional":true}},{"name":"default-token-vdgk4","secret":{"secretName":"default-token-vdgk4","defaultMode":420}}],"containers":[{"name":"productorder-submitorder-service-container","image":"illin5564.corp.amdocs.com:5000/productorder-submitorder-service:0.1.1-0058","ports":[{"name":"http","containerPort":8080,"protocol":"TCP"},{"name":"metrics","containerPort":5555,"protocol":"TCP"},{"name":"https","containerPort":8443,"protocol":"TCP"},{"name":"management","containerPort":18080,"protocol":"TCP"}],"env":[{"name":"KUBERNETES_NAMESPACE","valueFrom":{"fieldRef":{"apiVersion":"v1","fieldPath":"metadata.namespace"}}},{"name":"MSNEXT_JAVA_OPTS","value":" -Xms256m -Xmx1024m -XX:MaxRAM=2048m -XX:+DisableExplicitGC -XX:+UseConcMarkSweepGC -XX:+CMSParallelRemarkEnabled -XX:NewRatio=1 -Xss512k -XX:MaxMetaspaceSize=512m "},{"name":"SERVER_PORT","value":"8080"},{"name":"MSNEXT_DISABLED_MODULES","value":"msnext-customization"},{"name":"MANAGEMENT_PORT","value":"18080"},{"name":"TZ","value":"UTC"},{"name":"MSNEXT_CONF_SOURCE_APP","value":"/etc/config"}],"resources":{"limits":{"cpu":"2","memory":"2Gi"},"requests":{"cpu":"200m","memory":"1Gi"}},"volumeMounts":[{"name":"prop-volume","mountPath":"/etc/config"},{"name":"default-token-vdgk4","readOnly":true,"mountPath":"/var/run/secrets/kubernetes.io/serviceaccount"}],"livenessProbe":{"httpGet":{"path":"/health","port":18080,"scheme":"HTTP"},"initialDelaySeconds":900,"timeoutSeconds":10,"periodSeconds":10,"successThreshold":1,"failureThreshold":3},"readinessProbe":{"httpGet":{"path":"/health","port":18080,"scheme":"HTTP"},"initialDelaySeconds":30,"timeoutSeconds":10,"periodSeconds":10,"successThreshold":1,"failureThreshold":3},"terminationMessagePath":"/dev/termination-log","terminationMessagePolicy":"File","imagePullPolicy":"IfNotPresent","securityContext":{"capabilities":{"drop":["MKNOD"]},"privileged":false}}],"restartPolicy":"Always","terminationGracePeriodSeconds":30,"dnsPolicy":"ClusterFirst","nodeSelector":{"region":"work"},"serviceAccountName":"default","serviceAccount":"default","nodeName":"ilocpde01w27.corp.amdocs.com","securityContext":{"seLinuxOptions":{"level":"s0:c82,c59"}},"imagePullSecrets":[{"name":"productorder-submitorder-ms-secret"}],"schedulerName":"default-scheduler","tolerations":[{"key":"node.kubernetes.io/memory-pressure","operator":"Exists","effect":"NoSchedule"}]},"status":{"phase":"Running","conditions":[{"type":"Initialized","status":"True","lastProbeTime":null,"lastTransitionTime":"2018-09-13T06:52:54Z"},{"type":"Ready","status":"True","lastProbeTime":null,"lastTransitionTime":"2018-09-14T23:50:24Z"},{"type":"PodScheduled","status":"True","lastProbeTime":null,"lastTransitionTime":"2018-09-13T06:52:54Z"}],"hostIP":"10.245.251.168","podIP":"10.128.64.35","startTime":"2018-09-13T06:52:54Z","containerStatuses":[{"name":"productorder-submitorder-service-container","state":{"running":{"startedAt":"2018-09-14T23:49:26Z"}},"lastState":{"terminated":{"exitCode":143,"reason":"Error","startedAt":"2018-09-13T06:52:57Z","finishedAt":"2018-09-14T23:49:26Z","containerID":"docker://71634e8872d06f5ef5af8bb8f5e8f85d18e58cc4ff6d2e19e8bd67cbc2fb356c"}},"ready":true,"restartCount":1,"image":"illin5564.corp.amdocs.com:5000/productorder-submitorder-service:0.1.1-0058","imageID":"docker-pullable://illin5564.corp.amdocs.com:5000/productorder-submitorder-service@sha256:c27efa9eaba6dc40b73bd72d7e7cecaf8d8d0fc37586a24f27725a67fbfad450","containerID":"docker://3bb564daf22a78439ddce35c56072a1a6ebff088a597633d58fb7e159afd3e5a"}],"qosClass":"Burstable"}},{"metadata":{"name":"productorder-validateord-6ff986d487-k9p2v","generateName":"productorder-validateord-6ff986d487-","namespace":"oc-cd-1017-pranavd-pd","selfLink":"/api/v1/namespaces/oc-cd-1017-pranavd-pd/pods/productorder-validateord-6ff986d487-k9p2v","uid":"a3f5d245-b721-11e8-bb86-0050569a887c","resourceVersion":"66124333","creationTimestamp":"2018-09-13T06:52:54Z","labels":{"app":"productorder-validateord","microservice":"productorder-validateord","pod-template-hash":"2995428043","project":"productorder-validateorder","provider":"amdocs","release":"productorder-validateorder-release"},"annotations":{"fabric8.io/iconUrl":"img/icons/spring-boot.svg","git-commit":"77d8ca21bad87c4a2b45c43c1e396eb6b1776570","openshift.io/scc":"anyuid-no-ps"},"ownerReferences":[{"apiVersion":"extensions/v1beta1","kind":"ReplicaSet","name":"productorder-validateord-6ff986d487","uid":"a3eba5b1-b721-11e8-bb86-0050569a887c","controller":true,"blockOwnerDeletion":true}]},"spec":{"volumes":[{"name":"prop-volume","configMap":{"name":"productorder-validateorder-service-appconfig","defaultMode":420,"optional":true}},{"name":"default-token-vdgk4","secret":{"secretName":"default-token-vdgk4","defaultMode":420}}],"containers":[{"name":"productorder-validateorder-service-container","image":"illin5564.corp.amdocs.com:5000/productorder-validateorder-service:0.1.1-0062","ports":[{"name":"http","containerPort":8080,"protocol":"TCP"},{"name":"https","containerPort":8443,"protocol":"TCP"},{"name":"management","containerPort":18080,"protocol":"TCP"},{"name":"metrics","containerPort":5555,"protocol":"TCP"}],"env":[{"name":"KUBERNETES_NAMESPACE","valueFrom":{"fieldRef":{"apiVersion":"v1","fieldPath":"metadata.namespace"}}},{"name":"MSNEXT_JAVA_OPTS","value":" -Xms256m -Xmx1024m -XX:MaxRAM=2048m -XX:+DisableExplicitGC -XX:+UseConcMarkSweepGC -XX:+CMSParallelRemarkEnabled -XX:NewRatio=1 -Xss512k -XX:MaxMetaspaceSize=512m -Dcom.amdocs.msnext.securitya3s.url=http://10.238.196.7:30081/asmServices/services/v1.0"},{"name":"SERVER_PORT","value":"8080"},{"name":"MSNEXT_DISABLED_MODULES","value":"msnext-customization"},{"name":"MANAGEMENT_PORT","value":"18080"},{"name":"DEFAULT_VALIDATORS","value":"configuration,CustomerExistance,billing,ConfigurationAction,PortIn,Dates"},{"name":"MSNEXT_CONF_SOURCE_APP","value":"/etc/config"}],"resources":{"limits":{"cpu":"2","memory":"2Gi"},"requests":{"cpu":"200m","memory":"1Gi"}},"volumeMounts":[{"name":"prop-volume","mountPath":"/etc/config"},{"name":"default-token-vdgk4","readOnly":true,"mountPath":"/var/run/secrets/kubernetes.io/serviceaccount"}],"livenessProbe":{"httpGet":{"path":"/health","port":18080,"scheme":"HTTP"},"initialDelaySeconds":900,"timeoutSeconds":10,"periodSeconds":10,"successThreshold":1,"failureThreshold":3},"readinessProbe":{"httpGet":{"path":"/health","port":18080,"scheme":"HTTP"},"initialDelaySeconds":30,"timeoutSeconds":10,"periodSeconds":10,"successThreshold":1,"failureThreshold":3},"terminationMessagePath":"/dev/termination-log","terminationMessagePolicy":"File","imagePullPolicy":"IfNotPresent","securityContext":{"capabilities":{"drop":["MKNOD"]},"privileged":false}}],"restartPolicy":"Always","terminationGracePeriodSeconds":30,"dnsPolicy":"ClusterFirst","nodeSelector":{"region":"work"},"serviceAccountName":"default","serviceAccount":"default","nodeName":"ilocpde01w11.corp.amdocs.com","securityContext":{"seLinuxOptions":{"level":"s0:c82,c59"}},"imagePullSecrets":[{"name":"productorder-validateorder-ms-secret"}],"schedulerName":"default-scheduler","tolerations":[{"key":"node.kubernetes.io/memory-pressure","operator":"Exists","effect":"NoSchedule"}]},"status":{"phase":"Running","conditions":[{"type":"Initialized","status":"True","lastProbeTime":null,"lastTransitionTime":"2018-09-13T06:52:54Z"},{"type":"Ready","status":"True","lastProbeTime":null,"lastTransitionTime":"2018-09-13T06:54:11Z"},{"type":"PodScheduled","status":"True","lastProbeTime":null,"lastTransitionTime":"2018-09-13T06:52:54Z"}],"hostIP":"10.245.250.30","podIP":"10.128.35.29","startTime":"2018-09-13T06:52:54Z","containerStatuses":[{"name":"productorder-validateorder-service-container","state":{"running":{"startedAt":"2018-09-13T06:52:57Z"}},"lastState":{},"ready":true,"restartCount":0,"image":"illin5564.corp.amdocs.com:5000/productorder-validateorder-service:0.1.1-0062","imageID":"docker-pullable://illin5564.corp.amdocs.com:5000/productorder-validateorder-service@sha256:ddc5a533875575926b4dd3c1669311301cb042ae44fb97e7d6af387f2b581cdc","containerID":"docker://7f1f110659f4255ad1b5bb0cb076970269c04772392793403646475d9fb39f65"}],"qosClass":"Burstable"}},{"metadata":{"name":"productvalidator-release-67cc67b6c5-vxlqw","generateName":"productvalidator-release-67cc67b6c5-","namespace":"oc-cd-1017-pranavd-pd","selfLink":"/api/v1/namespaces/oc-cd-1017-pranavd-pd/pods/productvalidator-release-67cc67b6c5-vxlqw","uid":"a4068ce8-b721-11e8-bb86-0050569a887c","resourceVersion":"66124339","creationTimestamp":"2018-09-13T06:52:54Z","labels":{"app":"productvalidator-release","microservice":"productvalidator","pod-template-hash":"2377236271","project":"productvalidator","provider":"amdocs","release":"productvalidator-release"},"annotations":{"fabric8.io/iconUrl":"img/icons/spring-boot.svg","git-commit":"a90dd86978ce11c4816a0fabf64a0030562cd46d","openshift.io/scc":"anyuid-no-ps"},"ownerReferences":[{"apiVersion":"extensions/v1beta1","kind":"ReplicaSet","name":"productvalidator-release-67cc67b6c5","uid":"a3f93ac6-b721-11e8-bb86-0050569a887c","controller":true,"blockOwnerDeletion":true}]},"spec":{"volumes":[{"name":"prop-volume","configMap":{"name":"productvalidator-service-appconfig","defaultMode":420,"optional":true}},{"name":"default-token-vdgk4","secret":{"secretName":"default-token-vdgk4","defaultMode":420}}],"containers":[{"name":"productvalidator-service-container","image":"illin5564.corp.amdocs.com:5000/productvalidator-service:0.1.1-0077","ports":[{"name":"http","containerPort":8080,"protocol":"TCP"},{"name":"https","containerPort":8443,"protocol":"TCP"},{"name":"metrics","containerPort":5555,"protocol":"TCP"},{"name":"management","containerPort":18080,"protocol":"TCP"}],"env":[{"name":"KUBERNETES_NAMESPACE","valueFrom":{"fieldRef":{"apiVersion":"v1","fieldPath":"metadata.namespace"}}},{"name":"MSNEXT_JAVA_OPTS","value":" -Xms256m -Xmx1024m -XX:MaxRAM=2048m -XX:+DisableExplicitGC -XX:+UseConcMarkSweepGC -XX:+CMSParallelRemarkEnabled -XX:NewRatio=1 -Xss512k -XX:MaxMetaspaceSize=512m"},{"name":"SERVER_PORT","value":"8080"},{"name":"MSNEXT_DISABLED_MODULES","value":"msnext-customization"},{"name":"MANAGEMENT_PORT","value":"18080"},{"name":"MALLOC_ARENA_MAX","value":"4"},{"name":"MSNEXT_CONF_SOURCE_APP","value":"/etc/config"}],"resources":{"limits":{"cpu":"2","memory":"2Gi"},"requests":{"cpu":"200m","memory":"1Gi"}},"volumeMounts":[{"name":"prop-volume","mountPath":"/etc/config"},{"name":"default-token-vdgk4","readOnly":true,"mountPath":"/var/run/secrets/kubernetes.io/serviceaccount"}],"livenessProbe":{"httpGet":{"path":"/health","port":18080,"scheme":"HTTP"},"initialDelaySeconds":900,"timeoutSeconds":10,"periodSeconds":10,"successThreshold":1,"failureThreshold":3},"readinessProbe":{"httpGet":{"path":"/health","port":18080,"scheme":"HTTP"},"initialDelaySeconds":30,"timeoutSeconds":10,"periodSeconds":10,"successThreshold":1,"failureThreshold":3},"terminationMessagePath":"/dev/termination-log","terminationMessagePolicy":"File","imagePullPolicy":"IfNotPresent","securityContext":{"capabilities":{"drop":["MKNOD"]},"privileged":false}}],"restartPolicy":"Always","terminationGracePeriodSeconds":30,"dnsPolicy":"ClusterFirst","nodeSelector":{"region":"work"},"serviceAccountName":"default","serviceAccount":"default","nodeName":"ilocpde01w10.corp.amdocs.com","securityContext":{"seLinuxOptions":{"level":"s0:c82,c59"}},"imagePullSecrets":[{"name":"productvalidator-ms-secret"}],"schedulerName":"default-scheduler","tolerations":[{"key":"node.kubernetes.io/memory-pressure","operator":"Exists","effect":"NoSchedule"}]},"status":{"phase":"Running","conditions":[{"type":"Initialized","status":"True","lastProbeTime":null,"lastTransitionTime":"2018-09-13T06:52:54Z"},{"type":"Ready","status":"True","lastProbeTime":null,"lastTransitionTime":"2018-09-13T06:54:11Z"},{"type":"PodScheduled","status":"True","lastProbeTime":null,"lastTransitionTime":"2018-09-13T06:52:54Z"}],"hostIP":"10.245.250.29","podIP":"10.128.29.121","startTime":"2018-09-13T06:52:54Z","containerStatuses":[{"name":"productvalidator-service-container","state":{"running":{"startedAt":"2018-09-13T06:52:58Z"}},"lastState":{},"ready":true,"restartCount":0,"image":"illin5564.corp.amdocs.com:5000/productvalidator-service:0.1.1-0077","imageID":"docker-pullable://illin5564.corp.amdocs.com:5000/productvalidator-service@sha256:5eb5771ad6dd96450d663078fc22a631efb32f61bc98970fb263863bc56cc7f9","containerID":"docker://d5b986fc57cc2a24964127bb05cfbb6cbd557853e56fb072fab4d348723ab676"}],"qosClass":"Burstable"}},{"metadata":{"name":"promotion-command-service-574f9bbc84-wlphd","generateName":"promotion-command-service-574f9bbc84-","namespace":"oc-cd-1017-pranavd-pd","selfLink":"/api/v1/namespaces/oc-cd-1017-pranavd-pd/pods/promotion-command-service-574f9bbc84-wlphd","uid":"a41c4f60-b721-11e8-bb86-0050569a887c","resourceVersion":"66128560","creationTimestamp":"2018-09-13T06:52:54Z","labels":{"app":"promotion-command-service","group":"com.amdocs.catalogone","monitored":"prometheus","monitoring":"prometheus","pod-template-hash":"1309566740","prometheus":"amdocs-prometheus","provider":"amdocs","release":"promotion-release"},"annotations":{"openshift.io/scc":"anyuid-no-ps"},"ownerReferences":[{"apiVersion":"extensions/v1beta1","kind":"ReplicaSet","name":"promotion-command-service-574f9bbc84","uid":"a40fb391-b721-11e8-bb86-0050569a887c","controller":true,"blockOwnerDeletion":true}]},"spec":{"volumes":[{"name":"promotion-configmap","configMap":{"name":"promotion-configmap","items":[{"key":"application.yml","path":"application.yml"}],"defaultMode":420}},{"name":"promotion-command-nonfunc-configmap","configMap":{"name":"promotion-command-nonfunc-configmap","items":[{"key":"application-nonfunc.yml","path":"application-nonfunc.yml"}],"defaultMode":420}},{"name":"promotion-command-generic-kafka-configmap","configMap":{"name":"promotion-command-generic-kafka-configmap","items":[{"key":"application-generic-kafka.yml","path":"application-generic-kafka.yml"}],"defaultMode":420}},{"name":"default-token-vdgk4","secret":{"secretName":"default-token-vdgk4","defaultMode":420}}],"containers":[{"name":"promotion-command-service","image":"illin5225.corp.amdocs.com:5002/promotion-command-service:1.0.4","ports":[{"name":"server","containerPort":8080,"protocol":"TCP"},{"name":"management","containerPort":8081,"protocol":"TCP"},{"name":"server-debug","containerPort":9224,"protocol":"TCP"},{"name":"metrics","containerPort":5555,"protocol":"TCP"}],"env":[{"name":"MSNEXT_JAVA_OPTS","value":"-XX:+UnlockExperimentalVMOptions -XX:+UseCGroupMemoryLimitForHeap -XX:InitialRAMFraction=4 -XX:MaxRAMFraction=2 -XX:+PrintFlagsFinal"},{"name":"ENABLE_ZIPKIN","value":"false"},{"name":"MSNEXT_CONF_SOURCE_APP1","value":"/deployments/config/applications/promotion"},{"name":"MSNEXT_CONF_SOURCE_zzzNONFUNC","value":"/deployments/config/applications/promotion-command-nonfunc"},{"name":"MSNEXT_CONF_SOURCE_zzzGENERIC_KAFKA","value":"/deployments/config/applications/promotion-command-generic-kafka"},{"name":"ES_MS_HOST","value":"entity-search"}],"resources":{"limits":{"cpu":"1","memory":"768Mi"},"requests":{"cpu":"200m","memory":"500Mi"}},"volumeMounts":[{"name":"promotion-configmap","mountPath":"/deployments/config/applications/promotion"},{"name":"promotion-command-nonfunc-configmap","mountPath":"/deployments/config/applications/promotion-command-nonfunc"},{"name":"promotion-command-generic-kafka-configmap","mountPath":"/deployments/config/applications/promotion-command-generic-kafka"},{"name":"default-token-vdgk4","readOnly":true,"mountPath":"/var/run/secrets/kubernetes.io/serviceaccount"}],"livenessProbe":{"httpGet":{"path":"/health","port":8081,"scheme":"HTTP"},"initialDelaySeconds":450,"timeoutSeconds":1,"periodSeconds":10,"successThreshold":1,"failureThreshold":3},"readinessProbe":{"httpGet":{"path":"/health","port":8081,"scheme":"HTTP"},"initialDelaySeconds":120,"timeoutSeconds":1,"periodSeconds":10,"successThreshold":1,"failureThreshold":3},"terminationMessagePath":"/dev/termination-log","terminationMessagePolicy":"File","imagePullPolicy":"IfNotPresent","securityContext":{"capabilities":{"drop":["MKNOD"]}}}],"restartPolicy":"Always","terminationGracePeriodSeconds":30,"dnsPolicy":"ClusterFirst","nodeSelector":{"region":"work"},"serviceAccountName":"default","serviceAccount":"default","nodeName":"ilocpde01w04.corp.amdocs.com","securityContext":{"seLinuxOptions":{"level":"s0:c82,c59"}},"imagePullSecrets":[{"name":"promotion-command-illin5225-pull-secret"}],"schedulerName":"default-scheduler","tolerations":[{"key":"node.kubernetes.io/memory-pressure","operator":"Exists","effect":"NoSchedule"}]},"status":{"phase":"Running","conditions":[{"type":"Initialized","status":"True","lastProbeTime":null,"lastTransitionTime":"2018-09-13T06:52:55Z"},{"type":"Ready","status":"True","lastProbeTime":null,"lastTransitionTime":"2018-09-13T06:59:50Z"},{"type":"PodScheduled","status":"True","lastProbeTime":null,"lastTransitionTime":"2018-09-13T06:52:55Z"}],"hostIP":"10.245.250.23","podIP":"10.128.18.8","startTime":"2018-09-13T06:52:55Z","containerStatuses":[{"name":"promotion-command-service","state":{"running":{"startedAt":"2018-09-13T06:53:15Z"}},"lastState":{},"ready":true,"restartCount":0,"image":"illin5225.corp.amdocs.com:5002/promotion-command-service:1.0.4","imageID":"docker-pullable://illin5225.corp.amdocs.com:5002/promotion-command-service@sha256:da29c042400c9da4b407ead9260a6332c5f5c2baf44e9b88c2e803522dbe5266","containerID":"docker://e5cdba96d9107d628042823d0b31200c96d52a632bf1e15e2f51ef9916f63a79"}],"qosClass":"Burstable"}},{"metadata":{"name":"promotion-mapper-service-df5d46cbb-krtdq","generateName":"promotion-mapper-service-df5d46cbb-","namespace":"oc-cd-1017-pranavd-pd","selfLink":"/api/v1/namespaces/oc-cd-1017-pranavd-pd/pods/promotion-mapper-service-df5d46cbb-krtdq","uid":"a43512c4-b721-11e8-bb86-0050569a887c","resourceVersion":"66125584","creationTimestamp":"2018-09-13T06:52:55Z","labels":{"app":"promotion-mapper-service","group":"com.amdocs.catalogone","monitored":"prometheus","monitoring":"prometheus","pod-template-hash":"891802766","prometheus":"amdocs-prometheus","provider":"amdocs","release":"promotion-mapper-release"},"annotations":{"openshift.io/scc":"anyuid-no-ps"},"ownerReferences":[{"apiVersion":"extensions/v1beta1","kind":"ReplicaSet","name":"promotion-mapper-service-df5d46cbb","uid":"a4206af8-b721-11e8-bb86-0050569a887c","controller":true,"blockOwnerDeletion":true}]},"spec":{"volumes":[{"name":"promotion-mapper-configmap","configMap":{"name":"promotion-mapper-configmap","items":[{"key":"application.yml","path":"application.yml"}],"defaultMode":420}},{"name":"promotion-mapper-nonfunc-configmap","configMap":{"name":"promotion-mapper-nonfunc-configmap","items":[{"key":"application-nonfunc.yml","path":"application-nonfunc.yml"}],"defaultMode":420}},{"name":"promotion-mapper-generic-kafka-configmap","configMap":{"name":"promotion-mapper-generic-kafka-configmap","items":[{"key":"application-generic-kafka.yml","path":"application-generic-kafka.yml"}],"defaultMode":420}},{"name":"default-token-vdgk4","secret":{"secretName":"default-token-vdgk4","defaultMode":420}}],"containers":[{"name":"promotion-mapper-service","image":"illin5225.corp.amdocs.com:5002/promotion-mapper-service:1.1.0","ports":[{"name":"server","containerPort":8080,"protocol":"TCP"},{"name":"management","containerPort":8081,"protocol":"TCP"},{"name":"metrics","containerPort":5555,"protocol":"TCP"}],"env":[{"name":"MSNEXT_JAVA_OPTS","value":"-XX:+UnlockExperimentalVMOptions -XX:+UseCGroupMemoryLimitForHeap -XX:InitialRAMFraction=4 -XX:MaxRAMFraction=2 -XX:+PrintFlagsFinal"},{"name":"JAVA_ENABLE_DEBUG","value":"false"},{"name":"ENABLE_ZIPKIN","value":"true"},{"name":"MSNEXT_CONF_SOURCE_APP1","value":"/deployments/config/applications/promotion-mapper"},{"name":"MSNEXT_CONF_SOURCE_zzzNONFUNC","value":"/deployments/config/applications/promotion-mapper-nonfunc"},{"name":"MSNEXT_CONF_SOURCE_zzzGENERIC_KAFKA","value":"/deployments/config/applications/promotion-mapper-generic-kafka"},{"name":"CONSUME_EVENTS","value":"true"},{"name":"BR_MS_PROTOCOL","value":"http"}],"resources":{"limits":{"cpu":"1","memory":"768Mi"},"requests":{"cpu":"200m","memory":"500Mi"}},"volumeMounts":[{"name":"promotion-mapper-configmap","mountPath":"/deployments/config/applications/promotion-mapper"},{"name":"promotion-mapper-nonfunc-configmap","mountPath":"/deployments/config/applications/promotion-mapper-nonfunc"},{"name":"promotion-mapper-generic-kafka-configmap","mountPath":"/deployments/config/applications/promotion-mapper-generic-kafka"},{"name":"default-token-vdgk4","readOnly":true,"mountPath":"/var/run/secrets/kubernetes.io/serviceaccount"}],"livenessProbe":{"httpGet":{"path":"/health","port":8081,"scheme":"HTTP"},"initialDelaySeconds":450,"timeoutSeconds":1,"periodSeconds":10,"successThreshold":1,"failureThreshold":3},"readinessProbe":{"httpGet":{"path":"/health","port":8081,"scheme":"HTTP"},"initialDelaySeconds":120,"timeoutSeconds":1,"periodSeconds":10,"successThreshold":1,"failureThreshold":3},"terminationMessagePath":"/dev/termination-log","terminationMessagePolicy":"File","imagePullPolicy":"IfNotPresent","securityContext":{"capabilities":{"drop":["MKNOD"]}}}],"restartPolicy":"Always","terminationGracePeriodSeconds":30,"dnsPolicy":"ClusterFirst","nodeSelector":{"region":"work"},"serviceAccountName":"default","serviceAccount":"default","nodeName":"ilocpde01w11.corp.amdocs.com","securityContext":{"seLinuxOptions":{"level":"s0:c82,c59"}},"imagePullSecrets":[{"name":"promotion-mapper-pull-secret"}],"schedulerName":"default-scheduler","tolerations":[{"key":"node.kubernetes.io/memory-pressure","operator":"Exists","effect":"NoSchedule"}]},"status":{"phase":"Running","conditions":[{"type":"Initialized","status":"True","lastProbeTime":null,"lastTransitionTime":"2018-09-13T06:52:55Z"},{"type":"Ready","status":"True","lastProbeTime":null,"lastTransitionTime":"2018-09-13T06:55:24Z"},{"type":"PodScheduled","status":"True","lastProbeTime":null,"lastTransitionTime":"2018-09-13T06:52:55Z"}],"hostIP":"10.245.250.30","podIP":"10.128.35.33","startTime":"2018-09-13T06:52:55Z","containerStatuses":[{"name":"promotion-mapper-service","state":{"running":{"startedAt":"2018-09-13T06:53:21Z"}},"lastState":{},"ready":true,"restartCount":0,"image":"illin5225.corp.amdocs.com:5002/promotion-mapper-service:1.1.0","imageID":"docker-pullable://illin5225.corp.amdocs.com:5002/promotion-mapper-service@sha256:c0d9a7870979e711428e74322c694bfe36744cad3400f847c09599ddbe8de5a7","containerID":"docker://f0b31ec8a7065b1f949a485563fdcf63c2a972133346296f84d6b5662b33475c"}],"qosClass":"Burstable"}},{"metadata":{"name":"promotion-productofferin-7d7665b8d9-rtjzn","generateName":"promotion-productofferin-7d7665b8d9-","namespace":"oc-cd-1017-pranavd-pd","selfLink":"/api/v1/namespaces/oc-cd-1017-pranavd-pd/pods/promotion-productofferin-7d7665b8d9-rtjzn","uid":"a4446a4b-b721-11e8-bb86-0050569a887c","resourceVersion":"66124646","creationTimestamp":"2018-09-13T06:52:55Z","labels":{"app":"promotion-productofferin","microservice":"promotion-productofferin","pod-template-hash":"3832216485","project":"promotion-productofferingcriteria","provider":"amdocs","release":"promotion-productofferingcriteria-release"},"annotations":{"fabric8.io/iconUrl":"img/icons/spring-boot.svg","git-commit":"95ec406533683207ce32547e18834038ab5a9b21","openshift.io/scc":"anyuid-no-ps"},"ownerReferences":[{"apiVersion":"extensions/v1beta1","kind":"ReplicaSet","name":"promotion-productofferin-7d7665b8d9","uid":"a43c21f3-b721-11e8-bb86-0050569a887c","controller":true,"blockOwnerDeletion":true}]},"spec":{"volumes":[{"name":"prop-volume","configMap":{"name":"promotion-productofferingcriteria-service-appconfigmap","defaultMode":420}},{"name":"default-token-vdgk4","secret":{"secretName":"default-token-vdgk4","defaultMode":420}}],"containers":[{"name":"promotion-productofferingcriteria-service-container","image":"illin5564.corp.amdocs.com:5000/promotion-productofferingcriteria-service:0.1.1-0033","ports":[{"name":"metrics","containerPort":5555,"protocol":"TCP"},{"name":"http","containerPort":8080,"protocol":"TCP"},{"name":"management","containerPort":18080,"protocol":"TCP"}],"env":[{"name":"KUBERNETES_NAMESPACE","valueFrom":{"fieldRef":{"apiVersion":"v1","fieldPath":"metadata.namespace"}}},{"name":"MSNEXT_JAVA_OPTS","value":" -Xms256m -Xmx1024m -XX:MaxRAM=2048m -XX:+DisableExplicitGC -XX:+UseConcMarkSweepGC -XX:+CMSParallelRemarkEnabled -XX:NewRatio=1 -Xss512k -XX:MaxMetaspaceSize=512m -Dcom.amdocs.msnext.securitya3s.url=http://10.238.196.7:30081/asmServices/services/v1.0"},{"name":"MSNEXT_CONF_SOURCE_APP","value":"/etc/config"},{"name":"MSNEXT_DISABLED_MODULES","value":"msnext-customization"},{"name":"MANAGEMENT_PORT","value":"18080"},{"name":"SERVER_PORT","value":"8080"},{"name":"MSNEXT_CONF_SOURCE_APP","value":"/etc/config"}],"resources":{"limits":{"cpu":"2","memory":"2Gi"},"requests":{"cpu":"200m","memory":"1Gi"}},"volumeMounts":[{"name":"prop-volume","mountPath":"/etc/config"},{"name":"default-token-vdgk4","readOnly":true,"mountPath":"/var/run/secrets/kubernetes.io/serviceaccount"}],"livenessProbe":{"httpGet":{"path":"/health","port":18080,"scheme":"HTTP"},"initialDelaySeconds":900,"timeoutSeconds":10,"periodSeconds":10,"successThreshold":1,"failureThreshold":3},"readinessProbe":{"httpGet":{"path":"/health","port":18080,"scheme":"HTTP"},"initialDelaySeconds":30,"timeoutSeconds":10,"periodSeconds":10,"successThreshold":1,"failureThreshold":3},"terminationMessagePath":"/dev/termination-log","terminationMessagePolicy":"File","imagePullPolicy":"IfNotPresent","securityContext":{"capabilities":{"drop":["MKNOD"]},"privileged":false}}],"restartPolicy":"Always","terminationGracePeriodSeconds":30,"dnsPolicy":"ClusterFirst","nodeSelector":{"region":"work"},"serviceAccountName":"default","serviceAccount":"default","nodeName":"ilocpde01w23.corp.amdocs.com","securityContext":{"seLinuxOptions":{"level":"s0:c82,c59"}},"imagePullSecrets":[{"name":"promotion-productofferingcriteria-ms-secret"}],"schedulerName":"default-scheduler","tolerations":[{"key":"node.kubernetes.io/memory-pressure","operator":"Exists","effect":"NoSchedule"}]},"status":{"phase":"Running","conditions":[{"type":"Initialized","status":"True","lastProbeTime":null,"lastTransitionTime":"2018-09-13T06:52:55Z"},{"type":"Ready","status":"True","lastProbeTime":null,"lastTransitionTime":"2018-09-13T06:54:32Z"},{"type":"PodScheduled","status":"True","lastProbeTime":null,"lastTransitionTime":"2018-09-13T06:52:55Z"}],"hostIP":"10.245.251.164","podIP":"10.128.54.27","startTime":"2018-09-13T06:52:55Z","containerStatuses":[{"name":"promotion-productofferingcriteria-service-container","state":{"running":{"startedAt":"2018-09-13T06:53:18Z"}},"lastState":{},"ready":true,"restartCount":0,"image":"illin5564.corp.amdocs.com:5000/promotion-productofferingcriteria-service:0.1.1-0033","imageID":"docker-pullable://illin5564.corp.amdocs.com:5000/promotion-productofferingcriteria-service@sha256:2e034733153b53d8cca4a680139f3b86ad6e023b1b0f668f967b09288a1844df","containerID":"docker://0a8a9b68d828fd6f975cb0dcad44dc03a2cca21eb7b2d13dc28fa78afc896b7a"}],"qosClass":"Burstable"}},{"metadata":{"name":"promotion-promotion-release-promotion-promotion-7f695bd886rkrjs","generateName":"promotion-promotion-release-promotion-promotion-7f695bd886-","namespace":"oc-cd-1017-pranavd-pd","selfLink":"/api/v1/namespaces/oc-cd-1017-pranavd-pd/pods/promotion-promotion-release-promotion-promotion-7f695bd886rkrjs","uid":"a45c6345-b721-11e8-bb86-0050569a887c","resourceVersion":"66124569","creationTimestamp":"2018-09-13T06:52:55Z","labels":{"app":"promotion-promotion-release-promotion-promotion","microservice":"promotion-promotion","pod-template-hash":"3925168442","project":"promotion-promotion","provider":"amdocs","release":"promotion-promotion-release"},"annotations":{"fabric8.io/iconUrl":"img/icons/spring-boot.svg","git-commit":"4beb83853517e22e60b2c40b93cb9a65152cd6b9","openshift.io/scc":"anyuid-no-ps"},"ownerReferences":[{"apiVersion":"extensions/v1beta1","kind":"ReplicaSet","name":"promotion-promotion-release-promotion-promotion-7f695bd886","uid":"a451eea5-b721-11e8-bb86-0050569a887c","controller":true,"blockOwnerDeletion":true}]},"spec":{"volumes":[{"name":"prop-volume","configMap":{"name":"promotion-promotion-appconfigmap","defaultMode":420}},{"name":"default-token-vdgk4","secret":{"secretName":"default-token-vdgk4","defaultMode":420}}],"containers":[{"name":"promotion-promotion-service-container","image":"illin5564.corp.amdocs.com:5000/promotion-promotion-service:0.1.1-0052","ports":[{"name":"metrics","containerPort":5555,"protocol":"TCP"},{"name":"http","containerPort":8080,"protocol":"TCP"},{"name":"management","containerPort":18080,"protocol":"TCP"}],"env":[{"name":"KUBERNETES_NAMESPACE","valueFrom":{"fieldRef":{"apiVersion":"v1","fieldPath":"metadata.namespace"}}},{"name":"MSNEXT_JAVA_OPTS","value":" -Xms256m -Xmx1024m -XX:MaxRAM=2048m -XX:+DisableExplicitGC -XX:+UseConcMarkSweepGC -XX:+CMSParallelRemarkEnabled -XX:NewRatio=1 -Xss512k -XX:MaxMetaspaceSize=512m -Dcom.amdocs.msnext.securitya3s.url=http://10.238.196.7:30081/asmServices/services/v1.0"},{"name":"MSNEXT_CONF_SOURCE_APP","value":"/etc/config"},{"name":"MSNEXT_DISABLED_MODULES","value":"msnext-customization"},{"name":"MANAGEMENT_PORT","value":"18080"},{"name":"SERVER_PORT","value":"8080"}],"resources":{"limits":{"cpu":"2","memory":"2Gi"},"requests":{"cpu":"200m","memory":"1Gi"}},"volumeMounts":[{"name":"prop-volume","mountPath":"/etc/config"},{"name":"default-token-vdgk4","readOnly":true,"mountPath":"/var/run/secrets/kubernetes.io/serviceaccount"}],"livenessProbe":{"httpGet":{"path":"/health","port":18080,"scheme":"HTTP"},"initialDelaySeconds":900,"timeoutSeconds":10,"periodSeconds":10,"successThreshold":1,"failureThreshold":3},"readinessProbe":{"httpGet":{"path":"/health","port":18080,"scheme":"HTTP"},"initialDelaySeconds":30,"timeoutSeconds":10,"periodSeconds":10,"successThreshold":1,"failureThreshold":3},"terminationMessagePath":"/dev/termination-log","terminationMessagePolicy":"File","imagePullPolicy":"IfNotPresent","securityContext":{"capabilities":{"drop":["MKNOD"]},"privileged":false}}],"restartPolicy":"Always","terminationGracePeriodSeconds":30,"dnsPolicy":"ClusterFirst","nodeSelector":{"region":"work"},"serviceAccountName":"default","serviceAccount":"default","nodeName":"ilocpde01w20.corp.amdocs.com","securityContext":{"seLinuxOptions":{"level":"s0:c82,c59"}},"imagePullSecrets":[{"name":"promotion-promotion-ms-secret"}],"schedulerName":"default-scheduler","tolerations":[{"key":"node.kubernetes.io/memory-pressure","operator":"Exists","effect":"NoSchedule"}]},"status":{"phase":"Running","conditions":[{"type":"Initialized","status":"True","lastProbeTime":null,"lastTransitionTime":"2018-09-13T06:52:55Z"},{"type":"Ready","status":"True","lastProbeTime":null,"lastTransitionTime":"2018-09-13T06:54:27Z"},{"type":"PodScheduled","status":"True","lastProbeTime":null,"lastTransitionTime":"2018-09-13T06:52:55Z"}],"podIP":"10.128.49.133","startTime":"2018-09-13T06:52:55Z","containerStatuses":[{"name":"promotion-promotion-service-container","state":{"running":{"startedAt":"2018-09-13T06:53:17Z"}},"lastState":{},"ready":true,"restartCount":0,"image":"illin5564.corp.amdocs.com:5000/promotion-promotion-service:0.1.1-0052","imageID":"docker-pullable://illin5564.corp.amdocs.com:5000/promotion-promotion-service@sha256:e8732ffa8e3bc7ec9fe25c0c818e8310a8eb22f2eb72819eb99c893c50002413","containerID":"docker://6ebf161c168c0e73b9fdd982f5b79a581741f46a328f7a27dc38a1933691f964"}],"qosClass":"Burstable"}},{"metadata":{"name":"promotion-qualifictn-release-promotion-qualification-868f5jtmpj","generateName":"promotion-qualifictn-release-promotion-qualification-868f5b4b57-","namespace":"oc-cd-1017-pranavd-pd","selfLink":"/api/v1/namespaces/oc-cd-1017-pranavd-pd/pods/promotion-qualifictn-release-promotion-qualification-868f5jtmpj","uid":"a46cf150-b721-11e8-bb86-0050569a887c","resourceVersion":"66124396","creationTimestamp":"2018-09-13T06:52:55Z","labels":{"app":"promotion-qualifictn-release-promotion-qualification","microservice":"promotion-qualification","pod-template-hash":"4249160613","project":"promotion-qualification","provider":"amdocs","release":"promotion-qualifictn-release"},"annotations":{"fabric8.io/iconUrl":"img/icons/spring-boot.svg","git-commit":"2958a63f49dd0ed288dc67240564cee4bbb5852c","openshift.io/scc":"anyuid-no-ps"},"ownerReferences":[{"apiVersion":"extensions/v1beta1","kind":"ReplicaSet","name":"promotion-qualifictn-release-promotion-qualification-868f5b4b57","uid":"a45c6496-b721-11e8-bb86-0050569a887c","controller":true,"blockOwnerDeletion":true}]},"spec":{"volumes":[{"name":"prop-volume","configMap":{"name":"promotion-qualification-appconfigmap","defaultMode":420}},{"name":"default-token-vdgk4","secret":{"secretName":"default-token-vdgk4","defaultMode":420}}],"containers":[{"name":"promotion-qualification-service-container","image":"illin5564.corp.amdocs.com:5000/promotion-qualification-service:0.1.1-0048","ports":[{"name":"metrics","containerPort":5555,"protocol":"TCP"},{"name":"http","containerPort":8080,"protocol":"TCP"},{"name":"management","containerPort":18080,"protocol":"TCP"}],"env":[{"name":"KUBERNETES_NAMESPACE","valueFrom":{"fieldRef":{"apiVersion":"v1","fieldPath":"metadata.namespace"}}},{"name":"MSNEXT_JAVA_OPTS","value":" -Xms256m -Xmx1024m -XX:MaxRAM=2048m -XX:+DisableExplicitGC -XX:+UseConcMarkSweepGC -XX:+CMSParallelRemarkEnabled -XX:NewRatio=1 -Xss512k -XX:MaxMetaspaceSize=512m -Dcom.amdocs.msnext.securitya3s.url=http://10.238.196.7:30081/asmServices/services/v1.0"},{"name":"MSNEXT_CONF_SOURCE_APP","value":"/etc/config"},{"name":"MSNEXT_DISABLED_MODULES","value":"msnext-customization"},{"name":"MANAGEMENT_PORT","value":"18080"},{"name":"SERVER_PORT","value":"8080"},{"name":"MSNEXT_CONF_SOURCE_APP","value":"/etc/config"}],"resources":{"limits":{"cpu":"2","memory":"2Gi"},"requests":{"cpu":"200m","memory":"1Gi"}},"volumeMounts":[{"name":"prop-volume","mountPath":"/etc/config"},{"name":"default-token-vdgk4","readOnly":true,"mountPath":"/var/run/secrets/kubernetes.io/serviceaccount"}],"livenessProbe":{"httpGet":{"path":"/health","port":18080,"scheme":"HTTP"},"initialDelaySeconds":900,"timeoutSeconds":10,"periodSeconds":10,"successThreshold":1,"failureThreshold":3},"readinessProbe":{"httpGet":{"path":"/health","port":18080,"scheme":"HTTP"},"initialDelaySeconds":30,"timeoutSeconds":10,"periodSeconds":10,"successThreshold":1,"failureThreshold":3},"terminationMessagePath":"/dev/termination-log","terminationMessagePolicy":"File","imagePullPolicy":"IfNotPresent","securityContext":{"capabilities":{"drop":["MKNOD"]},"privileged":false}}],"restartPolicy":"Always","terminationGracePeriodSeconds":30,"dnsPolicy":"ClusterFirst","nodeSelector":{"region":"work"},"serviceAccountName":"default","serviceAccount":"default","nodeName":"ilocpde01w19.corp.amdocs.com","securityContext":{"seLinuxOptions":{"level":"s0:c82,c59"}},"imagePullSecrets":[{"name":"promotion-qualification-ms-secret"}],"schedulerName":"default-scheduler","tolerations":[{"key":"node.kubernetes.io/memory-pressure","operator":"Exists","effect":"NoSchedule"}]},"status":{"phase":"Running","conditions":[{"type":"Initialized","status":"True","lastProbeTime":null,"lastTransitionTime":"2018-09-13T06:52:55Z"},{"type":"Ready","status":"True","lastProbeTime":null,"lastTransitionTime":"2018-09-13T06:54:16Z"},{"type":"PodScheduled","status":"True","lastProbeTime":null,"lastTransitionTime":"2018-09-13T06:52:55Z"}],"hostIP":"10.245.251.160","podIP":"10.128.50.204","startTime":"2018-09-13T06:52:55Z","containerStatuses":[{"name":"promotion-qualification-service-container","state":{"running":{"startedAt":"2018-09-13T06:53:16Z"}},"lastState":{},"ready":true,"restartCount":0,"image":"illin5564.corp.amdocs.com:5000/promotion-qualification-service:0.1.1-0048","imageID":"docker-pullable://illin5564.corp.amdocs.com:5000/promotion-qualification-service@sha256:25776a5af4ed0f1cf0b55f69830447356cb22716798a369696f2b21e9cc3f7d2","containerID":"docker://192fc418e7ccca4d640d42dd5298080219bb85b14eeb8e582d87471fd2d21974"}],"qosClass":"Burstable"}},{"metadata":{"name":"promotion-saleschannelcr-67b765b496-6zgdc","generateName":"promotion-saleschannelcr-67b765b496-","namespace":"oc-cd-1017-pranavd-pd","selfLink":"/api/v1/namespaces/oc-cd-1017-pranavd-pd/pods/promotion-saleschannelcr-67b765b496-6zgdc","uid":"a47ea774-b721-11e8-bb86-0050569a887c","resourceVersion":"66124688","creationTimestamp":"2018-09-13T06:52:55Z","labels":{"app":"promotion-saleschannelcr","microservice":"promotion-saleschannelcr","pod-template-hash":"2363216052","project":"promotion-saleschannelcriteria","provider":"amdocs","release":"promotion-saleschannelcriteria-release"},"annotations":{"fabric8.io/iconUrl":"img/icons/spring-boot.svg","git-commit":"ccc972c8328e07471d64d4f08d72544c9c5f23df","openshift.io/scc":"anyuid-no-ps"},"ownerReferences":[{"apiVersion":"extensions/v1beta1","kind":"ReplicaSet","name":"promotion-saleschannelcr-67b765b496","uid":"a46f950b-b721-11e8-bb86-0050569a887c","controller":true,"blockOwnerDeletion":true}]},"spec":{"volumes":[{"name":"prop-volume","configMap":{"name":"promotion-saleschannelcriteria-service-appconfigmap","defaultMode":420}},{"name":"default-token-vdgk4","secret":{"secretName":"default-token-vdgk4","defaultMode":420}}],"containers":[{"name":"promotion-saleschannelcriteria-service-container","image":"illin5564.corp.amdocs.com:5000/promotion-saleschannelcriteria-service:0.1.1-0008","ports":[{"name":"http","containerPort":8080,"protocol":"TCP"},{"name":"management","containerPort":18080,"protocol":"TCP"}],"env":[{"name":"KUBERNETES_NAMESPACE","valueFrom":{"fieldRef":{"apiVersion":"v1","fieldPath":"metadata.namespace"}}},{"name":"MSNEXT_JAVA_OPTS","value":" -Xms256m -Xmx1024m -XX:MaxRAM=2048m -XX:+DisableExplicitGC -XX:+UseConcMarkSweepGC -XX:+CMSParallelRemarkEnabled -XX:NewRatio=1 -Xss512k -XX:MaxMetaspaceSize=512m -Dcom.amdocs.msnext.securitya3s.url=http://10.238.196.7:30081/asmServices/services/v1.0"},{"name":"MSNEXT_CONF_SOURCE_APP","value":"/etc/config"},{"name":"MSNEXT_DISABLED_MODULES","value":"msnext-customization"},{"name":"MANAGEMENT_PORT","value":"18080"},{"name":"SERVER_PORT","value":"8080"}],"resources":{"limits":{"cpu":"2","memory":"2Gi"},"requests":{"cpu":"200m","memory":"1Gi"}},"volumeMounts":[{"name":"prop-volume","mountPath":"/etc/config"},{"name":"default-token-vdgk4","readOnly":true,"mountPath":"/var/run/secrets/kubernetes.io/serviceaccount"}],"livenessProbe":{"httpGet":{"path":"/health","port":18080,"scheme":"HTTP"},"initialDelaySeconds":900,"timeoutSeconds":10,"periodSeconds":10,"successThreshold":1,"failureThreshold":3},"readinessProbe":{"httpGet":{"path":"/health","port":18080,"scheme":"HTTP"},"initialDelaySeconds":30,"timeoutSeconds":10,"periodSeconds":10,"successThreshold":1,"failureThreshold":3},"terminationMessagePath":"/dev/termination-log","terminationMessagePolicy":"File","imagePullPolicy":"IfNotPresent","securityContext":{"capabilities":{"drop":["MKNOD"]},"privileged":false}}],"restartPolicy":"Always","terminationGracePeriodSeconds":30,"dnsPolicy":"ClusterFirst","nodeSelector":{"region":"work"},"serviceAccountName":"default","serviceAccount":"default","nodeName":"ilocpde01w18.corp.amdocs.com","securityContext":{"seLinuxOptions":{"level":"s0:c82,c59"}},"imagePullSecrets":[{"name":"promotion-saleschannelcriteria-ms-secret"}],"schedulerName":"default-scheduler","tolerations":[{"key":"node.kubernetes.io/memory-pressure","operator":"Exists","effect":"NoSchedule"}]},"status":{"phase":"Running","conditions":[{"type":"Initialized","status":"True","lastProbeTime":null,"lastTransitionTime":"2018-09-13T06:52:55Z"},{"type":"Ready","status":"True","lastProbeTime":null,"lastTransitionTime":"2018-09-13T06:54:34Z"},{"type":"PodScheduled","status":"True","lastProbeTime":null,"lastTransitionTime":"2018-09-13T06:52:55Z"}],"hostIP":"10.245.250.37","podIP":"10.128.45.124","startTime":"2018-09-13T06:52:55Z","containerStatuses":[{"name":"promotion-saleschannelcriteria-service-container","state":{"running":{"startedAt":"2018-09-13T06:53:30Z"}},"lastState":{},"ready":true,"restartCount":0,"image":"illin5564.corp.amdocs.com:5000/promotion-saleschannelcriteria-service:0.1.1-0008","imageID":"docker-pullable://illin5564.corp.amdocs.com:5000/promotion-saleschannelcriteria-service@sha256:6071dc2584034ac5dc45b284b558e7439a3a53e0bdfe68c072f82c6a42af9d63","containerID":"docker://d18a3d4618d42b2ef86ba5d31cbcab1c0b74387e47dfce384f9d5d8e4b54236d"}],"qosClass":"Burstable"}},{"metadata":{"name":"release-management-service-5c467956d8-swbrp","generateName":"release-management-service-5c467956d8-","namespace":"oc-cd-1017-pranavd-pd","selfLink":"/api/v1/namespaces/oc-cd-1017-pranavd-pd/pods/release-management-service-5c467956d8-swbrp","uid":"a49de1dc-b721-11e8-bb86-0050569a887c","resourceVersion":"66126540","creationTimestamp":"2018-09-13T06:52:55Z","labels":{"app":"release-management-service","group":"com.amdocs.catalogone","pod-template-hash":"1702351284","prometheus":"amdocs-prometheus","provider":"amdocs","release":"release-management-release"},"annotations":{"openshift.io/scc":"anyuid-no-ps"},"ownerReferences":[{"apiVersion":"extensions/v1beta1","kind":"ReplicaSet","name":"release-management-service-5c467956d8","uid":"a4955450-b721-11e8-bb86-0050569a887c","controller":true,"blockOwnerDeletion":true}]},"spec":{"volumes":[{"name":"release-configmap","configMap":{"name":"release-configmap","items":[{"key":"application.yml","path":"application.yml"}],"defaultMode":420}},{"name":"default-token-vdgk4","secret":{"secretName":"default-token-vdgk4","defaultMode":420}}],"containers":[{"name":"release-management-service","image":"illin5225.corp.amdocs.com:5002/release-management-service:1.6.0","ports":[{"name":"server","containerPort":8080,"protocol":"TCP"},{"name":"management","containerPort":8081,"protocol":"TCP"},{"name":"metrics","containerPort":5555,"protocol":"TCP"},{"name":"debug","containerPort":5005,"protocol":"TCP"}],"env":[{"name":"MSNEXT_JAVA_OPTS","value":"-XX:+UnlockExperimentalVMOptions -XX:+UseCGroupMemoryLimitForHeap -XX:InitialRAMFraction=4 -XX:MaxRAMFraction=2 -XX:+PrintFlagsFinal"},{"name":"COUCHBASE_HOST","value":"catalog1-couchbase-service"},{"name":"ENABLE_ZIPKIN","value":"false"},{"name":"MSNEXT_CONF_SOURCE_APP1","value":"/deployments/config/applications/release"},{"name":"CONSUME_EVENTS","value":"true"},{"name":"KAFKA_TEST_HOST","value":"release-management-kafka-feature-repo-kafka"},{"name":"ZOOKEEPER_TEST_HOST","value":"release-management-kafka-feature-repo-zookeeper"},{"name":"KAFKA_PRODUCTION_HOST","value":"kafka-service"},{"name":"ZOOKEEPER_PRODUCTION_HOST","value":"zookeeper-service"},{"name":"REPO_MS_HOST","value":"repo-service:8080"},{"name":"REPO_MS_PROTOCOL","value":"http"},{"name":"REPOSITORY_NAME","value":"CatalogOne"},{"name":"REPOSITORY_WORKSTREAM","value":"production"},{"name":"BUSINESS_REQUEST_MS_HOST","value":"business-request-service:8080"},{"name":"BUSINESS_REQUEST_MS_PROTOCOL","value":"http"},{"name":"DELTA_IN_SEC_EXPOSURE","value":"300"},{"name":"NUMBER_OF_ENTITIES_PER_EVENT","value":"200"},{"name":"SPLIT_ALL_EVENTS","value":"true"},{"name":"JAVA_ENABLE_DEBUG","value":"false"},{"name":"TESTING_ENVIRONMENT_MODE","value":"singleContext"}],"resources":{"limits":{"cpu":"1","memory":"1Gi"},"requests":{"cpu":"200m","memory":"500Mi"}},"volumeMounts":[{"name":"release-configmap","mountPath":"/deployments/config/applications/release"},{"name":"default-token-vdgk4","readOnly":true,"mountPath":"/var/run/secrets/kubernetes.io/serviceaccount"}],"livenessProbe":{"httpGet":{"path":"/health","port":8081,"scheme":"HTTP"},"initialDelaySeconds":450,"timeoutSeconds":1,"periodSeconds":10,"successThreshold":1,"failureThreshold":3},"readinessProbe":{"httpGet":{"path":"/health","port":8081,"scheme":"HTTP"},"initialDelaySeconds":180,"timeoutSeconds":1,"periodSeconds":10,"successThreshold":1,"failureThreshold":3},"terminationMessagePath":"/dev/termination-log","terminationMessagePolicy":"File","imagePullPolicy":"IfNotPresent","securityContext":{"capabilities":{"drop":["MKNOD"]}}}],"restartPolicy":"Always","terminationGracePeriodSeconds":30,"dnsPolicy":"ClusterFirst","nodeSelector":{"region":"work"},"serviceAccountName":"default","serviceAccount":"default","nodeName":"ilocpde01w34.corp.amdocs.com","securityContext":{"seLinuxOptions":{"level":"s0:c82,c59"}},"imagePullSecrets":[{"name":"release-illin5225-pull-secret"}],"schedulerName":"default-scheduler","tolerations":[{"key":"node.kubernetes.io/memory-pressure","operator":"Exists","effect":"NoSchedule"}]},"status":{"phase":"Running","conditions":[{"type":"Initialized","status":"True","lastProbeTime":null,"lastTransitionTime":"2018-09-13T06:52:55Z"},{"type":"Ready","status":"True","lastProbeTime":null,"lastTransitionTime":"2018-09-13T06:56:34Z"},{"type":"PodScheduled","status":"True","lastProbeTime":null,"lastTransitionTime":"2018-09-13T06:52:55Z"}],"hostIP":"10.245.251.175","podIP":"10.128.78.116","startTime":"2018-09-13T06:52:55Z","containerStatuses":[{"name":"release-management-service","state":{"running":{"startedAt":"2018-09-13T06:53:33Z"}},"lastState":{},"ready":true,"restartCount":0,"image":"illin5225.corp.amdocs.com:5002/release-management-service:1.6.0","imageID":"docker-pullable://illin5225.corp.amdocs.com:5002/release-management-service@sha256:838add29742a5fb495374c8f4481b16450fb249feb27ff5d52ad3d7a29649715","containerID":"docker://5c0ad2192be6da3b4d9d599173ad5e22a19229e8f8cad6613e3277695c4f5526"}],"qosClass":"Burstable"}},{"metadata":{"name":"repo-service-release-catalog-repo-plugin-helm-7564b7dcf8-zlt9j","generateName":"repo-service-release-catalog-repo-plugin-helm-7564b7dcf8-","namespace":"oc-cd-1017-pranavd-pd","selfLink":"/api/v1/namespaces/oc-cd-1017-pranavd-pd/pods/repo-service-release-catalog-repo-plugin-helm-7564b7dcf8-zlt9j","uid":"a4ab2b1e-b721-11e8-bb86-0050569a887c","resourceVersion":"67821189","creationTimestamp":"2018-09-13T06:52:55Z","labels":{"app":"catalog-repo-plugin-helm","chart":"catalog-repo-plugin-helm-2.0.0","group":"com.amdocs.foundation.repo","pod-template-hash":"3120638794","provider":"amdocs","release":"repo-service-release"},"annotations":{"openshift.io/scc":"restricted"},"ownerReferences":[{"apiVersion":"extensions/v1beta1","kind":"ReplicaSet","name":"repo-service-release-catalog-repo-plugin-helm-7564b7dcf8","uid":"a4a556a6-b721-11e8-bb86-0050569a887c","controller":true,"blockOwnerDeletion":true}]},"spec":{"volumes":[{"name":"repo-config","configMap":{"name":"repo-service-release-catalog-repo-plugin-helm-configmap","items":[{"key":"application.yml","path":"application.yml"}],"defaultMode":420}},{"name":"repo-data","persistentVolumeClaim":{"claimName":"repo-service-release-catalog-repo-plugin-helm-pvc"}},{"name":"default-token-vdgk4","secret":{"secretName":"default-token-vdgk4","defaultMode":420}}],"containers":[{"name":"catalog-repo-plugin-helm","image":"illin5225.corp.amdocs.com:5002/catalog-repo-plugin:2.0.0","ports":[{"name":"server","containerPort":8080,"protocol":"TCP"},{"name":"management","containerPort":8081,"protocol":"TCP"}],"env":[{"name":"MSNEXT_CONF_SOURCE_APP1","value":"/deployments/config/applications/repo"}],"resources":{},"volumeMounts":[{"name":"repo-config","mountPath":"/deployments/config/applications/repo"},{"name":"repo-data","mountPath":"/repo-data"},{"name":"default-token-vdgk4","readOnly":true,"mountPath":"/var/run/secrets/kubernetes.io/serviceaccount"}],"livenessProbe":{"httpGet":{"path":"/health","port":8081,"scheme":"HTTP"},"initialDelaySeconds":180,"timeoutSeconds":1,"periodSeconds":10,"successThreshold":1,"failureThreshold":3},"readinessProbe":{"httpGet":{"path":"/health","port":8081,"scheme":"HTTP"},"initialDelaySeconds":180,"timeoutSeconds":1,"periodSeconds":10,"successThreshold":1,"failureThreshold":3},"terminationMessagePath":"/dev/termination-log","terminationMessagePolicy":"File","imagePullPolicy":"IfNotPresent","securityContext":{"capabilities":{"drop":["KILL","MKNOD","SETGID","SETUID"]},"runAsUser":1006760000}}],"restartPolicy":"Always","terminationGracePeriodSeconds":30,"dnsPolicy":"ClusterFirst","nodeSelector":{"region":"work"},"serviceAccountName":"default","serviceAccount":"default","nodeName":"ilocpde01w34.corp.amdocs.com","securityContext":{"seLinuxOptions":{"level":"s0:c82,c59"},"fsGroup":1006760000},"imagePullSecrets":[{"name":"repo-service-release-catalog-repo-plugin-helm-pull-secret"}],"schedulerName":"default-scheduler"},"status":{"phase":"Running","conditions":[{"type":"Initialized","status":"True","lastProbeTime":null,"lastTransitionTime":"2018-09-13T06:52:55Z"},{"type":"Ready","status":"True","lastProbeTime":null,"lastTransitionTime":"2018-09-15T18:55:51Z"},{"type":"PodScheduled","status":"True","lastProbeTime":null,"lastTransitionTime":"2018-09-13T06:52:55Z"}],"hostIP":"10.245.251.175","podIP":"10.128.78.117","startTime":"2018-09-13T06:52:55Z","containerStatuses":[{"name":"catalog-repo-plugin-helm","state":{"running":{"startedAt":"2018-09-15T18:52:43Z"}},"lastState":{"terminated":{"exitCode":143,"reason":"Error","startedAt":"2018-09-13T06:53:21Z","finishedAt":"2018-09-15T18:52:43Z","containerID":"docker://5b79355fe46ece533ae18b111bb6b3452cc0a4824944277cccdb5d9827bc435b"}},"ready":true,"restartCount":1,"image":"illin5225.corp.amdocs.com:5002/catalog-repo-plugin:2.0.0","imageID":"docker-pullable://illin5225.corp.amdocs.com:5002/catalog-repo-plugin@sha256:aa4082bb876e3d91655cf0e59b60cfac28387e44c745f024813b342bd8f166ad","containerID":"docker://8413d2860624fd7f87ec1bc86684256b292d11cdf57aa57c82fbf989e424ef16"}],"qosClass":"BestEffort"}},{"metadata":{"name":"scheduler-scheduler-task-5678c4c55f-xl8ml","generateName":"scheduler-scheduler-task-5678c4c55f-","namespace":"oc-cd-1017-pranavd-pd","selfLink":"/api/v1/namespaces/oc-cd-1017-pranavd-pd/pods/scheduler-scheduler-task-5678c4c55f-xl8ml","uid":"a4bf6629-b721-11e8-bb86-0050569a887c","resourceVersion":"66124188","creationTimestamp":"2018-09-13T06:52:56Z","labels":{"app":"scheduler-scheduler-task","microservice":"scheduler-task","pod-template-hash":"1234707119","project":"scheduler-task","provider":"amdocs","release":"scheduler"},"annotations":{"git-commit":"5409c7b21e4f8ecef157377a36e361988ecb6a7c","openshift.io/scc":"anyuid-no-ps"},"ownerReferences":[{"apiVersion":"extensions/v1beta1","kind":"ReplicaSet","name":"scheduler-scheduler-task-5678c4c55f","uid":"a4b3c438-b721-11e8-bb86-0050569a887c","controller":true,"blockOwnerDeletion":true}]},"spec":{"volumes":[{"name":"default-token-vdgk4","secret":{"secretName":"default-token-vdgk4","defaultMode":420}}],"containers":[{"name":"scheduler-task-service-container","image":"illin5564.corp.amdocs.com:5000/scheduler-task-service:0.1.1-0053","ports":[{"name":"metrics","containerPort":5555,"protocol":"TCP"},{"name":"http","containerPort":8080,"protocol":"TCP"},{"name":"management","containerPort":18080,"protocol":"TCP"}],"env":[{"name":"KUBERNETES_NAMESPACE","valueFrom":{"fieldRef":{"apiVersion":"v1","fieldPath":"metadata.namespace"}}},{"name":"MSNEXT_JAVA_OPTS","value":" -Xms256m -Xmx1024m -XX:MaxRAM=2048m -XX:+DisableExplicitGC -XX:+UseConcMarkSweepGC -XX:+CMSParallelRemarkEnabled -XX:NewRatio=1 -Xss512k -XX:MaxMetaspaceSize=512m -Dcom.amdocs.msnext.securitya3s.url=http://10.238.196.7:30081/asmServices/services/v1.0"},{"name":"MSNEXT_DISABLED_MODULES","value":"msnext-customization"},{"name":"MANAGEMENT_PORT","value":"18080"},{"name":"SERVER_PORT","value":"8080"},{"name":"MALLOC_ARENA_MAX","value":"4"},{"name":"TZ","value":"UTC"}],"resources":{"limits":{"cpu":"2","memory":"2Gi"},"requests":{"cpu":"200m","memory":"1Gi"}},"volumeMounts":[{"name":"default-token-vdgk4","readOnly":true,"mountPath":"/var/run/secrets/kubernetes.io/serviceaccount"}],"livenessProbe":{"httpGet":{"path":"/health","port":18080,"scheme":"HTTP"},"initialDelaySeconds":900,"timeoutSeconds":10,"periodSeconds":10,"successThreshold":1,"failureThreshold":3},"readinessProbe":{"httpGet":{"path":"/health","port":18080,"scheme":"HTTP"},"initialDelaySeconds":30,"timeoutSeconds":10,"periodSeconds":10,"successThreshold":1,"failureThreshold":3},"terminationMessagePath":"/dev/termination-log","terminationMessagePolicy":"File","imagePullPolicy":"IfNotPresent","securityContext":{"capabilities":{"drop":["MKNOD"]},"privileged":false}}],"restartPolicy":"Always","terminationGracePeriodSeconds":30,"dnsPolicy":"ClusterFirst","nodeSelector":{"region":"work"},"serviceAccountName":"default","serviceAccount":"default","nodeName":"ilocpde01w09.corp.amdocs.com","securityContext":{"seLinuxOptions":{"level":"s0:c82,c59"}},"imagePullSecrets":[{"name":"scheduler-task-ms-secret"}],"schedulerName":"default-scheduler","tolerations":[{"key":"node.kubernetes.io/memory-pressure","operator":"Exists","effect":"NoSchedule"}]},"status":{"phase":"Running","conditions":[{"type":"Initialized","status":"True","lastProbeTime":null,"lastTransitionTime":"2018-09-13T06:52:56Z"},{"type":"Ready","status":"True","lastProbeTime":null,"lastTransitionTime":"2018-09-13T06:54:01Z"},{"type":"PodScheduled","status":"True","lastProbeTime":null,"lastTransitionTime":"2018-09-13T06:52:56Z"}],"hostIP":"10.245.250.28","podIP":"10.128.24.178","startTime":"2018-09-13T06:52:56Z","containerStatuses":[{"name":"scheduler-task-service-container","state":{"running":{"startedAt":"2018-09-13T06:52:58Z"}},"lastState":{},"ready":true,"restartCount":0,"image":"illin5564.corp.amdocs.com:5000/scheduler-task-service:0.1.1-0053","imageID":"docker-pullable://illin5564.corp.amdocs.com:5000/scheduler-task-service@sha256:40dded7abf410bf5b47605303fdb7e9bb196e4e04cceb1996eac4ec73b6c7d4b","containerID":"docker://ec38fb4e82945b27276d5200577ebd6e24c3fbb72d2e6a7866788fbf0912e56d"}],"qosClass":"Burstable"}},{"metadata":{"name":"shoppingcart-checkout-re-c946c7869-959d9","generateName":"shoppingcart-checkout-re-c946c7869-","namespace":"oc-cd-1017-pranavd-pd","selfLink":"/api/v1/namespaces/oc-cd-1017-pranavd-pd/pods/shoppingcart-checkout-re-c946c7869-959d9","uid":"a4d18e22-b721-11e8-bb86-0050569a887c","resourceVersion":"66125283","creationTimestamp":"2018-09-13T06:52:56Z","labels":{"app":"shoppingcart-checkout-re","microservice":"shoppingcart-checkout","pod-template-hash":"750273425","project":"shoppingcart-checkout","provider":"amdocs","release":"shoppingcart-checkout-release"},"annotations":{"checksum/config":"ea1ed44f8974dccb51c2510d6d431fef45123b4e35e6e906fa280efb5bbe78c0","fabric8.io/iconUrl":"img/icons/spring-boot.svg","git-commit":"b4f5290a7750f831728eac1c832192fdfe8ab3a2","openshift.io/scc":"anyuid-no-ps"},"ownerReferences":[{"apiVersion":"extensions/v1beta1","kind":"ReplicaSet","name":"shoppingcart-checkout-re-c946c7869","uid":"a4c56e8d-b721-11e8-bb86-0050569a887c","controller":true,"blockOwnerDeletion":true}]},"spec":{"volumes":[{"name":"prop-volume","configMap":{"name":"shoppingcart-checkout-service-appconfigmap","defaultMode":420}},{"name":"default-token-vdgk4","secret":{"secretName":"default-token-vdgk4","defaultMode":420}}],"containers":[{"name":"shoppingcart-checkout-service-container","image":"illin5564.corp.amdocs.com:5000/shoppingcart-checkout-service:0.1.1-0025","ports":[{"name":"http","containerPort":8080,"protocol":"TCP"},{"name":"https","containerPort":8443,"protocol":"TCP"},{"name":"metrics","containerPort":5555,"protocol":"TCP"},{"name":"management","containerPort":18080,"protocol":"TCP"}],"env":[{"name":"MSNEXT_CONF_SOURCE_APP","value":"/etc/config"},{"name":"KUBERNETES_NAMESPACE","valueFrom":{"fieldRef":{"apiVersion":"v1","fieldPath":"metadata.namespace"}}},{"name":"MSNEXT_JAVA_OPTS","value":"-Dcom.amdocs.msnext.securityjwt.anonymous.context-mapping.msnext.management=.*management  -Xms256m -Xmx1024m -XX:MaxRAM=2048m -XX:+DisableExplicitGC -XX:+UseConcMarkSweepGC -XX:+CMSParallelRemarkEnabled -XX:NewRatio=1 -Xss512k -XX:MaxMetaspaceSize=512m"},{"name":"SERVER_PORT","value":"8080"},{"name":"MSNEXT_MODULE_MGT_DISABLE","value":"msnext-customization"},{"name":"MSNEXT_JACOCO_ENABLE","value":"${jacoco.enabled}"},{"name":"MSNEXT_JACOCO_OPTS","value":"output=tcpserver,address=*,port=6300"},{"name":"MANAGEMENT_PORT","value":"18080"},{"name":"MALLOC_ARENA_MAX","value":"4"},{"name":"TZ","value":"UTC"}],"resources":{"limits":{"cpu":"2","memory":"2Gi"},"requests":{"cpu":"200m","memory":"1Gi"}},"volumeMounts":[{"name":"prop-volume","mountPath":"/etc/config"},{"name":"default-token-vdgk4","readOnly":true,"mountPath":"/var/run/secrets/kubernetes.io/serviceaccount"}],"livenessProbe":{"httpGet":{"path":"/health","port":18080,"scheme":"HTTP"},"initialDelaySeconds":900,"timeoutSeconds":1,"periodSeconds":10,"successThreshold":1,"failureThreshold":3},"readinessProbe":{"httpGet":{"path":"/health","port":18080,"scheme":"HTTP"},"initialDelaySeconds":30,"timeoutSeconds":10,"periodSeconds":10,"successThreshold":1,"failureThreshold":3},"terminationMessagePath":"/dev/termination-log","terminationMessagePolicy":"File","imagePullPolicy":"IfNotPresent","securityContext":{"capabilities":{"drop":["MKNOD"]},"privileged":false}}],"restartPolicy":"Always","terminationGracePeriodSeconds":30,"dnsPolicy":"ClusterFirst","nodeSelector":{"region":"work"},"serviceAccountName":"default","serviceAccount":"default","nodeName":"ilocpde01w08.corp.amdocs.com","securityContext":{"seLinuxOptions":{"level":"s0:c82,c59"}},"imagePullSecrets":[{"name":"shoppingcart-checkout-ms-secret"}],"schedulerName":"default-scheduler","tolerations":[{"key":"node.kubernetes.io/memory-pressure","operator":"Exists","effect":"NoSchedule"}]},"status":{"phase":"Running","conditions":[{"type":"Initialized","status":"True","lastProbeTime":null,"lastTransitionTime":"2018-09-13T06:52:56Z"},{"type":"Ready","status":"True","lastProbeTime":null,"lastTransitionTime":"2018-09-13T06:54:59Z"},{"type":"PodScheduled","status":"True","lastProbeTime":null,"lastTransitionTime":"2018-09-13T06:52:56Z"}],"hostIP":"10.245.250.27","podIP":"10.128.26.50","startTime":"2018-09-13T06:52:56Z","containerStatuses":[{"name":"shoppingcart-checkout-service-container","state":{"running":{"startedAt":"2018-09-13T06:53:30Z"}},"lastState":{},"ready":true,"restartCount":0,"image":"illin5564.corp.amdocs.com:5000/shoppingcart-checkout-service:0.1.1-0025","imageID":"docker-pullable://illin5564.corp.amdocs.com:5000/shoppingcart-checkout-service@sha256:d36870d5fdbf4a90ab0b8e9616e9570eb006e789e2c2619303dec2a004f163c0","containerID":"docker://af06def4414aef3459dc6ebf7ba285235f7716734bdf35274a28ddfe32343737"}],"qosClass":"Burstable"}},{"metadata":{"name":"shoppingcart-modify-rele-786c94cc9d-tk8gg","generateName":"shoppingcart-modify-rele-786c94cc9d-","namespace":"oc-cd-1017-pranavd-pd","selfLink":"/api/v1/namespaces/oc-cd-1017-pranavd-pd/pods/shoppingcart-modify-rele-786c94cc9d-tk8gg","uid":"a4ede4f4-b721-11e8-bb86-0050569a887c","resourceVersion":"66124899","creationTimestamp":"2018-09-13T06:52:56Z","labels":{"app":"shoppingcart-modify-rele","microservice":"shoppingcart-modify","pod-template-hash":"3427507758","project":"shoppingcart-modify","provider":"amdocs","release":"shoppingcart-modify-release"},"annotations":{"checksum/config":"0a8d74337cb5fb7078aa94aa109b3811b80a6e045feb293e1eb0aab2e3b9d739","fabric8.io/iconUrl":"img/icons/spring-boot.svg","git-commit":"2f3c78190eb3cedd85b223ca3e4351f2a45b1560","openshift.io/scc":"anyuid-no-ps"},"ownerReferences":[{"apiVersion":"extensions/v1beta1","kind":"ReplicaSet","name":"shoppingcart-modify-rele-786c94cc9d","uid":"a4e01ed2-b721-11e8-bb86-0050569a887c","controller":true,"blockOwnerDeletion":true}]},"spec":{"volumes":[{"name":"prop-volume","configMap":{"name":"shoppingcart-modify-service-appconfigmap","defaultMode":420}},{"name":"default-token-vdgk4","secret":{"secretName":"default-token-vdgk4","defaultMode":420}}],"containers":[{"name":"shoppingcart-modify-service-container","image":"illin5564.corp.amdocs.com:5000/shoppingcart-modify-service:0.1.1-0025","ports":[{"name":"http","containerPort":8080,"protocol":"TCP"},{"name":"https","containerPort":8443,"protocol":"TCP"},{"name":"metrics","containerPort":5555,"protocol":"TCP"},{"name":"jacoco","containerPort":6300,"protocol":"TCP"},{"name":"management","containerPort":18080,"protocol":"TCP"}],"env":[{"name":"MSNEXT_CONF_SOURCE_APP","value":"/etc/config"},{"name":"KUBERNETES_NAMESPACE","valueFrom":{"fieldRef":{"apiVersion":"v1","fieldPath":"metadata.namespace"}}},{"name":"MSNEXT_JAVA_OPTS","value":"-Dcom.amdocs.msnext.securityjwt.anonymous.context-mapping.msnext.management=.*management  -Xms256m -Xmx1024m -XX:MaxRAM=2048m -XX:+DisableExplicitGC -XX:+UseConcMarkSweepGC -XX:+CMSParallelRemarkEnabled -XX:NewRatio=1 -Xss512k -XX:MaxMetaspaceSize=512m"},{"name":"SERVER_PORT","value":"8080"},{"name":"MSNEXT_MODULE_MGT_DISABLE","value":"msnext-customization"},{"name":"MSNEXT_JACOCO_ENABLE","value":"${jacoco.enabled}"},{"name":"MSNEXT_JACOCO_OPTS","value":"output=tcpserver,address=*,port=6300"},{"name":"MANAGEMENT_PORT","value":"18080"},{"name":"MALLOC_ARENA_MAX","value":"4"},{"name":"TZ","value":"UTC"}],"resources":{"limits":{"cpu":"2","memory":"2Gi"},"requests":{"cpu":"200m","memory":"1Gi"}},"volumeMounts":[{"name":"prop-volume","mountPath":"/etc/config"},{"name":"default-token-vdgk4","readOnly":true,"mountPath":"/var/run/secrets/kubernetes.io/serviceaccount"}],"livenessProbe":{"httpGet":{"path":"/health","port":18080,"scheme":"HTTP"},"initialDelaySeconds":900,"timeoutSeconds":1,"periodSeconds":10,"successThreshold":1,"failureThreshold":3},"readinessProbe":{"httpGet":{"path":"/health","port":18080,"scheme":"HTTP"},"initialDelaySeconds":30,"timeoutSeconds":10,"periodSeconds":10,"successThreshold":1,"failureThreshold":3},"terminationMessagePath":"/dev/termination-log","terminationMessagePolicy":"File","imagePullPolicy":"IfNotPresent","securityContext":{"capabilities":{"drop":["MKNOD"]},"privileged":false}}],"restartPolicy":"Always","terminationGracePeriodSeconds":30,"dnsPolicy":"ClusterFirst","nodeSelector":{"region":"work"},"serviceAccountName":"default","serviceAccount":"default","nodeName":"ilocpde01w07.corp.amdocs.com","securityContext":{"seLinuxOptions":{"level":"s0:c82,c59"}},"imagePullSecrets":[{"name":"shoppingcart-modify-ms-secret"}],"schedulerName":"default-scheduler","tolerations":[{"key":"node.kubernetes.io/memory-pressure","operator":"Exists","effect":"NoSchedule"}]},"status":{"phase":"Running","conditions":[{"type":"Initialized","status":"True","lastProbeTime":null,"lastTransitionTime":"2018-09-13T06:52:56Z"},{"type":"Ready","status":"True","lastProbeTime":null,"lastTransitionTime":"2018-09-13T06:54:43Z"},{"type":"PodScheduled","status":"True","lastProbeTime":null,"lastTransitionTime":"2018-09-13T06:52:56Z"}],"hostIP":"10.245.250.26","podIP":"10.128.23.24","startTime":"2018-09-13T06:52:56Z","containerStatuses":[{"name":"shoppingcart-modify-service-container","state":{"running":{"startedAt":"2018-09-13T06:53:31Z"}},"lastState":{},"ready":true,"restartCount":0,"image":"illin5564.corp.amdocs.com:5000/shoppingcart-modify-service:0.1.1-0025","imageID":"docker-pullable://illin5564.corp.amdocs.com:5000/shoppingcart-modify-service@sha256:17d3193b037611dcdefe6b2002e67300c6466f4ad4d75183c1d3a2c44df8e064","containerID":"docker://d825b21e0cc6251ef1638da7e0cfbb025c67771a5c15ca4d247ff5a4d7440102"}],"qosClass":"Burstable"}},{"metadata":{"name":"shoppingcart-price-relea-687f4d96bb-hclqz","generateName":"shoppingcart-price-relea-687f4d96bb-","namespace":"oc-cd-1017-pranavd-pd","selfLink":"/api/v1/namespaces/oc-cd-1017-pranavd-pd/pods/shoppingcart-price-relea-687f4d96bb-hclqz","uid":"a51543de-b721-11e8-bb86-0050569a887c","resourceVersion":"66124981","creationTimestamp":"2018-09-13T06:52:56Z","labels":{"app":"shoppingcart-price-relea","microservice":"shoppingcart-price","pod-template-hash":"2439085266","project":"shoppingcart-price","provider":"amdocs","release":"shoppingcart-price-release"},"annotations":{"checksum/config":"91ad2c11deb8bfabf196ca3725dc38e35d19f42b5fcafb7449eb1c160dfa7516","fabric8.io/iconUrl":"img/icons/spring-boot.svg","git-commit":"dcf3945c79213d23363d5e2b21d7f5ebd7431227","openshift.io/scc":"anyuid-no-ps"},"ownerReferences":[{"apiVersion":"extensions/v1beta1","kind":"ReplicaSet","name":"shoppingcart-price-relea-687f4d96bb","uid":"a50512ea-b721-11e8-bb86-0050569a887c","controller":true,"blockOwnerDeletion":true}]},"spec":{"volumes":[{"name":"prop-volume","configMap":{"name":"shoppingcart-price-service-appconfigmap","defaultMode":420}},{"name":"default-token-vdgk4","secret":{"secretName":"default-token-vdgk4","defaultMode":420}}],"containers":[{"name":"shoppingcart-price-service-container","image":"illin5564.corp.amdocs.com:5000/shoppingcart-price-service:0.1.1-0036","ports":[{"name":"http","containerPort":8080,"protocol":"TCP"},{"name":"https","containerPort":8443,"protocol":"TCP"},{"name":"metrics","containerPort":5555,"protocol":"TCP"},{"name":"management","containerPort":18080,"protocol":"TCP"}],"env":[{"name":"MSNEXT_CONF_SOURCE_APP","value":"/etc/config"},{"name":"KUBERNETES_NAMESPACE","valueFrom":{"fieldRef":{"apiVersion":"v1","fieldPath":"metadata.namespace"}}},{"name":"MSNEXT_JAVA_OPTS","value":"-Dcom.amdocs.msnext.securityjwt.anonymous.context-mapping.msnext.management=.*management  -Xms256m -Xmx1024m -XX:MaxRAM=2048m -XX:+DisableExplicitGC -XX:+UseConcMarkSweepGC -XX:+CMSParallelRemarkEnabled -XX:NewRatio=1 -Xss512k -XX:MaxMetaspaceSize=512m"},{"name":"SERVER_PORT","value":"8080"},{"name":"MSNEXT_MODULE_MGT_DISABLE","value":"msnext-customization"},{"name":"MSNEXT_JACOCO_ENABLE","value":"${jacoco.enabled}"},{"name":"MSNEXT_JACOCO_OPTS","value":"output=tcpserver,address=*,port=6300"},{"name":"MANAGEMENT_PORT","value":"18080"},{"name":"MALLOC_ARENA_MAX","value":"4"},{"name":"TZ","value":"UTC"}],"resources":{"limits":{"cpu":"2","memory":"2Gi"},"requests":{"cpu":"200m","memory":"1Gi"}},"volumeMounts":[{"name":"prop-volume","mountPath":"/etc/config"},{"name":"default-token-vdgk4","readOnly":true,"mountPath":"/var/run/secrets/kubernetes.io/serviceaccount"}],"livenessProbe":{"httpGet":{"path":"/health","port":18080,"scheme":"HTTP"},"initialDelaySeconds":900,"timeoutSeconds":1,"periodSeconds":10,"successThreshold":1,"failureThreshold":3},"readinessProbe":{"httpGet":{"path":"/health","port":18080,"scheme":"HTTP"},"initialDelaySeconds":30,"timeoutSeconds":10,"periodSeconds":10,"successThreshold":1,"failureThreshold":3},"terminationMessagePath":"/dev/termination-log","terminationMessagePolicy":"File","imagePullPolicy":"IfNotPresent","securityContext":{"capabilities":{"drop":["MKNOD"]},"privileged":false}}],"restartPolicy":"Always","terminationGracePeriodSeconds":30,"dnsPolicy":"ClusterFirst","nodeSelector":{"region":"work"},"serviceAccountName":"default","serviceAccount":"default","nodeName":"ilocpde01w05.corp.amdocs.com","securityContext":{"seLinuxOptions":{"level":"s0:c82,c59"}},"imagePullSecrets":[{"name":"shoppingcart-price-ms-secret"}],"schedulerName":"default-scheduler","tolerations":[{"key":"node.kubernetes.io/memory-pressure","operator":"Exists","effect":"NoSchedule"}]},"status":{"phase":"Running","conditions":[{"type":"Initialized","status":"True","lastProbeTime":null,"lastTransitionTime":"2018-09-13T06:52:56Z"},{"type":"Ready","status":"True","lastProbeTime":null,"lastTransitionTime":"2018-09-13T06:54:46Z"},{"type":"PodScheduled","status":"True","lastProbeTime":null,"lastTransitionTime":"2018-09-13T06:52:56Z"}],"hostIP":"10.245.250.24","podIP":"10.128.17.89","startTime":"2018-09-13T06:52:56Z","containerStatuses":[{"name":"shoppingcart-price-service-container","state":{"running":{"startedAt":"2018-09-13T06:53:31Z"}},"lastState":{},"ready":true,"restartCount":0,"image":"illin5564.corp.amdocs.com:5000/shoppingcart-price-service:0.1.1-0036","imageID":"docker-pullable://illin5564.corp.amdocs.com:5000/shoppingcart-price-service@sha256:ec6b2f6acf403f5b98aca966adbc8b0cb6aa003ae0e4cd9bbe7a9d4a0a335929","containerID":"docker://8989db32758c011213041ea280e76b21eca933ee18d8ab4a1f2cbb0ea10f7857"}],"qosClass":"Burstable"}},{"metadata":{"name":"shoppingcart-shoppingcar-5b68f9b944-2cqrp","generateName":"shoppingcart-shoppingcar-5b68f9b944-","namespace":"oc-cd-1017-pranavd-pd","selfLink":"/api/v1/namespaces/oc-cd-1017-pranavd-pd/pods/shoppingcart-shoppingcar-5b68f9b944-2cqrp","uid":"a526f576-b721-11e8-bb86-0050569a887c","resourceVersion":"69159229","creationTimestamp":"2018-09-13T06:52:56Z","labels":{"app":"shoppingcart-shoppingcar","microservice":"shoppingcart-shoppingcar","pod-template-hash":"1624956500","project":"shoppingcart-shoppingcart","provider":"amdocs","release":"shoppingcart-shoppingcart-release"},"annotations":{"checksum/config":"cc7b19f6fe7c8b41d162f7e6d0d5605668e616b737cf0ac43eb1c1329a9a66b0","fabric8.io/iconUrl":"img/icons/spring-boot.svg","git-commit":"5ab646f57f07fb27c9cee10a9c614856108579aa","openshift.io/scc":"anyuid-no-ps"},"ownerReferences":[{"apiVersion":"extensions/v1beta1","kind":"ReplicaSet","name":"shoppingcart-shoppingcar-5b68f9b944","uid":"a51d8aee-b721-11e8-bb86-0050569a887c","controller":true,"blockOwnerDeletion":true}]},"spec":{"volumes":[{"name":"prop-volume","configMap":{"name":"shoppingcart-shoppingcart-service-appconfigmap","defaultMode":420}},{"name":"default-token-vdgk4","secret":{"secretName":"default-token-vdgk4","defaultMode":420}}],"containers":[{"name":"shoppingcart-shoppingcart-service-container","image":"illin5564.corp.amdocs.com:5000/shoppingcart-shoppingcart-service:0.1.1-0074","ports":[{"name":"http","containerPort":8080,"protocol":"TCP"},{"name":"https","containerPort":8443,"protocol":"TCP"},{"name":"metrics","containerPort":5555,"protocol":"TCP"},{"name":"management","containerPort":18080,"protocol":"TCP"}],"env":[{"name":"MSNEXT_CONF_SOURCE_APP","value":"/etc/config"},{"name":"KUBERNETES_NAMESPACE","valueFrom":{"fieldRef":{"apiVersion":"v1","fieldPath":"metadata.namespace"}}},{"name":"MSNEXT_JAVA_OPTS","value":"-Dcom.couchbase.queryEndpoints=5 -Dcom.amdocs.msnext.securityjwt.anonymous.context-mapping.msnext.management=.*management  -Xms256m -Xmx1024m -XX:MaxRAM=2048m -XX:+DisableExplicitGC -XX:+UseConcMarkSweepGC -XX:+CMSParallelRemarkEnabled -XX:NewRatio=1 -Xss512k -XX:MaxMetaspaceSize=512m -Dcom.amdocs.msnext.securitya3s.url=http://10.238.196.7:30081/asmServices/services/v1.0"},{"name":"SERVER_PORT","value":"8080"},{"name":"MSNEXT_MODULE_MGT_DISABLE","value":"msnext-customization"},{"name":"MSNEXT_JACOCO_ENABLE","value":"${jacoco.enabled}"},{"name":"MSNEXT_JACOCO_OPTS","value":"output=tcpserver,address=*,port=6300"},{"name":"KAFKA_SERVER","value":"kafka-service:9092"},{"name":"ZOOKEEPER_SERVER","value":"zookeeper-service:2181"},{"name":"MANAGEMENT_PORT","value":"18080"},{"name":"MALLOC_ARENA_MAX","value":"4"},{"name":"TZ","value":"UTC"},{"name":"DATA_FENCING_CUSTOMER_ID_ENABLE","value":"false"}],"resources":{"limits":{"cpu":"2","memory":"2Gi"},"requests":{"cpu":"200m","memory":"1Gi"}},"volumeMounts":[{"name":"prop-volume","mountPath":"/etc/config"},{"name":"default-token-vdgk4","readOnly":true,"mountPath":"/var/run/secrets/kubernetes.io/serviceaccount"}],"livenessProbe":{"httpGet":{"path":"/health","port":18080,"scheme":"HTTP"},"initialDelaySeconds":900,"timeoutSeconds":1,"periodSeconds":10,"successThreshold":1,"failureThreshold":3},"readinessProbe":{"httpGet":{"path":"/health","port":18080,"scheme":"HTTP"},"initialDelaySeconds":30,"timeoutSeconds":10,"periodSeconds":10,"successThreshold":1,"failureThreshold":3},"terminationMessagePath":"/dev/termination-log","terminationMessagePolicy":"File","imagePullPolicy":"IfNotPresent","securityContext":{"capabilities":{"drop":["MKNOD"]},"privileged":false}}],"restartPolicy":"Always","terminationGracePeriodSeconds":30,"dnsPolicy":"ClusterFirst","nodeSelector":{"region":"work"},"serviceAccountName":"default","serviceAccount":"default","nodeName":"ilocpde01w03.corp.amdocs.com","securityContext":{"seLinuxOptions":{"level":"s0:c82,c59"}},"imagePullSecrets":[{"name":"shoppingcart-shoppingcart-ms-secret"}],"schedulerName":"default-scheduler","tolerations":[{"key":"node.kubernetes.io/memory-pressure","operator":"Exists","effect":"NoSchedule"}]},"status":{"phase":"Running","conditions":[{"type":"Initialized","status":"True","lastProbeTime":null,"lastTransitionTime":"2018-09-13T06:52:56Z"},{"type":"Ready","status":"True","lastProbeTime":null,"lastTransitionTime":"2018-09-17T19:24:07Z"},{"type":"PodScheduled","status":"True","lastProbeTime":null,"lastTransitionTime":"2018-09-13T06:52:56Z"}],"hostIP":"10.245.250.22","podIP":"10.128.11.177","startTime":"2018-09-13T06:52:56Z","containerStatuses":[{"name":"shoppingcart-shoppingcart-service-container","state":{"running":{"startedAt":"2018-09-17T19:22:52Z"}},"lastState":{"terminated":{"exitCode":143,"reason":"Error","startedAt":"2018-09-13T06:53:35Z","finishedAt":"2018-09-17T19:22:52Z","containerID":"docker://7b8404d19fb7136851fa77739a4476798bb3d8769cc1c73eaff42ccf9b959221"}},"ready":true,"restartCount":1,"image":"illin5564.corp.amdocs.com:5000/shoppingcart-shoppingcart-service:0.1.1-0074","imageID":"docker-pullable://illin5564.corp.amdocs.com:5000/shoppingcart-shoppingcart-service@sha256:9269874ce85510b7357f8b767f661c332290aa0bd1c98bcde13e0f4534d88757","containerID":"docker://3cf970d0927c3f5ecd7e6686231b9a688c9d7c34505f221fbb791e08eb4d960d"}],"qosClass":"Burstable"}},{"metadata":{"name":"shoppingcart-validate-re-6f955c6949-llxkd","generateName":"shoppingcart-validate-re-6f955c6949-","namespace":"oc-cd-1017-pranavd-pd","selfLink":"/api/v1/namespaces/oc-cd-1017-pranavd-pd/pods/shoppingcart-validate-re-6f955c6949-llxkd","uid":"a53e46cf-b721-11e8-bb86-0050569a887c","resourceVersion":"66125037","creationTimestamp":"2018-09-13T06:52:56Z","labels":{"app":"shoppingcart-validate-re","microservice":"shoppingcart-validate","pod-template-hash":"2951172505","project":"shoppingcart-validate","provider":"amdocs","release":"shoppingcart-validate-release"},"annotations":{"checksum/config":"85c2564dbf11e67d5597743360a64fef5fbd9923e0222e6ec613b6eb7ed76de8","fabric8.io/iconUrl":"img/icons/spring-boot.svg","git-commit":"a24e3cb2595bc44361ac85acad3144e2fb424d4d","openshift.io/scc":"anyuid-no-ps"},"ownerReferences":[{"apiVersion":"extensions/v1beta1","kind":"ReplicaSet","name":"shoppingcart-validate-re-6f955c6949","uid":"a52dc89c-b721-11e8-bb86-0050569a887c","controller":true,"blockOwnerDeletion":true}]},"spec":{"volumes":[{"name":"prop-volume","configMap":{"name":"shoppingcart-validate-service-appconfigmap","defaultMode":420}},{"name":"default-token-vdgk4","secret":{"secretName":"default-token-vdgk4","defaultMode":420}}],"containers":[{"name":"shoppingcart-validate-service-container","image":"illin5564.corp.amdocs.com:5000/shoppingcart-validate-service:0.1.1-0029","ports":[{"name":"http","containerPort":8080,"protocol":"TCP"},{"name":"https","containerPort":8443,"protocol":"TCP"},{"name":"metrics","containerPort":5555,"protocol":"TCP"},{"name":"management","containerPort":18080,"protocol":"TCP"}],"env":[{"name":"MSNEXT_CONF_SOURCE_APP","value":"/etc/config"},{"name":"KUBERNETES_NAMESPACE","valueFrom":{"fieldRef":{"apiVersion":"v1","fieldPath":"metadata.namespace"}}},{"name":"MSNEXT_JAVA_OPTS","value":"-Dcom.amdocs.msnext.securityjwt.anonymous.context-mapping.msnext.management=.*management  -Xms256m -Xmx1024m -XX:MaxRAM=2048m -XX:+DisableExplicitGC -XX:+UseConcMarkSweepGC -XX:+CMSParallelRemarkEnabled -XX:NewRatio=1 -Xss512k -XX:MaxMetaspaceSize=512m"},{"name":"SERVER_PORT","value":"8080"},{"name":"MSNEXT_MODULE_MGT_DISABLE","value":"msnext-customization"},{"name":"MSNEXT_JACOCO_ENABLE","value":"${jacoco.enabled}"},{"name":"MSNEXT_JACOCO_OPTS","value":"output=tcpserver,address=*,port=6300"},{"name":"MANAGEMENT_PORT","value":"18080"},{"name":"MALLOC_ARENA_MAX","value":"4"},{"name":"TZ","value":"UTC"}],"resources":{"limits":{"cpu":"2","memory":"2Gi"},"requests":{"cpu":"200m","memory":"1Gi"}},"volumeMounts":[{"name":"prop-volume","mountPath":"/etc/config"},{"name":"default-token-vdgk4","readOnly":true,"mountPath":"/var/run/secrets/kubernetes.io/serviceaccount"}],"livenessProbe":{"httpGet":{"path":"/health","port":18080,"scheme":"HTTP"},"initialDelaySeconds":900,"timeoutSeconds":1,"periodSeconds":10,"successThreshold":1,"failureThreshold":3},"readinessProbe":{"httpGet":{"path":"/health","port":18080,"scheme":"HTTP"},"initialDelaySeconds":30,"timeoutSeconds":10,"periodSeconds":10,"successThreshold":1,"failureThreshold":3},"terminationMessagePath":"/dev/termination-log","terminationMessagePolicy":"File","imagePullPolicy":"IfNotPresent","securityContext":{"capabilities":{"drop":["MKNOD"]},"privileged":false}}],"restartPolicy":"Always","terminationGracePeriodSeconds":30,"dnsPolicy":"ClusterFirst","nodeSelector":{"region":"work"},"serviceAccountName":"default","serviceAccount":"default","nodeName":"ilocpde01w35.corp.amdocs.com","securityContext":{"seLinuxOptions":{"level":"s0:c82,c59"}},"imagePullSecrets":[{"name":"shoppingcart-validate-ms-secret"}],"schedulerName":"default-scheduler","tolerations":[{"key":"node.kubernetes.io/memory-pressure","operator":"Exists","effect":"NoSchedule"}]},"status":{"phase":"Running","conditions":[{"type":"Initialized","status":"True","lastProbeTime":null,"lastTransitionTime":"2018-09-13T06:52:57Z"},{"type":"Ready","status":"True","lastProbeTime":null,"lastTransitionTime":"2018-09-13T06:54:49Z"},{"type":"PodScheduled","status":"True","lastProbeTime":null,"lastTransitionTime":"2018-09-13T06:52:56Z"}],"hostIP":"10.245.251.176","podIP":"10.128.81.237","startTime":"2018-09-13T06:52:57Z","containerStatuses":[{"name":"shoppingcart-validate-service-container","state":{"running":{"startedAt":"2018-09-13T06:53:34Z"}},"lastState":{},"ready":true,"restartCount":0,"image":"illin5564.corp.amdocs.com:5000/shoppingcart-validate-service:0.1.1-0029","imageID":"docker-pullable://illin5564.corp.amdocs.com:5000/shoppingcart-validate-service@sha256:cf286a0cbb8eec9705f64e95a4d2881db5d5d435717d31e9cb4faa592c52320d","containerID":"docker://b311265c8013c8285708d197b86e353cffc96b3a9f7e7131ad4ae9e2533c983d"}],"qosClass":"Burstable"}},{"metadata":{"name":"stock-productstock-release-stock-productstock-67fd546497-52psr","generateName":"stock-productstock-release-stock-productstock-67fd546497-","namespace":"oc-cd-1017-pranavd-pd","selfLink":"/api/v1/namespaces/oc-cd-1017-pranavd-pd/pods/stock-productstock-release-stock-productstock-67fd546497-52psr","uid":"a54d9112-b721-11e8-bb86-0050569a887c","resourceVersion":"66124783","creationTimestamp":"2018-09-13T06:52:56Z","labels":{"app":"stock-productstock-release-stock-productstock","microservice":"stock-productstock","pod-template-hash":"2398102053","project":"stock-productstock","provider":"amdocs","release":"stock-productstock-release"},"annotations":{"git-commit":"1ac217311502c6c00a2c0710691d1cc1449bb843","openshift.io/scc":"anyuid-no-ps"},"ownerReferences":[{"apiVersion":"extensions/v1beta1","kind":"ReplicaSet","name":"stock-productstock-release-stock-productstock-67fd546497","uid":"a543e203-b721-11e8-bb86-0050569a887c","controller":true,"blockOwnerDeletion":true}]},"spec":{"volumes":[{"name":"stock-productstock-volume-jwt-validation-conf","configMap":{"name":"stock-productstock-jwt-validation-configmap","items":[{"key":"application.yaml","path":"application.yaml"}],"defaultMode":420}},{"name":"prop-volume","configMap":{"name":"stock-productstock-appconfigmap","defaultMode":420}},{"name":"default-token-vdgk4","secret":{"secretName":"default-token-vdgk4","defaultMode":420}}],"containers":[{"name":"stock-productstock-service-container","image":"illin5564.corp.amdocs.com:5000/stock-productstock-service:0.1.0-0059","ports":[{"name":"http","containerPort":8080,"protocol":"TCP"},{"name":"management","containerPort":18080,"protocol":"TCP"}],"env":[{"name":"KUBERNETES_NAMESPACE","valueFrom":{"fieldRef":{"apiVersion":"v1","fieldPath":"metadata.namespace"}}},{"name":"MSNEXT_JAVA_OPTS","value":"-Xms256m -Xmx512m -XX:MaxRAM=1024m -XX:+UseSerialGC"},{"name":"MSNEXT_CONF_SOURCE_APP","value":"/etc/config"},{"name":"MSNEXT_CONF_SOURCE_IDM","value":"/run/secrets/msNextConfSourceIdm1"},{"name":"MSNEXT_DISABLED_MODULES","value":"msnext-customization"},{"name":"MANAGEMENT_PORT","value":"18080"},{"name":"SERVER_PORT","value":"8080"},{"name":"MALLOC_ARENA_MAX","value":"4"},{"name":"TZ","value":"UTC"}],"resources":{"limits":{"cpu":"2","memory":"2Gi"},"requests":{"cpu":"200m","memory":"1Gi"}},"volumeMounts":[{"name":"prop-volume","mountPath":"/etc/config"},{"name":"stock-productstock-volume-jwt-validation-conf","mountPath":"/run/secrets/msNextConfSourceIdm1"},{"name":"default-token-vdgk4","readOnly":true,"mountPath":"/var/run/secrets/kubernetes.io/serviceaccount"}],"livenessProbe":{"httpGet":{"path":"/health","port":18080,"scheme":"HTTP"},"initialDelaySeconds":900,"timeoutSeconds":10,"periodSeconds":10,"successThreshold":1,"failureThreshold":3},"readinessProbe":{"httpGet":{"path":"/health","port":18080,"scheme":"HTTP"},"initialDelaySeconds":30,"timeoutSeconds":10,"periodSeconds":10,"successThreshold":1,"failureThreshold":3},"terminationMessagePath":"/dev/termination-log","terminationMessagePolicy":"File","imagePullPolicy":"IfNotPresent","securityContext":{"capabilities":{"drop":["MKNOD"]},"privileged":false}}],"restartPolicy":"Always","terminationGracePeriodSeconds":30,"dnsPolicy":"ClusterFirst","nodeSelector":{"region":"work"},"serviceAccountName":"default","serviceAccount":"default","nodeName":"ilocpde01w34.corp.amdocs.com","securityContext":{"seLinuxOptions":{"level":"s0:c82,c59"}},"imagePullSecrets":[{"name":"stock-productstock-ms-secret"}],"schedulerName":"default-scheduler","tolerations":[{"key":"node.kubernetes.io/memory-pressure","operator":"Exists","effect":"NoSchedule"}]},"status":{"phase":"Running","conditions":[{"type":"Initialized","status":"True","lastProbeTime":null,"lastTransitionTime":"2018-09-13T06:52:57Z"},{"type":"Ready","status":"True","lastProbeTime":null,"lastTransitionTime":"2018-09-13T06:54:40Z"},{"type":"PodScheduled","status":"True","lastProbeTime":null,"lastTransitionTime":"2018-09-13T06:52:57Z"}],"hostIP":"10.245.251.175","podIP":"10.128.78.118","startTime":"2018-09-13T06:52:57Z","containerStatuses":[{"name":"stock-productstock-service-container","state":{"running":{"startedAt":"2018-09-13T06:53:23Z"}},"lastState":{},"ready":true,"restartCount":0,"image":"illin5564.corp.amdocs.com:5000/stock-productstock-service:0.1.0-0059","imageID":"docker-pullable://illin5564.corp.amdocs.com:5000/stock-productstock-service@sha256:f3b887799e7edc866e0b12c8c8a24c77e41917fef6d1232e41d292f5dd47433d","containerID":"docker://3ead476ff37518392401d29dfcd7826f15dda572f28bac38e721f2a76fc4e958"}],"qosClass":"Burstable"}},{"metadata":{"name":"stock-productstockbridge-release-stock-productstockbridge-fwzhr","generateName":"stock-productstockbridge-release-stock-productstockbridge-65477df887-","namespace":"oc-cd-1017-pranavd-pd","selfLink":"/api/v1/namespaces/oc-cd-1017-pranavd-pd/pods/stock-productstockbridge-release-stock-productstockbridge-fwzhr","uid":"a5684bd4-b721-11e8-bb86-0050569a887c","resourceVersion":"66124632","creationTimestamp":"2018-09-13T06:52:57Z","labels":{"app":"stock-productstockbridge-release-stock-productstockbridge","microservice":"stock-productstockbridge","pod-template-hash":"2103389443","project":"stock-productstockbridge","provider":"amdocs","release":"stock-productstockbridge-release"},"annotations":{"git-commit":"345939dbfac17a583ef9e28116d9752e4e544fc4","openshift.io/scc":"anyuid-no-ps"},"ownerReferences":[{"apiVersion":"extensions/v1beta1","kind":"ReplicaSet","name":"stock-productstockbridge-release-stock-productstockbridge-65477df887","uid":"a559a337-b721-11e8-bb86-0050569a887c","controller":true,"blockOwnerDeletion":true}]},"spec":{"volumes":[{"name":"prop-volume","configMap":{"name":"stock-productstockbridge-appconfigmap","defaultMode":420}},{"name":"stock-productstockbridge-volume-jwt-validation-conf","configMap":{"name":"stock-productstockbridge-jwt-validation-configmap","items":[{"key":"application.yaml","path":"application.yaml"}],"defaultMode":420}},{"name":"default-token-vdgk4","secret":{"secretName":"default-token-vdgk4","defaultMode":420}}],"containers":[{"name":"stock-productstockbridge-service-container","image":"illin5564.corp.amdocs.com:5000/stock-productstockbridge-service:0.1.0-0049","ports":[{"name":"http","containerPort":8080,"protocol":"TCP"},{"name":"management","containerPort":18080,"protocol":"TCP"}],"env":[{"name":"KUBERNETES_NAMESPACE","valueFrom":{"fieldRef":{"apiVersion":"v1","fieldPath":"metadata.namespace"}}},{"name":"MSNEXT_JAVA_OPTS","value":"-Xms256m -Xmx512m -XX:MaxRAM=1024m -XX:+UseSerialGC"},{"name":"MSNEXT_CONF_SOURCE_APP","value":"/etc/config"},{"name":"MSNEXT_CONF_SOURCE_IDM","value":"/run/secrets/msNextConfSourceIdm1"},{"name":"MSNEXT_DISABLED_MODULES","value":"msnext-customization"},{"name":"MANAGEMENT_PORT","value":"18080"},{"name":"SERVER_PORT","value":"8080"},{"name":"MALLOC_ARENA_MAX","value":"4"},{"name":"TZ","value":"UTC"}],"resources":{"limits":{"cpu":"2","memory":"2Gi"},"requests":{"cpu":"200m","memory":"1Gi"}},"volumeMounts":[{"name":"prop-volume","mountPath":"/etc/config"},{"name":"stock-productstockbridge-volume-jwt-validation-conf","mountPath":"/run/secrets/msNextConfSourceIdm1"},{"name":"default-token-vdgk4","readOnly":true,"mountPath":"/var/run/secrets/kubernetes.io/serviceaccount"}],"livenessProbe":{"httpGet":{"path":"/health","port":18080,"scheme":"HTTP"},"initialDelaySeconds":900,"timeoutSeconds":10,"periodSeconds":10,"successThreshold":1,"failureThreshold":3},"readinessProbe":{"httpGet":{"path":"/health","port":18080,"scheme":"HTTP"},"initialDelaySeconds":30,"timeoutSeconds":10,"periodSeconds":10,"successThreshold":1,"failureThreshold":3},"terminationMessagePath":"/dev/termination-log","terminationMessagePolicy":"File","imagePullPolicy":"IfNotPresent","securityContext":{"capabilities":{"drop":["MKNOD"]},"privileged":false}}],"restartPolicy":"Always","terminationGracePeriodSeconds":30,"dnsPolicy":"ClusterFirst","nodeSelector":{"region":"work"},"serviceAccountName":"default","serviceAccount":"default","nodeName":"ilocpde01w15.corp.amdocs.com","securityContext":{"seLinuxOptions":{"level":"s0:c82,c59"}},"imagePullSecrets":[{"name":"stock-productstockbridge-ms-secret"}],"schedulerName":"default-scheduler","tolerations":[{"key":"node.kubernetes.io/memory-pressure","operator":"Exists","effect":"NoSchedule"}]},"status":{"phase":"Running","conditions":[{"type":"Initialized","status":"True","lastProbeTime":null,"lastTransitionTime":"2018-09-13T06:52:57Z"},{"type":"Ready","status":"True","lastProbeTime":null,"lastTransitionTime":"2018-09-13T06:54:30Z"},{"type":"PodScheduled","status":"True","lastProbeTime":null,"lastTransitionTime":"2018-09-13T06:52:57Z"}],"hostIP":"10.245.250.34","podIP":"10.128.39.143","startTime":"2018-09-13T06:52:57Z","containerStatuses":[{"name":"stock-productstockbridge-service-container","state":{"running":{"startedAt":"2018-09-13T06:53:31Z"}},"lastState":{},"ready":true,"restartCount":0,"image":"illin5564.corp.amdocs.com:5000/stock-productstockbridge-service:0.1.0-0049","imageID":"docker-pullable://illin5564.corp.amdocs.com:5000/stock-productstockbridge-service@sha256:8ba64903883380bd83a89e7404745a0784d0e1b33f292ba4020681811f7795fd","containerID":"docker://652693c6b7e50e4f3d96a7c1d2e8422073af68ee2a3fa656cdda8cf54d46ca60"}],"qosClass":"Burstable"}},{"metadata":{"name":"tiller-5b87d5cdd4-pvn8f","generateName":"tiller-5b87d5cdd4-","namespace":"oc-cd-1017-pranavd-pd","selfLink":"/api/v1/namespaces/oc-cd-1017-pranavd-pd/pods/tiller-5b87d5cdd4-pvn8f","uid":"9c63b9ae-b721-11e8-bb86-0050569a887c","resourceVersion":"66121719","creationTimestamp":"2018-09-13T06:52:42Z","labels":{"app":"helm","name":"tiller","pod-template-hash":"1643817880"},"annotations":{"openshift.io/scc":"anyuid-no-ps"},"ownerReferences":[{"apiVersion":"extensions/v1beta1","kind":"ReplicaSet","name":"tiller-5b87d5cdd4","uid":"9c5d5056-b721-11e8-bb86-0050569a887c","controller":true,"blockOwnerDeletion":true}]},"spec":{"volumes":[{"name":"tiller-token-2mlvz","secret":{"secretName":"tiller-token-2mlvz","defaultMode":420}}],"containers":[{"name":"tiller","image":"gcr.io/kubernetes-helm/tiller:v2.5.1","ports":[{"name":"tiller","containerPort":44134,"protocol":"TCP"}],"env":[{"name":"TILLER_NAMESPACE","valueFrom":{"fieldRef":{"apiVersion":"v1","fieldPath":"metadata.namespace"}}}],"resources":{},"volumeMounts":[{"name":"tiller-token-2mlvz","readOnly":true,"mountPath":"/var/run/secrets/kubernetes.io/serviceaccount"}],"livenessProbe":{"httpGet":{"path":"/liveness","port":44135,"scheme":"HTTP"},"timeoutSeconds":1,"periodSeconds":10,"successThreshold":1,"failureThreshold":3},"readinessProbe":{"httpGet":{"path":"/readiness","port":44135,"scheme":"HTTP"},"timeoutSeconds":1,"periodSeconds":10,"successThreshold":1,"failureThreshold":3},"terminationMessagePath":"/dev/termination-log","terminationMessagePolicy":"File","imagePullPolicy":"IfNotPresent","securityContext":{"capabilities":{"drop":["MKNOD"]}}}],"restartPolicy":"Always","terminationGracePeriodSeconds":30,"dnsPolicy":"ClusterFirst","nodeSelector":{"region":"work"},"serviceAccountName":"tiller","serviceAccount":"tiller","nodeName":"ilocpde01w24.corp.amdocs.com","securityContext":{"seLinuxOptions":{"level":"s0:c82,c59"}},"imagePullSecrets":[{"name":"tiller-dockercfg-5sfpw"}],"schedulerName":"default-scheduler"},"status":{"phase":"Running","conditions":[{"type":"Initialized","status":"True","lastProbeTime":null,"lastTransitionTime":"2018-09-13T06:52:42Z"},{"type":"Ready","status":"True","lastProbeTime":null,"lastTransitionTime":"2018-09-13T06:52:53Z"},{"type":"PodScheduled","status":"True","lastProbeTime":null,"lastTransitionTime":"2018-09-13T06:52:42Z"}],"hostIP":"10.245.251.165","podIP":"10.128.59.100","startTime":"2018-09-13T06:52:42Z","containerStatuses":[{"name":"tiller","state":{"running":{"startedAt":"2018-09-13T06:52:44Z"}},"lastState":{},"ready":true,"restartCount":0,"image":"gcr.io/kubernetes-helm/tiller:v2.5.1","imageID":"docker-pullable://gcr.io/kubernetes-helm/tiller@sha256:64e0791e4cdadab93f3e535ce290070942e22b3f3730f803d0441688b8d99212","containerID":"docker://1e1de23ca891fb4d12a3ce4a207fe65d90227111c82fe47f5104248771456524"}],"qosClass":"BestEffort"}}]}
]]>
            </line>
            <line>
              <![CDATA[</div>]]>
            </line>
            <line>
              <![CDATA[</div>]]>
            </line>
            <line>
              <![CDATA[</div>]]>
            </line>
            <line>
              <![CDATA[</div>]]>
            </line>
            <line>
              <![CDATA[</td>]]>
            </line>
            <line>
              <![CDATA[</tr>]]>
            </line>
            <line>
              <![CDATA[<tr class="table-success"><td colspan="2">Response status: expected=200 actual=200; Value: true</td></tr>]]>
            </line>
            <line>
              <![CDATA[<tr class="table-light"><td colspan="2">asm-services-cloud-service:30525</td></tr>]]>
            </line>
            <line>
              <![CDATA[<tr class="table-light"><td colspan="2">authoring-command-service:32756</td></tr>]]>
            </line>
            <line>
              <![CDATA[<tr class="table-light"><td colspan="2">business-request-service:34944</td></tr>]]>
            </line>
            <line>
              <![CDATA[<tr class="table-light"><td colspan="2">business-validation-service:31296</td></tr>]]>
            </line>
            <line>
              <![CDATA[<tr class="table-light"><td colspan="2">cartitemaccessor-service:31134</td></tr>]]>
            </line>
            <line>
              <![CDATA[<tr class="table-light"><td colspan="2">customeraccessor-service:32678</td></tr>]]>
            </line>
            <line>
              <![CDATA[<tr class="table-light"><td colspan="2">digitalexp-api-service:32773</td></tr>]]>
            </line>
            <line>
              <![CDATA[<tr class="table-light"><td colspan="2">dispatcher-service:32299</td></tr>]]>
            </line>
            <line>
              <![CDATA[<tr class="table-light"><td colspan="2">import-service:31710</td></tr>]]>
            </line>
            <line>
              <![CDATA[<tr class="table-light"><td colspan="2">managed-resource-service:33039</td></tr>]]>
            </line>
            <line>
              <![CDATA[<tr class="table-light"><td colspan="2">metadata-entity-command-service:31182</td></tr>]]>
            </line>
            <line>
              <![CDATA[<tr class="table-light"><td colspan="2">orderitemaccessor-service:30446</td></tr>]]>
            </line>
            <line>
              <![CDATA[<tr class="table-light"><td colspan="2">paymentmanagement-payment-service:30454</td></tr>]]>
            </line>
            <line>
              <![CDATA[<tr class="table-light"><td colspan="2">phoneportin-phoneportinbridge-service:32054</td></tr>]]>
            </line>
            <line>
              <![CDATA[<tr class="table-light"><td colspan="2">pi-factory-service:31345</td></tr>]]>
            </line>
            <line>
              <![CDATA[<tr class="table-light"><td colspan="2">pi-product-service:34224</td></tr>]]>
            </line>
            <line>
              <![CDATA[<tr class="table-light"><td colspan="2">pi-validateproduct-service:34572</td></tr>]]>
            </line>
            <line>
              <![CDATA[<tr class="table-light"><td colspan="2">pod-category-service:35227</td></tr>]]>
            </line>
            <line>
              <![CDATA[<tr class="table-light"><td colspan="2">pod-experience-service:32525</td></tr>]]>
            </line>
            <line>
              <![CDATA[<tr class="table-light"><td colspan="2">pod-price-service:35442</td></tr>]]>
            </line>
            <line>
              <![CDATA[<tr class="table-light"><td colspan="2">pod-productoffering-service:35261</td></tr>]]>
            </line>
            <line>
              <![CDATA[<tr class="table-light"><td colspan="2">pod-search-service:33636</td></tr>]]>
            </line>
            <line>
              <![CDATA[<tr class="table-light"><td colspan="2">price-priceevent-service:33162</td></tr>]]>
            </line>
            <line>
              <![CDATA[<tr class="table-light"><td colspan="2">price-pricing-service:34969</td></tr>]]>
            </line>
            <line>
              <![CDATA[<tr class="table-light"><td colspan="2">price-productoffering-service:31818</td></tr>]]>
            </line>
            <line>
              <![CDATA[<tr class="table-light"><td colspan="2">product-configuration-rule-command-service:31815</td></tr>]]>
            </line>
            <line>
              <![CDATA[<tr class="table-light"><td colspan="2">product-offering-service:33371</td></tr>]]>
            </line>
            <line>
              <![CDATA[<tr class="table-light"><td colspan="2">productaccessor-service:30549</td></tr>]]>
            </line>
            <line>
              <![CDATA[<tr class="table-light"><td colspan="2">productconfigurator-action-service:32038</td></tr>]]>
            </line>
            <line>
              <![CDATA[<tr class="table-light"><td colspan="2">productconfigurator-commitmentterm-service:30140</td></tr>]]>
            </line>
            <line>
              <![CDATA[<tr class="table-light"><td colspan="2">productconfigurator-price-service:33473</td></tr>]]>
            </line>
            <line>
              <![CDATA[<tr class="table-light"><td colspan="2">productconfigurator-qualification-service:31599</td></tr>]]>
            </line>
            <line>
              <![CDATA[<tr class="table-light"><td colspan="2">productconfigurator-service:32831</td></tr>]]>
            </line>
            <line>
              <![CDATA[<tr class="table-light"><td colspan="2">productorder-amendorder-service:34841</td></tr>]]>
            </line>
            <line>
              <![CDATA[<tr class="table-light"><td colspan="2">productorder-deliverymethodorder-service:33639</td></tr>]]>
            </line>
            <line>
              <![CDATA[<tr class="table-light"><td colspan="2">productorder-futurelauncher-service:32858</td></tr>]]>
            </line>
            <line>
              <![CDATA[<tr class="table-light"><td colspan="2">productorder-limiteddurationproduct-service:33361</td></tr>]]>
            </line>
            <line>
              <![CDATA[<tr class="table-light"><td colspan="2">productorder-modifyorder-service:30158</td></tr>]]>
            </line>
            <line>
              <![CDATA[<tr class="table-light"><td colspan="2">productorder-paymentorder-service:31620</td></tr>]]>
            </line>
            <line>
              <![CDATA[<tr class="table-light"><td colspan="2">productorder-price-service:35546</td></tr>]]>
            </line>
            <line>
              <![CDATA[<tr class="table-light"><td colspan="2">productorder-productorder-service:30538</td></tr>]]>
            </line>
            <line>
              <![CDATA[<tr class="table-light"><td colspan="2">productorder-submitorder-service:31718</td></tr>]]>
            </line>
            <line>
              <![CDATA[<tr class="table-light"><td colspan="2">productorder-validateorder-service:33834</td></tr>]]>
            </line>
            <line>
              <![CDATA[<tr class="table-light"><td colspan="2">productvalidator-service:32057</td></tr>]]>
            </line>
            <line>
              <![CDATA[<tr class="table-light"><td colspan="2">promotion-command-service:32077</td></tr>]]>
            </line>
            <line>
              <![CDATA[<tr class="table-light"><td colspan="2">promotion-mapper-service:31731</td></tr>]]>
            </line>
            <line>
              <![CDATA[<tr class="table-light"><td colspan="2">promotion-productofferingcriteria-service:34777</td></tr>]]>
            </line>
            <line>
              <![CDATA[<tr class="table-light"><td colspan="2">promotion-promotion-service:32832</td></tr>]]>
            </line>
            <line>
              <![CDATA[<tr class="table-light"><td colspan="2">promotion-qualification-service:30560</td></tr>]]>
            </line>
            <line>
              <![CDATA[<tr class="table-light"><td colspan="2">promotion-saleschannelcriteria-service:34306</td></tr>]]>
            </line>
            <line>
              <![CDATA[<tr class="table-light"><td colspan="2">release-management-service:32564</td></tr>]]>
            </line>
            <line>
              <![CDATA[<tr class="table-light"><td colspan="2">repo-service:32577</td></tr>]]>
            </line>
            <line>
              <![CDATA[<tr class="table-light"><td colspan="2">scheduler-task-service:31839</td></tr>]]>
            </line>
            <line>
              <![CDATA[<tr class="table-light"><td colspan="2">shoppingcart-checkout-service:35324</td></tr>]]>
            </line>
            <line>
              <![CDATA[<tr class="table-light"><td colspan="2">shoppingcart-modify-service:33407</td></tr>]]>
            </line>
            <line>
              <![CDATA[<tr class="table-light"><td colspan="2">shoppingcart-price-service:34227</td></tr>]]>
            </line>
            <line>
              <![CDATA[<tr class="table-light"><td colspan="2">shoppingcart-shoppingcart-service:32180</td></tr>]]>
            </line>
            <line>
              <![CDATA[<tr class="table-light"><td colspan="2">shoppingcart-validate-service:32200</td></tr>]]>
            </line>
            <line>
              <![CDATA[<tr class="table-light"><td colspan="2">stock-productstock-service:33497</td></tr>]]>
            </line>
            <line>
              <![CDATA[<tr class="table-light"><td colspan="2">stock-productstockbridge-service:32860</td></tr>]]>
            </line>
            <line>
              <![CDATA[<tr class="table-light"><td colspan="2">OpenShift Master: ilocpde01-master.corp.amdocs.com k8shost: ilocpde01w02.corp.amdocs.com</td></tr>]]>
            </line>
          </reporter-output>
        </test-method> <!-- initialAutomationSetup -->
      </class> <!-- amdocs.initialSetup.AutomationSetup -->
    </test> <!-- Automation_Setup -->
    <test name="Create UserIndividualCC" duration-ms="4142" started-at="2018-09-18T09:40:42Z" finished-at="2018-09-18T09:40:46Z">
      <class name="authentication.a3s.CreateA3SUser">
        <test-method status="PASS" signature="beforeTestMethodToSkipIfPreviousTestFailed(org.testng.ITestContext)[pri:0, instance:authentication.a3s.CreateA3SUser@3b088d51]" name="beforeTestMethodToSkipIfPreviousTestFailed" is-config="true" duration-ms="0" started-at="2018-09-18T15:10:42Z" finished-at="2018-09-18T15:10:42Z">
          <params>
            <param index="0">
              <value>
                <![CDATA[org.testng.TestRunner@2f4854d6]]>
              </value>
            </param>
          </params>
          <reporter-output>
          </reporter-output>
        </test-method> <!-- beforeTestMethodToSkipIfPreviousTestFailed -->
        <test-method status="PASS" signature="createUser(java.lang.String, java.lang.String, java.lang.String, org.testng.ITestContext)[pri:0, instance:authentication.a3s.CreateA3SUser@3b088d51]" name="createUser" duration-ms="3697" started-at="2018-09-18T15:10:42Z" finished-at="2018-09-18T15:10:46Z">
          <params>
            <param index="0">
              <value>
                <![CDATA[UserIndividualCC]]>
              </value>
            </param>
            <param index="1">
              <value>
                <![CDATA[Individual]]>
              </value>
            </param>
            <param index="2">
              <value>
                <![CDATA[CC]]>
              </value>
            </param>
            <param index="3">
              <value>
                <![CDATA[org.testng.TestRunner@2f4854d6]]>
              </value>
            </param>
          </params>
          <reporter-output>
            <line>
              <![CDATA[<tr class="table-warning"><td colspan="2">User UserIndividualCC DOES NOT exist. Creating... </td></tr>]]>
            </line>
            <line>
              <![CDATA[<tr class="table-light"><td colspan="2">JSON file loaded successfully. File: /src/test/resources/ct/payload/Individual/Individual.json</td></tr>]]>
            </line>
            <line>
              <![CDATA[<tr class="table-light"><td colspan="2">JSON file loaded successfully. File: /src/test/resources/ct/payload/A3S/User.json</td></tr>]]>
            </line>
            <line>
              <![CDATA[<tr class="table-light"><td colspan="2">JSON value updated. JSON path: $.users[0].id; Value: Automation_AdminUser_85199968</td></tr>]]>
            </line>
            <line>
              <![CDATA[<tr class="table-light"><td colspan="2">JSON value updated. JSON path: $.users[0].userName; Value: Automation_AdminUser_85199968</td></tr>]]>
            </line>
            <line>
              <![CDATA[<tr class="table-light"><td colspan="2">JSON value updated. JSON path: $.users[0].password; Value: Unix11!</td></tr>]]>
            </line>
            <line>
              <![CDATA[<tr class="table-light"><td colspan="2">JSON value updated. JSON path: $.users[0].roles; Value: [Ljava.lang.String;@7e70bd39</td></tr>]]>
            </line>
            <line>
              <![CDATA[<tr class="table-light"><td colspan="2">JSON value updated. JSON path: $.users[0].a3sUserExtension.properties.customerId; Value: Customer_43</td></tr>]]>
            </line>
            <line>
              <![CDATA[<tr class="table-light"><td colspan="2">JSON value updated. JSON path: $.users[0].a3sUserExtension.properties.salesChannel; Value: SelfService</td></tr>]]>
            </line>
            <line>
              <![CDATA[<tr class="table-info"><td class="text-dark font-weight-bold">Request Type </td><td class="" >POST</td></tr>]]>
            </line>
            <line>
              <![CDATA[<tr><td class="text-dark font-weight-bold">URI </td><td class="" > http://ilocpde01w02.corp.amdocs.com:30525/asmServices/services/v1.0/users/bulk </td></tr>]]>
            </line>
            <line>
              <![CDATA[<tr><td class="text-dark font-weight-bold" colspan="2">Headers : </td></tr>]]>
            </line>
            <line>
              <![CDATA[<tr>]]>
            </line>
            <line>
              <![CDATA[<td class="text-dark font-weight-bold" >Authorization :</td>]]>
            </line>
            <line>
              <![CDATA[<td class="" >]]>
            </line>
            <line>
              <![CDATA[<a href="" class="alert-link" data-toggle="modal" data-target="#rest_assured_logger_modal_value_13">Show</a>]]>
            </line>
            <line>
              <![CDATA[<div class="modal fade"  id="rest_assured_logger_modal_value_13" tabindex="-1" role="dialog">]]>
            </line>
            <line>
              <![CDATA[<div class="modal-dialog" role="document">]]>
            </line>
            <line>
              <![CDATA[<div class="modal-content">]]>
            </line>
            <line>
              <![CDATA[<div class="modal-header text-white bg-info">]]>
            </line>
            <line>
              <![CDATA[<h5 class="modal-title" id="title1">Authorization</h5>]]>
            </line>
            <line>
              <![CDATA[<span class="h6 text-light ml-2 mt-2">(click on the Text to copy)</span>]]>
            </line>
            <line>
              <![CDATA[<button type="button" class="close" data-dismiss="modal" aria-label="Close">]]>
            </line>
            <line>
              <![CDATA[<span aria-hidden="true">&times;</span>]]>
            </line>
            <line>
              <![CDATA[</button>]]>
            </line>
            <line>
              <![CDATA[</div>]]>
            </line>
            <line>
              <![CDATA[<div onClick="copyMePlease(this)" class="modal-body">]]>
            </line>
            <line>
              <![CDATA[Basic YTNzRGVwbG95ZXI6QTNzRGVwbG95ZXIh]]>
            </line>
            <line>
              <![CDATA[</div>]]>
            </line>
            <line>
              <![CDATA[</div>]]>
            </line>
            <line>
              <![CDATA[</div>]]>
            </line>
            <line>
              <![CDATA[</div>]]>
            </line>
            <line>
              <![CDATA[</td>]]>
            </line>
            <line>
              <![CDATA[</tr>]]>
            </line>
            <line>
              <![CDATA[<tr><td class="text-dark font-weight-bold">Accept </td><td class="" > application/json </td></tr>]]>
            </line>
            <line>
              <![CDATA[<tr><td class="text-dark font-weight-bold">Content-Type </td><td class="" > application/json </td></tr>]]>
            </line>
            <line>
              <![CDATA[<tr>]]>
            </line>
            <line>
              <![CDATA[<td class="text-dark font-weight-bold" >Payload :</td>]]>
            </line>
            <line>
              <![CDATA[<td class="" >]]>
            </line>
            <line>
              <![CDATA[<a href="" class="alert-link" data-toggle="modal" data-target="#rest_assured_logger_modal_value_14">Show</a>]]>
            </line>
            <line>
              <![CDATA[<div class="modal fade"  id="rest_assured_logger_modal_value_14" tabindex="-1" role="dialog">]]>
            </line>
            <line>
              <![CDATA[<div class="modal-dialog" role="document">]]>
            </line>
            <line>
              <![CDATA[<div class="modal-content">]]>
            </line>
            <line>
              <![CDATA[<div class="modal-header text-white bg-info">]]>
            </line>
            <line>
              <![CDATA[<h5 class="modal-title" id="title1">Payload</h5>]]>
            </line>
            <line>
              <![CDATA[<span class="h6 text-light ml-2 mt-2">(click on the Text to copy)</span>]]>
            </line>
            <line>
              <![CDATA[<button type="button" class="close" data-dismiss="modal" aria-label="Close">]]>
            </line>
            <line>
              <![CDATA[<span aria-hidden="true">&times;</span>]]>
            </line>
            <line>
              <![CDATA[</button>]]>
            </line>
            <line>
              <![CDATA[</div>]]>
            </line>
            <line>
              <![CDATA[<div onClick="copyMePlease(this)" class="modal-body">]]>
            </line>
            <line>
              <![CDATA[{"users":[{"id":"Automation_AdminUser_85199968","userName":"Automation_AdminUser_85199968","userType":"UamsUser","password":"Unix11!","roles":["ChangeOwnershipRole","orderChangeOwnership","CatalogOne.importer","Write","GetCustomer","CreateCustomerEntity","SearchIndividual","PAP-Common","DeleteCreditProfile","csr","GetCustomerEntity","RetreivePaymentMethod","ProductOrderLauncherUpdate","CreateCustomer","AsmServicesAppIdentity","RetrieveCustomerEntity","AddRelatedParty","CreatePaymentMethod","UpdateCreditProfile","PAP-PU","AnonymousUserRole","ProductOrderLauncherRead","UpdateIndividual","ProductOrderLauncherDelete","RetrieveIndividual","DeleteIndividual","CreateIndividual","STS-Common","ProductOrderLauncherCreate","GetIndividual","EvaluateCreditProfile","AppTesterRole","RetrieveCustomer"],"a3sUserExtension":{"properties":{"OperatorID":154,"customerId":"Customer_43","salesChannel":"SelfService"}}}],"operation":{"deleteFirst":true,"updateExisting":false,"createNew":true,"returnProcessedObjects":true,"failOnError":false}}]]>
            </line>
            <line>
              <![CDATA[</div>]]>
            </line>
            <line>
              <![CDATA[</div>]]>
            </line>
            <line>
              <![CDATA[</div>]]>
            </line>
            <line>
              <![CDATA[</div>]]>
            </line>
            <line>
              <![CDATA[</td>]]>
            </line>
            <line>
              <![CDATA[</tr>]]>
            </line>
            <line>
              <![CDATA[<tr>]]>
            </line>
            <line>
              <![CDATA[<td class="text-dark font-weight-bold" >Response Header :</td>]]>
            </line>
            <line>
              <![CDATA[<td class="" >]]>
            </line>
            <line>
              <![CDATA[<a href="" class="alert-link" data-toggle="modal" data-target="#modal_value_5">Show</a>]]>
            </line>
            <line>
              <![CDATA[<div class="modal fade"  id="modal_value_5" tabindex="-1" role="dialog">]]>
            </line>
            <line>
              <![CDATA[<div class="modal-dialog" role="document">]]>
            </line>
            <line>
              <![CDATA[<div class="modal-content">]]>
            </line>
            <line>
              <![CDATA[<div class="modal-header text-white bg-info">]]>
            </line>
            <line>
              <![CDATA[<h5 class="modal-title" id="title1">Response Header</h5>]]>
            </line>
            <line>
              <![CDATA[<span class="h6 text-light ml-2 mt-2">(click on the Text to copy)</span>]]>
            </line>
            <line>
              <![CDATA[<button type="button" class="close" data-dismiss="modal" aria-label="Close">]]>
            </line>
            <line>
              <![CDATA[<span aria-hidden="true">&times;</span>]]>
            </line>
            <line>
              <![CDATA[</button>]]>
            </line>
            <line>
              <![CDATA[</div>]]>
            </line>
            <line>
              <![CDATA[<div onClick="copyMePlease(this)" class="modal-body">]]>
            </line>
            <line>
              <![CDATA[X-Content-Type-Options=nosniff
	X-XSS-Protection=1; mode=block
	Cache-Control=no-cache, no-store, max-age=0, must-revalidate
	Pragma=no-cache
	Expires=0
	X-Frame-Options=DENY
	X-Application-Context=application:9191
	Date=Tue, 18 Sep 2018 09:40:42 GMT
	Content-Type=application/json
	Content-Length=1693]]>
            </line>
            <line>
              <![CDATA[</div>]]>
            </line>
            <line>
              <![CDATA[</div>]]>
            </line>
            <line>
              <![CDATA[</div>]]>
            </line>
            <line>
              <![CDATA[</div>]]>
            </line>
            <line>
              <![CDATA[</td>]]>
            </line>
            <line>
              <![CDATA[</tr>]]>
            </line>
            <line>
              <![CDATA[<tr>]]>
            </line>
            <line>
              <![CDATA[<td class="text-dark font-weight-bold" >Response :</td>]]>
            </line>
            <line>
              <![CDATA[<td class="" >]]>
            </line>
            <line>
              <![CDATA[<a href="" class="alert-link" data-toggle="modal" data-target="#rest_assured_logger_modal_value_15">Show</a>]]>
            </line>
            <line>
              <![CDATA[<div class="modal fade"  id="rest_assured_logger_modal_value_15" tabindex="-1" role="dialog">]]>
            </line>
            <line>
              <![CDATA[<div class="modal-dialog" role="document">]]>
            </line>
            <line>
              <![CDATA[<div class="modal-content">]]>
            </line>
            <line>
              <![CDATA[<div class="modal-header text-white bg-info">]]>
            </line>
            <line>
              <![CDATA[<h5 class="modal-title" id="title1">Response</h5>]]>
            </line>
            <line>
              <![CDATA[<span class="h6 text-light ml-2 mt-2">(click on the Text to copy)</span>]]>
            </line>
            <line>
              <![CDATA[<button type="button" class="close" data-dismiss="modal" aria-label="Close">]]>
            </line>
            <line>
              <![CDATA[<span aria-hidden="true">&times;</span>]]>
            </line>
            <line>
              <![CDATA[</button>]]>
            </line>
            <line>
              <![CDATA[</div>]]>
            </line>
            <line>
              <![CDATA[<div onClick="copyMePlease(this)" class="modal-body">]]>
            </line>
            <line>
              <![CDATA[{"deletedUsers":[],"createdUsers":[{"schemas":["urn:ietf:params:scim:schemas:core:2.0:User","urn:ietf:params:scim:schemas:extension:com.amdocs.a3s:2.0:User"],"id":"Automation_AdminUser_85199968","userName":"Automation_AdminUser_85199968","userType":"UamsUser","active":false,"password":null,"roles":["ChangeOwnershipRole","csr","PAP-PU","RetreivePaymentMethod","EvaluateCreditProfile","RetrieveIndividual","GetCustomerEntity","RetrieveCustomer","DeleteCreditProfile","CatalogOne.importer","GetIndividual","AnonymousUserRole","orderChangeOwnership","GetCustomer","AsmServicesAppIdentity","CreatePaymentMethod","RetrieveCustomerEntity","ProductOrderLauncherUpdate","ProductOrderLauncherCreate","AppTesterRole","Write","AddRelatedParty","CreateCustomerEntity","CreateCustomer","CreateIndividual","STS-Common","UpdateCreditProfile","PAP-Common","ProductOrderLauncherDelete","SearchIndividual","DeleteIndividual","ProductOrderLauncherRead","UpdateIndividual"],"a3sUserExtension":{"expiration":32535122400000,"effectiveDate":0,"successLoginDate":0,"badLoginDate":0,"badLoginCount":0,"isAccountNonExpired":true,"isAccountNonLocked":true,"isEnabled":true,"isAccountNeverExpired":false,"isExpiring":false,"isInEffective":false,"isCredentialsNonExpired":true,"isCredentialsExpiring":false,"isCredentialsReset":false,"properties":{"salesChannel":"SelfService","OperatorID":154,"customerId":"Customer_43","UserType":"UamsUser"}},"metadata":{"resourceType":"User","created":1537228800000,"lastModified":1537228800000,"location":"http://ilocpde01w02.corp.amdocs.com:30525/asmServices/services/v1.0/users/bulk","version":null}}],"updatedUsers":[],"numDeleted":0,"numCreated":1,"numUpdated":0,"bulkErrors":[]}]]>
            </line>
            <line>
              <![CDATA[</div>]]>
            </line>
            <line>
              <![CDATA[</div>]]>
            </line>
            <line>
              <![CDATA[</div>]]>
            </line>
            <line>
              <![CDATA[</div>]]>
            </line>
            <line>
              <![CDATA[</td>]]>
            </line>
            <line>
              <![CDATA[</tr>]]>
            </line>
            <line>
              <![CDATA[<tr class="table-success"><td colspan="2">Response status: expected=201 actual=201; Value: true</td></tr>]]>
            </line>
            <line>
              <![CDATA[<tr class="table-info"><td class="text-dark font-weight-bold">Request Type </td><td class="" >POST</td></tr>]]>
            </line>
            <line>
              <![CDATA[<tr><td class="text-dark font-weight-bold">URI </td><td class="" > http://ilocpde01w02.corp.amdocs.com:30525/asmServices/services/v1.0/auth/tokens </td></tr>]]>
            </line>
            <line>
              <![CDATA[<tr><td class="text-dark font-weight-bold" colspan="2">Headers : </td></tr>]]>
            </line>
            <line>
              <![CDATA[<tr>]]>
            </line>
            <line>
              <![CDATA[<td class="text-dark font-weight-bold" >Authorization :</td>]]>
            </line>
            <line>
              <![CDATA[<td class="" >]]>
            </line>
            <line>
              <![CDATA[<a href="" class="alert-link" data-toggle="modal" data-target="#rest_assured_logger_modal_value_16">Show</a>]]>
            </line>
            <line>
              <![CDATA[<div class="modal fade"  id="rest_assured_logger_modal_value_16" tabindex="-1" role="dialog">]]>
            </line>
            <line>
              <![CDATA[<div class="modal-dialog" role="document">]]>
            </line>
            <line>
              <![CDATA[<div class="modal-content">]]>
            </line>
            <line>
              <![CDATA[<div class="modal-header text-white bg-info">]]>
            </line>
            <line>
              <![CDATA[<h5 class="modal-title" id="title1">Authorization</h5>]]>
            </line>
            <line>
              <![CDATA[<span class="h6 text-light ml-2 mt-2">(click on the Text to copy)</span>]]>
            </line>
            <line>
              <![CDATA[<button type="button" class="close" data-dismiss="modal" aria-label="Close">]]>
            </line>
            <line>
              <![CDATA[<span aria-hidden="true">&times;</span>]]>
            </line>
            <line>
              <![CDATA[</button>]]>
            </line>
            <line>
              <![CDATA[</div>]]>
            </line>
            <line>
              <![CDATA[<div onClick="copyMePlease(this)" class="modal-body">]]>
            </line>
            <line>
              <![CDATA[Basic TWFpbklzc3VlcjpVbml4MTEh]]>
            </line>
            <line>
              <![CDATA[</div>]]>
            </line>
            <line>
              <![CDATA[</div>]]>
            </line>
            <line>
              <![CDATA[</div>]]>
            </line>
            <line>
              <![CDATA[</div>]]>
            </line>
            <line>
              <![CDATA[</td>]]>
            </line>
            <line>
              <![CDATA[</tr>]]>
            </line>
            <line>
              <![CDATA[<tr><td class="text-dark font-weight-bold">Accept </td><td class="" > application/json </td></tr>]]>
            </line>
            <line>
              <![CDATA[<tr><td class="text-dark font-weight-bold">Content-Type </td><td class="" > application/json </td></tr>]]>
            </line>
            <line>
              <![CDATA[<tr>]]>
            </line>
            <line>
              <![CDATA[<td class="text-dark font-weight-bold" >Payload :</td>]]>
            </line>
            <line>
              <![CDATA[<td class="" >]]>
            </line>
            <line>
              <![CDATA[<a href="" class="alert-link" data-toggle="modal" data-target="#rest_assured_logger_modal_value_17">Show</a>]]>
            </line>
            <line>
              <![CDATA[<div class="modal fade"  id="rest_assured_logger_modal_value_17" tabindex="-1" role="dialog">]]>
            </line>
            <line>
              <![CDATA[<div class="modal-dialog" role="document">]]>
            </line>
            <line>
              <![CDATA[<div class="modal-content">]]>
            </line>
            <line>
              <![CDATA[<div class="modal-header text-white bg-info">]]>
            </line>
            <line>
              <![CDATA[<h5 class="modal-title" id="title1">Payload</h5>]]>
            </line>
            <line>
              <![CDATA[<span class="h6 text-light ml-2 mt-2">(click on the Text to copy)</span>]]>
            </line>
            <line>
              <![CDATA[<button type="button" class="close" data-dismiss="modal" aria-label="Close">]]>
            </line>
            <line>
              <![CDATA[<span aria-hidden="true">&times;</span>]]>
            </line>
            <line>
              <![CDATA[</button>]]>
            </line>
            <line>
              <![CDATA[</div>]]>
            </line>
            <line>
              <![CDATA[<div onClick="copyMePlease(this)" class="modal-body">]]>
            </line>
            <line>
              <![CDATA[{"auth":{"dialects":["A3S_Core_Public","Customer_Info"],"token-type":"JWT","token-expiration":null,"on-behalf-of":{"type":"USER_PASSWORD","user-credentials":{"username":"Automation_AdminUser_85199968","password":"Unix11!"}}}}]]>
            </line>
            <line>
              <![CDATA[</div>]]>
            </line>
            <line>
              <![CDATA[</div>]]>
            </line>
            <line>
              <![CDATA[</div>]]>
            </line>
            <line>
              <![CDATA[</div>]]>
            </line>
            <line>
              <![CDATA[</td>]]>
            </line>
            <line>
              <![CDATA[</tr>]]>
            </line>
            <line>
              <![CDATA[<tr>]]>
            </line>
            <line>
              <![CDATA[<td class="text-dark font-weight-bold" >Response Header :</td>]]>
            </line>
            <line>
              <![CDATA[<td class="" >]]>
            </line>
            <line>
              <![CDATA[<a href="" class="alert-link" data-toggle="modal" data-target="#modal_value_6">Show</a>]]>
            </line>
            <line>
              <![CDATA[<div class="modal fade"  id="modal_value_6" tabindex="-1" role="dialog">]]>
            </line>
            <line>
              <![CDATA[<div class="modal-dialog" role="document">]]>
            </line>
            <line>
              <![CDATA[<div class="modal-content">]]>
            </line>
            <line>
              <![CDATA[<div class="modal-header text-white bg-info">]]>
            </line>
            <line>
              <![CDATA[<h5 class="modal-title" id="title1">Response Header</h5>]]>
            </line>
            <line>
              <![CDATA[<span class="h6 text-light ml-2 mt-2">(click on the Text to copy)</span>]]>
            </line>
            <line>
              <![CDATA[<button type="button" class="close" data-dismiss="modal" aria-label="Close">]]>
            </line>
            <line>
              <![CDATA[<span aria-hidden="true">&times;</span>]]>
            </line>
            <line>
              <![CDATA[</button>]]>
            </line>
            <line>
              <![CDATA[</div>]]>
            </line>
            <line>
              <![CDATA[<div onClick="copyMePlease(this)" class="modal-body">]]>
            </line>
            <line>
              <![CDATA[X-Content-Type-Options=nosniff
	X-XSS-Protection=1; mode=block
	Cache-Control=no-cache, no-store, max-age=0, must-revalidate
	Pragma=no-cache
	Expires=0
	X-Frame-Options=DENY
	X-Application-Context=application:9191
	Date=Tue, 18 Sep 2018 09:40:42 GMT
	Content-Type=application/json
	Content-Length=1761]]>
            </line>
            <line>
              <![CDATA[</div>]]>
            </line>
            <line>
              <![CDATA[</div>]]>
            </line>
            <line>
              <![CDATA[</div>]]>
            </line>
            <line>
              <![CDATA[</div>]]>
            </line>
            <line>
              <![CDATA[</td>]]>
            </line>
            <line>
              <![CDATA[</tr>]]>
            </line>
            <line>
              <![CDATA[<tr>]]>
            </line>
            <line>
              <![CDATA[<td class="text-dark font-weight-bold" >Response :</td>]]>
            </line>
            <line>
              <![CDATA[<td class="" >]]>
            </line>
            <line>
              <![CDATA[<a href="" class="alert-link" data-toggle="modal" data-target="#rest_assured_logger_modal_value_18">Show</a>]]>
            </line>
            <line>
              <![CDATA[<div class="modal fade"  id="rest_assured_logger_modal_value_18" tabindex="-1" role="dialog">]]>
            </line>
            <line>
              <![CDATA[<div class="modal-dialog" role="document">]]>
            </line>
            <line>
              <![CDATA[<div class="modal-content">]]>
            </line>
            <line>
              <![CDATA[<div class="modal-header text-white bg-info">]]>
            </line>
            <line>
              <![CDATA[<h5 class="modal-title" id="title1">Response</h5>]]>
            </line>
            <line>
              <![CDATA[<span class="h6 text-light ml-2 mt-2">(click on the Text to copy)</span>]]>
            </line>
            <line>
              <![CDATA[<button type="button" class="close" data-dismiss="modal" aria-label="Close">]]>
            </line>
            <line>
              <![CDATA[<span aria-hidden="true">&times;</span>]]>
            </line>
            <line>
              <![CDATA[</button>]]>
            </line>
            <line>
              <![CDATA[</div>]]>
            </line>
            <line>
              <![CDATA[<div onClick="copyMePlease(this)" class="modal-body">]]>
            </line>
            <line>
              <![CDATA[{"subjectToken":"eyJ4NXQjUzI1NiI6IkxEbGVvYldaYmVZcG9pb0Q0R1hrMWp3US8rUWd1MUs1eXNzQ1JpN3BtelE9IiwidHlwIjoiSldUIiwiYWxnIjoiUlMyNTYifQ.eyJzdWIiOiJBdXRvbWF0aW9uX0FkbWluVXNlcl84NTE5OTk2OCIsInJvbGVzIjpbIlJldHJpZXZlQ3VzdG9tZXIiLCJEZWxldGVDcmVkaXRQcm9maWxlIiwiR2V0Q3VzdG9tZXJFbnRpdHkiLCJDaGFuZ2VPd25lcnNoaXBSb2xlIiwiQ3JlYXRlQ3VzdG9tZXIiLCJQcm9kdWN0T3JkZXJMYXVuY2hlclVwZGF0ZSIsIkNhdGFsb2dPbmUuaW1wb3J0ZXIiLCJQcm9kdWN0T3JkZXJMYXVuY2hlckRlbGV0ZSIsIkNyZWF0ZVBheW1lbnRNZXRob2QiLCJHZXRDdXN0b21lciIsIkFzbVNlcnZpY2VzQXBwSWRlbnRpdHkiLCJBbm9ueW1vdXNVc2VyUm9sZSIsIlNlYXJjaEluZGl2aWR1YWwiLCJSZXRyaWV2ZUluZGl2aWR1YWwiLCJQQVAtUFUiLCJHZXRJbmRpdmlkdWFsIiwiV3JpdGUiLCJBZGRSZWxhdGVkUGFydHkiLCJBcHBUZXN0ZXJSb2xlIiwib3JkZXJDaGFuZ2VPd25lcnNoaXAiLCJSZXRyZWl2ZVBheW1lbnRNZXRob2QiLCJDcmVhdGVJbmRpdmlkdWFsIiwiU1RTLUNvbW1vbiIsIlBBUC1Db21tb24iLCJQcm9kdWN0T3JkZXJMYXVuY2hlckNyZWF0ZSIsIkV2YWx1YXRlQ3JlZGl0UHJvZmlsZSIsIkRlbGV0ZUluZGl2aWR1YWwiLCJVcGRhdGVJbmRpdmlkdWFsIiwiUHJvZHVjdE9yZGVyTGF1bmNoZXJSZWFkIiwiY3NyIiwiUmV0cmlldmVDdXN0b21lckVudGl0eSIsIlVwZGF0ZUNyZWRpdFByb2ZpbGUiLCJDcmVhdGVDdXN0b21lckVudGl0eSJdLCJjdXN0b21lcklkIjoiQ3VzdG9tZXJfNDMiLCJpc3MiOiJBM1Nab25lMUBBM1MuYW1kb2NzLmNvbSIsIm9pdCI6MTUzNzI2MzY0Miwic2FsZXNDaGFubmVsIjoiU2VsZlNlcnZpY2UiLCJleHAiOjE1MzcyNzA4NDIsImlhdCI6MTUzNzI2MzY0MiwidHRsIjoxNTM3MjkyNDQyLCJqdGkiOiJhMzYzOGMxOGM2MWUwMjBhNTcwYzlkMjI1MmJiYjU1NzcyNjg0NWVmMzYwNTZmZjZiZmVmNTgzNzdmOTJjYWJiIn0.LERi9evv87MvnLPHn9KQqCN7_s1gcpDAY4VY_Z_05WhIdKU4JfopIAPE2mLE5mOl7sSwZcRzGORMviWw2PXF21-6AM3EdmxJcEUBQWjDRfD9z_x6z-fDk8G0GuzYhp1f2l4qrb6AHJ7iKCyOzd90dQ4qQPn81rUAGcZ5vt4qukg9Ty6W-g3bVdD2imvBEVxyRAuoawNgRBZQgUzBa-7MkMrCYKijVEVlWgTCaddwcOzp7bJ9if033J8c_wWppi1-D2GRWoIU-QnTAUZio1h1oiMTFw_5zpzx2FHXIPkP-uhtilo4CfSZ0eF1BL2n_u7c6PIhHRTdo0iYYeuIoDWUmA","subjectTokenExpiration":"1537270842000"}]]>
            </line>
            <line>
              <![CDATA[</div>]]>
            </line>
            <line>
              <![CDATA[</div>]]>
            </line>
            <line>
              <![CDATA[</div>]]>
            </line>
            <line>
              <![CDATA[</div>]]>
            </line>
            <line>
              <![CDATA[</td>]]>
            </line>
            <line>
              <![CDATA[</tr>]]>
            </line>
            <line>
              <![CDATA[<tr class="table-info"><td class="text-dark font-weight-bold">Request Type </td><td class="" >POST</td></tr>]]>
            </line>
            <line>
              <![CDATA[<tr><td class="text-dark font-weight-bold">URI </td><td class="" > http://ilocpde01w26.corp.amdocs.com:30261/partyManagement/v1/individual?salesChannel=CallCenter </td></tr>]]>
            </line>
            <line>
              <![CDATA[<tr><td class="text-dark font-weight-bold" colspan="2">Headers : </td></tr>]]>
            </line>
            <line>
              <![CDATA[<tr>]]>
            </line>
            <line>
              <![CDATA[<td class="text-dark font-weight-bold" >Authorization :</td>]]>
            </line>
            <line>
              <![CDATA[<td class="" >]]>
            </line>
            <line>
              <![CDATA[<a href="" class="alert-link" data-toggle="modal" data-target="#rest_assured_logger_modal_value_19">Show</a>]]>
            </line>
            <line>
              <![CDATA[<div class="modal fade"  id="rest_assured_logger_modal_value_19" tabindex="-1" role="dialog">]]>
            </line>
            <line>
              <![CDATA[<div class="modal-dialog" role="document">]]>
            </line>
            <line>
              <![CDATA[<div class="modal-content">]]>
            </line>
            <line>
              <![CDATA[<div class="modal-header text-white bg-info">]]>
            </line>
            <line>
              <![CDATA[<h5 class="modal-title" id="title1">Authorization</h5>]]>
            </line>
            <line>
              <![CDATA[<span class="h6 text-light ml-2 mt-2">(click on the Text to copy)</span>]]>
            </line>
            <line>
              <![CDATA[<button type="button" class="close" data-dismiss="modal" aria-label="Close">]]>
            </line>
            <line>
              <![CDATA[<span aria-hidden="true">&times;</span>]]>
            </line>
            <line>
              <![CDATA[</button>]]>
            </line>
            <line>
              <![CDATA[</div>]]>
            </line>
            <line>
              <![CDATA[<div onClick="copyMePlease(this)" class="modal-body">]]>
            </line>
            <line>
              <![CDATA[Bearer eyJ4NXQjUzI1NiI6IkxEbGVvYldaYmVZcG9pb0Q0R1hrMWp3US8rUWd1MUs1eXNzQ1JpN3BtelE9IiwidHlwIjoiSldUIiwiYWxnIjoiUlMyNTYifQ.eyJzdWIiOiJBdXRvbWF0aW9uX0FkbWluVXNlcl84NTE5OTk2OCIsInJvbGVzIjpbIlJldHJpZXZlQ3VzdG9tZXIiLCJEZWxldGVDcmVkaXRQcm9maWxlIiwiR2V0Q3VzdG9tZXJFbnRpdHkiLCJDaGFuZ2VPd25lcnNoaXBSb2xlIiwiQ3JlYXRlQ3VzdG9tZXIiLCJQcm9kdWN0T3JkZXJMYXVuY2hlclVwZGF0ZSIsIkNhdGFsb2dPbmUuaW1wb3J0ZXIiLCJQcm9kdWN0T3JkZXJMYXVuY2hlckRlbGV0ZSIsIkNyZWF0ZVBheW1lbnRNZXRob2QiLCJHZXRDdXN0b21lciIsIkFzbVNlcnZpY2VzQXBwSWRlbnRpdHkiLCJBbm9ueW1vdXNVc2VyUm9sZSIsIlNlYXJjaEluZGl2aWR1YWwiLCJSZXRyaWV2ZUluZGl2aWR1YWwiLCJQQVAtUFUiLCJHZXRJbmRpdmlkdWFsIiwiV3JpdGUiLCJBZGRSZWxhdGVkUGFydHkiLCJBcHBUZXN0ZXJSb2xlIiwib3JkZXJDaGFuZ2VPd25lcnNoaXAiLCJSZXRyZWl2ZVBheW1lbnRNZXRob2QiLCJDcmVhdGVJbmRpdmlkdWFsIiwiU1RTLUNvbW1vbiIsIlBBUC1Db21tb24iLCJQcm9kdWN0T3JkZXJMYXVuY2hlckNyZWF0ZSIsIkV2YWx1YXRlQ3JlZGl0UHJvZmlsZSIsIkRlbGV0ZUluZGl2aWR1YWwiLCJVcGRhdGVJbmRpdmlkdWFsIiwiUHJvZHVjdE9yZGVyTGF1bmNoZXJSZWFkIiwiY3NyIiwiUmV0cmlldmVDdXN0b21lckVudGl0eSIsIlVwZGF0ZUNyZWRpdFByb2ZpbGUiLCJDcmVhdGVDdXN0b21lckVudGl0eSJdLCJjdXN0b21lcklkIjoiQ3VzdG9tZXJfNDMiLCJpc3MiOiJBM1Nab25lMUBBM1MuYW1kb2NzLmNvbSIsIm9pdCI6MTUzNzI2MzY0Miwic2FsZXNDaGFubmVsIjoiU2VsZlNlcnZpY2UiLCJleHAiOjE1MzcyNzA4NDIsImlhdCI6MTUzNzI2MzY0MiwidHRsIjoxNTM3MjkyNDQyLCJqdGkiOiJhMzYzOGMxOGM2MWUwMjBhNTcwYzlkMjI1MmJiYjU1NzcyNjg0NWVmMzYwNTZmZjZiZmVmNTgzNzdmOTJjYWJiIn0.LERi9evv87MvnLPHn9KQqCN7_s1gcpDAY4VY_Z_05WhIdKU4JfopIAPE2mLE5mOl7sSwZcRzGORMviWw2PXF21-6AM3EdmxJcEUBQWjDRfD9z_x6z-fDk8G0GuzYhp1f2l4qrb6AHJ7iKCyOzd90dQ4qQPn81rUAGcZ5vt4qukg9Ty6W-g3bVdD2imvBEVxyRAuoawNgRBZQgUzBa-7MkMrCYKijVEVlWgTCaddwcOzp7bJ9if033J8c_wWppi1-D2GRWoIU-QnTAUZio1h1oiMTFw_5zpzx2FHXIPkP-uhtilo4CfSZ0eF1BL2n_u7c6PIhHRTdo0iYYeuIoDWUmA]]>
            </line>
            <line>
              <![CDATA[</div>]]>
            </line>
            <line>
              <![CDATA[</div>]]>
            </line>
            <line>
              <![CDATA[</div>]]>
            </line>
            <line>
              <![CDATA[</div>]]>
            </line>
            <line>
              <![CDATA[</td>]]>
            </line>
            <line>
              <![CDATA[</tr>]]>
            </line>
            <line>
              <![CDATA[<tr><td class="text-dark font-weight-bold">Accept-Language </td><td class="" > en_US </td></tr>]]>
            </line>
            <line>
              <![CDATA[<tr><td class="text-dark font-weight-bold">Content-Type </td><td class="" > application/json </td></tr>]]>
            </line>
            <line>
              <![CDATA[<tr>]]>
            </line>
            <line>
              <![CDATA[<td class="text-dark font-weight-bold" >Payload :</td>]]>
            </line>
            <line>
              <![CDATA[<td class="" >]]>
            </line>
            <line>
              <![CDATA[<a href="" class="alert-link" data-toggle="modal" data-target="#rest_assured_logger_modal_value_20">Show</a>]]>
            </line>
            <line>
              <![CDATA[<div class="modal fade"  id="rest_assured_logger_modal_value_20" tabindex="-1" role="dialog">]]>
            </line>
            <line>
              <![CDATA[<div class="modal-dialog" role="document">]]>
            </line>
            <line>
              <![CDATA[<div class="modal-content">]]>
            </line>
            <line>
              <![CDATA[<div class="modal-header text-white bg-info">]]>
            </line>
            <line>
              <![CDATA[<h5 class="modal-title" id="title1">Payload</h5>]]>
            </line>
            <line>
              <![CDATA[<span class="h6 text-light ml-2 mt-2">(click on the Text to copy)</span>]]>
            </line>
            <line>
              <![CDATA[<button type="button" class="close" data-dismiss="modal" aria-label="Close">]]>
            </line>
            <line>
              <![CDATA[<span aria-hidden="true">&times;</span>]]>
            </line>
            <line>
              <![CDATA[</button>]]>
            </line>
            <line>
              <![CDATA[</div>]]>
            </line>
            <line>
              <![CDATA[<div onClick="copyMePlease(this)" class="modal-body">]]>
            </line>
            <line>
              <![CDATA[{
  "role": "role",
  "gender": "Male",
  "formattedName": "formattedName",
  "displayStatus": "displayStatus",
  "language": "language",
  "title": "Mr.",
  "displayResidencyType": "displayResidencyType",
  "displayTitle": "displayTitle",
  "personRank": 0,
  "countryOfBirth": "India",
  "familyName": "Romi",
  "deathDate": "2017-08-18T12:16:47.447Z",
  "id": "id",
  "href": "href",
  "profileImageURL": "profileImageURL",
  "placeOfBirth": "Raebareli",
  "givenName": "Romi",
  "displayMaritalStatus": "displayMaritalStatus",
  "fullName": "fullName",
  "relatedParty": [
    {
      "role": "Primary",
      "validFor": {
        "startDateTime": "1980-08-18T12:16:47.448Z",
        "endDateTime": "2017-08-18T12:16:47.448Z"
      },
      "name": "individualRelParty",
      "id": "12",
      "href": "href",
      "type": "Customer"
    }
  ],
  "birthDate": "1980-08-18T12:16:47.447Z",
  "nationality": "Indian",
  "preferredGivenName": "preferredGivenName",
  "displayGender": "displayGender",
  "middleName": "middleName8986",
  "location": "http://goo.gl/maps/l8F9L",
  "displayId": "displayId",
  "maritalStatus": "Single",
  "status": "status",
  "residencyType": "Own"
}]]>
            </line>
            <line>
              <![CDATA[</div>]]>
            </line>
            <line>
              <![CDATA[</div>]]>
            </line>
            <line>
              <![CDATA[</div>]]>
            </line>
            <line>
              <![CDATA[</div>]]>
            </line>
            <line>
              <![CDATA[</td>]]>
            </line>
            <line>
              <![CDATA[</tr>]]>
            </line>
            <line>
              <![CDATA[<tr>]]>
            </line>
            <line>
              <![CDATA[<td class="text-dark font-weight-bold" >Response Header :</td>]]>
            </line>
            <line>
              <![CDATA[<td class="" >]]>
            </line>
            <line>
              <![CDATA[<a href="" class="alert-link" data-toggle="modal" data-target="#modal_value_7">Show</a>]]>
            </line>
            <line>
              <![CDATA[<div class="modal fade"  id="modal_value_7" tabindex="-1" role="dialog">]]>
            </line>
            <line>
              <![CDATA[<div class="modal-dialog" role="document">]]>
            </line>
            <line>
              <![CDATA[<div class="modal-content">]]>
            </line>
            <line>
              <![CDATA[<div class="modal-header text-white bg-info">]]>
            </line>
            <line>
              <![CDATA[<h5 class="modal-title" id="title1">Response Header</h5>]]>
            </line>
            <line>
              <![CDATA[<span class="h6 text-light ml-2 mt-2">(click on the Text to copy)</span>]]>
            </line>
            <line>
              <![CDATA[<button type="button" class="close" data-dismiss="modal" aria-label="Close">]]>
            </line>
            <line>
              <![CDATA[<span aria-hidden="true">&times;</span>]]>
            </line>
            <line>
              <![CDATA[</button>]]>
            </line>
            <line>
              <![CDATA[</div>]]>
            </line>
            <line>
              <![CDATA[<div onClick="copyMePlease(this)" class="modal-body">]]>
            </line>
            <line>
              <![CDATA[X-Content-Type-Options=nosniff
	X-XSS-Protection=1; mode=block
	Cache-Control=no-cache, no-store, max-age=0, must-revalidate
	Pragma=no-cache
	Expires=0
	X-Frame-Options=DENY
	X-Application-Context=party-individual-ms:8080
	ETag=Individual_40755=1537263643760132096
	Content-Type=application/json;charset=UTF-8
	Transfer-Encoding=chunked
	Date=Tue, 18 Sep 2018 09:40:43 GMT]]>
            </line>
            <line>
              <![CDATA[</div>]]>
            </line>
            <line>
              <![CDATA[</div>]]>
            </line>
            <line>
              <![CDATA[</div>]]>
            </line>
            <line>
              <![CDATA[</div>]]>
            </line>
            <line>
              <![CDATA[</td>]]>
            </line>
            <line>
              <![CDATA[</tr>]]>
            </line>
            <line>
              <![CDATA[<tr>]]>
            </line>
            <line>
              <![CDATA[<td class="text-dark font-weight-bold" >Response :</td>]]>
            </line>
            <line>
              <![CDATA[<td class="" >]]>
            </line>
            <line>
              <![CDATA[<a href="" class="alert-link" data-toggle="modal" data-target="#rest_assured_logger_modal_value_21">Show</a>]]>
            </line>
            <line>
              <![CDATA[<div class="modal fade"  id="rest_assured_logger_modal_value_21" tabindex="-1" role="dialog">]]>
            </line>
            <line>
              <![CDATA[<div class="modal-dialog" role="document">]]>
            </line>
            <line>
              <![CDATA[<div class="modal-content">]]>
            </line>
            <line>
              <![CDATA[<div class="modal-header text-white bg-info">]]>
            </line>
            <line>
              <![CDATA[<h5 class="modal-title" id="title1">Response</h5>]]>
            </line>
            <line>
              <![CDATA[<span class="h6 text-light ml-2 mt-2">(click on the Text to copy)</span>]]>
            </line>
            <line>
              <![CDATA[<button type="button" class="close" data-dismiss="modal" aria-label="Close">]]>
            </line>
            <line>
              <![CDATA[<span aria-hidden="true">&times;</span>]]>
            </line>
            <line>
              <![CDATA[</button>]]>
            </line>
            <line>
              <![CDATA[</div>]]>
            </line>
            <line>
              <![CDATA[<div onClick="copyMePlease(this)" class="modal-body">]]>
            </line>
            <line>
              <![CDATA[{"id":"Individual_40755","href":"http://party-individual-service:8080/partyManagement/v1/individual/Individual_40755","givenName":"Romi","middleName":"middleName8986","familyName":"Romi","formattedName":"Mr. Romi Romi","fullName":"Romi middleName8986 Romi","preferredGivenName":"preferredGivenName","displayId":"1879149868","birthDate":"1980-08-18T12:16:47.447Z","countryOfBirth":"India","deathDate":"2017-08-18T12:16:47.447Z","gender":"Male","displayGender":null,"location":"http://goo.gl/maps/l8F9L","maritalStatus":"Single","displayMaritalStatus":null,"nationality":"Indian","placeOfBirth":"Raebareli","status":"status","displayStatus":null,"residencyType":"Own","displayResidencyType":null,"title":"Mr.","displayTitle":null,"language":"language","personRank":0,"profileImageURL":"profileImageURL","contactMedium":[],"relatedParty":[{"id":"12","href":"http://related-party-service:8080/relatedPartyManagement/v1/relatedParty/12","name":"individualRelParty","role":"Primary","type":"Customer","validFor":{"startDateTime":"1980-08-18T12:16:47.448Z","endDateTime":"2017-08-18T12:16:47.448Z"}}],"disability":[],"identification":[],"characteristic":[],"otherName":[],"externalReference":[],"profilePicture":null,"InfluenceScore":[],"controlFields":{"createdBy":"Automation_AdminUser_85199968","createdOn":"2018-09-18T09:40:43.815Z","lastModifiedBy":"Automation_AdminUser_85199968","lastModifiedOn":"2018-09-18T09:40:43.815Z","modelVersion":null}}]]>
            </line>
            <line>
              <![CDATA[</div>]]>
            </line>
            <line>
              <![CDATA[</div>]]>
            </line>
            <line>
              <![CDATA[</div>]]>
            </line>
            <line>
              <![CDATA[</div>]]>
            </line>
            <line>
              <![CDATA[</td>]]>
            </line>
            <line>
              <![CDATA[</tr>]]>
            </line>
            <line>
              <![CDATA[<tr class="table-success"><td colspan="2">Response status: expected=201 actual=201; Value: true</td></tr>]]>
            </line>
            <line>
              <![CDATA[<tr class="table-light"><td colspan="2">JSON file loaded successfully. File: /src/test/resources/ct/payload/Customer/IndividualCustomer.json</td></tr>]]>
            </line>
            <line>
              <![CDATA[<tr class="table-light"><td colspan="2">JSON value updated. JSON path: $.engagedParty.id; Value: Individual_40755</td></tr>]]>
            </line>
            <line>
              <![CDATA[<tr class="table-light"><td colspan="2">JSON file loaded successfully. File: /src/test/resources/ct/payload/A3S/User.json</td></tr>]]>
            </line>
            <line>
              <![CDATA[<tr class="table-light"><td colspan="2">JSON value updated. JSON path: $.users[0].id; Value: Automation_AdminUser_395798831</td></tr>]]>
            </line>
            <line>
              <![CDATA[<tr class="table-light"><td colspan="2">JSON value updated. JSON path: $.users[0].userName; Value: Automation_AdminUser_395798831</td></tr>]]>
            </line>
            <line>
              <![CDATA[<tr class="table-light"><td colspan="2">JSON value updated. JSON path: $.users[0].password; Value: Unix11!</td></tr>]]>
            </line>
            <line>
              <![CDATA[<tr class="table-light"><td colspan="2">JSON value updated. JSON path: $.users[0].roles; Value: [Ljava.lang.String;@7e70bd39</td></tr>]]>
            </line>
            <line>
              <![CDATA[<tr class="table-light"><td colspan="2">JSON value updated. JSON path: $.users[0].a3sUserExtension.properties.customerId; Value: Customer_43</td></tr>]]>
            </line>
            <line>
              <![CDATA[<tr class="table-light"><td colspan="2">JSON value updated. JSON path: $.users[0].a3sUserExtension.properties.salesChannel; Value: SelfService</td></tr>]]>
            </line>
            <line>
              <![CDATA[<tr class="table-info"><td class="text-dark font-weight-bold">Request Type </td><td class="" >POST</td></tr>]]>
            </line>
            <line>
              <![CDATA[<tr><td class="text-dark font-weight-bold">URI </td><td class="" > http://ilocpde01w02.corp.amdocs.com:30525/asmServices/services/v1.0/users/bulk </td></tr>]]>
            </line>
            <line>
              <![CDATA[<tr><td class="text-dark font-weight-bold" colspan="2">Headers : </td></tr>]]>
            </line>
            <line>
              <![CDATA[<tr>]]>
            </line>
            <line>
              <![CDATA[<td class="text-dark font-weight-bold" >Authorization :</td>]]>
            </line>
            <line>
              <![CDATA[<td class="" >]]>
            </line>
            <line>
              <![CDATA[<a href="" class="alert-link" data-toggle="modal" data-target="#rest_assured_logger_modal_value_22">Show</a>]]>
            </line>
            <line>
              <![CDATA[<div class="modal fade"  id="rest_assured_logger_modal_value_22" tabindex="-1" role="dialog">]]>
            </line>
            <line>
              <![CDATA[<div class="modal-dialog" role="document">]]>
            </line>
            <line>
              <![CDATA[<div class="modal-content">]]>
            </line>
            <line>
              <![CDATA[<div class="modal-header text-white bg-info">]]>
            </line>
            <line>
              <![CDATA[<h5 class="modal-title" id="title1">Authorization</h5>]]>
            </line>
            <line>
              <![CDATA[<span class="h6 text-light ml-2 mt-2">(click on the Text to copy)</span>]]>
            </line>
            <line>
              <![CDATA[<button type="button" class="close" data-dismiss="modal" aria-label="Close">]]>
            </line>
            <line>
              <![CDATA[<span aria-hidden="true">&times;</span>]]>
            </line>
            <line>
              <![CDATA[</button>]]>
            </line>
            <line>
              <![CDATA[</div>]]>
            </line>
            <line>
              <![CDATA[<div onClick="copyMePlease(this)" class="modal-body">]]>
            </line>
            <line>
              <![CDATA[Basic YTNzRGVwbG95ZXI6QTNzRGVwbG95ZXIh]]>
            </line>
            <line>
              <![CDATA[</div>]]>
            </line>
            <line>
              <![CDATA[</div>]]>
            </line>
            <line>
              <![CDATA[</div>]]>
            </line>
            <line>
              <![CDATA[</div>]]>
            </line>
            <line>
              <![CDATA[</td>]]>
            </line>
            <line>
              <![CDATA[</tr>]]>
            </line>
            <line>
              <![CDATA[<tr><td class="text-dark font-weight-bold">Accept </td><td class="" > application/json </td></tr>]]>
            </line>
            <line>
              <![CDATA[<tr><td class="text-dark font-weight-bold">Content-Type </td><td class="" > application/json </td></tr>]]>
            </line>
            <line>
              <![CDATA[<tr>]]>
            </line>
            <line>
              <![CDATA[<td class="text-dark font-weight-bold" >Payload :</td>]]>
            </line>
            <line>
              <![CDATA[<td class="" >]]>
            </line>
            <line>
              <![CDATA[<a href="" class="alert-link" data-toggle="modal" data-target="#rest_assured_logger_modal_value_23">Show</a>]]>
            </line>
            <line>
              <![CDATA[<div class="modal fade"  id="rest_assured_logger_modal_value_23" tabindex="-1" role="dialog">]]>
            </line>
            <line>
              <![CDATA[<div class="modal-dialog" role="document">]]>
            </line>
            <line>
              <![CDATA[<div class="modal-content">]]>
            </line>
            <line>
              <![CDATA[<div class="modal-header text-white bg-info">]]>
            </line>
            <line>
              <![CDATA[<h5 class="modal-title" id="title1">Payload</h5>]]>
            </line>
            <line>
              <![CDATA[<span class="h6 text-light ml-2 mt-2">(click on the Text to copy)</span>]]>
            </line>
            <line>
              <![CDATA[<button type="button" class="close" data-dismiss="modal" aria-label="Close">]]>
            </line>
            <line>
              <![CDATA[<span aria-hidden="true">&times;</span>]]>
            </line>
            <line>
              <![CDATA[</button>]]>
            </line>
            <line>
              <![CDATA[</div>]]>
            </line>
            <line>
              <![CDATA[<div onClick="copyMePlease(this)" class="modal-body">]]>
            </line>
            <line>
              <![CDATA[{"users":[{"id":"Automation_AdminUser_395798831","userName":"Automation_AdminUser_395798831","userType":"UamsUser","password":"Unix11!","roles":["ChangeOwnershipRole","orderChangeOwnership","CatalogOne.importer","Write","GetCustomer","CreateCustomerEntity","SearchIndividual","PAP-Common","DeleteCreditProfile","csr","GetCustomerEntity","RetreivePaymentMethod","ProductOrderLauncherUpdate","CreateCustomer","AsmServicesAppIdentity","RetrieveCustomerEntity","AddRelatedParty","CreatePaymentMethod","UpdateCreditProfile","PAP-PU","AnonymousUserRole","ProductOrderLauncherRead","UpdateIndividual","ProductOrderLauncherDelete","RetrieveIndividual","DeleteIndividual","CreateIndividual","STS-Common","ProductOrderLauncherCreate","GetIndividual","EvaluateCreditProfile","AppTesterRole","RetrieveCustomer"],"a3sUserExtension":{"properties":{"OperatorID":154,"customerId":"Customer_43","salesChannel":"SelfService"}}}],"operation":{"deleteFirst":true,"updateExisting":false,"createNew":true,"returnProcessedObjects":true,"failOnError":false}}]]>
            </line>
            <line>
              <![CDATA[</div>]]>
            </line>
            <line>
              <![CDATA[</div>]]>
            </line>
            <line>
              <![CDATA[</div>]]>
            </line>
            <line>
              <![CDATA[</div>]]>
            </line>
            <line>
              <![CDATA[</td>]]>
            </line>
            <line>
              <![CDATA[</tr>]]>
            </line>
            <line>
              <![CDATA[<tr>]]>
            </line>
            <line>
              <![CDATA[<td class="text-dark font-weight-bold" >Response Header :</td>]]>
            </line>
            <line>
              <![CDATA[<td class="" >]]>
            </line>
            <line>
              <![CDATA[<a href="" class="alert-link" data-toggle="modal" data-target="#modal_value_8">Show</a>]]>
            </line>
            <line>
              <![CDATA[<div class="modal fade"  id="modal_value_8" tabindex="-1" role="dialog">]]>
            </line>
            <line>
              <![CDATA[<div class="modal-dialog" role="document">]]>
            </line>
            <line>
              <![CDATA[<div class="modal-content">]]>
            </line>
            <line>
              <![CDATA[<div class="modal-header text-white bg-info">]]>
            </line>
            <line>
              <![CDATA[<h5 class="modal-title" id="title1">Response Header</h5>]]>
            </line>
            <line>
              <![CDATA[<span class="h6 text-light ml-2 mt-2">(click on the Text to copy)</span>]]>
            </line>
            <line>
              <![CDATA[<button type="button" class="close" data-dismiss="modal" aria-label="Close">]]>
            </line>
            <line>
              <![CDATA[<span aria-hidden="true">&times;</span>]]>
            </line>
            <line>
              <![CDATA[</button>]]>
            </line>
            <line>
              <![CDATA[</div>]]>
            </line>
            <line>
              <![CDATA[<div onClick="copyMePlease(this)" class="modal-body">]]>
            </line>
            <line>
              <![CDATA[X-Content-Type-Options=nosniff
	X-XSS-Protection=1; mode=block
	Cache-Control=no-cache, no-store, max-age=0, must-revalidate
	Pragma=no-cache
	Expires=0
	X-Frame-Options=DENY
	X-Application-Context=application:9191
	Date=Tue, 18 Sep 2018 09:40:44 GMT
	Content-Type=application/json
	Content-Length=1695]]>
            </line>
            <line>
              <![CDATA[</div>]]>
            </line>
            <line>
              <![CDATA[</div>]]>
            </line>
            <line>
              <![CDATA[</div>]]>
            </line>
            <line>
              <![CDATA[</div>]]>
            </line>
            <line>
              <![CDATA[</td>]]>
            </line>
            <line>
              <![CDATA[</tr>]]>
            </line>
            <line>
              <![CDATA[<tr>]]>
            </line>
            <line>
              <![CDATA[<td class="text-dark font-weight-bold" >Response :</td>]]>
            </line>
            <line>
              <![CDATA[<td class="" >]]>
            </line>
            <line>
              <![CDATA[<a href="" class="alert-link" data-toggle="modal" data-target="#rest_assured_logger_modal_value_24">Show</a>]]>
            </line>
            <line>
              <![CDATA[<div class="modal fade"  id="rest_assured_logger_modal_value_24" tabindex="-1" role="dialog">]]>
            </line>
            <line>
              <![CDATA[<div class="modal-dialog" role="document">]]>
            </line>
            <line>
              <![CDATA[<div class="modal-content">]]>
            </line>
            <line>
              <![CDATA[<div class="modal-header text-white bg-info">]]>
            </line>
            <line>
              <![CDATA[<h5 class="modal-title" id="title1">Response</h5>]]>
            </line>
            <line>
              <![CDATA[<span class="h6 text-light ml-2 mt-2">(click on the Text to copy)</span>]]>
            </line>
            <line>
              <![CDATA[<button type="button" class="close" data-dismiss="modal" aria-label="Close">]]>
            </line>
            <line>
              <![CDATA[<span aria-hidden="true">&times;</span>]]>
            </line>
            <line>
              <![CDATA[</button>]]>
            </line>
            <line>
              <![CDATA[</div>]]>
            </line>
            <line>
              <![CDATA[<div onClick="copyMePlease(this)" class="modal-body">]]>
            </line>
            <line>
              <![CDATA[{"deletedUsers":[],"createdUsers":[{"schemas":["urn:ietf:params:scim:schemas:core:2.0:User","urn:ietf:params:scim:schemas:extension:com.amdocs.a3s:2.0:User"],"id":"Automation_AdminUser_395798831","userName":"Automation_AdminUser_395798831","userType":"UamsUser","active":false,"password":null,"roles":["Write","GetCustomer","GetCustomerEntity","UpdateCreditProfile","STS-Common","CatalogOne.importer","EvaluateCreditProfile","PAP-Common","CreateCustomerEntity","ProductOrderLauncherUpdate","CreatePaymentMethod","GetIndividual","AppTesterRole","AsmServicesAppIdentity","UpdateIndividual","ProductOrderLauncherRead","ProductOrderLauncherDelete","RetreivePaymentMethod","DeleteIndividual","orderChangeOwnership","CreateIndividual","RetrieveCustomer","CreateCustomer","SearchIndividual","AddRelatedParty","ChangeOwnershipRole","RetrieveCustomerEntity","ProductOrderLauncherCreate","AnonymousUserRole","csr","PAP-PU","RetrieveIndividual","DeleteCreditProfile"],"a3sUserExtension":{"expiration":32535122400000,"effectiveDate":0,"successLoginDate":0,"badLoginDate":0,"badLoginCount":0,"isAccountNonExpired":true,"isAccountNonLocked":true,"isEnabled":true,"isAccountNeverExpired":false,"isExpiring":false,"isInEffective":false,"isCredentialsNonExpired":true,"isCredentialsExpiring":false,"isCredentialsReset":false,"properties":{"salesChannel":"SelfService","OperatorID":154,"customerId":"Customer_43","UserType":"UamsUser"}},"metadata":{"resourceType":"User","created":1537228800000,"lastModified":1537228800000,"location":"http://ilocpde01w02.corp.amdocs.com:30525/asmServices/services/v1.0/users/bulk","version":null}}],"updatedUsers":[],"numDeleted":0,"numCreated":1,"numUpdated":0,"bulkErrors":[]}]]>
            </line>
            <line>
              <![CDATA[</div>]]>
            </line>
            <line>
              <![CDATA[</div>]]>
            </line>
            <line>
              <![CDATA[</div>]]>
            </line>
            <line>
              <![CDATA[</div>]]>
            </line>
            <line>
              <![CDATA[</td>]]>
            </line>
            <line>
              <![CDATA[</tr>]]>
            </line>
            <line>
              <![CDATA[<tr class="table-success"><td colspan="2">Response status: expected=201 actual=201; Value: true</td></tr>]]>
            </line>
            <line>
              <![CDATA[<tr class="table-info"><td class="text-dark font-weight-bold">Request Type </td><td class="" >POST</td></tr>]]>
            </line>
            <line>
              <![CDATA[<tr><td class="text-dark font-weight-bold">URI </td><td class="" > http://ilocpde01w02.corp.amdocs.com:30525/asmServices/services/v1.0/auth/tokens </td></tr>]]>
            </line>
            <line>
              <![CDATA[<tr><td class="text-dark font-weight-bold" colspan="2">Headers : </td></tr>]]>
            </line>
            <line>
              <![CDATA[<tr>]]>
            </line>
            <line>
              <![CDATA[<td class="text-dark font-weight-bold" >Authorization :</td>]]>
            </line>
            <line>
              <![CDATA[<td class="" >]]>
            </line>
            <line>
              <![CDATA[<a href="" class="alert-link" data-toggle="modal" data-target="#rest_assured_logger_modal_value_25">Show</a>]]>
            </line>
            <line>
              <![CDATA[<div class="modal fade"  id="rest_assured_logger_modal_value_25" tabindex="-1" role="dialog">]]>
            </line>
            <line>
              <![CDATA[<div class="modal-dialog" role="document">]]>
            </line>
            <line>
              <![CDATA[<div class="modal-content">]]>
            </line>
            <line>
              <![CDATA[<div class="modal-header text-white bg-info">]]>
            </line>
            <line>
              <![CDATA[<h5 class="modal-title" id="title1">Authorization</h5>]]>
            </line>
            <line>
              <![CDATA[<span class="h6 text-light ml-2 mt-2">(click on the Text to copy)</span>]]>
            </line>
            <line>
              <![CDATA[<button type="button" class="close" data-dismiss="modal" aria-label="Close">]]>
            </line>
            <line>
              <![CDATA[<span aria-hidden="true">&times;</span>]]>
            </line>
            <line>
              <![CDATA[</button>]]>
            </line>
            <line>
              <![CDATA[</div>]]>
            </line>
            <line>
              <![CDATA[<div onClick="copyMePlease(this)" class="modal-body">]]>
            </line>
            <line>
              <![CDATA[Basic TWFpbklzc3VlcjpVbml4MTEh]]>
            </line>
            <line>
              <![CDATA[</div>]]>
            </line>
            <line>
              <![CDATA[</div>]]>
            </line>
            <line>
              <![CDATA[</div>]]>
            </line>
            <line>
              <![CDATA[</div>]]>
            </line>
            <line>
              <![CDATA[</td>]]>
            </line>
            <line>
              <![CDATA[</tr>]]>
            </line>
            <line>
              <![CDATA[<tr><td class="text-dark font-weight-bold">Accept </td><td class="" > application/json </td></tr>]]>
            </line>
            <line>
              <![CDATA[<tr><td class="text-dark font-weight-bold">Content-Type </td><td class="" > application/json </td></tr>]]>
            </line>
            <line>
              <![CDATA[<tr>]]>
            </line>
            <line>
              <![CDATA[<td class="text-dark font-weight-bold" >Payload :</td>]]>
            </line>
            <line>
              <![CDATA[<td class="" >]]>
            </line>
            <line>
              <![CDATA[<a href="" class="alert-link" data-toggle="modal" data-target="#rest_assured_logger_modal_value_26">Show</a>]]>
            </line>
            <line>
              <![CDATA[<div class="modal fade"  id="rest_assured_logger_modal_value_26" tabindex="-1" role="dialog">]]>
            </line>
            <line>
              <![CDATA[<div class="modal-dialog" role="document">]]>
            </line>
            <line>
              <![CDATA[<div class="modal-content">]]>
            </line>
            <line>
              <![CDATA[<div class="modal-header text-white bg-info">]]>
            </line>
            <line>
              <![CDATA[<h5 class="modal-title" id="title1">Payload</h5>]]>
            </line>
            <line>
              <![CDATA[<span class="h6 text-light ml-2 mt-2">(click on the Text to copy)</span>]]>
            </line>
            <line>
              <![CDATA[<button type="button" class="close" data-dismiss="modal" aria-label="Close">]]>
            </line>
            <line>
              <![CDATA[<span aria-hidden="true">&times;</span>]]>
            </line>
            <line>
              <![CDATA[</button>]]>
            </line>
            <line>
              <![CDATA[</div>]]>
            </line>
            <line>
              <![CDATA[<div onClick="copyMePlease(this)" class="modal-body">]]>
            </line>
            <line>
              <![CDATA[{"auth":{"dialects":["A3S_Core_Public","Customer_Info"],"token-type":"JWT","token-expiration":null,"on-behalf-of":{"type":"USER_PASSWORD","user-credentials":{"username":"Automation_AdminUser_395798831","password":"Unix11!"}}}}]]>
            </line>
            <line>
              <![CDATA[</div>]]>
            </line>
            <line>
              <![CDATA[</div>]]>
            </line>
            <line>
              <![CDATA[</div>]]>
            </line>
            <line>
              <![CDATA[</div>]]>
            </line>
            <line>
              <![CDATA[</td>]]>
            </line>
            <line>
              <![CDATA[</tr>]]>
            </line>
            <line>
              <![CDATA[<tr>]]>
            </line>
            <line>
              <![CDATA[<td class="text-dark font-weight-bold" >Response Header :</td>]]>
            </line>
            <line>
              <![CDATA[<td class="" >]]>
            </line>
            <line>
              <![CDATA[<a href="" class="alert-link" data-toggle="modal" data-target="#modal_value_9">Show</a>]]>
            </line>
            <line>
              <![CDATA[<div class="modal fade"  id="modal_value_9" tabindex="-1" role="dialog">]]>
            </line>
            <line>
              <![CDATA[<div class="modal-dialog" role="document">]]>
            </line>
            <line>
              <![CDATA[<div class="modal-content">]]>
            </line>
            <line>
              <![CDATA[<div class="modal-header text-white bg-info">]]>
            </line>
            <line>
              <![CDATA[<h5 class="modal-title" id="title1">Response Header</h5>]]>
            </line>
            <line>
              <![CDATA[<span class="h6 text-light ml-2 mt-2">(click on the Text to copy)</span>]]>
            </line>
            <line>
              <![CDATA[<button type="button" class="close" data-dismiss="modal" aria-label="Close">]]>
            </line>
            <line>
              <![CDATA[<span aria-hidden="true">&times;</span>]]>
            </line>
            <line>
              <![CDATA[</button>]]>
            </line>
            <line>
              <![CDATA[</div>]]>
            </line>
            <line>
              <![CDATA[<div onClick="copyMePlease(this)" class="modal-body">]]>
            </line>
            <line>
              <![CDATA[X-Content-Type-Options=nosniff
	X-XSS-Protection=1; mode=block
	Cache-Control=no-cache, no-store, max-age=0, must-revalidate
	Pragma=no-cache
	Expires=0
	X-Frame-Options=DENY
	X-Application-Context=application:9191
	Date=Tue, 18 Sep 2018 09:40:44 GMT
	Content-Type=application/json
	Content-Length=1762]]>
            </line>
            <line>
              <![CDATA[</div>]]>
            </line>
            <line>
              <![CDATA[</div>]]>
            </line>
            <line>
              <![CDATA[</div>]]>
            </line>
            <line>
              <![CDATA[</div>]]>
            </line>
            <line>
              <![CDATA[</td>]]>
            </line>
            <line>
              <![CDATA[</tr>]]>
            </line>
            <line>
              <![CDATA[<tr>]]>
            </line>
            <line>
              <![CDATA[<td class="text-dark font-weight-bold" >Response :</td>]]>
            </line>
            <line>
              <![CDATA[<td class="" >]]>
            </line>
            <line>
              <![CDATA[<a href="" class="alert-link" data-toggle="modal" data-target="#rest_assured_logger_modal_value_27">Show</a>]]>
            </line>
            <line>
              <![CDATA[<div class="modal fade"  id="rest_assured_logger_modal_value_27" tabindex="-1" role="dialog">]]>
            </line>
            <line>
              <![CDATA[<div class="modal-dialog" role="document">]]>
            </line>
            <line>
              <![CDATA[<div class="modal-content">]]>
            </line>
            <line>
              <![CDATA[<div class="modal-header text-white bg-info">]]>
            </line>
            <line>
              <![CDATA[<h5 class="modal-title" id="title1">Response</h5>]]>
            </line>
            <line>
              <![CDATA[<span class="h6 text-light ml-2 mt-2">(click on the Text to copy)</span>]]>
            </line>
            <line>
              <![CDATA[<button type="button" class="close" data-dismiss="modal" aria-label="Close">]]>
            </line>
            <line>
              <![CDATA[<span aria-hidden="true">&times;</span>]]>
            </line>
            <line>
              <![CDATA[</button>]]>
            </line>
            <line>
              <![CDATA[</div>]]>
            </line>
            <line>
              <![CDATA[<div onClick="copyMePlease(this)" class="modal-body">]]>
            </line>
            <line>
              <![CDATA[{"subjectToken":"eyJ4NXQjUzI1NiI6IkxEbGVvYldaYmVZcG9pb0Q0R1hrMWp3US8rUWd1MUs1eXNzQ1JpN3BtelE9IiwidHlwIjoiSldUIiwiYWxnIjoiUlMyNTYifQ.eyJzdWIiOiJBdXRvbWF0aW9uX0FkbWluVXNlcl8zOTU3OTg4MzEiLCJyb2xlcyI6WyJHZXRDdXN0b21lckVudGl0eSIsIldyaXRlIiwiUmV0cmlldmVDdXN0b21lckVudGl0eSIsIlByb2R1Y3RPcmRlckxhdW5jaGVyVXBkYXRlIiwiR2V0SW5kaXZpZHVhbCIsIlByb2R1Y3RPcmRlckxhdW5jaGVyQ3JlYXRlIiwiUEFQLUNvbW1vbiIsIkRlbGV0ZUNyZWRpdFByb2ZpbGUiLCJSZXRyZWl2ZVBheW1lbnRNZXRob2QiLCJDcmVhdGVJbmRpdmlkdWFsIiwiQ3JlYXRlQ3VzdG9tZXIiLCJTVFMtQ29tbW9uIiwiQXBwVGVzdGVyUm9sZSIsImNzciIsIkV2YWx1YXRlQ3JlZGl0UHJvZmlsZSIsIkFub255bW91c1VzZXJSb2xlIiwiQ2F0YWxvZ09uZS5pbXBvcnRlciIsIkRlbGV0ZUluZGl2aWR1YWwiLCJHZXRDdXN0b21lciIsIlVwZGF0ZUNyZWRpdFByb2ZpbGUiLCJVcGRhdGVJbmRpdmlkdWFsIiwiUmV0cmlldmVJbmRpdmlkdWFsIiwiQ2hhbmdlT3duZXJzaGlwUm9sZSIsIkFkZFJlbGF0ZWRQYXJ0eSIsIlBBUC1QVSIsIlJldHJpZXZlQ3VzdG9tZXIiLCJTZWFyY2hJbmRpdmlkdWFsIiwiQXNtU2VydmljZXNBcHBJZGVudGl0eSIsIlByb2R1Y3RPcmRlckxhdW5jaGVyUmVhZCIsIlByb2R1Y3RPcmRlckxhdW5jaGVyRGVsZXRlIiwiQ3JlYXRlQ3VzdG9tZXJFbnRpdHkiLCJvcmRlckNoYW5nZU93bmVyc2hpcCIsIkNyZWF0ZVBheW1lbnRNZXRob2QiXSwiY3VzdG9tZXJJZCI6IkN1c3RvbWVyXzQzIiwiaXNzIjoiQTNTWm9uZTFAQTNTLmFtZG9jcy5jb20iLCJvaXQiOjE1MzcyNjM2NDQsInNhbGVzQ2hhbm5lbCI6IlNlbGZTZXJ2aWNlIiwiZXhwIjoxNTM3MjcwODQ0LCJpYXQiOjE1MzcyNjM2NDQsInR0bCI6MTUzNzI5MjQ0NCwianRpIjoiMWUyMmY1NTNjYTIzMzI1Mzk1ODg5M2NhYmJiM2QxY2I4OTQ5NzQ4YjRhMGNjNGQzYmY5OTY3Y2E4MDE2ZTY0ZSJ9.QHWC3aQTtk88HdNWrSn8gLkT-oT0I6ih9vXon20zda48x9nDh22CJVjMwn5IybAOXJm7j0GJ_PAdyd-3wpIw8DIDXPxEUEw-qLPiTWJkkoRujUJaHSb9RWJUhRB9VADghjhiH8uSf9xU1M9HPKVtGx6OzLLtZg9PvRpjmUjPW94YSbZcTti5DfPr2miG2VnFNR-tgdlZP8w5lxmrnYyeOyou9Iwivi616uJXrm_gAEcswDFKQtlX6xjAa69avvZYGa3-ZPrhZe8v1PyJTTsogOmVQr5awa0322MKUruPO13oZSHx3RpItPHJptHK9lZnN1eh-ft_53GFLIWD51mbVw","subjectTokenExpiration":"1537270844000"}]]>
            </line>
            <line>
              <![CDATA[</div>]]>
            </line>
            <line>
              <![CDATA[</div>]]>
            </line>
            <line>
              <![CDATA[</div>]]>
            </line>
            <line>
              <![CDATA[</div>]]>
            </line>
            <line>
              <![CDATA[</td>]]>
            </line>
            <line>
              <![CDATA[</tr>]]>
            </line>
            <line>
              <![CDATA[<tr class="table-info"><td class="text-dark font-weight-bold">Request Type </td><td class="" >POST</td></tr>]]>
            </line>
            <line>
              <![CDATA[<tr><td class="text-dark font-weight-bold">URI </td><td class="" > http://ilocpde01w26.corp.amdocs.com:32354/customerManagement/v1/customer?salesChannel=CallCenter </td></tr>]]>
            </line>
            <line>
              <![CDATA[<tr><td class="text-dark font-weight-bold" colspan="2">Headers : </td></tr>]]>
            </line>
            <line>
              <![CDATA[<tr>]]>
            </line>
            <line>
              <![CDATA[<td class="text-dark font-weight-bold" >Authorization :</td>]]>
            </line>
            <line>
              <![CDATA[<td class="" >]]>
            </line>
            <line>
              <![CDATA[<a href="" class="alert-link" data-toggle="modal" data-target="#rest_assured_logger_modal_value_28">Show</a>]]>
            </line>
            <line>
              <![CDATA[<div class="modal fade"  id="rest_assured_logger_modal_value_28" tabindex="-1" role="dialog">]]>
            </line>
            <line>
              <![CDATA[<div class="modal-dialog" role="document">]]>
            </line>
            <line>
              <![CDATA[<div class="modal-content">]]>
            </line>
            <line>
              <![CDATA[<div class="modal-header text-white bg-info">]]>
            </line>
            <line>
              <![CDATA[<h5 class="modal-title" id="title1">Authorization</h5>]]>
            </line>
            <line>
              <![CDATA[<span class="h6 text-light ml-2 mt-2">(click on the Text to copy)</span>]]>
            </line>
            <line>
              <![CDATA[<button type="button" class="close" data-dismiss="modal" aria-label="Close">]]>
            </line>
            <line>
              <![CDATA[<span aria-hidden="true">&times;</span>]]>
            </line>
            <line>
              <![CDATA[</button>]]>
            </line>
            <line>
              <![CDATA[</div>]]>
            </line>
            <line>
              <![CDATA[<div onClick="copyMePlease(this)" class="modal-body">]]>
            </line>
            <line>
              <![CDATA[Bearer eyJ4NXQjUzI1NiI6IkxEbGVvYldaYmVZcG9pb0Q0R1hrMWp3US8rUWd1MUs1eXNzQ1JpN3BtelE9IiwidHlwIjoiSldUIiwiYWxnIjoiUlMyNTYifQ.eyJzdWIiOiJBdXRvbWF0aW9uX0FkbWluVXNlcl8zOTU3OTg4MzEiLCJyb2xlcyI6WyJHZXRDdXN0b21lckVudGl0eSIsIldyaXRlIiwiUmV0cmlldmVDdXN0b21lckVudGl0eSIsIlByb2R1Y3RPcmRlckxhdW5jaGVyVXBkYXRlIiwiR2V0SW5kaXZpZHVhbCIsIlByb2R1Y3RPcmRlckxhdW5jaGVyQ3JlYXRlIiwiUEFQLUNvbW1vbiIsIkRlbGV0ZUNyZWRpdFByb2ZpbGUiLCJSZXRyZWl2ZVBheW1lbnRNZXRob2QiLCJDcmVhdGVJbmRpdmlkdWFsIiwiQ3JlYXRlQ3VzdG9tZXIiLCJTVFMtQ29tbW9uIiwiQXBwVGVzdGVyUm9sZSIsImNzciIsIkV2YWx1YXRlQ3JlZGl0UHJvZmlsZSIsIkFub255bW91c1VzZXJSb2xlIiwiQ2F0YWxvZ09uZS5pbXBvcnRlciIsIkRlbGV0ZUluZGl2aWR1YWwiLCJHZXRDdXN0b21lciIsIlVwZGF0ZUNyZWRpdFByb2ZpbGUiLCJVcGRhdGVJbmRpdmlkdWFsIiwiUmV0cmlldmVJbmRpdmlkdWFsIiwiQ2hhbmdlT3duZXJzaGlwUm9sZSIsIkFkZFJlbGF0ZWRQYXJ0eSIsIlBBUC1QVSIsIlJldHJpZXZlQ3VzdG9tZXIiLCJTZWFyY2hJbmRpdmlkdWFsIiwiQXNtU2VydmljZXNBcHBJZGVudGl0eSIsIlByb2R1Y3RPcmRlckxhdW5jaGVyUmVhZCIsIlByb2R1Y3RPcmRlckxhdW5jaGVyRGVsZXRlIiwiQ3JlYXRlQ3VzdG9tZXJFbnRpdHkiLCJvcmRlckNoYW5nZU93bmVyc2hpcCIsIkNyZWF0ZVBheW1lbnRNZXRob2QiXSwiY3VzdG9tZXJJZCI6IkN1c3RvbWVyXzQzIiwiaXNzIjoiQTNTWm9uZTFAQTNTLmFtZG9jcy5jb20iLCJvaXQiOjE1MzcyNjM2NDQsInNhbGVzQ2hhbm5lbCI6IlNlbGZTZXJ2aWNlIiwiZXhwIjoxNTM3MjcwODQ0LCJpYXQiOjE1MzcyNjM2NDQsInR0bCI6MTUzNzI5MjQ0NCwianRpIjoiMWUyMmY1NTNjYTIzMzI1Mzk1ODg5M2NhYmJiM2QxY2I4OTQ5NzQ4YjRhMGNjNGQzYmY5OTY3Y2E4MDE2ZTY0ZSJ9.QHWC3aQTtk88HdNWrSn8gLkT-oT0I6ih9vXon20zda48x9nDh22CJVjMwn5IybAOXJm7j0GJ_PAdyd-3wpIw8DIDXPxEUEw-qLPiTWJkkoRujUJaHSb9RWJUhRB9VADghjhiH8uSf9xU1M9HPKVtGx6OzLLtZg9PvRpjmUjPW94YSbZcTti5DfPr2miG2VnFNR-tgdlZP8w5lxmrnYyeOyou9Iwivi616uJXrm_gAEcswDFKQtlX6xjAa69avvZYGa3-ZPrhZe8v1PyJTTsogOmVQr5awa0322MKUruPO13oZSHx3RpItPHJptHK9lZnN1eh-ft_53GFLIWD51mbVw]]>
            </line>
            <line>
              <![CDATA[</div>]]>
            </line>
            <line>
              <![CDATA[</div>]]>
            </line>
            <line>
              <![CDATA[</div>]]>
            </line>
            <line>
              <![CDATA[</div>]]>
            </line>
            <line>
              <![CDATA[</td>]]>
            </line>
            <line>
              <![CDATA[</tr>]]>
            </line>
            <line>
              <![CDATA[<tr><td class="text-dark font-weight-bold">Accept-Language </td><td class="" > en_US </td></tr>]]>
            </line>
            <line>
              <![CDATA[<tr><td class="text-dark font-weight-bold">Content-Type </td><td class="" > application/json </td></tr>]]>
            </line>
            <line>
              <![CDATA[<tr>]]>
            </line>
            <line>
              <![CDATA[<td class="text-dark font-weight-bold" >Payload :</td>]]>
            </line>
            <line>
              <![CDATA[<td class="" >]]>
            </line>
            <line>
              <![CDATA[<a href="" class="alert-link" data-toggle="modal" data-target="#rest_assured_logger_modal_value_29">Show</a>]]>
            </line>
            <line>
              <![CDATA[<div class="modal fade"  id="rest_assured_logger_modal_value_29" tabindex="-1" role="dialog">]]>
            </line>
            <line>
              <![CDATA[<div class="modal-dialog" role="document">]]>
            </line>
            <line>
              <![CDATA[<div class="modal-content">]]>
            </line>
            <line>
              <![CDATA[<div class="modal-header text-white bg-info">]]>
            </line>
            <line>
              <![CDATA[<h5 class="modal-title" id="title1">Payload</h5>]]>
            </line>
            <line>
              <![CDATA[<span class="h6 text-light ml-2 mt-2">(click on the Text to copy)</span>]]>
            </line>
            <line>
              <![CDATA[<button type="button" class="close" data-dismiss="modal" aria-label="Close">]]>
            </line>
            <line>
              <![CDATA[<span aria-hidden="true">&times;</span>]]>
            </line>
            <line>
              <![CDATA[</button>]]>
            </line>
            <line>
              <![CDATA[</div>]]>
            </line>
            <line>
              <![CDATA[<div onClick="copyMePlease(this)" class="modal-body">]]>
            </line>
            <line>
              <![CDATA[{"acquisitionDate":"2017-10-25T05:57:48.843Z","contactMedium":[{"validFor":{"startDateTime":"2017-08-18T12:16:47.448Z","endDateTime":"2017-08-18T12:16:47.448Z"},"id":"1212","type":"Email","preferred":true,"characteristic":{"country":"India","town":"Town","city":"Pune","streetNumber":"StreetNumber","latitude":"tt","externalId":"111","type":"Business","room":"300","number":"+915327","buildingName":"Italia","emailAddress":"Auto7545@amdocs.com","postOfficeBox":"PO","streetName":"Laxmi","stateOrProvince":"CA","postCode":"12345","street1":"Street1","street2":"Street2","floor":"1","status":"Status","longitude":"tt"}}],"customerSubType":"Individual","validFor":{"startDateTime":"2017-08-18T12:16:47.448Z","endDateTime":"2017-08-18T12:16:47.448Z"},"description":"nothing to describe","displayStatus":"String","characteristic":[{"name":"Amit8651_characteristic","value":"Reading"}],"customerType":"Residential","statusReason":"statusReason","controlFields":{"createdBy":"createdBy","modelVersion":"modelVersion","lastModifiedBy":"lastModifiedBy","createdOn":"2017-09-29T05:20:22.131Z","lastModifiedOn":"2017-09-29T05:20:22.131Z"},"name":"Amit8651","rank":0,"id":"1233","href":"href","displayCustomerType":"Residential","displayId":"displayId","displayCustomerSubType":"Individual","engagedParty":{"type":"PartyRef","id":"Individual_40755"},"account":[{"type":"FinancialAccountValue","name":"Amit8651_account","description":"description","id":"1112","href":"href"}],"status":"active"}]]>
            </line>
            <line>
              <![CDATA[</div>]]>
            </line>
            <line>
              <![CDATA[</div>]]>
            </line>
            <line>
              <![CDATA[</div>]]>
            </line>
            <line>
              <![CDATA[</div>]]>
            </line>
            <line>
              <![CDATA[</td>]]>
            </line>
            <line>
              <![CDATA[</tr>]]>
            </line>
            <line>
              <![CDATA[<tr>]]>
            </line>
            <line>
              <![CDATA[<td class="text-dark font-weight-bold" >Response Header :</td>]]>
            </line>
            <line>
              <![CDATA[<td class="" >]]>
            </line>
            <line>
              <![CDATA[<a href="" class="alert-link" data-toggle="modal" data-target="#modal_value_10">Show</a>]]>
            </line>
            <line>
              <![CDATA[<div class="modal fade"  id="modal_value_10" tabindex="-1" role="dialog">]]>
            </line>
            <line>
              <![CDATA[<div class="modal-dialog" role="document">]]>
            </line>
            <line>
              <![CDATA[<div class="modal-content">]]>
            </line>
            <line>
              <![CDATA[<div class="modal-header text-white bg-info">]]>
            </line>
            <line>
              <![CDATA[<h5 class="modal-title" id="title1">Response Header</h5>]]>
            </line>
            <line>
              <![CDATA[<span class="h6 text-light ml-2 mt-2">(click on the Text to copy)</span>]]>
            </line>
            <line>
              <![CDATA[<button type="button" class="close" data-dismiss="modal" aria-label="Close">]]>
            </line>
            <line>
              <![CDATA[<span aria-hidden="true">&times;</span>]]>
            </line>
            <line>
              <![CDATA[</button>]]>
            </line>
            <line>
              <![CDATA[</div>]]>
            </line>
            <line>
              <![CDATA[<div onClick="copyMePlease(this)" class="modal-body">]]>
            </line>
            <line>
              <![CDATA[X-Content-Type-Options=nosniff
	X-XSS-Protection=1; mode=block
	Cache-Control=no-cache, no-store, max-age=0, must-revalidate
	Pragma=no-cache
	Expires=0
	X-Frame-Options=DENY
	X-Application-Context=customer-customer-ms:8080
	Content-Type=application/json;charset=UTF-8
	Transfer-Encoding=chunked
	Date=Tue, 18 Sep 2018 09:40:45 GMT]]>
            </line>
            <line>
              <![CDATA[</div>]]>
            </line>
            <line>
              <![CDATA[</div>]]>
            </line>
            <line>
              <![CDATA[</div>]]>
            </line>
            <line>
              <![CDATA[</div>]]>
            </line>
            <line>
              <![CDATA[</td>]]>
            </line>
            <line>
              <![CDATA[</tr>]]>
            </line>
            <line>
              <![CDATA[<tr>]]>
            </line>
            <line>
              <![CDATA[<td class="text-dark font-weight-bold" >Response :</td>]]>
            </line>
            <line>
              <![CDATA[<td class="" >]]>
            </line>
            <line>
              <![CDATA[<a href="" class="alert-link" data-toggle="modal" data-target="#rest_assured_logger_modal_value_30">Show</a>]]>
            </line>
            <line>
              <![CDATA[<div class="modal fade"  id="rest_assured_logger_modal_value_30" tabindex="-1" role="dialog">]]>
            </line>
            <line>
              <![CDATA[<div class="modal-dialog" role="document">]]>
            </line>
            <line>
              <![CDATA[<div class="modal-content">]]>
            </line>
            <line>
              <![CDATA[<div class="modal-header text-white bg-info">]]>
            </line>
            <line>
              <![CDATA[<h5 class="modal-title" id="title1">Response</h5>]]>
            </line>
            <line>
              <![CDATA[<span class="h6 text-light ml-2 mt-2">(click on the Text to copy)</span>]]>
            </line>
            <line>
              <![CDATA[<button type="button" class="close" data-dismiss="modal" aria-label="Close">]]>
            </line>
            <line>
              <![CDATA[<span aria-hidden="true">&times;</span>]]>
            </line>
            <line>
              <![CDATA[</button>]]>
            </line>
            <line>
              <![CDATA[</div>]]>
            </line>
            <line>
              <![CDATA[<div onClick="copyMePlease(this)" class="modal-body">]]>
            </line>
            <line>
              <![CDATA[{"id":"Customer_40306","href":null,"name":"Amit8651","status":"active","displayStatus":null,"statusReason":"statusReason","validFor":{"startDateTime":"2017-08-18T12:16:47.448Z","endDateTime":"2017-08-18T12:16:47.448Z"},"characteristic":[{"name":"Amit8651_characteristic","value":"Reading"}],"engagedParty":{"type":"PartyRef","type":"PartyRef","refType":null,"id":"Individual_40755","href":"http://party-individual-service:8080/partyManagement/v1/individual/Individual_40755","name":"Romi middleName8986 Romi"},"relatedParty":[{"id":"Individual_40755","href":"http://party-individual-service:8080/partyManagement/v1/individual/Individual_40755","name":"Romi middleName8986 Romi","role":"Primary","type":"Customer","validFor":{"startDateTime":"2017-08-18T12:16:47.448Z","endDateTime":"2017-08-18T12:16:47.448Z"}}],"account":[{"type":"AccountRef","id":"FinancialAccount_40002","href":"http://financialaccount-financialaccount-service:8080/financialaccount/v1/financialAccount/FinancialAccount_40002","name":"Amit8651_account","description":"description","type":"FinancialAccount","preferred":null},{"type":"AccountRef","id":"BillingAccount_39832","href":"http://account-billingaccount-service:8080/accountManagement/v1/BillingAccount_39832","name":"Amit8651","description":null,"type":"BillingAccount","preferred":true}],"paymentMethod":null,"creditProfile":null,"contactMedium":[{"id":"Customer_40306_Customer_40306_ContactMedium_40040","type":"Email","preferred":true,"validFor":{"startDateTime":"2017-08-18T12:16:47.448Z","endDateTime":"2017-08-18T12:16:47.448Z"},"characteristic":{"type":"Business","emailAddress":"Auto7545@amdocs.com","number":"+915327","city":"Pune","country":"India","postCode":"12345","stateOrProvince":"CA","street1":"Street1","street2":"Street2","postOfficeBox":"PO","room":"300","floor":"1","buildingName":"Italia","streetName":"Laxmi","streetNumber":"StreetNumber","town":"Town","status":"Status","longitude":"tt","latitude":"tt","externalId":"111"}}],"customerType":"Residential","displayCustomerType":null,"customerSubType":"Individual","displayCustomerSubType":null,"displayId":"802378898","acquisitionDate":"2017-10-25T05:57:48.843Z","description":"nothing to describe","rank":0,"controlFields":{"createdBy":"Automation_AdminUser_395798831","createdOn":"2018-09-18T09:40:45.21Z","lastModifiedBy":"Automation_AdminUser_395798831","lastModifiedOn":"2018-09-18T09:40:45.21Z","modelVersion":null}}]]>
            </line>
            <line>
              <![CDATA[</div>]]>
            </line>
            <line>
              <![CDATA[</div>]]>
            </line>
            <line>
              <![CDATA[</div>]]>
            </line>
            <line>
              <![CDATA[</div>]]>
            </line>
            <line>
              <![CDATA[</td>]]>
            </line>
            <line>
              <![CDATA[</tr>]]>
            </line>
            <line>
              <![CDATA[<tr class="table-success"><td colspan="2">Response status: expected=201 actual=201; Value: true</td></tr>]]>
            </line>
            <line>
              <![CDATA[<tr class="table-light"><td colspan="2">Customer of type Individual is successfully created</td></tr>]]>
            </line>
            <line>
              <![CDATA[<tr class="table-light"><td colspan="2">JSON file loaded successfully. File: /src/test/resources/ct/payload/A3S/User.json</td></tr>]]>
            </line>
            <line>
              <![CDATA[<tr class="table-light"><td colspan="2">JSON value updated. JSON path: $.users[0].id; Value: Automation_208086670_Individual</td></tr>]]>
            </line>
            <line>
              <![CDATA[<tr class="table-light"><td colspan="2">JSON value updated. JSON path: $.users[0].userName; Value: Automation_208086670_Individual</td></tr>]]>
            </line>
            <line>
              <![CDATA[<tr class="table-light"><td colspan="2">JSON value updated. JSON path: $.users[0].password; Value: Unix11!</td></tr>]]>
            </line>
            <line>
              <![CDATA[<tr class="table-light"><td colspan="2">JSON value updated. JSON path: $.users[0].roles; Value: [Ljava.lang.String;@7e70bd39</td></tr>]]>
            </line>
            <line>
              <![CDATA[<tr class="table-light"><td colspan="2">JSON value updated. JSON path: $.users[0].a3sUserExtension.properties.customerId; Value: Customer_40306</td></tr>]]>
            </line>
            <line>
              <![CDATA[<tr class="table-light"><td colspan="2">JSON value updated. JSON path: $.users[0].a3sUserExtension.properties.salesChannel; Value: CallCenter</td></tr>]]>
            </line>
            <line>
              <![CDATA[<tr class="table-info"><td class="text-dark font-weight-bold">Request Type </td><td class="" >POST</td></tr>]]>
            </line>
            <line>
              <![CDATA[<tr><td class="text-dark font-weight-bold">URI </td><td class="" > http://ilocpde01w02.corp.amdocs.com:30525/asmServices/services/v1.0/users/bulk </td></tr>]]>
            </line>
            <line>
              <![CDATA[<tr><td class="text-dark font-weight-bold" colspan="2">Headers : </td></tr>]]>
            </line>
            <line>
              <![CDATA[<tr>]]>
            </line>
            <line>
              <![CDATA[<td class="text-dark font-weight-bold" >Authorization :</td>]]>
            </line>
            <line>
              <![CDATA[<td class="" >]]>
            </line>
            <line>
              <![CDATA[<a href="" class="alert-link" data-toggle="modal" data-target="#rest_assured_logger_modal_value_31">Show</a>]]>
            </line>
            <line>
              <![CDATA[<div class="modal fade"  id="rest_assured_logger_modal_value_31" tabindex="-1" role="dialog">]]>
            </line>
            <line>
              <![CDATA[<div class="modal-dialog" role="document">]]>
            </line>
            <line>
              <![CDATA[<div class="modal-content">]]>
            </line>
            <line>
              <![CDATA[<div class="modal-header text-white bg-info">]]>
            </line>
            <line>
              <![CDATA[<h5 class="modal-title" id="title1">Authorization</h5>]]>
            </line>
            <line>
              <![CDATA[<span class="h6 text-light ml-2 mt-2">(click on the Text to copy)</span>]]>
            </line>
            <line>
              <![CDATA[<button type="button" class="close" data-dismiss="modal" aria-label="Close">]]>
            </line>
            <line>
              <![CDATA[<span aria-hidden="true">&times;</span>]]>
            </line>
            <line>
              <![CDATA[</button>]]>
            </line>
            <line>
              <![CDATA[</div>]]>
            </line>
            <line>
              <![CDATA[<div onClick="copyMePlease(this)" class="modal-body">]]>
            </line>
            <line>
              <![CDATA[Basic YTNzRGVwbG95ZXI6QTNzRGVwbG95ZXIh]]>
            </line>
            <line>
              <![CDATA[</div>]]>
            </line>
            <line>
              <![CDATA[</div>]]>
            </line>
            <line>
              <![CDATA[</div>]]>
            </line>
            <line>
              <![CDATA[</div>]]>
            </line>
            <line>
              <![CDATA[</td>]]>
            </line>
            <line>
              <![CDATA[</tr>]]>
            </line>
            <line>
              <![CDATA[<tr><td class="text-dark font-weight-bold">Accept </td><td class="" > application/json </td></tr>]]>
            </line>
            <line>
              <![CDATA[<tr><td class="text-dark font-weight-bold">Content-Type </td><td class="" > application/json </td></tr>]]>
            </line>
            <line>
              <![CDATA[<tr>]]>
            </line>
            <line>
              <![CDATA[<td class="text-dark font-weight-bold" >Payload :</td>]]>
            </line>
            <line>
              <![CDATA[<td class="" >]]>
            </line>
            <line>
              <![CDATA[<a href="" class="alert-link" data-toggle="modal" data-target="#rest_assured_logger_modal_value_32">Show</a>]]>
            </line>
            <line>
              <![CDATA[<div class="modal fade"  id="rest_assured_logger_modal_value_32" tabindex="-1" role="dialog">]]>
            </line>
            <line>
              <![CDATA[<div class="modal-dialog" role="document">]]>
            </line>
            <line>
              <![CDATA[<div class="modal-content">]]>
            </line>
            <line>
              <![CDATA[<div class="modal-header text-white bg-info">]]>
            </line>
            <line>
              <![CDATA[<h5 class="modal-title" id="title1">Payload</h5>]]>
            </line>
            <line>
              <![CDATA[<span class="h6 text-light ml-2 mt-2">(click on the Text to copy)</span>]]>
            </line>
            <line>
              <![CDATA[<button type="button" class="close" data-dismiss="modal" aria-label="Close">]]>
            </line>
            <line>
              <![CDATA[<span aria-hidden="true">&times;</span>]]>
            </line>
            <line>
              <![CDATA[</button>]]>
            </line>
            <line>
              <![CDATA[</div>]]>
            </line>
            <line>
              <![CDATA[<div onClick="copyMePlease(this)" class="modal-body">]]>
            </line>
            <line>
              <![CDATA[{"users":[{"id":"Automation_208086670_Individual","userName":"Automation_208086670_Individual","userType":"UamsUser","password":"Unix11!","roles":["ChangeOwnershipRole","orderChangeOwnership","CatalogOne.importer","Write","GetCustomer","CreateCustomerEntity","SearchIndividual","PAP-Common","DeleteCreditProfile","csr","GetCustomerEntity","RetreivePaymentMethod","ProductOrderLauncherUpdate","CreateCustomer","AsmServicesAppIdentity","RetrieveCustomerEntity","AddRelatedParty","CreatePaymentMethod","UpdateCreditProfile","PAP-PU","AnonymousUserRole","ProductOrderLauncherRead","UpdateIndividual","ProductOrderLauncherDelete","RetrieveIndividual","DeleteIndividual","CreateIndividual","STS-Common","ProductOrderLauncherCreate","GetIndividual","EvaluateCreditProfile","AppTesterRole","RetrieveCustomer"],"a3sUserExtension":{"properties":{"OperatorID":154,"customerId":"Customer_40306","salesChannel":"CallCenter","csrId":"csrId"}}}],"operation":{"deleteFirst":true,"updateExisting":false,"createNew":true,"returnProcessedObjects":true,"failOnError":false}}]]>
            </line>
            <line>
              <![CDATA[</div>]]>
            </line>
            <line>
              <![CDATA[</div>]]>
            </line>
            <line>
              <![CDATA[</div>]]>
            </line>
            <line>
              <![CDATA[</div>]]>
            </line>
            <line>
              <![CDATA[</td>]]>
            </line>
            <line>
              <![CDATA[</tr>]]>
            </line>
            <line>
              <![CDATA[<tr>]]>
            </line>
            <line>
              <![CDATA[<td class="text-dark font-weight-bold" >Response Header :</td>]]>
            </line>
            <line>
              <![CDATA[<td class="" >]]>
            </line>
            <line>
              <![CDATA[<a href="" class="alert-link" data-toggle="modal" data-target="#modal_value_11">Show</a>]]>
            </line>
            <line>
              <![CDATA[<div class="modal fade"  id="modal_value_11" tabindex="-1" role="dialog">]]>
            </line>
            <line>
              <![CDATA[<div class="modal-dialog" role="document">]]>
            </line>
            <line>
              <![CDATA[<div class="modal-content">]]>
            </line>
            <line>
              <![CDATA[<div class="modal-header text-white bg-info">]]>
            </line>
            <line>
              <![CDATA[<h5 class="modal-title" id="title1">Response Header</h5>]]>
            </line>
            <line>
              <![CDATA[<span class="h6 text-light ml-2 mt-2">(click on the Text to copy)</span>]]>
            </line>
            <line>
              <![CDATA[<button type="button" class="close" data-dismiss="modal" aria-label="Close">]]>
            </line>
            <line>
              <![CDATA[<span aria-hidden="true">&times;</span>]]>
            </line>
            <line>
              <![CDATA[</button>]]>
            </line>
            <line>
              <![CDATA[</div>]]>
            </line>
            <line>
              <![CDATA[<div onClick="copyMePlease(this)" class="modal-body">]]>
            </line>
            <line>
              <![CDATA[X-Content-Type-Options=nosniff
	X-XSS-Protection=1; mode=block
	Cache-Control=no-cache, no-store, max-age=0, must-revalidate
	Pragma=no-cache
	Expires=0
	X-Frame-Options=DENY
	X-Application-Context=application:9191
	Date=Tue, 18 Sep 2018 09:40:45 GMT
	Content-Type=application/json
	Content-Length=1715]]>
            </line>
            <line>
              <![CDATA[</div>]]>
            </line>
            <line>
              <![CDATA[</div>]]>
            </line>
            <line>
              <![CDATA[</div>]]>
            </line>
            <line>
              <![CDATA[</div>]]>
            </line>
            <line>
              <![CDATA[</td>]]>
            </line>
            <line>
              <![CDATA[</tr>]]>
            </line>
            <line>
              <![CDATA[<tr>]]>
            </line>
            <line>
              <![CDATA[<td class="text-dark font-weight-bold" >Response :</td>]]>
            </line>
            <line>
              <![CDATA[<td class="" >]]>
            </line>
            <line>
              <![CDATA[<a href="" class="alert-link" data-toggle="modal" data-target="#rest_assured_logger_modal_value_33">Show</a>]]>
            </line>
            <line>
              <![CDATA[<div class="modal fade"  id="rest_assured_logger_modal_value_33" tabindex="-1" role="dialog">]]>
            </line>
            <line>
              <![CDATA[<div class="modal-dialog" role="document">]]>
            </line>
            <line>
              <![CDATA[<div class="modal-content">]]>
            </line>
            <line>
              <![CDATA[<div class="modal-header text-white bg-info">]]>
            </line>
            <line>
              <![CDATA[<h5 class="modal-title" id="title1">Response</h5>]]>
            </line>
            <line>
              <![CDATA[<span class="h6 text-light ml-2 mt-2">(click on the Text to copy)</span>]]>
            </line>
            <line>
              <![CDATA[<button type="button" class="close" data-dismiss="modal" aria-label="Close">]]>
            </line>
            <line>
              <![CDATA[<span aria-hidden="true">&times;</span>]]>
            </line>
            <line>
              <![CDATA[</button>]]>
            </line>
            <line>
              <![CDATA[</div>]]>
            </line>
            <line>
              <![CDATA[<div onClick="copyMePlease(this)" class="modal-body">]]>
            </line>
            <line>
              <![CDATA[{"deletedUsers":[],"createdUsers":[{"schemas":["urn:ietf:params:scim:schemas:core:2.0:User","urn:ietf:params:scim:schemas:extension:com.amdocs.a3s:2.0:User"],"id":"Automation_208086670_Individual","userName":"Automation_208086670_Individual","userType":"UamsUser","active":false,"password":null,"roles":["DeleteCreditProfile","SearchIndividual","RetreivePaymentMethod","PAP-PU","AnonymousUserRole","CreateIndividual","csr","CreateCustomerEntity","Write","ProductOrderLauncherUpdate","RetrieveCustomer","GetCustomer","orderChangeOwnership","CreateCustomer","UpdateCreditProfile","RetrieveCustomerEntity","STS-Common","AsmServicesAppIdentity","CreatePaymentMethod","DeleteIndividual","AppTesterRole","PAP-Common","GetCustomerEntity","CatalogOne.importer","ProductOrderLauncherDelete","GetIndividual","AddRelatedParty","EvaluateCreditProfile","RetrieveIndividual","UpdateIndividual","ProductOrderLauncherRead","ProductOrderLauncherCreate","ChangeOwnershipRole"],"a3sUserExtension":{"expiration":32535122400000,"effectiveDate":0,"successLoginDate":0,"badLoginDate":0,"badLoginCount":0,"isAccountNonExpired":true,"isAccountNonLocked":true,"isEnabled":true,"isAccountNeverExpired":false,"isExpiring":false,"isInEffective":false,"isCredentialsNonExpired":true,"isCredentialsExpiring":false,"isCredentialsReset":false,"properties":{"csrId":"csrId","salesChannel":"CallCenter","OperatorID":154,"customerId":"Customer_40306","UserType":"UamsUser"}},"metadata":{"resourceType":"User","created":1537228800000,"lastModified":1537228800000,"location":"http://ilocpde01w02.corp.amdocs.com:30525/asmServices/services/v1.0/users/bulk","version":null}}],"updatedUsers":[],"numDeleted":0,"numCreated":1,"numUpdated":0,"bulkErrors":[]}]]>
            </line>
            <line>
              <![CDATA[</div>]]>
            </line>
            <line>
              <![CDATA[</div>]]>
            </line>
            <line>
              <![CDATA[</div>]]>
            </line>
            <line>
              <![CDATA[</div>]]>
            </line>
            <line>
              <![CDATA[</td>]]>
            </line>
            <line>
              <![CDATA[</tr>]]>
            </line>
            <line>
              <![CDATA[<tr class="table-success"><td colspan="2">Response status: expected=201 actual=201; Value: true</td></tr>]]>
            </line>
            <line>
              <![CDATA[<tr class="table-warning"><td colspan="2">User UserIndividualCC created. User ID is: Automation_208086670_Individual</td></tr>]]>
            </line>
            <line>
              <![CDATA[<tr class="table-warning"><td colspan="2">Custom header: {"salesChannel":"CallCenter","customerId":"Customer_40306","sessionId":"747908942"}</td></tr>]]>
            </line>
          </reporter-output>
        </test-method> <!-- createUser -->
        <test-method status="PASS" signature="loginUser(java.lang.String, java.lang.String, org.testng.ITestContext)[pri:0, instance:authentication.a3s.CreateA3SUser@3b088d51]" name="loginUser" duration-ms="440" started-at="2018-09-18T15:10:46Z" finished-at="2018-09-18T15:10:46Z">
          <params>
            <param index="0">
              <value>
                <![CDATA[UserIndividualCC]]>
              </value>
            </param>
            <param index="1">
              <value>
                <![CDATA[CC]]>
              </value>
            </param>
            <param index="2">
              <value>
                <![CDATA[org.testng.TestRunner@2f4854d6]]>
              </value>
            </param>
          </params>
          <reporter-output>
            <line>
              <![CDATA[<tr class="table-info"><td class="text-dark font-weight-bold">Request Type </td><td class="" >POST</td></tr>]]>
            </line>
            <line>
              <![CDATA[<tr><td class="text-dark font-weight-bold">URI </td><td class="" > http://ilocpde01w02.corp.amdocs.com:30525/asmServices/services/v1.0/auth/tokens </td></tr>]]>
            </line>
            <line>
              <![CDATA[<tr><td class="text-dark font-weight-bold" colspan="2">Headers : </td></tr>]]>
            </line>
            <line>
              <![CDATA[<tr>]]>
            </line>
            <line>
              <![CDATA[<td class="text-dark font-weight-bold" >Authorization :</td>]]>
            </line>
            <line>
              <![CDATA[<td class="" >]]>
            </line>
            <line>
              <![CDATA[<a href="" class="alert-link" data-toggle="modal" data-target="#rest_assured_logger_modal_value_34">Show</a>]]>
            </line>
            <line>
              <![CDATA[<div class="modal fade"  id="rest_assured_logger_modal_value_34" tabindex="-1" role="dialog">]]>
            </line>
            <line>
              <![CDATA[<div class="modal-dialog" role="document">]]>
            </line>
            <line>
              <![CDATA[<div class="modal-content">]]>
            </line>
            <line>
              <![CDATA[<div class="modal-header text-white bg-info">]]>
            </line>
            <line>
              <![CDATA[<h5 class="modal-title" id="title1">Authorization</h5>]]>
            </line>
            <line>
              <![CDATA[<span class="h6 text-light ml-2 mt-2">(click on the Text to copy)</span>]]>
            </line>
            <line>
              <![CDATA[<button type="button" class="close" data-dismiss="modal" aria-label="Close">]]>
            </line>
            <line>
              <![CDATA[<span aria-hidden="true">&times;</span>]]>
            </line>
            <line>
              <![CDATA[</button>]]>
            </line>
            <line>
              <![CDATA[</div>]]>
            </line>
            <line>
              <![CDATA[<div onClick="copyMePlease(this)" class="modal-body">]]>
            </line>
            <line>
              <![CDATA[Basic TWFpbklzc3VlcjpVbml4MTEh]]>
            </line>
            <line>
              <![CDATA[</div>]]>
            </line>
            <line>
              <![CDATA[</div>]]>
            </line>
            <line>
              <![CDATA[</div>]]>
            </line>
            <line>
              <![CDATA[</div>]]>
            </line>
            <line>
              <![CDATA[</td>]]>
            </line>
            <line>
              <![CDATA[</tr>]]>
            </line>
            <line>
              <![CDATA[<tr><td class="text-dark font-weight-bold">Accept </td><td class="" > application/json </td></tr>]]>
            </line>
            <line>
              <![CDATA[<tr><td class="text-dark font-weight-bold">Content-Type </td><td class="" > application/json </td></tr>]]>
            </line>
            <line>
              <![CDATA[<tr>]]>
            </line>
            <line>
              <![CDATA[<td class="text-dark font-weight-bold" >Payload :</td>]]>
            </line>
            <line>
              <![CDATA[<td class="" >]]>
            </line>
            <line>
              <![CDATA[<a href="" class="alert-link" data-toggle="modal" data-target="#rest_assured_logger_modal_value_35">Show</a>]]>
            </line>
            <line>
              <![CDATA[<div class="modal fade"  id="rest_assured_logger_modal_value_35" tabindex="-1" role="dialog">]]>
            </line>
            <line>
              <![CDATA[<div class="modal-dialog" role="document">]]>
            </line>
            <line>
              <![CDATA[<div class="modal-content">]]>
            </line>
            <line>
              <![CDATA[<div class="modal-header text-white bg-info">]]>
            </line>
            <line>
              <![CDATA[<h5 class="modal-title" id="title1">Payload</h5>]]>
            </line>
            <line>
              <![CDATA[<span class="h6 text-light ml-2 mt-2">(click on the Text to copy)</span>]]>
            </line>
            <line>
              <![CDATA[<button type="button" class="close" data-dismiss="modal" aria-label="Close">]]>
            </line>
            <line>
              <![CDATA[<span aria-hidden="true">&times;</span>]]>
            </line>
            <line>
              <![CDATA[</button>]]>
            </line>
            <line>
              <![CDATA[</div>]]>
            </line>
            <line>
              <![CDATA[<div onClick="copyMePlease(this)" class="modal-body">]]>
            </line>
            <line>
              <![CDATA[{"auth":{"dialects":["A3S_Core_Public","Customer_Info","CSR_Info"],"token-type":"JWT","token-expiration":null,"on-behalf-of":{"type":"USER_PASSWORD","user-credentials":{"username":"Automation_208086670_Individual","password":"Unix11!"}}}}]]>
            </line>
            <line>
              <![CDATA[</div>]]>
            </line>
            <line>
              <![CDATA[</div>]]>
            </line>
            <line>
              <![CDATA[</div>]]>
            </line>
            <line>
              <![CDATA[</div>]]>
            </line>
            <line>
              <![CDATA[</td>]]>
            </line>
            <line>
              <![CDATA[</tr>]]>
            </line>
            <line>
              <![CDATA[<tr>]]>
            </line>
            <line>
              <![CDATA[<td class="text-dark font-weight-bold" >Response Header :</td>]]>
            </line>
            <line>
              <![CDATA[<td class="" >]]>
            </line>
            <line>
              <![CDATA[<a href="" class="alert-link" data-toggle="modal" data-target="#modal_value_12">Show</a>]]>
            </line>
            <line>
              <![CDATA[<div class="modal fade"  id="modal_value_12" tabindex="-1" role="dialog">]]>
            </line>
            <line>
              <![CDATA[<div class="modal-dialog" role="document">]]>
            </line>
            <line>
              <![CDATA[<div class="modal-content">]]>
            </line>
            <line>
              <![CDATA[<div class="modal-header text-white bg-info">]]>
            </line>
            <line>
              <![CDATA[<h5 class="modal-title" id="title1">Response Header</h5>]]>
            </line>
            <line>
              <![CDATA[<span class="h6 text-light ml-2 mt-2">(click on the Text to copy)</span>]]>
            </line>
            <line>
              <![CDATA[<button type="button" class="close" data-dismiss="modal" aria-label="Close">]]>
            </line>
            <line>
              <![CDATA[<span aria-hidden="true">&times;</span>]]>
            </line>
            <line>
              <![CDATA[</button>]]>
            </line>
            <line>
              <![CDATA[</div>]]>
            </line>
            <line>
              <![CDATA[<div onClick="copyMePlease(this)" class="modal-body">]]>
            </line>
            <line>
              <![CDATA[X-Content-Type-Options=nosniff
	X-XSS-Protection=1; mode=block
	Cache-Control=no-cache, no-store, max-age=0, must-revalidate
	Pragma=no-cache
	Expires=0
	X-Frame-Options=DENY
	X-Application-Context=application:9191
	Date=Tue, 18 Sep 2018 09:40:46 GMT
	Content-Type=application/json
	Content-Length=1788]]>
            </line>
            <line>
              <![CDATA[</div>]]>
            </line>
            <line>
              <![CDATA[</div>]]>
            </line>
            <line>
              <![CDATA[</div>]]>
            </line>
            <line>
              <![CDATA[</div>]]>
            </line>
            <line>
              <![CDATA[</td>]]>
            </line>
            <line>
              <![CDATA[</tr>]]>
            </line>
            <line>
              <![CDATA[<tr>]]>
            </line>
            <line>
              <![CDATA[<td class="text-dark font-weight-bold" >Response :</td>]]>
            </line>
            <line>
              <![CDATA[<td class="" >]]>
            </line>
            <line>
              <![CDATA[<a href="" class="alert-link" data-toggle="modal" data-target="#rest_assured_logger_modal_value_36">Show</a>]]>
            </line>
            <line>
              <![CDATA[<div class="modal fade"  id="rest_assured_logger_modal_value_36" tabindex="-1" role="dialog">]]>
            </line>
            <line>
              <![CDATA[<div class="modal-dialog" role="document">]]>
            </line>
            <line>
              <![CDATA[<div class="modal-content">]]>
            </line>
            <line>
              <![CDATA[<div class="modal-header text-white bg-info">]]>
            </line>
            <line>
              <![CDATA[<h5 class="modal-title" id="title1">Response</h5>]]>
            </line>
            <line>
              <![CDATA[<span class="h6 text-light ml-2 mt-2">(click on the Text to copy)</span>]]>
            </line>
            <line>
              <![CDATA[<button type="button" class="close" data-dismiss="modal" aria-label="Close">]]>
            </line>
            <line>
              <![CDATA[<span aria-hidden="true">&times;</span>]]>
            </line>
            <line>
              <![CDATA[</button>]]>
            </line>
            <line>
              <![CDATA[</div>]]>
            </line>
            <line>
              <![CDATA[<div onClick="copyMePlease(this)" class="modal-body">]]>
            </line>
            <line>
              <![CDATA[{"subjectToken":"eyJ4NXQjUzI1NiI6IkxEbGVvYldaYmVZcG9pb0Q0R1hrMWp3US8rUWd1MUs1eXNzQ1JpN3BtelE9IiwidHlwIjoiSldUIiwiYWxnIjoiUlMyNTYifQ.eyJzdWIiOiJBdXRvbWF0aW9uXzIwODA4NjY3MF9JbmRpdmlkdWFsIiwiY3NySWQiOiJjc3JJZCIsInJvbGVzIjpbIkdldEluZGl2aWR1YWwiLCJVcGRhdGVJbmRpdmlkdWFsIiwiQ2F0YWxvZ09uZS5pbXBvcnRlciIsIkdldEN1c3RvbWVyIiwiRGVsZXRlQ3JlZGl0UHJvZmlsZSIsIlByb2R1Y3RPcmRlckxhdW5jaGVyUmVhZCIsIkFwcFRlc3RlclJvbGUiLCJQcm9kdWN0T3JkZXJMYXVuY2hlckNyZWF0ZSIsIkNyZWF0ZVBheW1lbnRNZXRob2QiLCJvcmRlckNoYW5nZU93bmVyc2hpcCIsIlBBUC1QVSIsIlJldHJpZXZlQ3VzdG9tZXIiLCJBbm9ueW1vdXNVc2VyUm9sZSIsIlBBUC1Db21tb24iLCJXcml0ZSIsIlByb2R1Y3RPcmRlckxhdW5jaGVyVXBkYXRlIiwiQWRkUmVsYXRlZFBhcnR5IiwiQ3JlYXRlQ3VzdG9tZXIiLCJDcmVhdGVJbmRpdmlkdWFsIiwiU2VhcmNoSW5kaXZpZHVhbCIsIkdldEN1c3RvbWVyRW50aXR5IiwiVXBkYXRlQ3JlZGl0UHJvZmlsZSIsIkNoYW5nZU93bmVyc2hpcFJvbGUiLCJBc21TZXJ2aWNlc0FwcElkZW50aXR5IiwiRGVsZXRlSW5kaXZpZHVhbCIsImNzciIsIlJldHJpZXZlQ3VzdG9tZXJFbnRpdHkiLCJFdmFsdWF0ZUNyZWRpdFByb2ZpbGUiLCJSZXRyZWl2ZVBheW1lbnRNZXRob2QiLCJQcm9kdWN0T3JkZXJMYXVuY2hlckRlbGV0ZSIsIlJldHJpZXZlSW5kaXZpZHVhbCIsIlNUUy1Db21tb24iLCJDcmVhdGVDdXN0b21lckVudGl0eSJdLCJjdXN0b21lcklkIjoiQ3VzdG9tZXJfNDAzMDYiLCJpc3MiOiJBM1Nab25lMUBBM1MuYW1kb2NzLmNvbSIsIm9pdCI6MTUzNzI2MzY0NSwic2FsZXNDaGFubmVsIjoiQ2FsbENlbnRlciIsImV4cCI6MTUzNzI3MDg0NSwiaWF0IjoxNTM3MjYzNjQ1LCJ0dGwiOjE1MzcyOTI0NDUsImp0aSI6Ijc0ZTE5NWFjNzQ1MGZhNjU5ZTI1MDEzNGZjN2JhYTllN2Y4ZTQ4ZmJjNmEzMDM1MjAzZjcyZWIwYzJiNjIwNDAifQ.SJEglfX2g31q71slR0icYEu484uS8aOetkvVbn5lS4NilW3ozAVyVxhByAYP-T1DprCTn3_w8xp2AehnAzrVZ6_Hl0rvZYbhuQHNnUyw1DzullKx8-3vWs1eQhb7Q767kCVMJwteYloR6Xkk9SIiHpiyc2WuR8B0eXy2fUu55jRKSfX1nI7iTWIhAovBoS3VRkqOTl-moPZaDWHSYJExx1vqFb9U4-TC0D0F7ZIXu-gkGaPPkBOacnU1a1sqrOghEaSaBTj9idexSg2aUM8wb-8_1lXBBho6pYi3c20e4PCJkErXdysuWkgJsc29r0xje_HlmgbK4rScVlPv1zBQ8g","subjectTokenExpiration":"1537270845000"}]]>
            </line>
            <line>
              <![CDATA[</div>]]>
            </line>
            <line>
              <![CDATA[</div>]]>
            </line>
            <line>
              <![CDATA[</div>]]>
            </line>
            <line>
              <![CDATA[</div>]]>
            </line>
            <line>
              <![CDATA[</td>]]>
            </line>
            <line>
              <![CDATA[</tr>]]>
            </line>
            <line>
              <![CDATA[<tr class="table-light"><td colspan="2">A3SUser set to Suite context; User Automation_208086670_Individual</td></tr>]]>
            </line>
            <line>
              <![CDATA[<tr class="table-light"><td colspan="2">Token for UserIndividualCC is: </td></tr>]]>
            </line>
            <line>
              <![CDATA[<tr class="table-light"><td colspan="2">Bearer eyJ4NXQjUzI1NiI6IkxEbGVvYldaYmVZcG9pb0Q0R1hrMWp3US8rUWd1MUs1eXNzQ1JpN3BtelE9IiwidHlwIjoiSldUIiwiYWxnIjoiUlMyNTYifQ.eyJzdWIiOiJBdXRvbWF0aW9uXzIwODA4NjY3MF9JbmRpdmlkdWFsIiwiY3NySWQiOiJjc3JJZCIsInJvbGVzIjpbIkdldEluZGl2aWR1YWwiLCJVcGRhdGVJbmRpdmlkdWFsIiwiQ2F0YWxvZ09uZS5pbXBvcnRlciIsIkdldEN1c3RvbWVyIiwiRGVsZXRlQ3JlZGl0UHJvZmlsZSIsIlByb2R1Y3RPcmRlckxhdW5jaGVyUmVhZCIsIkFwcFRlc3RlclJvbGUiLCJQcm9kdWN0T3JkZXJMYXVuY2hlckNyZWF0ZSIsIkNyZWF0ZVBheW1lbnRNZXRob2QiLCJvcmRlckNoYW5nZU93bmVyc2hpcCIsIlBBUC1QVSIsIlJldHJpZXZlQ3VzdG9tZXIiLCJBbm9ueW1vdXNVc2VyUm9sZSIsIlBBUC1Db21tb24iLCJXcml0ZSIsIlByb2R1Y3RPcmRlckxhdW5jaGVyVXBkYXRlIiwiQWRkUmVsYXRlZFBhcnR5IiwiQ3JlYXRlQ3VzdG9tZXIiLCJDcmVhdGVJbmRpdmlkdWFsIiwiU2VhcmNoSW5kaXZpZHVhbCIsIkdldEN1c3RvbWVyRW50aXR5IiwiVXBkYXRlQ3JlZGl0UHJvZmlsZSIsIkNoYW5nZU93bmVyc2hpcFJvbGUiLCJBc21TZXJ2aWNlc0FwcElkZW50aXR5IiwiRGVsZXRlSW5kaXZpZHVhbCIsImNzciIsIlJldHJpZXZlQ3VzdG9tZXJFbnRpdHkiLCJFdmFsdWF0ZUNyZWRpdFByb2ZpbGUiLCJSZXRyZWl2ZVBheW1lbnRNZXRob2QiLCJQcm9kdWN0T3JkZXJMYXVuY2hlckRlbGV0ZSIsIlJldHJpZXZlSW5kaXZpZHVhbCIsIlNUUy1Db21tb24iLCJDcmVhdGVDdXN0b21lckVudGl0eSJdLCJjdXN0b21lcklkIjoiQ3VzdG9tZXJfNDAzMDYiLCJpc3MiOiJBM1Nab25lMUBBM1MuYW1kb2NzLmNvbSIsIm9pdCI6MTUzNzI2MzY0NSwic2FsZXNDaGFubmVsIjoiQ2FsbENlbnRlciIsImV4cCI6MTUzNzI3MDg0NSwiaWF0IjoxNTM3MjYzNjQ1LCJ0dGwiOjE1MzcyOTI0NDUsImp0aSI6Ijc0ZTE5NWFjNzQ1MGZhNjU5ZTI1MDEzNGZjN2JhYTllN2Y4ZTQ4ZmJjNmEzMDM1MjAzZjcyZWIwYzJiNjIwNDAifQ.SJEglfX2g31q71slR0icYEu484uS8aOetkvVbn5lS4NilW3ozAVyVxhByAYP-T1DprCTn3_w8xp2AehnAzrVZ6_Hl0rvZYbhuQHNnUyw1DzullKx8-3vWs1eQhb7Q767kCVMJwteYloR6Xkk9SIiHpiyc2WuR8B0eXy2fUu55jRKSfX1nI7iTWIhAovBoS3VRkqOTl-moPZaDWHSYJExx1vqFb9U4-TC0D0F7ZIXu-gkGaPPkBOacnU1a1sqrOghEaSaBTj9idexSg2aUM8wb-8_1lXBBho6pYi3c20e4PCJkErXdysuWkgJsc29r0xje_HlmgbK4rScVlPv1zBQ8g</td></tr>]]>
            </line>
          </reporter-output>
        </test-method> <!-- loginUser -->
      </class> <!-- authentication.a3s.CreateA3SUser -->
    </test> <!-- Create UserIndividualCC -->
    <test name="PRODUCT-ORDER-MS_CreateOrder_InternationalFree_Plan-DefaultConfiguration" duration-ms="1753" started-at="2018-09-18T09:40:46Z" finished-at="2018-09-18T09:40:48Z">
      <class name="productordering.ProductOrderingCreateOrder">
        <test-method status="PASS" signature="beforeTestMethodToSkipIfPreviousTestFailed(org.testng.ITestContext)[pri:0, instance:productordering.ProductOrderingCreateOrder@33f88ab]" name="beforeTestMethodToSkipIfPreviousTestFailed" is-config="true" duration-ms="0" started-at="2018-09-18T15:10:46Z" finished-at="2018-09-18T15:10:46Z">
          <params>
            <param index="0">
              <value>
                <![CDATA[org.testng.TestRunner@30e92cb9]]>
              </value>
            </param>
          </params>
          <reporter-output>
          </reporter-output>
        </test-method> <!-- beforeTestMethodToSkipIfPreviousTestFailed -->
        <test-method status="PASS" signature="createOrderWith_DefaultConfiguration(java.lang.String, java.lang.String, java.lang.String, java.lang.String, java.lang.String, java.lang.String, org.testng.ITestContext)[pri:0, instance:productordering.ProductOrderingCreateOrder@33f88ab]" name="createOrderWith_DefaultConfiguration" duration-ms="1242" started-at="2018-09-18T15:10:46Z" finished-at="2018-09-18T15:10:48Z">
          <params>
            <param index="0">
              <value>
                <![CDATA[Customer_000000000]]>
              </value>
            </param>
            <param index="1">
              <value>
                <![CDATA[fca3c47c67c0476e8aa335ea77e5a717]]>
              </value>
            </param>
            <param index="2">
              <value>
                <![CDATA[CC]]>
              </value>
            </param>
            <param index="3">
              <value>
                <![CDATA[CallCenter]]>
              </value>
            </param>
            <param index="4">
              <value>
                <![CDATA[fit]]>
              </value>
            </param>
            <param index="5">
              <value>
                <![CDATA[Automatic]]>
              </value>
            </param>
            <param index="6">
              <value>
                <![CDATA[org.testng.TestRunner@30e92cb9]]>
              </value>
            </param>
          </params>
          <reporter-output>
            <line>
              <![CDATA[<tr class="table-warning"><td colspan="2">removeAttribute OrderID from test/suite context</td></tr>]]>
            </line>
            <line>
              <![CDATA[<tr class="table-info"><td class="text-dark font-weight-bold">Request Type </td><td class="" >POST</td></tr>]]>
            </line>
            <line>
              <![CDATA[<tr><td class="text-dark font-weight-bold">URI </td><td class="" > http://ilocpde01w02.corp.amdocs.com:30538/productOrdering/v2/productOrder </td></tr>]]>
            </line>
            <line>
              <![CDATA[<tr><td class="text-dark font-weight-bold" colspan="2">Headers : </td></tr>]]>
            </line>
            <line>
              <![CDATA[<tr>]]>
            </line>
            <line>
              <![CDATA[<td class="text-dark font-weight-bold" >Authorization :</td>]]>
            </line>
            <line>
              <![CDATA[<td class="" >]]>
            </line>
            <line>
              <![CDATA[<a href="" class="alert-link" data-toggle="modal" data-target="#rest_assured_logger_modal_value_37">Show</a>]]>
            </line>
            <line>
              <![CDATA[<div class="modal fade"  id="rest_assured_logger_modal_value_37" tabindex="-1" role="dialog">]]>
            </line>
            <line>
              <![CDATA[<div class="modal-dialog" role="document">]]>
            </line>
            <line>
              <![CDATA[<div class="modal-content">]]>
            </line>
            <line>
              <![CDATA[<div class="modal-header text-white bg-info">]]>
            </line>
            <line>
              <![CDATA[<h5 class="modal-title" id="title1">Authorization</h5>]]>
            </line>
            <line>
              <![CDATA[<span class="h6 text-light ml-2 mt-2">(click on the Text to copy)</span>]]>
            </line>
            <line>
              <![CDATA[<button type="button" class="close" data-dismiss="modal" aria-label="Close">]]>
            </line>
            <line>
              <![CDATA[<span aria-hidden="true">&times;</span>]]>
            </line>
            <line>
              <![CDATA[</button>]]>
            </line>
            <line>
              <![CDATA[</div>]]>
            </line>
            <line>
              <![CDATA[<div onClick="copyMePlease(this)" class="modal-body">]]>
            </line>
            <line>
              <![CDATA[Bearer eyJ4NXQjUzI1NiI6IkxEbGVvYldaYmVZcG9pb0Q0R1hrMWp3US8rUWd1MUs1eXNzQ1JpN3BtelE9IiwidHlwIjoiSldUIiwiYWxnIjoiUlMyNTYifQ.eyJzdWIiOiJBdXRvbWF0aW9uXzIwODA4NjY3MF9JbmRpdmlkdWFsIiwiY3NySWQiOiJjc3JJZCIsInJvbGVzIjpbIkdldEluZGl2aWR1YWwiLCJVcGRhdGVJbmRpdmlkdWFsIiwiQ2F0YWxvZ09uZS5pbXBvcnRlciIsIkdldEN1c3RvbWVyIiwiRGVsZXRlQ3JlZGl0UHJvZmlsZSIsIlByb2R1Y3RPcmRlckxhdW5jaGVyUmVhZCIsIkFwcFRlc3RlclJvbGUiLCJQcm9kdWN0T3JkZXJMYXVuY2hlckNyZWF0ZSIsIkNyZWF0ZVBheW1lbnRNZXRob2QiLCJvcmRlckNoYW5nZU93bmVyc2hpcCIsIlBBUC1QVSIsIlJldHJpZXZlQ3VzdG9tZXIiLCJBbm9ueW1vdXNVc2VyUm9sZSIsIlBBUC1Db21tb24iLCJXcml0ZSIsIlByb2R1Y3RPcmRlckxhdW5jaGVyVXBkYXRlIiwiQWRkUmVsYXRlZFBhcnR5IiwiQ3JlYXRlQ3VzdG9tZXIiLCJDcmVhdGVJbmRpdmlkdWFsIiwiU2VhcmNoSW5kaXZpZHVhbCIsIkdldEN1c3RvbWVyRW50aXR5IiwiVXBkYXRlQ3JlZGl0UHJvZmlsZSIsIkNoYW5nZU93bmVyc2hpcFJvbGUiLCJBc21TZXJ2aWNlc0FwcElkZW50aXR5IiwiRGVsZXRlSW5kaXZpZHVhbCIsImNzciIsIlJldHJpZXZlQ3VzdG9tZXJFbnRpdHkiLCJFdmFsdWF0ZUNyZWRpdFByb2ZpbGUiLCJSZXRyZWl2ZVBheW1lbnRNZXRob2QiLCJQcm9kdWN0T3JkZXJMYXVuY2hlckRlbGV0ZSIsIlJldHJpZXZlSW5kaXZpZHVhbCIsIlNUUy1Db21tb24iLCJDcmVhdGVDdXN0b21lckVudGl0eSJdLCJjdXN0b21lcklkIjoiQ3VzdG9tZXJfNDAzMDYiLCJpc3MiOiJBM1Nab25lMUBBM1MuYW1kb2NzLmNvbSIsIm9pdCI6MTUzNzI2MzY0NSwic2FsZXNDaGFubmVsIjoiQ2FsbENlbnRlciIsImV4cCI6MTUzNzI3MDg0NSwiaWF0IjoxNTM3MjYzNjQ1LCJ0dGwiOjE1MzcyOTI0NDUsImp0aSI6Ijc0ZTE5NWFjNzQ1MGZhNjU5ZTI1MDEzNGZjN2JhYTllN2Y4ZTQ4ZmJjNmEzMDM1MjAzZjcyZWIwYzJiNjIwNDAifQ.SJEglfX2g31q71slR0icYEu484uS8aOetkvVbn5lS4NilW3ozAVyVxhByAYP-T1DprCTn3_w8xp2AehnAzrVZ6_Hl0rvZYbhuQHNnUyw1DzullKx8-3vWs1eQhb7Q767kCVMJwteYloR6Xkk9SIiHpiyc2WuR8B0eXy2fUu55jRKSfX1nI7iTWIhAovBoS3VRkqOTl-moPZaDWHSYJExx1vqFb9U4-TC0D0F7ZIXu-gkGaPPkBOacnU1a1sqrOghEaSaBTj9idexSg2aUM8wb-8_1lXBBho6pYi3c20e4PCJkErXdysuWkgJsc29r0xje_HlmgbK4rScVlPv1zBQ8g]]>
            </line>
            <line>
              <![CDATA[</div>]]>
            </line>
            <line>
              <![CDATA[</div>]]>
            </line>
            <line>
              <![CDATA[</div>]]>
            </line>
            <line>
              <![CDATA[</div>]]>
            </line>
            <line>
              <![CDATA[</td>]]>
            </line>
            <line>
              <![CDATA[</tr>]]>
            </line>
            <line>
              <![CDATA[<tr><td class="text-dark font-weight-bold">Accept </td><td class="" > application/json </td></tr>]]>
            </line>
            <line>
              <![CDATA[<tr><td class="text-dark font-weight-bold">Custom-Header </td><td class="" > {"salesChannel":"CallCenter","customerId":"Customer_40306","sessionId":"806913297"} </td></tr>]]>
            </line>
            <line>
              <![CDATA[<tr><td class="text-dark font-weight-bold">Accept-Language </td><td class="" > en_US </td></tr>]]>
            </line>
            <line>
              <![CDATA[<tr><td class="text-dark font-weight-bold">Content-Type </td><td class="" > application/json </td></tr>]]>
            </line>
            <line>
              <![CDATA[<tr>]]>
            </line>
            <line>
              <![CDATA[<td class="text-dark font-weight-bold" >Payload :</td>]]>
            </line>
            <line>
              <![CDATA[<td class="" >]]>
            </line>
            <line>
              <![CDATA[<a href="" class="alert-link" data-toggle="modal" data-target="#rest_assured_logger_modal_value_38">Show</a>]]>
            </line>
            <line>
              <![CDATA[<div class="modal fade"  id="rest_assured_logger_modal_value_38" tabindex="-1" role="dialog">]]>
            </line>
            <line>
              <![CDATA[<div class="modal-dialog" role="document">]]>
            </line>
            <line>
              <![CDATA[<div class="modal-content">]]>
            </line>
            <line>
              <![CDATA[<div class="modal-header text-white bg-info">]]>
            </line>
            <line>
              <![CDATA[<h5 class="modal-title" id="title1">Payload</h5>]]>
            </line>
            <line>
              <![CDATA[<span class="h6 text-light ml-2 mt-2">(click on the Text to copy)</span>]]>
            </line>
            <line>
              <![CDATA[<button type="button" class="close" data-dismiss="modal" aria-label="Close">]]>
            </line>
            <line>
              <![CDATA[<span aria-hidden="true">&times;</span>]]>
            </line>
            <line>
              <![CDATA[</button>]]>
            </line>
            <line>
              <![CDATA[</div>]]>
            </line>
            <line>
              <![CDATA[<div onClick="copyMePlease(this)" class="modal-body">]]>
            </line>
            <line>
              <![CDATA[{"orderItem":[{"quantity":"1","productOffering":{"id":"fca3c47c67c0476e8aa335ea77e5a717"},"action":"Add","billingAccount":{"id":"12121"},"modifyReason":[{"reasonText":"Customer Request","name":"Customer Request","action":"Add"}]}],"channel":[{"name":"CallCenter","id":"CallCenter"}],"description":"Special Order","relatedParty":[{"role":"customer","id":"Customer_40306"}]}]]>
            </line>
            <line>
              <![CDATA[</div>]]>
            </line>
            <line>
              <![CDATA[</div>]]>
            </line>
            <line>
              <![CDATA[</div>]]>
            </line>
            <line>
              <![CDATA[</div>]]>
            </line>
            <line>
              <![CDATA[</td>]]>
            </line>
            <line>
              <![CDATA[</tr>]]>
            </line>
            <line>
              <![CDATA[<tr>]]>
            </line>
            <line>
              <![CDATA[<td class="text-dark font-weight-bold" >Response Header :</td>]]>
            </line>
            <line>
              <![CDATA[<td class="" >]]>
            </line>
            <line>
              <![CDATA[<a href="" class="alert-link" data-toggle="modal" data-target="#modal_value_13">Show</a>]]>
            </line>
            <line>
              <![CDATA[<div class="modal fade"  id="modal_value_13" tabindex="-1" role="dialog">]]>
            </line>
            <line>
              <![CDATA[<div class="modal-dialog" role="document">]]>
            </line>
            <line>
              <![CDATA[<div class="modal-content">]]>
            </line>
            <line>
              <![CDATA[<div class="modal-header text-white bg-info">]]>
            </line>
            <line>
              <![CDATA[<h5 class="modal-title" id="title1">Response Header</h5>]]>
            </line>
            <line>
              <![CDATA[<span class="h6 text-light ml-2 mt-2">(click on the Text to copy)</span>]]>
            </line>
            <line>
              <![CDATA[<button type="button" class="close" data-dismiss="modal" aria-label="Close">]]>
            </line>
            <line>
              <![CDATA[<span aria-hidden="true">&times;</span>]]>
            </line>
            <line>
              <![CDATA[</button>]]>
            </line>
            <line>
              <![CDATA[</div>]]>
            </line>
            <line>
              <![CDATA[<div onClick="copyMePlease(this)" class="modal-body">]]>
            </line>
            <line>
              <![CDATA[X-Application-Context=productorder-productorder-ms:8080
	X-DOX-TraceId=15241B2EF087409C
	ETag=ProductOrder_15544504-4405-410a-822a-222aa02204a6=1537263646248009728
	X-Content-Type-Options=nosniff
	X-XSS-Protection=1; mode=block
	Cache-Control=no-cache, no-store, max-age=0, must-revalidate
	Pragma=no-cache
	Expires=0
	X-Frame-Options=DENY
	Content-Type=application/json;charset=UTF-8
	Transfer-Encoding=chunked
	Date=Tue, 18 Sep 2018 09:40:47 GMT]]>
            </line>
            <line>
              <![CDATA[</div>]]>
            </line>
            <line>
              <![CDATA[</div>]]>
            </line>
            <line>
              <![CDATA[</div>]]>
            </line>
            <line>
              <![CDATA[</div>]]>
            </line>
            <line>
              <![CDATA[</td>]]>
            </line>
            <line>
              <![CDATA[</tr>]]>
            </line>
            <line>
              <![CDATA[<tr>]]>
            </line>
            <line>
              <![CDATA[<td class="text-dark font-weight-bold" >Response :</td>]]>
            </line>
            <line>
              <![CDATA[<td class="" >]]>
            </line>
            <line>
              <![CDATA[<a href="" class="alert-link" data-toggle="modal" data-target="#rest_assured_logger_modal_value_39">Show</a>]]>
            </line>
            <line>
              <![CDATA[<div class="modal fade"  id="rest_assured_logger_modal_value_39" tabindex="-1" role="dialog">]]>
            </line>
            <line>
              <![CDATA[<div class="modal-dialog" role="document">]]>
            </line>
            <line>
              <![CDATA[<div class="modal-content">]]>
            </line>
            <line>
              <![CDATA[<div class="modal-header text-white bg-info">]]>
            </line>
            <line>
              <![CDATA[<h5 class="modal-title" id="title1">Response</h5>]]>
            </line>
            <line>
              <![CDATA[<span class="h6 text-light ml-2 mt-2">(click on the Text to copy)</span>]]>
            </line>
            <line>
              <![CDATA[<button type="button" class="close" data-dismiss="modal" aria-label="Close">]]>
            </line>
            <line>
              <![CDATA[<span aria-hidden="true">&times;</span>]]>
            </line>
            <line>
              <![CDATA[</button>]]>
            </line>
            <line>
              <![CDATA[</div>]]>
            </line>
            <line>
              <![CDATA[<div onClick="copyMePlease(this)" class="modal-body">]]>
            </line>
            <line>
              <![CDATA[{"id":"ProductOrder_15544504-4405-410a-822a-222aa02204a6","href":"/v2/productOrder/ProductOrder_15544504-4405-410a-822a-222aa02204a6","category":null,"priority":null,"description":"Special Order","state":"Draft","externalId":null,"orderDate":"2018-09-18T09:40:46Z","completionDate":null,"requestedStartDate":null,"requestedCompletionDate":"2018-09-18T09:40:46Z","expectedCompletionDate":null,"orderPriceDate":"2018-09-18T09:40:47.108Z","notificationContact":null,"relatedParty":[{"id":"Customer_40306","href":"/v2/relatedParty/Customer_40306","name":null,"role":"customer"}],"billingAccount":null,"orderItem":[{"id":"ProductOrder_15544504-4405-410a-822a-222aa02204a6_OrderItem_04445040-1041-4154-8002-80a0a88818b7","action":"add","state":"Draft","quantity":1,"externalId":null,"completionDate":null,"requestedStartDate":null,"requestedCompletionDate":"2018-09-18T09:40:46Z","retroactiveChangeDate":null,"itemPrice":[{"id":"e850b41ee5874c22b84131991760df7a","name":"International Free charge","description":null,"unitOfMeasure":null,"recurringChargePeriod":"month","priceType":"RC","price":{"taxIncludedAmount":{"unit":"USD","value":21.989},"dutyFreeAmount":{"unit":"USD","value":19.99},"taxRate":10,"percentage":null,"priceReduction":null,"taxAmount":{"unit":"USD","value":1.999}},"finalPrice":{"taxIncludedAmount":{"unit":"USD","value":17.5912},"dutyFreeAmount":{"unit":"USD","value":15.992},"taxRate":10,"percentage":null,"priceReduction":null,"taxAmount":{"unit":"USD","value":1.5992}},"standalonePrice":null,"priceAlteration":[{"name":null,"description":null,"unitOfMeasure":null,"recurringChargePeriod":null,"priceType":"RC","applicationDuration":null,"priority":null,"alterationType":"Promotion Price Alteration","promotionActionId":null,"promotionInstanceId":null,"alterationProductOfferingPriceId":"fe803c0139804aedb690bf0b169d4a37","alterationBundleProductOfferingId":null,"price":{"taxIncludedAmount":null,"dutyFreeAmount":{"unit":"USD","value":3.998},"taxRate":null,"percentage":20,"priceReduction":null,"taxAmount":null}}],"billingAccount":null,"immediatePayOption":null}],"itemTotalPrice":[{"id":null,"name":null,"description":null,"unitOfMeasure":null,"recurringChargePeriod":"month","priceType":"RC","price":{"taxIncludedAmount":{"unit":"USD","value":21.989},"dutyFreeAmount":{"unit":"USD","value":19.99},"taxRate":10,"percentage":null,"priceReduction":null,"taxAmount":{"unit":"USD","value":1.999}},"finalPrice":{"taxIncludedAmount":{"unit":"USD","value":17.5912},"dutyFreeAmount":{"unit":"USD","value":15.992},"taxRate":10,"percentage":null,"priceReduction":null,"taxAmount":{"unit":"USD","value":1.5992}},"standalonePrice":{"taxIncludedAmount":{"unit":"USD","value":21.989},"dutyFreeAmount":{"unit":"USD","value":19.99},"taxRate":10,"percentage":null,"priceReduction":null,"taxAmount":{"unit":"USD","value":1.999}},"priceAlteration":[{"name":null,"description":null,"unitOfMeasure":null,"recurringChargePeriod":null,"priceType":"RC","applicationDuration":null,"priority":null,"alterationType":"Promotion Price Alteration","promotionActionId":null,"promotionInstanceId":null,"alterationProductOfferingPriceId":null,"alterationBundleProductOfferingId":null,"price":{"taxIncludedAmount":null,"dutyFreeAmount":{"unit":"USD","value":3.998},"taxRate":null,"percentage":null,"priceReduction":null,"taxAmount":null}}],"billingAccount":null,"immediatePayOption":null}],"orderItemRelationship":[],"productOffering":{"id":"fca3c47c67c0476e8aa335ea77e5a717","name":"International Free Calls","href":"/v2/productOffering/fca3c47c67c0476e8aa335ea77e5a717","type":"International_Calls_Plan","serialized":null,"version":null,"attachment":[],"valueRank":null,"durationPolicy":null},"product":{"id":null,"version":null,"href":"/v2/productRefOrValue/","name":null,"status":null,"primaryProductId":null,"actionDate":null,"relatedParty":[],"productOrderRef":null,"productSpecification":[],"characteristic":[{"name":"Included_Content","value":"300","localizedName":"Included Content","characteristicMetadata":[{"name":"userId","value":"Automation_208086670_Individual","metatype":"operational"},{"name":"salesChannel","value":"CallCenter","metatype":"operational"},{"name":"csrId","value":"csrId","metatype":"operational"},{"name":"changeDate","value":"Tue Sep 18 09:40:46 GMT 2018","metatype":"operational"},{"name":"originalSalesChannel","value":"CallCenter","metatype":"operational"}]}],"place":[],"productRelationship":[{"type":"bundled","product":{"id":null,"version":null,"href":null,"name":null,"status":null,"primaryProductId":null,"actionDate":null,"relatedParty":[],"productOrderRef":null,"productSpecification":[{"id":"aeed224b4d64476d953d9438c1a62c17","href":null,"name":"International Calls Plan","type":"International Calls Plan"}],"characteristic":[{"name":"Country/Region","value":"Italy","localizedName":"Country/Region","characteristicMetadata":[{"name":"userId","value":"Automation_208086670_Individual","metatype":"operational"},{"name":"salesChannel","value":"CallCenter","metatype":"operational"},{"name":"csrId","value":"csrId","metatype":"operational"},{"name":"changeDate","value":"Tue Sep 18 09:40:46 GMT 2018","metatype":"operational"},{"name":"originalSalesChannel","value":"CallCenter","metatype":"operational"}]}],"place":[],"productRelationship":[],"referenceId":"31b9cccd-7aac-4f40-b9cf-7e95795ba203","terminationDate":null,"activationDate":null}}],"referenceId":"ece70e51-d677-4813-a72b-8b5de46e2b1b","terminationDate":null,"activationDate":null},"billingAccount":{"id":"12121","href":"''/v2/TBA/12121","name":null},"appointment":null,"orderItem":[],"productOfferingGroupOption":null,"orderTerm":[],"modifyReason":[{"id":"b8f2edc8-1f42-4330-ab98-8866a71d6f8d","name":"Customer Request","reasonText":"Customer Request","action":"Add"}],"readOnly":false,"payment":[],"characteristicMetadata":[{"name":"userId","value":"Automation_208086670_Individual","metatype":"operational"},{"name":"salesChannel","value":"CallCenter","metatype":"operational"},{"name":"csrId","value":"csrId","metatype":"operational"},{"name":"changeDate","value":"Tue Sep 18 09:40:46 GMT 2018","metatype":"operational"},{"name":"originalSalesChannel","value":"CallCenter","metatype":"operational"}],"relatedImmediatePromotion":[{"id":"1160f761-a630-42e4-8b22-4a8201d4cc23","itemQualificationType":"benefit"}],"extensions":{},"stock":[],"stockReservation":[]}],"orderTotalPrice":[{"id":null,"name":null,"description":null,"unitOfMeasure":null,"recurringChargePeriod":null,"priceType":"RC","price":{"taxIncludedAmount":{"unit":"USD","value":21.989},"dutyFreeAmount":{"unit":"USD","value":19.99},"taxRate":10,"percentage":null,"priceReduction":null,"taxAmount":{"unit":"USD","value":1.999}},"finalPrice":{"taxIncludedAmount":{"unit":"USD","value":17.5912},"dutyFreeAmount":{"unit":"USD","value":15.992},"taxRate":10,"percentage":null,"priceReduction":null,"taxAmount":{"unit":"USD","value":1.5992}},"standalonePrice":{"taxIncludedAmount":{"unit":"USD","value":21.989},"dutyFreeAmount":{"unit":"USD","value":19.99},"taxRate":10,"percentage":null,"priceReduction":null,"taxAmount":{"unit":"USD","value":1.999}},"priceAlteration":[{"name":null,"description":null,"unitOfMeasure":null,"recurringChargePeriod":null,"priceType":"RC","applicationDuration":null,"priority":null,"alterationType":"Promotion Price Alteration","promotionActionId":null,"promotionInstanceId":null,"alterationProductOfferingPriceId":null,"alterationBundleProductOfferingId":null,"price":{"taxIncludedAmount":null,"dutyFreeAmount":{"unit":"USD","value":3.998},"taxRate":null,"percentage":null,"priceReduction":null,"taxAmount":null}}],"billingAccount":null,"immediatePayOption":null}],"channel":[{"id":"CallCenter","href":null,"name":"CallCenter"}],"orderRelationship":[],"controlFields":{"createdBy":"Automation_208086670_Individual","createdOn":"2018-09-18T09:40:47Z","lastModifiedBy":"Automation_208086670_Individual","lastModifiedOn":"2018-09-18T09:40:47Z"},"validation":null,"payment":[],"immediatePromotion":[{"id":"1160f761-a630-42e4-8b22-4a8201d4cc23","promotion":{"id":"556a7a7e53ee450dbdac1762ecc5edb6","name":"International discount","description":"CROSS-15128 Use Case #4: 20% discount on any international plan","validFor":{"startDateTime":"2017-01-01T00:00:00Z","endDateTime":"2028-09-12T01:16:06.664Z"},"href":null},"triggerItem":[{"id":"ProductOrder_15544504-4405-410a-822a-222aa02204a6_OrderItem_04445040-1041-4154-8002-80a0a88818b7","itemType":"order","href":null,"promotionCriteriaGroupId":"2062","pathToRoot":"/ProductOrder_15544504-4405-410a-822a-222aa02204a6_OrderItem_04445040-1041-4154-8002-80a0a88818b7"}],"benefitItem":[{"id":"ProductOrder_15544504-4405-410a-822a-222aa02204a6_OrderItem_04445040-1041-4154-8002-80a0a88818b7","itemType":"order","promotionCriteriaGroupId":"2062","pathToRoot":"/ProductOrder_15544504-4405-410a-822a-222aa02204a6_OrderItem_04445040-1041-4154-8002-80a0a88818b7","href":null,"action":[{"id":null,"name":null,"description":null,"actionType":"Price Allteration","actionValue":0,"duration":null,"promotionPriceAlteration":{"id":"fe803c0139804aedb690bf0b169d4a37"}}]}]}],"extensions":{},"isCustomerVisible":true}]]>
            </line>
            <line>
              <![CDATA[</div>]]>
            </line>
            <line>
              <![CDATA[</div>]]>
            </line>
            <line>
              <![CDATA[</div>]]>
            </line>
            <line>
              <![CDATA[</div>]]>
            </line>
            <line>
              <![CDATA[</td>]]>
            </line>
            <line>
              <![CDATA[</tr>]]>
            </line>
            <line>
              <![CDATA[<tr class="table-success"><td colspan="2">Response status: expected=201 actual=201; Value: true</td></tr>]]>
            </line>
            <line>
              <![CDATA[<tr><td class="text-dark font-weight-bold">Order ID  </td><td class="" > ProductOrder_15544504-4405-410a-822a-222aa02204a6 </td></tr>]]>
            </line>
            <line>
              <![CDATA[<tr><td class="text-dark font-weight-bold">Context Attribute [OrderID] Set  </td><td class="" > ProductOrder_15544504-4405-410a-822a-222aa02204a6 </td></tr>]]>
            </line>
            <line>
              <![CDATA[<tr class="table-light"><td colspan="2">No. of OrderItems : </td></tr>]]>
            </line>
            <line>
              <![CDATA[<tr><td class="text-dark font-weight-bold">Context Attribute [OrderItem] Set  </td><td class="" > ProductOrder_15544504-4405-410a-822a-222aa02204a6_OrderItem_04445040-1041-4154-8002-80a0a88818b7 </td></tr>]]>
            </line>
            <line>
              <![CDATA[<tr><td class="text-dark font-weight-bold">Context Attribute [eTag] Set  </td><td class="" > ProductOrder_15544504-4405-410a-822a-222aa02204a6=1537263646248009728 </td></tr>]]>
            </line>
          </reporter-output>
        </test-method> <!-- createOrderWith_DefaultConfiguration -->
      </class> <!-- productordering.ProductOrderingCreateOrder -->
      <class name="productordering.ProductOrderingRetreiveOrder">
        <test-method status="PASS" signature="retreiveOrder(java.lang.String, java.lang.String, java.lang.String, java.lang.String, org.testng.ITestContext)[pri:0, instance:productordering.ProductOrderingRetreiveOrder@27a8c74e]" name="retreiveOrder" duration-ms="506" started-at="2018-09-18T15:10:48Z" finished-at="2018-09-18T15:10:48Z">
          <params>
            <param index="0">
              <value>
                <![CDATA[101A]]>
              </value>
            </param>
            <param index="1">
              <value>
                <![CDATA[CC]]>
              </value>
            </param>
            <param index="2">
              <value>
                <![CDATA[Automatic]]>
              </value>
            </param>
            <param index="3">
              <value>
                <![CDATA[fit]]>
              </value>
            </param>
            <param index="4">
              <value>
                <![CDATA[org.testng.TestRunner@30e92cb9]]>
              </value>
            </param>
          </params>
          <reporter-output>
            <line>
              <![CDATA[<tr class="table-info"><td class="text-dark font-weight-bold">Request Type </td><td class="" >GET</td></tr>]]>
            </line>
            <line>
              <![CDATA[<tr><td class="text-dark font-weight-bold">URI </td><td class="" > http://ilocpde01w02.corp.amdocs.com:30538/productOrdering/v2/productOrder/ProductOrder_15544504-4405-410a-822a-222aa02204a6 </td></tr>]]>
            </line>
            <line>
              <![CDATA[<tr><td class="text-dark font-weight-bold" colspan="2">Headers : </td></tr>]]>
            </line>
            <line>
              <![CDATA[<tr>]]>
            </line>
            <line>
              <![CDATA[<td class="text-dark font-weight-bold" >Authorization :</td>]]>
            </line>
            <line>
              <![CDATA[<td class="" >]]>
            </line>
            <line>
              <![CDATA[<a href="" class="alert-link" data-toggle="modal" data-target="#rest_assured_logger_modal_value_40">Show</a>]]>
            </line>
            <line>
              <![CDATA[<div class="modal fade"  id="rest_assured_logger_modal_value_40" tabindex="-1" role="dialog">]]>
            </line>
            <line>
              <![CDATA[<div class="modal-dialog" role="document">]]>
            </line>
            <line>
              <![CDATA[<div class="modal-content">]]>
            </line>
            <line>
              <![CDATA[<div class="modal-header text-white bg-info">]]>
            </line>
            <line>
              <![CDATA[<h5 class="modal-title" id="title1">Authorization</h5>]]>
            </line>
            <line>
              <![CDATA[<span class="h6 text-light ml-2 mt-2">(click on the Text to copy)</span>]]>
            </line>
            <line>
              <![CDATA[<button type="button" class="close" data-dismiss="modal" aria-label="Close">]]>
            </line>
            <line>
              <![CDATA[<span aria-hidden="true">&times;</span>]]>
            </line>
            <line>
              <![CDATA[</button>]]>
            </line>
            <line>
              <![CDATA[</div>]]>
            </line>
            <line>
              <![CDATA[<div onClick="copyMePlease(this)" class="modal-body">]]>
            </line>
            <line>
              <![CDATA[Bearer eyJ4NXQjUzI1NiI6IkxEbGVvYldaYmVZcG9pb0Q0R1hrMWp3US8rUWd1MUs1eXNzQ1JpN3BtelE9IiwidHlwIjoiSldUIiwiYWxnIjoiUlMyNTYifQ.eyJzdWIiOiJBdXRvbWF0aW9uXzIwODA4NjY3MF9JbmRpdmlkdWFsIiwiY3NySWQiOiJjc3JJZCIsInJvbGVzIjpbIkdldEluZGl2aWR1YWwiLCJVcGRhdGVJbmRpdmlkdWFsIiwiQ2F0YWxvZ09uZS5pbXBvcnRlciIsIkdldEN1c3RvbWVyIiwiRGVsZXRlQ3JlZGl0UHJvZmlsZSIsIlByb2R1Y3RPcmRlckxhdW5jaGVyUmVhZCIsIkFwcFRlc3RlclJvbGUiLCJQcm9kdWN0T3JkZXJMYXVuY2hlckNyZWF0ZSIsIkNyZWF0ZVBheW1lbnRNZXRob2QiLCJvcmRlckNoYW5nZU93bmVyc2hpcCIsIlBBUC1QVSIsIlJldHJpZXZlQ3VzdG9tZXIiLCJBbm9ueW1vdXNVc2VyUm9sZSIsIlBBUC1Db21tb24iLCJXcml0ZSIsIlByb2R1Y3RPcmRlckxhdW5jaGVyVXBkYXRlIiwiQWRkUmVsYXRlZFBhcnR5IiwiQ3JlYXRlQ3VzdG9tZXIiLCJDcmVhdGVJbmRpdmlkdWFsIiwiU2VhcmNoSW5kaXZpZHVhbCIsIkdldEN1c3RvbWVyRW50aXR5IiwiVXBkYXRlQ3JlZGl0UHJvZmlsZSIsIkNoYW5nZU93bmVyc2hpcFJvbGUiLCJBc21TZXJ2aWNlc0FwcElkZW50aXR5IiwiRGVsZXRlSW5kaXZpZHVhbCIsImNzciIsIlJldHJpZXZlQ3VzdG9tZXJFbnRpdHkiLCJFdmFsdWF0ZUNyZWRpdFByb2ZpbGUiLCJSZXRyZWl2ZVBheW1lbnRNZXRob2QiLCJQcm9kdWN0T3JkZXJMYXVuY2hlckRlbGV0ZSIsIlJldHJpZXZlSW5kaXZpZHVhbCIsIlNUUy1Db21tb24iLCJDcmVhdGVDdXN0b21lckVudGl0eSJdLCJjdXN0b21lcklkIjoiQ3VzdG9tZXJfNDAzMDYiLCJpc3MiOiJBM1Nab25lMUBBM1MuYW1kb2NzLmNvbSIsIm9pdCI6MTUzNzI2MzY0NSwic2FsZXNDaGFubmVsIjoiQ2FsbENlbnRlciIsImV4cCI6MTUzNzI3MDg0NSwiaWF0IjoxNTM3MjYzNjQ1LCJ0dGwiOjE1MzcyOTI0NDUsImp0aSI6Ijc0ZTE5NWFjNzQ1MGZhNjU5ZTI1MDEzNGZjN2JhYTllN2Y4ZTQ4ZmJjNmEzMDM1MjAzZjcyZWIwYzJiNjIwNDAifQ.SJEglfX2g31q71slR0icYEu484uS8aOetkvVbn5lS4NilW3ozAVyVxhByAYP-T1DprCTn3_w8xp2AehnAzrVZ6_Hl0rvZYbhuQHNnUyw1DzullKx8-3vWs1eQhb7Q767kCVMJwteYloR6Xkk9SIiHpiyc2WuR8B0eXy2fUu55jRKSfX1nI7iTWIhAovBoS3VRkqOTl-moPZaDWHSYJExx1vqFb9U4-TC0D0F7ZIXu-gkGaPPkBOacnU1a1sqrOghEaSaBTj9idexSg2aUM8wb-8_1lXBBho6pYi3c20e4PCJkErXdysuWkgJsc29r0xje_HlmgbK4rScVlPv1zBQ8g]]>
            </line>
            <line>
              <![CDATA[</div>]]>
            </line>
            <line>
              <![CDATA[</div>]]>
            </line>
            <line>
              <![CDATA[</div>]]>
            </line>
            <line>
              <![CDATA[</div>]]>
            </line>
            <line>
              <![CDATA[</td>]]>
            </line>
            <line>
              <![CDATA[</tr>]]>
            </line>
            <line>
              <![CDATA[<tr><td class="text-dark font-weight-bold">Accept </td><td class="" > application/json </td></tr>]]>
            </line>
            <line>
              <![CDATA[<tr><td class="text-dark font-weight-bold">Custom-Header </td><td class="" > {"salesChannel":"CallCenter","customerId":"Customer_40306","sessionId":"283339228"} </td></tr>]]>
            </line>
            <line>
              <![CDATA[<tr><td class="text-dark font-weight-bold">Accept-Language </td><td class="" > en_US </td></tr>]]>
            </line>
            <line>
              <![CDATA[<tr><td class="text-dark font-weight-bold">Content-Type </td><td class="" > application/json </td></tr>]]>
            </line>
            <line>
              <![CDATA[<tr>]]>
            </line>
            <line>
              <![CDATA[<td class="text-dark font-weight-bold" >Payload :</td>]]>
            </line>
            <line>
              <![CDATA[<td class="" >]]>
            </line>
            <line>
              <![CDATA[<a href="" class="alert-link" data-toggle="modal" data-target="#rest_assured_logger_modal_value_41">Show</a>]]>
            </line>
            <line>
              <![CDATA[<div class="modal fade"  id="rest_assured_logger_modal_value_41" tabindex="-1" role="dialog">]]>
            </line>
            <line>
              <![CDATA[<div class="modal-dialog" role="document">]]>
            </line>
            <line>
              <![CDATA[<div class="modal-content">]]>
            </line>
            <line>
              <![CDATA[<div class="modal-header text-white bg-info">]]>
            </line>
            <line>
              <![CDATA[<h5 class="modal-title" id="title1">Payload</h5>]]>
            </line>
            <line>
              <![CDATA[<span class="h6 text-light ml-2 mt-2">(click on the Text to copy)</span>]]>
            </line>
            <line>
              <![CDATA[<button type="button" class="close" data-dismiss="modal" aria-label="Close">]]>
            </line>
            <line>
              <![CDATA[<span aria-hidden="true">&times;</span>]]>
            </line>
            <line>
              <![CDATA[</button>]]>
            </line>
            <line>
              <![CDATA[</div>]]>
            </line>
            <line>
              <![CDATA[<div onClick="copyMePlease(this)" class="modal-body">]]>
            </line>
            <line>
              <![CDATA[None]]>
            </line>
            <line>
              <![CDATA[</div>]]>
            </line>
            <line>
              <![CDATA[</div>]]>
            </line>
            <line>
              <![CDATA[</div>]]>
            </line>
            <line>
              <![CDATA[</div>]]>
            </line>
            <line>
              <![CDATA[</td>]]>
            </line>
            <line>
              <![CDATA[</tr>]]>
            </line>
            <line>
              <![CDATA[<tr>]]>
            </line>
            <line>
              <![CDATA[<td class="text-dark font-weight-bold" >Response Header :</td>]]>
            </line>
            <line>
              <![CDATA[<td class="" >]]>
            </line>
            <line>
              <![CDATA[<a href="" class="alert-link" data-toggle="modal" data-target="#modal_value_14">Show</a>]]>
            </line>
            <line>
              <![CDATA[<div class="modal fade"  id="modal_value_14" tabindex="-1" role="dialog">]]>
            </line>
            <line>
              <![CDATA[<div class="modal-dialog" role="document">]]>
            </line>
            <line>
              <![CDATA[<div class="modal-content">]]>
            </line>
            <line>
              <![CDATA[<div class="modal-header text-white bg-info">]]>
            </line>
            <line>
              <![CDATA[<h5 class="modal-title" id="title1">Response Header</h5>]]>
            </line>
            <line>
              <![CDATA[<span class="h6 text-light ml-2 mt-2">(click on the Text to copy)</span>]]>
            </line>
            <line>
              <![CDATA[<button type="button" class="close" data-dismiss="modal" aria-label="Close">]]>
            </line>
            <line>
              <![CDATA[<span aria-hidden="true">&times;</span>]]>
            </line>
            <line>
              <![CDATA[</button>]]>
            </line>
            <line>
              <![CDATA[</div>]]>
            </line>
            <line>
              <![CDATA[<div onClick="copyMePlease(this)" class="modal-body">]]>
            </line>
            <line>
              <![CDATA[X-Application-Context=productorder-productorder-ms:8080
	X-DOX-TraceId=A1B9A60858FBDA05
	ETag="ProductOrder_15544504-4405-410a-822a-222aa02204a6=1537263646248009728"
	X-Content-Type-Options=nosniff
	X-XSS-Protection=1; mode=block
	Cache-Control=no-cache, no-store, max-age=0, must-revalidate
	Pragma=no-cache
	Expires=0
	X-Frame-Options=DENY
	Content-Type=application/json;charset=UTF-8
	Transfer-Encoding=chunked
	Date=Tue, 18 Sep 2018 09:40:47 GMT]]>
            </line>
            <line>
              <![CDATA[</div>]]>
            </line>
            <line>
              <![CDATA[</div>]]>
            </line>
            <line>
              <![CDATA[</div>]]>
            </line>
            <line>
              <![CDATA[</div>]]>
            </line>
            <line>
              <![CDATA[</td>]]>
            </line>
            <line>
              <![CDATA[</tr>]]>
            </line>
            <line>
              <![CDATA[<tr>]]>
            </line>
            <line>
              <![CDATA[<td class="text-dark font-weight-bold" >Response :</td>]]>
            </line>
            <line>
              <![CDATA[<td class="" >]]>
            </line>
            <line>
              <![CDATA[<a href="" class="alert-link" data-toggle="modal" data-target="#rest_assured_logger_modal_value_42">Show</a>]]>
            </line>
            <line>
              <![CDATA[<div class="modal fade"  id="rest_assured_logger_modal_value_42" tabindex="-1" role="dialog">]]>
            </line>
            <line>
              <![CDATA[<div class="modal-dialog" role="document">]]>
            </line>
            <line>
              <![CDATA[<div class="modal-content">]]>
            </line>
            <line>
              <![CDATA[<div class="modal-header text-white bg-info">]]>
            </line>
            <line>
              <![CDATA[<h5 class="modal-title" id="title1">Response</h5>]]>
            </line>
            <line>
              <![CDATA[<span class="h6 text-light ml-2 mt-2">(click on the Text to copy)</span>]]>
            </line>
            <line>
              <![CDATA[<button type="button" class="close" data-dismiss="modal" aria-label="Close">]]>
            </line>
            <line>
              <![CDATA[<span aria-hidden="true">&times;</span>]]>
            </line>
            <line>
              <![CDATA[</button>]]>
            </line>
            <line>
              <![CDATA[</div>]]>
            </line>
            <line>
              <![CDATA[<div onClick="copyMePlease(this)" class="modal-body">]]>
            </line>
            <line>
              <![CDATA[{"id":"ProductOrder_15544504-4405-410a-822a-222aa02204a6","href":"/v2/productOrder/ProductOrder_15544504-4405-410a-822a-222aa02204a6","category":null,"priority":null,"description":"Special Order","state":"Draft","externalId":null,"orderDate":"2018-09-18T09:40:46Z","completionDate":null,"requestedStartDate":null,"requestedCompletionDate":"2018-09-18T09:40:46Z","expectedCompletionDate":null,"orderPriceDate":"2018-09-18T09:40:47.108Z","notificationContact":null,"relatedParty":[{"id":"Customer_40306","href":"/v2/relatedParty/Customer_40306","name":null,"role":"customer"}],"billingAccount":null,"orderItem":[{"id":"ProductOrder_15544504-4405-410a-822a-222aa02204a6_OrderItem_04445040-1041-4154-8002-80a0a88818b7","action":"add","state":"Draft","quantity":1,"externalId":null,"completionDate":null,"requestedStartDate":null,"requestedCompletionDate":"2018-09-18T09:40:46Z","retroactiveChangeDate":null,"itemPrice":[{"id":"e850b41ee5874c22b84131991760df7a","name":"International Free charge","description":null,"unitOfMeasure":null,"recurringChargePeriod":"month","priceType":"RC","price":{"taxIncludedAmount":{"unit":"USD","value":21.989},"dutyFreeAmount":{"unit":"USD","value":19.99},"taxRate":10,"percentage":null,"priceReduction":null,"taxAmount":{"unit":"USD","value":1.999}},"finalPrice":{"taxIncludedAmount":{"unit":"USD","value":17.5912},"dutyFreeAmount":{"unit":"USD","value":15.992},"taxRate":10,"percentage":null,"priceReduction":null,"taxAmount":{"unit":"USD","value":1.5992}},"standalonePrice":null,"priceAlteration":[{"name":null,"description":null,"unitOfMeasure":null,"recurringChargePeriod":null,"priceType":"RC","applicationDuration":null,"priority":null,"alterationType":"Promotion Price Alteration","promotionActionId":null,"promotionInstanceId":null,"alterationProductOfferingPriceId":"fe803c0139804aedb690bf0b169d4a37","alterationBundleProductOfferingId":null,"price":{"taxIncludedAmount":null,"dutyFreeAmount":{"unit":"USD","value":3.998},"taxRate":null,"percentage":20,"priceReduction":null,"taxAmount":null}}],"billingAccount":null,"immediatePayOption":null}],"itemTotalPrice":[{"id":null,"name":null,"description":null,"unitOfMeasure":null,"recurringChargePeriod":"month","priceType":"RC","price":{"taxIncludedAmount":{"unit":"USD","value":21.989},"dutyFreeAmount":{"unit":"USD","value":19.99},"taxRate":10,"percentage":null,"priceReduction":null,"taxAmount":{"unit":"USD","value":1.999}},"finalPrice":{"taxIncludedAmount":{"unit":"USD","value":17.5912},"dutyFreeAmount":{"unit":"USD","value":15.992},"taxRate":10,"percentage":null,"priceReduction":null,"taxAmount":{"unit":"USD","value":1.5992}},"standalonePrice":{"taxIncludedAmount":{"unit":"USD","value":21.989},"dutyFreeAmount":{"unit":"USD","value":19.99},"taxRate":10,"percentage":null,"priceReduction":null,"taxAmount":{"unit":"USD","value":1.999}},"priceAlteration":[{"name":null,"description":null,"unitOfMeasure":null,"recurringChargePeriod":null,"priceType":"RC","applicationDuration":null,"priority":null,"alterationType":"Promotion Price Alteration","promotionActionId":null,"promotionInstanceId":null,"alterationProductOfferingPriceId":null,"alterationBundleProductOfferingId":null,"price":{"taxIncludedAmount":null,"dutyFreeAmount":{"unit":"USD","value":3.998},"taxRate":null,"percentage":null,"priceReduction":null,"taxAmount":null}}],"billingAccount":null,"immediatePayOption":null}],"orderItemRelationship":[],"productOffering":{"id":"fca3c47c67c0476e8aa335ea77e5a717","name":"International Free Calls","href":"/v2/productOffering/fca3c47c67c0476e8aa335ea77e5a717","type":"International_Calls_Plan","serialized":null,"version":null,"attachment":[],"valueRank":null,"durationPolicy":null},"product":{"id":null,"version":null,"href":"/v2/productRefOrValue/","name":null,"status":null,"primaryProductId":null,"actionDate":null,"relatedParty":[],"productOrderRef":null,"productSpecification":[],"characteristic":[{"name":"Included_Content","value":"300","localizedName":"Included Content","characteristicMetadata":[{"name":"userId","value":"Automation_208086670_Individual","metatype":"operational"},{"name":"salesChannel","value":"CallCenter","metatype":"operational"},{"name":"csrId","value":"csrId","metatype":"operational"},{"name":"changeDate","value":"Tue Sep 18 09:40:46 GMT 2018","metatype":"operational"},{"name":"originalSalesChannel","value":"CallCenter","metatype":"operational"}]}],"place":[],"productRelationship":[{"type":"bundled","product":{"id":null,"version":null,"href":null,"name":null,"status":null,"primaryProductId":null,"actionDate":null,"relatedParty":[],"productOrderRef":null,"productSpecification":[{"id":"aeed224b4d64476d953d9438c1a62c17","href":null,"name":"International Calls Plan","type":"International Calls Plan"}],"characteristic":[{"name":"Country/Region","value":"Italy","localizedName":"Country/Region","characteristicMetadata":[{"name":"userId","value":"Automation_208086670_Individual","metatype":"operational"},{"name":"salesChannel","value":"CallCenter","metatype":"operational"},{"name":"csrId","value":"csrId","metatype":"operational"},{"name":"changeDate","value":"Tue Sep 18 09:40:46 GMT 2018","metatype":"operational"},{"name":"originalSalesChannel","value":"CallCenter","metatype":"operational"}]}],"place":[],"productRelationship":[],"referenceId":"31b9cccd-7aac-4f40-b9cf-7e95795ba203","terminationDate":null,"activationDate":null}}],"referenceId":"ece70e51-d677-4813-a72b-8b5de46e2b1b","terminationDate":null,"activationDate":null},"billingAccount":{"id":"12121","href":"''/v2/TBA/12121","name":null},"appointment":null,"orderItem":[],"productOfferingGroupOption":null,"orderTerm":[],"modifyReason":[{"id":"b8f2edc8-1f42-4330-ab98-8866a71d6f8d","name":"Customer Request","reasonText":"Customer Request","action":"Add"}],"readOnly":false,"payment":[],"characteristicMetadata":[{"name":"userId","value":"Automation_208086670_Individual","metatype":"operational"},{"name":"salesChannel","value":"CallCenter","metatype":"operational"},{"name":"csrId","value":"csrId","metatype":"operational"},{"name":"changeDate","value":"Tue Sep 18 09:40:46 GMT 2018","metatype":"operational"},{"name":"originalSalesChannel","value":"CallCenter","metatype":"operational"}],"relatedImmediatePromotion":[{"id":"1160f761-a630-42e4-8b22-4a8201d4cc23","itemQualificationType":"benefit"}],"extensions":{},"stock":[],"stockReservation":[]}],"orderTotalPrice":[{"id":null,"name":null,"description":null,"unitOfMeasure":null,"recurringChargePeriod":null,"priceType":"RC","price":{"taxIncludedAmount":{"unit":"USD","value":21.989},"dutyFreeAmount":{"unit":"USD","value":19.99},"taxRate":10,"percentage":null,"priceReduction":null,"taxAmount":{"unit":"USD","value":1.999}},"finalPrice":{"taxIncludedAmount":{"unit":"USD","value":17.5912},"dutyFreeAmount":{"unit":"USD","value":15.992},"taxRate":10,"percentage":null,"priceReduction":null,"taxAmount":{"unit":"USD","value":1.5992}},"standalonePrice":{"taxIncludedAmount":{"unit":"USD","value":21.989},"dutyFreeAmount":{"unit":"USD","value":19.99},"taxRate":10,"percentage":null,"priceReduction":null,"taxAmount":{"unit":"USD","value":1.999}},"priceAlteration":[{"name":null,"description":null,"unitOfMeasure":null,"recurringChargePeriod":null,"priceType":"RC","applicationDuration":null,"priority":null,"alterationType":"Promotion Price Alteration","promotionActionId":null,"promotionInstanceId":null,"alterationProductOfferingPriceId":null,"alterationBundleProductOfferingId":null,"price":{"taxIncludedAmount":null,"dutyFreeAmount":{"unit":"USD","value":3.998},"taxRate":null,"percentage":null,"priceReduction":null,"taxAmount":null}}],"billingAccount":null,"immediatePayOption":null}],"channel":[{"id":"CallCenter","href":null,"name":"CallCenter"}],"orderRelationship":[],"controlFields":{"createdBy":"Automation_208086670_Individual","createdOn":"2018-09-18T09:40:47Z","lastModifiedBy":"Automation_208086670_Individual","lastModifiedOn":"2018-09-18T09:40:47Z"},"validation":null,"payment":[],"immediatePromotion":[{"id":"1160f761-a630-42e4-8b22-4a8201d4cc23","promotion":{"id":"556a7a7e53ee450dbdac1762ecc5edb6","name":"International discount","description":"CROSS-15128 Use Case #4: 20% discount on any international plan","validFor":{"startDateTime":"2017-01-01T00:00:00Z","endDateTime":"2028-09-12T01:16:06.664Z"},"href":null},"triggerItem":[{"id":"ProductOrder_15544504-4405-410a-822a-222aa02204a6_OrderItem_04445040-1041-4154-8002-80a0a88818b7","itemType":"order","href":null,"promotionCriteriaGroupId":"2062","pathToRoot":"/ProductOrder_15544504-4405-410a-822a-222aa02204a6_OrderItem_04445040-1041-4154-8002-80a0a88818b7"}],"benefitItem":[{"id":"ProductOrder_15544504-4405-410a-822a-222aa02204a6_OrderItem_04445040-1041-4154-8002-80a0a88818b7","itemType":"order","promotionCriteriaGroupId":"2062","pathToRoot":"/ProductOrder_15544504-4405-410a-822a-222aa02204a6_OrderItem_04445040-1041-4154-8002-80a0a88818b7","href":null,"action":[{"id":null,"name":null,"description":null,"actionType":"Price Allteration","actionValue":0,"duration":null,"promotionPriceAlteration":{"id":"fe803c0139804aedb690bf0b169d4a37"}}]}]}],"extensions":{},"isCustomerVisible":true}]]>
            </line>
            <line>
              <![CDATA[</div>]]>
            </line>
            <line>
              <![CDATA[</div>]]>
            </line>
            <line>
              <![CDATA[</div>]]>
            </line>
            <line>
              <![CDATA[</div>]]>
            </line>
            <line>
              <![CDATA[</td>]]>
            </line>
            <line>
              <![CDATA[</tr>]]>
            </line>
            <line>
              <![CDATA[<tr class="table-success"><td colspan="2">Response status: expected=200 actual=200; Value: true</td></tr>]]>
            </line>
            <line>
              <![CDATA[<tr><td class="text-dark font-weight-bold">Context Attribute [eTag] Set  </td><td class="" > ProductOrder_15544504-4405-410a-822a-222aa02204a6=1537263646248009728 </td></tr>]]>
            </line>
            <line>
              <![CDATA[<tr><td class="text-dark font-weight-bold">Context Attribute [OrderID] Set  </td><td class="" > ProductOrder_15544504-4405-410a-822a-222aa02204a6 </td></tr>]]>
            </line>
            <line>
              <![CDATA[<tr><td class="text-dark font-weight-bold">Context Attribute [OrderItem] Set  </td><td class="" > ProductOrder_15544504-4405-410a-822a-222aa02204a6_OrderItem_04445040-1041-4154-8002-80a0a88818b7 </td></tr>]]>
            </line>
            <line>
              <![CDATA[<tr><td class="text-dark font-weight-bold">Context Attribute [requestedCompletionDate] Set  </td><td class="" > 2018-09-18T09:40:46Z </td></tr>]]>
            </line>
          </reporter-output>
        </test-method> <!-- retreiveOrder -->
      </class> <!-- productordering.ProductOrderingRetreiveOrder -->
    </test> <!-- PRODUCT-ORDER-MS_CreateOrder_InternationalFree_Plan-DefaultConfiguration -->
    <test name="PRODUCT-ORDER-MS_CreateOrder_NXT_SMart-DefaultConfiguration" duration-ms="2248" started-at="2018-09-18T09:40:48Z" finished-at="2018-09-18T09:40:50Z">
      <class name="productordering.ProductOrderingCreateOrder">
        <test-method status="PASS" signature="beforeTestMethodToSkipIfPreviousTestFailed(org.testng.ITestContext)[pri:0, instance:productordering.ProductOrderingCreateOrder@1f57539]" name="beforeTestMethodToSkipIfPreviousTestFailed" is-config="true" duration-ms="0" started-at="2018-09-18T15:10:48Z" finished-at="2018-09-18T15:10:48Z">
          <params>
            <param index="0">
              <value>
                <![CDATA[org.testng.TestRunner@400d912a]]>
              </value>
            </param>
          </params>
          <reporter-output>
          </reporter-output>
        </test-method> <!-- beforeTestMethodToSkipIfPreviousTestFailed -->
        <test-method status="PASS" signature="createOrderWith_DefaultConfiguration(java.lang.String, java.lang.String, java.lang.String, java.lang.String, java.lang.String, java.lang.String, org.testng.ITestContext)[pri:0, instance:productordering.ProductOrderingCreateOrder@1f57539]" name="createOrderWith_DefaultConfiguration" duration-ms="1400" started-at="2018-09-18T15:10:48Z" finished-at="2018-09-18T15:10:49Z">
          <params>
            <param index="0">
              <value>
                <![CDATA[Customer_000000000]]>
              </value>
            </param>
            <param index="1">
              <value>
                <![CDATA[3353c5c3e6f24103935ecb26e245d707]]>
              </value>
            </param>
            <param index="2">
              <value>
                <![CDATA[CC]]>
              </value>
            </param>
            <param index="3">
              <value>
                <![CDATA[CallCenter]]>
              </value>
            </param>
            <param index="4">
              <value>
                <![CDATA[fit]]>
              </value>
            </param>
            <param index="5">
              <value>
                <![CDATA[Automatic]]>
              </value>
            </param>
            <param index="6">
              <value>
                <![CDATA[org.testng.TestRunner@400d912a]]>
              </value>
            </param>
          </params>
          <reporter-output>
            <line>
              <![CDATA[<tr class="table-warning"><td colspan="2">removeAttribute OrderID from test/suite context</td></tr>]]>
            </line>
            <line>
              <![CDATA[<tr class="table-info"><td class="text-dark font-weight-bold">Request Type </td><td class="" >POST</td></tr>]]>
            </line>
            <line>
              <![CDATA[<tr><td class="text-dark font-weight-bold">URI </td><td class="" > http://ilocpde01w02.corp.amdocs.com:30538/productOrdering/v2/productOrder </td></tr>]]>
            </line>
            <line>
              <![CDATA[<tr><td class="text-dark font-weight-bold" colspan="2">Headers : </td></tr>]]>
            </line>
            <line>
              <![CDATA[<tr>]]>
            </line>
            <line>
              <![CDATA[<td class="text-dark font-weight-bold" >Authorization :</td>]]>
            </line>
            <line>
              <![CDATA[<td class="" >]]>
            </line>
            <line>
              <![CDATA[<a href="" class="alert-link" data-toggle="modal" data-target="#rest_assured_logger_modal_value_43">Show</a>]]>
            </line>
            <line>
              <![CDATA[<div class="modal fade"  id="rest_assured_logger_modal_value_43" tabindex="-1" role="dialog">]]>
            </line>
            <line>
              <![CDATA[<div class="modal-dialog" role="document">]]>
            </line>
            <line>
              <![CDATA[<div class="modal-content">]]>
            </line>
            <line>
              <![CDATA[<div class="modal-header text-white bg-info">]]>
            </line>
            <line>
              <![CDATA[<h5 class="modal-title" id="title1">Authorization</h5>]]>
            </line>
            <line>
              <![CDATA[<span class="h6 text-light ml-2 mt-2">(click on the Text to copy)</span>]]>
            </line>
            <line>
              <![CDATA[<button type="button" class="close" data-dismiss="modal" aria-label="Close">]]>
            </line>
            <line>
              <![CDATA[<span aria-hidden="true">&times;</span>]]>
            </line>
            <line>
              <![CDATA[</button>]]>
            </line>
            <line>
              <![CDATA[</div>]]>
            </line>
            <line>
              <![CDATA[<div onClick="copyMePlease(this)" class="modal-body">]]>
            </line>
            <line>
              <![CDATA[Bearer eyJ4NXQjUzI1NiI6IkxEbGVvYldaYmVZcG9pb0Q0R1hrMWp3US8rUWd1MUs1eXNzQ1JpN3BtelE9IiwidHlwIjoiSldUIiwiYWxnIjoiUlMyNTYifQ.eyJzdWIiOiJBdXRvbWF0aW9uXzIwODA4NjY3MF9JbmRpdmlkdWFsIiwiY3NySWQiOiJjc3JJZCIsInJvbGVzIjpbIkdldEluZGl2aWR1YWwiLCJVcGRhdGVJbmRpdmlkdWFsIiwiQ2F0YWxvZ09uZS5pbXBvcnRlciIsIkdldEN1c3RvbWVyIiwiRGVsZXRlQ3JlZGl0UHJvZmlsZSIsIlByb2R1Y3RPcmRlckxhdW5jaGVyUmVhZCIsIkFwcFRlc3RlclJvbGUiLCJQcm9kdWN0T3JkZXJMYXVuY2hlckNyZWF0ZSIsIkNyZWF0ZVBheW1lbnRNZXRob2QiLCJvcmRlckNoYW5nZU93bmVyc2hpcCIsIlBBUC1QVSIsIlJldHJpZXZlQ3VzdG9tZXIiLCJBbm9ueW1vdXNVc2VyUm9sZSIsIlBBUC1Db21tb24iLCJXcml0ZSIsIlByb2R1Y3RPcmRlckxhdW5jaGVyVXBkYXRlIiwiQWRkUmVsYXRlZFBhcnR5IiwiQ3JlYXRlQ3VzdG9tZXIiLCJDcmVhdGVJbmRpdmlkdWFsIiwiU2VhcmNoSW5kaXZpZHVhbCIsIkdldEN1c3RvbWVyRW50aXR5IiwiVXBkYXRlQ3JlZGl0UHJvZmlsZSIsIkNoYW5nZU93bmVyc2hpcFJvbGUiLCJBc21TZXJ2aWNlc0FwcElkZW50aXR5IiwiRGVsZXRlSW5kaXZpZHVhbCIsImNzciIsIlJldHJpZXZlQ3VzdG9tZXJFbnRpdHkiLCJFdmFsdWF0ZUNyZWRpdFByb2ZpbGUiLCJSZXRyZWl2ZVBheW1lbnRNZXRob2QiLCJQcm9kdWN0T3JkZXJMYXVuY2hlckRlbGV0ZSIsIlJldHJpZXZlSW5kaXZpZHVhbCIsIlNUUy1Db21tb24iLCJDcmVhdGVDdXN0b21lckVudGl0eSJdLCJjdXN0b21lcklkIjoiQ3VzdG9tZXJfNDAzMDYiLCJpc3MiOiJBM1Nab25lMUBBM1MuYW1kb2NzLmNvbSIsIm9pdCI6MTUzNzI2MzY0NSwic2FsZXNDaGFubmVsIjoiQ2FsbENlbnRlciIsImV4cCI6MTUzNzI3MDg0NSwiaWF0IjoxNTM3MjYzNjQ1LCJ0dGwiOjE1MzcyOTI0NDUsImp0aSI6Ijc0ZTE5NWFjNzQ1MGZhNjU5ZTI1MDEzNGZjN2JhYTllN2Y4ZTQ4ZmJjNmEzMDM1MjAzZjcyZWIwYzJiNjIwNDAifQ.SJEglfX2g31q71slR0icYEu484uS8aOetkvVbn5lS4NilW3ozAVyVxhByAYP-T1DprCTn3_w8xp2AehnAzrVZ6_Hl0rvZYbhuQHNnUyw1DzullKx8-3vWs1eQhb7Q767kCVMJwteYloR6Xkk9SIiHpiyc2WuR8B0eXy2fUu55jRKSfX1nI7iTWIhAovBoS3VRkqOTl-moPZaDWHSYJExx1vqFb9U4-TC0D0F7ZIXu-gkGaPPkBOacnU1a1sqrOghEaSaBTj9idexSg2aUM8wb-8_1lXBBho6pYi3c20e4PCJkErXdysuWkgJsc29r0xje_HlmgbK4rScVlPv1zBQ8g]]>
            </line>
            <line>
              <![CDATA[</div>]]>
            </line>
            <line>
              <![CDATA[</div>]]>
            </line>
            <line>
              <![CDATA[</div>]]>
            </line>
            <line>
              <![CDATA[</div>]]>
            </line>
            <line>
              <![CDATA[</td>]]>
            </line>
            <line>
              <![CDATA[</tr>]]>
            </line>
            <line>
              <![CDATA[<tr><td class="text-dark font-weight-bold">Accept </td><td class="" > application/json </td></tr>]]>
            </line>
            <line>
              <![CDATA[<tr><td class="text-dark font-weight-bold">Custom-Header </td><td class="" > {"salesChannel":"CallCenter","customerId":"Customer_40306","sessionId":"544396244"} </td></tr>]]>
            </line>
            <line>
              <![CDATA[<tr><td class="text-dark font-weight-bold">Accept-Language </td><td class="" > en_US </td></tr>]]>
            </line>
            <line>
              <![CDATA[<tr><td class="text-dark font-weight-bold">Content-Type </td><td class="" > application/json </td></tr>]]>
            </line>
            <line>
              <![CDATA[<tr>]]>
            </line>
            <line>
              <![CDATA[<td class="text-dark font-weight-bold" >Payload :</td>]]>
            </line>
            <line>
              <![CDATA[<td class="" >]]>
            </line>
            <line>
              <![CDATA[<a href="" class="alert-link" data-toggle="modal" data-target="#rest_assured_logger_modal_value_44">Show</a>]]>
            </line>
            <line>
              <![CDATA[<div class="modal fade"  id="rest_assured_logger_modal_value_44" tabindex="-1" role="dialog">]]>
            </line>
            <line>
              <![CDATA[<div class="modal-dialog" role="document">]]>
            </line>
            <line>
              <![CDATA[<div class="modal-content">]]>
            </line>
            <line>
              <![CDATA[<div class="modal-header text-white bg-info">]]>
            </line>
            <line>
              <![CDATA[<h5 class="modal-title" id="title1">Payload</h5>]]>
            </line>
            <line>
              <![CDATA[<span class="h6 text-light ml-2 mt-2">(click on the Text to copy)</span>]]>
            </line>
            <line>
              <![CDATA[<button type="button" class="close" data-dismiss="modal" aria-label="Close">]]>
            </line>
            <line>
              <![CDATA[<span aria-hidden="true">&times;</span>]]>
            </line>
            <line>
              <![CDATA[</button>]]>
            </line>
            <line>
              <![CDATA[</div>]]>
            </line>
            <line>
              <![CDATA[<div onClick="copyMePlease(this)" class="modal-body">]]>
            </line>
            <line>
              <![CDATA[{"orderItem":[{"quantity":"1","productOffering":{"id":"3353c5c3e6f24103935ecb26e245d707"},"action":"Add","billingAccount":{"id":"12121"},"modifyReason":[{"reasonText":"Customer Request","name":"Customer Request","action":"Add"}]}],"channel":[{"name":"CallCenter","id":"CallCenter"}],"description":"Special Order","relatedParty":[{"role":"customer","id":"Customer_40306"}]}]]>
            </line>
            <line>
              <![CDATA[</div>]]>
            </line>
            <line>
              <![CDATA[</div>]]>
            </line>
            <line>
              <![CDATA[</div>]]>
            </line>
            <line>
              <![CDATA[</div>]]>
            </line>
            <line>
              <![CDATA[</td>]]>
            </line>
            <line>
              <![CDATA[</tr>]]>
            </line>
            <line>
              <![CDATA[<tr>]]>
            </line>
            <line>
              <![CDATA[<td class="text-dark font-weight-bold" >Response Header :</td>]]>
            </line>
            <line>
              <![CDATA[<td class="" >]]>
            </line>
            <line>
              <![CDATA[<a href="" class="alert-link" data-toggle="modal" data-target="#modal_value_15">Show</a>]]>
            </line>
            <line>
              <![CDATA[<div class="modal fade"  id="modal_value_15" tabindex="-1" role="dialog">]]>
            </line>
            <line>
              <![CDATA[<div class="modal-dialog" role="document">]]>
            </line>
            <line>
              <![CDATA[<div class="modal-content">]]>
            </line>
            <line>
              <![CDATA[<div class="modal-header text-white bg-info">]]>
            </line>
            <line>
              <![CDATA[<h5 class="modal-title" id="title1">Response Header</h5>]]>
            </line>
            <line>
              <![CDATA[<span class="h6 text-light ml-2 mt-2">(click on the Text to copy)</span>]]>
            </line>
            <line>
              <![CDATA[<button type="button" class="close" data-dismiss="modal" aria-label="Close">]]>
            </line>
            <line>
              <![CDATA[<span aria-hidden="true">&times;</span>]]>
            </line>
            <line>
              <![CDATA[</button>]]>
            </line>
            <line>
              <![CDATA[</div>]]>
            </line>
            <line>
              <![CDATA[<div onClick="copyMePlease(this)" class="modal-body">]]>
            </line>
            <line>
              <![CDATA[X-Application-Context=productorder-productorder-ms:8080
	X-DOX-TraceId=598FBB9928E83BB1
	ETag=ProductOrder_04141405-5455-445b-8288-a22088a20c05=1537263647858950144
	X-Content-Type-Options=nosniff
	X-XSS-Protection=1; mode=block
	Cache-Control=no-cache, no-store, max-age=0, must-revalidate
	Pragma=no-cache
	Expires=0
	X-Frame-Options=DENY
	Content-Type=application/json;charset=UTF-8
	Transfer-Encoding=chunked
	Date=Tue, 18 Sep 2018 09:40:48 GMT]]>
            </line>
            <line>
              <![CDATA[</div>]]>
            </line>
            <line>
              <![CDATA[</div>]]>
            </line>
            <line>
              <![CDATA[</div>]]>
            </line>
            <line>
              <![CDATA[</div>]]>
            </line>
            <line>
              <![CDATA[</td>]]>
            </line>
            <line>
              <![CDATA[</tr>]]>
            </line>
            <line>
              <![CDATA[<tr>]]>
            </line>
            <line>
              <![CDATA[<td class="text-dark font-weight-bold" >Response :</td>]]>
            </line>
            <line>
              <![CDATA[<td class="" >]]>
            </line>
            <line>
              <![CDATA[<a href="" class="alert-link" data-toggle="modal" data-target="#rest_assured_logger_modal_value_45">Show</a>]]>
            </line>
            <line>
              <![CDATA[<div class="modal fade"  id="rest_assured_logger_modal_value_45" tabindex="-1" role="dialog">]]>
            </line>
            <line>
              <![CDATA[<div class="modal-dialog" role="document">]]>
            </line>
            <line>
              <![CDATA[<div class="modal-content">]]>
            </line>
            <line>
              <![CDATA[<div class="modal-header text-white bg-info">]]>
            </line>
            <line>
              <![CDATA[<h5 class="modal-title" id="title1">Response</h5>]]>
            </line>
            <line>
              <![CDATA[<span class="h6 text-light ml-2 mt-2">(click on the Text to copy)</span>]]>
            </line>
            <line>
              <![CDATA[<button type="button" class="close" data-dismiss="modal" aria-label="Close">]]>
            </line>
            <line>
              <![CDATA[<span aria-hidden="true">&times;</span>]]>
            </line>
            <line>
              <![CDATA[</button>]]>
            </line>
            <line>
              <![CDATA[</div>]]>
            </line>
            <line>
              <![CDATA[<div onClick="copyMePlease(this)" class="modal-body">]]>
            </line>
            <line>
              <![CDATA[{"id":"ProductOrder_04141405-5455-445b-8288-a22088a20c05","href":"/v2/productOrder/ProductOrder_04141405-5455-445b-8288-a22088a20c05","category":null,"priority":null,"description":"Special Order","state":"Draft","externalId":null,"orderDate":"2018-09-18T09:40:48Z","completionDate":null,"requestedStartDate":null,"requestedCompletionDate":"2018-09-18T09:40:48Z","expectedCompletionDate":null,"orderPriceDate":"2018-09-18T09:40:48.888Z","notificationContact":null,"relatedParty":[{"id":"Customer_40306","href":"/v2/relatedParty/Customer_40306","name":null,"role":"customer"}],"billingAccount":null,"orderItem":[{"id":"ProductOrder_04141405-5455-445b-8288-a22088a20c05_OrderItem_00510515-5404-4046-8aaa-028080aa1896","action":"add","state":"Draft","quantity":1,"externalId":null,"completionDate":null,"requestedStartDate":null,"requestedCompletionDate":"2018-09-18T09:40:48Z","retroactiveChangeDate":null,"itemPrice":[{"id":"ba45c101bfdd4aeea490b6f494ecd265","name":"Mobile Line Activation Fee","description":"Fee is triggered when providing new mobile line","unitOfMeasure":null,"recurringChargePeriod":null,"priceType":"OC","price":{"taxIncludedAmount":{"unit":"USD","value":5.489},"dutyFreeAmount":{"unit":"USD","value":4.99},"taxRate":10,"percentage":null,"priceReduction":null,"taxAmount":{"unit":"USD","value":0.499}},"finalPrice":{"taxIncludedAmount":{"unit":"USD","value":5.489},"dutyFreeAmount":{"unit":"USD","value":4.99},"taxRate":10,"percentage":null,"priceReduction":null,"taxAmount":{"unit":"USD","value":0.499}},"standalonePrice":null,"priceAlteration":[],"billingAccount":null,"immediatePayOption":{"payOption":"Optional","payAmount":null,"minPayAmount":null,"payImmediately":false}}],"itemTotalPrice":[{"id":null,"name":null,"description":null,"unitOfMeasure":null,"recurringChargePeriod":"month","priceType":"RC","price":{"taxIncludedAmount":{"unit":"USD","value":33.0},"dutyFreeAmount":{"unit":"USD","value":30},"taxRate":10,"percentage":null,"priceReduction":null,"taxAmount":{"unit":"USD","value":3.0}},"finalPrice":{"taxIncludedAmount":{"unit":"USD","value":31.9},"dutyFreeAmount":{"unit":"USD","value":29},"taxRate":10,"percentage":null,"priceReduction":null,"taxAmount":{"unit":"USD","value":2.9}},"standalonePrice":{"taxIncludedAmount":{"unit":"USD","value":33.0},"dutyFreeAmount":{"unit":"USD","value":30},"taxRate":10,"percentage":null,"priceReduction":null,"taxAmount":{"unit":"USD","value":3.0}},"priceAlteration":[{"name":null,"description":null,"unitOfMeasure":null,"recurringChargePeriod":null,"priceType":"RC","applicationDuration":null,"priority":null,"alterationType":"Promotion Price Alteration","promotionActionId":null,"promotionInstanceId":null,"alterationProductOfferingPriceId":null,"alterationBundleProductOfferingId":null,"price":{"taxIncludedAmount":null,"dutyFreeAmount":{"unit":"USD","value":1},"taxRate":null,"percentage":null,"priceReduction":null,"taxAmount":null}}],"billingAccount":null,"immediatePayOption":null},{"id":null,"name":null,"description":null,"unitOfMeasure":null,"recurringChargePeriod":null,"priceType":"OC","price":{"taxIncludedAmount":{"unit":"USD","value":5.489},"dutyFreeAmount":{"unit":"USD","value":4.99},"taxRate":10,"percentage":null,"priceReduction":null,"taxAmount":{"unit":"USD","value":0.499}},"finalPrice":{"taxIncludedAmount":{"unit":"USD","value":5.489},"dutyFreeAmount":{"unit":"USD","value":4.99},"taxRate":10,"percentage":null,"priceReduction":null,"taxAmount":{"unit":"USD","value":0.499}},"standalonePrice":{"taxIncludedAmount":{"unit":"USD","value":5.489},"dutyFreeAmount":{"unit":"USD","value":4.99},"taxRate":10,"percentage":null,"priceReduction":null,"taxAmount":{"unit":"USD","value":0.499}},"priceAlteration":[],"billingAccount":null,"immediatePayOption":{"payOption":null,"payAmount":null,"minPayAmount":null,"payImmediately":false}},{"id":null,"name":null,"description":null,"unitOfMeasure":null,"recurringChargePeriod":null,"priceType":"OC","price":{"taxIncludedAmount":{"unit":"USD","value":10.989},"dutyFreeAmount":{"unit":"USD","value":9.99},"taxRate":10,"percentage":null,"priceReduction":null,"taxAmount":{"unit":"USD","value":0.999}},"finalPrice":{"taxIncludedAmount":{"unit":"USD","value":10.989},"dutyFreeAmount":{"unit":"USD","value":9.99},"taxRate":10,"percentage":null,"priceReduction":null,"taxAmount":{"unit":"USD","value":0.999}},"standalonePrice":{"taxIncludedAmount":{"unit":"USD","value":10.989},"dutyFreeAmount":{"unit":"USD","value":9.99},"taxRate":10,"percentage":null,"priceReduction":null,"taxAmount":{"unit":"USD","value":0.999}},"priceAlteration":[],"billingAccount":null,"immediatePayOption":{"payOption":null,"payAmount":null,"minPayAmount":null,"payImmediately":true}}],"orderItemRelationship":[],"productOffering":{"id":"3353c5c3e6f24103935ecb26e245d707","name":"Mobile Smart","href":"/v2/productOffering/3353c5c3e6f24103935ecb26e245d707","type":"Mobile_Bundle","serialized":null,"version":null,"attachment":[],"valueRank":85,"durationPolicy":null},"product":{"id":null,"version":null,"href":"/v2/productRefOrValue/","name":null,"status":null,"primaryProductId":null,"actionDate":null,"relatedParty":[],"productOrderRef":null,"productSpecification":[],"characteristic":[{"name":"Included_Services","value":"Roaming_across_Europe","localizedName":"Included Services","characteristicMetadata":[{"name":"userId","value":"Automation_208086670_Individual","metatype":"operational"},{"name":"salesChannel","value":"CallCenter","metatype":"operational"},{"name":"csrId","value":"csrId","metatype":"operational"},{"name":"changeDate","value":"Tue Sep 18 09:40:48 GMT 2018","metatype":"operational"},{"name":"originalSalesChannel","value":"CallCenter","metatype":"operational"}]}],"place":[],"productRelationship":[{"type":"bundled","product":null}],"referenceId":"11095328-a889-406c-a79e-60382c02ca3f","terminationDate":null,"activationDate":null},"billingAccount":{"id":"12121","href":"''/v2/TBA/12121","name":null},"appointment":null,"orderItem":[{"id":"ProductOrder_04141405-5455-445b-8288-a22088a20c05_OrderItem_05151540-1445-4507-8220-2aa8a2001abd","action":"add","state":"Draft","quantity":1,"externalId":null,"completionDate":null,"requestedStartDate":null,"requestedCompletionDate":"2018-09-18T09:40:48Z","retroactiveChangeDate":null,"itemPrice":[{"id":"8cb0c57fd2fe4efaadedf1d68182d206","name":"Plan RC","description":"100 minutes, unlimited texts and 3 GB data","unitOfMeasure":null,"recurringChargePeriod":"month","priceType":"RC","price":{"taxIncludedAmount":{"unit":"USD","value":33.0},"dutyFreeAmount":{"unit":"USD","value":30},"taxRate":10,"percentage":null,"priceReduction":null,"taxAmount":{"unit":"USD","value":3.0}},"finalPrice":{"taxIncludedAmount":{"unit":"USD","value":31.9},"dutyFreeAmount":{"unit":"USD","value":29},"taxRate":10,"percentage":null,"priceReduction":null,"taxAmount":{"unit":"USD","value":2.9}},"standalonePrice":null,"priceAlteration":[{"name":null,"description":null,"unitOfMeasure":null,"recurringChargePeriod":null,"priceType":"RC","applicationDuration":null,"priority":null,"alterationType":"Promotion Price Alteration","promotionActionId":null,"promotionInstanceId":null,"alterationProductOfferingPriceId":"ab7b78de754443eabb1a7d802de8862e","alterationBundleProductOfferingId":null,"price":{"taxIncludedAmount":null,"dutyFreeAmount":{"unit":"USD","value":1},"taxRate":null,"percentage":null,"priceReduction":{"unit":"USD","value":1},"taxAmount":null}}],"billingAccount":null,"immediatePayOption":null}],"itemTotalPrice":[{"id":null,"name":null,"description":null,"unitOfMeasure":null,"recurringChargePeriod":"month","priceType":"RC","price":{"taxIncludedAmount":{"unit":"USD","value":33.0},"dutyFreeAmount":{"unit":"USD","value":30},"taxRate":10,"percentage":null,"priceReduction":null,"taxAmount":{"unit":"USD","value":3.0}},"finalPrice":{"taxIncludedAmount":{"unit":"USD","value":31.9},"dutyFreeAmount":{"unit":"USD","value":29},"taxRate":10,"percentage":null,"priceReduction":null,"taxAmount":{"unit":"USD","value":2.9}},"standalonePrice":{"taxIncludedAmount":{"unit":"USD","value":33.0},"dutyFreeAmount":{"unit":"USD","value":30},"taxRate":10,"percentage":null,"priceReduction":null,"taxAmount":{"unit":"USD","value":3.0}},"priceAlteration":[{"name":null,"description":null,"unitOfMeasure":null,"recurringChargePeriod":null,"priceType":"RC","applicationDuration":null,"priority":null,"alterationType":"Promotion Price Alteration","promotionActionId":null,"promotionInstanceId":null,"alterationProductOfferingPriceId":null,"alterationBundleProductOfferingId":null,"price":{"taxIncludedAmount":null,"dutyFreeAmount":{"unit":"USD","value":1},"taxRate":null,"percentage":null,"priceReduction":null,"taxAmount":null}}],"billingAccount":null,"immediatePayOption":null}],"orderItemRelationship":[],"productOffering":{"id":"306ed463c4984ea8a5a5c8b0756bb8bf","name":"Mobile Smart Plan","href":"/v2/productOffering/306ed463c4984ea8a5a5c8b0756bb8bf","type":"Mobile_Plan","serialized":null,"version":null,"attachment":[],"valueRank":85,"durationPolicy":null},"product":{"id":null,"version":null,"href":"/v2/productRefOrValue/","name":null,"status":null,"primaryProductId":null,"actionDate":null,"relatedParty":[],"productOrderRef":null,"productSpecification":[],"characteristic":[{"name":"Payment_Type","value":"Bill_pay","localizedName":"Payment Type","characteristicMetadata":[{"name":"userId","value":"Automation_208086670_Individual","metatype":"operational"},{"name":"salesChannel","value":"CallCenter","metatype":"operational"},{"name":"csrId","value":"csrId","metatype":"operational"},{"name":"changeDate","value":"Tue Sep 18 09:40:48 GMT 2018","metatype":"operational"},{"name":"originalSalesChannel","value":"CallCenter","metatype":"operational"}]},{"name":"Plan_Type","value":"Phone_Plan","localizedName":"Plan Type","characteristicMetadata":[{"name":"userId","value":"Automation_208086670_Individual","metatype":"operational"},{"name":"salesChannel","value":"CallCenter","metatype":"operational"},{"name":"csrId","value":"csrId","metatype":"operational"},{"name":"changeDate","value":"Tue Sep 18 09:40:48 GMT 2018","metatype":"operational"},{"name":"originalSalesChannel","value":"CallCenter","metatype":"operational"}]},{"name":"Talk","value":"500_Calls_to_Any_Network","localizedName":"Talk","characteristicMetadata":[{"name":"userId","value":"Automation_208086670_Individual","metatype":"operational"},{"name":"salesChannel","value":"CallCenter","metatype":"operational"},{"name":"csrId","value":"csrId","metatype":"operational"},{"name":"changeDate","value":"Tue Sep 18 09:40:48 GMT 2018","metatype":"operational"},{"name":"originalSalesChannel","value":"CallCenter","metatype":"operational"}]},{"name":"Data","value":"3","localizedName":"Data","characteristicMetadata":[{"name":"userId","value":"Automation_208086670_Individual","metatype":"operational"},{"name":"salesChannel","value":"CallCenter","metatype":"operational"},{"name":"csrId","value":"csrId","metatype":"operational"},{"name":"changeDate","value":"Tue Sep 18 09:40:48 GMT 2018","metatype":"operational"},{"name":"originalSalesChannel","value":"CallCenter","metatype":"operational"}]},{"name":"Text","value":"Unlimited_SMS_to_Any_Network","localizedName":"Text","characteristicMetadata":[{"name":"userId","value":"Automation_208086670_Individual","metatype":"operational"},{"name":"salesChannel","value":"CallCenter","metatype":"operational"},{"name":"csrId","value":"csrId","metatype":"operational"},{"name":"changeDate","value":"Tue Sep 18 09:40:48 GMT 2018","metatype":"operational"},{"name":"originalSalesChannel","value":"CallCenter","metatype":"operational"}]}],"place":[],"productRelationship":[{"type":"bundled","product":{"id":null,"version":null,"href":null,"name":null,"status":null,"primaryProductId":null,"actionDate":null,"relatedParty":[],"productOrderRef":null,"productSpecification":[{"id":"20defa33d7f54eeabcbfa546cf549a0f","href":null,"name":"Mobile","type":"Mobile"}],"characteristic":[{"name":"Technology","value":"4G","localizedName":"Technology","characteristicMetadata":[{"name":"userId","value":"Automation_208086670_Individual","metatype":"operational"},{"name":"salesChannel","value":"CallCenter","metatype":"operational"},{"name":"csrId","value":"csrId","metatype":"operational"},{"name":"changeDate","value":"Tue Sep 18 09:40:48 GMT 2018","metatype":"operational"},{"name":"originalSalesChannel","value":"CallCenter","metatype":"operational"}]}],"place":[],"productRelationship":[{"type":"bundled","product":{"id":null,"version":null,"href":null,"name":null,"status":null,"primaryProductId":null,"actionDate":null,"relatedParty":[],"productOrderRef":null,"productSpecification":[{"id":"fe2488fe33e74b30a3e0195e8a5c25d5","href":null,"name":"Messaging","type":"Messaging"}],"characteristic":[{"name":"Premium_SMS_Barring","value":"False","localizedName":"Premium SMS Barring ","characteristicMetadata":[{"name":"userId","value":"Automation_208086670_Individual","metatype":"operational"},{"name":"salesChannel","value":"CallCenter","metatype":"operational"},{"name":"csrId","value":"csrId","metatype":"operational"},{"name":"changeDate","value":"Tue Sep 18 09:40:48 GMT 2018","metatype":"operational"},{"name":"originalSalesChannel","value":"CallCenter","metatype":"operational"}]},{"name":"SMS_Outgoing_Barring","value":"False","localizedName":"SMS Outgoing Barring","characteristicMetadata":[{"name":"userId","value":"Automation_208086670_Individual","metatype":"operational"},{"name":"salesChannel","value":"CallCenter","metatype":"operational"},{"name":"csrId","value":"csrId","metatype":"operational"},{"name":"changeDate","value":"Tue Sep 18 09:40:48 GMT 2018","metatype":"operational"},{"name":"originalSalesChannel","value":"CallCenter","metatype":"operational"}]},{"name":"MMS_Barring","value":"False","localizedName":"MMS Barring","characteristicMetadata":[{"name":"userId","value":"Automation_208086670_Individual","metatype":"operational"},{"name":"salesChannel","value":"CallCenter","metatype":"operational"},{"name":"csrId","value":"csrId","metatype":"operational"},{"name":"changeDate","value":"Tue Sep 18 09:40:48 GMT 2018","metatype":"operational"},{"name":"originalSalesChannel","value":"CallCenter","metatype":"operational"}]}],"place":[],"productRelationship":[],"referenceId":"c57700bd-cc37-4fe8-a509-285600577e6a","terminationDate":null,"activationDate":null}},{"type":"bundled","product":{"id":null,"version":null,"href":null,"name":null,"status":null,"primaryProductId":null,"actionDate":null,"relatedParty":[],"productOrderRef":null,"productSpecification":[{"id":"9416ae26f66e4a41a7c86945d8926555","href":null,"name":"Voice","type":"Voice"}],"characteristic":[{"name":"Call_Waiting_Barring","value":"False","localizedName":"Call Waiting Barring","characteristicMetadata":[{"name":"userId","value":"Automation_208086670_Individual","metatype":"operational"},{"name":"salesChannel","value":"CallCenter","metatype":"operational"},{"name":"csrId","value":"csrId","metatype":"operational"},{"name":"changeDate","value":"Tue Sep 18 09:40:48 GMT 2018","metatype":"operational"},{"name":"originalSalesChannel","value":"CallCenter","metatype":"operational"}]},{"name":"Lost_Call_Notification_Barring","value":"False","localizedName":"Lost Call Notification Barring","characteristicMetadata":[{"name":"userId","value":"Automation_208086670_Individual","metatype":"operational"},{"name":"salesChannel","value":"CallCenter","metatype":"operational"},{"name":"csrId","value":"csrId","metatype":"operational"},{"name":"changeDate","value":"Tue Sep 18 09:40:48 GMT 2018","metatype":"operational"},{"name":"originalSalesChannel","value":"CallCenter","metatype":"operational"}]},{"name":"Premium_Calls_Barring","value":"False","localizedName":"Premium Calls Barring","characteristicMetadata":[{"name":"userId","value":"Automation_208086670_Individual","metatype":"operational"},{"name":"salesChannel","value":"CallCenter","metatype":"operational"},{"name":"csrId","value":"csrId","metatype":"operational"},{"name":"changeDate","value":"Tue Sep 18 09:40:48 GMT 2018","metatype":"operational"},{"name":"originalSalesChannel","value":"CallCenter","metatype":"operational"}]},{"name":"Outgoing_Calls_Barring","value":"False","localizedName":"Outgoing Calls Barring","characteristicMetadata":[{"name":"userId","value":"Automation_208086670_Individual","metatype":"operational"},{"name":"salesChannel","value":"CallCenter","metatype":"operational"},{"name":"csrId","value":"csrId","metatype":"operational"},{"name":"changeDate","value":"Tue Sep 18 09:40:48 GMT 2018","metatype":"operational"},{"name":"originalSalesChannel","value":"CallCenter","metatype":"operational"}]},{"name":"Hide_Caller_Number","value":"False","localizedName":"Hide Caller Number","characteristicMetadata":[{"name":"userId","value":"Automation_208086670_Individual","metatype":"operational"},{"name":"salesChannel","value":"CallCenter","metatype":"operational"},{"name":"csrId","value":"csrId","metatype":"operational"},{"name":"changeDate","value":"Tue Sep 18 09:40:48 GMT 2018","metatype":"operational"},{"name":"originalSalesChannel","value":"CallCenter","metatype":"operational"}]},{"name":"Three_Way_Calling","value":"False","localizedName":"Three-Way Calling","characteristicMetadata":[{"name":"userId","value":"Automation_208086670_Individual","metatype":"operational"},{"name":"salesChannel","value":"CallCenter","metatype":"operational"},{"name":"csrId","value":"csrId","metatype":"operational"},{"name":"changeDate","value":"Tue Sep 18 09:40:48 GMT 2018","metatype":"operational"},{"name":"originalSalesChannel","value":"CallCenter","metatype":"operational"}]},{"name":"Call_Forward","value":"False","localizedName":"Call Forward","characteristicMetadata":[{"name":"userId","value":"Automation_208086670_Individual","metatype":"operational"},{"name":"salesChannel","value":"CallCenter","metatype":"operational"},{"name":"csrId","value":"csrId","metatype":"operational"},{"name":"changeDate","value":"Tue Sep 18 09:40:48 GMT 2018","metatype":"operational"},{"name":"originalSalesChannel","value":"CallCenter","metatype":"operational"}]}],"place":[],"productRelationship":[],"referenceId":"c9389e7e-992f-4079-a499-23156907c8db","terminationDate":null,"activationDate":null}},{"type":"bundled","product":{"id":null,"version":null,"href":null,"name":null,"status":null,"primaryProductId":null,"actionDate":null,"relatedParty":[],"productOrderRef":null,"productSpecification":[{"id":"a654393615f34f41a5fd4624200a5cb6","href":null,"name":"Phone Number","type":"Phone Number"}],"characteristic":[{"name":"Phone_Number","value":null,"localizedName":"Phone Number","characteristicMetadata":[{"name":"userId","value":"Automation_208086670_Individual","metatype":"operational"},{"name":"salesChannel","value":"CallCenter","metatype":"operational"},{"name":"csrId","value":"csrId","metatype":"operational"},{"name":"changeDate","value":"Tue Sep 18 09:40:48 GMT 2018","metatype":"operational"},{"name":"originalSalesChannel","value":"CallCenter","metatype":"operational"}]},{"name":"Resource_Category","value":"Standard","localizedName":"Resource Category","characteristicMetadata":[{"name":"userId","value":"Automation_208086670_Individual","metatype":"operational"},{"name":"salesChannel","value":"CallCenter","metatype":"operational"},{"name":"csrId","value":"csrId","metatype":"operational"},{"name":"changeDate","value":"Tue Sep 18 09:40:48 GMT 2018","metatype":"operational"},{"name":"originalSalesChannel","value":"CallCenter","metatype":"operational"}]}],"place":[],"productRelationship":[{"type":"enabledBy","product":{"id":null,"version":null,"href":null,"name":null,"status":null,"primaryProductId":null,"actionDate":null,"relatedParty":[],"productOrderRef":null,"productSpecification":[],"characteristic":[],"place":[],"productRelationship":[],"referenceId":"e930ebb5-ee01-4c6d-a8ac-8d7bc4cef1ee","terminationDate":null,"activationDate":null}}],"referenceId":"a0105d2c-f2f1-4b0a-ac42-585edd745581","terminationDate":null,"activationDate":null}},{"type":"bundled","product":{"id":null,"version":null,"href":null,"name":null,"status":null,"primaryProductId":null,"actionDate":null,"relatedParty":[],"productOrderRef":null,"productSpecification":[{"id":"f0c9d263d9c14d589dd602012d0980b4","href":null,"name":"Roaming","type":"Roaming"}],"characteristic":[{"name":"Data_Roaming_Barring","value":"False","localizedName":"Data Roaming Barring","characteristicMetadata":[{"name":"userId","value":"Automation_208086670_Individual","metatype":"operational"},{"name":"salesChannel","value":"CallCenter","metatype":"operational"},{"name":"csrId","value":"csrId","metatype":"operational"},{"name":"changeDate","value":"Tue Sep 18 09:40:48 GMT 2018","metatype":"operational"},{"name":"originalSalesChannel","value":"CallCenter","metatype":"operational"}]},{"name":"Voice_Roaming_Barring","value":"False","localizedName":"Voice Roaming Barring","characteristicMetadata":[{"name":"userId","value":"Automation_208086670_Individual","metatype":"operational"},{"name":"salesChannel","value":"CallCenter","metatype":"operational"},{"name":"csrId","value":"csrId","metatype":"operational"},{"name":"changeDate","value":"Tue Sep 18 09:40:48 GMT 2018","metatype":"operational"},{"name":"originalSalesChannel","value":"CallCenter","metatype":"operational"}]},{"name":"Messaging_Roaming_Barring","value":"False","localizedName":"Messaging Roaming Barring","characteristicMetadata":[{"name":"userId","value":"Automation_208086670_Individual","metatype":"operational"},{"name":"salesChannel","value":"CallCenter","metatype":"operational"},{"name":"csrId","value":"csrId","metatype":"operational"},{"name":"changeDate","value":"Tue Sep 18 09:40:48 GMT 2018","metatype":"operational"},{"name":"originalSalesChannel","value":"CallCenter","metatype":"operational"}]}],"place":[],"productRelationship":[],"referenceId":"90873bcb-bb47-4c40-8b7a-9bbe5724784b","terminationDate":null,"activationDate":null}},{"type":"bundled","product":{"id":null,"version":null,"href":null,"name":null,"status":null,"primaryProductId":null,"actionDate":null,"relatedParty":[],"productOrderRef":null,"productSpecification":[{"id":"d1ea77fe040544bca4ed272169acf1c2","href":null,"name":"Data","type":"Data"}],"characteristic":[{"name":"QoS","value":"High","localizedName":"QoS","characteristicMetadata":[{"name":"userId","value":"Automation_208086670_Individual","metatype":"operational"},{"name":"salesChannel","value":"CallCenter","metatype":"operational"},{"name":"csrId","value":"csrId","metatype":"operational"},{"name":"changeDate","value":"Tue Sep 18 09:40:48 GMT 2018","metatype":"operational"},{"name":"originalSalesChannel","value":"CallCenter","metatype":"operational"}]},{"name":"Internet_Browsing_Barring","value":"False","localizedName":"Internet Browsing Barring","characteristicMetadata":[{"name":"userId","value":"Automation_208086670_Individual","metatype":"operational"},{"name":"salesChannel","value":"CallCenter","metatype":"operational"},{"name":"csrId","value":"csrId","metatype":"operational"},{"name":"changeDate","value":"Tue Sep 18 09:40:48 GMT 2018","metatype":"operational"},{"name":"originalSalesChannel","value":"CallCenter","metatype":"operational"}]},{"name":"Content_Barring","value":"False","localizedName":"Content Barring","characteristicMetadata":[{"name":"userId","value":"Automation_208086670_Individual","metatype":"operational"},{"name":"salesChannel","value":"CallCenter","metatype":"operational"},{"name":"csrId","value":"csrId","metatype":"operational"},{"name":"changeDate","value":"Tue Sep 18 09:40:48 GMT 2018","metatype":"operational"},{"name":"originalSalesChannel","value":"CallCenter","metatype":"operational"}]},{"name":"Premium_Content_Barring","value":"False","localizedName":"Premium Content Barring","characteristicMetadata":[{"name":"userId","value":"Automation_208086670_Individual","metatype":"operational"},{"name":"salesChannel","value":"CallCenter","metatype":"operational"},{"name":"csrId","value":"csrId","metatype":"operational"},{"name":"changeDate","value":"Tue Sep 18 09:40:48 GMT 2018","metatype":"operational"},{"name":"originalSalesChannel","value":"CallCenter","metatype":"operational"}]}],"place":[],"productRelationship":[],"referenceId":"f24a7b22-d40f-48e5-91aa-a0cd1a12c5b9","terminationDate":null,"activationDate":null}},{"type":"bundled","product":{"id":null,"version":null,"href":null,"name":null,"status":null,"primaryProductId":null,"actionDate":null,"relatedParty":[],"productOrderRef":null,"productSpecification":[{"id":"144b577471f2418e8a44d817a609a098","href":null,"name":"International","type":"Long Distance"}],"characteristic":[{"name":"Service_Barring","value":"False","localizedName":"Service Barring","characteristicMetadata":[{"name":"userId","value":"Automation_208086670_Individual","metatype":"operational"},{"name":"salesChannel","value":"CallCenter","metatype":"operational"},{"name":"csrId","value":"csrId","metatype":"operational"},{"name":"changeDate","value":"Tue Sep 18 09:40:48 GMT 2018","metatype":"operational"},{"name":"originalSalesChannel","value":"CallCenter","metatype":"operational"}]}],"place":[],"productRelationship":[],"referenceId":"0f4848d4-7cb4-41d0-8526-01f432dc4edc","terminationDate":null,"activationDate":null}}],"referenceId":"e930ebb5-ee01-4c6d-a8ac-8d7bc4cef1ee","terminationDate":null,"activationDate":null}}],"referenceId":"13016c63-9ff7-4723-9047-9a213551cbca","terminationDate":null,"activationDate":null},"billingAccount":null,"appointment":null,"orderItem":[],"productOfferingGroupOption":null,"orderTerm":[{"name":"Mobile_Plan_Bill_Pay_commitment_24","type":"COMMITMENT","duration":{"amount":24,"units":"Month"},"attachment":[],"characteristicMetadata":[{"name":"userId","value":"Automation_208086670_Individual","metatype":"operational"},{"name":"salesChannel","value":"CallCenter","metatype":"operational"},{"name":"csrId","value":"csrId","metatype":"operational"},{"name":"changeDate","value":"Tue Sep 18 09:40:48 GMT 2018","metatype":"operational"},{"name":"originalSalesChannel","value":"CallCenter","metatype":"operational"}],"validFor":{"startDateTime":"2018-09-18T09:40:48Z","endDateTime":"2020-09-18T09:40:48Z"},"freezeDate":null,"impactType":null,"policyId":"ab09e5d788094c348a64b4f104e17167"}],"modifyReason":[],"readOnly":false,"payment":[],"characteristicMetadata":[{"name":"userId","value":"Automation_208086670_Individual","metatype":"operational"},{"name":"salesChannel","value":"CallCenter","metatype":"operational"},{"name":"csrId","value":"csrId","metatype":"operational"},{"name":"changeDate","value":"Tue Sep 18 09:40:48 GMT 2018","metatype":"operational"},{"name":"originalSalesChannel","value":"CallCenter","metatype":"operational"}],"relatedImmediatePromotion":[{"id":"9cc193d9-8e9f-45a3-9d34-289c56d16da5","itemQualificationType":"benefit"}],"extensions":{},"stock":[],"stockReservation":[]},{"id":"ProductOrder_04141405-5455-445b-8288-a22088a20c05_OrderItem_15414551-0110-4018-8a20-020a800a1a90","action":"add","state":"Draft","quantity":1,"externalId":null,"completionDate":null,"requestedStartDate":null,"requestedCompletionDate":"2018-09-18T09:40:48Z","retroactiveChangeDate":null,"itemPrice":[{"id":"fb5e011d74b7439fbd82cc9bccb71a4a","name":"SIM Fee","description":"SIM Card at $9.99","unitOfMeasure":null,"recurringChargePeriod":null,"priceType":"OC","price":{"taxIncludedAmount":{"unit":"USD","value":10.989},"dutyFreeAmount":{"unit":"USD","value":9.99},"taxRate":10,"percentage":null,"priceReduction":null,"taxAmount":{"unit":"USD","value":0.999}},"finalPrice":{"taxIncludedAmount":{"unit":"USD","value":10.989},"dutyFreeAmount":{"unit":"USD","value":9.99},"taxRate":10,"percentage":null,"priceReduction":null,"taxAmount":{"unit":"USD","value":0.999}},"standalonePrice":null,"priceAlteration":[],"billingAccount":null,"immediatePayOption":{"payOption":"Mandatory","payAmount":null,"minPayAmount":null,"payImmediately":true}}],"itemTotalPrice":[{"id":null,"name":null,"description":null,"unitOfMeasure":null,"recurringChargePeriod":null,"priceType":"OC","price":{"taxIncludedAmount":{"unit":"USD","value":10.989},"dutyFreeAmount":{"unit":"USD","value":9.99},"taxRate":10,"percentage":null,"priceReduction":null,"taxAmount":{"unit":"USD","value":0.999}},"finalPrice":{"taxIncludedAmount":{"unit":"USD","value":10.989},"dutyFreeAmount":{"unit":"USD","value":9.99},"taxRate":10,"percentage":null,"priceReduction":null,"taxAmount":{"unit":"USD","value":0.999}},"standalonePrice":{"taxIncludedAmount":{"unit":"USD","value":10.989},"dutyFreeAmount":{"unit":"USD","value":9.99},"taxRate":10,"percentage":null,"priceReduction":null,"taxAmount":{"unit":"USD","value":0.999}},"priceAlteration":[],"billingAccount":null,"immediatePayOption":{"payOption":null,"payAmount":null,"minPayAmount":null,"payImmediately":true}}],"orderItemRelationship":[],"productOffering":{"id":"c5b9e16076fe4faaaace5c7d0cbe0d9b","name":"SIM Card","href":"/v2/productOffering/c5b9e16076fe4faaaace5c7d0cbe0d9b","type":"SIM","serialized":null,"version":null,"attachment":[],"valueRank":null,"durationPolicy":null},"product":{"id":null,"version":null,"href":"/v2/productRefOrValue/","name":null,"status":null,"primaryProductId":null,"actionDate":null,"relatedParty":[],"productOrderRef":null,"productSpecification":[],"characteristic":[{"name":"Available_Shipping_Options","value":"Standard_Post","localizedName":"Available Shipping Options","characteristicMetadata":[{"name":"userId","value":"Automation_208086670_Individual","metatype":"operational"},{"name":"salesChannel","value":"CallCenter","metatype":"operational"},{"name":"csrId","value":"csrId","metatype":"operational"},{"name":"changeDate","value":"Tue Sep 18 09:40:48 GMT 2018","metatype":"operational"},{"name":"originalSalesChannel","value":"CallCenter","metatype":"operational"}]}],"place":[],"productRelationship":[{"type":"bundled","product":{"id":null,"version":null,"href":null,"name":null,"status":null,"primaryProductId":null,"actionDate":null,"relatedParty":[],"productOrderRef":null,"productSpecification":[{"id":"18cbc707510f4c93b94f552011e3af3c","href":null,"name":"SIM","type":"SIM"}],"characteristic":[{"name":"SIM_Type","value":"Nano_SIM","localizedName":"SIM Type","characteristicMetadata":[{"name":"userId","value":"Automation_208086670_Individual","metatype":"operational"},{"name":"salesChannel","value":"CallCenter","metatype":"operational"},{"name":"csrId","value":"csrId","metatype":"operational"},{"name":"changeDate","value":"Tue Sep 18 09:40:48 GMT 2018","metatype":"operational"},{"name":"originalSalesChannel","value":"CallCenter","metatype":"operational"}]},{"name":"Delivery_Method","value":"Indirect_Delivery_Shipping","localizedName":"Delivery Method","characteristicMetadata":[{"name":"userId","value":"Automation_208086670_Individual","metatype":"operational"},{"name":"salesChannel","value":"CallCenter","metatype":"operational"},{"name":"csrId","value":"csrId","metatype":"operational"},{"name":"changeDate","value":"Tue Sep 18 09:40:48 GMT 2018","metatype":"operational"},{"name":"originalSalesChannel","value":"CallCenter","metatype":"operational"}]}],"place":[],"productRelationship":[{"type":"enabledBy","product":{"id":null,"version":null,"href":null,"name":null,"status":null,"primaryProductId":null,"actionDate":null,"relatedParty":[],"productOrderRef":null,"productSpecification":[],"characteristic":[],"place":[],"productRelationship":[],"referenceId":"e930ebb5-ee01-4c6d-a8ac-8d7bc4cef1ee","terminationDate":null,"activationDate":null}}],"referenceId":"0503e169-f830-4610-81a2-1a229005030f","terminationDate":null,"activationDate":null}}],"referenceId":"8fb663ae-6985-426b-84dc-9a0f740642f0","terminationDate":null,"activationDate":null},"billingAccount":null,"appointment":null,"orderItem":[],"productOfferingGroupOption":null,"orderTerm":[],"modifyReason":[],"readOnly":false,"payment":[],"characteristicMetadata":[{"name":"userId","value":"Automation_208086670_Individual","metatype":"operational"},{"name":"salesChannel","value":"CallCenter","metatype":"operational"},{"name":"csrId","value":"csrId","metatype":"operational"},{"name":"changeDate","value":"Tue Sep 18 09:40:48 GMT 2018","metatype":"operational"},{"name":"originalSalesChannel","value":"CallCenter","metatype":"operational"}],"relatedImmediatePromotion":[],"extensions":{},"stock":[],"stockReservation":[]}],"productOfferingGroupOption":null,"orderTerm":[{"name":"NXT_Smart_commitment_for_24_months","type":"COMMITMENT","duration":{"amount":24,"units":"Month"},"attachment":[],"characteristicMetadata":[{"name":"userId","value":"Automation_208086670_Individual","metatype":"operational"},{"name":"salesChannel","value":"CallCenter","metatype":"operational"},{"name":"csrId","value":"csrId","metatype":"operational"},{"name":"changeDate","value":"Tue Sep 18 09:40:48 GMT 2018","metatype":"operational"},{"name":"originalSalesChannel","value":"CallCenter","metatype":"operational"}],"validFor":{"startDateTime":"2018-09-18T09:40:48Z","endDateTime":"2020-09-18T09:40:48Z"},"freezeDate":null,"impactType":null,"policyId":"ab09e5d788094c348a64b4f104e17167"}],"modifyReason":[{"id":"d6dc5055-e574-486f-ac60-afbb3b717073","name":"Customer Request","reasonText":"Customer Request","action":"Add"}],"readOnly":false,"payment":[],"characteristicMetadata":[{"name":"userId","value":"Automation_208086670_Individual","metatype":"operational"},{"name":"salesChannel","value":"CallCenter","metatype":"operational"},{"name":"csrId","value":"csrId","metatype":"operational"},{"name":"changeDate","value":"Tue Sep 18 09:40:48 GMT 2018","metatype":"operational"},{"name":"originalSalesChannel","value":"CallCenter","metatype":"operational"}],"relatedImmediatePromotion":[{"id":"9cc193d9-8e9f-45a3-9d34-289c56d16da5","itemQualificationType":"trigger"}],"extensions":{},"stock":[],"stockReservation":[]}],"orderTotalPrice":[{"id":null,"name":null,"description":null,"unitOfMeasure":null,"recurringChargePeriod":null,"priceType":"RC","price":{"taxIncludedAmount":{"unit":"USD","value":33.0},"dutyFreeAmount":{"unit":"USD","value":30},"taxRate":10,"percentage":null,"priceReduction":null,"taxAmount":{"unit":"USD","value":3.0}},"finalPrice":{"taxIncludedAmount":{"unit":"USD","value":31.9},"dutyFreeAmount":{"unit":"USD","value":29},"taxRate":10,"percentage":null,"priceReduction":null,"taxAmount":{"unit":"USD","value":2.9}},"standalonePrice":{"taxIncludedAmount":{"unit":"USD","value":33.0},"dutyFreeAmount":{"unit":"USD","value":30},"taxRate":10,"percentage":null,"priceReduction":null,"taxAmount":{"unit":"USD","value":3.0}},"priceAlteration":[{"name":null,"description":null,"unitOfMeasure":null,"recurringChargePeriod":null,"priceType":"RC","applicationDuration":null,"priority":null,"alterationType":"Promotion Price Alteration","promotionActionId":null,"promotionInstanceId":null,"alterationProductOfferingPriceId":null,"alterationBundleProductOfferingId":null,"price":{"taxIncludedAmount":null,"dutyFreeAmount":{"unit":"USD","value":1},"taxRate":null,"percentage":null,"priceReduction":null,"taxAmount":null}}],"billingAccount":null,"immediatePayOption":null},{"id":null,"name":null,"description":null,"unitOfMeasure":null,"recurringChargePeriod":null,"priceType":"OC","price":{"taxIncludedAmount":{"unit":"USD","value":5.489},"dutyFreeAmount":{"unit":"USD","value":4.99},"taxRate":10,"percentage":null,"priceReduction":null,"taxAmount":{"unit":"USD","value":0.499}},"finalPrice":{"taxIncludedAmount":{"unit":"USD","value":5.489},"dutyFreeAmount":{"unit":"USD","value":4.99},"taxRate":10,"percentage":null,"priceReduction":null,"taxAmount":{"unit":"USD","value":0.499}},"standalonePrice":{"taxIncludedAmount":{"unit":"USD","value":5.489},"dutyFreeAmount":{"unit":"USD","value":4.99},"taxRate":10,"percentage":null,"priceReduction":null,"taxAmount":{"unit":"USD","value":0.499}},"priceAlteration":[],"billingAccount":null,"immediatePayOption":null},{"id":null,"name":null,"description":null,"unitOfMeasure":null,"recurringChargePeriod":null,"priceType":"OC","price":{"taxIncludedAmount":{"unit":"USD","value":10.989},"dutyFreeAmount":{"unit":"USD","value":9.99},"taxRate":10,"percentage":null,"priceReduction":null,"taxAmount":{"unit":"USD","value":0.999}},"finalPrice":{"taxIncludedAmount":{"unit":"USD","value":10.989},"dutyFreeAmount":{"unit":"USD","value":9.99},"taxRate":10,"percentage":null,"priceReduction":null,"taxAmount":{"unit":"USD","value":0.999}},"standalonePrice":{"taxIncludedAmount":{"unit":"USD","value":10.989},"dutyFreeAmount":{"unit":"USD","value":9.99},"taxRate":10,"percentage":null,"priceReduction":null,"taxAmount":{"unit":"USD","value":0.999}},"priceAlteration":[],"billingAccount":null,"immediatePayOption":{"payOption":null,"payAmount":null,"minPayAmount":null,"payImmediately":true}}],"channel":[{"id":"CallCenter","href":null,"name":"CallCenter"}],"orderRelationship":[],"controlFields":{"createdBy":"Automation_208086670_Individual","createdOn":"2018-09-18T09:40:48Z","lastModifiedBy":"Automation_208086670_Individual","lastModifiedOn":"2018-09-18T09:40:48Z"},"validation":null,"payment":[],"immediatePromotion":[{"id":"9cc193d9-8e9f-45a3-9d34-289c56d16da5","promotion":{"id":"c304f5d01ae64244bdc4951b0aa12f59","name":"Mobile Smart Plan or International Free discount","description":"CROSS-14615 Use Case #4: Discount on Mobile Smart Plan or International Free in Mobile Smart bundle","validFor":{"startDateTime":"2017-01-01T00:00:00Z","endDateTime":"2028-09-12T01:16:08.168Z"},"href":null},"triggerItem":[{"id":"ProductOrder_04141405-5455-445b-8288-a22088a20c05_OrderItem_05151540-1445-4507-8220-2aa8a2001abd","itemType":"order","href":null,"promotionCriteriaGroupId":"1432","pathToRoot":"/ProductOrder_04141405-5455-445b-8288-a22088a20c05_OrderItem_00510515-5404-4046-8aaa-028080aa1896/ProductOrder_04141405-5455-445b-8288-a22088a20c05_OrderItem_05151540-1445-4507-8220-2aa8a2001abd"},{"id":"ProductOrder_04141405-5455-445b-8288-a22088a20c05_OrderItem_00510515-5404-4046-8aaa-028080aa1896","itemType":"order","href":null,"promotionCriteriaGroupId":"1412","pathToRoot":"/ProductOrder_04141405-5455-445b-8288-a22088a20c05_OrderItem_00510515-5404-4046-8aaa-028080aa1896"}],"benefitItem":[{"id":"ProductOrder_04141405-5455-445b-8288-a22088a20c05_OrderItem_05151540-1445-4507-8220-2aa8a2001abd","itemType":"order","promotionCriteriaGroupId":"1432","pathToRoot":"/ProductOrder_04141405-5455-445b-8288-a22088a20c05_OrderItem_00510515-5404-4046-8aaa-028080aa1896/ProductOrder_04141405-5455-445b-8288-a22088a20c05_OrderItem_05151540-1445-4507-8220-2aa8a2001abd","href":null,"action":[{"id":null,"name":null,"description":null,"actionType":"Price Allteration","actionValue":0,"duration":null,"promotionPriceAlteration":{"id":"ab7b78de754443eabb1a7d802de8862e"}}]}]}],"extensions":{},"isCustomerVisible":true}]]>
            </line>
            <line>
              <![CDATA[</div>]]>
            </line>
            <line>
              <![CDATA[</div>]]>
            </line>
            <line>
              <![CDATA[</div>]]>
            </line>
            <line>
              <![CDATA[</div>]]>
            </line>
            <line>
              <![CDATA[</td>]]>
            </line>
            <line>
              <![CDATA[</tr>]]>
            </line>
            <line>
              <![CDATA[<tr class="table-success"><td colspan="2">Response status: expected=201 actual=201; Value: true</td></tr>]]>
            </line>
            <line>
              <![CDATA[<tr><td class="text-dark font-weight-bold">Order ID  </td><td class="" > ProductOrder_04141405-5455-445b-8288-a22088a20c05 </td></tr>]]>
            </line>
            <line>
              <![CDATA[<tr><td class="text-dark font-weight-bold">Context Attribute [OrderID] Set  </td><td class="" > ProductOrder_04141405-5455-445b-8288-a22088a20c05 </td></tr>]]>
            </line>
            <line>
              <![CDATA[<tr class="table-light"><td colspan="2">No. of OrderItems : </td></tr>]]>
            </line>
            <line>
              <![CDATA[<tr><td class="text-dark font-weight-bold">Context Attribute [OrderItem] Set  </td><td class="" > ProductOrder_04141405-5455-445b-8288-a22088a20c05_OrderItem_00510515-5404-4046-8aaa-028080aa1896 </td></tr>]]>
            </line>
            <line>
              <![CDATA[<tr><td class="text-dark font-weight-bold">Context Attribute [eTag] Set  </td><td class="" > ProductOrder_04141405-5455-445b-8288-a22088a20c05=1537263647858950144 </td></tr>]]>
            </line>
          </reporter-output>
        </test-method> <!-- createOrderWith_DefaultConfiguration -->
      </class> <!-- productordering.ProductOrderingCreateOrder -->
      <class name="productordering.ProductOrderingRetreiveOrder">
        <test-method status="PASS" signature="retreiveOrder(java.lang.String, java.lang.String, java.lang.String, java.lang.String, org.testng.ITestContext)[pri:0, instance:productordering.ProductOrderingRetreiveOrder@76f2b07d]" name="retreiveOrder" duration-ms="844" started-at="2018-09-18T15:10:49Z" finished-at="2018-09-18T15:10:50Z">
          <params>
            <param index="0">
              <value>
                <![CDATA[101A]]>
              </value>
            </param>
            <param index="1">
              <value>
                <![CDATA[CC]]>
              </value>
            </param>
            <param index="2">
              <value>
                <![CDATA[Automatic]]>
              </value>
            </param>
            <param index="3">
              <value>
                <![CDATA[fit]]>
              </value>
            </param>
            <param index="4">
              <value>
                <![CDATA[org.testng.TestRunner@400d912a]]>
              </value>
            </param>
          </params>
          <reporter-output>
            <line>
              <![CDATA[<tr class="table-info"><td class="text-dark font-weight-bold">Request Type </td><td class="" >GET</td></tr>]]>
            </line>
            <line>
              <![CDATA[<tr><td class="text-dark font-weight-bold">URI </td><td class="" > http://ilocpde01w02.corp.amdocs.com:30538/productOrdering/v2/productOrder/ProductOrder_04141405-5455-445b-8288-a22088a20c05 </td></tr>]]>
            </line>
            <line>
              <![CDATA[<tr><td class="text-dark font-weight-bold" colspan="2">Headers : </td></tr>]]>
            </line>
            <line>
              <![CDATA[<tr>]]>
            </line>
            <line>
              <![CDATA[<td class="text-dark font-weight-bold" >Authorization :</td>]]>
            </line>
            <line>
              <![CDATA[<td class="" >]]>
            </line>
            <line>
              <![CDATA[<a href="" class="alert-link" data-toggle="modal" data-target="#rest_assured_logger_modal_value_46">Show</a>]]>
            </line>
            <line>
              <![CDATA[<div class="modal fade"  id="rest_assured_logger_modal_value_46" tabindex="-1" role="dialog">]]>
            </line>
            <line>
              <![CDATA[<div class="modal-dialog" role="document">]]>
            </line>
            <line>
              <![CDATA[<div class="modal-content">]]>
            </line>
            <line>
              <![CDATA[<div class="modal-header text-white bg-info">]]>
            </line>
            <line>
              <![CDATA[<h5 class="modal-title" id="title1">Authorization</h5>]]>
            </line>
            <line>
              <![CDATA[<span class="h6 text-light ml-2 mt-2">(click on the Text to copy)</span>]]>
            </line>
            <line>
              <![CDATA[<button type="button" class="close" data-dismiss="modal" aria-label="Close">]]>
            </line>
            <line>
              <![CDATA[<span aria-hidden="true">&times;</span>]]>
            </line>
            <line>
              <![CDATA[</button>]]>
            </line>
            <line>
              <![CDATA[</div>]]>
            </line>
            <line>
              <![CDATA[<div onClick="copyMePlease(this)" class="modal-body">]]>
            </line>
            <line>
              <![CDATA[Bearer eyJ4NXQjUzI1NiI6IkxEbGVvYldaYmVZcG9pb0Q0R1hrMWp3US8rUWd1MUs1eXNzQ1JpN3BtelE9IiwidHlwIjoiSldUIiwiYWxnIjoiUlMyNTYifQ.eyJzdWIiOiJBdXRvbWF0aW9uXzIwODA4NjY3MF9JbmRpdmlkdWFsIiwiY3NySWQiOiJjc3JJZCIsInJvbGVzIjpbIkdldEluZGl2aWR1YWwiLCJVcGRhdGVJbmRpdmlkdWFsIiwiQ2F0YWxvZ09uZS5pbXBvcnRlciIsIkdldEN1c3RvbWVyIiwiRGVsZXRlQ3JlZGl0UHJvZmlsZSIsIlByb2R1Y3RPcmRlckxhdW5jaGVyUmVhZCIsIkFwcFRlc3RlclJvbGUiLCJQcm9kdWN0T3JkZXJMYXVuY2hlckNyZWF0ZSIsIkNyZWF0ZVBheW1lbnRNZXRob2QiLCJvcmRlckNoYW5nZU93bmVyc2hpcCIsIlBBUC1QVSIsIlJldHJpZXZlQ3VzdG9tZXIiLCJBbm9ueW1vdXNVc2VyUm9sZSIsIlBBUC1Db21tb24iLCJXcml0ZSIsIlByb2R1Y3RPcmRlckxhdW5jaGVyVXBkYXRlIiwiQWRkUmVsYXRlZFBhcnR5IiwiQ3JlYXRlQ3VzdG9tZXIiLCJDcmVhdGVJbmRpdmlkdWFsIiwiU2VhcmNoSW5kaXZpZHVhbCIsIkdldEN1c3RvbWVyRW50aXR5IiwiVXBkYXRlQ3JlZGl0UHJvZmlsZSIsIkNoYW5nZU93bmVyc2hpcFJvbGUiLCJBc21TZXJ2aWNlc0FwcElkZW50aXR5IiwiRGVsZXRlSW5kaXZpZHVhbCIsImNzciIsIlJldHJpZXZlQ3VzdG9tZXJFbnRpdHkiLCJFdmFsdWF0ZUNyZWRpdFByb2ZpbGUiLCJSZXRyZWl2ZVBheW1lbnRNZXRob2QiLCJQcm9kdWN0T3JkZXJMYXVuY2hlckRlbGV0ZSIsIlJldHJpZXZlSW5kaXZpZHVhbCIsIlNUUy1Db21tb24iLCJDcmVhdGVDdXN0b21lckVudGl0eSJdLCJjdXN0b21lcklkIjoiQ3VzdG9tZXJfNDAzMDYiLCJpc3MiOiJBM1Nab25lMUBBM1MuYW1kb2NzLmNvbSIsIm9pdCI6MTUzNzI2MzY0NSwic2FsZXNDaGFubmVsIjoiQ2FsbENlbnRlciIsImV4cCI6MTUzNzI3MDg0NSwiaWF0IjoxNTM3MjYzNjQ1LCJ0dGwiOjE1MzcyOTI0NDUsImp0aSI6Ijc0ZTE5NWFjNzQ1MGZhNjU5ZTI1MDEzNGZjN2JhYTllN2Y4ZTQ4ZmJjNmEzMDM1MjAzZjcyZWIwYzJiNjIwNDAifQ.SJEglfX2g31q71slR0icYEu484uS8aOetkvVbn5lS4NilW3ozAVyVxhByAYP-T1DprCTn3_w8xp2AehnAzrVZ6_Hl0rvZYbhuQHNnUyw1DzullKx8-3vWs1eQhb7Q767kCVMJwteYloR6Xkk9SIiHpiyc2WuR8B0eXy2fUu55jRKSfX1nI7iTWIhAovBoS3VRkqOTl-moPZaDWHSYJExx1vqFb9U4-TC0D0F7ZIXu-gkGaPPkBOacnU1a1sqrOghEaSaBTj9idexSg2aUM8wb-8_1lXBBho6pYi3c20e4PCJkErXdysuWkgJsc29r0xje_HlmgbK4rScVlPv1zBQ8g]]>
            </line>
            <line>
              <![CDATA[</div>]]>
            </line>
            <line>
              <![CDATA[</div>]]>
            </line>
            <line>
              <![CDATA[</div>]]>
            </line>
            <line>
              <![CDATA[</div>]]>
            </line>
            <line>
              <![CDATA[</td>]]>
            </line>
            <line>
              <![CDATA[</tr>]]>
            </line>
            <line>
              <![CDATA[<tr><td class="text-dark font-weight-bold">Accept </td><td class="" > application/json </td></tr>]]>
            </line>
            <line>
              <![CDATA[<tr><td class="text-dark font-weight-bold">Custom-Header </td><td class="" > {"salesChannel":"CallCenter","customerId":"Customer_40306","sessionId":"318879238"} </td></tr>]]>
            </line>
            <line>
              <![CDATA[<tr><td class="text-dark font-weight-bold">Accept-Language </td><td class="" > en_US </td></tr>]]>
            </line>
            <line>
              <![CDATA[<tr><td class="text-dark font-weight-bold">Content-Type </td><td class="" > application/json </td></tr>]]>
            </line>
            <line>
              <![CDATA[<tr>]]>
            </line>
            <line>
              <![CDATA[<td class="text-dark font-weight-bold" >Payload :</td>]]>
            </line>
            <line>
              <![CDATA[<td class="" >]]>
            </line>
            <line>
              <![CDATA[<a href="" class="alert-link" data-toggle="modal" data-target="#rest_assured_logger_modal_value_47">Show</a>]]>
            </line>
            <line>
              <![CDATA[<div class="modal fade"  id="rest_assured_logger_modal_value_47" tabindex="-1" role="dialog">]]>
            </line>
            <line>
              <![CDATA[<div class="modal-dialog" role="document">]]>
            </line>
            <line>
              <![CDATA[<div class="modal-content">]]>
            </line>
            <line>
              <![CDATA[<div class="modal-header text-white bg-info">]]>
            </line>
            <line>
              <![CDATA[<h5 class="modal-title" id="title1">Payload</h5>]]>
            </line>
            <line>
              <![CDATA[<span class="h6 text-light ml-2 mt-2">(click on the Text to copy)</span>]]>
            </line>
            <line>
              <![CDATA[<button type="button" class="close" data-dismiss="modal" aria-label="Close">]]>
            </line>
            <line>
              <![CDATA[<span aria-hidden="true">&times;</span>]]>
            </line>
            <line>
              <![CDATA[</button>]]>
            </line>
            <line>
              <![CDATA[</div>]]>
            </line>
            <line>
              <![CDATA[<div onClick="copyMePlease(this)" class="modal-body">]]>
            </line>
            <line>
              <![CDATA[None]]>
            </line>
            <line>
              <![CDATA[</div>]]>
            </line>
            <line>
              <![CDATA[</div>]]>
            </line>
            <line>
              <![CDATA[</div>]]>
            </line>
            <line>
              <![CDATA[</div>]]>
            </line>
            <line>
              <![CDATA[</td>]]>
            </line>
            <line>
              <![CDATA[</tr>]]>
            </line>
            <line>
              <![CDATA[<tr>]]>
            </line>
            <line>
              <![CDATA[<td class="text-dark font-weight-bold" >Response Header :</td>]]>
            </line>
            <line>
              <![CDATA[<td class="" >]]>
            </line>
            <line>
              <![CDATA[<a href="" class="alert-link" data-toggle="modal" data-target="#modal_value_16">Show</a>]]>
            </line>
            <line>
              <![CDATA[<div class="modal fade"  id="modal_value_16" tabindex="-1" role="dialog">]]>
            </line>
            <line>
              <![CDATA[<div class="modal-dialog" role="document">]]>
            </line>
            <line>
              <![CDATA[<div class="modal-content">]]>
            </line>
            <line>
              <![CDATA[<div class="modal-header text-white bg-info">]]>
            </line>
            <line>
              <![CDATA[<h5 class="modal-title" id="title1">Response Header</h5>]]>
            </line>
            <line>
              <![CDATA[<span class="h6 text-light ml-2 mt-2">(click on the Text to copy)</span>]]>
            </line>
            <line>
              <![CDATA[<button type="button" class="close" data-dismiss="modal" aria-label="Close">]]>
            </line>
            <line>
              <![CDATA[<span aria-hidden="true">&times;</span>]]>
            </line>
            <line>
              <![CDATA[</button>]]>
            </line>
            <line>
              <![CDATA[</div>]]>
            </line>
            <line>
              <![CDATA[<div onClick="copyMePlease(this)" class="modal-body">]]>
            </line>
            <line>
              <![CDATA[X-Application-Context=productorder-productorder-ms:8080
	X-DOX-TraceId=99B4A8F587465725
	ETag="ProductOrder_04141405-5455-445b-8288-a22088a20c05=1537263647858950144"
	X-Content-Type-Options=nosniff
	X-XSS-Protection=1; mode=block
	Cache-Control=no-cache, no-store, max-age=0, must-revalidate
	Pragma=no-cache
	Expires=0
	X-Frame-Options=DENY
	Content-Type=application/json;charset=UTF-8
	Transfer-Encoding=chunked
	Date=Tue, 18 Sep 2018 09:40:49 GMT]]>
            </line>
            <line>
              <![CDATA[</div>]]>
            </line>
            <line>
              <![CDATA[</div>]]>
            </line>
            <line>
              <![CDATA[</div>]]>
            </line>
            <line>
              <![CDATA[</div>]]>
            </line>
            <line>
              <![CDATA[</td>]]>
            </line>
            <line>
              <![CDATA[</tr>]]>
            </line>
            <line>
              <![CDATA[<tr>]]>
            </line>
            <line>
              <![CDATA[<td class="text-dark font-weight-bold" >Response :</td>]]>
            </line>
            <line>
              <![CDATA[<td class="" >]]>
            </line>
            <line>
              <![CDATA[<a href="" class="alert-link" data-toggle="modal" data-target="#rest_assured_logger_modal_value_48">Show</a>]]>
            </line>
            <line>
              <![CDATA[<div class="modal fade"  id="rest_assured_logger_modal_value_48" tabindex="-1" role="dialog">]]>
            </line>
            <line>
              <![CDATA[<div class="modal-dialog" role="document">]]>
            </line>
            <line>
              <![CDATA[<div class="modal-content">]]>
            </line>
            <line>
              <![CDATA[<div class="modal-header text-white bg-info">]]>
            </line>
            <line>
              <![CDATA[<h5 class="modal-title" id="title1">Response</h5>]]>
            </line>
            <line>
              <![CDATA[<span class="h6 text-light ml-2 mt-2">(click on the Text to copy)</span>]]>
            </line>
            <line>
              <![CDATA[<button type="button" class="close" data-dismiss="modal" aria-label="Close">]]>
            </line>
            <line>
              <![CDATA[<span aria-hidden="true">&times;</span>]]>
            </line>
            <line>
              <![CDATA[</button>]]>
            </line>
            <line>
              <![CDATA[</div>]]>
            </line>
            <line>
              <![CDATA[<div onClick="copyMePlease(this)" class="modal-body">]]>
            </line>
            <line>
              <![CDATA[{"id":"ProductOrder_04141405-5455-445b-8288-a22088a20c05","href":"/v2/productOrder/ProductOrder_04141405-5455-445b-8288-a22088a20c05","category":null,"priority":null,"description":"Special Order","state":"Draft","externalId":null,"orderDate":"2018-09-18T09:40:48Z","completionDate":null,"requestedStartDate":null,"requestedCompletionDate":"2018-09-18T09:40:48Z","expectedCompletionDate":null,"orderPriceDate":"2018-09-18T09:40:48.888Z","notificationContact":null,"relatedParty":[{"id":"Customer_40306","href":"/v2/relatedParty/Customer_40306","name":null,"role":"customer"}],"billingAccount":null,"orderItem":[{"id":"ProductOrder_04141405-5455-445b-8288-a22088a20c05_OrderItem_00510515-5404-4046-8aaa-028080aa1896","action":"add","state":"Draft","quantity":1,"externalId":null,"completionDate":null,"requestedStartDate":null,"requestedCompletionDate":"2018-09-18T09:40:48Z","retroactiveChangeDate":null,"itemPrice":[{"id":"ba45c101bfdd4aeea490b6f494ecd265","name":"Mobile Line Activation Fee","description":"Fee is triggered when providing new mobile line","unitOfMeasure":null,"recurringChargePeriod":null,"priceType":"OC","price":{"taxIncludedAmount":{"unit":"USD","value":5.489},"dutyFreeAmount":{"unit":"USD","value":4.99},"taxRate":10,"percentage":null,"priceReduction":null,"taxAmount":{"unit":"USD","value":0.499}},"finalPrice":{"taxIncludedAmount":{"unit":"USD","value":5.489},"dutyFreeAmount":{"unit":"USD","value":4.99},"taxRate":10,"percentage":null,"priceReduction":null,"taxAmount":{"unit":"USD","value":0.499}},"standalonePrice":null,"priceAlteration":[],"billingAccount":null,"immediatePayOption":{"payOption":"Optional","payAmount":null,"minPayAmount":null,"payImmediately":false}}],"itemTotalPrice":[{"id":null,"name":null,"description":null,"unitOfMeasure":null,"recurringChargePeriod":"month","priceType":"RC","price":{"taxIncludedAmount":{"unit":"USD","value":33.0},"dutyFreeAmount":{"unit":"USD","value":30},"taxRate":10,"percentage":null,"priceReduction":null,"taxAmount":{"unit":"USD","value":3.0}},"finalPrice":{"taxIncludedAmount":{"unit":"USD","value":31.9},"dutyFreeAmount":{"unit":"USD","value":29},"taxRate":10,"percentage":null,"priceReduction":null,"taxAmount":{"unit":"USD","value":2.9}},"standalonePrice":{"taxIncludedAmount":{"unit":"USD","value":33.0},"dutyFreeAmount":{"unit":"USD","value":30},"taxRate":10,"percentage":null,"priceReduction":null,"taxAmount":{"unit":"USD","value":3.0}},"priceAlteration":[{"name":null,"description":null,"unitOfMeasure":null,"recurringChargePeriod":null,"priceType":"RC","applicationDuration":null,"priority":null,"alterationType":"Promotion Price Alteration","promotionActionId":null,"promotionInstanceId":null,"alterationProductOfferingPriceId":null,"alterationBundleProductOfferingId":null,"price":{"taxIncludedAmount":null,"dutyFreeAmount":{"unit":"USD","value":1},"taxRate":null,"percentage":null,"priceReduction":null,"taxAmount":null}}],"billingAccount":null,"immediatePayOption":null},{"id":null,"name":null,"description":null,"unitOfMeasure":null,"recurringChargePeriod":null,"priceType":"OC","price":{"taxIncludedAmount":{"unit":"USD","value":5.489},"dutyFreeAmount":{"unit":"USD","value":4.99},"taxRate":10,"percentage":null,"priceReduction":null,"taxAmount":{"unit":"USD","value":0.499}},"finalPrice":{"taxIncludedAmount":{"unit":"USD","value":5.489},"dutyFreeAmount":{"unit":"USD","value":4.99},"taxRate":10,"percentage":null,"priceReduction":null,"taxAmount":{"unit":"USD","value":0.499}},"standalonePrice":{"taxIncludedAmount":{"unit":"USD","value":5.489},"dutyFreeAmount":{"unit":"USD","value":4.99},"taxRate":10,"percentage":null,"priceReduction":null,"taxAmount":{"unit":"USD","value":0.499}},"priceAlteration":[],"billingAccount":null,"immediatePayOption":{"payOption":null,"payAmount":null,"minPayAmount":null,"payImmediately":false}},{"id":null,"name":null,"description":null,"unitOfMeasure":null,"recurringChargePeriod":null,"priceType":"OC","price":{"taxIncludedAmount":{"unit":"USD","value":10.989},"dutyFreeAmount":{"unit":"USD","value":9.99},"taxRate":10,"percentage":null,"priceReduction":null,"taxAmount":{"unit":"USD","value":0.999}},"finalPrice":{"taxIncludedAmount":{"unit":"USD","value":10.989},"dutyFreeAmount":{"unit":"USD","value":9.99},"taxRate":10,"percentage":null,"priceReduction":null,"taxAmount":{"unit":"USD","value":0.999}},"standalonePrice":{"taxIncludedAmount":{"unit":"USD","value":10.989},"dutyFreeAmount":{"unit":"USD","value":9.99},"taxRate":10,"percentage":null,"priceReduction":null,"taxAmount":{"unit":"USD","value":0.999}},"priceAlteration":[],"billingAccount":null,"immediatePayOption":{"payOption":null,"payAmount":null,"minPayAmount":null,"payImmediately":true}}],"orderItemRelationship":[],"productOffering":{"id":"3353c5c3e6f24103935ecb26e245d707","name":"Mobile Smart","href":"/v2/productOffering/3353c5c3e6f24103935ecb26e245d707","type":"Mobile_Bundle","serialized":null,"version":null,"attachment":[],"valueRank":85,"durationPolicy":null},"product":{"id":null,"version":null,"href":"/v2/productRefOrValue/","name":null,"status":null,"primaryProductId":null,"actionDate":null,"relatedParty":[],"productOrderRef":null,"productSpecification":[],"characteristic":[{"name":"Included_Services","value":"Roaming_across_Europe","localizedName":"Included Services","characteristicMetadata":[{"name":"userId","value":"Automation_208086670_Individual","metatype":"operational"},{"name":"salesChannel","value":"CallCenter","metatype":"operational"},{"name":"csrId","value":"csrId","metatype":"operational"},{"name":"changeDate","value":"Tue Sep 18 09:40:48 GMT 2018","metatype":"operational"},{"name":"originalSalesChannel","value":"CallCenter","metatype":"operational"}]}],"place":[],"productRelationship":[{"type":"bundled","product":null}],"referenceId":"11095328-a889-406c-a79e-60382c02ca3f","terminationDate":null,"activationDate":null},"billingAccount":{"id":"12121","href":"''/v2/TBA/12121","name":null},"appointment":null,"orderItem":[{"id":"ProductOrder_04141405-5455-445b-8288-a22088a20c05_OrderItem_05151540-1445-4507-8220-2aa8a2001abd","action":"add","state":"Draft","quantity":1,"externalId":null,"completionDate":null,"requestedStartDate":null,"requestedCompletionDate":"2018-09-18T09:40:48Z","retroactiveChangeDate":null,"itemPrice":[{"id":"8cb0c57fd2fe4efaadedf1d68182d206","name":"Plan RC","description":"100 minutes, unlimited texts and 3 GB data","unitOfMeasure":null,"recurringChargePeriod":"month","priceType":"RC","price":{"taxIncludedAmount":{"unit":"USD","value":33.0},"dutyFreeAmount":{"unit":"USD","value":30},"taxRate":10,"percentage":null,"priceReduction":null,"taxAmount":{"unit":"USD","value":3.0}},"finalPrice":{"taxIncludedAmount":{"unit":"USD","value":31.9},"dutyFreeAmount":{"unit":"USD","value":29},"taxRate":10,"percentage":null,"priceReduction":null,"taxAmount":{"unit":"USD","value":2.9}},"standalonePrice":null,"priceAlteration":[{"name":null,"description":null,"unitOfMeasure":null,"recurringChargePeriod":null,"priceType":"RC","applicationDuration":null,"priority":null,"alterationType":"Promotion Price Alteration","promotionActionId":null,"promotionInstanceId":null,"alterationProductOfferingPriceId":"ab7b78de754443eabb1a7d802de8862e","alterationBundleProductOfferingId":null,"price":{"taxIncludedAmount":null,"dutyFreeAmount":{"unit":"USD","value":1},"taxRate":null,"percentage":null,"priceReduction":{"unit":"USD","value":1},"taxAmount":null}}],"billingAccount":null,"immediatePayOption":null}],"itemTotalPrice":[{"id":null,"name":null,"description":null,"unitOfMeasure":null,"recurringChargePeriod":"month","priceType":"RC","price":{"taxIncludedAmount":{"unit":"USD","value":33.0},"dutyFreeAmount":{"unit":"USD","value":30},"taxRate":10,"percentage":null,"priceReduction":null,"taxAmount":{"unit":"USD","value":3.0}},"finalPrice":{"taxIncludedAmount":{"unit":"USD","value":31.9},"dutyFreeAmount":{"unit":"USD","value":29},"taxRate":10,"percentage":null,"priceReduction":null,"taxAmount":{"unit":"USD","value":2.9}},"standalonePrice":{"taxIncludedAmount":{"unit":"USD","value":33.0},"dutyFreeAmount":{"unit":"USD","value":30},"taxRate":10,"percentage":null,"priceReduction":null,"taxAmount":{"unit":"USD","value":3.0}},"priceAlteration":[{"name":null,"description":null,"unitOfMeasure":null,"recurringChargePeriod":null,"priceType":"RC","applicationDuration":null,"priority":null,"alterationType":"Promotion Price Alteration","promotionActionId":null,"promotionInstanceId":null,"alterationProductOfferingPriceId":null,"alterationBundleProductOfferingId":null,"price":{"taxIncludedAmount":null,"dutyFreeAmount":{"unit":"USD","value":1},"taxRate":null,"percentage":null,"priceReduction":null,"taxAmount":null}}],"billingAccount":null,"immediatePayOption":null}],"orderItemRelationship":[],"productOffering":{"id":"306ed463c4984ea8a5a5c8b0756bb8bf","name":"Mobile Smart Plan","href":"/v2/productOffering/306ed463c4984ea8a5a5c8b0756bb8bf","type":"Mobile_Plan","serialized":null,"version":null,"attachment":[],"valueRank":85,"durationPolicy":null},"product":{"id":null,"version":null,"href":"/v2/productRefOrValue/","name":null,"status":null,"primaryProductId":null,"actionDate":null,"relatedParty":[],"productOrderRef":null,"productSpecification":[],"characteristic":[{"name":"Payment_Type","value":"Bill_pay","localizedName":"Payment Type","characteristicMetadata":[{"name":"userId","value":"Automation_208086670_Individual","metatype":"operational"},{"name":"salesChannel","value":"CallCenter","metatype":"operational"},{"name":"csrId","value":"csrId","metatype":"operational"},{"name":"changeDate","value":"Tue Sep 18 09:40:48 GMT 2018","metatype":"operational"},{"name":"originalSalesChannel","value":"CallCenter","metatype":"operational"}]},{"name":"Plan_Type","value":"Phone_Plan","localizedName":"Plan Type","characteristicMetadata":[{"name":"userId","value":"Automation_208086670_Individual","metatype":"operational"},{"name":"salesChannel","value":"CallCenter","metatype":"operational"},{"name":"csrId","value":"csrId","metatype":"operational"},{"name":"changeDate","value":"Tue Sep 18 09:40:48 GMT 2018","metatype":"operational"},{"name":"originalSalesChannel","value":"CallCenter","metatype":"operational"}]},{"name":"Talk","value":"500_Calls_to_Any_Network","localizedName":"Talk","characteristicMetadata":[{"name":"userId","value":"Automation_208086670_Individual","metatype":"operational"},{"name":"salesChannel","value":"CallCenter","metatype":"operational"},{"name":"csrId","value":"csrId","metatype":"operational"},{"name":"changeDate","value":"Tue Sep 18 09:40:48 GMT 2018","metatype":"operational"},{"name":"originalSalesChannel","value":"CallCenter","metatype":"operational"}]},{"name":"Data","value":"3","localizedName":"Data","characteristicMetadata":[{"name":"userId","value":"Automation_208086670_Individual","metatype":"operational"},{"name":"salesChannel","value":"CallCenter","metatype":"operational"},{"name":"csrId","value":"csrId","metatype":"operational"},{"name":"changeDate","value":"Tue Sep 18 09:40:48 GMT 2018","metatype":"operational"},{"name":"originalSalesChannel","value":"CallCenter","metatype":"operational"}]},{"name":"Text","value":"Unlimited_SMS_to_Any_Network","localizedName":"Text","characteristicMetadata":[{"name":"userId","value":"Automation_208086670_Individual","metatype":"operational"},{"name":"salesChannel","value":"CallCenter","metatype":"operational"},{"name":"csrId","value":"csrId","metatype":"operational"},{"name":"changeDate","value":"Tue Sep 18 09:40:48 GMT 2018","metatype":"operational"},{"name":"originalSalesChannel","value":"CallCenter","metatype":"operational"}]}],"place":[],"productRelationship":[{"type":"bundled","product":{"id":null,"version":null,"href":null,"name":null,"status":null,"primaryProductId":null,"actionDate":null,"relatedParty":[],"productOrderRef":null,"productSpecification":[{"id":"20defa33d7f54eeabcbfa546cf549a0f","href":null,"name":"Mobile","type":"Mobile"}],"characteristic":[{"name":"Technology","value":"4G","localizedName":"Technology","characteristicMetadata":[{"name":"userId","value":"Automation_208086670_Individual","metatype":"operational"},{"name":"salesChannel","value":"CallCenter","metatype":"operational"},{"name":"csrId","value":"csrId","metatype":"operational"},{"name":"changeDate","value":"Tue Sep 18 09:40:48 GMT 2018","metatype":"operational"},{"name":"originalSalesChannel","value":"CallCenter","metatype":"operational"}]}],"place":[],"productRelationship":[{"type":"bundled","product":{"id":null,"version":null,"href":null,"name":null,"status":null,"primaryProductId":null,"actionDate":null,"relatedParty":[],"productOrderRef":null,"productSpecification":[{"id":"fe2488fe33e74b30a3e0195e8a5c25d5","href":null,"name":"Messaging","type":"Messaging"}],"characteristic":[{"name":"Premium_SMS_Barring","value":"False","localizedName":"Premium SMS Barring ","characteristicMetadata":[{"name":"userId","value":"Automation_208086670_Individual","metatype":"operational"},{"name":"salesChannel","value":"CallCenter","metatype":"operational"},{"name":"csrId","value":"csrId","metatype":"operational"},{"name":"changeDate","value":"Tue Sep 18 09:40:48 GMT 2018","metatype":"operational"},{"name":"originalSalesChannel","value":"CallCenter","metatype":"operational"}]},{"name":"SMS_Outgoing_Barring","value":"False","localizedName":"SMS Outgoing Barring","characteristicMetadata":[{"name":"userId","value":"Automation_208086670_Individual","metatype":"operational"},{"name":"salesChannel","value":"CallCenter","metatype":"operational"},{"name":"csrId","value":"csrId","metatype":"operational"},{"name":"changeDate","value":"Tue Sep 18 09:40:48 GMT 2018","metatype":"operational"},{"name":"originalSalesChannel","value":"CallCenter","metatype":"operational"}]},{"name":"MMS_Barring","value":"False","localizedName":"MMS Barring","characteristicMetadata":[{"name":"userId","value":"Automation_208086670_Individual","metatype":"operational"},{"name":"salesChannel","value":"CallCenter","metatype":"operational"},{"name":"csrId","value":"csrId","metatype":"operational"},{"name":"changeDate","value":"Tue Sep 18 09:40:48 GMT 2018","metatype":"operational"},{"name":"originalSalesChannel","value":"CallCenter","metatype":"operational"}]}],"place":[],"productRelationship":[],"referenceId":"c57700bd-cc37-4fe8-a509-285600577e6a","terminationDate":null,"activationDate":null}},{"type":"bundled","product":{"id":null,"version":null,"href":null,"name":null,"status":null,"primaryProductId":null,"actionDate":null,"relatedParty":[],"productOrderRef":null,"productSpecification":[{"id":"9416ae26f66e4a41a7c86945d8926555","href":null,"name":"Voice","type":"Voice"}],"characteristic":[{"name":"Call_Waiting_Barring","value":"False","localizedName":"Call Waiting Barring","characteristicMetadata":[{"name":"userId","value":"Automation_208086670_Individual","metatype":"operational"},{"name":"salesChannel","value":"CallCenter","metatype":"operational"},{"name":"csrId","value":"csrId","metatype":"operational"},{"name":"changeDate","value":"Tue Sep 18 09:40:48 GMT 2018","metatype":"operational"},{"name":"originalSalesChannel","value":"CallCenter","metatype":"operational"}]},{"name":"Lost_Call_Notification_Barring","value":"False","localizedName":"Lost Call Notification Barring","characteristicMetadata":[{"name":"userId","value":"Automation_208086670_Individual","metatype":"operational"},{"name":"salesChannel","value":"CallCenter","metatype":"operational"},{"name":"csrId","value":"csrId","metatype":"operational"},{"name":"changeDate","value":"Tue Sep 18 09:40:48 GMT 2018","metatype":"operational"},{"name":"originalSalesChannel","value":"CallCenter","metatype":"operational"}]},{"name":"Premium_Calls_Barring","value":"False","localizedName":"Premium Calls Barring","characteristicMetadata":[{"name":"userId","value":"Automation_208086670_Individual","metatype":"operational"},{"name":"salesChannel","value":"CallCenter","metatype":"operational"},{"name":"csrId","value":"csrId","metatype":"operational"},{"name":"changeDate","value":"Tue Sep 18 09:40:48 GMT 2018","metatype":"operational"},{"name":"originalSalesChannel","value":"CallCenter","metatype":"operational"}]},{"name":"Outgoing_Calls_Barring","value":"False","localizedName":"Outgoing Calls Barring","characteristicMetadata":[{"name":"userId","value":"Automation_208086670_Individual","metatype":"operational"},{"name":"salesChannel","value":"CallCenter","metatype":"operational"},{"name":"csrId","value":"csrId","metatype":"operational"},{"name":"changeDate","value":"Tue Sep 18 09:40:48 GMT 2018","metatype":"operational"},{"name":"originalSalesChannel","value":"CallCenter","metatype":"operational"}]},{"name":"Hide_Caller_Number","value":"False","localizedName":"Hide Caller Number","characteristicMetadata":[{"name":"userId","value":"Automation_208086670_Individual","metatype":"operational"},{"name":"salesChannel","value":"CallCenter","metatype":"operational"},{"name":"csrId","value":"csrId","metatype":"operational"},{"name":"changeDate","value":"Tue Sep 18 09:40:48 GMT 2018","metatype":"operational"},{"name":"originalSalesChannel","value":"CallCenter","metatype":"operational"}]},{"name":"Three_Way_Calling","value":"False","localizedName":"Three-Way Calling","characteristicMetadata":[{"name":"userId","value":"Automation_208086670_Individual","metatype":"operational"},{"name":"salesChannel","value":"CallCenter","metatype":"operational"},{"name":"csrId","value":"csrId","metatype":"operational"},{"name":"changeDate","value":"Tue Sep 18 09:40:48 GMT 2018","metatype":"operational"},{"name":"originalSalesChannel","value":"CallCenter","metatype":"operational"}]},{"name":"Call_Forward","value":"False","localizedName":"Call Forward","characteristicMetadata":[{"name":"userId","value":"Automation_208086670_Individual","metatype":"operational"},{"name":"salesChannel","value":"CallCenter","metatype":"operational"},{"name":"csrId","value":"csrId","metatype":"operational"},{"name":"changeDate","value":"Tue Sep 18 09:40:48 GMT 2018","metatype":"operational"},{"name":"originalSalesChannel","value":"CallCenter","metatype":"operational"}]}],"place":[],"productRelationship":[],"referenceId":"c9389e7e-992f-4079-a499-23156907c8db","terminationDate":null,"activationDate":null}},{"type":"bundled","product":{"id":null,"version":null,"href":null,"name":null,"status":null,"primaryProductId":null,"actionDate":null,"relatedParty":[],"productOrderRef":null,"productSpecification":[{"id":"a654393615f34f41a5fd4624200a5cb6","href":null,"name":"Phone Number","type":"Phone Number"}],"characteristic":[{"name":"Phone_Number","value":null,"localizedName":"Phone Number","characteristicMetadata":[{"name":"userId","value":"Automation_208086670_Individual","metatype":"operational"},{"name":"salesChannel","value":"CallCenter","metatype":"operational"},{"name":"csrId","value":"csrId","metatype":"operational"},{"name":"changeDate","value":"Tue Sep 18 09:40:48 GMT 2018","metatype":"operational"},{"name":"originalSalesChannel","value":"CallCenter","metatype":"operational"}]},{"name":"Resource_Category","value":"Standard","localizedName":"Resource Category","characteristicMetadata":[{"name":"userId","value":"Automation_208086670_Individual","metatype":"operational"},{"name":"salesChannel","value":"CallCenter","metatype":"operational"},{"name":"csrId","value":"csrId","metatype":"operational"},{"name":"changeDate","value":"Tue Sep 18 09:40:48 GMT 2018","metatype":"operational"},{"name":"originalSalesChannel","value":"CallCenter","metatype":"operational"}]}],"place":[],"productRelationship":[{"type":"enabledBy","product":{"id":null,"version":null,"href":null,"name":null,"status":null,"primaryProductId":null,"actionDate":null,"relatedParty":[],"productOrderRef":null,"productSpecification":[],"characteristic":[],"place":[],"productRelationship":[],"referenceId":"e930ebb5-ee01-4c6d-a8ac-8d7bc4cef1ee","terminationDate":null,"activationDate":null}}],"referenceId":"a0105d2c-f2f1-4b0a-ac42-585edd745581","terminationDate":null,"activationDate":null}},{"type":"bundled","product":{"id":null,"version":null,"href":null,"name":null,"status":null,"primaryProductId":null,"actionDate":null,"relatedParty":[],"productOrderRef":null,"productSpecification":[{"id":"f0c9d263d9c14d589dd602012d0980b4","href":null,"name":"Roaming","type":"Roaming"}],"characteristic":[{"name":"Data_Roaming_Barring","value":"False","localizedName":"Data Roaming Barring","characteristicMetadata":[{"name":"userId","value":"Automation_208086670_Individual","metatype":"operational"},{"name":"salesChannel","value":"CallCenter","metatype":"operational"},{"name":"csrId","value":"csrId","metatype":"operational"},{"name":"changeDate","value":"Tue Sep 18 09:40:48 GMT 2018","metatype":"operational"},{"name":"originalSalesChannel","value":"CallCenter","metatype":"operational"}]},{"name":"Voice_Roaming_Barring","value":"False","localizedName":"Voice Roaming Barring","characteristicMetadata":[{"name":"userId","value":"Automation_208086670_Individual","metatype":"operational"},{"name":"salesChannel","value":"CallCenter","metatype":"operational"},{"name":"csrId","value":"csrId","metatype":"operational"},{"name":"changeDate","value":"Tue Sep 18 09:40:48 GMT 2018","metatype":"operational"},{"name":"originalSalesChannel","value":"CallCenter","metatype":"operational"}]},{"name":"Messaging_Roaming_Barring","value":"False","localizedName":"Messaging Roaming Barring","characteristicMetadata":[{"name":"userId","value":"Automation_208086670_Individual","metatype":"operational"},{"name":"salesChannel","value":"CallCenter","metatype":"operational"},{"name":"csrId","value":"csrId","metatype":"operational"},{"name":"changeDate","value":"Tue Sep 18 09:40:48 GMT 2018","metatype":"operational"},{"name":"originalSalesChannel","value":"CallCenter","metatype":"operational"}]}],"place":[],"productRelationship":[],"referenceId":"90873bcb-bb47-4c40-8b7a-9bbe5724784b","terminationDate":null,"activationDate":null}},{"type":"bundled","product":{"id":null,"version":null,"href":null,"name":null,"status":null,"primaryProductId":null,"actionDate":null,"relatedParty":[],"productOrderRef":null,"productSpecification":[{"id":"d1ea77fe040544bca4ed272169acf1c2","href":null,"name":"Data","type":"Data"}],"characteristic":[{"name":"QoS","value":"High","localizedName":"QoS","characteristicMetadata":[{"name":"userId","value":"Automation_208086670_Individual","metatype":"operational"},{"name":"salesChannel","value":"CallCenter","metatype":"operational"},{"name":"csrId","value":"csrId","metatype":"operational"},{"name":"changeDate","value":"Tue Sep 18 09:40:48 GMT 2018","metatype":"operational"},{"name":"originalSalesChannel","value":"CallCenter","metatype":"operational"}]},{"name":"Internet_Browsing_Barring","value":"False","localizedName":"Internet Browsing Barring","characteristicMetadata":[{"name":"userId","value":"Automation_208086670_Individual","metatype":"operational"},{"name":"salesChannel","value":"CallCenter","metatype":"operational"},{"name":"csrId","value":"csrId","metatype":"operational"},{"name":"changeDate","value":"Tue Sep 18 09:40:48 GMT 2018","metatype":"operational"},{"name":"originalSalesChannel","value":"CallCenter","metatype":"operational"}]},{"name":"Content_Barring","value":"False","localizedName":"Content Barring","characteristicMetadata":[{"name":"userId","value":"Automation_208086670_Individual","metatype":"operational"},{"name":"salesChannel","value":"CallCenter","metatype":"operational"},{"name":"csrId","value":"csrId","metatype":"operational"},{"name":"changeDate","value":"Tue Sep 18 09:40:48 GMT 2018","metatype":"operational"},{"name":"originalSalesChannel","value":"CallCenter","metatype":"operational"}]},{"name":"Premium_Content_Barring","value":"False","localizedName":"Premium Content Barring","characteristicMetadata":[{"name":"userId","value":"Automation_208086670_Individual","metatype":"operational"},{"name":"salesChannel","value":"CallCenter","metatype":"operational"},{"name":"csrId","value":"csrId","metatype":"operational"},{"name":"changeDate","value":"Tue Sep 18 09:40:48 GMT 2018","metatype":"operational"},{"name":"originalSalesChannel","value":"CallCenter","metatype":"operational"}]}],"place":[],"productRelationship":[],"referenceId":"f24a7b22-d40f-48e5-91aa-a0cd1a12c5b9","terminationDate":null,"activationDate":null}},{"type":"bundled","product":{"id":null,"version":null,"href":null,"name":null,"status":null,"primaryProductId":null,"actionDate":null,"relatedParty":[],"productOrderRef":null,"productSpecification":[{"id":"144b577471f2418e8a44d817a609a098","href":null,"name":"International","type":"Long Distance"}],"characteristic":[{"name":"Service_Barring","value":"False","localizedName":"Service Barring","characteristicMetadata":[{"name":"userId","value":"Automation_208086670_Individual","metatype":"operational"},{"name":"salesChannel","value":"CallCenter","metatype":"operational"},{"name":"csrId","value":"csrId","metatype":"operational"},{"name":"changeDate","value":"Tue Sep 18 09:40:48 GMT 2018","metatype":"operational"},{"name":"originalSalesChannel","value":"CallCenter","metatype":"operational"}]}],"place":[],"productRelationship":[],"referenceId":"0f4848d4-7cb4-41d0-8526-01f432dc4edc","terminationDate":null,"activationDate":null}}],"referenceId":"e930ebb5-ee01-4c6d-a8ac-8d7bc4cef1ee","terminationDate":null,"activationDate":null}}],"referenceId":"13016c63-9ff7-4723-9047-9a213551cbca","terminationDate":null,"activationDate":null},"billingAccount":null,"appointment":null,"orderItem":[],"productOfferingGroupOption":null,"orderTerm":[{"name":"Mobile_Plan_Bill_Pay_commitment_24","type":"COMMITMENT","duration":{"amount":24,"units":"Month"},"attachment":[],"characteristicMetadata":[{"name":"userId","value":"Automation_208086670_Individual","metatype":"operational"},{"name":"salesChannel","value":"CallCenter","metatype":"operational"},{"name":"csrId","value":"csrId","metatype":"operational"},{"name":"changeDate","value":"Tue Sep 18 09:40:48 GMT 2018","metatype":"operational"},{"name":"originalSalesChannel","value":"CallCenter","metatype":"operational"}],"validFor":{"startDateTime":"2018-09-18T09:40:48Z","endDateTime":"2020-09-18T09:40:48Z"},"freezeDate":null,"impactType":null,"policyId":"ab09e5d788094c348a64b4f104e17167"}],"modifyReason":[],"readOnly":false,"payment":[],"characteristicMetadata":[{"name":"userId","value":"Automation_208086670_Individual","metatype":"operational"},{"name":"salesChannel","value":"CallCenter","metatype":"operational"},{"name":"csrId","value":"csrId","metatype":"operational"},{"name":"changeDate","value":"Tue Sep 18 09:40:48 GMT 2018","metatype":"operational"},{"name":"originalSalesChannel","value":"CallCenter","metatype":"operational"}],"relatedImmediatePromotion":[{"id":"9cc193d9-8e9f-45a3-9d34-289c56d16da5","itemQualificationType":"benefit"}],"extensions":{},"stock":[],"stockReservation":[]},{"id":"ProductOrder_04141405-5455-445b-8288-a22088a20c05_OrderItem_15414551-0110-4018-8a20-020a800a1a90","action":"add","state":"Draft","quantity":1,"externalId":null,"completionDate":null,"requestedStartDate":null,"requestedCompletionDate":"2018-09-18T09:40:48Z","retroactiveChangeDate":null,"itemPrice":[{"id":"fb5e011d74b7439fbd82cc9bccb71a4a","name":"SIM Fee","description":"SIM Card at $9.99","unitOfMeasure":null,"recurringChargePeriod":null,"priceType":"OC","price":{"taxIncludedAmount":{"unit":"USD","value":10.989},"dutyFreeAmount":{"unit":"USD","value":9.99},"taxRate":10,"percentage":null,"priceReduction":null,"taxAmount":{"unit":"USD","value":0.999}},"finalPrice":{"taxIncludedAmount":{"unit":"USD","value":10.989},"dutyFreeAmount":{"unit":"USD","value":9.99},"taxRate":10,"percentage":null,"priceReduction":null,"taxAmount":{"unit":"USD","value":0.999}},"standalonePrice":null,"priceAlteration":[],"billingAccount":null,"immediatePayOption":{"payOption":"Mandatory","payAmount":null,"minPayAmount":null,"payImmediately":true}}],"itemTotalPrice":[{"id":null,"name":null,"description":null,"unitOfMeasure":null,"recurringChargePeriod":null,"priceType":"OC","price":{"taxIncludedAmount":{"unit":"USD","value":10.989},"dutyFreeAmount":{"unit":"USD","value":9.99},"taxRate":10,"percentage":null,"priceReduction":null,"taxAmount":{"unit":"USD","value":0.999}},"finalPrice":{"taxIncludedAmount":{"unit":"USD","value":10.989},"dutyFreeAmount":{"unit":"USD","value":9.99},"taxRate":10,"percentage":null,"priceReduction":null,"taxAmount":{"unit":"USD","value":0.999}},"standalonePrice":{"taxIncludedAmount":{"unit":"USD","value":10.989},"dutyFreeAmount":{"unit":"USD","value":9.99},"taxRate":10,"percentage":null,"priceReduction":null,"taxAmount":{"unit":"USD","value":0.999}},"priceAlteration":[],"billingAccount":null,"immediatePayOption":{"payOption":null,"payAmount":null,"minPayAmount":null,"payImmediately":true}}],"orderItemRelationship":[],"productOffering":{"id":"c5b9e16076fe4faaaace5c7d0cbe0d9b","name":"SIM Card","href":"/v2/productOffering/c5b9e16076fe4faaaace5c7d0cbe0d9b","type":"SIM","serialized":null,"version":null,"attachment":[],"valueRank":null,"durationPolicy":null},"product":{"id":null,"version":null,"href":"/v2/productRefOrValue/","name":null,"status":null,"primaryProductId":null,"actionDate":null,"relatedParty":[],"productOrderRef":null,"productSpecification":[],"characteristic":[{"name":"Available_Shipping_Options","value":"Standard_Post","localizedName":"Available Shipping Options","characteristicMetadata":[{"name":"userId","value":"Automation_208086670_Individual","metatype":"operational"},{"name":"salesChannel","value":"CallCenter","metatype":"operational"},{"name":"csrId","value":"csrId","metatype":"operational"},{"name":"changeDate","value":"Tue Sep 18 09:40:48 GMT 2018","metatype":"operational"},{"name":"originalSalesChannel","value":"CallCenter","metatype":"operational"}]}],"place":[],"productRelationship":[{"type":"bundled","product":{"id":null,"version":null,"href":null,"name":null,"status":null,"primaryProductId":null,"actionDate":null,"relatedParty":[],"productOrderRef":null,"productSpecification":[{"id":"18cbc707510f4c93b94f552011e3af3c","href":null,"name":"SIM","type":"SIM"}],"characteristic":[{"name":"SIM_Type","value":"Nano_SIM","localizedName":"SIM Type","characteristicMetadata":[{"name":"userId","value":"Automation_208086670_Individual","metatype":"operational"},{"name":"salesChannel","value":"CallCenter","metatype":"operational"},{"name":"csrId","value":"csrId","metatype":"operational"},{"name":"changeDate","value":"Tue Sep 18 09:40:48 GMT 2018","metatype":"operational"},{"name":"originalSalesChannel","value":"CallCenter","metatype":"operational"}]},{"name":"Delivery_Method","value":"Indirect_Delivery_Shipping","localizedName":"Delivery Method","characteristicMetadata":[{"name":"userId","value":"Automation_208086670_Individual","metatype":"operational"},{"name":"salesChannel","value":"CallCenter","metatype":"operational"},{"name":"csrId","value":"csrId","metatype":"operational"},{"name":"changeDate","value":"Tue Sep 18 09:40:48 GMT 2018","metatype":"operational"},{"name":"originalSalesChannel","value":"CallCenter","metatype":"operational"}]}],"place":[],"productRelationship":[{"type":"enabledBy","product":{"id":null,"version":null,"href":null,"name":null,"status":null,"primaryProductId":null,"actionDate":null,"relatedParty":[],"productOrderRef":null,"productSpecification":[],"characteristic":[],"place":[],"productRelationship":[],"referenceId":"e930ebb5-ee01-4c6d-a8ac-8d7bc4cef1ee","terminationDate":null,"activationDate":null}}],"referenceId":"0503e169-f830-4610-81a2-1a229005030f","terminationDate":null,"activationDate":null}}],"referenceId":"8fb663ae-6985-426b-84dc-9a0f740642f0","terminationDate":null,"activationDate":null},"billingAccount":null,"appointment":null,"orderItem":[],"productOfferingGroupOption":null,"orderTerm":[],"modifyReason":[],"readOnly":false,"payment":[],"characteristicMetadata":[{"name":"userId","value":"Automation_208086670_Individual","metatype":"operational"},{"name":"salesChannel","value":"CallCenter","metatype":"operational"},{"name":"csrId","value":"csrId","metatype":"operational"},{"name":"changeDate","value":"Tue Sep 18 09:40:48 GMT 2018","metatype":"operational"},{"name":"originalSalesChannel","value":"CallCenter","metatype":"operational"}],"relatedImmediatePromotion":[],"extensions":{},"stock":[],"stockReservation":[]}],"productOfferingGroupOption":null,"orderTerm":[{"name":"NXT_Smart_commitment_for_24_months","type":"COMMITMENT","duration":{"amount":24,"units":"Month"},"attachment":[],"characteristicMetadata":[{"name":"userId","value":"Automation_208086670_Individual","metatype":"operational"},{"name":"salesChannel","value":"CallCenter","metatype":"operational"},{"name":"csrId","value":"csrId","metatype":"operational"},{"name":"changeDate","value":"Tue Sep 18 09:40:48 GMT 2018","metatype":"operational"},{"name":"originalSalesChannel","value":"CallCenter","metatype":"operational"}],"validFor":{"startDateTime":"2018-09-18T09:40:48Z","endDateTime":"2020-09-18T09:40:48Z"},"freezeDate":null,"impactType":null,"policyId":"ab09e5d788094c348a64b4f104e17167"}],"modifyReason":[{"id":"d6dc5055-e574-486f-ac60-afbb3b717073","name":"Customer Request","reasonText":"Customer Request","action":"Add"}],"readOnly":false,"payment":[],"characteristicMetadata":[{"name":"userId","value":"Automation_208086670_Individual","metatype":"operational"},{"name":"salesChannel","value":"CallCenter","metatype":"operational"},{"name":"csrId","value":"csrId","metatype":"operational"},{"name":"changeDate","value":"Tue Sep 18 09:40:48 GMT 2018","metatype":"operational"},{"name":"originalSalesChannel","value":"CallCenter","metatype":"operational"}],"relatedImmediatePromotion":[{"id":"9cc193d9-8e9f-45a3-9d34-289c56d16da5","itemQualificationType":"trigger"}],"extensions":{},"stock":[],"stockReservation":[]}],"orderTotalPrice":[{"id":null,"name":null,"description":null,"unitOfMeasure":null,"recurringChargePeriod":null,"priceType":"RC","price":{"taxIncludedAmount":{"unit":"USD","value":33.0},"dutyFreeAmount":{"unit":"USD","value":30},"taxRate":10,"percentage":null,"priceReduction":null,"taxAmount":{"unit":"USD","value":3.0}},"finalPrice":{"taxIncludedAmount":{"unit":"USD","value":31.9},"dutyFreeAmount":{"unit":"USD","value":29},"taxRate":10,"percentage":null,"priceReduction":null,"taxAmount":{"unit":"USD","value":2.9}},"standalonePrice":{"taxIncludedAmount":{"unit":"USD","value":33.0},"dutyFreeAmount":{"unit":"USD","value":30},"taxRate":10,"percentage":null,"priceReduction":null,"taxAmount":{"unit":"USD","value":3.0}},"priceAlteration":[{"name":null,"description":null,"unitOfMeasure":null,"recurringChargePeriod":null,"priceType":"RC","applicationDuration":null,"priority":null,"alterationType":"Promotion Price Alteration","promotionActionId":null,"promotionInstanceId":null,"alterationProductOfferingPriceId":null,"alterationBundleProductOfferingId":null,"price":{"taxIncludedAmount":null,"dutyFreeAmount":{"unit":"USD","value":1},"taxRate":null,"percentage":null,"priceReduction":null,"taxAmount":null}}],"billingAccount":null,"immediatePayOption":null},{"id":null,"name":null,"description":null,"unitOfMeasure":null,"recurringChargePeriod":null,"priceType":"OC","price":{"taxIncludedAmount":{"unit":"USD","value":5.489},"dutyFreeAmount":{"unit":"USD","value":4.99},"taxRate":10,"percentage":null,"priceReduction":null,"taxAmount":{"unit":"USD","value":0.499}},"finalPrice":{"taxIncludedAmount":{"unit":"USD","value":5.489},"dutyFreeAmount":{"unit":"USD","value":4.99},"taxRate":10,"percentage":null,"priceReduction":null,"taxAmount":{"unit":"USD","value":0.499}},"standalonePrice":{"taxIncludedAmount":{"unit":"USD","value":5.489},"dutyFreeAmount":{"unit":"USD","value":4.99},"taxRate":10,"percentage":null,"priceReduction":null,"taxAmount":{"unit":"USD","value":0.499}},"priceAlteration":[],"billingAccount":null,"immediatePayOption":null},{"id":null,"name":null,"description":null,"unitOfMeasure":null,"recurringChargePeriod":null,"priceType":"OC","price":{"taxIncludedAmount":{"unit":"USD","value":10.989},"dutyFreeAmount":{"unit":"USD","value":9.99},"taxRate":10,"percentage":null,"priceReduction":null,"taxAmount":{"unit":"USD","value":0.999}},"finalPrice":{"taxIncludedAmount":{"unit":"USD","value":10.989},"dutyFreeAmount":{"unit":"USD","value":9.99},"taxRate":10,"percentage":null,"priceReduction":null,"taxAmount":{"unit":"USD","value":0.999}},"standalonePrice":{"taxIncludedAmount":{"unit":"USD","value":10.989},"dutyFreeAmount":{"unit":"USD","value":9.99},"taxRate":10,"percentage":null,"priceReduction":null,"taxAmount":{"unit":"USD","value":0.999}},"priceAlteration":[],"billingAccount":null,"immediatePayOption":{"payOption":null,"payAmount":null,"minPayAmount":null,"payImmediately":true}}],"channel":[{"id":"CallCenter","href":null,"name":"CallCenter"}],"orderRelationship":[],"controlFields":{"createdBy":"Automation_208086670_Individual","createdOn":"2018-09-18T09:40:48Z","lastModifiedBy":"Automation_208086670_Individual","lastModifiedOn":"2018-09-18T09:40:48Z"},"validation":null,"payment":[],"immediatePromotion":[{"id":"9cc193d9-8e9f-45a3-9d34-289c56d16da5","promotion":{"id":"c304f5d01ae64244bdc4951b0aa12f59","name":"Mobile Smart Plan or International Free discount","description":"CROSS-14615 Use Case #4: Discount on Mobile Smart Plan or International Free in Mobile Smart bundle","validFor":{"startDateTime":"2017-01-01T00:00:00Z","endDateTime":"2028-09-12T01:16:08.168Z"},"href":null},"triggerItem":[{"id":"ProductOrder_04141405-5455-445b-8288-a22088a20c05_OrderItem_05151540-1445-4507-8220-2aa8a2001abd","itemType":"order","href":null,"promotionCriteriaGroupId":"1432","pathToRoot":"/ProductOrder_04141405-5455-445b-8288-a22088a20c05_OrderItem_00510515-5404-4046-8aaa-028080aa1896/ProductOrder_04141405-5455-445b-8288-a22088a20c05_OrderItem_05151540-1445-4507-8220-2aa8a2001abd"},{"id":"ProductOrder_04141405-5455-445b-8288-a22088a20c05_OrderItem_00510515-5404-4046-8aaa-028080aa1896","itemType":"order","href":null,"promotionCriteriaGroupId":"1412","pathToRoot":"/ProductOrder_04141405-5455-445b-8288-a22088a20c05_OrderItem_00510515-5404-4046-8aaa-028080aa1896"}],"benefitItem":[{"id":"ProductOrder_04141405-5455-445b-8288-a22088a20c05_OrderItem_05151540-1445-4507-8220-2aa8a2001abd","itemType":"order","promotionCriteriaGroupId":"1432","pathToRoot":"/ProductOrder_04141405-5455-445b-8288-a22088a20c05_OrderItem_00510515-5404-4046-8aaa-028080aa1896/ProductOrder_04141405-5455-445b-8288-a22088a20c05_OrderItem_05151540-1445-4507-8220-2aa8a2001abd","href":null,"action":[{"id":null,"name":null,"description":null,"actionType":"Price Allteration","actionValue":0,"duration":null,"promotionPriceAlteration":{"id":"ab7b78de754443eabb1a7d802de8862e"}}]}]}],"extensions":{},"isCustomerVisible":true}]]>
            </line>
            <line>
              <![CDATA[</div>]]>
            </line>
            <line>
              <![CDATA[</div>]]>
            </line>
            <line>
              <![CDATA[</div>]]>
            </line>
            <line>
              <![CDATA[</div>]]>
            </line>
            <line>
              <![CDATA[</td>]]>
            </line>
            <line>
              <![CDATA[</tr>]]>
            </line>
            <line>
              <![CDATA[<tr class="table-success"><td colspan="2">Response status: expected=200 actual=200; Value: true</td></tr>]]>
            </line>
            <line>
              <![CDATA[<tr><td class="text-dark font-weight-bold">Context Attribute [eTag] Set  </td><td class="" > ProductOrder_04141405-5455-445b-8288-a22088a20c05=1537263647858950144 </td></tr>]]>
            </line>
            <line>
              <![CDATA[<tr><td class="text-dark font-weight-bold">Context Attribute [OrderID] Set  </td><td class="" > ProductOrder_04141405-5455-445b-8288-a22088a20c05 </td></tr>]]>
            </line>
            <line>
              <![CDATA[<tr><td class="text-dark font-weight-bold">Context Attribute [OrderItem] Set  </td><td class="" > ProductOrder_04141405-5455-445b-8288-a22088a20c05_OrderItem_00510515-5404-4046-8aaa-028080aa1896 </td></tr>]]>
            </line>
            <line>
              <![CDATA[<tr><td class="text-dark font-weight-bold">Context Attribute [OrderItem1] Set  </td><td class="" > ProductOrder_04141405-5455-445b-8288-a22088a20c05_OrderItem_05151540-1445-4507-8220-2aa8a2001abd </td></tr>]]>
            </line>
            <line>
              <![CDATA[<tr><td class="text-dark font-weight-bold">Context Attribute [requestedCompletionDate] Set  </td><td class="" > 2018-09-18T09:40:48Z </td></tr>]]>
            </line>
          </reporter-output>
        </test-method> <!-- retreiveOrder -->
      </class> <!-- productordering.ProductOrderingRetreiveOrder -->
    </test> <!-- PRODUCT-ORDER-MS_CreateOrder_NXT_SMart-DefaultConfiguration -->
    <test name="PRODUCT-ORDER-MS_CreateOrder_Device_SamsungGalaxyS6128GBWhitePerl" duration-ms="1742" started-at="2018-09-18T09:40:50Z" finished-at="2018-09-18T09:40:52Z">
      <class name="productordering.ProductOrderingCreateOrder">
        <test-method status="PASS" signature="beforeTestMethodToSkipIfPreviousTestFailed(org.testng.ITestContext)[pri:0, instance:productordering.ProductOrderingCreateOrder@1877ab81]" name="beforeTestMethodToSkipIfPreviousTestFailed" is-config="true" duration-ms="0" started-at="2018-09-18T15:10:50Z" finished-at="2018-09-18T15:10:50Z">
          <params>
            <param index="0">
              <value>
                <![CDATA[org.testng.TestRunner@599f571f]]>
              </value>
            </param>
          </params>
          <reporter-output>
          </reporter-output>
        </test-method> <!-- beforeTestMethodToSkipIfPreviousTestFailed -->
        <test-method status="PASS" signature="createOrderWith_DefaultConfiguration(java.lang.String, java.lang.String, java.lang.String, java.lang.String, java.lang.String, java.lang.String, org.testng.ITestContext)[pri:0, instance:productordering.ProductOrderingCreateOrder@1877ab81]" name="createOrderWith_DefaultConfiguration" duration-ms="1038" started-at="2018-09-18T15:10:50Z" finished-at="2018-09-18T15:10:51Z">
          <params>
            <param index="0">
              <value>
                <![CDATA[Customer_000000000]]>
              </value>
            </param>
            <param index="1">
              <value>
                <![CDATA[e5790aab9f5840a593a0bfc262eddaa5]]>
              </value>
            </param>
            <param index="2">
              <value>
                <![CDATA[CC]]>
              </value>
            </param>
            <param index="3">
              <value>
                <![CDATA[CallCenter]]>
              </value>
            </param>
            <param index="4">
              <value>
                <![CDATA[fit]]>
              </value>
            </param>
            <param index="5">
              <value>
                <![CDATA[Automatic]]>
              </value>
            </param>
            <param index="6">
              <value>
                <![CDATA[org.testng.TestRunner@599f571f]]>
              </value>
            </param>
          </params>
          <reporter-output>
            <line>
              <![CDATA[<tr class="table-warning"><td colspan="2">removeAttribute OrderID from test/suite context</td></tr>]]>
            </line>
            <line>
              <![CDATA[<tr class="table-info"><td class="text-dark font-weight-bold">Request Type </td><td class="" >POST</td></tr>]]>
            </line>
            <line>
              <![CDATA[<tr><td class="text-dark font-weight-bold">URI </td><td class="" > http://ilocpde01w02.corp.amdocs.com:30538/productOrdering/v2/productOrder </td></tr>]]>
            </line>
            <line>
              <![CDATA[<tr><td class="text-dark font-weight-bold" colspan="2">Headers : </td></tr>]]>
            </line>
            <line>
              <![CDATA[<tr>]]>
            </line>
            <line>
              <![CDATA[<td class="text-dark font-weight-bold" >Authorization :</td>]]>
            </line>
            <line>
              <![CDATA[<td class="" >]]>
            </line>
            <line>
              <![CDATA[<a href="" class="alert-link" data-toggle="modal" data-target="#rest_assured_logger_modal_value_49">Show</a>]]>
            </line>
            <line>
              <![CDATA[<div class="modal fade"  id="rest_assured_logger_modal_value_49" tabindex="-1" role="dialog">]]>
            </line>
            <line>
              <![CDATA[<div class="modal-dialog" role="document">]]>
            </line>
            <line>
              <![CDATA[<div class="modal-content">]]>
            </line>
            <line>
              <![CDATA[<div class="modal-header text-white bg-info">]]>
            </line>
            <line>
              <![CDATA[<h5 class="modal-title" id="title1">Authorization</h5>]]>
            </line>
            <line>
              <![CDATA[<span class="h6 text-light ml-2 mt-2">(click on the Text to copy)</span>]]>
            </line>
            <line>
              <![CDATA[<button type="button" class="close" data-dismiss="modal" aria-label="Close">]]>
            </line>
            <line>
              <![CDATA[<span aria-hidden="true">&times;</span>]]>
            </line>
            <line>
              <![CDATA[</button>]]>
            </line>
            <line>
              <![CDATA[</div>]]>
            </line>
            <line>
              <![CDATA[<div onClick="copyMePlease(this)" class="modal-body">]]>
            </line>
            <line>
              <![CDATA[Bearer eyJ4NXQjUzI1NiI6IkxEbGVvYldaYmVZcG9pb0Q0R1hrMWp3US8rUWd1MUs1eXNzQ1JpN3BtelE9IiwidHlwIjoiSldUIiwiYWxnIjoiUlMyNTYifQ.eyJzdWIiOiJBdXRvbWF0aW9uXzIwODA4NjY3MF9JbmRpdmlkdWFsIiwiY3NySWQiOiJjc3JJZCIsInJvbGVzIjpbIkdldEluZGl2aWR1YWwiLCJVcGRhdGVJbmRpdmlkdWFsIiwiQ2F0YWxvZ09uZS5pbXBvcnRlciIsIkdldEN1c3RvbWVyIiwiRGVsZXRlQ3JlZGl0UHJvZmlsZSIsIlByb2R1Y3RPcmRlckxhdW5jaGVyUmVhZCIsIkFwcFRlc3RlclJvbGUiLCJQcm9kdWN0T3JkZXJMYXVuY2hlckNyZWF0ZSIsIkNyZWF0ZVBheW1lbnRNZXRob2QiLCJvcmRlckNoYW5nZU93bmVyc2hpcCIsIlBBUC1QVSIsIlJldHJpZXZlQ3VzdG9tZXIiLCJBbm9ueW1vdXNVc2VyUm9sZSIsIlBBUC1Db21tb24iLCJXcml0ZSIsIlByb2R1Y3RPcmRlckxhdW5jaGVyVXBkYXRlIiwiQWRkUmVsYXRlZFBhcnR5IiwiQ3JlYXRlQ3VzdG9tZXIiLCJDcmVhdGVJbmRpdmlkdWFsIiwiU2VhcmNoSW5kaXZpZHVhbCIsIkdldEN1c3RvbWVyRW50aXR5IiwiVXBkYXRlQ3JlZGl0UHJvZmlsZSIsIkNoYW5nZU93bmVyc2hpcFJvbGUiLCJBc21TZXJ2aWNlc0FwcElkZW50aXR5IiwiRGVsZXRlSW5kaXZpZHVhbCIsImNzciIsIlJldHJpZXZlQ3VzdG9tZXJFbnRpdHkiLCJFdmFsdWF0ZUNyZWRpdFByb2ZpbGUiLCJSZXRyZWl2ZVBheW1lbnRNZXRob2QiLCJQcm9kdWN0T3JkZXJMYXVuY2hlckRlbGV0ZSIsIlJldHJpZXZlSW5kaXZpZHVhbCIsIlNUUy1Db21tb24iLCJDcmVhdGVDdXN0b21lckVudGl0eSJdLCJjdXN0b21lcklkIjoiQ3VzdG9tZXJfNDAzMDYiLCJpc3MiOiJBM1Nab25lMUBBM1MuYW1kb2NzLmNvbSIsIm9pdCI6MTUzNzI2MzY0NSwic2FsZXNDaGFubmVsIjoiQ2FsbENlbnRlciIsImV4cCI6MTUzNzI3MDg0NSwiaWF0IjoxNTM3MjYzNjQ1LCJ0dGwiOjE1MzcyOTI0NDUsImp0aSI6Ijc0ZTE5NWFjNzQ1MGZhNjU5ZTI1MDEzNGZjN2JhYTllN2Y4ZTQ4ZmJjNmEzMDM1MjAzZjcyZWIwYzJiNjIwNDAifQ.SJEglfX2g31q71slR0icYEu484uS8aOetkvVbn5lS4NilW3ozAVyVxhByAYP-T1DprCTn3_w8xp2AehnAzrVZ6_Hl0rvZYbhuQHNnUyw1DzullKx8-3vWs1eQhb7Q767kCVMJwteYloR6Xkk9SIiHpiyc2WuR8B0eXy2fUu55jRKSfX1nI7iTWIhAovBoS3VRkqOTl-moPZaDWHSYJExx1vqFb9U4-TC0D0F7ZIXu-gkGaPPkBOacnU1a1sqrOghEaSaBTj9idexSg2aUM8wb-8_1lXBBho6pYi3c20e4PCJkErXdysuWkgJsc29r0xje_HlmgbK4rScVlPv1zBQ8g]]>
            </line>
            <line>
              <![CDATA[</div>]]>
            </line>
            <line>
              <![CDATA[</div>]]>
            </line>
            <line>
              <![CDATA[</div>]]>
            </line>
            <line>
              <![CDATA[</div>]]>
            </line>
            <line>
              <![CDATA[</td>]]>
            </line>
            <line>
              <![CDATA[</tr>]]>
            </line>
            <line>
              <![CDATA[<tr><td class="text-dark font-weight-bold">Accept </td><td class="" > application/json </td></tr>]]>
            </line>
            <line>
              <![CDATA[<tr><td class="text-dark font-weight-bold">Custom-Header </td><td class="" > {"salesChannel":"CallCenter","customerId":"Customer_40306","sessionId":"188651131"} </td></tr>]]>
            </line>
            <line>
              <![CDATA[<tr><td class="text-dark font-weight-bold">Accept-Language </td><td class="" > en_US </td></tr>]]>
            </line>
            <line>
              <![CDATA[<tr><td class="text-dark font-weight-bold">Content-Type </td><td class="" > application/json </td></tr>]]>
            </line>
            <line>
              <![CDATA[<tr>]]>
            </line>
            <line>
              <![CDATA[<td class="text-dark font-weight-bold" >Payload :</td>]]>
            </line>
            <line>
              <![CDATA[<td class="" >]]>
            </line>
            <line>
              <![CDATA[<a href="" class="alert-link" data-toggle="modal" data-target="#rest_assured_logger_modal_value_50">Show</a>]]>
            </line>
            <line>
              <![CDATA[<div class="modal fade"  id="rest_assured_logger_modal_value_50" tabindex="-1" role="dialog">]]>
            </line>
            <line>
              <![CDATA[<div class="modal-dialog" role="document">]]>
            </line>
            <line>
              <![CDATA[<div class="modal-content">]]>
            </line>
            <line>
              <![CDATA[<div class="modal-header text-white bg-info">]]>
            </line>
            <line>
              <![CDATA[<h5 class="modal-title" id="title1">Payload</h5>]]>
            </line>
            <line>
              <![CDATA[<span class="h6 text-light ml-2 mt-2">(click on the Text to copy)</span>]]>
            </line>
            <line>
              <![CDATA[<button type="button" class="close" data-dismiss="modal" aria-label="Close">]]>
            </line>
            <line>
              <![CDATA[<span aria-hidden="true">&times;</span>]]>
            </line>
            <line>
              <![CDATA[</button>]]>
            </line>
            <line>
              <![CDATA[</div>]]>
            </line>
            <line>
              <![CDATA[<div onClick="copyMePlease(this)" class="modal-body">]]>
            </line>
            <line>
              <![CDATA[{"orderItem":[{"quantity":"1","productOffering":{"id":"e5790aab9f5840a593a0bfc262eddaa5"},"action":"Add","billingAccount":{"id":"12121"},"modifyReason":[{"reasonText":"Customer Request","name":"Customer Request","action":"Add"}]}],"channel":[{"name":"CallCenter","id":"CallCenter"}],"description":"Special Order","relatedParty":[{"role":"customer","id":"Customer_40306"}]}]]>
            </line>
            <line>
              <![CDATA[</div>]]>
            </line>
            <line>
              <![CDATA[</div>]]>
            </line>
            <line>
              <![CDATA[</div>]]>
            </line>
            <line>
              <![CDATA[</div>]]>
            </line>
            <line>
              <![CDATA[</td>]]>
            </line>
            <line>
              <![CDATA[</tr>]]>
            </line>
            <line>
              <![CDATA[<tr>]]>
            </line>
            <line>
              <![CDATA[<td class="text-dark font-weight-bold" >Response Header :</td>]]>
            </line>
            <line>
              <![CDATA[<td class="" >]]>
            </line>
            <line>
              <![CDATA[<a href="" class="alert-link" data-toggle="modal" data-target="#modal_value_17">Show</a>]]>
            </line>
            <line>
              <![CDATA[<div class="modal fade"  id="modal_value_17" tabindex="-1" role="dialog">]]>
            </line>
            <line>
              <![CDATA[<div class="modal-dialog" role="document">]]>
            </line>
            <line>
              <![CDATA[<div class="modal-content">]]>
            </line>
            <line>
              <![CDATA[<div class="modal-header text-white bg-info">]]>
            </line>
            <line>
              <![CDATA[<h5 class="modal-title" id="title1">Response Header</h5>]]>
            </line>
            <line>
              <![CDATA[<span class="h6 text-light ml-2 mt-2">(click on the Text to copy)</span>]]>
            </line>
            <line>
              <![CDATA[<button type="button" class="close" data-dismiss="modal" aria-label="Close">]]>
            </line>
            <line>
              <![CDATA[<span aria-hidden="true">&times;</span>]]>
            </line>
            <line>
              <![CDATA[</button>]]>
            </line>
            <line>
              <![CDATA[</div>]]>
            </line>
            <line>
              <![CDATA[<div onClick="copyMePlease(this)" class="modal-body">]]>
            </line>
            <line>
              <![CDATA[X-Application-Context=productorder-productorder-ms:8080
	X-DOX-TraceId=ACE5B203BECC4C42
	ETag=ProductOrder_04014544-1515-4055-80aa-8a2a8a220432=1537263649989853184
	X-Content-Type-Options=nosniff
	X-XSS-Protection=1; mode=block
	Cache-Control=no-cache, no-store, max-age=0, must-revalidate
	Pragma=no-cache
	Expires=0
	X-Frame-Options=DENY
	Content-Type=application/json;charset=UTF-8
	Transfer-Encoding=chunked
	Date=Tue, 18 Sep 2018 09:40:51 GMT]]>
            </line>
            <line>
              <![CDATA[</div>]]>
            </line>
            <line>
              <![CDATA[</div>]]>
            </line>
            <line>
              <![CDATA[</div>]]>
            </line>
            <line>
              <![CDATA[</div>]]>
            </line>
            <line>
              <![CDATA[</td>]]>
            </line>
            <line>
              <![CDATA[</tr>]]>
            </line>
            <line>
              <![CDATA[<tr>]]>
            </line>
            <line>
              <![CDATA[<td class="text-dark font-weight-bold" >Response :</td>]]>
            </line>
            <line>
              <![CDATA[<td class="" >]]>
            </line>
            <line>
              <![CDATA[<a href="" class="alert-link" data-toggle="modal" data-target="#rest_assured_logger_modal_value_51">Show</a>]]>
            </line>
            <line>
              <![CDATA[<div class="modal fade"  id="rest_assured_logger_modal_value_51" tabindex="-1" role="dialog">]]>
            </line>
            <line>
              <![CDATA[<div class="modal-dialog" role="document">]]>
            </line>
            <line>
              <![CDATA[<div class="modal-content">]]>
            </line>
            <line>
              <![CDATA[<div class="modal-header text-white bg-info">]]>
            </line>
            <line>
              <![CDATA[<h5 class="modal-title" id="title1">Response</h5>]]>
            </line>
            <line>
              <![CDATA[<span class="h6 text-light ml-2 mt-2">(click on the Text to copy)</span>]]>
            </line>
            <line>
              <![CDATA[<button type="button" class="close" data-dismiss="modal" aria-label="Close">]]>
            </line>
            <line>
              <![CDATA[<span aria-hidden="true">&times;</span>]]>
            </line>
            <line>
              <![CDATA[</button>]]>
            </line>
            <line>
              <![CDATA[</div>]]>
            </line>
            <line>
              <![CDATA[<div onClick="copyMePlease(this)" class="modal-body">]]>
            </line>
            <line>
              <![CDATA[{"id":"ProductOrder_04014544-1515-4055-80aa-8a2a8a220432","href":"/v2/productOrder/ProductOrder_04014544-1515-4055-80aa-8a2a8a220432","category":null,"priority":null,"description":"Special Order","state":"Draft","externalId":null,"orderDate":"2018-09-18T09:40:50Z","completionDate":null,"requestedStartDate":null,"requestedCompletionDate":"2018-09-18T09:40:50Z","expectedCompletionDate":null,"orderPriceDate":"2018-09-18T09:40:51.058Z","notificationContact":null,"relatedParty":[{"id":"Customer_40306","href":"/v2/relatedParty/Customer_40306","name":null,"role":"customer"}],"billingAccount":null,"orderItem":[{"id":"ProductOrder_04014544-1515-4055-80aa-8a2a8a220432_OrderItem_10101101-1055-4018-a8a2-022282821ab9","action":"add","state":"Draft","quantity":1,"externalId":null,"completionDate":null,"requestedStartDate":null,"requestedCompletionDate":"2018-09-18T09:40:50Z","retroactiveChangeDate":null,"itemPrice":[{"id":"8bf0f45cc38d4a6982c7f0c2f0012335","name":"Samsung Galaxy S6 128GB White Pearl charge","description":"SIM card charge per SIM type","unitOfMeasure":null,"recurringChargePeriod":null,"priceType":"OC","price":{"taxIncludedAmount":{"unit":"USD","value":713.9},"dutyFreeAmount":{"unit":"USD","value":649},"taxRate":10,"percentage":null,"priceReduction":null,"taxAmount":{"unit":"USD","value":64.9}},"finalPrice":{"taxIncludedAmount":{"unit":"USD","value":713.9},"dutyFreeAmount":{"unit":"USD","value":649},"taxRate":10,"percentage":null,"priceReduction":null,"taxAmount":{"unit":"USD","value":64.9}},"standalonePrice":null,"priceAlteration":[],"billingAccount":null,"immediatePayOption":{"payOption":"Mandatory","payAmount":null,"minPayAmount":null,"payImmediately":true}}],"itemTotalPrice":[{"id":null,"name":null,"description":null,"unitOfMeasure":null,"recurringChargePeriod":null,"priceType":"OC","price":{"taxIncludedAmount":{"unit":"USD","value":713.9},"dutyFreeAmount":{"unit":"USD","value":649},"taxRate":10,"percentage":null,"priceReduction":null,"taxAmount":{"unit":"USD","value":64.9}},"finalPrice":{"taxIncludedAmount":{"unit":"USD","value":713.9},"dutyFreeAmount":{"unit":"USD","value":649},"taxRate":10,"percentage":null,"priceReduction":null,"taxAmount":{"unit":"USD","value":64.9}},"standalonePrice":{"taxIncludedAmount":{"unit":"USD","value":713.9},"dutyFreeAmount":{"unit":"USD","value":649},"taxRate":10,"percentage":null,"priceReduction":null,"taxAmount":{"unit":"USD","value":64.9}},"priceAlteration":[],"billingAccount":null,"immediatePayOption":{"payOption":null,"payAmount":null,"minPayAmount":null,"payImmediately":true}}],"orderItemRelationship":[],"productOffering":{"id":"e5790aab9f5840a593a0bfc262eddaa5","name":"Samsung Galaxy S6 128GB White Pearl","href":"/v2/productOffering/e5790aab9f5840a593a0bfc262eddaa5","type":"Mobile_Device","serialized":null,"version":null,"attachment":[],"valueRank":65,"durationPolicy":null},"product":{"id":null,"version":null,"href":"/v2/productRefOrValue/","name":null,"status":null,"primaryProductId":null,"actionDate":null,"relatedParty":[],"productOrderRef":null,"productSpecification":[],"characteristic":[{"name":"Available_Shipping_Options","value":"Courier","localizedName":"Available Shipping Options","characteristicMetadata":[{"name":"userId","value":"Automation_208086670_Individual","metatype":"operational"},{"name":"salesChannel","value":"CallCenter","metatype":"operational"},{"name":"csrId","value":"csrId","metatype":"operational"},{"name":"changeDate","value":"Tue Sep 18 09:40:50 GMT 2018","metatype":"operational"},{"name":"originalSalesChannel","value":"CallCenter","metatype":"operational"}]},{"name":"Plan_Options","value":"With_Plan","localizedName":"Plan Options","characteristicMetadata":[{"name":"userId","value":"Automation_208086670_Individual","metatype":"operational"},{"name":"salesChannel","value":"CallCenter","metatype":"operational"},{"name":"csrId","value":"csrId","metatype":"operational"},{"name":"changeDate","value":"Tue Sep 18 09:40:50 GMT 2018","metatype":"operational"},{"name":"originalSalesChannel","value":"CallCenter","metatype":"operational"}]},{"name":"Purchase_Options","value":"Installments","localizedName":"Purchase Options","characteristicMetadata":[{"name":"userId","value":"Automation_208086670_Individual","metatype":"operational"},{"name":"salesChannel","value":"CallCenter","metatype":"operational"},{"name":"csrId","value":"csrId","metatype":"operational"},{"name":"changeDate","value":"Tue Sep 18 09:40:50 GMT 2018","metatype":"operational"},{"name":"originalSalesChannel","value":"CallCenter","metatype":"operational"}]}],"place":[],"productRelationship":[{"type":"bundled","product":{"id":null,"version":null,"href":null,"name":null,"status":null,"primaryProductId":null,"actionDate":null,"relatedParty":[],"productOrderRef":null,"productSpecification":[{"id":"b70c936af809406d9259971e14314f0d","href":null,"name":"Samsung Galaxy S6 128GB White Pearl","type":"Mobile Device"}],"characteristic":[{"name":"Brand","value":"Samsung","localizedName":"Brand","characteristicMetadata":[{"name":"userId","value":"Automation_208086670_Individual","metatype":"operational"},{"name":"salesChannel","value":"CallCenter","metatype":"operational"},{"name":"csrId","value":"csrId","metatype":"operational"},{"name":"changeDate","value":"Tue Sep 18 09:40:50 GMT 2018","metatype":"operational"},{"name":"originalSalesChannel","value":"CallCenter","metatype":"operational"}]},{"name":"Model","value":"Galaxy_S6","localizedName":"Model","characteristicMetadata":[{"name":"userId","value":"Automation_208086670_Individual","metatype":"operational"},{"name":"salesChannel","value":"CallCenter","metatype":"operational"},{"name":"csrId","value":"csrId","metatype":"operational"},{"name":"changeDate","value":"Tue Sep 18 09:40:50 GMT 2018","metatype":"operational"},{"name":"originalSalesChannel","value":"CallCenter","metatype":"operational"}]},{"name":"Device_Type","value":"Smartphone","localizedName":"Device Type","characteristicMetadata":[{"name":"userId","value":"Automation_208086670_Individual","metatype":"operational"},{"name":"salesChannel","value":"CallCenter","metatype":"operational"},{"name":"csrId","value":"csrId","metatype":"operational"},{"name":"changeDate","value":"Tue Sep 18 09:40:50 GMT 2018","metatype":"operational"},{"name":"originalSalesChannel","value":"CallCenter","metatype":"operational"}]},{"name":"SIM_Type","value":"Nano_SIM","localizedName":"SIM Type","characteristicMetadata":[{"name":"userId","value":"Automation_208086670_Individual","metatype":"operational"},{"name":"salesChannel","value":"CallCenter","metatype":"operational"},{"name":"csrId","value":"csrId","metatype":"operational"},{"name":"changeDate","value":"Tue Sep 18 09:40:50 GMT 2018","metatype":"operational"},{"name":"originalSalesChannel","value":"CallCenter","metatype":"operational"}]},{"name":"Warranty_Duration","value":"12","localizedName":"Warranty Duration","characteristicMetadata":[{"name":"userId","value":"Automation_208086670_Individual","metatype":"operational"},{"name":"salesChannel","value":"CallCenter","metatype":"operational"},{"name":"csrId","value":"csrId","metatype":"operational"},{"name":"changeDate","value":"Tue Sep 18 09:40:50 GMT 2018","metatype":"operational"},{"name":"originalSalesChannel","value":"CallCenter","metatype":"operational"}]},{"name":"Color","value":"White_Pearl","localizedName":"Color","characteristicMetadata":[{"name":"userId","value":"Automation_208086670_Individual","metatype":"operational"},{"name":"salesChannel","value":"CallCenter","metatype":"operational"},{"name":"csrId","value":"csrId","metatype":"operational"},{"name":"changeDate","value":"Tue Sep 18 09:40:50 GMT 2018","metatype":"operational"},{"name":"originalSalesChannel","value":"CallCenter","metatype":"operational"}]},{"name":"Weight","value":"138_gr","localizedName":"Weight","characteristicMetadata":[{"name":"userId","value":"Automation_208086670_Individual","metatype":"operational"},{"name":"salesChannel","value":"CallCenter","metatype":"operational"},{"name":"csrId","value":"csrId","metatype":"operational"},{"name":"changeDate","value":"Tue Sep 18 09:40:50 GMT 2018","metatype":"operational"},{"name":"originalSalesChannel","value":"CallCenter","metatype":"operational"}]},{"name":"Operating_System","value":"Android","localizedName":"Operating System","characteristicMetadata":[{"name":"userId","value":"Automation_208086670_Individual","metatype":"operational"},{"name":"salesChannel","value":"CallCenter","metatype":"operational"},{"name":"csrId","value":"csrId","metatype":"operational"},{"name":"changeDate","value":"Tue Sep 18 09:40:50 GMT 2018","metatype":"operational"},{"name":"originalSalesChannel","value":"CallCenter","metatype":"operational"}]},{"name":"Memory_Size","value":"128GB","localizedName":"Memory Size","characteristicMetadata":[{"name":"userId","value":"Automation_208086670_Individual","metatype":"operational"},{"name":"salesChannel","value":"CallCenter","metatype":"operational"},{"name":"csrId","value":"csrId","metatype":"operational"},{"name":"changeDate","value":"Tue Sep 18 09:40:50 GMT 2018","metatype":"operational"},{"name":"originalSalesChannel","value":"CallCenter","metatype":"operational"}]},{"name":"Screen_Size","value":"5.1_in","localizedName":"Screen Size","characteristicMetadata":[{"name":"userId","value":"Automation_208086670_Individual","metatype":"operational"},{"name":"salesChannel","value":"CallCenter","metatype":"operational"},{"name":"csrId","value":"csrId","metatype":"operational"},{"name":"changeDate","value":"Tue Sep 18 09:40:50 GMT 2018","metatype":"operational"},{"name":"originalSalesChannel","value":"CallCenter","metatype":"operational"}]},{"name":"Delivery_Method","value":"Indirect_Delivery_Shipping","localizedName":"Delivery Method","characteristicMetadata":[{"name":"userId","value":"Automation_208086670_Individual","metatype":"operational"},{"name":"salesChannel","value":"CallCenter","metatype":"operational"},{"name":"csrId","value":"csrId","metatype":"operational"},{"name":"changeDate","value":"Tue Sep 18 09:40:50 GMT 2018","metatype":"operational"},{"name":"originalSalesChannel","value":"CallCenter","metatype":"operational"}]},{"name":"SKU","value":"10055GLXY6128WP","localizedName":"SKU","characteristicMetadata":[{"name":"userId","value":"Automation_208086670_Individual","metatype":"operational"},{"name":"salesChannel","value":"CallCenter","metatype":"operational"},{"name":"csrId","value":"csrId","metatype":"operational"},{"name":"changeDate","value":"Tue Sep 18 09:40:50 GMT 2018","metatype":"operational"},{"name":"originalSalesChannel","value":"CallCenter","metatype":"operational"}]},{"name":"Size","value":"143.4x70.5x6.8","localizedName":"Size","characteristicMetadata":[{"name":"userId","value":"Automation_208086670_Individual","metatype":"operational"},{"name":"salesChannel","value":"CallCenter","metatype":"operational"},{"name":"csrId","value":"csrId","metatype":"operational"},{"name":"changeDate","value":"Tue Sep 18 09:40:50 GMT 2018","metatype":"operational"},{"name":"originalSalesChannel","value":"CallCenter","metatype":"operational"}]},{"name":"CameraResolution","value":"16","localizedName":"Camera Resolution","characteristicMetadata":[{"name":"userId","value":"Automation_208086670_Individual","metatype":"operational"},{"name":"salesChannel","value":"CallCenter","metatype":"operational"},{"name":"csrId","value":"csrId","metatype":"operational"},{"name":"changeDate","value":"Tue Sep 18 09:40:50 GMT 2018","metatype":"operational"},{"name":"originalSalesChannel","value":"CallCenter","metatype":"operational"}]}],"place":[],"productRelationship":[],"referenceId":"fbf44732-1788-4944-a7e9-d1728fa4b57d","terminationDate":null,"activationDate":null}}],"referenceId":"b412eb1b-0c60-462c-af4a-edb00d1476ff","terminationDate":null,"activationDate":null},"billingAccount":{"id":"12121","href":"''/v2/TBA/12121","name":null},"appointment":null,"orderItem":[],"productOfferingGroupOption":null,"orderTerm":[],"modifyReason":[{"id":"9bd7af64-64d5-4746-85e5-5852e17d72ab","name":"Customer Request","reasonText":"Customer Request","action":"Add"}],"readOnly":false,"payment":[],"characteristicMetadata":[{"name":"userId","value":"Automation_208086670_Individual","metatype":"operational"},{"name":"salesChannel","value":"CallCenter","metatype":"operational"},{"name":"csrId","value":"csrId","metatype":"operational"},{"name":"changeDate","value":"Tue Sep 18 09:40:50 GMT 2018","metatype":"operational"},{"name":"originalSalesChannel","value":"CallCenter","metatype":"operational"}],"relatedImmediatePromotion":[],"extensions":{},"stock":[],"stockReservation":[]}],"orderTotalPrice":[{"id":null,"name":null,"description":null,"unitOfMeasure":null,"recurringChargePeriod":null,"priceType":"OC","price":{"taxIncludedAmount":{"unit":"USD","value":713.9},"dutyFreeAmount":{"unit":"USD","value":649},"taxRate":10,"percentage":null,"priceReduction":null,"taxAmount":{"unit":"USD","value":64.9}},"finalPrice":{"taxIncludedAmount":{"unit":"USD","value":713.9},"dutyFreeAmount":{"unit":"USD","value":649},"taxRate":10,"percentage":null,"priceReduction":null,"taxAmount":{"unit":"USD","value":64.9}},"standalonePrice":{"taxIncludedAmount":{"unit":"USD","value":713.9},"dutyFreeAmount":{"unit":"USD","value":649},"taxRate":10,"percentage":null,"priceReduction":null,"taxAmount":{"unit":"USD","value":64.9}},"priceAlteration":[],"billingAccount":null,"immediatePayOption":{"payOption":null,"payAmount":null,"minPayAmount":null,"payImmediately":true}}],"channel":[{"id":"CallCenter","href":null,"name":"CallCenter"}],"orderRelationship":[],"controlFields":{"createdBy":"Automation_208086670_Individual","createdOn":"2018-09-18T09:40:51Z","lastModifiedBy":"Automation_208086670_Individual","lastModifiedOn":"2018-09-18T09:40:51Z"},"validation":null,"payment":[],"immediatePromotion":[],"extensions":{},"isCustomerVisible":true}]]>
            </line>
            <line>
              <![CDATA[</div>]]>
            </line>
            <line>
              <![CDATA[</div>]]>
            </line>
            <line>
              <![CDATA[</div>]]>
            </line>
            <line>
              <![CDATA[</div>]]>
            </line>
            <line>
              <![CDATA[</td>]]>
            </line>
            <line>
              <![CDATA[</tr>]]>
            </line>
            <line>
              <![CDATA[<tr class="table-success"><td colspan="2">Response status: expected=201 actual=201; Value: true</td></tr>]]>
            </line>
            <line>
              <![CDATA[<tr><td class="text-dark font-weight-bold">Order ID  </td><td class="" > ProductOrder_04014544-1515-4055-80aa-8a2a8a220432 </td></tr>]]>
            </line>
            <line>
              <![CDATA[<tr><td class="text-dark font-weight-bold">Context Attribute [OrderID] Set  </td><td class="" > ProductOrder_04014544-1515-4055-80aa-8a2a8a220432 </td></tr>]]>
            </line>
            <line>
              <![CDATA[<tr class="table-light"><td colspan="2">No. of OrderItems : </td></tr>]]>
            </line>
            <line>
              <![CDATA[<tr><td class="text-dark font-weight-bold">Context Attribute [OrderItem] Set  </td><td class="" > ProductOrder_04014544-1515-4055-80aa-8a2a8a220432_OrderItem_10101101-1055-4018-a8a2-022282821ab9 </td></tr>]]>
            </line>
            <line>
              <![CDATA[<tr><td class="text-dark font-weight-bold">Context Attribute [eTag] Set  </td><td class="" > ProductOrder_04014544-1515-4055-80aa-8a2a8a220432=1537263649989853184 </td></tr>]]>
            </line>
          </reporter-output>
        </test-method> <!-- createOrderWith_DefaultConfiguration -->
      </class> <!-- productordering.ProductOrderingCreateOrder -->
      <class name="amdocs.initialSetup.AutomationSetup">
        <test-method status="PASS" signature="afterSuite(org.testng.ITestContext)[pri:0, instance:amdocs.initialSetup.AutomationSetup@67205a84]" name="afterSuite" is-config="true" duration-ms="381" started-at="2018-09-18T15:10:52Z" finished-at="2018-09-18T15:10:52Z">
          <params>
            <param index="0">
              <value>
                <![CDATA[org.testng.TestRunner@599f571f]]>
              </value>
            </param>
          </params>
          <reporter-output>
            <line>
              <![CDATA[CNFT reports: C:\share\framework\order_capture_test\test-output\ctLogs]]>
            </line>
            <line>
              <![CDATA[<tr class="table-warning"><td colspan="2">Form @AfterSuite: found 1 users. Deleting all.</td></tr>]]>
            </line>
            <line>
              <![CDATA[<tr class="table-warning"><td colspan="2">Deleting logged in users. Users are: </td></tr>]]>
            </line>
            <line>
              <![CDATA[<tr class="table-warning"><td colspan="2">UserIndividualCC (Automation_208086670_Individual)</td></tr>]]>
            </line>
            <line>
              <![CDATA[<tr class="table-light"><td colspan="2">JSON file loaded successfully. File: /src/test/resources/ct/payload/A3S/User.json</td></tr>]]>
            </line>
            <line>
              <![CDATA[<tr class="table-light"><td colspan="2">JSON value updated. JSON path: $.users[0].id; Value: Automation_208086670_Individual</td></tr>]]>
            </line>
            <line>
              <![CDATA[<tr class="table-light"><td colspan="2">JSON value updated. JSON path: $.users[0].userName; Value: Automation_208086670_Individual</td></tr>]]>
            </line>
            <line>
              <![CDATA[<tr class="table-light"><td colspan="2">JSON value updated. JSON path: $.operation.createNew; Value: false</td></tr>]]>
            </line>
            <line>
              <![CDATA[<tr class="table-light"><td colspan="2">JSON value updated. JSON path: $.operation.deleteFirst; Value: true</td></tr>]]>
            </line>
            <line>
              <![CDATA[<tr class="table-light"><td colspan="2">JSON value updated. JSON path: $.operation.updateExisting; Value: false</td></tr>]]>
            </line>
            <line>
              <![CDATA[<tr class="table-info"><td class="text-dark font-weight-bold">Request Type </td><td class="" >POST</td></tr>]]>
            </line>
            <line>
              <![CDATA[<tr><td class="text-dark font-weight-bold">URI </td><td class="" > http://ilocpde01w02.corp.amdocs.com:30525/asmServices/services/v1.0/users/bulk </td></tr>]]>
            </line>
            <line>
              <![CDATA[<tr><td class="text-dark font-weight-bold" colspan="2">Headers : </td></tr>]]>
            </line>
            <line>
              <![CDATA[<tr>]]>
            </line>
            <line>
              <![CDATA[<td class="text-dark font-weight-bold" >Authorization :</td>]]>
            </line>
            <line>
              <![CDATA[<td class="" >]]>
            </line>
            <line>
              <![CDATA[<a href="" class="alert-link" data-toggle="modal" data-target="#rest_assured_logger_modal_value_55">Show</a>]]>
            </line>
            <line>
              <![CDATA[<div class="modal fade"  id="rest_assured_logger_modal_value_55" tabindex="-1" role="dialog">]]>
            </line>
            <line>
              <![CDATA[<div class="modal-dialog" role="document">]]>
            </line>
            <line>
              <![CDATA[<div class="modal-content">]]>
            </line>
            <line>
              <![CDATA[<div class="modal-header text-white bg-info">]]>
            </line>
            <line>
              <![CDATA[<h5 class="modal-title" id="title1">Authorization</h5>]]>
            </line>
            <line>
              <![CDATA[<span class="h6 text-light ml-2 mt-2">(click on the Text to copy)</span>]]>
            </line>
            <line>
              <![CDATA[<button type="button" class="close" data-dismiss="modal" aria-label="Close">]]>
            </line>
            <line>
              <![CDATA[<span aria-hidden="true">&times;</span>]]>
            </line>
            <line>
              <![CDATA[</button>]]>
            </line>
            <line>
              <![CDATA[</div>]]>
            </line>
            <line>
              <![CDATA[<div onClick="copyMePlease(this)" class="modal-body">]]>
            </line>
            <line>
              <![CDATA[Basic YTNzRGVwbG95ZXI6QTNzRGVwbG95ZXIh]]>
            </line>
            <line>
              <![CDATA[</div>]]>
            </line>
            <line>
              <![CDATA[</div>]]>
            </line>
            <line>
              <![CDATA[</div>]]>
            </line>
            <line>
              <![CDATA[</div>]]>
            </line>
            <line>
              <![CDATA[</td>]]>
            </line>
            <line>
              <![CDATA[</tr>]]>
            </line>
            <line>
              <![CDATA[<tr><td class="text-dark font-weight-bold">Accept </td><td class="" > application/json </td></tr>]]>
            </line>
            <line>
              <![CDATA[<tr><td class="text-dark font-weight-bold">Content-Type </td><td class="" > application/json </td></tr>]]>
            </line>
            <line>
              <![CDATA[<tr>]]>
            </line>
            <line>
              <![CDATA[<td class="text-dark font-weight-bold" >Payload :</td>]]>
            </line>
            <line>
              <![CDATA[<td class="" >]]>
            </line>
            <line>
              <![CDATA[<a href="" class="alert-link" data-toggle="modal" data-target="#rest_assured_logger_modal_value_56">Show</a>]]>
            </line>
            <line>
              <![CDATA[<div class="modal fade"  id="rest_assured_logger_modal_value_56" tabindex="-1" role="dialog">]]>
            </line>
            <line>
              <![CDATA[<div class="modal-dialog" role="document">]]>
            </line>
            <line>
              <![CDATA[<div class="modal-content">]]>
            </line>
            <line>
              <![CDATA[<div class="modal-header text-white bg-info">]]>
            </line>
            <line>
              <![CDATA[<h5 class="modal-title" id="title1">Payload</h5>]]>
            </line>
            <line>
              <![CDATA[<span class="h6 text-light ml-2 mt-2">(click on the Text to copy)</span>]]>
            </line>
            <line>
              <![CDATA[<button type="button" class="close" data-dismiss="modal" aria-label="Close">]]>
            </line>
            <line>
              <![CDATA[<span aria-hidden="true">&times;</span>]]>
            </line>
            <line>
              <![CDATA[</button>]]>
            </line>
            <line>
              <![CDATA[</div>]]>
            </line>
            <line>
              <![CDATA[<div onClick="copyMePlease(this)" class="modal-body">]]>
            </line>
            <line>
              <![CDATA[{"users":[{"id":"Automation_208086670_Individual","userName":"Automation_208086670_Individual","userType":"UamsUser","password":"Unix11!","roles":["AdminRole","CreateCustomer","GetCustomer","AddRelatedParty","GetIndividual","DeleteIndividual","CreateIndividual","RetrieveIndividual","SearchIndividual","UpdateIndividual","RetrieveCustomer","RetrieveCustomerEntity","CreatePaymentMethod","CreateCustomerEntity","EvaluateCreditProfile","UpdateCreditProfile","DeleteCreditProfile","Write","ProductOrderLauncherCreate"],"a3sUserExtension":{"properties":{"OperatorID":154,"customerId":"customer_154","salesChannel":"SS"}}}],"operation":{"deleteFirst":true,"updateExisting":false,"createNew":false,"returnProcessedObjects":true,"failOnError":false}}]]>
            </line>
            <line>
              <![CDATA[</div>]]>
            </line>
            <line>
              <![CDATA[</div>]]>
            </line>
            <line>
              <![CDATA[</div>]]>
            </line>
            <line>
              <![CDATA[</div>]]>
            </line>
            <line>
              <![CDATA[</td>]]>
            </line>
            <line>
              <![CDATA[</tr>]]>
            </line>
            <line>
              <![CDATA[<tr>]]>
            </line>
            <line>
              <![CDATA[<td class="text-dark font-weight-bold" >Response Header :</td>]]>
            </line>
            <line>
              <![CDATA[<td class="" >]]>
            </line>
            <line>
              <![CDATA[<a href="" class="alert-link" data-toggle="modal" data-target="#modal_value_19">Show</a>]]>
            </line>
            <line>
              <![CDATA[<div class="modal fade"  id="modal_value_19" tabindex="-1" role="dialog">]]>
            </line>
            <line>
              <![CDATA[<div class="modal-dialog" role="document">]]>
            </line>
            <line>
              <![CDATA[<div class="modal-content">]]>
            </line>
            <line>
              <![CDATA[<div class="modal-header text-white bg-info">]]>
            </line>
            <line>
              <![CDATA[<h5 class="modal-title" id="title1">Response Header</h5>]]>
            </line>
            <line>
              <![CDATA[<span class="h6 text-light ml-2 mt-2">(click on the Text to copy)</span>]]>
            </line>
            <line>
              <![CDATA[<button type="button" class="close" data-dismiss="modal" aria-label="Close">]]>
            </line>
            <line>
              <![CDATA[<span aria-hidden="true">&times;</span>]]>
            </line>
            <line>
              <![CDATA[</button>]]>
            </line>
            <line>
              <![CDATA[</div>]]>
            </line>
            <line>
              <![CDATA[<div onClick="copyMePlease(this)" class="modal-body">]]>
            </line>
            <line>
              <![CDATA[X-Content-Type-Options=nosniff
	X-XSS-Protection=1; mode=block
	Cache-Control=no-cache, no-store, max-age=0, must-revalidate
	Pragma=no-cache
	Expires=0
	X-Frame-Options=DENY
	X-Application-Context=application:9191
	Date=Tue, 18 Sep 2018 09:40:52 GMT
	Content-Type=application/json
	Content-Length=1726]]>
            </line>
            <line>
              <![CDATA[</div>]]>
            </line>
            <line>
              <![CDATA[</div>]]>
            </line>
            <line>
              <![CDATA[</div>]]>
            </line>
            <line>
              <![CDATA[</div>]]>
            </line>
            <line>
              <![CDATA[</td>]]>
            </line>
            <line>
              <![CDATA[</tr>]]>
            </line>
            <line>
              <![CDATA[<tr>]]>
            </line>
            <line>
              <![CDATA[<td class="text-dark font-weight-bold" >Response :</td>]]>
            </line>
            <line>
              <![CDATA[<td class="" >]]>
            </line>
            <line>
              <![CDATA[<a href="" class="alert-link" data-toggle="modal" data-target="#rest_assured_logger_modal_value_57">Show</a>]]>
            </line>
            <line>
              <![CDATA[<div class="modal fade"  id="rest_assured_logger_modal_value_57" tabindex="-1" role="dialog">]]>
            </line>
            <line>
              <![CDATA[<div class="modal-dialog" role="document">]]>
            </line>
            <line>
              <![CDATA[<div class="modal-content">]]>
            </line>
            <line>
              <![CDATA[<div class="modal-header text-white bg-info">]]>
            </line>
            <line>
              <![CDATA[<h5 class="modal-title" id="title1">Response</h5>]]>
            </line>
            <line>
              <![CDATA[<span class="h6 text-light ml-2 mt-2">(click on the Text to copy)</span>]]>
            </line>
            <line>
              <![CDATA[<button type="button" class="close" data-dismiss="modal" aria-label="Close">]]>
            </line>
            <line>
              <![CDATA[<span aria-hidden="true">&times;</span>]]>
            </line>
            <line>
              <![CDATA[</button>]]>
            </line>
            <line>
              <![CDATA[</div>]]>
            </line>
            <line>
              <![CDATA[<div onClick="copyMePlease(this)" class="modal-body">]]>
            </line>
            <line>
              <![CDATA[{"deletedUsers":[{"schemas":["urn:ietf:params:scim:schemas:core:2.0:User","urn:ietf:params:scim:schemas:extension:com.amdocs.a3s:2.0:User"],"id":"Automation_208086670_Individual","userName":"Automation_208086670_Individual","userType":"UamsUser","active":true,"password":null,"roles":["PAP-Common","GetCustomerEntity","UpdateIndividual","csr","EvaluateCreditProfile","orderChangeOwnership","PAP-PU","CreateCustomer","ProductOrderLauncherCreate","RetrieveCustomer","CreatePaymentMethod","ProductOrderLauncherRead","AppTesterRole","AddRelatedParty","UpdateCreditProfile","RetreivePaymentMethod","CreateIndividual","CatalogOne.importer","CreateCustomerEntity","DeleteCreditProfile","GetIndividual","AnonymousUserRole","DeleteIndividual","GetCustomer","ProductOrderLauncherUpdate","Write","AsmServicesAppIdentity","RetrieveCustomerEntity","RetrieveIndividual","SearchIndividual","STS-Common","ChangeOwnershipRole","ProductOrderLauncherDelete"],"a3sUserExtension":{"expiration":32535122400000,"effectiveDate":0,"successLoginDate":1537263645995,"badLoginDate":0,"badLoginCount":0,"isAccountNonExpired":true,"isAccountNonLocked":true,"isEnabled":true,"isAccountNeverExpired":false,"isExpiring":false,"isInEffective":false,"isCredentialsNonExpired":true,"isCredentialsExpiring":false,"isCredentialsReset":false,"properties":{"customerId":"Customer_40306","UserType":"UamsUser","salesChannel":"CallCenter","OperatorID":154,"csrId":"csrId"}},"metadata":{"resourceType":"User","created":1537228800000,"lastModified":1537228800000,"location":"http://ilocpde01w02.corp.amdocs.com:30525/asmServices/services/v1.0/users/bulk","version":null}}],"createdUsers":[],"updatedUsers":[],"numDeleted":1,"numCreated":0,"numUpdated":0,"bulkErrors":[]}]]>
            </line>
            <line>
              <![CDATA[</div>]]>
            </line>
            <line>
              <![CDATA[</div>]]>
            </line>
            <line>
              <![CDATA[</div>]]>
            </line>
            <line>
              <![CDATA[</div>]]>
            </line>
            <line>
              <![CDATA[</td>]]>
            </line>
            <line>
              <![CDATA[</tr>]]>
            </line>
            <line>
              <![CDATA[<tr class="table-success"><td colspan="2">Response status: expected=200 actual=200; Value: true</td></tr>]]>
            </line>
            <line>
              <![CDATA[<tr class="table-light"><td colspan="2">All users are deleted</td></tr>]]>
            </line>
          </reporter-output>
        </test-method> <!-- afterSuite -->
      </class> <!-- amdocs.initialSetup.AutomationSetup -->
      <class name="productordering.ProductOrderingRetreiveOrder">
        <test-method status="PASS" signature="retreiveOrder(java.lang.String, java.lang.String, java.lang.String, java.lang.String, org.testng.ITestContext)[pri:0, instance:productordering.ProductOrderingRetreiveOrder@305fd85d]" name="retreiveOrder" duration-ms="701" started-at="2018-09-18T15:10:51Z" finished-at="2018-09-18T15:10:52Z">
          <params>
            <param index="0">
              <value>
                <![CDATA[101A]]>
              </value>
            </param>
            <param index="1">
              <value>
                <![CDATA[CC]]>
              </value>
            </param>
            <param index="2">
              <value>
                <![CDATA[Automatic]]>
              </value>
            </param>
            <param index="3">
              <value>
                <![CDATA[fit]]>
              </value>
            </param>
            <param index="4">
              <value>
                <![CDATA[org.testng.TestRunner@599f571f]]>
              </value>
            </param>
          </params>
          <reporter-output>
            <line>
              <![CDATA[<tr class="table-info"><td class="text-dark font-weight-bold">Request Type </td><td class="" >GET</td></tr>]]>
            </line>
            <line>
              <![CDATA[<tr><td class="text-dark font-weight-bold">URI </td><td class="" > http://ilocpde01w02.corp.amdocs.com:30538/productOrdering/v2/productOrder/ProductOrder_04014544-1515-4055-80aa-8a2a8a220432 </td></tr>]]>
            </line>
            <line>
              <![CDATA[<tr><td class="text-dark font-weight-bold" colspan="2">Headers : </td></tr>]]>
            </line>
            <line>
              <![CDATA[<tr>]]>
            </line>
            <line>
              <![CDATA[<td class="text-dark font-weight-bold" >Authorization :</td>]]>
            </line>
            <line>
              <![CDATA[<td class="" >]]>
            </line>
            <line>
              <![CDATA[<a href="" class="alert-link" data-toggle="modal" data-target="#rest_assured_logger_modal_value_52">Show</a>]]>
            </line>
            <line>
              <![CDATA[<div class="modal fade"  id="rest_assured_logger_modal_value_52" tabindex="-1" role="dialog">]]>
            </line>
            <line>
              <![CDATA[<div class="modal-dialog" role="document">]]>
            </line>
            <line>
              <![CDATA[<div class="modal-content">]]>
            </line>
            <line>
              <![CDATA[<div class="modal-header text-white bg-info">]]>
            </line>
            <line>
              <![CDATA[<h5 class="modal-title" id="title1">Authorization</h5>]]>
            </line>
            <line>
              <![CDATA[<span class="h6 text-light ml-2 mt-2">(click on the Text to copy)</span>]]>
            </line>
            <line>
              <![CDATA[<button type="button" class="close" data-dismiss="modal" aria-label="Close">]]>
            </line>
            <line>
              <![CDATA[<span aria-hidden="true">&times;</span>]]>
            </line>
            <line>
              <![CDATA[</button>]]>
            </line>
            <line>
              <![CDATA[</div>]]>
            </line>
            <line>
              <![CDATA[<div onClick="copyMePlease(this)" class="modal-body">]]>
            </line>
            <line>
              <![CDATA[Bearer eyJ4NXQjUzI1NiI6IkxEbGVvYldaYmVZcG9pb0Q0R1hrMWp3US8rUWd1MUs1eXNzQ1JpN3BtelE9IiwidHlwIjoiSldUIiwiYWxnIjoiUlMyNTYifQ.eyJzdWIiOiJBdXRvbWF0aW9uXzIwODA4NjY3MF9JbmRpdmlkdWFsIiwiY3NySWQiOiJjc3JJZCIsInJvbGVzIjpbIkdldEluZGl2aWR1YWwiLCJVcGRhdGVJbmRpdmlkdWFsIiwiQ2F0YWxvZ09uZS5pbXBvcnRlciIsIkdldEN1c3RvbWVyIiwiRGVsZXRlQ3JlZGl0UHJvZmlsZSIsIlByb2R1Y3RPcmRlckxhdW5jaGVyUmVhZCIsIkFwcFRlc3RlclJvbGUiLCJQcm9kdWN0T3JkZXJMYXVuY2hlckNyZWF0ZSIsIkNyZWF0ZVBheW1lbnRNZXRob2QiLCJvcmRlckNoYW5nZU93bmVyc2hpcCIsIlBBUC1QVSIsIlJldHJpZXZlQ3VzdG9tZXIiLCJBbm9ueW1vdXNVc2VyUm9sZSIsIlBBUC1Db21tb24iLCJXcml0ZSIsIlByb2R1Y3RPcmRlckxhdW5jaGVyVXBkYXRlIiwiQWRkUmVsYXRlZFBhcnR5IiwiQ3JlYXRlQ3VzdG9tZXIiLCJDcmVhdGVJbmRpdmlkdWFsIiwiU2VhcmNoSW5kaXZpZHVhbCIsIkdldEN1c3RvbWVyRW50aXR5IiwiVXBkYXRlQ3JlZGl0UHJvZmlsZSIsIkNoYW5nZU93bmVyc2hpcFJvbGUiLCJBc21TZXJ2aWNlc0FwcElkZW50aXR5IiwiRGVsZXRlSW5kaXZpZHVhbCIsImNzciIsIlJldHJpZXZlQ3VzdG9tZXJFbnRpdHkiLCJFdmFsdWF0ZUNyZWRpdFByb2ZpbGUiLCJSZXRyZWl2ZVBheW1lbnRNZXRob2QiLCJQcm9kdWN0T3JkZXJMYXVuY2hlckRlbGV0ZSIsIlJldHJpZXZlSW5kaXZpZHVhbCIsIlNUUy1Db21tb24iLCJDcmVhdGVDdXN0b21lckVudGl0eSJdLCJjdXN0b21lcklkIjoiQ3VzdG9tZXJfNDAzMDYiLCJpc3MiOiJBM1Nab25lMUBBM1MuYW1kb2NzLmNvbSIsIm9pdCI6MTUzNzI2MzY0NSwic2FsZXNDaGFubmVsIjoiQ2FsbENlbnRlciIsImV4cCI6MTUzNzI3MDg0NSwiaWF0IjoxNTM3MjYzNjQ1LCJ0dGwiOjE1MzcyOTI0NDUsImp0aSI6Ijc0ZTE5NWFjNzQ1MGZhNjU5ZTI1MDEzNGZjN2JhYTllN2Y4ZTQ4ZmJjNmEzMDM1MjAzZjcyZWIwYzJiNjIwNDAifQ.SJEglfX2g31q71slR0icYEu484uS8aOetkvVbn5lS4NilW3ozAVyVxhByAYP-T1DprCTn3_w8xp2AehnAzrVZ6_Hl0rvZYbhuQHNnUyw1DzullKx8-3vWs1eQhb7Q767kCVMJwteYloR6Xkk9SIiHpiyc2WuR8B0eXy2fUu55jRKSfX1nI7iTWIhAovBoS3VRkqOTl-moPZaDWHSYJExx1vqFb9U4-TC0D0F7ZIXu-gkGaPPkBOacnU1a1sqrOghEaSaBTj9idexSg2aUM8wb-8_1lXBBho6pYi3c20e4PCJkErXdysuWkgJsc29r0xje_HlmgbK4rScVlPv1zBQ8g]]>
            </line>
            <line>
              <![CDATA[</div>]]>
            </line>
            <line>
              <![CDATA[</div>]]>
            </line>
            <line>
              <![CDATA[</div>]]>
            </line>
            <line>
              <![CDATA[</div>]]>
            </line>
            <line>
              <![CDATA[</td>]]>
            </line>
            <line>
              <![CDATA[</tr>]]>
            </line>
            <line>
              <![CDATA[<tr><td class="text-dark font-weight-bold">Accept </td><td class="" > application/json </td></tr>]]>
            </line>
            <line>
              <![CDATA[<tr><td class="text-dark font-weight-bold">Custom-Header </td><td class="" > {"salesChannel":"CallCenter","customerId":"Customer_40306","sessionId":"605764794"} </td></tr>]]>
            </line>
            <line>
              <![CDATA[<tr><td class="text-dark font-weight-bold">Accept-Language </td><td class="" > en_US </td></tr>]]>
            </line>
            <line>
              <![CDATA[<tr><td class="text-dark font-weight-bold">Content-Type </td><td class="" > application/json </td></tr>]]>
            </line>
            <line>
              <![CDATA[<tr>]]>
            </line>
            <line>
              <![CDATA[<td class="text-dark font-weight-bold" >Payload :</td>]]>
            </line>
            <line>
              <![CDATA[<td class="" >]]>
            </line>
            <line>
              <![CDATA[<a href="" class="alert-link" data-toggle="modal" data-target="#rest_assured_logger_modal_value_53">Show</a>]]>
            </line>
            <line>
              <![CDATA[<div class="modal fade"  id="rest_assured_logger_modal_value_53" tabindex="-1" role="dialog">]]>
            </line>
            <line>
              <![CDATA[<div class="modal-dialog" role="document">]]>
            </line>
            <line>
              <![CDATA[<div class="modal-content">]]>
            </line>
            <line>
              <![CDATA[<div class="modal-header text-white bg-info">]]>
            </line>
            <line>
              <![CDATA[<h5 class="modal-title" id="title1">Payload</h5>]]>
            </line>
            <line>
              <![CDATA[<span class="h6 text-light ml-2 mt-2">(click on the Text to copy)</span>]]>
            </line>
            <line>
              <![CDATA[<button type="button" class="close" data-dismiss="modal" aria-label="Close">]]>
            </line>
            <line>
              <![CDATA[<span aria-hidden="true">&times;</span>]]>
            </line>
            <line>
              <![CDATA[</button>]]>
            </line>
            <line>
              <![CDATA[</div>]]>
            </line>
            <line>
              <![CDATA[<div onClick="copyMePlease(this)" class="modal-body">]]>
            </line>
            <line>
              <![CDATA[None]]>
            </line>
            <line>
              <![CDATA[</div>]]>
            </line>
            <line>
              <![CDATA[</div>]]>
            </line>
            <line>
              <![CDATA[</div>]]>
            </line>
            <line>
              <![CDATA[</div>]]>
            </line>
            <line>
              <![CDATA[</td>]]>
            </line>
            <line>
              <![CDATA[</tr>]]>
            </line>
            <line>
              <![CDATA[<tr>]]>
            </line>
            <line>
              <![CDATA[<td class="text-dark font-weight-bold" >Response Header :</td>]]>
            </line>
            <line>
              <![CDATA[<td class="" >]]>
            </line>
            <line>
              <![CDATA[<a href="" class="alert-link" data-toggle="modal" data-target="#modal_value_18">Show</a>]]>
            </line>
            <line>
              <![CDATA[<div class="modal fade"  id="modal_value_18" tabindex="-1" role="dialog">]]>
            </line>
            <line>
              <![CDATA[<div class="modal-dialog" role="document">]]>
            </line>
            <line>
              <![CDATA[<div class="modal-content">]]>
            </line>
            <line>
              <![CDATA[<div class="modal-header text-white bg-info">]]>
            </line>
            <line>
              <![CDATA[<h5 class="modal-title" id="title1">Response Header</h5>]]>
            </line>
            <line>
              <![CDATA[<span class="h6 text-light ml-2 mt-2">(click on the Text to copy)</span>]]>
            </line>
            <line>
              <![CDATA[<button type="button" class="close" data-dismiss="modal" aria-label="Close">]]>
            </line>
            <line>
              <![CDATA[<span aria-hidden="true">&times;</span>]]>
            </line>
            <line>
              <![CDATA[</button>]]>
            </line>
            <line>
              <![CDATA[</div>]]>
            </line>
            <line>
              <![CDATA[<div onClick="copyMePlease(this)" class="modal-body">]]>
            </line>
            <line>
              <![CDATA[X-Application-Context=productorder-productorder-ms:8080
	X-DOX-TraceId=21378A5F530520A8
	ETag="ProductOrder_04014544-1515-4055-80aa-8a2a8a220432=1537263649989853184"
	X-Content-Type-Options=nosniff
	X-XSS-Protection=1; mode=block
	Cache-Control=no-cache, no-store, max-age=0, must-revalidate
	Pragma=no-cache
	Expires=0
	X-Frame-Options=DENY
	Content-Type=application/json;charset=UTF-8
	Transfer-Encoding=chunked
	Date=Tue, 18 Sep 2018 09:40:51 GMT]]>
            </line>
            <line>
              <![CDATA[</div>]]>
            </line>
            <line>
              <![CDATA[</div>]]>
            </line>
            <line>
              <![CDATA[</div>]]>
            </line>
            <line>
              <![CDATA[</div>]]>
            </line>
            <line>
              <![CDATA[</td>]]>
            </line>
            <line>
              <![CDATA[</tr>]]>
            </line>
            <line>
              <![CDATA[<tr>]]>
            </line>
            <line>
              <![CDATA[<td class="text-dark font-weight-bold" >Response :</td>]]>
            </line>
            <line>
              <![CDATA[<td class="" >]]>
            </line>
            <line>
              <![CDATA[<a href="" class="alert-link" data-toggle="modal" data-target="#rest_assured_logger_modal_value_54">Show</a>]]>
            </line>
            <line>
              <![CDATA[<div class="modal fade"  id="rest_assured_logger_modal_value_54" tabindex="-1" role="dialog">]]>
            </line>
            <line>
              <![CDATA[<div class="modal-dialog" role="document">]]>
            </line>
            <line>
              <![CDATA[<div class="modal-content">]]>
            </line>
            <line>
              <![CDATA[<div class="modal-header text-white bg-info">]]>
            </line>
            <line>
              <![CDATA[<h5 class="modal-title" id="title1">Response</h5>]]>
            </line>
            <line>
              <![CDATA[<span class="h6 text-light ml-2 mt-2">(click on the Text to copy)</span>]]>
            </line>
            <line>
              <![CDATA[<button type="button" class="close" data-dismiss="modal" aria-label="Close">]]>
            </line>
            <line>
              <![CDATA[<span aria-hidden="true">&times;</span>]]>
            </line>
            <line>
              <![CDATA[</button>]]>
            </line>
            <line>
              <![CDATA[</div>]]>
            </line>
            <line>
              <![CDATA[<div onClick="copyMePlease(this)" class="modal-body">]]>
            </line>
            <line>
              <![CDATA[{"id":"ProductOrder_04014544-1515-4055-80aa-8a2a8a220432","href":"/v2/productOrder/ProductOrder_04014544-1515-4055-80aa-8a2a8a220432","category":null,"priority":null,"description":"Special Order","state":"Draft","externalId":null,"orderDate":"2018-09-18T09:40:50Z","completionDate":null,"requestedStartDate":null,"requestedCompletionDate":"2018-09-18T09:40:50Z","expectedCompletionDate":null,"orderPriceDate":"2018-09-18T09:40:51.058Z","notificationContact":null,"relatedParty":[{"id":"Customer_40306","href":"/v2/relatedParty/Customer_40306","name":null,"role":"customer"}],"billingAccount":null,"orderItem":[{"id":"ProductOrder_04014544-1515-4055-80aa-8a2a8a220432_OrderItem_10101101-1055-4018-a8a2-022282821ab9","action":"add","state":"Draft","quantity":1,"externalId":null,"completionDate":null,"requestedStartDate":null,"requestedCompletionDate":"2018-09-18T09:40:50Z","retroactiveChangeDate":null,"itemPrice":[{"id":"8bf0f45cc38d4a6982c7f0c2f0012335","name":"Samsung Galaxy S6 128GB White Pearl charge","description":"SIM card charge per SIM type","unitOfMeasure":null,"recurringChargePeriod":null,"priceType":"OC","price":{"taxIncludedAmount":{"unit":"USD","value":713.9},"dutyFreeAmount":{"unit":"USD","value":649},"taxRate":10,"percentage":null,"priceReduction":null,"taxAmount":{"unit":"USD","value":64.9}},"finalPrice":{"taxIncludedAmount":{"unit":"USD","value":713.9},"dutyFreeAmount":{"unit":"USD","value":649},"taxRate":10,"percentage":null,"priceReduction":null,"taxAmount":{"unit":"USD","value":64.9}},"standalonePrice":null,"priceAlteration":[],"billingAccount":null,"immediatePayOption":{"payOption":"Mandatory","payAmount":null,"minPayAmount":null,"payImmediately":true}}],"itemTotalPrice":[{"id":null,"name":null,"description":null,"unitOfMeasure":null,"recurringChargePeriod":null,"priceType":"OC","price":{"taxIncludedAmount":{"unit":"USD","value":713.9},"dutyFreeAmount":{"unit":"USD","value":649},"taxRate":10,"percentage":null,"priceReduction":null,"taxAmount":{"unit":"USD","value":64.9}},"finalPrice":{"taxIncludedAmount":{"unit":"USD","value":713.9},"dutyFreeAmount":{"unit":"USD","value":649},"taxRate":10,"percentage":null,"priceReduction":null,"taxAmount":{"unit":"USD","value":64.9}},"standalonePrice":{"taxIncludedAmount":{"unit":"USD","value":713.9},"dutyFreeAmount":{"unit":"USD","value":649},"taxRate":10,"percentage":null,"priceReduction":null,"taxAmount":{"unit":"USD","value":64.9}},"priceAlteration":[],"billingAccount":null,"immediatePayOption":{"payOption":null,"payAmount":null,"minPayAmount":null,"payImmediately":true}}],"orderItemRelationship":[],"productOffering":{"id":"e5790aab9f5840a593a0bfc262eddaa5","name":"Samsung Galaxy S6 128GB White Pearl","href":"/v2/productOffering/e5790aab9f5840a593a0bfc262eddaa5","type":"Mobile_Device","serialized":null,"version":null,"attachment":[],"valueRank":65,"durationPolicy":null},"product":{"id":null,"version":null,"href":"/v2/productRefOrValue/","name":null,"status":null,"primaryProductId":null,"actionDate":null,"relatedParty":[],"productOrderRef":null,"productSpecification":[],"characteristic":[{"name":"Available_Shipping_Options","value":"Courier","localizedName":"Available Shipping Options","characteristicMetadata":[{"name":"userId","value":"Automation_208086670_Individual","metatype":"operational"},{"name":"salesChannel","value":"CallCenter","metatype":"operational"},{"name":"csrId","value":"csrId","metatype":"operational"},{"name":"changeDate","value":"Tue Sep 18 09:40:50 GMT 2018","metatype":"operational"},{"name":"originalSalesChannel","value":"CallCenter","metatype":"operational"}]},{"name":"Plan_Options","value":"With_Plan","localizedName":"Plan Options","characteristicMetadata":[{"name":"userId","value":"Automation_208086670_Individual","metatype":"operational"},{"name":"salesChannel","value":"CallCenter","metatype":"operational"},{"name":"csrId","value":"csrId","metatype":"operational"},{"name":"changeDate","value":"Tue Sep 18 09:40:50 GMT 2018","metatype":"operational"},{"name":"originalSalesChannel","value":"CallCenter","metatype":"operational"}]},{"name":"Purchase_Options","value":"Installments","localizedName":"Purchase Options","characteristicMetadata":[{"name":"userId","value":"Automation_208086670_Individual","metatype":"operational"},{"name":"salesChannel","value":"CallCenter","metatype":"operational"},{"name":"csrId","value":"csrId","metatype":"operational"},{"name":"changeDate","value":"Tue Sep 18 09:40:50 GMT 2018","metatype":"operational"},{"name":"originalSalesChannel","value":"CallCenter","metatype":"operational"}]}],"place":[],"productRelationship":[{"type":"bundled","product":{"id":null,"version":null,"href":null,"name":null,"status":null,"primaryProductId":null,"actionDate":null,"relatedParty":[],"productOrderRef":null,"productSpecification":[{"id":"b70c936af809406d9259971e14314f0d","href":null,"name":"Samsung Galaxy S6 128GB White Pearl","type":"Mobile Device"}],"characteristic":[{"name":"Brand","value":"Samsung","localizedName":"Brand","characteristicMetadata":[{"name":"userId","value":"Automation_208086670_Individual","metatype":"operational"},{"name":"salesChannel","value":"CallCenter","metatype":"operational"},{"name":"csrId","value":"csrId","metatype":"operational"},{"name":"changeDate","value":"Tue Sep 18 09:40:50 GMT 2018","metatype":"operational"},{"name":"originalSalesChannel","value":"CallCenter","metatype":"operational"}]},{"name":"Model","value":"Galaxy_S6","localizedName":"Model","characteristicMetadata":[{"name":"userId","value":"Automation_208086670_Individual","metatype":"operational"},{"name":"salesChannel","value":"CallCenter","metatype":"operational"},{"name":"csrId","value":"csrId","metatype":"operational"},{"name":"changeDate","value":"Tue Sep 18 09:40:50 GMT 2018","metatype":"operational"},{"name":"originalSalesChannel","value":"CallCenter","metatype":"operational"}]},{"name":"Device_Type","value":"Smartphone","localizedName":"Device Type","characteristicMetadata":[{"name":"userId","value":"Automation_208086670_Individual","metatype":"operational"},{"name":"salesChannel","value":"CallCenter","metatype":"operational"},{"name":"csrId","value":"csrId","metatype":"operational"},{"name":"changeDate","value":"Tue Sep 18 09:40:50 GMT 2018","metatype":"operational"},{"name":"originalSalesChannel","value":"CallCenter","metatype":"operational"}]},{"name":"SIM_Type","value":"Nano_SIM","localizedName":"SIM Type","characteristicMetadata":[{"name":"userId","value":"Automation_208086670_Individual","metatype":"operational"},{"name":"salesChannel","value":"CallCenter","metatype":"operational"},{"name":"csrId","value":"csrId","metatype":"operational"},{"name":"changeDate","value":"Tue Sep 18 09:40:50 GMT 2018","metatype":"operational"},{"name":"originalSalesChannel","value":"CallCenter","metatype":"operational"}]},{"name":"Warranty_Duration","value":"12","localizedName":"Warranty Duration","characteristicMetadata":[{"name":"userId","value":"Automation_208086670_Individual","metatype":"operational"},{"name":"salesChannel","value":"CallCenter","metatype":"operational"},{"name":"csrId","value":"csrId","metatype":"operational"},{"name":"changeDate","value":"Tue Sep 18 09:40:50 GMT 2018","metatype":"operational"},{"name":"originalSalesChannel","value":"CallCenter","metatype":"operational"}]},{"name":"Color","value":"White_Pearl","localizedName":"Color","characteristicMetadata":[{"name":"userId","value":"Automation_208086670_Individual","metatype":"operational"},{"name":"salesChannel","value":"CallCenter","metatype":"operational"},{"name":"csrId","value":"csrId","metatype":"operational"},{"name":"changeDate","value":"Tue Sep 18 09:40:50 GMT 2018","metatype":"operational"},{"name":"originalSalesChannel","value":"CallCenter","metatype":"operational"}]},{"name":"Weight","value":"138_gr","localizedName":"Weight","characteristicMetadata":[{"name":"userId","value":"Automation_208086670_Individual","metatype":"operational"},{"name":"salesChannel","value":"CallCenter","metatype":"operational"},{"name":"csrId","value":"csrId","metatype":"operational"},{"name":"changeDate","value":"Tue Sep 18 09:40:50 GMT 2018","metatype":"operational"},{"name":"originalSalesChannel","value":"CallCenter","metatype":"operational"}]},{"name":"Operating_System","value":"Android","localizedName":"Operating System","characteristicMetadata":[{"name":"userId","value":"Automation_208086670_Individual","metatype":"operational"},{"name":"salesChannel","value":"CallCenter","metatype":"operational"},{"name":"csrId","value":"csrId","metatype":"operational"},{"name":"changeDate","value":"Tue Sep 18 09:40:50 GMT 2018","metatype":"operational"},{"name":"originalSalesChannel","value":"CallCenter","metatype":"operational"}]},{"name":"Memory_Size","value":"128GB","localizedName":"Memory Size","characteristicMetadata":[{"name":"userId","value":"Automation_208086670_Individual","metatype":"operational"},{"name":"salesChannel","value":"CallCenter","metatype":"operational"},{"name":"csrId","value":"csrId","metatype":"operational"},{"name":"changeDate","value":"Tue Sep 18 09:40:50 GMT 2018","metatype":"operational"},{"name":"originalSalesChannel","value":"CallCenter","metatype":"operational"}]},{"name":"Screen_Size","value":"5.1_in","localizedName":"Screen Size","characteristicMetadata":[{"name":"userId","value":"Automation_208086670_Individual","metatype":"operational"},{"name":"salesChannel","value":"CallCenter","metatype":"operational"},{"name":"csrId","value":"csrId","metatype":"operational"},{"name":"changeDate","value":"Tue Sep 18 09:40:50 GMT 2018","metatype":"operational"},{"name":"originalSalesChannel","value":"CallCenter","metatype":"operational"}]},{"name":"Delivery_Method","value":"Indirect_Delivery_Shipping","localizedName":"Delivery Method","characteristicMetadata":[{"name":"userId","value":"Automation_208086670_Individual","metatype":"operational"},{"name":"salesChannel","value":"CallCenter","metatype":"operational"},{"name":"csrId","value":"csrId","metatype":"operational"},{"name":"changeDate","value":"Tue Sep 18 09:40:50 GMT 2018","metatype":"operational"},{"name":"originalSalesChannel","value":"CallCenter","metatype":"operational"}]},{"name":"SKU","value":"10055GLXY6128WP","localizedName":"SKU","characteristicMetadata":[{"name":"userId","value":"Automation_208086670_Individual","metatype":"operational"},{"name":"salesChannel","value":"CallCenter","metatype":"operational"},{"name":"csrId","value":"csrId","metatype":"operational"},{"name":"changeDate","value":"Tue Sep 18 09:40:50 GMT 2018","metatype":"operational"},{"name":"originalSalesChannel","value":"CallCenter","metatype":"operational"}]},{"name":"Size","value":"143.4x70.5x6.8","localizedName":"Size","characteristicMetadata":[{"name":"userId","value":"Automation_208086670_Individual","metatype":"operational"},{"name":"salesChannel","value":"CallCenter","metatype":"operational"},{"name":"csrId","value":"csrId","metatype":"operational"},{"name":"changeDate","value":"Tue Sep 18 09:40:50 GMT 2018","metatype":"operational"},{"name":"originalSalesChannel","value":"CallCenter","metatype":"operational"}]},{"name":"CameraResolution","value":"16","localizedName":"Camera Resolution","characteristicMetadata":[{"name":"userId","value":"Automation_208086670_Individual","metatype":"operational"},{"name":"salesChannel","value":"CallCenter","metatype":"operational"},{"name":"csrId","value":"csrId","metatype":"operational"},{"name":"changeDate","value":"Tue Sep 18 09:40:50 GMT 2018","metatype":"operational"},{"name":"originalSalesChannel","value":"CallCenter","metatype":"operational"}]}],"place":[],"productRelationship":[],"referenceId":"fbf44732-1788-4944-a7e9-d1728fa4b57d","terminationDate":null,"activationDate":null}}],"referenceId":"b412eb1b-0c60-462c-af4a-edb00d1476ff","terminationDate":null,"activationDate":null},"billingAccount":{"id":"12121","href":"''/v2/TBA/12121","name":null},"appointment":null,"orderItem":[],"productOfferingGroupOption":null,"orderTerm":[],"modifyReason":[{"id":"9bd7af64-64d5-4746-85e5-5852e17d72ab","name":"Customer Request","reasonText":"Customer Request","action":"Add"}],"readOnly":false,"payment":[],"characteristicMetadata":[{"name":"userId","value":"Automation_208086670_Individual","metatype":"operational"},{"name":"salesChannel","value":"CallCenter","metatype":"operational"},{"name":"csrId","value":"csrId","metatype":"operational"},{"name":"changeDate","value":"Tue Sep 18 09:40:50 GMT 2018","metatype":"operational"},{"name":"originalSalesChannel","value":"CallCenter","metatype":"operational"}],"relatedImmediatePromotion":[],"extensions":{},"stock":[],"stockReservation":[]}],"orderTotalPrice":[{"id":null,"name":null,"description":null,"unitOfMeasure":null,"recurringChargePeriod":null,"priceType":"OC","price":{"taxIncludedAmount":{"unit":"USD","value":713.9},"dutyFreeAmount":{"unit":"USD","value":649},"taxRate":10,"percentage":null,"priceReduction":null,"taxAmount":{"unit":"USD","value":64.9}},"finalPrice":{"taxIncludedAmount":{"unit":"USD","value":713.9},"dutyFreeAmount":{"unit":"USD","value":649},"taxRate":10,"percentage":null,"priceReduction":null,"taxAmount":{"unit":"USD","value":64.9}},"standalonePrice":{"taxIncludedAmount":{"unit":"USD","value":713.9},"dutyFreeAmount":{"unit":"USD","value":649},"taxRate":10,"percentage":null,"priceReduction":null,"taxAmount":{"unit":"USD","value":64.9}},"priceAlteration":[],"billingAccount":null,"immediatePayOption":{"payOption":null,"payAmount":null,"minPayAmount":null,"payImmediately":true}}],"channel":[{"id":"CallCenter","href":null,"name":"CallCenter"}],"orderRelationship":[],"controlFields":{"createdBy":"Automation_208086670_Individual","createdOn":"2018-09-18T09:40:51Z","lastModifiedBy":"Automation_208086670_Individual","lastModifiedOn":"2018-09-18T09:40:51Z"},"validation":null,"payment":[],"immediatePromotion":[],"extensions":{},"isCustomerVisible":true}]]>
            </line>
            <line>
              <![CDATA[</div>]]>
            </line>
            <line>
              <![CDATA[</div>]]>
            </line>
            <line>
              <![CDATA[</div>]]>
            </line>
            <line>
              <![CDATA[</div>]]>
            </line>
            <line>
              <![CDATA[</td>]]>
            </line>
            <line>
              <![CDATA[</tr>]]>
            </line>
            <line>
              <![CDATA[<tr class="table-success"><td colspan="2">Response status: expected=200 actual=200; Value: true</td></tr>]]>
            </line>
            <line>
              <![CDATA[<tr><td class="text-dark font-weight-bold">Context Attribute [eTag] Set  </td><td class="" > ProductOrder_04014544-1515-4055-80aa-8a2a8a220432=1537263649989853184 </td></tr>]]>
            </line>
            <line>
              <![CDATA[<tr><td class="text-dark font-weight-bold">Context Attribute [OrderID] Set  </td><td class="" > ProductOrder_04014544-1515-4055-80aa-8a2a8a220432 </td></tr>]]>
            </line>
            <line>
              <![CDATA[<tr><td class="text-dark font-weight-bold">Context Attribute [OrderItem] Set  </td><td class="" > ProductOrder_04014544-1515-4055-80aa-8a2a8a220432_OrderItem_10101101-1055-4018-a8a2-022282821ab9 </td></tr>]]>
            </line>
            <line>
              <![CDATA[<tr><td class="text-dark font-weight-bold">Context Attribute [requestedCompletionDate] Set  </td><td class="" > 2018-09-18T09:40:50Z </td></tr>]]>
            </line>
          </reporter-output>
        </test-method> <!-- retreiveOrder -->
      </class> <!-- productordering.ProductOrderingRetreiveOrder -->
    </test> <!-- PRODUCT-ORDER-MS_CreateOrder_Device_SamsungGalaxyS6128GBWhitePerl -->
  </suite> <!-- Product-Order-Domain -->
  <suite name="Discovery-Domain" duration-ms="13126" started-at="2018-09-18T09:40:52Z" finished-at="2018-09-18T09:41:06Z">
    <groups>
    </groups>
    <test name="Automation_Setup" duration-ms="5673" started-at="2018-09-18T09:40:52Z" finished-at="2018-09-18T09:40:58Z">
      <class name="amdocs.initialSetup.AutomationSetup">
        <test-method status="PASS" signature="initialAutomationSetup(java.lang.String, java.lang.String, org.testng.ITestContext)[pri:0, instance:amdocs.initialSetup.AutomationSetup@ea1a8d5]" name="initialAutomationSetup" duration-ms="5670" started-at="2018-09-18T15:10:52Z" finished-at="2018-09-18T15:10:58Z">
          <params>
            <param index="0">
              <value>
                <![CDATA[fit]]>
              </value>
            </param>
            <param index="1">
              <value>
                <![CDATA[FITenvironment]]>
              </value>
            </param>
            <param index="2">
              <value>
                <![CDATA[org.testng.TestRunner@cda0432]]>
              </value>
            </param>
          </params>
          <reporter-output>
            <line>
              <![CDATA[<tr class="table-light"><td colspan="2">Creating map for care-for-openshift-testing</td></tr>]]>
            </line>
            <line>
              <![CDATA[<tr class="table-info"><td class="text-dark font-weight-bold">Request Type </td><td class="" >GET</td></tr>]]>
            </line>
            <line>
              <![CDATA[<tr><td class="text-dark font-weight-bold">URI </td><td class="" > https://ilocpde01-master.corp.amdocs.com:8443/api/v1/namespaces/care-for-openshift-testing/services </td></tr>]]>
            </line>
            <line>
              <![CDATA[<tr><td class="text-dark font-weight-bold" colspan="2">Headers : </td></tr>]]>
            </line>
            <line>
              <![CDATA[<tr>]]>
            </line>
            <line>
              <![CDATA[<td class="text-dark font-weight-bold" >Authorization :</td>]]>
            </line>
            <line>
              <![CDATA[<td class="" >]]>
            </line>
            <line>
              <![CDATA[<a href="" class="alert-link" data-toggle="modal" data-target="#rest_assured_logger_modal_value_58">Show</a>]]>
            </line>
            <line>
              <![CDATA[<div class="modal fade"  id="rest_assured_logger_modal_value_58" tabindex="-1" role="dialog">]]>
            </line>
            <line>
              <![CDATA[<div class="modal-dialog" role="document">]]>
            </line>
            <line>
              <![CDATA[<div class="modal-content">]]>
            </line>
            <line>
              <![CDATA[<div class="modal-header text-white bg-info">]]>
            </line>
            <line>
              <![CDATA[<h5 class="modal-title" id="title1">Authorization</h5>]]>
            </line>
            <line>
              <![CDATA[<span class="h6 text-light ml-2 mt-2">(click on the Text to copy)</span>]]>
            </line>
            <line>
              <![CDATA[<button type="button" class="close" data-dismiss="modal" aria-label="Close">]]>
            </line>
            <line>
              <![CDATA[<span aria-hidden="true">&times;</span>]]>
            </line>
            <line>
              <![CDATA[</button>]]>
            </line>
            <line>
              <![CDATA[</div>]]>
            </line>
            <line>
              <![CDATA[<div onClick="copyMePlease(this)" class="modal-body">]]>
            </line>
            <line>
              <![CDATA[Bearer eyJhbGciOiJSUzI1NiIsInR5cCI6IkpXVCJ9.eyJpc3MiOiJrdWJlcm5ldGVzL3NlcnZpY2VhY2NvdW50Iiwia3ViZXJuZXRlcy5pby9zZXJ2aWNlYWNjb3VudC9uYW1lc3BhY2UiOiJvYy1jZC0xMDE3LXByYW5hdmQtcGQiLCJrdWJlcm5ldGVzLmlvL3NlcnZpY2VhY2NvdW50L3NlY3JldC5uYW1lIjoiZml0LXNhLXRva2VuLTRsdzZtIiwia3ViZXJuZXRlcy5pby9zZXJ2aWNlYWNjb3VudC9zZXJ2aWNlLWFjY291bnQubmFtZSI6ImZpdC1zYSIsImt1YmVybmV0ZXMuaW8vc2VydmljZWFjY291bnQvc2VydmljZS1hY2NvdW50LnVpZCI6IjljYzViYmMxLWI3MjEtMTFlOC1iYjg2LTAwNTA1NjlhODg3YyIsInN1YiI6InN5c3RlbTpzZXJ2aWNlYWNjb3VudDpvYy1jZC0xMDE3LXByYW5hdmQtcGQ6Zml0LXNhIn0.KMmKTeThNBXz_F_aqQoUpcSw1eXkrR4xr7tITRdfs2IDTLfXzxGfYk9fOni2zyhlVH7lx9mB94bVkI2zWqa7cjR9z1DEW7OxPFq1XQ11yspYFG3tOi0NdNeaD66XB9TIbGEwbQYl92ZDsy5y3eD5echit18B52IMq8nvaNvTNXESzdGqsxtBMnNpUhtYUZy5xgasoKUwTR34rg91XgeZagjVsH2FJ8R7gIB9fXg8-IR4ZatJitxo40caTeHkGUvjI5aGADQCzytee87Yq6fAeXRb9sZcFUFmJkqf7OLl1FQkH41UG3zjfqtc00mNCzpXEVVbuqiw4ghZYNnh1tPJQA]]>
            </line>
            <line>
              <![CDATA[</div>]]>
            </line>
            <line>
              <![CDATA[</div>]]>
            </line>
            <line>
              <![CDATA[</div>]]>
            </line>
            <line>
              <![CDATA[</div>]]>
            </line>
            <line>
              <![CDATA[</td>]]>
            </line>
            <line>
              <![CDATA[</tr>]]>
            </line>
            <line>
              <![CDATA[<tr>]]>
            </line>
            <line>
              <![CDATA[<td class="text-dark font-weight-bold" >Payload :</td>]]>
            </line>
            <line>
              <![CDATA[<td class="" >]]>
            </line>
            <line>
              <![CDATA[<a href="" class="alert-link" data-toggle="modal" data-target="#rest_assured_logger_modal_value_59">Show</a>]]>
            </line>
            <line>
              <![CDATA[<div class="modal fade"  id="rest_assured_logger_modal_value_59" tabindex="-1" role="dialog">]]>
            </line>
            <line>
              <![CDATA[<div class="modal-dialog" role="document">]]>
            </line>
            <line>
              <![CDATA[<div class="modal-content">]]>
            </line>
            <line>
              <![CDATA[<div class="modal-header text-white bg-info">]]>
            </line>
            <line>
              <![CDATA[<h5 class="modal-title" id="title1">Payload</h5>]]>
            </line>
            <line>
              <![CDATA[<span class="h6 text-light ml-2 mt-2">(click on the Text to copy)</span>]]>
            </line>
            <line>
              <![CDATA[<button type="button" class="close" data-dismiss="modal" aria-label="Close">]]>
            </line>
            <line>
              <![CDATA[<span aria-hidden="true">&times;</span>]]>
            </line>
            <line>
              <![CDATA[</button>]]>
            </line>
            <line>
              <![CDATA[</div>]]>
            </line>
            <line>
              <![CDATA[<div onClick="copyMePlease(this)" class="modal-body">]]>
            </line>
            <line>
              <![CDATA[None]]>
            </line>
            <line>
              <![CDATA[</div>]]>
            </line>
            <line>
              <![CDATA[</div>]]>
            </line>
            <line>
              <![CDATA[</div>]]>
            </line>
            <line>
              <![CDATA[</div>]]>
            </line>
            <line>
              <![CDATA[</td>]]>
            </line>
            <line>
              <![CDATA[</tr>]]>
            </line>
            <line>
              <![CDATA[<tr>]]>
            </line>
            <line>
              <![CDATA[<td class="text-dark font-weight-bold" >Response Header :</td>]]>
            </line>
            <line>
              <![CDATA[<td class="" >]]>
            </line>
            <line>
              <![CDATA[<a href="" class="alert-link" data-toggle="modal" data-target="#modal_value_20">Show</a>]]>
            </line>
            <line>
              <![CDATA[<div class="modal fade"  id="modal_value_20" tabindex="-1" role="dialog">]]>
            </line>
            <line>
              <![CDATA[<div class="modal-dialog" role="document">]]>
            </line>
            <line>
              <![CDATA[<div class="modal-content">]]>
            </line>
            <line>
              <![CDATA[<div class="modal-header text-white bg-info">]]>
            </line>
            <line>
              <![CDATA[<h5 class="modal-title" id="title1">Response Header</h5>]]>
            </line>
            <line>
              <![CDATA[<span class="h6 text-light ml-2 mt-2">(click on the Text to copy)</span>]]>
            </line>
            <line>
              <![CDATA[<button type="button" class="close" data-dismiss="modal" aria-label="Close">]]>
            </line>
            <line>
              <![CDATA[<span aria-hidden="true">&times;</span>]]>
            </line>
            <line>
              <![CDATA[</button>]]>
            </line>
            <line>
              <![CDATA[</div>]]>
            </line>
            <line>
              <![CDATA[<div onClick="copyMePlease(this)" class="modal-body">]]>
            </line>
            <line>
              <![CDATA[Cache-Control=no-store
	Content-Type=application/json
	Date=Tue, 18 Sep 2018 09:40:53 GMT
	Transfer-Encoding=chunked]]>
            </line>
            <line>
              <![CDATA[</div>]]>
            </line>
            <line>
              <![CDATA[</div>]]>
            </line>
            <line>
              <![CDATA[</div>]]>
            </line>
            <line>
              <![CDATA[</div>]]>
            </line>
            <line>
              <![CDATA[</td>]]>
            </line>
            <line>
              <![CDATA[</tr>]]>
            </line>
            <line>
              <![CDATA[<tr>]]>
            </line>
            <line>
              <![CDATA[<td class="text-dark font-weight-bold" >Response :</td>]]>
            </line>
            <line>
              <![CDATA[<td class="" >]]>
            </line>
            <line>
              <![CDATA[<a href="" class="alert-link" data-toggle="modal" data-target="#rest_assured_logger_modal_value_60">Show</a>]]>
            </line>
            <line>
              <![CDATA[<div class="modal fade"  id="rest_assured_logger_modal_value_60" tabindex="-1" role="dialog">]]>
            </line>
            <line>
              <![CDATA[<div class="modal-dialog" role="document">]]>
            </line>
            <line>
              <![CDATA[<div class="modal-content">]]>
            </line>
            <line>
              <![CDATA[<div class="modal-header text-white bg-info">]]>
            </line>
            <line>
              <![CDATA[<h5 class="modal-title" id="title1">Response</h5>]]>
            </line>
            <line>
              <![CDATA[<span class="h6 text-light ml-2 mt-2">(click on the Text to copy)</span>]]>
            </line>
            <line>
              <![CDATA[<button type="button" class="close" data-dismiss="modal" aria-label="Close">]]>
            </line>
            <line>
              <![CDATA[<span aria-hidden="true">&times;</span>]]>
            </line>
            <line>
              <![CDATA[</button>]]>
            </line>
            <line>
              <![CDATA[</div>]]>
            </line>
            <line>
              <![CDATA[<div onClick="copyMePlease(this)" class="modal-body">]]>
            </line>
            <line>
              <![CDATA[{"kind":"ServiceList","apiVersion":"v1","metadata":{"selfLink":"/api/v1/namespaces/care-for-openshift-testing/services","resourceVersion":"69531653"},"items":[{"metadata":{"name":"account-billingaccount-service","namespace":"care-for-openshift-testing","selfLink":"/api/v1/namespaces/care-for-openshift-testing/services/account-billingaccount-service","uid":"ca2a76fe-79f7-11e8-b420-0050569ac01d","resourceVersion":"36943688","creationTimestamp":"2018-06-27T10:49:39Z","labels":{"chart":"account-billingaccount-0.1.0-0223","expose":"true","microservice":"account-billingaccount","project":"account-billingaccount-exe","provider":"amdocs","release":"account-billingaccount"},"annotations":{"fabric8.io/iconUrl":"img/icons/spring-boot.svg"}},"spec":{"ports":[{"name":"http","protocol":"TCP","port":8080,"targetPort":8080,"nodePort":31193},{"name":"jacoco","protocol":"TCP","port":6300,"targetPort":6300,"nodePort":30712},{"name":"management","protocol":"TCP","port":18080,"targetPort":18080,"nodePort":32240}],"selector":{"microservice":"account-billingaccount","project":"account-billingaccount-exe","provider":"amdocs","release":"account-billingaccount"},"clusterIP":"172.30.72.145","type":"NodePort","sessionAffinity":"None","externalTrafficPolicy":"Cluster"},"status":{"loadBalancer":{}}},{"metadata":{"name":"asm-services-cloud-service","namespace":"care-for-openshift-testing","selfLink":"/api/v1/namespaces/care-for-openshift-testing/services/asm-services-cloud-service","uid":"e9228cf3-79e6-11e8-b420-0050569ac01d","resourceVersion":"36943691","creationTimestamp":"2018-06-27T08:48:49Z","labels":{"projectexportable":"No"},"annotations":{"kubectl.kubernetes.io/last-applied-configuration":"{\"apiVersion\":\"v1\",\"kind\":\"Service\",\"metadata\":{\"annotations\":{},\"labels\":{\"projectexportable\":\"No\"},\"name\":\"asm-services-cloud-service\",\"namespace\":\"care-for-openshift-testing\"},\"spec\":{\"ports\":[{\"name\":\"a3s-port\",\"port\":9191,\"protocol\":\"TCP\",\"targetPort\":9191}],\"selector\":{},\"type\":\"NodePort\"}}\n"}},"spec":{"ports":[{"name":"a3s-port","protocol":"TCP","port":9191,"targetPort":9191,"nodePort":31766}],"clusterIP":"172.30.34.208","type":"NodePort","sessionAffinity":"None","externalTrafficPolicy":"Cluster"},"status":{"loadBalancer":{}}},{"metadata":{"name":"attachment-attachment-service","namespace":"care-for-openshift-testing","selfLink":"/api/v1/namespaces/care-for-openshift-testing/services/attachment-attachment-service","uid":"a388c4eb-79f7-11e8-b420-0050569ac01d","resourceVersion":"36943692","creationTimestamp":"2018-06-27T10:48:34Z","labels":{"chart":"attachment-attachment-0.1.0-0184","expose":"true","microservice":"attachment-attachment","namespace":"","project":"attachment-attachment-exe","provider":"amdocs","release":"attachment-attachment"},"annotations":{"fabric8.io/iconUrl":"img/icons/spring-boot.svg"}},"spec":{"ports":[{"name":"http","protocol":"TCP","port":8080,"targetPort":8080,"nodePort":32689},{"name":"jacoco","protocol":"TCP","port":6300,"targetPort":6300,"nodePort":31730},{"name":"management","protocol":"TCP","port":18080,"targetPort":18080,"nodePort":30439}],"selector":{"microservice":"attachment-attachment","project":"attachment-attachment-exe","provider":"amdocs","release":"attachment-attachment"},"clusterIP":"172.30.17.120","type":"NodePort","sessionAffinity":"None","externalTrafficPolicy":"Cluster"},"status":{"loadBalancer":{}}},{"metadata":{"name":"attachment-dmsbridge-service","namespace":"care-for-openshift-testing","selfLink":"/api/v1/namespaces/care-for-openshift-testing/services/attachment-dmsbridge-service","uid":"68d5fc86-79fa-11e8-b420-0050569ac01d","resourceVersion":"36943694","creationTimestamp":"2018-06-27T11:08:24Z","labels":{"chart":"attachment-dmsbridge-0.1.1-0002","expose":"true","microservice":"attachment-dmsbridge","project":"attachment-dmsbridge-exe","provider":"amdocs","release":"attachment-dmsbridge"},"annotations":{"fabric8.io/iconUrl":"img/icons/spring-boot.svg"}},"spec":{"ports":[{"name":"http","protocol":"TCP","port":8080,"targetPort":8080,"nodePort":31835},{"name":"jacoco","protocol":"TCP","port":6300,"targetPort":6300,"nodePort":30107},{"name":"management","protocol":"TCP","port":18080,"targetPort":18080,"nodePort":32518}],"selector":{"microservice":"attachment-dmsbridge","project":"attachment-dmsbridge-exe","provider":"amdocs","release":"attachment-dmsbridge"},"clusterIP":"172.30.188.39","type":"NodePort","sessionAffinity":"None","externalTrafficPolicy":"Cluster"},"status":{"loadBalancer":{}}},{"metadata":{"name":"couchbase-service","namespace":"care-for-openshift-testing","selfLink":"/api/v1/namespaces/care-for-openshift-testing/services/couchbase-service","uid":"e91d4486-79e6-11e8-b420-0050569ac01d","resourceVersion":"36943695","creationTimestamp":"2018-06-27T08:48:49Z","labels":{"projectexportable":"No"},"annotations":{"kubectl.kubernetes.io/last-applied-configuration":"{\"apiVersion\":\"v1\",\"kind\":\"Service\",\"metadata\":{\"annotations\":{},\"labels\":{\"projectexportable\":\"No\"},\"name\":\"couchbase-service\",\"namespace\":\"care-for-openshift-testing\"},\"spec\":{\"ports\":[{\"name\":\"cb\",\"nodePort\":0,\"port\":8091,\"protocol\":\"TCP\",\"targetPort\":8091},{\"name\":\"cb-views\",\"nodePort\":0,\"port\":8092,\"protocol\":\"TCP\",\"targetPort\":8092},{\"name\":\"cb-query\",\"nodePort\":0,\"port\":8093,\"protocol\":\"TCP\",\"targetPort\":8093},{\"name\":\"cb-ftsearch\",\"nodePort\":0,\"port\":8094,\"protocol\":\"TCP\",\"targetPort\":8094},{\"name\":\"cb-sc\",\"nodePort\":0,\"port\":11210,\"protocol\":\"TCP\",\"targetPort\":11210},{\"name\":\"cb-scssl\",\"nodePort\":0,\"port\":11207,\"protocol\":\"TCP\",\"targetPort\":11207},{\"name\":\"cb-https\",\"nodePort\":0,\"port\":18091,\"protocol\":\"TCP\",\"targetPort\":18091},{\"name\":\"cb-viewsssl\",\"nodePort\":0,\"port\":18092,\"protocol\":\"TCP\",\"targetPort\":18092},{\"name\":\"cb-queryssl\",\"nodePort\":0,\"port\":18093,\"protocol\":\"TCP\",\"targetPort\":18093}],\"selector\":{}}}\n"}},"spec":{"ports":[{"name":"cb","protocol":"TCP","port":8091,"targetPort":8091},{"name":"cb-views","protocol":"TCP","port":8092,"targetPort":8092},{"name":"cb-query","protocol":"TCP","port":8093,"targetPort":8093},{"name":"cb-ftsearch","protocol":"TCP","port":8094,"targetPort":8094},{"name":"cb-sc","protocol":"TCP","port":11210,"targetPort":11210},{"name":"cb-scssl","protocol":"TCP","port":11207,"targetPort":11207},{"name":"cb-https","protocol":"TCP","port":18091,"targetPort":18091},{"name":"cb-viewsssl","protocol":"TCP","port":18092,"targetPort":18092},{"name":"cb-queryssl","protocol":"TCP","port":18093,"targetPort":18093}],"clusterIP":"172.30.10.246","type":"ClusterIP","sessionAffinity":"None"},"status":{"loadBalancer":{}}},{"metadata":{"name":"creditprofile-creditevaluatorbridge-service","namespace":"care-for-openshift-testing","selfLink":"/api/v1/namespaces/care-for-openshift-testing/services/creditprofile-creditevaluatorbridge-service","uid":"ccb5f0ef-79f8-11e8-b420-0050569ac01d","resourceVersion":"36943698","creationTimestamp":"2018-06-27T10:56:52Z","labels":{"chart":"creditprofile-creditevaluatorbridge-0.1.0-0072","expose":"true","microservice":"creditprofile-crediteval","project":"creditprofile-creditevaluatorbridge-exe","provider":"amdocs","release":"creditprofile-creditevaluatorbridge"},"annotations":{"fabric8.io/iconUrl":"img/icons/spring-boot.svg"}},"spec":{"ports":[{"name":"http","protocol":"TCP","port":8080,"targetPort":8080,"nodePort":31419},{"name":"jacoco","protocol":"TCP","port":6300,"targetPort":6300,"nodePort":31732},{"name":"management","protocol":"TCP","port":18080,"targetPort":18080,"nodePort":31021}],"selector":{"microservice":"creditprofile-crediteval","project":"creditprofile-creditevaluatorbridge-exe","provider":"amdocs","release":"creditprofile-creditevaluatorbridge"},"clusterIP":"172.30.111.191","type":"NodePort","sessionAffinity":"None","externalTrafficPolicy":"Cluster"},"status":{"loadBalancer":{}}},{"metadata":{"name":"creditprofile-creditprofile-service","namespace":"care-for-openshift-testing","selfLink":"/api/v1/namespaces/care-for-openshift-testing/services/creditprofile-creditprofile-service","uid":"f2110780-79f8-11e8-b420-0050569ac01d","resourceVersion":"36943699","creationTimestamp":"2018-06-27T10:57:55Z","labels":{"chart":"creditprofile-creditprofile-0.1.0-0180","expose":"true","microservice":"creditprofile-creditprof","project":"creditprofile-creditprofile-exe","provider":"amdocs","release":"creditprofile-creditprofile"},"annotations":{"fabric8.io/iconUrl":"img/icons/spring-boot.svg"}},"spec":{"ports":[{"name":"http","protocol":"TCP","port":8080,"targetPort":8080,"nodePort":31057},{"name":"jacoco","protocol":"TCP","port":6300,"targetPort":6300,"nodePort":30681},{"name":"management","protocol":"TCP","port":18080,"targetPort":18080,"nodePort":31634}],"selector":{"microservice":"creditprofile-creditprof","project":"creditprofile-creditprofile-exe","provider":"amdocs","release":"creditprofile-creditprofile"},"clusterIP":"172.30.226.154","type":"NodePort","sessionAffinity":"None","externalTrafficPolicy":"Cluster"},"status":{"loadBalancer":{}}},{"metadata":{"name":"customer-customer-service","namespace":"care-for-openshift-testing","selfLink":"/api/v1/namespaces/care-for-openshift-testing/services/customer-customer-service","uid":"e84d6895-79f7-11e8-b420-0050569ac01d","resourceVersion":"36943702","creationTimestamp":"2018-06-27T10:50:29Z","labels":{"chart":"customer-customer-0.1.0-0728","expose":"true","group":"com.amdocs.digital.ms.customer.customer","microservice":"customer-customer","project":"customer-customer-exe","provider":"amdocs","release":"customer-customer"},"annotations":{"fabric8.io/iconUrl":"img/icons/spring-boot.svg"}},"spec":{"ports":[{"name":"http","protocol":"TCP","port":8080,"targetPort":8080,"nodePort":32354},{"name":"management","protocol":"TCP","port":18080,"targetPort":18080,"nodePort":31334},{"name":"jacoco","protocol":"TCP","port":6300,"targetPort":6300,"nodePort":32060}],"selector":{"microservice":"customer-customer","project":"customer-customer-exe","provider":"amdocs","release":"customer-customer"},"clusterIP":"172.30.194.131","type":"NodePort","sessionAffinity":"None","externalTrafficPolicy":"Cluster"},"status":{"loadBalancer":{}}},{"metadata":{"name":"customer-customerentity-service","namespace":"care-for-openshift-testing","selfLink":"/api/v1/namespaces/care-for-openshift-testing/services/customer-customerentity-service","uid":"a55fc76e-79f8-11e8-b420-0050569ac01d","resourceVersion":"36943703","creationTimestamp":"2018-06-27T10:55:46Z","labels":{"chart":"customer-customerentity-0.1.0-0271","expose":"true","microservice":"customer-customerentity","project":"customer-customerentity-exe","provider":"amdocs","release":"customerentity-rls"},"annotations":{"fabric8.io/iconUrl":"img/icons/spring-boot.svg"}},"spec":{"ports":[{"name":"http","protocol":"TCP","port":8080,"targetPort":8080,"nodePort":31022},{"name":"jacoco","protocol":"TCP","port":6300,"targetPort":6300,"nodePort":31721},{"name":"management","protocol":"TCP","port":18080,"targetPort":18080,"nodePort":31243}],"selector":{"microservice":"customer-customerentity","project":"customer-customerentity-exe","provider":"amdocs","release":"customerentity-rls"},"clusterIP":"172.30.231.14","type":"NodePort","sessionAffinity":"None","externalTrafficPolicy":"Cluster"},"status":{"loadBalancer":{}}},{"metadata":{"name":"elasticsearch-service","namespace":"care-for-openshift-testing","selfLink":"/api/v1/namespaces/care-for-openshift-testing/services/elasticsearch-service","uid":"e92870c6-79e6-11e8-b420-0050569ac01d","resourceVersion":"36943705","creationTimestamp":"2018-06-27T08:48:49Z","labels":{"projectexportable":"No"},"annotations":{"kubectl.kubernetes.io/last-applied-configuration":"{\"apiVersion\":\"v1\",\"kind\":\"Service\",\"metadata\":{\"annotations\":{},\"labels\":{\"projectexportable\":\"No\"},\"name\":\"elasticsearch-service\",\"namespace\":\"care-for-openshift-testing\"},\"spec\":{\"ports\":[{\"name\":\"elasticsearch-port\",\"nodePort\":0,\"port\":9200,\"protocol\":\"TCP\",\"targetPort\":9200}],\"selector\":{}}}\n"}},"spec":{"ports":[{"name":"elasticsearch-port","protocol":"TCP","port":9200,"targetPort":9200}],"clusterIP":"172.30.151.228","type":"ClusterIP","sessionAffinity":"None"},"status":{"loadBalancer":{}}},{"metadata":{"name":"financialaccount-financialaccount-service","namespace":"care-for-openshift-testing","selfLink":"/api/v1/namespaces/care-for-openshift-testing/services/financialaccount-financialaccount-service","uid":"f9d8573f-79f9-11e8-b420-0050569ac01d","resourceVersion":"36943707","creationTimestamp":"2018-06-27T11:05:18Z","labels":{"chart":"financialaccount-financialaccount-0.1.0-0186","expose":"true","microservice":"financialaccount-financi","project":"financialaccount-financialaccount-exe","provider":"amdocs","release":"financialaccount-financialaccount"},"annotations":{"fabric8.io/iconUrl":"img/icons/spring-boot.svg"}},"spec":{"ports":[{"name":"http","protocol":"TCP","port":8080,"targetPort":8080,"nodePort":31973},{"name":"jacoco","protocol":"TCP","port":6300,"targetPort":6300,"nodePort":32090},{"name":"management","protocol":"TCP","port":18080,"targetPort":18080,"nodePort":31789}],"selector":{"microservice":"financialaccount-financi","project":"financialaccount-financialaccount-exe","provider":"amdocs","release":"financialaccount-financialaccount"},"clusterIP":"172.30.125.141","type":"NodePort","sessionAffinity":"None","externalTrafficPolicy":"Cluster"},"status":{"loadBalancer":{}}},{"metadata":{"name":"geographicaddress-geographicaddress-service","namespace":"care-for-openshift-testing","selfLink":"/api/v1/namespaces/care-for-openshift-testing/services/geographicaddress-geographicaddress-service","uid":"e92d3247-79fa-11e8-b420-0050569ac01d","resourceVersion":"36943708","creationTimestamp":"2018-06-27T11:11:59Z","labels":{"chart":"geographicaddress-geographicaddress-0.1.0-0051","expose":"true","microservice":"geographicaddress-geogra","project":"geographicaddress-geographicaddress-exe","provider":"amdocs","release":"geographicaddress-geographicaddress"},"annotations":{"fabric8.io/iconUrl":"img/icons/spring-boot.svg"}},"spec":{"ports":[{"name":"http","protocol":"TCP","port":8080,"targetPort":8080,"nodePort":30620},{"name":"jacoco","protocol":"TCP","port":6300,"targetPort":6300,"nodePort":30506},{"name":"management","protocol":"TCP","port":18080,"targetPort":18080,"nodePort":32351}],"selector":{"microservice":"geographicaddress-geogra","project":"geographicaddress-geographicaddress-exe","provider":"amdocs","release":"geographicaddress-geographicaddress"},"clusterIP":"172.30.171.250","type":"NodePort","sessionAffinity":"None","externalTrafficPolicy":"Cluster"},"status":{"loadBalancer":{}}},{"metadata":{"name":"geographicaddress-geographicaddressbridge-service","namespace":"care-for-openshift-testing","selfLink":"/api/v1/namespaces/care-for-openshift-testing/services/geographicaddress-geographicaddressbridge-service","uid":"a48c7ea3-79fa-11e8-b420-0050569ac01d","resourceVersion":"36943711","creationTimestamp":"2018-06-27T11:10:04Z","labels":{"chart":"geographicaddress-geographicaddressbridge-0.1.0-0088","expose":"true","microservice":"geographicaddress-geogra","project":"geographicaddress-geographicaddressbridge-exe","provider":"amdocs","release":"geographicaddressbrid"},"annotations":{"fabric8.io/iconUrl":"img/icons/spring-boot.svg"}},"spec":{"ports":[{"name":"http","protocol":"TCP","port":8080,"targetPort":8080,"nodePort":32543},{"name":"jacoco","protocol":"TCP","port":6300,"targetPort":6300,"nodePort":32528},{"name":"management","protocol":"TCP","port":18080,"targetPort":18080,"nodePort":31217}],"selector":{"microservice":"geographicaddress-geogra","project":"geographicaddress-geographicaddressbridge-exe","provider":"amdocs","release":"geographicaddressbrid"},"clusterIP":"172.30.225.222","type":"NodePort","sessionAffinity":"None","externalTrafficPolicy":"Cluster"},"status":{"loadBalancer":{}}},{"metadata":{"name":"kafka-service","namespace":"care-for-openshift-testing","selfLink":"/api/v1/namespaces/care-for-openshift-testing/services/kafka-service","uid":"e92f8101-79e6-11e8-b420-0050569ac01d","resourceVersion":"36943712","creationTimestamp":"2018-06-27T08:48:49Z","labels":{"projectexportable":"No"},"annotations":{"kubectl.kubernetes.io/last-applied-configuration":"{\"apiVersion\":\"v1\",\"kind\":\"Service\",\"metadata\":{\"annotations\":{},\"labels\":{\"projectexportable\":\"No\"},\"name\":\"kafka-service\",\"namespace\":\"care-for-openshift-testing\"},\"spec\":{\"ports\":[{\"name\":\"kafka-port\",\"nodePort\":0,\"port\":9092,\"protocol\":\"TCP\",\"targetPort\":9092}],\"selector\":{}}}\n"}},"spec":{"ports":[{"name":"kafka-port","protocol":"TCP","port":9092,"targetPort":9092}],"clusterIP":"172.30.183.68","type":"ClusterIP","sessionAffinity":"None"},"status":{"loadBalancer":{}}},{"metadata":{"name":"party-attachment-service","namespace":"care-for-openshift-testing","selfLink":"/api/v1/namespaces/care-for-openshift-testing/services/party-attachment-service","uid":"fd6a0064-79fa-11e8-b420-0050569ac01d","resourceVersion":"36943713","creationTimestamp":"2018-06-27T11:12:33Z","labels":{"chart":"party-attachment-0.1.0-0156","expose":"true","microservice":"party-attachment","project":"party-attachment-exe","provider":"amdocs","release":"party-attachment"},"annotations":{"fabric8.io/iconUrl":"img/icons/spring-boot.svg"}},"spec":{"ports":[{"name":"http","protocol":"TCP","port":8080,"targetPort":8080,"nodePort":31758},{"name":"jacoco","protocol":"TCP","port":6300,"targetPort":6300,"nodePort":32566},{"name":"management","protocol":"TCP","port":18080,"targetPort":18080,"nodePort":32557}],"selector":{"microservice":"party-attachment","project":"party-attachment-exe","provider":"amdocs","release":"party-attachment"},"clusterIP":"172.30.61.196","type":"NodePort","sessionAffinity":"None","externalTrafficPolicy":"Cluster"},"status":{"loadBalancer":{}}},{"metadata":{"name":"party-individual-service","namespace":"care-for-openshift-testing","selfLink":"/api/v1/namespaces/care-for-openshift-testing/services/party-individual-service","uid":"075c8227-79fb-11e8-b420-0050569ac01d","resourceVersion":"36943715","creationTimestamp":"2018-06-27T11:12:50Z","labels":{"chart":"party-individual-0.1.0-1131","expose":"true","microservice":"party-individual","project":"party-individual-exe","provider":"amdocs","release":"party-individual"},"annotations":{"fabric8.io/iconUrl":"img/icons/spring-boot.svg"}},"spec":{"ports":[{"name":"http","protocol":"TCP","port":8080,"targetPort":8080,"nodePort":30261},{"name":"jacoco","protocol":"TCP","port":6300,"targetPort":6300,"nodePort":32487},{"name":"management","protocol":"TCP","port":18080,"targetPort":18080,"nodePort":32641}],"selector":{"microservice":"party-individual","project":"party-individual-exe","provider":"amdocs","release":"party-individual"},"clusterIP":"172.30.237.103","type":"NodePort","sessionAffinity":"None","externalTrafficPolicy":"Cluster"},"status":{"loadBalancer":{}}},{"metadata":{"name":"partyinteraction-attachment-service","namespace":"care-for-openshift-testing","selfLink":"/api/v1/namespaces/care-for-openshift-testing/services/partyinteraction-attachment-service","uid":"1ad95916-79fb-11e8-b420-0050569ac01d","resourceVersion":"36943716","creationTimestamp":"2018-06-27T11:13:22Z","labels":{"chart":"partyinteraction-attachment-0.1.0-0088","expose":"true","microservice":"partyinteraction-attachm","project":"partyinteraction-attachment-exe","provider":"amdocs","release":"partyinteraction-attachment"},"annotations":{"fabric8.io/iconUrl":"img/icons/spring-boot.svg"}},"spec":{"ports":[{"name":"http","protocol":"TCP","port":8080,"targetPort":8080,"nodePort":32286},{"name":"jacoco","protocol":"TCP","port":6300,"targetPort":6300,"nodePort":30747},{"name":"management","protocol":"TCP","port":18080,"targetPort":18080,"nodePort":31272}],"selector":{"microservice":"partyinteraction-attachm","project":"partyinteraction-attachment-exe","provider":"amdocs","release":"partyinteraction-attachment"},"clusterIP":"172.30.216.103","type":"NodePort","sessionAffinity":"None","externalTrafficPolicy":"Cluster"},"status":{"loadBalancer":{}}},{"metadata":{"name":"partyinteraction-partyinteraction-service","namespace":"care-for-openshift-testing","selfLink":"/api/v1/namespaces/care-for-openshift-testing/services/partyinteraction-partyinteraction-service","uid":"10865a67-79fb-11e8-b420-0050569ac01d","resourceVersion":"36943718","creationTimestamp":"2018-06-27T11:13:05Z","labels":{"chart":"partyinteraction-partyinteraction-0.1.0-0184","expose":"true","microservice":"partyinteraction-partyin","project":"partyinteraction-partyinteraction-exe","provider":"amdocs","release":"partyinteraction-partyinteraction"},"annotations":{"fabric8.io/iconUrl":"img/icons/spring-boot.svg"}},"spec":{"ports":[{"name":"http","protocol":"TCP","port":8080,"targetPort":8080,"nodePort":31716},{"name":"jacoco","protocol":"TCP","port":6300,"targetPort":6300,"nodePort":30776},{"name":"management","protocol":"TCP","port":18080,"targetPort":18080,"nodePort":32312}],"selector":{"microservice":"partyinteraction-partyin","project":"partyinteraction-partyinteraction-exe","provider":"amdocs","release":"partyinteraction-partyinteraction"},"clusterIP":"172.30.7.216","type":"NodePort","sessionAffinity":"None","externalTrafficPolicy":"Cluster"},"status":{"loadBalancer":{}}},{"metadata":{"name":"paymentmethod-paymentmethod-service","namespace":"care-for-openshift-testing","selfLink":"/api/v1/namespaces/care-for-openshift-testing/services/paymentmethod-paymentmethod-service","uid":"37b2ce61-79fb-11e8-b420-0050569ac01d","resourceVersion":"36943719","creationTimestamp":"2018-06-27T11:14:11Z","labels":{"chart":"paymentmethod-paymentmethod-0.1.0-0107","expose":"true","microservice":"paymentmethod-paymentmet","project":"paymentmethod-paymentmethod-exe","provider":"amdocs","release":"paymentmethod-paymentmethod"},"annotations":{"fabric8.io/iconUrl":"img/icons/spring-boot.svg"}},"spec":{"ports":[{"name":"http","protocol":"TCP","port":8080,"targetPort":8080,"nodePort":32427},{"name":"jacoco","protocol":"TCP","port":6300,"targetPort":6300,"nodePort":31146},{"name":"management","protocol":"TCP","port":18080,"targetPort":18080,"nodePort":31106}],"selector":{"microservice":"paymentmethod-paymentmet","project":"paymentmethod-paymentmethod-exe","provider":"amdocs","release":"paymentmethod-paymentmethod"},"clusterIP":"172.30.63.184","type":"NodePort","sessionAffinity":"None","externalTrafficPolicy":"Cluster"},"status":{"loadBalancer":{}}},{"metadata":{"name":"scheduler-task-service","namespace":"care-for-openshift-testing","selfLink":"/api/v1/namespaces/care-for-openshift-testing/services/scheduler-task-service","uid":"5fff329e-79fb-11e8-b420-0050569ac01d","resourceVersion":"36943721","creationTimestamp":"2018-06-27T11:15:18Z","labels":{"chart":"scheduler-task-0.1.0-0495","expose":"true","microservice":"scheduler-task","project":"scheduler-task","provider":"amdocs","release":"scheduler-task"},"annotations":{"fabric8.io/iconUrl":"img/icons/spring-boot.svg"}},"spec":{"ports":[{"name":"http","protocol":"TCP","port":8080,"targetPort":8080,"nodePort":32558},{"name":"metrics","protocol":"TCP","port":5555,"targetPort":"metrics","nodePort":32668}],"selector":{"microservice":"scheduler-task","project":"scheduler-task","provider":"amdocs","release":"scheduler-task"},"clusterIP":"172.30.107.187","type":"NodePort","sessionAffinity":"None","externalTrafficPolicy":"Cluster"},"status":{"loadBalancer":{}}},{"metadata":{"name":"search-search-service","namespace":"care-for-openshift-testing","selfLink":"/api/v1/namespaces/care-for-openshift-testing/services/search-search-service","uid":"2123abd5-79fc-11e8-b420-0050569ac01d","resourceVersion":"36943723","creationTimestamp":"2018-06-27T11:20:42Z","labels":{"chart":"search-search-0.1.0-0207","expose":"true","microservice":"search-search","project":"search-search-exe","provider":"amdocs","release":"search-search"},"annotations":{"fabric8.io/iconUrl":"img/icons/spring-boot.svg"}},"spec":{"ports":[{"name":"http","protocol":"TCP","port":8080,"targetPort":8080,"nodePort":30822},{"name":"jacoco","protocol":"TCP","port":6300,"targetPort":6300,"nodePort":32711},{"name":"management","protocol":"TCP","port":18080,"targetPort":18080,"nodePort":31423}],"selector":{"microservice":"search-search","project":"search-search-exe","provider":"amdocs","release":"search-search"},"clusterIP":"172.30.64.131","type":"NodePort","sessionAffinity":"None","externalTrafficPolicy":"Cluster"},"status":{"loadBalancer":{}}},{"metadata":{"name":"zookeeper-service","namespace":"care-for-openshift-testing","selfLink":"/api/v1/namespaces/care-for-openshift-testing/services/zookeeper-service","uid":"e9366ed1-79e6-11e8-b420-0050569ac01d","resourceVersion":"36943725","creationTimestamp":"2018-06-27T08:48:49Z","labels":{"projectexportable":"No"},"annotations":{"kubectl.kubernetes.io/last-applied-configuration":"{\"apiVersion\":\"v1\",\"kind\":\"Service\",\"metadata\":{\"annotations\":{},\"labels\":{\"projectexportable\":\"No\"},\"name\":\"zookeeper-service\",\"namespace\":\"care-for-openshift-testing\"},\"spec\":{\"ports\":[{\"name\":\"zookeeper-port\",\"nodePort\":0,\"port\":2181,\"protocol\":\"TCP\",\"targetPort\":2181}],\"selector\":{}}}\n"}},"spec":{"ports":[{"name":"zookeeper-port","protocol":"TCP","port":2181,"targetPort":2181}],"clusterIP":"172.30.33.141","type":"ClusterIP","sessionAffinity":"None"},"status":{"loadBalancer":{}}}]}
]]>
            </line>
            <line>
              <![CDATA[</div>]]>
            </line>
            <line>
              <![CDATA[</div>]]>
            </line>
            <line>
              <![CDATA[</div>]]>
            </line>
            <line>
              <![CDATA[</div>]]>
            </line>
            <line>
              <![CDATA[</td>]]>
            </line>
            <line>
              <![CDATA[</tr>]]>
            </line>
            <line>
              <![CDATA[<tr class="table-success"><td colspan="2">Response status: expected=200 actual=200; Value: true</td></tr>]]>
            </line>
            <line>
              <![CDATA[<tr class="table-info"><td class="text-dark font-weight-bold">Request Type </td><td class="" >GET</td></tr>]]>
            </line>
            <line>
              <![CDATA[<tr><td class="text-dark font-weight-bold">URI </td><td class="" > https://ilocpde01-master.corp.amdocs.com:8443/api/v1/namespaces/care-for-openshift-testing/pods </td></tr>]]>
            </line>
            <line>
              <![CDATA[<tr><td class="text-dark font-weight-bold" colspan="2">Headers : </td></tr>]]>
            </line>
            <line>
              <![CDATA[<tr>]]>
            </line>
            <line>
              <![CDATA[<td class="text-dark font-weight-bold" >Authorization :</td>]]>
            </line>
            <line>
              <![CDATA[<td class="" >]]>
            </line>
            <line>
              <![CDATA[<a href="" class="alert-link" data-toggle="modal" data-target="#rest_assured_logger_modal_value_61">Show</a>]]>
            </line>
            <line>
              <![CDATA[<div class="modal fade"  id="rest_assured_logger_modal_value_61" tabindex="-1" role="dialog">]]>
            </line>
            <line>
              <![CDATA[<div class="modal-dialog" role="document">]]>
            </line>
            <line>
              <![CDATA[<div class="modal-content">]]>
            </line>
            <line>
              <![CDATA[<div class="modal-header text-white bg-info">]]>
            </line>
            <line>
              <![CDATA[<h5 class="modal-title" id="title1">Authorization</h5>]]>
            </line>
            <line>
              <![CDATA[<span class="h6 text-light ml-2 mt-2">(click on the Text to copy)</span>]]>
            </line>
            <line>
              <![CDATA[<button type="button" class="close" data-dismiss="modal" aria-label="Close">]]>
            </line>
            <line>
              <![CDATA[<span aria-hidden="true">&times;</span>]]>
            </line>
            <line>
              <![CDATA[</button>]]>
            </line>
            <line>
              <![CDATA[</div>]]>
            </line>
            <line>
              <![CDATA[<div onClick="copyMePlease(this)" class="modal-body">]]>
            </line>
            <line>
              <![CDATA[Bearer eyJhbGciOiJSUzI1NiIsInR5cCI6IkpXVCJ9.eyJpc3MiOiJrdWJlcm5ldGVzL3NlcnZpY2VhY2NvdW50Iiwia3ViZXJuZXRlcy5pby9zZXJ2aWNlYWNjb3VudC9uYW1lc3BhY2UiOiJvYy1jZC0xMDE3LXByYW5hdmQtcGQiLCJrdWJlcm5ldGVzLmlvL3NlcnZpY2VhY2NvdW50L3NlY3JldC5uYW1lIjoiZml0LXNhLXRva2VuLTRsdzZtIiwia3ViZXJuZXRlcy5pby9zZXJ2aWNlYWNjb3VudC9zZXJ2aWNlLWFjY291bnQubmFtZSI6ImZpdC1zYSIsImt1YmVybmV0ZXMuaW8vc2VydmljZWFjY291bnQvc2VydmljZS1hY2NvdW50LnVpZCI6IjljYzViYmMxLWI3MjEtMTFlOC1iYjg2LTAwNTA1NjlhODg3YyIsInN1YiI6InN5c3RlbTpzZXJ2aWNlYWNjb3VudDpvYy1jZC0xMDE3LXByYW5hdmQtcGQ6Zml0LXNhIn0.KMmKTeThNBXz_F_aqQoUpcSw1eXkrR4xr7tITRdfs2IDTLfXzxGfYk9fOni2zyhlVH7lx9mB94bVkI2zWqa7cjR9z1DEW7OxPFq1XQ11yspYFG3tOi0NdNeaD66XB9TIbGEwbQYl92ZDsy5y3eD5echit18B52IMq8nvaNvTNXESzdGqsxtBMnNpUhtYUZy5xgasoKUwTR34rg91XgeZagjVsH2FJ8R7gIB9fXg8-IR4ZatJitxo40caTeHkGUvjI5aGADQCzytee87Yq6fAeXRb9sZcFUFmJkqf7OLl1FQkH41UG3zjfqtc00mNCzpXEVVbuqiw4ghZYNnh1tPJQA]]>
            </line>
            <line>
              <![CDATA[</div>]]>
            </line>
            <line>
              <![CDATA[</div>]]>
            </line>
            <line>
              <![CDATA[</div>]]>
            </line>
            <line>
              <![CDATA[</div>]]>
            </line>
            <line>
              <![CDATA[</td>]]>
            </line>
            <line>
              <![CDATA[</tr>]]>
            </line>
            <line>
              <![CDATA[<tr>]]>
            </line>
            <line>
              <![CDATA[<td class="text-dark font-weight-bold" >Payload :</td>]]>
            </line>
            <line>
              <![CDATA[<td class="" >]]>
            </line>
            <line>
              <![CDATA[<a href="" class="alert-link" data-toggle="modal" data-target="#rest_assured_logger_modal_value_62">Show</a>]]>
            </line>
            <line>
              <![CDATA[<div class="modal fade"  id="rest_assured_logger_modal_value_62" tabindex="-1" role="dialog">]]>
            </line>
            <line>
              <![CDATA[<div class="modal-dialog" role="document">]]>
            </line>
            <line>
              <![CDATA[<div class="modal-content">]]>
            </line>
            <line>
              <![CDATA[<div class="modal-header text-white bg-info">]]>
            </line>
            <line>
              <![CDATA[<h5 class="modal-title" id="title1">Payload</h5>]]>
            </line>
            <line>
              <![CDATA[<span class="h6 text-light ml-2 mt-2">(click on the Text to copy)</span>]]>
            </line>
            <line>
              <![CDATA[<button type="button" class="close" data-dismiss="modal" aria-label="Close">]]>
            </line>
            <line>
              <![CDATA[<span aria-hidden="true">&times;</span>]]>
            </line>
            <line>
              <![CDATA[</button>]]>
            </line>
            <line>
              <![CDATA[</div>]]>
            </line>
            <line>
              <![CDATA[<div onClick="copyMePlease(this)" class="modal-body">]]>
            </line>
            <line>
              <![CDATA[None]]>
            </line>
            <line>
              <![CDATA[</div>]]>
            </line>
            <line>
              <![CDATA[</div>]]>
            </line>
            <line>
              <![CDATA[</div>]]>
            </line>
            <line>
              <![CDATA[</div>]]>
            </line>
            <line>
              <![CDATA[</td>]]>
            </line>
            <line>
              <![CDATA[</tr>]]>
            </line>
            <line>
              <![CDATA[<tr>]]>
            </line>
            <line>
              <![CDATA[<td class="text-dark font-weight-bold" >Response Header :</td>]]>
            </line>
            <line>
              <![CDATA[<td class="" >]]>
            </line>
            <line>
              <![CDATA[<a href="" class="alert-link" data-toggle="modal" data-target="#modal_value_21">Show</a>]]>
            </line>
            <line>
              <![CDATA[<div class="modal fade"  id="modal_value_21" tabindex="-1" role="dialog">]]>
            </line>
            <line>
              <![CDATA[<div class="modal-dialog" role="document">]]>
            </line>
            <line>
              <![CDATA[<div class="modal-content">]]>
            </line>
            <line>
              <![CDATA[<div class="modal-header text-white bg-info">]]>
            </line>
            <line>
              <![CDATA[<h5 class="modal-title" id="title1">Response Header</h5>]]>
            </line>
            <line>
              <![CDATA[<span class="h6 text-light ml-2 mt-2">(click on the Text to copy)</span>]]>
            </line>
            <line>
              <![CDATA[<button type="button" class="close" data-dismiss="modal" aria-label="Close">]]>
            </line>
            <line>
              <![CDATA[<span aria-hidden="true">&times;</span>]]>
            </line>
            <line>
              <![CDATA[</button>]]>
            </line>
            <line>
              <![CDATA[</div>]]>
            </line>
            <line>
              <![CDATA[<div onClick="copyMePlease(this)" class="modal-body">]]>
            </line>
            <line>
              <![CDATA[Cache-Control=no-store
	Content-Type=application/json
	Date=Tue, 18 Sep 2018 09:40:54 GMT
	Transfer-Encoding=chunked]]>
            </line>
            <line>
              <![CDATA[</div>]]>
            </line>
            <line>
              <![CDATA[</div>]]>
            </line>
            <line>
              <![CDATA[</div>]]>
            </line>
            <line>
              <![CDATA[</div>]]>
            </line>
            <line>
              <![CDATA[</td>]]>
            </line>
            <line>
              <![CDATA[</tr>]]>
            </line>
            <line>
              <![CDATA[<tr>]]>
            </line>
            <line>
              <![CDATA[<td class="text-dark font-weight-bold" >Response :</td>]]>
            </line>
            <line>
              <![CDATA[<td class="" >]]>
            </line>
            <line>
              <![CDATA[<a href="" class="alert-link" data-toggle="modal" data-target="#rest_assured_logger_modal_value_63">Show</a>]]>
            </line>
            <line>
              <![CDATA[<div class="modal fade"  id="rest_assured_logger_modal_value_63" tabindex="-1" role="dialog">]]>
            </line>
            <line>
              <![CDATA[<div class="modal-dialog" role="document">]]>
            </line>
            <line>
              <![CDATA[<div class="modal-content">]]>
            </line>
            <line>
              <![CDATA[<div class="modal-header text-white bg-info">]]>
            </line>
            <line>
              <![CDATA[<h5 class="modal-title" id="title1">Response</h5>]]>
            </line>
            <line>
              <![CDATA[<span class="h6 text-light ml-2 mt-2">(click on the Text to copy)</span>]]>
            </line>
            <line>
              <![CDATA[<button type="button" class="close" data-dismiss="modal" aria-label="Close">]]>
            </line>
            <line>
              <![CDATA[<span aria-hidden="true">&times;</span>]]>
            </line>
            <line>
              <![CDATA[</button>]]>
            </line>
            <line>
              <![CDATA[</div>]]>
            </line>
            <line>
              <![CDATA[<div onClick="copyMePlease(this)" class="modal-body">]]>
            </line>
            <line>
              <![CDATA[{"kind":"PodList","apiVersion":"v1","metadata":{"selfLink":"/api/v1/namespaces/care-for-openshift-testing/pods","resourceVersion":"69531653"},"items":[{"metadata":{"name":"account-billingaccount-a-3368978633-xx8vr","generateName":"account-billingaccount-a-3368978633-","namespace":"care-for-openshift-testing","selfLink":"/api/v1/namespaces/care-for-openshift-testing/pods/account-billingaccount-a-3368978633-xx8vr","uid":"7dda2a51-ac17-11e8-bb86-0050569a887c","resourceVersion":"69351898","creationTimestamp":"2018-08-30T05:42:33Z","labels":{"microservice":"account-billingaccount","pod-template-hash":"3368978633","project":"account-billingaccount-exe","provider":"amdocs","release":"account-billingaccount"},"annotations":{"fabric8.io/iconUrl":"img/icons/spring-boot.svg","openshift.io/scc":"anyuid-no-ps"},"ownerReferences":[{"apiVersion":"extensions/v1beta1","kind":"ReplicaSet","name":"account-billingaccount-a-3368978633","uid":"ca2e7c8b-79f7-11e8-b420-0050569ac01d","controller":true,"blockOwnerDeletion":true}]},"spec":{"volumes":[{"name":"default-token-w6zvn","secret":{"secretName":"default-token-w6zvn","defaultMode":420}}],"initContainers":[{"name":"check-couchbase","image":"busybox","command":["sh","-c","timeout=0; while [[  $timeout -lt 90 ]]; do wget -q -O- -c http://couchbase-service:8091/ui/index.html \u003e /dev/null; if [ $? -ne 0 ]; then timeout=$(( timeout + 2 )); echo $timeout; else break; fi; done"],"resources":{},"volumeMounts":[{"name":"default-token-w6zvn","readOnly":true,"mountPath":"/var/run/secrets/kubernetes.io/serviceaccount"}],"terminationMessagePath":"/dev/termination-log","terminationMessagePolicy":"File","imagePullPolicy":"IfNotPresent","securityContext":{"capabilities":{"drop":["MKNOD"]}}},{"name":"create-bucket","image":"byrnedo/alpine-curl","command":["sh","-c","bucketName=com.amdocs.digital.ms.account.billingaccount; auth=Administrator:Administrator; server=couchbase-service; curl -X DELETE -u $auth http://$server:8091//pools/default/buckets/default; curl --fail -X POST -u $auth -d name=$bucketName -d ramQuotaMB=100 -d authType=sasl http://$server:8091/pools/default/buckets; curl --fail -u $auth http://$server:8091/pools/default/buckets/$bucketName"],"resources":{},"volumeMounts":[{"name":"default-token-w6zvn","readOnly":true,"mountPath":"/var/run/secrets/kubernetes.io/serviceaccount"}],"terminationMessagePath":"/dev/termination-log","terminationMessagePolicy":"File","imagePullPolicy":"IfNotPresent","securityContext":{"capabilities":{"drop":["MKNOD"]}}},{"name":"create-primary-index","image":"byrnedo/alpine-curl","command":["sh","-c","bucketName=com.amdocs.digital.ms.account.billingaccount; auth=Administrator:Administrator; server=couchbase-service; curl -X POST -v -u $auth http://$server:8093/query/service -d statement=create%20primary%20index%20on%20%60com.amdocs.digital.ms.account.billingaccount%60"],"resources":{},"volumeMounts":[{"name":"default-token-w6zvn","readOnly":true,"mountPath":"/var/run/secrets/kubernetes.io/serviceaccount"}],"terminationMessagePath":"/dev/termination-log","terminationMessagePolicy":"File","imagePullPolicy":"IfNotPresent","securityContext":{"capabilities":{"drop":["MKNOD"]}}},{"name":"create-ba-relatedpartyid-index","image":"byrnedo/alpine-curl","command":["sh","-c","bucketName=com.amdocs.digital.ms.account.billingaccount; auth=Administrator:Administrator; server=couchbase-service; curl -X POST -v -u $auth http://$server:8093/query/service -d statement='CREATE%20INDEX%20%60idx_billingaccount_relatedParty_id%60%20ON%20%60com.amdocs.digital.ms.account.billingaccount%60((all%20(array%20(%60r%60.%60id%60)%20for%20%60r%60%20in%20%60relatedParty%60%20end)))'"],"resources":{},"volumeMounts":[{"name":"default-token-w6zvn","readOnly":true,"mountPath":"/var/run/secrets/kubernetes.io/serviceaccount"}],"terminationMessagePath":"/dev/termination-log","terminationMessagePolicy":"File","imagePullPolicy":"IfNotPresent","securityContext":{"capabilities":{"drop":["MKNOD"]}}},{"name":"create-ba-financialaccountid-index","image":"byrnedo/alpine-curl","command":["sh","-c","bucketName=com.amdocs.digital.ms.account.billingaccount; auth=Administrator:Administrator; server=couchbase-service; curl -X POST -v -u $auth http://$server:8093/query/service -d statement='CREATE%20INDEX%20%60idx_billingaccount_financialAccount_id%60%20ON%20%60com.amdocs.digital.ms.account.billingaccount%60((%60financialAccount%60.%60id%60))'"],"resources":{},"volumeMounts":[{"name":"default-token-w6zvn","readOnly":true,"mountPath":"/var/run/secrets/kubernetes.io/serviceaccount"}],"terminationMessagePath":"/dev/termination-log","terminationMessagePolicy":"File","imagePullPolicy":"IfNotPresent","securityContext":{"capabilities":{"drop":["MKNOD"]}}}],"containers":[{"name":"account-billingaccount-service-container","image":"illin5564.corp.amdocs.com:5000/account-billingaccount-service:0.1.0-0223","ports":[{"name":"http","containerPort":8080,"protocol":"TCP"},{"name":"jacoco","containerPort":6300,"protocol":"TCP"},{"name":"management","containerPort":18080,"protocol":"TCP"}],"env":[{"name":"KUBERNETES_NAMESPACE","valueFrom":{"fieldRef":{"apiVersion":"v1","fieldPath":"metadata.namespace"}}},{"name":"MSNEXT_JAVA_OPTS","value":"-Dloader.main=com.amdocs.msnext.boot.Boot -Xms1024m -Xmx1024m -XX:MaxRAM=2048m -XX:+UseSerialGC -Dcom.amdocs.msnext.securitya3s.url=http://10.238.196.188:30081/asmServices/services/v1.0"},{"name":"MSNEXT_MODULE_MGT_DISABLE","value":"msnext-customization"},{"name":"MANAGEMENT_PORT","value":"18080"},{"name":"SERVER_PORT","value":"8080"},{"name":"MSNEXT_JACOCO_ENABLE","value":"1"},{"name":"MSNEXT_JACOCO_OPTS","value":"output=tcpserver,address=*,port=6300"},{"name":"MALLOC_ARENA_MAX","value":"4"}],"resources":{"limits":{"cpu":"1","memory":"1536Mi"},"requests":{"cpu":"200m","memory":"1Gi"}},"volumeMounts":[{"name":"default-token-w6zvn","readOnly":true,"mountPath":"/var/run/secrets/kubernetes.io/serviceaccount"}],"livenessProbe":{"httpGet":{"path":"/health","port":18080,"scheme":"HTTP"},"initialDelaySeconds":900,"timeoutSeconds":10,"periodSeconds":10,"successThreshold":1,"failureThreshold":3},"readinessProbe":{"httpGet":{"path":"/health","port":18080,"scheme":"HTTP"},"initialDelaySeconds":180,"timeoutSeconds":10,"periodSeconds":10,"successThreshold":1,"failureThreshold":3},"terminationMessagePath":"/dev/termination-log","terminationMessagePolicy":"File","imagePullPolicy":"IfNotPresent","securityContext":{"capabilities":{"drop":["MKNOD"]},"privileged":false}}],"restartPolicy":"Always","terminationGracePeriodSeconds":30,"dnsPolicy":"ClusterFirst","nodeSelector":{"region":"work"},"serviceAccountName":"default","serviceAccount":"default","nodeName":"ilocpde01w26.corp.amdocs.com","securityContext":{"seLinuxOptions":{"level":"s0:c15,c10"}},"imagePullSecrets":[{"name":"account-billingaccount-ms-secret"}],"schedulerName":"default-scheduler","tolerations":[{"key":"node.kubernetes.io/memory-pressure","operator":"Exists","effect":"NoSchedule"}]},"status":{"phase":"Running","conditions":[{"type":"Initialized","status":"True","lastProbeTime":null,"lastTransitionTime":"2018-08-30T05:42:52Z"},{"type":"Ready","status":"True","lastProbeTime":null,"lastTransitionTime":"2018-09-18T03:07:39Z"},{"type":"PodScheduled","status":"True","lastProbeTime":null,"lastTransitionTime":"2018-08-30T05:42:33Z"}],"hostIP":"10.245.251.167","podIP":"10.128.60.252","startTime":"2018-08-30T05:42:33Z","initContainerStatuses":[{"name":"check-couchbase","state":{"terminated":{"exitCode":0,"reason":"Completed","startedAt":"2018-08-30T05:42:35Z","finishedAt":"2018-08-30T05:42:35Z","containerID":"docker://8cc5119fdc45c00a07b6b576a15ce84d7b8efe323a5959397b2036a9fb82f233"}},"lastState":{},"ready":true,"restartCount":0,"image":"docker.io/busybox:latest","imageID":"docker-pullable://docker.io/busybox@sha256:141c253bc4c3fd0a201d32dc1f493bcf3fff003b6df416dea4f41046e0f37d47","containerID":"docker://8cc5119fdc45c00a07b6b576a15ce84d7b8efe323a5959397b2036a9fb82f233"},{"name":"create-bucket","state":{"terminated":{"exitCode":0,"reason":"Completed","startedAt":"2018-08-30T05:42:47Z","finishedAt":"2018-08-30T05:42:48Z","containerID":"docker://38674d55616bdf1173a4037926006b59bc0f5a5b7423b36fa24c03fe92c36903"}},"lastState":{},"ready":true,"restartCount":0,"image":"docker.io/byrnedo/alpine-curl:latest","imageID":"docker-pullable://docker.io/byrnedo/alpine-curl@sha256:e8cf497b3005c2f66c8411f814f3818ecd683dfea45267ebfb4918088a26a18c","containerID":"docker://38674d55616bdf1173a4037926006b59bc0f5a5b7423b36fa24c03fe92c36903"},{"name":"create-primary-index","state":{"terminated":{"exitCode":0,"reason":"Completed","startedAt":"2018-08-30T05:42:49Z","finishedAt":"2018-08-30T05:42:49Z","containerID":"docker://16ae4cea2bd9f912e98e2c6ad7cc4b446d8387bff963993c9a452d02ca60bd1e"}},"lastState":{},"ready":true,"restartCount":0,"image":"docker.io/byrnedo/alpine-curl:latest","imageID":"docker-pullable://docker.io/byrnedo/alpine-curl@sha256:e8cf497b3005c2f66c8411f814f3818ecd683dfea45267ebfb4918088a26a18c","containerID":"docker://16ae4cea2bd9f912e98e2c6ad7cc4b446d8387bff963993c9a452d02ca60bd1e"},{"name":"create-ba-relatedpartyid-index","state":{"terminated":{"exitCode":0,"reason":"Completed","startedAt":"2018-08-30T05:42:50Z","finishedAt":"2018-08-30T05:42:50Z","containerID":"docker://4f2e8d045498a4535c486747a86313435d41ccb15436682f2c1ce117f34c8762"}},"lastState":{},"ready":true,"restartCount":0,"image":"docker.io/byrnedo/alpine-curl:latest","imageID":"docker-pullable://docker.io/byrnedo/alpine-curl@sha256:e8cf497b3005c2f66c8411f814f3818ecd683dfea45267ebfb4918088a26a18c","containerID":"docker://4f2e8d045498a4535c486747a86313435d41ccb15436682f2c1ce117f34c8762"},{"name":"create-ba-financialaccountid-index","state":{"terminated":{"exitCode":0,"reason":"Completed","startedAt":"2018-08-30T05:42:51Z","finishedAt":"2018-08-30T05:42:51Z","containerID":"docker://6c9d388494db0c43d1c3c8d7397fb1743ae37d8805575e1fdbc0f9011743df72"}},"lastState":{},"ready":true,"restartCount":0,"image":"docker.io/byrnedo/alpine-curl:latest","imageID":"docker-pullable://docker.io/byrnedo/alpine-curl@sha256:e8cf497b3005c2f66c8411f814f3818ecd683dfea45267ebfb4918088a26a18c","containerID":"docker://6c9d388494db0c43d1c3c8d7397fb1743ae37d8805575e1fdbc0f9011743df72"}],"containerStatuses":[{"name":"account-billingaccount-service-container","state":{"running":{"startedAt":"2018-09-18T03:04:35Z"}},"lastState":{"terminated":{"exitCode":137,"reason":"OOMKilled","startedAt":"2018-09-17T09:52:06Z","finishedAt":"2018-09-18T03:04:34Z","containerID":"docker://91624e969d6e6d2325594462cd9ef609ed75cc36d1a1d16b124eee5c3636d825"}},"ready":true,"restartCount":12,"image":"illin5564.corp.amdocs.com:5000/account-billingaccount-service:0.1.0-0223","imageID":"docker-pullable://illin5564.corp.amdocs.com:5000/account-billingaccount-service@sha256:8f88339feea0a61d1155c9eb3ec8deaf451df1bdc9cd4db37b6e1f30acefbea7","containerID":"docker://5366b5215c37e0455a1cb44523b61a4d124f9b0b97b777346a0d1523dcd32b27"}],"qosClass":"Burstable"}},{"metadata":{"name":"attachment-attachment-at-201763807-2b4sm","generateName":"attachment-attachment-at-201763807-","namespace":"care-for-openshift-testing","selfLink":"/api/v1/namespaces/care-for-openshift-testing/pods/attachment-attachment-at-201763807-2b4sm","uid":"7ddf66a7-ac17-11e8-bb86-0050569a887c","resourceVersion":"64977713","creationTimestamp":"2018-08-30T05:42:33Z","labels":{"microservice":"attachment-attachment","pod-template-hash":"201763807","project":"attachment-attachment-exe","provider":"amdocs","release":"attachment-attachment"},"annotations":{"fabric8.io/iconUrl":"img/icons/spring-boot.svg","openshift.io/scc":"anyuid-no-ps"},"ownerReferences":[{"apiVersion":"extensions/v1beta1","kind":"ReplicaSet","name":"attachment-attachment-at-201763807","uid":"a38e52c9-79f7-11e8-b420-0050569ac01d","controller":true,"blockOwnerDeletion":true}]},"spec":{"volumes":[{"name":"default-token-w6zvn","secret":{"secretName":"default-token-w6zvn","defaultMode":420}}],"initContainers":[{"name":"check-couchbase","image":"busybox","command":["sh","-c","timeout=0; while [[  $timeout -lt 90 ]]; do wget -q -O- -c http://couchbase-service:8091/ui/index.html \u003e /dev/null; if [ $? -ne 0 ]; then timeout=$(( timeout + 2 )); echo $timeout; else break; fi; done"],"resources":{},"volumeMounts":[{"name":"default-token-w6zvn","readOnly":true,"mountPath":"/var/run/secrets/kubernetes.io/serviceaccount"}],"terminationMessagePath":"/dev/termination-log","terminationMessagePolicy":"File","imagePullPolicy":"IfNotPresent","securityContext":{"capabilities":{"drop":["MKNOD"]}}},{"name":"create-bucket","image":"byrnedo/alpine-curl","command":["sh","-c","bucketName=com.amdocs.digital.ms.attachment.attachment; auth=Administrator:Administrator; server=couchbase-service; curl -X DELETE -u $auth http://$server:8091//pools/default/buckets/default; curl --fail -X POST -u $auth -d name=$bucketName -d ramQuotaMB=100 -d authType=sasl http://$server:8091/pools/default/buckets; curl --fail -u $auth http://$server:8091/pools/default/buckets/$bucketName"],"resources":{},"volumeMounts":[{"name":"default-token-w6zvn","readOnly":true,"mountPath":"/var/run/secrets/kubernetes.io/serviceaccount"}],"terminationMessagePath":"/dev/termination-log","terminationMessagePolicy":"File","imagePullPolicy":"IfNotPresent","securityContext":{"capabilities":{"drop":["MKNOD"]}}},{"name":"create-primary-index","image":"byrnedo/alpine-curl","command":["sh","-c","bucketName=com.amdocs.digital.ms.attachment.attachment; auth=Administrator:Administrator; server=couchbase-service; curl -X POST -v -u $auth http://$server:8093/query/service -d statement=create%20primary%20index%20on%20%60com.amdocs.digital.ms.attachment.attachment%60"],"resources":{},"volumeMounts":[{"name":"default-token-w6zvn","readOnly":true,"mountPath":"/var/run/secrets/kubernetes.io/serviceaccount"}],"terminationMessagePath":"/dev/termination-log","terminationMessagePolicy":"File","imagePullPolicy":"IfNotPresent","securityContext":{"capabilities":{"drop":["MKNOD"]}}}],"containers":[{"name":"attachment-attachment-service-container","image":"illin5564.corp.amdocs.com:5000/attachment-attachment-service:0.1.0-0184","ports":[{"name":"http","containerPort":8080,"protocol":"TCP"},{"name":"jacoco","containerPort":6300,"protocol":"TCP"},{"name":"management","containerPort":18080,"protocol":"TCP"}],"env":[{"name":"KUBERNETES_NAMESPACE","valueFrom":{"fieldRef":{"apiVersion":"v1","fieldPath":"metadata.namespace"}}},{"name":"MSNEXT_JAVA_OPTS","value":"-Dloader.main=com.amdocs.msnext.boot.Boot -Xms1024m -Xmx1024m -XX:MaxRAM=2048m -XX:+UseSerialGC -Dcom.amdocs.msnext.securitya3s.url=http://10.238.196.188:30081/asmServices/services/v1.0"},{"name":"MSNEXT_MODULE_MGT_DISABLE","value":"msnext-customization"},{"name":"MANAGEMENT_PORT","value":"18080"},{"name":"SERVER_PORT","value":"8080"},{"name":"MALLOC_ARENA_MAX","value":"4"},{"name":"MSNEXT_JACOCO_ENABLE","value":"1"},{"name":"MSNEXT_JACOCO_OPTS","value":"output=tcpserver,address=*,port=6300"}],"resources":{"limits":{"cpu":"1","memory":"1536Mi"},"requests":{"cpu":"200m","memory":"1Gi"}},"volumeMounts":[{"name":"default-token-w6zvn","readOnly":true,"mountPath":"/var/run/secrets/kubernetes.io/serviceaccount"}],"livenessProbe":{"httpGet":{"path":"/health","port":18080,"scheme":"HTTP"},"initialDelaySeconds":900,"timeoutSeconds":10,"periodSeconds":10,"successThreshold":1,"failureThreshold":3},"readinessProbe":{"httpGet":{"path":"/health","port":18080,"scheme":"HTTP"},"initialDelaySeconds":180,"timeoutSeconds":10,"periodSeconds":10,"successThreshold":1,"failureThreshold":3},"terminationMessagePath":"/dev/termination-log","terminationMessagePolicy":"File","imagePullPolicy":"IfNotPresent","securityContext":{"capabilities":{"drop":["MKNOD"]},"privileged":false}}],"restartPolicy":"Always","terminationGracePeriodSeconds":30,"dnsPolicy":"ClusterFirst","nodeSelector":{"region":"work"},"serviceAccountName":"default","serviceAccount":"default","nodeName":"ilocpde01w11.corp.amdocs.com","securityContext":{"seLinuxOptions":{"level":"s0:c15,c10"}},"imagePullSecrets":[{"name":"attachment-attachment-ms-secret"}],"schedulerName":"default-scheduler","tolerations":[{"key":"node.kubernetes.io/memory-pressure","operator":"Exists","effect":"NoSchedule"}]},"status":{"phase":"Running","conditions":[{"type":"Initialized","status":"True","lastProbeTime":null,"lastTransitionTime":"2018-08-30T05:42:38Z"},{"type":"Ready","status":"True","lastProbeTime":null,"lastTransitionTime":"2018-09-11T19:55:36Z"},{"type":"PodScheduled","status":"True","lastProbeTime":null,"lastTransitionTime":"2018-08-30T05:42:33Z"}],"hostIP":"10.245.250.30","podIP":"10.128.35.68","startTime":"2018-08-30T05:42:33Z","initContainerStatuses":[{"name":"check-couchbase","state":{"terminated":{"exitCode":0,"reason":"Completed","startedAt":"2018-08-30T05:42:35Z","finishedAt":"2018-08-30T05:42:35Z","containerID":"docker://fa21996b8db75e3c03e69679c1ecbc085d68a32f60514b68c1beba0baaa0df1d"}},"lastState":{},"ready":true,"restartCount":0,"image":"docker.io/busybox:latest","imageID":"docker-pullable://docker.io/busybox@sha256:141c253bc4c3fd0a201d32dc1f493bcf3fff003b6df416dea4f41046e0f37d47","containerID":"docker://fa21996b8db75e3c03e69679c1ecbc085d68a32f60514b68c1beba0baaa0df1d"},{"name":"create-bucket","state":{"terminated":{"exitCode":0,"reason":"Completed","startedAt":"2018-08-30T05:42:36Z","finishedAt":"2018-08-30T05:42:36Z","containerID":"docker://c2855e5f2c7c9e6428f42087c04f2916063b5674bcc6ce248e3ad363b429385a"}},"lastState":{},"ready":true,"restartCount":0,"image":"docker.io/byrnedo/alpine-curl:latest","imageID":"docker-pullable://docker.io/byrnedo/alpine-curl@sha256:00c64bda2814f95a13ad6a46d6de487dc88f424f2b1f6c62c6dfce36701fe516","containerID":"docker://c2855e5f2c7c9e6428f42087c04f2916063b5674bcc6ce248e3ad363b429385a"},{"name":"create-primary-index","state":{"terminated":{"exitCode":0,"reason":"Completed","startedAt":"2018-08-30T05:42:37Z","finishedAt":"2018-08-30T05:42:37Z","containerID":"docker://1f9cd362818d9d2b1ad28e83f188db53f770485d8a8b8d3862417c430efb1c63"}},"lastState":{},"ready":true,"restartCount":0,"image":"docker.io/byrnedo/alpine-curl:latest","imageID":"docker-pullable://docker.io/byrnedo/alpine-curl@sha256:00c64bda2814f95a13ad6a46d6de487dc88f424f2b1f6c62c6dfce36701fe516","containerID":"docker://1f9cd362818d9d2b1ad28e83f188db53f770485d8a8b8d3862417c430efb1c63"}],"containerStatuses":[{"name":"attachment-attachment-service-container","state":{"running":{"startedAt":"2018-09-11T19:52:36Z"}},"lastState":{"terminated":{"exitCode":143,"reason":"Error","startedAt":"2018-08-30T05:42:42Z","finishedAt":"2018-09-11T19:52:36Z","containerID":"docker://6093ffe22a9201610f34ff97cfe71b1056646c9a6bd29677bed8e1a365e67c64"}},"ready":true,"restartCount":1,"image":"illin5564.corp.amdocs.com:5000/attachment-attachment-service:0.1.0-0184","imageID":"docker-pullable://illin5564.corp.amdocs.com:5000/attachment-attachment-service@sha256:0df74048fcda70427f191a6305a3479b2db12734b1747260e970288a82c1300a","containerID":"docker://09b9f5c28db73541fabd5db645a7746bef233d0c13eda71d995c6ab2675cf031"}],"qosClass":"Burstable"}},{"metadata":{"name":"attachment-dmsbridge-att-2302686010-mcczh","generateName":"attachment-dmsbridge-att-2302686010-","namespace":"care-for-openshift-testing","selfLink":"/api/v1/namespaces/care-for-openshift-testing/pods/attachment-dmsbridge-att-2302686010-mcczh","uid":"7de30f11-ac17-11e8-bb86-0050569a887c","resourceVersion":"56205946","creationTimestamp":"2018-08-30T05:42:33Z","labels":{"microservice":"attachment-dmsbridge","pod-template-hash":"2302686010","project":"attachment-dmsbridge-exe","provider":"amdocs","release":"attachment-dmsbridge"},"annotations":{"checksum/config":"41e22316ef62dd31e3c6a20da0e1b308a149399883e147166c17e14c76522dea","git-commit":"cba7ed2ae82eb52e89d73fcfa6f69d735b0e7056","openshift.io/scc":"anyuid-no-ps"},"ownerReferences":[{"apiVersion":"extensions/v1beta1","kind":"ReplicaSet","name":"attachment-dmsbridge-att-2302686010","uid":"68d7ced3-79fa-11e8-b420-0050569ac01d","controller":true,"blockOwnerDeletion":true}]},"spec":{"volumes":[{"name":"prop-volume","configMap":{"name":"attachment-dmsbridge-service-appconfigmap","defaultMode":420}},{"name":"default-token-w6zvn","secret":{"secretName":"default-token-w6zvn","defaultMode":420}}],"containers":[{"name":"attachment-dmsbridge-service-container","image":"illin5564.corp.amdocs.com:5000/attachment-dmsbridge-service:0.1.1-0002","ports":[{"name":"http","containerPort":8080,"protocol":"TCP"},{"name":"jacoco","containerPort":6300,"protocol":"TCP"},{"name":"management","containerPort":18080,"protocol":"TCP"}],"env":[{"name":"MSNEXT_CONF_SOURCE_APP","value":"/etc/config"},{"name":"KUBERNETES_NAMESPACE","valueFrom":{"fieldRef":{"apiVersion":"v1","fieldPath":"metadata.namespace"}}},{"name":"MSNEXT_JAVA_OPTS","value":"-Dloader.main=com.amdocs.msnext.boot.Boot -Xms1024m -Xmx1024m -XX:+DisableExplicitGC -XX:+UseConcMarkSweepGC -XX:+CMSParallelRemarkEnabled -XX:NewRatio=1 -Xss512k -XX:MaxMetaspaceSize=512m -Dcom.amdocs.msnext.securitya3s.url=http://10.238.196.188:30081/asmServices/services/v1.0"},{"name":"MSNEXT_MODULE_MGT_DISABLE","value":"msnext-customization"},{"name":"MANAGEMENT_PORT","value":"18080"},{"name":"SERVER_PORT","value":"8080"},{"name":"MALLOC_ARENA_MAX","value":"4"},{"name":"MSNEXT_JACOCO_ENABLE","value":"1"},{"name":"MSNEXT_JACOCO_OPTS","value":"output=tcpserver,address=*,port=6300"}],"resources":{"limits":{"cpu":"1","memory":"1536Mi"},"requests":{"cpu":"200m","memory":"1Gi"}},"volumeMounts":[{"name":"prop-volume","mountPath":"/etc/config"},{"name":"default-token-w6zvn","readOnly":true,"mountPath":"/var/run/secrets/kubernetes.io/serviceaccount"}],"livenessProbe":{"httpGet":{"path":"/health","port":18080,"scheme":"HTTP"},"initialDelaySeconds":900,"timeoutSeconds":10,"periodSeconds":10,"successThreshold":1,"failureThreshold":3},"readinessProbe":{"httpGet":{"path":"/health","port":18080,"scheme":"HTTP"},"initialDelaySeconds":180,"timeoutSeconds":10,"periodSeconds":10,"successThreshold":1,"failureThreshold":3},"terminationMessagePath":"/dev/termination-log","terminationMessagePolicy":"File","imagePullPolicy":"IfNotPresent","securityContext":{"capabilities":{"drop":["MKNOD"]},"privileged":false}}],"restartPolicy":"Always","terminationGracePeriodSeconds":30,"dnsPolicy":"ClusterFirst","nodeSelector":{"region":"work"},"serviceAccountName":"default","serviceAccount":"default","nodeName":"ilocpde01w03.corp.amdocs.com","securityContext":{"seLinuxOptions":{"level":"s0:c15,c10"}},"imagePullSecrets":[{"name":"attachment-dmsbridge-ms-secret"}],"schedulerName":"default-scheduler","tolerations":[{"key":"node.kubernetes.io/memory-pressure","operator":"Exists","effect":"NoSchedule"}]},"status":{"phase":"Running","conditions":[{"type":"Initialized","status":"True","lastProbeTime":null,"lastTransitionTime":"2018-08-30T05:42:33Z"},{"type":"Ready","status":"True","lastProbeTime":null,"lastTransitionTime":"2018-08-31T07:19:06Z"},{"type":"PodScheduled","status":"True","lastProbeTime":null,"lastTransitionTime":"2018-08-30T05:42:33Z"}],"hostIP":"10.245.250.22","podIP":"10.128.10.121","startTime":"2018-08-30T05:42:33Z","containerStatuses":[{"name":"attachment-dmsbridge-service-container","state":{"running":{"startedAt":"2018-08-31T07:16:02Z"}},"lastState":{"terminated":{"exitCode":143,"reason":"Error","startedAt":"2018-08-30T05:42:38Z","finishedAt":"2018-08-31T07:15:33Z","containerID":"docker://a29cc958ef9f7215ed605d3956e86b42d9e1b33c1b0bdb3e737ee9d20022c573"}},"ready":true,"restartCount":1,"image":"illin5564.corp.amdocs.com:5000/attachment-dmsbridge-service:0.1.1-0002","imageID":"docker-pullable://illin5564.corp.amdocs.com:5000/attachment-dmsbridge-service@sha256:a44689bf31f64345dcb03e13c7a2be6064f0d7d525f857178a5fc444a05acb6d","containerID":"docker://be93cba2b3913622e1df1c747e0177545cefbb287aac623ae1cd40fe0abb6672"}],"qosClass":"Burstable"}},{"metadata":{"name":"creditprofile-crediteval-2801187318-fnc7s","generateName":"creditprofile-crediteval-2801187318-","namespace":"care-for-openshift-testing","selfLink":"/api/v1/namespaces/care-for-openshift-testing/pods/creditprofile-crediteval-2801187318-fnc7s","uid":"7df09d40-ac17-11e8-bb86-0050569a887c","resourceVersion":"63498745","creationTimestamp":"2018-08-30T05:42:33Z","labels":{"microservice":"creditprofile-crediteval","pod-template-hash":"2801187318","project":"creditprofile-creditevaluatorbridge-exe","provider":"amdocs","release":"creditprofile-creditevaluatorbridge"},"annotations":{"fabric8.io/iconUrl":"img/icons/spring-boot.svg","openshift.io/scc":"anyuid-no-ps"},"ownerReferences":[{"apiVersion":"extensions/v1beta1","kind":"ReplicaSet","name":"creditprofile-crediteval-2801187318","uid":"ccbb1cc8-79f8-11e8-b420-0050569ac01d","controller":true,"blockOwnerDeletion":true}]},"spec":{"volumes":[{"name":"default-token-w6zvn","secret":{"secretName":"default-token-w6zvn","defaultMode":420}}],"initContainers":[{"name":"check-couchbase","image":"busybox","command":["sh","-c","timeout=0; while [[  $timeout -lt 90 ]]; do wget -q -O- -c http://couchbase-service:8091/ui/index.html \u003e /dev/null; if [ $? -ne 0 ]; then timeout=$(( timeout + 2 )); echo $timeout; else break; fi; done"],"resources":{},"volumeMounts":[{"name":"default-token-w6zvn","readOnly":true,"mountPath":"/var/run/secrets/kubernetes.io/serviceaccount"}],"terminationMessagePath":"/dev/termination-log","terminationMessagePolicy":"File","imagePullPolicy":"IfNotPresent","securityContext":{"capabilities":{"drop":["MKNOD"]}}},{"name":"create-bucket","image":"byrnedo/alpine-curl","command":["sh","-c","bucketName=com.amdocs.digital.ms.creditprofile.creditevaluatorbridge; auth=Administrator:Administrator; server=couchbase-service; curl -X DELETE -u $auth http://$server:8091//pools/default/buckets/default; curl --fail -X POST -u $auth -d name=$bucketName -d ramQuotaMB=100 -d authType=sasl http://$server:8091/pools/default/buckets; curl --fail -u $auth http://$server:8091/pools/default/buckets/$bucketName"],"resources":{},"volumeMounts":[{"name":"default-token-w6zvn","readOnly":true,"mountPath":"/var/run/secrets/kubernetes.io/serviceaccount"}],"terminationMessagePath":"/dev/termination-log","terminationMessagePolicy":"File","imagePullPolicy":"IfNotPresent","securityContext":{"capabilities":{"drop":["MKNOD"]}}},{"name":"create-primary-index","image":"byrnedo/alpine-curl","command":["sh","-c","bucketName=com.amdocs.digital.ms.creditprofile.creditevaluatorbridge; auth=Administrator:Administrator; server=couchbase-service; curl -X POST -v -u $auth http://$server:8093/query/service -d statement=create%20primary%20index%20on%20%60com.amdocs.digital.ms.creditprofile.creditevaluatorbridge%60"],"resources":{},"volumeMounts":[{"name":"default-token-w6zvn","readOnly":true,"mountPath":"/var/run/secrets/kubernetes.io/serviceaccount"}],"terminationMessagePath":"/dev/termination-log","terminationMessagePolicy":"File","imagePullPolicy":"IfNotPresent","securityContext":{"capabilities":{"drop":["MKNOD"]}}}],"containers":[{"name":"creditprofile-creditevaluatorbridge-service-container","image":"illin5564.corp.amdocs.com:5000/creditprofile-creditevaluatorbridge-service:0.1.0-0072","ports":[{"name":"http","containerPort":8080,"protocol":"TCP"},{"name":"jacoco","containerPort":6300,"protocol":"TCP"},{"name":"management","containerPort":18080,"protocol":"TCP"}],"env":[{"name":"KUBERNETES_NAMESPACE","valueFrom":{"fieldRef":{"apiVersion":"v1","fieldPath":"metadata.namespace"}}},{"name":"MSNEXT_JAVA_OPTS","value":"-Dloader.main=com.amdocs.msnext.boot.Boot -Xms1024m -Xmx1024m -XX:MaxRAM=2048m -XX:+UseSerialGC -Dcom.amdocs.msnext.securitya3s.url=http://10.238.196.188:30081/asmServices/services/v1.0"},{"name":"MSNEXT_MODULE_MGT_DISABLE","value":"msnext-customization"},{"name":"MANAGEMENT_PORT","value":"18080"},{"name":"MALLOC_ARENA_MAX","value":"4"},{"name":"SERVER_PORT","value":"8080"},{"name":"MSNEXT_JACOCO_ENABLE","value":"1"},{"name":"MSNEXT_JACOCO_OPTS","value":"output=tcpserver,address=*,port=6300"}],"resources":{"limits":{"cpu":"1","memory":"1536Mi"},"requests":{"cpu":"200m","memory":"1Gi"}},"volumeMounts":[{"name":"default-token-w6zvn","readOnly":true,"mountPath":"/var/run/secrets/kubernetes.io/serviceaccount"}],"livenessProbe":{"httpGet":{"path":"/health","port":18080,"scheme":"HTTP"},"initialDelaySeconds":900,"timeoutSeconds":10,"periodSeconds":10,"successThreshold":1,"failureThreshold":3},"readinessProbe":{"httpGet":{"path":"/health","port":18080,"scheme":"HTTP"},"initialDelaySeconds":180,"timeoutSeconds":10,"periodSeconds":10,"successThreshold":1,"failureThreshold":3},"terminationMessagePath":"/dev/termination-log","terminationMessagePolicy":"File","imagePullPolicy":"IfNotPresent","securityContext":{"capabilities":{"drop":["MKNOD"]},"privileged":false}}],"restartPolicy":"Always","terminationGracePeriodSeconds":30,"dnsPolicy":"ClusterFirst","nodeSelector":{"region":"work"},"serviceAccountName":"default","serviceAccount":"default","nodeName":"ilocpde01w02.corp.amdocs.com","securityContext":{"seLinuxOptions":{"level":"s0:c15,c10"}},"imagePullSecrets":[{"name":"creditprofile-creditevaluatorbridge-ms-secret"}],"schedulerName":"default-scheduler","tolerations":[{"key":"node.kubernetes.io/memory-pressure","operator":"Exists","effect":"NoSchedule"}]},"status":{"phase":"Running","conditions":[{"type":"Initialized","status":"True","lastProbeTime":null,"lastTransitionTime":"2018-08-30T05:42:38Z"},{"type":"Ready","status":"True","lastProbeTime":null,"lastTransitionTime":"2018-09-09T21:05:50Z"},{"type":"PodScheduled","status":"True","lastProbeTime":null,"lastTransitionTime":"2018-08-30T05:42:33Z"}],"hostIP":"10.245.250.21","podIP":"10.128.13.193","startTime":"2018-08-30T05:42:33Z","initContainerStatuses":[{"name":"check-couchbase","state":{"terminated":{"exitCode":0,"reason":"Completed","startedAt":"2018-08-31T07:16:37Z","finishedAt":"2018-08-31T07:16:37Z","containerID":"docker://cb17fa4bec1d6d29038a2f7772499c6d556a74c5b4831d61b5babaf2ad82b328"}},"lastState":{},"ready":true,"restartCount":1,"image":"docker.io/busybox:latest","imageID":"docker-pullable://docker.io/busybox@sha256:58ac43b2cc92c687a32c8be6278e50a063579655fe3090125dcb2af0ff9e1a64","containerID":"docker://cb17fa4bec1d6d29038a2f7772499c6d556a74c5b4831d61b5babaf2ad82b328"},{"name":"create-bucket","state":{"terminated":{"exitCode":0,"reason":"Completed","startedAt":"2018-08-31T07:19:50Z","finishedAt":"2018-08-31T07:19:51Z","containerID":"docker://2e6b09fbcf5e804e76e2d17993c7ef1df2ff81c79aa24679c64267f0b40b0a31"}},"lastState":{},"ready":true,"restartCount":0,"image":"docker.io/byrnedo/alpine-curl:latest","imageID":"docker-pullable://docker.io/byrnedo/alpine-curl@sha256:00c64bda2814f95a13ad6a46d6de487dc88f424f2b1f6c62c6dfce36701fe516","containerID":"docker://2e6b09fbcf5e804e76e2d17993c7ef1df2ff81c79aa24679c64267f0b40b0a31"},{"name":"create-primary-index","state":{"terminated":{"exitCode":0,"reason":"Completed","startedAt":"2018-08-31T07:19:54Z","finishedAt":"2018-08-31T07:19:55Z","containerID":"docker://22f8d96ee042a73d06e7dee9d994ae6f3245090f15144028875af7659cb4ad6d"}},"lastState":{},"ready":true,"restartCount":0,"image":"docker.io/byrnedo/alpine-curl:latest","imageID":"docker-pullable://docker.io/byrnedo/alpine-curl@sha256:00c64bda2814f95a13ad6a46d6de487dc88f424f2b1f6c62c6dfce36701fe516","containerID":"docker://22f8d96ee042a73d06e7dee9d994ae6f3245090f15144028875af7659cb4ad6d"}],"containerStatuses":[{"name":"creditprofile-creditevaluatorbridge-service-container","state":{"running":{"startedAt":"2018-09-09T21:02:49Z"}},"lastState":{"terminated":{"exitCode":143,"reason":"Error","startedAt":"2018-08-31T07:19:58Z","finishedAt":"2018-09-09T21:02:49Z","containerID":"docker://beeb7ccf1d448a66121ad0e089847433db40cd19a6085179e2271b5bbcf8dc60"}},"ready":true,"restartCount":2,"image":"illin5564.corp.amdocs.com:5000/creditprofile-creditevaluatorbridge-service:0.1.0-0072","imageID":"docker-pullable://illin5564.corp.amdocs.com:5000/creditprofile-creditevaluatorbridge-service@sha256:c09ce9401a3d6a31e65832a54ef92b21ea5baf76b6c6a3b87b88ed122be7b9fe","containerID":"docker://886fe33b392d8b48b3ef37883a14412c596d85d81df81d1d3c483f7475919b3a"}],"qosClass":"Burstable"}},{"metadata":{"name":"creditprofile-creditprof-3048733389-58wpg","generateName":"creditprofile-creditprof-3048733389-","namespace":"care-for-openshift-testing","selfLink":"/api/v1/namespaces/care-for-openshift-testing/pods/creditprofile-creditprof-3048733389-58wpg","uid":"7df234f9-ac17-11e8-bb86-0050569a887c","resourceVersion":"68414222","creationTimestamp":"2018-08-30T05:42:33Z","labels":{"microservice":"creditprofile-creditprof","pod-template-hash":"3048733389","project":"creditprofile-creditprofile-exe","provider":"amdocs","release":"creditprofile-creditprofile"},"annotations":{"fabric8.io/iconUrl":"img/icons/spring-boot.svg","openshift.io/scc":"anyuid-no-ps"},"ownerReferences":[{"apiVersion":"extensions/v1beta1","kind":"ReplicaSet","name":"creditprofile-creditprof-3048733389","uid":"f2168d13-79f8-11e8-b420-0050569ac01d","controller":true,"blockOwnerDeletion":true}]},"spec":{"volumes":[{"name":"default-token-w6zvn","secret":{"secretName":"default-token-w6zvn","defaultMode":420}}],"initContainers":[{"name":"check-couchbase","image":"busybox","command":["sh","-c","timeout=0; while [[  $timeout -lt 90 ]]; do wget -q -O- -c http://couchbase-service:8091/ui/index.html \u003e /dev/null; if [ $? -ne 0 ]; then timeout=$(( timeout + 2 )); echo $timeout; else break; fi; done"],"resources":{},"volumeMounts":[{"name":"default-token-w6zvn","readOnly":true,"mountPath":"/var/run/secrets/kubernetes.io/serviceaccount"}],"terminationMessagePath":"/dev/termination-log","terminationMessagePolicy":"File","imagePullPolicy":"IfNotPresent","securityContext":{"capabilities":{"drop":["MKNOD"]}}},{"name":"create-bucket","image":"byrnedo/alpine-curl","command":["sh","-c","bucketName=com.amdocs.digital.ms.creditprofile.creditprofile; auth=Administrator:Administrator; server=couchbase-service; curl -X DELETE -u $auth http://$server:8091//pools/default/buckets/default; curl --fail -X POST -u $auth -d name=$bucketName -d ramQuotaMB=100 -d authType=sasl http://$server:8091/pools/default/buckets; curl --fail -u $auth http://$server:8091/pools/default/buckets/$bucketName"],"resources":{},"volumeMounts":[{"name":"default-token-w6zvn","readOnly":true,"mountPath":"/var/run/secrets/kubernetes.io/serviceaccount"}],"terminationMessagePath":"/dev/termination-log","terminationMessagePolicy":"File","imagePullPolicy":"IfNotPresent","securityContext":{"capabilities":{"drop":["MKNOD"]}}},{"name":"create-primary-index","image":"byrnedo/alpine-curl","command":["sh","-c","bucketName=com.amdocs.digital.ms.creditprofile.creditprofile; auth=Administrator:Administrator; server=couchbase-service; curl -X POST -v -u $auth http://$server:8093/query/service -d statement=create%20primary%20index%20on%20%60com.amdocs.digital.ms.creditprofile.creditprofile%60"],"resources":{},"volumeMounts":[{"name":"default-token-w6zvn","readOnly":true,"mountPath":"/var/run/secrets/kubernetes.io/serviceaccount"}],"terminationMessagePath":"/dev/termination-log","terminationMessagePolicy":"File","imagePullPolicy":"IfNotPresent","securityContext":{"capabilities":{"drop":["MKNOD"]}}},{"name":"create-cp-relatedparty-index","image":"byrnedo/alpine-curl","command":["sh","-c","bucketName=com.amdocs.digital.ms.creditprofile.creditprofile; auth=Administrator:Administrator; server=couchbase-service; curl -X POST -v -u $auth http://$server:8093/query/service -d statement='CREATE%20INDEX%20%60idx_creditProfile_relatedPartyId%60%20ON%20%60com.amdocs.digital.ms.creditprofile.creditprofile%60((%60relatedParty%60.%60id%60))'"],"resources":{},"volumeMounts":[{"name":"default-token-w6zvn","readOnly":true,"mountPath":"/var/run/secrets/kubernetes.io/serviceaccount"}],"terminationMessagePath":"/dev/termination-log","terminationMessagePolicy":"File","imagePullPolicy":"IfNotPresent","securityContext":{"capabilities":{"drop":["MKNOD"]}}}],"containers":[{"name":"creditprofile-creditprofile-service-container","image":"illin5564.corp.amdocs.com:5000/creditprofile-creditprofile-service:0.1.0-0180","ports":[{"name":"http","containerPort":8080,"protocol":"TCP"},{"name":"jacoco","containerPort":6300,"protocol":"TCP"},{"name":"management","containerPort":18080,"protocol":"TCP"}],"env":[{"name":"KUBERNETES_NAMESPACE","valueFrom":{"fieldRef":{"apiVersion":"v1","fieldPath":"metadata.namespace"}}},{"name":"MSNEXT_JAVA_OPTS","value":"-Dloader.main=com.amdocs.msnext.boot.Boot -Xms1024m -Xmx1024m -XX:MaxRAM=2048m -XX:+UseSerialGC -Dcom.amdocs.msnext.securitya3s.url=http://10.238.196.188:30081/asmServices/services/v1.0"},{"name":"MSNEXT_MODULE_MGT_DISABLE","value":"msnext-customization"},{"name":"MANAGEMENT_PORT","value":"18080"},{"name":"SERVER_PORT","value":"8080"},{"name":"MALLOC_ARENA_MAX","value":"4"},{"name":"MSNEXT_JACOCO_ENABLE","value":"1"},{"name":"MSNEXT_JACOCO_OPTS","value":"output=tcpserver,address=*,port=6300"}],"resources":{"limits":{"cpu":"1","memory":"1536Mi"},"requests":{"cpu":"200m","memory":"1Gi"}},"volumeMounts":[{"name":"default-token-w6zvn","readOnly":true,"mountPath":"/var/run/secrets/kubernetes.io/serviceaccount"}],"livenessProbe":{"httpGet":{"path":"/health","port":18080,"scheme":"HTTP"},"initialDelaySeconds":900,"timeoutSeconds":10,"periodSeconds":10,"successThreshold":1,"failureThreshold":3},"readinessProbe":{"httpGet":{"path":"/health","port":18080,"scheme":"HTTP"},"initialDelaySeconds":180,"timeoutSeconds":10,"periodSeconds":10,"successThreshold":1,"failureThreshold":3},"terminationMessagePath":"/dev/termination-log","terminationMessagePolicy":"File","imagePullPolicy":"IfNotPresent","securityContext":{"capabilities":{"drop":["MKNOD"]},"privileged":false}}],"restartPolicy":"Always","terminationGracePeriodSeconds":30,"dnsPolicy":"ClusterFirst","nodeSelector":{"region":"work"},"serviceAccountName":"default","serviceAccount":"default","nodeName":"ilocpde01w34.corp.amdocs.com","securityContext":{"seLinuxOptions":{"level":"s0:c15,c10"}},"imagePullSecrets":[{"name":"creditprofile-creditprofile-ms-secret"}],"schedulerName":"default-scheduler","tolerations":[{"key":"node.kubernetes.io/memory-pressure","operator":"Exists","effect":"NoSchedule"}]},"status":{"phase":"Running","conditions":[{"type":"Initialized","status":"True","lastProbeTime":null,"lastTransitionTime":"2018-08-30T05:42:52Z"},{"type":"Ready","status":"True","lastProbeTime":null,"lastTransitionTime":"2018-09-16T16:58:17Z"},{"type":"PodScheduled","status":"True","lastProbeTime":null,"lastTransitionTime":"2018-08-30T05:42:33Z"}],"hostIP":"10.245.251.175","podIP":"10.128.78.62","startTime":"2018-08-30T05:42:33Z","initContainerStatuses":[{"name":"check-couchbase","state":{"terminated":{"exitCode":0,"reason":"Completed","startedAt":"2018-08-30T05:42:35Z","finishedAt":"2018-08-30T05:42:35Z","containerID":"docker://c139a7494b5de758c65a0f12188f787f22adb710fa446431e91df2384734a17f"}},"lastState":{},"ready":true,"restartCount":0,"image":"docker.io/busybox:latest","imageID":"docker-pullable://docker.io/busybox@sha256:cb63aa0641a885f54de20f61d152187419e8f6b159ed11a251a09d115fdff9bd","containerID":"docker://c139a7494b5de758c65a0f12188f787f22adb710fa446431e91df2384734a17f"},{"name":"create-bucket","state":{"terminated":{"exitCode":0,"reason":"Completed","startedAt":"2018-08-30T05:42:50Z","finishedAt":"2018-08-30T05:42:50Z","containerID":"docker://b1af81646e18607044594199987de077fc571e97b817c7767ab54ebc1bf14f45"}},"lastState":{},"ready":true,"restartCount":0,"image":"docker.io/byrnedo/alpine-curl:latest","imageID":"docker-pullable://docker.io/byrnedo/alpine-curl@sha256:e8cf497b3005c2f66c8411f814f3818ecd683dfea45267ebfb4918088a26a18c","containerID":"docker://b1af81646e18607044594199987de077fc571e97b817c7767ab54ebc1bf14f45"},{"name":"create-primary-index","state":{"terminated":{"exitCode":0,"reason":"Completed","startedAt":"2018-08-30T05:42:50Z","finishedAt":"2018-08-30T05:42:51Z","containerID":"docker://3f670d60ee74e9729c50faedc2d3ae1f8b1fca514e783301da5991ac8c682437"}},"lastState":{},"ready":true,"restartCount":0,"image":"docker.io/byrnedo/alpine-curl:latest","imageID":"docker-pullable://docker.io/byrnedo/alpine-curl@sha256:e8cf497b3005c2f66c8411f814f3818ecd683dfea45267ebfb4918088a26a18c","containerID":"docker://3f670d60ee74e9729c50faedc2d3ae1f8b1fca514e783301da5991ac8c682437"},{"name":"create-cp-relatedparty-index","state":{"terminated":{"exitCode":0,"reason":"Completed","startedAt":"2018-08-30T05:42:52Z","finishedAt":"2018-08-30T05:42:52Z","containerID":"docker://0fec97b8db4201393b06a1bbdb29291dd1df21222adf5417f8523ebbc5096e36"}},"lastState":{},"ready":true,"restartCount":0,"image":"docker.io/byrnedo/alpine-curl:latest","imageID":"docker-pullable://docker.io/byrnedo/alpine-curl@sha256:e8cf497b3005c2f66c8411f814f3818ecd683dfea45267ebfb4918088a26a18c","containerID":"docker://0fec97b8db4201393b06a1bbdb29291dd1df21222adf5417f8523ebbc5096e36"}],"containerStatuses":[{"name":"creditprofile-creditprofile-service-container","state":{"running":{"startedAt":"2018-09-16T16:55:09Z"}},"lastState":{"terminated":{"exitCode":137,"reason":"OOMKilled","startedAt":"2018-09-14T19:55:59Z","finishedAt":"2018-09-16T16:55:08Z","containerID":"docker://fef8a4a79d95ae144f3d72574070c85fed33e562025f9733024342306906e219"}},"ready":true,"restartCount":4,"image":"illin5564.corp.amdocs.com:5000/creditprofile-creditprofile-service:0.1.0-0180","imageID":"docker-pullable://illin5564.corp.amdocs.com:5000/creditprofile-creditprofile-service@sha256:92f83a88a8da15154cba55135d3f5113e0042edd9a6a546e3c6a0fb0ab23503a","containerID":"docker://3bf86b2312dae316a60db08ef01c08599d2fc03649c3b76246c00893ad47071f"}],"qosClass":"Burstable"}},{"metadata":{"name":"customer-customer-custom-1421202785-vc7bj","generateName":"customer-customer-custom-1421202785-","namespace":"care-for-openshift-testing","selfLink":"/api/v1/namespaces/care-for-openshift-testing/pods/customer-customer-custom-1421202785-vc7bj","uid":"7df330df-ac17-11e8-bb86-0050569a887c","resourceVersion":"66767368","creationTimestamp":"2018-08-30T05:42:33Z","labels":{"microservice":"customer-customer","pod-template-hash":"1421202785","project":"customer-customer-exe","provider":"amdocs","release":"customer-customer"},"annotations":{"fabric8.io/iconUrl":"img/icons/spring-boot.svg","openshift.io/scc":"anyuid-no-ps"},"ownerReferences":[{"apiVersion":"extensions/v1beta1","kind":"ReplicaSet","name":"customer-customer-custom-1421202785","uid":"e8534071-79f7-11e8-b420-0050569ac01d","controller":true,"blockOwnerDeletion":true}]},"spec":{"volumes":[{"name":"default-token-w6zvn","secret":{"secretName":"default-token-w6zvn","defaultMode":420}}],"initContainers":[{"name":"check-couchbase","image":"busybox","command":["sh","-c","timeout=0; while [[  $timeout -lt 90 ]]; do wget -q -O- -c http://couchbase-service:8091/ui/index.html \u003e /dev/null; if [ $? -ne 0 ]; then timeout=$(( timeout + 2 )); echo $timeout; else break; fi; done"],"resources":{},"volumeMounts":[{"name":"default-token-w6zvn","readOnly":true,"mountPath":"/var/run/secrets/kubernetes.io/serviceaccount"}],"terminationMessagePath":"/dev/termination-log","terminationMessagePolicy":"File","imagePullPolicy":"IfNotPresent","securityContext":{"capabilities":{"drop":["MKNOD"]}}},{"name":"create-bucket","image":"byrnedo/alpine-curl","command":["sh","-c","bucketName=com.amdocs.digital.ms.customer.customer; auth=Administrator:Administrator; server=couchbase-service; curl -X DELETE -u $auth http://$server:8091//pools/default/buckets/default; curl --fail -X POST -u $auth -d name=$bucketName -d ramQuotaMB=100 -d authType=sasl http://$server:8091/pools/default/buckets; curl --fail -u $auth http://$server:8091/pools/default/buckets/$bucketName"],"resources":{},"volumeMounts":[{"name":"default-token-w6zvn","readOnly":true,"mountPath":"/var/run/secrets/kubernetes.io/serviceaccount"}],"terminationMessagePath":"/dev/termination-log","terminationMessagePolicy":"File","imagePullPolicy":"IfNotPresent","securityContext":{"capabilities":{"drop":["MKNOD"]}}}],"containers":[{"name":"customer-customer-service-container","image":"illin5564.corp.amdocs.com:5000/customer-customer-service:0.1.0-0728","ports":[{"name":"http","containerPort":8080,"protocol":"TCP"},{"name":"management","containerPort":18080,"protocol":"TCP"},{"name":"jacoco","containerPort":6300,"protocol":"TCP"}],"env":[{"name":"KUBERNETES_NAMESPACE","valueFrom":{"fieldRef":{"apiVersion":"v1","fieldPath":"metadata.namespace"}}},{"name":"MSNEXT_JAVA_OPTS","value":"-Dloader.main=com.amdocs.msnext.boot.Boot -Xms1024m -Xmx1024m -XX:MaxRAM=2048m -XX:+UseSerialGC -Dcom.amdocs.msnext.securitya3s.url=http://10.238.196.188:30081/asmServices/services/v1.0"},{"name":"MSNEXT_MODULE_MGT_DISABLE","value":"msnext-customization"},{"name":"MANAGEMENT_PORT","value":"18080"},{"name":"MALLOC_ARENA_MAX","value":"4"},{"name":"SERVER_PORT","value":"8080"},{"name":"MSNEXT_JACOCO_ENABLE","value":"1"},{"name":"MSNEXT_JACOCO_OPTS","value":"output=tcpserver,address=*,port=6300"}],"resources":{"limits":{"cpu":"1","memory":"1536Mi"},"requests":{"cpu":"200m","memory":"1Gi"}},"volumeMounts":[{"name":"default-token-w6zvn","readOnly":true,"mountPath":"/var/run/secrets/kubernetes.io/serviceaccount"}],"livenessProbe":{"httpGet":{"path":"/health","port":18080,"scheme":"HTTP"},"initialDelaySeconds":900,"timeoutSeconds":1,"periodSeconds":10,"successThreshold":1,"failureThreshold":3},"readinessProbe":{"httpGet":{"path":"/health","port":18080,"scheme":"HTTP"},"initialDelaySeconds":180,"timeoutSeconds":10,"periodSeconds":10,"successThreshold":1,"failureThreshold":3},"terminationMessagePath":"/dev/termination-log","terminationMessagePolicy":"File","imagePullPolicy":"IfNotPresent","securityContext":{"capabilities":{"drop":["MKNOD"]},"privileged":false}}],"restartPolicy":"Always","terminationGracePeriodSeconds":30,"dnsPolicy":"ClusterFirst","nodeSelector":{"region":"work"},"serviceAccountName":"default","serviceAccount":"default","nodeName":"ilocpde01w33.corp.amdocs.com","securityContext":{"seLinuxOptions":{"level":"s0:c15,c10"}},"imagePullSecrets":[{"name":"customer-customer-ms-secret"}],"schedulerName":"default-scheduler","tolerations":[{"key":"node.kubernetes.io/memory-pressure","operator":"Exists","effect":"NoSchedule"}]},"status":{"phase":"Running","conditions":[{"type":"Initialized","status":"True","lastProbeTime":null,"lastTransitionTime":"2018-08-30T05:42:36Z"},{"type":"Ready","status":"True","lastProbeTime":null,"lastTransitionTime":"2018-09-14T01:53:05Z"},{"type":"PodScheduled","status":"True","lastProbeTime":null,"lastTransitionTime":"2018-08-30T05:42:33Z"}],"hostIP":"10.245.251.174","podIP":"10.128.74.19","startTime":"2018-08-30T05:42:33Z","initContainerStatuses":[{"name":"check-couchbase","state":{"terminated":{"exitCode":0,"reason":"Completed","startedAt":"2018-08-30T05:42:35Z","finishedAt":"2018-08-30T05:42:35Z","containerID":"docker://3922a8832725e30cd2a2fb6b2bfb285e9496f1a98976b007ac69c8fa3974d835"}},"lastState":{},"ready":true,"restartCount":0,"image":"docker.io/busybox:latest","imageID":"docker-pullable://docker.io/busybox@sha256:cb63aa0641a885f54de20f61d152187419e8f6b159ed11a251a09d115fdff9bd","containerID":"docker://3922a8832725e30cd2a2fb6b2bfb285e9496f1a98976b007ac69c8fa3974d835"},{"name":"create-bucket","state":{"terminated":{"exitCode":0,"reason":"Completed","startedAt":"2018-08-30T05:42:36Z","finishedAt":"2018-08-30T05:42:36Z","containerID":"docker://ba1ff72a3091463931786851a2c8a52cf67ee05d0d4b2c42e4d6b6cd586cf327"}},"lastState":{},"ready":true,"restartCount":0,"image":"docker.io/byrnedo/alpine-curl:latest","imageID":"docker-pullable://docker.io/byrnedo/alpine-curl@sha256:e8cf497b3005c2f66c8411f814f3818ecd683dfea45267ebfb4918088a26a18c","containerID":"docker://ba1ff72a3091463931786851a2c8a52cf67ee05d0d4b2c42e4d6b6cd586cf327"}],"containerStatuses":[{"name":"customer-customer-service-container","state":{"running":{"startedAt":"2018-08-30T05:42:39Z"}},"lastState":{},"ready":true,"restartCount":0,"image":"illin5564.corp.amdocs.com:5000/customer-customer-service:0.1.0-0728","imageID":"docker-pullable://illin5564.corp.amdocs.com:5000/customer-customer-service@sha256:06f147872c0e79508f6f4a7a1709f6e055fa789f04b6af5c10ee36d0e991b0e1","containerID":"docker://06bea693ba9c8a469963c4439df80e0e95b6f5001787375eff65e5489aaec950"}],"qosClass":"Burstable"}},{"metadata":{"name":"customerentity-rls-custo-827328498-r9t2z","generateName":"customerentity-rls-custo-827328498-","namespace":"care-for-openshift-testing","selfLink":"/api/v1/namespaces/care-for-openshift-testing/pods/customerentity-rls-custo-827328498-r9t2z","uid":"7e10c939-ac17-11e8-bb86-0050569a887c","resourceVersion":"69444933","creationTimestamp":"2018-08-30T05:42:33Z","labels":{"microservice":"customer-customerentity","pod-template-hash":"827328498","project":"customer-customerentity-exe","provider":"amdocs","release":"customerentity-rls"},"annotations":{"fabric8.io/iconUrl":"img/icons/spring-boot.svg","openshift.io/scc":"anyuid-no-ps"},"ownerReferences":[{"apiVersion":"extensions/v1beta1","kind":"ReplicaSet","name":"customerentity-rls-custo-827328498","uid":"a564a890-79f8-11e8-b420-0050569ac01d","controller":true,"blockOwnerDeletion":true}]},"spec":{"volumes":[{"name":"default-token-w6zvn","secret":{"secretName":"default-token-w6zvn","defaultMode":420}}],"initContainers":[{"name":"check-couchbase","image":"busybox","command":["sh","-c","timeout=0; while [[  $timeout -lt 90 ]]; do wget -q -O- -c http://couchbase-service:8091/ui/index.html \u003e /dev/null; if [ $? -ne 0 ]; then timeout=$(( timeout + 2 )); echo $timeout; else break; fi; done"],"resources":{},"volumeMounts":[{"name":"default-token-w6zvn","readOnly":true,"mountPath":"/var/run/secrets/kubernetes.io/serviceaccount"}],"terminationMessagePath":"/dev/termination-log","terminationMessagePolicy":"File","imagePullPolicy":"IfNotPresent","securityContext":{"capabilities":{"drop":["MKNOD"]}}},{"name":"create-bucket","image":"byrnedo/alpine-curl","command":["sh","-c","bucketName=com.amdocs.digital.ms.customer.customerentity; auth=Administrator:Administrator; server=couchbase-service; curl -X DELETE -u $auth http://$server:8091//pools/default/buckets/default; curl --fail -X POST -u $auth -d name=$bucketName -d ramQuotaMB=100 -d authType=sasl http://$server:8091/pools/default/buckets; curl --fail -u $auth http://$server:8091/pools/default/buckets/$bucketName"],"resources":{},"volumeMounts":[{"name":"default-token-w6zvn","readOnly":true,"mountPath":"/var/run/secrets/kubernetes.io/serviceaccount"}],"terminationMessagePath":"/dev/termination-log","terminationMessagePolicy":"File","imagePullPolicy":"IfNotPresent","securityContext":{"capabilities":{"drop":["MKNOD"]}}},{"name":"create-primary-index","image":"byrnedo/alpine-curl","command":["sh","-c","bucketName=com.amdocs.digital.ms.customer.customerentity; auth=Administrator:Administrator; server=couchbase-service; curl -X POST -v -u $auth http://$server:8093/query/service -d statement=create%20primary%20index%20on%20%60com.amdocs.digital.ms.customer.customerentity%60"],"resources":{},"volumeMounts":[{"name":"default-token-w6zvn","readOnly":true,"mountPath":"/var/run/secrets/kubernetes.io/serviceaccount"}],"terminationMessagePath":"/dev/termination-log","terminationMessagePolicy":"File","imagePullPolicy":"IfNotPresent","securityContext":{"capabilities":{"drop":["MKNOD"]}}}],"containers":[{"name":"customer-customerentity-service-container","image":"illin5564.corp.amdocs.com:5000/customer-customerentity-service:0.1.0-0271","ports":[{"name":"http","containerPort":8080,"protocol":"TCP"},{"name":"jacoco","containerPort":6300,"protocol":"TCP"},{"name":"management","containerPort":18080,"protocol":"TCP"}],"env":[{"name":"KUBERNETES_NAMESPACE","valueFrom":{"fieldRef":{"apiVersion":"v1","fieldPath":"metadata.namespace"}}},{"name":"MSNEXT_JAVA_OPTS","value":"-Dloader.main=com.amdocs.msnext.boot.Boot -Xms1024m -Xmx1024m -XX:MaxRAM=2048m -XX:+UseSerialGC -Dcom.amdocs.msnext.securitya3s.url=http://10.238.196.188:30081/asmServices/services/v1.0"},{"name":"MSNEXT_MODULE_MGT_DISABLE","value":"msnext-customization"},{"name":"MANAGEMENT_PORT","value":"18080"},{"name":"MALLOC_ARENA_MAX","value":"4"},{"name":"SERVER_PORT","value":"8080"},{"name":"MSNEXT_JACOCO_ENABLE","value":"1"},{"name":"MSNEXT_JACOCO_OPTS","value":"output=tcpserver,address=*,port=6300"}],"resources":{"limits":{"cpu":"1","memory":"1536Mi"},"requests":{"cpu":"200m","memory":"1Gi"}},"volumeMounts":[{"name":"default-token-w6zvn","readOnly":true,"mountPath":"/var/run/secrets/kubernetes.io/serviceaccount"}],"livenessProbe":{"httpGet":{"path":"/health","port":18080,"scheme":"HTTP"},"initialDelaySeconds":900,"timeoutSeconds":10,"periodSeconds":10,"successThreshold":1,"failureThreshold":3},"readinessProbe":{"httpGet":{"path":"/health","port":18080,"scheme":"HTTP"},"initialDelaySeconds":180,"timeoutSeconds":10,"periodSeconds":10,"successThreshold":1,"failureThreshold":3},"terminationMessagePath":"/dev/termination-log","terminationMessagePolicy":"File","imagePullPolicy":"IfNotPresent","securityContext":{"capabilities":{"drop":["MKNOD"]},"privileged":false}}],"restartPolicy":"Always","terminationGracePeriodSeconds":30,"dnsPolicy":"ClusterFirst","nodeSelector":{"region":"work"},"serviceAccountName":"default","serviceAccount":"default","nodeName":"ilocpde01w16.corp.amdocs.com","securityContext":{"seLinuxOptions":{"level":"s0:c15,c10"}},"imagePullSecrets":[{"name":"customer-customerentity-ms-secret"}],"schedulerName":"default-scheduler","tolerations":[{"key":"node.kubernetes.io/memory-pressure","operator":"Exists","effect":"NoSchedule"}]},"status":{"phase":"Running","conditions":[{"type":"Initialized","status":"True","lastProbeTime":null,"lastTransitionTime":"2018-08-30T05:42:38Z"},{"type":"Ready","status":"True","lastProbeTime":null,"lastTransitionTime":"2018-09-08T17:56:19Z"},{"type":"PodScheduled","status":"True","lastProbeTime":null,"lastTransitionTime":"2018-08-30T05:42:33Z"}],"podIP":"10.128.42.145","startTime":"2018-08-30T05:42:33Z","initContainerStatuses":[{"name":"check-couchbase","state":{"terminated":{"exitCode":0,"reason":"Completed","startedAt":"2018-08-30T05:42:35Z","finishedAt":"2018-08-30T05:42:35Z","containerID":"docker://5560d79188baca65b1ea524f9461356bbb17f6fb46e25475b04291151cb5de6e"}},"lastState":{},"ready":true,"restartCount":0,"image":"docker.io/busybox:latest","imageID":"docker-pullable://docker.io/busybox@sha256:141c253bc4c3fd0a201d32dc1f493bcf3fff003b6df416dea4f41046e0f37d47","containerID":"docker://5560d79188baca65b1ea524f9461356bbb17f6fb46e25475b04291151cb5de6e"},{"name":"create-bucket","state":{"terminated":{"exitCode":0,"reason":"Completed","startedAt":"2018-08-30T05:42:36Z","finishedAt":"2018-08-30T05:42:37Z","containerID":"docker://84e4b7210a570d7c78890b795db6674e32956b032cdde265f4864cce7a31f606"}},"lastState":{},"ready":true,"restartCount":0,"image":"docker.io/byrnedo/alpine-curl:latest","imageID":"docker-pullable://docker.io/byrnedo/alpine-curl@sha256:00c64bda2814f95a13ad6a46d6de487dc88f424f2b1f6c62c6dfce36701fe516","containerID":"docker://84e4b7210a570d7c78890b795db6674e32956b032cdde265f4864cce7a31f606"},{"name":"create-primary-index","state":{"terminated":{"exitCode":0,"reason":"Completed","startedAt":"2018-08-30T05:42:37Z","finishedAt":"2018-08-30T05:42:38Z","containerID":"docker://f252ca61351e8e76a4771b646229054ca7ad8ac33c1f73509c44cf4883fac01c"}},"lastState":{},"ready":true,"restartCount":0,"image":"docker.io/byrnedo/alpine-curl:latest","imageID":"docker-pullable://docker.io/byrnedo/alpine-curl@sha256:00c64bda2814f95a13ad6a46d6de487dc88f424f2b1f6c62c6dfce36701fe516","containerID":"docker://f252ca61351e8e76a4771b646229054ca7ad8ac33c1f73509c44cf4883fac01c"}],"containerStatuses":[{"name":"customer-customerentity-service-container","state":{"running":{"startedAt":"2018-09-08T17:53:16Z"}},"lastState":{"terminated":{"exitCode":137,"reason":"OOMKilled","startedAt":"2018-09-07T14:17:03Z","finishedAt":"2018-09-08T17:53:15Z","containerID":"docker://7c1b3d502fc0fa1955e69e1d374d4c1afe0cbb0ccf8e0545c34936d18a2efe45"}},"ready":true,"restartCount":10,"image":"illin5564.corp.amdocs.com:5000/customer-customerentity-service:0.1.0-0271","imageID":"docker-pullable://illin5564.corp.amdocs.com:5000/customer-customerentity-service@sha256:376e1469a289c35d7cdf6df0321b413b8447f186037121d087fb1843f168de90","containerID":"docker://8ea86c7a635df5326bd0d9f16f69287ea2d0d8c89dc6833c995d9f18f1646e7a"}],"qosClass":"Burstable"}},{"metadata":{"name":"financialaccount-financi-7648f8f756-4bv6p","generateName":"financialaccount-financi-7648f8f756-","namespace":"care-for-openshift-testing","selfLink":"/api/v1/namespaces/care-for-openshift-testing/pods/financialaccount-financi-7648f8f756-4bv6p","uid":"7e4d3a77-ac17-11e8-bb86-0050569a887c","resourceVersion":"58051082","creationTimestamp":"2018-08-30T05:42:33Z","labels":{"microservice":"financialaccount-financi","pod-template-hash":"3204949312","project":"financialaccount-financialaccount-exe","provider":"amdocs","release":"financialaccount-financialaccount"},"annotations":{"fabric8.io/iconUrl":"img/icons/spring-boot.svg","openshift.io/scc":"anyuid-no-ps"},"ownerReferences":[{"apiVersion":"extensions/v1beta1","kind":"ReplicaSet","name":"financialaccount-financi-7648f8f756","uid":"20745425-a6df-11e8-bb86-0050569a887c","controller":true,"blockOwnerDeletion":true}]},"spec":{"volumes":[{"name":"default-token-w6zvn","secret":{"secretName":"default-token-w6zvn","defaultMode":420}}],"initContainers":[{"name":"check-couchbase","image":"busybox","command":["sh","-c","timeout=0; while [[  $timeout -lt 90 ]]; do wget -q -O- -c http://couchbase-service:8091/ui/index.html \u003e /dev/null; if [ $? -ne 0 ]; then timeout=$(( timeout + 2 )); echo $timeout; else break; fi; done"],"resources":{},"volumeMounts":[{"name":"default-token-w6zvn","readOnly":true,"mountPath":"/var/run/secrets/kubernetes.io/serviceaccount"}],"terminationMessagePath":"/dev/termination-log","terminationMessagePolicy":"File","imagePullPolicy":"IfNotPresent","securityContext":{"capabilities":{"drop":["MKNOD"]}}},{"name":"create-bucket","image":"byrnedo/alpine-curl","command":["sh","-c","bucketName=com.amdocs.digital.ms.financialaccount.financialaccount; auth=Administrator:Administrator; server=couchbase-service; curl -X DELETE -u $auth http://$server:8091//pools/default/buckets/default; curl --fail -X POST -u $auth -d name=$bucketName -d ramQuotaMB=100 -d authType=sasl http://$server:8091/pools/default/buckets; curl --fail -u $auth http://$server:8091/pools/default/buckets/$bucketName"],"resources":{},"volumeMounts":[{"name":"default-token-w6zvn","readOnly":true,"mountPath":"/var/run/secrets/kubernetes.io/serviceaccount"}],"terminationMessagePath":"/dev/termination-log","terminationMessagePolicy":"File","imagePullPolicy":"IfNotPresent","securityContext":{"capabilities":{"drop":["MKNOD"]}}},{"name":"create-primary-index","image":"byrnedo/alpine-curl","command":["sh","-c","bucketName=com.amdocs.digital.ms.financialaccount.financialaccount; auth=Administrator:Administrator; server=couchbase-service; curl -X POST -v -u $auth http://$server:8093/query/service -d statement=create%20primary%20index%20on%20%60com.amdocs.digital.ms.financialaccount.financialaccount%60"],"resources":{},"volumeMounts":[{"name":"default-token-w6zvn","readOnly":true,"mountPath":"/var/run/secrets/kubernetes.io/serviceaccount"}],"terminationMessagePath":"/dev/termination-log","terminationMessagePolicy":"File","imagePullPolicy":"IfNotPresent","securityContext":{"capabilities":{"drop":["MKNOD"]}}},{"name":"create-relatedpartyref-id-index","image":"byrnedo/alpine-curl","command":["sh","-c","bucketName=com.amdocs.digital.ms.financialaccount.financialaccount; auth=Administrator:Administrator; server=couchbase-service; sleep 30; curl -X POST -v -u $auth http://$server:8093/query/service -d statement='CREATE%20INDEX%20%60financialAccount_relatedPartyRef_id_index%60%20ON%20%60com.amdocs.digital.ms.financialaccount.financialaccount%60((all%20(array%20(%60r%60.%60id%60)%20for%20%60r%60%20in%20%60relatedPartyRef%60%20end)))'"],"resources":{},"volumeMounts":[{"name":"default-token-w6zvn","readOnly":true,"mountPath":"/var/run/secrets/kubernetes.io/serviceaccount"}],"terminationMessagePath":"/dev/termination-log","terminationMessagePolicy":"File","imagePullPolicy":"IfNotPresent","securityContext":{"capabilities":{"drop":["MKNOD"]}}}],"containers":[{"name":"financialaccount-financialaccount-service-container","image":"illin5564.corp.amdocs.com:5000/financialaccount-financialaccount-service:0.1.0-0186","ports":[{"name":"http","containerPort":8080,"protocol":"TCP"},{"name":"jacoco","containerPort":6300,"protocol":"TCP"},{"name":"management","containerPort":18080,"protocol":"TCP"}],"env":[{"name":"KUBERNETES_NAMESPACE","valueFrom":{"fieldRef":{"apiVersion":"v1","fieldPath":"metadata.namespace"}}},{"name":"MSNEXT_JAVA_OPTS","value":"-Dloader.main=com.amdocs.msnext.boot.Boot -Xms1024m -Xmx1024m -XX:MaxRAM=2048m -XX:+UseSerialGC -Dcom.amdocs.msnext.securitya3s.url=http://10.238.196.188:30081/asmServices/services/v1.0"},{"name":"MSNEXT_MODULE_MGT_DISABLE","value":"msnext-customization"},{"name":"MANAGEMENT_PORT","value":"18080"},{"name":"SERVER_PORT","value":"8080"},{"name":"MALLOC_ARENA_MAX","value":"4"},{"name":"MSNEXT_JACOCO_ENABLE","value":"1"},{"name":"MSNEXT_JACOCO_OPTS","value":"output=tcpserver,address=*,port=6300"}],"resources":{"limits":{"cpu":"1","memory":"2Gi"},"requests":{"cpu":"200m","memory":"1Gi"}},"volumeMounts":[{"name":"default-token-w6zvn","readOnly":true,"mountPath":"/var/run/secrets/kubernetes.io/serviceaccount"}],"livenessProbe":{"httpGet":{"path":"/health","port":18080,"scheme":"HTTP"},"initialDelaySeconds":900,"timeoutSeconds":10,"periodSeconds":10,"successThreshold":1,"failureThreshold":3},"readinessProbe":{"httpGet":{"path":"/health","port":18080,"scheme":"HTTP"},"initialDelaySeconds":180,"timeoutSeconds":10,"periodSeconds":10,"successThreshold":1,"failureThreshold":3},"terminationMessagePath":"/dev/termination-log","terminationMessagePolicy":"File","imagePullPolicy":"IfNotPresent","securityContext":{"capabilities":{"drop":["MKNOD"]},"privileged":false}}],"restartPolicy":"Always","terminationGracePeriodSeconds":30,"dnsPolicy":"ClusterFirst","nodeSelector":{"region":"work"},"serviceAccountName":"default","serviceAccount":"default","nodeName":"ilocpde01w13.corp.amdocs.com","securityContext":{"seLinuxOptions":{"level":"s0:c15,c10"}},"imagePullSecrets":[{"name":"financialaccount-financialaccount-ms-secret"}],"schedulerName":"default-scheduler","tolerations":[{"key":"node.kubernetes.io/memory-pressure","operator":"Exists","effect":"NoSchedule"}]},"status":{"phase":"Running","conditions":[{"type":"Initialized","status":"True","lastProbeTime":null,"lastTransitionTime":"2018-08-30T05:43:10Z"},{"type":"Ready","status":"True","lastProbeTime":null,"lastTransitionTime":"2018-09-02T22:01:14Z"},{"type":"PodScheduled","status":"True","lastProbeTime":null,"lastTransitionTime":"2018-08-30T05:42:33Z"}],"hostIP":"10.245.250.32","podIP":"10.128.37.154","startTime":"2018-08-30T05:42:33Z","initContainerStatuses":[{"name":"check-couchbase","state":{"terminated":{"exitCode":0,"reason":"Completed","startedAt":"2018-08-30T05:42:36Z","finishedAt":"2018-08-30T05:42:36Z","containerID":"docker://7f79929fc879462fb80cce229817ff05859e483de3f3623dfbbff75b7a9f8d3d"}},"lastState":{},"ready":true,"restartCount":0,"image":"docker.io/busybox:latest","imageID":"docker-pullable://docker.io/busybox@sha256:141c253bc4c3fd0a201d32dc1f493bcf3fff003b6df416dea4f41046e0f37d47","containerID":"docker://7f79929fc879462fb80cce229817ff05859e483de3f3623dfbbff75b7a9f8d3d"},{"name":"create-bucket","state":{"terminated":{"exitCode":0,"reason":"Completed","startedAt":"2018-08-30T05:42:37Z","finishedAt":"2018-08-30T05:42:37Z","containerID":"docker://66dbc1ca5b1d8e733a53dff109739d689cb1aba0b2efdf78379fbbe5ccdbe026"}},"lastState":{},"ready":true,"restartCount":0,"image":"docker.io/byrnedo/alpine-curl:latest","imageID":"docker-pullable://docker.io/byrnedo/alpine-curl@sha256:00c64bda2814f95a13ad6a46d6de487dc88f424f2b1f6c62c6dfce36701fe516","containerID":"docker://66dbc1ca5b1d8e733a53dff109739d689cb1aba0b2efdf78379fbbe5ccdbe026"},{"name":"create-primary-index","state":{"terminated":{"exitCode":0,"reason":"Completed","startedAt":"2018-08-30T05:42:38Z","finishedAt":"2018-08-30T05:42:38Z","containerID":"docker://f6142a8f82544476e78be5bbb414ff7d9b9c093d1a91050efd36d26665760d52"}},"lastState":{},"ready":true,"restartCount":0,"image":"docker.io/byrnedo/alpine-curl:latest","imageID":"docker-pullable://docker.io/byrnedo/alpine-curl@sha256:00c64bda2814f95a13ad6a46d6de487dc88f424f2b1f6c62c6dfce36701fe516","containerID":"docker://f6142a8f82544476e78be5bbb414ff7d9b9c093d1a91050efd36d26665760d52"},{"name":"create-relatedpartyref-id-index","state":{"terminated":{"exitCode":0,"reason":"Completed","startedAt":"2018-08-30T05:42:39Z","finishedAt":"2018-08-30T05:43:09Z","containerID":"docker://ab0253fa1230d64c792c8ba5576e7f399e5449c78e42d673c3ce2a6414020135"}},"lastState":{},"ready":true,"restartCount":0,"image":"docker.io/byrnedo/alpine-curl:latest","imageID":"docker-pullable://docker.io/byrnedo/alpine-curl@sha256:00c64bda2814f95a13ad6a46d6de487dc88f424f2b1f6c62c6dfce36701fe516","containerID":"docker://ab0253fa1230d64c792c8ba5576e7f399e5449c78e42d673c3ce2a6414020135"}],"containerStatuses":[{"name":"financialaccount-financialaccount-service-container","state":{"running":{"startedAt":"2018-09-02T21:58:11Z"}},"lastState":{"terminated":{"exitCode":143,"reason":"Error","startedAt":"2018-08-30T05:43:13Z","finishedAt":"2018-09-02T21:58:11Z","containerID":"docker://c2327d420f02ec41b329fe20770a8d371547528a60047365c62af6c940144042"}},"ready":true,"restartCount":1,"image":"illin5564.corp.amdocs.com:5000/financialaccount-financialaccount-service:0.1.0-0186","imageID":"docker-pullable://illin5564.corp.amdocs.com:5000/financialaccount-financialaccount-service@sha256:55d87b13019117d468b674df6b8f52b912192264e82ad85ddbc432324d692ee9","containerID":"docker://6cfb4787f3423171d57efd728ed7c447f67891bc6c633e60613cd355f6ffc333"}],"qosClass":"Burstable"}},{"metadata":{"name":"geographicaddress-geogra-505456214-llbf8","generateName":"geographicaddress-geogra-505456214-","namespace":"care-for-openshift-testing","selfLink":"/api/v1/namespaces/care-for-openshift-testing/pods/geographicaddress-geogra-505456214-llbf8","uid":"7e8a4d42-ac17-11e8-bb86-0050569a887c","resourceVersion":"55368963","creationTimestamp":"2018-08-30T05:42:34Z","labels":{"microservice":"geographicaddress-geogra","pod-template-hash":"505456214","project":"geographicaddress-geographicaddress-exe","provider":"amdocs","release":"geographicaddress-geographicaddress"},"annotations":{"fabric8.io/iconUrl":"img/icons/spring-boot.svg","openshift.io/scc":"anyuid-no-ps"},"ownerReferences":[{"apiVersion":"extensions/v1beta1","kind":"ReplicaSet","name":"geographicaddress-geogra-505456214","uid":"e931a190-79fa-11e8-b420-0050569ac01d","controller":true,"blockOwnerDeletion":true}]},"spec":{"volumes":[{"name":"default-token-w6zvn","secret":{"secretName":"default-token-w6zvn","defaultMode":420}}],"initContainers":[{"name":"check-couchbase","image":"busybox","command":["sh","-c","timeout=0; while [[  $timeout -lt 90 ]]; do wget -q -O- -c http://couchbase-service:8091/ui/index.html \u003e /dev/null; if [ $? -ne 0 ]; then timeout=$(( timeout + 2 )); echo $timeout; else break; fi; done"],"resources":{},"volumeMounts":[{"name":"default-token-w6zvn","readOnly":true,"mountPath":"/var/run/secrets/kubernetes.io/serviceaccount"}],"terminationMessagePath":"/dev/termination-log","terminationMessagePolicy":"File","imagePullPolicy":"IfNotPresent","securityContext":{"capabilities":{"drop":["MKNOD"]}}},{"name":"create-bucket","image":"byrnedo/alpine-curl","command":["sh","-c","bucketName=com.amdocs.digital.ms.geographicaddress.geographicaddress; auth=Administrator:Administrator; server=couchbase-service; curl -X DELETE -u $auth http://$server:8091//pools/default/buckets/default; curl --fail -X POST -u $auth -d name=$bucketName -d ramQuotaMB=100 -d authType=sasl http://$server:8091/pools/default/buckets; curl --fail -u $auth http://$server:8091/pools/default/buckets/$bucketName"],"resources":{},"volumeMounts":[{"name":"default-token-w6zvn","readOnly":true,"mountPath":"/var/run/secrets/kubernetes.io/serviceaccount"}],"terminationMessagePath":"/dev/termination-log","terminationMessagePolicy":"File","imagePullPolicy":"IfNotPresent","securityContext":{"capabilities":{"drop":["MKNOD"]}}},{"name":"create-primary-index","image":"byrnedo/alpine-curl","command":["sh","-c","bucketName=com.amdocs.digital.ms.geographicaddress.geographicaddress; auth=Administrator:Administrator; server=couchbase-service; curl -X POST -v -u $auth http://$server:8093/query/service -d statement=create%20primary%20index%20on%20%60com.amdocs.digital.ms.geographicaddress.geographicaddress%60"],"resources":{},"volumeMounts":[{"name":"default-token-w6zvn","readOnly":true,"mountPath":"/var/run/secrets/kubernetes.io/serviceaccount"}],"terminationMessagePath":"/dev/termination-log","terminationMessagePolicy":"File","imagePullPolicy":"IfNotPresent","securityContext":{"capabilities":{"drop":["MKNOD"]}}}],"containers":[{"name":"geographicaddress-geographicaddress-service-container","image":"illin5564.corp.amdocs.com:5000/geographicaddress-geographicaddress-service:0.1.0-0051","ports":[{"name":"http","containerPort":8080,"protocol":"TCP"},{"name":"jacoco","containerPort":6300,"protocol":"TCP"},{"name":"management","containerPort":18080,"protocol":"TCP"}],"env":[{"name":"KUBERNETES_NAMESPACE","valueFrom":{"fieldRef":{"apiVersion":"v1","fieldPath":"metadata.namespace"}}},{"name":"MSNEXT_JAVA_OPTS","value":"-Dloader.main=com.amdocs.msnext.boot.Boot -Xms1024m -Xmx1024m -XX:MaxRAM=2048m -XX:+UseSerialGC -Dcom.amdocs.msnext.securitya3s.url=http://10.238.196.188:30081/asmServices/services/v1.0"},{"name":"MSNEXT_MODULE_MGT_DISABLE","value":"msnext-customization"},{"name":"MANAGEMENT_PORT","value":"18080"},{"name":"SERVER_PORT","value":"8080"},{"name":"MSNEXT_JACOCO_ENABLE","value":"1"},{"name":"MSNEXT_JACOCO_OPTS","value":"output=tcpserver,address=*,port=6300"}],"resources":{},"volumeMounts":[{"name":"default-token-w6zvn","readOnly":true,"mountPath":"/var/run/secrets/kubernetes.io/serviceaccount"}],"livenessProbe":{"httpGet":{"path":"/health","port":18080,"scheme":"HTTP"},"initialDelaySeconds":900,"timeoutSeconds":10,"periodSeconds":10,"successThreshold":1,"failureThreshold":3},"readinessProbe":{"httpGet":{"path":"/health","port":18080,"scheme":"HTTP"},"initialDelaySeconds":180,"timeoutSeconds":10,"periodSeconds":10,"successThreshold":1,"failureThreshold":3},"terminationMessagePath":"/dev/termination-log","terminationMessagePolicy":"File","imagePullPolicy":"IfNotPresent","securityContext":{"capabilities":{"drop":["MKNOD"]},"privileged":false}}],"restartPolicy":"Always","terminationGracePeriodSeconds":30,"dnsPolicy":"ClusterFirst","nodeSelector":{"region":"work"},"serviceAccountName":"default","serviceAccount":"default","nodeName":"ilocpde01w31.corp.amdocs.com","securityContext":{"seLinuxOptions":{"level":"s0:c15,c10"}},"imagePullSecrets":[{"name":"geographicaddress-geographicaddress-ms-secret"}],"schedulerName":"default-scheduler"},"status":{"phase":"Running","conditions":[{"type":"Initialized","status":"True","lastProbeTime":null,"lastTransitionTime":"2018-08-30T05:42:39Z"},{"type":"Ready","status":"True","lastProbeTime":null,"lastTransitionTime":"2018-08-30T05:45:51Z"},{"type":"PodScheduled","status":"True","lastProbeTime":null,"lastTransitionTime":"2018-08-30T05:42:34Z"}],"hostIP":"10.245.251.172","podIP":"10.128.72.197","startTime":"2018-08-30T05:42:34Z","initContainerStatuses":[{"name":"check-couchbase","state":{"terminated":{"exitCode":0,"reason":"Completed","startedAt":"2018-08-30T05:42:36Z","finishedAt":"2018-08-30T05:42:36Z","containerID":"docker://a963d63df2e9af2098be1c9a49cd1863f8c9e0794133eb564134722d269ed854"}},"lastState":{},"ready":true,"restartCount":0,"image":"docker.io/busybox:latest","imageID":"docker-pullable://docker.io/busybox@sha256:141c253bc4c3fd0a201d32dc1f493bcf3fff003b6df416dea4f41046e0f37d47","containerID":"docker://a963d63df2e9af2098be1c9a49cd1863f8c9e0794133eb564134722d269ed854"},{"name":"create-bucket","state":{"terminated":{"exitCode":0,"reason":"Completed","startedAt":"2018-08-30T05:42:38Z","finishedAt":"2018-08-30T05:42:38Z","containerID":"docker://f967977117c41c53a5b5d6f48636e9656d9b11406235fa5af103620c00522b6c"}},"lastState":{},"ready":true,"restartCount":0,"image":"docker.io/byrnedo/alpine-curl:latest","imageID":"docker-pullable://docker.io/byrnedo/alpine-curl@sha256:00c64bda2814f95a13ad6a46d6de487dc88f424f2b1f6c62c6dfce36701fe516","containerID":"docker://f967977117c41c53a5b5d6f48636e9656d9b11406235fa5af103620c00522b6c"},{"name":"create-primary-index","state":{"terminated":{"exitCode":0,"reason":"Completed","startedAt":"2018-08-30T05:42:39Z","finishedAt":"2018-08-30T05:42:39Z","containerID":"docker://7054cddf655a096d3b1a7eba91963731c8a400eb10c75813c16c542036565133"}},"lastState":{},"ready":true,"restartCount":0,"image":"docker.io/byrnedo/alpine-curl:latest","imageID":"docker-pullable://docker.io/byrnedo/alpine-curl@sha256:00c64bda2814f95a13ad6a46d6de487dc88f424f2b1f6c62c6dfce36701fe516","containerID":"docker://7054cddf655a096d3b1a7eba91963731c8a400eb10c75813c16c542036565133"}],"containerStatuses":[{"name":"geographicaddress-geographicaddress-service-container","state":{"running":{"startedAt":"2018-08-30T05:42:42Z"}},"lastState":{},"ready":true,"restartCount":0,"image":"illin5564.corp.amdocs.com:5000/geographicaddress-geographicaddress-service:0.1.0-0051","imageID":"docker-pullable://illin5564.corp.amdocs.com:5000/geographicaddress-geographicaddress-service@sha256:109e07a2fd1cf4b7c87ac6b8925a22c226abd9a1a16592a4fe45fb969477b8b0","containerID":"docker://4e7d22264b7a1f4c3d0bf4147828381e6e86c50c0def80267040b4334feb4d11"}],"qosClass":"BestEffort"}},{"metadata":{"name":"geographicaddressbrid-ge-1301021888-p2nqc","generateName":"geographicaddressbrid-ge-1301021888-","namespace":"care-for-openshift-testing","selfLink":"/api/v1/namespaces/care-for-openshift-testing/pods/geographicaddressbrid-ge-1301021888-p2nqc","uid":"7ec77c23-ac17-11e8-bb86-0050569a887c","resourceVersion":"64632501","creationTimestamp":"2018-08-30T05:42:34Z","labels":{"microservice":"geographicaddress-geogra","pod-template-hash":"1301021888","project":"geographicaddress-geographicaddressbridge-exe","provider":"amdocs","release":"geographicaddressbrid"},"annotations":{"fabric8.io/iconUrl":"img/icons/spring-boot.svg","openshift.io/scc":"anyuid-no-ps"},"ownerReferences":[{"apiVersion":"extensions/v1beta1","kind":"ReplicaSet","name":"geographicaddressbrid-ge-1301021888","uid":"a491c676-79fa-11e8-b420-0050569ac01d","controller":true,"blockOwnerDeletion":true}]},"spec":{"volumes":[{"name":"default-token-w6zvn","secret":{"secretName":"default-token-w6zvn","defaultMode":420}}],"initContainers":[{"name":"check-couchbase","image":"busybox","command":["sh","-c","timeout=0; while [[  $timeout -lt 90 ]]; do wget -q -O- -c http://couchbase-service:8091/ui/index.html \u003e /dev/null; if [ $? -ne 0 ]; then timeout=$(( timeout + 2 )); echo $timeout; else break; fi; done"],"resources":{},"volumeMounts":[{"name":"default-token-w6zvn","readOnly":true,"mountPath":"/var/run/secrets/kubernetes.io/serviceaccount"}],"terminationMessagePath":"/dev/termination-log","terminationMessagePolicy":"File","imagePullPolicy":"IfNotPresent","securityContext":{"capabilities":{"drop":["MKNOD"]}}},{"name":"create-bucket","image":"byrnedo/alpine-curl","command":["sh","-c","bucketName=com.amdocs.digital.ms.geographicaddress.geographicaddressbridge; auth=Administrator:Administrator; server=couchbase-service; curl -X DELETE -u $auth http://$server:8091//pools/default/buckets/default; curl --fail -X POST -u $auth -d name=$bucketName -d ramQuotaMB=100 -d authType=sasl http://$server:8091/pools/default/buckets; curl --fail -u $auth http://$server:8091/pools/default/buckets/$bucketName"],"resources":{},"volumeMounts":[{"name":"default-token-w6zvn","readOnly":true,"mountPath":"/var/run/secrets/kubernetes.io/serviceaccount"}],"terminationMessagePath":"/dev/termination-log","terminationMessagePolicy":"File","imagePullPolicy":"IfNotPresent","securityContext":{"capabilities":{"drop":["MKNOD"]}}}],"containers":[{"name":"geographicaddress-geographicaddressbridge-service-container","image":"illin5564.corp.amdocs.com:5000/geographicaddress-geographicaddressbridge-service:0.1.0-0088","ports":[{"name":"http","containerPort":8080,"protocol":"TCP"},{"name":"jacoco","containerPort":6300,"protocol":"TCP"},{"name":"management","containerPort":18080,"protocol":"TCP"}],"env":[{"name":"KUBERNETES_NAMESPACE","valueFrom":{"fieldRef":{"apiVersion":"v1","fieldPath":"metadata.namespace"}}},{"name":"MSNEXT_JAVA_OPTS","value":"-Dloader.main=com.amdocs.msnext.boot.Boot -Xms1024m -Xmx1024m -XX:MaxRAM=2048m -XX:+UseSerialGC -Dcom.amdocs.msnext.securitya3s.url=http://10.238.196.188:30081/asmServices/services/v1.0"},{"name":"MSNEXT_MODULE_MGT_DISABLE","value":"msnext-customization"},{"name":"MANAGEMENT_PORT","value":"18080"},{"name":"SERVER_PORT","value":"8080"},{"name":"MSNEXT_JACOCO_ENABLE","value":"1"},{"name":"MSNEXT_JACOCO_OPTS","value":"output=tcpserver,address=*,port=6300"}],"resources":{},"volumeMounts":[{"name":"default-token-w6zvn","readOnly":true,"mountPath":"/var/run/secrets/kubernetes.io/serviceaccount"}],"livenessProbe":{"httpGet":{"path":"/health","port":18080,"scheme":"HTTP"},"initialDelaySeconds":900,"timeoutSeconds":10,"periodSeconds":10,"successThreshold":1,"failureThreshold":3},"readinessProbe":{"httpGet":{"path":"/health","port":18080,"scheme":"HTTP"},"initialDelaySeconds":180,"timeoutSeconds":10,"periodSeconds":10,"successThreshold":1,"failureThreshold":3},"terminationMessagePath":"/dev/termination-log","terminationMessagePolicy":"File","imagePullPolicy":"IfNotPresent","securityContext":{"capabilities":{"drop":["MKNOD"]},"privileged":false}}],"restartPolicy":"Always","terminationGracePeriodSeconds":30,"dnsPolicy":"ClusterFirst","nodeSelector":{"region":"work"},"serviceAccountName":"default","serviceAccount":"default","nodeName":"ilocpde01w32.corp.amdocs.com","securityContext":{"seLinuxOptions":{"level":"s0:c15,c10"}},"imagePullSecrets":[{"name":"geographicaddress-geographicaddressbridge-ms-secret"}],"schedulerName":"default-scheduler"},"status":{"phase":"Running","conditions":[{"type":"Initialized","status":"True","lastProbeTime":null,"lastTransitionTime":"2018-08-30T05:42:38Z"},{"type":"Ready","status":"True","lastProbeTime":null,"lastTransitionTime":"2018-09-11T08:37:02Z"},{"type":"PodScheduled","status":"True","lastProbeTime":null,"lastTransitionTime":"2018-08-30T05:42:34Z"}],"hostIP":"10.245.251.173","podIP":"10.128.77.242","startTime":"2018-08-30T05:42:34Z","initContainerStatuses":[{"name":"check-couchbase","state":{"terminated":{"exitCode":0,"reason":"Completed","startedAt":"2018-08-30T05:42:37Z","finishedAt":"2018-08-30T05:42:37Z","containerID":"docker://2bce217a5bc19a40e9f6856361c0a87f4127668b3a0e85639db303a567b67b2a"}},"lastState":{},"ready":true,"restartCount":0,"image":"docker.io/busybox:latest","imageID":"docker-pullable://docker.io/busybox@sha256:141c253bc4c3fd0a201d32dc1f493bcf3fff003b6df416dea4f41046e0f37d47","containerID":"docker://2bce217a5bc19a40e9f6856361c0a87f4127668b3a0e85639db303a567b67b2a"},{"name":"create-bucket","state":{"terminated":{"exitCode":0,"reason":"Completed","startedAt":"2018-08-30T05:42:38Z","finishedAt":"2018-08-30T05:42:38Z","containerID":"docker://e0891882d5bd86079e74c0c6a599d21f3a71cd9dbf496d4afe41e8841ff34a33"}},"lastState":{},"ready":true,"restartCount":0,"image":"docker.io/byrnedo/alpine-curl:latest","imageID":"docker-pullable://docker.io/byrnedo/alpine-curl@sha256:00c64bda2814f95a13ad6a46d6de487dc88f424f2b1f6c62c6dfce36701fe516","containerID":"docker://e0891882d5bd86079e74c0c6a599d21f3a71cd9dbf496d4afe41e8841ff34a33"}],"containerStatuses":[{"name":"geographicaddress-geographicaddressbridge-service-container","state":{"running":{"startedAt":"2018-08-30T05:42:42Z"}},"lastState":{},"ready":true,"restartCount":0,"image":"illin5564.corp.amdocs.com:5000/geographicaddress-geographicaddressbridge-service:0.1.0-0088","imageID":"docker-pullable://illin5564.corp.amdocs.com:5000/geographicaddress-geographicaddressbridge-service@sha256:d3819b5e72f0fbea27963e07cc86a559518f1aca3cc7bb02828d0f33054e0974","containerID":"docker://9c64e2dd557bbe2050bbdf817fc52a105cbab2ef15d5f41540380c2250c91c3a"}],"qosClass":"BestEffort"}},{"metadata":{"name":"party-attachment-party-a-2823505013-9mr46","generateName":"party-attachment-party-a-2823505013-","namespace":"care-for-openshift-testing","selfLink":"/api/v1/namespaces/care-for-openshift-testing/pods/party-attachment-party-a-2823505013-9mr46","uid":"7f04fa8e-ac17-11e8-bb86-0050569a887c","resourceVersion":"60789220","creationTimestamp":"2018-08-30T05:42:35Z","labels":{"microservice":"party-attachment","pod-template-hash":"2823505013","project":"party-attachment-exe","provider":"amdocs","release":"party-attachment"},"annotations":{"fabric8.io/iconUrl":"img/icons/spring-boot.svg","openshift.io/scc":"anyuid-no-ps"},"ownerReferences":[{"apiVersion":"extensions/v1beta1","kind":"ReplicaSet","name":"party-attachment-party-a-2823505013","uid":"fd70c29e-79fa-11e8-b420-0050569ac01d","controller":true,"blockOwnerDeletion":true}]},"spec":{"volumes":[{"name":"default-token-w6zvn","secret":{"secretName":"default-token-w6zvn","defaultMode":420}}],"initContainers":[{"name":"check-couchbase","image":"busybox","command":["sh","-c","timeout=0; while [[  $timeout -lt 90 ]]; do wget -q -O- -c http://couchbase-service:8091/ui/index.html \u003e /dev/null; if [ $? -ne 0 ]; then timeout=$(( timeout + 2 )); echo $timeout; else break; fi; done"],"resources":{},"volumeMounts":[{"name":"default-token-w6zvn","readOnly":true,"mountPath":"/var/run/secrets/kubernetes.io/serviceaccount"}],"terminationMessagePath":"/dev/termination-log","terminationMessagePolicy":"File","imagePullPolicy":"IfNotPresent","securityContext":{"capabilities":{"drop":["MKNOD"]}}},{"name":"create-bucket","image":"byrnedo/alpine-curl","command":["sh","-c","bucketName=com.amdocs.digital.ms.party.attachment; auth=Administrator:Administrator; server=couchbase-service; curl -X DELETE -u $auth http://$server:8091//pools/default/buckets/default; curl --fail -X POST -u $auth -d name=$bucketName -d ramQuotaMB=100 -d authType=sasl http://$server:8091/pools/default/buckets; curl --fail -u $auth http://$server:8091/pools/default/buckets/$bucketName"],"resources":{},"volumeMounts":[{"name":"default-token-w6zvn","readOnly":true,"mountPath":"/var/run/secrets/kubernetes.io/serviceaccount"}],"terminationMessagePath":"/dev/termination-log","terminationMessagePolicy":"File","imagePullPolicy":"IfNotPresent","securityContext":{"capabilities":{"drop":["MKNOD"]}}},{"name":"create-primary-index","image":"byrnedo/alpine-curl","command":["sh","-c","bucketName=com.amdocs.digital.ms.party.attachment; auth=Administrator:Administrator; server=couchbase-service; curl -X POST -v -u $auth http://$server:8093/query/service -d statement=create%20primary%20index%20on%20%60com.amdocs.digital.ms.party.attachment%60"],"resources":{},"volumeMounts":[{"name":"default-token-w6zvn","readOnly":true,"mountPath":"/var/run/secrets/kubernetes.io/serviceaccount"}],"terminationMessagePath":"/dev/termination-log","terminationMessagePolicy":"File","imagePullPolicy":"IfNotPresent","securityContext":{"capabilities":{"drop":["MKNOD"]}}}],"containers":[{"name":"party-attachment-service-container","image":"illin5564.corp.amdocs.com:5000/party-attachment-service:0.1.0-0156","ports":[{"name":"http","containerPort":8080,"protocol":"TCP"},{"name":"jacoco","containerPort":6300,"protocol":"TCP"},{"name":"management","containerPort":18080,"protocol":"TCP"}],"env":[{"name":"KUBERNETES_NAMESPACE","valueFrom":{"fieldRef":{"apiVersion":"v1","fieldPath":"metadata.namespace"}}},{"name":"MSNEXT_JAVA_OPTS","value":"-Dloader.main=com.amdocs.msnext.boot.Boot -Xms1024m -Xmx1024m -XX:MaxRAM=2048m -XX:+UseSerialGC -Dcom.amdocs.msnext.securitya3s.url=http://10.238.196.188:30081/asmServices/services/v1.0"},{"name":"MSNEXT_MODULE_MGT_DISABLE","value":"msnext-customization"},{"name":"MANAGEMENT_PORT","value":"18080"},{"name":"SERVER_PORT","value":"8080"},{"name":"MALLOC_ARENA_MAX","value":"4"},{"name":"MSNEXT_JACOCO_ENABLE","value":"1"},{"name":"MSNEXT_JACOCO_OPTS","value":"output=tcpserver,address=*,port=6300"}],"resources":{"limits":{"cpu":"1","memory":"1536Mi"},"requests":{"cpu":"200m","memory":"1Gi"}},"volumeMounts":[{"name":"default-token-w6zvn","readOnly":true,"mountPath":"/var/run/secrets/kubernetes.io/serviceaccount"}],"livenessProbe":{"httpGet":{"path":"/health","port":18080,"scheme":"HTTP"},"initialDelaySeconds":900,"timeoutSeconds":10,"periodSeconds":10,"successThreshold":1,"failureThreshold":3},"readinessProbe":{"httpGet":{"path":"/health","port":18080,"scheme":"HTTP"},"initialDelaySeconds":180,"timeoutSeconds":10,"periodSeconds":10,"successThreshold":1,"failureThreshold":3},"terminationMessagePath":"/dev/termination-log","terminationMessagePolicy":"File","imagePullPolicy":"IfNotPresent","securityContext":{"capabilities":{"drop":["MKNOD"]},"privileged":false}}],"restartPolicy":"Always","terminationGracePeriodSeconds":30,"dnsPolicy":"ClusterFirst","nodeSelector":{"region":"work"},"serviceAccountName":"default","serviceAccount":"default","nodeName":"ilocpde01w07.corp.amdocs.com","securityContext":{"seLinuxOptions":{"level":"s0:c15,c10"}},"imagePullSecrets":[{"name":"party-attachment-ms-secret"}],"schedulerName":"default-scheduler","tolerations":[{"key":"node.kubernetes.io/memory-pressure","operator":"Exists","effect":"NoSchedule"}]},"status":{"phase":"Running","conditions":[{"type":"Initialized","status":"True","lastProbeTime":null,"lastTransitionTime":"2018-08-30T05:42:40Z"},{"type":"Ready","status":"True","lastProbeTime":null,"lastTransitionTime":"2018-09-06T07:08:29Z"},{"type":"PodScheduled","status":"True","lastProbeTime":null,"lastTransitionTime":"2018-08-30T05:42:35Z"}],"hostIP":"10.245.250.26","podIP":"10.128.23.206","startTime":"2018-08-30T05:42:35Z","initContainerStatuses":[{"name":"check-couchbase","state":{"terminated":{"exitCode":0,"reason":"Completed","startedAt":"2018-08-30T05:42:37Z","finishedAt":"2018-08-30T05:42:37Z","containerID":"docker://e3f241d11b71196df57d2d84accf184244ce5efa4b530d15e7d27e834f50cc02"}},"lastState":{},"ready":true,"restartCount":0,"image":"docker.io/busybox:latest","imageID":"docker-pullable://docker.io/busybox@sha256:58ac43b2cc92c687a32c8be6278e50a063579655fe3090125dcb2af0ff9e1a64","containerID":"docker://e3f241d11b71196df57d2d84accf184244ce5efa4b530d15e7d27e834f50cc02"},{"name":"create-bucket","state":{"terminated":{"exitCode":0,"reason":"Completed","startedAt":"2018-08-30T05:42:38Z","finishedAt":"2018-08-30T05:42:38Z","containerID":"docker://4d559ffe274ae6248954ca24487c125cd92a50ebaf5b5156420de3e1e920cf10"}},"lastState":{},"ready":true,"restartCount":0,"image":"docker.io/byrnedo/alpine-curl:latest","imageID":"docker-pullable://docker.io/byrnedo/alpine-curl@sha256:00c64bda2814f95a13ad6a46d6de487dc88f424f2b1f6c62c6dfce36701fe516","containerID":"docker://4d559ffe274ae6248954ca24487c125cd92a50ebaf5b5156420de3e1e920cf10"},{"name":"create-primary-index","state":{"terminated":{"exitCode":0,"reason":"Completed","startedAt":"2018-08-30T05:42:39Z","finishedAt":"2018-08-30T05:42:39Z","containerID":"docker://19a60806a75d62755697a5fa3afdad4a85412424cc3e9b0116b6909cd97e212b"}},"lastState":{},"ready":true,"restartCount":0,"image":"docker.io/byrnedo/alpine-curl:latest","imageID":"docker-pullable://docker.io/byrnedo/alpine-curl@sha256:00c64bda2814f95a13ad6a46d6de487dc88f424f2b1f6c62c6dfce36701fe516","containerID":"docker://19a60806a75d62755697a5fa3afdad4a85412424cc3e9b0116b6909cd97e212b"}],"containerStatuses":[{"name":"party-attachment-service-container","state":{"running":{"startedAt":"2018-09-06T07:05:21Z"}},"lastState":{"terminated":{"exitCode":143,"reason":"Error","startedAt":"2018-08-30T05:42:41Z","finishedAt":"2018-09-06T07:05:21Z","containerID":"docker://5f3594652f02c96d3beb0cfed3732d6a0304e6b625f8942e4c5955e86132d25e"}},"ready":true,"restartCount":1,"image":"illin5564.corp.amdocs.com:5000/party-attachment-service:0.1.0-0156","imageID":"docker-pullable://illin5564.corp.amdocs.com:5000/party-attachment-service@sha256:8392d7af2948fd2cafd0a0d9e4a0a63872a65bcf90b85d471bdb08dcd06da9d5","containerID":"docker://145255aa52602a46ac3776bdddb8560f7835d799560cd07581722a54cd96eb02"}],"qosClass":"Burstable"}},{"metadata":{"name":"party-individual-party-i-1411127802-sq4mp","generateName":"party-individual-party-i-1411127802-","namespace":"care-for-openshift-testing","selfLink":"/api/v1/namespaces/care-for-openshift-testing/pods/party-individual-party-i-1411127802-sq4mp","uid":"7f4206f4-ac17-11e8-bb86-0050569a887c","resourceVersion":"67842924","creationTimestamp":"2018-08-30T05:42:35Z","labels":{"microservice":"party-individual","pod-template-hash":"1411127802","project":"party-individual-exe","provider":"amdocs","release":"party-individual"},"annotations":{"fabric8.io/iconUrl":"img/icons/spring-boot.svg","openshift.io/scc":"anyuid-no-ps"},"ownerReferences":[{"apiVersion":"extensions/v1beta1","kind":"ReplicaSet","name":"party-individual-party-i-1411127802","uid":"0761340d-79fb-11e8-b420-0050569ac01d","controller":true,"blockOwnerDeletion":true}]},"spec":{"volumes":[{"name":"default-token-w6zvn","secret":{"secretName":"default-token-w6zvn","defaultMode":420}}],"initContainers":[{"name":"check-couchbase","image":"busybox","command":["sh","-c","timeout=0; while [[  $timeout -lt 90 ]]; do wget -q -O- -c http://couchbase-service:8091/ui/index.html \u003e /dev/null; if [ $? -ne 0 ]; then timeout=$(( timeout + 2 )); echo $timeout; else break; fi; done"],"resources":{},"volumeMounts":[{"name":"default-token-w6zvn","readOnly":true,"mountPath":"/var/run/secrets/kubernetes.io/serviceaccount"}],"terminationMessagePath":"/dev/termination-log","terminationMessagePolicy":"File","imagePullPolicy":"IfNotPresent","securityContext":{"capabilities":{"drop":["MKNOD"]}}},{"name":"create-bucket","image":"byrnedo/alpine-curl","command":["sh","-c","bucketName=com.amdocs.digital.ms.party.individual; auth=Administrator:Administrator; server=couchbase-service; curl -X DELETE -u $auth http://$server:8091//pools/default/buckets/default; curl --fail -X POST -u $auth -d name=$bucketName -d ramQuotaMB=100 -d authType=sasl http://$server:8091/pools/default/buckets; curl --fail -u $auth http://$server:8091/pools/default/buckets/$bucketName"],"resources":{},"volumeMounts":[{"name":"default-token-w6zvn","readOnly":true,"mountPath":"/var/run/secrets/kubernetes.io/serviceaccount"}],"terminationMessagePath":"/dev/termination-log","terminationMessagePolicy":"File","imagePullPolicy":"IfNotPresent","securityContext":{"capabilities":{"drop":["MKNOD"]}}},{"name":"create-primary-index","image":"byrnedo/alpine-curl","command":["sh","-c","bucketName=com.amdocs.digital.ms.party.individual; auth=Administrator:Administrator; server=couchbase-service; curl -X POST -v -u $auth http://$server:8093/query/service -d statement=create%20primary%20index%20on%20%60com.amdocs.digital.ms.party.individual%60"],"resources":{},"volumeMounts":[{"name":"default-token-w6zvn","readOnly":true,"mountPath":"/var/run/secrets/kubernetes.io/serviceaccount"}],"terminationMessagePath":"/dev/termination-log","terminationMessagePolicy":"File","imagePullPolicy":"IfNotPresent","securityContext":{"capabilities":{"drop":["MKNOD"]}}},{"name":"create-pi-relatedparty-index","image":"byrnedo/alpine-curl","command":["sh","-c","bucketName=com.amdocs.digital.ms.party.individual; auth=Administrator:Administrator; server=couchbase-service; curl -X POST -v -u $auth http://$server:8093/query/service -d statement='CREATE%20INDEX%20%60pi_idx_relatedPartyId%60%20ON%20%60com.amdocs.digital.ms.party.individual%60((all%20(array%20%5B(%60v%60.%60id%60)%5D%20for%20%60v%60%20in%20%60relatedParty%60%20end)))'"],"resources":{},"volumeMounts":[{"name":"default-token-w6zvn","readOnly":true,"mountPath":"/var/run/secrets/kubernetes.io/serviceaccount"}],"terminationMessagePath":"/dev/termination-log","terminationMessagePolicy":"File","imagePullPolicy":"IfNotPresent","securityContext":{"capabilities":{"drop":["MKNOD"]}}}],"containers":[{"name":"party-individual-service-container","image":"illin5564.corp.amdocs.com:5000/party-individual-service:0.1.0-1131","ports":[{"name":"http","containerPort":8080,"protocol":"TCP"},{"name":"jacoco","containerPort":6300,"protocol":"TCP"},{"name":"management","containerPort":18080,"protocol":"TCP"}],"env":[{"name":"KUBERNETES_NAMESPACE","valueFrom":{"fieldRef":{"apiVersion":"v1","fieldPath":"metadata.namespace"}}},{"name":"MSNEXT_JAVA_OPTS","value":"-Dloader.main=com.amdocs.msnext.boot.Boot -Xms1024m -Xmx1024m -XX:MaxRAM=2048m -XX:+UseSerialGC -Dcom.amdocs.msnext.securitya3s.url=http://10.238.196.188:30081/asmServices/services/v1.0"},{"name":"MSNEXT_MODULE_MGT_DISABLE","value":"msnext-customization"},{"name":"MANAGEMENT_PORT","value":"18080"},{"name":"MALLOC_ARENA_MAX","value":"4"},{"name":"SERVER_PORT","value":"8080"},{"name":"MSNEXT_JACOCO_ENABLE","value":"1"},{"name":"MSNEXT_JACOCO_OPTS","value":"output=tcpserver,address=*,port=6300"}],"resources":{"limits":{"cpu":"1","memory":"1536Mi"},"requests":{"cpu":"200m","memory":"1Gi"}},"volumeMounts":[{"name":"default-token-w6zvn","readOnly":true,"mountPath":"/var/run/secrets/kubernetes.io/serviceaccount"}],"livenessProbe":{"httpGet":{"path":"/health","port":18080,"scheme":"HTTP"},"initialDelaySeconds":900,"timeoutSeconds":10,"periodSeconds":10,"successThreshold":1,"failureThreshold":3},"readinessProbe":{"httpGet":{"path":"/health","port":18080,"scheme":"HTTP"},"initialDelaySeconds":180,"timeoutSeconds":10,"periodSeconds":10,"successThreshold":1,"failureThreshold":3},"terminationMessagePath":"/dev/termination-log","terminationMessagePolicy":"File","imagePullPolicy":"IfNotPresent","securityContext":{"capabilities":{"drop":["MKNOD"]},"privileged":false}}],"restartPolicy":"Always","terminationGracePeriodSeconds":30,"dnsPolicy":"ClusterFirst","nodeSelector":{"region":"work"},"serviceAccountName":"default","serviceAccount":"default","nodeName":"ilocpde01w04.corp.amdocs.com","securityContext":{"seLinuxOptions":{"level":"s0:c15,c10"}},"imagePullSecrets":[{"name":"party-individual-ms-secret"}],"schedulerName":"default-scheduler","tolerations":[{"key":"node.kubernetes.io/memory-pressure","operator":"Exists","effect":"NoSchedule"}]},"status":{"phase":"Running","conditions":[{"type":"Initialized","status":"True","lastProbeTime":null,"lastTransitionTime":"2018-08-30T05:42:41Z"},{"type":"Ready","status":"True","lastProbeTime":null,"lastTransitionTime":"2018-09-15T19:55:06Z"},{"type":"PodScheduled","status":"True","lastProbeTime":null,"lastTransitionTime":"2018-08-30T05:42:35Z"}],"hostIP":"10.245.250.23","podIP":"10.128.18.203","startTime":"2018-08-30T05:42:35Z","initContainerStatuses":[{"name":"check-couchbase","state":{"terminated":{"exitCode":0,"reason":"Completed","startedAt":"2018-08-31T07:16:03Z","finishedAt":"2018-08-31T07:16:03Z","containerID":"docker://04c3ae0b6cb8171022a7e0e70ff54327115d8c5b8bafe56b6739b938b37de517"}},"lastState":{},"ready":true,"restartCount":1,"image":"docker.io/busybox:latest","imageID":"docker-pullable://docker.io/busybox@sha256:58ac43b2cc92c687a32c8be6278e50a063579655fe3090125dcb2af0ff9e1a64","containerID":"docker://04c3ae0b6cb8171022a7e0e70ff54327115d8c5b8bafe56b6739b938b37de517"},{"name":"create-bucket","state":{"terminated":{"exitCode":0,"reason":"Completed","startedAt":"2018-08-31T07:16:19Z","finishedAt":"2018-08-31T07:16:20Z","containerID":"docker://bfe3aa309cdf6d149e3dbb9988d39818bd86f9e790340c4f134902e1a9f8650e"}},"lastState":{},"ready":true,"restartCount":0,"image":"docker.io/byrnedo/alpine-curl:latest","imageID":"docker-pullable://docker.io/byrnedo/alpine-curl@sha256:00c64bda2814f95a13ad6a46d6de487dc88f424f2b1f6c62c6dfce36701fe516","containerID":"docker://bfe3aa309cdf6d149e3dbb9988d39818bd86f9e790340c4f134902e1a9f8650e"},{"name":"create-primary-index","state":{"terminated":{"exitCode":0,"reason":"Completed","startedAt":"2018-08-31T07:21:05Z","finishedAt":"2018-08-31T07:21:08Z","containerID":"docker://3fcc48cce14f722b66db138a22cd2d3c61c229d11f0a857503e7cba12329723b"}},"lastState":{},"ready":true,"restartCount":0,"image":"docker.io/byrnedo/alpine-curl:latest","imageID":"docker-pullable://docker.io/byrnedo/alpine-curl@sha256:00c64bda2814f95a13ad6a46d6de487dc88f424f2b1f6c62c6dfce36701fe516","containerID":"docker://3fcc48cce14f722b66db138a22cd2d3c61c229d11f0a857503e7cba12329723b"},{"name":"create-pi-relatedparty-index","state":{"terminated":{"exitCode":0,"reason":"Completed","startedAt":"2018-08-31T07:21:21Z","finishedAt":"2018-08-31T07:21:24Z","containerID":"docker://bb1a73bf2511f671c8769700cdb1366241b7ff0480a8536c5f3d28bd05543d1f"}},"lastState":{},"ready":true,"restartCount":0,"image":"docker.io/byrnedo/alpine-curl:latest","imageID":"docker-pullable://docker.io/byrnedo/alpine-curl@sha256:00c64bda2814f95a13ad6a46d6de487dc88f424f2b1f6c62c6dfce36701fe516","containerID":"docker://bb1a73bf2511f671c8769700cdb1366241b7ff0480a8536c5f3d28bd05543d1f"}],"containerStatuses":[{"name":"party-individual-service-container","state":{"running":{"startedAt":"2018-09-15T19:52:00Z"}},"lastState":{"terminated":{"exitCode":143,"reason":"Error","startedAt":"2018-08-31T07:22:05Z","finishedAt":"2018-09-15T19:52:00Z","containerID":"docker://cfd83b00d540b77d60aac68e24fa2e3e1082fac790eee8752fd6972f75c02872"}},"ready":true,"restartCount":2,"image":"illin5564.corp.amdocs.com:5000/party-individual-service:0.1.0-1131","imageID":"docker-pullable://illin5564.corp.amdocs.com:5000/party-individual-service@sha256:ecca5d528b4f51cf8bb5e738a804fdddea3e29d0958eea81a4e95a91ee391c97","containerID":"docker://28d464b8607c2862c701d653adc86271d0b65144d4126c3325302ed0cb54bd16"}],"qosClass":"Burstable"}},{"metadata":{"name":"partyinteraction-attachm-224494318-lmmhf","generateName":"partyinteraction-attachm-224494318-","namespace":"care-for-openshift-testing","selfLink":"/api/v1/namespaces/care-for-openshift-testing/pods/partyinteraction-attachm-224494318-lmmhf","uid":"7f7fc59a-ac17-11e8-bb86-0050569a887c","resourceVersion":"57316544","creationTimestamp":"2018-08-30T05:42:35Z","labels":{"microservice":"partyinteraction-attachm","pod-template-hash":"224494318","project":"partyinteraction-attachment-exe","provider":"amdocs","release":"partyinteraction-attachment"},"annotations":{"fabric8.io/iconUrl":"img/icons/spring-boot.svg","openshift.io/scc":"anyuid-no-ps"},"ownerReferences":[{"apiVersion":"extensions/v1beta1","kind":"ReplicaSet","name":"partyinteraction-attachm-224494318","uid":"1ae034e9-79fb-11e8-b420-0050569ac01d","controller":true,"blockOwnerDeletion":true}]},"spec":{"volumes":[{"name":"default-token-w6zvn","secret":{"secretName":"default-token-w6zvn","defaultMode":420}}],"initContainers":[{"name":"check-couchbase","image":"busybox","command":["sh","-c","timeout=0; while [[  $timeout -lt 90 ]]; do wget -q -O- -c http://couchbase-service:8091/ui/index.html \u003e /dev/null; if [ $? -ne 0 ]; then timeout=$(( timeout + 2 )); echo $timeout; else break; fi; done"],"resources":{},"volumeMounts":[{"name":"default-token-w6zvn","readOnly":true,"mountPath":"/var/run/secrets/kubernetes.io/serviceaccount"}],"terminationMessagePath":"/dev/termination-log","terminationMessagePolicy":"File","imagePullPolicy":"IfNotPresent","securityContext":{"capabilities":{"drop":["MKNOD"]}}},{"name":"create-bucket","image":"byrnedo/alpine-curl","command":["sh","-c","bucketName=com.amdocs.digital.ms.partyinteraction.attachment; auth=Administrator:Administrator; server=couchbase-service; curl -X DELETE -u $auth http://$server:8091//pools/default/buckets/default; curl --fail -X POST -u $auth -d name=$bucketName -d ramQuotaMB=100 -d authType=sasl http://$server:8091/pools/default/buckets; curl --fail -u $auth http://$server:8091/pools/default/buckets/$bucketName"],"resources":{},"volumeMounts":[{"name":"default-token-w6zvn","readOnly":true,"mountPath":"/var/run/secrets/kubernetes.io/serviceaccount"}],"terminationMessagePath":"/dev/termination-log","terminationMessagePolicy":"File","imagePullPolicy":"IfNotPresent","securityContext":{"capabilities":{"drop":["MKNOD"]}}},{"name":"create-primary-index","image":"byrnedo/alpine-curl","command":["sh","-c","bucketName=com.amdocs.digital.ms.partyinteraction.attachment; auth=Administrator:Administrator; server=couchbase-service; curl -X POST -v -u $auth http://$server:8093/query/service -d statement=create%20primary%20index%20on%20%60com.amdocs.digital.ms.partyinteraction.attachment%60"],"resources":{},"volumeMounts":[{"name":"default-token-w6zvn","readOnly":true,"mountPath":"/var/run/secrets/kubernetes.io/serviceaccount"}],"terminationMessagePath":"/dev/termination-log","terminationMessagePolicy":"File","imagePullPolicy":"IfNotPresent","securityContext":{"capabilities":{"drop":["MKNOD"]}}}],"containers":[{"name":"partyinteraction-attachment-service-container","image":"illin5564.corp.amdocs.com:5000/partyinteraction-attachment-service:0.1.0-0088","ports":[{"name":"http","containerPort":8080,"protocol":"TCP"},{"name":"jacoco","containerPort":6300,"protocol":"TCP"},{"name":"management","containerPort":18080,"protocol":"TCP"}],"env":[{"name":"KUBERNETES_NAMESPACE","valueFrom":{"fieldRef":{"apiVersion":"v1","fieldPath":"metadata.namespace"}}},{"name":"MSNEXT_JAVA_OPTS","value":"-Dloader.main=com.amdocs.msnext.boot.Boot -Xms1024m -Xmx1024m -XX:MaxRAM=2048m -XX:+UseSerialGC -Dcom.amdocs.msnext.securitya3s.url=http://10.238.196.188:30081/asmServices/services/v1.0"},{"name":"MSNEXT_MODULE_MGT_DISABLE","value":"msnext-customization"},{"name":"MANAGEMENT_PORT","value":"18080"},{"name":"SERVER_PORT","value":"8080"},{"name":"MSNEXT_JACOCO_ENABLE","value":"1"},{"name":"MSNEXT_JACOCO_OPTS","value":"output=tcpserver,address=*,port=6300"}],"resources":{},"volumeMounts":[{"name":"default-token-w6zvn","readOnly":true,"mountPath":"/var/run/secrets/kubernetes.io/serviceaccount"}],"livenessProbe":{"httpGet":{"path":"/health","port":18080,"scheme":"HTTP"},"initialDelaySeconds":900,"timeoutSeconds":10,"periodSeconds":10,"successThreshold":1,"failureThreshold":3},"readinessProbe":{"httpGet":{"path":"/health","port":18080,"scheme":"HTTP"},"initialDelaySeconds":180,"timeoutSeconds":10,"periodSeconds":10,"successThreshold":1,"failureThreshold":3},"terminationMessagePath":"/dev/termination-log","terminationMessagePolicy":"File","imagePullPolicy":"IfNotPresent","securityContext":{"capabilities":{"drop":["MKNOD"]},"privileged":false}}],"restartPolicy":"Always","terminationGracePeriodSeconds":30,"dnsPolicy":"ClusterFirst","nodeSelector":{"region":"work"},"serviceAccountName":"default","serviceAccount":"default","nodeName":"ilocpde01w27.corp.amdocs.com","securityContext":{"seLinuxOptions":{"level":"s0:c15,c10"}},"imagePullSecrets":[{"name":"partyinteraction-attachment-ms-secret"}],"schedulerName":"default-scheduler"},"status":{"phase":"Running","conditions":[{"type":"Initialized","status":"True","lastProbeTime":null,"lastTransitionTime":"2018-08-30T05:42:41Z"},{"type":"Ready","status":"True","lastProbeTime":null,"lastTransitionTime":"2018-09-01T22:05:30Z"},{"type":"PodScheduled","status":"True","lastProbeTime":null,"lastTransitionTime":"2018-08-30T05:42:35Z"}],"hostIP":"10.245.251.168","podIP":"10.128.64.98","startTime":"2018-08-30T05:42:35Z","initContainerStatuses":[{"name":"check-couchbase","state":{"terminated":{"exitCode":0,"reason":"Completed","startedAt":"2018-08-30T05:42:38Z","finishedAt":"2018-08-30T05:42:38Z","containerID":"docker://6941674a280d5d26e46a615f8bc19e119e9e090715ca7c5c1458610053a49a7b"}},"lastState":{},"ready":true,"restartCount":0,"image":"docker.io/busybox:latest","imageID":"docker-pullable://docker.io/busybox@sha256:141c253bc4c3fd0a201d32dc1f493bcf3fff003b6df416dea4f41046e0f37d47","containerID":"docker://6941674a280d5d26e46a615f8bc19e119e9e090715ca7c5c1458610053a49a7b"},{"name":"create-bucket","state":{"terminated":{"exitCode":0,"reason":"Completed","startedAt":"2018-08-30T05:42:39Z","finishedAt":"2018-08-30T05:42:39Z","containerID":"docker://6e678eddca1ff929dc2c9fa8b3dae160222682d16be1431d23178c6dcdf26d7b"}},"lastState":{},"ready":true,"restartCount":0,"image":"docker.io/byrnedo/alpine-curl:latest","imageID":"docker-pullable://docker.io/byrnedo/alpine-curl@sha256:00c64bda2814f95a13ad6a46d6de487dc88f424f2b1f6c62c6dfce36701fe516","containerID":"docker://6e678eddca1ff929dc2c9fa8b3dae160222682d16be1431d23178c6dcdf26d7b"},{"name":"create-primary-index","state":{"terminated":{"exitCode":0,"reason":"Completed","startedAt":"2018-08-30T05:42:40Z","finishedAt":"2018-08-30T05:42:40Z","containerID":"docker://4d9eacaf6c22053c1ed543003aa9ff5ee293f07630b4bd7b671a4775739d2659"}},"lastState":{},"ready":true,"restartCount":0,"image":"docker.io/byrnedo/alpine-curl:latest","imageID":"docker-pullable://docker.io/byrnedo/alpine-curl@sha256:00c64bda2814f95a13ad6a46d6de487dc88f424f2b1f6c62c6dfce36701fe516","containerID":"docker://4d9eacaf6c22053c1ed543003aa9ff5ee293f07630b4bd7b671a4775739d2659"}],"containerStatuses":[{"name":"partyinteraction-attachment-service-container","state":{"running":{"startedAt":"2018-09-01T22:02:22Z"}},"lastState":{"terminated":{"exitCode":143,"reason":"Error","startedAt":"2018-08-30T05:42:44Z","finishedAt":"2018-09-01T22:02:22Z","containerID":"docker://dee426bc20750854ed2153a832c6281e6424019d0bee2651f56a26f56ea8b052"}},"ready":true,"restartCount":1,"image":"illin5564.corp.amdocs.com:5000/partyinteraction-attachment-service:0.1.0-0088","imageID":"docker-pullable://illin5564.corp.amdocs.com:5000/partyinteraction-attachment-service@sha256:b9a480acc085ef6d3c864f157d7816532eb4e050b8998dc94c0bca266205137f","containerID":"docker://a5bc1672e2ba8471a2db767e7bb42c517495166a21ce910f12243f198b1bd957"}],"qosClass":"BestEffort"}},{"metadata":{"name":"partyinteraction-partyin-3901781152-rjxq5","generateName":"partyinteraction-partyin-3901781152-","namespace":"care-for-openshift-testing","selfLink":"/api/v1/namespaces/care-for-openshift-testing/pods/partyinteraction-partyin-3901781152-rjxq5","uid":"7fbc4e84-ac17-11e8-bb86-0050569a887c","resourceVersion":"55369064","creationTimestamp":"2018-08-30T05:42:36Z","labels":{"microservice":"partyinteraction-partyin","pod-template-hash":"3901781152","project":"partyinteraction-partyinteraction-exe","provider":"amdocs","release":"partyinteraction-partyinteraction"},"annotations":{"fabric8.io/iconUrl":"img/icons/spring-boot.svg","openshift.io/scc":"anyuid-no-ps"},"ownerReferences":[{"apiVersion":"extensions/v1beta1","kind":"ReplicaSet","name":"partyinteraction-partyin-3901781152","uid":"108dd124-79fb-11e8-b420-0050569ac01d","controller":true,"blockOwnerDeletion":true}]},"spec":{"volumes":[{"name":"default-token-w6zvn","secret":{"secretName":"default-token-w6zvn","defaultMode":420}}],"initContainers":[{"name":"check-couchbase","image":"busybox","command":["sh","-c","timeout=0; while [[  $timeout -lt 90 ]]; do wget -q -O- -c http://couchbase-service:8091/ui/index.html \u003e /dev/null; if [ $? -ne 0 ]; then timeout=$(( timeout + 2 )); echo $timeout; else break; fi; done"],"resources":{},"volumeMounts":[{"name":"default-token-w6zvn","readOnly":true,"mountPath":"/var/run/secrets/kubernetes.io/serviceaccount"}],"terminationMessagePath":"/dev/termination-log","terminationMessagePolicy":"File","imagePullPolicy":"IfNotPresent","securityContext":{"capabilities":{"drop":["MKNOD"]}}},{"name":"create-bucket","image":"byrnedo/alpine-curl","command":["sh","-c","bucketName=com.amdocs.digital.ms.partyinteraction.partyinteraction; auth=Administrator:Administrator; server=couchbase-service; curl -X DELETE -u $auth http://$server:8091//pools/default/buckets/default; curl --fail -X POST -u $auth -d name=$bucketName -d ramQuotaMB=100 -d authType=sasl http://$server:8091/pools/default/buckets; curl --fail -u $auth http://$server:8091/pools/default/buckets/$bucketName"],"resources":{},"volumeMounts":[{"name":"default-token-w6zvn","readOnly":true,"mountPath":"/var/run/secrets/kubernetes.io/serviceaccount"}],"terminationMessagePath":"/dev/termination-log","terminationMessagePolicy":"File","imagePullPolicy":"IfNotPresent","securityContext":{"capabilities":{"drop":["MKNOD"]}}},{"name":"create-primary-index","image":"byrnedo/alpine-curl","command":["sh","-c","bucketName=com.amdocs.digital.ms.partyinteraction.partyinteraction; auth=Administrator:Administrator; server=couchbase-service; curl -X POST -v -u $auth http://$server:8093/query/service -d statement=create%20primary%20index%20on%20%60com.amdocs.digital.ms.partyinteraction.partyinteraction%60"],"resources":{},"volumeMounts":[{"name":"default-token-w6zvn","readOnly":true,"mountPath":"/var/run/secrets/kubernetes.io/serviceaccount"}],"terminationMessagePath":"/dev/termination-log","terminationMessagePolicy":"File","imagePullPolicy":"IfNotPresent","securityContext":{"capabilities":{"drop":["MKNOD"]}}}],"containers":[{"name":"partyinteraction-partyinteraction-service-container","image":"illin5564.corp.amdocs.com:5000/partyinteraction-partyinteraction-service:0.1.0-0184","ports":[{"name":"http","containerPort":8080,"protocol":"TCP"},{"name":"jacoco","containerPort":6300,"protocol":"TCP"},{"name":"management","containerPort":18080,"protocol":"TCP"}],"env":[{"name":"KUBERNETES_NAMESPACE","valueFrom":{"fieldRef":{"apiVersion":"v1","fieldPath":"metadata.namespace"}}},{"name":"MSNEXT_JAVA_OPTS","value":"-Dloader.main=com.amdocs.msnext.boot.Boot -Xms1024m -Xmx1024m -XX:MaxRAM=2048m -XX:+UseSerialGC -Dcom.amdocs.msnext.securitya3s.url=http://10.238.196.188:30081/asmServices/services/v1.0"},{"name":"MSNEXT_MODULE_MGT_DISABLE","value":"msnext-customization"},{"name":"MANAGEMENT_PORT","value":"18080"},{"name":"SERVER_PORT","value":"8080"},{"name":"MSNEXT_JACOCO_ENABLE","value":"1"},{"name":"MSNEXT_JACOCO_OPTS","value":"output=tcpserver,address=*,port=6300"}],"resources":{},"volumeMounts":[{"name":"default-token-w6zvn","readOnly":true,"mountPath":"/var/run/secrets/kubernetes.io/serviceaccount"}],"livenessProbe":{"httpGet":{"path":"/health","port":18080,"scheme":"HTTP"},"initialDelaySeconds":900,"timeoutSeconds":10,"periodSeconds":10,"successThreshold":1,"failureThreshold":3},"readinessProbe":{"httpGet":{"path":"/health","port":18080,"scheme":"HTTP"},"initialDelaySeconds":180,"timeoutSeconds":10,"periodSeconds":10,"successThreshold":1,"failureThreshold":3},"terminationMessagePath":"/dev/termination-log","terminationMessagePolicy":"File","imagePullPolicy":"IfNotPresent","securityContext":{"capabilities":{"drop":["MKNOD"]},"privileged":false}}],"restartPolicy":"Always","terminationGracePeriodSeconds":30,"dnsPolicy":"ClusterFirst","nodeSelector":{"region":"work"},"serviceAccountName":"default","serviceAccount":"default","nodeName":"ilocpde01w26.corp.amdocs.com","securityContext":{"seLinuxOptions":{"level":"s0:c15,c10"}},"imagePullSecrets":[{"name":"partyinteraction-partyinteraction-ms-secret"}],"schedulerName":"default-scheduler"},"status":{"phase":"Running","conditions":[{"type":"Initialized","status":"True","lastProbeTime":null,"lastTransitionTime":"2018-08-30T05:42:57Z"},{"type":"Ready","status":"True","lastProbeTime":null,"lastTransitionTime":"2018-08-30T05:46:01Z"},{"type":"PodScheduled","status":"True","lastProbeTime":null,"lastTransitionTime":"2018-08-30T05:42:36Z"}],"hostIP":"10.245.251.167","podIP":"10.128.60.253","startTime":"2018-08-30T05:42:36Z","initContainerStatuses":[{"name":"check-couchbase","state":{"terminated":{"exitCode":0,"reason":"Completed","startedAt":"2018-08-30T05:42:38Z","finishedAt":"2018-08-30T05:42:38Z","containerID":"docker://80f976f0bdf6cf0b4aedbb7af3086450922a170a4df7b351918ee25f78cdcb01"}},"lastState":{},"ready":true,"restartCount":0,"image":"docker.io/busybox:latest","imageID":"docker-pullable://docker.io/busybox@sha256:141c253bc4c3fd0a201d32dc1f493bcf3fff003b6df416dea4f41046e0f37d47","containerID":"docker://80f976f0bdf6cf0b4aedbb7af3086450922a170a4df7b351918ee25f78cdcb01"},{"name":"create-bucket","state":{"terminated":{"exitCode":0,"reason":"Completed","startedAt":"2018-08-30T05:42:55Z","finishedAt":"2018-08-30T05:42:55Z","containerID":"docker://36ccb6ba85ba070118730e520a6e8e610cfbc7fe4ae15b197e9b88eff3ad6520"}},"lastState":{},"ready":true,"restartCount":0,"image":"docker.io/byrnedo/alpine-curl:latest","imageID":"docker-pullable://docker.io/byrnedo/alpine-curl@sha256:e8cf497b3005c2f66c8411f814f3818ecd683dfea45267ebfb4918088a26a18c","containerID":"docker://36ccb6ba85ba070118730e520a6e8e610cfbc7fe4ae15b197e9b88eff3ad6520"},{"name":"create-primary-index","state":{"terminated":{"exitCode":0,"reason":"Completed","startedAt":"2018-08-30T05:42:57Z","finishedAt":"2018-08-30T05:42:57Z","containerID":"docker://3f62808876f9965030845f970139c72105fc4c5f0bd957261e142850ccf68177"}},"lastState":{},"ready":true,"restartCount":0,"image":"docker.io/byrnedo/alpine-curl:latest","imageID":"docker-pullable://docker.io/byrnedo/alpine-curl@sha256:e8cf497b3005c2f66c8411f814f3818ecd683dfea45267ebfb4918088a26a18c","containerID":"docker://3f62808876f9965030845f970139c72105fc4c5f0bd957261e142850ccf68177"}],"containerStatuses":[{"name":"partyinteraction-partyinteraction-service-container","state":{"running":{"startedAt":"2018-08-30T05:43:00Z"}},"lastState":{},"ready":true,"restartCount":0,"image":"illin5564.corp.amdocs.com:5000/partyinteraction-partyinteraction-service:0.1.0-0184","imageID":"docker-pullable://illin5564.corp.amdocs.com:5000/partyinteraction-partyinteraction-service@sha256:875a6fabee840966d4f442924d60e2cd7143fd002d94297934adbbe2ce337af3","containerID":"docker://f73c7e92ab58b922be46fb8c6fd03a2ef36e28adf3c7842ba104c35ee4027d24"}],"qosClass":"BestEffort"}},{"metadata":{"name":"paymentmethod-paymentmet-360350773-c9qb8","generateName":"paymentmethod-paymentmet-360350773-","namespace":"care-for-openshift-testing","selfLink":"/api/v1/namespaces/care-for-openshift-testing/pods/paymentmethod-paymentmet-360350773-c9qb8","uid":"7ff9343d-ac17-11e8-bb86-0050569a887c","resourceVersion":"69445335","creationTimestamp":"2018-08-30T05:42:36Z","labels":{"microservice":"paymentmethod-paymentmet","pod-template-hash":"360350773","project":"paymentmethod-paymentmethod-exe","provider":"amdocs","release":"paymentmethod-paymentmethod"},"annotations":{"fabric8.io/iconUrl":"img/icons/spring-boot.svg","openshift.io/scc":"anyuid-no-ps"},"ownerReferences":[{"apiVersion":"extensions/v1beta1","kind":"ReplicaSet","name":"paymentmethod-paymentmet-360350773","uid":"37b8945a-79fb-11e8-b420-0050569ac01d","controller":true,"blockOwnerDeletion":true}]},"spec":{"volumes":[{"name":"default-token-w6zvn","secret":{"secretName":"default-token-w6zvn","defaultMode":420}}],"initContainers":[{"name":"check-couchbase","image":"busybox","command":["sh","-c","timeout=0; while [[  $timeout -lt 90 ]]; do wget -q -O- -c http://couchbase-service:8091/ui/index.html \u003e /dev/null; if [ $? -ne 0 ]; then timeout=$(( timeout + 2 )); echo $timeout; else break; fi; done"],"resources":{},"volumeMounts":[{"name":"default-token-w6zvn","readOnly":true,"mountPath":"/var/run/secrets/kubernetes.io/serviceaccount"}],"terminationMessagePath":"/dev/termination-log","terminationMessagePolicy":"File","imagePullPolicy":"IfNotPresent","securityContext":{"capabilities":{"drop":["MKNOD"]}}},{"name":"create-bucket","image":"byrnedo/alpine-curl","command":["sh","-c","bucketName=com.amdocs.digital.ms.paymentmethod.paymentmethod; auth=Administrator:Administrator; server=couchbase-service; curl -X DELETE -u $auth http://$server:8091//pools/default/buckets/default; curl --fail -X POST -u $auth -d name=$bucketName -d ramQuotaMB=100 -d authType=sasl http://$server:8091/pools/default/buckets; curl --fail -u $auth http://$server:8091/pools/default/buckets/$bucketName"],"resources":{},"volumeMounts":[{"name":"default-token-w6zvn","readOnly":true,"mountPath":"/var/run/secrets/kubernetes.io/serviceaccount"}],"terminationMessagePath":"/dev/termination-log","terminationMessagePolicy":"File","imagePullPolicy":"IfNotPresent","securityContext":{"capabilities":{"drop":["MKNOD"]}}},{"name":"create-primary-index","image":"byrnedo/alpine-curl","command":["sh","-c","bucketName=com.amdocs.digital.ms.paymentmethod.paymentmethod; auth=Administrator:Administrator; server=couchbase-service; curl -X POST -v -u $auth http://$server:8093/query/service -d statement=create%20primary%20index%20on%20%60com.amdocs.digital.ms.paymentmethod.paymentmethod%60"],"resources":{},"volumeMounts":[{"name":"default-token-w6zvn","readOnly":true,"mountPath":"/var/run/secrets/kubernetes.io/serviceaccount"}],"terminationMessagePath":"/dev/termination-log","terminationMessagePolicy":"File","imagePullPolicy":"IfNotPresent","securityContext":{"capabilities":{"drop":["MKNOD"]}}},{"name":"create-pm-relatedpartyid-index","image":"byrnedo/alpine-curl","command":["sh","-c","bucketName=com.amdocs.digital.ms.paymentmethod.paymentmethod; auth=Administrator:Administrator; server=couchbase-service; curl -X POST -v -u $auth http://$server:8093/query/service -d statement='CREATE%20INDEX%20%60pm_idx_relatedPartyId%60%20ON%20%60com.amdocs.digital.ms.paymentmethod.paymentmethod%60((%60relatedParty%60.%60id%60))'"],"resources":{},"volumeMounts":[{"name":"default-token-w6zvn","readOnly":true,"mountPath":"/var/run/secrets/kubernetes.io/serviceaccount"}],"terminationMessagePath":"/dev/termination-log","terminationMessagePolicy":"File","imagePullPolicy":"IfNotPresent","securityContext":{"capabilities":{"drop":["MKNOD"]}}}],"containers":[{"name":"paymentmethod-paymentmethod-service-container","image":"illin5564.corp.amdocs.com:5000/paymentmethod-paymentmethod-service:0.1.0-0107","ports":[{"name":"http","containerPort":8080,"protocol":"TCP"},{"name":"jacoco","containerPort":6300,"protocol":"TCP"},{"name":"management","containerPort":18080,"protocol":"TCP"}],"env":[{"name":"KUBERNETES_NAMESPACE","valueFrom":{"fieldRef":{"apiVersion":"v1","fieldPath":"metadata.namespace"}}},{"name":"MSNEXT_JAVA_OPTS","value":"-Dloader.main=com.amdocs.msnext.boot.Boot -Xms1024m -Xmx1024m -XX:MaxRAM=2048m -XX:+UseSerialGC -Dcom.amdocs.msnext.securitya3s.url=http://10.238.196.188:30081/asmServices/services/v1.0"},{"name":"MSNEXT_MODULE_MGT_DISABLE","value":"msnext-customization"},{"name":"MANAGEMENT_PORT","value":"18080"},{"name":"MALLOC_ARENA_MAX","value":"4"},{"name":"SERVER_PORT","value":"8080"},{"name":"MSNEXT_JACOCO_ENABLE","value":"1"},{"name":"MSNEXT_JACOCO_OPTS","value":"output=tcpserver,address=*,port=6300"}],"resources":{"limits":{"cpu":"1","memory":"1536Mi"},"requests":{"cpu":"200m","memory":"1Gi"}},"volumeMounts":[{"name":"default-token-w6zvn","readOnly":true,"mountPath":"/var/run/secrets/kubernetes.io/serviceaccount"}],"livenessProbe":{"httpGet":{"path":"/health","port":18080,"scheme":"HTTP"},"initialDelaySeconds":900,"timeoutSeconds":10,"periodSeconds":10,"successThreshold":1,"failureThreshold":3},"readinessProbe":{"httpGet":{"path":"/health","port":18080,"scheme":"HTTP"},"initialDelaySeconds":180,"timeoutSeconds":10,"periodSeconds":10,"successThreshold":1,"failureThreshold":3},"terminationMessagePath":"/dev/termination-log","terminationMessagePolicy":"File","imagePullPolicy":"IfNotPresent","securityContext":{"capabilities":{"drop":["MKNOD"]},"privileged":false}}],"restartPolicy":"Always","terminationGracePeriodSeconds":30,"dnsPolicy":"ClusterFirst","nodeSelector":{"region":"work"},"serviceAccountName":"default","serviceAccount":"default","nodeName":"ilocpde01w16.corp.amdocs.com","securityContext":{"seLinuxOptions":{"level":"s0:c15,c10"}},"imagePullSecrets":[{"name":"paymentmethod-paymentmethod-ms-secret"}],"schedulerName":"default-scheduler","tolerations":[{"key":"node.kubernetes.io/memory-pressure","operator":"Exists","effect":"NoSchedule"}]},"status":{"phase":"Running","conditions":[{"type":"Initialized","status":"True","lastProbeTime":null,"lastTransitionTime":"2018-08-30T05:42:44Z"},{"type":"Ready","status":"True","lastProbeTime":null,"lastTransitionTime":"2018-09-16T12:56:02Z"},{"type":"PodScheduled","status":"True","lastProbeTime":null,"lastTransitionTime":"2018-08-30T05:42:36Z"}],"podIP":"10.128.42.146","startTime":"2018-08-30T05:42:36Z","initContainerStatuses":[{"name":"check-couchbase","state":{"terminated":{"exitCode":0,"reason":"Completed","startedAt":"2018-08-30T05:42:38Z","finishedAt":"2018-08-30T05:42:39Z","containerID":"docker://27fc2a261488b52ed8978e4131c97c7753e9265ed3b7d116077261d83304b557"}},"lastState":{},"ready":true,"restartCount":0,"image":"docker.io/busybox:latest","imageID":"docker-pullable://docker.io/busybox@sha256:141c253bc4c3fd0a201d32dc1f493bcf3fff003b6df416dea4f41046e0f37d47","containerID":"docker://27fc2a261488b52ed8978e4131c97c7753e9265ed3b7d116077261d83304b557"},{"name":"create-bucket","state":{"terminated":{"exitCode":0,"reason":"Completed","startedAt":"2018-08-30T05:42:40Z","finishedAt":"2018-08-30T05:42:40Z","containerID":"docker://7ac59acff8f6833c8100f0ec72d13c2e4d11ed79c0685e4813de1b3525805648"}},"lastState":{},"ready":true,"restartCount":0,"image":"docker.io/byrnedo/alpine-curl:latest","imageID":"docker-pullable://docker.io/byrnedo/alpine-curl@sha256:00c64bda2814f95a13ad6a46d6de487dc88f424f2b1f6c62c6dfce36701fe516","containerID":"docker://7ac59acff8f6833c8100f0ec72d13c2e4d11ed79c0685e4813de1b3525805648"},{"name":"create-primary-index","state":{"terminated":{"exitCode":0,"reason":"Completed","startedAt":"2018-08-30T05:42:41Z","finishedAt":"2018-08-30T05:42:41Z","containerID":"docker://cbcba2298c744f61a79bb7f823f26177f469e74aafa2ef277b707326d515312b"}},"lastState":{},"ready":true,"restartCount":0,"image":"docker.io/byrnedo/alpine-curl:latest","imageID":"docker-pullable://docker.io/byrnedo/alpine-curl@sha256:00c64bda2814f95a13ad6a46d6de487dc88f424f2b1f6c62c6dfce36701fe516","containerID":"docker://cbcba2298c744f61a79bb7f823f26177f469e74aafa2ef277b707326d515312b"},{"name":"create-pm-relatedpartyid-index","state":{"terminated":{"exitCode":0,"reason":"Completed","startedAt":"2018-08-30T05:42:42Z","finishedAt":"2018-08-30T05:42:43Z","containerID":"docker://a465938f59cbe210bd1af4f17c595b291393fb0c1fc9cd236b85ab1c078b1858"}},"lastState":{},"ready":true,"restartCount":0,"image":"docker.io/byrnedo/alpine-curl:latest","imageID":"docker-pullable://docker.io/byrnedo/alpine-curl@sha256:00c64bda2814f95a13ad6a46d6de487dc88f424f2b1f6c62c6dfce36701fe516","containerID":"docker://a465938f59cbe210bd1af4f17c595b291393fb0c1fc9cd236b85ab1c078b1858"}],"containerStatuses":[{"name":"paymentmethod-paymentmethod-service-container","state":{"running":{"startedAt":"2018-09-16T12:52:55Z"}},"lastState":{"terminated":{"exitCode":137,"reason":"OOMKilled","startedAt":"2018-09-14T13:20:24Z","finishedAt":"2018-09-16T12:52:53Z","containerID":"docker://dcf5cd38f43d734eedf83e63998a2f1879006a9673d07930edc6531897873d50"}},"ready":true,"restartCount":5,"image":"illin5564.corp.amdocs.com:5000/paymentmethod-paymentmethod-service:0.1.0-0107","imageID":"docker-pullable://illin5564.corp.amdocs.com:5000/paymentmethod-paymentmethod-service@sha256:0d0145b4da129dd1310ddc44a1c708fc4c0577e114c1af9782cb0456ba6aac27","containerID":"docker://6536c744459a8011cda51c1d605529442fc41f2866236d2accdf9c58f274fa6a"}],"qosClass":"Burstable"}},{"metadata":{"name":"scheduler-task-scheduler-2436803184-c9m6b","generateName":"scheduler-task-scheduler-2436803184-","namespace":"care-for-openshift-testing","selfLink":"/api/v1/namespaces/care-for-openshift-testing/pods/scheduler-task-scheduler-2436803184-c9m6b","uid":"80363568-ac17-11e8-bb86-0050569a887c","resourceVersion":"68367854","creationTimestamp":"2018-08-30T05:42:37Z","labels":{"app":"scheduler-task-scheduler","microservice":"scheduler-task","pod-template-hash":"2436803184","project":"scheduler-task","provider":"amdocs","release":"scheduler-task"},"annotations":{"fabric8.io/iconUrl":"img/icons/spring-boot.svg","openshift.io/scc":"anyuid-no-ps"},"ownerReferences":[{"apiVersion":"extensions/v1beta1","kind":"ReplicaSet","name":"scheduler-task-scheduler-2436803184","uid":"60040991-79fb-11e8-b420-0050569ac01d","controller":true,"blockOwnerDeletion":true}]},"spec":{"volumes":[{"name":"default-token-w6zvn","secret":{"secretName":"default-token-w6zvn","defaultMode":420}}],"initContainers":[{"name":"check-couchbase","image":"busybox","command":["sh","-c","timeout=0; while [[  $timeout -lt 90 ]]; do wget -q -O- -c http://couchbase-service:8091/ui/index.html \u003e /dev/null; if [ $? -ne 0 ]; then timeout=$(( timeout + 2 )); echo $timeout; else break; fi; done"],"resources":{},"volumeMounts":[{"name":"default-token-w6zvn","readOnly":true,"mountPath":"/var/run/secrets/kubernetes.io/serviceaccount"}],"terminationMessagePath":"/dev/termination-log","terminationMessagePolicy":"File","imagePullPolicy":"IfNotPresent","securityContext":{"capabilities":{"drop":["MKNOD"]}}},{"name":"create-bucket","image":"byrnedo/alpine-curl","command":["sh","-c","bucketName=com.amdocs.digital.ms.scheduler.task; auth=Administrator:Administrator; server=couchbase-service; curl --fail -X POST -u $auth -d name=$bucketName -d ramQuotaMB=100 -d authType=sasl http://$server:8091/pools/default/buckets; curl --fail -u $auth http://$server:8091/pools/default/buckets/$bucketName"],"resources":{},"volumeMounts":[{"name":"default-token-w6zvn","readOnly":true,"mountPath":"/var/run/secrets/kubernetes.io/serviceaccount"}],"terminationMessagePath":"/dev/termination-log","terminationMessagePolicy":"File","imagePullPolicy":"IfNotPresent","securityContext":{"capabilities":{"drop":["MKNOD"]}}}],"containers":[{"name":"scheduler-task-service-container","image":"illin5564.corp.amdocs.com:5000/scheduler-task-service:0.1.0-0495","ports":[{"name":"http","containerPort":8080,"protocol":"TCP"},{"name":"management","containerPort":18080,"protocol":"TCP"}],"env":[{"name":"KUBERNETES_NAMESPACE","valueFrom":{"fieldRef":{"apiVersion":"v1","fieldPath":"metadata.namespace"}}},{"name":"MSNEXT_JAVA_OPTS","value":" -Xms256m -Xmx512m -XX:MaxRAM=1024m -XX:+UseSerialGC -XX:MaxMetaspaceSize=512m -Dcom.amdocs.msnext.securitya3s.url=http://10.238.196.188:30081/asmServices/services/v1.0"},{"name":"MSNEXT_DISABLED_MODULES","value":"msnext-customization"},{"name":"MANAGEMENT_PORT","value":"18080"},{"name":"SERVER_PORT","value":"8080"},{"name":"MALLOC_ARENA_MAX","value":"4"},{"name":"TZ","value":"UTC"}],"resources":{"limits":{"cpu":"1","memory":"4Gi"},"requests":{"cpu":"200m","memory":"1Gi"}},"volumeMounts":[{"name":"default-token-w6zvn","readOnly":true,"mountPath":"/var/run/secrets/kubernetes.io/serviceaccount"}],"livenessProbe":{"httpGet":{"path":"/health","port":18080,"scheme":"HTTP"},"initialDelaySeconds":900,"timeoutSeconds":10,"periodSeconds":10,"successThreshold":1,"failureThreshold":3},"readinessProbe":{"httpGet":{"path":"/health","port":18080,"scheme":"HTTP"},"initialDelaySeconds":30,"timeoutSeconds":10,"periodSeconds":10,"successThreshold":1,"failureThreshold":3},"terminationMessagePath":"/dev/termination-log","terminationMessagePolicy":"File","imagePullPolicy":"IfNotPresent","securityContext":{"capabilities":{"drop":["MKNOD"]},"privileged":false}}],"restartPolicy":"Always","terminationGracePeriodSeconds":30,"dnsPolicy":"ClusterFirst","nodeSelector":{"region":"work"},"serviceAccountName":"default","serviceAccount":"default","nodeName":"ilocpde01w07.corp.amdocs.com","securityContext":{"seLinuxOptions":{"level":"s0:c15,c10"}},"imagePullSecrets":[{"name":"scheduler-task-ms-secret"}],"schedulerName":"default-scheduler","tolerations":[{"key":"node.kubernetes.io/memory-pressure","operator":"Exists","effect":"NoSchedule"}]},"status":{"phase":"Running","conditions":[{"type":"Initialized","status":"True","lastProbeTime":null,"lastTransitionTime":"2018-08-30T05:42:41Z"},{"type":"Ready","status":"True","lastProbeTime":null,"lastTransitionTime":"2018-09-16T15:14:51Z"},{"type":"PodScheduled","status":"True","lastProbeTime":null,"lastTransitionTime":"2018-08-30T05:42:37Z"}],"hostIP":"10.245.250.26","podIP":"10.128.23.207","startTime":"2018-08-30T05:42:37Z","initContainerStatuses":[{"name":"check-couchbase","state":{"terminated":{"exitCode":0,"reason":"Completed","startedAt":"2018-08-30T05:42:39Z","finishedAt":"2018-08-30T05:42:39Z","containerID":"docker://d51dcfefdf9cc91f800c51ab778b1d38f6d97c95118d607c2f18687d0a20e60a"}},"lastState":{},"ready":true,"restartCount":0,"image":"docker.io/busybox:latest","imageID":"docker-pullable://docker.io/busybox@sha256:58ac43b2cc92c687a32c8be6278e50a063579655fe3090125dcb2af0ff9e1a64","containerID":"docker://d51dcfefdf9cc91f800c51ab778b1d38f6d97c95118d607c2f18687d0a20e60a"},{"name":"create-bucket","state":{"terminated":{"exitCode":0,"reason":"Completed","startedAt":"2018-08-30T05:42:41Z","finishedAt":"2018-08-30T05:42:41Z","containerID":"docker://a364dc26b9068a0a8582ee0c83c53b2bb6f9ee2b2c0c1662b64b7deca450b30c"}},"lastState":{},"ready":true,"restartCount":0,"image":"docker.io/byrnedo/alpine-curl:latest","imageID":"docker-pullable://docker.io/byrnedo/alpine-curl@sha256:00c64bda2814f95a13ad6a46d6de487dc88f424f2b1f6c62c6dfce36701fe516","containerID":"docker://a364dc26b9068a0a8582ee0c83c53b2bb6f9ee2b2c0c1662b64b7deca450b30c"}],"containerStatuses":[{"name":"scheduler-task-service-container","state":{"running":{"startedAt":"2018-09-16T15:13:16Z"}},"lastState":{"terminated":{"exitCode":143,"reason":"Error","startedAt":"2018-09-06T07:50:34Z","finishedAt":"2018-09-16T15:13:16Z","containerID":"docker://509c9e87cdeca83952d6fc858bde402d3f7d1393bfbc4d27f2bc55f61a10f620"}},"ready":true,"restartCount":2,"image":"illin5564.corp.amdocs.com:5000/scheduler-task-service:0.1.0-0495","imageID":"docker-pullable://illin5564.corp.amdocs.com:5000/scheduler-task-service@sha256:b6f20c70a08ae1ab1101226099aa9e807e36c4949fcc764efb2a35318fd0c68d","containerID":"docker://aba56b052eb3b04cc6e60c9f40b0003310ee9943feeb654a3a1c436d5ee42e79"}],"qosClass":"Burstable"}},{"metadata":{"name":"search-search-search-sea-3427907834-b5jb5","generateName":"search-search-search-sea-3427907834-","namespace":"care-for-openshift-testing","selfLink":"/api/v1/namespaces/care-for-openshift-testing/pods/search-search-search-sea-3427907834-b5jb5","uid":"8074bcf5-ac17-11e8-bb86-0050569a887c","resourceVersion":"55369004","creationTimestamp":"2018-08-30T05:42:37Z","labels":{"microservice":"search-search","pod-template-hash":"3427907834","project":"search-search-exe","provider":"amdocs","release":"search-search"},"annotations":{"fabric8.io/iconUrl":"img/icons/spring-boot.svg","openshift.io/scc":"anyuid-no-ps"},"ownerReferences":[{"apiVersion":"extensions/v1beta1","kind":"ReplicaSet","name":"search-search-search-sea-3427907834","uid":"21285b98-79fc-11e8-b420-0050569ac01d","controller":true,"blockOwnerDeletion":true}]},"spec":{"volumes":[{"name":"default-token-w6zvn","secret":{"secretName":"default-token-w6zvn","defaultMode":420}}],"initContainers":[{"name":"check-couchbase","image":"busybox","command":["sh","-c","timeout=0; while [[  $timeout -lt 90 ]]; do wget -q -O- -c http://couchbase-service:8091/ui/index.html \u003e /dev/null; if [ $? -ne 0 ]; then timeout=$(( timeout + 2 )); echo $timeout; else break; fi; done"],"resources":{},"volumeMounts":[{"name":"default-token-w6zvn","readOnly":true,"mountPath":"/var/run/secrets/kubernetes.io/serviceaccount"}],"terminationMessagePath":"/dev/termination-log","terminationMessagePolicy":"File","imagePullPolicy":"IfNotPresent","securityContext":{"capabilities":{"drop":["MKNOD"]}}},{"name":"create-bucket","image":"byrnedo/alpine-curl","command":["sh","-c","bucketName=com.amdocs.digital.ms.search.search; auth=Administrator:Administrator; server=couchbase-service; curl -X DELETE -u $auth http://$server:8091//pools/default/buckets/default; curl --fail -X POST -u $auth -d name=$bucketName -d ramQuotaMB=100 -d authType=sasl http://$server:8091/pools/default/buckets; curl --fail -u $auth http://$server:8091/pools/default/buckets/$bucketName"],"resources":{},"volumeMounts":[{"name":"default-token-w6zvn","readOnly":true,"mountPath":"/var/run/secrets/kubernetes.io/serviceaccount"}],"terminationMessagePath":"/dev/termination-log","terminationMessagePolicy":"File","imagePullPolicy":"IfNotPresent","securityContext":{"capabilities":{"drop":["MKNOD"]}}},{"name":"create-bucket-deleteref","image":"byrnedo/alpine-curl","command":["sh","-c","bucketName=com.amdocs.digital.ms.search.search.deletereference; auth=Administrator:Administrator; server=couchbase-service; curl -X DELETE -u $auth http://$server:8091//pools/default/buckets/default; curl --fail -X POST -u $auth -d name=$bucketName -d ramQuotaMB=100 -d authType=sasl http://$server:8091/pools/default/buckets; curl --fail -u $auth http://$server:8091/pools/default/buckets/$bucketName"],"resources":{},"volumeMounts":[{"name":"default-token-w6zvn","readOnly":true,"mountPath":"/var/run/secrets/kubernetes.io/serviceaccount"}],"terminationMessagePath":"/dev/termination-log","terminationMessagePolicy":"File","imagePullPolicy":"IfNotPresent","securityContext":{"capabilities":{"drop":["MKNOD"]}}},{"name":"create-primary-index","image":"byrnedo/alpine-curl","command":["sh","-c","bucketName=com.amdocs.digital.ms.search.search; auth=Administrator:Administrator; server=couchbase-service; curl -X POST -v -u $auth http://$server:8093/query/service -d statement=create%20primary%20index%20on%20%60com.amdocs.digital.ms.search.search%60"],"resources":{},"volumeMounts":[{"name":"default-token-w6zvn","readOnly":true,"mountPath":"/var/run/secrets/kubernetes.io/serviceaccount"}],"terminationMessagePath":"/dev/termination-log","terminationMessagePolicy":"File","imagePullPolicy":"IfNotPresent","securityContext":{"capabilities":{"drop":["MKNOD"]}}},{"name":"create-xdcr-cluster-reference-and-create-elasticsearch-index","image":"byrnedo/alpine-curl","command":["sh","-c","bucketName=com.amdocs.digital.ms.search.search; auth=Administrator:Administrator; server=couchbase-service; esindexname=searchindex; esclustername=ElasticSearch; curl -v -u $auth http://$server:8091/pools/default/remoteClusters -d name=$esclustername -d hostname=elasticsearch-service:9091 \u0026\u0026 curl -XPUT http://elasticsearch-service:9200/$esindexname?pretty \u0026\u0026 curl -v -X POST -u $auth http://$server:8091/controller/createReplication -d fromBucket=$bucket -d toCluster=$esclustername -d toBucket=esindexname -d replicationType=continuous -d type=capi"],"resources":{},"volumeMounts":[{"name":"default-token-w6zvn","readOnly":true,"mountPath":"/var/run/secrets/kubernetes.io/serviceaccount"}],"terminationMessagePath":"/dev/termination-log","terminationMessagePolicy":"File","imagePullPolicy":"IfNotPresent","securityContext":{"capabilities":{"drop":["MKNOD"]}}}],"containers":[{"name":"search-search-service-container","image":"illin5564.corp.amdocs.com:5000/search-search-service:0.1.0-0207","ports":[{"name":"http","containerPort":8080,"protocol":"TCP"},{"name":"jacoco","containerPort":6300,"protocol":"TCP"},{"name":"management","containerPort":18080,"protocol":"TCP"}],"env":[{"name":"KUBERNETES_NAMESPACE","valueFrom":{"fieldRef":{"apiVersion":"v1","fieldPath":"metadata.namespace"}}},{"name":"MSNEXT_JAVA_OPTS","value":"-Dloader.main=com.amdocs.msnext.boot.Boot -Xms1024m -Xmx1024m -XX:MaxRAM=2048m -XX:+UseSerialGC -Dcom.amdocs.msnext.securitya3s.url=http://10.238.196.188:30081/asmServices/services/v1.0"},{"name":"MSNEXT_MODULE_MGT_DISABLE","value":"msnext-customization"},{"name":"MANAGEMENT_PORT","value":"18080"},{"name":"SERVER_PORT","value":"8080"},{"name":"MSNEXT_JACOCO_ENABLE","value":"1"},{"name":"MSNEXT_JACOCO_OPTS","value":"output=tcpserver,address=*,port=6300"}],"resources":{},"volumeMounts":[{"name":"default-token-w6zvn","readOnly":true,"mountPath":"/var/run/secrets/kubernetes.io/serviceaccount"}],"livenessProbe":{"httpGet":{"path":"/health","port":18080,"scheme":"HTTP"},"initialDelaySeconds":900,"timeoutSeconds":10,"periodSeconds":10,"successThreshold":1,"failureThreshold":3},"readinessProbe":{"httpGet":{"path":"/health","port":18080,"scheme":"HTTP"},"initialDelaySeconds":180,"timeoutSeconds":10,"periodSeconds":10,"successThreshold":1,"failureThreshold":3},"terminationMessagePath":"/dev/termination-log","terminationMessagePolicy":"File","imagePullPolicy":"IfNotPresent","securityContext":{"capabilities":{"drop":["MKNOD"]},"privileged":false}}],"restartPolicy":"Always","terminationGracePeriodSeconds":30,"dnsPolicy":"ClusterFirst","nodeSelector":{"region":"work"},"serviceAccountName":"default","serviceAccount":"default","nodeName":"ilocpde01w15.corp.amdocs.com","securityContext":{"seLinuxOptions":{"level":"s0:c15,c10"}},"imagePullSecrets":[{"name":"search-search-ms-secret"}],"schedulerName":"default-scheduler"},"status":{"phase":"Running","conditions":[{"type":"Initialized","status":"True","lastProbeTime":null,"lastTransitionTime":"2018-08-30T05:42:43Z"},{"type":"Ready","status":"True","lastProbeTime":null,"lastTransitionTime":"2018-08-30T05:45:55Z"},{"type":"PodScheduled","status":"True","lastProbeTime":null,"lastTransitionTime":"2018-08-30T05:42:37Z"}],"hostIP":"10.245.250.34","podIP":"10.128.38.230","startTime":"2018-08-30T05:42:37Z","initContainerStatuses":[{"name":"check-couchbase","state":{"terminated":{"exitCode":0,"reason":"Completed","startedAt":"2018-08-30T05:42:39Z","finishedAt":"2018-08-30T05:42:39Z","containerID":"docker://3d73d040d423aa4b856c2fdb086f41332620106b3929081d3c28ea919eff4e62"}},"lastState":{},"ready":true,"restartCount":0,"image":"docker.io/busybox:latest","imageID":"docker-pullable://docker.io/busybox@sha256:141c253bc4c3fd0a201d32dc1f493bcf3fff003b6df416dea4f41046e0f37d47","containerID":"docker://3d73d040d423aa4b856c2fdb086f41332620106b3929081d3c28ea919eff4e62"},{"name":"create-bucket","state":{"terminated":{"exitCode":0,"reason":"Completed","startedAt":"2018-08-30T05:42:40Z","finishedAt":"2018-08-30T05:42:40Z","containerID":"docker://8c6ae21fda1c3856f66d28a59e4ab233cb71df4b783dc319542e1afb43df9d40"}},"lastState":{},"ready":true,"restartCount":0,"image":"docker.io/byrnedo/alpine-curl:latest","imageID":"docker-pullable://docker.io/byrnedo/alpine-curl@sha256:00c64bda2814f95a13ad6a46d6de487dc88f424f2b1f6c62c6dfce36701fe516","containerID":"docker://8c6ae21fda1c3856f66d28a59e4ab233cb71df4b783dc319542e1afb43df9d40"},{"name":"create-bucket-deleteref","state":{"terminated":{"exitCode":0,"reason":"Completed","startedAt":"2018-08-30T05:42:41Z","finishedAt":"2018-08-30T05:42:41Z","containerID":"docker://f2e7480f2049fa0c93d4b1d0b0027b324855cf91ccc3b01b3e8d19d514963022"}},"lastState":{},"ready":true,"restartCount":0,"image":"docker.io/byrnedo/alpine-curl:latest","imageID":"docker-pullable://docker.io/byrnedo/alpine-curl@sha256:00c64bda2814f95a13ad6a46d6de487dc88f424f2b1f6c62c6dfce36701fe516","containerID":"docker://f2e7480f2049fa0c93d4b1d0b0027b324855cf91ccc3b01b3e8d19d514963022"},{"name":"create-primary-index","state":{"terminated":{"exitCode":0,"reason":"Completed","startedAt":"2018-08-30T05:42:42Z","finishedAt":"2018-08-30T05:42:42Z","containerID":"docker://c67f71a02077bf49474a140dab00cf28482fb02a0dcbe56cf713179a3277d501"}},"lastState":{},"ready":true,"restartCount":0,"image":"docker.io/byrnedo/alpine-curl:latest","imageID":"docker-pullable://docker.io/byrnedo/alpine-curl@sha256:00c64bda2814f95a13ad6a46d6de487dc88f424f2b1f6c62c6dfce36701fe516","containerID":"docker://c67f71a02077bf49474a140dab00cf28482fb02a0dcbe56cf713179a3277d501"},{"name":"create-xdcr-cluster-reference-and-create-elasticsearch-index","state":{"terminated":{"exitCode":0,"reason":"Completed","startedAt":"2018-08-30T05:42:43Z","finishedAt":"2018-08-30T05:42:43Z","containerID":"docker://957e1533474e1c1788423286a955a3271e0bc45bb2ccd13ace0dabad91918025"}},"lastState":{},"ready":true,"restartCount":0,"image":"docker.io/byrnedo/alpine-curl:latest","imageID":"docker-pullable://docker.io/byrnedo/alpine-curl@sha256:00c64bda2814f95a13ad6a46d6de487dc88f424f2b1f6c62c6dfce36701fe516","containerID":"docker://957e1533474e1c1788423286a955a3271e0bc45bb2ccd13ace0dabad91918025"}],"containerStatuses":[{"name":"search-search-service-container","state":{"running":{"startedAt":"2018-08-30T05:42:48Z"}},"lastState":{},"ready":true,"restartCount":0,"image":"illin5564.corp.amdocs.com:5000/search-search-service:0.1.0-0207","imageID":"docker-pullable://illin5564.corp.amdocs.com:5000/search-search-service@sha256:cad0882d405052f8e40001149f7ca75722e56901a4fd9917b003ae6f364de907","containerID":"docker://7f9af836fb89835ba4d2c3c5c460fd0b6724b39b8a82f37e12dd8fdcc3406b7c"}],"qosClass":"BestEffort"}},{"metadata":{"name":"tiller-65431584-rcwh6","generateName":"tiller-65431584-","namespace":"care-for-openshift-testing","selfLink":"/api/v1/namespaces/care-for-openshift-testing/pods/tiller-65431584-rcwh6","uid":"ff6b36c9-9975-11e8-b0a8-0050569a340c","resourceVersion":"48310303","creationTimestamp":"2018-08-06T12:41:11Z","labels":{"app":"helm","name":"tiller","pod-template-hash":"65431584"},"annotations":{"openshift.io/scc":"anyuid-no-ps"},"ownerReferences":[{"apiVersion":"extensions/v1beta1","kind":"ReplicaSet","name":"tiller-65431584","uid":"f05b6fb0-8286-11e8-b420-0050569ac01d","controller":true,"blockOwnerDeletion":true}]},"spec":{"volumes":[{"name":"tiller-token-gclsh","secret":{"secretName":"tiller-token-gclsh","defaultMode":420}}],"containers":[{"name":"tiller","image":"gcr.io/kubernetes-helm/tiller:v2.9.1","ports":[{"name":"tiller","containerPort":44134,"protocol":"TCP"}],"env":[{"name":"TILLER_NAMESPACE","valueFrom":{"fieldRef":{"apiVersion":"v1","fieldPath":"metadata.namespace"}}}],"resources":{},"volumeMounts":[{"name":"tiller-token-gclsh","readOnly":true,"mountPath":"/var/run/secrets/kubernetes.io/serviceaccount"}],"livenessProbe":{"httpGet":{"path":"/liveness","port":44135,"scheme":"HTTP"},"timeoutSeconds":1,"periodSeconds":10,"successThreshold":1,"failureThreshold":3},"readinessProbe":{"httpGet":{"path":"/readiness","port":44135,"scheme":"HTTP"},"timeoutSeconds":1,"periodSeconds":10,"successThreshold":1,"failureThreshold":3},"terminationMessagePath":"/dev/termination-log","terminationMessagePolicy":"File","imagePullPolicy":"IfNotPresent","securityContext":{"capabilities":{"drop":["MKNOD"]}}}],"restartPolicy":"Always","terminationGracePeriodSeconds":30,"dnsPolicy":"ClusterFirst","nodeSelector":{"region":"work"},"serviceAccountName":"tiller","serviceAccount":"tiller","nodeName":"ilocpde01w30.corp.amdocs.com","securityContext":{"seLinuxOptions":{"level":"s0:c15,c10"}},"imagePullSecrets":[{"name":"tiller-dockercfg-cw4kn"}],"schedulerName":"default-scheduler"},"status":{"phase":"Running","conditions":[{"type":"Initialized","status":"True","lastProbeTime":null,"lastTransitionTime":"2018-08-06T12:41:10Z"},{"type":"Ready","status":"True","lastProbeTime":null,"lastTransitionTime":"2018-08-06T12:41:52Z"},{"type":"PodScheduled","status":"True","lastProbeTime":null,"lastTransitionTime":"2018-08-06T12:41:11Z"}],"podIP":"10.128.70.22","startTime":"2018-08-06T12:41:10Z","containerStatuses":[{"name":"tiller","state":{"running":{"startedAt":"2018-08-06T12:41:22Z"}},"lastState":{},"ready":true,"restartCount":0,"image":"gcr.io/kubernetes-helm/tiller:v2.9.1","imageID":"docker-pullable://gcr.io/kubernetes-helm/tiller@sha256:417aae19a0709075df9cc87e2fcac599b39d8f73ac95e668d9627fec9d341af2","containerID":"docker://76990ec8df77706ca4f512819cd4d03a1867cd31d9a320270737eec97fb9b02b"}],"qosClass":"BestEffort"}}]}
]]>
            </line>
            <line>
              <![CDATA[</div>]]>
            </line>
            <line>
              <![CDATA[</div>]]>
            </line>
            <line>
              <![CDATA[</div>]]>
            </line>
            <line>
              <![CDATA[</div>]]>
            </line>
            <line>
              <![CDATA[</td>]]>
            </line>
            <line>
              <![CDATA[</tr>]]>
            </line>
            <line>
              <![CDATA[<tr class="table-success"><td colspan="2">Response status: expected=200 actual=200; Value: true</td></tr>]]>
            </line>
            <line>
              <![CDATA[<tr class="table-light"><td colspan="2">account-billingaccount-service:31193</td></tr>]]>
            </line>
            <line>
              <![CDATA[<tr class="table-light"><td colspan="2">asm-services-cloud-service:31766</td></tr>]]>
            </line>
            <line>
              <![CDATA[<tr class="table-light"><td colspan="2">attachment-attachment-service:32689</td></tr>]]>
            </line>
            <line>
              <![CDATA[<tr class="table-light"><td colspan="2">attachment-dmsbridge-service:31835</td></tr>]]>
            </line>
            <line>
              <![CDATA[<tr class="table-light"><td colspan="2">creditprofile-creditevaluatorbridge-service:31419</td></tr>]]>
            </line>
            <line>
              <![CDATA[<tr class="table-light"><td colspan="2">creditprofile-creditprofile-service:31057</td></tr>]]>
            </line>
            <line>
              <![CDATA[<tr class="table-light"><td colspan="2">customer-customer-service:32354</td></tr>]]>
            </line>
            <line>
              <![CDATA[<tr class="table-light"><td colspan="2">customer-customerentity-service:31022</td></tr>]]>
            </line>
            <line>
              <![CDATA[<tr class="table-light"><td colspan="2">financialaccount-financialaccount-service:31973</td></tr>]]>
            </line>
            <line>
              <![CDATA[<tr class="table-light"><td colspan="2">geographicaddress-geographicaddress-service:30620</td></tr>]]>
            </line>
            <line>
              <![CDATA[<tr class="table-light"><td colspan="2">geographicaddress-geographicaddressbridge-service:32543</td></tr>]]>
            </line>
            <line>
              <![CDATA[<tr class="table-light"><td colspan="2">party-attachment-service:31758</td></tr>]]>
            </line>
            <line>
              <![CDATA[<tr class="table-light"><td colspan="2">party-individual-service:30261</td></tr>]]>
            </line>
            <line>
              <![CDATA[<tr class="table-light"><td colspan="2">partyinteraction-attachment-service:32286</td></tr>]]>
            </line>
            <line>
              <![CDATA[<tr class="table-light"><td colspan="2">partyinteraction-partyinteraction-service:31716</td></tr>]]>
            </line>
            <line>
              <![CDATA[<tr class="table-light"><td colspan="2">paymentmethod-paymentmethod-service:32427</td></tr>]]>
            </line>
            <line>
              <![CDATA[<tr class="table-light"><td colspan="2">scheduler-task-service:32558</td></tr>]]>
            </line>
            <line>
              <![CDATA[<tr class="table-light"><td colspan="2">search-search-service:30822</td></tr>]]>
            </line>
            <line>
              <![CDATA[<tr class="table-light"><td colspan="2">OpenShift Master: ilocpde01-master.corp.amdocs.com k8shost: ilocpde01w26.corp.amdocs.com</td></tr>]]>
            </line>
            <line>
              <![CDATA[<tr class="table-light"><td colspan="2">Creating map for oc-cd-1017-pranavd-pd</td></tr>]]>
            </line>
            <line>
              <![CDATA[<tr class="table-info"><td class="text-dark font-weight-bold">Request Type </td><td class="" >GET</td></tr>]]>
            </line>
            <line>
              <![CDATA[<tr><td class="text-dark font-weight-bold">URI </td><td class="" > https://ilocpde01-master.corp.amdocs.com:8443/api/v1/namespaces/oc-cd-1017-pranavd-pd/services </td></tr>]]>
            </line>
            <line>
              <![CDATA[<tr><td class="text-dark font-weight-bold" colspan="2">Headers : </td></tr>]]>
            </line>
            <line>
              <![CDATA[<tr>]]>
            </line>
            <line>
              <![CDATA[<td class="text-dark font-weight-bold" >Authorization :</td>]]>
            </line>
            <line>
              <![CDATA[<td class="" >]]>
            </line>
            <line>
              <![CDATA[<a href="" class="alert-link" data-toggle="modal" data-target="#rest_assured_logger_modal_value_64">Show</a>]]>
            </line>
            <line>
              <![CDATA[<div class="modal fade"  id="rest_assured_logger_modal_value_64" tabindex="-1" role="dialog">]]>
            </line>
            <line>
              <![CDATA[<div class="modal-dialog" role="document">]]>
            </line>
            <line>
              <![CDATA[<div class="modal-content">]]>
            </line>
            <line>
              <![CDATA[<div class="modal-header text-white bg-info">]]>
            </line>
            <line>
              <![CDATA[<h5 class="modal-title" id="title1">Authorization</h5>]]>
            </line>
            <line>
              <![CDATA[<span class="h6 text-light ml-2 mt-2">(click on the Text to copy)</span>]]>
            </line>
            <line>
              <![CDATA[<button type="button" class="close" data-dismiss="modal" aria-label="Close">]]>
            </line>
            <line>
              <![CDATA[<span aria-hidden="true">&times;</span>]]>
            </line>
            <line>
              <![CDATA[</button>]]>
            </line>
            <line>
              <![CDATA[</div>]]>
            </line>
            <line>
              <![CDATA[<div onClick="copyMePlease(this)" class="modal-body">]]>
            </line>
            <line>
              <![CDATA[Bearer eyJhbGciOiJSUzI1NiIsInR5cCI6IkpXVCJ9.eyJpc3MiOiJrdWJlcm5ldGVzL3NlcnZpY2VhY2NvdW50Iiwia3ViZXJuZXRlcy5pby9zZXJ2aWNlYWNjb3VudC9uYW1lc3BhY2UiOiJvYy1jZC0xMDE3LXByYW5hdmQtcGQiLCJrdWJlcm5ldGVzLmlvL3NlcnZpY2VhY2NvdW50L3NlY3JldC5uYW1lIjoiZml0LXNhLXRva2VuLTRsdzZtIiwia3ViZXJuZXRlcy5pby9zZXJ2aWNlYWNjb3VudC9zZXJ2aWNlLWFjY291bnQubmFtZSI6ImZpdC1zYSIsImt1YmVybmV0ZXMuaW8vc2VydmljZWFjY291bnQvc2VydmljZS1hY2NvdW50LnVpZCI6IjljYzViYmMxLWI3MjEtMTFlOC1iYjg2LTAwNTA1NjlhODg3YyIsInN1YiI6InN5c3RlbTpzZXJ2aWNlYWNjb3VudDpvYy1jZC0xMDE3LXByYW5hdmQtcGQ6Zml0LXNhIn0.KMmKTeThNBXz_F_aqQoUpcSw1eXkrR4xr7tITRdfs2IDTLfXzxGfYk9fOni2zyhlVH7lx9mB94bVkI2zWqa7cjR9z1DEW7OxPFq1XQ11yspYFG3tOi0NdNeaD66XB9TIbGEwbQYl92ZDsy5y3eD5echit18B52IMq8nvaNvTNXESzdGqsxtBMnNpUhtYUZy5xgasoKUwTR34rg91XgeZagjVsH2FJ8R7gIB9fXg8-IR4ZatJitxo40caTeHkGUvjI5aGADQCzytee87Yq6fAeXRb9sZcFUFmJkqf7OLl1FQkH41UG3zjfqtc00mNCzpXEVVbuqiw4ghZYNnh1tPJQA]]>
            </line>
            <line>
              <![CDATA[</div>]]>
            </line>
            <line>
              <![CDATA[</div>]]>
            </line>
            <line>
              <![CDATA[</div>]]>
            </line>
            <line>
              <![CDATA[</div>]]>
            </line>
            <line>
              <![CDATA[</td>]]>
            </line>
            <line>
              <![CDATA[</tr>]]>
            </line>
            <line>
              <![CDATA[<tr>]]>
            </line>
            <line>
              <![CDATA[<td class="text-dark font-weight-bold" >Payload :</td>]]>
            </line>
            <line>
              <![CDATA[<td class="" >]]>
            </line>
            <line>
              <![CDATA[<a href="" class="alert-link" data-toggle="modal" data-target="#rest_assured_logger_modal_value_65">Show</a>]]>
            </line>
            <line>
              <![CDATA[<div class="modal fade"  id="rest_assured_logger_modal_value_65" tabindex="-1" role="dialog">]]>
            </line>
            <line>
              <![CDATA[<div class="modal-dialog" role="document">]]>
            </line>
            <line>
              <![CDATA[<div class="modal-content">]]>
            </line>
            <line>
              <![CDATA[<div class="modal-header text-white bg-info">]]>
            </line>
            <line>
              <![CDATA[<h5 class="modal-title" id="title1">Payload</h5>]]>
            </line>
            <line>
              <![CDATA[<span class="h6 text-light ml-2 mt-2">(click on the Text to copy)</span>]]>
            </line>
            <line>
              <![CDATA[<button type="button" class="close" data-dismiss="modal" aria-label="Close">]]>
            </line>
            <line>
              <![CDATA[<span aria-hidden="true">&times;</span>]]>
            </line>
            <line>
              <![CDATA[</button>]]>
            </line>
            <line>
              <![CDATA[</div>]]>
            </line>
            <line>
              <![CDATA[<div onClick="copyMePlease(this)" class="modal-body">]]>
            </line>
            <line>
              <![CDATA[None]]>
            </line>
            <line>
              <![CDATA[</div>]]>
            </line>
            <line>
              <![CDATA[</div>]]>
            </line>
            <line>
              <![CDATA[</div>]]>
            </line>
            <line>
              <![CDATA[</div>]]>
            </line>
            <line>
              <![CDATA[</td>]]>
            </line>
            <line>
              <![CDATA[</tr>]]>
            </line>
            <line>
              <![CDATA[<tr>]]>
            </line>
            <line>
              <![CDATA[<td class="text-dark font-weight-bold" >Response Header :</td>]]>
            </line>
            <line>
              <![CDATA[<td class="" >]]>
            </line>
            <line>
              <![CDATA[<a href="" class="alert-link" data-toggle="modal" data-target="#modal_value_22">Show</a>]]>
            </line>
            <line>
              <![CDATA[<div class="modal fade"  id="modal_value_22" tabindex="-1" role="dialog">]]>
            </line>
            <line>
              <![CDATA[<div class="modal-dialog" role="document">]]>
            </line>
            <line>
              <![CDATA[<div class="modal-content">]]>
            </line>
            <line>
              <![CDATA[<div class="modal-header text-white bg-info">]]>
            </line>
            <line>
              <![CDATA[<h5 class="modal-title" id="title1">Response Header</h5>]]>
            </line>
            <line>
              <![CDATA[<span class="h6 text-light ml-2 mt-2">(click on the Text to copy)</span>]]>
            </line>
            <line>
              <![CDATA[<button type="button" class="close" data-dismiss="modal" aria-label="Close">]]>
            </line>
            <line>
              <![CDATA[<span aria-hidden="true">&times;</span>]]>
            </line>
            <line>
              <![CDATA[</button>]]>
            </line>
            <line>
              <![CDATA[</div>]]>
            </line>
            <line>
              <![CDATA[<div onClick="copyMePlease(this)" class="modal-body">]]>
            </line>
            <line>
              <![CDATA[Cache-Control=no-store
	Content-Type=application/json
	Date=Tue, 18 Sep 2018 09:40:55 GMT
	Transfer-Encoding=chunked]]>
            </line>
            <line>
              <![CDATA[</div>]]>
            </line>
            <line>
              <![CDATA[</div>]]>
            </line>
            <line>
              <![CDATA[</div>]]>
            </line>
            <line>
              <![CDATA[</div>]]>
            </line>
            <line>
              <![CDATA[</td>]]>
            </line>
            <line>
              <![CDATA[</tr>]]>
            </line>
            <line>
              <![CDATA[<tr>]]>
            </line>
            <line>
              <![CDATA[<td class="text-dark font-weight-bold" >Response :</td>]]>
            </line>
            <line>
              <![CDATA[<td class="" >]]>
            </line>
            <line>
              <![CDATA[<a href="" class="alert-link" data-toggle="modal" data-target="#rest_assured_logger_modal_value_66">Show</a>]]>
            </line>
            <line>
              <![CDATA[<div class="modal fade"  id="rest_assured_logger_modal_value_66" tabindex="-1" role="dialog">]]>
            </line>
            <line>
              <![CDATA[<div class="modal-dialog" role="document">]]>
            </line>
            <line>
              <![CDATA[<div class="modal-content">]]>
            </line>
            <line>
              <![CDATA[<div class="modal-header text-white bg-info">]]>
            </line>
            <line>
              <![CDATA[<h5 class="modal-title" id="title1">Response</h5>]]>
            </line>
            <line>
              <![CDATA[<span class="h6 text-light ml-2 mt-2">(click on the Text to copy)</span>]]>
            </line>
            <line>
              <![CDATA[<button type="button" class="close" data-dismiss="modal" aria-label="Close">]]>
            </line>
            <line>
              <![CDATA[<span aria-hidden="true">&times;</span>]]>
            </line>
            <line>
              <![CDATA[</button>]]>
            </line>
            <line>
              <![CDATA[</div>]]>
            </line>
            <line>
              <![CDATA[<div onClick="copyMePlease(this)" class="modal-body">]]>
            </line>
            <line>
              <![CDATA[{"kind":"ServiceList","apiVersion":"v1","metadata":{"selfLink":"/api/v1/namespaces/oc-cd-1017-pranavd-pd/services","resourceVersion":"69531660"},"items":[{"metadata":{"name":"asm-services-cloud-service","namespace":"oc-cd-1017-pranavd-pd","selfLink":"/api/v1/namespaces/oc-cd-1017-pranavd-pd/services/asm-services-cloud-service","uid":"9d970868-b721-11e8-bb86-0050569a887c","resourceVersion":"66120857","creationTimestamp":"2018-09-13T06:52:44Z","labels":{"projectexportable":"No"},"annotations":{"kubectl.kubernetes.io/last-applied-configuration":"{\"apiVersion\":\"v1\",\"kind\":\"Service\",\"metadata\":{\"annotations\":{},\"labels\":{\"projectexportable\":\"No\"},\"name\":\"asm-services-cloud-service\",\"namespace\":\"oc-cd-1017-pranavd-pd\"},\"spec\":{\"ports\":[{\"name\":\"a3s-port\",\"port\":9191,\"protocol\":\"TCP\",\"targetPort\":9191}],\"selector\":{},\"type\":\"NodePort\"}}\n"}},"spec":{"ports":[{"name":"a3s-port","protocol":"TCP","port":9191,"targetPort":9191,"nodePort":30525}],"clusterIP":"172.30.132.4","type":"NodePort","sessionAffinity":"None","externalTrafficPolicy":"Cluster"},"status":{"loadBalancer":{}}},{"metadata":{"name":"authoring-command-service","namespace":"oc-cd-1017-pranavd-pd","selfLink":"/api/v1/namespaces/oc-cd-1017-pranavd-pd/services/authoring-command-service","uid":"a5982b57-b721-11e8-bb86-0050569a887c","resourceVersion":"66122189","creationTimestamp":"2018-09-13T06:52:57Z","labels":{"app":"authoring-command-service","prometheus":"amdocs-prometheus","release":"authoring-release"},"annotations":{"kubectl.kubernetes.io/last-applied-configuration":"{\"apiVersion\":\"v1\",\"kind\":\"Service\",\"metadata\":{\"annotations\":{},\"creationTimestamp\":null,\"labels\":{\"app\":\"authoring-command-service\",\"prometheus\":\"amdocs-prometheus\",\"release\":\"authoring-release\"},\"name\":\"authoring-command-service\",\"namespace\":\"oc-cd-1017-pranavd-pd\"},\"spec\":{\"externalTrafficPolicy\":\"Cluster\",\"ports\":[{\"name\":\"server\",\"port\":8080,\"protocol\":\"TCP\",\"targetPort\":\"server\"},{\"name\":\"management\",\"port\":8081,\"protocol\":\"TCP\",\"targetPort\":\"management\"},{\"name\":\"metrics\",\"port\":5555,\"protocol\":\"TCP\",\"targetPort\":\"metrics\"},{\"name\":\"debug\",\"port\":5005,\"protocol\":\"TCP\",\"targetPort\":\"debug\"}],\"selector\":{\"app\":\"authoring-command-service\",\"group\":\"com.amdocs.catalogone\",\"release\":\"authoring-release\"},\"sessionAffinity\":\"None\",\"type\":\"NodePort\"},\"status\":{\"loadBalancer\":{}}}\n"}},"spec":{"ports":[{"name":"server","protocol":"TCP","port":8080,"targetPort":"server","nodePort":32756},{"name":"management","protocol":"TCP","port":8081,"targetPort":"management","nodePort":34396},{"name":"metrics","protocol":"TCP","port":5555,"targetPort":"metrics","nodePort":30125},{"name":"debug","protocol":"TCP","port":5005,"targetPort":"debug","nodePort":31706}],"selector":{"app":"authoring-command-service","group":"com.amdocs.catalogone","release":"authoring-release"},"clusterIP":"172.30.205.120","type":"NodePort","sessionAffinity":"None","externalTrafficPolicy":"Cluster"},"status":{"loadBalancer":{}}},{"metadata":{"name":"business-request-service","namespace":"oc-cd-1017-pranavd-pd","selfLink":"/api/v1/namespaces/oc-cd-1017-pranavd-pd/services/business-request-service","uid":"a5c538d3-b721-11e8-bb86-0050569a887c","resourceVersion":"66122216","creationTimestamp":"2018-09-13T06:52:57Z","labels":{"app":"business-request-service","chart":"business-request-service-1.6.0","prometheus":"amdocs-prometheus","release":"business-request-release"},"annotations":{"kubectl.kubernetes.io/last-applied-configuration":"{\"apiVersion\":\"v1\",\"kind\":\"Service\",\"metadata\":{\"annotations\":{},\"creationTimestamp\":null,\"labels\":{\"app\":\"business-request-service\",\"chart\":\"business-request-service-1.6.0\",\"prometheus\":\"amdocs-prometheus\",\"release\":\"business-request-release\"},\"name\":\"business-request-service\",\"namespace\":\"oc-cd-1017-pranavd-pd\"},\"spec\":{\"externalTrafficPolicy\":\"Cluster\",\"ports\":[{\"name\":\"server\",\"port\":8080,\"protocol\":\"TCP\",\"targetPort\":\"server\"},{\"name\":\"management\",\"port\":8081,\"protocol\":\"TCP\",\"targetPort\":\"management\"},{\"name\":\"metrics\",\"port\":5555,\"protocol\":\"TCP\",\"targetPort\":\"metrics\"},{\"name\":\"debug\",\"port\":5005,\"protocol\":\"TCP\",\"targetPort\":\"debug\"}],\"selector\":{\"app\":\"business-request-service\",\"group\":\"com.amdocs.catalogone\",\"provider\":\"amdocs\",\"release\":\"business-request-release\"},\"sessionAffinity\":\"None\",\"type\":\"NodePort\"},\"status\":{\"loadBalancer\":{}}}\n"}},"spec":{"ports":[{"name":"server","protocol":"TCP","port":8080,"targetPort":"server","nodePort":34944},{"name":"management","protocol":"TCP","port":8081,"targetPort":"management","nodePort":31125},{"name":"metrics","protocol":"TCP","port":5555,"targetPort":"metrics","nodePort":33735},{"name":"debug","protocol":"TCP","port":5005,"targetPort":"debug","nodePort":31277}],"selector":{"app":"business-request-service","group":"com.amdocs.catalogone","provider":"amdocs","release":"business-request-release"},"clusterIP":"172.30.95.193","type":"NodePort","sessionAffinity":"None","externalTrafficPolicy":"Cluster"},"status":{"loadBalancer":{}}},{"metadata":{"name":"business-validation-service","namespace":"oc-cd-1017-pranavd-pd","selfLink":"/api/v1/namespaces/oc-cd-1017-pranavd-pd/services/business-validation-service","uid":"a5e0406e-b721-11e8-bb86-0050569a887c","resourceVersion":"66122230","creationTimestamp":"2018-09-13T06:52:57Z","labels":{"app":"business-validation-service","chart":"business-validation-service-1.2.1","heritage":"Tiller","monitored":"prometheus","monitoring":"prometheus","prometheus":"amdocs-prometheus","release":"business-validation-release"},"annotations":{"kubectl.kubernetes.io/last-applied-configuration":"{\"apiVersion\":\"v1\",\"kind\":\"Service\",\"metadata\":{\"annotations\":{},\"creationTimestamp\":null,\"labels\":{\"app\":\"business-validation-service\",\"chart\":\"business-validation-service-1.2.1\",\"heritage\":\"Tiller\",\"monitored\":\"prometheus\",\"monitoring\":\"prometheus\",\"prometheus\":\"amdocs-prometheus\",\"release\":\"business-validation-release\"},\"name\":\"business-validation-service\",\"namespace\":\"oc-cd-1017-pranavd-pd\"},\"spec\":{\"externalTrafficPolicy\":\"Cluster\",\"ports\":[{\"name\":\"server\",\"port\":8080,\"protocol\":\"TCP\",\"targetPort\":8080},{\"name\":\"management\",\"port\":8081,\"protocol\":\"TCP\",\"targetPort\":8081},{\"name\":\"metrics\",\"port\":5555,\"protocol\":\"TCP\",\"targetPort\":\"metrics\"},{\"name\":\"debug\",\"port\":5005,\"protocol\":\"TCP\",\"targetPort\":\"debug\"}],\"selector\":{\"app\":\"business-validation-service\",\"group\":\"com.amdocs.catalogone\",\"provider\":\"amdocs\",\"release\":\"business-validation-release\"},\"sessionAffinity\":\"None\",\"type\":\"NodePort\"},\"status\":{\"loadBalancer\":{}}}\n"}},"spec":{"ports":[{"name":"server","protocol":"TCP","port":8080,"targetPort":8080,"nodePort":31296},{"name":"management","protocol":"TCP","port":8081,"targetPort":8081,"nodePort":31632},{"name":"metrics","protocol":"TCP","port":5555,"targetPort":"metrics","nodePort":34704},{"name":"debug","protocol":"TCP","port":5005,"targetPort":"debug","nodePort":31133}],"selector":{"app":"business-validation-service","group":"com.amdocs.catalogone","provider":"amdocs","release":"business-validation-release"},"clusterIP":"172.30.178.236","type":"NodePort","sessionAffinity":"None","externalTrafficPolicy":"Cluster"},"status":{"loadBalancer":{}}},{"metadata":{"name":"cartitemaccessor-service","namespace":"oc-cd-1017-pranavd-pd","selfLink":"/api/v1/namespaces/oc-cd-1017-pranavd-pd/services/cartitemaccessor-service","uid":"a5f0cde0-b721-11e8-bb86-0050569a887c","resourceVersion":"66122240","creationTimestamp":"2018-09-13T06:52:58Z","labels":{"chart":"cartitemaccessor-0.1.1-0015","expose":"true","microservice":"cartitemaccessor","monitored":"prometheus","monitoring":"prometheus","project":"cartitemaccessor","provider":"amdocs","release":"cartitemaccessor-release"},"annotations":{"fabric8.io/iconUrl":"img/icons/spring-boot.svg","kubectl.kubernetes.io/last-applied-configuration":"{\"apiVersion\":\"v1\",\"kind\":\"Service\",\"metadata\":{\"annotations\":{\"fabric8.io/iconUrl\":\"img/icons/spring-boot.svg\"},\"creationTimestamp\":null,\"labels\":{\"chart\":\"cartitemaccessor-0.1.1-0015\",\"expose\":\"true\",\"microservice\":\"cartitemaccessor\",\"monitored\":\"prometheus\",\"monitoring\":\"prometheus\",\"project\":\"cartitemaccessor\",\"provider\":\"amdocs\",\"release\":\"cartitemaccessor-release\"},\"name\":\"cartitemaccessor-service\",\"namespace\":\"oc-cd-1017-pranavd-pd\"},\"spec\":{\"externalTrafficPolicy\":\"Cluster\",\"ports\":[{\"name\":\"http\",\"port\":8080,\"protocol\":\"TCP\",\"targetPort\":8080},{\"name\":\"https\",\"port\":8443,\"protocol\":\"TCP\",\"targetPort\":\"https\"},{\"name\":\"metrics\",\"port\":5555,\"protocol\":\"TCP\",\"targetPort\":\"metrics\"}],\"selector\":{\"microservice\":\"cartitemaccessor\",\"project\":\"cartitemaccessor\",\"provider\":\"amdocs\",\"release\":\"cartitemaccessor-release\"},\"sessionAffinity\":\"None\",\"type\":\"NodePort\"},\"status\":{\"loadBalancer\":{}}}\n"}},"spec":{"ports":[{"name":"http","protocol":"TCP","port":8080,"targetPort":8080,"nodePort":31134},{"name":"https","protocol":"TCP","port":8443,"targetPort":"https","nodePort":35420},{"name":"metrics","protocol":"TCP","port":5555,"targetPort":"metrics","nodePort":30705}],"selector":{"microservice":"cartitemaccessor","project":"cartitemaccessor","provider":"amdocs","release":"cartitemaccessor-release"},"clusterIP":"172.30.64.109","type":"NodePort","sessionAffinity":"None","externalTrafficPolicy":"Cluster"},"status":{"loadBalancer":{}}},{"metadata":{"name":"catalog1-couchbase-service","namespace":"oc-cd-1017-pranavd-pd","selfLink":"/api/v1/namespaces/oc-cd-1017-pranavd-pd/services/catalog1-couchbase-service","uid":"9d7ea791-b721-11e8-bb86-0050569a887c","resourceVersion":"66120852","creationTimestamp":"2018-09-13T06:52:43Z","labels":{"projectexportable":"No"},"annotations":{"kubectl.kubernetes.io/last-applied-configuration":"{\"apiVersion\":\"v1\",\"kind\":\"Service\",\"metadata\":{\"annotations\":{},\"labels\":{\"projectexportable\":\"No\"},\"name\":\"catalog1-couchbase-service\",\"namespace\":\"oc-cd-1017-pranavd-pd\"},\"spec\":{\"ports\":[{\"name\":\"cb\",\"nodePort\":0,\"port\":8091,\"protocol\":\"TCP\",\"targetPort\":8091},{\"name\":\"cb-views\",\"nodePort\":0,\"port\":8092,\"protocol\":\"TCP\",\"targetPort\":8092},{\"name\":\"cb-query\",\"nodePort\":0,\"port\":8093,\"protocol\":\"TCP\",\"targetPort\":8093},{\"name\":\"cb-ftsearch\",\"nodePort\":0,\"port\":8094,\"protocol\":\"TCP\",\"targetPort\":8094},{\"name\":\"cb-sc\",\"nodePort\":0,\"port\":11210,\"protocol\":\"TCP\",\"targetPort\":11210},{\"name\":\"cb-scssl\",\"nodePort\":0,\"port\":11207,\"protocol\":\"TCP\",\"targetPort\":11207},{\"name\":\"cb-https\",\"nodePort\":0,\"port\":18091,\"protocol\":\"TCP\",\"targetPort\":18091},{\"name\":\"cb-viewsssl\",\"nodePort\":0,\"port\":18092,\"protocol\":\"TCP\",\"targetPort\":18092},{\"name\":\"cb-queryssl\",\"nodePort\":0,\"port\":18093,\"protocol\":\"TCP\",\"targetPort\":18093}],\"selector\":{}}}\n"}},"spec":{"ports":[{"name":"cb","protocol":"TCP","port":8091,"targetPort":8091},{"name":"cb-views","protocol":"TCP","port":8092,"targetPort":8092},{"name":"cb-query","protocol":"TCP","port":8093,"targetPort":8093},{"name":"cb-ftsearch","protocol":"TCP","port":8094,"targetPort":8094},{"name":"cb-sc","protocol":"TCP","port":11210,"targetPort":11210},{"name":"cb-scssl","protocol":"TCP","port":11207,"targetPort":11207},{"name":"cb-https","protocol":"TCP","port":18091,"targetPort":18091},{"name":"cb-viewsssl","protocol":"TCP","port":18092,"targetPort":18092},{"name":"cb-queryssl","protocol":"TCP","port":18093,"targetPort":18093}],"clusterIP":"172.30.200.91","type":"ClusterIP","sessionAffinity":"None"},"status":{"loadBalancer":{}}},{"metadata":{"name":"couchbase-service","namespace":"oc-cd-1017-pranavd-pd","selfLink":"/api/v1/namespaces/oc-cd-1017-pranavd-pd/services/couchbase-service","uid":"9d6e4229-b721-11e8-bb86-0050569a887c","resourceVersion":"66120847","creationTimestamp":"2018-09-13T06:52:43Z","labels":{"projectexportable":"No"},"annotations":{"kubectl.kubernetes.io/last-applied-configuration":"{\"apiVersion\":\"v1\",\"kind\":\"Service\",\"metadata\":{\"annotations\":{},\"labels\":{\"projectexportable\":\"No\"},\"name\":\"couchbase-service\",\"namespace\":\"oc-cd-1017-pranavd-pd\"},\"spec\":{\"ports\":[{\"name\":\"cb\",\"nodePort\":0,\"port\":8091,\"protocol\":\"TCP\",\"targetPort\":8091},{\"name\":\"cb-views\",\"nodePort\":0,\"port\":8092,\"protocol\":\"TCP\",\"targetPort\":8092},{\"name\":\"cb-query\",\"nodePort\":0,\"port\":8093,\"protocol\":\"TCP\",\"targetPort\":8093},{\"name\":\"cb-ftsearch\",\"nodePort\":0,\"port\":8094,\"protocol\":\"TCP\",\"targetPort\":8094},{\"name\":\"cb-sc\",\"nodePort\":0,\"port\":11210,\"protocol\":\"TCP\",\"targetPort\":11210},{\"name\":\"cb-scssl\",\"nodePort\":0,\"port\":11207,\"protocol\":\"TCP\",\"targetPort\":11207},{\"name\":\"cb-https\",\"nodePort\":0,\"port\":18091,\"protocol\":\"TCP\",\"targetPort\":18091},{\"name\":\"cb-viewsssl\",\"nodePort\":0,\"port\":18092,\"protocol\":\"TCP\",\"targetPort\":18092},{\"name\":\"cb-queryssl\",\"nodePort\":0,\"port\":18093,\"protocol\":\"TCP\",\"targetPort\":18093}],\"selector\":{}}}\n"}},"spec":{"ports":[{"name":"cb","protocol":"TCP","port":8091,"targetPort":8091},{"name":"cb-views","protocol":"TCP","port":8092,"targetPort":8092},{"name":"cb-query","protocol":"TCP","port":8093,"targetPort":8093},{"name":"cb-ftsearch","protocol":"TCP","port":8094,"targetPort":8094},{"name":"cb-sc","protocol":"TCP","port":11210,"targetPort":11210},{"name":"cb-scssl","protocol":"TCP","port":11207,"targetPort":11207},{"name":"cb-https","protocol":"TCP","port":18091,"targetPort":18091},{"name":"cb-viewsssl","protocol":"TCP","port":18092,"targetPort":18092},{"name":"cb-queryssl","protocol":"TCP","port":18093,"targetPort":18093}],"clusterIP":"172.30.53.22","type":"ClusterIP","sessionAffinity":"None"},"status":{"loadBalancer":{}}},{"metadata":{"name":"customeraccessor-service","namespace":"oc-cd-1017-pranavd-pd","selfLink":"/api/v1/namespaces/oc-cd-1017-pranavd-pd/services/customeraccessor-service","uid":"a612b60b-b721-11e8-bb86-0050569a887c","resourceVersion":"66122259","creationTimestamp":"2018-09-13T06:52:58Z","labels":{"chart":"customeraccessor-0.1.1-0015","expose":"true","group":"com.amdocs.digital.ms.customeraccessor","microservice":"customeraccessor","monitored":"prometheus","monitoring":"prometheus","project":"customeraccessor-service","provider":"amdocs","release":"customeraccessor-release"},"annotations":{"fabric8.io/iconUrl":"img/icons/spring-boot.svg","kubectl.kubernetes.io/last-applied-configuration":"{\"apiVersion\":\"v1\",\"kind\":\"Service\",\"metadata\":{\"annotations\":{\"fabric8.io/iconUrl\":\"img/icons/spring-boot.svg\"},\"creationTimestamp\":null,\"labels\":{\"chart\":\"customeraccessor-0.1.1-0015\",\"expose\":\"true\",\"group\":\"com.amdocs.digital.ms.customeraccessor\",\"microservice\":\"customeraccessor\",\"monitored\":\"prometheus\",\"monitoring\":\"prometheus\",\"project\":\"customeraccessor-service\",\"provider\":\"amdocs\",\"release\":\"customeraccessor-release\"},\"name\":\"customeraccessor-service\",\"namespace\":\"oc-cd-1017-pranavd-pd\"},\"spec\":{\"externalTrafficPolicy\":\"Cluster\",\"ports\":[{\"name\":\"http\",\"port\":8080,\"protocol\":\"TCP\",\"targetPort\":8080},{\"name\":\"management\",\"port\":18080,\"protocol\":\"TCP\",\"targetPort\":18080},{\"name\":\"metrics\",\"port\":5555,\"protocol\":\"TCP\",\"targetPort\":\"metrics\"},{\"name\":\"https\",\"port\":8443,\"protocol\":\"TCP\",\"targetPort\":8443}],\"selector\":{\"group\":\"com.amdocs.digital.ms.customeraccessor\",\"microservice\":\"customeraccessor\",\"project\":\"customeraccessor-service\",\"provider\":\"amdocs\",\"release\":\"customeraccessor-release\"},\"sessionAffinity\":\"None\",\"type\":\"NodePort\"},\"status\":{\"loadBalancer\":{}}}\n"}},"spec":{"ports":[{"name":"http","protocol":"TCP","port":8080,"targetPort":8080,"nodePort":32678},{"name":"management","protocol":"TCP","port":18080,"targetPort":18080,"nodePort":32076},{"name":"metrics","protocol":"TCP","port":5555,"targetPort":"metrics","nodePort":30706},{"name":"https","protocol":"TCP","port":8443,"targetPort":8443,"nodePort":34471}],"selector":{"group":"com.amdocs.digital.ms.customeraccessor","microservice":"customeraccessor","project":"customeraccessor-service","provider":"amdocs","release":"customeraccessor-release"},"clusterIP":"172.30.88.12","type":"NodePort","sessionAffinity":"None","externalTrafficPolicy":"Cluster"},"status":{"loadBalancer":{}}},{"metadata":{"name":"digitalexp-api-service","namespace":"oc-cd-1017-pranavd-pd","selfLink":"/api/v1/namespaces/oc-cd-1017-pranavd-pd/services/digitalexp-api-service","uid":"a6276347-b721-11e8-bb86-0050569a887c","resourceVersion":"66122275","creationTimestamp":"2018-09-13T06:52:58Z","labels":{"chart":"digitalexp-api-0.1.1-0102","expose":"true","microservice":"digitalexp-api","project":"digitalexp-api","provider":"amdocs","release":"digitalexpapi-release"},"annotations":{"fabric8.io/iconUrl":"img/icons/spring-boot.svg","kubectl.kubernetes.io/last-applied-configuration":"{\"apiVersion\":\"v1\",\"kind\":\"Service\",\"metadata\":{\"annotations\":{\"fabric8.io/iconUrl\":\"img/icons/spring-boot.svg\"},\"creationTimestamp\":null,\"labels\":{\"chart\":\"digitalexp-api-0.1.1-0102\",\"expose\":\"true\",\"microservice\":\"digitalexp-api\",\"project\":\"digitalexp-api\",\"provider\":\"amdocs\",\"release\":\"digitalexpapi-release\"},\"name\":\"digitalexp-api-service\",\"namespace\":\"oc-cd-1017-pranavd-pd\"},\"spec\":{\"externalTrafficPolicy\":\"Cluster\",\"ports\":[{\"name\":\"http\",\"port\":8080,\"protocol\":\"TCP\",\"targetPort\":8080},{\"name\":\"metrics\",\"port\":5555,\"protocol\":\"TCP\",\"targetPort\":\"metrics\"}],\"selector\":{\"microservice\":\"digitalexp-api\",\"project\":\"digitalexp-api\",\"provider\":\"amdocs\",\"release\":\"digitalexpapi-release\"},\"sessionAffinity\":\"None\",\"type\":\"NodePort\"},\"status\":{\"loadBalancer\":{}}}\n"}},"spec":{"ports":[{"name":"http","protocol":"TCP","port":8080,"targetPort":8080,"nodePort":32773},{"name":"metrics","protocol":"TCP","port":5555,"targetPort":"metrics","nodePort":31147}],"selector":{"microservice":"digitalexp-api","project":"digitalexp-api","provider":"amdocs","release":"digitalexpapi-release"},"clusterIP":"172.30.8.121","type":"NodePort","sessionAffinity":"None","externalTrafficPolicy":"Cluster"},"status":{"loadBalancer":{}}},{"metadata":{"name":"dispatcher-service","namespace":"oc-cd-1017-pranavd-pd","selfLink":"/api/v1/namespaces/oc-cd-1017-pranavd-pd/services/dispatcher-service","uid":"a6407ce8-b721-11e8-bb86-0050569a887c","resourceVersion":"66122289","creationTimestamp":"2018-09-13T06:52:58Z","labels":{"app":"dispatcher-service","chart":"dispatcher-service-1.5.0","prometheus":"amdocs-prometheus","release":"dispatcher-service-release"},"annotations":{"kubectl.kubernetes.io/last-applied-configuration":"{\"apiVersion\":\"v1\",\"kind\":\"Service\",\"metadata\":{\"annotations\":{},\"creationTimestamp\":null,\"labels\":{\"app\":\"dispatcher-service\",\"chart\":\"dispatcher-service-1.5.0\",\"prometheus\":\"amdocs-prometheus\",\"release\":\"dispatcher-service-release\"},\"name\":\"dispatcher-service\",\"namespace\":\"oc-cd-1017-pranavd-pd\"},\"spec\":{\"externalTrafficPolicy\":\"Cluster\",\"ports\":[{\"name\":\"server\",\"port\":8080,\"protocol\":\"TCP\",\"targetPort\":\"server\"},{\"name\":\"management\",\"port\":8081,\"protocol\":\"TCP\",\"targetPort\":\"management\"},{\"name\":\"metrics\",\"port\":5555,\"protocol\":\"TCP\",\"targetPort\":\"metrics\"},{\"name\":\"debug\",\"port\":5005,\"protocol\":\"TCP\",\"targetPort\":\"debug\"}],\"selector\":{\"app\":\"dispatcher-service\",\"group\":\"com.amdocs.catalogone\",\"provider\":\"amdocs\",\"release\":\"dispatcher-service-release\"},\"sessionAffinity\":\"None\",\"type\":\"NodePort\"},\"status\":{\"loadBalancer\":{}}}\n"}},"spec":{"ports":[{"name":"server","protocol":"TCP","port":8080,"targetPort":"server","nodePort":32299},{"name":"management","protocol":"TCP","port":8081,"targetPort":"management","nodePort":33176},{"name":"metrics","protocol":"TCP","port":5555,"targetPort":"metrics","nodePort":30397},{"name":"debug","protocol":"TCP","port":5005,"targetPort":"debug","nodePort":30537}],"selector":{"app":"dispatcher-service","group":"com.amdocs.catalogone","provider":"amdocs","release":"dispatcher-service-release"},"clusterIP":"172.30.210.226","type":"NodePort","sessionAffinity":"None","externalTrafficPolicy":"Cluster"},"status":{"loadBalancer":{}}},{"metadata":{"name":"elasticsearch-service","namespace":"oc-cd-1017-pranavd-pd","selfLink":"/api/v1/namespaces/oc-cd-1017-pranavd-pd/services/elasticsearch-service","uid":"9da30b3a-b721-11e8-bb86-0050569a887c","resourceVersion":"66122298","creationTimestamp":"2018-09-13T06:52:44Z","annotations":{"kubectl.kubernetes.io/last-applied-configuration":"{\"apiVersion\":\"v1\",\"kind\":\"Service\",\"metadata\":{\"annotations\":{},\"creationTimestamp\":null,\"name\":\"elasticsearch-service\",\"namespace\":\"oc-cd-1017-pranavd-pd\"},\"spec\":{\"ports\":[{\"name\":\"elasticsearch-port\",\"port\":9200,\"protocol\":\"TCP\",\"targetPort\":9200}],\"sessionAffinity\":\"None\",\"type\":\"ClusterIP\"},\"status\":{\"loadBalancer\":{}}}\n"}},"spec":{"ports":[{"name":"elasticsearch-port","protocol":"TCP","port":9200,"targetPort":9200}],"clusterIP":"172.30.186.11","type":"ClusterIP","sessionAffinity":"None"},"status":{"loadBalancer":{}}},{"metadata":{"name":"import-service","namespace":"oc-cd-1017-pranavd-pd","selfLink":"/api/v1/namespaces/oc-cd-1017-pranavd-pd/services/import-service","uid":"a6623c5d-b721-11e8-bb86-0050569a887c","resourceVersion":"66122310","creationTimestamp":"2018-09-13T06:52:58Z","labels":{"app":"import-service","chart":"import-service-1.3.0","heritage":"Tiller","monitored":"prometheus","monitoring":"prometheus","prometheus":"amdocs-prometheus","release":"import-service-release"},"annotations":{"kubectl.kubernetes.io/last-applied-configuration":"{\"apiVersion\":\"v1\",\"kind\":\"Service\",\"metadata\":{\"annotations\":{},\"creationTimestamp\":null,\"labels\":{\"app\":\"import-service\",\"chart\":\"import-service-1.3.0\",\"heritage\":\"Tiller\",\"monitored\":\"prometheus\",\"monitoring\":\"prometheus\",\"prometheus\":\"amdocs-prometheus\",\"release\":\"import-service-release\"},\"name\":\"import-service\",\"namespace\":\"oc-cd-1017-pranavd-pd\"},\"spec\":{\"externalTrafficPolicy\":\"Cluster\",\"ports\":[{\"name\":\"server\",\"port\":8080,\"protocol\":\"TCP\",\"targetPort\":8080},{\"name\":\"management\",\"port\":8081,\"protocol\":\"TCP\",\"targetPort\":8081},{\"name\":\"metrics\",\"port\":5555,\"protocol\":\"TCP\",\"targetPort\":\"metrics\"}],\"selector\":{\"app\":\"import-service\",\"group\":\"com.amdocs.catalogone\",\"provider\":\"amdocs\",\"release\":\"import-service-release\"},\"sessionAffinity\":\"None\",\"type\":\"NodePort\"},\"status\":{\"loadBalancer\":{}}}\n"}},"spec":{"ports":[{"name":"server","protocol":"TCP","port":8080,"targetPort":8080,"nodePort":31710},{"name":"management","protocol":"TCP","port":8081,"targetPort":8081,"nodePort":30570},{"name":"metrics","protocol":"TCP","port":5555,"targetPort":"metrics","nodePort":32824}],"selector":{"app":"import-service","group":"com.amdocs.catalogone","provider":"amdocs","release":"import-service-release"},"clusterIP":"172.30.130.217","type":"NodePort","sessionAffinity":"None","externalTrafficPolicy":"Cluster"},"status":{"loadBalancer":{}}},{"metadata":{"name":"jenkins","namespace":"oc-cd-1017-pranavd-pd","selfLink":"/api/v1/namespaces/oc-cd-1017-pranavd-pd/services/jenkins","uid":"a66c99db-b721-11e8-bb86-0050569a887c","resourceVersion":"66122314","creationTimestamp":"2018-09-13T06:52:58Z","annotations":{"kubectl.kubernetes.io/last-applied-configuration":"{\"apiVersion\":\"v1\",\"kind\":\"Service\",\"metadata\":{\"annotations\":{},\"creationTimestamp\":null,\"name\":\"jenkins\",\"namespace\":\"oc-cd-1017-pranavd-pd\"},\"spec\":{\"ports\":[{\"name\":\"web\",\"port\":80,\"protocol\":\"TCP\",\"targetPort\":8080}],\"sessionAffinity\":\"None\",\"type\":\"ClusterIP\"},\"status\":{\"loadBalancer\":{}}}\n"}},"spec":{"ports":[{"name":"web","protocol":"TCP","port":80,"targetPort":8080}],"clusterIP":"172.30.47.210","type":"ClusterIP","sessionAffinity":"None"},"status":{"loadBalancer":{}}},{"metadata":{"name":"jenkins-jnlp","namespace":"oc-cd-1017-pranavd-pd","selfLink":"/api/v1/namespaces/oc-cd-1017-pranavd-pd/services/jenkins-jnlp","uid":"a6745a9a-b721-11e8-bb86-0050569a887c","resourceVersion":"66122318","creationTimestamp":"2018-09-13T06:52:58Z","annotations":{"kubectl.kubernetes.io/last-applied-configuration":"{\"apiVersion\":\"v1\",\"kind\":\"Service\",\"metadata\":{\"annotations\":{},\"creationTimestamp\":null,\"name\":\"jenkins-jnlp\",\"namespace\":\"oc-cd-1017-pranavd-pd\"},\"spec\":{\"ports\":[{\"name\":\"agent\",\"port\":50000,\"protocol\":\"TCP\",\"targetPort\":50000}],\"sessionAffinity\":\"None\",\"type\":\"ClusterIP\"},\"status\":{\"loadBalancer\":{}}}\n"}},"spec":{"ports":[{"name":"agent","protocol":"TCP","port":50000,"targetPort":50000}],"clusterIP":"172.30.230.22","type":"ClusterIP","sessionAffinity":"None"},"status":{"loadBalancer":{}}},{"metadata":{"name":"kafka-service","namespace":"oc-cd-1017-pranavd-pd","selfLink":"/api/v1/namespaces/oc-cd-1017-pranavd-pd/services/kafka-service","uid":"9db38a98-b721-11e8-bb86-0050569a887c","resourceVersion":"66120865","creationTimestamp":"2018-09-13T06:52:44Z","labels":{"projectexportable":"No"},"annotations":{"kubectl.kubernetes.io/last-applied-configuration":"{\"apiVersion\":\"v1\",\"kind\":\"Service\",\"metadata\":{\"annotations\":{},\"labels\":{\"projectexportable\":\"No\"},\"name\":\"kafka-service\",\"namespace\":\"oc-cd-1017-pranavd-pd\"},\"spec\":{\"ports\":[{\"name\":\"kafka-port\",\"nodePort\":0,\"port\":9092,\"protocol\":\"TCP\",\"targetPort\":9092}],\"selector\":{}}}\n"}},"spec":{"ports":[{"name":"kafka-port","protocol":"TCP","port":9092,"targetPort":9092}],"clusterIP":"172.30.108.55","type":"ClusterIP","sessionAffinity":"None"},"status":{"loadBalancer":{}}},{"metadata":{"name":"managed-resource-service","namespace":"oc-cd-1017-pranavd-pd","selfLink":"/api/v1/namespaces/oc-cd-1017-pranavd-pd/services/managed-resource-service","uid":"a67e43fb-b721-11e8-bb86-0050569a887c","resourceVersion":"66122323","creationTimestamp":"2018-09-13T06:52:58Z","labels":{"chart":"managed-resource-0.1.1-0031","expose":"true","microservice":"managed-resource","project":"managed-resource","provider":"amdocs","release":"managed-resource-release"},"annotations":{"fabric8.io/iconUrl":"img/icons/spring-boot.svg","kubectl.kubernetes.io/last-applied-configuration":"{\"apiVersion\":\"v1\",\"kind\":\"Service\",\"metadata\":{\"annotations\":{\"fabric8.io/iconUrl\":\"img/icons/spring-boot.svg\"},\"creationTimestamp\":null,\"labels\":{\"chart\":\"managed-resource-0.1.1-0031\",\"expose\":\"true\",\"microservice\":\"managed-resource\",\"project\":\"managed-resource\",\"provider\":\"amdocs\",\"release\":\"managed-resource-release\"},\"name\":\"managed-resource-service\",\"namespace\":\"oc-cd-1017-pranavd-pd\"},\"spec\":{\"externalTrafficPolicy\":\"Cluster\",\"ports\":[{\"name\":\"http\",\"port\":8080,\"protocol\":\"TCP\",\"targetPort\":8080},{\"name\":\"metrics\",\"port\":5555,\"protocol\":\"TCP\",\"targetPort\":\"metrics\"}],\"selector\":{\"microservice\":\"managed-resource\",\"project\":\"managed-resource\",\"provider\":\"amdocs\",\"release\":\"managed-resource-release\"},\"sessionAffinity\":\"None\",\"type\":\"NodePort\"},\"status\":{\"loadBalancer\":{}}}\n"}},"spec":{"ports":[{"name":"http","protocol":"TCP","port":8080,"targetPort":8080,"nodePort":33039},{"name":"metrics","protocol":"TCP","port":5555,"targetPort":"metrics","nodePort":33526}],"selector":{"microservice":"managed-resource","project":"managed-resource","provider":"amdocs","release":"managed-resource-release"},"clusterIP":"172.30.195.9","type":"NodePort","sessionAffinity":"None","externalTrafficPolicy":"Cluster"},"status":{"loadBalancer":{}}},{"metadata":{"name":"metadata-entity-command-service","namespace":"oc-cd-1017-pranavd-pd","selfLink":"/api/v1/namespaces/oc-cd-1017-pranavd-pd/services/metadata-entity-command-service","uid":"a68ec63a-b721-11e8-bb86-0050569a887c","resourceVersion":"66122333","creationTimestamp":"2018-09-13T06:52:59Z","labels":{"app":"metadata-entity-command-service","prometheus":"amdocs-prometheus","release":"metadata-entity-command-release"},"annotations":{"kubectl.kubernetes.io/last-applied-configuration":"{\"apiVersion\":\"v1\",\"kind\":\"Service\",\"metadata\":{\"annotations\":{},\"creationTimestamp\":null,\"labels\":{\"app\":\"metadata-entity-command-service\",\"prometheus\":\"amdocs-prometheus\",\"release\":\"metadata-entity-command-release\"},\"name\":\"metadata-entity-command-service\",\"namespace\":\"oc-cd-1017-pranavd-pd\"},\"spec\":{\"externalTrafficPolicy\":\"Cluster\",\"ports\":[{\"name\":\"server\",\"port\":8080,\"protocol\":\"TCP\",\"targetPort\":\"server\"},{\"name\":\"management\",\"port\":8081,\"protocol\":\"TCP\",\"targetPort\":\"management\"},{\"name\":\"metrics\",\"port\":5555,\"protocol\":\"TCP\",\"targetPort\":\"metrics\"},{\"name\":\"debug\",\"port\":5005,\"protocol\":\"TCP\",\"targetPort\":\"debug\"}],\"selector\":{\"app\":\"metadata-entity-command-service\",\"group\":\"com.amdocs.catalogone\",\"release\":\"metadata-entity-command-release\"},\"sessionAffinity\":\"None\",\"type\":\"NodePort\"},\"status\":{\"loadBalancer\":{}}}\n"}},"spec":{"ports":[{"name":"server","protocol":"TCP","port":8080,"targetPort":"server","nodePort":31182},{"name":"management","protocol":"TCP","port":8081,"targetPort":"management","nodePort":30402},{"name":"metrics","protocol":"TCP","port":5555,"targetPort":"metrics","nodePort":31226},{"name":"debug","protocol":"TCP","port":5005,"targetPort":"debug","nodePort":33756}],"selector":{"app":"metadata-entity-command-service","group":"com.amdocs.catalogone","release":"metadata-entity-command-release"},"clusterIP":"172.30.47.117","type":"NodePort","sessionAffinity":"None","externalTrafficPolicy":"Cluster"},"status":{"loadBalancer":{}}},{"metadata":{"name":"orderitemaccessor-service","namespace":"oc-cd-1017-pranavd-pd","selfLink":"/api/v1/namespaces/oc-cd-1017-pranavd-pd/services/orderitemaccessor-service","uid":"a6a74533-b721-11e8-bb86-0050569a887c","resourceVersion":"66122346","creationTimestamp":"2018-09-13T06:52:59Z","labels":{"chart":"orderitemaccessor-1.0.1-0007","expose":"true","microservice":"orderitemaccessor","monitored":"prometheus","monitoring":"prometheus","project":"orderitemaccessor","provider":"amdocs","release":"orderitemaccessor-release"},"annotations":{"fabric8.io/iconUrl":"img/icons/spring-boot.svg","kubectl.kubernetes.io/last-applied-configuration":"{\"apiVersion\":\"v1\",\"kind\":\"Service\",\"metadata\":{\"annotations\":{\"fabric8.io/iconUrl\":\"img/icons/spring-boot.svg\"},\"creationTimestamp\":null,\"labels\":{\"chart\":\"orderitemaccessor-1.0.1-0007\",\"expose\":\"true\",\"microservice\":\"orderitemaccessor\",\"monitored\":\"prometheus\",\"monitoring\":\"prometheus\",\"project\":\"orderitemaccessor\",\"provider\":\"amdocs\",\"release\":\"orderitemaccessor-release\"},\"name\":\"orderitemaccessor-service\",\"namespace\":\"oc-cd-1017-pranavd-pd\"},\"spec\":{\"externalTrafficPolicy\":\"Cluster\",\"ports\":[{\"name\":\"http\",\"port\":8080,\"protocol\":\"TCP\",\"targetPort\":8080},{\"name\":\"metrics\",\"port\":5555,\"protocol\":\"TCP\",\"targetPort\":\"metrics\"}],\"selector\":{\"microservice\":\"orderitemaccessor\",\"project\":\"orderitemaccessor\",\"provider\":\"amdocs\",\"release\":\"orderitemaccessor-release\"},\"sessionAffinity\":\"None\",\"type\":\"NodePort\"},\"status\":{\"loadBalancer\":{}}}\n"}},"spec":{"ports":[{"name":"http","protocol":"TCP","port":8080,"targetPort":8080,"nodePort":30446},{"name":"metrics","protocol":"TCP","port":5555,"targetPort":"metrics","nodePort":32482}],"selector":{"microservice":"orderitemaccessor","project":"orderitemaccessor","provider":"amdocs","release":"orderitemaccessor-release"},"clusterIP":"172.30.0.232","type":"NodePort","sessionAffinity":"None","externalTrafficPolicy":"Cluster"},"status":{"loadBalancer":{}}},{"metadata":{"name":"paymentmanagement-payment-service","namespace":"oc-cd-1017-pranavd-pd","selfLink":"/api/v1/namespaces/oc-cd-1017-pranavd-pd/services/paymentmanagement-payment-service","uid":"a6b59005-b721-11e8-bb86-0050569a887c","resourceVersion":"66122355","creationTimestamp":"2018-09-13T06:52:59Z","labels":{"chart":"paymentmanagement-payment-0.1.1-0025","expose":"true","microservice":"paymentmanagement-paymen","monitored":"prometheus","monitoring":"prometheus","project":"paymentmanagement-payment","provider":"amdocs","release":"paymentmanagement-payment-release"},"annotations":{"fabric8.io/iconUrl":"img/icons/spring-boot.svg","kubectl.kubernetes.io/last-applied-configuration":"{\"apiVersion\":\"v1\",\"kind\":\"Service\",\"metadata\":{\"annotations\":{\"fabric8.io/iconUrl\":\"img/icons/spring-boot.svg\"},\"creationTimestamp\":null,\"labels\":{\"chart\":\"paymentmanagement-payment-0.1.1-0025\",\"expose\":\"true\",\"microservice\":\"paymentmanagement-paymen\",\"monitored\":\"prometheus\",\"monitoring\":\"prometheus\",\"project\":\"paymentmanagement-payment\",\"provider\":\"amdocs\",\"release\":\"paymentmanagement-payment-release\"},\"name\":\"paymentmanagement-payment-service\",\"namespace\":\"oc-cd-1017-pranavd-pd\"},\"spec\":{\"externalTrafficPolicy\":\"Cluster\",\"ports\":[{\"name\":\"http\",\"port\":8080,\"protocol\":\"TCP\",\"targetPort\":8080},{\"name\":\"https\",\"port\":8443,\"protocol\":\"TCP\",\"targetPort\":\"https\"},{\"name\":\"metrics\",\"port\":5555,\"protocol\":\"TCP\",\"targetPort\":\"metrics\"},{\"name\":\"jacoco\",\"port\":6300,\"protocol\":\"TCP\",\"targetPort\":6300},{\"name\":\"management\",\"port\":18080,\"protocol\":\"TCP\",\"targetPort\":18080}],\"selector\":{\"microservice\":\"paymentmanagement-paymen\",\"project\":\"paymentmanagement-payment\",\"provider\":\"amdocs\",\"release\":\"paymentmanagement-payment-release\"},\"sessionAffinity\":\"None\",\"type\":\"NodePort\"},\"status\":{\"loadBalancer\":{}}}\n"}},"spec":{"ports":[{"name":"http","protocol":"TCP","port":8080,"targetPort":8080,"nodePort":30454},{"name":"https","protocol":"TCP","port":8443,"targetPort":"https","nodePort":31587},{"name":"metrics","protocol":"TCP","port":5555,"targetPort":"metrics","nodePort":34133},{"name":"jacoco","protocol":"TCP","port":6300,"targetPort":6300,"nodePort":31230},{"name":"management","protocol":"TCP","port":18080,"targetPort":18080,"nodePort":31509}],"selector":{"microservice":"paymentmanagement-paymen","project":"paymentmanagement-payment","provider":"amdocs","release":"paymentmanagement-payment-release"},"clusterIP":"172.30.119.109","type":"NodePort","sessionAffinity":"None","externalTrafficPolicy":"Cluster"},"status":{"loadBalancer":{}}},{"metadata":{"name":"phoneportin-phoneportinbridge-service","namespace":"oc-cd-1017-pranavd-pd","selfLink":"/api/v1/namespaces/oc-cd-1017-pranavd-pd/services/phoneportin-phoneportinbridge-service","uid":"a6c5ba33-b721-11e8-bb86-0050569a887c","resourceVersion":"66122365","creationTimestamp":"2018-09-13T06:52:59Z","labels":{"chart":"phoneportin-phoneportinbridge-0.1.1-0017","expose":"true","microservice":"phoneportin-phoneportinb","monitored":"prometheus","monitoring":"prometheus","project":"phoneportin-phoneportinbridge","provider":"amdocs","release":"phoneportin-phoneportinbridge-release"},"annotations":{"fabric8.io/iconUrl":"img/icons/spring-boot.svg","kubectl.kubernetes.io/last-applied-configuration":"{\"apiVersion\":\"v1\",\"kind\":\"Service\",\"metadata\":{\"annotations\":{\"fabric8.io/iconUrl\":\"img/icons/spring-boot.svg\"},\"creationTimestamp\":null,\"labels\":{\"chart\":\"phoneportin-phoneportinbridge-0.1.1-0017\",\"expose\":\"true\",\"microservice\":\"phoneportin-phoneportinb\",\"monitored\":\"prometheus\",\"monitoring\":\"prometheus\",\"project\":\"phoneportin-phoneportinbridge\",\"provider\":\"amdocs\",\"release\":\"phoneportin-phoneportinbridge-release\"},\"name\":\"phoneportin-phoneportinbridge-service\",\"namespace\":\"oc-cd-1017-pranavd-pd\"},\"spec\":{\"externalTrafficPolicy\":\"Cluster\",\"ports\":[{\"name\":\"http\",\"port\":8080,\"protocol\":\"TCP\",\"targetPort\":8080},{\"name\":\"https\",\"port\":8443,\"protocol\":\"TCP\",\"targetPort\":\"https\"},{\"name\":\"metrics\",\"port\":5555,\"protocol\":\"TCP\",\"targetPort\":\"metrics\"}],\"selector\":{\"microservice\":\"phoneportin-phoneportinb\",\"project\":\"phoneportin-phoneportinbridge\",\"provider\":\"amdocs\",\"release\":\"phoneportin-phoneportinbridge-release\"},\"sessionAffinity\":\"None\",\"type\":\"NodePort\"},\"status\":{\"loadBalancer\":{}}}\n"}},"spec":{"ports":[{"name":"http","protocol":"TCP","port":8080,"targetPort":8080,"nodePort":32054},{"name":"https","protocol":"TCP","port":8443,"targetPort":"https","nodePort":33343},{"name":"metrics","protocol":"TCP","port":5555,"targetPort":"metrics","nodePort":30711}],"selector":{"microservice":"phoneportin-phoneportinb","project":"phoneportin-phoneportinbridge","provider":"amdocs","release":"phoneportin-phoneportinbridge-release"},"clusterIP":"172.30.184.15","type":"NodePort","sessionAffinity":"None","externalTrafficPolicy":"Cluster"},"status":{"loadBalancer":{}}},{"metadata":{"name":"pi-factory-service","namespace":"oc-cd-1017-pranavd-pd","selfLink":"/api/v1/namespaces/oc-cd-1017-pranavd-pd/services/pi-factory-service","uid":"a6d66ace-b721-11e8-bb86-0050569a887c","resourceVersion":"66122376","creationTimestamp":"2018-09-13T06:52:59Z","labels":{"chart":"pi-factory-0.1.1-0051","expose":"true","microservice":"pi-factory","monitored":"prometheus","monitoring":"prometheus","project":"pi-factory","provider":"amdocs","release":"pi-factory-release"},"annotations":{"fabric8.io/iconUrl":"img/icons/spring-boot.svg","kubectl.kubernetes.io/last-applied-configuration":"{\"apiVersion\":\"v1\",\"kind\":\"Service\",\"metadata\":{\"annotations\":{\"fabric8.io/iconUrl\":\"img/icons/spring-boot.svg\"},\"creationTimestamp\":null,\"labels\":{\"chart\":\"pi-factory-0.1.1-0051\",\"expose\":\"true\",\"microservice\":\"pi-factory\",\"monitored\":\"prometheus\",\"monitoring\":\"prometheus\",\"project\":\"pi-factory\",\"provider\":\"amdocs\",\"release\":\"pi-factory-release\"},\"name\":\"pi-factory-service\",\"namespace\":\"oc-cd-1017-pranavd-pd\"},\"spec\":{\"externalTrafficPolicy\":\"Cluster\",\"ports\":[{\"name\":\"http\",\"port\":8080,\"protocol\":\"TCP\",\"targetPort\":8080},{\"name\":\"metrics\",\"port\":5555,\"protocol\":\"TCP\",\"targetPort\":\"metrics\"},{\"name\":\"jacoco\",\"port\":6300,\"protocol\":\"TCP\",\"targetPort\":6300},{\"name\":\"management\",\"port\":8081,\"protocol\":\"TCP\",\"targetPort\":8081}],\"selector\":{\"microservice\":\"pi-factory\",\"project\":\"pi-factory\",\"provider\":\"amdocs\",\"release\":\"pi-factory-release\"},\"sessionAffinity\":\"None\",\"type\":\"NodePort\"},\"status\":{\"loadBalancer\":{}}}\n"}},"spec":{"ports":[{"name":"http","protocol":"TCP","port":8080,"targetPort":8080,"nodePort":31345},{"name":"metrics","protocol":"TCP","port":5555,"targetPort":"metrics","nodePort":30462},{"name":"jacoco","protocol":"TCP","port":6300,"targetPort":6300,"nodePort":32526},{"name":"management","protocol":"TCP","port":8081,"targetPort":8081,"nodePort":35431}],"selector":{"microservice":"pi-factory","project":"pi-factory","provider":"amdocs","release":"pi-factory-release"},"clusterIP":"172.30.205.149","type":"NodePort","sessionAffinity":"None","externalTrafficPolicy":"Cluster"},"status":{"loadBalancer":{}}},{"metadata":{"name":"pi-product-service","namespace":"oc-cd-1017-pranavd-pd","selfLink":"/api/v1/namespaces/oc-cd-1017-pranavd-pd/services/pi-product-service","uid":"a6e5a0ec-b721-11e8-bb86-0050569a887c","resourceVersion":"66122383","creationTimestamp":"2018-09-13T06:52:59Z","labels":{"chart":"pi-product-0.1.1-0046","expose":"true","microservice":"pi-product","monitored":"prometheus","monitoring":"prometheus","project":"pi-product","provider":"amdocs","release":"pi-product-release"},"annotations":{"fabric8.io/iconUrl":"img/icons/spring-boot.svg","kubectl.kubernetes.io/last-applied-configuration":"{\"apiVersion\":\"v1\",\"kind\":\"Service\",\"metadata\":{\"annotations\":{\"fabric8.io/iconUrl\":\"img/icons/spring-boot.svg\"},\"creationTimestamp\":null,\"labels\":{\"chart\":\"pi-product-0.1.1-0046\",\"expose\":\"true\",\"microservice\":\"pi-product\",\"monitored\":\"prometheus\",\"monitoring\":\"prometheus\",\"project\":\"pi-product\",\"provider\":\"amdocs\",\"release\":\"pi-product-release\"},\"name\":\"pi-product-service\",\"namespace\":\"oc-cd-1017-pranavd-pd\"},\"spec\":{\"externalTrafficPolicy\":\"Cluster\",\"ports\":[{\"name\":\"http\",\"port\":8080,\"protocol\":\"TCP\",\"targetPort\":8080},{\"name\":\"metrics\",\"port\":5555,\"protocol\":\"TCP\",\"targetPort\":\"metrics\"}],\"selector\":{\"microservice\":\"pi-product\",\"project\":\"pi-product\",\"provider\":\"amdocs\",\"release\":\"pi-product-release\"},\"sessionAffinity\":\"None\",\"type\":\"NodePort\"},\"status\":{\"loadBalancer\":{}}}\n"}},"spec":{"ports":[{"name":"http","protocol":"TCP","port":8080,"targetPort":8080,"nodePort":34224},{"name":"metrics","protocol":"TCP","port":5555,"targetPort":"metrics","nodePort":34750}],"selector":{"microservice":"pi-product","project":"pi-product","provider":"amdocs","release":"pi-product-release"},"clusterIP":"172.30.253.205","type":"NodePort","sessionAffinity":"None","externalTrafficPolicy":"Cluster"},"status":{"loadBalancer":{}}},{"metadata":{"name":"pi-validateproduct-service","namespace":"oc-cd-1017-pranavd-pd","selfLink":"/api/v1/namespaces/oc-cd-1017-pranavd-pd/services/pi-validateproduct-service","uid":"a6f7e7cb-b721-11e8-bb86-0050569a887c","resourceVersion":"66122395","creationTimestamp":"2018-09-13T06:52:59Z","labels":{"chart":"pi-validateproduct-0.1.1-0028","expose":"true","microservice":"pi-validateproduct","monitored":"prometheus","monitoring":"prometheus","project":"pi-validateproduct","provider":"amdocs","release":"pi-validateproduct-release"},"annotations":{"fabric8.io/iconUrl":"img/icons/spring-boot.svg","kubectl.kubernetes.io/last-applied-configuration":"{\"apiVersion\":\"v1\",\"kind\":\"Service\",\"metadata\":{\"annotations\":{\"fabric8.io/iconUrl\":\"img/icons/spring-boot.svg\"},\"creationTimestamp\":null,\"labels\":{\"chart\":\"pi-validateproduct-0.1.1-0028\",\"expose\":\"true\",\"microservice\":\"pi-validateproduct\",\"monitored\":\"prometheus\",\"monitoring\":\"prometheus\",\"project\":\"pi-validateproduct\",\"provider\":\"amdocs\",\"release\":\"pi-validateproduct-release\"},\"name\":\"pi-validateproduct-service\",\"namespace\":\"oc-cd-1017-pranavd-pd\"},\"spec\":{\"externalTrafficPolicy\":\"Cluster\",\"ports\":[{\"name\":\"http\",\"port\":8080,\"protocol\":\"TCP\",\"targetPort\":8080},{\"name\":\"metrics\",\"port\":5555,\"protocol\":\"TCP\",\"targetPort\":\"metrics\"},{\"name\":\"jacoco\",\"port\":6300,\"protocol\":\"TCP\",\"targetPort\":6300}],\"selector\":{\"microservice\":\"pi-validateproduct\",\"project\":\"pi-validateproduct\",\"provider\":\"amdocs\",\"release\":\"pi-validateproduct-release\"},\"sessionAffinity\":\"None\",\"type\":\"NodePort\"},\"status\":{\"loadBalancer\":{}}}\n"}},"spec":{"ports":[{"name":"http","protocol":"TCP","port":8080,"targetPort":8080,"nodePort":34572},{"name":"metrics","protocol":"TCP","port":5555,"targetPort":"metrics","nodePort":34122},{"name":"jacoco","protocol":"TCP","port":6300,"targetPort":6300,"nodePort":35317}],"selector":{"microservice":"pi-validateproduct","project":"pi-validateproduct","provider":"amdocs","release":"pi-validateproduct-release"},"clusterIP":"172.30.47.40","type":"NodePort","sessionAffinity":"None","externalTrafficPolicy":"Cluster"},"status":{"loadBalancer":{}}},{"metadata":{"name":"pod-category-service","namespace":"oc-cd-1017-pranavd-pd","selfLink":"/api/v1/namespaces/oc-cd-1017-pranavd-pd/services/pod-category-service","uid":"a707ca83-b721-11e8-bb86-0050569a887c","resourceVersion":"66122401","creationTimestamp":"2018-09-13T06:52:59Z","labels":{"chart":"pod-category-0.1.1-0015","expose":"true","microservice":"pod-category","monitored":"prometheus","monitoring":"prometheus","project":"pod-category","provider":"amdocs","release":"pod-category-release"},"annotations":{"fabric8.io/iconUrl":"img/icons/spring-boot.svg","kubectl.kubernetes.io/last-applied-configuration":"{\"apiVersion\":\"v1\",\"kind\":\"Service\",\"metadata\":{\"annotations\":{\"fabric8.io/iconUrl\":\"img/icons/spring-boot.svg\"},\"creationTimestamp\":null,\"labels\":{\"chart\":\"pod-category-0.1.1-0015\",\"expose\":\"true\",\"microservice\":\"pod-category\",\"monitored\":\"prometheus\",\"monitoring\":\"prometheus\",\"project\":\"pod-category\",\"provider\":\"amdocs\",\"release\":\"pod-category-release\"},\"name\":\"pod-category-service\",\"namespace\":\"oc-cd-1017-pranavd-pd\"},\"spec\":{\"externalTrafficPolicy\":\"Cluster\",\"ports\":[{\"name\":\"http\",\"port\":8080,\"protocol\":\"TCP\",\"targetPort\":8080},{\"name\":\"metrics\",\"port\":5555,\"protocol\":\"TCP\",\"targetPort\":\"metrics\"}],\"selector\":{\"microservice\":\"pod-category\",\"project\":\"pod-category\",\"provider\":\"amdocs\",\"release\":\"pod-category-release\"},\"sessionAffinity\":\"None\",\"type\":\"NodePort\"},\"status\":{\"loadBalancer\":{}}}\n"}},"spec":{"ports":[{"name":"http","protocol":"TCP","port":8080,"targetPort":8080,"nodePort":35227},{"name":"metrics","protocol":"TCP","port":5555,"targetPort":"metrics","nodePort":32828}],"selector":{"microservice":"pod-category","project":"pod-category","provider":"amdocs","release":"pod-category-release"},"clusterIP":"172.30.243.145","type":"NodePort","sessionAffinity":"None","externalTrafficPolicy":"Cluster"},"status":{"loadBalancer":{}}},{"metadata":{"name":"pod-experience-service","namespace":"oc-cd-1017-pranavd-pd","selfLink":"/api/v1/namespaces/oc-cd-1017-pranavd-pd/services/pod-experience-service","uid":"a71a13fb-b721-11e8-bb86-0050569a887c","resourceVersion":"66122409","creationTimestamp":"2018-09-13T06:53:00Z","labels":{"chart":"pod-experience-0.1.1-0030","expose":"true","microservice":"pod-experience","monitored":"prometheus","monitoring":"prometheus","project":"pod-experience","provider":"amdocs","release":"pod-experience-release"},"annotations":{"fabric8.io/iconUrl":"img/icons/spring-boot.svg","kubectl.kubernetes.io/last-applied-configuration":"{\"apiVersion\":\"v1\",\"kind\":\"Service\",\"metadata\":{\"annotations\":{\"fabric8.io/iconUrl\":\"img/icons/spring-boot.svg\"},\"creationTimestamp\":null,\"labels\":{\"chart\":\"pod-experience-0.1.1-0030\",\"expose\":\"true\",\"microservice\":\"pod-experience\",\"monitored\":\"prometheus\",\"monitoring\":\"prometheus\",\"project\":\"pod-experience\",\"provider\":\"amdocs\",\"release\":\"pod-experience-release\"},\"name\":\"pod-experience-service\",\"namespace\":\"oc-cd-1017-pranavd-pd\"},\"spec\":{\"externalTrafficPolicy\":\"Cluster\",\"ports\":[{\"name\":\"http\",\"port\":8080,\"protocol\":\"TCP\",\"targetPort\":8080},{\"name\":\"metrics\",\"port\":5555,\"protocol\":\"TCP\",\"targetPort\":\"metrics\"}],\"selector\":{\"microservice\":\"pod-experience\",\"project\":\"pod-experience\",\"provider\":\"amdocs\",\"release\":\"pod-experience-release\"},\"sessionAffinity\":\"None\",\"type\":\"NodePort\"},\"status\":{\"loadBalancer\":{}}}\n"}},"spec":{"ports":[{"name":"http","protocol":"TCP","port":8080,"targetPort":8080,"nodePort":32525},{"name":"metrics","protocol":"TCP","port":5555,"targetPort":"metrics","nodePort":31297}],"selector":{"microservice":"pod-experience","project":"pod-experience","provider":"amdocs","release":"pod-experience-release"},"clusterIP":"172.30.205.217","type":"NodePort","sessionAffinity":"None","externalTrafficPolicy":"Cluster"},"status":{"loadBalancer":{}}},{"metadata":{"name":"pod-price-service","namespace":"oc-cd-1017-pranavd-pd","selfLink":"/api/v1/namespaces/oc-cd-1017-pranavd-pd/services/pod-price-service","uid":"a72bc0ae-b721-11e8-bb86-0050569a887c","resourceVersion":"66122414","creationTimestamp":"2018-09-13T06:53:00Z","labels":{"chart":"pod-price-0.1.1-0055","expose":"true","microservice":"pod-price","project":"pod-price","provider":"amdocs","release":"pod-price-release"},"annotations":{"fabric8.io/iconUrl":"img/icons/spring-boot.svg","kubectl.kubernetes.io/last-applied-configuration":"{\"apiVersion\":\"v1\",\"kind\":\"Service\",\"metadata\":{\"annotations\":{\"fabric8.io/iconUrl\":\"img/icons/spring-boot.svg\"},\"creationTimestamp\":null,\"labels\":{\"chart\":\"pod-price-0.1.1-0055\",\"expose\":\"true\",\"microservice\":\"pod-price\",\"project\":\"pod-price\",\"provider\":\"amdocs\",\"release\":\"pod-price-release\"},\"name\":\"pod-price-service\",\"namespace\":\"oc-cd-1017-pranavd-pd\"},\"spec\":{\"externalTrafficPolicy\":\"Cluster\",\"ports\":[{\"name\":\"http\",\"port\":8080,\"protocol\":\"TCP\",\"targetPort\":8080},{\"name\":\"metrics\",\"port\":5555,\"protocol\":\"TCP\",\"targetPort\":\"metrics\"}],\"selector\":{\"microservice\":\"pod-price\",\"project\":\"pod-price\",\"provider\":\"amdocs\",\"release\":\"pod-price-release\"},\"sessionAffinity\":\"None\",\"type\":\"NodePort\"},\"status\":{\"loadBalancer\":{}}}\n"}},"spec":{"ports":[{"name":"http","protocol":"TCP","port":8080,"targetPort":8080,"nodePort":35442},{"name":"metrics","protocol":"TCP","port":5555,"targetPort":"metrics","nodePort":32604}],"selector":{"microservice":"pod-price","project":"pod-price","provider":"amdocs","release":"pod-price-release"},"clusterIP":"172.30.59.100","type":"NodePort","sessionAffinity":"None","externalTrafficPolicy":"Cluster"},"status":{"loadBalancer":{}}},{"metadata":{"name":"pod-productoffering-service","namespace":"oc-cd-1017-pranavd-pd","selfLink":"/api/v1/namespaces/oc-cd-1017-pranavd-pd/services/pod-productoffering-service","uid":"a73e0f51-b721-11e8-bb86-0050569a887c","resourceVersion":"66122421","creationTimestamp":"2018-09-13T06:53:00Z","labels":{"chart":"pod-productoffering-0.1.1-0047","expose":"true","microservice":"pod-productoffering","monitored":"prometheus","monitoring":"prometheus","project":"pod-productoffering","provider":"amdocs","release":"pod-productoffering-release"},"annotations":{"fabric8.io/iconUrl":"img/icons/spring-boot.svg","kubectl.kubernetes.io/last-applied-configuration":"{\"apiVersion\":\"v1\",\"kind\":\"Service\",\"metadata\":{\"annotations\":{\"fabric8.io/iconUrl\":\"img/icons/spring-boot.svg\"},\"creationTimestamp\":null,\"labels\":{\"chart\":\"pod-productoffering-0.1.1-0047\",\"expose\":\"true\",\"microservice\":\"pod-productoffering\",\"monitored\":\"prometheus\",\"monitoring\":\"prometheus\",\"project\":\"pod-productoffering\",\"provider\":\"amdocs\",\"release\":\"pod-productoffering-release\"},\"name\":\"pod-productoffering-service\",\"namespace\":\"oc-cd-1017-pranavd-pd\"},\"spec\":{\"externalTrafficPolicy\":\"Cluster\",\"ports\":[{\"name\":\"http\",\"port\":8080,\"protocol\":\"TCP\",\"targetPort\":8080},{\"name\":\"https\",\"port\":8443,\"protocol\":\"TCP\",\"targetPort\":\"https\"},{\"name\":\"metrics\",\"port\":5555,\"protocol\":\"TCP\",\"targetPort\":\"metrics\"}],\"selector\":{\"microservice\":\"pod-productoffering\",\"project\":\"pod-productoffering\",\"provider\":\"amdocs\",\"release\":\"pod-productoffering-release\"},\"sessionAffinity\":\"None\",\"type\":\"NodePort\"},\"status\":{\"loadBalancer\":{}}}\n"}},"spec":{"ports":[{"name":"http","protocol":"TCP","port":8080,"targetPort":8080,"nodePort":35261},{"name":"https","protocol":"TCP","port":8443,"targetPort":"https","nodePort":30713},{"name":"metrics","protocol":"TCP","port":5555,"targetPort":"metrics","nodePort":31299}],"selector":{"microservice":"pod-productoffering","project":"pod-productoffering","provider":"amdocs","release":"pod-productoffering-release"},"clusterIP":"172.30.116.109","type":"NodePort","sessionAffinity":"None","externalTrafficPolicy":"Cluster"},"status":{"loadBalancer":{}}},{"metadata":{"name":"pod-search-service","namespace":"oc-cd-1017-pranavd-pd","selfLink":"/api/v1/namespaces/oc-cd-1017-pranavd-pd/services/pod-search-service","uid":"a74c5535-b721-11e8-bb86-0050569a887c","resourceVersion":"66122428","creationTimestamp":"2018-09-13T06:53:00Z","labels":{"chart":"pod-search-0.1.1-0045","expose":"true","microservice":"pod-search","monitored":"prometheus","monitoring":"prometheus","project":"pod-search","provider":"amdocs","release":"pod-search-release"},"annotations":{"fabric8.io/iconUrl":"img/icons/spring-boot.svg","kubectl.kubernetes.io/last-applied-configuration":"{\"apiVersion\":\"v1\",\"kind\":\"Service\",\"metadata\":{\"annotations\":{\"fabric8.io/iconUrl\":\"img/icons/spring-boot.svg\"},\"creationTimestamp\":null,\"labels\":{\"chart\":\"pod-search-0.1.1-0045\",\"expose\":\"true\",\"microservice\":\"pod-search\",\"monitored\":\"prometheus\",\"monitoring\":\"prometheus\",\"project\":\"pod-search\",\"provider\":\"amdocs\",\"release\":\"pod-search-release\"},\"name\":\"pod-search-service\",\"namespace\":\"oc-cd-1017-pranavd-pd\"},\"spec\":{\"externalTrafficPolicy\":\"Cluster\",\"ports\":[{\"name\":\"http\",\"port\":8080,\"protocol\":\"TCP\",\"targetPort\":8080},{\"name\":\"metrics\",\"port\":5555,\"protocol\":\"TCP\",\"targetPort\":\"metrics\"}],\"selector\":{\"microservice\":\"pod-search\",\"project\":\"pod-search\",\"provider\":\"amdocs\",\"release\":\"pod-search-release\"},\"sessionAffinity\":\"None\",\"type\":\"NodePort\"},\"status\":{\"loadBalancer\":{}}}\n"}},"spec":{"ports":[{"name":"http","protocol":"TCP","port":8080,"targetPort":8080,"nodePort":33636},{"name":"metrics","protocol":"TCP","port":5555,"targetPort":"metrics","nodePort":33449}],"selector":{"microservice":"pod-search","project":"pod-search","provider":"amdocs","release":"pod-search-release"},"clusterIP":"172.30.200.105","type":"NodePort","sessionAffinity":"None","externalTrafficPolicy":"Cluster"},"status":{"loadBalancer":{}}},{"metadata":{"name":"price-priceevent-service","namespace":"oc-cd-1017-pranavd-pd","selfLink":"/api/v1/namespaces/oc-cd-1017-pranavd-pd/services/price-priceevent-service","uid":"a76a39a2-b721-11e8-bb86-0050569a887c","resourceVersion":"66122439","creationTimestamp":"2018-09-13T06:53:00Z","labels":{"chart":"price-priceevent-0.1.1-0032","expose":"true","group":"com.amdocs.digital.ms.price.priceevent","microservice":"price-priceevent","monitored":"prometheus","monitoring":"prometheus","project":"price-priceevent-service","provider":"amdocs","release":"price-priceevent-release"},"annotations":{"fabric8.io/iconUrl":"img/icons/spring-boot.svg","kubectl.kubernetes.io/last-applied-configuration":"{\"apiVersion\":\"v1\",\"kind\":\"Service\",\"metadata\":{\"annotations\":{\"fabric8.io/iconUrl\":\"img/icons/spring-boot.svg\"},\"creationTimestamp\":null,\"labels\":{\"chart\":\"price-priceevent-0.1.1-0032\",\"expose\":\"true\",\"group\":\"com.amdocs.digital.ms.price.priceevent\",\"microservice\":\"price-priceevent\",\"monitored\":\"prometheus\",\"monitoring\":\"prometheus\",\"project\":\"price-priceevent-service\",\"provider\":\"amdocs\",\"release\":\"price-priceevent-release\"},\"name\":\"price-priceevent-service\",\"namespace\":\"oc-cd-1017-pranavd-pd\"},\"spec\":{\"externalTrafficPolicy\":\"Cluster\",\"ports\":[{\"name\":\"http\",\"port\":8080,\"protocol\":\"TCP\",\"targetPort\":8080},{\"name\":\"jacoco\",\"port\":6300,\"protocol\":\"TCP\",\"targetPort\":6300},{\"name\":\"management\",\"port\":18080,\"protocol\":\"TCP\",\"targetPort\":18080},{\"name\":\"https\",\"port\":8443,\"protocol\":\"TCP\",\"targetPort\":8443},{\"name\":\"metrics\",\"port\":5555,\"protocol\":\"TCP\",\"targetPort\":\"metrics\"}],\"selector\":{\"group\":\"com.amdocs.digital.ms.price.priceevent\",\"microservice\":\"price-priceevent\",\"project\":\"price-priceevent-service\",\"provider\":\"amdocs\",\"release\":\"price-priceevent-release\"},\"sessionAffinity\":\"None\",\"type\":\"NodePort\"},\"status\":{\"loadBalancer\":{}}}\n"}},"spec":{"ports":[{"name":"http","protocol":"TCP","port":8080,"targetPort":8080,"nodePort":33162},{"name":"jacoco","protocol":"TCP","port":6300,"targetPort":6300,"nodePort":34349},{"name":"management","protocol":"TCP","port":18080,"targetPort":18080,"nodePort":33971},{"name":"https","protocol":"TCP","port":8443,"targetPort":8443,"nodePort":31316},{"name":"metrics","protocol":"TCP","port":5555,"targetPort":"metrics","nodePort":31801}],"selector":{"group":"com.amdocs.digital.ms.price.priceevent","microservice":"price-priceevent","project":"price-priceevent-service","provider":"amdocs","release":"price-priceevent-release"},"clusterIP":"172.30.107.155","type":"NodePort","sessionAffinity":"None","externalTrafficPolicy":"Cluster"},"status":{"loadBalancer":{}}},{"metadata":{"name":"price-pricing-service","namespace":"oc-cd-1017-pranavd-pd","selfLink":"/api/v1/namespaces/oc-cd-1017-pranavd-pd/services/price-pricing-service","uid":"a78fd2c8-b721-11e8-bb86-0050569a887c","resourceVersion":"66122453","creationTimestamp":"2018-09-13T06:53:00Z","labels":{"chart":"price-pricing-0.1.1-0042","expose":"true","group":"com.amdocs.digital.ms.price.pricing","microservice":"price-pricing","monitored":"prometheus","monitoring":"prometheus","project":"price-pricing-service","provider":"amdocs","release":"price-pricing-release"},"annotations":{"fabric8.io/iconUrl":"img/icons/spring-boot.svg","kubectl.kubernetes.io/last-applied-configuration":"{\"apiVersion\":\"v1\",\"kind\":\"Service\",\"metadata\":{\"annotations\":{\"fabric8.io/iconUrl\":\"img/icons/spring-boot.svg\"},\"creationTimestamp\":null,\"labels\":{\"chart\":\"price-pricing-0.1.1-0042\",\"expose\":\"true\",\"group\":\"com.amdocs.digital.ms.price.pricing\",\"microservice\":\"price-pricing\",\"monitored\":\"prometheus\",\"monitoring\":\"prometheus\",\"project\":\"price-pricing-service\",\"provider\":\"amdocs\",\"release\":\"price-pricing-release\"},\"name\":\"price-pricing-service\",\"namespace\":\"oc-cd-1017-pranavd-pd\"},\"spec\":{\"externalTrafficPolicy\":\"Cluster\",\"ports\":[{\"name\":\"http\",\"port\":8080,\"protocol\":\"TCP\",\"targetPort\":8080},{\"name\":\"jacoco\",\"port\":6300,\"protocol\":\"TCP\",\"targetPort\":6300},{\"name\":\"management\",\"port\":18080,\"protocol\":\"TCP\",\"targetPort\":18080},{\"name\":\"https\",\"port\":8443,\"protocol\":\"TCP\",\"targetPort\":8443},{\"name\":\"metrics\",\"port\":5555,\"protocol\":\"TCP\",\"targetPort\":\"metrics\"}],\"selector\":{\"group\":\"com.amdocs.digital.ms.price.pricing\",\"microservice\":\"price-pricing\",\"project\":\"price-pricing-service\",\"provider\":\"amdocs\",\"release\":\"price-pricing-release\"},\"sessionAffinity\":\"None\",\"type\":\"NodePort\"},\"status\":{\"loadBalancer\":{}}}\n"}},"spec":{"ports":[{"name":"http","protocol":"TCP","port":8080,"targetPort":8080,"nodePort":34969},{"name":"jacoco","protocol":"TCP","port":6300,"targetPort":6300,"nodePort":34560},{"name":"management","protocol":"TCP","port":18080,"targetPort":18080,"nodePort":33264},{"name":"https","protocol":"TCP","port":8443,"targetPort":8443,"nodePort":32829},{"name":"metrics","protocol":"TCP","port":5555,"targetPort":"metrics","nodePort":32561}],"selector":{"group":"com.amdocs.digital.ms.price.pricing","microservice":"price-pricing","project":"price-pricing-service","provider":"amdocs","release":"price-pricing-release"},"clusterIP":"172.30.244.62","type":"NodePort","sessionAffinity":"None","externalTrafficPolicy":"Cluster"},"status":{"loadBalancer":{}}},{"metadata":{"name":"price-productoffering-service","namespace":"oc-cd-1017-pranavd-pd","selfLink":"/api/v1/namespaces/oc-cd-1017-pranavd-pd/services/price-productoffering-service","uid":"a7c4da98-b721-11e8-bb86-0050569a887c","resourceVersion":"66122477","creationTimestamp":"2018-09-13T06:53:01Z","labels":{"chart":"price-productoffering-0.1.1-0049","expose":"true","group":"com.amdocs.digital.ms.price.productoffering","microservice":"price-productoffering","monitored":"prometheus","monitoring":"prometheus","project":"price-productoffering-service","provider":"amdocs","release":"price-productoffering-release"},"annotations":{"fabric8.io/iconUrl":"img/icons/spring-boot.svg","kubectl.kubernetes.io/last-applied-configuration":"{\"apiVersion\":\"v1\",\"kind\":\"Service\",\"metadata\":{\"annotations\":{\"fabric8.io/iconUrl\":\"img/icons/spring-boot.svg\"},\"creationTimestamp\":null,\"labels\":{\"chart\":\"price-productoffering-0.1.1-0049\",\"expose\":\"true\",\"group\":\"com.amdocs.digital.ms.price.productoffering\",\"microservice\":\"price-productoffering\",\"monitored\":\"prometheus\",\"monitoring\":\"prometheus\",\"project\":\"price-productoffering-service\",\"provider\":\"amdocs\",\"release\":\"price-productoffering-release\"},\"name\":\"price-productoffering-service\",\"namespace\":\"oc-cd-1017-pranavd-pd\"},\"spec\":{\"externalTrafficPolicy\":\"Cluster\",\"ports\":[{\"name\":\"http\",\"port\":8080,\"protocol\":\"TCP\",\"targetPort\":8080},{\"name\":\"jacoco\",\"port\":6300,\"protocol\":\"TCP\",\"targetPort\":6300},{\"name\":\"management\",\"port\":18080,\"protocol\":\"TCP\",\"targetPort\":18080},{\"name\":\"https\",\"port\":8443,\"protocol\":\"TCP\",\"targetPort\":8443},{\"name\":\"metrics\",\"port\":5555,\"protocol\":\"TCP\",\"targetPort\":\"metrics\"}],\"selector\":{\"group\":\"com.amdocs.digital.ms.price.productoffering\",\"microservice\":\"price-productoffering\",\"project\":\"price-productoffering-service\",\"provider\":\"amdocs\",\"release\":\"price-productoffering-release\"},\"sessionAffinity\":\"None\",\"type\":\"NodePort\"},\"status\":{\"loadBalancer\":{}}}\n"}},"spec":{"ports":[{"name":"http","protocol":"TCP","port":8080,"targetPort":8080,"nodePort":31818},{"name":"jacoco","protocol":"TCP","port":6300,"targetPort":6300,"nodePort":30131},{"name":"management","protocol":"TCP","port":18080,"targetPort":18080,"nodePort":31356},{"name":"https","protocol":"TCP","port":8443,"targetPort":8443,"nodePort":31370},{"name":"metrics","protocol":"TCP","port":5555,"targetPort":"metrics","nodePort":33795}],"selector":{"group":"com.amdocs.digital.ms.price.productoffering","microservice":"price-productoffering","project":"price-productoffering-service","provider":"amdocs","release":"price-productoffering-release"},"clusterIP":"172.30.152.207","type":"NodePort","sessionAffinity":"None","externalTrafficPolicy":"Cluster"},"status":{"loadBalancer":{}}},{"metadata":{"name":"product-configuration-rule-command-service","namespace":"oc-cd-1017-pranavd-pd","selfLink":"/api/v1/namespaces/oc-cd-1017-pranavd-pd/services/product-configuration-rule-command-service","uid":"a7de59a5-b721-11e8-bb86-0050569a887c","resourceVersion":"66122488","creationTimestamp":"2018-09-13T06:53:01Z","labels":{"app":"product-configuration-rule-command-service","chart":"product-configuration-rule-command-service-1.4.0","heritage":"Tiller","monitored":"prometheus","monitoring":"prometheus","prometheus":"amdocs-prometheus","release":"product-configurator-rule-release"},"annotations":{"kubectl.kubernetes.io/last-applied-configuration":"{\"apiVersion\":\"v1\",\"kind\":\"Service\",\"metadata\":{\"annotations\":{},\"creationTimestamp\":null,\"labels\":{\"app\":\"product-configuration-rule-command-service\",\"chart\":\"product-configuration-rule-command-service-1.4.0\",\"heritage\":\"Tiller\",\"monitored\":\"prometheus\",\"monitoring\":\"prometheus\",\"prometheus\":\"amdocs-prometheus\",\"release\":\"product-configurator-rule-release\"},\"name\":\"product-configuration-rule-command-service\",\"namespace\":\"oc-cd-1017-pranavd-pd\"},\"spec\":{\"externalTrafficPolicy\":\"Cluster\",\"ports\":[{\"name\":\"server\",\"port\":8080,\"protocol\":\"TCP\",\"targetPort\":8080},{\"name\":\"management\",\"port\":8081,\"protocol\":\"TCP\",\"targetPort\":8081},{\"name\":\"debug\",\"port\":5005,\"protocol\":\"TCP\",\"targetPort\":\"debug\"},{\"name\":\"metrics\",\"port\":5555,\"protocol\":\"TCP\",\"targetPort\":\"metrics\"}],\"selector\":{\"app\":\"product-configuration-rule-command-service\",\"group\":\"com.amdocs.catalogone\",\"provider\":\"amdocs\",\"release\":\"product-configurator-rule-release\"},\"sessionAffinity\":\"None\",\"type\":\"NodePort\"},\"status\":{\"loadBalancer\":{}}}\n"}},"spec":{"ports":[{"name":"server","protocol":"TCP","port":8080,"targetPort":8080,"nodePort":31815},{"name":"management","protocol":"TCP","port":8081,"targetPort":8081,"nodePort":31376},{"name":"debug","protocol":"TCP","port":5005,"targetPort":"debug","nodePort":34771},{"name":"metrics","protocol":"TCP","port":5555,"targetPort":"metrics","nodePort":35484}],"selector":{"app":"product-configuration-rule-command-service","group":"com.amdocs.catalogone","provider":"amdocs","release":"product-configurator-rule-release"},"clusterIP":"172.30.56.101","type":"NodePort","sessionAffinity":"None","externalTrafficPolicy":"Cluster"},"status":{"loadBalancer":{}}},{"metadata":{"name":"product-offering-service","namespace":"oc-cd-1017-pranavd-pd","selfLink":"/api/v1/namespaces/oc-cd-1017-pranavd-pd/services/product-offering-service","uid":"a7f346a6-b721-11e8-bb86-0050569a887c","resourceVersion":"66122500","creationTimestamp":"2018-09-13T06:53:01Z","labels":{"app":"product-offering-service","chart":"product-offering-service-2.5.2","heritage":"Tiller","monitored":"prometheus","monitoring":"prometheus","prometheus":"amdocs-prometheus","release":"product-offering-service-release"},"annotations":{"kubectl.kubernetes.io/last-applied-configuration":"{\"apiVersion\":\"v1\",\"kind\":\"Service\",\"metadata\":{\"annotations\":{},\"creationTimestamp\":null,\"labels\":{\"app\":\"product-offering-service\",\"chart\":\"product-offering-service-2.5.2\",\"heritage\":\"Tiller\",\"monitored\":\"prometheus\",\"monitoring\":\"prometheus\",\"prometheus\":\"amdocs-prometheus\",\"release\":\"product-offering-service-release\"},\"name\":\"product-offering-service\",\"namespace\":\"oc-cd-1017-pranavd-pd\"},\"spec\":{\"externalTrafficPolicy\":\"Cluster\",\"ports\":[{\"name\":\"server\",\"port\":8080,\"protocol\":\"TCP\",\"targetPort\":8080},{\"name\":\"management\",\"port\":8081,\"protocol\":\"TCP\",\"targetPort\":8081},{\"name\":\"metrics\",\"port\":5555,\"protocol\":\"TCP\",\"targetPort\":\"metrics\"},{\"name\":\"debug\",\"port\":5005,\"protocol\":\"TCP\",\"targetPort\":\"debug\"}],\"selector\":{\"app\":\"product-offering-service\",\"group\":\"com.amdocs.catalogone\",\"provider\":\"amdocs\",\"release\":\"product-offering-service-release\"},\"sessionAffinity\":\"None\",\"type\":\"NodePort\"},\"status\":{\"loadBalancer\":{}}}\n"}},"spec":{"ports":[{"name":"server","protocol":"TCP","port":8080,"targetPort":8080,"nodePort":33371},{"name":"management","protocol":"TCP","port":8081,"targetPort":8081,"nodePort":33555},{"name":"metrics","protocol":"TCP","port":5555,"targetPort":"metrics","nodePort":31588},{"name":"debug","protocol":"TCP","port":5005,"targetPort":"debug","nodePort":32247}],"selector":{"app":"product-offering-service","group":"com.amdocs.catalogone","provider":"amdocs","release":"product-offering-service-release"},"clusterIP":"172.30.199.135","type":"NodePort","sessionAffinity":"None","externalTrafficPolicy":"Cluster"},"status":{"loadBalancer":{}}},{"metadata":{"name":"productaccessor-service","namespace":"oc-cd-1017-pranavd-pd","selfLink":"/api/v1/namespaces/oc-cd-1017-pranavd-pd/services/productaccessor-service","uid":"a80374f0-b721-11e8-bb86-0050569a887c","resourceVersion":"66122505","creationTimestamp":"2018-09-13T06:53:01Z","labels":{"chart":"productaccessor-1.0.1-0032","expose":"true","microservice":"productaccessor","monitored":"prometheus","monitoring":"prometheus","project":"productaccessor","provider":"amdocs","release":"productaccessor-releas"},"annotations":{"fabric8.io/iconUrl":"img/icons/spring-boot.svg","kubectl.kubernetes.io/last-applied-configuration":"{\"apiVersion\":\"v1\",\"kind\":\"Service\",\"metadata\":{\"annotations\":{\"fabric8.io/iconUrl\":\"img/icons/spring-boot.svg\"},\"creationTimestamp\":null,\"labels\":{\"chart\":\"productaccessor-1.0.1-0032\",\"expose\":\"true\",\"microservice\":\"productaccessor\",\"monitored\":\"prometheus\",\"monitoring\":\"prometheus\",\"project\":\"productaccessor\",\"provider\":\"amdocs\",\"release\":\"productaccessor-releas\"},\"name\":\"productaccessor-service\",\"namespace\":\"oc-cd-1017-pranavd-pd\"},\"spec\":{\"externalTrafficPolicy\":\"Cluster\",\"ports\":[{\"name\":\"http\",\"port\":8080,\"protocol\":\"TCP\",\"targetPort\":8080},{\"name\":\"metrics\",\"port\":5555,\"protocol\":\"TCP\",\"targetPort\":\"metrics\"}],\"selector\":{\"microservice\":\"productaccessor\",\"project\":\"productaccessor\",\"provider\":\"amdocs\",\"release\":\"productaccessor-releas\"},\"sessionAffinity\":\"None\",\"type\":\"NodePort\"},\"status\":{\"loadBalancer\":{}}}\n"}},"spec":{"ports":[{"name":"http","protocol":"TCP","port":8080,"targetPort":8080,"nodePort":30549},{"name":"metrics","protocol":"TCP","port":5555,"targetPort":"metrics","nodePort":34143}],"selector":{"microservice":"productaccessor","project":"productaccessor","provider":"amdocs","release":"productaccessor-releas"},"clusterIP":"172.30.233.74","type":"NodePort","sessionAffinity":"None","externalTrafficPolicy":"Cluster"},"status":{"loadBalancer":{}}},{"metadata":{"name":"productconfigurator-action-service","namespace":"oc-cd-1017-pranavd-pd","selfLink":"/api/v1/namespaces/oc-cd-1017-pranavd-pd/services/productconfigurator-action-service","uid":"a81d3015-b721-11e8-bb86-0050569a887c","resourceVersion":"66122514","creationTimestamp":"2018-09-13T06:53:01Z","labels":{"chart":"productconfigurator-action-0.1.1-0041","expose":"true","microservice":"productconfigurator-acti","monitored":"prometheus","monitoring":"prometheus","project":"productconfigurator-action","provider":"amdocs","release":"productconfigurator-action-release"},"annotations":{"fabric8.io/iconUrl":"img/icons/spring-boot.svg","kubectl.kubernetes.io/last-applied-configuration":"{\"apiVersion\":\"v1\",\"kind\":\"Service\",\"metadata\":{\"annotations\":{\"fabric8.io/iconUrl\":\"img/icons/spring-boot.svg\"},\"creationTimestamp\":null,\"labels\":{\"chart\":\"productconfigurator-action-0.1.1-0041\",\"expose\":\"true\",\"microservice\":\"productconfigurator-acti\",\"monitored\":\"prometheus\",\"monitoring\":\"prometheus\",\"project\":\"productconfigurator-action\",\"provider\":\"amdocs\",\"release\":\"productconfigurator-action-release\"},\"name\":\"productconfigurator-action-service\",\"namespace\":\"oc-cd-1017-pranavd-pd\"},\"spec\":{\"externalTrafficPolicy\":\"Cluster\",\"ports\":[{\"name\":\"http\",\"port\":8080,\"protocol\":\"TCP\",\"targetPort\":8080},{\"name\":\"https\",\"port\":8443,\"protocol\":\"TCP\",\"targetPort\":\"https\"},{\"name\":\"metrics\",\"port\":5555,\"protocol\":\"TCP\",\"targetPort\":\"metrics\"}],\"selector\":{\"microservice\":\"productconfigurator-acti\",\"project\":\"productconfigurator-action\",\"provider\":\"amdocs\",\"release\":\"productconfigurator-action-release\"},\"sessionAffinity\":\"None\",\"type\":\"NodePort\"},\"status\":{\"loadBalancer\":{}}}\n"}},"spec":{"ports":[{"name":"http","protocol":"TCP","port":8080,"targetPort":8080,"nodePort":32038},{"name":"https","protocol":"TCP","port":8443,"targetPort":"https","nodePort":32966},{"name":"metrics","protocol":"TCP","port":5555,"targetPort":"metrics","nodePort":31885}],"selector":{"microservice":"productconfigurator-acti","project":"productconfigurator-action","provider":"amdocs","release":"productconfigurator-action-release"},"clusterIP":"172.30.177.180","type":"NodePort","sessionAffinity":"None","externalTrafficPolicy":"Cluster"},"status":{"loadBalancer":{}}},{"metadata":{"name":"productconfigurator-commitmentterm-service","namespace":"oc-cd-1017-pranavd-pd","selfLink":"/api/v1/namespaces/oc-cd-1017-pranavd-pd/services/productconfigurator-commitmentterm-service","uid":"a8363906-b721-11e8-bb86-0050569a887c","resourceVersion":"66122524","creationTimestamp":"2018-09-13T06:53:01Z","labels":{"chart":"productconfigurator-commitmentterm-0.1.1-0030","expose":"true","microservice":"productconfigurator-comm","monitored":"prometheus","monitoring":"prometheus","project":"productconfigurator-commitmentterm","provider":"amdocs","release":"productconfigurator-commitmentterm-release"},"annotations":{"fabric8.io/iconUrl":"img/icons/spring-boot.svg","kubectl.kubernetes.io/last-applied-configuration":"{\"apiVersion\":\"v1\",\"kind\":\"Service\",\"metadata\":{\"annotations\":{\"fabric8.io/iconUrl\":\"img/icons/spring-boot.svg\"},\"creationTimestamp\":null,\"labels\":{\"chart\":\"productconfigurator-commitmentterm-0.1.1-0030\",\"expose\":\"true\",\"microservice\":\"productconfigurator-comm\",\"monitored\":\"prometheus\",\"monitoring\":\"prometheus\",\"project\":\"productconfigurator-commitmentterm\",\"provider\":\"amdocs\",\"release\":\"productconfigurator-commitmentterm-release\"},\"name\":\"productconfigurator-commitmentterm-service\",\"namespace\":\"oc-cd-1017-pranavd-pd\"},\"spec\":{\"externalTrafficPolicy\":\"Cluster\",\"ports\":[{\"name\":\"http\",\"port\":8080,\"protocol\":\"TCP\",\"targetPort\":8080},{\"name\":\"metrics\",\"port\":5555,\"protocol\":\"TCP\",\"targetPort\":\"metrics\"}],\"selector\":{\"microservice\":\"productconfigurator-comm\",\"project\":\"productconfigurator-commitmentterm\",\"provider\":\"amdocs\",\"release\":\"productconfigurator-commitmentterm-release\"},\"sessionAffinity\":\"None\",\"type\":\"NodePort\"},\"status\":{\"loadBalancer\":{}}}\n"}},"spec":{"ports":[{"name":"http","protocol":"TCP","port":8080,"targetPort":8080,"nodePort":30140},{"name":"metrics","protocol":"TCP","port":5555,"targetPort":"metrics","nodePort":32044}],"selector":{"microservice":"productconfigurator-comm","project":"productconfigurator-commitmentterm","provider":"amdocs","release":"productconfigurator-commitmentterm-release"},"clusterIP":"172.30.103.210","type":"NodePort","sessionAffinity":"None","externalTrafficPolicy":"Cluster"},"status":{"loadBalancer":{}}},{"metadata":{"name":"productconfigurator-price-service","namespace":"oc-cd-1017-pranavd-pd","selfLink":"/api/v1/namespaces/oc-cd-1017-pranavd-pd/services/productconfigurator-price-service","uid":"a84de746-b721-11e8-bb86-0050569a887c","resourceVersion":"66122532","creationTimestamp":"2018-09-13T06:53:02Z","labels":{"chart":"productconfigurator-price-0.1.1-0066","expose":"true","microservice":"productconfigurator-pric","monitored":"prometheus","monitoring":"prometheus","project":"productconfigurator-price","provider":"amdocs","release":"productconfigurator-price-release"},"annotations":{"fabric8.io/iconUrl":"img/icons/spring-boot.svg","kubectl.kubernetes.io/last-applied-configuration":"{\"apiVersion\":\"v1\",\"kind\":\"Service\",\"metadata\":{\"annotations\":{\"fabric8.io/iconUrl\":\"img/icons/spring-boot.svg\"},\"creationTimestamp\":null,\"labels\":{\"chart\":\"productconfigurator-price-0.1.1-0066\",\"expose\":\"true\",\"microservice\":\"productconfigurator-pric\",\"monitored\":\"prometheus\",\"monitoring\":\"prometheus\",\"project\":\"productconfigurator-price\",\"provider\":\"amdocs\",\"release\":\"productconfigurator-price-release\"},\"name\":\"productconfigurator-price-service\",\"namespace\":\"oc-cd-1017-pranavd-pd\"},\"spec\":{\"externalTrafficPolicy\":\"Cluster\",\"ports\":[{\"name\":\"http\",\"port\":8080,\"protocol\":\"TCP\",\"targetPort\":8080},{\"name\":\"metrics\",\"port\":5555,\"protocol\":\"TCP\",\"targetPort\":\"metrics\"}],\"selector\":{\"microservice\":\"productconfigurator-pric\",\"project\":\"productconfigurator-price\",\"provider\":\"amdocs\",\"release\":\"productconfigurator-price-release\"},\"sessionAffinity\":\"None\",\"type\":\"NodePort\"},\"status\":{\"loadBalancer\":{}}}\n"}},"spec":{"ports":[{"name":"http","protocol":"TCP","port":8080,"targetPort":8080,"nodePort":33473},{"name":"metrics","protocol":"TCP","port":5555,"targetPort":"metrics","nodePort":32945}],"selector":{"microservice":"productconfigurator-pric","project":"productconfigurator-price","provider":"amdocs","release":"productconfigurator-price-release"},"clusterIP":"172.30.71.18","type":"NodePort","sessionAffinity":"None","externalTrafficPolicy":"Cluster"},"status":{"loadBalancer":{}}},{"metadata":{"name":"productconfigurator-qualification-service","namespace":"oc-cd-1017-pranavd-pd","selfLink":"/api/v1/namespaces/oc-cd-1017-pranavd-pd/services/productconfigurator-qualification-service","uid":"a8763fac-b721-11e8-bb86-0050569a887c","resourceVersion":"66122549","creationTimestamp":"2018-09-13T06:53:02Z","labels":{"chart":"productconfigurator-qualification-0.1.1-0034","expose":"true","microservice":"productconfigurator-qual","project":"productconfigurator-qualification","provider":"amdocs","release":"productconfigurator-qualification-release"},"annotations":{"fabric8.io/iconUrl":"img/icons/spring-boot.svg","kubectl.kubernetes.io/last-applied-configuration":"{\"apiVersion\":\"v1\",\"kind\":\"Service\",\"metadata\":{\"annotations\":{\"fabric8.io/iconUrl\":\"img/icons/spring-boot.svg\"},\"creationTimestamp\":null,\"labels\":{\"chart\":\"productconfigurator-qualification-0.1.1-0034\",\"expose\":\"true\",\"microservice\":\"productconfigurator-qual\",\"project\":\"productconfigurator-qualification\",\"provider\":\"amdocs\",\"release\":\"productconfigurator-qualification-release\"},\"name\":\"productconfigurator-qualification-service\",\"namespace\":\"oc-cd-1017-pranavd-pd\"},\"spec\":{\"externalTrafficPolicy\":\"Cluster\",\"ports\":[{\"name\":\"http\",\"port\":8080,\"protocol\":\"TCP\",\"targetPort\":8080},{\"name\":\"https\",\"port\":8443,\"protocol\":\"TCP\",\"targetPort\":\"https\"},{\"name\":\"metrics\",\"port\":5555,\"protocol\":\"TCP\",\"targetPort\":\"metrics\"},{\"name\":\"jacoco\",\"port\":6300,\"protocol\":\"TCP\",\"targetPort\":6300},{\"name\":\"management\",\"port\":18080,\"protocol\":\"TCP\",\"targetPort\":18080}],\"selector\":{\"microservice\":\"productconfigurator-qual\",\"project\":\"productconfigurator-qualification\",\"provider\":\"amdocs\",\"release\":\"productconfigurator-qualification-release\"},\"sessionAffinity\":\"None\",\"type\":\"NodePort\"},\"status\":{\"loadBalancer\":{}}}\n"}},"spec":{"ports":[{"name":"http","protocol":"TCP","port":8080,"targetPort":8080,"nodePort":31599},{"name":"https","protocol":"TCP","port":8443,"targetPort":"https","nodePort":31802},{"name":"metrics","protocol":"TCP","port":5555,"targetPort":"metrics","nodePort":32175},{"name":"jacoco","protocol":"TCP","port":6300,"targetPort":6300,"nodePort":35065},{"name":"management","protocol":"TCP","port":18080,"targetPort":18080,"nodePort":33429}],"selector":{"microservice":"productconfigurator-qual","project":"productconfigurator-qualification","provider":"amdocs","release":"productconfigurator-qualification-release"},"clusterIP":"172.30.180.208","type":"NodePort","sessionAffinity":"None","externalTrafficPolicy":"Cluster"},"status":{"loadBalancer":{}}},{"metadata":{"name":"productconfigurator-service","namespace":"oc-cd-1017-pranavd-pd","selfLink":"/api/v1/namespaces/oc-cd-1017-pranavd-pd/services/productconfigurator-service","uid":"a8925073-b721-11e8-bb86-0050569a887c","resourceVersion":"66122560","creationTimestamp":"2018-09-13T06:53:02Z","labels":{"chart":"productconfigurator-0.1.1-0138","expose":"true","microservice":"productconfigurator","monitored":"prometheus","monitoring":"prometheus","project":"productconfigurator","provider":"amdocs","release":"productconfigurator-release"},"annotations":{"fabric8.io/iconUrl":"img/icons/spring-boot.svg","kubectl.kubernetes.io/last-applied-configuration":"{\"apiVersion\":\"v1\",\"kind\":\"Service\",\"metadata\":{\"annotations\":{\"fabric8.io/iconUrl\":\"img/icons/spring-boot.svg\"},\"creationTimestamp\":null,\"labels\":{\"chart\":\"productconfigurator-0.1.1-0138\",\"expose\":\"true\",\"microservice\":\"productconfigurator\",\"monitored\":\"prometheus\",\"monitoring\":\"prometheus\",\"project\":\"productconfigurator\",\"provider\":\"amdocs\",\"release\":\"productconfigurator-release\"},\"name\":\"productconfigurator-service\",\"namespace\":\"oc-cd-1017-pranavd-pd\"},\"spec\":{\"externalTrafficPolicy\":\"Cluster\",\"ports\":[{\"name\":\"http\",\"port\":8080,\"protocol\":\"TCP\",\"targetPort\":8080},{\"name\":\"https\",\"port\":8443,\"protocol\":\"TCP\",\"targetPort\":\"https\"},{\"name\":\"metrics\",\"port\":5555,\"protocol\":\"TCP\",\"targetPort\":\"metrics\"}],\"selector\":{\"microservice\":\"productconfigurator\",\"project\":\"productconfigurator\",\"provider\":\"amdocs\",\"release\":\"productconfigurator-release\"},\"sessionAffinity\":\"None\",\"type\":\"NodePort\"},\"status\":{\"loadBalancer\":{}}}\n"}},"spec":{"ports":[{"name":"http","protocol":"TCP","port":8080,"targetPort":8080,"nodePort":32831},{"name":"https","protocol":"TCP","port":8443,"targetPort":"https","nodePort":33551},{"name":"metrics","protocol":"TCP","port":5555,"targetPort":"metrics","nodePort":34241}],"selector":{"microservice":"productconfigurator","project":"productconfigurator","provider":"amdocs","release":"productconfigurator-release"},"clusterIP":"172.30.114.205","type":"NodePort","sessionAffinity":"None","externalTrafficPolicy":"Cluster"},"status":{"loadBalancer":{}}},{"metadata":{"name":"productorder-amendorder-service","namespace":"oc-cd-1017-pranavd-pd","selfLink":"/api/v1/namespaces/oc-cd-1017-pranavd-pd/services/productorder-amendorder-service","uid":"a8a4b42e-b721-11e8-bb86-0050569a887c","resourceVersion":"66122566","creationTimestamp":"2018-09-13T06:53:02Z","labels":{"chart":"productorder-amendorder-0.1.1-0019","expose":"true","microservice":"productorder-amendorder","monitored":"prometheus","monitoring":"prometheus","project":"productorder-amendorder","provider":"amdocs","release":"productorder-amendodr-release"},"annotations":{"fabric8.io/iconUrl":"img/icons/spring-boot.svg","kubectl.kubernetes.io/last-applied-configuration":"{\"apiVersion\":\"v1\",\"kind\":\"Service\",\"metadata\":{\"annotations\":{\"fabric8.io/iconUrl\":\"img/icons/spring-boot.svg\"},\"creationTimestamp\":null,\"labels\":{\"chart\":\"productorder-amendorder-0.1.1-0019\",\"expose\":\"true\",\"microservice\":\"productorder-amendorder\",\"monitored\":\"prometheus\",\"monitoring\":\"prometheus\",\"project\":\"productorder-amendorder\",\"provider\":\"amdocs\",\"release\":\"productorder-amendodr-release\"},\"name\":\"productorder-amendorder-service\",\"namespace\":\"oc-cd-1017-pranavd-pd\"},\"spec\":{\"externalTrafficPolicy\":\"Cluster\",\"ports\":[{\"name\":\"http\",\"port\":8080,\"protocol\":\"TCP\",\"targetPort\":8080},{\"name\":\"metrics\",\"port\":5555,\"protocol\":\"TCP\",\"targetPort\":\"metrics\"}],\"selector\":{\"microservice\":\"productorder-amendorder\",\"project\":\"productorder-amendorder\",\"provider\":\"amdocs\",\"release\":\"productorder-amendodr-release\"},\"sessionAffinity\":\"None\",\"type\":\"NodePort\"},\"status\":{\"loadBalancer\":{}}}\n"}},"spec":{"ports":[{"name":"http","protocol":"TCP","port":8080,"targetPort":8080,"nodePort":34841},{"name":"metrics","protocol":"TCP","port":5555,"targetPort":"metrics","nodePort":35083}],"selector":{"microservice":"productorder-amendorder","project":"productorder-amendorder","provider":"amdocs","release":"productorder-amendodr-release"},"clusterIP":"172.30.196.92","type":"NodePort","sessionAffinity":"None","externalTrafficPolicy":"Cluster"},"status":{"loadBalancer":{}}},{"metadata":{"name":"productorder-deliverymethodorder-service","namespace":"oc-cd-1017-pranavd-pd","selfLink":"/api/v1/namespaces/oc-cd-1017-pranavd-pd/services/productorder-deliverymethodorder-service","uid":"a8b4319e-b721-11e8-bb86-0050569a887c","resourceVersion":"66122572","creationTimestamp":"2018-09-13T06:53:02Z","labels":{"chart":"productorder-deliverymethodorder-0.1.1-0027","expose":"true","microservice":"productorder-deliverymet","monitored":"prometheus","monitoring":"prometheus","project":"productorder-deliverymethodorder","provider":"amdocs","release":"productorder-deliverymethodorder-release"},"annotations":{"fabric8.io/iconUrl":"img/icons/spring-boot.svg","kubectl.kubernetes.io/last-applied-configuration":"{\"apiVersion\":\"v1\",\"kind\":\"Service\",\"metadata\":{\"annotations\":{\"fabric8.io/iconUrl\":\"img/icons/spring-boot.svg\"},\"creationTimestamp\":null,\"labels\":{\"chart\":\"productorder-deliverymethodorder-0.1.1-0027\",\"expose\":\"true\",\"microservice\":\"productorder-deliverymet\",\"monitored\":\"prometheus\",\"monitoring\":\"prometheus\",\"project\":\"productorder-deliverymethodorder\",\"provider\":\"amdocs\",\"release\":\"productorder-deliverymethodorder-release\"},\"name\":\"productorder-deliverymethodorder-service\",\"namespace\":\"oc-cd-1017-pranavd-pd\"},\"spec\":{\"externalTrafficPolicy\":\"Cluster\",\"ports\":[{\"name\":\"http\",\"port\":8080,\"protocol\":\"TCP\",\"targetPort\":8080},{\"name\":\"https\",\"port\":8443,\"protocol\":\"TCP\",\"targetPort\":\"https\"},{\"name\":\"metrics\",\"port\":5555,\"protocol\":\"TCP\",\"targetPort\":\"metrics\"}],\"selector\":{\"microservice\":\"productorder-deliverymet\",\"project\":\"productorder-deliverymethodorder\",\"provider\":\"amdocs\",\"release\":\"productorder-deliverymethodorder-release\"},\"sessionAffinity\":\"None\",\"type\":\"NodePort\"},\"status\":{\"loadBalancer\":{}}}\n"}},"spec":{"ports":[{"name":"http","protocol":"TCP","port":8080,"targetPort":8080,"nodePort":33639},{"name":"https","protocol":"TCP","port":8443,"targetPort":"https","nodePort":31606},{"name":"metrics","protocol":"TCP","port":5555,"targetPort":"metrics","nodePort":34357}],"selector":{"microservice":"productorder-deliverymet","project":"productorder-deliverymethodorder","provider":"amdocs","release":"productorder-deliverymethodorder-release"},"clusterIP":"172.30.82.126","type":"NodePort","sessionAffinity":"None","externalTrafficPolicy":"Cluster"},"status":{"loadBalancer":{}}},{"metadata":{"name":"productorder-futurelauncher-service","namespace":"oc-cd-1017-pranavd-pd","selfLink":"/api/v1/namespaces/oc-cd-1017-pranavd-pd/services/productorder-futurelauncher-service","uid":"a8c3f4fd-b721-11e8-bb86-0050569a887c","resourceVersion":"66122578","creationTimestamp":"2018-09-13T06:53:02Z","labels":{"chart":"productorder-futurelauncher-0.1.1-0065","expose":"true","microservice":"productorder-futurelaunc","monitored":"prometheus","monitoring":"prometheus","project":"productorder-futurelauncher","provider":"amdocs","release":"productorder-futurelauncher-release"},"annotations":{"fabric8.io/iconUrl":"img/icons/spring-boot.svg","kubectl.kubernetes.io/last-applied-configuration":"{\"apiVersion\":\"v1\",\"kind\":\"Service\",\"metadata\":{\"annotations\":{\"fabric8.io/iconUrl\":\"img/icons/spring-boot.svg\"},\"creationTimestamp\":null,\"labels\":{\"chart\":\"productorder-futurelauncher-0.1.1-0065\",\"expose\":\"true\",\"microservice\":\"productorder-futurelaunc\",\"monitored\":\"prometheus\",\"monitoring\":\"prometheus\",\"project\":\"productorder-futurelauncher\",\"provider\":\"amdocs\",\"release\":\"productorder-futurelauncher-release\"},\"name\":\"productorder-futurelauncher-service\",\"namespace\":\"oc-cd-1017-pranavd-pd\"},\"spec\":{\"externalTrafficPolicy\":\"Cluster\",\"ports\":[{\"name\":\"http\",\"port\":8080,\"protocol\":\"TCP\",\"targetPort\":8080},{\"name\":\"https\",\"port\":8443,\"protocol\":\"TCP\",\"targetPort\":\"https\"},{\"name\":\"metrics\",\"port\":5555,\"protocol\":\"TCP\",\"targetPort\":\"metrics\"}],\"selector\":{\"microservice\":\"productorder-futurelaunc\",\"project\":\"productorder-futurelauncher\",\"provider\":\"amdocs\",\"release\":\"productorder-futurelauncher-release\"},\"sessionAffinity\":\"None\",\"type\":\"NodePort\"},\"status\":{\"loadBalancer\":{}}}\n"}},"spec":{"ports":[{"name":"http","protocol":"TCP","port":8080,"targetPort":8080,"nodePort":32858},{"name":"https","protocol":"TCP","port":8443,"targetPort":"https","nodePort":35182},{"name":"metrics","protocol":"TCP","port":5555,"targetPort":"metrics","nodePort":30191}],"selector":{"microservice":"productorder-futurelaunc","project":"productorder-futurelauncher","provider":"amdocs","release":"productorder-futurelauncher-release"},"clusterIP":"172.30.43.31","type":"NodePort","sessionAffinity":"None","externalTrafficPolicy":"Cluster"},"status":{"loadBalancer":{}}},{"metadata":{"name":"productorder-limiteddurationproduct-service","namespace":"oc-cd-1017-pranavd-pd","selfLink":"/api/v1/namespaces/oc-cd-1017-pranavd-pd/services/productorder-limiteddurationproduct-service","uid":"a8d15da6-b721-11e8-bb86-0050569a887c","resourceVersion":"66122583","creationTimestamp":"2018-09-13T06:53:02Z","labels":{"chart":"productorder-limiteddurationproduct-0.1.0-0008","expose":"true","microservice":"productorder-limiteddurationproduct","project":"productorder-limiteddurationproduct","provider":"amdocs","release":"productorder-limiteddurationproduct-release"},"annotations":{"fabric8.io/iconUrl":"img/icons/spring-boot.svg","kubectl.kubernetes.io/last-applied-configuration":"{\"apiVersion\":\"v1\",\"kind\":\"Service\",\"metadata\":{\"annotations\":{\"fabric8.io/iconUrl\":\"img/icons/spring-boot.svg\"},\"creationTimestamp\":null,\"labels\":{\"chart\":\"productorder-limiteddurationproduct-0.1.0-0008\",\"expose\":\"true\",\"microservice\":\"productorder-limiteddurationproduct\",\"project\":\"productorder-limiteddurationproduct\",\"provider\":\"amdocs\",\"release\":\"productorder-limiteddurationproduct-release\"},\"name\":\"productorder-limiteddurationproduct-service\",\"namespace\":\"oc-cd-1017-pranavd-pd\"},\"spec\":{\"externalTrafficPolicy\":\"Cluster\",\"ports\":[{\"name\":\"http\",\"port\":8080,\"protocol\":\"TCP\",\"targetPort\":8080},{\"name\":\"metrics\",\"port\":5555,\"protocol\":\"TCP\",\"targetPort\":\"metrics\"}],\"selector\":{\"microservice\":\"productorder-limiteddurationproduct\",\"project\":\"productorder-limiteddurationproduct\",\"provider\":\"amdocs\",\"release\":\"productorder-limiteddurationproduct-release\"},\"sessionAffinity\":\"None\",\"type\":\"NodePort\"},\"status\":{\"loadBalancer\":{}}}\n"}},"spec":{"ports":[{"name":"http","protocol":"TCP","port":8080,"targetPort":8080,"nodePort":33361},{"name":"metrics","protocol":"TCP","port":5555,"targetPort":"metrics","nodePort":32529}],"selector":{"microservice":"productorder-limiteddurationproduct","project":"productorder-limiteddurationproduct","provider":"amdocs","release":"productorder-limiteddurationproduct-release"},"clusterIP":"172.30.45.105","type":"NodePort","sessionAffinity":"None","externalTrafficPolicy":"Cluster"},"status":{"loadBalancer":{}}},{"metadata":{"name":"productorder-modifyorder-service","namespace":"oc-cd-1017-pranavd-pd","selfLink":"/api/v1/namespaces/oc-cd-1017-pranavd-pd/services/productorder-modifyorder-service","uid":"a8e6e32f-b721-11e8-bb86-0050569a887c","resourceVersion":"66122592","creationTimestamp":"2018-09-13T06:53:03Z","labels":{"chart":"productorder-modifyorder-0.1.1-0035","expose":"true","microservice":"productorder-modifyorder","monitored":"prometheus","monitoring":"prometheus","project":"productorder-modifyorder","provider":"amdocs","release":"productorder-modifyorder-release"},"annotations":{"fabric8.io/iconUrl":"img/icons/spring-boot.svg","kubectl.kubernetes.io/last-applied-configuration":"{\"apiVersion\":\"v1\",\"kind\":\"Service\",\"metadata\":{\"annotations\":{\"fabric8.io/iconUrl\":\"img/icons/spring-boot.svg\"},\"creationTimestamp\":null,\"labels\":{\"chart\":\"productorder-modifyorder-0.1.1-0035\",\"expose\":\"true\",\"microservice\":\"productorder-modifyorder\",\"monitored\":\"prometheus\",\"monitoring\":\"prometheus\",\"project\":\"productorder-modifyorder\",\"provider\":\"amdocs\",\"release\":\"productorder-modifyorder-release\"},\"name\":\"productorder-modifyorder-service\",\"namespace\":\"oc-cd-1017-pranavd-pd\"},\"spec\":{\"externalTrafficPolicy\":\"Cluster\",\"ports\":[{\"name\":\"http\",\"port\":8080,\"protocol\":\"TCP\",\"targetPort\":8080},{\"name\":\"metrics\",\"port\":5555,\"protocol\":\"TCP\",\"targetPort\":\"metrics\"}],\"selector\":{\"microservice\":\"productorder-modifyorder\",\"project\":\"productorder-modifyorder\",\"provider\":\"amdocs\",\"release\":\"productorder-modifyorder-release\"},\"sessionAffinity\":\"None\",\"type\":\"NodePort\"},\"status\":{\"loadBalancer\":{}}}\n"}},"spec":{"ports":[{"name":"http","protocol":"TCP","port":8080,"targetPort":8080,"nodePort":30158},{"name":"metrics","protocol":"TCP","port":5555,"targetPort":"metrics","nodePort":31616}],"selector":{"microservice":"productorder-modifyorder","project":"productorder-modifyorder","provider":"amdocs","release":"productorder-modifyorder-release"},"clusterIP":"172.30.94.150","type":"NodePort","sessionAffinity":"None","externalTrafficPolicy":"Cluster"},"status":{"loadBalancer":{}}},{"metadata":{"name":"productorder-paymentorder-service","namespace":"oc-cd-1017-pranavd-pd","selfLink":"/api/v1/namespaces/oc-cd-1017-pranavd-pd/services/productorder-paymentorder-service","uid":"a8f7b2d2-b721-11e8-bb86-0050569a887c","resourceVersion":"66122599","creationTimestamp":"2018-09-13T06:53:03Z","labels":{"chart":"productorder-paymentorder-0.1.1-0016","expose":"true","microservice":"productorder-paymentorde","monitored":"prometheus","monitoring":"prometheus","project":"productorder-paymentorder","provider":"amdocs","release":"productorder-paymentorder-release"},"annotations":{"fabric8.io/iconUrl":"img/icons/spring-boot.svg","kubectl.kubernetes.io/last-applied-configuration":"{\"apiVersion\":\"v1\",\"kind\":\"Service\",\"metadata\":{\"annotations\":{\"fabric8.io/iconUrl\":\"img/icons/spring-boot.svg\"},\"creationTimestamp\":null,\"labels\":{\"chart\":\"productorder-paymentorder-0.1.1-0016\",\"expose\":\"true\",\"microservice\":\"productorder-paymentorde\",\"monitored\":\"prometheus\",\"monitoring\":\"prometheus\",\"project\":\"productorder-paymentorder\",\"provider\":\"amdocs\",\"release\":\"productorder-paymentorder-release\"},\"name\":\"productorder-paymentorder-service\",\"namespace\":\"oc-cd-1017-pranavd-pd\"},\"spec\":{\"externalTrafficPolicy\":\"Cluster\",\"ports\":[{\"name\":\"http\",\"port\":8080,\"protocol\":\"TCP\",\"targetPort\":8080},{\"name\":\"https\",\"port\":8443,\"protocol\":\"TCP\",\"targetPort\":\"https\"},{\"name\":\"metrics\",\"port\":5555,\"protocol\":\"TCP\",\"targetPort\":\"metrics\"}],\"selector\":{\"microservice\":\"productorder-paymentorde\",\"project\":\"productorder-paymentorder\",\"provider\":\"amdocs\",\"release\":\"productorder-paymentorder-release\"},\"sessionAffinity\":\"None\",\"type\":\"NodePort\"},\"status\":{\"loadBalancer\":{}}}\n"}},"spec":{"ports":[{"name":"http","protocol":"TCP","port":8080,"targetPort":8080,"nodePort":31620},{"name":"https","protocol":"TCP","port":8443,"targetPort":"https","nodePort":32535},{"name":"metrics","protocol":"TCP","port":5555,"targetPort":"metrics","nodePort":32542}],"selector":{"microservice":"productorder-paymentorde","project":"productorder-paymentorder","provider":"amdocs","release":"productorder-paymentorder-release"},"clusterIP":"172.30.248.135","type":"NodePort","sessionAffinity":"None","externalTrafficPolicy":"Cluster"},"status":{"loadBalancer":{}}},{"metadata":{"name":"productorder-price-service","namespace":"oc-cd-1017-pranavd-pd","selfLink":"/api/v1/namespaces/oc-cd-1017-pranavd-pd/services/productorder-price-service","uid":"a907d52e-b721-11e8-bb86-0050569a887c","resourceVersion":"66122607","creationTimestamp":"2018-09-13T06:53:03Z","labels":{"chart":"productorder-price-0.1.1-0049","expose":"true","microservice":"productorder-price","monitored":"prometheus","monitoring":"prometheus","project":"productorder-price","provider":"amdocs","release":"productorder-price-release"},"annotations":{"fabric8.io/iconUrl":"img/icons/spring-boot.svg","kubectl.kubernetes.io/last-applied-configuration":"{\"apiVersion\":\"v1\",\"kind\":\"Service\",\"metadata\":{\"annotations\":{\"fabric8.io/iconUrl\":\"img/icons/spring-boot.svg\"},\"creationTimestamp\":null,\"labels\":{\"chart\":\"productorder-price-0.1.1-0049\",\"expose\":\"true\",\"microservice\":\"productorder-price\",\"monitored\":\"prometheus\",\"monitoring\":\"prometheus\",\"project\":\"productorder-price\",\"provider\":\"amdocs\",\"release\":\"productorder-price-release\"},\"name\":\"productorder-price-service\",\"namespace\":\"oc-cd-1017-pranavd-pd\"},\"spec\":{\"externalTrafficPolicy\":\"Cluster\",\"ports\":[{\"name\":\"http\",\"port\":8080,\"protocol\":\"TCP\",\"targetPort\":8080},{\"name\":\"https\",\"port\":8443,\"protocol\":\"TCP\",\"targetPort\":\"https\"},{\"name\":\"metrics\",\"port\":5555,\"protocol\":\"TCP\",\"targetPort\":\"metrics\"}],\"selector\":{\"microservice\":\"productorder-price\",\"project\":\"productorder-price\",\"provider\":\"amdocs\",\"release\":\"productorder-price-release\"},\"sessionAffinity\":\"None\",\"type\":\"NodePort\"},\"status\":{\"loadBalancer\":{}}}\n"}},"spec":{"ports":[{"name":"http","protocol":"TCP","port":8080,"targetPort":8080,"nodePort":35546},{"name":"https","protocol":"TCP","port":8443,"targetPort":"https","nodePort":30471},{"name":"metrics","protocol":"TCP","port":5555,"targetPort":"metrics","nodePort":31712}],"selector":{"microservice":"productorder-price","project":"productorder-price","provider":"amdocs","release":"productorder-price-release"},"clusterIP":"172.30.251.203","type":"NodePort","sessionAffinity":"None","externalTrafficPolicy":"Cluster"},"status":{"loadBalancer":{}}},{"metadata":{"name":"productorder-productorder-service","namespace":"oc-cd-1017-pranavd-pd","selfLink":"/api/v1/namespaces/oc-cd-1017-pranavd-pd/services/productorder-productorder-service","uid":"a91f46fb-b721-11e8-bb86-0050569a887c","resourceVersion":"66122617","creationTimestamp":"2018-09-13T06:53:03Z","labels":{"chart":"productorder-productorder-0.1.1-0157","expose":"true","microservice":"productorder-productorde","monitored":"prometheus","monitoring":"prometheus","project":"productorder-productorder","provider":"amdocs","release":"productorder-productorder-release"},"annotations":{"fabric8.io/iconUrl":"img/icons/spring-boot.svg","kubectl.kubernetes.io/last-applied-configuration":"{\"apiVersion\":\"v1\",\"kind\":\"Service\",\"metadata\":{\"annotations\":{\"fabric8.io/iconUrl\":\"img/icons/spring-boot.svg\"},\"creationTimestamp\":null,\"labels\":{\"chart\":\"productorder-productorder-0.1.1-0157\",\"expose\":\"true\",\"microservice\":\"productorder-productorde\",\"monitored\":\"prometheus\",\"monitoring\":\"prometheus\",\"project\":\"productorder-productorder\",\"provider\":\"amdocs\",\"release\":\"productorder-productorder-release\"},\"name\":\"productorder-productorder-service\",\"namespace\":\"oc-cd-1017-pranavd-pd\"},\"spec\":{\"externalTrafficPolicy\":\"Cluster\",\"ports\":[{\"name\":\"http\",\"port\":8080,\"protocol\":\"TCP\",\"targetPort\":8080},{\"name\":\"https\",\"port\":8443,\"protocol\":\"TCP\",\"targetPort\":\"https\"},{\"name\":\"metrics\",\"port\":5555,\"protocol\":\"TCP\",\"targetPort\":\"metrics\"}],\"selector\":{\"microservice\":\"productorder-productorde\",\"project\":\"productorder-productorder\",\"provider\":\"amdocs\",\"release\":\"productorder-productorder-release\"},\"sessionAffinity\":\"None\",\"type\":\"NodePort\"},\"status\":{\"loadBalancer\":{}}}\n"}},"spec":{"ports":[{"name":"http","protocol":"TCP","port":8080,"targetPort":8080,"nodePort":30538},{"name":"https","protocol":"TCP","port":8443,"targetPort":"https","nodePort":34660},{"name":"metrics","protocol":"TCP","port":5555,"targetPort":"metrics","nodePort":33493}],"selector":{"microservice":"productorder-productorde","project":"productorder-productorder","provider":"amdocs","release":"productorder-productorder-release"},"clusterIP":"172.30.8.161","type":"NodePort","sessionAffinity":"None","externalTrafficPolicy":"Cluster"},"status":{"loadBalancer":{}}},{"metadata":{"name":"productorder-submitorder-service","namespace":"oc-cd-1017-pranavd-pd","selfLink":"/api/v1/namespaces/oc-cd-1017-pranavd-pd/services/productorder-submitorder-service","uid":"a92f9a50-b721-11e8-bb86-0050569a887c","resourceVersion":"66122625","creationTimestamp":"2018-09-13T06:53:03Z","labels":{"chart":"productorder-submitorder-0.1.1-0058","expose":"true","microservice":"productorder-submitorder","monitored":"prometheus","monitoring":"prometheus","project":"productorder-submitorder","provider":"amdocs","release":"productorder-submitorder-release"},"annotations":{"fabric8.io/iconUrl":"img/icons/spring-boot.svg","kubectl.kubernetes.io/last-applied-configuration":"{\"apiVersion\":\"v1\",\"kind\":\"Service\",\"metadata\":{\"annotations\":{\"fabric8.io/iconUrl\":\"img/icons/spring-boot.svg\"},\"creationTimestamp\":null,\"labels\":{\"chart\":\"productorder-submitorder-0.1.1-0058\",\"expose\":\"true\",\"microservice\":\"productorder-submitorder\",\"monitored\":\"prometheus\",\"monitoring\":\"prometheus\",\"project\":\"productorder-submitorder\",\"provider\":\"amdocs\",\"release\":\"productorder-submitorder-release\"},\"name\":\"productorder-submitorder-service\",\"namespace\":\"oc-cd-1017-pranavd-pd\"},\"spec\":{\"externalTrafficPolicy\":\"Cluster\",\"ports\":[{\"name\":\"http\",\"port\":8080,\"protocol\":\"TCP\",\"targetPort\":8080},{\"name\":\"https\",\"port\":8443,\"protocol\":\"TCP\",\"targetPort\":\"https\"},{\"name\":\"metrics\",\"port\":5555,\"protocol\":\"TCP\",\"targetPort\":\"metrics\"}],\"selector\":{\"microservice\":\"productorder-submitorder\",\"project\":\"productorder-submitorder\",\"provider\":\"amdocs\",\"release\":\"productorder-submitorder-release\"},\"sessionAffinity\":\"None\",\"type\":\"NodePort\"},\"status\":{\"loadBalancer\":{}}}\n"}},"spec":{"ports":[{"name":"http","protocol":"TCP","port":8080,"targetPort":8080,"nodePort":31718},{"name":"https","protocol":"TCP","port":8443,"targetPort":"https","nodePort":33684},{"name":"metrics","protocol":"TCP","port":5555,"targetPort":"metrics","nodePort":32056}],"selector":{"microservice":"productorder-submitorder","project":"productorder-submitorder","provider":"amdocs","release":"productorder-submitorder-release"},"clusterIP":"172.30.32.4","type":"NodePort","sessionAffinity":"None","externalTrafficPolicy":"Cluster"},"status":{"loadBalancer":{}}},{"metadata":{"name":"productorder-validateorder-service","namespace":"oc-cd-1017-pranavd-pd","selfLink":"/api/v1/namespaces/oc-cd-1017-pranavd-pd/services/productorder-validateorder-service","uid":"a940d07f-b721-11e8-bb86-0050569a887c","resourceVersion":"66122632","creationTimestamp":"2018-09-13T06:53:03Z","labels":{"chart":"productorder-validateorder-0.1.1-0062","expose":"true","microservice":"productorder-validateord","monitored":"prometheus","monitoring":"prometheus","project":"productorder-validateorder","provider":"amdocs","release":"productorder-validateorder-release"},"annotations":{"fabric8.io/iconUrl":"img/icons/spring-boot.svg","kubectl.kubernetes.io/last-applied-configuration":"{\"apiVersion\":\"v1\",\"kind\":\"Service\",\"metadata\":{\"annotations\":{\"fabric8.io/iconUrl\":\"img/icons/spring-boot.svg\"},\"creationTimestamp\":null,\"labels\":{\"chart\":\"productorder-validateorder-0.1.1-0062\",\"expose\":\"true\",\"microservice\":\"productorder-validateord\",\"monitored\":\"prometheus\",\"monitoring\":\"prometheus\",\"project\":\"productorder-validateorder\",\"provider\":\"amdocs\",\"release\":\"productorder-validateorder-release\"},\"name\":\"productorder-validateorder-service\",\"namespace\":\"oc-cd-1017-pranavd-pd\"},\"spec\":{\"externalTrafficPolicy\":\"Cluster\",\"ports\":[{\"name\":\"http\",\"port\":8080,\"protocol\":\"TCP\",\"targetPort\":8080},{\"name\":\"https\",\"port\":8443,\"protocol\":\"TCP\",\"targetPort\":\"https\"},{\"name\":\"metrics\",\"port\":5555,\"protocol\":\"TCP\",\"targetPort\":\"metrics\"}],\"selector\":{\"microservice\":\"productorder-validateord\",\"project\":\"productorder-validateorder\",\"provider\":\"amdocs\",\"release\":\"productorder-validateorder-release\"},\"sessionAffinity\":\"None\",\"type\":\"NodePort\"},\"status\":{\"loadBalancer\":{}}}\n"}},"spec":{"ports":[{"name":"http","protocol":"TCP","port":8080,"targetPort":8080,"nodePort":33834},{"name":"https","protocol":"TCP","port":8443,"targetPort":"https","nodePort":31722},{"name":"metrics","protocol":"TCP","port":5555,"targetPort":"metrics","nodePort":30476}],"selector":{"microservice":"productorder-validateord","project":"productorder-validateorder","provider":"amdocs","release":"productorder-validateorder-release"},"clusterIP":"172.30.80.78","type":"NodePort","sessionAffinity":"None","externalTrafficPolicy":"Cluster"},"status":{"loadBalancer":{}}},{"metadata":{"name":"productvalidator-service","namespace":"oc-cd-1017-pranavd-pd","selfLink":"/api/v1/namespaces/oc-cd-1017-pranavd-pd/services/productvalidator-service","uid":"a951d7ce-b721-11e8-bb86-0050569a887c","resourceVersion":"66122639","creationTimestamp":"2018-09-13T06:53:03Z","labels":{"chart":"productvalidator-0.1.1-0077","expose":"true","microservice":"productvalidator","project":"productvalidator","provider":"amdocs","release":"productvalidator-release"},"annotations":{"fabric8.io/iconUrl":"img/icons/spring-boot.svg","kubectl.kubernetes.io/last-applied-configuration":"{\"apiVersion\":\"v1\",\"kind\":\"Service\",\"metadata\":{\"annotations\":{\"fabric8.io/iconUrl\":\"img/icons/spring-boot.svg\"},\"creationTimestamp\":null,\"labels\":{\"chart\":\"productvalidator-0.1.1-0077\",\"expose\":\"true\",\"microservice\":\"productvalidator\",\"project\":\"productvalidator\",\"provider\":\"amdocs\",\"release\":\"productvalidator-release\"},\"name\":\"productvalidator-service\",\"namespace\":\"oc-cd-1017-pranavd-pd\"},\"spec\":{\"externalTrafficPolicy\":\"Cluster\",\"ports\":[{\"name\":\"http\",\"port\":8080,\"protocol\":\"TCP\",\"targetPort\":8080},{\"name\":\"https\",\"port\":8443,\"protocol\":\"TCP\",\"targetPort\":\"https\"},{\"name\":\"metrics\",\"port\":5555,\"protocol\":\"TCP\",\"targetPort\":\"metrics\"}],\"selector\":{\"microservice\":\"productvalidator\",\"project\":\"productvalidator\",\"provider\":\"amdocs\",\"release\":\"productvalidator-release\"},\"sessionAffinity\":\"None\",\"type\":\"NodePort\"},\"status\":{\"loadBalancer\":{}}}\n"}},"spec":{"ports":[{"name":"http","protocol":"TCP","port":8080,"targetPort":8080,"nodePort":32057},{"name":"https","protocol":"TCP","port":8443,"targetPort":"https","nodePort":34655},{"name":"metrics","protocol":"TCP","port":5555,"targetPort":"metrics","nodePort":34588}],"selector":{"microservice":"productvalidator","project":"productvalidator","provider":"amdocs","release":"productvalidator-release"},"clusterIP":"172.30.128.45","type":"NodePort","sessionAffinity":"None","externalTrafficPolicy":"Cluster"},"status":{"loadBalancer":{}}},{"metadata":{"name":"promotion-command-service","namespace":"oc-cd-1017-pranavd-pd","selfLink":"/api/v1/namespaces/oc-cd-1017-pranavd-pd/services/promotion-command-service","uid":"a974758a-b721-11e8-bb86-0050569a887c","resourceVersion":"66122652","creationTimestamp":"2018-09-13T06:53:03Z","labels":{"app":"promotion-command-service","chart":"promotion-command-service-1.0.4","heritage":"Tiller","monitored":"prometheus","monitoring":"prometheus","prometheus":"amdocs-prometheus","release":"promotion-release"},"annotations":{"kubectl.kubernetes.io/last-applied-configuration":"{\"apiVersion\":\"v1\",\"kind\":\"Service\",\"metadata\":{\"annotations\":{},\"creationTimestamp\":null,\"labels\":{\"app\":\"promotion-command-service\",\"chart\":\"promotion-command-service-1.0.4\",\"heritage\":\"Tiller\",\"monitored\":\"prometheus\",\"monitoring\":\"prometheus\",\"prometheus\":\"amdocs-prometheus\",\"release\":\"promotion-release\"},\"name\":\"promotion-command-service\",\"namespace\":\"oc-cd-1017-pranavd-pd\"},\"spec\":{\"externalTrafficPolicy\":\"Cluster\",\"ports\":[{\"name\":\"server\",\"port\":8080,\"protocol\":\"TCP\",\"targetPort\":8080},{\"name\":\"management\",\"port\":8081,\"protocol\":\"TCP\",\"targetPort\":8081},{\"name\":\"metrics\",\"port\":5555,\"protocol\":\"TCP\",\"targetPort\":\"metrics\"}],\"selector\":{\"app\":\"promotion-command-service\",\"group\":\"com.amdocs.catalogone\",\"provider\":\"amdocs\",\"release\":\"promotion-release\"},\"sessionAffinity\":\"None\",\"type\":\"NodePort\"},\"status\":{\"loadBalancer\":{}}}\n"}},"spec":{"ports":[{"name":"server","protocol":"TCP","port":8080,"targetPort":8080,"nodePort":32077},{"name":"management","protocol":"TCP","port":8081,"targetPort":8081,"nodePort":32101},{"name":"metrics","protocol":"TCP","port":5555,"targetPort":"metrics","nodePort":32118}],"selector":{"app":"promotion-command-service","group":"com.amdocs.catalogone","provider":"amdocs","release":"promotion-release"},"clusterIP":"172.30.247.175","type":"NodePort","sessionAffinity":"None","externalTrafficPolicy":"Cluster"},"status":{"loadBalancer":{}}},{"metadata":{"name":"promotion-mapper-service","namespace":"oc-cd-1017-pranavd-pd","selfLink":"/api/v1/namespaces/oc-cd-1017-pranavd-pd/services/promotion-mapper-service","uid":"a98adf26-b721-11e8-bb86-0050569a887c","resourceVersion":"66122663","creationTimestamp":"2018-09-13T06:53:04Z","labels":{"app":"promotion-mapper-service","chart":"promotion-mapper-service-1.1.0","heritage":"Tiller","monitored":"prometheus","monitoring":"prometheus","prometheus":"amdocs-prometheus","release":"promotion-mapper-release"},"annotations":{"kubectl.kubernetes.io/last-applied-configuration":"{\"apiVersion\":\"v1\",\"kind\":\"Service\",\"metadata\":{\"annotations\":{},\"creationTimestamp\":null,\"labels\":{\"app\":\"promotion-mapper-service\",\"chart\":\"promotion-mapper-service-1.1.0\",\"heritage\":\"Tiller\",\"monitored\":\"prometheus\",\"monitoring\":\"prometheus\",\"prometheus\":\"amdocs-prometheus\",\"release\":\"promotion-mapper-release\"},\"name\":\"promotion-mapper-service\",\"namespace\":\"oc-cd-1017-pranavd-pd\"},\"spec\":{\"externalTrafficPolicy\":\"Cluster\",\"ports\":[{\"name\":\"server\",\"port\":8080,\"protocol\":\"TCP\",\"targetPort\":8080},{\"name\":\"management\",\"port\":8081,\"protocol\":\"TCP\",\"targetPort\":8081},{\"name\":\"metrics\",\"port\":5555,\"protocol\":\"TCP\",\"targetPort\":\"metrics\"}],\"selector\":{\"app\":\"promotion-mapper-service\",\"group\":\"com.amdocs.catalogone\",\"provider\":\"amdocs\",\"release\":\"promotion-mapper-release\"},\"sessionAffinity\":\"None\",\"type\":\"NodePort\"},\"status\":{\"loadBalancer\":{}}}\n"}},"spec":{"ports":[{"name":"server","protocol":"TCP","port":8080,"targetPort":8080,"nodePort":31731},{"name":"management","protocol":"TCP","port":8081,"targetPort":8081,"nodePort":32549},{"name":"metrics","protocol":"TCP","port":5555,"targetPort":"metrics","nodePort":31735}],"selector":{"app":"promotion-mapper-service","group":"com.amdocs.catalogone","provider":"amdocs","release":"promotion-mapper-release"},"clusterIP":"172.30.62.17","type":"NodePort","sessionAffinity":"None","externalTrafficPolicy":"Cluster"},"status":{"loadBalancer":{}}},{"metadata":{"name":"promotion-productofferingcriteria-service","namespace":"oc-cd-1017-pranavd-pd","selfLink":"/api/v1/namespaces/oc-cd-1017-pranavd-pd/services/promotion-productofferingcriteria-service","uid":"a999e9ce-b721-11e8-bb86-0050569a887c","resourceVersion":"66122670","creationTimestamp":"2018-09-13T06:53:04Z","labels":{"chart":"promotion-productofferingcriteria-0.1.1-0033","expose":"true","microservice":"promotion-productofferin","monitored":"prometheus","monitoring":"prometheus","project":"promotion-productofferingcriteria","provider":"amdocs","release":"promotion-productofferingcriteria-release"},"annotations":{"fabric8.io/iconUrl":"img/icons/spring-boot.svg","kubectl.kubernetes.io/last-applied-configuration":"{\"apiVersion\":\"v1\",\"kind\":\"Service\",\"metadata\":{\"annotations\":{\"fabric8.io/iconUrl\":\"img/icons/spring-boot.svg\"},\"creationTimestamp\":null,\"labels\":{\"chart\":\"promotion-productofferingcriteria-0.1.1-0033\",\"expose\":\"true\",\"microservice\":\"promotion-productofferin\",\"monitored\":\"prometheus\",\"monitoring\":\"prometheus\",\"project\":\"promotion-productofferingcriteria\",\"provider\":\"amdocs\",\"release\":\"promotion-productofferingcriteria-release\"},\"name\":\"promotion-productofferingcriteria-service\",\"namespace\":\"oc-cd-1017-pranavd-pd\"},\"spec\":{\"externalTrafficPolicy\":\"Cluster\",\"ports\":[{\"name\":\"http\",\"port\":8080,\"protocol\":\"TCP\",\"targetPort\":8080},{\"name\":\"metrics\",\"port\":5555,\"protocol\":\"TCP\",\"targetPort\":\"metrics\"}],\"selector\":{\"microservice\":\"promotion-productofferin\",\"project\":\"promotion-productofferingcriteria\",\"provider\":\"amdocs\",\"release\":\"promotion-productofferingcriteria-release\"},\"sessionAffinity\":\"None\",\"type\":\"NodePort\"},\"status\":{\"loadBalancer\":{}}}\n"}},"spec":{"ports":[{"name":"http","protocol":"TCP","port":8080,"targetPort":8080,"nodePort":34777},{"name":"metrics","protocol":"TCP","port":5555,"targetPort":"metrics","nodePort":32563}],"selector":{"microservice":"promotion-productofferin","project":"promotion-productofferingcriteria","provider":"amdocs","release":"promotion-productofferingcriteria-release"},"clusterIP":"172.30.98.139","type":"NodePort","sessionAffinity":"None","externalTrafficPolicy":"Cluster"},"status":{"loadBalancer":{}}},{"metadata":{"name":"promotion-promotion-service","namespace":"oc-cd-1017-pranavd-pd","selfLink":"/api/v1/namespaces/oc-cd-1017-pranavd-pd/services/promotion-promotion-service","uid":"a9b1399a-b721-11e8-bb86-0050569a887c","resourceVersion":"66122678","creationTimestamp":"2018-09-13T06:53:04Z","labels":{"chart":"promotion-promotion-0.1.1-0052","expose":"true","microservice":"promotion-promotion","monitored":"prometheus","monitoring":"prometheus","project":"promotion-promotion","provider":"amdocs","release":"promotion-promotion-release"},"annotations":{"fabric8.io/iconUrl":"img/icons/spring-boot.svg","kubectl.kubernetes.io/last-applied-configuration":"{\"apiVersion\":\"v1\",\"kind\":\"Service\",\"metadata\":{\"annotations\":{\"fabric8.io/iconUrl\":\"img/icons/spring-boot.svg\"},\"creationTimestamp\":null,\"labels\":{\"chart\":\"promotion-promotion-0.1.1-0052\",\"expose\":\"true\",\"microservice\":\"promotion-promotion\",\"monitored\":\"prometheus\",\"monitoring\":\"prometheus\",\"project\":\"promotion-promotion\",\"provider\":\"amdocs\",\"release\":\"promotion-promotion-release\"},\"name\":\"promotion-promotion-service\",\"namespace\":\"oc-cd-1017-pranavd-pd\"},\"spec\":{\"externalTrafficPolicy\":\"Cluster\",\"ports\":[{\"name\":\"http\",\"port\":8080,\"protocol\":\"TCP\",\"targetPort\":8080},{\"name\":\"metrics\",\"port\":5555,\"protocol\":\"TCP\",\"targetPort\":\"metrics\"}],\"selector\":{\"microservice\":\"promotion-promotion\",\"project\":\"promotion-promotion\",\"provider\":\"amdocs\",\"release\":\"promotion-promotion-release\"},\"sessionAffinity\":\"None\",\"type\":\"NodePort\"},\"status\":{\"loadBalancer\":{}}}\n"}},"spec":{"ports":[{"name":"http","protocol":"TCP","port":8080,"targetPort":8080,"nodePort":32832},{"name":"metrics","protocol":"TCP","port":5555,"targetPort":"metrics","nodePort":32836}],"selector":{"microservice":"promotion-promotion","project":"promotion-promotion","provider":"amdocs","release":"promotion-promotion-release"},"clusterIP":"172.30.209.251","type":"NodePort","sessionAffinity":"None","externalTrafficPolicy":"Cluster"},"status":{"loadBalancer":{}}},{"metadata":{"name":"promotion-qualification-service","namespace":"oc-cd-1017-pranavd-pd","selfLink":"/api/v1/namespaces/oc-cd-1017-pranavd-pd/services/promotion-qualification-service","uid":"a9c50635-b721-11e8-bb86-0050569a887c","resourceVersion":"66122685","creationTimestamp":"2018-09-13T06:53:04Z","labels":{"chart":"promotion-qualification-0.1.1-0048","expose":"true","microservice":"promotion-qualification","monitored":"prometheus","monitoring":"prometheus","project":"promotion-qualification","provider":"amdocs","release":"promotion-qualifictn-release"},"annotations":{"fabric8.io/iconUrl":"img/icons/spring-boot.svg","kubectl.kubernetes.io/last-applied-configuration":"{\"apiVersion\":\"v1\",\"kind\":\"Service\",\"metadata\":{\"annotations\":{\"fabric8.io/iconUrl\":\"img/icons/spring-boot.svg\"},\"creationTimestamp\":null,\"labels\":{\"chart\":\"promotion-qualification-0.1.1-0048\",\"expose\":\"true\",\"microservice\":\"promotion-qualification\",\"monitored\":\"prometheus\",\"monitoring\":\"prometheus\",\"project\":\"promotion-qualification\",\"provider\":\"amdocs\",\"release\":\"promotion-qualifictn-release\"},\"name\":\"promotion-qualification-service\",\"namespace\":\"oc-cd-1017-pranavd-pd\"},\"spec\":{\"externalTrafficPolicy\":\"Cluster\",\"ports\":[{\"name\":\"http\",\"port\":8080,\"protocol\":\"TCP\",\"targetPort\":8080},{\"name\":\"metrics\",\"port\":5555,\"protocol\":\"TCP\",\"targetPort\":\"metrics\"}],\"selector\":{\"microservice\":\"promotion-qualification\",\"project\":\"promotion-qualification\",\"provider\":\"amdocs\",\"release\":\"promotion-qualifictn-release\"},\"sessionAffinity\":\"None\",\"type\":\"NodePort\"},\"status\":{\"loadBalancer\":{}}}\n"}},"spec":{"ports":[{"name":"http","protocol":"TCP","port":8080,"targetPort":8080,"nodePort":30560},{"name":"metrics","protocol":"TCP","port":5555,"targetPort":"metrics","nodePort":32168}],"selector":{"microservice":"promotion-qualification","project":"promotion-qualification","provider":"amdocs","release":"promotion-qualifictn-release"},"clusterIP":"172.30.198.162","type":"NodePort","sessionAffinity":"None","externalTrafficPolicy":"Cluster"},"status":{"loadBalancer":{}}},{"metadata":{"name":"promotion-saleschannelcriteria-service","namespace":"oc-cd-1017-pranavd-pd","selfLink":"/api/v1/namespaces/oc-cd-1017-pranavd-pd/services/promotion-saleschannelcriteria-service","uid":"a9d570c3-b721-11e8-bb86-0050569a887c","resourceVersion":"66122693","creationTimestamp":"2018-09-13T06:53:04Z","labels":{"chart":"promotion-saleschannelcriteria-0.1.1-0008","expose":"true","microservice":"promotion-saleschannelcr","project":"promotion-saleschannelcriteria","provider":"amdocs","release":"promotion-saleschannelcriteria-release"},"annotations":{"fabric8.io/iconUrl":"img/icons/spring-boot.svg","kubectl.kubernetes.io/last-applied-configuration":"{\"apiVersion\":\"v1\",\"kind\":\"Service\",\"metadata\":{\"annotations\":{\"fabric8.io/iconUrl\":\"img/icons/spring-boot.svg\"},\"creationTimestamp\":null,\"labels\":{\"chart\":\"promotion-saleschannelcriteria-0.1.1-0008\",\"expose\":\"true\",\"microservice\":\"promotion-saleschannelcr\",\"project\":\"promotion-saleschannelcriteria\",\"provider\":\"amdocs\",\"release\":\"promotion-saleschannelcriteria-release\"},\"name\":\"promotion-saleschannelcriteria-service\",\"namespace\":\"oc-cd-1017-pranavd-pd\"},\"spec\":{\"externalTrafficPolicy\":\"Cluster\",\"ports\":[{\"name\":\"http\",\"port\":8080,\"protocol\":\"TCP\",\"targetPort\":8080},{\"name\":\"metrics\",\"port\":5555,\"protocol\":\"TCP\",\"targetPort\":\"metrics\"}],\"selector\":{\"microservice\":\"promotion-saleschannelcr\",\"project\":\"promotion-saleschannelcriteria\",\"provider\":\"amdocs\",\"release\":\"promotion-saleschannelcriteria-release\"},\"sessionAffinity\":\"None\",\"type\":\"NodePort\"},\"status\":{\"loadBalancer\":{}}}\n"}},"spec":{"ports":[{"name":"http","protocol":"TCP","port":8080,"targetPort":8080,"nodePort":34306},{"name":"metrics","protocol":"TCP","port":5555,"targetPort":"metrics","nodePort":31803}],"selector":{"microservice":"promotion-saleschannelcr","project":"promotion-saleschannelcriteria","provider":"amdocs","release":"promotion-saleschannelcriteria-release"},"clusterIP":"172.30.60.80","type":"NodePort","sessionAffinity":"None","externalTrafficPolicy":"Cluster"},"status":{"loadBalancer":{}}},{"metadata":{"name":"release-management-service","namespace":"oc-cd-1017-pranavd-pd","selfLink":"/api/v1/namespaces/oc-cd-1017-pranavd-pd/services/release-management-service","uid":"a9ec4315-b721-11e8-bb86-0050569a887c","resourceVersion":"66122703","creationTimestamp":"2018-09-13T06:53:04Z","labels":{"app":"release-management-service","chart":"release-management-service-1.6.0","prometheus":"amdocs-prometheus","release":"release-management-release"},"annotations":{"kubectl.kubernetes.io/last-applied-configuration":"{\"apiVersion\":\"v1\",\"kind\":\"Service\",\"metadata\":{\"annotations\":{},\"creationTimestamp\":null,\"labels\":{\"app\":\"release-management-service\",\"chart\":\"release-management-service-1.6.0\",\"prometheus\":\"amdocs-prometheus\",\"release\":\"release-management-release\"},\"name\":\"release-management-service\",\"namespace\":\"oc-cd-1017-pranavd-pd\"},\"spec\":{\"externalTrafficPolicy\":\"Cluster\",\"ports\":[{\"name\":\"server\",\"port\":8080,\"protocol\":\"TCP\",\"targetPort\":\"server\"},{\"name\":\"management\",\"port\":8081,\"protocol\":\"TCP\",\"targetPort\":\"management\"},{\"name\":\"metrics\",\"port\":5555,\"protocol\":\"TCP\",\"targetPort\":\"metrics\"},{\"name\":\"debug\",\"port\":5005,\"protocol\":\"TCP\",\"targetPort\":\"debug\"}],\"selector\":{\"app\":\"release-management-service\",\"group\":\"com.amdocs.catalogone\",\"provider\":\"amdocs\",\"release\":\"release-management-release\"},\"sessionAffinity\":\"None\",\"type\":\"NodePort\"},\"status\":{\"loadBalancer\":{}}}\n"}},"spec":{"ports":[{"name":"server","protocol":"TCP","port":8080,"targetPort":"server","nodePort":32564},{"name":"management","protocol":"TCP","port":8081,"targetPort":"management","nodePort":30030},{"name":"metrics","protocol":"TCP","port":5555,"targetPort":"metrics","nodePort":30562},{"name":"debug","protocol":"TCP","port":5005,"targetPort":"debug","nodePort":31821}],"selector":{"app":"release-management-service","group":"com.amdocs.catalogone","provider":"amdocs","release":"release-management-release"},"clusterIP":"172.30.5.247","type":"NodePort","sessionAffinity":"None","externalTrafficPolicy":"Cluster"},"status":{"loadBalancer":{}}},{"metadata":{"name":"repo-service","namespace":"oc-cd-1017-pranavd-pd","selfLink":"/api/v1/namespaces/oc-cd-1017-pranavd-pd/services/repo-service","uid":"a9ffdcb0-b721-11e8-bb86-0050569a887c","resourceVersion":"66122713","creationTimestamp":"2018-09-13T06:53:04Z","labels":{"app":"catalog-repo-plugin-helm","chart":"catalog-repo-plugin-helm-2.0.0","heritage":"Tiller","release":"repo-service-release"},"annotations":{"kubectl.kubernetes.io/last-applied-configuration":"{\"apiVersion\":\"v1\",\"kind\":\"Service\",\"metadata\":{\"annotations\":{},\"creationTimestamp\":null,\"labels\":{\"app\":\"catalog-repo-plugin-helm\",\"chart\":\"catalog-repo-plugin-helm-2.0.0\",\"heritage\":\"Tiller\",\"release\":\"repo-service-release\"},\"name\":\"repo-service\",\"namespace\":\"oc-cd-1017-pranavd-pd\"},\"spec\":{\"externalTrafficPolicy\":\"Cluster\",\"ports\":[{\"name\":\"server\",\"port\":8080,\"protocol\":\"TCP\",\"targetPort\":8080},{\"name\":\"management\",\"port\":8081,\"protocol\":\"TCP\",\"targetPort\":8081}],\"selector\":{\"app\":\"catalog-repo-plugin-helm\",\"group\":\"com.amdocs.foundation.repo\",\"provider\":\"amdocs\",\"release\":\"repo-service-release\"},\"sessionAffinity\":\"None\",\"type\":\"NodePort\"},\"status\":{\"loadBalancer\":{}}}\n"}},"spec":{"ports":[{"name":"server","protocol":"TCP","port":8080,"targetPort":8080,"nodePort":32577},{"name":"management","protocol":"TCP","port":8081,"targetPort":8081,"nodePort":35318}],"selector":{"app":"catalog-repo-plugin-helm","group":"com.amdocs.foundation.repo","provider":"amdocs","release":"repo-service-release"},"clusterIP":"172.30.8.190","type":"NodePort","sessionAffinity":"None","externalTrafficPolicy":"Cluster"},"status":{"loadBalancer":{}}},{"metadata":{"name":"scheduler-task-service","namespace":"oc-cd-1017-pranavd-pd","selfLink":"/api/v1/namespaces/oc-cd-1017-pranavd-pd/services/scheduler-task-service","uid":"aa0d3a6b-b721-11e8-bb86-0050569a887c","resourceVersion":"66122721","creationTimestamp":"2018-09-13T06:53:04Z","labels":{"chart":"scheduler-task-0.1.1-0053","expose":"true","microservice":"scheduler-task","monitored":"prometheus","monitoring":"prometheus","project":"scheduler-task","provider":"amdocs","release":"scheduler"},"annotations":{"fabric8.io/iconUrl":"img/icons/spring-boot.svg","kubectl.kubernetes.io/last-applied-configuration":"{\"apiVersion\":\"v1\",\"kind\":\"Service\",\"metadata\":{\"annotations\":{\"fabric8.io/iconUrl\":\"img/icons/spring-boot.svg\"},\"creationTimestamp\":null,\"labels\":{\"chart\":\"scheduler-task-0.1.1-0053\",\"expose\":\"true\",\"microservice\":\"scheduler-task\",\"monitored\":\"prometheus\",\"monitoring\":\"prometheus\",\"project\":\"scheduler-task\",\"provider\":\"amdocs\",\"release\":\"scheduler\"},\"name\":\"scheduler-task-service\",\"namespace\":\"oc-cd-1017-pranavd-pd\"},\"spec\":{\"externalTrafficPolicy\":\"Cluster\",\"ports\":[{\"name\":\"http\",\"port\":8080,\"protocol\":\"TCP\",\"targetPort\":8080},{\"name\":\"metrics\",\"port\":5555,\"protocol\":\"TCP\",\"targetPort\":\"metrics\"}],\"selector\":{\"microservice\":\"scheduler-task\",\"project\":\"scheduler-task\",\"provider\":\"amdocs\",\"release\":\"scheduler\"},\"sessionAffinity\":\"None\",\"type\":\"NodePort\"},\"status\":{\"loadBalancer\":{}}}\n"}},"spec":{"ports":[{"name":"http","protocol":"TCP","port":8080,"targetPort":8080,"nodePort":31839},{"name":"metrics","protocol":"TCP","port":5555,"targetPort":"metrics","nodePort":31848}],"selector":{"microservice":"scheduler-task","project":"scheduler-task","provider":"amdocs","release":"scheduler"},"clusterIP":"172.30.79.219","type":"NodePort","sessionAffinity":"None","externalTrafficPolicy":"Cluster"},"status":{"loadBalancer":{}}},{"metadata":{"name":"shoppingcart-checkout-service","namespace":"oc-cd-1017-pranavd-pd","selfLink":"/api/v1/namespaces/oc-cd-1017-pranavd-pd/services/shoppingcart-checkout-service","uid":"aa1f884b-b721-11e8-bb86-0050569a887c","resourceVersion":"66122730","creationTimestamp":"2018-09-13T06:53:05Z","labels":{"chart":"shoppingcart-checkout-0.1.1-0025","expose":"true","microservice":"shoppingcart-checkout","monitored":"prometheus","monitoring":"prometheus","project":"shoppingcart-checkout","provider":"amdocs","release":"shoppingcart-checkout-release"},"annotations":{"fabric8.io/iconUrl":"img/icons/spring-boot.svg","kubectl.kubernetes.io/last-applied-configuration":"{\"apiVersion\":\"v1\",\"kind\":\"Service\",\"metadata\":{\"annotations\":{\"fabric8.io/iconUrl\":\"img/icons/spring-boot.svg\"},\"creationTimestamp\":null,\"labels\":{\"chart\":\"shoppingcart-checkout-0.1.1-0025\",\"expose\":\"true\",\"microservice\":\"shoppingcart-checkout\",\"monitored\":\"prometheus\",\"monitoring\":\"prometheus\",\"project\":\"shoppingcart-checkout\",\"provider\":\"amdocs\",\"release\":\"shoppingcart-checkout-release\"},\"name\":\"shoppingcart-checkout-service\",\"namespace\":\"oc-cd-1017-pranavd-pd\"},\"spec\":{\"externalTrafficPolicy\":\"Cluster\",\"ports\":[{\"name\":\"http\",\"port\":8080,\"protocol\":\"TCP\",\"targetPort\":8080},{\"name\":\"https\",\"port\":8443,\"protocol\":\"TCP\",\"targetPort\":\"https\"},{\"name\":\"metrics\",\"port\":5555,\"protocol\":\"TCP\",\"targetPort\":\"metrics\"}],\"selector\":{\"microservice\":\"shoppingcart-checkout\",\"project\":\"shoppingcart-checkout\",\"provider\":\"amdocs\",\"release\":\"shoppingcart-checkout-release\"},\"sessionAffinity\":\"None\",\"type\":\"NodePort\"},\"status\":{\"loadBalancer\":{}}}\n"}},"spec":{"ports":[{"name":"http","protocol":"TCP","port":8080,"targetPort":8080,"nodePort":35324},{"name":"https","protocol":"TCP","port":8443,"targetPort":"https","nodePort":33528},{"name":"metrics","protocol":"TCP","port":5555,"targetPort":"metrics","nodePort":32841}],"selector":{"microservice":"shoppingcart-checkout","project":"shoppingcart-checkout","provider":"amdocs","release":"shoppingcart-checkout-release"},"clusterIP":"172.30.145.116","type":"NodePort","sessionAffinity":"None","externalTrafficPolicy":"Cluster"},"status":{"loadBalancer":{}}},{"metadata":{"name":"shoppingcart-modify-service","namespace":"oc-cd-1017-pranavd-pd","selfLink":"/api/v1/namespaces/oc-cd-1017-pranavd-pd/services/shoppingcart-modify-service","uid":"aa349293-b721-11e8-bb86-0050569a887c","resourceVersion":"66122736","creationTimestamp":"2018-09-13T06:53:05Z","labels":{"chart":"shoppingcart-modify-0.1.1-0025","expose":"true","microservice":"shoppingcart-modify","monitored":"prometheus","monitoring":"prometheus","project":"shoppingcart-modify","provider":"amdocs","release":"shoppingcart-modify-release"},"annotations":{"fabric8.io/iconUrl":"img/icons/spring-boot.svg","kubectl.kubernetes.io/last-applied-configuration":"{\"apiVersion\":\"v1\",\"kind\":\"Service\",\"metadata\":{\"annotations\":{\"fabric8.io/iconUrl\":\"img/icons/spring-boot.svg\"},\"creationTimestamp\":null,\"labels\":{\"chart\":\"shoppingcart-modify-0.1.1-0025\",\"expose\":\"true\",\"microservice\":\"shoppingcart-modify\",\"monitored\":\"prometheus\",\"monitoring\":\"prometheus\",\"project\":\"shoppingcart-modify\",\"provider\":\"amdocs\",\"release\":\"shoppingcart-modify-release\"},\"name\":\"shoppingcart-modify-service\",\"namespace\":\"oc-cd-1017-pranavd-pd\"},\"spec\":{\"externalTrafficPolicy\":\"Cluster\",\"ports\":[{\"name\":\"http\",\"port\":8080,\"protocol\":\"TCP\",\"targetPort\":8080},{\"name\":\"https\",\"port\":8443,\"protocol\":\"TCP\",\"targetPort\":\"https\"},{\"name\":\"metrics\",\"port\":5555,\"protocol\":\"TCP\",\"targetPort\":\"metrics\"}],\"selector\":{\"microservice\":\"shoppingcart-modify\",\"project\":\"shoppingcart-modify\",\"provider\":\"amdocs\",\"release\":\"shoppingcart-modify-release\"},\"sessionAffinity\":\"None\",\"type\":\"NodePort\"},\"status\":{\"loadBalancer\":{}}}\n"}},"spec":{"ports":[{"name":"http","protocol":"TCP","port":8080,"targetPort":8080,"nodePort":33407},{"name":"https","protocol":"TCP","port":8443,"targetPort":"https","nodePort":31851},{"name":"metrics","protocol":"TCP","port":5555,"targetPort":"metrics","nodePort":31894}],"selector":{"microservice":"shoppingcart-modify","project":"shoppingcart-modify","provider":"amdocs","release":"shoppingcart-modify-release"},"clusterIP":"172.30.34.163","type":"NodePort","sessionAffinity":"None","externalTrafficPolicy":"Cluster"},"status":{"loadBalancer":{}}},{"metadata":{"name":"shoppingcart-price-service","namespace":"oc-cd-1017-pranavd-pd","selfLink":"/api/v1/namespaces/oc-cd-1017-pranavd-pd/services/shoppingcart-price-service","uid":"aa49629d-b721-11e8-bb86-0050569a887c","resourceVersion":"66122745","creationTimestamp":"2018-09-13T06:53:05Z","labels":{"chart":"shoppingcart-price-0.1.1-0036","expose":"true","microservice":"shoppingcart-price","monitored":"prometheus","monitoring":"prometheus","project":"shoppingcart-price","provider":"amdocs","release":"shoppingcart-price-release"},"annotations":{"fabric8.io/iconUrl":"img/icons/spring-boot.svg","kubectl.kubernetes.io/last-applied-configuration":"{\"apiVersion\":\"v1\",\"kind\":\"Service\",\"metadata\":{\"annotations\":{\"fabric8.io/iconUrl\":\"img/icons/spring-boot.svg\"},\"creationTimestamp\":null,\"labels\":{\"chart\":\"shoppingcart-price-0.1.1-0036\",\"expose\":\"true\",\"microservice\":\"shoppingcart-price\",\"monitored\":\"prometheus\",\"monitoring\":\"prometheus\",\"project\":\"shoppingcart-price\",\"provider\":\"amdocs\",\"release\":\"shoppingcart-price-release\"},\"name\":\"shoppingcart-price-service\",\"namespace\":\"oc-cd-1017-pranavd-pd\"},\"spec\":{\"externalTrafficPolicy\":\"Cluster\",\"ports\":[{\"name\":\"http\",\"port\":8080,\"protocol\":\"TCP\",\"targetPort\":8080},{\"name\":\"https\",\"port\":8443,\"protocol\":\"TCP\",\"targetPort\":\"https\"},{\"name\":\"metrics\",\"port\":5555,\"protocol\":\"TCP\",\"targetPort\":\"metrics\"}],\"selector\":{\"microservice\":\"shoppingcart-price\",\"project\":\"shoppingcart-price\",\"provider\":\"amdocs\",\"release\":\"shoppingcart-price-release\"},\"sessionAffinity\":\"None\",\"type\":\"NodePort\"},\"status\":{\"loadBalancer\":{}}}\n"}},"spec":{"ports":[{"name":"http","protocol":"TCP","port":8080,"targetPort":8080,"nodePort":34227},{"name":"https","protocol":"TCP","port":8443,"targetPort":"https","nodePort":32116},{"name":"metrics","protocol":"TCP","port":5555,"targetPort":"metrics","nodePort":32130}],"selector":{"microservice":"shoppingcart-price","project":"shoppingcart-price","provider":"amdocs","release":"shoppingcart-price-release"},"clusterIP":"172.30.214.100","type":"NodePort","sessionAffinity":"None","externalTrafficPolicy":"Cluster"},"status":{"loadBalancer":{}}},{"metadata":{"name":"shoppingcart-shoppingcart-service","namespace":"oc-cd-1017-pranavd-pd","selfLink":"/api/v1/namespaces/oc-cd-1017-pranavd-pd/services/shoppingcart-shoppingcart-service","uid":"aa57a6f5-b721-11e8-bb86-0050569a887c","resourceVersion":"66122755","creationTimestamp":"2018-09-13T06:53:05Z","labels":{"chart":"shoppingcart-shoppingcart-0.1.1-0074","expose":"true","microservice":"shoppingcart-shoppingcar","monitored":"prometheus","monitoring":"prometheus","project":"shoppingcart-shoppingcart","provider":"amdocs","release":"shoppingcart-shoppingcart-release"},"annotations":{"fabric8.io/iconUrl":"img/icons/spring-boot.svg","kubectl.kubernetes.io/last-applied-configuration":"{\"apiVersion\":\"v1\",\"kind\":\"Service\",\"metadata\":{\"annotations\":{\"fabric8.io/iconUrl\":\"img/icons/spring-boot.svg\"},\"creationTimestamp\":null,\"labels\":{\"chart\":\"shoppingcart-shoppingcart-0.1.1-0074\",\"expose\":\"true\",\"microservice\":\"shoppingcart-shoppingcar\",\"monitored\":\"prometheus\",\"monitoring\":\"prometheus\",\"project\":\"shoppingcart-shoppingcart\",\"provider\":\"amdocs\",\"release\":\"shoppingcart-shoppingcart-release\"},\"name\":\"shoppingcart-shoppingcart-service\",\"namespace\":\"oc-cd-1017-pranavd-pd\"},\"spec\":{\"externalTrafficPolicy\":\"Cluster\",\"ports\":[{\"name\":\"http\",\"port\":8080,\"protocol\":\"TCP\",\"targetPort\":8080},{\"name\":\"https\",\"port\":8443,\"protocol\":\"TCP\",\"targetPort\":\"https\"},{\"name\":\"metrics\",\"port\":5555,\"protocol\":\"TCP\",\"targetPort\":\"metrics\"}],\"selector\":{\"microservice\":\"shoppingcart-shoppingcar\",\"project\":\"shoppingcart-shoppingcart\",\"provider\":\"amdocs\",\"release\":\"shoppingcart-shoppingcart-release\"},\"sessionAffinity\":\"None\",\"type\":\"NodePort\"},\"status\":{\"loadBalancer\":{}}}\n"}},"spec":{"ports":[{"name":"http","protocol":"TCP","port":8080,"targetPort":8080,"nodePort":32180},{"name":"https","protocol":"TCP","port":8443,"targetPort":"https","nodePort":32198},{"name":"metrics","protocol":"TCP","port":5555,"targetPort":"metrics","nodePort":33272}],"selector":{"microservice":"shoppingcart-shoppingcar","project":"shoppingcart-shoppingcart","provider":"amdocs","release":"shoppingcart-shoppingcart-release"},"clusterIP":"172.30.39.70","type":"NodePort","sessionAffinity":"None","externalTrafficPolicy":"Cluster"},"status":{"loadBalancer":{}}},{"metadata":{"name":"shoppingcart-validate-service","namespace":"oc-cd-1017-pranavd-pd","selfLink":"/api/v1/namespaces/oc-cd-1017-pranavd-pd/services/shoppingcart-validate-service","uid":"aa67bed3-b721-11e8-bb86-0050569a887c","resourceVersion":"66122762","creationTimestamp":"2018-09-13T06:53:05Z","labels":{"chart":"shoppingcart-validate-0.1.1-0029","expose":"true","microservice":"shoppingcart-validate","monitored":"prometheus","monitoring":"prometheus","project":"shoppingcart-validate","provider":"amdocs","release":"shoppingcart-validate-release"},"annotations":{"fabric8.io/iconUrl":"img/icons/spring-boot.svg","kubectl.kubernetes.io/last-applied-configuration":"{\"apiVersion\":\"v1\",\"kind\":\"Service\",\"metadata\":{\"annotations\":{\"fabric8.io/iconUrl\":\"img/icons/spring-boot.svg\"},\"creationTimestamp\":null,\"labels\":{\"chart\":\"shoppingcart-validate-0.1.1-0029\",\"expose\":\"true\",\"microservice\":\"shoppingcart-validate\",\"monitored\":\"prometheus\",\"monitoring\":\"prometheus\",\"project\":\"shoppingcart-validate\",\"provider\":\"amdocs\",\"release\":\"shoppingcart-validate-release\"},\"name\":\"shoppingcart-validate-service\",\"namespace\":\"oc-cd-1017-pranavd-pd\"},\"spec\":{\"externalTrafficPolicy\":\"Cluster\",\"ports\":[{\"name\":\"http\",\"port\":8080,\"protocol\":\"TCP\",\"targetPort\":8080},{\"name\":\"https\",\"port\":8443,\"protocol\":\"TCP\",\"targetPort\":\"https\"},{\"name\":\"metrics\",\"port\":5555,\"protocol\":\"TCP\",\"targetPort\":\"metrics\"}],\"selector\":{\"microservice\":\"shoppingcart-validate\",\"project\":\"shoppingcart-validate\",\"provider\":\"amdocs\",\"release\":\"shoppingcart-validate-release\"},\"sessionAffinity\":\"None\",\"type\":\"NodePort\"},\"status\":{\"loadBalancer\":{}}}\n"}},"spec":{"ports":[{"name":"http","protocol":"TCP","port":8080,"targetPort":8080,"nodePort":32200},{"name":"https","protocol":"TCP","port":8443,"targetPort":"https","nodePort":33334},{"name":"metrics","protocol":"TCP","port":5555,"targetPort":"metrics","nodePort":33040}],"selector":{"microservice":"shoppingcart-validate","project":"shoppingcart-validate","provider":"amdocs","release":"shoppingcart-validate-release"},"clusterIP":"172.30.135.231","type":"NodePort","sessionAffinity":"None","externalTrafficPolicy":"Cluster"},"status":{"loadBalancer":{}}},{"metadata":{"name":"stock-productstock-service","namespace":"oc-cd-1017-pranavd-pd","selfLink":"/api/v1/namespaces/oc-cd-1017-pranavd-pd/services/stock-productstock-service","uid":"aa773748-b721-11e8-bb86-0050569a887c","resourceVersion":"66122767","creationTimestamp":"2018-09-13T06:53:05Z","labels":{"chart":"stock-productstock-0.1.0-0059","expose":"true","microservice":"stock-productstock","project":"stock-productstock","provider":"amdocs","release":"stock-productstock-release"},"annotations":{"fabric8.io/iconUrl":"img/icons/spring-boot.svg","kubectl.kubernetes.io/last-applied-configuration":"{\"apiVersion\":\"v1\",\"kind\":\"Service\",\"metadata\":{\"annotations\":{\"fabric8.io/iconUrl\":\"img/icons/spring-boot.svg\"},\"creationTimestamp\":null,\"labels\":{\"chart\":\"stock-productstock-0.1.0-0059\",\"expose\":\"true\",\"microservice\":\"stock-productstock\",\"project\":\"stock-productstock\",\"provider\":\"amdocs\",\"release\":\"stock-productstock-release\"},\"name\":\"stock-productstock-service\",\"namespace\":\"oc-cd-1017-pranavd-pd\"},\"spec\":{\"externalTrafficPolicy\":\"Cluster\",\"ports\":[{\"name\":\"http\",\"port\":8080,\"protocol\":\"TCP\",\"targetPort\":8080},{\"name\":\"metrics\",\"port\":5555,\"protocol\":\"TCP\",\"targetPort\":\"metrics\"}],\"selector\":{\"microservice\":\"stock-productstock\",\"project\":\"stock-productstock\",\"provider\":\"amdocs\",\"release\":\"stock-productstock-release\"},\"sessionAffinity\":\"None\",\"type\":\"NodePort\"},\"status\":{\"loadBalancer\":{}}}\n"}},"spec":{"ports":[{"name":"http","protocol":"TCP","port":8080,"targetPort":8080,"nodePort":33497},{"name":"metrics","protocol":"TCP","port":5555,"targetPort":"metrics","nodePort":33289}],"selector":{"microservice":"stock-productstock","project":"stock-productstock","provider":"amdocs","release":"stock-productstock-release"},"clusterIP":"172.30.199.138","type":"NodePort","sessionAffinity":"None","externalTrafficPolicy":"Cluster"},"status":{"loadBalancer":{}}},{"metadata":{"name":"stock-productstockbridge-service","namespace":"oc-cd-1017-pranavd-pd","selfLink":"/api/v1/namespaces/oc-cd-1017-pranavd-pd/services/stock-productstockbridge-service","uid":"aa89bc50-b721-11e8-bb86-0050569a887c","resourceVersion":"66122775","creationTimestamp":"2018-09-13T06:53:05Z","labels":{"chart":"stock-productstockbridge-0.1.0-0049","expose":"true","microservice":"stock-productstockbridge","project":"stock-productstockbridge","provider":"amdocs","release":"stock-productstockbridge-release"},"annotations":{"fabric8.io/iconUrl":"img/icons/spring-boot.svg","kubectl.kubernetes.io/last-applied-configuration":"{\"apiVersion\":\"v1\",\"kind\":\"Service\",\"metadata\":{\"annotations\":{\"fabric8.io/iconUrl\":\"img/icons/spring-boot.svg\"},\"creationTimestamp\":null,\"labels\":{\"chart\":\"stock-productstockbridge-0.1.0-0049\",\"expose\":\"true\",\"microservice\":\"stock-productstockbridge\",\"project\":\"stock-productstockbridge\",\"provider\":\"amdocs\",\"release\":\"stock-productstockbridge-release\"},\"name\":\"stock-productstockbridge-service\",\"namespace\":\"oc-cd-1017-pranavd-pd\"},\"spec\":{\"externalTrafficPolicy\":\"Cluster\",\"ports\":[{\"name\":\"http\",\"port\":8080,\"protocol\":\"TCP\",\"targetPort\":8080},{\"name\":\"metrics\",\"port\":5555,\"protocol\":\"TCP\",\"targetPort\":\"metrics\"}],\"selector\":{\"microservice\":\"stock-productstockbridge\",\"project\":\"stock-productstockbridge\",\"provider\":\"amdocs\",\"release\":\"stock-productstockbridge-release\"},\"sessionAffinity\":\"None\",\"type\":\"NodePort\"},\"status\":{\"loadBalancer\":{}}}\n"}},"spec":{"ports":[{"name":"http","protocol":"TCP","port":8080,"targetPort":8080,"nodePort":32860},{"name":"metrics","protocol":"TCP","port":5555,"targetPort":"metrics","nodePort":32233}],"selector":{"microservice":"stock-productstockbridge","project":"stock-productstockbridge","provider":"amdocs","release":"stock-productstockbridge-release"},"clusterIP":"172.30.224.37","type":"NodePort","sessionAffinity":"None","externalTrafficPolicy":"Cluster"},"status":{"loadBalancer":{}}},{"metadata":{"name":"zookeeper-service","namespace":"oc-cd-1017-pranavd-pd","selfLink":"/api/v1/namespaces/oc-cd-1017-pranavd-pd/services/zookeeper-service","uid":"9dbca0b3-b721-11e8-bb86-0050569a887c","resourceVersion":"66120868","creationTimestamp":"2018-09-13T06:52:44Z","labels":{"projectexportable":"No"},"annotations":{"kubectl.kubernetes.io/last-applied-configuration":"{\"apiVersion\":\"v1\",\"kind\":\"Service\",\"metadata\":{\"annotations\":{},\"labels\":{\"projectexportable\":\"No\"},\"name\":\"zookeeper-service\",\"namespace\":\"oc-cd-1017-pranavd-pd\"},\"spec\":{\"ports\":[{\"name\":\"zookeeper-port\",\"nodePort\":0,\"port\":2181,\"protocol\":\"TCP\",\"targetPort\":2181}],\"selector\":{}}}\n"}},"spec":{"ports":[{"name":"zookeeper-port","protocol":"TCP","port":2181,"targetPort":2181}],"clusterIP":"172.30.99.172","type":"ClusterIP","sessionAffinity":"None"},"status":{"loadBalancer":{}}}]}
]]>
            </line>
            <line>
              <![CDATA[</div>]]>
            </line>
            <line>
              <![CDATA[</div>]]>
            </line>
            <line>
              <![CDATA[</div>]]>
            </line>
            <line>
              <![CDATA[</div>]]>
            </line>
            <line>
              <![CDATA[</td>]]>
            </line>
            <line>
              <![CDATA[</tr>]]>
            </line>
            <line>
              <![CDATA[<tr class="table-success"><td colspan="2">Response status: expected=200 actual=200; Value: true</td></tr>]]>
            </line>
            <line>
              <![CDATA[<tr class="table-info"><td class="text-dark font-weight-bold">Request Type </td><td class="" >GET</td></tr>]]>
            </line>
            <line>
              <![CDATA[<tr><td class="text-dark font-weight-bold">URI </td><td class="" > https://ilocpde01-master.corp.amdocs.com:8443/api/v1/namespaces/oc-cd-1017-pranavd-pd/pods </td></tr>]]>
            </line>
            <line>
              <![CDATA[<tr><td class="text-dark font-weight-bold" colspan="2">Headers : </td></tr>]]>
            </line>
            <line>
              <![CDATA[<tr>]]>
            </line>
            <line>
              <![CDATA[<td class="text-dark font-weight-bold" >Authorization :</td>]]>
            </line>
            <line>
              <![CDATA[<td class="" >]]>
            </line>
            <line>
              <![CDATA[<a href="" class="alert-link" data-toggle="modal" data-target="#rest_assured_logger_modal_value_67">Show</a>]]>
            </line>
            <line>
              <![CDATA[<div class="modal fade"  id="rest_assured_logger_modal_value_67" tabindex="-1" role="dialog">]]>
            </line>
            <line>
              <![CDATA[<div class="modal-dialog" role="document">]]>
            </line>
            <line>
              <![CDATA[<div class="modal-content">]]>
            </line>
            <line>
              <![CDATA[<div class="modal-header text-white bg-info">]]>
            </line>
            <line>
              <![CDATA[<h5 class="modal-title" id="title1">Authorization</h5>]]>
            </line>
            <line>
              <![CDATA[<span class="h6 text-light ml-2 mt-2">(click on the Text to copy)</span>]]>
            </line>
            <line>
              <![CDATA[<button type="button" class="close" data-dismiss="modal" aria-label="Close">]]>
            </line>
            <line>
              <![CDATA[<span aria-hidden="true">&times;</span>]]>
            </line>
            <line>
              <![CDATA[</button>]]>
            </line>
            <line>
              <![CDATA[</div>]]>
            </line>
            <line>
              <![CDATA[<div onClick="copyMePlease(this)" class="modal-body">]]>
            </line>
            <line>
              <![CDATA[Bearer eyJhbGciOiJSUzI1NiIsInR5cCI6IkpXVCJ9.eyJpc3MiOiJrdWJlcm5ldGVzL3NlcnZpY2VhY2NvdW50Iiwia3ViZXJuZXRlcy5pby9zZXJ2aWNlYWNjb3VudC9uYW1lc3BhY2UiOiJvYy1jZC0xMDE3LXByYW5hdmQtcGQiLCJrdWJlcm5ldGVzLmlvL3NlcnZpY2VhY2NvdW50L3NlY3JldC5uYW1lIjoiZml0LXNhLXRva2VuLTRsdzZtIiwia3ViZXJuZXRlcy5pby9zZXJ2aWNlYWNjb3VudC9zZXJ2aWNlLWFjY291bnQubmFtZSI6ImZpdC1zYSIsImt1YmVybmV0ZXMuaW8vc2VydmljZWFjY291bnQvc2VydmljZS1hY2NvdW50LnVpZCI6IjljYzViYmMxLWI3MjEtMTFlOC1iYjg2LTAwNTA1NjlhODg3YyIsInN1YiI6InN5c3RlbTpzZXJ2aWNlYWNjb3VudDpvYy1jZC0xMDE3LXByYW5hdmQtcGQ6Zml0LXNhIn0.KMmKTeThNBXz_F_aqQoUpcSw1eXkrR4xr7tITRdfs2IDTLfXzxGfYk9fOni2zyhlVH7lx9mB94bVkI2zWqa7cjR9z1DEW7OxPFq1XQ11yspYFG3tOi0NdNeaD66XB9TIbGEwbQYl92ZDsy5y3eD5echit18B52IMq8nvaNvTNXESzdGqsxtBMnNpUhtYUZy5xgasoKUwTR34rg91XgeZagjVsH2FJ8R7gIB9fXg8-IR4ZatJitxo40caTeHkGUvjI5aGADQCzytee87Yq6fAeXRb9sZcFUFmJkqf7OLl1FQkH41UG3zjfqtc00mNCzpXEVVbuqiw4ghZYNnh1tPJQA]]>
            </line>
            <line>
              <![CDATA[</div>]]>
            </line>
            <line>
              <![CDATA[</div>]]>
            </line>
            <line>
              <![CDATA[</div>]]>
            </line>
            <line>
              <![CDATA[</div>]]>
            </line>
            <line>
              <![CDATA[</td>]]>
            </line>
            <line>
              <![CDATA[</tr>]]>
            </line>
            <line>
              <![CDATA[<tr>]]>
            </line>
            <line>
              <![CDATA[<td class="text-dark font-weight-bold" >Payload :</td>]]>
            </line>
            <line>
              <![CDATA[<td class="" >]]>
            </line>
            <line>
              <![CDATA[<a href="" class="alert-link" data-toggle="modal" data-target="#rest_assured_logger_modal_value_68">Show</a>]]>
            </line>
            <line>
              <![CDATA[<div class="modal fade"  id="rest_assured_logger_modal_value_68" tabindex="-1" role="dialog">]]>
            </line>
            <line>
              <![CDATA[<div class="modal-dialog" role="document">]]>
            </line>
            <line>
              <![CDATA[<div class="modal-content">]]>
            </line>
            <line>
              <![CDATA[<div class="modal-header text-white bg-info">]]>
            </line>
            <line>
              <![CDATA[<h5 class="modal-title" id="title1">Payload</h5>]]>
            </line>
            <line>
              <![CDATA[<span class="h6 text-light ml-2 mt-2">(click on the Text to copy)</span>]]>
            </line>
            <line>
              <![CDATA[<button type="button" class="close" data-dismiss="modal" aria-label="Close">]]>
            </line>
            <line>
              <![CDATA[<span aria-hidden="true">&times;</span>]]>
            </line>
            <line>
              <![CDATA[</button>]]>
            </line>
            <line>
              <![CDATA[</div>]]>
            </line>
            <line>
              <![CDATA[<div onClick="copyMePlease(this)" class="modal-body">]]>
            </line>
            <line>
              <![CDATA[None]]>
            </line>
            <line>
              <![CDATA[</div>]]>
            </line>
            <line>
              <![CDATA[</div>]]>
            </line>
            <line>
              <![CDATA[</div>]]>
            </line>
            <line>
              <![CDATA[</div>]]>
            </line>
            <line>
              <![CDATA[</td>]]>
            </line>
            <line>
              <![CDATA[</tr>]]>
            </line>
            <line>
              <![CDATA[<tr>]]>
            </line>
            <line>
              <![CDATA[<td class="text-dark font-weight-bold" >Response Header :</td>]]>
            </line>
            <line>
              <![CDATA[<td class="" >]]>
            </line>
            <line>
              <![CDATA[<a href="" class="alert-link" data-toggle="modal" data-target="#modal_value_23">Show</a>]]>
            </line>
            <line>
              <![CDATA[<div class="modal fade"  id="modal_value_23" tabindex="-1" role="dialog">]]>
            </line>
            <line>
              <![CDATA[<div class="modal-dialog" role="document">]]>
            </line>
            <line>
              <![CDATA[<div class="modal-content">]]>
            </line>
            <line>
              <![CDATA[<div class="modal-header text-white bg-info">]]>
            </line>
            <line>
              <![CDATA[<h5 class="modal-title" id="title1">Response Header</h5>]]>
            </line>
            <line>
              <![CDATA[<span class="h6 text-light ml-2 mt-2">(click on the Text to copy)</span>]]>
            </line>
            <line>
              <![CDATA[<button type="button" class="close" data-dismiss="modal" aria-label="Close">]]>
            </line>
            <line>
              <![CDATA[<span aria-hidden="true">&times;</span>]]>
            </line>
            <line>
              <![CDATA[</button>]]>
            </line>
            <line>
              <![CDATA[</div>]]>
            </line>
            <line>
              <![CDATA[<div onClick="copyMePlease(this)" class="modal-body">]]>
            </line>
            <line>
              <![CDATA[Cache-Control=no-store
	Content-Type=application/json
	Date=Tue, 18 Sep 2018 09:40:56 GMT
	Transfer-Encoding=chunked]]>
            </line>
            <line>
              <![CDATA[</div>]]>
            </line>
            <line>
              <![CDATA[</div>]]>
            </line>
            <line>
              <![CDATA[</div>]]>
            </line>
            <line>
              <![CDATA[</div>]]>
            </line>
            <line>
              <![CDATA[</td>]]>
            </line>
            <line>
              <![CDATA[</tr>]]>
            </line>
            <line>
              <![CDATA[<tr>]]>
            </line>
            <line>
              <![CDATA[<td class="text-dark font-weight-bold" >Response :</td>]]>
            </line>
            <line>
              <![CDATA[<td class="" >]]>
            </line>
            <line>
              <![CDATA[<a href="" class="alert-link" data-toggle="modal" data-target="#rest_assured_logger_modal_value_69">Show</a>]]>
            </line>
            <line>
              <![CDATA[<div class="modal fade"  id="rest_assured_logger_modal_value_69" tabindex="-1" role="dialog">]]>
            </line>
            <line>
              <![CDATA[<div class="modal-dialog" role="document">]]>
            </line>
            <line>
              <![CDATA[<div class="modal-content">]]>
            </line>
            <line>
              <![CDATA[<div class="modal-header text-white bg-info">]]>
            </line>
            <line>
              <![CDATA[<h5 class="modal-title" id="title1">Response</h5>]]>
            </line>
            <line>
              <![CDATA[<span class="h6 text-light ml-2 mt-2">(click on the Text to copy)</span>]]>
            </line>
            <line>
              <![CDATA[<button type="button" class="close" data-dismiss="modal" aria-label="Close">]]>
            </line>
            <line>
              <![CDATA[<span aria-hidden="true">&times;</span>]]>
            </line>
            <line>
              <![CDATA[</button>]]>
            </line>
            <line>
              <![CDATA[</div>]]>
            </line>
            <line>
              <![CDATA[<div onClick="copyMePlease(this)" class="modal-body">]]>
            </line>
            <line>
              <![CDATA[{"kind":"PodList","apiVersion":"v1","metadata":{"selfLink":"/api/v1/namespaces/oc-cd-1017-pranavd-pd/pods","resourceVersion":"69531679"},"items":[{"metadata":{"name":"authoring-command-service-79ddf967b7-p9p99","generateName":"authoring-command-service-79ddf967b7-","namespace":"oc-cd-1017-pranavd-pd","selfLink":"/api/v1/namespaces/oc-cd-1017-pranavd-pd/pods/authoring-command-service-79ddf967b7-p9p99","uid":"a09529e3-b721-11e8-bb86-0050569a887c","resourceVersion":"66126477","creationTimestamp":"2018-09-13T06:52:49Z","labels":{"app":"authoring-command-service","group":"com.amdocs.catalogone","pod-template-hash":"3588952363","prometheus":"amdocs-prometheus","release":"authoring-release"},"annotations":{"openshift.io/scc":"anyuid-no-ps"},"ownerReferences":[{"apiVersion":"extensions/v1beta1","kind":"ReplicaSet","name":"authoring-command-service-79ddf967b7","uid":"a08d6aaa-b721-11e8-bb86-0050569a887c","controller":true,"blockOwnerDeletion":true}]},"spec":{"volumes":[{"name":"auth-configmap","configMap":{"name":"authoring-command-service-configmap","items":[{"key":"application.yml","path":"application.yml"}],"defaultMode":420}},{"name":"default-token-vdgk4","secret":{"secretName":"default-token-vdgk4","defaultMode":420}}],"containers":[{"name":"authoring-command-service","image":"illin5225.corp.amdocs.com:5002/authoring-command-service:2.5.2","ports":[{"name":"server","containerPort":8080,"protocol":"TCP"},{"name":"management","containerPort":8081,"protocol":"TCP"},{"name":"metrics","containerPort":5555,"protocol":"TCP"},{"name":"debug","containerPort":5005,"protocol":"TCP"}],"env":[{"name":"MSNEXT_JAVA_OPTS","value":"-XX:+UnlockExperimentalVMOptions -XX:+UseCGroupMemoryLimitForHeap -XX:InitialRAMFraction=4 -XX:MaxRAMFraction=2 -XX:+PrintFlagsFinal"},{"name":"ENABLE_ZIPKIN","value":"false"},{"name":"MSNEXT_CONF_SOURCE_APP1","value":"/deployments/config/applications/auth"},{"name":"ENABLE_CONSUMER","value":"true"},{"name":"BR_MS_HOST","value":"business-request-service:8080"},{"name":"BR_MS_PROTOCOL","value":"http"},{"name":"BUSINESS_MS_HOST","value":"business-parameter-service:8080"},{"name":"BUSINESS_MS_PROTOCOL","value":"http"},{"name":"ES_MS_HOST","value":"entity-search"},{"name":"PRICING_POLICY_MS_HOST","value":"tech-authoring-command-service:8080"},{"name":"PRICING_POLICY_MS_PROTOCOL","value":"http"},{"name":"BUSINESS_VALIDATION_MS_HOST","value":"business-validation-service:8080"},{"name":"BUSINESS_VALIDATION_MS_PROTOCOL","value":"http"},{"name":"JAVA_ENABLE_DEBUG","value":"false"}],"resources":{"limits":{"cpu":"1","memory":"1Gi"},"requests":{"cpu":"200m","memory":"500Mi"}},"volumeMounts":[{"name":"auth-configmap","mountPath":"/deployments/config/applications/auth"},{"name":"default-token-vdgk4","readOnly":true,"mountPath":"/var/run/secrets/kubernetes.io/serviceaccount"}],"livenessProbe":{"httpGet":{"path":"/health","port":8081,"scheme":"HTTP"},"initialDelaySeconds":450,"timeoutSeconds":1,"periodSeconds":10,"successThreshold":1,"failureThreshold":3},"readinessProbe":{"httpGet":{"path":"/health","port":8081,"scheme":"HTTP"},"initialDelaySeconds":180,"timeoutSeconds":1,"periodSeconds":10,"successThreshold":1,"failureThreshold":3},"terminationMessagePath":"/dev/termination-log","terminationMessagePolicy":"File","imagePullPolicy":"IfNotPresent","securityContext":{"capabilities":{"drop":["MKNOD"]}}}],"restartPolicy":"Always","terminationGracePeriodSeconds":30,"dnsPolicy":"ClusterFirst","nodeSelector":{"region":"work"},"serviceAccountName":"default","serviceAccount":"default","nodeName":"ilocpde01w02.corp.amdocs.com","securityContext":{"seLinuxOptions":{"level":"s0:c82,c59"}},"imagePullSecrets":[{"name":"authoring-command-service-pull-secret"}],"schedulerName":"default-scheduler","tolerations":[{"key":"node.kubernetes.io/memory-pressure","operator":"Exists","effect":"NoSchedule"}]},"status":{"phase":"Running","conditions":[{"type":"Initialized","status":"True","lastProbeTime":null,"lastTransitionTime":"2018-09-13T06:52:49Z"},{"type":"Ready","status":"True","lastProbeTime":null,"lastTransitionTime":"2018-09-13T06:56:31Z"},{"type":"PodScheduled","status":"True","lastProbeTime":null,"lastTransitionTime":"2018-09-13T06:52:49Z"}],"hostIP":"10.245.250.21","podIP":"10.128.12.142","startTime":"2018-09-13T06:52:49Z","containerStatuses":[{"name":"authoring-command-service","state":{"running":{"startedAt":"2018-09-13T06:53:23Z"}},"lastState":{},"ready":true,"restartCount":0,"image":"illin5225.corp.amdocs.com:5002/authoring-command-service:2.5.0","imageID":"docker-pullable://illin5225.corp.amdocs.com:5002/authoring-command-service@sha256:4ebe57cf4462200115808f2f3e65b585ce69deafc9c527f1bb28b70db8700fa6","containerID":"docker://d95bbe64553f9e715658aaa2154750730fb73794b06d996c32fa912facefc56e"}],"qosClass":"Burstable"}},{"metadata":{"name":"business-request-service-7489476b9c-kjxz8","generateName":"business-request-service-7489476b9c-","namespace":"oc-cd-1017-pranavd-pd","selfLink":"/api/v1/namespaces/oc-cd-1017-pranavd-pd/pods/business-request-service-7489476b9c-kjxz8","uid":"a0a0ef8a-b721-11e8-bb86-0050569a887c","resourceVersion":"66126380","creationTimestamp":"2018-09-13T06:52:49Z","labels":{"app":"business-request-service","group":"com.amdocs.catalogone","pod-template-hash":"3045032657","prometheus":"amdocs-prometheus","provider":"amdocs","release":"business-request-release"},"annotations":{"openshift.io/scc":"anyuid-no-ps"},"ownerReferences":[{"apiVersion":"extensions/v1beta1","kind":"ReplicaSet","name":"business-request-service-7489476b9c","uid":"a094ee5a-b721-11e8-bb86-0050569a887c","controller":true,"blockOwnerDeletion":true}]},"spec":{"volumes":[{"name":"business-request-configmap","configMap":{"name":"business-request-configmap","items":[{"key":"application.yml","path":"application.yml"}],"defaultMode":420}},{"name":"default-token-vdgk4","secret":{"secretName":"default-token-vdgk4","defaultMode":420}}],"containers":[{"name":"business-request-service","image":"illin5225.corp.amdocs.com:5002/business-request-service:1.6.0","ports":[{"name":"server","containerPort":8080,"protocol":"TCP"},{"name":"management","containerPort":8081,"protocol":"TCP"},{"name":"metrics","containerPort":5555,"protocol":"TCP"},{"name":"debug","containerPort":5005,"protocol":"TCP"}],"env":[{"name":"MSNEXT_JAVA_OPTS","value":"-XX:+UnlockExperimentalVMOptions -XX:+UseCGroupMemoryLimitForHeap -XX:InitialRAMFraction=4 -XX:MaxRAMFraction=2 -XX:+PrintFlagsFinal"},{"name":"COUCHBASE_HOST","value":"catalog1-couchbase-service"},{"name":"ENABLE_ZIPKIN","value":"false"},{"name":"MSNEXT_CONF_SOURCE_APP1","value":"/deployments/config/applications/businessRequest"},{"name":"CONSUME_EVENTS","value":"true"},{"name":"REPO_MS_HOST","value":"repo-service:8080"},{"name":"REPO_MS_PROTOCOL","value":"http"},{"name":"BUSINESS_VALIDATION_MS_HOST","value":"business-validation-service:8080"},{"name":"BUSINESS_VALIDATION_MS_PROTOCOL","value":"http"},{"name":"REPOSITORY_NAME","value":"CatalogOne"},{"name":"REPOSITORY_WORKSTREAM","value":"production"},{"name":"NUMBER_OF_ENTITIES_PER_EVENT","value":"200"},{"name":"JAVA_ENABLE_DEBUG","value":"false"}],"resources":{"limits":{"cpu":"1","memory":"1536Mi"},"requests":{"cpu":"200m","memory":"500Mi"}},"volumeMounts":[{"name":"business-request-configmap","mountPath":"/deployments/config/applications/businessRequest"},{"name":"default-token-vdgk4","readOnly":true,"mountPath":"/var/run/secrets/kubernetes.io/serviceaccount"}],"livenessProbe":{"httpGet":{"path":"/health","port":8081,"scheme":"HTTP"},"initialDelaySeconds":450,"timeoutSeconds":1,"periodSeconds":10,"successThreshold":1,"failureThreshold":3},"readinessProbe":{"httpGet":{"path":"/health","port":8081,"scheme":"HTTP"},"initialDelaySeconds":180,"timeoutSeconds":1,"periodSeconds":10,"successThreshold":1,"failureThreshold":3},"terminationMessagePath":"/dev/termination-log","terminationMessagePolicy":"File","imagePullPolicy":"IfNotPresent","securityContext":{"capabilities":{"drop":["MKNOD"]}}}],"restartPolicy":"Always","terminationGracePeriodSeconds":30,"dnsPolicy":"ClusterFirst","nodeSelector":{"region":"work"},"serviceAccountName":"default","serviceAccount":"default","nodeName":"ilocpde01w35.corp.amdocs.com","securityContext":{"seLinuxOptions":{"level":"s0:c82,c59"}},"imagePullSecrets":[{"name":"business-request-pull-secret"}],"schedulerName":"default-scheduler","tolerations":[{"key":"node.kubernetes.io/memory-pressure","operator":"Exists","effect":"NoSchedule"}]},"status":{"phase":"Running","conditions":[{"type":"Initialized","status":"True","lastProbeTime":null,"lastTransitionTime":"2018-09-13T06:52:49Z"},{"type":"Ready","status":"True","lastProbeTime":null,"lastTransitionTime":"2018-09-13T06:56:27Z"},{"type":"PodScheduled","status":"True","lastProbeTime":null,"lastTransitionTime":"2018-09-13T06:52:49Z"}],"hostIP":"10.245.251.176","podIP":"10.128.81.235","startTime":"2018-09-13T06:52:49Z","containerStatuses":[{"name":"business-request-service","state":{"running":{"startedAt":"2018-09-13T06:53:24Z"}},"lastState":{},"ready":true,"restartCount":0,"image":"illin5225.corp.amdocs.com:5002/business-request-service:1.6.0","imageID":"docker-pullable://illin5225.corp.amdocs.com:5002/business-request-service@sha256:e222ffb5f95b2d5f23953cb3f5d6db308616b0bff99e1238970247bff7fbc205","containerID":"docker://ff2afe874bf8167d282454c82fbc93370add99c6bc34ed6a2d769fa3e9e16f7f"}],"qosClass":"Burstable"}},{"metadata":{"name":"business-validation-service-8c8884d65-9ghgb","generateName":"business-validation-service-8c8884d65-","namespace":"oc-cd-1017-pranavd-pd","selfLink":"/api/v1/namespaces/oc-cd-1017-pranavd-pd/pods/business-validation-service-8c8884d65-9ghgb","uid":"a0ab5c41-b721-11e8-bb86-0050569a887c","resourceVersion":"68523311","creationTimestamp":"2018-09-13T06:52:49Z","labels":{"app":"business-validation-service","group":"com.amdocs.catalogone","monitoring":"prometheus","pod-template-hash":"474440821","prometheus":"amdocs-prometheus","provider":"amdocs","release":"business-validation-release"},"annotations":{"openshift.io/scc":"anyuid-no-ps"},"ownerReferences":[{"apiVersion":"extensions/v1beta1","kind":"ReplicaSet","name":"business-validation-service-8c8884d65","uid":"a0a4eda2-b721-11e8-bb86-0050569a887c","controller":true,"blockOwnerDeletion":true}]},"spec":{"volumes":[{"name":"validation-configmap","configMap":{"name":"validation-configmap","items":[{"key":"application.yml","path":"application.yml"}],"defaultMode":420}},{"name":"default-token-vdgk4","secret":{"secretName":"default-token-vdgk4","defaultMode":420}}],"containers":[{"name":"business-validation-service","image":"illin5225.corp.amdocs.com:5002/business-validation-service:1.2.1","ports":[{"name":"server","containerPort":8080,"protocol":"TCP"},{"name":"management","containerPort":8081,"protocol":"TCP"},{"name":"metrics","containerPort":5555,"protocol":"TCP"},{"name":"debug","containerPort":5005,"protocol":"TCP"}],"env":[{"name":"MSNEXT_JAVA_OPTS","value":"-XX:+UnlockExperimentalVMOptions -XX:+UseCGroupMemoryLimitForHeap -XX:InitialRAMFraction=4 -XX:MaxRAMFraction=2 -XX:+PrintFlagsFinal"},{"name":"COUCHBASE_HOST","value":"catalog1-couchbase-service"},{"name":"ENABLE_ZIPKIN","value":"false"},{"name":"MSNEXT_CONF_SOURCE_APP1","value":"/deployments/config/applications/validation"},{"name":"CONSUME_EVENTS","value":"true"},{"name":"JAVA_ENABLE_DEBUG","value":"false"},{"name":"ES_MS_HOST","value":"entity-search:8080"},{"name":"ES_MS_PROTOCOL","value":"http"},{"name":"BUSINESS_PARAM_MS_HOST","value":"business-parameter-service:8080"},{"name":"BUSINESS_PARAM_MS_PROTOCOL","value":"http"}],"resources":{"limits":{"cpu":"1","memory":"1Gi"},"requests":{"cpu":"200m","memory":"500Mi"}},"volumeMounts":[{"name":"validation-configmap","mountPath":"/deployments/config/applications/validation"},{"name":"default-token-vdgk4","readOnly":true,"mountPath":"/var/run/secrets/kubernetes.io/serviceaccount"}],"livenessProbe":{"httpGet":{"path":"/health","port":8081,"scheme":"HTTP"},"initialDelaySeconds":450,"timeoutSeconds":1,"periodSeconds":10,"successThreshold":1,"failureThreshold":3},"readinessProbe":{"httpGet":{"path":"/health","port":8081,"scheme":"HTTP"},"initialDelaySeconds":120,"timeoutSeconds":1,"periodSeconds":10,"successThreshold":1,"failureThreshold":3},"terminationMessagePath":"/dev/termination-log","terminationMessagePolicy":"File","imagePullPolicy":"IfNotPresent","securityContext":{"capabilities":{"drop":["MKNOD"]}}}],"restartPolicy":"Always","terminationGracePeriodSeconds":30,"dnsPolicy":"ClusterFirst","nodeSelector":{"region":"work"},"serviceAccountName":"default","serviceAccount":"default","nodeName":"ilocpde01w34.corp.amdocs.com","securityContext":{"seLinuxOptions":{"level":"s0:c82,c59"}},"imagePullSecrets":[{"name":"validation-illin5225-pull-secret"}],"schedulerName":"default-scheduler","tolerations":[{"key":"node.kubernetes.io/memory-pressure","operator":"Exists","effect":"NoSchedule"}]},"status":{"phase":"Running","conditions":[{"type":"Initialized","status":"True","lastProbeTime":null,"lastTransitionTime":"2018-09-13T06:52:49Z"},{"type":"Ready","status":"True","lastProbeTime":null,"lastTransitionTime":"2018-09-16T21:37:22Z"},{"type":"PodScheduled","status":"True","lastProbeTime":null,"lastTransitionTime":"2018-09-13T06:52:49Z"}],"hostIP":"10.245.251.175","podIP":"10.128.78.119","startTime":"2018-09-13T06:52:49Z","containerStatuses":[{"name":"business-validation-service","state":{"running":{"startedAt":"2018-09-16T21:35:17Z"}},"lastState":{"terminated":{"exitCode":137,"reason":"OOMKilled","startedAt":"2018-09-16T03:07:59Z","finishedAt":"2018-09-16T21:35:15Z","containerID":"docker://70640f2643a82f2eae2c4492850e4642a0ad90f11378f14d3ea603daee4e6f07"}},"ready":true,"restartCount":3,"image":"illin5225.corp.amdocs.com:5002/business-validation-service:1.2.1","imageID":"docker-pullable://illin5225.corp.amdocs.com:5002/business-validation-service@sha256:c7951bb0d9aa26e14d1192a309957e492c34c02ad349ba5af553f48db0662c92","containerID":"docker://26d14057ca14102024a32172724fc73abb2e46a4f94e50414eadd87bc466b440"}],"qosClass":"Burstable"}},{"metadata":{"name":"cartitemaccessor-release-d5cccfb4b-fh8hn","generateName":"cartitemaccessor-release-d5cccfb4b-","namespace":"oc-cd-1017-pranavd-pd","selfLink":"/api/v1/namespaces/oc-cd-1017-pranavd-pd/pods/cartitemaccessor-release-d5cccfb4b-fh8hn","uid":"a0c03040-b721-11e8-bb86-0050569a887c","resourceVersion":"66124577","creationTimestamp":"2018-09-13T06:52:49Z","labels":{"app":"cartitemaccessor-release","microservice":"cartitemaccessor","pod-template-hash":"817779606","project":"cartitemaccessor","provider":"amdocs","release":"cartitemaccessor-release"},"annotations":{"checksum/config":"3093de6156cf21de06f3cdc67d943ec3d351d1a4c9ce4775d018c2d3be20fc96","fabric8.io/iconUrl":"img/icons/spring-boot.svg","git-commit":"eb84073e68ff837b76b39ad8dfebc297d0904476","openshift.io/scc":"anyuid-no-ps"},"ownerReferences":[{"apiVersion":"extensions/v1beta1","kind":"ReplicaSet","name":"cartitemaccessor-release-d5cccfb4b","uid":"a0bac508-b721-11e8-bb86-0050569a887c","controller":true,"blockOwnerDeletion":true}]},"spec":{"volumes":[{"name":"prop-volume","configMap":{"name":"cartitemaccessor-service-appconfigmap","defaultMode":420}},{"name":"default-token-vdgk4","secret":{"secretName":"default-token-vdgk4","defaultMode":420}}],"containers":[{"name":"cartitemaccessor-service-container","image":"illin5564.corp.amdocs.com:5000/cartitemaccessor-service:0.1.1-0015","ports":[{"name":"http","containerPort":8080,"protocol":"TCP"},{"name":"https","containerPort":8443,"protocol":"TCP"},{"name":"jacoco","containerPort":6300,"protocol":"TCP"},{"name":"metrics","containerPort":5555,"protocol":"TCP"},{"name":"management","containerPort":18080,"protocol":"TCP"}],"env":[{"name":"MSNEXT_CONF_SOURCE_APP","value":"/etc/config"},{"name":"KUBERNETES_NAMESPACE","valueFrom":{"fieldRef":{"apiVersion":"v1","fieldPath":"metadata.namespace"}}},{"name":"MSNEXT_JAVA_OPTS","value":"-Dcom.amdocs.msnext.securityjwt.anonymous.context-mapping.msnext.management=.*management  -Xms256m -Xmx1024m -XX:MaxRAM=2048m -XX:+DisableExplicitGC -XX:+UseConcMarkSweepGC -XX:+CMSParallelRemarkEnabled -XX:NewRatio=1 -Xss512k -XX:MaxMetaspaceSize=512m"},{"name":"SERVER_PORT","value":"8080"},{"name":"MSNEXT_MODULE_MGT_DISABLE","value":"msnext-customization"},{"name":"MSNEXT_JACOCO_ENABLE","value":"${jacoco.enabled}"},{"name":"MSNEXT_JACOCO_OPTS","value":"output=tcpserver,address=*,port=6300"},{"name":"MANAGEMENT_PORT","value":"18080"},{"name":"MALLOC_ARENA_MAX","value":"4"},{"name":"TZ","value":"UTC"}],"resources":{"limits":{"cpu":"2","memory":"2Gi"},"requests":{"cpu":"200m","memory":"1Gi"}},"volumeMounts":[{"name":"prop-volume","mountPath":"/etc/config"},{"name":"default-token-vdgk4","readOnly":true,"mountPath":"/var/run/secrets/kubernetes.io/serviceaccount"}],"livenessProbe":{"httpGet":{"path":"/health","port":18080,"scheme":"HTTP"},"initialDelaySeconds":900,"timeoutSeconds":10,"periodSeconds":10,"successThreshold":1,"failureThreshold":3},"readinessProbe":{"httpGet":{"path":"/health","port":18080,"scheme":"HTTP"},"initialDelaySeconds":30,"timeoutSeconds":10,"periodSeconds":10,"successThreshold":1,"failureThreshold":3},"terminationMessagePath":"/dev/termination-log","terminationMessagePolicy":"File","imagePullPolicy":"IfNotPresent","securityContext":{"capabilities":{"drop":["MKNOD"]},"privileged":false}}],"restartPolicy":"Always","terminationGracePeriodSeconds":30,"dnsPolicy":"ClusterFirst","nodeSelector":{"region":"work"},"serviceAccountName":"default","serviceAccount":"default","nodeName":"ilocpde01w02.corp.amdocs.com","securityContext":{"seLinuxOptions":{"level":"s0:c82,c59"}},"imagePullSecrets":[{"name":"cartitemaccessor-ms-secret"}],"schedulerName":"default-scheduler","tolerations":[{"key":"node.kubernetes.io/memory-pressure","operator":"Exists","effect":"NoSchedule"}]},"status":{"phase":"Running","conditions":[{"type":"Initialized","status":"True","lastProbeTime":null,"lastTransitionTime":"2018-09-13T06:52:49Z"},{"type":"Ready","status":"True","lastProbeTime":null,"lastTransitionTime":"2018-09-13T06:54:27Z"},{"type":"PodScheduled","status":"True","lastProbeTime":null,"lastTransitionTime":"2018-09-13T06:52:49Z"}],"hostIP":"10.245.250.21","podIP":"10.128.12.143","startTime":"2018-09-13T06:52:49Z","containerStatuses":[{"name":"cartitemaccessor-service-container","state":{"running":{"startedAt":"2018-09-13T06:53:27Z"}},"lastState":{},"ready":true,"restartCount":0,"image":"illin5564.corp.amdocs.com:5000/cartitemaccessor-service:0.1.1-0015","imageID":"docker-pullable://illin5564.corp.amdocs.com:5000/cartitemaccessor-service@sha256:9ba41b7d57860c57e43d5c366d1d12907b0e8a90dc53ed00ccfe9ca85b7c8146","containerID":"docker://33d1cacef93d8b660665d1171383e64d1cbd3eba1a4de23af0f0ad803f90406f"}],"qosClass":"Burstable"}},{"metadata":{"name":"customeraccessor-release-5d7cf45796-x4xpq","generateName":"customeraccessor-release-5d7cf45796-","namespace":"oc-cd-1017-pranavd-pd","selfLink":"/api/v1/namespaces/oc-cd-1017-pranavd-pd/pods/customeraccessor-release-5d7cf45796-x4xpq","uid":"a0d4c27d-b721-11e8-bb86-0050569a887c","resourceVersion":"67051190","creationTimestamp":"2018-09-13T06:52:49Z","labels":{"group":"com.amdocs.digital.ms.customeraccessor","microservice":"customeraccessor","pod-template-hash":"1837901352","project":"customeraccessor-service","provider":"amdocs","release":"customeraccessor-release"},"annotations":{"fabric8.io/iconUrl":"img/icons/spring-boot.svg","openshift.io/scc":"anyuid-no-ps"},"ownerReferences":[{"apiVersion":"extensions/v1beta1","kind":"ReplicaSet","name":"customeraccessor-release-5d7cf45796","uid":"a0c6e722-b721-11e8-bb86-0050569a887c","controller":true,"blockOwnerDeletion":true}]},"spec":{"volumes":[{"name":"prop-volume","configMap":{"name":"customeraccessor-service-appconfig","defaultMode":420,"optional":true}},{"name":"confmap-volume","configMap":{"name":"customeraccessor-appconfigmap","defaultMode":420}},{"name":"default-token-vdgk4","secret":{"secretName":"default-token-vdgk4","defaultMode":420}}],"containers":[{"name":"customeraccessor-service-container","image":"illin5564.corp.amdocs.com:5000/customeraccessor-service:0.1.1-0015","ports":[{"name":"http","containerPort":8080,"protocol":"TCP"},{"name":"https","containerPort":8443,"protocol":"TCP"},{"name":"jacoco","containerPort":6300,"protocol":"TCP"},{"name":"metrics","containerPort":5555,"protocol":"TCP"},{"name":"management","containerPort":18080,"protocol":"TCP"}],"env":[{"name":"MSNEXT_CONF_SOURCE_APP","value":"/etc/config"},{"name":"KUBERNETES_NAMESPACE","valueFrom":{"fieldRef":{"apiVersion":"v1","fieldPath":"metadata.namespace"}}},{"name":"MSNEXT_JAVA_OPTS","value":" -Dconfiguration.careSimulatorModeOn=false -Dconfiguration.careSimulatorJsonFileDir=/users/admin/careSimJsons -Xms256m -Xmx1024m -XX:MaxRAM=2048m -XX:+DisableExplicitGC -XX:+UseConcMarkSweepGC -XX:+CMSParallelRemarkEnabled -XX:NewRatio=1 -Xss512k -XX:MaxMetaspaceSize=512m -Dcom.amdocs.msnext.securitya3s.url=http://10.238.196.7:30081/asmServices/services/v1.0 -Dservices.customer.url=http://customer-service.ilocpde01.corp.amdocs.com/customerManagement/v1"},{"name":"SERVER_PORT","value":"8080"},{"name":"MSNEXT_MODULE_MGT_DISABLE","value":"msnext-customization"},{"name":"MANAGEMENT_PORT","value":"18080"}],"resources":{"limits":{"cpu":"2","memory":"2Gi"},"requests":{"cpu":"200m","memory":"1Gi"}},"volumeMounts":[{"name":"prop-volume","mountPath":"/etc/config"},{"name":"default-token-vdgk4","readOnly":true,"mountPath":"/var/run/secrets/kubernetes.io/serviceaccount"}],"livenessProbe":{"httpGet":{"path":"/health","port":18080,"scheme":"HTTP"},"initialDelaySeconds":900,"timeoutSeconds":1,"periodSeconds":10,"successThreshold":1,"failureThreshold":3},"readinessProbe":{"httpGet":{"path":"/health","port":18080,"scheme":"HTTP"},"initialDelaySeconds":120,"timeoutSeconds":10,"periodSeconds":10,"successThreshold":1,"failureThreshold":3},"terminationMessagePath":"/dev/termination-log","terminationMessagePolicy":"File","imagePullPolicy":"IfNotPresent","securityContext":{"capabilities":{"drop":["MKNOD"]},"privileged":false}}],"restartPolicy":"Always","terminationGracePeriodSeconds":30,"dnsPolicy":"ClusterFirst","nodeSelector":{"region":"work"},"serviceAccountName":"default","serviceAccount":"default","nodeName":"ilocpde01w35.corp.amdocs.com","securityContext":{"seLinuxOptions":{"level":"s0:c82,c59"}},"imagePullSecrets":[{"name":"custacc-ms-secret"}],"schedulerName":"default-scheduler","tolerations":[{"key":"node.kubernetes.io/memory-pressure","operator":"Exists","effect":"NoSchedule"}]},"status":{"phase":"Running","conditions":[{"type":"Initialized","status":"True","lastProbeTime":null,"lastTransitionTime":"2018-09-13T06:52:49Z"},{"type":"Ready","status":"True","lastProbeTime":null,"lastTransitionTime":"2018-09-14T10:33:48Z"},{"type":"PodScheduled","status":"True","lastProbeTime":null,"lastTransitionTime":"2018-09-13T06:52:49Z"}],"hostIP":"10.245.251.176","podIP":"10.128.81.236","startTime":"2018-09-13T06:52:49Z","containerStatuses":[{"name":"customeraccessor-service-container","state":{"running":{"startedAt":"2018-09-14T10:31:39Z"}},"lastState":{"terminated":{"exitCode":137,"reason":"OOMKilled","startedAt":"2018-09-14T09:11:36Z","finishedAt":"2018-09-14T10:31:37Z","containerID":"docker://58c2da3bb48dc725af96f66205beb94d0c2821d0492ddb65cec224ddcf7f1842"}},"ready":true,"restartCount":2,"image":"illin5564.corp.amdocs.com:5000/customeraccessor-service:0.1.1-0015","imageID":"docker-pullable://illin5564.corp.amdocs.com:5000/customeraccessor-service@sha256:69dc3ec34ec23d4d0887eb55ff1218b5c4824354da7a7783fc6590c814d94613","containerID":"docker://a944e024a5457840ebb9724e7b7bf838b709a2fdbc106915b7c3556f5689501b"}],"qosClass":"Burstable"}},{"metadata":{"name":"digitalexpapi-release-di-76df4c8d5b-jcgfs","generateName":"digitalexpapi-release-di-76df4c8d5b-","namespace":"oc-cd-1017-pranavd-pd","selfLink":"/api/v1/namespaces/oc-cd-1017-pranavd-pd/pods/digitalexpapi-release-di-76df4c8d5b-jcgfs","uid":"a0e9f666-b721-11e8-bb86-0050569a887c","resourceVersion":"66124469","creationTimestamp":"2018-09-13T06:52:49Z","labels":{"app":"digitalexpapi-release-di","microservice":"digitalexp-api","pod-template-hash":"3289074816","project":"digitalexp-api","provider":"amdocs","release":"digitalexpapi-release"},"annotations":{"fabric8.io/iconUrl":"img/icons/spring-boot.svg","git-commit":"@git.commit.id@","openshift.io/scc":"anyuid-no-ps"},"ownerReferences":[{"apiVersion":"extensions/v1beta1","kind":"ReplicaSet","name":"digitalexpapi-release-di-76df4c8d5b","uid":"a0de4ed5-b721-11e8-bb86-0050569a887c","controller":true,"blockOwnerDeletion":true}]},"spec":{"volumes":[{"name":"default-token-vdgk4","secret":{"secretName":"default-token-vdgk4","defaultMode":420}}],"containers":[{"name":"digitalexp-api-service-container","image":"illin5564.corp.amdocs.com:5000/digitalexp-api-service:0.1.1-0102","ports":[{"name":"http","containerPort":8080,"protocol":"TCP"},{"name":"https","containerPort":8443,"protocol":"TCP"},{"name":"management","containerPort":18080,"protocol":"TCP"}],"env":[{"name":"KUBERNETES_NAMESPACE","valueFrom":{"fieldRef":{"apiVersion":"v1","fieldPath":"metadata.namespace"}}},{"name":"MSNEXT_JAVA_OPTS","value":" -Xms256m -Xmx1024m -XX:MaxRAM=2048m -XX:+DisableExplicitGC -XX:+UseConcMarkSweepGC -XX:+CMSParallelRemarkEnabled -XX:NewRatio=1 -Xss512k -XX:MaxMetaspaceSize=512m -Dcom.amdocs.msnext.securitya3s.url=http://10.238.196.7:30081/asmServices/services/v1.0"},{"name":"SERVER_PORT","value":"8080"},{"name":"MSNEXT_DISABLED_MODULES","value":"msnext-customization"},{"name":"MANAGEMENT_PORT","value":"18080"},{"name":"SHOPPING_CART_CHECKOUT_URL","value":"http://shoppingcart-checkout-service:8080/shoppingCart/v1"},{"name":"PRODUCT_ORDER_URL","value":"http://productorder-productorder-service:8080/productOrdering/v2"},{"name":"SUBMIT_PRODUCT_ORDER_URL","value":"http://productorder-submitorder-service:8080/productOrdering/v2/productOrder"},{"name":"SHOPPING_CART_URL","value":"http://shoppingcart-shoppingcart-service:8080/shoppingCart/v1"},{"name":"DISCOVERY_URL","value":"http://pod-experience-service:8080/commerce/v1"},{"name":"MANAGED_RESOURCES_URL","value":"http://managed-resource-service:8080/managedResource/v1"},{"name":"PRODUCT_CONFIGURATION_SERVICE","value":"http://productconfigurator-service:8080/productConfigurator/v0/productConfiguration"},{"name":"CUSTOMERS_URL","value":"http://customer-customer-service:8080/customerManagement/v1"},{"name":"INDIVIDUAL_URL","value":"http://party-individual-service:8080/partyManagement/v1"},{"name":"PRODUCT_INVENTORY_URL","value":"http://pi-product-service:8080/productInventoryManagement/v2"}],"resources":{"limits":{"cpu":"2","memory":"2Gi"},"requests":{"cpu":"200m","memory":"1Gi"}},"volumeMounts":[{"name":"default-token-vdgk4","readOnly":true,"mountPath":"/var/run/secrets/kubernetes.io/serviceaccount"}],"livenessProbe":{"httpGet":{"path":"/health","port":18080,"scheme":"HTTP"},"initialDelaySeconds":900,"timeoutSeconds":10,"periodSeconds":10,"successThreshold":1,"failureThreshold":3},"readinessProbe":{"httpGet":{"path":"/health","port":18080,"scheme":"HTTP"},"initialDelaySeconds":30,"timeoutSeconds":10,"periodSeconds":10,"successThreshold":1,"failureThreshold":3},"terminationMessagePath":"/dev/termination-log","terminationMessagePolicy":"File","imagePullPolicy":"IfNotPresent","securityContext":{"capabilities":{"drop":["MKNOD"]},"privileged":false}}],"restartPolicy":"Always","terminationGracePeriodSeconds":30,"dnsPolicy":"ClusterFirst","nodeSelector":{"region":"work"},"serviceAccountName":"default","serviceAccount":"default","nodeName":"ilocpde01w34.corp.amdocs.com","securityContext":{"seLinuxOptions":{"level":"s0:c82,c59"}},"imagePullSecrets":[{"name":"digitalexp-api-ms-secret"}],"schedulerName":"default-scheduler","tolerations":[{"key":"node.kubernetes.io/memory-pressure","operator":"Exists","effect":"NoSchedule"}]},"status":{"phase":"Running","conditions":[{"type":"Initialized","status":"True","lastProbeTime":null,"lastTransitionTime":"2018-09-13T06:52:49Z"},{"type":"Ready","status":"True","lastProbeTime":null,"lastTransitionTime":"2018-09-13T06:54:21Z"},{"type":"PodScheduled","status":"True","lastProbeTime":null,"lastTransitionTime":"2018-09-13T06:52:49Z"}],"hostIP":"10.245.251.175","podIP":"10.128.78.113","startTime":"2018-09-13T06:52:49Z","containerStatuses":[{"name":"digitalexp-api-service-container","state":{"running":{"startedAt":"2018-09-13T06:52:56Z"}},"lastState":{},"ready":true,"restartCount":0,"image":"illin5564.corp.amdocs.com:5000/digitalexp-api-service:0.1.1-0102","imageID":"docker-pullable://illin5564.corp.amdocs.com:5000/digitalexp-api-service@sha256:f8309de627f058e071de01cda76e3ab84ff815f38bccf50fb92dead0a00d66c7","containerID":"docker://6d0dab873e3d0d0301b357dac39bb86d7841b11eb865b31621497517bfec7864"}],"qosClass":"Burstable"}},{"metadata":{"name":"dispatcher-service-545598bcb6-98ksj","generateName":"dispatcher-service-545598bcb6-","namespace":"oc-cd-1017-pranavd-pd","selfLink":"/api/v1/namespaces/oc-cd-1017-pranavd-pd/pods/dispatcher-service-545598bcb6-98ksj","uid":"a0f75de2-b721-11e8-bb86-0050569a887c","resourceVersion":"66126594","creationTimestamp":"2018-09-13T06:52:49Z","labels":{"app":"dispatcher-service","group":"com.amdocs.catalogone","pod-template-hash":"1011546762","prometheus":"amdocs-prometheus","provider":"amdocs","release":"dispatcher-service-release"},"annotations":{"openshift.io/scc":"anyuid-no-ps"},"ownerReferences":[{"apiVersion":"extensions/v1beta1","kind":"ReplicaSet","name":"dispatcher-service-545598bcb6","uid":"a0f07e9b-b721-11e8-bb86-0050569a887c","controller":true,"blockOwnerDeletion":true}]},"spec":{"volumes":[{"name":"dispatcher-configmap","configMap":{"name":"dispatcher-configmap","items":[{"key":"application.yml","path":"application.yml"}],"defaultMode":420}},{"name":"default-token-vdgk4","secret":{"secretName":"default-token-vdgk4","defaultMode":420}}],"containers":[{"name":"dispatcher-service","image":"illin5225.corp.amdocs.com:5002/dispatcher-service:1.5.0","ports":[{"name":"server","containerPort":8080,"protocol":"TCP"},{"name":"management","containerPort":8081,"protocol":"TCP"},{"name":"metrics","containerPort":5555,"protocol":"TCP"},{"name":"debug","containerPort":5005,"protocol":"TCP"}],"env":[{"name":"MSNEXT_JAVA_OPTS","value":"-XX:+UnlockExperimentalVMOptions -XX:+UseCGroupMemoryLimitForHeap -XX:InitialRAMFraction=4 -XX:MaxRAMFraction=2 -XX:+PrintFlagsFinal"},{"name":"COUCHBASE_HOST","value":"catalog1-couchbase-service"},{"name":"ENABLE_ZIPKIN","value":"false"},{"name":"MSNEXT_CONF_SOURCE_APP1","value":"/deployments/config/applications/dispatcher"},{"name":"CONSUME_EVENTS","value":"true"},{"name":"JAVA_ENABLE_DEBUG","value":"false"},{"name":"TESTING_ENVIRONMENT_TOPIC_PREFIX"}],"resources":{"limits":{"cpu":"1","memory":"768Mi"},"requests":{"cpu":"200m","memory":"500Mi"}},"volumeMounts":[{"name":"dispatcher-configmap","mountPath":"/deployments/config/applications/dispatcher"},{"name":"default-token-vdgk4","readOnly":true,"mountPath":"/var/run/secrets/kubernetes.io/serviceaccount"}],"livenessProbe":{"httpGet":{"path":"/health","port":8081,"scheme":"HTTP"},"initialDelaySeconds":450,"timeoutSeconds":1,"periodSeconds":10,"successThreshold":1,"failureThreshold":3},"readinessProbe":{"httpGet":{"path":"/health","port":8081,"scheme":"HTTP"},"initialDelaySeconds":180,"timeoutSeconds":1,"periodSeconds":10,"successThreshold":1,"failureThreshold":3},"terminationMessagePath":"/dev/termination-log","terminationMessagePolicy":"File","imagePullPolicy":"IfNotPresent","securityContext":{"capabilities":{"drop":["MKNOD"]}}}],"restartPolicy":"Always","terminationGracePeriodSeconds":30,"dnsPolicy":"ClusterFirst","nodeSelector":{"region":"work"},"serviceAccountName":"default","serviceAccount":"default","nodeName":"ilocpde01w27.corp.amdocs.com","securityContext":{"seLinuxOptions":{"level":"s0:c82,c59"}},"imagePullSecrets":[{"name":"dispatcher-illin5225-pull-secret"}],"schedulerName":"default-scheduler","tolerations":[{"key":"node.kubernetes.io/memory-pressure","operator":"Exists","effect":"NoSchedule"}]},"status":{"phase":"Running","conditions":[{"type":"Initialized","status":"True","lastProbeTime":null,"lastTransitionTime":"2018-09-13T06:52:49Z"},{"type":"Ready","status":"True","lastProbeTime":null,"lastTransitionTime":"2018-09-13T06:56:39Z"},{"type":"PodScheduled","status":"True","lastProbeTime":null,"lastTransitionTime":"2018-09-13T06:52:49Z"}],"hostIP":"10.245.251.168","podIP":"10.128.64.36","startTime":"2018-09-13T06:52:49Z","containerStatuses":[{"name":"dispatcher-service","state":{"running":{"startedAt":"2018-09-13T06:53:24Z"}},"lastState":{},"ready":true,"restartCount":0,"image":"illin5225.corp.amdocs.com:5002/dispatcher-service:1.5.0","imageID":"docker-pullable://illin5225.corp.amdocs.com:5002/dispatcher-service@sha256:ff2792868dd7a17fa0993d6a0d4b8a385de0918890540c7807576a478706ea03","containerID":"docker://735443b592b8003a56c4fcb67385af1a218917cafedb30329e71b7c1562ab854"}],"qosClass":"Burstable"}},{"metadata":{"name":"import-service-55877dbd5-m2zkp","generateName":"import-service-55877dbd5-","namespace":"oc-cd-1017-pranavd-pd","selfLink":"/api/v1/namespaces/oc-cd-1017-pranavd-pd/pods/import-service-55877dbd5-m2zkp","uid":"a0fe9fc5-b721-11e8-bb86-0050569a887c","resourceVersion":"66168401","creationTimestamp":"2018-09-13T06:52:49Z","labels":{"app":"import-service","group":"com.amdocs.catalogone","monitored":"prometheus","monitoring":"prometheus","pod-template-hash":"114338681","prometheus":"amdocs-prometheus","provider":"amdocs","release":"import-service-release"},"annotations":{"openshift.io/scc":"anyuid-no-ps"},"ownerReferences":[{"apiVersion":"extensions/v1beta1","kind":"ReplicaSet","name":"import-service-55877dbd5","uid":"a0fade69-b721-11e8-bb86-0050569a887c","controller":true,"blockOwnerDeletion":true}]},"spec":{"volumes":[{"name":"import-configmap","configMap":{"name":"import-configmap","items":[{"key":"application.yml","path":"application.yml"}],"defaultMode":420}},{"name":"import-nonfunc-configmap","configMap":{"name":"import-nonfunc-configmap","items":[{"key":"application-nonfunc.yml","path":"application-nonfunc.yml"}],"defaultMode":420}},{"name":"import-generic-kafka-configmap","configMap":{"name":"import-generic-kafka-configmap","items":[{"key":"application-generic-kafka.yml","path":"application-generic-kafka.yml"}],"defaultMode":420}},{"name":"import-generic-couchbase-configmap","configMap":{"name":"import-generic-couchbase-configmap","items":[{"key":"application-generic-couchbase.yml","path":"application-generic-couchbase.yml"}],"defaultMode":420}},{"name":"default-token-vdgk4","secret":{"secretName":"default-token-vdgk4","defaultMode":420}}],"containers":[{"name":"import-service","image":"illin5225.corp.amdocs.com:5002/import-service:1.3.0","ports":[{"name":"server","containerPort":8080,"protocol":"TCP"},{"name":"management","containerPort":8081,"protocol":"TCP"},{"name":"server-debug","containerPort":9220,"protocol":"TCP"},{"name":"metrics","containerPort":5555,"protocol":"TCP"}],"env":[{"name":"MSNEXT_JAVA_OPTS","value":"-XX:+UnlockExperimentalVMOptions -XX:+UseCGroupMemoryLimitForHeap -XX:InitialRAMFraction=4 -XX:MaxRAMFraction=2 -XX:+PrintFlagsFinal"},{"name":"COUCHBASE_HOST","value":"catalog1-couchbase-service"},{"name":"ENABLE_ZIPKIN","value":"false"},{"name":"MSNEXT_CONF_SOURCE_APP1","value":"/deployments/config/applications/import"},{"name":"MSNEXT_CONF_SOURCE_zzzNONFUNC","value":"/deployments/config/applications/import-nonfunc"},{"name":"MSNEXT_CONF_SOURCE_zzzGENERIC_KAFKA","value":"/deployments/config/applications/import-generic-kafka"},{"name":"MSNEXT_CONF_SOURCE_zzzGENERIC_COUCHBASE","value":"/deployments/config/applications/import-generic-couchbase"},{"name":"CONSUME_EVENTS","value":"true"},{"name":"BR_MS_PROTOCOL","value":"http"}],"resources":{"limits":{"cpu":"1","memory":"1Gi"},"requests":{"cpu":"200m","memory":"500Mi"}},"volumeMounts":[{"name":"import-configmap","mountPath":"/deployments/config/applications/import"},{"name":"import-nonfunc-configmap","mountPath":"/deployments/config/applications/import-nonfunc"},{"name":"import-generic-kafka-configmap","mountPath":"/deployments/config/applications/import-generic-kafka"},{"name":"import-generic-couchbase-configmap","mountPath":"/deployments/config/applications/import-generic-couchbase"},{"name":"default-token-vdgk4","readOnly":true,"mountPath":"/var/run/secrets/kubernetes.io/serviceaccount"}],"livenessProbe":{"httpGet":{"path":"/health","port":8081,"scheme":"HTTP"},"initialDelaySeconds":450,"timeoutSeconds":1,"periodSeconds":10,"successThreshold":1,"failureThreshold":3},"readinessProbe":{"httpGet":{"path":"/health","port":8081,"scheme":"HTTP"},"initialDelaySeconds":180,"timeoutSeconds":1,"periodSeconds":10,"successThreshold":1,"failureThreshold":3},"terminationMessagePath":"/dev/termination-log","terminationMessagePolicy":"File","imagePullPolicy":"IfNotPresent","securityContext":{"capabilities":{"drop":["MKNOD"]}}}],"restartPolicy":"Always","terminationGracePeriodSeconds":30,"dnsPolicy":"ClusterFirst","nodeSelector":{"region":"work"},"serviceAccountName":"default","serviceAccount":"default","nodeName":"ilocpde01w26.corp.amdocs.com","securityContext":{"seLinuxOptions":{"level":"s0:c82,c59"}},"imagePullSecrets":[{"name":"import-illin5225-pull-secret"}],"schedulerName":"default-scheduler","tolerations":[{"key":"node.kubernetes.io/memory-pressure","operator":"Exists","effect":"NoSchedule"}]},"status":{"phase":"Running","conditions":[{"type":"Initialized","status":"True","lastProbeTime":null,"lastTransitionTime":"2018-09-13T06:52:49Z"},{"type":"Ready","status":"True","lastProbeTime":null,"lastTransitionTime":"2018-09-13T08:07:43Z"},{"type":"PodScheduled","status":"True","lastProbeTime":null,"lastTransitionTime":"2018-09-13T06:52:49Z"}],"hostIP":"10.245.251.167","podIP":"10.128.61.90","startTime":"2018-09-13T06:52:49Z","containerStatuses":[{"name":"import-service","state":{"running":{"startedAt":"2018-09-13T08:02:14Z"}},"lastState":{"terminated":{"exitCode":143,"reason":"Error","startedAt":"2018-09-13T07:53:53Z","finishedAt":"2018-09-13T08:02:14Z","containerID":"docker://cc99b5d84794541696f4a1bd21efb102ae14040d576bab2d0c7fe101ae3b734e"}},"ready":true,"restartCount":8,"image":"illin5225.corp.amdocs.com:5002/import-service:1.3.0","imageID":"docker-pullable://illin5225.corp.amdocs.com:5002/import-service@sha256:5b5ef700478c461007b3f3aa502f3112c362f6ae5bee279fe0f61fdf06b37a68","containerID":"docker://f15b0e4912483a029e9d5ee8d977fd564b1cbddd2c0c693e355fb119ed817620"}],"qosClass":"Burstable"}},{"metadata":{"name":"managed-resource-release-6dbcf94c75-82pjc","generateName":"managed-resource-release-6dbcf94c75-","namespace":"oc-cd-1017-pranavd-pd","selfLink":"/api/v1/namespaces/oc-cd-1017-pranavd-pd/pods/managed-resource-release-6dbcf94c75-82pjc","uid":"a11795ae-b721-11e8-bb86-0050569a887c","resourceVersion":"66124991","creationTimestamp":"2018-09-13T06:52:49Z","labels":{"app":"managed-resource-release","microservice":"managed-resource","pod-template-hash":"2867950731","project":"managed-resource","provider":"amdocs","release":"managed-resource-release"},"annotations":{"fabric8.io/iconUrl":"img/icons/spring-boot.svg","git-commit":"a2d8026f29de85d53334b370c93c722a53738e54","openshift.io/scc":"anyuid-no-ps"},"ownerReferences":[{"apiVersion":"extensions/v1beta1","kind":"ReplicaSet","name":"managed-resource-release-6dbcf94c75","uid":"a1075afc-b721-11e8-bb86-0050569a887c","controller":true,"blockOwnerDeletion":true}]},"spec":{"volumes":[{"name":"managed-resource-volume-jwt-validation-conf","configMap":{"name":"managed-resource-jwt-validation-configmap","items":[{"key":"application.yaml","path":"application.yaml"}],"defaultMode":420}},{"name":"prop-volume","configMap":{"name":"managed-resource-service-appconfig","defaultMode":420,"optional":true}},{"name":"default-token-vdgk4","secret":{"secretName":"default-token-vdgk4","defaultMode":420}}],"containers":[{"name":"managed-resource-service-container","image":"illin5564.corp.amdocs.com:5000/managed-resource-service:0.1.1-0031","ports":[{"name":"http","containerPort":8080,"protocol":"TCP"},{"name":"management","containerPort":18080,"protocol":"TCP"}],"env":[{"name":"KUBERNETES_NAMESPACE","valueFrom":{"fieldRef":{"apiVersion":"v1","fieldPath":"metadata.namespace"}}},{"name":"MSNEXT_JAVA_OPTS","value":" -Xms256m -Xmx1024m -XX:MaxRAM=2048m -XX:+DisableExplicitGC -XX:+UseConcMarkSweepGC -XX:+CMSParallelRemarkEnabled -XX:NewRatio=1 -Xss512k -XX:MaxMetaspaceSize=512m"},{"name":"MSNEXT_DISABLED_MODULES","value":"msnext-customization"},{"name":"MANAGEMENT_PORT","value":"18080"},{"name":"MALLOC_ARENA_MAX","value":"4"},{"name":"SERVER_PORT","value":"8080"},{"name":"MSNEXT_CONF_SOURCE_APP","value":"/etc/config"},{"name":"MSNEXT_CONF_SOURCE_IDM","value":"/run/secrets/msNextConfSourceIdm1"}],"resources":{"limits":{"cpu":"2","memory":"2Gi"},"requests":{"cpu":"200m","memory":"1Gi"}},"volumeMounts":[{"name":"prop-volume","mountPath":"/etc/config"},{"name":"managed-resource-volume-jwt-validation-conf","mountPath":"/run/secrets/msNextConfSourceIdm1"},{"name":"default-token-vdgk4","readOnly":true,"mountPath":"/var/run/secrets/kubernetes.io/serviceaccount"}],"livenessProbe":{"httpGet":{"path":"/health","port":18080,"scheme":"HTTP"},"initialDelaySeconds":900,"timeoutSeconds":10,"periodSeconds":10,"successThreshold":1,"failureThreshold":3},"readinessProbe":{"httpGet":{"path":"/health","port":18080,"scheme":"HTTP"},"initialDelaySeconds":30,"timeoutSeconds":10,"periodSeconds":10,"successThreshold":1,"failureThreshold":3},"terminationMessagePath":"/dev/termination-log","terminationMessagePolicy":"File","imagePullPolicy":"IfNotPresent","securityContext":{"capabilities":{"drop":["MKNOD"]},"privileged":false}}],"restartPolicy":"Always","terminationGracePeriodSeconds":30,"dnsPolicy":"ClusterFirst","nodeSelector":{"region":"work"},"serviceAccountName":"default","serviceAccount":"default","nodeName":"ilocpde01w24.corp.amdocs.com","securityContext":{"seLinuxOptions":{"level":"s0:c82,c59"}},"imagePullSecrets":[{"name":"managed-resource-ms-secret"}],"schedulerName":"default-scheduler","tolerations":[{"key":"node.kubernetes.io/memory-pressure","operator":"Exists","effect":"NoSchedule"}]},"status":{"phase":"Running","conditions":[{"type":"Initialized","status":"True","lastProbeTime":null,"lastTransitionTime":"2018-09-13T06:52:50Z"},{"type":"Ready","status":"True","lastProbeTime":null,"lastTransitionTime":"2018-09-13T06:54:47Z"},{"type":"PodScheduled","status":"True","lastProbeTime":null,"lastTransitionTime":"2018-09-13T06:52:49Z"}],"hostIP":"10.245.251.165","podIP":"10.128.59.102","startTime":"2018-09-13T06:52:50Z","containerStatuses":[{"name":"managed-resource-service-container","state":{"running":{"startedAt":"2018-09-13T06:53:27Z"}},"lastState":{},"ready":true,"restartCount":0,"image":"illin5564.corp.amdocs.com:5000/managed-resource-service:0.1.1-0031","imageID":"docker-pullable://illin5564.corp.amdocs.com:5000/managed-resource-service@sha256:5b00d1fdc6830afd1246884e43edf073fd222dd06963fd73c35183328762fa5a","containerID":"docker://1864bc901269ed33de04622820e3ab1dd2d8c2ddb076036d20f9f404d5608d54"}],"qosClass":"Burstable"}},{"metadata":{"name":"metadata-entity-command-service-65bcfddb7-l7qf7","generateName":"metadata-entity-command-service-65bcfddb7-","namespace":"oc-cd-1017-pranavd-pd","selfLink":"/api/v1/namespaces/oc-cd-1017-pranavd-pd/pods/metadata-entity-command-service-65bcfddb7-l7qf7","uid":"a12b1a69-b721-11e8-bb86-0050569a887c","resourceVersion":"66128492","creationTimestamp":"2018-09-13T06:52:50Z","labels":{"app":"metadata-entity-command-service","group":"com.amdocs.catalogone","pod-template-hash":"216798863","prometheus":"amdocs-prometheus","release":"metadata-entity-command-release"},"annotations":{"openshift.io/scc":"anyuid-no-ps"},"ownerReferences":[{"apiVersion":"extensions/v1beta1","kind":"ReplicaSet","name":"metadata-entity-command-service-65bcfddb7","uid":"a11b2975-b721-11e8-bb86-0050569a887c","controller":true,"blockOwnerDeletion":true}]},"spec":{"volumes":[{"name":"auth-configmap","configMap":{"name":"metadata-entity-command-service-configmap","items":[{"key":"application.yml","path":"application.yml"}],"defaultMode":420}},{"name":"default-token-vdgk4","secret":{"secretName":"default-token-vdgk4","defaultMode":420}}],"containers":[{"name":"metadata-entity-command-service","image":"illin5225.corp.amdocs.com:5002/metadata-entity-command-service:1.0.2-RC","ports":[{"name":"server","containerPort":8080,"protocol":"TCP"},{"name":"management","containerPort":8081,"protocol":"TCP"},{"name":"metrics","containerPort":5555,"protocol":"TCP"},{"name":"debug","containerPort":5005,"protocol":"TCP"}],"env":[{"name":"MSNEXT_JAVA_OPTS","value":"-XX:+UnlockExperimentalVMOptions -XX:+UseCGroupMemoryLimitForHeap -XX:InitialRAMFraction=4 -XX:MaxRAMFraction=2 -XX:+PrintFlagsFinal"},{"name":"ENABLE_ZIPKIN","value":"false"},{"name":"MSNEXT_CONF_SOURCE_APP1","value":"/deployments/config/applications/auth"},{"name":"ENABLE_CONSUMER","value":"true"},{"name":"BR_MS_HOST","value":"business-request-service:8080"},{"name":"BR_MS_PROTOCOL","value":"http"},{"name":"JAVA_ENABLE_DEBUG","value":"true"}],"resources":{"limits":{"cpu":"1","memory":"1Gi"},"requests":{"cpu":"200m","memory":"1Gi"}},"volumeMounts":[{"name":"auth-configmap","mountPath":"/deployments/config/applications/auth"},{"name":"default-token-vdgk4","readOnly":true,"mountPath":"/var/run/secrets/kubernetes.io/serviceaccount"}],"livenessProbe":{"httpGet":{"path":"/health","port":8081,"scheme":"HTTP"},"initialDelaySeconds":450,"timeoutSeconds":1,"periodSeconds":10,"successThreshold":1,"failureThreshold":3},"readinessProbe":{"httpGet":{"path":"/health","port":8081,"scheme":"HTTP"},"initialDelaySeconds":120,"timeoutSeconds":1,"periodSeconds":10,"successThreshold":1,"failureThreshold":3},"terminationMessagePath":"/dev/termination-log","terminationMessagePolicy":"File","imagePullPolicy":"IfNotPresent","securityContext":{"capabilities":{"drop":["MKNOD"]}}}],"restartPolicy":"Always","terminationGracePeriodSeconds":30,"dnsPolicy":"ClusterFirst","nodeSelector":{"region":"work"},"serviceAccountName":"default","serviceAccount":"default","nodeName":"ilocpde01w23.corp.amdocs.com","securityContext":{"seLinuxOptions":{"level":"s0:c82,c59"}},"imagePullSecrets":[{"name":"metadata-entity-command-service-pull-secret"}],"schedulerName":"default-scheduler","tolerations":[{"key":"node.kubernetes.io/memory-pressure","operator":"Exists","effect":"NoSchedule"}]},"status":{"phase":"Running","conditions":[{"type":"Initialized","status":"True","lastProbeTime":null,"lastTransitionTime":"2018-09-13T06:52:50Z"},{"type":"Ready","status":"True","lastProbeTime":null,"lastTransitionTime":"2018-09-13T06:59:42Z"},{"type":"PodScheduled","status":"True","lastProbeTime":null,"lastTransitionTime":"2018-09-13T06:52:50Z"}],"hostIP":"10.245.251.164","podIP":"10.128.54.30","startTime":"2018-09-13T06:52:50Z","containerStatuses":[{"name":"metadata-entity-command-service","state":{"running":{"startedAt":"2018-09-13T06:57:34Z"}},"lastState":{"terminated":{"exitCode":137,"reason":"OOMKilled","startedAt":"2018-09-13T06:53:28Z","finishedAt":"2018-09-13T06:57:32Z","containerID":"docker://2a0e9447313bf16447dba6bf8dadee37d6367d65403a8331d33e8b5ee774807c"}},"ready":true,"restartCount":1,"image":"illin5225.corp.amdocs.com:5002/metadata-entity-command-service:1.0.2-RC","imageID":"docker-pullable://illin5225.corp.amdocs.com:5002/metadata-entity-command-service@sha256:a13612975921781f11f4a929227b1bec140333790dc0b997c2fe271199bb1eb0","containerID":"docker://099b7652d88988177e17f462103aed7927b94eb36f55b16f04507e769b7ce06a"}],"qosClass":"Burstable"}},{"metadata":{"name":"orderitemaccessor-releas-7bb554cf86-6zpnm","generateName":"orderitemaccessor-releas-7bb554cf86-","namespace":"oc-cd-1017-pranavd-pd","selfLink":"/api/v1/namespaces/oc-cd-1017-pranavd-pd/pods/orderitemaccessor-releas-7bb554cf86-6zpnm","uid":"a1336cf2-b721-11e8-bb86-0050569a887c","resourceVersion":"66124266","creationTimestamp":"2018-09-13T06:52:50Z","labels":{"app":"orderitemaccessor-releas","microservice":"orderitemaccessor","pod-template-hash":"3661107942","project":"orderitemaccessor","provider":"amdocs","release":"orderitemaccessor-release"},"annotations":{"fabric8.io/iconUrl":"img/icons/spring-boot.svg","git-commit":"dd1f927d45beda777b26feea79437a1068667d13","openshift.io/scc":"anyuid-no-ps"},"ownerReferences":[{"apiVersion":"extensions/v1beta1","kind":"ReplicaSet","name":"orderitemaccessor-releas-7bb554cf86","uid":"a12789c7-b721-11e8-bb86-0050569a887c","controller":true,"blockOwnerDeletion":true}]},"spec":{"volumes":[{"name":"default-token-vdgk4","secret":{"secretName":"default-token-vdgk4","defaultMode":420}}],"containers":[{"name":"orderitemaccessor-service-container","image":"illin5564.corp.amdocs.com:5000/orderitemaccessor-service:1.0.1-0007","ports":[{"name":"http","containerPort":8080,"protocol":"TCP"},{"name":"jacoco","containerPort":6300,"protocol":"TCP"},{"name":"metrics","containerPort":5555,"protocol":"TCP"},{"name":"management","containerPort":18080,"protocol":"TCP"}],"env":[{"name":"KUBERNETES_NAMESPACE","valueFrom":{"fieldRef":{"apiVersion":"v1","fieldPath":"metadata.namespace"}}},{"name":"MSNEXT_JAVA_OPTS","value":" -Xms256m -Xmx1024m -XX:MaxRAM=2048m -XX:+DisableExplicitGC -XX:+UseConcMarkSweepGC -XX:+CMSParallelRemarkEnabled -XX:NewRatio=1 -Xss512k -XX:MaxMetaspaceSize=512m"},{"name":"MSNEXT_DISABLED_MODULES","value":"msnext-customization"},{"name":"MANAGEMENT_PORT","value":"18080"},{"name":"SERVER_PORT","value":"8080"}],"resources":{"limits":{"cpu":"2","memory":"2Gi"},"requests":{"cpu":"200m","memory":"1Gi"}},"volumeMounts":[{"name":"default-token-vdgk4","readOnly":true,"mountPath":"/var/run/secrets/kubernetes.io/serviceaccount"}],"livenessProbe":{"httpGet":{"path":"/health","port":18080,"scheme":"HTTP"},"initialDelaySeconds":900,"timeoutSeconds":10,"periodSeconds":10,"successThreshold":1,"failureThreshold":3},"readinessProbe":{"httpGet":{"path":"/health","port":18080,"scheme":"HTTP"},"initialDelaySeconds":30,"timeoutSeconds":10,"periodSeconds":10,"successThreshold":1,"failureThreshold":3},"terminationMessagePath":"/dev/termination-log","terminationMessagePolicy":"File","imagePullPolicy":"IfNotPresent","securityContext":{"capabilities":{"drop":["MKNOD"]},"privileged":false}}],"restartPolicy":"Always","terminationGracePeriodSeconds":30,"dnsPolicy":"ClusterFirst","nodeSelector":{"region":"work"},"serviceAccountName":"default","serviceAccount":"default","nodeName":"ilocpde01w22.corp.amdocs.com","securityContext":{"seLinuxOptions":{"level":"s0:c82,c59"}},"imagePullSecrets":[{"name":"orderitemaccessor-ms-secret"}],"schedulerName":"default-scheduler","tolerations":[{"key":"node.kubernetes.io/memory-pressure","operator":"Exists","effect":"NoSchedule"}]},"status":{"phase":"Running","conditions":[{"type":"Initialized","status":"True","lastProbeTime":null,"lastTransitionTime":"2018-09-13T06:52:50Z"},{"type":"Ready","status":"True","lastProbeTime":null,"lastTransitionTime":"2018-09-13T06:54:05Z"},{"type":"PodScheduled","status":"True","lastProbeTime":null,"lastTransitionTime":"2018-09-13T06:52:50Z"}],"hostIP":"10.245.251.163","podIP":"10.128.56.175","startTime":"2018-09-13T06:52:50Z","containerStatuses":[{"name":"orderitemaccessor-service-container","state":{"running":{"startedAt":"2018-09-13T06:52:53Z"}},"lastState":{},"ready":true,"restartCount":0,"image":"illin5564.corp.amdocs.com:5000/orderitemaccessor-service:1.0.1-0007","imageID":"docker-pullable://illin5564.corp.amdocs.com:5000/orderitemaccessor-service@sha256:0464e7f846da3184cd5c820c16e1436d47cd7fd4bf1f8e6bf09d2793c9dd3067","containerID":"docker://9192800abd022d439e1cabfa5d4fa850fe162df7172138208624eb3afd01a66a"}],"qosClass":"Burstable"}},{"metadata":{"name":"paymentmanagement-paymen-5bb644ffc7-mcz2c","generateName":"paymentmanagement-paymen-5bb644ffc7-","namespace":"oc-cd-1017-pranavd-pd","selfLink":"/api/v1/namespaces/oc-cd-1017-pranavd-pd/pods/paymentmanagement-paymen-5bb644ffc7-mcz2c","uid":"a1418bea-b721-11e8-bb86-0050569a887c","resourceVersion":"66124203","creationTimestamp":"2018-09-13T06:52:50Z","labels":{"app":"paymentmanagement-paymen","microservice":"paymentmanagement-paymen","pod-template-hash":"1662009973","project":"paymentmanagement-payment","provider":"amdocs","release":"paymentmanagement-payment-release"},"annotations":{"git-commit":"1e2bf4b2dce6f2d91794e0c5643bb3d0898a175b","openshift.io/scc":"anyuid-no-ps"},"ownerReferences":[{"apiVersion":"extensions/v1beta1","kind":"ReplicaSet","name":"paymentmanagement-paymen-5bb644ffc7","uid":"a136afa9-b721-11e8-bb86-0050569a887c","controller":true,"blockOwnerDeletion":true}]},"spec":{"volumes":[{"name":"prop-volume","configMap":{"name":"paymentmanagement-payment-service-appconfig","defaultMode":420,"optional":true}},{"name":"default-token-vdgk4","secret":{"secretName":"default-token-vdgk4","defaultMode":420}}],"containers":[{"name":"paymentmanagement-payment-service-container","image":"illin5564.corp.amdocs.com:5000/paymentmanagement-payment-service:0.1.1-0025","ports":[{"name":"http","containerPort":8080,"protocol":"TCP"},{"name":"https","containerPort":8443,"protocol":"TCP"},{"name":"metrics","containerPort":5555,"protocol":"TCP"},{"name":"management","containerPort":18080,"protocol":"TCP"}],"env":[{"name":"KUBERNETES_NAMESPACE","valueFrom":{"fieldRef":{"apiVersion":"v1","fieldPath":"metadata.namespace"}}},{"name":"MSNEXT_JAVA_OPTS","value":" -Xms256m -Xmx1024m -XX:MaxRAM=2048m -XX:+DisableExplicitGC -XX:+UseConcMarkSweepGC -XX:+CMSParallelRemarkEnabled -XX:NewRatio=1 -Xss512k -XX:MaxMetaspaceSize=512m -Dcom.amdocs.msnext.securitya3s.url=http://10.238.196.7:30081/asmServices/services/v1.0"},{"name":"SERVER_PORT","value":"8080"},{"name":"MSNEXT_DISABLED_MODULES","value":"msnext-customization"},{"name":"MANAGEMENT_PORT","value":"18080"},{"name":"MSNEXT_CONF_SOURCE_APP","value":"/etc/config"}],"resources":{"limits":{"cpu":"2","memory":"2Gi"},"requests":{"cpu":"200m","memory":"1Gi"}},"volumeMounts":[{"name":"prop-volume","mountPath":"/etc/config"},{"name":"default-token-vdgk4","readOnly":true,"mountPath":"/var/run/secrets/kubernetes.io/serviceaccount"}],"livenessProbe":{"httpGet":{"path":"/health","port":18080,"scheme":"HTTP"},"initialDelaySeconds":900,"timeoutSeconds":10,"periodSeconds":10,"successThreshold":1,"failureThreshold":3},"readinessProbe":{"httpGet":{"path":"/health","port":18080,"scheme":"HTTP"},"initialDelaySeconds":30,"timeoutSeconds":10,"periodSeconds":10,"successThreshold":1,"failureThreshold":3},"terminationMessagePath":"/dev/termination-log","terminationMessagePolicy":"File","imagePullPolicy":"IfNotPresent","securityContext":{"capabilities":{"drop":["MKNOD"]},"privileged":false}}],"restartPolicy":"Always","terminationGracePeriodSeconds":30,"dnsPolicy":"ClusterFirst","nodeSelector":{"region":"work"},"serviceAccountName":"default","serviceAccount":"default","nodeName":"ilocpde01w20.corp.amdocs.com","securityContext":{"seLinuxOptions":{"level":"s0:c82,c59"}},"imagePullSecrets":[{"name":"paymentmanagement-payment-secret"}],"schedulerName":"default-scheduler","tolerations":[{"key":"node.kubernetes.io/memory-pressure","operator":"Exists","effect":"NoSchedule"}]},"status":{"phase":"Running","conditions":[{"type":"Initialized","status":"True","lastProbeTime":null,"lastTransitionTime":"2018-09-13T06:52:50Z"},{"type":"Ready","status":"True","lastProbeTime":null,"lastTransitionTime":"2018-09-13T06:54:02Z"},{"type":"PodScheduled","status":"True","lastProbeTime":null,"lastTransitionTime":"2018-09-13T06:52:50Z"}],"podIP":"10.128.49.132","startTime":"2018-09-13T06:52:50Z","containerStatuses":[{"name":"paymentmanagement-payment-service-container","state":{"running":{"startedAt":"2018-09-13T06:52:53Z"}},"lastState":{},"ready":true,"restartCount":0,"image":"illin5564.corp.amdocs.com:5000/paymentmanagement-payment-service:0.1.1-0025","imageID":"docker-pullable://illin5564.corp.amdocs.com:5000/paymentmanagement-payment-service@sha256:3d2ada962e84cb83ef1c6829914f96ba6338beb3141c1e709c671fb7a62aa0ff","containerID":"docker://90cfa7180f75d511ec0bde3809eedd7629173321af7d601b41c4be0e6b36b566"}],"qosClass":"Burstable"}},{"metadata":{"name":"phoneportin-phoneportinb-7d5d6d47cc-87vrt","generateName":"phoneportin-phoneportinb-7d5d6d47cc-","namespace":"oc-cd-1017-pranavd-pd","selfLink":"/api/v1/namespaces/oc-cd-1017-pranavd-pd/pods/phoneportin-phoneportinb-7d5d6d47cc-87vrt","uid":"a1571238-b721-11e8-bb86-0050569a887c","resourceVersion":"66124174","creationTimestamp":"2018-09-13T06:52:50Z","labels":{"app":"phoneportin-phoneportinb","microservice":"phoneportin-phoneportinb","pod-template-hash":"3818280377","project":"phoneportin-phoneportinbridge","provider":"amdocs","release":"phoneportin-phoneportinbridge-release"},"annotations":{"fabric8.io/iconUrl":"img/icons/spring-boot.svg","openshift.io/scc":"anyuid-no-ps"},"ownerReferences":[{"apiVersion":"extensions/v1beta1","kind":"ReplicaSet","name":"phoneportin-phoneportinb-7d5d6d47cc","uid":"a1469f1d-b721-11e8-bb86-0050569a887c","controller":true,"blockOwnerDeletion":true}]},"spec":{"volumes":[{"name":"default-token-vdgk4","secret":{"secretName":"default-token-vdgk4","defaultMode":420}}],"containers":[{"name":"phoneportin-phoneportinbridge-service-container","image":"illin5564.corp.amdocs.com:5000/phoneportin-phoneportinbridge-service:0.1.1-0017","ports":[{"name":"http","containerPort":8080,"protocol":"TCP"},{"name":"https","containerPort":8443,"protocol":"TCP"},{"name":"metrics","containerPort":5555,"protocol":"TCP"},{"name":"management","containerPort":18080,"protocol":"TCP"}],"env":[{"name":"KUBERNETES_NAMESPACE","valueFrom":{"fieldRef":{"apiVersion":"v1","fieldPath":"metadata.namespace"}}},{"name":"MSNEXT_JAVA_OPTS","value":"-Dcom.amdocs.msnext.securityjwt.anonymous.context-mapping.msnext.management=.*management  -Xms256m -Xmx1024m -XX:MaxRAM=2048m -XX:+DisableExplicitGC -XX:+UseConcMarkSweepGC -XX:+CMSParallelRemarkEnabled -XX:NewRatio=1 -Xss512k -XX:MaxMetaspaceSize=512m -Dcom.amdocs.msnext.securitya3s.url=http://10.238.196.7:30081/asmServices/services/v1.0"},{"name":"SERVER_PORT","value":"8080"},{"name":"MSNEXT_MODULE_MGT_DISABLE","value":"msnext-customization"},{"name":"MSNEXT_JACOCO_ENABLE","value":"${jacoco.enabled}"},{"name":"MSNEXT_JACOCO_OPTS","value":"output=tcpserver,address=*,port=6300"},{"name":"MANAGEMENT_PORT","value":"18080"},{"name":"MALLOC_ARENA_MAX","value":"4"},{"name":"TZ","value":"UTC"}],"resources":{"limits":{"cpu":"2","memory":"2Gi"},"requests":{"cpu":"200m","memory":"1Gi"}},"volumeMounts":[{"name":"default-token-vdgk4","readOnly":true,"mountPath":"/var/run/secrets/kubernetes.io/serviceaccount"}],"livenessProbe":{"httpGet":{"path":"/health","port":18080,"scheme":"HTTP"},"initialDelaySeconds":900,"timeoutSeconds":1,"periodSeconds":10,"successThreshold":1,"failureThreshold":3},"readinessProbe":{"httpGet":{"path":"/health","port":18080,"scheme":"HTTP"},"initialDelaySeconds":30,"timeoutSeconds":10,"periodSeconds":10,"successThreshold":1,"failureThreshold":3},"terminationMessagePath":"/dev/termination-log","terminationMessagePolicy":"File","imagePullPolicy":"IfNotPresent","securityContext":{"capabilities":{"drop":["MKNOD"]},"privileged":false}}],"restartPolicy":"Always","terminationGracePeriodSeconds":30,"dnsPolicy":"ClusterFirst","nodeSelector":{"region":"work"},"serviceAccountName":"default","serviceAccount":"default","nodeName":"ilocpde01w19.corp.amdocs.com","securityContext":{"seLinuxOptions":{"level":"s0:c82,c59"}},"imagePullSecrets":[{"name":"phoneportin-phoneportinbridge-secret"}],"schedulerName":"default-scheduler","tolerations":[{"key":"node.kubernetes.io/memory-pressure","operator":"Exists","effect":"NoSchedule"}]},"status":{"phase":"Running","conditions":[{"type":"Initialized","status":"True","lastProbeTime":null,"lastTransitionTime":"2018-09-13T06:52:50Z"},{"type":"Ready","status":"True","lastProbeTime":null,"lastTransitionTime":"2018-09-13T06:53:59Z"},{"type":"PodScheduled","status":"True","lastProbeTime":null,"lastTransitionTime":"2018-09-13T06:52:50Z"}],"hostIP":"10.245.251.160","podIP":"10.128.50.202","startTime":"2018-09-13T06:52:50Z","containerStatuses":[{"name":"phoneportin-phoneportinbridge-service-container","state":{"running":{"startedAt":"2018-09-13T06:52:53Z"}},"lastState":{},"ready":true,"restartCount":0,"image":"illin5564.corp.amdocs.com:5000/phoneportin-phoneportinbridge-service:0.1.1-0017","imageID":"docker-pullable://illin5564.corp.amdocs.com:5000/phoneportin-phoneportinbridge-service@sha256:3aa420bcab0cba5780da4bb982312a3e1aa375c38ca79faab7ed42827daaee86","containerID":"docker://55c0c2361048854e56be081e6c44047cd59f1ad3538c6d3f5116ab28b2dd4768"}],"qosClass":"Burstable"}},{"metadata":{"name":"pi-factory-release-pi-fa-6d8fbfcf57-p8qb5","generateName":"pi-factory-release-pi-fa-6d8fbfcf57-","namespace":"oc-cd-1017-pranavd-pd","selfLink":"/api/v1/namespaces/oc-cd-1017-pranavd-pd/pods/pi-factory-release-pi-fa-6d8fbfcf57-p8qb5","uid":"a16b3cf7-b721-11e8-bb86-0050569a887c","resourceVersion":"66124103","creationTimestamp":"2018-09-13T06:52:50Z","labels":{"app":"pi-factory-release-pi-fa","microservice":"pi-factory","pod-template-hash":"2849697913","project":"pi-factory","provider":"amdocs","release":"pi-factory-release"},"annotations":{"checksum/config":"4b502369ac828ee8461ed0317a495386911a4224ac81a0f913f0ad154d376d5a","fabric8.io/iconUrl":"img/icons/spring-boot.svg","openshift.io/scc":"anyuid-no-ps"},"ownerReferences":[{"apiVersion":"extensions/v1beta1","kind":"ReplicaSet","name":"pi-factory-release-pi-fa-6d8fbfcf57","uid":"a15c2945-b721-11e8-bb86-0050569a887c","controller":true,"blockOwnerDeletion":true}]},"spec":{"volumes":[{"name":"default-token-vdgk4","secret":{"secretName":"default-token-vdgk4","defaultMode":420}}],"containers":[{"name":"pi-factory-service-container","image":"illin5564.corp.amdocs.com:5000/pi-factory-service:0.1.1-0051","ports":[{"name":"metrics","containerPort":5555,"protocol":"TCP"},{"name":"http","containerPort":8080,"protocol":"TCP"},{"name":"jacoco","containerPort":6300,"protocol":"TCP"},{"name":"management","containerPort":18080,"protocol":"TCP"}],"env":[{"name":"KUBERNETES_NAMESPACE","valueFrom":{"fieldRef":{"apiVersion":"v1","fieldPath":"metadata.namespace"}}},{"name":"MSNEXT_JAVA_OPTS","value":"-Xms256m -Xmx512m -XX:MaxRAM=1024m -XX:+UseSerialGC"},{"name":"MSNEXT_DISABLED_MODULES","value":"msnext-customization"},{"name":"MANAGEMENT_PORT","value":"18080"},{"name":"SERVER_PORT","value":"8080"}],"resources":{"limits":{"cpu":"2","memory":"2Gi"},"requests":{"cpu":"200m","memory":"1Gi"}},"volumeMounts":[{"name":"default-token-vdgk4","readOnly":true,"mountPath":"/var/run/secrets/kubernetes.io/serviceaccount"}],"livenessProbe":{"httpGet":{"path":"/health","port":18080,"scheme":"HTTP"},"initialDelaySeconds":900,"timeoutSeconds":10,"periodSeconds":10,"successThreshold":1,"failureThreshold":3},"readinessProbe":{"httpGet":{"path":"/health","port":18080,"scheme":"HTTP"},"initialDelaySeconds":30,"timeoutSeconds":10,"periodSeconds":10,"successThreshold":1,"failureThreshold":3},"terminationMessagePath":"/dev/termination-log","terminationMessagePolicy":"File","imagePullPolicy":"IfNotPresent","securityContext":{"capabilities":{"drop":["MKNOD"]},"privileged":false}}],"restartPolicy":"Always","terminationGracePeriodSeconds":30,"dnsPolicy":"ClusterFirst","nodeSelector":{"region":"work"},"serviceAccountName":"default","serviceAccount":"default","nodeName":"ilocpde01w17.corp.amdocs.com","securityContext":{"seLinuxOptions":{"level":"s0:c82,c59"}},"imagePullSecrets":[{"name":"pi-factory-ms-secret"}],"schedulerName":"default-scheduler","tolerations":[{"key":"node.kubernetes.io/memory-pressure","operator":"Exists","effect":"NoSchedule"}]},"status":{"phase":"Running","conditions":[{"type":"Initialized","status":"True","lastProbeTime":null,"lastTransitionTime":"2018-09-13T06:52:50Z"},{"type":"Ready","status":"True","lastProbeTime":null,"lastTransitionTime":"2018-09-13T06:53:54Z"},{"type":"PodScheduled","status":"True","lastProbeTime":null,"lastTransitionTime":"2018-09-13T06:52:50Z"}],"hostIP":"10.245.250.36","podIP":"10.128.47.69","startTime":"2018-09-13T06:52:50Z","containerStatuses":[{"name":"pi-factory-service-container","state":{"running":{"startedAt":"2018-09-13T06:52:56Z"}},"lastState":{},"ready":true,"restartCount":0,"image":"illin5564.corp.amdocs.com:5000/pi-factory-service:0.1.1-0051","imageID":"docker-pullable://illin5564.corp.amdocs.com:5000/pi-factory-service@sha256:e807877857285450ce77541c4caeaa8f557cb37551464c0fe96cb912a36738fc","containerID":"docker://1cbac90f916e406271b3ff2991658f6864790c68e460c265afb1ba4d14d3c964"}],"qosClass":"Burstable"}},{"metadata":{"name":"pi-product-release-pi-pr-768d5bb47d-5djv9","generateName":"pi-product-release-pi-pr-768d5bb47d-","namespace":"oc-cd-1017-pranavd-pd","selfLink":"/api/v1/namespaces/oc-cd-1017-pranavd-pd/pods/pi-product-release-pi-pr-768d5bb47d-5djv9","uid":"a17aee12-b721-11e8-bb86-0050569a887c","resourceVersion":"66124385","creationTimestamp":"2018-09-13T06:52:50Z","labels":{"app":"pi-product-release-pi-pr","microservice":"pi-product","pod-template-hash":"3248166038","project":"pi-product","provider":"amdocs","release":"pi-product-release"},"annotations":{"git-commit":"b2c5a08facde59dc2947676018c3550ecbdb4b5b","openshift.io/scc":"anyuid-no-ps"},"ownerReferences":[{"apiVersion":"extensions/v1beta1","kind":"ReplicaSet","name":"pi-product-release-pi-pr-768d5bb47d","uid":"a171b235-b721-11e8-bb86-0050569a887c","controller":true,"blockOwnerDeletion":true}]},"spec":{"volumes":[{"name":"prop-volume","configMap":{"name":"pi-product-service-appconfig","defaultMode":420,"optional":true}},{"name":"default-token-vdgk4","secret":{"secretName":"default-token-vdgk4","defaultMode":420}}],"containers":[{"name":"pi-product-service-container","image":"illin5564.corp.amdocs.com:5000/pi-product-service:0.1.1-0046","ports":[{"name":"metrics","containerPort":5555,"protocol":"TCP"},{"name":"http","containerPort":8080,"protocol":"TCP"},{"name":"jacoco","containerPort":6300,"protocol":"TCP"},{"name":"management","containerPort":18080,"protocol":"TCP"}],"env":[{"name":"KUBERNETES_NAMESPACE","valueFrom":{"fieldRef":{"apiVersion":"v1","fieldPath":"metadata.namespace"}}},{"name":"MSNEXT_JAVA_OPTS","value":" -Xms256m -Xmx1024m -XX:MaxRAM=2048m -XX:+DisableExplicitGC -XX:+UseConcMarkSweepGC -XX:+CMSParallelRemarkEnabled -XX:NewRatio=1 -Xss512k -XX:MaxMetaspaceSize=512m -Dcom.amdocs.msnext.securitya3s.url=http://10.238.196.7:30081/asmServices/services/v1.0 "},{"name":"MSNEXT_DISABLED_MODULES","value":"msnext-customization"},{"name":"MANAGEMENT_PORT","value":"18080"},{"name":"SERVER_PORT","value":"8080"},{"name":"MALLOC_ARENA_MAX","value":"4"},{"name":"JAVA_ENABLE_DEBUG","value":"false"},{"name":"MSNEXT_CONF_SOURCE_APP","value":"/etc/config"}],"resources":{"limits":{"cpu":"2","memory":"2Gi"},"requests":{"cpu":"200m","memory":"1Gi"}},"volumeMounts":[{"name":"prop-volume","mountPath":"/etc/config"},{"name":"default-token-vdgk4","readOnly":true,"mountPath":"/var/run/secrets/kubernetes.io/serviceaccount"}],"livenessProbe":{"httpGet":{"path":"/health","port":18080,"scheme":"HTTP"},"initialDelaySeconds":900,"timeoutSeconds":10,"periodSeconds":10,"successThreshold":1,"failureThreshold":3},"readinessProbe":{"httpGet":{"path":"/health","port":18080,"scheme":"HTTP"},"initialDelaySeconds":30,"timeoutSeconds":10,"periodSeconds":10,"successThreshold":1,"failureThreshold":3},"terminationMessagePath":"/dev/termination-log","terminationMessagePolicy":"File","imagePullPolicy":"IfNotPresent","securityContext":{"capabilities":{"drop":["MKNOD"]},"privileged":false}}],"restartPolicy":"Always","terminationGracePeriodSeconds":30,"dnsPolicy":"ClusterFirst","nodeSelector":{"region":"work"},"serviceAccountName":"default","serviceAccount":"default","nodeName":"ilocpde01w30.corp.amdocs.com","securityContext":{"seLinuxOptions":{"level":"s0:c82,c59"}},"imagePullSecrets":[{"name":"pi-product-ms-secret"}],"schedulerName":"default-scheduler","tolerations":[{"key":"node.kubernetes.io/memory-pressure","operator":"Exists","effect":"NoSchedule"}]},"status":{"phase":"Running","conditions":[{"type":"Initialized","status":"True","lastProbeTime":null,"lastTransitionTime":"2018-09-13T06:52:50Z"},{"type":"Ready","status":"True","lastProbeTime":null,"lastTransitionTime":"2018-09-13T06:54:14Z"},{"type":"PodScheduled","status":"True","lastProbeTime":null,"lastTransitionTime":"2018-09-13T06:52:50Z"}],"podIP":"10.128.70.13","startTime":"2018-09-13T06:52:50Z","containerStatuses":[{"name":"pi-product-service-container","state":{"running":{"startedAt":"2018-09-13T06:52:53Z"}},"lastState":{},"ready":true,"restartCount":0,"image":"illin5564.corp.amdocs.com:5000/pi-product-service:0.1.1-0046","imageID":"docker-pullable://illin5564.corp.amdocs.com:5000/pi-product-service@sha256:8e81b5170174f05ec6a75a152000e9a0e7569884e464121d95b9a19758becccf","containerID":"docker://9960f57b22ab0876b5fbbe93dc8f230f374d9bc2f36bce30fc8a4f32f5311e3a"}],"qosClass":"Burstable"}},{"metadata":{"name":"pi-validateproduct-relea-776768747f-x758r","generateName":"pi-validateproduct-relea-776768747f-","namespace":"oc-cd-1017-pranavd-pd","selfLink":"/api/v1/namespaces/oc-cd-1017-pranavd-pd/pods/pi-validateproduct-relea-776768747f-x758r","uid":"a18ddf2d-b721-11e8-bb86-0050569a887c","resourceVersion":"66124210","creationTimestamp":"2018-09-13T06:52:50Z","labels":{"app":"pi-validateproduct-relea","microservice":"pi-validateproduct","pod-template-hash":"3323243039","project":"pi-validateproduct","provider":"amdocs","release":"pi-validateproduct-release"},"annotations":{"fabric8.io/iconUrl":"img/icons/spring-boot.svg","git-commit":"50b9c8f1dc95713f85d95761f6539264f0f52291","openshift.io/scc":"anyuid-no-ps"},"ownerReferences":[{"apiVersion":"extensions/v1beta1","kind":"ReplicaSet","name":"pi-validateproduct-relea-776768747f","uid":"a1806447-b721-11e8-bb86-0050569a887c","controller":true,"blockOwnerDeletion":true}]},"spec":{"volumes":[{"name":"prop-volume","configMap":{"name":"pi-validateproduct-service-appconfig","defaultMode":420,"optional":true}},{"name":"default-token-vdgk4","secret":{"secretName":"default-token-vdgk4","defaultMode":420}}],"containers":[{"name":"pi-validateproduct-service-container","image":"illin5564.corp.amdocs.com:5000/pi-validateproduct-service:0.1.1-0028","ports":[{"name":"metrics","containerPort":5555,"protocol":"TCP"},{"name":"http","containerPort":8080,"protocol":"TCP"},{"name":"jacoco","containerPort":6300,"protocol":"TCP"},{"name":"management","containerPort":18080,"protocol":"TCP"}],"env":[{"name":"KUBERNETES_NAMESPACE","valueFrom":{"fieldRef":{"apiVersion":"v1","fieldPath":"metadata.namespace"}}},{"name":"MSNEXT_JAVA_OPTS","value":" -Xms256m -Xmx1024m -XX:MaxRAM=2048m -XX:+DisableExplicitGC -XX:+UseConcMarkSweepGC -XX:+CMSParallelRemarkEnabled -XX:NewRatio=1 -Xss512k -XX:MaxMetaspaceSize=512m"},{"name":"MSNEXT_CONF_SOURCE_APP","value":"/etc/config"},{"name":"MSNEXT_DISABLED_MODULES","value":"msnext-customization"},{"name":"MANAGEMENT_PORT","value":"18080"},{"name":"SERVER_PORT","value":"8080"},{"name":"MALLOC_ARENA_MAX","value":"4"},{"name":"TZ","value":"UTC"},{"name":"MSNEXT_JACOCO_ENABLE","value":"0"},{"name":"MSNEXT_JACOCO_OPTS","value":"output=tcpserver,address=*,port=6300"},{"name":"MSNEXT_CONF_SOURCE_APP","value":"/etc/config"}],"resources":{"limits":{"cpu":"2","memory":"2Gi"},"requests":{"cpu":"200m","memory":"1Gi"}},"volumeMounts":[{"name":"prop-volume","mountPath":"/etc/config"},{"name":"default-token-vdgk4","readOnly":true,"mountPath":"/var/run/secrets/kubernetes.io/serviceaccount"}],"livenessProbe":{"httpGet":{"path":"/health","port":18080,"scheme":"HTTP"},"initialDelaySeconds":900,"timeoutSeconds":10,"periodSeconds":10,"successThreshold":1,"failureThreshold":3},"readinessProbe":{"httpGet":{"path":"/health","port":18080,"scheme":"HTTP"},"initialDelaySeconds":30,"timeoutSeconds":10,"periodSeconds":10,"successThreshold":1,"failureThreshold":3},"terminationMessagePath":"/dev/termination-log","terminationMessagePolicy":"File","imagePullPolicy":"IfNotPresent","securityContext":{"capabilities":{"drop":["MKNOD"]},"privileged":false}}],"restartPolicy":"Always","terminationGracePeriodSeconds":30,"dnsPolicy":"ClusterFirst","nodeSelector":{"region":"work"},"serviceAccountName":"default","serviceAccount":"default","nodeName":"ilocpde01w28.corp.amdocs.com","securityContext":{"seLinuxOptions":{"level":"s0:c82,c59"}},"imagePullSecrets":[{"name":"pi-validateproduct-ms-secret"}],"schedulerName":"default-scheduler","tolerations":[{"key":"node.kubernetes.io/memory-pressure","operator":"Exists","effect":"NoSchedule"}]},"status":{"phase":"Running","conditions":[{"type":"Initialized","status":"True","lastProbeTime":null,"lastTransitionTime":"2018-09-13T06:52:50Z"},{"type":"Ready","status":"True","lastProbeTime":null,"lastTransitionTime":"2018-09-13T06:54:02Z"},{"type":"PodScheduled","status":"True","lastProbeTime":null,"lastTransitionTime":"2018-09-13T06:52:50Z"}],"hostIP":"10.245.251.169","podIP":"10.128.69.244","startTime":"2018-09-13T06:52:50Z","containerStatuses":[{"name":"pi-validateproduct-service-container","state":{"running":{"startedAt":"2018-09-13T06:52:53Z"}},"lastState":{},"ready":true,"restartCount":0,"image":"illin5564.corp.amdocs.com:5000/pi-validateproduct-service:0.1.1-0028","imageID":"docker-pullable://illin5564.corp.amdocs.com:5000/pi-validateproduct-service@sha256:2ab1ed4be6498f93124dc9c444caa878cc7955f51ae3daaaef3c40d9837039be","containerID":"docker://b2d910e1ec6f8853723eee2f1aeffc495cd1783fa94e8c3cce46a14b1b023158"}],"qosClass":"Burstable"}},{"metadata":{"name":"pod-category-release-pod-88465c6fb-2xqz8","generateName":"pod-category-release-pod-88465c6fb-","namespace":"oc-cd-1017-pranavd-pd","selfLink":"/api/v1/namespaces/oc-cd-1017-pranavd-pd/pods/pod-category-release-pod-88465c6fb-2xqz8","uid":"a1a5c2a5-b721-11e8-bb86-0050569a887c","resourceVersion":"66124240","creationTimestamp":"2018-09-13T06:52:50Z","labels":{"app":"pod-category-release-pod","microservice":"pod-category","pod-template-hash":"440217296","project":"pod-category","provider":"amdocs","release":"pod-category-release"},"annotations":{"git-commit":"0f6ca8e71cc9e1864b881d2838d203608b084102","openshift.io/scc":"anyuid-no-ps"},"ownerReferences":[{"apiVersion":"extensions/v1beta1","kind":"ReplicaSet","name":"pod-category-release-pod-88465c6fb","uid":"a1932c39-b721-11e8-bb86-0050569a887c","controller":true,"blockOwnerDeletion":true}]},"spec":{"volumes":[{"name":"default-token-vdgk4","secret":{"secretName":"default-token-vdgk4","defaultMode":420}}],"containers":[{"name":"pod-category-service-container","image":"illin5564.corp.amdocs.com:5000/pod-category-service:0.1.1-0015","ports":[{"name":"metrics","containerPort":5555,"protocol":"TCP"},{"name":"http","containerPort":8080,"protocol":"TCP"},{"name":"management","containerPort":18080,"protocol":"TCP"}],"env":[{"name":"KUBERNETES_NAMESPACE","valueFrom":{"fieldRef":{"apiVersion":"v1","fieldPath":"metadata.namespace"}}},{"name":"MSNEXT_JAVA_OPTS","value":" -Xms256m -Xmx1024m -XX:MaxRAM=2048m -XX:+DisableExplicitGC -XX:+UseConcMarkSweepGC -XX:+CMSParallelRemarkEnabled -XX:NewRatio=1 -Xss512k -XX:MaxMetaspaceSize=512m -Dcom.amdocs.msnext.securitya3s.url=http://10.238.196.7:30081/asmServices/services/v1.0"},{"name":"MSNEXT_DISABLED_MODULES","value":"msnext-customization"},{"name":"MANAGEMENT_PORT","value":"18080"},{"name":"SERVER_PORT","value":"8080"},{"name":"MALLOC_ARENA_MAX","value":"4"},{"name":"TZ","value":"UTC"}],"resources":{"limits":{"cpu":"2","memory":"2Gi"},"requests":{"cpu":"200m","memory":"1Gi"}},"volumeMounts":[{"name":"default-token-vdgk4","readOnly":true,"mountPath":"/var/run/secrets/kubernetes.io/serviceaccount"}],"livenessProbe":{"httpGet":{"path":"/health","port":18080,"scheme":"HTTP"},"initialDelaySeconds":900,"timeoutSeconds":10,"periodSeconds":10,"successThreshold":1,"failureThreshold":3},"readinessProbe":{"httpGet":{"path":"/health","port":18080,"scheme":"HTTP"},"initialDelaySeconds":30,"timeoutSeconds":10,"periodSeconds":10,"successThreshold":1,"failureThreshold":3},"terminationMessagePath":"/dev/termination-log","terminationMessagePolicy":"File","imagePullPolicy":"IfNotPresent","securityContext":{"capabilities":{"drop":["MKNOD"]},"privileged":false}}],"restartPolicy":"Always","terminationGracePeriodSeconds":30,"dnsPolicy":"ClusterFirst","nodeSelector":{"region":"work"},"serviceAccountName":"default","serviceAccount":"default","nodeName":"ilocpde01w27.corp.amdocs.com","securityContext":{"seLinuxOptions":{"level":"s0:c82,c59"}},"imagePullSecrets":[{"name":"pod-category-ms-secret"}],"schedulerName":"default-scheduler","tolerations":[{"key":"node.kubernetes.io/memory-pressure","operator":"Exists","effect":"NoSchedule"}]},"status":{"phase":"Running","conditions":[{"type":"Initialized","status":"True","lastProbeTime":null,"lastTransitionTime":"2018-09-13T06:52:50Z"},{"type":"Ready","status":"True","lastProbeTime":null,"lastTransitionTime":"2018-09-13T06:54:04Z"},{"type":"PodScheduled","status":"True","lastProbeTime":null,"lastTransitionTime":"2018-09-13T06:52:50Z"}],"hostIP":"10.245.251.168","podIP":"10.128.64.31","startTime":"2018-09-13T06:52:50Z","containerStatuses":[{"name":"pod-category-service-container","state":{"running":{"startedAt":"2018-09-13T06:52:53Z"}},"lastState":{},"ready":true,"restartCount":0,"image":"illin5564.corp.amdocs.com:5000/pod-category-service:0.1.1-0015","imageID":"docker-pullable://illin5564.corp.amdocs.com:5000/pod-category-service@sha256:39bb67c713cbdbd7c6634f5ddd21bd4dc757764ecc55e524c75e9fb503ef64e2","containerID":"docker://bf04b88f3c7003423b832c589982e278d43c5b93b1229c5d64f9e727b988144f"}],"qosClass":"Burstable"}},{"metadata":{"name":"pod-experience-release-p-59dfb8f574-9dxtr","generateName":"pod-experience-release-p-59dfb8f574-","namespace":"oc-cd-1017-pranavd-pd","selfLink":"/api/v1/namespaces/oc-cd-1017-pranavd-pd/pods/pod-experience-release-p-59dfb8f574-9dxtr","uid":"a1b97b3e-b721-11e8-bb86-0050569a887c","resourceVersion":"66124463","creationTimestamp":"2018-09-13T06:52:50Z","labels":{"app":"pod-experience-release-p","microservice":"pod-experience","pod-template-hash":"1589649130","project":"pod-experience","provider":"amdocs","release":"pod-experience-release"},"annotations":{"fabric8.io/iconUrl":"img/icons/spring-boot.svg","git-commit":"17d57e3174da53ca529543bed0d19303539dc5e4","openshift.io/scc":"anyuid-no-ps"},"ownerReferences":[{"apiVersion":"extensions/v1beta1","kind":"ReplicaSet","name":"pod-experience-release-p-59dfb8f574","uid":"a1a52063-b721-11e8-bb86-0050569a887c","controller":true,"blockOwnerDeletion":true}]},"spec":{"volumes":[{"name":"default-token-vdgk4","secret":{"secretName":"default-token-vdgk4","defaultMode":420}}],"containers":[{"name":"pod-experience-service-container","image":"illin5564.corp.amdocs.com:5000/pod-experience-service:0.1.1-0030","ports":[{"name":"metrics","containerPort":5555,"protocol":"TCP"},{"name":"http","containerPort":8080,"protocol":"TCP"},{"name":"management","containerPort":18080,"protocol":"TCP"}],"env":[{"name":"KUBERNETES_NAMESPACE","valueFrom":{"fieldRef":{"apiVersion":"v1","fieldPath":"metadata.namespace"}}},{"name":"MSNEXT_JAVA_OPTS","value":" -Xms256m -Xmx1024m -XX:MaxRAM=2048m -XX:+DisableExplicitGC -XX:+UseConcMarkSweepGC -XX:+CMSParallelRemarkEnabled -XX:NewRatio=1 -Xss512k -XX:MaxMetaspaceSize=512m -Dcom.amdocs.msnext.securitya3s.url=http://10.238.196.7:30081/asmServices/services/v1.0"},{"name":"MSNEXT_DISABLED_MODULES","value":"msnext-customization"},{"name":"MANAGEMENT_PORT","value":"18080"},{"name":"SERVER_PORT","value":"8080"},{"name":"MALLOC_ARENA_MAX","value":"4"}],"resources":{"limits":{"cpu":"2","memory":"2Gi"},"requests":{"cpu":"200m","memory":"1Gi"}},"volumeMounts":[{"name":"default-token-vdgk4","readOnly":true,"mountPath":"/var/run/secrets/kubernetes.io/serviceaccount"}],"livenessProbe":{"httpGet":{"path":"/health","port":18080,"scheme":"HTTP"},"initialDelaySeconds":900,"timeoutSeconds":10,"periodSeconds":10,"successThreshold":1,"failureThreshold":3},"readinessProbe":{"httpGet":{"path":"/health","port":18080,"scheme":"HTTP"},"initialDelaySeconds":30,"timeoutSeconds":10,"periodSeconds":10,"successThreshold":1,"failureThreshold":3},"terminationMessagePath":"/dev/termination-log","terminationMessagePolicy":"File","imagePullPolicy":"IfNotPresent","securityContext":{"capabilities":{"drop":["MKNOD"]},"privileged":false}}],"restartPolicy":"Always","terminationGracePeriodSeconds":30,"dnsPolicy":"ClusterFirst","nodeSelector":{"region":"work"},"serviceAccountName":"default","serviceAccount":"default","nodeName":"ilocpde01w24.corp.amdocs.com","securityContext":{"seLinuxOptions":{"level":"s0:c82,c59"}},"imagePullSecrets":[{"name":"pod-experience-ms-secret"}],"schedulerName":"default-scheduler","tolerations":[{"key":"node.kubernetes.io/memory-pressure","operator":"Exists","effect":"NoSchedule"}]},"status":{"phase":"Running","conditions":[{"type":"Initialized","status":"True","lastProbeTime":null,"lastTransitionTime":"2018-09-13T06:52:51Z"},{"type":"Ready","status":"True","lastProbeTime":null,"lastTransitionTime":"2018-09-13T06:54:21Z"},{"type":"PodScheduled","status":"True","lastProbeTime":null,"lastTransitionTime":"2018-09-13T06:52:51Z"}],"hostIP":"10.245.251.165","podIP":"10.128.59.101","startTime":"2018-09-13T06:52:51Z","containerStatuses":[{"name":"pod-experience-service-container","state":{"running":{"startedAt":"2018-09-13T06:52:57Z"}},"lastState":{},"ready":true,"restartCount":0,"image":"illin5564.corp.amdocs.com:5000/pod-experience-service:0.1.1-0030","imageID":"docker-pullable://illin5564.corp.amdocs.com:5000/pod-experience-service@sha256:805fe83c6caf099c2ac034784e2f96b92ac8aca42d3ac877e815c64fc7beba05","containerID":"docker://5a98587252ef740b2c22b34567dc7911ade58d47c8c8865872cc8af79f83dc45"}],"qosClass":"Burstable"}},{"metadata":{"name":"pod-price-release-pod-pr-5b49596b9d-jc669","generateName":"pod-price-release-pod-pr-5b49596b9d-","namespace":"oc-cd-1017-pranavd-pd","selfLink":"/api/v1/namespaces/oc-cd-1017-pranavd-pd/pods/pod-price-release-pod-pr-5b49596b9d-jc669","uid":"a1d056e6-b721-11e8-bb86-0050569a887c","resourceVersion":"66124105","creationTimestamp":"2018-09-13T06:52:51Z","labels":{"app":"pod-price-release-pod-pr","microservice":"pod-price","pod-template-hash":"1605152658","project":"pod-price","provider":"amdocs","release":"pod-price-release"},"annotations":{"fabric8.io/iconUrl":"img/icons/spring-boot.svg","git-commit":"e85df953869b450c4309d839f90774e3f183ac99","openshift.io/scc":"anyuid-no-ps"},"ownerReferences":[{"apiVersion":"extensions/v1beta1","kind":"ReplicaSet","name":"pod-price-release-pod-pr-5b49596b9d","uid":"a1c00258-b721-11e8-bb86-0050569a887c","controller":true,"blockOwnerDeletion":true}]},"spec":{"volumes":[{"name":"default-token-vdgk4","secret":{"secretName":"default-token-vdgk4","defaultMode":420}}],"containers":[{"name":"pod-price-service-container","image":"illin5564.corp.amdocs.com:5000/pod-price-service:0.1.1-0055","ports":[{"name":"http","containerPort":8080,"protocol":"TCP"},{"name":"jacoco","containerPort":6300,"protocol":"TCP"},{"name":"management","containerPort":18080,"protocol":"TCP"}],"env":[{"name":"KUBERNETES_NAMESPACE","valueFrom":{"fieldRef":{"apiVersion":"v1","fieldPath":"metadata.namespace"}}},{"name":"MSNEXT_JAVA_OPTS","value":" -Xms256m -Xmx1024m -XX:MaxRAM=2048m -XX:+DisableExplicitGC -XX:+UseConcMarkSweepGC -XX:+CMSParallelRemarkEnabled -XX:NewRatio=1 -Xss512k -XX:MaxMetaspaceSize=512m -Dcom.amdocs.msnext.securitya3s.url=http://10.238.196.7:30081/asmServices/services/v1.0"},{"name":"MSNEXT_DISABLED_MODULES","value":"msnext-customization"},{"name":"MANAGEMENT_PORT","value":"18080"},{"name":"SERVER_PORT","value":"8080"},{"name":"MALLOC_ARENA_MAX","value":"4"}],"resources":{"limits":{"cpu":"2","memory":"2Gi"},"requests":{"cpu":"200m","memory":"1Gi"}},"volumeMounts":[{"name":"default-token-vdgk4","readOnly":true,"mountPath":"/var/run/secrets/kubernetes.io/serviceaccount"}],"livenessProbe":{"httpGet":{"path":"/health","port":18080,"scheme":"HTTP"},"initialDelaySeconds":900,"timeoutSeconds":10,"periodSeconds":10,"successThreshold":1,"failureThreshold":3},"readinessProbe":{"httpGet":{"path":"/health","port":18080,"scheme":"HTTP"},"initialDelaySeconds":30,"timeoutSeconds":10,"periodSeconds":10,"successThreshold":1,"failureThreshold":3},"terminationMessagePath":"/dev/termination-log","terminationMessagePolicy":"File","imagePullPolicy":"IfNotPresent","securityContext":{"capabilities":{"drop":["MKNOD"]},"privileged":false}}],"restartPolicy":"Always","terminationGracePeriodSeconds":30,"dnsPolicy":"ClusterFirst","nodeSelector":{"region":"work"},"serviceAccountName":"default","serviceAccount":"default","nodeName":"ilocpde01w15.corp.amdocs.com","securityContext":{"seLinuxOptions":{"level":"s0:c82,c59"}},"imagePullSecrets":[{"name":"pod-price-ms-secret"}],"schedulerName":"default-scheduler","tolerations":[{"key":"node.kubernetes.io/memory-pressure","operator":"Exists","effect":"NoSchedule"}]},"status":{"phase":"Running","conditions":[{"type":"Initialized","status":"True","lastProbeTime":null,"lastTransitionTime":"2018-09-13T06:52:51Z"},{"type":"Ready","status":"True","lastProbeTime":null,"lastTransitionTime":"2018-09-13T06:53:54Z"},{"type":"PodScheduled","status":"True","lastProbeTime":null,"lastTransitionTime":"2018-09-13T06:52:51Z"}],"hostIP":"10.245.250.34","podIP":"10.128.39.139","startTime":"2018-09-13T06:52:51Z","containerStatuses":[{"name":"pod-price-service-container","state":{"running":{"startedAt":"2018-09-13T06:52:53Z"}},"lastState":{},"ready":true,"restartCount":0,"image":"illin5564.corp.amdocs.com:5000/pod-price-service:0.1.1-0055","imageID":"docker-pullable://illin5564.corp.amdocs.com:5000/pod-price-service@sha256:e52d70c4ccba5a700d8880be3de6eab2cc65687a1682db3ebc98a9163aba7608","containerID":"docker://0e5f9341442dda46eb86b99cc11a9a26436b3b6379a434617a4b5a9d7e561a6a"}],"qosClass":"Burstable"}},{"metadata":{"name":"pod-productoffering-release-pod-productoffering-6657bc748-5gb5s","generateName":"pod-productoffering-release-pod-productoffering-6657bc748-","namespace":"oc-cd-1017-pranavd-pd","selfLink":"/api/v1/namespaces/oc-cd-1017-pranavd-pd/pods/pod-productoffering-release-pod-productoffering-6657bc748-5gb5s","uid":"a1e71bc1-b721-11e8-bb86-0050569a887c","resourceVersion":"66124221","creationTimestamp":"2018-09-13T06:52:51Z","labels":{"app":"pod-productoffering-release-pod-productoffering","microservice":"pod-productoffering","pod-template-hash":"221367304","project":"pod-productoffering","provider":"amdocs","release":"pod-productoffering-release"},"annotations":{"git-commit":"4ec358601dd2a3615791956a809879de8e4c4b18","openshift.io/scc":"anyuid-no-ps"},"ownerReferences":[{"apiVersion":"extensions/v1beta1","kind":"ReplicaSet","name":"pod-productoffering-release-pod-productoffering-6657bc748","uid":"a1d75555-b721-11e8-bb86-0050569a887c","controller":true,"blockOwnerDeletion":true}]},"spec":{"volumes":[{"name":"default-token-vdgk4","secret":{"secretName":"default-token-vdgk4","defaultMode":420}}],"containers":[{"name":"pod-productoffering-service-container","image":"illin5564.corp.amdocs.com:5000/pod-productoffering-service:0.1.1-0047","ports":[{"name":"metrics","containerPort":5555,"protocol":"TCP"},{"name":"http","containerPort":8080,"protocol":"TCP"},{"name":"https","containerPort":8443,"protocol":"TCP"},{"name":"management","containerPort":18080,"protocol":"TCP"}],"env":[{"name":"KUBERNETES_NAMESPACE","valueFrom":{"fieldRef":{"apiVersion":"v1","fieldPath":"metadata.namespace"}}},{"name":"MSNEXT_JAVA_OPTS","value":" -Xms256m -Xmx1024m -XX:MaxRAM=2048m -XX:+DisableExplicitGC -XX:+UseConcMarkSweepGC -XX:+CMSParallelRemarkEnabled -XX:NewRatio=1 -Xss512k -XX:MaxMetaspaceSize=512m -Dcom.amdocs.msnext.securitya3s.url=http://10.238.196.7:30081/asmServices/services/v1.0"},{"name":"SERVER_PORT","value":"8080"},{"name":"MSNEXT_DISABLED_MODULES","value":"msnext-customization"},{"name":"MANAGEMENT_PORT","value":"18080"},{"name":"MALLOC_ARENA_MAX","value":"4"},{"name":"TZ","value":"UTC"}],"resources":{"limits":{"cpu":"2","memory":"2Gi"},"requests":{"cpu":"200m","memory":"1Gi"}},"volumeMounts":[{"name":"default-token-vdgk4","readOnly":true,"mountPath":"/var/run/secrets/kubernetes.io/serviceaccount"}],"livenessProbe":{"httpGet":{"path":"/health","port":18080,"scheme":"HTTP"},"initialDelaySeconds":900,"timeoutSeconds":10,"periodSeconds":10,"successThreshold":1,"failureThreshold":3},"readinessProbe":{"httpGet":{"path":"/health","port":18080,"scheme":"HTTP"},"initialDelaySeconds":30,"timeoutSeconds":10,"periodSeconds":10,"successThreshold":1,"failureThreshold":3},"terminationMessagePath":"/dev/termination-log","terminationMessagePolicy":"File","imagePullPolicy":"IfNotPresent","securityContext":{"capabilities":{"drop":["MKNOD"]},"privileged":false}}],"restartPolicy":"Always","terminationGracePeriodSeconds":30,"dnsPolicy":"ClusterFirst","nodeSelector":{"region":"work"},"serviceAccountName":"default","serviceAccount":"default","nodeName":"ilocpde01w11.corp.amdocs.com","securityContext":{"seLinuxOptions":{"level":"s0:c82,c59"}},"imagePullSecrets":[{"name":"pod-productoffering-ms-secret"}],"schedulerName":"default-scheduler","tolerations":[{"key":"node.kubernetes.io/memory-pressure","operator":"Exists","effect":"NoSchedule"}]},"status":{"phase":"Running","conditions":[{"type":"Initialized","status":"True","lastProbeTime":null,"lastTransitionTime":"2018-09-13T06:52:51Z"},{"type":"Ready","status":"True","lastProbeTime":null,"lastTransitionTime":"2018-09-13T06:54:02Z"},{"type":"PodScheduled","status":"True","lastProbeTime":null,"lastTransitionTime":"2018-09-13T06:52:51Z"}],"hostIP":"10.245.250.30","podIP":"10.128.35.28","startTime":"2018-09-13T06:52:51Z","containerStatuses":[{"name":"pod-productoffering-service-container","state":{"running":{"startedAt":"2018-09-13T06:52:54Z"}},"lastState":{},"ready":true,"restartCount":0,"image":"illin5564.corp.amdocs.com:5000/pod-productoffering-service:0.1.1-0047","imageID":"docker-pullable://illin5564.corp.amdocs.com:5000/pod-productoffering-service@sha256:61bb44f0a398cf6f2650bb0f19ebe9d795132eccc7de47e62fabcc668b75c09c","containerID":"docker://bb681bb50c9d4e45152bcf407302947db7a074ad41c0a47e92721e6e71a1da3d"}],"qosClass":"Burstable"}},{"metadata":{"name":"pod-search-release-pod-s-bc49ff955-nbnwm","generateName":"pod-search-release-pod-s-bc49ff955-","namespace":"oc-cd-1017-pranavd-pd","selfLink":"/api/v1/namespaces/oc-cd-1017-pranavd-pd/pods/pod-search-release-pod-s-bc49ff955-nbnwm","uid":"a2049dbf-b721-11e8-bb86-0050569a887c","resourceVersion":"66124375","creationTimestamp":"2018-09-13T06:52:51Z","labels":{"app":"pod-search-release-pod-s","microservice":"pod-search","pod-template-hash":"670599511","project":"pod-search","provider":"amdocs","release":"pod-search-release"},"annotations":{"git-commit":"000f518ff292042d89514609d56d5bb66c3436ee","openshift.io/scc":"anyuid-no-ps"},"ownerReferences":[{"apiVersion":"extensions/v1beta1","kind":"ReplicaSet","name":"pod-search-release-pod-s-bc49ff955","uid":"a1ec89f4-b721-11e8-bb86-0050569a887c","controller":true,"blockOwnerDeletion":true}]},"spec":{"volumes":[{"name":"default-token-vdgk4","secret":{"secretName":"default-token-vdgk4","defaultMode":420}}],"containers":[{"name":"pod-search-service-container","image":"illin5564.corp.amdocs.com:5000/pod-search-service:0.1.1-0045","ports":[{"name":"metrics","containerPort":5555,"protocol":"TCP"},{"name":"http","containerPort":8080,"protocol":"TCP"},{"name":"management","containerPort":18080,"protocol":"TCP"}],"env":[{"name":"KUBERNETES_NAMESPACE","valueFrom":{"fieldRef":{"apiVersion":"v1","fieldPath":"metadata.namespace"}}},{"name":"MSNEXT_JAVA_OPTS","value":" -Xms256m -Xmx1024m -XX:MaxRAM=2048m -XX:+DisableExplicitGC -XX:+UseConcMarkSweepGC -XX:+CMSParallelRemarkEnabled -XX:NewRatio=1 -Xss512k -XX:MaxMetaspaceSize=512m -Dcom.amdocs.msnext.securitya3s.url=http://10.238.196.7:30081/asmServices/services/v1.0"},{"name":"MSNEXT_DISABLED_MODULES","value":"msnext-customization"},{"name":"MANAGEMENT_PORT","value":"18080"},{"name":"SERVER_PORT","value":"8080"},{"name":"MALLOC_ARENA_MAX","value":"4"},{"name":"TZ","value":"UTC"}],"resources":{"limits":{"cpu":"2","memory":"2Gi"},"requests":{"cpu":"200m","memory":"1Gi"}},"volumeMounts":[{"name":"default-token-vdgk4","readOnly":true,"mountPath":"/var/run/secrets/kubernetes.io/serviceaccount"}],"livenessProbe":{"httpGet":{"path":"/health","port":18080,"scheme":"HTTP"},"initialDelaySeconds":900,"timeoutSeconds":10,"periodSeconds":10,"successThreshold":1,"failureThreshold":3},"readinessProbe":{"httpGet":{"path":"/health","port":18080,"scheme":"HTTP"},"initialDelaySeconds":30,"timeoutSeconds":10,"periodSeconds":10,"successThreshold":1,"failureThreshold":3},"terminationMessagePath":"/dev/termination-log","terminationMessagePolicy":"File","imagePullPolicy":"IfNotPresent","securityContext":{"capabilities":{"drop":["MKNOD"]},"privileged":false}}],"restartPolicy":"Always","terminationGracePeriodSeconds":30,"dnsPolicy":"ClusterFirst","nodeSelector":{"region":"work"},"serviceAccountName":"default","serviceAccount":"default","nodeName":"ilocpde01w10.corp.amdocs.com","securityContext":{"seLinuxOptions":{"level":"s0:c82,c59"}},"imagePullSecrets":[{"name":"pod-search-ms-secret"}],"schedulerName":"default-scheduler","tolerations":[{"key":"node.kubernetes.io/memory-pressure","operator":"Exists","effect":"NoSchedule"}]},"status":{"phase":"Running","conditions":[{"type":"Initialized","status":"True","lastProbeTime":null,"lastTransitionTime":"2018-09-13T06:52:51Z"},{"type":"Ready","status":"True","lastProbeTime":null,"lastTransitionTime":"2018-09-13T06:54:13Z"},{"type":"PodScheduled","status":"True","lastProbeTime":null,"lastTransitionTime":"2018-09-13T06:52:51Z"}],"hostIP":"10.245.250.29","podIP":"10.128.29.120","startTime":"2018-09-13T06:52:51Z","containerStatuses":[{"name":"pod-search-service-container","state":{"running":{"startedAt":"2018-09-13T06:52:54Z"}},"lastState":{},"ready":true,"restartCount":0,"image":"illin5564.corp.amdocs.com:5000/pod-search-service:0.1.1-0045","imageID":"docker-pullable://illin5564.corp.amdocs.com:5000/pod-search-service@sha256:448e38774e237b369fac6601543bf866bafe20e0bd558d467dd4d34dbe77d4f6","containerID":"docker://95fdc6ea2726653c0149c959f521ca43c40c6414641a9c5d89858a93801f9b51"}],"qosClass":"Burstable"}},{"metadata":{"name":"price-priceevent-release-687f67f8bf-qlr8x","generateName":"price-priceevent-release-687f67f8bf-","namespace":"oc-cd-1017-pranavd-pd","selfLink":"/api/v1/namespaces/oc-cd-1017-pranavd-pd/pods/price-priceevent-release-687f67f8bf-qlr8x","uid":"a219f376-b721-11e8-bb86-0050569a887c","resourceVersion":"66124429","creationTimestamp":"2018-09-13T06:52:51Z","labels":{"app":"price-priceevent-release","group":"com.amdocs.digital.ms.price.priceevent","microservice":"price-priceevent","pod-template-hash":"2439239469","project":"price-priceevent-service","provider":"amdocs","release":"price-priceevent-release"},"annotations":{"fabric8.io/iconUrl":"img/icons/spring-boot.svg","git-commit":"1f202ccd32841873b7140a57b4a14608ed8cc602","openshift.io/scc":"anyuid-no-ps"},"ownerReferences":[{"apiVersion":"extensions/v1beta1","kind":"ReplicaSet","name":"price-priceevent-release-687f67f8bf","uid":"a20515e3-b721-11e8-bb86-0050569a887c","controller":true,"blockOwnerDeletion":true}]},"spec":{"volumes":[{"name":"default-token-vdgk4","secret":{"secretName":"default-token-vdgk4","defaultMode":420}}],"containers":[{"name":"price-priceevent-service-container","image":"illin5564.corp.amdocs.com:5000/price-priceevent-service:0.1.1-0032","ports":[{"name":"metrics","containerPort":5555,"protocol":"TCP"},{"name":"http","containerPort":8080,"protocol":"TCP"},{"name":"https","containerPort":8443,"protocol":"TCP"},{"name":"jacoco","containerPort":6300,"protocol":"TCP"},{"name":"management","containerPort":18080,"protocol":"TCP"}],"env":[{"name":"KUBERNETES_NAMESPACE","valueFrom":{"fieldRef":{"apiVersion":"v1","fieldPath":"metadata.namespace"}}},{"name":"MSNEXT_JAVA_OPTS","value":" -Xms256m -Xmx1024m -XX:MaxRAM=2048m -XX:+DisableExplicitGC -XX:+UseConcMarkSweepGC -XX:+CMSParallelRemarkEnabled -XX:NewRatio=1 -Xss512k -XX:MaxMetaspaceSize=512m  -Dcom.amdocs.msnext.securitya3s.url=http://10.238.196.7:30081/asmServices/services/v1.0"},{"name":"SERVER_PORT","value":"8080"},{"name":"MSNEXT_MODULE_MGT_DISABLE","value":"msnext-customization"},{"name":"MANAGEMENT_PORT","value":"18080"}],"resources":{"limits":{"cpu":"2","memory":"2Gi"},"requests":{"cpu":"200m","memory":"1Gi"}},"volumeMounts":[{"name":"default-token-vdgk4","readOnly":true,"mountPath":"/var/run/secrets/kubernetes.io/serviceaccount"}],"livenessProbe":{"httpGet":{"path":"/health","port":18080,"scheme":"HTTP"},"initialDelaySeconds":900,"timeoutSeconds":1,"periodSeconds":10,"successThreshold":1,"failureThreshold":3},"readinessProbe":{"httpGet":{"path":"/health","port":18080,"scheme":"HTTP"},"initialDelaySeconds":60,"timeoutSeconds":1,"periodSeconds":10,"successThreshold":1,"failureThreshold":3},"terminationMessagePath":"/dev/termination-log","terminationMessagePolicy":"File","imagePullPolicy":"IfNotPresent","securityContext":{"capabilities":{"drop":["MKNOD"]},"privileged":false}}],"restartPolicy":"Always","terminationGracePeriodSeconds":30,"dnsPolicy":"ClusterFirst","nodeSelector":{"region":"work"},"serviceAccountName":"default","serviceAccount":"default","nodeName":"ilocpde01w08.corp.amdocs.com","securityContext":{"seLinuxOptions":{"level":"s0:c82,c59"}},"imagePullSecrets":[{"name":"price-priceevent-ms-secret"}],"schedulerName":"default-scheduler","tolerations":[{"key":"node.kubernetes.io/memory-pressure","operator":"Exists","effect":"NoSchedule"}]},"status":{"phase":"Running","conditions":[{"type":"Initialized","status":"True","lastProbeTime":null,"lastTransitionTime":"2018-09-13T06:52:51Z"},{"type":"Ready","status":"True","lastProbeTime":null,"lastTransitionTime":"2018-09-13T06:54:18Z"},{"type":"PodScheduled","status":"True","lastProbeTime":null,"lastTransitionTime":"2018-09-13T06:52:51Z"}],"hostIP":"10.245.250.27","podIP":"10.128.26.47","startTime":"2018-09-13T06:52:51Z","containerStatuses":[{"name":"price-priceevent-service-container","state":{"running":{"startedAt":"2018-09-13T06:52:54Z"}},"lastState":{},"ready":true,"restartCount":0,"image":"illin5564.corp.amdocs.com:5000/price-priceevent-service:0.1.1-0032","imageID":"docker-pullable://illin5564.corp.amdocs.com:5000/price-priceevent-service@sha256:0beddb5a1eabacadddc102cce68b4ef3b4397fa17641a6f3eba1f5b6122f0fda","containerID":"docker://71a86a6d4b807c1b883d80e5bcd64654eaa159dc75965b325cc30a2465108b23"}],"qosClass":"Burstable"}},{"metadata":{"name":"price-pricing-release-pr-b5cd95b7-wsdzw","generateName":"price-pricing-release-pr-b5cd95b7-","namespace":"oc-cd-1017-pranavd-pd","selfLink":"/api/v1/namespaces/oc-cd-1017-pranavd-pd/pods/price-pricing-release-pr-b5cd95b7-wsdzw","uid":"a243a662-b721-11e8-bb86-0050569a887c","resourceVersion":"66124114","creationTimestamp":"2018-09-13T06:52:51Z","labels":{"app":"price-pricing-release-pr","group":"com.amdocs.digital.ms.price.pricing","microservice":"price-pricing","pod-template-hash":"61785163","project":"price-pricing-service","provider":"amdocs","release":"price-pricing-release"},"annotations":{"fabric8.io/iconUrl":"img/icons/spring-boot.svg","git-commit":"9a08e3c3e63d7ac26a8c77e1b12a9ad19187fb1d","openshift.io/scc":"anyuid-no-ps"},"ownerReferences":[{"apiVersion":"extensions/v1beta1","kind":"ReplicaSet","name":"price-pricing-release-pr-b5cd95b7","uid":"a231b9dc-b721-11e8-bb86-0050569a887c","controller":true,"blockOwnerDeletion":true}]},"spec":{"volumes":[{"name":"default-token-vdgk4","secret":{"secretName":"default-token-vdgk4","defaultMode":420}}],"containers":[{"name":"price-pricing-service-container","image":"illin5564.corp.amdocs.com:5000/price-pricing-service:0.1.1-0042","ports":[{"name":"metrics","containerPort":5555,"protocol":"TCP"},{"name":"http","containerPort":8080,"protocol":"TCP"},{"name":"https","containerPort":8443,"protocol":"TCP"},{"name":"jacoco","containerPort":6300,"protocol":"TCP"},{"name":"management","containerPort":18080,"protocol":"TCP"}],"env":[{"name":"KUBERNETES_NAMESPACE","valueFrom":{"fieldRef":{"apiVersion":"v1","fieldPath":"metadata.namespace"}}},{"name":"MSNEXT_JAVA_OPTS","value":" -Xms256m -Xmx1024m -XX:MaxRAM=2048m -XX:+DisableExplicitGC -XX:+UseConcMarkSweepGC -XX:+CMSParallelRemarkEnabled -XX:NewRatio=1 -Xss512k -XX:MaxMetaspaceSize=512m -Dcom.amdocs.msnext.securitya3s.url=http://10.238.196.7:30081/asmServices/services/v1.0 -Dservices.price.url=http://price-productoffering-service:8080/po-price-management -Dservices.priceEvent.url=http://price-priceevent-service:8080/price-event-management"},{"name":"SERVER_PORT","value":"8080"},{"name":"MSNEXT_MODULE_MGT_DISABLE","value":"msnext-customization"},{"name":"MANAGEMENT_PORT","value":"18080"}],"resources":{"limits":{"cpu":"2","memory":"2Gi"},"requests":{"cpu":"200m","memory":"1Gi"}},"volumeMounts":[{"name":"default-token-vdgk4","readOnly":true,"mountPath":"/var/run/secrets/kubernetes.io/serviceaccount"}],"livenessProbe":{"httpGet":{"path":"/health","port":18080,"scheme":"HTTP"},"initialDelaySeconds":900,"timeoutSeconds":1,"periodSeconds":10,"successThreshold":1,"failureThreshold":3},"readinessProbe":{"httpGet":{"path":"/health","port":18080,"scheme":"HTTP"},"initialDelaySeconds":60,"timeoutSeconds":1,"periodSeconds":10,"successThreshold":1,"failureThreshold":3},"terminationMessagePath":"/dev/termination-log","terminationMessagePolicy":"File","imagePullPolicy":"IfNotPresent","securityContext":{"capabilities":{"drop":["MKNOD"]},"privileged":false}}],"restartPolicy":"Always","terminationGracePeriodSeconds":30,"dnsPolicy":"ClusterFirst","nodeSelector":{"region":"work"},"serviceAccountName":"default","serviceAccount":"default","nodeName":"ilocpde01w07.corp.amdocs.com","securityContext":{"seLinuxOptions":{"level":"s0:c82,c59"}},"imagePullSecrets":[{"name":"price-pricing-ms-secret"}],"schedulerName":"default-scheduler","tolerations":[{"key":"node.kubernetes.io/memory-pressure","operator":"Exists","effect":"NoSchedule"}]},"status":{"phase":"Running","conditions":[{"type":"Initialized","status":"True","lastProbeTime":null,"lastTransitionTime":"2018-09-13T06:52:52Z"},{"type":"Ready","status":"True","lastProbeTime":null,"lastTransitionTime":"2018-09-13T06:53:55Z"},{"type":"PodScheduled","status":"True","lastProbeTime":null,"lastTransitionTime":"2018-09-13T06:52:52Z"}],"hostIP":"10.245.250.26","podIP":"10.128.23.23","startTime":"2018-09-13T06:52:52Z","containerStatuses":[{"name":"price-pricing-service-container","state":{"running":{"startedAt":"2018-09-13T06:52:54Z"}},"lastState":{},"ready":true,"restartCount":0,"image":"illin5564.corp.amdocs.com:5000/price-pricing-service:0.1.1-0042","imageID":"docker-pullable://illin5564.corp.amdocs.com:5000/price-pricing-service@sha256:1543c2bc3bf6e818cafdd984cbc4fa4af0470e486799d48c914b6b5ffbe2e663","containerID":"docker://30a3e1510235ac126d507baa5f6a0b5d4b11307c0f15e408ce7e99ae6a7e3759"}],"qosClass":"Burstable"}},{"metadata":{"name":"price-productoffering-re-67dc657f6-dqxjm","generateName":"price-productoffering-re-67dc657f6-","namespace":"oc-cd-1017-pranavd-pd","selfLink":"/api/v1/namespaces/oc-cd-1017-pranavd-pd/pods/price-productoffering-re-67dc657f6-dqxjm","uid":"a27783e1-b721-11e8-bb86-0050569a887c","resourceVersion":"66124144","creationTimestamp":"2018-09-13T06:52:52Z","labels":{"app":"price-productoffering-re","group":"com.amdocs.digital.ms.price.productoffering","microservice":"price-productoffering","pod-template-hash":"238721392","project":"price-productoffering-service","provider":"amdocs","release":"price-productoffering-release"},"annotations":{"fabric8.io/iconUrl":"img/icons/spring-boot.svg","git-commit":"f5aa18fe78ad28903b7b4d83e32fb95eb90809a0","openshift.io/scc":"anyuid-no-ps"},"ownerReferences":[{"apiVersion":"extensions/v1beta1","kind":"ReplicaSet","name":"price-productoffering-re-67dc657f6","uid":"a26b1dbb-b721-11e8-bb86-0050569a887c","controller":true,"blockOwnerDeletion":true}]},"spec":{"volumes":[{"name":"default-token-vdgk4","secret":{"secretName":"default-token-vdgk4","defaultMode":420}}],"containers":[{"name":"price-productoffering-service-container","image":"illin5564.corp.amdocs.com:5000/price-productoffering-service:0.1.1-0049","ports":[{"name":"metrics","containerPort":5555,"protocol":"TCP"},{"name":"http","containerPort":8080,"protocol":"TCP"},{"name":"https","containerPort":8443,"protocol":"TCP"},{"name":"jacoco","containerPort":6300,"protocol":"TCP"},{"name":"management","containerPort":18080,"protocol":"TCP"}],"env":[{"name":"KUBERNETES_NAMESPACE","valueFrom":{"fieldRef":{"apiVersion":"v1","fieldPath":"metadata.namespace"}}},{"name":"MSNEXT_JAVA_OPTS","value":" -Xms256m -Xmx1024m -XX:MaxRAM=2048m -XX:+DisableExplicitGC -XX:+UseConcMarkSweepGC -XX:+CMSParallelRemarkEnabled -XX:NewRatio=1 -Xss512k -XX:MaxMetaspaceSize=512m  -Dcom.amdocs.msnext.securitya3s.url=http://10.238.196.7:30081/asmServices/services/v1.0 -Dservices.customerAccessor.url=http://customeraccessor-service:8080/applicationContext/v0/entityAccessor"},{"name":"SERVER_PORT","value":"8080"},{"name":"MSNEXT_MODULE_MGT_DISABLE","value":"msnext-customization"},{"name":"MANAGEMENT_PORT","value":"18080"}],"resources":{"limits":{"cpu":"2","memory":"2Gi"},"requests":{"cpu":"200m","memory":"1Gi"}},"volumeMounts":[{"name":"default-token-vdgk4","readOnly":true,"mountPath":"/var/run/secrets/kubernetes.io/serviceaccount"}],"livenessProbe":{"httpGet":{"path":"/health","port":18080,"scheme":"HTTP"},"initialDelaySeconds":900,"timeoutSeconds":1,"periodSeconds":10,"successThreshold":1,"failureThreshold":3},"readinessProbe":{"httpGet":{"path":"/health","port":18080,"scheme":"HTTP"},"initialDelaySeconds":60,"timeoutSeconds":1,"periodSeconds":10,"successThreshold":1,"failureThreshold":3},"terminationMessagePath":"/dev/termination-log","terminationMessagePolicy":"File","imagePullPolicy":"IfNotPresent","securityContext":{"capabilities":{"drop":["MKNOD"]},"privileged":false}}],"restartPolicy":"Always","terminationGracePeriodSeconds":30,"dnsPolicy":"ClusterFirst","nodeSelector":{"region":"work"},"serviceAccountName":"default","serviceAccount":"default","nodeName":"ilocpde01w03.corp.amdocs.com","securityContext":{"seLinuxOptions":{"level":"s0:c82,c59"}},"imagePullSecrets":[{"name":"price-productoffering-ms-secret"}],"schedulerName":"default-scheduler","tolerations":[{"key":"node.kubernetes.io/memory-pressure","operator":"Exists","effect":"NoSchedule"}]},"status":{"phase":"Running","conditions":[{"type":"Initialized","status":"True","lastProbeTime":null,"lastTransitionTime":"2018-09-13T06:52:52Z"},{"type":"Ready","status":"True","lastProbeTime":null,"lastTransitionTime":"2018-09-13T06:53:58Z"},{"type":"PodScheduled","status":"True","lastProbeTime":null,"lastTransitionTime":"2018-09-13T06:52:52Z"}],"hostIP":"10.245.250.22","podIP":"10.128.11.174","startTime":"2018-09-13T06:52:52Z","containerStatuses":[{"name":"price-productoffering-service-container","state":{"running":{"startedAt":"2018-09-13T06:52:55Z"}},"lastState":{},"ready":true,"restartCount":0,"image":"illin5564.corp.amdocs.com:5000/price-productoffering-service:0.1.1-0049","imageID":"docker-pullable://illin5564.corp.amdocs.com:5000/price-productoffering-service@sha256:272e5d05a664a191df3e79acb64d8be97b3edd797a150d8fc647d211b2c8120e","containerID":"docker://a0b898db8f30de770a647c27ddc1e275a2981c228ade7325254dde7e2122be0b"}],"qosClass":"Burstable"}},{"metadata":{"name":"product-configuration-rule-command-service-66b6f7b848-bqrx4","generateName":"product-configuration-rule-command-service-66b6f7b848-","namespace":"oc-cd-1017-pranavd-pd","selfLink":"/api/v1/namespaces/oc-cd-1017-pranavd-pd/pods/product-configuration-rule-command-service-66b6f7b848-bqrx4","uid":"a27d4303-b721-11e8-bb86-0050569a887c","resourceVersion":"68187415","creationTimestamp":"2018-09-13T06:52:52Z","labels":{"app":"product-configuration-rule-command-service","group":"com.amdocs.catalogone","monitored":"prometheus","monitoring":"prometheus","pod-template-hash":"2262936404","prometheus":"amdocs-prometheus","provider":"amdocs","release":"product-configurator-rule-release"},"annotations":{"openshift.io/scc":"anyuid-no-ps"},"ownerReferences":[{"apiVersion":"extensions/v1beta1","kind":"ReplicaSet","name":"product-configuration-rule-command-service-66b6f7b848","uid":"a2720fe9-b721-11e8-bb86-0050569a887c","controller":true,"blockOwnerDeletion":true}]},"spec":{"volumes":[{"name":"product-configuration-rule-command-configmap","configMap":{"name":"product-configuration-rule-command-configmap","items":[{"key":"application.yml","path":"application.yml"}],"defaultMode":420}},{"name":"product-config-rule-nonfunc-configmap","configMap":{"name":"product-config-rule-nonfunc-configmap","items":[{"key":"application-nonfunc.yml","path":"application-nonfunc.yml"}],"defaultMode":420}},{"name":"product-config-rule-generic-kafka-configmap","configMap":{"name":"product-config-rule-generic-kafka-configmap","items":[{"key":"application-generic-kafka.yml","path":"application-generic-kafka.yml"}],"defaultMode":420}},{"name":"default-token-vdgk4","secret":{"secretName":"default-token-vdgk4","defaultMode":420}}],"containers":[{"name":"product-configuration-rule-command-service","image":"illin5225.corp.amdocs.com:5002/product-configuration-rule-command-service:1.4.0","ports":[{"name":"server","containerPort":8080,"protocol":"TCP"},{"name":"management","containerPort":8081,"protocol":"TCP"},{"name":"debug","containerPort":5005,"protocol":"TCP"},{"name":"metrics","containerPort":5555,"protocol":"TCP"}],"env":[{"name":"MSNEXT_JAVA_OPTS","value":"-XX:+UnlockExperimentalVMOptions -XX:+UseCGroupMemoryLimitForHeap -XX:InitialRAMFraction=4 -XX:MaxRAMFraction=2 -XX:+PrintFlagsFinal"},{"name":"ENABLE_ZIPKIN","value":"true"},{"name":"MSNEXT_CONF_SOURCE_APP1","value":"/deployments/config/applications/product-configuration-rule-command"},{"name":"ES_MS_HOST","value":"entity-search"},{"name":"MSNEXT_CONF_SOURCE_zzzNONFUNC","value":"/deployments/config/applications/product-config-rule-nonfunc"},{"name":"MSNEXT_CONF_SOURCE_zzzGENERIC_KAFKA","value":"/deployments/config/applications/product-config-rule-generic-kafka"},{"name":"CONSUME_RELEASE_EVENT"},{"name":"PRODUCE_NOTIFICATION_EVENT_ON_STARTUP"},{"name":"CACHE_TTL_SEC"},{"name":"CACHE_ENABLED"},{"name":"CACHE_SIZE"},{"name":"FIXED_DELAY_IN_MILLIS"},{"name":"FULL_CATALOG_TIMEOUT_IN_SECONDS"},{"name":"JAVA_ENABLE_DEBUG","value":"true"}],"resources":{"limits":{"cpu":"1","memory":"1Gi"},"requests":{"cpu":"200m","memory":"500Mi"}},"volumeMounts":[{"name":"product-configuration-rule-command-configmap","mountPath":"/deployments/config/applications/product-configuration-rule-command"},{"name":"product-config-rule-nonfunc-configmap","mountPath":"/deployments/config/applications/product-config-rule-nonfunc"},{"name":"product-config-rule-generic-kafka-configmap","mountPath":"/deployments/config/applications/product-config-rule-generic-kafka"},{"name":"default-token-vdgk4","readOnly":true,"mountPath":"/var/run/secrets/kubernetes.io/serviceaccount"}],"livenessProbe":{"httpGet":{"path":"/health","port":8081,"scheme":"HTTP"},"initialDelaySeconds":450,"timeoutSeconds":1,"periodSeconds":10,"successThreshold":1,"failureThreshold":3},"readinessProbe":{"httpGet":{"path":"/health","port":8081,"scheme":"HTTP"},"initialDelaySeconds":180,"timeoutSeconds":1,"periodSeconds":10,"successThreshold":1,"failureThreshold":3},"terminationMessagePath":"/dev/termination-log","terminationMessagePolicy":"File","imagePullPolicy":"IfNotPresent","securityContext":{"capabilities":{"drop":["MKNOD"]}}}],"restartPolicy":"Always","terminationGracePeriodSeconds":30,"dnsPolicy":"ClusterFirst","nodeSelector":{"region":"work"},"serviceAccountName":"default","serviceAccount":"default","nodeName":"ilocpde01w19.corp.amdocs.com","securityContext":{"seLinuxOptions":{"level":"s0:c82,c59"}},"imagePullSecrets":[{"name":"product-configuration-rule-command-service-pull-secret"}],"schedulerName":"default-scheduler","tolerations":[{"key":"node.kubernetes.io/memory-pressure","operator":"Exists","effect":"NoSchedule"}]},"status":{"phase":"Running","conditions":[{"type":"Initialized","status":"True","lastProbeTime":null,"lastTransitionTime":"2018-09-13T06:52:52Z"},{"type":"Ready","status":"True","lastProbeTime":null,"lastTransitionTime":"2018-09-16T09:18:41Z"},{"type":"PodScheduled","status":"True","lastProbeTime":null,"lastTransitionTime":"2018-09-13T06:52:52Z"}],"hostIP":"10.245.251.160","podIP":"10.128.50.203","startTime":"2018-09-13T06:52:52Z","containerStatuses":[{"name":"product-configuration-rule-command-service","state":{"running":{"startedAt":"2018-09-16T09:15:38Z"}},"lastState":{"terminated":{"exitCode":137,"reason":"OOMKilled","startedAt":"2018-09-16T09:11:04Z","finishedAt":"2018-09-16T09:15:15Z","containerID":"docker://ecbd5e12d3379b6a1b521120c270d77b506eaccbf242fa76dd3add7b48deec7b"}},"ready":true,"restartCount":3,"image":"illin5225.corp.amdocs.com:5002/product-configuration-rule-command-service:1.4.0","imageID":"docker-pullable://illin5225.corp.amdocs.com:5002/product-configuration-rule-command-service@sha256:c147f8bd98de17090d41862fd286b2d63a6ac74d3a20312a3ed7d10372cbd393","containerID":"docker://267197d1eb77fa6660b8a8526cfd5d43d5a5bbb558dcdb579f11d96e7c21814e"}],"qosClass":"Burstable"}},{"metadata":{"name":"product-offering-service-59cb8876db-dpqzk","generateName":"product-offering-service-59cb8876db-","namespace":"oc-cd-1017-pranavd-pd","selfLink":"/api/v1/namespaces/oc-cd-1017-pranavd-pd/pods/product-offering-service-59cb8876db-dpqzk","uid":"fd15a034-b806-11e8-bb86-0050569a887c","resourceVersion":"67042716","creationTimestamp":"2018-09-14T10:14:39Z","labels":{"app":"product-offering-service","group":"com.amdocs.catalogone","monitoring":"prometheus","pod-template-hash":"1576443286","prometheus":"amdocs-prometheus","provider":"amdocs","release":"product-offering-service-release"},"annotations":{"openshift.io/scc":"anyuid-no-ps"},"ownerReferences":[{"apiVersion":"extensions/v1beta1","kind":"ReplicaSet","name":"product-offering-service-59cb8876db","uid":"a290eac5-b721-11e8-bb86-0050569a887c","controller":true,"blockOwnerDeletion":true}]},"spec":{"volumes":[{"name":"po-configmap","configMap":{"name":"po-configmap","items":[{"key":"application.yml","path":"application.yml"}],"defaultMode":420}},{"name":"default-token-vdgk4","secret":{"secretName":"default-token-vdgk4","defaultMode":420}}],"containers":[{"name":"product-offering-service","image":"illin5225.corp.amdocs.com:5002/product-offering-service:2.5.2","ports":[{"name":"server","containerPort":8080,"protocol":"TCP"},{"name":"management","containerPort":8081,"protocol":"TCP"},{"name":"metrics","containerPort":5555,"protocol":"TCP"},{"name":"debug","containerPort":5005,"protocol":"TCP"}],"env":[{"name":"MSNEXT_JAVA_OPTS","value":"-XX:+UnlockExperimentalVMOptions -XX:+UseCGroupMemoryLimitForHeap -XX:InitialRAMFraction=6 -XX:MaxRAMFraction=2 -XX:+PrintFlagsFinal"},{"name":"COUCHBASE_HOST","value":"catalog1-couchbase-service"},{"name":"ENABLE_ZIPKIN","value":"false"},{"name":"MSNEXT_CONF_SOURCE_APP1","value":"/deployments/config/applications/po"},{"name":"CONSUME_RELEASE_EVENT","value":"true"},{"name":"PRODUCE_NOTIFICATION_EVENT_ON_STARTUP","value":"true"},{"name":"CACHE_TTL_SEC","value":"0"},{"name":"CACHE_TYPE","value":"simple"},{"name":"CACHE_SIZE","value":"1000"},{"name":"FIXED_DELAY_IN_MILLIS","value":"1000"},{"name":"FULL_CATALOG_TIMEOUT_IN_SECONDS","value":"600"},{"name":"JAVA_ENABLE_DEBUG","value":"false"},{"name":"TESTING_ENVIRONMENT_TOPIC_PREFIX"}],"resources":{"limits":{"cpu":"2","memory":"4Gi"},"requests":{"cpu":"200m","memory":"1Gi"}},"volumeMounts":[{"name":"po-configmap","mountPath":"/deployments/config/applications/po"},{"name":"default-token-vdgk4","readOnly":true,"mountPath":"/var/run/secrets/kubernetes.io/serviceaccount"}],"livenessProbe":{"httpGet":{"path":"/health","port":8081,"scheme":"HTTP"},"initialDelaySeconds":450,"timeoutSeconds":1,"periodSeconds":10,"successThreshold":1,"failureThreshold":3},"readinessProbe":{"httpGet":{"path":"/health","port":8081,"scheme":"HTTP"},"initialDelaySeconds":180,"timeoutSeconds":1,"periodSeconds":10,"successThreshold":1,"failureThreshold":3},"terminationMessagePath":"/dev/termination-log","terminationMessagePolicy":"File","imagePullPolicy":"IfNotPresent","securityContext":{"capabilities":{"drop":["MKNOD"]}}}],"restartPolicy":"Always","terminationGracePeriodSeconds":30,"dnsPolicy":"ClusterFirst","nodeSelector":{"region":"work"},"serviceAccountName":"default","serviceAccount":"default","nodeName":"ilocpde01w13.corp.amdocs.com","securityContext":{"seLinuxOptions":{"level":"s0:c82,c59"}},"imagePullSecrets":[{"name":"illin5225-pull-secret"}],"schedulerName":"default-scheduler","tolerations":[{"key":"node.kubernetes.io/memory-pressure","operator":"Exists","effect":"NoSchedule"}]},"status":{"phase":"Running","conditions":[{"type":"Initialized","status":"True","lastProbeTime":null,"lastTransitionTime":"2018-09-14T10:14:39Z"},{"type":"Ready","status":"True","lastProbeTime":null,"lastTransitionTime":"2018-09-14T10:17:41Z"},{"type":"PodScheduled","status":"True","lastProbeTime":null,"lastTransitionTime":"2018-09-14T10:14:39Z"}],"hostIP":"10.245.250.32","podIP":"10.128.37.67","startTime":"2018-09-14T10:14:39Z","containerStatuses":[{"name":"product-offering-service","state":{"running":{"startedAt":"2018-09-14T10:14:41Z"}},"lastState":{},"ready":true,"restartCount":0,"image":"illin5225.corp.amdocs.com:5002/product-offering-service:2.5.2","imageID":"docker-pullable://illin5225.corp.amdocs.com:5002/product-offering-service@sha256:f345ee60c1b4cbb39350deb7ea9665a555df70bee8be1aede69de66bf620a9f1","containerID":"docker://60389056d319e64b75d5942d3d8c9f3ec239627d730f6b393d0f8c3585b8785d"}],"qosClass":"Burstable"}},{"metadata":{"name":"productaccessor-releas-p-78878b54bf-zwhf2","generateName":"productaccessor-releas-p-78878b54bf-","namespace":"oc-cd-1017-pranavd-pd","selfLink":"/api/v1/namespaces/oc-cd-1017-pranavd-pd/pods/productaccessor-releas-p-78878b54bf-zwhf2","uid":"a2ae8036-b721-11e8-bb86-0050569a887c","resourceVersion":"66124158","creationTimestamp":"2018-09-13T06:52:52Z","labels":{"app":"productaccessor-releas-p","microservice":"productaccessor","pod-template-hash":"3443461069","project":"productaccessor","provider":"amdocs","release":"productaccessor-releas"},"annotations":{"git-commit":"5d8c7bf4ce2549c858e954d95fc165f03c67ad8b","openshift.io/scc":"anyuid-no-ps"},"ownerReferences":[{"apiVersion":"extensions/v1beta1","kind":"ReplicaSet","name":"productaccessor-releas-p-78878b54bf","uid":"a2a12cc4-b721-11e8-bb86-0050569a887c","controller":true,"blockOwnerDeletion":true}]},"spec":{"volumes":[{"name":"default-token-vdgk4","secret":{"secretName":"default-token-vdgk4","defaultMode":420}}],"containers":[{"name":"productaccessor-service-container","image":"illin5564.corp.amdocs.com:5000/productaccessor-service:1.0.1-0032","ports":[{"name":"metrics","containerPort":5555,"protocol":"TCP"},{"name":"http","containerPort":8080,"protocol":"TCP"},{"name":"management","containerPort":18080,"protocol":"TCP"}],"env":[{"name":"KUBERNETES_NAMESPACE","valueFrom":{"fieldRef":{"apiVersion":"v1","fieldPath":"metadata.namespace"}}},{"name":"MSNEXT_JAVA_OPTS","value":" -Xms256m -Xmx1024m -XX:MaxRAM=2048m -XX:+DisableExplicitGC -XX:+UseConcMarkSweepGC -XX:+CMSParallelRemarkEnabled -XX:NewRatio=1 -Xss512k -XX:MaxMetaspaceSize=512m -Dcom.amdocs.msnext.securitya3s.url=http://10.238.196.7:30081/asmServices/services/v1.0"},{"name":"MSNEXT_DISABLED_MODULES","value":"msnext-customization"},{"name":"MANAGEMENT_PORT","value":"18080"},{"name":"SERVER_PORT","value":"8080"},{"name":"MALLOC_ARENA_MAX","value":"4"},{"name":"TZ"}],"resources":{"limits":{"cpu":"2","memory":"2Gi"},"requests":{"cpu":"200m","memory":"1Gi"}},"volumeMounts":[{"name":"default-token-vdgk4","readOnly":true,"mountPath":"/var/run/secrets/kubernetes.io/serviceaccount"}],"livenessProbe":{"httpGet":{"path":"/health","port":18080,"scheme":"HTTP"},"initialDelaySeconds":900,"timeoutSeconds":10,"periodSeconds":10,"successThreshold":1,"failureThreshold":3},"readinessProbe":{"httpGet":{"path":"/health","port":18080,"scheme":"HTTP"},"initialDelaySeconds":30,"timeoutSeconds":10,"periodSeconds":10,"successThreshold":1,"failureThreshold":3},"terminationMessagePath":"/dev/termination-log","terminationMessagePolicy":"File","imagePullPolicy":"IfNotPresent","securityContext":{"capabilities":{"drop":["MKNOD"]},"privileged":false}}],"restartPolicy":"Always","terminationGracePeriodSeconds":30,"dnsPolicy":"ClusterFirst","nodeSelector":{"region":"work"},"serviceAccountName":"default","serviceAccount":"default","nodeName":"ilocpde01w33.corp.amdocs.com","securityContext":{"seLinuxOptions":{"level":"s0:c82,c59"}},"imagePullSecrets":[{"name":"productaccessor-ms-secret"}],"schedulerName":"default-scheduler","tolerations":[{"key":"node.kubernetes.io/memory-pressure","operator":"Exists","effect":"NoSchedule"}]},"status":{"phase":"Running","conditions":[{"type":"Initialized","status":"True","lastProbeTime":null,"lastTransitionTime":"2018-09-13T06:52:52Z"},{"type":"Ready","status":"True","lastProbeTime":null,"lastTransitionTime":"2018-09-13T06:53:59Z"},{"type":"PodScheduled","status":"True","lastProbeTime":null,"lastTransitionTime":"2018-09-13T06:52:52Z"}],"hostIP":"10.245.251.174","podIP":"10.128.74.85","startTime":"2018-09-13T06:52:52Z","containerStatuses":[{"name":"productaccessor-service-container","state":{"running":{"startedAt":"2018-09-13T06:52:54Z"}},"lastState":{},"ready":true,"restartCount":0,"image":"illin5564.corp.amdocs.com:5000/productaccessor-service:1.0.1-0032","imageID":"docker-pullable://illin5564.corp.amdocs.com:5000/productaccessor-service@sha256:de87e44d4ca92a11352f7fd6e4c94562ffa9ab98c3fefe39f379a417ebe59ac7","containerID":"docker://0f56dca435d84b17d89947a4e869f85b63575944b1ac4c2b3a731499e823190a"}],"qosClass":"Burstable"}},{"metadata":{"name":"productconfigurator-acti-7955f759c7-7g46d","generateName":"productconfigurator-acti-7955f759c7-","namespace":"oc-cd-1017-pranavd-pd","selfLink":"/api/v1/namespaces/oc-cd-1017-pranavd-pd/pods/productconfigurator-acti-7955f759c7-7g46d","uid":"a2ba9378-b721-11e8-bb86-0050569a887c","resourceVersion":"66124288","creationTimestamp":"2018-09-13T06:52:52Z","labels":{"app":"productconfigurator-acti","microservice":"productconfigurator-acti","pod-template-hash":"3511931573","project":"productconfigurator-action","provider":"amdocs","release":"productconfigurator-action-release"},"annotations":{"git-commit":"77369a12fd7ec6882b6655eccd0b712858e4b522","openshift.io/scc":"anyuid-no-ps"},"ownerReferences":[{"apiVersion":"extensions/v1beta1","kind":"ReplicaSet","name":"productconfigurator-acti-7955f759c7","uid":"a2b30456-b721-11e8-bb86-0050569a887c","controller":true,"blockOwnerDeletion":true}]},"spec":{"volumes":[{"name":"prop-volume","configMap":{"name":"productconfigurator-action-service-appconfig","defaultMode":420,"optional":true}},{"name":"default-token-vdgk4","secret":{"secretName":"default-token-vdgk4","defaultMode":420}}],"containers":[{"name":"productconfigurator-action-service-container","image":"illin5564.corp.amdocs.com:5000/productconfigurator-action-service:0.1.1-0041","ports":[{"name":"prometheus","containerPort":5555,"protocol":"TCP"},{"name":"http","containerPort":8080,"protocol":"TCP"},{"name":"jacoco","containerPort":6300,"protocol":"TCP"},{"name":"management","containerPort":18080,"protocol":"TCP"}],"env":[{"name":"KUBERNETES_NAMESPACE","valueFrom":{"fieldRef":{"apiVersion":"v1","fieldPath":"metadata.namespace"}}},{"name":"MSNEXT_JAVA_OPTS","value":" -Xms256m -Xmx1024m -XX:MaxRAM=2048m -XX:+DisableExplicitGC -XX:+UseConcMarkSweepGC -XX:+CMSParallelRemarkEnabled -XX:NewRatio=1 -Xss512k -XX:MaxMetaspaceSize=512m"},{"name":"MSNEXT_MODULE_MGT_DISABLE","value":"msnext-customization"},{"name":"MANAGEMENT_PORT","value":"18080"},{"name":"SERVER_PORT","value":"8080"},{"name":"MSNEXT_CONF_SOURCE_APP","value":"/etc/config"}],"resources":{"limits":{"cpu":"2","memory":"2Gi"},"requests":{"cpu":"200m","memory":"1Gi"}},"volumeMounts":[{"name":"prop-volume","mountPath":"/etc/config"},{"name":"default-token-vdgk4","readOnly":true,"mountPath":"/var/run/secrets/kubernetes.io/serviceaccount"}],"livenessProbe":{"httpGet":{"path":"/health","port":18080,"scheme":"HTTP"},"initialDelaySeconds":900,"timeoutSeconds":10,"periodSeconds":10,"successThreshold":1,"failureThreshold":3},"readinessProbe":{"httpGet":{"path":"/health","port":18080,"scheme":"HTTP"},"initialDelaySeconds":30,"timeoutSeconds":10,"periodSeconds":10,"successThreshold":1,"failureThreshold":3},"terminationMessagePath":"/dev/termination-log","terminationMessagePolicy":"File","imagePullPolicy":"IfNotPresent","securityContext":{"capabilities":{"drop":["MKNOD"]},"privileged":false}}],"restartPolicy":"Always","terminationGracePeriodSeconds":30,"dnsPolicy":"ClusterFirst","nodeSelector":{"region":"work"},"serviceAccountName":"default","serviceAccount":"default","nodeName":"ilocpde01w30.corp.amdocs.com","securityContext":{"seLinuxOptions":{"level":"s0:c82,c59"}},"imagePullSecrets":[{"name":"productconfigurator-action-ms-secret"}],"schedulerName":"default-scheduler","tolerations":[{"key":"node.kubernetes.io/memory-pressure","operator":"Exists","effect":"NoSchedule"}]},"status":{"phase":"Running","conditions":[{"type":"Initialized","status":"True","lastProbeTime":null,"lastTransitionTime":"2018-09-13T06:52:52Z"},{"type":"Ready","status":"True","lastProbeTime":null,"lastTransitionTime":"2018-09-13T06:54:08Z"},{"type":"PodScheduled","status":"True","lastProbeTime":null,"lastTransitionTime":"2018-09-13T06:52:52Z"}],"podIP":"10.128.70.14","startTime":"2018-09-13T06:52:52Z","containerStatuses":[{"name":"productconfigurator-action-service-container","state":{"running":{"startedAt":"2018-09-13T06:52:56Z"}},"lastState":{},"ready":true,"restartCount":0,"image":"illin5564.corp.amdocs.com:5000/productconfigurator-action-service:0.1.1-0041","imageID":"docker-pullable://illin5564.corp.amdocs.com:5000/productconfigurator-action-service@sha256:7235a8ea4a89ae30509fef3a0cc5352175694a1bbd9d657b52b339d3d1d48167","containerID":"docker://eb013bc6487c27072ae7055ebc42024619c014b04dae454bd3326ef3cc07fb33"}],"qosClass":"Burstable"}},{"metadata":{"name":"productconfigurator-comm-d4c89fc7d-ns6dt","generateName":"productconfigurator-comm-d4c89fc7d-","namespace":"oc-cd-1017-pranavd-pd","selfLink":"/api/v1/namespaces/oc-cd-1017-pranavd-pd/pods/productconfigurator-comm-d4c89fc7d-ns6dt","uid":"a2e58329-b721-11e8-bb86-0050569a887c","resourceVersion":"66124973","creationTimestamp":"2018-09-13T06:52:52Z","labels":{"app":"productconfigurator-comm","microservice":"productconfigurator-comm","pod-template-hash":"807459738","project":"productconfigurator-commitmentterm","provider":"amdocs","release":"productconfigurator-commitmentterm-release"},"annotations":{"fabric8.io/iconUrl":"img/icons/spring-boot.svg","git-commit":"4aaf655eab813d1bfcf2b0619cad109941f8fe49","openshift.io/scc":"anyuid-no-ps"},"ownerReferences":[{"apiVersion":"extensions/v1beta1","kind":"ReplicaSet","name":"productconfigurator-comm-d4c89fc7d","uid":"a2cfd2d8-b721-11e8-bb86-0050569a887c","controller":true,"blockOwnerDeletion":true}]},"spec":{"volumes":[{"name":"prop-volume","configMap":{"name":"productconfigurator-commitmentterm-service-appconfigmap","defaultMode":420}},{"name":"default-token-vdgk4","secret":{"secretName":"default-token-vdgk4","defaultMode":420}}],"containers":[{"name":"productconfigurator-commitmentterm-service-container","image":"illin5564.corp.amdocs.com:5000/productconfigurator-commitmentterm-service:0.1.1-0030","ports":[{"name":"http","containerPort":8080,"protocol":"TCP"},{"name":"prometheus","containerPort":5555,"protocol":"TCP"},{"name":"jacoco","containerPort":6300,"protocol":"TCP"},{"name":"management","containerPort":18080,"protocol":"TCP"}],"env":[{"name":"KUBERNETES_NAMESPACE","valueFrom":{"fieldRef":{"apiVersion":"v1","fieldPath":"metadata.namespace"}}},{"name":"MSNEXT_JAVA_OPTS","value":" -Xms256m -Xmx1024m -XX:MaxRAM=2048m -XX:+DisableExplicitGC -XX:+UseConcMarkSweepGC -XX:+CMSParallelRemarkEnabled -XX:NewRatio=1 -Xss512k -XX:MaxMetaspaceSize=512m -Dcom.amdocs.msnext.securitya3s.url=http://10.238.196.7:30081/asmServices/services/v1.0"},{"name":"MSNEXT_CONF_SOURCE_APP","value":"/etc/config"},{"name":"MSNEXT_DISABLED_MODULES","value":"msnext-customization"},{"name":"MANAGEMENT_PORT","value":"18080"},{"name":"SERVER_PORT","value":"8080"},{"name":"MSNEXT_CONF_SOURCE_APP","value":"/etc/config"}],"resources":{"limits":{"cpu":"2","memory":"2Gi"},"requests":{"cpu":"200m","memory":"1Gi"}},"volumeMounts":[{"name":"prop-volume","mountPath":"/etc/config"},{"name":"default-token-vdgk4","readOnly":true,"mountPath":"/var/run/secrets/kubernetes.io/serviceaccount"}],"livenessProbe":{"httpGet":{"path":"/health","port":18080,"scheme":"HTTP"},"initialDelaySeconds":900,"timeoutSeconds":10,"periodSeconds":10,"successThreshold":1,"failureThreshold":3},"readinessProbe":{"httpGet":{"path":"/health","port":18080,"scheme":"HTTP"},"initialDelaySeconds":30,"timeoutSeconds":10,"periodSeconds":10,"successThreshold":1,"failureThreshold":3},"terminationMessagePath":"/dev/termination-log","terminationMessagePolicy":"File","imagePullPolicy":"IfNotPresent","securityContext":{"capabilities":{"drop":["MKNOD"]},"privileged":false}}],"restartPolicy":"Always","terminationGracePeriodSeconds":30,"dnsPolicy":"ClusterFirst","nodeSelector":{"region":"work"},"serviceAccountName":"default","serviceAccount":"default","nodeName":"ilocpde01w28.corp.amdocs.com","securityContext":{"seLinuxOptions":{"level":"s0:c82,c59"}},"imagePullSecrets":[{"name":"productconfigurator-commitmentterm-ms-secret"}],"schedulerName":"default-scheduler","tolerations":[{"key":"node.kubernetes.io/memory-pressure","operator":"Exists","effect":"NoSchedule"}]},"status":{"phase":"Running","conditions":[{"type":"Initialized","status":"True","lastProbeTime":null,"lastTransitionTime":"2018-09-13T06:52:53Z"},{"type":"Ready","status":"True","lastProbeTime":null,"lastTransitionTime":"2018-09-13T06:54:46Z"},{"type":"PodScheduled","status":"True","lastProbeTime":null,"lastTransitionTime":"2018-09-13T06:52:52Z"}],"hostIP":"10.245.251.169","podIP":"10.128.69.245","startTime":"2018-09-13T06:52:53Z","containerStatuses":[{"name":"productconfigurator-commitmentterm-service-container","state":{"running":{"startedAt":"2018-09-13T06:53:27Z"}},"lastState":{},"ready":true,"restartCount":0,"image":"illin5564.corp.amdocs.com:5000/productconfigurator-commitmentterm-service:0.1.1-0030","imageID":"docker-pullable://illin5564.corp.amdocs.com:5000/productconfigurator-commitmentterm-service@sha256:2326afadfd778a0a6154ddf9dea3ce73c11f773ab4eec7ed069010037b19fe54","containerID":"docker://36e0ee64f52d0c4d5de02b8bde2fbd2457b3fb0265720119613eace92b7d5777"}],"qosClass":"Burstable"}},{"metadata":{"name":"productconfigurator-pric-55fcc47c6f-ltbnk","generateName":"productconfigurator-pric-55fcc47c6f-","namespace":"oc-cd-1017-pranavd-pd","selfLink":"/api/v1/namespaces/oc-cd-1017-pranavd-pd/pods/productconfigurator-pric-55fcc47c6f-ltbnk","uid":"a2f5bab5-b721-11e8-bb86-0050569a887c","resourceVersion":"66124125","creationTimestamp":"2018-09-13T06:52:53Z","labels":{"app":"productconfigurator-pric","microservice":"productconfigurator-pric","pod-template-hash":"1197703729","project":"productconfigurator-price","provider":"amdocs","release":"productconfigurator-price-release"},"annotations":{"git-commit":"74989afe41ff609654aeae13a95ec34bb1343204","openshift.io/scc":"anyuid-no-ps"},"ownerReferences":[{"apiVersion":"extensions/v1beta1","kind":"ReplicaSet","name":"productconfigurator-pric-55fcc47c6f","uid":"a2ed45e9-b721-11e8-bb86-0050569a887c","controller":true,"blockOwnerDeletion":true}]},"spec":{"volumes":[{"name":"default-token-vdgk4","secret":{"secretName":"default-token-vdgk4","defaultMode":420}}],"containers":[{"name":"productconfigurator-price-service-container","image":"illin5564.corp.amdocs.com:5000/productconfigurator-price-service:0.1.1-0066","ports":[{"name":"http","containerPort":8080,"protocol":"TCP"},{"name":"prometheus","containerPort":5555,"protocol":"TCP"},{"name":"jacoco","containerPort":6300,"protocol":"TCP"},{"name":"management","containerPort":18080,"protocol":"TCP"}],"env":[{"name":"KUBERNETES_NAMESPACE","valueFrom":{"fieldRef":{"apiVersion":"v1","fieldPath":"metadata.namespace"}}},{"name":"MSNEXT_JAVA_OPTS","value":" -Xms256m -Xmx1024m -XX:MaxRAM=2048m -XX:+DisableExplicitGC -XX:+UseConcMarkSweepGC -XX:+CMSParallelRemarkEnabled -XX:NewRatio=1 -Xss512k -XX:MaxMetaspaceSize=512m"},{"name":"MSNEXT_DISABLED_MODULES","value":"msnext-customization"},{"name":"MANAGEMENT_PORT","value":"18080"},{"name":"SERVER_PORT","value":"8080"},{"name":"TZ","value":"UTC"}],"resources":{"limits":{"cpu":"2","memory":"2Gi"},"requests":{"cpu":"200m","memory":"1Gi"}},"volumeMounts":[{"name":"default-token-vdgk4","readOnly":true,"mountPath":"/var/run/secrets/kubernetes.io/serviceaccount"}],"livenessProbe":{"httpGet":{"path":"/health","port":18080,"scheme":"HTTP"},"initialDelaySeconds":900,"timeoutSeconds":10,"periodSeconds":10,"successThreshold":1,"failureThreshold":3},"readinessProbe":{"httpGet":{"path":"/health","port":18080,"scheme":"HTTP"},"initialDelaySeconds":30,"timeoutSeconds":10,"periodSeconds":10,"successThreshold":1,"failureThreshold":3},"terminationMessagePath":"/dev/termination-log","terminationMessagePolicy":"File","imagePullPolicy":"IfNotPresent","securityContext":{"capabilities":{"drop":["MKNOD"]},"privileged":false}}],"restartPolicy":"Always","terminationGracePeriodSeconds":30,"dnsPolicy":"ClusterFirst","nodeSelector":{"region":"work"},"serviceAccountName":"default","serviceAccount":"default","nodeName":"ilocpde01w05.corp.amdocs.com","securityContext":{"seLinuxOptions":{"level":"s0:c82,c59"}},"imagePullSecrets":[{"name":"productconfigurator-price-ms-secret"}],"schedulerName":"default-scheduler","tolerations":[{"key":"node.kubernetes.io/memory-pressure","operator":"Exists","effect":"NoSchedule"}]},"status":{"phase":"Running","conditions":[{"type":"Initialized","status":"True","lastProbeTime":null,"lastTransitionTime":"2018-09-13T06:52:53Z"},{"type":"Ready","status":"True","lastProbeTime":null,"lastTransitionTime":"2018-09-13T06:53:56Z"},{"type":"PodScheduled","status":"True","lastProbeTime":null,"lastTransitionTime":"2018-09-13T06:52:53Z"}],"hostIP":"10.245.250.24","podIP":"10.128.17.87","startTime":"2018-09-13T06:52:53Z","containerStatuses":[{"name":"productconfigurator-price-service-container","state":{"running":{"startedAt":"2018-09-13T06:52:55Z"}},"lastState":{},"ready":true,"restartCount":0,"image":"illin5564.corp.amdocs.com:5000/productconfigurator-price-service:0.1.1-0066","imageID":"docker-pullable://illin5564.corp.amdocs.com:5000/productconfigurator-price-service@sha256:902bed74b92f1b5d75c2d1bf46d53c1f67cb117145fbd207e0e71f9496a845db","containerID":"docker://381da3ca4e99133cfc513017884df806db357f0374225c5416261b074991916c"}],"qosClass":"Burstable"}},{"metadata":{"name":"productconfigurator-qual-7c879d5c97-pv42v","generateName":"productconfigurator-qual-7c879d5c97-","namespace":"oc-cd-1017-pranavd-pd","selfLink":"/api/v1/namespaces/oc-cd-1017-pranavd-pd/pods/productconfigurator-qual-7c879d5c97-pv42v","uid":"a303b426-b721-11e8-bb86-0050569a887c","resourceVersion":"66124618","creationTimestamp":"2018-09-13T06:52:53Z","labels":{"app":"productconfigurator-qual","microservice":"productconfigurator-qual","pod-template-hash":"3743581753","project":"productconfigurator-qualification","provider":"amdocs","release":"productconfigurator-qualification-release"},"annotations":{"git-commit":"da79a2a01247a28ac602f010aca599b3d1a8b6c5","openshift.io/scc":"anyuid-no-ps"},"ownerReferences":[{"apiVersion":"extensions/v1beta1","kind":"ReplicaSet","name":"productconfigurator-qual-7c879d5c97","uid":"a2fb8fdc-b721-11e8-bb86-0050569a887c","controller":true,"blockOwnerDeletion":true}]},"spec":{"volumes":[{"name":"productconfigurator-qualification-volume-jwt-validation-conf","configMap":{"name":"productconfigurator-qualification-jwt-validation-configmap","items":[{"key":"application.yaml","path":"application.yaml"}],"defaultMode":420}},{"name":"prop-volume","configMap":{"name":"productconfigurator-qualification-service-appconfig","defaultMode":420,"optional":true}},{"name":"default-token-vdgk4","secret":{"secretName":"default-token-vdgk4","defaultMode":420}}],"containers":[{"name":"productconfigurator-qualification-service-container","image":"illin5564.corp.amdocs.com:5000/productconfigurator-qualification-service:0.1.1-0034","ports":[{"name":"http","containerPort":8080,"protocol":"TCP"},{"name":"https","containerPort":8443,"protocol":"TCP"},{"name":"management","containerPort":18080,"protocol":"TCP"}],"env":[{"name":"KUBERNETES_NAMESPACE","valueFrom":{"fieldRef":{"apiVersion":"v1","fieldPath":"metadata.namespace"}}},{"name":"MSNEXT_JAVA_OPTS","value":" -Xms256m -Xmx1024m -XX:MaxRAM=2048m -XX:+DisableExplicitGC -XX:+UseConcMarkSweepGC -XX:+CMSParallelRemarkEnabled -XX:NewRatio=1 -Xss512k -XX:MaxMetaspaceSize=512m"},{"name":"SERVER_PORT","value":"8080"},{"name":"MSNEXT_DISABLED_MODULES","value":"msnext-customization"},{"name":"MANAGEMENT_PORT","value":"18080"},{"name":"MALLOC_ARENA_MAX","value":"4"},{"name":"MSNEXT_CONF_SOURCE_APP","value":"/etc/config"},{"name":"MSNEXT_CONF_SOURCE_IDM","value":"/run/secrets/msNextConfSourceIdm1"}],"resources":{"limits":{"cpu":"2","memory":"2Gi"},"requests":{"cpu":"200m","memory":"1Gi"}},"volumeMounts":[{"name":"productconfigurator-qualification-volume-jwt-validation-conf","mountPath":"/run/secrets/msNextConfSourceIdm1"},{"name":"prop-volume","mountPath":"/etc/config"},{"name":"default-token-vdgk4","readOnly":true,"mountPath":"/var/run/secrets/kubernetes.io/serviceaccount"}],"livenessProbe":{"httpGet":{"path":"/health","port":18080,"scheme":"HTTP"},"initialDelaySeconds":900,"timeoutSeconds":10,"periodSeconds":10,"successThreshold":1,"failureThreshold":3},"readinessProbe":{"httpGet":{"path":"/health","port":18080,"scheme":"HTTP"},"initialDelaySeconds":30,"timeoutSeconds":10,"periodSeconds":10,"successThreshold":1,"failureThreshold":3},"terminationMessagePath":"/dev/termination-log","terminationMessagePolicy":"File","imagePullPolicy":"IfNotPresent","securityContext":{"capabilities":{"drop":["MKNOD"]},"privileged":false}}],"restartPolicy":"Always","terminationGracePeriodSeconds":30,"dnsPolicy":"ClusterFirst","nodeSelector":{"region":"work"},"serviceAccountName":"default","serviceAccount":"default","nodeName":"ilocpde01w03.corp.amdocs.com","securityContext":{"seLinuxOptions":{"level":"s0:c82,c59"}},"imagePullSecrets":[{"name":"productconfigurator-qualification-ms-secret"}],"schedulerName":"default-scheduler","tolerations":[{"key":"node.kubernetes.io/memory-pressure","operator":"Exists","effect":"NoSchedule"}]},"status":{"phase":"Running","conditions":[{"type":"Initialized","status":"True","lastProbeTime":null,"lastTransitionTime":"2018-09-13T06:52:53Z"},{"type":"Ready","status":"True","lastProbeTime":null,"lastTransitionTime":"2018-09-13T06:54:29Z"},{"type":"PodScheduled","status":"True","lastProbeTime":null,"lastTransitionTime":"2018-09-13T06:52:53Z"}],"hostIP":"10.245.250.22","podIP":"10.128.11.176","startTime":"2018-09-13T06:52:53Z","containerStatuses":[{"name":"productconfigurator-qualification-service-container","state":{"running":{"startedAt":"2018-09-13T06:53:27Z"}},"lastState":{},"ready":true,"restartCount":0,"image":"illin5564.corp.amdocs.com:5000/productconfigurator-qualification-service:0.1.1-0034","imageID":"docker-pullable://illin5564.corp.amdocs.com:5000/productconfigurator-qualification-service@sha256:3efe9793b5a43687247fbd257fc677977b7d69a6da1f2afbc446aef8627cf6f3","containerID":"docker://a1c4506a3a682e46f8cc1e9ae9954c70b7292b9e0db78165d5444709e03be369"}],"qosClass":"Burstable"}},{"metadata":{"name":"productconfigurator-rele-59c4bb44b7-5ltqq","generateName":"productconfigurator-rele-59c4bb44b7-","namespace":"oc-cd-1017-pranavd-pd","selfLink":"/api/v1/namespaces/oc-cd-1017-pranavd-pd/pods/productconfigurator-rele-59c4bb44b7-5ltqq","uid":"a3114e4d-b721-11e8-bb86-0050569a887c","resourceVersion":"66124279","creationTimestamp":"2018-09-13T06:52:53Z","labels":{"app":"productconfigurator-rele","microservice":"productconfigurator","pod-template-hash":"1570660063","project":"productconfigurator","provider":"amdocs","release":"productconfigurator-release"},"annotations":{"git-commit":"069b9d82d9e13d12f01414210aa64d261ac30c99","openshift.io/scc":"anyuid-no-ps"},"ownerReferences":[{"apiVersion":"extensions/v1beta1","kind":"ReplicaSet","name":"productconfigurator-rele-59c4bb44b7","uid":"a3077fd1-b721-11e8-bb86-0050569a887c","controller":true,"blockOwnerDeletion":true}]},"spec":{"volumes":[{"name":"default-token-vdgk4","secret":{"secretName":"default-token-vdgk4","defaultMode":420}}],"containers":[{"name":"productconfigurator-service-container","image":"illin5564.corp.amdocs.com:5000/productconfigurator-service:0.1.1-0138","ports":[{"name":"http","containerPort":8080,"protocol":"TCP"},{"name":"prometheus","containerPort":5555,"protocol":"TCP"},{"name":"https","containerPort":8443,"protocol":"TCP"},{"name":"management","containerPort":18080,"protocol":"TCP"}],"env":[{"name":"KUBERNETES_NAMESPACE","valueFrom":{"fieldRef":{"apiVersion":"v1","fieldPath":"metadata.namespace"}}},{"name":"MSNEXT_JAVA_OPTS","value":" -Xms256m -Xmx1024m -XX:MaxRAM=2048m -XX:+DisableExplicitGC -XX:+UseConcMarkSweepGC -XX:+CMSParallelRemarkEnabled -XX:NewRatio=1 -Xss512k -XX:MaxMetaspaceSize=512m"},{"name":"SERVER_PORT","value":"8080"},{"name":"MSNEXT_DISABLED_MODULES","value":"msnext-customization"},{"name":"MANAGEMENT_PORT","value":"18080"}],"resources":{"limits":{"cpu":"2","memory":"2Gi"},"requests":{"cpu":"200m","memory":"1Gi"}},"volumeMounts":[{"name":"default-token-vdgk4","readOnly":true,"mountPath":"/var/run/secrets/kubernetes.io/serviceaccount"}],"livenessProbe":{"httpGet":{"path":"/health","port":18080,"scheme":"HTTP"},"initialDelaySeconds":900,"timeoutSeconds":10,"periodSeconds":10,"successThreshold":1,"failureThreshold":3},"readinessProbe":{"httpGet":{"path":"/health","port":18080,"scheme":"HTTP"},"initialDelaySeconds":30,"timeoutSeconds":10,"periodSeconds":10,"successThreshold":1,"failureThreshold":3},"terminationMessagePath":"/dev/termination-log","terminationMessagePolicy":"File","imagePullPolicy":"IfNotPresent","securityContext":{"capabilities":{"drop":["MKNOD"]},"privileged":false}}],"restartPolicy":"Always","terminationGracePeriodSeconds":30,"dnsPolicy":"ClusterFirst","nodeSelector":{"region":"work"},"serviceAccountName":"default","serviceAccount":"default","nodeName":"ilocpde01w02.corp.amdocs.com","securityContext":{"seLinuxOptions":{"level":"s0:c82,c59"}},"imagePullSecrets":[{"name":"productconfigurator-ms-secret"}],"schedulerName":"default-scheduler","tolerations":[{"key":"node.kubernetes.io/memory-pressure","operator":"Exists","effect":"NoSchedule"}]},"status":{"phase":"Running","conditions":[{"type":"Initialized","status":"True","lastProbeTime":null,"lastTransitionTime":"2018-09-13T06:52:53Z"},{"type":"Ready","status":"True","lastProbeTime":null,"lastTransitionTime":"2018-09-13T06:54:07Z"},{"type":"PodScheduled","status":"True","lastProbeTime":null,"lastTransitionTime":"2018-09-13T06:52:53Z"}],"hostIP":"10.245.250.21","podIP":"10.128.12.141","startTime":"2018-09-13T06:52:53Z","containerStatuses":[{"name":"productconfigurator-service-container","state":{"running":{"startedAt":"2018-09-13T06:52:55Z"}},"lastState":{},"ready":true,"restartCount":0,"image":"illin5564.corp.amdocs.com:5000/productconfigurator-service:0.1.1-0138","imageID":"docker-pullable://illin5564.corp.amdocs.com:5000/productconfigurator-service@sha256:48969f7f89f010bb755cb3851cde7292583a552ce19d0f2f54dedfa67e8d4ab6","containerID":"docker://d164dfaa2a45602c9c0d402122fd8d66f60314af17ba981f3cfe19e11338520b"}],"qosClass":"Burstable"}},{"metadata":{"name":"productorder-amendodr-r-6694f6dc4c-sxbkz","generateName":"productorder-amendodr-r-6694f6dc4c-","namespace":"oc-cd-1017-pranavd-pd","selfLink":"/api/v1/namespaces/oc-cd-1017-pranavd-pd/pods/productorder-amendodr-r-6694f6dc4c-sxbkz","uid":"a324c683-b721-11e8-bb86-0050569a887c","resourceVersion":"66124535","creationTimestamp":"2018-09-13T06:52:53Z","labels":{"app":"productorder-amendodr-r","microservice":"productorder-amendorder","pod-template-hash":"2250928707","project":"productorder-amendorder","provider":"amdocs","release":"productorder-amendodr-release"},"annotations":{"fabric8.io/iconUrl":"img/icons/spring-boot.svg","git-commit":"898528e0ba4512f854cecaee4adcbdd8cef972d4","openshift.io/scc":"anyuid-no-ps"},"ownerReferences":[{"apiVersion":"extensions/v1beta1","kind":"ReplicaSet","name":"productorder-amendodr-r-6694f6dc4c","uid":"a317a0f9-b721-11e8-bb86-0050569a887c","controller":true,"blockOwnerDeletion":true}]},"spec":{"volumes":[{"name":"prop-volume","configMap":{"name":"productorder-amendorder-service-appconfig","defaultMode":420,"optional":true}},{"name":"default-token-vdgk4","secret":{"secretName":"default-token-vdgk4","defaultMode":420}}],"containers":[{"name":"productorder-amendorder-service-container","image":"illin5564.corp.amdocs.com:5000/productorder-amendorder-service:0.1.1-0019","ports":[{"name":"http","containerPort":8080,"protocol":"TCP"},{"name":"jacoco","containerPort":6300,"protocol":"TCP"},{"name":"metrics","containerPort":5555,"protocol":"TCP"},{"name":"management","containerPort":18080,"protocol":"TCP"}],"env":[{"name":"KUBERNETES_NAMESPACE","valueFrom":{"fieldRef":{"apiVersion":"v1","fieldPath":"metadata.namespace"}}},{"name":"MSNEXT_JAVA_OPTS","value":" -Xms256m -Xmx1024m -XX:MaxRAM=2048m -XX:+DisableExplicitGC -XX:+UseConcMarkSweepGC -XX:+CMSParallelRemarkEnabled -XX:NewRatio=1 -Xss512k -XX:MaxMetaspaceSize=512m"},{"name":"DOX_EXCLUDED_MODULES","value":"msnext-customization"},{"name":"MANAGEMENT_PORT","value":"18080"},{"name":"SERVER_PORT","value":"8080"},{"name":"MSNEXT_CONF_SOURCE_APP","value":"/etc/config"}],"resources":{"limits":{"cpu":"2","memory":"2Gi"},"requests":{"cpu":"200m","memory":"1Gi"}},"volumeMounts":[{"name":"prop-volume","mountPath":"/etc/config"},{"name":"default-token-vdgk4","readOnly":true,"mountPath":"/var/run/secrets/kubernetes.io/serviceaccount"}],"livenessProbe":{"httpGet":{"path":"/health","port":18080,"scheme":"HTTP"},"initialDelaySeconds":900,"timeoutSeconds":10,"periodSeconds":10,"successThreshold":1,"failureThreshold":3},"readinessProbe":{"httpGet":{"path":"/health","port":18080,"scheme":"HTTP"},"initialDelaySeconds":30,"timeoutSeconds":10,"periodSeconds":10,"successThreshold":1,"failureThreshold":3},"terminationMessagePath":"/dev/termination-log","terminationMessagePolicy":"File","imagePullPolicy":"IfNotPresent","securityContext":{"capabilities":{"drop":["MKNOD"]},"privileged":false}}],"restartPolicy":"Always","terminationGracePeriodSeconds":30,"dnsPolicy":"ClusterFirst","nodeSelector":{"region":"work"},"serviceAccountName":"default","serviceAccount":"default","nodeName":"ilocpde01w30.corp.amdocs.com","securityContext":{"seLinuxOptions":{"level":"s0:c82,c59"}},"imagePullSecrets":[{"name":"productorder-amendorder-ms-secret"}],"schedulerName":"default-scheduler","tolerations":[{"key":"node.kubernetes.io/memory-pressure","operator":"Exists","effect":"NoSchedule"}]},"status":{"phase":"Running","conditions":[{"type":"Initialized","status":"True","lastProbeTime":null,"lastTransitionTime":"2018-09-13T06:52:53Z"},{"type":"Ready","status":"True","lastProbeTime":null,"lastTransitionTime":"2018-09-13T06:54:25Z"},{"type":"PodScheduled","status":"True","lastProbeTime":null,"lastTransitionTime":"2018-09-13T06:52:53Z"}],"podIP":"10.128.70.15","startTime":"2018-09-13T06:52:53Z","containerStatuses":[{"name":"productorder-amendorder-service-container","state":{"running":{"startedAt":"2018-09-13T06:52:57Z"}},"lastState":{},"ready":true,"restartCount":0,"image":"illin5564.corp.amdocs.com:5000/productorder-amendorder-service:0.1.1-0019","imageID":"docker-pullable://illin5564.corp.amdocs.com:5000/productorder-amendorder-service@sha256:2d86d9750b219cde6b8f2866df8f0f0189f499b22e8ab1dc253086b922782c7c","containerID":"docker://c01e58a9a91e761cc33f8df9766e254b838d7b3eda9b86472a23c9ac138f6067"}],"qosClass":"Burstable"}},{"metadata":{"name":"productorder-deliverymethodorder-release-productorder-delidbdpf","generateName":"productorder-deliverymethodorder-release-productorder-deliverym-7d995fff95-","namespace":"oc-cd-1017-pranavd-pd","selfLink":"/api/v1/namespaces/oc-cd-1017-pranavd-pd/pods/productorder-deliverymethodorder-release-productorder-delidbdpf","uid":"a33ed7f1-b721-11e8-bb86-0050569a887c","resourceVersion":"66124317","creationTimestamp":"2018-09-13T06:52:53Z","labels":{"app":"productorder-deliverymethodorder-release-productorder-deliverym","microservice":"productorder-deliverymet","pod-template-hash":"3855199951","project":"productorder-deliverymethodorder","provider":"amdocs","release":"productorder-deliverymethodorder-release"},"annotations":{"fabric8.io/iconUrl":"img/icons/spring-boot.svg","git-commit":"84e2858ab6562378a5336995af5259426eefb325","openshift.io/scc":"anyuid-no-ps"},"ownerReferences":[{"apiVersion":"extensions/v1beta1","kind":"ReplicaSet","name":"productorder-deliverymethodorder-release-productorder-deliverym-7d995fff95","uid":"a3315902-b721-11e8-bb86-0050569a887c","controller":true,"blockOwnerDeletion":true}]},"spec":{"volumes":[{"name":"default-token-vdgk4","secret":{"secretName":"default-token-vdgk4","defaultMode":420}}],"containers":[{"name":"productorder-deliverymethodorder-service-container","image":"illin5564.corp.amdocs.com:5000/productorder-deliverymethodorder-service:0.1.1-0027","ports":[{"name":"http","containerPort":8080,"protocol":"TCP"},{"name":"https","containerPort":8443,"protocol":"TCP"},{"name":"metrics","containerPort":5555,"protocol":"TCP"},{"name":"jacoco","containerPort":6300,"protocol":"TCP"},{"name":"management","containerPort":18080,"protocol":"TCP"}],"env":[{"name":"KUBERNETES_NAMESPACE","valueFrom":{"fieldRef":{"apiVersion":"v1","fieldPath":"metadata.namespace"}}},{"name":"MSNEXT_JAVA_OPTS","value":" -Xms256m -Xmx1024m -XX:MaxRAM=2048m -XX:+DisableExplicitGC -XX:+UseConcMarkSweepGC -XX:+CMSParallelRemarkEnabled -XX:NewRatio=1 -Xss512k -XX:MaxMetaspaceSize=512m"},{"name":"SERVER_PORT","value":"8080"},{"name":"MSNEXT_DISABLED_MODULES","value":"msnext-customization"},{"name":"MANAGEMENT_PORT","value":"18080"},{"name":"MALLOC_ARENA_MAX","value":"4"}],"resources":{"limits":{"cpu":"2","memory":"2Gi"},"requests":{"cpu":"200m","memory":"1Gi"}},"volumeMounts":[{"name":"default-token-vdgk4","readOnly":true,"mountPath":"/var/run/secrets/kubernetes.io/serviceaccount"}],"livenessProbe":{"httpGet":{"path":"/health","port":18080,"scheme":"HTTP"},"initialDelaySeconds":900,"timeoutSeconds":10,"periodSeconds":10,"successThreshold":1,"failureThreshold":3},"readinessProbe":{"httpGet":{"path":"/health","port":18080,"scheme":"HTTP"},"initialDelaySeconds":30,"timeoutSeconds":10,"periodSeconds":10,"successThreshold":1,"failureThreshold":3},"terminationMessagePath":"/dev/termination-log","terminationMessagePolicy":"File","imagePullPolicy":"IfNotPresent","securityContext":{"capabilities":{"drop":["MKNOD"]},"privileged":false}}],"restartPolicy":"Always","terminationGracePeriodSeconds":30,"dnsPolicy":"ClusterFirst","nodeSelector":{"region":"work"},"serviceAccountName":"default","serviceAccount":"default","nodeName":"ilocpde01w27.corp.amdocs.com","securityContext":{"seLinuxOptions":{"level":"s0:c82,c59"}},"imagePullSecrets":[{"name":"productorder-deliverymethodorder-ms-secret"}],"schedulerName":"default-scheduler","tolerations":[{"key":"node.kubernetes.io/memory-pressure","operator":"Exists","effect":"NoSchedule"}]},"status":{"phase":"Running","conditions":[{"type":"Initialized","status":"True","lastProbeTime":null,"lastTransitionTime":"2018-09-13T06:52:53Z"},{"type":"Ready","status":"True","lastProbeTime":null,"lastTransitionTime":"2018-09-13T06:54:10Z"},{"type":"PodScheduled","status":"True","lastProbeTime":null,"lastTransitionTime":"2018-09-13T06:52:53Z"}],"hostIP":"10.245.251.168","podIP":"10.128.64.34","startTime":"2018-09-13T06:52:53Z","containerStatuses":[{"name":"productorder-deliverymethodorder-service-container","state":{"running":{"startedAt":"2018-09-13T06:52:56Z"}},"lastState":{},"ready":true,"restartCount":0,"image":"illin5564.corp.amdocs.com:5000/productorder-deliverymethodorder-service:0.1.1-0027","imageID":"docker-pullable://illin5564.corp.amdocs.com:5000/productorder-deliverymethodorder-service@sha256:7e9da01d788f9ad6d1ba92e4b02e8724724473cd299d7b71bb931b72d72e6028","containerID":"docker://b84feea5b320015d17de4a1f2c72a641f1130a755bd5a271558fd3fa8f1d8d05"}],"qosClass":"Burstable"}},{"metadata":{"name":"productorder-futurelaunc-85884df4f8-mc9rt","generateName":"productorder-futurelaunc-85884df4f8-","namespace":"oc-cd-1017-pranavd-pd","selfLink":"/api/v1/namespaces/oc-cd-1017-pranavd-pd/pods/productorder-futurelaunc-85884df4f8-mc9rt","uid":"a366e180-b721-11e8-bb86-0050569a887c","resourceVersion":"66124583","creationTimestamp":"2018-09-13T06:52:53Z","labels":{"app":"productorder-futurelaunc","microservice":"productorder-futurelaunc","pod-template-hash":"4144089094","project":"productorder-futurelauncher","provider":"amdocs","release":"productorder-futurelauncher-release"},"annotations":{"fabric8.io/iconUrl":"img/icons/spring-boot.svg","git-commit":"76904a486ab6efd9d42b391a1a486c168ee459de","openshift.io/scc":"anyuid-no-ps"},"ownerReferences":[{"apiVersion":"extensions/v1beta1","kind":"ReplicaSet","name":"productorder-futurelaunc-85884df4f8","uid":"a35ada44-b721-11e8-bb86-0050569a887c","controller":true,"blockOwnerDeletion":true}]},"spec":{"volumes":[{"name":"prop-volume","configMap":{"name":"productorder-futurelauncher-service-appconfigmap","defaultMode":420}},{"name":"default-token-vdgk4","secret":{"secretName":"default-token-vdgk4","defaultMode":420}}],"containers":[{"name":"productorder-futurelauncher-service-container","image":"illin5564.corp.amdocs.com:5000/productorder-futurelauncher-service:0.1.1-0065","ports":[{"name":"http","containerPort":8080,"protocol":"TCP"},{"name":"jacoco","containerPort":6300,"protocol":"TCP"},{"name":"metrics","containerPort":5555,"protocol":"TCP"},{"name":"management","containerPort":18080,"protocol":"TCP"}],"env":[{"name":"KUBERNETES_NAMESPACE","valueFrom":{"fieldRef":{"apiVersion":"v1","fieldPath":"metadata.namespace"}}},{"name":"MSNEXT_JAVA_OPTS","value":" -Xms256m -Xmx1024m -XX:MaxRAM=2048m -XX:+DisableExplicitGC -XX:+UseConcMarkSweepGC -XX:+CMSParallelRemarkEnabled -XX:NewRatio=1 -Xss512k -XX:MaxMetaspaceSize=512m"},{"name":"MSNEXT_CONF_SOURCE_APP","value":"/etc/config"},{"name":"MSNEXT_DISABLED_MODULES","value":"msnext-customization"},{"name":"MANAGEMENT_PORT","value":"18080"},{"name":"SERVER_PORT","value":"8080"},{"name":"MALLOC_ARENA_MAX","value":"4"}],"resources":{"limits":{"cpu":"2","memory":"2Gi"},"requests":{"cpu":"200m","memory":"1Gi"}},"volumeMounts":[{"name":"prop-volume","mountPath":"/etc/config"},{"name":"default-token-vdgk4","readOnly":true,"mountPath":"/var/run/secrets/kubernetes.io/serviceaccount"}],"livenessProbe":{"httpGet":{"path":"/health","port":18080,"scheme":"HTTP"},"initialDelaySeconds":900,"timeoutSeconds":10,"periodSeconds":10,"successThreshold":1,"failureThreshold":3},"readinessProbe":{"httpGet":{"path":"/health","port":18080,"scheme":"HTTP"},"initialDelaySeconds":30,"timeoutSeconds":10,"periodSeconds":10,"successThreshold":1,"failureThreshold":3},"terminationMessagePath":"/dev/termination-log","terminationMessagePolicy":"File","imagePullPolicy":"IfNotPresent","securityContext":{"capabilities":{"drop":["MKNOD"]},"privileged":false}}],"restartPolicy":"Always","terminationGracePeriodSeconds":30,"dnsPolicy":"ClusterFirst","nodeSelector":{"region":"work"},"serviceAccountName":"default","serviceAccount":"default","nodeName":"ilocpde01w23.corp.amdocs.com","securityContext":{"seLinuxOptions":{"level":"s0:c82,c59"}},"imagePullSecrets":[{"name":"productorder-futurelauncher-ms-secret"}],"schedulerName":"default-scheduler","tolerations":[{"key":"node.kubernetes.io/memory-pressure","operator":"Exists","effect":"NoSchedule"}]},"status":{"phase":"Running","conditions":[{"type":"Initialized","status":"True","lastProbeTime":null,"lastTransitionTime":"2018-09-13T06:52:53Z"},{"type":"Ready","status":"True","lastProbeTime":null,"lastTransitionTime":"2018-09-13T06:54:27Z"},{"type":"PodScheduled","status":"True","lastProbeTime":null,"lastTransitionTime":"2018-09-13T06:52:53Z"}],"hostIP":"10.245.251.164","podIP":"10.128.54.23","startTime":"2018-09-13T06:52:53Z","containerStatuses":[{"name":"productorder-futurelauncher-service-container","state":{"running":{"startedAt":"2018-09-13T06:53:13Z"}},"lastState":{},"ready":true,"restartCount":0,"image":"illin5564.corp.amdocs.com:5000/productorder-futurelauncher-service:0.1.1-0065","imageID":"docker-pullable://illin5564.corp.amdocs.com:5000/productorder-futurelauncher-service@sha256:b3afd231c02de05d7f9802667a9f72f2aca73097f2876e2a19e719c13540388a","containerID":"docker://94a72ccb5b575e19ee5cfd652972155c527b00e5f47ba97649d51e767925ec60"}],"qosClass":"Burstable"}},{"metadata":{"name":"productorder-limiteddurationproduct-release-productorder-lhlfmq","generateName":"productorder-limiteddurationproduct-release-productorder-limite-79945d9749-","namespace":"oc-cd-1017-pranavd-pd","selfLink":"/api/v1/namespaces/oc-cd-1017-pranavd-pd/pods/productorder-limiteddurationproduct-release-productorder-lhlfmq","uid":"a3799c81-b721-11e8-bb86-0050569a887c","resourceVersion":"66124734","creationTimestamp":"2018-09-13T06:52:53Z","labels":{"app":"productorder-limiteddurationproduct-release-productorder-limite","microservice":"productorder-limiteddurationproduct","pod-template-hash":"3550185305","project":"productorder-limiteddurationproduct","provider":"amdocs","release":"productorder-limiteddurationproduct-release"},"annotations":{"git-commit":"cf2decf23f48a9d534e33172bafcbd152ef9cdb4","openshift.io/scc":"anyuid-no-ps"},"ownerReferences":[{"apiVersion":"extensions/v1beta1","kind":"ReplicaSet","name":"productorder-limiteddurationproduct-release-productorder-limite-79945d9749","uid":"a370eaaf-b721-11e8-bb86-0050569a887c","controller":true,"blockOwnerDeletion":true}]},"spec":{"volumes":[{"name":"prop-volume","configMap":{"name":"productorder-limiteddurationproduct-appconfigmap","defaultMode":420}},{"name":"default-token-vdgk4","secret":{"secretName":"default-token-vdgk4","defaultMode":420}}],"containers":[{"name":"productorder-limiteddurationproduct-service-container","image":"illin5564.corp.amdocs.com:5000/productorder-limiteddurationproduct-service:0.1.0-0008","ports":[{"name":"http","containerPort":8080,"protocol":"TCP"},{"name":"management","containerPort":18080,"protocol":"TCP"}],"env":[{"name":"KUBERNETES_NAMESPACE","valueFrom":{"fieldRef":{"apiVersion":"v1","fieldPath":"metadata.namespace"}}},{"name":"MSNEXT_JAVA_OPTS","value":"-Xms256m -Xmx512m -XX:MaxRAM=1024m -XX:+UseSerialGC"},{"name":"MSNEXT_CONF_SOURCE_APP","value":"/etc/config"},{"name":"MSNEXT_DISABLED_MODULES","value":"msnext-customization"},{"name":"MANAGEMENT_PORT","value":"18080"},{"name":"SERVER_PORT","value":"8080"},{"name":"MALLOC_ARENA_MAX","value":"4"},{"name":"TZ","value":"UTC"}],"resources":{"limits":{"cpu":"2","memory":"2Gi"},"requests":{"cpu":"200m","memory":"1Gi"}},"volumeMounts":[{"name":"prop-volume","mountPath":"/etc/config"},{"name":"default-token-vdgk4","readOnly":true,"mountPath":"/var/run/secrets/kubernetes.io/serviceaccount"}],"livenessProbe":{"httpGet":{"path":"/health","port":18080,"scheme":"HTTP"},"initialDelaySeconds":900,"timeoutSeconds":10,"periodSeconds":10,"successThreshold":1,"failureThreshold":3},"readinessProbe":{"httpGet":{"path":"/health","port":18080,"scheme":"HTTP"},"initialDelaySeconds":30,"timeoutSeconds":10,"periodSeconds":10,"successThreshold":1,"failureThreshold":3},"terminationMessagePath":"/dev/termination-log","terminationMessagePolicy":"File","imagePullPolicy":"IfNotPresent","securityContext":{"capabilities":{"drop":["MKNOD"]},"privileged":false}}],"restartPolicy":"Always","terminationGracePeriodSeconds":30,"dnsPolicy":"ClusterFirst","nodeSelector":{"region":"work"},"serviceAccountName":"default","serviceAccount":"default","nodeName":"ilocpde01w22.corp.amdocs.com","securityContext":{"seLinuxOptions":{"level":"s0:c82,c59"}},"imagePullSecrets":[{"name":"productorder-limiteddurationproduct-ms-secret"}],"schedulerName":"default-scheduler","tolerations":[{"key":"node.kubernetes.io/memory-pressure","operator":"Exists","effect":"NoSchedule"}]},"status":{"phase":"Running","conditions":[{"type":"Initialized","status":"True","lastProbeTime":null,"lastTransitionTime":"2018-09-13T06:52:53Z"},{"type":"Ready","status":"True","lastProbeTime":null,"lastTransitionTime":"2018-09-13T06:54:37Z"},{"type":"PodScheduled","status":"True","lastProbeTime":null,"lastTransitionTime":"2018-09-13T06:52:53Z"}],"hostIP":"10.245.251.163","podIP":"10.128.56.177","startTime":"2018-09-13T06:52:53Z","containerStatuses":[{"name":"productorder-limiteddurationproduct-service-container","state":{"running":{"startedAt":"2018-09-13T06:53:31Z"}},"lastState":{},"ready":true,"restartCount":0,"image":"illin5564.corp.amdocs.com:5000/productorder-limiteddurationproduct-service:0.1.0-0008","imageID":"docker-pullable://illin5564.corp.amdocs.com:5000/productorder-limiteddurationproduct-service@sha256:d032cb5615cd6a44272ed1d425be845b61ea3b8897595af9778fbe67470c0bb0","containerID":"docker://bbabea6f381f736642988ed52ece1934d8efe75fc7275939b457ddd265da3f72"}],"qosClass":"Burstable"}},{"metadata":{"name":"productorder-modifyorder-57975d8ff-zwnjl","generateName":"productorder-modifyorder-57975d8ff-","namespace":"oc-cd-1017-pranavd-pd","selfLink":"/api/v1/namespaces/oc-cd-1017-pranavd-pd/pods/productorder-modifyorder-57975d8ff-zwnjl","uid":"a38b1b17-b721-11e8-bb86-0050569a887c","resourceVersion":"66124150","creationTimestamp":"2018-09-13T06:52:54Z","labels":{"app":"productorder-modifyorder","microservice":"productorder-modifyorder","pod-template-hash":"135318499","project":"productorder-modifyorder","provider":"amdocs","release":"productorder-modifyorder-release"},"annotations":{"fabric8.io/iconUrl":"img/icons/spring-boot.svg","git-commit":"d4e1a338682a687eea182b82cc34e7aec6b3e675","openshift.io/scc":"anyuid-no-ps"},"ownerReferences":[{"apiVersion":"extensions/v1beta1","kind":"ReplicaSet","name":"productorder-modifyorder-57975d8ff","uid":"a37d83fb-b721-11e8-bb86-0050569a887c","controller":true,"blockOwnerDeletion":true}]},"spec":{"volumes":[{"name":"prop-volume","configMap":{"name":"productorder-modifyorder-service-appconfig","defaultMode":420,"optional":true}},{"name":"default-token-vdgk4","secret":{"secretName":"default-token-vdgk4","defaultMode":420}}],"containers":[{"name":"productorder-modifyorder-service-container","image":"illin5564.corp.amdocs.com:5000/productorder-modifyorder-service:0.1.1-0035","ports":[{"name":"http","containerPort":8080,"protocol":"TCP"},{"name":"jacoco","containerPort":6300,"protocol":"TCP"},{"name":"metrics","containerPort":5555,"protocol":"TCP"},{"name":"management","containerPort":18080,"protocol":"TCP"}],"env":[{"name":"KUBERNETES_NAMESPACE","valueFrom":{"fieldRef":{"apiVersion":"v1","fieldPath":"metadata.namespace"}}},{"name":"MSNEXT_JAVA_OPTS","value":" -Xms256m -Xmx1024m -XX:MaxRAM=2048m -XX:+DisableExplicitGC -XX:+UseConcMarkSweepGC -XX:+CMSParallelRemarkEnabled -XX:NewRatio=1 -Xss512k -XX:MaxMetaspaceSize=512m -Dcom.amdocs.msnext.securitya3s.url=http://10.238.196.7:30081/asmServices/services/v1.0"},{"name":"SERVER_PORT","value":"8080"},{"name":"DOX_EXCLUDED_MODULES","value":"msnext-customization"},{"name":"MANAGEMENT_PORT","value":"18080"},{"name":"SERVER_PORT","value":"8080"},{"name":"MSNEXT_CONF_SOURCE_APP","value":"/etc/config"}],"resources":{"limits":{"cpu":"2","memory":"2Gi"},"requests":{"cpu":"200m","memory":"1Gi"}},"volumeMounts":[{"name":"prop-volume","mountPath":"/etc/config"},{"name":"default-token-vdgk4","readOnly":true,"mountPath":"/var/run/secrets/kubernetes.io/serviceaccount"}],"livenessProbe":{"httpGet":{"path":"/health","port":18080,"scheme":"HTTP"},"initialDelaySeconds":900,"timeoutSeconds":10,"periodSeconds":10,"successThreshold":1,"failureThreshold":3},"readinessProbe":{"httpGet":{"path":"/health","port":18080,"scheme":"HTTP"},"initialDelaySeconds":30,"timeoutSeconds":10,"periodSeconds":10,"successThreshold":1,"failureThreshold":3},"terminationMessagePath":"/dev/termination-log","terminationMessagePolicy":"File","imagePullPolicy":"IfNotPresent","securityContext":{"capabilities":{"drop":["MKNOD"]},"privileged":false}}],"restartPolicy":"Always","terminationGracePeriodSeconds":30,"dnsPolicy":"ClusterFirst","nodeSelector":{"region":"work"},"serviceAccountName":"default","serviceAccount":"default","nodeName":"ilocpde01w35.corp.amdocs.com","securityContext":{"seLinuxOptions":{"level":"s0:c82,c59"}},"imagePullSecrets":[{"name":"productorder-modifyorder-ms-secret"}],"schedulerName":"default-scheduler","tolerations":[{"key":"node.kubernetes.io/memory-pressure","operator":"Exists","effect":"NoSchedule"}]},"status":{"phase":"Running","conditions":[{"type":"Initialized","status":"True","lastProbeTime":null,"lastTransitionTime":"2018-09-13T06:52:54Z"},{"type":"Ready","status":"True","lastProbeTime":null,"lastTransitionTime":"2018-09-13T06:53:58Z"},{"type":"PodScheduled","status":"True","lastProbeTime":null,"lastTransitionTime":"2018-09-13T06:52:54Z"}],"hostIP":"10.245.251.176","podIP":"10.128.81.232","startTime":"2018-09-13T06:52:54Z","containerStatuses":[{"name":"productorder-modifyorder-service-container","state":{"running":{"startedAt":"2018-09-13T06:52:56Z"}},"lastState":{},"ready":true,"restartCount":0,"image":"illin5564.corp.amdocs.com:5000/productorder-modifyorder-service:0.1.1-0035","imageID":"docker-pullable://illin5564.corp.amdocs.com:5000/productorder-modifyorder-service@sha256:c20e9e9e2292e8f7615177ee650ff1259193d78b2aa2067b57dd11d99f1f7edb","containerID":"docker://6a1e62121d655b48a15d6270cf3f431df516a28bb98b3a3e3c5071c7c6778d39"}],"qosClass":"Burstable"}},{"metadata":{"name":"productorder-paymentorde-6c5cdf7779-fdlrr","generateName":"productorder-paymentorde-6c5cdf7779-","namespace":"oc-cd-1017-pranavd-pd","selfLink":"/api/v1/namespaces/oc-cd-1017-pranavd-pd/pods/productorder-paymentorde-6c5cdf7779-fdlrr","uid":"a3b77fc6-b721-11e8-bb86-0050569a887c","resourceVersion":"66124639","creationTimestamp":"2018-09-13T06:52:54Z","labels":{"app":"productorder-paymentorde","microservice":"productorder-paymentorde","pod-template-hash":"2717893335","project":"productorder-paymentorder","provider":"amdocs","release":"productorder-paymentorder-release"},"annotations":{"fabric8.io/iconUrl":"img/icons/spring-boot.svg","git-commit":"19e434ccaa6a5a2f3928cb0fe45f7b0c9c2ed1ac","openshift.io/scc":"anyuid-no-ps"},"ownerReferences":[{"apiVersion":"extensions/v1beta1","kind":"ReplicaSet","name":"productorder-paymentorde-6c5cdf7779","uid":"a3acb081-b721-11e8-bb86-0050569a887c","controller":true,"blockOwnerDeletion":true}]},"spec":{"volumes":[{"name":"prop-volume","configMap":{"name":"productorder-paymentorder-service-appconfig","defaultMode":420,"optional":true}},{"name":"default-token-vdgk4","secret":{"secretName":"default-token-vdgk4","defaultMode":420}}],"containers":[{"name":"productorder-paymentorder-service-container","image":"illin5564.corp.amdocs.com:5000/productorder-paymentorder-service:0.1.1-0016","ports":[{"name":"http","containerPort":8080,"protocol":"TCP"},{"name":"https","containerPort":8443,"protocol":"TCP"},{"name":"metrics","containerPort":5555,"protocol":"TCP"},{"name":"management","containerPort":18080,"protocol":"TCP"}],"env":[{"name":"MSNEXT_JAVA_OPTS","value":" -Xms256m -Xmx1024m -XX:MaxRAM=2048m -XX:+DisableExplicitGC -XX:+UseConcMarkSweepGC -XX:+CMSParallelRemarkEnabled -XX:NewRatio=1 -Xss512k -XX:MaxMetaspaceSize=512m -Dcom.amdocs.msnext.securitya3s.url=http://10.238.196.7:30081/asmServices/services/v1.0"},{"name":"SERVER_PORT","value":"8080"},{"name":"MSNEXT_CONF_SOURCE_APP","value":"/etc/config"},{"name":"MSNEXT_DISABLED_MODULES","value":"msnext-customization"},{"name":"MANAGEMENT_PORT","value":"18080"},{"name":"SERVER_PORT","value":"8080"}],"resources":{"limits":{"cpu":"2","memory":"2Gi"},"requests":{"cpu":"200m","memory":"1Gi"}},"volumeMounts":[{"name":"prop-volume","mountPath":"/etc/config"},{"name":"default-token-vdgk4","readOnly":true,"mountPath":"/var/run/secrets/kubernetes.io/serviceaccount"}],"livenessProbe":{"httpGet":{"path":"/health","port":18080,"scheme":"HTTP"},"initialDelaySeconds":900,"timeoutSeconds":10,"periodSeconds":10,"successThreshold":1,"failureThreshold":3},"readinessProbe":{"httpGet":{"path":"/health","port":18080,"scheme":"HTTP"},"initialDelaySeconds":30,"timeoutSeconds":10,"periodSeconds":10,"successThreshold":1,"failureThreshold":3},"terminationMessagePath":"/dev/termination-log","terminationMessagePolicy":"File","imagePullPolicy":"IfNotPresent","securityContext":{"capabilities":{"drop":["MKNOD"]},"privileged":false}}],"restartPolicy":"Always","terminationGracePeriodSeconds":30,"dnsPolicy":"ClusterFirst","nodeSelector":{"region":"work"},"serviceAccountName":"default","serviceAccount":"default","nodeName":"ilocpde01w34.corp.amdocs.com","securityContext":{"seLinuxOptions":{"level":"s0:c82,c59"}},"imagePullSecrets":[{"name":"productorder-paymentorder-ms-secret"}],"schedulerName":"default-scheduler","tolerations":[{"key":"node.kubernetes.io/memory-pressure","operator":"Exists","effect":"NoSchedule"}]},"status":{"phase":"Running","conditions":[{"type":"Initialized","status":"True","lastProbeTime":null,"lastTransitionTime":"2018-09-13T06:52:54Z"},{"type":"Ready","status":"True","lastProbeTime":null,"lastTransitionTime":"2018-09-13T06:54:31Z"},{"type":"PodScheduled","status":"True","lastProbeTime":null,"lastTransitionTime":"2018-09-13T06:52:54Z"}],"hostIP":"10.245.251.175","podIP":"10.128.78.114","startTime":"2018-09-13T06:52:54Z","containerStatuses":[{"name":"productorder-paymentorder-service-container","state":{"running":{"startedAt":"2018-09-13T06:53:01Z"}},"lastState":{},"ready":true,"restartCount":0,"image":"illin5564.corp.amdocs.com:5000/productorder-paymentorder-service:0.1.1-0016","imageID":"docker-pullable://illin5564.corp.amdocs.com:5000/productorder-paymentorder-service@sha256:8117aff2f7b44845ad0ae05b162ba0fbb9e6d0e33157efc0f708458fc9a2c080","containerID":"docker://2c5bfb12bb4c9c57bb7a368c7969ae5d9127e23f475436385d6bf40ca3a8e11c"}],"qosClass":"Burstable"}},{"metadata":{"name":"productorder-price-relea-b4fb678bc-mz2xz","generateName":"productorder-price-relea-b4fb678bc-","namespace":"oc-cd-1017-pranavd-pd","selfLink":"/api/v1/namespaces/oc-cd-1017-pranavd-pd/pods/productorder-price-relea-b4fb678bc-mz2xz","uid":"a3bdbf7f-b721-11e8-bb86-0050569a887c","resourceVersion":"68887599","creationTimestamp":"2018-09-13T06:52:54Z","labels":{"app":"productorder-price-relea","microservice":"productorder-price","pod-template-hash":"609623467","project":"productorder-price","provider":"amdocs","release":"productorder-price-release"},"annotations":{"fabric8.io/iconUrl":"img/icons/spring-boot.svg","git-commit":"1c072f2e99b5e68c88d0679cebd80061a73064b3","openshift.io/scc":"anyuid-no-ps"},"ownerReferences":[{"apiVersion":"extensions/v1beta1","kind":"ReplicaSet","name":"productorder-price-relea-b4fb678bc","uid":"a3b879eb-b721-11e8-bb86-0050569a887c","controller":true,"blockOwnerDeletion":true}]},"spec":{"volumes":[{"name":"prop-volume","configMap":{"name":"productorder-price-service-appconfig","defaultMode":420,"optional":true}},{"name":"default-token-vdgk4","secret":{"secretName":"default-token-vdgk4","defaultMode":420}}],"containers":[{"name":"productorder-price-service-container","image":"illin5564.corp.amdocs.com:5000/productorder-price-service:0.1.1-0049","ports":[{"name":"http","containerPort":8080,"protocol":"TCP"},{"name":"https","containerPort":8443,"protocol":"TCP"},{"name":"metrics","containerPort":5555,"protocol":"TCP"},{"name":"management","containerPort":8081,"protocol":"TCP"}],"env":[{"name":"KUBERNETES_NAMESPACE","valueFrom":{"fieldRef":{"apiVersion":"v1","fieldPath":"metadata.namespace"}}},{"name":"MSNEXT_JAVA_OPTS","value":" -Xms256m -Xmx1024m -XX:MaxRAM=2048m -XX:+DisableExplicitGC -XX:+UseConcMarkSweepGC -XX:+CMSParallelRemarkEnabled -XX:NewRatio=1 -Xss512k -XX:MaxMetaspaceSize=512m -Dcom.amdocs.msnext.securitya3s.url=http://10.238.196.7:30081/asmServices/services/v1.0"},{"name":"SERVER_PORT","value":"8080"},{"name":"MSNEXT_MODULE_MGT_DISABLE","value":"msnext-customization"},{"name":"MSNEXT_CONF_SOURCE_APP","value":"/etc/config"},{"name":"MANAGEMENT_PORT","value":"8081"},{"name":"ENABLE_PROMOTION_QUALIFICATION_SERVICE","value":"true"}],"resources":{"limits":{"cpu":"2","memory":"2Gi"},"requests":{"cpu":"200m","memory":"1Gi"}},"volumeMounts":[{"name":"prop-volume","mountPath":"/etc/config"},{"name":"default-token-vdgk4","readOnly":true,"mountPath":"/var/run/secrets/kubernetes.io/serviceaccount"}],"livenessProbe":{"httpGet":{"path":"/health","port":8081,"scheme":"HTTP"},"initialDelaySeconds":900,"timeoutSeconds":10,"periodSeconds":10,"successThreshold":1,"failureThreshold":3},"readinessProbe":{"httpGet":{"path":"/health","port":8081,"scheme":"HTTP"},"initialDelaySeconds":30,"timeoutSeconds":10,"periodSeconds":10,"successThreshold":1,"failureThreshold":3},"terminationMessagePath":"/dev/termination-log","terminationMessagePolicy":"File","imagePullPolicy":"IfNotPresent","securityContext":{"capabilities":{"drop":["MKNOD"]},"privileged":false}}],"restartPolicy":"Always","terminationGracePeriodSeconds":30,"dnsPolicy":"ClusterFirst","nodeSelector":{"region":"work"},"serviceAccountName":"default","serviceAccount":"default","nodeName":"ilocpde01w33.corp.amdocs.com","securityContext":{"seLinuxOptions":{"level":"s0:c82,c59"}},"imagePullSecrets":[{"name":"productorder-price-ms-secret"}],"schedulerName":"default-scheduler","tolerations":[{"key":"node.kubernetes.io/memory-pressure","operator":"Exists","effect":"NoSchedule"}]},"status":{"phase":"Running","conditions":[{"type":"Initialized","status":"True","lastProbeTime":null,"lastTransitionTime":"2018-09-13T06:52:54Z"},{"type":"Ready","status":"True","lastProbeTime":null,"lastTransitionTime":"2018-09-17T10:26:44Z"},{"type":"PodScheduled","status":"True","lastProbeTime":null,"lastTransitionTime":"2018-09-13T06:52:54Z"}],"hostIP":"10.245.251.174","podIP":"10.128.74.86","startTime":"2018-09-13T06:52:54Z","containerStatuses":[{"name":"productorder-price-service-container","state":{"running":{"startedAt":"2018-09-17T10:25:12Z"}},"lastState":{"terminated":{"exitCode":137,"reason":"OOMKilled","startedAt":"2018-09-14T10:28:13Z","finishedAt":"2018-09-17T10:25:11Z","containerID":"docker://11cfef47746a0454483907c128e9b53185c824d932a75c5f97409bd199e7a15c"}},"ready":true,"restartCount":5,"image":"illin5564.corp.amdocs.com:5000/productorder-price-service:0.1.1-0049","imageID":"docker-pullable://illin5564.corp.amdocs.com:5000/productorder-price-service@sha256:c0527d824a586d9ea490f80e2a0ec57640b215b16f20f7e1e851cb233ee9c3ef","containerID":"docker://e10860c905c78c1712ff6bcbce8f74407899ef5be97c5b5afc96732afd6e830e"}],"qosClass":"Burstable"}},{"metadata":{"name":"productorder-productorde-f7d845cd8-mtlh5","generateName":"productorder-productorde-f7d845cd8-","namespace":"oc-cd-1017-pranavd-pd","selfLink":"/api/v1/namespaces/oc-cd-1017-pranavd-pd/pods/productorder-productorde-f7d845cd8-mtlh5","uid":"a3cbb6dd-b721-11e8-bb86-0050569a887c","resourceVersion":"66125409","creationTimestamp":"2018-09-13T06:52:54Z","labels":{"app":"productorder-productorde","microservice":"productorder-productorde","pod-template-hash":"938401784","project":"productorder-productorder","provider":"amdocs","release":"productorder-productorder-release"},"annotations":{"fabric8.io/iconUrl":"img/icons/spring-boot.svg","git-commit":"1d9b0690b16f2ed9a1099cc8da9521d040bdfb22","openshift.io/scc":"anyuid-no-ps"},"ownerReferences":[{"apiVersion":"extensions/v1beta1","kind":"ReplicaSet","name":"productorder-productorde-f7d845cd8","uid":"a3c189ee-b721-11e8-bb86-0050569a887c","controller":true,"blockOwnerDeletion":true}]},"spec":{"volumes":[{"name":"prop-volume","configMap":{"name":"productorder-productorder-service-appconfig","defaultMode":420,"optional":true}},{"name":"confmap-volume","configMap":{"name":"productorder-productorder-appconfigmap","defaultMode":420}},{"name":"default-token-vdgk4","secret":{"secretName":"default-token-vdgk4","defaultMode":420}}],"containers":[{"name":"productorder-productorder-service-container","image":"illin5564.corp.amdocs.com:5000/productorder-productorder-service:0.1.1-0157","ports":[{"name":"http","containerPort":8080,"protocol":"TCP"},{"name":"https","containerPort":8443,"protocol":"TCP"},{"name":"metrics","containerPort":5555,"protocol":"TCP"},{"name":"management","containerPort":18080,"protocol":"TCP"}],"env":[{"name":"CALL_DEFAULT_BILLING_ACCOUNT","valueFrom":{"configMapKeyRef":{"name":"productorder-productorder-appconfigmap","key":"configuration.billingAccount.shouldCallDefaultBillingAccount"}}},{"name":"DATAFENCING_ENABLE_FLAG","valueFrom":{"configMapKeyRef":{"name":"productorder-productorder-appconfigmap","key":"configuration.dataFencingCustomerId"}}},{"name":"MSNEXT_JAVA_OPTS","value":" -Xms256m -Xmx1024m -XX:MaxRAM=2048m -XX:+DisableExplicitGC -XX:+UseConcMarkSweepGC -XX:+CMSParallelRemarkEnabled -XX:NewRatio=1 -Xss512k -XX:MaxMetaspaceSize=512m"},{"name":"SERVER_PORT","value":"8080"},{"name":"MSNEXT_DISABLED_MODULES","value":"msnext-customization"},{"name":"MANAGEMENT_PORT","value":"18080"},{"name":"METADATA_VALIDATION_ENABLE_FLAG","value":"false"},{"name":"MSNEXT_CONF_SOURCE_APP","value":"/etc/config"}],"resources":{"limits":{"cpu":"2","memory":"2Gi"},"requests":{"cpu":"200m","memory":"1Gi"}},"volumeMounts":[{"name":"prop-volume","mountPath":"/etc/config"},{"name":"default-token-vdgk4","readOnly":true,"mountPath":"/var/run/secrets/kubernetes.io/serviceaccount"}],"livenessProbe":{"httpGet":{"path":"/health","port":18080,"scheme":"HTTP"},"initialDelaySeconds":900,"timeoutSeconds":10,"periodSeconds":10,"successThreshold":1,"failureThreshold":3},"readinessProbe":{"httpGet":{"path":"/health","port":18080,"scheme":"HTTP"},"initialDelaySeconds":30,"timeoutSeconds":10,"periodSeconds":10,"successThreshold":1,"failureThreshold":3},"terminationMessagePath":"/dev/termination-log","terminationMessagePolicy":"File","imagePullPolicy":"IfNotPresent","securityContext":{"capabilities":{"drop":["MKNOD"]},"privileged":false}}],"restartPolicy":"Always","terminationGracePeriodSeconds":30,"dnsPolicy":"ClusterFirst","nodeSelector":{"region":"work"},"serviceAccountName":"default","serviceAccount":"default","nodeName":"ilocpde01w30.corp.amdocs.com","securityContext":{"seLinuxOptions":{"level":"s0:c82,c59"}},"imagePullSecrets":[{"name":"productorder-productorder-ms-secret"}],"schedulerName":"default-scheduler","tolerations":[{"key":"node.kubernetes.io/memory-pressure","operator":"Exists","effect":"NoSchedule"}]},"status":{"phase":"Running","conditions":[{"type":"Initialized","status":"True","lastProbeTime":null,"lastTransitionTime":"2018-09-13T06:52:54Z"},{"type":"Ready","status":"True","lastProbeTime":null,"lastTransitionTime":"2018-09-13T06:55:06Z"},{"type":"PodScheduled","status":"True","lastProbeTime":null,"lastTransitionTime":"2018-09-13T06:52:54Z"}],"podIP":"10.128.70.16","startTime":"2018-09-13T06:52:54Z","containerStatuses":[{"name":"productorder-productorder-service-container","state":{"running":{"startedAt":"2018-09-13T06:53:18Z"}},"lastState":{},"ready":true,"restartCount":0,"image":"illin5564.corp.amdocs.com:5000/productorder-productorder-service:0.1.1-0157","imageID":"docker-pullable://illin5564.corp.amdocs.com:5000/productorder-productorder-service@sha256:b6eeb2ec97ef72238ad7d8c883cf1b7709c6523b716300b4048efc1b0c525b45","containerID":"docker://f9094d4209ff6375cc48a42d652f2f27d0f4cd48a289137bd11ca467d2edb74c"}],"qosClass":"Burstable"}},{"metadata":{"name":"productorder-submitorder-d8968757-5t975","generateName":"productorder-submitorder-d8968757-","namespace":"oc-cd-1017-pranavd-pd","selfLink":"/api/v1/namespaces/oc-cd-1017-pranavd-pd/pods/productorder-submitorder-d8968757-5t975","uid":"a3dcb3f8-b721-11e8-bb86-0050569a887c","resourceVersion":"67376812","creationTimestamp":"2018-09-13T06:52:54Z","labels":{"app":"productorder-submitorder","microservice":"productorder-submitorder","pod-template-hash":"84524313","project":"productorder-submitorder","provider":"amdocs","release":"productorder-submitorder-release"},"annotations":{"fabric8.io/iconUrl":"img/icons/spring-boot.svg","git-commit":"0a3021f26f1d02bf05e59d4ae54268633e6651cc","openshift.io/scc":"anyuid-no-ps"},"ownerReferences":[{"apiVersion":"extensions/v1beta1","kind":"ReplicaSet","name":"productorder-submitorder-d8968757","uid":"a3d61cd6-b721-11e8-bb86-0050569a887c","controller":true,"blockOwnerDeletion":true}]},"spec":{"volumes":[{"name":"prop-volume","configMap":{"name":"productorder-submitorder-service-appconfig","defaultMode":420,"optional":true}},{"name":"default-token-vdgk4","secret":{"secretName":"default-token-vdgk4","defaultMode":420}}],"containers":[{"name":"productorder-submitorder-service-container","image":"illin5564.corp.amdocs.com:5000/productorder-submitorder-service:0.1.1-0058","ports":[{"name":"http","containerPort":8080,"protocol":"TCP"},{"name":"metrics","containerPort":5555,"protocol":"TCP"},{"name":"https","containerPort":8443,"protocol":"TCP"},{"name":"management","containerPort":18080,"protocol":"TCP"}],"env":[{"name":"KUBERNETES_NAMESPACE","valueFrom":{"fieldRef":{"apiVersion":"v1","fieldPath":"metadata.namespace"}}},{"name":"MSNEXT_JAVA_OPTS","value":" -Xms256m -Xmx1024m -XX:MaxRAM=2048m -XX:+DisableExplicitGC -XX:+UseConcMarkSweepGC -XX:+CMSParallelRemarkEnabled -XX:NewRatio=1 -Xss512k -XX:MaxMetaspaceSize=512m "},{"name":"SERVER_PORT","value":"8080"},{"name":"MSNEXT_DISABLED_MODULES","value":"msnext-customization"},{"name":"MANAGEMENT_PORT","value":"18080"},{"name":"TZ","value":"UTC"},{"name":"MSNEXT_CONF_SOURCE_APP","value":"/etc/config"}],"resources":{"limits":{"cpu":"2","memory":"2Gi"},"requests":{"cpu":"200m","memory":"1Gi"}},"volumeMounts":[{"name":"prop-volume","mountPath":"/etc/config"},{"name":"default-token-vdgk4","readOnly":true,"mountPath":"/var/run/secrets/kubernetes.io/serviceaccount"}],"livenessProbe":{"httpGet":{"path":"/health","port":18080,"scheme":"HTTP"},"initialDelaySeconds":900,"timeoutSeconds":10,"periodSeconds":10,"successThreshold":1,"failureThreshold":3},"readinessProbe":{"httpGet":{"path":"/health","port":18080,"scheme":"HTTP"},"initialDelaySeconds":30,"timeoutSeconds":10,"periodSeconds":10,"successThreshold":1,"failureThreshold":3},"terminationMessagePath":"/dev/termination-log","terminationMessagePolicy":"File","imagePullPolicy":"IfNotPresent","securityContext":{"capabilities":{"drop":["MKNOD"]},"privileged":false}}],"restartPolicy":"Always","terminationGracePeriodSeconds":30,"dnsPolicy":"ClusterFirst","nodeSelector":{"region":"work"},"serviceAccountName":"default","serviceAccount":"default","nodeName":"ilocpde01w27.corp.amdocs.com","securityContext":{"seLinuxOptions":{"level":"s0:c82,c59"}},"imagePullSecrets":[{"name":"productorder-submitorder-ms-secret"}],"schedulerName":"default-scheduler","tolerations":[{"key":"node.kubernetes.io/memory-pressure","operator":"Exists","effect":"NoSchedule"}]},"status":{"phase":"Running","conditions":[{"type":"Initialized","status":"True","lastProbeTime":null,"lastTransitionTime":"2018-09-13T06:52:54Z"},{"type":"Ready","status":"True","lastProbeTime":null,"lastTransitionTime":"2018-09-14T23:50:24Z"},{"type":"PodScheduled","status":"True","lastProbeTime":null,"lastTransitionTime":"2018-09-13T06:52:54Z"}],"hostIP":"10.245.251.168","podIP":"10.128.64.35","startTime":"2018-09-13T06:52:54Z","containerStatuses":[{"name":"productorder-submitorder-service-container","state":{"running":{"startedAt":"2018-09-14T23:49:26Z"}},"lastState":{"terminated":{"exitCode":143,"reason":"Error","startedAt":"2018-09-13T06:52:57Z","finishedAt":"2018-09-14T23:49:26Z","containerID":"docker://71634e8872d06f5ef5af8bb8f5e8f85d18e58cc4ff6d2e19e8bd67cbc2fb356c"}},"ready":true,"restartCount":1,"image":"illin5564.corp.amdocs.com:5000/productorder-submitorder-service:0.1.1-0058","imageID":"docker-pullable://illin5564.corp.amdocs.com:5000/productorder-submitorder-service@sha256:c27efa9eaba6dc40b73bd72d7e7cecaf8d8d0fc37586a24f27725a67fbfad450","containerID":"docker://3bb564daf22a78439ddce35c56072a1a6ebff088a597633d58fb7e159afd3e5a"}],"qosClass":"Burstable"}},{"metadata":{"name":"productorder-validateord-6ff986d487-k9p2v","generateName":"productorder-validateord-6ff986d487-","namespace":"oc-cd-1017-pranavd-pd","selfLink":"/api/v1/namespaces/oc-cd-1017-pranavd-pd/pods/productorder-validateord-6ff986d487-k9p2v","uid":"a3f5d245-b721-11e8-bb86-0050569a887c","resourceVersion":"66124333","creationTimestamp":"2018-09-13T06:52:54Z","labels":{"app":"productorder-validateord","microservice":"productorder-validateord","pod-template-hash":"2995428043","project":"productorder-validateorder","provider":"amdocs","release":"productorder-validateorder-release"},"annotations":{"fabric8.io/iconUrl":"img/icons/spring-boot.svg","git-commit":"77d8ca21bad87c4a2b45c43c1e396eb6b1776570","openshift.io/scc":"anyuid-no-ps"},"ownerReferences":[{"apiVersion":"extensions/v1beta1","kind":"ReplicaSet","name":"productorder-validateord-6ff986d487","uid":"a3eba5b1-b721-11e8-bb86-0050569a887c","controller":true,"blockOwnerDeletion":true}]},"spec":{"volumes":[{"name":"prop-volume","configMap":{"name":"productorder-validateorder-service-appconfig","defaultMode":420,"optional":true}},{"name":"default-token-vdgk4","secret":{"secretName":"default-token-vdgk4","defaultMode":420}}],"containers":[{"name":"productorder-validateorder-service-container","image":"illin5564.corp.amdocs.com:5000/productorder-validateorder-service:0.1.1-0062","ports":[{"name":"http","containerPort":8080,"protocol":"TCP"},{"name":"https","containerPort":8443,"protocol":"TCP"},{"name":"management","containerPort":18080,"protocol":"TCP"},{"name":"metrics","containerPort":5555,"protocol":"TCP"}],"env":[{"name":"KUBERNETES_NAMESPACE","valueFrom":{"fieldRef":{"apiVersion":"v1","fieldPath":"metadata.namespace"}}},{"name":"MSNEXT_JAVA_OPTS","value":" -Xms256m -Xmx1024m -XX:MaxRAM=2048m -XX:+DisableExplicitGC -XX:+UseConcMarkSweepGC -XX:+CMSParallelRemarkEnabled -XX:NewRatio=1 -Xss512k -XX:MaxMetaspaceSize=512m -Dcom.amdocs.msnext.securitya3s.url=http://10.238.196.7:30081/asmServices/services/v1.0"},{"name":"SERVER_PORT","value":"8080"},{"name":"MSNEXT_DISABLED_MODULES","value":"msnext-customization"},{"name":"MANAGEMENT_PORT","value":"18080"},{"name":"DEFAULT_VALIDATORS","value":"configuration,CustomerExistance,billing,ConfigurationAction,PortIn,Dates"},{"name":"MSNEXT_CONF_SOURCE_APP","value":"/etc/config"}],"resources":{"limits":{"cpu":"2","memory":"2Gi"},"requests":{"cpu":"200m","memory":"1Gi"}},"volumeMounts":[{"name":"prop-volume","mountPath":"/etc/config"},{"name":"default-token-vdgk4","readOnly":true,"mountPath":"/var/run/secrets/kubernetes.io/serviceaccount"}],"livenessProbe":{"httpGet":{"path":"/health","port":18080,"scheme":"HTTP"},"initialDelaySeconds":900,"timeoutSeconds":10,"periodSeconds":10,"successThreshold":1,"failureThreshold":3},"readinessProbe":{"httpGet":{"path":"/health","port":18080,"scheme":"HTTP"},"initialDelaySeconds":30,"timeoutSeconds":10,"periodSeconds":10,"successThreshold":1,"failureThreshold":3},"terminationMessagePath":"/dev/termination-log","terminationMessagePolicy":"File","imagePullPolicy":"IfNotPresent","securityContext":{"capabilities":{"drop":["MKNOD"]},"privileged":false}}],"restartPolicy":"Always","terminationGracePeriodSeconds":30,"dnsPolicy":"ClusterFirst","nodeSelector":{"region":"work"},"serviceAccountName":"default","serviceAccount":"default","nodeName":"ilocpde01w11.corp.amdocs.com","securityContext":{"seLinuxOptions":{"level":"s0:c82,c59"}},"imagePullSecrets":[{"name":"productorder-validateorder-ms-secret"}],"schedulerName":"default-scheduler","tolerations":[{"key":"node.kubernetes.io/memory-pressure","operator":"Exists","effect":"NoSchedule"}]},"status":{"phase":"Running","conditions":[{"type":"Initialized","status":"True","lastProbeTime":null,"lastTransitionTime":"2018-09-13T06:52:54Z"},{"type":"Ready","status":"True","lastProbeTime":null,"lastTransitionTime":"2018-09-13T06:54:11Z"},{"type":"PodScheduled","status":"True","lastProbeTime":null,"lastTransitionTime":"2018-09-13T06:52:54Z"}],"hostIP":"10.245.250.30","podIP":"10.128.35.29","startTime":"2018-09-13T06:52:54Z","containerStatuses":[{"name":"productorder-validateorder-service-container","state":{"running":{"startedAt":"2018-09-13T06:52:57Z"}},"lastState":{},"ready":true,"restartCount":0,"image":"illin5564.corp.amdocs.com:5000/productorder-validateorder-service:0.1.1-0062","imageID":"docker-pullable://illin5564.corp.amdocs.com:5000/productorder-validateorder-service@sha256:ddc5a533875575926b4dd3c1669311301cb042ae44fb97e7d6af387f2b581cdc","containerID":"docker://7f1f110659f4255ad1b5bb0cb076970269c04772392793403646475d9fb39f65"}],"qosClass":"Burstable"}},{"metadata":{"name":"productvalidator-release-67cc67b6c5-vxlqw","generateName":"productvalidator-release-67cc67b6c5-","namespace":"oc-cd-1017-pranavd-pd","selfLink":"/api/v1/namespaces/oc-cd-1017-pranavd-pd/pods/productvalidator-release-67cc67b6c5-vxlqw","uid":"a4068ce8-b721-11e8-bb86-0050569a887c","resourceVersion":"66124339","creationTimestamp":"2018-09-13T06:52:54Z","labels":{"app":"productvalidator-release","microservice":"productvalidator","pod-template-hash":"2377236271","project":"productvalidator","provider":"amdocs","release":"productvalidator-release"},"annotations":{"fabric8.io/iconUrl":"img/icons/spring-boot.svg","git-commit":"a90dd86978ce11c4816a0fabf64a0030562cd46d","openshift.io/scc":"anyuid-no-ps"},"ownerReferences":[{"apiVersion":"extensions/v1beta1","kind":"ReplicaSet","name":"productvalidator-release-67cc67b6c5","uid":"a3f93ac6-b721-11e8-bb86-0050569a887c","controller":true,"blockOwnerDeletion":true}]},"spec":{"volumes":[{"name":"prop-volume","configMap":{"name":"productvalidator-service-appconfig","defaultMode":420,"optional":true}},{"name":"default-token-vdgk4","secret":{"secretName":"default-token-vdgk4","defaultMode":420}}],"containers":[{"name":"productvalidator-service-container","image":"illin5564.corp.amdocs.com:5000/productvalidator-service:0.1.1-0077","ports":[{"name":"http","containerPort":8080,"protocol":"TCP"},{"name":"https","containerPort":8443,"protocol":"TCP"},{"name":"metrics","containerPort":5555,"protocol":"TCP"},{"name":"management","containerPort":18080,"protocol":"TCP"}],"env":[{"name":"KUBERNETES_NAMESPACE","valueFrom":{"fieldRef":{"apiVersion":"v1","fieldPath":"metadata.namespace"}}},{"name":"MSNEXT_JAVA_OPTS","value":" -Xms256m -Xmx1024m -XX:MaxRAM=2048m -XX:+DisableExplicitGC -XX:+UseConcMarkSweepGC -XX:+CMSParallelRemarkEnabled -XX:NewRatio=1 -Xss512k -XX:MaxMetaspaceSize=512m"},{"name":"SERVER_PORT","value":"8080"},{"name":"MSNEXT_DISABLED_MODULES","value":"msnext-customization"},{"name":"MANAGEMENT_PORT","value":"18080"},{"name":"MALLOC_ARENA_MAX","value":"4"},{"name":"MSNEXT_CONF_SOURCE_APP","value":"/etc/config"}],"resources":{"limits":{"cpu":"2","memory":"2Gi"},"requests":{"cpu":"200m","memory":"1Gi"}},"volumeMounts":[{"name":"prop-volume","mountPath":"/etc/config"},{"name":"default-token-vdgk4","readOnly":true,"mountPath":"/var/run/secrets/kubernetes.io/serviceaccount"}],"livenessProbe":{"httpGet":{"path":"/health","port":18080,"scheme":"HTTP"},"initialDelaySeconds":900,"timeoutSeconds":10,"periodSeconds":10,"successThreshold":1,"failureThreshold":3},"readinessProbe":{"httpGet":{"path":"/health","port":18080,"scheme":"HTTP"},"initialDelaySeconds":30,"timeoutSeconds":10,"periodSeconds":10,"successThreshold":1,"failureThreshold":3},"terminationMessagePath":"/dev/termination-log","terminationMessagePolicy":"File","imagePullPolicy":"IfNotPresent","securityContext":{"capabilities":{"drop":["MKNOD"]},"privileged":false}}],"restartPolicy":"Always","terminationGracePeriodSeconds":30,"dnsPolicy":"ClusterFirst","nodeSelector":{"region":"work"},"serviceAccountName":"default","serviceAccount":"default","nodeName":"ilocpde01w10.corp.amdocs.com","securityContext":{"seLinuxOptions":{"level":"s0:c82,c59"}},"imagePullSecrets":[{"name":"productvalidator-ms-secret"}],"schedulerName":"default-scheduler","tolerations":[{"key":"node.kubernetes.io/memory-pressure","operator":"Exists","effect":"NoSchedule"}]},"status":{"phase":"Running","conditions":[{"type":"Initialized","status":"True","lastProbeTime":null,"lastTransitionTime":"2018-09-13T06:52:54Z"},{"type":"Ready","status":"True","lastProbeTime":null,"lastTransitionTime":"2018-09-13T06:54:11Z"},{"type":"PodScheduled","status":"True","lastProbeTime":null,"lastTransitionTime":"2018-09-13T06:52:54Z"}],"hostIP":"10.245.250.29","podIP":"10.128.29.121","startTime":"2018-09-13T06:52:54Z","containerStatuses":[{"name":"productvalidator-service-container","state":{"running":{"startedAt":"2018-09-13T06:52:58Z"}},"lastState":{},"ready":true,"restartCount":0,"image":"illin5564.corp.amdocs.com:5000/productvalidator-service:0.1.1-0077","imageID":"docker-pullable://illin5564.corp.amdocs.com:5000/productvalidator-service@sha256:5eb5771ad6dd96450d663078fc22a631efb32f61bc98970fb263863bc56cc7f9","containerID":"docker://d5b986fc57cc2a24964127bb05cfbb6cbd557853e56fb072fab4d348723ab676"}],"qosClass":"Burstable"}},{"metadata":{"name":"promotion-command-service-574f9bbc84-wlphd","generateName":"promotion-command-service-574f9bbc84-","namespace":"oc-cd-1017-pranavd-pd","selfLink":"/api/v1/namespaces/oc-cd-1017-pranavd-pd/pods/promotion-command-service-574f9bbc84-wlphd","uid":"a41c4f60-b721-11e8-bb86-0050569a887c","resourceVersion":"66128560","creationTimestamp":"2018-09-13T06:52:54Z","labels":{"app":"promotion-command-service","group":"com.amdocs.catalogone","monitored":"prometheus","monitoring":"prometheus","pod-template-hash":"1309566740","prometheus":"amdocs-prometheus","provider":"amdocs","release":"promotion-release"},"annotations":{"openshift.io/scc":"anyuid-no-ps"},"ownerReferences":[{"apiVersion":"extensions/v1beta1","kind":"ReplicaSet","name":"promotion-command-service-574f9bbc84","uid":"a40fb391-b721-11e8-bb86-0050569a887c","controller":true,"blockOwnerDeletion":true}]},"spec":{"volumes":[{"name":"promotion-configmap","configMap":{"name":"promotion-configmap","items":[{"key":"application.yml","path":"application.yml"}],"defaultMode":420}},{"name":"promotion-command-nonfunc-configmap","configMap":{"name":"promotion-command-nonfunc-configmap","items":[{"key":"application-nonfunc.yml","path":"application-nonfunc.yml"}],"defaultMode":420}},{"name":"promotion-command-generic-kafka-configmap","configMap":{"name":"promotion-command-generic-kafka-configmap","items":[{"key":"application-generic-kafka.yml","path":"application-generic-kafka.yml"}],"defaultMode":420}},{"name":"default-token-vdgk4","secret":{"secretName":"default-token-vdgk4","defaultMode":420}}],"containers":[{"name":"promotion-command-service","image":"illin5225.corp.amdocs.com:5002/promotion-command-service:1.0.4","ports":[{"name":"server","containerPort":8080,"protocol":"TCP"},{"name":"management","containerPort":8081,"protocol":"TCP"},{"name":"server-debug","containerPort":9224,"protocol":"TCP"},{"name":"metrics","containerPort":5555,"protocol":"TCP"}],"env":[{"name":"MSNEXT_JAVA_OPTS","value":"-XX:+UnlockExperimentalVMOptions -XX:+UseCGroupMemoryLimitForHeap -XX:InitialRAMFraction=4 -XX:MaxRAMFraction=2 -XX:+PrintFlagsFinal"},{"name":"ENABLE_ZIPKIN","value":"false"},{"name":"MSNEXT_CONF_SOURCE_APP1","value":"/deployments/config/applications/promotion"},{"name":"MSNEXT_CONF_SOURCE_zzzNONFUNC","value":"/deployments/config/applications/promotion-command-nonfunc"},{"name":"MSNEXT_CONF_SOURCE_zzzGENERIC_KAFKA","value":"/deployments/config/applications/promotion-command-generic-kafka"},{"name":"ES_MS_HOST","value":"entity-search"}],"resources":{"limits":{"cpu":"1","memory":"768Mi"},"requests":{"cpu":"200m","memory":"500Mi"}},"volumeMounts":[{"name":"promotion-configmap","mountPath":"/deployments/config/applications/promotion"},{"name":"promotion-command-nonfunc-configmap","mountPath":"/deployments/config/applications/promotion-command-nonfunc"},{"name":"promotion-command-generic-kafka-configmap","mountPath":"/deployments/config/applications/promotion-command-generic-kafka"},{"name":"default-token-vdgk4","readOnly":true,"mountPath":"/var/run/secrets/kubernetes.io/serviceaccount"}],"livenessProbe":{"httpGet":{"path":"/health","port":8081,"scheme":"HTTP"},"initialDelaySeconds":450,"timeoutSeconds":1,"periodSeconds":10,"successThreshold":1,"failureThreshold":3},"readinessProbe":{"httpGet":{"path":"/health","port":8081,"scheme":"HTTP"},"initialDelaySeconds":120,"timeoutSeconds":1,"periodSeconds":10,"successThreshold":1,"failureThreshold":3},"terminationMessagePath":"/dev/termination-log","terminationMessagePolicy":"File","imagePullPolicy":"IfNotPresent","securityContext":{"capabilities":{"drop":["MKNOD"]}}}],"restartPolicy":"Always","terminationGracePeriodSeconds":30,"dnsPolicy":"ClusterFirst","nodeSelector":{"region":"work"},"serviceAccountName":"default","serviceAccount":"default","nodeName":"ilocpde01w04.corp.amdocs.com","securityContext":{"seLinuxOptions":{"level":"s0:c82,c59"}},"imagePullSecrets":[{"name":"promotion-command-illin5225-pull-secret"}],"schedulerName":"default-scheduler","tolerations":[{"key":"node.kubernetes.io/memory-pressure","operator":"Exists","effect":"NoSchedule"}]},"status":{"phase":"Running","conditions":[{"type":"Initialized","status":"True","lastProbeTime":null,"lastTransitionTime":"2018-09-13T06:52:55Z"},{"type":"Ready","status":"True","lastProbeTime":null,"lastTransitionTime":"2018-09-13T06:59:50Z"},{"type":"PodScheduled","status":"True","lastProbeTime":null,"lastTransitionTime":"2018-09-13T06:52:55Z"}],"hostIP":"10.245.250.23","podIP":"10.128.18.8","startTime":"2018-09-13T06:52:55Z","containerStatuses":[{"name":"promotion-command-service","state":{"running":{"startedAt":"2018-09-13T06:53:15Z"}},"lastState":{},"ready":true,"restartCount":0,"image":"illin5225.corp.amdocs.com:5002/promotion-command-service:1.0.4","imageID":"docker-pullable://illin5225.corp.amdocs.com:5002/promotion-command-service@sha256:da29c042400c9da4b407ead9260a6332c5f5c2baf44e9b88c2e803522dbe5266","containerID":"docker://e5cdba96d9107d628042823d0b31200c96d52a632bf1e15e2f51ef9916f63a79"}],"qosClass":"Burstable"}},{"metadata":{"name":"promotion-mapper-service-df5d46cbb-krtdq","generateName":"promotion-mapper-service-df5d46cbb-","namespace":"oc-cd-1017-pranavd-pd","selfLink":"/api/v1/namespaces/oc-cd-1017-pranavd-pd/pods/promotion-mapper-service-df5d46cbb-krtdq","uid":"a43512c4-b721-11e8-bb86-0050569a887c","resourceVersion":"66125584","creationTimestamp":"2018-09-13T06:52:55Z","labels":{"app":"promotion-mapper-service","group":"com.amdocs.catalogone","monitored":"prometheus","monitoring":"prometheus","pod-template-hash":"891802766","prometheus":"amdocs-prometheus","provider":"amdocs","release":"promotion-mapper-release"},"annotations":{"openshift.io/scc":"anyuid-no-ps"},"ownerReferences":[{"apiVersion":"extensions/v1beta1","kind":"ReplicaSet","name":"promotion-mapper-service-df5d46cbb","uid":"a4206af8-b721-11e8-bb86-0050569a887c","controller":true,"blockOwnerDeletion":true}]},"spec":{"volumes":[{"name":"promotion-mapper-configmap","configMap":{"name":"promotion-mapper-configmap","items":[{"key":"application.yml","path":"application.yml"}],"defaultMode":420}},{"name":"promotion-mapper-nonfunc-configmap","configMap":{"name":"promotion-mapper-nonfunc-configmap","items":[{"key":"application-nonfunc.yml","path":"application-nonfunc.yml"}],"defaultMode":420}},{"name":"promotion-mapper-generic-kafka-configmap","configMap":{"name":"promotion-mapper-generic-kafka-configmap","items":[{"key":"application-generic-kafka.yml","path":"application-generic-kafka.yml"}],"defaultMode":420}},{"name":"default-token-vdgk4","secret":{"secretName":"default-token-vdgk4","defaultMode":420}}],"containers":[{"name":"promotion-mapper-service","image":"illin5225.corp.amdocs.com:5002/promotion-mapper-service:1.1.0","ports":[{"name":"server","containerPort":8080,"protocol":"TCP"},{"name":"management","containerPort":8081,"protocol":"TCP"},{"name":"metrics","containerPort":5555,"protocol":"TCP"}],"env":[{"name":"MSNEXT_JAVA_OPTS","value":"-XX:+UnlockExperimentalVMOptions -XX:+UseCGroupMemoryLimitForHeap -XX:InitialRAMFraction=4 -XX:MaxRAMFraction=2 -XX:+PrintFlagsFinal"},{"name":"JAVA_ENABLE_DEBUG","value":"false"},{"name":"ENABLE_ZIPKIN","value":"true"},{"name":"MSNEXT_CONF_SOURCE_APP1","value":"/deployments/config/applications/promotion-mapper"},{"name":"MSNEXT_CONF_SOURCE_zzzNONFUNC","value":"/deployments/config/applications/promotion-mapper-nonfunc"},{"name":"MSNEXT_CONF_SOURCE_zzzGENERIC_KAFKA","value":"/deployments/config/applications/promotion-mapper-generic-kafka"},{"name":"CONSUME_EVENTS","value":"true"},{"name":"BR_MS_PROTOCOL","value":"http"}],"resources":{"limits":{"cpu":"1","memory":"768Mi"},"requests":{"cpu":"200m","memory":"500Mi"}},"volumeMounts":[{"name":"promotion-mapper-configmap","mountPath":"/deployments/config/applications/promotion-mapper"},{"name":"promotion-mapper-nonfunc-configmap","mountPath":"/deployments/config/applications/promotion-mapper-nonfunc"},{"name":"promotion-mapper-generic-kafka-configmap","mountPath":"/deployments/config/applications/promotion-mapper-generic-kafka"},{"name":"default-token-vdgk4","readOnly":true,"mountPath":"/var/run/secrets/kubernetes.io/serviceaccount"}],"livenessProbe":{"httpGet":{"path":"/health","port":8081,"scheme":"HTTP"},"initialDelaySeconds":450,"timeoutSeconds":1,"periodSeconds":10,"successThreshold":1,"failureThreshold":3},"readinessProbe":{"httpGet":{"path":"/health","port":8081,"scheme":"HTTP"},"initialDelaySeconds":120,"timeoutSeconds":1,"periodSeconds":10,"successThreshold":1,"failureThreshold":3},"terminationMessagePath":"/dev/termination-log","terminationMessagePolicy":"File","imagePullPolicy":"IfNotPresent","securityContext":{"capabilities":{"drop":["MKNOD"]}}}],"restartPolicy":"Always","terminationGracePeriodSeconds":30,"dnsPolicy":"ClusterFirst","nodeSelector":{"region":"work"},"serviceAccountName":"default","serviceAccount":"default","nodeName":"ilocpde01w11.corp.amdocs.com","securityContext":{"seLinuxOptions":{"level":"s0:c82,c59"}},"imagePullSecrets":[{"name":"promotion-mapper-pull-secret"}],"schedulerName":"default-scheduler","tolerations":[{"key":"node.kubernetes.io/memory-pressure","operator":"Exists","effect":"NoSchedule"}]},"status":{"phase":"Running","conditions":[{"type":"Initialized","status":"True","lastProbeTime":null,"lastTransitionTime":"2018-09-13T06:52:55Z"},{"type":"Ready","status":"True","lastProbeTime":null,"lastTransitionTime":"2018-09-13T06:55:24Z"},{"type":"PodScheduled","status":"True","lastProbeTime":null,"lastTransitionTime":"2018-09-13T06:52:55Z"}],"hostIP":"10.245.250.30","podIP":"10.128.35.33","startTime":"2018-09-13T06:52:55Z","containerStatuses":[{"name":"promotion-mapper-service","state":{"running":{"startedAt":"2018-09-13T06:53:21Z"}},"lastState":{},"ready":true,"restartCount":0,"image":"illin5225.corp.amdocs.com:5002/promotion-mapper-service:1.1.0","imageID":"docker-pullable://illin5225.corp.amdocs.com:5002/promotion-mapper-service@sha256:c0d9a7870979e711428e74322c694bfe36744cad3400f847c09599ddbe8de5a7","containerID":"docker://f0b31ec8a7065b1f949a485563fdcf63c2a972133346296f84d6b5662b33475c"}],"qosClass":"Burstable"}},{"metadata":{"name":"promotion-productofferin-7d7665b8d9-rtjzn","generateName":"promotion-productofferin-7d7665b8d9-","namespace":"oc-cd-1017-pranavd-pd","selfLink":"/api/v1/namespaces/oc-cd-1017-pranavd-pd/pods/promotion-productofferin-7d7665b8d9-rtjzn","uid":"a4446a4b-b721-11e8-bb86-0050569a887c","resourceVersion":"66124646","creationTimestamp":"2018-09-13T06:52:55Z","labels":{"app":"promotion-productofferin","microservice":"promotion-productofferin","pod-template-hash":"3832216485","project":"promotion-productofferingcriteria","provider":"amdocs","release":"promotion-productofferingcriteria-release"},"annotations":{"fabric8.io/iconUrl":"img/icons/spring-boot.svg","git-commit":"95ec406533683207ce32547e18834038ab5a9b21","openshift.io/scc":"anyuid-no-ps"},"ownerReferences":[{"apiVersion":"extensions/v1beta1","kind":"ReplicaSet","name":"promotion-productofferin-7d7665b8d9","uid":"a43c21f3-b721-11e8-bb86-0050569a887c","controller":true,"blockOwnerDeletion":true}]},"spec":{"volumes":[{"name":"prop-volume","configMap":{"name":"promotion-productofferingcriteria-service-appconfigmap","defaultMode":420}},{"name":"default-token-vdgk4","secret":{"secretName":"default-token-vdgk4","defaultMode":420}}],"containers":[{"name":"promotion-productofferingcriteria-service-container","image":"illin5564.corp.amdocs.com:5000/promotion-productofferingcriteria-service:0.1.1-0033","ports":[{"name":"metrics","containerPort":5555,"protocol":"TCP"},{"name":"http","containerPort":8080,"protocol":"TCP"},{"name":"management","containerPort":18080,"protocol":"TCP"}],"env":[{"name":"KUBERNETES_NAMESPACE","valueFrom":{"fieldRef":{"apiVersion":"v1","fieldPath":"metadata.namespace"}}},{"name":"MSNEXT_JAVA_OPTS","value":" -Xms256m -Xmx1024m -XX:MaxRAM=2048m -XX:+DisableExplicitGC -XX:+UseConcMarkSweepGC -XX:+CMSParallelRemarkEnabled -XX:NewRatio=1 -Xss512k -XX:MaxMetaspaceSize=512m -Dcom.amdocs.msnext.securitya3s.url=http://10.238.196.7:30081/asmServices/services/v1.0"},{"name":"MSNEXT_CONF_SOURCE_APP","value":"/etc/config"},{"name":"MSNEXT_DISABLED_MODULES","value":"msnext-customization"},{"name":"MANAGEMENT_PORT","value":"18080"},{"name":"SERVER_PORT","value":"8080"},{"name":"MSNEXT_CONF_SOURCE_APP","value":"/etc/config"}],"resources":{"limits":{"cpu":"2","memory":"2Gi"},"requests":{"cpu":"200m","memory":"1Gi"}},"volumeMounts":[{"name":"prop-volume","mountPath":"/etc/config"},{"name":"default-token-vdgk4","readOnly":true,"mountPath":"/var/run/secrets/kubernetes.io/serviceaccount"}],"livenessProbe":{"httpGet":{"path":"/health","port":18080,"scheme":"HTTP"},"initialDelaySeconds":900,"timeoutSeconds":10,"periodSeconds":10,"successThreshold":1,"failureThreshold":3},"readinessProbe":{"httpGet":{"path":"/health","port":18080,"scheme":"HTTP"},"initialDelaySeconds":30,"timeoutSeconds":10,"periodSeconds":10,"successThreshold":1,"failureThreshold":3},"terminationMessagePath":"/dev/termination-log","terminationMessagePolicy":"File","imagePullPolicy":"IfNotPresent","securityContext":{"capabilities":{"drop":["MKNOD"]},"privileged":false}}],"restartPolicy":"Always","terminationGracePeriodSeconds":30,"dnsPolicy":"ClusterFirst","nodeSelector":{"region":"work"},"serviceAccountName":"default","serviceAccount":"default","nodeName":"ilocpde01w23.corp.amdocs.com","securityContext":{"seLinuxOptions":{"level":"s0:c82,c59"}},"imagePullSecrets":[{"name":"promotion-productofferingcriteria-ms-secret"}],"schedulerName":"default-scheduler","tolerations":[{"key":"node.kubernetes.io/memory-pressure","operator":"Exists","effect":"NoSchedule"}]},"status":{"phase":"Running","conditions":[{"type":"Initialized","status":"True","lastProbeTime":null,"lastTransitionTime":"2018-09-13T06:52:55Z"},{"type":"Ready","status":"True","lastProbeTime":null,"lastTransitionTime":"2018-09-13T06:54:32Z"},{"type":"PodScheduled","status":"True","lastProbeTime":null,"lastTransitionTime":"2018-09-13T06:52:55Z"}],"hostIP":"10.245.251.164","podIP":"10.128.54.27","startTime":"2018-09-13T06:52:55Z","containerStatuses":[{"name":"promotion-productofferingcriteria-service-container","state":{"running":{"startedAt":"2018-09-13T06:53:18Z"}},"lastState":{},"ready":true,"restartCount":0,"image":"illin5564.corp.amdocs.com:5000/promotion-productofferingcriteria-service:0.1.1-0033","imageID":"docker-pullable://illin5564.corp.amdocs.com:5000/promotion-productofferingcriteria-service@sha256:2e034733153b53d8cca4a680139f3b86ad6e023b1b0f668f967b09288a1844df","containerID":"docker://0a8a9b68d828fd6f975cb0dcad44dc03a2cca21eb7b2d13dc28fa78afc896b7a"}],"qosClass":"Burstable"}},{"metadata":{"name":"promotion-promotion-release-promotion-promotion-7f695bd886rkrjs","generateName":"promotion-promotion-release-promotion-promotion-7f695bd886-","namespace":"oc-cd-1017-pranavd-pd","selfLink":"/api/v1/namespaces/oc-cd-1017-pranavd-pd/pods/promotion-promotion-release-promotion-promotion-7f695bd886rkrjs","uid":"a45c6345-b721-11e8-bb86-0050569a887c","resourceVersion":"66124569","creationTimestamp":"2018-09-13T06:52:55Z","labels":{"app":"promotion-promotion-release-promotion-promotion","microservice":"promotion-promotion","pod-template-hash":"3925168442","project":"promotion-promotion","provider":"amdocs","release":"promotion-promotion-release"},"annotations":{"fabric8.io/iconUrl":"img/icons/spring-boot.svg","git-commit":"4beb83853517e22e60b2c40b93cb9a65152cd6b9","openshift.io/scc":"anyuid-no-ps"},"ownerReferences":[{"apiVersion":"extensions/v1beta1","kind":"ReplicaSet","name":"promotion-promotion-release-promotion-promotion-7f695bd886","uid":"a451eea5-b721-11e8-bb86-0050569a887c","controller":true,"blockOwnerDeletion":true}]},"spec":{"volumes":[{"name":"prop-volume","configMap":{"name":"promotion-promotion-appconfigmap","defaultMode":420}},{"name":"default-token-vdgk4","secret":{"secretName":"default-token-vdgk4","defaultMode":420}}],"containers":[{"name":"promotion-promotion-service-container","image":"illin5564.corp.amdocs.com:5000/promotion-promotion-service:0.1.1-0052","ports":[{"name":"metrics","containerPort":5555,"protocol":"TCP"},{"name":"http","containerPort":8080,"protocol":"TCP"},{"name":"management","containerPort":18080,"protocol":"TCP"}],"env":[{"name":"KUBERNETES_NAMESPACE","valueFrom":{"fieldRef":{"apiVersion":"v1","fieldPath":"metadata.namespace"}}},{"name":"MSNEXT_JAVA_OPTS","value":" -Xms256m -Xmx1024m -XX:MaxRAM=2048m -XX:+DisableExplicitGC -XX:+UseConcMarkSweepGC -XX:+CMSParallelRemarkEnabled -XX:NewRatio=1 -Xss512k -XX:MaxMetaspaceSize=512m -Dcom.amdocs.msnext.securitya3s.url=http://10.238.196.7:30081/asmServices/services/v1.0"},{"name":"MSNEXT_CONF_SOURCE_APP","value":"/etc/config"},{"name":"MSNEXT_DISABLED_MODULES","value":"msnext-customization"},{"name":"MANAGEMENT_PORT","value":"18080"},{"name":"SERVER_PORT","value":"8080"}],"resources":{"limits":{"cpu":"2","memory":"2Gi"},"requests":{"cpu":"200m","memory":"1Gi"}},"volumeMounts":[{"name":"prop-volume","mountPath":"/etc/config"},{"name":"default-token-vdgk4","readOnly":true,"mountPath":"/var/run/secrets/kubernetes.io/serviceaccount"}],"livenessProbe":{"httpGet":{"path":"/health","port":18080,"scheme":"HTTP"},"initialDelaySeconds":900,"timeoutSeconds":10,"periodSeconds":10,"successThreshold":1,"failureThreshold":3},"readinessProbe":{"httpGet":{"path":"/health","port":18080,"scheme":"HTTP"},"initialDelaySeconds":30,"timeoutSeconds":10,"periodSeconds":10,"successThreshold":1,"failureThreshold":3},"terminationMessagePath":"/dev/termination-log","terminationMessagePolicy":"File","imagePullPolicy":"IfNotPresent","securityContext":{"capabilities":{"drop":["MKNOD"]},"privileged":false}}],"restartPolicy":"Always","terminationGracePeriodSeconds":30,"dnsPolicy":"ClusterFirst","nodeSelector":{"region":"work"},"serviceAccountName":"default","serviceAccount":"default","nodeName":"ilocpde01w20.corp.amdocs.com","securityContext":{"seLinuxOptions":{"level":"s0:c82,c59"}},"imagePullSecrets":[{"name":"promotion-promotion-ms-secret"}],"schedulerName":"default-scheduler","tolerations":[{"key":"node.kubernetes.io/memory-pressure","operator":"Exists","effect":"NoSchedule"}]},"status":{"phase":"Running","conditions":[{"type":"Initialized","status":"True","lastProbeTime":null,"lastTransitionTime":"2018-09-13T06:52:55Z"},{"type":"Ready","status":"True","lastProbeTime":null,"lastTransitionTime":"2018-09-13T06:54:27Z"},{"type":"PodScheduled","status":"True","lastProbeTime":null,"lastTransitionTime":"2018-09-13T06:52:55Z"}],"podIP":"10.128.49.133","startTime":"2018-09-13T06:52:55Z","containerStatuses":[{"name":"promotion-promotion-service-container","state":{"running":{"startedAt":"2018-09-13T06:53:17Z"}},"lastState":{},"ready":true,"restartCount":0,"image":"illin5564.corp.amdocs.com:5000/promotion-promotion-service:0.1.1-0052","imageID":"docker-pullable://illin5564.corp.amdocs.com:5000/promotion-promotion-service@sha256:e8732ffa8e3bc7ec9fe25c0c818e8310a8eb22f2eb72819eb99c893c50002413","containerID":"docker://6ebf161c168c0e73b9fdd982f5b79a581741f46a328f7a27dc38a1933691f964"}],"qosClass":"Burstable"}},{"metadata":{"name":"promotion-qualifictn-release-promotion-qualification-868f5jtmpj","generateName":"promotion-qualifictn-release-promotion-qualification-868f5b4b57-","namespace":"oc-cd-1017-pranavd-pd","selfLink":"/api/v1/namespaces/oc-cd-1017-pranavd-pd/pods/promotion-qualifictn-release-promotion-qualification-868f5jtmpj","uid":"a46cf150-b721-11e8-bb86-0050569a887c","resourceVersion":"66124396","creationTimestamp":"2018-09-13T06:52:55Z","labels":{"app":"promotion-qualifictn-release-promotion-qualification","microservice":"promotion-qualification","pod-template-hash":"4249160613","project":"promotion-qualification","provider":"amdocs","release":"promotion-qualifictn-release"},"annotations":{"fabric8.io/iconUrl":"img/icons/spring-boot.svg","git-commit":"2958a63f49dd0ed288dc67240564cee4bbb5852c","openshift.io/scc":"anyuid-no-ps"},"ownerReferences":[{"apiVersion":"extensions/v1beta1","kind":"ReplicaSet","name":"promotion-qualifictn-release-promotion-qualification-868f5b4b57","uid":"a45c6496-b721-11e8-bb86-0050569a887c","controller":true,"blockOwnerDeletion":true}]},"spec":{"volumes":[{"name":"prop-volume","configMap":{"name":"promotion-qualification-appconfigmap","defaultMode":420}},{"name":"default-token-vdgk4","secret":{"secretName":"default-token-vdgk4","defaultMode":420}}],"containers":[{"name":"promotion-qualification-service-container","image":"illin5564.corp.amdocs.com:5000/promotion-qualification-service:0.1.1-0048","ports":[{"name":"metrics","containerPort":5555,"protocol":"TCP"},{"name":"http","containerPort":8080,"protocol":"TCP"},{"name":"management","containerPort":18080,"protocol":"TCP"}],"env":[{"name":"KUBERNETES_NAMESPACE","valueFrom":{"fieldRef":{"apiVersion":"v1","fieldPath":"metadata.namespace"}}},{"name":"MSNEXT_JAVA_OPTS","value":" -Xms256m -Xmx1024m -XX:MaxRAM=2048m -XX:+DisableExplicitGC -XX:+UseConcMarkSweepGC -XX:+CMSParallelRemarkEnabled -XX:NewRatio=1 -Xss512k -XX:MaxMetaspaceSize=512m -Dcom.amdocs.msnext.securitya3s.url=http://10.238.196.7:30081/asmServices/services/v1.0"},{"name":"MSNEXT_CONF_SOURCE_APP","value":"/etc/config"},{"name":"MSNEXT_DISABLED_MODULES","value":"msnext-customization"},{"name":"MANAGEMENT_PORT","value":"18080"},{"name":"SERVER_PORT","value":"8080"},{"name":"MSNEXT_CONF_SOURCE_APP","value":"/etc/config"}],"resources":{"limits":{"cpu":"2","memory":"2Gi"},"requests":{"cpu":"200m","memory":"1Gi"}},"volumeMounts":[{"name":"prop-volume","mountPath":"/etc/config"},{"name":"default-token-vdgk4","readOnly":true,"mountPath":"/var/run/secrets/kubernetes.io/serviceaccount"}],"livenessProbe":{"httpGet":{"path":"/health","port":18080,"scheme":"HTTP"},"initialDelaySeconds":900,"timeoutSeconds":10,"periodSeconds":10,"successThreshold":1,"failureThreshold":3},"readinessProbe":{"httpGet":{"path":"/health","port":18080,"scheme":"HTTP"},"initialDelaySeconds":30,"timeoutSeconds":10,"periodSeconds":10,"successThreshold":1,"failureThreshold":3},"terminationMessagePath":"/dev/termination-log","terminationMessagePolicy":"File","imagePullPolicy":"IfNotPresent","securityContext":{"capabilities":{"drop":["MKNOD"]},"privileged":false}}],"restartPolicy":"Always","terminationGracePeriodSeconds":30,"dnsPolicy":"ClusterFirst","nodeSelector":{"region":"work"},"serviceAccountName":"default","serviceAccount":"default","nodeName":"ilocpde01w19.corp.amdocs.com","securityContext":{"seLinuxOptions":{"level":"s0:c82,c59"}},"imagePullSecrets":[{"name":"promotion-qualification-ms-secret"}],"schedulerName":"default-scheduler","tolerations":[{"key":"node.kubernetes.io/memory-pressure","operator":"Exists","effect":"NoSchedule"}]},"status":{"phase":"Running","conditions":[{"type":"Initialized","status":"True","lastProbeTime":null,"lastTransitionTime":"2018-09-13T06:52:55Z"},{"type":"Ready","status":"True","lastProbeTime":null,"lastTransitionTime":"2018-09-13T06:54:16Z"},{"type":"PodScheduled","status":"True","lastProbeTime":null,"lastTransitionTime":"2018-09-13T06:52:55Z"}],"hostIP":"10.245.251.160","podIP":"10.128.50.204","startTime":"2018-09-13T06:52:55Z","containerStatuses":[{"name":"promotion-qualification-service-container","state":{"running":{"startedAt":"2018-09-13T06:53:16Z"}},"lastState":{},"ready":true,"restartCount":0,"image":"illin5564.corp.amdocs.com:5000/promotion-qualification-service:0.1.1-0048","imageID":"docker-pullable://illin5564.corp.amdocs.com:5000/promotion-qualification-service@sha256:25776a5af4ed0f1cf0b55f69830447356cb22716798a369696f2b21e9cc3f7d2","containerID":"docker://192fc418e7ccca4d640d42dd5298080219bb85b14eeb8e582d87471fd2d21974"}],"qosClass":"Burstable"}},{"metadata":{"name":"promotion-saleschannelcr-67b765b496-6zgdc","generateName":"promotion-saleschannelcr-67b765b496-","namespace":"oc-cd-1017-pranavd-pd","selfLink":"/api/v1/namespaces/oc-cd-1017-pranavd-pd/pods/promotion-saleschannelcr-67b765b496-6zgdc","uid":"a47ea774-b721-11e8-bb86-0050569a887c","resourceVersion":"66124688","creationTimestamp":"2018-09-13T06:52:55Z","labels":{"app":"promotion-saleschannelcr","microservice":"promotion-saleschannelcr","pod-template-hash":"2363216052","project":"promotion-saleschannelcriteria","provider":"amdocs","release":"promotion-saleschannelcriteria-release"},"annotations":{"fabric8.io/iconUrl":"img/icons/spring-boot.svg","git-commit":"ccc972c8328e07471d64d4f08d72544c9c5f23df","openshift.io/scc":"anyuid-no-ps"},"ownerReferences":[{"apiVersion":"extensions/v1beta1","kind":"ReplicaSet","name":"promotion-saleschannelcr-67b765b496","uid":"a46f950b-b721-11e8-bb86-0050569a887c","controller":true,"blockOwnerDeletion":true}]},"spec":{"volumes":[{"name":"prop-volume","configMap":{"name":"promotion-saleschannelcriteria-service-appconfigmap","defaultMode":420}},{"name":"default-token-vdgk4","secret":{"secretName":"default-token-vdgk4","defaultMode":420}}],"containers":[{"name":"promotion-saleschannelcriteria-service-container","image":"illin5564.corp.amdocs.com:5000/promotion-saleschannelcriteria-service:0.1.1-0008","ports":[{"name":"http","containerPort":8080,"protocol":"TCP"},{"name":"management","containerPort":18080,"protocol":"TCP"}],"env":[{"name":"KUBERNETES_NAMESPACE","valueFrom":{"fieldRef":{"apiVersion":"v1","fieldPath":"metadata.namespace"}}},{"name":"MSNEXT_JAVA_OPTS","value":" -Xms256m -Xmx1024m -XX:MaxRAM=2048m -XX:+DisableExplicitGC -XX:+UseConcMarkSweepGC -XX:+CMSParallelRemarkEnabled -XX:NewRatio=1 -Xss512k -XX:MaxMetaspaceSize=512m -Dcom.amdocs.msnext.securitya3s.url=http://10.238.196.7:30081/asmServices/services/v1.0"},{"name":"MSNEXT_CONF_SOURCE_APP","value":"/etc/config"},{"name":"MSNEXT_DISABLED_MODULES","value":"msnext-customization"},{"name":"MANAGEMENT_PORT","value":"18080"},{"name":"SERVER_PORT","value":"8080"}],"resources":{"limits":{"cpu":"2","memory":"2Gi"},"requests":{"cpu":"200m","memory":"1Gi"}},"volumeMounts":[{"name":"prop-volume","mountPath":"/etc/config"},{"name":"default-token-vdgk4","readOnly":true,"mountPath":"/var/run/secrets/kubernetes.io/serviceaccount"}],"livenessProbe":{"httpGet":{"path":"/health","port":18080,"scheme":"HTTP"},"initialDelaySeconds":900,"timeoutSeconds":10,"periodSeconds":10,"successThreshold":1,"failureThreshold":3},"readinessProbe":{"httpGet":{"path":"/health","port":18080,"scheme":"HTTP"},"initialDelaySeconds":30,"timeoutSeconds":10,"periodSeconds":10,"successThreshold":1,"failureThreshold":3},"terminationMessagePath":"/dev/termination-log","terminationMessagePolicy":"File","imagePullPolicy":"IfNotPresent","securityContext":{"capabilities":{"drop":["MKNOD"]},"privileged":false}}],"restartPolicy":"Always","terminationGracePeriodSeconds":30,"dnsPolicy":"ClusterFirst","nodeSelector":{"region":"work"},"serviceAccountName":"default","serviceAccount":"default","nodeName":"ilocpde01w18.corp.amdocs.com","securityContext":{"seLinuxOptions":{"level":"s0:c82,c59"}},"imagePullSecrets":[{"name":"promotion-saleschannelcriteria-ms-secret"}],"schedulerName":"default-scheduler","tolerations":[{"key":"node.kubernetes.io/memory-pressure","operator":"Exists","effect":"NoSchedule"}]},"status":{"phase":"Running","conditions":[{"type":"Initialized","status":"True","lastProbeTime":null,"lastTransitionTime":"2018-09-13T06:52:55Z"},{"type":"Ready","status":"True","lastProbeTime":null,"lastTransitionTime":"2018-09-13T06:54:34Z"},{"type":"PodScheduled","status":"True","lastProbeTime":null,"lastTransitionTime":"2018-09-13T06:52:55Z"}],"hostIP":"10.245.250.37","podIP":"10.128.45.124","startTime":"2018-09-13T06:52:55Z","containerStatuses":[{"name":"promotion-saleschannelcriteria-service-container","state":{"running":{"startedAt":"2018-09-13T06:53:30Z"}},"lastState":{},"ready":true,"restartCount":0,"image":"illin5564.corp.amdocs.com:5000/promotion-saleschannelcriteria-service:0.1.1-0008","imageID":"docker-pullable://illin5564.corp.amdocs.com:5000/promotion-saleschannelcriteria-service@sha256:6071dc2584034ac5dc45b284b558e7439a3a53e0bdfe68c072f82c6a42af9d63","containerID":"docker://d18a3d4618d42b2ef86ba5d31cbcab1c0b74387e47dfce384f9d5d8e4b54236d"}],"qosClass":"Burstable"}},{"metadata":{"name":"release-management-service-5c467956d8-swbrp","generateName":"release-management-service-5c467956d8-","namespace":"oc-cd-1017-pranavd-pd","selfLink":"/api/v1/namespaces/oc-cd-1017-pranavd-pd/pods/release-management-service-5c467956d8-swbrp","uid":"a49de1dc-b721-11e8-bb86-0050569a887c","resourceVersion":"66126540","creationTimestamp":"2018-09-13T06:52:55Z","labels":{"app":"release-management-service","group":"com.amdocs.catalogone","pod-template-hash":"1702351284","prometheus":"amdocs-prometheus","provider":"amdocs","release":"release-management-release"},"annotations":{"openshift.io/scc":"anyuid-no-ps"},"ownerReferences":[{"apiVersion":"extensions/v1beta1","kind":"ReplicaSet","name":"release-management-service-5c467956d8","uid":"a4955450-b721-11e8-bb86-0050569a887c","controller":true,"blockOwnerDeletion":true}]},"spec":{"volumes":[{"name":"release-configmap","configMap":{"name":"release-configmap","items":[{"key":"application.yml","path":"application.yml"}],"defaultMode":420}},{"name":"default-token-vdgk4","secret":{"secretName":"default-token-vdgk4","defaultMode":420}}],"containers":[{"name":"release-management-service","image":"illin5225.corp.amdocs.com:5002/release-management-service:1.6.0","ports":[{"name":"server","containerPort":8080,"protocol":"TCP"},{"name":"management","containerPort":8081,"protocol":"TCP"},{"name":"metrics","containerPort":5555,"protocol":"TCP"},{"name":"debug","containerPort":5005,"protocol":"TCP"}],"env":[{"name":"MSNEXT_JAVA_OPTS","value":"-XX:+UnlockExperimentalVMOptions -XX:+UseCGroupMemoryLimitForHeap -XX:InitialRAMFraction=4 -XX:MaxRAMFraction=2 -XX:+PrintFlagsFinal"},{"name":"COUCHBASE_HOST","value":"catalog1-couchbase-service"},{"name":"ENABLE_ZIPKIN","value":"false"},{"name":"MSNEXT_CONF_SOURCE_APP1","value":"/deployments/config/applications/release"},{"name":"CONSUME_EVENTS","value":"true"},{"name":"KAFKA_TEST_HOST","value":"release-management-kafka-feature-repo-kafka"},{"name":"ZOOKEEPER_TEST_HOST","value":"release-management-kafka-feature-repo-zookeeper"},{"name":"KAFKA_PRODUCTION_HOST","value":"kafka-service"},{"name":"ZOOKEEPER_PRODUCTION_HOST","value":"zookeeper-service"},{"name":"REPO_MS_HOST","value":"repo-service:8080"},{"name":"REPO_MS_PROTOCOL","value":"http"},{"name":"REPOSITORY_NAME","value":"CatalogOne"},{"name":"REPOSITORY_WORKSTREAM","value":"production"},{"name":"BUSINESS_REQUEST_MS_HOST","value":"business-request-service:8080"},{"name":"BUSINESS_REQUEST_MS_PROTOCOL","value":"http"},{"name":"DELTA_IN_SEC_EXPOSURE","value":"300"},{"name":"NUMBER_OF_ENTITIES_PER_EVENT","value":"200"},{"name":"SPLIT_ALL_EVENTS","value":"true"},{"name":"JAVA_ENABLE_DEBUG","value":"false"},{"name":"TESTING_ENVIRONMENT_MODE","value":"singleContext"}],"resources":{"limits":{"cpu":"1","memory":"1Gi"},"requests":{"cpu":"200m","memory":"500Mi"}},"volumeMounts":[{"name":"release-configmap","mountPath":"/deployments/config/applications/release"},{"name":"default-token-vdgk4","readOnly":true,"mountPath":"/var/run/secrets/kubernetes.io/serviceaccount"}],"livenessProbe":{"httpGet":{"path":"/health","port":8081,"scheme":"HTTP"},"initialDelaySeconds":450,"timeoutSeconds":1,"periodSeconds":10,"successThreshold":1,"failureThreshold":3},"readinessProbe":{"httpGet":{"path":"/health","port":8081,"scheme":"HTTP"},"initialDelaySeconds":180,"timeoutSeconds":1,"periodSeconds":10,"successThreshold":1,"failureThreshold":3},"terminationMessagePath":"/dev/termination-log","terminationMessagePolicy":"File","imagePullPolicy":"IfNotPresent","securityContext":{"capabilities":{"drop":["MKNOD"]}}}],"restartPolicy":"Always","terminationGracePeriodSeconds":30,"dnsPolicy":"ClusterFirst","nodeSelector":{"region":"work"},"serviceAccountName":"default","serviceAccount":"default","nodeName":"ilocpde01w34.corp.amdocs.com","securityContext":{"seLinuxOptions":{"level":"s0:c82,c59"}},"imagePullSecrets":[{"name":"release-illin5225-pull-secret"}],"schedulerName":"default-scheduler","tolerations":[{"key":"node.kubernetes.io/memory-pressure","operator":"Exists","effect":"NoSchedule"}]},"status":{"phase":"Running","conditions":[{"type":"Initialized","status":"True","lastProbeTime":null,"lastTransitionTime":"2018-09-13T06:52:55Z"},{"type":"Ready","status":"True","lastProbeTime":null,"lastTransitionTime":"2018-09-13T06:56:34Z"},{"type":"PodScheduled","status":"True","lastProbeTime":null,"lastTransitionTime":"2018-09-13T06:52:55Z"}],"hostIP":"10.245.251.175","podIP":"10.128.78.116","startTime":"2018-09-13T06:52:55Z","containerStatuses":[{"name":"release-management-service","state":{"running":{"startedAt":"2018-09-13T06:53:33Z"}},"lastState":{},"ready":true,"restartCount":0,"image":"illin5225.corp.amdocs.com:5002/release-management-service:1.6.0","imageID":"docker-pullable://illin5225.corp.amdocs.com:5002/release-management-service@sha256:838add29742a5fb495374c8f4481b16450fb249feb27ff5d52ad3d7a29649715","containerID":"docker://5c0ad2192be6da3b4d9d599173ad5e22a19229e8f8cad6613e3277695c4f5526"}],"qosClass":"Burstable"}},{"metadata":{"name":"repo-service-release-catalog-repo-plugin-helm-7564b7dcf8-zlt9j","generateName":"repo-service-release-catalog-repo-plugin-helm-7564b7dcf8-","namespace":"oc-cd-1017-pranavd-pd","selfLink":"/api/v1/namespaces/oc-cd-1017-pranavd-pd/pods/repo-service-release-catalog-repo-plugin-helm-7564b7dcf8-zlt9j","uid":"a4ab2b1e-b721-11e8-bb86-0050569a887c","resourceVersion":"67821189","creationTimestamp":"2018-09-13T06:52:55Z","labels":{"app":"catalog-repo-plugin-helm","chart":"catalog-repo-plugin-helm-2.0.0","group":"com.amdocs.foundation.repo","pod-template-hash":"3120638794","provider":"amdocs","release":"repo-service-release"},"annotations":{"openshift.io/scc":"restricted"},"ownerReferences":[{"apiVersion":"extensions/v1beta1","kind":"ReplicaSet","name":"repo-service-release-catalog-repo-plugin-helm-7564b7dcf8","uid":"a4a556a6-b721-11e8-bb86-0050569a887c","controller":true,"blockOwnerDeletion":true}]},"spec":{"volumes":[{"name":"repo-config","configMap":{"name":"repo-service-release-catalog-repo-plugin-helm-configmap","items":[{"key":"application.yml","path":"application.yml"}],"defaultMode":420}},{"name":"repo-data","persistentVolumeClaim":{"claimName":"repo-service-release-catalog-repo-plugin-helm-pvc"}},{"name":"default-token-vdgk4","secret":{"secretName":"default-token-vdgk4","defaultMode":420}}],"containers":[{"name":"catalog-repo-plugin-helm","image":"illin5225.corp.amdocs.com:5002/catalog-repo-plugin:2.0.0","ports":[{"name":"server","containerPort":8080,"protocol":"TCP"},{"name":"management","containerPort":8081,"protocol":"TCP"}],"env":[{"name":"MSNEXT_CONF_SOURCE_APP1","value":"/deployments/config/applications/repo"}],"resources":{},"volumeMounts":[{"name":"repo-config","mountPath":"/deployments/config/applications/repo"},{"name":"repo-data","mountPath":"/repo-data"},{"name":"default-token-vdgk4","readOnly":true,"mountPath":"/var/run/secrets/kubernetes.io/serviceaccount"}],"livenessProbe":{"httpGet":{"path":"/health","port":8081,"scheme":"HTTP"},"initialDelaySeconds":180,"timeoutSeconds":1,"periodSeconds":10,"successThreshold":1,"failureThreshold":3},"readinessProbe":{"httpGet":{"path":"/health","port":8081,"scheme":"HTTP"},"initialDelaySeconds":180,"timeoutSeconds":1,"periodSeconds":10,"successThreshold":1,"failureThreshold":3},"terminationMessagePath":"/dev/termination-log","terminationMessagePolicy":"File","imagePullPolicy":"IfNotPresent","securityContext":{"capabilities":{"drop":["KILL","MKNOD","SETGID","SETUID"]},"runAsUser":1006760000}}],"restartPolicy":"Always","terminationGracePeriodSeconds":30,"dnsPolicy":"ClusterFirst","nodeSelector":{"region":"work"},"serviceAccountName":"default","serviceAccount":"default","nodeName":"ilocpde01w34.corp.amdocs.com","securityContext":{"seLinuxOptions":{"level":"s0:c82,c59"},"fsGroup":1006760000},"imagePullSecrets":[{"name":"repo-service-release-catalog-repo-plugin-helm-pull-secret"}],"schedulerName":"default-scheduler"},"status":{"phase":"Running","conditions":[{"type":"Initialized","status":"True","lastProbeTime":null,"lastTransitionTime":"2018-09-13T06:52:55Z"},{"type":"Ready","status":"True","lastProbeTime":null,"lastTransitionTime":"2018-09-15T18:55:51Z"},{"type":"PodScheduled","status":"True","lastProbeTime":null,"lastTransitionTime":"2018-09-13T06:52:55Z"}],"hostIP":"10.245.251.175","podIP":"10.128.78.117","startTime":"2018-09-13T06:52:55Z","containerStatuses":[{"name":"catalog-repo-plugin-helm","state":{"running":{"startedAt":"2018-09-15T18:52:43Z"}},"lastState":{"terminated":{"exitCode":143,"reason":"Error","startedAt":"2018-09-13T06:53:21Z","finishedAt":"2018-09-15T18:52:43Z","containerID":"docker://5b79355fe46ece533ae18b111bb6b3452cc0a4824944277cccdb5d9827bc435b"}},"ready":true,"restartCount":1,"image":"illin5225.corp.amdocs.com:5002/catalog-repo-plugin:2.0.0","imageID":"docker-pullable://illin5225.corp.amdocs.com:5002/catalog-repo-plugin@sha256:aa4082bb876e3d91655cf0e59b60cfac28387e44c745f024813b342bd8f166ad","containerID":"docker://8413d2860624fd7f87ec1bc86684256b292d11cdf57aa57c82fbf989e424ef16"}],"qosClass":"BestEffort"}},{"metadata":{"name":"scheduler-scheduler-task-5678c4c55f-xl8ml","generateName":"scheduler-scheduler-task-5678c4c55f-","namespace":"oc-cd-1017-pranavd-pd","selfLink":"/api/v1/namespaces/oc-cd-1017-pranavd-pd/pods/scheduler-scheduler-task-5678c4c55f-xl8ml","uid":"a4bf6629-b721-11e8-bb86-0050569a887c","resourceVersion":"66124188","creationTimestamp":"2018-09-13T06:52:56Z","labels":{"app":"scheduler-scheduler-task","microservice":"scheduler-task","pod-template-hash":"1234707119","project":"scheduler-task","provider":"amdocs","release":"scheduler"},"annotations":{"git-commit":"5409c7b21e4f8ecef157377a36e361988ecb6a7c","openshift.io/scc":"anyuid-no-ps"},"ownerReferences":[{"apiVersion":"extensions/v1beta1","kind":"ReplicaSet","name":"scheduler-scheduler-task-5678c4c55f","uid":"a4b3c438-b721-11e8-bb86-0050569a887c","controller":true,"blockOwnerDeletion":true}]},"spec":{"volumes":[{"name":"default-token-vdgk4","secret":{"secretName":"default-token-vdgk4","defaultMode":420}}],"containers":[{"name":"scheduler-task-service-container","image":"illin5564.corp.amdocs.com:5000/scheduler-task-service:0.1.1-0053","ports":[{"name":"metrics","containerPort":5555,"protocol":"TCP"},{"name":"http","containerPort":8080,"protocol":"TCP"},{"name":"management","containerPort":18080,"protocol":"TCP"}],"env":[{"name":"KUBERNETES_NAMESPACE","valueFrom":{"fieldRef":{"apiVersion":"v1","fieldPath":"metadata.namespace"}}},{"name":"MSNEXT_JAVA_OPTS","value":" -Xms256m -Xmx1024m -XX:MaxRAM=2048m -XX:+DisableExplicitGC -XX:+UseConcMarkSweepGC -XX:+CMSParallelRemarkEnabled -XX:NewRatio=1 -Xss512k -XX:MaxMetaspaceSize=512m -Dcom.amdocs.msnext.securitya3s.url=http://10.238.196.7:30081/asmServices/services/v1.0"},{"name":"MSNEXT_DISABLED_MODULES","value":"msnext-customization"},{"name":"MANAGEMENT_PORT","value":"18080"},{"name":"SERVER_PORT","value":"8080"},{"name":"MALLOC_ARENA_MAX","value":"4"},{"name":"TZ","value":"UTC"}],"resources":{"limits":{"cpu":"2","memory":"2Gi"},"requests":{"cpu":"200m","memory":"1Gi"}},"volumeMounts":[{"name":"default-token-vdgk4","readOnly":true,"mountPath":"/var/run/secrets/kubernetes.io/serviceaccount"}],"livenessProbe":{"httpGet":{"path":"/health","port":18080,"scheme":"HTTP"},"initialDelaySeconds":900,"timeoutSeconds":10,"periodSeconds":10,"successThreshold":1,"failureThreshold":3},"readinessProbe":{"httpGet":{"path":"/health","port":18080,"scheme":"HTTP"},"initialDelaySeconds":30,"timeoutSeconds":10,"periodSeconds":10,"successThreshold":1,"failureThreshold":3},"terminationMessagePath":"/dev/termination-log","terminationMessagePolicy":"File","imagePullPolicy":"IfNotPresent","securityContext":{"capabilities":{"drop":["MKNOD"]},"privileged":false}}],"restartPolicy":"Always","terminationGracePeriodSeconds":30,"dnsPolicy":"ClusterFirst","nodeSelector":{"region":"work"},"serviceAccountName":"default","serviceAccount":"default","nodeName":"ilocpde01w09.corp.amdocs.com","securityContext":{"seLinuxOptions":{"level":"s0:c82,c59"}},"imagePullSecrets":[{"name":"scheduler-task-ms-secret"}],"schedulerName":"default-scheduler","tolerations":[{"key":"node.kubernetes.io/memory-pressure","operator":"Exists","effect":"NoSchedule"}]},"status":{"phase":"Running","conditions":[{"type":"Initialized","status":"True","lastProbeTime":null,"lastTransitionTime":"2018-09-13T06:52:56Z"},{"type":"Ready","status":"True","lastProbeTime":null,"lastTransitionTime":"2018-09-13T06:54:01Z"},{"type":"PodScheduled","status":"True","lastProbeTime":null,"lastTransitionTime":"2018-09-13T06:52:56Z"}],"hostIP":"10.245.250.28","podIP":"10.128.24.178","startTime":"2018-09-13T06:52:56Z","containerStatuses":[{"name":"scheduler-task-service-container","state":{"running":{"startedAt":"2018-09-13T06:52:58Z"}},"lastState":{},"ready":true,"restartCount":0,"image":"illin5564.corp.amdocs.com:5000/scheduler-task-service:0.1.1-0053","imageID":"docker-pullable://illin5564.corp.amdocs.com:5000/scheduler-task-service@sha256:40dded7abf410bf5b47605303fdb7e9bb196e4e04cceb1996eac4ec73b6c7d4b","containerID":"docker://ec38fb4e82945b27276d5200577ebd6e24c3fbb72d2e6a7866788fbf0912e56d"}],"qosClass":"Burstable"}},{"metadata":{"name":"shoppingcart-checkout-re-c946c7869-959d9","generateName":"shoppingcart-checkout-re-c946c7869-","namespace":"oc-cd-1017-pranavd-pd","selfLink":"/api/v1/namespaces/oc-cd-1017-pranavd-pd/pods/shoppingcart-checkout-re-c946c7869-959d9","uid":"a4d18e22-b721-11e8-bb86-0050569a887c","resourceVersion":"66125283","creationTimestamp":"2018-09-13T06:52:56Z","labels":{"app":"shoppingcart-checkout-re","microservice":"shoppingcart-checkout","pod-template-hash":"750273425","project":"shoppingcart-checkout","provider":"amdocs","release":"shoppingcart-checkout-release"},"annotations":{"checksum/config":"ea1ed44f8974dccb51c2510d6d431fef45123b4e35e6e906fa280efb5bbe78c0","fabric8.io/iconUrl":"img/icons/spring-boot.svg","git-commit":"b4f5290a7750f831728eac1c832192fdfe8ab3a2","openshift.io/scc":"anyuid-no-ps"},"ownerReferences":[{"apiVersion":"extensions/v1beta1","kind":"ReplicaSet","name":"shoppingcart-checkout-re-c946c7869","uid":"a4c56e8d-b721-11e8-bb86-0050569a887c","controller":true,"blockOwnerDeletion":true}]},"spec":{"volumes":[{"name":"prop-volume","configMap":{"name":"shoppingcart-checkout-service-appconfigmap","defaultMode":420}},{"name":"default-token-vdgk4","secret":{"secretName":"default-token-vdgk4","defaultMode":420}}],"containers":[{"name":"shoppingcart-checkout-service-container","image":"illin5564.corp.amdocs.com:5000/shoppingcart-checkout-service:0.1.1-0025","ports":[{"name":"http","containerPort":8080,"protocol":"TCP"},{"name":"https","containerPort":8443,"protocol":"TCP"},{"name":"metrics","containerPort":5555,"protocol":"TCP"},{"name":"management","containerPort":18080,"protocol":"TCP"}],"env":[{"name":"MSNEXT_CONF_SOURCE_APP","value":"/etc/config"},{"name":"KUBERNETES_NAMESPACE","valueFrom":{"fieldRef":{"apiVersion":"v1","fieldPath":"metadata.namespace"}}},{"name":"MSNEXT_JAVA_OPTS","value":"-Dcom.amdocs.msnext.securityjwt.anonymous.context-mapping.msnext.management=.*management  -Xms256m -Xmx1024m -XX:MaxRAM=2048m -XX:+DisableExplicitGC -XX:+UseConcMarkSweepGC -XX:+CMSParallelRemarkEnabled -XX:NewRatio=1 -Xss512k -XX:MaxMetaspaceSize=512m"},{"name":"SERVER_PORT","value":"8080"},{"name":"MSNEXT_MODULE_MGT_DISABLE","value":"msnext-customization"},{"name":"MSNEXT_JACOCO_ENABLE","value":"${jacoco.enabled}"},{"name":"MSNEXT_JACOCO_OPTS","value":"output=tcpserver,address=*,port=6300"},{"name":"MANAGEMENT_PORT","value":"18080"},{"name":"MALLOC_ARENA_MAX","value":"4"},{"name":"TZ","value":"UTC"}],"resources":{"limits":{"cpu":"2","memory":"2Gi"},"requests":{"cpu":"200m","memory":"1Gi"}},"volumeMounts":[{"name":"prop-volume","mountPath":"/etc/config"},{"name":"default-token-vdgk4","readOnly":true,"mountPath":"/var/run/secrets/kubernetes.io/serviceaccount"}],"livenessProbe":{"httpGet":{"path":"/health","port":18080,"scheme":"HTTP"},"initialDelaySeconds":900,"timeoutSeconds":1,"periodSeconds":10,"successThreshold":1,"failureThreshold":3},"readinessProbe":{"httpGet":{"path":"/health","port":18080,"scheme":"HTTP"},"initialDelaySeconds":30,"timeoutSeconds":10,"periodSeconds":10,"successThreshold":1,"failureThreshold":3},"terminationMessagePath":"/dev/termination-log","terminationMessagePolicy":"File","imagePullPolicy":"IfNotPresent","securityContext":{"capabilities":{"drop":["MKNOD"]},"privileged":false}}],"restartPolicy":"Always","terminationGracePeriodSeconds":30,"dnsPolicy":"ClusterFirst","nodeSelector":{"region":"work"},"serviceAccountName":"default","serviceAccount":"default","nodeName":"ilocpde01w08.corp.amdocs.com","securityContext":{"seLinuxOptions":{"level":"s0:c82,c59"}},"imagePullSecrets":[{"name":"shoppingcart-checkout-ms-secret"}],"schedulerName":"default-scheduler","tolerations":[{"key":"node.kubernetes.io/memory-pressure","operator":"Exists","effect":"NoSchedule"}]},"status":{"phase":"Running","conditions":[{"type":"Initialized","status":"True","lastProbeTime":null,"lastTransitionTime":"2018-09-13T06:52:56Z"},{"type":"Ready","status":"True","lastProbeTime":null,"lastTransitionTime":"2018-09-13T06:54:59Z"},{"type":"PodScheduled","status":"True","lastProbeTime":null,"lastTransitionTime":"2018-09-13T06:52:56Z"}],"hostIP":"10.245.250.27","podIP":"10.128.26.50","startTime":"2018-09-13T06:52:56Z","containerStatuses":[{"name":"shoppingcart-checkout-service-container","state":{"running":{"startedAt":"2018-09-13T06:53:30Z"}},"lastState":{},"ready":true,"restartCount":0,"image":"illin5564.corp.amdocs.com:5000/shoppingcart-checkout-service:0.1.1-0025","imageID":"docker-pullable://illin5564.corp.amdocs.com:5000/shoppingcart-checkout-service@sha256:d36870d5fdbf4a90ab0b8e9616e9570eb006e789e2c2619303dec2a004f163c0","containerID":"docker://af06def4414aef3459dc6ebf7ba285235f7716734bdf35274a28ddfe32343737"}],"qosClass":"Burstable"}},{"metadata":{"name":"shoppingcart-modify-rele-786c94cc9d-tk8gg","generateName":"shoppingcart-modify-rele-786c94cc9d-","namespace":"oc-cd-1017-pranavd-pd","selfLink":"/api/v1/namespaces/oc-cd-1017-pranavd-pd/pods/shoppingcart-modify-rele-786c94cc9d-tk8gg","uid":"a4ede4f4-b721-11e8-bb86-0050569a887c","resourceVersion":"66124899","creationTimestamp":"2018-09-13T06:52:56Z","labels":{"app":"shoppingcart-modify-rele","microservice":"shoppingcart-modify","pod-template-hash":"3427507758","project":"shoppingcart-modify","provider":"amdocs","release":"shoppingcart-modify-release"},"annotations":{"checksum/config":"0a8d74337cb5fb7078aa94aa109b3811b80a6e045feb293e1eb0aab2e3b9d739","fabric8.io/iconUrl":"img/icons/spring-boot.svg","git-commit":"2f3c78190eb3cedd85b223ca3e4351f2a45b1560","openshift.io/scc":"anyuid-no-ps"},"ownerReferences":[{"apiVersion":"extensions/v1beta1","kind":"ReplicaSet","name":"shoppingcart-modify-rele-786c94cc9d","uid":"a4e01ed2-b721-11e8-bb86-0050569a887c","controller":true,"blockOwnerDeletion":true}]},"spec":{"volumes":[{"name":"prop-volume","configMap":{"name":"shoppingcart-modify-service-appconfigmap","defaultMode":420}},{"name":"default-token-vdgk4","secret":{"secretName":"default-token-vdgk4","defaultMode":420}}],"containers":[{"name":"shoppingcart-modify-service-container","image":"illin5564.corp.amdocs.com:5000/shoppingcart-modify-service:0.1.1-0025","ports":[{"name":"http","containerPort":8080,"protocol":"TCP"},{"name":"https","containerPort":8443,"protocol":"TCP"},{"name":"metrics","containerPort":5555,"protocol":"TCP"},{"name":"jacoco","containerPort":6300,"protocol":"TCP"},{"name":"management","containerPort":18080,"protocol":"TCP"}],"env":[{"name":"MSNEXT_CONF_SOURCE_APP","value":"/etc/config"},{"name":"KUBERNETES_NAMESPACE","valueFrom":{"fieldRef":{"apiVersion":"v1","fieldPath":"metadata.namespace"}}},{"name":"MSNEXT_JAVA_OPTS","value":"-Dcom.amdocs.msnext.securityjwt.anonymous.context-mapping.msnext.management=.*management  -Xms256m -Xmx1024m -XX:MaxRAM=2048m -XX:+DisableExplicitGC -XX:+UseConcMarkSweepGC -XX:+CMSParallelRemarkEnabled -XX:NewRatio=1 -Xss512k -XX:MaxMetaspaceSize=512m"},{"name":"SERVER_PORT","value":"8080"},{"name":"MSNEXT_MODULE_MGT_DISABLE","value":"msnext-customization"},{"name":"MSNEXT_JACOCO_ENABLE","value":"${jacoco.enabled}"},{"name":"MSNEXT_JACOCO_OPTS","value":"output=tcpserver,address=*,port=6300"},{"name":"MANAGEMENT_PORT","value":"18080"},{"name":"MALLOC_ARENA_MAX","value":"4"},{"name":"TZ","value":"UTC"}],"resources":{"limits":{"cpu":"2","memory":"2Gi"},"requests":{"cpu":"200m","memory":"1Gi"}},"volumeMounts":[{"name":"prop-volume","mountPath":"/etc/config"},{"name":"default-token-vdgk4","readOnly":true,"mountPath":"/var/run/secrets/kubernetes.io/serviceaccount"}],"livenessProbe":{"httpGet":{"path":"/health","port":18080,"scheme":"HTTP"},"initialDelaySeconds":900,"timeoutSeconds":1,"periodSeconds":10,"successThreshold":1,"failureThreshold":3},"readinessProbe":{"httpGet":{"path":"/health","port":18080,"scheme":"HTTP"},"initialDelaySeconds":30,"timeoutSeconds":10,"periodSeconds":10,"successThreshold":1,"failureThreshold":3},"terminationMessagePath":"/dev/termination-log","terminationMessagePolicy":"File","imagePullPolicy":"IfNotPresent","securityContext":{"capabilities":{"drop":["MKNOD"]},"privileged":false}}],"restartPolicy":"Always","terminationGracePeriodSeconds":30,"dnsPolicy":"ClusterFirst","nodeSelector":{"region":"work"},"serviceAccountName":"default","serviceAccount":"default","nodeName":"ilocpde01w07.corp.amdocs.com","securityContext":{"seLinuxOptions":{"level":"s0:c82,c59"}},"imagePullSecrets":[{"name":"shoppingcart-modify-ms-secret"}],"schedulerName":"default-scheduler","tolerations":[{"key":"node.kubernetes.io/memory-pressure","operator":"Exists","effect":"NoSchedule"}]},"status":{"phase":"Running","conditions":[{"type":"Initialized","status":"True","lastProbeTime":null,"lastTransitionTime":"2018-09-13T06:52:56Z"},{"type":"Ready","status":"True","lastProbeTime":null,"lastTransitionTime":"2018-09-13T06:54:43Z"},{"type":"PodScheduled","status":"True","lastProbeTime":null,"lastTransitionTime":"2018-09-13T06:52:56Z"}],"hostIP":"10.245.250.26","podIP":"10.128.23.24","startTime":"2018-09-13T06:52:56Z","containerStatuses":[{"name":"shoppingcart-modify-service-container","state":{"running":{"startedAt":"2018-09-13T06:53:31Z"}},"lastState":{},"ready":true,"restartCount":0,"image":"illin5564.corp.amdocs.com:5000/shoppingcart-modify-service:0.1.1-0025","imageID":"docker-pullable://illin5564.corp.amdocs.com:5000/shoppingcart-modify-service@sha256:17d3193b037611dcdefe6b2002e67300c6466f4ad4d75183c1d3a2c44df8e064","containerID":"docker://d825b21e0cc6251ef1638da7e0cfbb025c67771a5c15ca4d247ff5a4d7440102"}],"qosClass":"Burstable"}},{"metadata":{"name":"shoppingcart-price-relea-687f4d96bb-hclqz","generateName":"shoppingcart-price-relea-687f4d96bb-","namespace":"oc-cd-1017-pranavd-pd","selfLink":"/api/v1/namespaces/oc-cd-1017-pranavd-pd/pods/shoppingcart-price-relea-687f4d96bb-hclqz","uid":"a51543de-b721-11e8-bb86-0050569a887c","resourceVersion":"66124981","creationTimestamp":"2018-09-13T06:52:56Z","labels":{"app":"shoppingcart-price-relea","microservice":"shoppingcart-price","pod-template-hash":"2439085266","project":"shoppingcart-price","provider":"amdocs","release":"shoppingcart-price-release"},"annotations":{"checksum/config":"91ad2c11deb8bfabf196ca3725dc38e35d19f42b5fcafb7449eb1c160dfa7516","fabric8.io/iconUrl":"img/icons/spring-boot.svg","git-commit":"dcf3945c79213d23363d5e2b21d7f5ebd7431227","openshift.io/scc":"anyuid-no-ps"},"ownerReferences":[{"apiVersion":"extensions/v1beta1","kind":"ReplicaSet","name":"shoppingcart-price-relea-687f4d96bb","uid":"a50512ea-b721-11e8-bb86-0050569a887c","controller":true,"blockOwnerDeletion":true}]},"spec":{"volumes":[{"name":"prop-volume","configMap":{"name":"shoppingcart-price-service-appconfigmap","defaultMode":420}},{"name":"default-token-vdgk4","secret":{"secretName":"default-token-vdgk4","defaultMode":420}}],"containers":[{"name":"shoppingcart-price-service-container","image":"illin5564.corp.amdocs.com:5000/shoppingcart-price-service:0.1.1-0036","ports":[{"name":"http","containerPort":8080,"protocol":"TCP"},{"name":"https","containerPort":8443,"protocol":"TCP"},{"name":"metrics","containerPort":5555,"protocol":"TCP"},{"name":"management","containerPort":18080,"protocol":"TCP"}],"env":[{"name":"MSNEXT_CONF_SOURCE_APP","value":"/etc/config"},{"name":"KUBERNETES_NAMESPACE","valueFrom":{"fieldRef":{"apiVersion":"v1","fieldPath":"metadata.namespace"}}},{"name":"MSNEXT_JAVA_OPTS","value":"-Dcom.amdocs.msnext.securityjwt.anonymous.context-mapping.msnext.management=.*management  -Xms256m -Xmx1024m -XX:MaxRAM=2048m -XX:+DisableExplicitGC -XX:+UseConcMarkSweepGC -XX:+CMSParallelRemarkEnabled -XX:NewRatio=1 -Xss512k -XX:MaxMetaspaceSize=512m"},{"name":"SERVER_PORT","value":"8080"},{"name":"MSNEXT_MODULE_MGT_DISABLE","value":"msnext-customization"},{"name":"MSNEXT_JACOCO_ENABLE","value":"${jacoco.enabled}"},{"name":"MSNEXT_JACOCO_OPTS","value":"output=tcpserver,address=*,port=6300"},{"name":"MANAGEMENT_PORT","value":"18080"},{"name":"MALLOC_ARENA_MAX","value":"4"},{"name":"TZ","value":"UTC"}],"resources":{"limits":{"cpu":"2","memory":"2Gi"},"requests":{"cpu":"200m","memory":"1Gi"}},"volumeMounts":[{"name":"prop-volume","mountPath":"/etc/config"},{"name":"default-token-vdgk4","readOnly":true,"mountPath":"/var/run/secrets/kubernetes.io/serviceaccount"}],"livenessProbe":{"httpGet":{"path":"/health","port":18080,"scheme":"HTTP"},"initialDelaySeconds":900,"timeoutSeconds":1,"periodSeconds":10,"successThreshold":1,"failureThreshold":3},"readinessProbe":{"httpGet":{"path":"/health","port":18080,"scheme":"HTTP"},"initialDelaySeconds":30,"timeoutSeconds":10,"periodSeconds":10,"successThreshold":1,"failureThreshold":3},"terminationMessagePath":"/dev/termination-log","terminationMessagePolicy":"File","imagePullPolicy":"IfNotPresent","securityContext":{"capabilities":{"drop":["MKNOD"]},"privileged":false}}],"restartPolicy":"Always","terminationGracePeriodSeconds":30,"dnsPolicy":"ClusterFirst","nodeSelector":{"region":"work"},"serviceAccountName":"default","serviceAccount":"default","nodeName":"ilocpde01w05.corp.amdocs.com","securityContext":{"seLinuxOptions":{"level":"s0:c82,c59"}},"imagePullSecrets":[{"name":"shoppingcart-price-ms-secret"}],"schedulerName":"default-scheduler","tolerations":[{"key":"node.kubernetes.io/memory-pressure","operator":"Exists","effect":"NoSchedule"}]},"status":{"phase":"Running","conditions":[{"type":"Initialized","status":"True","lastProbeTime":null,"lastTransitionTime":"2018-09-13T06:52:56Z"},{"type":"Ready","status":"True","lastProbeTime":null,"lastTransitionTime":"2018-09-13T06:54:46Z"},{"type":"PodScheduled","status":"True","lastProbeTime":null,"lastTransitionTime":"2018-09-13T06:52:56Z"}],"hostIP":"10.245.250.24","podIP":"10.128.17.89","startTime":"2018-09-13T06:52:56Z","containerStatuses":[{"name":"shoppingcart-price-service-container","state":{"running":{"startedAt":"2018-09-13T06:53:31Z"}},"lastState":{},"ready":true,"restartCount":0,"image":"illin5564.corp.amdocs.com:5000/shoppingcart-price-service:0.1.1-0036","imageID":"docker-pullable://illin5564.corp.amdocs.com:5000/shoppingcart-price-service@sha256:ec6b2f6acf403f5b98aca966adbc8b0cb6aa003ae0e4cd9bbe7a9d4a0a335929","containerID":"docker://8989db32758c011213041ea280e76b21eca933ee18d8ab4a1f2cbb0ea10f7857"}],"qosClass":"Burstable"}},{"metadata":{"name":"shoppingcart-shoppingcar-5b68f9b944-2cqrp","generateName":"shoppingcart-shoppingcar-5b68f9b944-","namespace":"oc-cd-1017-pranavd-pd","selfLink":"/api/v1/namespaces/oc-cd-1017-pranavd-pd/pods/shoppingcart-shoppingcar-5b68f9b944-2cqrp","uid":"a526f576-b721-11e8-bb86-0050569a887c","resourceVersion":"69159229","creationTimestamp":"2018-09-13T06:52:56Z","labels":{"app":"shoppingcart-shoppingcar","microservice":"shoppingcart-shoppingcar","pod-template-hash":"1624956500","project":"shoppingcart-shoppingcart","provider":"amdocs","release":"shoppingcart-shoppingcart-release"},"annotations":{"checksum/config":"cc7b19f6fe7c8b41d162f7e6d0d5605668e616b737cf0ac43eb1c1329a9a66b0","fabric8.io/iconUrl":"img/icons/spring-boot.svg","git-commit":"5ab646f57f07fb27c9cee10a9c614856108579aa","openshift.io/scc":"anyuid-no-ps"},"ownerReferences":[{"apiVersion":"extensions/v1beta1","kind":"ReplicaSet","name":"shoppingcart-shoppingcar-5b68f9b944","uid":"a51d8aee-b721-11e8-bb86-0050569a887c","controller":true,"blockOwnerDeletion":true}]},"spec":{"volumes":[{"name":"prop-volume","configMap":{"name":"shoppingcart-shoppingcart-service-appconfigmap","defaultMode":420}},{"name":"default-token-vdgk4","secret":{"secretName":"default-token-vdgk4","defaultMode":420}}],"containers":[{"name":"shoppingcart-shoppingcart-service-container","image":"illin5564.corp.amdocs.com:5000/shoppingcart-shoppingcart-service:0.1.1-0074","ports":[{"name":"http","containerPort":8080,"protocol":"TCP"},{"name":"https","containerPort":8443,"protocol":"TCP"},{"name":"metrics","containerPort":5555,"protocol":"TCP"},{"name":"management","containerPort":18080,"protocol":"TCP"}],"env":[{"name":"MSNEXT_CONF_SOURCE_APP","value":"/etc/config"},{"name":"KUBERNETES_NAMESPACE","valueFrom":{"fieldRef":{"apiVersion":"v1","fieldPath":"metadata.namespace"}}},{"name":"MSNEXT_JAVA_OPTS","value":"-Dcom.couchbase.queryEndpoints=5 -Dcom.amdocs.msnext.securityjwt.anonymous.context-mapping.msnext.management=.*management  -Xms256m -Xmx1024m -XX:MaxRAM=2048m -XX:+DisableExplicitGC -XX:+UseConcMarkSweepGC -XX:+CMSParallelRemarkEnabled -XX:NewRatio=1 -Xss512k -XX:MaxMetaspaceSize=512m -Dcom.amdocs.msnext.securitya3s.url=http://10.238.196.7:30081/asmServices/services/v1.0"},{"name":"SERVER_PORT","value":"8080"},{"name":"MSNEXT_MODULE_MGT_DISABLE","value":"msnext-customization"},{"name":"MSNEXT_JACOCO_ENABLE","value":"${jacoco.enabled}"},{"name":"MSNEXT_JACOCO_OPTS","value":"output=tcpserver,address=*,port=6300"},{"name":"KAFKA_SERVER","value":"kafka-service:9092"},{"name":"ZOOKEEPER_SERVER","value":"zookeeper-service:2181"},{"name":"MANAGEMENT_PORT","value":"18080"},{"name":"MALLOC_ARENA_MAX","value":"4"},{"name":"TZ","value":"UTC"},{"name":"DATA_FENCING_CUSTOMER_ID_ENABLE","value":"false"}],"resources":{"limits":{"cpu":"2","memory":"2Gi"},"requests":{"cpu":"200m","memory":"1Gi"}},"volumeMounts":[{"name":"prop-volume","mountPath":"/etc/config"},{"name":"default-token-vdgk4","readOnly":true,"mountPath":"/var/run/secrets/kubernetes.io/serviceaccount"}],"livenessProbe":{"httpGet":{"path":"/health","port":18080,"scheme":"HTTP"},"initialDelaySeconds":900,"timeoutSeconds":1,"periodSeconds":10,"successThreshold":1,"failureThreshold":3},"readinessProbe":{"httpGet":{"path":"/health","port":18080,"scheme":"HTTP"},"initialDelaySeconds":30,"timeoutSeconds":10,"periodSeconds":10,"successThreshold":1,"failureThreshold":3},"terminationMessagePath":"/dev/termination-log","terminationMessagePolicy":"File","imagePullPolicy":"IfNotPresent","securityContext":{"capabilities":{"drop":["MKNOD"]},"privileged":false}}],"restartPolicy":"Always","terminationGracePeriodSeconds":30,"dnsPolicy":"ClusterFirst","nodeSelector":{"region":"work"},"serviceAccountName":"default","serviceAccount":"default","nodeName":"ilocpde01w03.corp.amdocs.com","securityContext":{"seLinuxOptions":{"level":"s0:c82,c59"}},"imagePullSecrets":[{"name":"shoppingcart-shoppingcart-ms-secret"}],"schedulerName":"default-scheduler","tolerations":[{"key":"node.kubernetes.io/memory-pressure","operator":"Exists","effect":"NoSchedule"}]},"status":{"phase":"Running","conditions":[{"type":"Initialized","status":"True","lastProbeTime":null,"lastTransitionTime":"2018-09-13T06:52:56Z"},{"type":"Ready","status":"True","lastProbeTime":null,"lastTransitionTime":"2018-09-17T19:24:07Z"},{"type":"PodScheduled","status":"True","lastProbeTime":null,"lastTransitionTime":"2018-09-13T06:52:56Z"}],"hostIP":"10.245.250.22","podIP":"10.128.11.177","startTime":"2018-09-13T06:52:56Z","containerStatuses":[{"name":"shoppingcart-shoppingcart-service-container","state":{"running":{"startedAt":"2018-09-17T19:22:52Z"}},"lastState":{"terminated":{"exitCode":143,"reason":"Error","startedAt":"2018-09-13T06:53:35Z","finishedAt":"2018-09-17T19:22:52Z","containerID":"docker://7b8404d19fb7136851fa77739a4476798bb3d8769cc1c73eaff42ccf9b959221"}},"ready":true,"restartCount":1,"image":"illin5564.corp.amdocs.com:5000/shoppingcart-shoppingcart-service:0.1.1-0074","imageID":"docker-pullable://illin5564.corp.amdocs.com:5000/shoppingcart-shoppingcart-service@sha256:9269874ce85510b7357f8b767f661c332290aa0bd1c98bcde13e0f4534d88757","containerID":"docker://3cf970d0927c3f5ecd7e6686231b9a688c9d7c34505f221fbb791e08eb4d960d"}],"qosClass":"Burstable"}},{"metadata":{"name":"shoppingcart-validate-re-6f955c6949-llxkd","generateName":"shoppingcart-validate-re-6f955c6949-","namespace":"oc-cd-1017-pranavd-pd","selfLink":"/api/v1/namespaces/oc-cd-1017-pranavd-pd/pods/shoppingcart-validate-re-6f955c6949-llxkd","uid":"a53e46cf-b721-11e8-bb86-0050569a887c","resourceVersion":"66125037","creationTimestamp":"2018-09-13T06:52:56Z","labels":{"app":"shoppingcart-validate-re","microservice":"shoppingcart-validate","pod-template-hash":"2951172505","project":"shoppingcart-validate","provider":"amdocs","release":"shoppingcart-validate-release"},"annotations":{"checksum/config":"85c2564dbf11e67d5597743360a64fef5fbd9923e0222e6ec613b6eb7ed76de8","fabric8.io/iconUrl":"img/icons/spring-boot.svg","git-commit":"a24e3cb2595bc44361ac85acad3144e2fb424d4d","openshift.io/scc":"anyuid-no-ps"},"ownerReferences":[{"apiVersion":"extensions/v1beta1","kind":"ReplicaSet","name":"shoppingcart-validate-re-6f955c6949","uid":"a52dc89c-b721-11e8-bb86-0050569a887c","controller":true,"blockOwnerDeletion":true}]},"spec":{"volumes":[{"name":"prop-volume","configMap":{"name":"shoppingcart-validate-service-appconfigmap","defaultMode":420}},{"name":"default-token-vdgk4","secret":{"secretName":"default-token-vdgk4","defaultMode":420}}],"containers":[{"name":"shoppingcart-validate-service-container","image":"illin5564.corp.amdocs.com:5000/shoppingcart-validate-service:0.1.1-0029","ports":[{"name":"http","containerPort":8080,"protocol":"TCP"},{"name":"https","containerPort":8443,"protocol":"TCP"},{"name":"metrics","containerPort":5555,"protocol":"TCP"},{"name":"management","containerPort":18080,"protocol":"TCP"}],"env":[{"name":"MSNEXT_CONF_SOURCE_APP","value":"/etc/config"},{"name":"KUBERNETES_NAMESPACE","valueFrom":{"fieldRef":{"apiVersion":"v1","fieldPath":"metadata.namespace"}}},{"name":"MSNEXT_JAVA_OPTS","value":"-Dcom.amdocs.msnext.securityjwt.anonymous.context-mapping.msnext.management=.*management  -Xms256m -Xmx1024m -XX:MaxRAM=2048m -XX:+DisableExplicitGC -XX:+UseConcMarkSweepGC -XX:+CMSParallelRemarkEnabled -XX:NewRatio=1 -Xss512k -XX:MaxMetaspaceSize=512m"},{"name":"SERVER_PORT","value":"8080"},{"name":"MSNEXT_MODULE_MGT_DISABLE","value":"msnext-customization"},{"name":"MSNEXT_JACOCO_ENABLE","value":"${jacoco.enabled}"},{"name":"MSNEXT_JACOCO_OPTS","value":"output=tcpserver,address=*,port=6300"},{"name":"MANAGEMENT_PORT","value":"18080"},{"name":"MALLOC_ARENA_MAX","value":"4"},{"name":"TZ","value":"UTC"}],"resources":{"limits":{"cpu":"2","memory":"2Gi"},"requests":{"cpu":"200m","memory":"1Gi"}},"volumeMounts":[{"name":"prop-volume","mountPath":"/etc/config"},{"name":"default-token-vdgk4","readOnly":true,"mountPath":"/var/run/secrets/kubernetes.io/serviceaccount"}],"livenessProbe":{"httpGet":{"path":"/health","port":18080,"scheme":"HTTP"},"initialDelaySeconds":900,"timeoutSeconds":1,"periodSeconds":10,"successThreshold":1,"failureThreshold":3},"readinessProbe":{"httpGet":{"path":"/health","port":18080,"scheme":"HTTP"},"initialDelaySeconds":30,"timeoutSeconds":10,"periodSeconds":10,"successThreshold":1,"failureThreshold":3},"terminationMessagePath":"/dev/termination-log","terminationMessagePolicy":"File","imagePullPolicy":"IfNotPresent","securityContext":{"capabilities":{"drop":["MKNOD"]},"privileged":false}}],"restartPolicy":"Always","terminationGracePeriodSeconds":30,"dnsPolicy":"ClusterFirst","nodeSelector":{"region":"work"},"serviceAccountName":"default","serviceAccount":"default","nodeName":"ilocpde01w35.corp.amdocs.com","securityContext":{"seLinuxOptions":{"level":"s0:c82,c59"}},"imagePullSecrets":[{"name":"shoppingcart-validate-ms-secret"}],"schedulerName":"default-scheduler","tolerations":[{"key":"node.kubernetes.io/memory-pressure","operator":"Exists","effect":"NoSchedule"}]},"status":{"phase":"Running","conditions":[{"type":"Initialized","status":"True","lastProbeTime":null,"lastTransitionTime":"2018-09-13T06:52:57Z"},{"type":"Ready","status":"True","lastProbeTime":null,"lastTransitionTime":"2018-09-13T06:54:49Z"},{"type":"PodScheduled","status":"True","lastProbeTime":null,"lastTransitionTime":"2018-09-13T06:52:56Z"}],"hostIP":"10.245.251.176","podIP":"10.128.81.237","startTime":"2018-09-13T06:52:57Z","containerStatuses":[{"name":"shoppingcart-validate-service-container","state":{"running":{"startedAt":"2018-09-13T06:53:34Z"}},"lastState":{},"ready":true,"restartCount":0,"image":"illin5564.corp.amdocs.com:5000/shoppingcart-validate-service:0.1.1-0029","imageID":"docker-pullable://illin5564.corp.amdocs.com:5000/shoppingcart-validate-service@sha256:cf286a0cbb8eec9705f64e95a4d2881db5d5d435717d31e9cb4faa592c52320d","containerID":"docker://b311265c8013c8285708d197b86e353cffc96b3a9f7e7131ad4ae9e2533c983d"}],"qosClass":"Burstable"}},{"metadata":{"name":"stock-productstock-release-stock-productstock-67fd546497-52psr","generateName":"stock-productstock-release-stock-productstock-67fd546497-","namespace":"oc-cd-1017-pranavd-pd","selfLink":"/api/v1/namespaces/oc-cd-1017-pranavd-pd/pods/stock-productstock-release-stock-productstock-67fd546497-52psr","uid":"a54d9112-b721-11e8-bb86-0050569a887c","resourceVersion":"66124783","creationTimestamp":"2018-09-13T06:52:56Z","labels":{"app":"stock-productstock-release-stock-productstock","microservice":"stock-productstock","pod-template-hash":"2398102053","project":"stock-productstock","provider":"amdocs","release":"stock-productstock-release"},"annotations":{"git-commit":"1ac217311502c6c00a2c0710691d1cc1449bb843","openshift.io/scc":"anyuid-no-ps"},"ownerReferences":[{"apiVersion":"extensions/v1beta1","kind":"ReplicaSet","name":"stock-productstock-release-stock-productstock-67fd546497","uid":"a543e203-b721-11e8-bb86-0050569a887c","controller":true,"blockOwnerDeletion":true}]},"spec":{"volumes":[{"name":"stock-productstock-volume-jwt-validation-conf","configMap":{"name":"stock-productstock-jwt-validation-configmap","items":[{"key":"application.yaml","path":"application.yaml"}],"defaultMode":420}},{"name":"prop-volume","configMap":{"name":"stock-productstock-appconfigmap","defaultMode":420}},{"name":"default-token-vdgk4","secret":{"secretName":"default-token-vdgk4","defaultMode":420}}],"containers":[{"name":"stock-productstock-service-container","image":"illin5564.corp.amdocs.com:5000/stock-productstock-service:0.1.0-0059","ports":[{"name":"http","containerPort":8080,"protocol":"TCP"},{"name":"management","containerPort":18080,"protocol":"TCP"}],"env":[{"name":"KUBERNETES_NAMESPACE","valueFrom":{"fieldRef":{"apiVersion":"v1","fieldPath":"metadata.namespace"}}},{"name":"MSNEXT_JAVA_OPTS","value":"-Xms256m -Xmx512m -XX:MaxRAM=1024m -XX:+UseSerialGC"},{"name":"MSNEXT_CONF_SOURCE_APP","value":"/etc/config"},{"name":"MSNEXT_CONF_SOURCE_IDM","value":"/run/secrets/msNextConfSourceIdm1"},{"name":"MSNEXT_DISABLED_MODULES","value":"msnext-customization"},{"name":"MANAGEMENT_PORT","value":"18080"},{"name":"SERVER_PORT","value":"8080"},{"name":"MALLOC_ARENA_MAX","value":"4"},{"name":"TZ","value":"UTC"}],"resources":{"limits":{"cpu":"2","memory":"2Gi"},"requests":{"cpu":"200m","memory":"1Gi"}},"volumeMounts":[{"name":"prop-volume","mountPath":"/etc/config"},{"name":"stock-productstock-volume-jwt-validation-conf","mountPath":"/run/secrets/msNextConfSourceIdm1"},{"name":"default-token-vdgk4","readOnly":true,"mountPath":"/var/run/secrets/kubernetes.io/serviceaccount"}],"livenessProbe":{"httpGet":{"path":"/health","port":18080,"scheme":"HTTP"},"initialDelaySeconds":900,"timeoutSeconds":10,"periodSeconds":10,"successThreshold":1,"failureThreshold":3},"readinessProbe":{"httpGet":{"path":"/health","port":18080,"scheme":"HTTP"},"initialDelaySeconds":30,"timeoutSeconds":10,"periodSeconds":10,"successThreshold":1,"failureThreshold":3},"terminationMessagePath":"/dev/termination-log","terminationMessagePolicy":"File","imagePullPolicy":"IfNotPresent","securityContext":{"capabilities":{"drop":["MKNOD"]},"privileged":false}}],"restartPolicy":"Always","terminationGracePeriodSeconds":30,"dnsPolicy":"ClusterFirst","nodeSelector":{"region":"work"},"serviceAccountName":"default","serviceAccount":"default","nodeName":"ilocpde01w34.corp.amdocs.com","securityContext":{"seLinuxOptions":{"level":"s0:c82,c59"}},"imagePullSecrets":[{"name":"stock-productstock-ms-secret"}],"schedulerName":"default-scheduler","tolerations":[{"key":"node.kubernetes.io/memory-pressure","operator":"Exists","effect":"NoSchedule"}]},"status":{"phase":"Running","conditions":[{"type":"Initialized","status":"True","lastProbeTime":null,"lastTransitionTime":"2018-09-13T06:52:57Z"},{"type":"Ready","status":"True","lastProbeTime":null,"lastTransitionTime":"2018-09-13T06:54:40Z"},{"type":"PodScheduled","status":"True","lastProbeTime":null,"lastTransitionTime":"2018-09-13T06:52:57Z"}],"hostIP":"10.245.251.175","podIP":"10.128.78.118","startTime":"2018-09-13T06:52:57Z","containerStatuses":[{"name":"stock-productstock-service-container","state":{"running":{"startedAt":"2018-09-13T06:53:23Z"}},"lastState":{},"ready":true,"restartCount":0,"image":"illin5564.corp.amdocs.com:5000/stock-productstock-service:0.1.0-0059","imageID":"docker-pullable://illin5564.corp.amdocs.com:5000/stock-productstock-service@sha256:f3b887799e7edc866e0b12c8c8a24c77e41917fef6d1232e41d292f5dd47433d","containerID":"docker://3ead476ff37518392401d29dfcd7826f15dda572f28bac38e721f2a76fc4e958"}],"qosClass":"Burstable"}},{"metadata":{"name":"stock-productstockbridge-release-stock-productstockbridge-fwzhr","generateName":"stock-productstockbridge-release-stock-productstockbridge-65477df887-","namespace":"oc-cd-1017-pranavd-pd","selfLink":"/api/v1/namespaces/oc-cd-1017-pranavd-pd/pods/stock-productstockbridge-release-stock-productstockbridge-fwzhr","uid":"a5684bd4-b721-11e8-bb86-0050569a887c","resourceVersion":"66124632","creationTimestamp":"2018-09-13T06:52:57Z","labels":{"app":"stock-productstockbridge-release-stock-productstockbridge","microservice":"stock-productstockbridge","pod-template-hash":"2103389443","project":"stock-productstockbridge","provider":"amdocs","release":"stock-productstockbridge-release"},"annotations":{"git-commit":"345939dbfac17a583ef9e28116d9752e4e544fc4","openshift.io/scc":"anyuid-no-ps"},"ownerReferences":[{"apiVersion":"extensions/v1beta1","kind":"ReplicaSet","name":"stock-productstockbridge-release-stock-productstockbridge-65477df887","uid":"a559a337-b721-11e8-bb86-0050569a887c","controller":true,"blockOwnerDeletion":true}]},"spec":{"volumes":[{"name":"prop-volume","configMap":{"name":"stock-productstockbridge-appconfigmap","defaultMode":420}},{"name":"stock-productstockbridge-volume-jwt-validation-conf","configMap":{"name":"stock-productstockbridge-jwt-validation-configmap","items":[{"key":"application.yaml","path":"application.yaml"}],"defaultMode":420}},{"name":"default-token-vdgk4","secret":{"secretName":"default-token-vdgk4","defaultMode":420}}],"containers":[{"name":"stock-productstockbridge-service-container","image":"illin5564.corp.amdocs.com:5000/stock-productstockbridge-service:0.1.0-0049","ports":[{"name":"http","containerPort":8080,"protocol":"TCP"},{"name":"management","containerPort":18080,"protocol":"TCP"}],"env":[{"name":"KUBERNETES_NAMESPACE","valueFrom":{"fieldRef":{"apiVersion":"v1","fieldPath":"metadata.namespace"}}},{"name":"MSNEXT_JAVA_OPTS","value":"-Xms256m -Xmx512m -XX:MaxRAM=1024m -XX:+UseSerialGC"},{"name":"MSNEXT_CONF_SOURCE_APP","value":"/etc/config"},{"name":"MSNEXT_CONF_SOURCE_IDM","value":"/run/secrets/msNextConfSourceIdm1"},{"name":"MSNEXT_DISABLED_MODULES","value":"msnext-customization"},{"name":"MANAGEMENT_PORT","value":"18080"},{"name":"SERVER_PORT","value":"8080"},{"name":"MALLOC_ARENA_MAX","value":"4"},{"name":"TZ","value":"UTC"}],"resources":{"limits":{"cpu":"2","memory":"2Gi"},"requests":{"cpu":"200m","memory":"1Gi"}},"volumeMounts":[{"name":"prop-volume","mountPath":"/etc/config"},{"name":"stock-productstockbridge-volume-jwt-validation-conf","mountPath":"/run/secrets/msNextConfSourceIdm1"},{"name":"default-token-vdgk4","readOnly":true,"mountPath":"/var/run/secrets/kubernetes.io/serviceaccount"}],"livenessProbe":{"httpGet":{"path":"/health","port":18080,"scheme":"HTTP"},"initialDelaySeconds":900,"timeoutSeconds":10,"periodSeconds":10,"successThreshold":1,"failureThreshold":3},"readinessProbe":{"httpGet":{"path":"/health","port":18080,"scheme":"HTTP"},"initialDelaySeconds":30,"timeoutSeconds":10,"periodSeconds":10,"successThreshold":1,"failureThreshold":3},"terminationMessagePath":"/dev/termination-log","terminationMessagePolicy":"File","imagePullPolicy":"IfNotPresent","securityContext":{"capabilities":{"drop":["MKNOD"]},"privileged":false}}],"restartPolicy":"Always","terminationGracePeriodSeconds":30,"dnsPolicy":"ClusterFirst","nodeSelector":{"region":"work"},"serviceAccountName":"default","serviceAccount":"default","nodeName":"ilocpde01w15.corp.amdocs.com","securityContext":{"seLinuxOptions":{"level":"s0:c82,c59"}},"imagePullSecrets":[{"name":"stock-productstockbridge-ms-secret"}],"schedulerName":"default-scheduler","tolerations":[{"key":"node.kubernetes.io/memory-pressure","operator":"Exists","effect":"NoSchedule"}]},"status":{"phase":"Running","conditions":[{"type":"Initialized","status":"True","lastProbeTime":null,"lastTransitionTime":"2018-09-13T06:52:57Z"},{"type":"Ready","status":"True","lastProbeTime":null,"lastTransitionTime":"2018-09-13T06:54:30Z"},{"type":"PodScheduled","status":"True","lastProbeTime":null,"lastTransitionTime":"2018-09-13T06:52:57Z"}],"hostIP":"10.245.250.34","podIP":"10.128.39.143","startTime":"2018-09-13T06:52:57Z","containerStatuses":[{"name":"stock-productstockbridge-service-container","state":{"running":{"startedAt":"2018-09-13T06:53:31Z"}},"lastState":{},"ready":true,"restartCount":0,"image":"illin5564.corp.amdocs.com:5000/stock-productstockbridge-service:0.1.0-0049","imageID":"docker-pullable://illin5564.corp.amdocs.com:5000/stock-productstockbridge-service@sha256:8ba64903883380bd83a89e7404745a0784d0e1b33f292ba4020681811f7795fd","containerID":"docker://652693c6b7e50e4f3d96a7c1d2e8422073af68ee2a3fa656cdda8cf54d46ca60"}],"qosClass":"Burstable"}},{"metadata":{"name":"tiller-5b87d5cdd4-pvn8f","generateName":"tiller-5b87d5cdd4-","namespace":"oc-cd-1017-pranavd-pd","selfLink":"/api/v1/namespaces/oc-cd-1017-pranavd-pd/pods/tiller-5b87d5cdd4-pvn8f","uid":"9c63b9ae-b721-11e8-bb86-0050569a887c","resourceVersion":"66121719","creationTimestamp":"2018-09-13T06:52:42Z","labels":{"app":"helm","name":"tiller","pod-template-hash":"1643817880"},"annotations":{"openshift.io/scc":"anyuid-no-ps"},"ownerReferences":[{"apiVersion":"extensions/v1beta1","kind":"ReplicaSet","name":"tiller-5b87d5cdd4","uid":"9c5d5056-b721-11e8-bb86-0050569a887c","controller":true,"blockOwnerDeletion":true}]},"spec":{"volumes":[{"name":"tiller-token-2mlvz","secret":{"secretName":"tiller-token-2mlvz","defaultMode":420}}],"containers":[{"name":"tiller","image":"gcr.io/kubernetes-helm/tiller:v2.5.1","ports":[{"name":"tiller","containerPort":44134,"protocol":"TCP"}],"env":[{"name":"TILLER_NAMESPACE","valueFrom":{"fieldRef":{"apiVersion":"v1","fieldPath":"metadata.namespace"}}}],"resources":{},"volumeMounts":[{"name":"tiller-token-2mlvz","readOnly":true,"mountPath":"/var/run/secrets/kubernetes.io/serviceaccount"}],"livenessProbe":{"httpGet":{"path":"/liveness","port":44135,"scheme":"HTTP"},"timeoutSeconds":1,"periodSeconds":10,"successThreshold":1,"failureThreshold":3},"readinessProbe":{"httpGet":{"path":"/readiness","port":44135,"scheme":"HTTP"},"timeoutSeconds":1,"periodSeconds":10,"successThreshold":1,"failureThreshold":3},"terminationMessagePath":"/dev/termination-log","terminationMessagePolicy":"File","imagePullPolicy":"IfNotPresent","securityContext":{"capabilities":{"drop":["MKNOD"]}}}],"restartPolicy":"Always","terminationGracePeriodSeconds":30,"dnsPolicy":"ClusterFirst","nodeSelector":{"region":"work"},"serviceAccountName":"tiller","serviceAccount":"tiller","nodeName":"ilocpde01w24.corp.amdocs.com","securityContext":{"seLinuxOptions":{"level":"s0:c82,c59"}},"imagePullSecrets":[{"name":"tiller-dockercfg-5sfpw"}],"schedulerName":"default-scheduler"},"status":{"phase":"Running","conditions":[{"type":"Initialized","status":"True","lastProbeTime":null,"lastTransitionTime":"2018-09-13T06:52:42Z"},{"type":"Ready","status":"True","lastProbeTime":null,"lastTransitionTime":"2018-09-13T06:52:53Z"},{"type":"PodScheduled","status":"True","lastProbeTime":null,"lastTransitionTime":"2018-09-13T06:52:42Z"}],"hostIP":"10.245.251.165","podIP":"10.128.59.100","startTime":"2018-09-13T06:52:42Z","containerStatuses":[{"name":"tiller","state":{"running":{"startedAt":"2018-09-13T06:52:44Z"}},"lastState":{},"ready":true,"restartCount":0,"image":"gcr.io/kubernetes-helm/tiller:v2.5.1","imageID":"docker-pullable://gcr.io/kubernetes-helm/tiller@sha256:64e0791e4cdadab93f3e535ce290070942e22b3f3730f803d0441688b8d99212","containerID":"docker://1e1de23ca891fb4d12a3ce4a207fe65d90227111c82fe47f5104248771456524"}],"qosClass":"BestEffort"}}]}
]]>
            </line>
            <line>
              <![CDATA[</div>]]>
            </line>
            <line>
              <![CDATA[</div>]]>
            </line>
            <line>
              <![CDATA[</div>]]>
            </line>
            <line>
              <![CDATA[</div>]]>
            </line>
            <line>
              <![CDATA[</td>]]>
            </line>
            <line>
              <![CDATA[</tr>]]>
            </line>
            <line>
              <![CDATA[<tr class="table-success"><td colspan="2">Response status: expected=200 actual=200; Value: true</td></tr>]]>
            </line>
            <line>
              <![CDATA[<tr class="table-light"><td colspan="2">asm-services-cloud-service:30525</td></tr>]]>
            </line>
            <line>
              <![CDATA[<tr class="table-light"><td colspan="2">authoring-command-service:32756</td></tr>]]>
            </line>
            <line>
              <![CDATA[<tr class="table-light"><td colspan="2">business-request-service:34944</td></tr>]]>
            </line>
            <line>
              <![CDATA[<tr class="table-light"><td colspan="2">business-validation-service:31296</td></tr>]]>
            </line>
            <line>
              <![CDATA[<tr class="table-light"><td colspan="2">cartitemaccessor-service:31134</td></tr>]]>
            </line>
            <line>
              <![CDATA[<tr class="table-light"><td colspan="2">customeraccessor-service:32678</td></tr>]]>
            </line>
            <line>
              <![CDATA[<tr class="table-light"><td colspan="2">digitalexp-api-service:32773</td></tr>]]>
            </line>
            <line>
              <![CDATA[<tr class="table-light"><td colspan="2">dispatcher-service:32299</td></tr>]]>
            </line>
            <line>
              <![CDATA[<tr class="table-light"><td colspan="2">import-service:31710</td></tr>]]>
            </line>
            <line>
              <![CDATA[<tr class="table-light"><td colspan="2">managed-resource-service:33039</td></tr>]]>
            </line>
            <line>
              <![CDATA[<tr class="table-light"><td colspan="2">metadata-entity-command-service:31182</td></tr>]]>
            </line>
            <line>
              <![CDATA[<tr class="table-light"><td colspan="2">orderitemaccessor-service:30446</td></tr>]]>
            </line>
            <line>
              <![CDATA[<tr class="table-light"><td colspan="2">paymentmanagement-payment-service:30454</td></tr>]]>
            </line>
            <line>
              <![CDATA[<tr class="table-light"><td colspan="2">phoneportin-phoneportinbridge-service:32054</td></tr>]]>
            </line>
            <line>
              <![CDATA[<tr class="table-light"><td colspan="2">pi-factory-service:31345</td></tr>]]>
            </line>
            <line>
              <![CDATA[<tr class="table-light"><td colspan="2">pi-product-service:34224</td></tr>]]>
            </line>
            <line>
              <![CDATA[<tr class="table-light"><td colspan="2">pi-validateproduct-service:34572</td></tr>]]>
            </line>
            <line>
              <![CDATA[<tr class="table-light"><td colspan="2">pod-category-service:35227</td></tr>]]>
            </line>
            <line>
              <![CDATA[<tr class="table-light"><td colspan="2">pod-experience-service:32525</td></tr>]]>
            </line>
            <line>
              <![CDATA[<tr class="table-light"><td colspan="2">pod-price-service:35442</td></tr>]]>
            </line>
            <line>
              <![CDATA[<tr class="table-light"><td colspan="2">pod-productoffering-service:35261</td></tr>]]>
            </line>
            <line>
              <![CDATA[<tr class="table-light"><td colspan="2">pod-search-service:33636</td></tr>]]>
            </line>
            <line>
              <![CDATA[<tr class="table-light"><td colspan="2">price-priceevent-service:33162</td></tr>]]>
            </line>
            <line>
              <![CDATA[<tr class="table-light"><td colspan="2">price-pricing-service:34969</td></tr>]]>
            </line>
            <line>
              <![CDATA[<tr class="table-light"><td colspan="2">price-productoffering-service:31818</td></tr>]]>
            </line>
            <line>
              <![CDATA[<tr class="table-light"><td colspan="2">product-configuration-rule-command-service:31815</td></tr>]]>
            </line>
            <line>
              <![CDATA[<tr class="table-light"><td colspan="2">product-offering-service:33371</td></tr>]]>
            </line>
            <line>
              <![CDATA[<tr class="table-light"><td colspan="2">productaccessor-service:30549</td></tr>]]>
            </line>
            <line>
              <![CDATA[<tr class="table-light"><td colspan="2">productconfigurator-action-service:32038</td></tr>]]>
            </line>
            <line>
              <![CDATA[<tr class="table-light"><td colspan="2">productconfigurator-commitmentterm-service:30140</td></tr>]]>
            </line>
            <line>
              <![CDATA[<tr class="table-light"><td colspan="2">productconfigurator-price-service:33473</td></tr>]]>
            </line>
            <line>
              <![CDATA[<tr class="table-light"><td colspan="2">productconfigurator-qualification-service:31599</td></tr>]]>
            </line>
            <line>
              <![CDATA[<tr class="table-light"><td colspan="2">productconfigurator-service:32831</td></tr>]]>
            </line>
            <line>
              <![CDATA[<tr class="table-light"><td colspan="2">productorder-amendorder-service:34841</td></tr>]]>
            </line>
            <line>
              <![CDATA[<tr class="table-light"><td colspan="2">productorder-deliverymethodorder-service:33639</td></tr>]]>
            </line>
            <line>
              <![CDATA[<tr class="table-light"><td colspan="2">productorder-futurelauncher-service:32858</td></tr>]]>
            </line>
            <line>
              <![CDATA[<tr class="table-light"><td colspan="2">productorder-limiteddurationproduct-service:33361</td></tr>]]>
            </line>
            <line>
              <![CDATA[<tr class="table-light"><td colspan="2">productorder-modifyorder-service:30158</td></tr>]]>
            </line>
            <line>
              <![CDATA[<tr class="table-light"><td colspan="2">productorder-paymentorder-service:31620</td></tr>]]>
            </line>
            <line>
              <![CDATA[<tr class="table-light"><td colspan="2">productorder-price-service:35546</td></tr>]]>
            </line>
            <line>
              <![CDATA[<tr class="table-light"><td colspan="2">productorder-productorder-service:30538</td></tr>]]>
            </line>
            <line>
              <![CDATA[<tr class="table-light"><td colspan="2">productorder-submitorder-service:31718</td></tr>]]>
            </line>
            <line>
              <![CDATA[<tr class="table-light"><td colspan="2">productorder-validateorder-service:33834</td></tr>]]>
            </line>
            <line>
              <![CDATA[<tr class="table-light"><td colspan="2">productvalidator-service:32057</td></tr>]]>
            </line>
            <line>
              <![CDATA[<tr class="table-light"><td colspan="2">promotion-command-service:32077</td></tr>]]>
            </line>
            <line>
              <![CDATA[<tr class="table-light"><td colspan="2">promotion-mapper-service:31731</td></tr>]]>
            </line>
            <line>
              <![CDATA[<tr class="table-light"><td colspan="2">promotion-productofferingcriteria-service:34777</td></tr>]]>
            </line>
            <line>
              <![CDATA[<tr class="table-light"><td colspan="2">promotion-promotion-service:32832</td></tr>]]>
            </line>
            <line>
              <![CDATA[<tr class="table-light"><td colspan="2">promotion-qualification-service:30560</td></tr>]]>
            </line>
            <line>
              <![CDATA[<tr class="table-light"><td colspan="2">promotion-saleschannelcriteria-service:34306</td></tr>]]>
            </line>
            <line>
              <![CDATA[<tr class="table-light"><td colspan="2">release-management-service:32564</td></tr>]]>
            </line>
            <line>
              <![CDATA[<tr class="table-light"><td colspan="2">repo-service:32577</td></tr>]]>
            </line>
            <line>
              <![CDATA[<tr class="table-light"><td colspan="2">scheduler-task-service:31839</td></tr>]]>
            </line>
            <line>
              <![CDATA[<tr class="table-light"><td colspan="2">shoppingcart-checkout-service:35324</td></tr>]]>
            </line>
            <line>
              <![CDATA[<tr class="table-light"><td colspan="2">shoppingcart-modify-service:33407</td></tr>]]>
            </line>
            <line>
              <![CDATA[<tr class="table-light"><td colspan="2">shoppingcart-price-service:34227</td></tr>]]>
            </line>
            <line>
              <![CDATA[<tr class="table-light"><td colspan="2">shoppingcart-shoppingcart-service:32180</td></tr>]]>
            </line>
            <line>
              <![CDATA[<tr class="table-light"><td colspan="2">shoppingcart-validate-service:32200</td></tr>]]>
            </line>
            <line>
              <![CDATA[<tr class="table-light"><td colspan="2">stock-productstock-service:33497</td></tr>]]>
            </line>
            <line>
              <![CDATA[<tr class="table-light"><td colspan="2">stock-productstockbridge-service:32860</td></tr>]]>
            </line>
            <line>
              <![CDATA[<tr class="table-light"><td colspan="2">OpenShift Master: ilocpde01-master.corp.amdocs.com k8shost: ilocpde01w02.corp.amdocs.com</td></tr>]]>
            </line>
          </reporter-output>
        </test-method> <!-- initialAutomationSetup -->
      </class> <!-- amdocs.initialSetup.AutomationSetup -->
    </test> <!-- Automation_Setup -->
    <test name="Create UserIndividualSS" duration-ms="3741" started-at="2018-09-18T09:40:58Z" finished-at="2018-09-18T09:41:02Z">
      <class name="authentication.a3s.CreateA3SUser">
        <test-method status="PASS" signature="beforeTestMethodToSkipIfPreviousTestFailed(org.testng.ITestContext)[pri:0, instance:authentication.a3s.CreateA3SUser@76b0bfab]" name="beforeTestMethodToSkipIfPreviousTestFailed" is-config="true" duration-ms="0" started-at="2018-09-18T15:10:58Z" finished-at="2018-09-18T15:10:58Z">
          <params>
            <param index="0">
              <value>
                <![CDATA[org.testng.TestRunner@695a69a1]]>
              </value>
            </param>
          </params>
          <reporter-output>
          </reporter-output>
        </test-method> <!-- beforeTestMethodToSkipIfPreviousTestFailed -->
        <test-method status="PASS" signature="createUser(java.lang.String, java.lang.String, java.lang.String, org.testng.ITestContext)[pri:0, instance:authentication.a3s.CreateA3SUser@76b0bfab]" name="createUser" duration-ms="3331" started-at="2018-09-18T15:10:58Z" finished-at="2018-09-18T15:11:01Z">
          <params>
            <param index="0">
              <value>
                <![CDATA[UserIndividualSS]]>
              </value>
            </param>
            <param index="1">
              <value>
                <![CDATA[Individual]]>
              </value>
            </param>
            <param index="2">
              <value>
                <![CDATA[SS]]>
              </value>
            </param>
            <param index="3">
              <value>
                <![CDATA[org.testng.TestRunner@695a69a1]]>
              </value>
            </param>
          </params>
          <reporter-output>
            <line>
              <![CDATA[<tr class="table-warning"><td colspan="2">User UserIndividualSS DOES NOT exist. Creating... </td></tr>]]>
            </line>
            <line>
              <![CDATA[<tr class="table-light"><td colspan="2">JSON file loaded successfully. File: /src/test/resources/ct/payload/Individual/Individual.json</td></tr>]]>
            </line>
            <line>
              <![CDATA[<tr class="table-light"><td colspan="2">JSON file loaded successfully. File: /src/test/resources/ct/payload/A3S/User.json</td></tr>]]>
            </line>
            <line>
              <![CDATA[<tr class="table-light"><td colspan="2">JSON value updated. JSON path: $.users[0].id; Value: Automation_AdminUser_729986171</td></tr>]]>
            </line>
            <line>
              <![CDATA[<tr class="table-light"><td colspan="2">JSON value updated. JSON path: $.users[0].userName; Value: Automation_AdminUser_729986171</td></tr>]]>
            </line>
            <line>
              <![CDATA[<tr class="table-light"><td colspan="2">JSON value updated. JSON path: $.users[0].password; Value: Unix11!</td></tr>]]>
            </line>
            <line>
              <![CDATA[<tr class="table-light"><td colspan="2">JSON value updated. JSON path: $.users[0].roles; Value: [Ljava.lang.String;@7e70bd39</td></tr>]]>
            </line>
            <line>
              <![CDATA[<tr class="table-light"><td colspan="2">JSON value updated. JSON path: $.users[0].a3sUserExtension.properties.customerId; Value: Customer_43</td></tr>]]>
            </line>
            <line>
              <![CDATA[<tr class="table-light"><td colspan="2">JSON value updated. JSON path: $.users[0].a3sUserExtension.properties.salesChannel; Value: SelfService</td></tr>]]>
            </line>
            <line>
              <![CDATA[<tr class="table-info"><td class="text-dark font-weight-bold">Request Type </td><td class="" >POST</td></tr>]]>
            </line>
            <line>
              <![CDATA[<tr><td class="text-dark font-weight-bold">URI </td><td class="" > http://ilocpde01w02.corp.amdocs.com:30525/asmServices/services/v1.0/users/bulk </td></tr>]]>
            </line>
            <line>
              <![CDATA[<tr><td class="text-dark font-weight-bold" colspan="2">Headers : </td></tr>]]>
            </line>
            <line>
              <![CDATA[<tr>]]>
            </line>
            <line>
              <![CDATA[<td class="text-dark font-weight-bold" >Authorization :</td>]]>
            </line>
            <line>
              <![CDATA[<td class="" >]]>
            </line>
            <line>
              <![CDATA[<a href="" class="alert-link" data-toggle="modal" data-target="#rest_assured_logger_modal_value_70">Show</a>]]>
            </line>
            <line>
              <![CDATA[<div class="modal fade"  id="rest_assured_logger_modal_value_70" tabindex="-1" role="dialog">]]>
            </line>
            <line>
              <![CDATA[<div class="modal-dialog" role="document">]]>
            </line>
            <line>
              <![CDATA[<div class="modal-content">]]>
            </line>
            <line>
              <![CDATA[<div class="modal-header text-white bg-info">]]>
            </line>
            <line>
              <![CDATA[<h5 class="modal-title" id="title1">Authorization</h5>]]>
            </line>
            <line>
              <![CDATA[<span class="h6 text-light ml-2 mt-2">(click on the Text to copy)</span>]]>
            </line>
            <line>
              <![CDATA[<button type="button" class="close" data-dismiss="modal" aria-label="Close">]]>
            </line>
            <line>
              <![CDATA[<span aria-hidden="true">&times;</span>]]>
            </line>
            <line>
              <![CDATA[</button>]]>
            </line>
            <line>
              <![CDATA[</div>]]>
            </line>
            <line>
              <![CDATA[<div onClick="copyMePlease(this)" class="modal-body">]]>
            </line>
            <line>
              <![CDATA[Basic YTNzRGVwbG95ZXI6QTNzRGVwbG95ZXIh]]>
            </line>
            <line>
              <![CDATA[</div>]]>
            </line>
            <line>
              <![CDATA[</div>]]>
            </line>
            <line>
              <![CDATA[</div>]]>
            </line>
            <line>
              <![CDATA[</div>]]>
            </line>
            <line>
              <![CDATA[</td>]]>
            </line>
            <line>
              <![CDATA[</tr>]]>
            </line>
            <line>
              <![CDATA[<tr><td class="text-dark font-weight-bold">Accept </td><td class="" > application/json </td></tr>]]>
            </line>
            <line>
              <![CDATA[<tr><td class="text-dark font-weight-bold">Content-Type </td><td class="" > application/json </td></tr>]]>
            </line>
            <line>
              <![CDATA[<tr>]]>
            </line>
            <line>
              <![CDATA[<td class="text-dark font-weight-bold" >Payload :</td>]]>
            </line>
            <line>
              <![CDATA[<td class="" >]]>
            </line>
            <line>
              <![CDATA[<a href="" class="alert-link" data-toggle="modal" data-target="#rest_assured_logger_modal_value_71">Show</a>]]>
            </line>
            <line>
              <![CDATA[<div class="modal fade"  id="rest_assured_logger_modal_value_71" tabindex="-1" role="dialog">]]>
            </line>
            <line>
              <![CDATA[<div class="modal-dialog" role="document">]]>
            </line>
            <line>
              <![CDATA[<div class="modal-content">]]>
            </line>
            <line>
              <![CDATA[<div class="modal-header text-white bg-info">]]>
            </line>
            <line>
              <![CDATA[<h5 class="modal-title" id="title1">Payload</h5>]]>
            </line>
            <line>
              <![CDATA[<span class="h6 text-light ml-2 mt-2">(click on the Text to copy)</span>]]>
            </line>
            <line>
              <![CDATA[<button type="button" class="close" data-dismiss="modal" aria-label="Close">]]>
            </line>
            <line>
              <![CDATA[<span aria-hidden="true">&times;</span>]]>
            </line>
            <line>
              <![CDATA[</button>]]>
            </line>
            <line>
              <![CDATA[</div>]]>
            </line>
            <line>
              <![CDATA[<div onClick="copyMePlease(this)" class="modal-body">]]>
            </line>
            <line>
              <![CDATA[{"users":[{"id":"Automation_AdminUser_729986171","userName":"Automation_AdminUser_729986171","userType":"UamsUser","password":"Unix11!","roles":["ChangeOwnershipRole","orderChangeOwnership","CatalogOne.importer","Write","GetCustomer","CreateCustomerEntity","SearchIndividual","PAP-Common","DeleteCreditProfile","csr","GetCustomerEntity","RetreivePaymentMethod","ProductOrderLauncherUpdate","CreateCustomer","AsmServicesAppIdentity","RetrieveCustomerEntity","AddRelatedParty","CreatePaymentMethod","UpdateCreditProfile","PAP-PU","AnonymousUserRole","ProductOrderLauncherRead","UpdateIndividual","ProductOrderLauncherDelete","RetrieveIndividual","DeleteIndividual","CreateIndividual","STS-Common","ProductOrderLauncherCreate","GetIndividual","EvaluateCreditProfile","AppTesterRole","RetrieveCustomer"],"a3sUserExtension":{"properties":{"OperatorID":154,"customerId":"Customer_43","salesChannel":"SelfService"}}}],"operation":{"deleteFirst":true,"updateExisting":false,"createNew":true,"returnProcessedObjects":true,"failOnError":false}}]]>
            </line>
            <line>
              <![CDATA[</div>]]>
            </line>
            <line>
              <![CDATA[</div>]]>
            </line>
            <line>
              <![CDATA[</div>]]>
            </line>
            <line>
              <![CDATA[</div>]]>
            </line>
            <line>
              <![CDATA[</td>]]>
            </line>
            <line>
              <![CDATA[</tr>]]>
            </line>
            <line>
              <![CDATA[<tr>]]>
            </line>
            <line>
              <![CDATA[<td class="text-dark font-weight-bold" >Response Header :</td>]]>
            </line>
            <line>
              <![CDATA[<td class="" >]]>
            </line>
            <line>
              <![CDATA[<a href="" class="alert-link" data-toggle="modal" data-target="#modal_value_24">Show</a>]]>
            </line>
            <line>
              <![CDATA[<div class="modal fade"  id="modal_value_24" tabindex="-1" role="dialog">]]>
            </line>
            <line>
              <![CDATA[<div class="modal-dialog" role="document">]]>
            </line>
            <line>
              <![CDATA[<div class="modal-content">]]>
            </line>
            <line>
              <![CDATA[<div class="modal-header text-white bg-info">]]>
            </line>
            <line>
              <![CDATA[<h5 class="modal-title" id="title1">Response Header</h5>]]>
            </line>
            <line>
              <![CDATA[<span class="h6 text-light ml-2 mt-2">(click on the Text to copy)</span>]]>
            </line>
            <line>
              <![CDATA[<button type="button" class="close" data-dismiss="modal" aria-label="Close">]]>
            </line>
            <line>
              <![CDATA[<span aria-hidden="true">&times;</span>]]>
            </line>
            <line>
              <![CDATA[</button>]]>
            </line>
            <line>
              <![CDATA[</div>]]>
            </line>
            <line>
              <![CDATA[<div onClick="copyMePlease(this)" class="modal-body">]]>
            </line>
            <line>
              <![CDATA[X-Content-Type-Options=nosniff
	X-XSS-Protection=1; mode=block
	Cache-Control=no-cache, no-store, max-age=0, must-revalidate
	Pragma=no-cache
	Expires=0
	X-Frame-Options=DENY
	X-Application-Context=application:9191
	Date=Tue, 18 Sep 2018 09:40:58 GMT
	Content-Type=application/json
	Content-Length=1695]]>
            </line>
            <line>
              <![CDATA[</div>]]>
            </line>
            <line>
              <![CDATA[</div>]]>
            </line>
            <line>
              <![CDATA[</div>]]>
            </line>
            <line>
              <![CDATA[</div>]]>
            </line>
            <line>
              <![CDATA[</td>]]>
            </line>
            <line>
              <![CDATA[</tr>]]>
            </line>
            <line>
              <![CDATA[<tr>]]>
            </line>
            <line>
              <![CDATA[<td class="text-dark font-weight-bold" >Response :</td>]]>
            </line>
            <line>
              <![CDATA[<td class="" >]]>
            </line>
            <line>
              <![CDATA[<a href="" class="alert-link" data-toggle="modal" data-target="#rest_assured_logger_modal_value_72">Show</a>]]>
            </line>
            <line>
              <![CDATA[<div class="modal fade"  id="rest_assured_logger_modal_value_72" tabindex="-1" role="dialog">]]>
            </line>
            <line>
              <![CDATA[<div class="modal-dialog" role="document">]]>
            </line>
            <line>
              <![CDATA[<div class="modal-content">]]>
            </line>
            <line>
              <![CDATA[<div class="modal-header text-white bg-info">]]>
            </line>
            <line>
              <![CDATA[<h5 class="modal-title" id="title1">Response</h5>]]>
            </line>
            <line>
              <![CDATA[<span class="h6 text-light ml-2 mt-2">(click on the Text to copy)</span>]]>
            </line>
            <line>
              <![CDATA[<button type="button" class="close" data-dismiss="modal" aria-label="Close">]]>
            </line>
            <line>
              <![CDATA[<span aria-hidden="true">&times;</span>]]>
            </line>
            <line>
              <![CDATA[</button>]]>
            </line>
            <line>
              <![CDATA[</div>]]>
            </line>
            <line>
              <![CDATA[<div onClick="copyMePlease(this)" class="modal-body">]]>
            </line>
            <line>
              <![CDATA[{"deletedUsers":[],"createdUsers":[{"schemas":["urn:ietf:params:scim:schemas:core:2.0:User","urn:ietf:params:scim:schemas:extension:com.amdocs.a3s:2.0:User"],"id":"Automation_AdminUser_729986171","userName":"Automation_AdminUser_729986171","userType":"UamsUser","active":false,"password":null,"roles":["CreateCustomer","ChangeOwnershipRole","CreateCustomerEntity","CreateIndividual","AsmServicesAppIdentity","ProductOrderLauncherRead","GetIndividual","CatalogOne.importer","Write","RetrieveIndividual","AnonymousUserRole","CreatePaymentMethod","EvaluateCreditProfile","ProductOrderLauncherUpdate","csr","RetrieveCustomer","AppTesterRole","PAP-PU","RetrieveCustomerEntity","UpdateIndividual","UpdateCreditProfile","STS-Common","SearchIndividual","GetCustomer","PAP-Common","RetreivePaymentMethod","DeleteCreditProfile","ProductOrderLauncherCreate","AddRelatedParty","DeleteIndividual","GetCustomerEntity","orderChangeOwnership","ProductOrderLauncherDelete"],"a3sUserExtension":{"expiration":32535122400000,"effectiveDate":0,"successLoginDate":0,"badLoginDate":0,"badLoginCount":0,"isAccountNonExpired":true,"isAccountNonLocked":true,"isEnabled":true,"isAccountNeverExpired":false,"isExpiring":false,"isInEffective":false,"isCredentialsNonExpired":true,"isCredentialsExpiring":false,"isCredentialsReset":false,"properties":{"salesChannel":"SelfService","OperatorID":154,"customerId":"Customer_43","UserType":"UamsUser"}},"metadata":{"resourceType":"User","created":1537228800000,"lastModified":1537228800000,"location":"http://ilocpde01w02.corp.amdocs.com:30525/asmServices/services/v1.0/users/bulk","version":null}}],"updatedUsers":[],"numDeleted":0,"numCreated":1,"numUpdated":0,"bulkErrors":[]}]]>
            </line>
            <line>
              <![CDATA[</div>]]>
            </line>
            <line>
              <![CDATA[</div>]]>
            </line>
            <line>
              <![CDATA[</div>]]>
            </line>
            <line>
              <![CDATA[</div>]]>
            </line>
            <line>
              <![CDATA[</td>]]>
            </line>
            <line>
              <![CDATA[</tr>]]>
            </line>
            <line>
              <![CDATA[<tr class="table-success"><td colspan="2">Response status: expected=201 actual=201; Value: true</td></tr>]]>
            </line>
            <line>
              <![CDATA[<tr class="table-info"><td class="text-dark font-weight-bold">Request Type </td><td class="" >POST</td></tr>]]>
            </line>
            <line>
              <![CDATA[<tr><td class="text-dark font-weight-bold">URI </td><td class="" > http://ilocpde01w02.corp.amdocs.com:30525/asmServices/services/v1.0/auth/tokens </td></tr>]]>
            </line>
            <line>
              <![CDATA[<tr><td class="text-dark font-weight-bold" colspan="2">Headers : </td></tr>]]>
            </line>
            <line>
              <![CDATA[<tr>]]>
            </line>
            <line>
              <![CDATA[<td class="text-dark font-weight-bold" >Authorization :</td>]]>
            </line>
            <line>
              <![CDATA[<td class="" >]]>
            </line>
            <line>
              <![CDATA[<a href="" class="alert-link" data-toggle="modal" data-target="#rest_assured_logger_modal_value_73">Show</a>]]>
            </line>
            <line>
              <![CDATA[<div class="modal fade"  id="rest_assured_logger_modal_value_73" tabindex="-1" role="dialog">]]>
            </line>
            <line>
              <![CDATA[<div class="modal-dialog" role="document">]]>
            </line>
            <line>
              <![CDATA[<div class="modal-content">]]>
            </line>
            <line>
              <![CDATA[<div class="modal-header text-white bg-info">]]>
            </line>
            <line>
              <![CDATA[<h5 class="modal-title" id="title1">Authorization</h5>]]>
            </line>
            <line>
              <![CDATA[<span class="h6 text-light ml-2 mt-2">(click on the Text to copy)</span>]]>
            </line>
            <line>
              <![CDATA[<button type="button" class="close" data-dismiss="modal" aria-label="Close">]]>
            </line>
            <line>
              <![CDATA[<span aria-hidden="true">&times;</span>]]>
            </line>
            <line>
              <![CDATA[</button>]]>
            </line>
            <line>
              <![CDATA[</div>]]>
            </line>
            <line>
              <![CDATA[<div onClick="copyMePlease(this)" class="modal-body">]]>
            </line>
            <line>
              <![CDATA[Basic TWFpbklzc3VlcjpVbml4MTEh]]>
            </line>
            <line>
              <![CDATA[</div>]]>
            </line>
            <line>
              <![CDATA[</div>]]>
            </line>
            <line>
              <![CDATA[</div>]]>
            </line>
            <line>
              <![CDATA[</div>]]>
            </line>
            <line>
              <![CDATA[</td>]]>
            </line>
            <line>
              <![CDATA[</tr>]]>
            </line>
            <line>
              <![CDATA[<tr><td class="text-dark font-weight-bold">Accept </td><td class="" > application/json </td></tr>]]>
            </line>
            <line>
              <![CDATA[<tr><td class="text-dark font-weight-bold">Content-Type </td><td class="" > application/json </td></tr>]]>
            </line>
            <line>
              <![CDATA[<tr>]]>
            </line>
            <line>
              <![CDATA[<td class="text-dark font-weight-bold" >Payload :</td>]]>
            </line>
            <line>
              <![CDATA[<td class="" >]]>
            </line>
            <line>
              <![CDATA[<a href="" class="alert-link" data-toggle="modal" data-target="#rest_assured_logger_modal_value_74">Show</a>]]>
            </line>
            <line>
              <![CDATA[<div class="modal fade"  id="rest_assured_logger_modal_value_74" tabindex="-1" role="dialog">]]>
            </line>
            <line>
              <![CDATA[<div class="modal-dialog" role="document">]]>
            </line>
            <line>
              <![CDATA[<div class="modal-content">]]>
            </line>
            <line>
              <![CDATA[<div class="modal-header text-white bg-info">]]>
            </line>
            <line>
              <![CDATA[<h5 class="modal-title" id="title1">Payload</h5>]]>
            </line>
            <line>
              <![CDATA[<span class="h6 text-light ml-2 mt-2">(click on the Text to copy)</span>]]>
            </line>
            <line>
              <![CDATA[<button type="button" class="close" data-dismiss="modal" aria-label="Close">]]>
            </line>
            <line>
              <![CDATA[<span aria-hidden="true">&times;</span>]]>
            </line>
            <line>
              <![CDATA[</button>]]>
            </line>
            <line>
              <![CDATA[</div>]]>
            </line>
            <line>
              <![CDATA[<div onClick="copyMePlease(this)" class="modal-body">]]>
            </line>
            <line>
              <![CDATA[{"auth":{"dialects":["A3S_Core_Public","Customer_Info"],"token-type":"JWT","token-expiration":null,"on-behalf-of":{"type":"USER_PASSWORD","user-credentials":{"username":"Automation_AdminUser_729986171","password":"Unix11!"}}}}]]>
            </line>
            <line>
              <![CDATA[</div>]]>
            </line>
            <line>
              <![CDATA[</div>]]>
            </line>
            <line>
              <![CDATA[</div>]]>
            </line>
            <line>
              <![CDATA[</div>]]>
            </line>
            <line>
              <![CDATA[</td>]]>
            </line>
            <line>
              <![CDATA[</tr>]]>
            </line>
            <line>
              <![CDATA[<tr>]]>
            </line>
            <line>
              <![CDATA[<td class="text-dark font-weight-bold" >Response Header :</td>]]>
            </line>
            <line>
              <![CDATA[<td class="" >]]>
            </line>
            <line>
              <![CDATA[<a href="" class="alert-link" data-toggle="modal" data-target="#modal_value_25">Show</a>]]>
            </line>
            <line>
              <![CDATA[<div class="modal fade"  id="modal_value_25" tabindex="-1" role="dialog">]]>
            </line>
            <line>
              <![CDATA[<div class="modal-dialog" role="document">]]>
            </line>
            <line>
              <![CDATA[<div class="modal-content">]]>
            </line>
            <line>
              <![CDATA[<div class="modal-header text-white bg-info">]]>
            </line>
            <line>
              <![CDATA[<h5 class="modal-title" id="title1">Response Header</h5>]]>
            </line>
            <line>
              <![CDATA[<span class="h6 text-light ml-2 mt-2">(click on the Text to copy)</span>]]>
            </line>
            <line>
              <![CDATA[<button type="button" class="close" data-dismiss="modal" aria-label="Close">]]>
            </line>
            <line>
              <![CDATA[<span aria-hidden="true">&times;</span>]]>
            </line>
            <line>
              <![CDATA[</button>]]>
            </line>
            <line>
              <![CDATA[</div>]]>
            </line>
            <line>
              <![CDATA[<div onClick="copyMePlease(this)" class="modal-body">]]>
            </line>
            <line>
              <![CDATA[X-Content-Type-Options=nosniff
	X-XSS-Protection=1; mode=block
	Cache-Control=no-cache, no-store, max-age=0, must-revalidate
	Pragma=no-cache
	Expires=0
	X-Frame-Options=DENY
	X-Application-Context=application:9191
	Date=Tue, 18 Sep 2018 09:40:58 GMT
	Content-Type=application/json
	Content-Length=1762]]>
            </line>
            <line>
              <![CDATA[</div>]]>
            </line>
            <line>
              <![CDATA[</div>]]>
            </line>
            <line>
              <![CDATA[</div>]]>
            </line>
            <line>
              <![CDATA[</div>]]>
            </line>
            <line>
              <![CDATA[</td>]]>
            </line>
            <line>
              <![CDATA[</tr>]]>
            </line>
            <line>
              <![CDATA[<tr>]]>
            </line>
            <line>
              <![CDATA[<td class="text-dark font-weight-bold" >Response :</td>]]>
            </line>
            <line>
              <![CDATA[<td class="" >]]>
            </line>
            <line>
              <![CDATA[<a href="" class="alert-link" data-toggle="modal" data-target="#rest_assured_logger_modal_value_75">Show</a>]]>
            </line>
            <line>
              <![CDATA[<div class="modal fade"  id="rest_assured_logger_modal_value_75" tabindex="-1" role="dialog">]]>
            </line>
            <line>
              <![CDATA[<div class="modal-dialog" role="document">]]>
            </line>
            <line>
              <![CDATA[<div class="modal-content">]]>
            </line>
            <line>
              <![CDATA[<div class="modal-header text-white bg-info">]]>
            </line>
            <line>
              <![CDATA[<h5 class="modal-title" id="title1">Response</h5>]]>
            </line>
            <line>
              <![CDATA[<span class="h6 text-light ml-2 mt-2">(click on the Text to copy)</span>]]>
            </line>
            <line>
              <![CDATA[<button type="button" class="close" data-dismiss="modal" aria-label="Close">]]>
            </line>
            <line>
              <![CDATA[<span aria-hidden="true">&times;</span>]]>
            </line>
            <line>
              <![CDATA[</button>]]>
            </line>
            <line>
              <![CDATA[</div>]]>
            </line>
            <line>
              <![CDATA[<div onClick="copyMePlease(this)" class="modal-body">]]>
            </line>
            <line>
              <![CDATA[{"subjectToken":"eyJ4NXQjUzI1NiI6IkxEbGVvYldaYmVZcG9pb0Q0R1hrMWp3US8rUWd1MUs1eXNzQ1JpN3BtelE9IiwidHlwIjoiSldUIiwiYWxnIjoiUlMyNTYifQ.eyJzdWIiOiJBdXRvbWF0aW9uX0FkbWluVXNlcl83Mjk5ODYxNzEiLCJyb2xlcyI6WyJHZXRDdXN0b21lckVudGl0eSIsIkV2YWx1YXRlQ3JlZGl0UHJvZmlsZSIsIm9yZGVyQ2hhbmdlT3duZXJzaGlwIiwiR2V0Q3VzdG9tZXIiLCJEZWxldGVDcmVkaXRQcm9maWxlIiwiVXBkYXRlQ3JlZGl0UHJvZmlsZSIsIlBBUC1QVSIsIlByb2R1Y3RPcmRlckxhdW5jaGVyVXBkYXRlIiwiQ2hhbmdlT3duZXJzaGlwUm9sZSIsIlJldHJlaXZlUGF5bWVudE1ldGhvZCIsIlJldHJpZXZlQ3VzdG9tZXJFbnRpdHkiLCJDcmVhdGVJbmRpdmlkdWFsIiwiR2V0SW5kaXZpZHVhbCIsIldyaXRlIiwiQWRkUmVsYXRlZFBhcnR5IiwiQXNtU2VydmljZXNBcHBJZGVudGl0eSIsIlJldHJpZXZlQ3VzdG9tZXIiLCJEZWxldGVJbmRpdmlkdWFsIiwiQ3JlYXRlUGF5bWVudE1ldGhvZCIsIlVwZGF0ZUluZGl2aWR1YWwiLCJQcm9kdWN0T3JkZXJMYXVuY2hlckNyZWF0ZSIsIlByb2R1Y3RPcmRlckxhdW5jaGVyRGVsZXRlIiwiQW5vbnltb3VzVXNlclJvbGUiLCJSZXRyaWV2ZUluZGl2aWR1YWwiLCJBcHBUZXN0ZXJSb2xlIiwiU1RTLUNvbW1vbiIsIkNyZWF0ZUN1c3RvbWVyIiwiY3NyIiwiU2VhcmNoSW5kaXZpZHVhbCIsIlByb2R1Y3RPcmRlckxhdW5jaGVyUmVhZCIsIlBBUC1Db21tb24iLCJDYXRhbG9nT25lLmltcG9ydGVyIiwiQ3JlYXRlQ3VzdG9tZXJFbnRpdHkiXSwiY3VzdG9tZXJJZCI6IkN1c3RvbWVyXzQzIiwiaXNzIjoiQTNTWm9uZTFAQTNTLmFtZG9jcy5jb20iLCJvaXQiOjE1MzcyNjM2NTgsInNhbGVzQ2hhbm5lbCI6IlNlbGZTZXJ2aWNlIiwiZXhwIjoxNTM3MjcwODU4LCJpYXQiOjE1MzcyNjM2NTgsInR0bCI6MTUzNzI5MjQ1OCwianRpIjoiMjY5OTg3OWVkNzE1ZTUyN2IyNzk4MjMyNGJmOTE5YzU3MDYwYzU4YTJmYTkzZTFmZmE5YTVkN2VkYmUwNzQ2YyJ9.i-yHWuJ1OryiZ2ISXffeHns_E5YIjsmRgJ_1G4Sb-KGWOO2W-eiNfidjYa1EScG_FRl5fy-zoAMA5eZguiiZQ62GoC0-1sWMnGO2hYO1S9cYg1QbpO9TJsi8AmOkmYsDVegaMJKjQYXBXwSuQzc84_aUVDjlChvgtcAA_laur7asAZfrObxQODOJddlk1D7NUouP_gyFekWL7W3dFC24qoIldZL2s0Lsmyh7pUjBTZVrVMuFPlW1WPLs5f_dKGqLCHbTh1FDWG-T-pS_JsEF-bZJTw-D6fDOdWRArs8BUxHOpfUMZfChU1aielA20BIS56-ixT5V7N0m1gWsX4mgbg","subjectTokenExpiration":"1537270858000"}]]>
            </line>
            <line>
              <![CDATA[</div>]]>
            </line>
            <line>
              <![CDATA[</div>]]>
            </line>
            <line>
              <![CDATA[</div>]]>
            </line>
            <line>
              <![CDATA[</div>]]>
            </line>
            <line>
              <![CDATA[</td>]]>
            </line>
            <line>
              <![CDATA[</tr>]]>
            </line>
            <line>
              <![CDATA[<tr class="table-info"><td class="text-dark font-weight-bold">Request Type </td><td class="" >POST</td></tr>]]>
            </line>
            <line>
              <![CDATA[<tr><td class="text-dark font-weight-bold">URI </td><td class="" > http://ilocpde01w26.corp.amdocs.com:30261/partyManagement/v1/individual?salesChannel=SelfService </td></tr>]]>
            </line>
            <line>
              <![CDATA[<tr><td class="text-dark font-weight-bold" colspan="2">Headers : </td></tr>]]>
            </line>
            <line>
              <![CDATA[<tr>]]>
            </line>
            <line>
              <![CDATA[<td class="text-dark font-weight-bold" >Authorization :</td>]]>
            </line>
            <line>
              <![CDATA[<td class="" >]]>
            </line>
            <line>
              <![CDATA[<a href="" class="alert-link" data-toggle="modal" data-target="#rest_assured_logger_modal_value_76">Show</a>]]>
            </line>
            <line>
              <![CDATA[<div class="modal fade"  id="rest_assured_logger_modal_value_76" tabindex="-1" role="dialog">]]>
            </line>
            <line>
              <![CDATA[<div class="modal-dialog" role="document">]]>
            </line>
            <line>
              <![CDATA[<div class="modal-content">]]>
            </line>
            <line>
              <![CDATA[<div class="modal-header text-white bg-info">]]>
            </line>
            <line>
              <![CDATA[<h5 class="modal-title" id="title1">Authorization</h5>]]>
            </line>
            <line>
              <![CDATA[<span class="h6 text-light ml-2 mt-2">(click on the Text to copy)</span>]]>
            </line>
            <line>
              <![CDATA[<button type="button" class="close" data-dismiss="modal" aria-label="Close">]]>
            </line>
            <line>
              <![CDATA[<span aria-hidden="true">&times;</span>]]>
            </line>
            <line>
              <![CDATA[</button>]]>
            </line>
            <line>
              <![CDATA[</div>]]>
            </line>
            <line>
              <![CDATA[<div onClick="copyMePlease(this)" class="modal-body">]]>
            </line>
            <line>
              <![CDATA[Bearer eyJ4NXQjUzI1NiI6IkxEbGVvYldaYmVZcG9pb0Q0R1hrMWp3US8rUWd1MUs1eXNzQ1JpN3BtelE9IiwidHlwIjoiSldUIiwiYWxnIjoiUlMyNTYifQ.eyJzdWIiOiJBdXRvbWF0aW9uX0FkbWluVXNlcl83Mjk5ODYxNzEiLCJyb2xlcyI6WyJHZXRDdXN0b21lckVudGl0eSIsIkV2YWx1YXRlQ3JlZGl0UHJvZmlsZSIsIm9yZGVyQ2hhbmdlT3duZXJzaGlwIiwiR2V0Q3VzdG9tZXIiLCJEZWxldGVDcmVkaXRQcm9maWxlIiwiVXBkYXRlQ3JlZGl0UHJvZmlsZSIsIlBBUC1QVSIsIlByb2R1Y3RPcmRlckxhdW5jaGVyVXBkYXRlIiwiQ2hhbmdlT3duZXJzaGlwUm9sZSIsIlJldHJlaXZlUGF5bWVudE1ldGhvZCIsIlJldHJpZXZlQ3VzdG9tZXJFbnRpdHkiLCJDcmVhdGVJbmRpdmlkdWFsIiwiR2V0SW5kaXZpZHVhbCIsIldyaXRlIiwiQWRkUmVsYXRlZFBhcnR5IiwiQXNtU2VydmljZXNBcHBJZGVudGl0eSIsIlJldHJpZXZlQ3VzdG9tZXIiLCJEZWxldGVJbmRpdmlkdWFsIiwiQ3JlYXRlUGF5bWVudE1ldGhvZCIsIlVwZGF0ZUluZGl2aWR1YWwiLCJQcm9kdWN0T3JkZXJMYXVuY2hlckNyZWF0ZSIsIlByb2R1Y3RPcmRlckxhdW5jaGVyRGVsZXRlIiwiQW5vbnltb3VzVXNlclJvbGUiLCJSZXRyaWV2ZUluZGl2aWR1YWwiLCJBcHBUZXN0ZXJSb2xlIiwiU1RTLUNvbW1vbiIsIkNyZWF0ZUN1c3RvbWVyIiwiY3NyIiwiU2VhcmNoSW5kaXZpZHVhbCIsIlByb2R1Y3RPcmRlckxhdW5jaGVyUmVhZCIsIlBBUC1Db21tb24iLCJDYXRhbG9nT25lLmltcG9ydGVyIiwiQ3JlYXRlQ3VzdG9tZXJFbnRpdHkiXSwiY3VzdG9tZXJJZCI6IkN1c3RvbWVyXzQzIiwiaXNzIjoiQTNTWm9uZTFAQTNTLmFtZG9jcy5jb20iLCJvaXQiOjE1MzcyNjM2NTgsInNhbGVzQ2hhbm5lbCI6IlNlbGZTZXJ2aWNlIiwiZXhwIjoxNTM3MjcwODU4LCJpYXQiOjE1MzcyNjM2NTgsInR0bCI6MTUzNzI5MjQ1OCwianRpIjoiMjY5OTg3OWVkNzE1ZTUyN2IyNzk4MjMyNGJmOTE5YzU3MDYwYzU4YTJmYTkzZTFmZmE5YTVkN2VkYmUwNzQ2YyJ9.i-yHWuJ1OryiZ2ISXffeHns_E5YIjsmRgJ_1G4Sb-KGWOO2W-eiNfidjYa1EScG_FRl5fy-zoAMA5eZguiiZQ62GoC0-1sWMnGO2hYO1S9cYg1QbpO9TJsi8AmOkmYsDVegaMJKjQYXBXwSuQzc84_aUVDjlChvgtcAA_laur7asAZfrObxQODOJddlk1D7NUouP_gyFekWL7W3dFC24qoIldZL2s0Lsmyh7pUjBTZVrVMuFPlW1WPLs5f_dKGqLCHbTh1FDWG-T-pS_JsEF-bZJTw-D6fDOdWRArs8BUxHOpfUMZfChU1aielA20BIS56-ixT5V7N0m1gWsX4mgbg]]>
            </line>
            <line>
              <![CDATA[</div>]]>
            </line>
            <line>
              <![CDATA[</div>]]>
            </line>
            <line>
              <![CDATA[</div>]]>
            </line>
            <line>
              <![CDATA[</div>]]>
            </line>
            <line>
              <![CDATA[</td>]]>
            </line>
            <line>
              <![CDATA[</tr>]]>
            </line>
            <line>
              <![CDATA[<tr><td class="text-dark font-weight-bold">Accept-Language </td><td class="" > en_US </td></tr>]]>
            </line>
            <line>
              <![CDATA[<tr><td class="text-dark font-weight-bold">Content-Type </td><td class="" > application/json </td></tr>]]>
            </line>
            <line>
              <![CDATA[<tr>]]>
            </line>
            <line>
              <![CDATA[<td class="text-dark font-weight-bold" >Payload :</td>]]>
            </line>
            <line>
              <![CDATA[<td class="" >]]>
            </line>
            <line>
              <![CDATA[<a href="" class="alert-link" data-toggle="modal" data-target="#rest_assured_logger_modal_value_77">Show</a>]]>
            </line>
            <line>
              <![CDATA[<div class="modal fade"  id="rest_assured_logger_modal_value_77" tabindex="-1" role="dialog">]]>
            </line>
            <line>
              <![CDATA[<div class="modal-dialog" role="document">]]>
            </line>
            <line>
              <![CDATA[<div class="modal-content">]]>
            </line>
            <line>
              <![CDATA[<div class="modal-header text-white bg-info">]]>
            </line>
            <line>
              <![CDATA[<h5 class="modal-title" id="title1">Payload</h5>]]>
            </line>
            <line>
              <![CDATA[<span class="h6 text-light ml-2 mt-2">(click on the Text to copy)</span>]]>
            </line>
            <line>
              <![CDATA[<button type="button" class="close" data-dismiss="modal" aria-label="Close">]]>
            </line>
            <line>
              <![CDATA[<span aria-hidden="true">&times;</span>]]>
            </line>
            <line>
              <![CDATA[</button>]]>
            </line>
            <line>
              <![CDATA[</div>]]>
            </line>
            <line>
              <![CDATA[<div onClick="copyMePlease(this)" class="modal-body">]]>
            </line>
            <line>
              <![CDATA[{
  "role": "role",
  "gender": "Male",
  "formattedName": "formattedName",
  "displayStatus": "displayStatus",
  "language": "language",
  "title": "Mr.",
  "displayResidencyType": "displayResidencyType",
  "displayTitle": "displayTitle",
  "personRank": 0,
  "countryOfBirth": "India",
  "familyName": "Romi",
  "deathDate": "2017-08-18T12:16:47.447Z",
  "id": "id",
  "href": "href",
  "profileImageURL": "profileImageURL",
  "placeOfBirth": "Raebareli",
  "givenName": "Romi",
  "displayMaritalStatus": "displayMaritalStatus",
  "fullName": "fullName",
  "relatedParty": [
    {
      "role": "Primary",
      "validFor": {
        "startDateTime": "1980-08-18T12:16:47.448Z",
        "endDateTime": "2017-08-18T12:16:47.448Z"
      },
      "name": "individualRelParty",
      "id": "12",
      "href": "href",
      "type": "Customer"
    }
  ],
  "birthDate": "1980-08-18T12:16:47.447Z",
  "nationality": "Indian",
  "preferredGivenName": "preferredGivenName",
  "displayGender": "displayGender",
  "middleName": "middleName8986",
  "location": "http://goo.gl/maps/l8F9L",
  "displayId": "displayId",
  "maritalStatus": "Single",
  "status": "status",
  "residencyType": "Own"
}]]>
            </line>
            <line>
              <![CDATA[</div>]]>
            </line>
            <line>
              <![CDATA[</div>]]>
            </line>
            <line>
              <![CDATA[</div>]]>
            </line>
            <line>
              <![CDATA[</div>]]>
            </line>
            <line>
              <![CDATA[</td>]]>
            </line>
            <line>
              <![CDATA[</tr>]]>
            </line>
            <line>
              <![CDATA[<tr>]]>
            </line>
            <line>
              <![CDATA[<td class="text-dark font-weight-bold" >Response Header :</td>]]>
            </line>
            <line>
              <![CDATA[<td class="" >]]>
            </line>
            <line>
              <![CDATA[<a href="" class="alert-link" data-toggle="modal" data-target="#modal_value_26">Show</a>]]>
            </line>
            <line>
              <![CDATA[<div class="modal fade"  id="modal_value_26" tabindex="-1" role="dialog">]]>
            </line>
            <line>
              <![CDATA[<div class="modal-dialog" role="document">]]>
            </line>
            <line>
              <![CDATA[<div class="modal-content">]]>
            </line>
            <line>
              <![CDATA[<div class="modal-header text-white bg-info">]]>
            </line>
            <line>
              <![CDATA[<h5 class="modal-title" id="title1">Response Header</h5>]]>
            </line>
            <line>
              <![CDATA[<span class="h6 text-light ml-2 mt-2">(click on the Text to copy)</span>]]>
            </line>
            <line>
              <![CDATA[<button type="button" class="close" data-dismiss="modal" aria-label="Close">]]>
            </line>
            <line>
              <![CDATA[<span aria-hidden="true">&times;</span>]]>
            </line>
            <line>
              <![CDATA[</button>]]>
            </line>
            <line>
              <![CDATA[</div>]]>
            </line>
            <line>
              <![CDATA[<div onClick="copyMePlease(this)" class="modal-body">]]>
            </line>
            <line>
              <![CDATA[X-Content-Type-Options=nosniff
	X-XSS-Protection=1; mode=block
	Cache-Control=no-cache, no-store, max-age=0, must-revalidate
	Pragma=no-cache
	Expires=0
	X-Frame-Options=DENY
	X-Application-Context=party-individual-ms:8080
	ETag=Individual_40757=1537263659398660096
	Content-Type=application/json;charset=UTF-8
	Transfer-Encoding=chunked
	Date=Tue, 18 Sep 2018 09:40:59 GMT]]>
            </line>
            <line>
              <![CDATA[</div>]]>
            </line>
            <line>
              <![CDATA[</div>]]>
            </line>
            <line>
              <![CDATA[</div>]]>
            </line>
            <line>
              <![CDATA[</div>]]>
            </line>
            <line>
              <![CDATA[</td>]]>
            </line>
            <line>
              <![CDATA[</tr>]]>
            </line>
            <line>
              <![CDATA[<tr>]]>
            </line>
            <line>
              <![CDATA[<td class="text-dark font-weight-bold" >Response :</td>]]>
            </line>
            <line>
              <![CDATA[<td class="" >]]>
            </line>
            <line>
              <![CDATA[<a href="" class="alert-link" data-toggle="modal" data-target="#rest_assured_logger_modal_value_78">Show</a>]]>
            </line>
            <line>
              <![CDATA[<div class="modal fade"  id="rest_assured_logger_modal_value_78" tabindex="-1" role="dialog">]]>
            </line>
            <line>
              <![CDATA[<div class="modal-dialog" role="document">]]>
            </line>
            <line>
              <![CDATA[<div class="modal-content">]]>
            </line>
            <line>
              <![CDATA[<div class="modal-header text-white bg-info">]]>
            </line>
            <line>
              <![CDATA[<h5 class="modal-title" id="title1">Response</h5>]]>
            </line>
            <line>
              <![CDATA[<span class="h6 text-light ml-2 mt-2">(click on the Text to copy)</span>]]>
            </line>
            <line>
              <![CDATA[<button type="button" class="close" data-dismiss="modal" aria-label="Close">]]>
            </line>
            <line>
              <![CDATA[<span aria-hidden="true">&times;</span>]]>
            </line>
            <line>
              <![CDATA[</button>]]>
            </line>
            <line>
              <![CDATA[</div>]]>
            </line>
            <line>
              <![CDATA[<div onClick="copyMePlease(this)" class="modal-body">]]>
            </line>
            <line>
              <![CDATA[{"id":"Individual_40757","href":"http://party-individual-service:8080/partyManagement/v1/individual/Individual_40757","givenName":"Romi","middleName":"middleName8986","familyName":"Romi","formattedName":"Mr. Romi Romi","fullName":"Romi middleName8986 Romi","preferredGivenName":"preferredGivenName","displayId":"199924499","birthDate":"1980-08-18T12:16:47.447Z","countryOfBirth":"India","deathDate":"2017-08-18T12:16:47.447Z","gender":"Male","displayGender":null,"location":"http://goo.gl/maps/l8F9L","maritalStatus":"Single","displayMaritalStatus":null,"nationality":"Indian","placeOfBirth":"Raebareli","status":"status","displayStatus":null,"residencyType":"Own","displayResidencyType":null,"title":"Mr.","displayTitle":null,"language":"language","personRank":0,"profileImageURL":"profileImageURL","contactMedium":[],"relatedParty":[{"id":"12","href":"http://related-party-service:8080/relatedPartyManagement/v1/relatedParty/12","name":"individualRelParty","role":"Primary","type":"Customer","validFor":{"startDateTime":"1980-08-18T12:16:47.448Z","endDateTime":"2017-08-18T12:16:47.448Z"}}],"disability":[],"identification":[],"characteristic":[],"otherName":[],"externalReference":[],"profilePicture":null,"InfluenceScore":[],"controlFields":{"createdBy":"Automation_AdminUser_729986171","createdOn":"2018-09-18T09:40:59.454Z","lastModifiedBy":"Automation_AdminUser_729986171","lastModifiedOn":"2018-09-18T09:40:59.454Z","modelVersion":null}}]]>
            </line>
            <line>
              <![CDATA[</div>]]>
            </line>
            <line>
              <![CDATA[</div>]]>
            </line>
            <line>
              <![CDATA[</div>]]>
            </line>
            <line>
              <![CDATA[</div>]]>
            </line>
            <line>
              <![CDATA[</td>]]>
            </line>
            <line>
              <![CDATA[</tr>]]>
            </line>
            <line>
              <![CDATA[<tr class="table-success"><td colspan="2">Response status: expected=201 actual=201; Value: true</td></tr>]]>
            </line>
            <line>
              <![CDATA[<tr class="table-light"><td colspan="2">JSON file loaded successfully. File: /src/test/resources/ct/payload/Customer/IndividualCustomer.json</td></tr>]]>
            </line>
            <line>
              <![CDATA[<tr class="table-light"><td colspan="2">JSON value updated. JSON path: $.engagedParty.id; Value: Individual_40757</td></tr>]]>
            </line>
            <line>
              <![CDATA[<tr class="table-light"><td colspan="2">JSON file loaded successfully. File: /src/test/resources/ct/payload/A3S/User.json</td></tr>]]>
            </line>
            <line>
              <![CDATA[<tr class="table-light"><td colspan="2">JSON value updated. JSON path: $.users[0].id; Value: Automation_AdminUser_193923662</td></tr>]]>
            </line>
            <line>
              <![CDATA[<tr class="table-light"><td colspan="2">JSON value updated. JSON path: $.users[0].userName; Value: Automation_AdminUser_193923662</td></tr>]]>
            </line>
            <line>
              <![CDATA[<tr class="table-light"><td colspan="2">JSON value updated. JSON path: $.users[0].password; Value: Unix11!</td></tr>]]>
            </line>
            <line>
              <![CDATA[<tr class="table-light"><td colspan="2">JSON value updated. JSON path: $.users[0].roles; Value: [Ljava.lang.String;@7e70bd39</td></tr>]]>
            </line>
            <line>
              <![CDATA[<tr class="table-light"><td colspan="2">JSON value updated. JSON path: $.users[0].a3sUserExtension.properties.customerId; Value: Customer_43</td></tr>]]>
            </line>
            <line>
              <![CDATA[<tr class="table-light"><td colspan="2">JSON value updated. JSON path: $.users[0].a3sUserExtension.properties.salesChannel; Value: SelfService</td></tr>]]>
            </line>
            <line>
              <![CDATA[<tr class="table-info"><td class="text-dark font-weight-bold">Request Type </td><td class="" >POST</td></tr>]]>
            </line>
            <line>
              <![CDATA[<tr><td class="text-dark font-weight-bold">URI </td><td class="" > http://ilocpde01w02.corp.amdocs.com:30525/asmServices/services/v1.0/users/bulk </td></tr>]]>
            </line>
            <line>
              <![CDATA[<tr><td class="text-dark font-weight-bold" colspan="2">Headers : </td></tr>]]>
            </line>
            <line>
              <![CDATA[<tr>]]>
            </line>
            <line>
              <![CDATA[<td class="text-dark font-weight-bold" >Authorization :</td>]]>
            </line>
            <line>
              <![CDATA[<td class="" >]]>
            </line>
            <line>
              <![CDATA[<a href="" class="alert-link" data-toggle="modal" data-target="#rest_assured_logger_modal_value_79">Show</a>]]>
            </line>
            <line>
              <![CDATA[<div class="modal fade"  id="rest_assured_logger_modal_value_79" tabindex="-1" role="dialog">]]>
            </line>
            <line>
              <![CDATA[<div class="modal-dialog" role="document">]]>
            </line>
            <line>
              <![CDATA[<div class="modal-content">]]>
            </line>
            <line>
              <![CDATA[<div class="modal-header text-white bg-info">]]>
            </line>
            <line>
              <![CDATA[<h5 class="modal-title" id="title1">Authorization</h5>]]>
            </line>
            <line>
              <![CDATA[<span class="h6 text-light ml-2 mt-2">(click on the Text to copy)</span>]]>
            </line>
            <line>
              <![CDATA[<button type="button" class="close" data-dismiss="modal" aria-label="Close">]]>
            </line>
            <line>
              <![CDATA[<span aria-hidden="true">&times;</span>]]>
            </line>
            <line>
              <![CDATA[</button>]]>
            </line>
            <line>
              <![CDATA[</div>]]>
            </line>
            <line>
              <![CDATA[<div onClick="copyMePlease(this)" class="modal-body">]]>
            </line>
            <line>
              <![CDATA[Basic YTNzRGVwbG95ZXI6QTNzRGVwbG95ZXIh]]>
            </line>
            <line>
              <![CDATA[</div>]]>
            </line>
            <line>
              <![CDATA[</div>]]>
            </line>
            <line>
              <![CDATA[</div>]]>
            </line>
            <line>
              <![CDATA[</div>]]>
            </line>
            <line>
              <![CDATA[</td>]]>
            </line>
            <line>
              <![CDATA[</tr>]]>
            </line>
            <line>
              <![CDATA[<tr><td class="text-dark font-weight-bold">Accept </td><td class="" > application/json </td></tr>]]>
            </line>
            <line>
              <![CDATA[<tr><td class="text-dark font-weight-bold">Content-Type </td><td class="" > application/json </td></tr>]]>
            </line>
            <line>
              <![CDATA[<tr>]]>
            </line>
            <line>
              <![CDATA[<td class="text-dark font-weight-bold" >Payload :</td>]]>
            </line>
            <line>
              <![CDATA[<td class="" >]]>
            </line>
            <line>
              <![CDATA[<a href="" class="alert-link" data-toggle="modal" data-target="#rest_assured_logger_modal_value_80">Show</a>]]>
            </line>
            <line>
              <![CDATA[<div class="modal fade"  id="rest_assured_logger_modal_value_80" tabindex="-1" role="dialog">]]>
            </line>
            <line>
              <![CDATA[<div class="modal-dialog" role="document">]]>
            </line>
            <line>
              <![CDATA[<div class="modal-content">]]>
            </line>
            <line>
              <![CDATA[<div class="modal-header text-white bg-info">]]>
            </line>
            <line>
              <![CDATA[<h5 class="modal-title" id="title1">Payload</h5>]]>
            </line>
            <line>
              <![CDATA[<span class="h6 text-light ml-2 mt-2">(click on the Text to copy)</span>]]>
            </line>
            <line>
              <![CDATA[<button type="button" class="close" data-dismiss="modal" aria-label="Close">]]>
            </line>
            <line>
              <![CDATA[<span aria-hidden="true">&times;</span>]]>
            </line>
            <line>
              <![CDATA[</button>]]>
            </line>
            <line>
              <![CDATA[</div>]]>
            </line>
            <line>
              <![CDATA[<div onClick="copyMePlease(this)" class="modal-body">]]>
            </line>
            <line>
              <![CDATA[{"users":[{"id":"Automation_AdminUser_193923662","userName":"Automation_AdminUser_193923662","userType":"UamsUser","password":"Unix11!","roles":["ChangeOwnershipRole","orderChangeOwnership","CatalogOne.importer","Write","GetCustomer","CreateCustomerEntity","SearchIndividual","PAP-Common","DeleteCreditProfile","csr","GetCustomerEntity","RetreivePaymentMethod","ProductOrderLauncherUpdate","CreateCustomer","AsmServicesAppIdentity","RetrieveCustomerEntity","AddRelatedParty","CreatePaymentMethod","UpdateCreditProfile","PAP-PU","AnonymousUserRole","ProductOrderLauncherRead","UpdateIndividual","ProductOrderLauncherDelete","RetrieveIndividual","DeleteIndividual","CreateIndividual","STS-Common","ProductOrderLauncherCreate","GetIndividual","EvaluateCreditProfile","AppTesterRole","RetrieveCustomer"],"a3sUserExtension":{"properties":{"OperatorID":154,"customerId":"Customer_43","salesChannel":"SelfService"}}}],"operation":{"deleteFirst":true,"updateExisting":false,"createNew":true,"returnProcessedObjects":true,"failOnError":false}}]]>
            </line>
            <line>
              <![CDATA[</div>]]>
            </line>
            <line>
              <![CDATA[</div>]]>
            </line>
            <line>
              <![CDATA[</div>]]>
            </line>
            <line>
              <![CDATA[</div>]]>
            </line>
            <line>
              <![CDATA[</td>]]>
            </line>
            <line>
              <![CDATA[</tr>]]>
            </line>
            <line>
              <![CDATA[<tr>]]>
            </line>
            <line>
              <![CDATA[<td class="text-dark font-weight-bold" >Response Header :</td>]]>
            </line>
            <line>
              <![CDATA[<td class="" >]]>
            </line>
            <line>
              <![CDATA[<a href="" class="alert-link" data-toggle="modal" data-target="#modal_value_27">Show</a>]]>
            </line>
            <line>
              <![CDATA[<div class="modal fade"  id="modal_value_27" tabindex="-1" role="dialog">]]>
            </line>
            <line>
              <![CDATA[<div class="modal-dialog" role="document">]]>
            </line>
            <line>
              <![CDATA[<div class="modal-content">]]>
            </line>
            <line>
              <![CDATA[<div class="modal-header text-white bg-info">]]>
            </line>
            <line>
              <![CDATA[<h5 class="modal-title" id="title1">Response Header</h5>]]>
            </line>
            <line>
              <![CDATA[<span class="h6 text-light ml-2 mt-2">(click on the Text to copy)</span>]]>
            </line>
            <line>
              <![CDATA[<button type="button" class="close" data-dismiss="modal" aria-label="Close">]]>
            </line>
            <line>
              <![CDATA[<span aria-hidden="true">&times;</span>]]>
            </line>
            <line>
              <![CDATA[</button>]]>
            </line>
            <line>
              <![CDATA[</div>]]>
            </line>
            <line>
              <![CDATA[<div onClick="copyMePlease(this)" class="modal-body">]]>
            </line>
            <line>
              <![CDATA[X-Content-Type-Options=nosniff
	X-XSS-Protection=1; mode=block
	Cache-Control=no-cache, no-store, max-age=0, must-revalidate
	Pragma=no-cache
	Expires=0
	X-Frame-Options=DENY
	X-Application-Context=application:9191
	Date=Tue, 18 Sep 2018 09:40:59 GMT
	Content-Type=application/json
	Content-Length=1695]]>
            </line>
            <line>
              <![CDATA[</div>]]>
            </line>
            <line>
              <![CDATA[</div>]]>
            </line>
            <line>
              <![CDATA[</div>]]>
            </line>
            <line>
              <![CDATA[</div>]]>
            </line>
            <line>
              <![CDATA[</td>]]>
            </line>
            <line>
              <![CDATA[</tr>]]>
            </line>
            <line>
              <![CDATA[<tr>]]>
            </line>
            <line>
              <![CDATA[<td class="text-dark font-weight-bold" >Response :</td>]]>
            </line>
            <line>
              <![CDATA[<td class="" >]]>
            </line>
            <line>
              <![CDATA[<a href="" class="alert-link" data-toggle="modal" data-target="#rest_assured_logger_modal_value_81">Show</a>]]>
            </line>
            <line>
              <![CDATA[<div class="modal fade"  id="rest_assured_logger_modal_value_81" tabindex="-1" role="dialog">]]>
            </line>
            <line>
              <![CDATA[<div class="modal-dialog" role="document">]]>
            </line>
            <line>
              <![CDATA[<div class="modal-content">]]>
            </line>
            <line>
              <![CDATA[<div class="modal-header text-white bg-info">]]>
            </line>
            <line>
              <![CDATA[<h5 class="modal-title" id="title1">Response</h5>]]>
            </line>
            <line>
              <![CDATA[<span class="h6 text-light ml-2 mt-2">(click on the Text to copy)</span>]]>
            </line>
            <line>
              <![CDATA[<button type="button" class="close" data-dismiss="modal" aria-label="Close">]]>
            </line>
            <line>
              <![CDATA[<span aria-hidden="true">&times;</span>]]>
            </line>
            <line>
              <![CDATA[</button>]]>
            </line>
            <line>
              <![CDATA[</div>]]>
            </line>
            <line>
              <![CDATA[<div onClick="copyMePlease(this)" class="modal-body">]]>
            </line>
            <line>
              <![CDATA[{"deletedUsers":[],"createdUsers":[{"schemas":["urn:ietf:params:scim:schemas:core:2.0:User","urn:ietf:params:scim:schemas:extension:com.amdocs.a3s:2.0:User"],"id":"Automation_AdminUser_193923662","userName":"Automation_AdminUser_193923662","userType":"UamsUser","active":false,"password":null,"roles":["ProductOrderLauncherCreate","ProductOrderLauncherRead","orderChangeOwnership","EvaluateCreditProfile","RetrieveCustomer","GetCustomer","ProductOrderLauncherUpdate","CatalogOne.importer","CreateCustomerEntity","ProductOrderLauncherDelete","AppTesterRole","RetrieveCustomerEntity","AsmServicesAppIdentity","GetIndividual","UpdateIndividual","Write","AnonymousUserRole","RetrieveIndividual","DeleteCreditProfile","CreateCustomer","CreatePaymentMethod","PAP-Common","DeleteIndividual","AddRelatedParty","PAP-PU","ChangeOwnershipRole","STS-Common","SearchIndividual","RetreivePaymentMethod","UpdateCreditProfile","CreateIndividual","csr","GetCustomerEntity"],"a3sUserExtension":{"expiration":32535122400000,"effectiveDate":0,"successLoginDate":0,"badLoginDate":0,"badLoginCount":0,"isAccountNonExpired":true,"isAccountNonLocked":true,"isEnabled":true,"isAccountNeverExpired":false,"isExpiring":false,"isInEffective":false,"isCredentialsNonExpired":true,"isCredentialsExpiring":false,"isCredentialsReset":false,"properties":{"salesChannel":"SelfService","OperatorID":154,"customerId":"Customer_43","UserType":"UamsUser"}},"metadata":{"resourceType":"User","created":1537228800000,"lastModified":1537228800000,"location":"http://ilocpde01w02.corp.amdocs.com:30525/asmServices/services/v1.0/users/bulk","version":null}}],"updatedUsers":[],"numDeleted":0,"numCreated":1,"numUpdated":0,"bulkErrors":[]}]]>
            </line>
            <line>
              <![CDATA[</div>]]>
            </line>
            <line>
              <![CDATA[</div>]]>
            </line>
            <line>
              <![CDATA[</div>]]>
            </line>
            <line>
              <![CDATA[</div>]]>
            </line>
            <line>
              <![CDATA[</td>]]>
            </line>
            <line>
              <![CDATA[</tr>]]>
            </line>
            <line>
              <![CDATA[<tr class="table-success"><td colspan="2">Response status: expected=201 actual=201; Value: true</td></tr>]]>
            </line>
            <line>
              <![CDATA[<tr class="table-info"><td class="text-dark font-weight-bold">Request Type </td><td class="" >POST</td></tr>]]>
            </line>
            <line>
              <![CDATA[<tr><td class="text-dark font-weight-bold">URI </td><td class="" > http://ilocpde01w02.corp.amdocs.com:30525/asmServices/services/v1.0/auth/tokens </td></tr>]]>
            </line>
            <line>
              <![CDATA[<tr><td class="text-dark font-weight-bold" colspan="2">Headers : </td></tr>]]>
            </line>
            <line>
              <![CDATA[<tr>]]>
            </line>
            <line>
              <![CDATA[<td class="text-dark font-weight-bold" >Authorization :</td>]]>
            </line>
            <line>
              <![CDATA[<td class="" >]]>
            </line>
            <line>
              <![CDATA[<a href="" class="alert-link" data-toggle="modal" data-target="#rest_assured_logger_modal_value_82">Show</a>]]>
            </line>
            <line>
              <![CDATA[<div class="modal fade"  id="rest_assured_logger_modal_value_82" tabindex="-1" role="dialog">]]>
            </line>
            <line>
              <![CDATA[<div class="modal-dialog" role="document">]]>
            </line>
            <line>
              <![CDATA[<div class="modal-content">]]>
            </line>
            <line>
              <![CDATA[<div class="modal-header text-white bg-info">]]>
            </line>
            <line>
              <![CDATA[<h5 class="modal-title" id="title1">Authorization</h5>]]>
            </line>
            <line>
              <![CDATA[<span class="h6 text-light ml-2 mt-2">(click on the Text to copy)</span>]]>
            </line>
            <line>
              <![CDATA[<button type="button" class="close" data-dismiss="modal" aria-label="Close">]]>
            </line>
            <line>
              <![CDATA[<span aria-hidden="true">&times;</span>]]>
            </line>
            <line>
              <![CDATA[</button>]]>
            </line>
            <line>
              <![CDATA[</div>]]>
            </line>
            <line>
              <![CDATA[<div onClick="copyMePlease(this)" class="modal-body">]]>
            </line>
            <line>
              <![CDATA[Basic TWFpbklzc3VlcjpVbml4MTEh]]>
            </line>
            <line>
              <![CDATA[</div>]]>
            </line>
            <line>
              <![CDATA[</div>]]>
            </line>
            <line>
              <![CDATA[</div>]]>
            </line>
            <line>
              <![CDATA[</div>]]>
            </line>
            <line>
              <![CDATA[</td>]]>
            </line>
            <line>
              <![CDATA[</tr>]]>
            </line>
            <line>
              <![CDATA[<tr><td class="text-dark font-weight-bold">Accept </td><td class="" > application/json </td></tr>]]>
            </line>
            <line>
              <![CDATA[<tr><td class="text-dark font-weight-bold">Content-Type </td><td class="" > application/json </td></tr>]]>
            </line>
            <line>
              <![CDATA[<tr>]]>
            </line>
            <line>
              <![CDATA[<td class="text-dark font-weight-bold" >Payload :</td>]]>
            </line>
            <line>
              <![CDATA[<td class="" >]]>
            </line>
            <line>
              <![CDATA[<a href="" class="alert-link" data-toggle="modal" data-target="#rest_assured_logger_modal_value_83">Show</a>]]>
            </line>
            <line>
              <![CDATA[<div class="modal fade"  id="rest_assured_logger_modal_value_83" tabindex="-1" role="dialog">]]>
            </line>
            <line>
              <![CDATA[<div class="modal-dialog" role="document">]]>
            </line>
            <line>
              <![CDATA[<div class="modal-content">]]>
            </line>
            <line>
              <![CDATA[<div class="modal-header text-white bg-info">]]>
            </line>
            <line>
              <![CDATA[<h5 class="modal-title" id="title1">Payload</h5>]]>
            </line>
            <line>
              <![CDATA[<span class="h6 text-light ml-2 mt-2">(click on the Text to copy)</span>]]>
            </line>
            <line>
              <![CDATA[<button type="button" class="close" data-dismiss="modal" aria-label="Close">]]>
            </line>
            <line>
              <![CDATA[<span aria-hidden="true">&times;</span>]]>
            </line>
            <line>
              <![CDATA[</button>]]>
            </line>
            <line>
              <![CDATA[</div>]]>
            </line>
            <line>
              <![CDATA[<div onClick="copyMePlease(this)" class="modal-body">]]>
            </line>
            <line>
              <![CDATA[{"auth":{"dialects":["A3S_Core_Public","Customer_Info"],"token-type":"JWT","token-expiration":null,"on-behalf-of":{"type":"USER_PASSWORD","user-credentials":{"username":"Automation_AdminUser_193923662","password":"Unix11!"}}}}]]>
            </line>
            <line>
              <![CDATA[</div>]]>
            </line>
            <line>
              <![CDATA[</div>]]>
            </line>
            <line>
              <![CDATA[</div>]]>
            </line>
            <line>
              <![CDATA[</div>]]>
            </line>
            <line>
              <![CDATA[</td>]]>
            </line>
            <line>
              <![CDATA[</tr>]]>
            </line>
            <line>
              <![CDATA[<tr>]]>
            </line>
            <line>
              <![CDATA[<td class="text-dark font-weight-bold" >Response Header :</td>]]>
            </line>
            <line>
              <![CDATA[<td class="" >]]>
            </line>
            <line>
              <![CDATA[<a href="" class="alert-link" data-toggle="modal" data-target="#modal_value_28">Show</a>]]>
            </line>
            <line>
              <![CDATA[<div class="modal fade"  id="modal_value_28" tabindex="-1" role="dialog">]]>
            </line>
            <line>
              <![CDATA[<div class="modal-dialog" role="document">]]>
            </line>
            <line>
              <![CDATA[<div class="modal-content">]]>
            </line>
            <line>
              <![CDATA[<div class="modal-header text-white bg-info">]]>
            </line>
            <line>
              <![CDATA[<h5 class="modal-title" id="title1">Response Header</h5>]]>
            </line>
            <line>
              <![CDATA[<span class="h6 text-light ml-2 mt-2">(click on the Text to copy)</span>]]>
            </line>
            <line>
              <![CDATA[<button type="button" class="close" data-dismiss="modal" aria-label="Close">]]>
            </line>
            <line>
              <![CDATA[<span aria-hidden="true">&times;</span>]]>
            </line>
            <line>
              <![CDATA[</button>]]>
            </line>
            <line>
              <![CDATA[</div>]]>
            </line>
            <line>
              <![CDATA[<div onClick="copyMePlease(this)" class="modal-body">]]>
            </line>
            <line>
              <![CDATA[X-Content-Type-Options=nosniff
	X-XSS-Protection=1; mode=block
	Cache-Control=no-cache, no-store, max-age=0, must-revalidate
	Pragma=no-cache
	Expires=0
	X-Frame-Options=DENY
	X-Application-Context=application:9191
	Date=Tue, 18 Sep 2018 09:41:00 GMT
	Content-Type=application/json
	Content-Length=1762]]>
            </line>
            <line>
              <![CDATA[</div>]]>
            </line>
            <line>
              <![CDATA[</div>]]>
            </line>
            <line>
              <![CDATA[</div>]]>
            </line>
            <line>
              <![CDATA[</div>]]>
            </line>
            <line>
              <![CDATA[</td>]]>
            </line>
            <line>
              <![CDATA[</tr>]]>
            </line>
            <line>
              <![CDATA[<tr>]]>
            </line>
            <line>
              <![CDATA[<td class="text-dark font-weight-bold" >Response :</td>]]>
            </line>
            <line>
              <![CDATA[<td class="" >]]>
            </line>
            <line>
              <![CDATA[<a href="" class="alert-link" data-toggle="modal" data-target="#rest_assured_logger_modal_value_84">Show</a>]]>
            </line>
            <line>
              <![CDATA[<div class="modal fade"  id="rest_assured_logger_modal_value_84" tabindex="-1" role="dialog">]]>
            </line>
            <line>
              <![CDATA[<div class="modal-dialog" role="document">]]>
            </line>
            <line>
              <![CDATA[<div class="modal-content">]]>
            </line>
            <line>
              <![CDATA[<div class="modal-header text-white bg-info">]]>
            </line>
            <line>
              <![CDATA[<h5 class="modal-title" id="title1">Response</h5>]]>
            </line>
            <line>
              <![CDATA[<span class="h6 text-light ml-2 mt-2">(click on the Text to copy)</span>]]>
            </line>
            <line>
              <![CDATA[<button type="button" class="close" data-dismiss="modal" aria-label="Close">]]>
            </line>
            <line>
              <![CDATA[<span aria-hidden="true">&times;</span>]]>
            </line>
            <line>
              <![CDATA[</button>]]>
            </line>
            <line>
              <![CDATA[</div>]]>
            </line>
            <line>
              <![CDATA[<div onClick="copyMePlease(this)" class="modal-body">]]>
            </line>
            <line>
              <![CDATA[{"subjectToken":"eyJ4NXQjUzI1NiI6IkxEbGVvYldaYmVZcG9pb0Q0R1hrMWp3US8rUWd1MUs1eXNzQ1JpN3BtelE9IiwidHlwIjoiSldUIiwiYWxnIjoiUlMyNTYifQ.eyJzdWIiOiJBdXRvbWF0aW9uX0FkbWluVXNlcl8xOTM5MjM2NjIiLCJyb2xlcyI6WyJDYXRhbG9nT25lLmltcG9ydGVyIiwiUHJvZHVjdE9yZGVyTGF1bmNoZXJEZWxldGUiLCJQcm9kdWN0T3JkZXJMYXVuY2hlckNyZWF0ZSIsIlJldHJlaXZlUGF5bWVudE1ldGhvZCIsIlJldHJpZXZlQ3VzdG9tZXIiLCJDcmVhdGVDdXN0b21lciIsIlJldHJpZXZlQ3VzdG9tZXJFbnRpdHkiLCJBZGRSZWxhdGVkUGFydHkiLCJQQVAtUFUiLCJTZWFyY2hJbmRpdmlkdWFsIiwiQXBwVGVzdGVyUm9sZSIsIlNUUy1Db21tb24iLCJBc21TZXJ2aWNlc0FwcElkZW50aXR5IiwiUHJvZHVjdE9yZGVyTGF1bmNoZXJSZWFkIiwiQW5vbnltb3VzVXNlclJvbGUiLCJHZXRJbmRpdmlkdWFsIiwiQ3JlYXRlUGF5bWVudE1ldGhvZCIsIlVwZGF0ZUluZGl2aWR1YWwiLCJEZWxldGVJbmRpdmlkdWFsIiwib3JkZXJDaGFuZ2VPd25lcnNoaXAiLCJXcml0ZSIsIkNoYW5nZU93bmVyc2hpcFJvbGUiLCJHZXRDdXN0b21lciIsIkNyZWF0ZUN1c3RvbWVyRW50aXR5IiwiVXBkYXRlQ3JlZGl0UHJvZmlsZSIsIkV2YWx1YXRlQ3JlZGl0UHJvZmlsZSIsIlBBUC1Db21tb24iLCJjc3IiLCJHZXRDdXN0b21lckVudGl0eSIsIlByb2R1Y3RPcmRlckxhdW5jaGVyVXBkYXRlIiwiUmV0cmlldmVJbmRpdmlkdWFsIiwiQ3JlYXRlSW5kaXZpZHVhbCIsIkRlbGV0ZUNyZWRpdFByb2ZpbGUiXSwiY3VzdG9tZXJJZCI6IkN1c3RvbWVyXzQzIiwiaXNzIjoiQTNTWm9uZTFAQTNTLmFtZG9jcy5jb20iLCJvaXQiOjE1MzcyNjM2NjAsInNhbGVzQ2hhbm5lbCI6IlNlbGZTZXJ2aWNlIiwiZXhwIjoxNTM3MjcwODYwLCJpYXQiOjE1MzcyNjM2NjAsInR0bCI6MTUzNzI5MjQ2MCwianRpIjoiOTQwOTM3OTA0ZjQwMjYwZjZjNjBiNDJhNjc5YjkzNWI2NzliODk0ZDQxODU2MTIyYmVmYTc4NGJkNWE4NzVmMSJ9.lxXO1otVaOZT94XNsCPF5JAvLRZblefBA4hy7BhPgAq37Hvx5J8dRreEha18MhsAzY0_iJpM82ahrZyuPduMLBu035j71IbvKqnL6otKPJJYX_g20KqPQLI6xFrD_2r5pAB4oOGJEOrmaIUz4ePsK3zLbg87hVK4T_U4zBOe0CBn5GL-EXN60wJboaGi6HKPe2TRQtRjgr5LIDjbaA8em2fAQFTMx1X0VLxwmxOn4Vca7Q27zC5-qc7Bj28A-QmAahIyUg0AmBH5zSj1MiqcSaGWHDJmPpiPsL2BxnJ4J-ErswjHQzJ4eqpXT32NXg6-ZuCo1-qYWz301EFBlomAYw","subjectTokenExpiration":"1537270860000"}]]>
            </line>
            <line>
              <![CDATA[</div>]]>
            </line>
            <line>
              <![CDATA[</div>]]>
            </line>
            <line>
              <![CDATA[</div>]]>
            </line>
            <line>
              <![CDATA[</div>]]>
            </line>
            <line>
              <![CDATA[</td>]]>
            </line>
            <line>
              <![CDATA[</tr>]]>
            </line>
            <line>
              <![CDATA[<tr class="table-info"><td class="text-dark font-weight-bold">Request Type </td><td class="" >POST</td></tr>]]>
            </line>
            <line>
              <![CDATA[<tr><td class="text-dark font-weight-bold">URI </td><td class="" > http://ilocpde01w26.corp.amdocs.com:32354/customerManagement/v1/customer?salesChannel=SelfService </td></tr>]]>
            </line>
            <line>
              <![CDATA[<tr><td class="text-dark font-weight-bold" colspan="2">Headers : </td></tr>]]>
            </line>
            <line>
              <![CDATA[<tr>]]>
            </line>
            <line>
              <![CDATA[<td class="text-dark font-weight-bold" >Authorization :</td>]]>
            </line>
            <line>
              <![CDATA[<td class="" >]]>
            </line>
            <line>
              <![CDATA[<a href="" class="alert-link" data-toggle="modal" data-target="#rest_assured_logger_modal_value_85">Show</a>]]>
            </line>
            <line>
              <![CDATA[<div class="modal fade"  id="rest_assured_logger_modal_value_85" tabindex="-1" role="dialog">]]>
            </line>
            <line>
              <![CDATA[<div class="modal-dialog" role="document">]]>
            </line>
            <line>
              <![CDATA[<div class="modal-content">]]>
            </line>
            <line>
              <![CDATA[<div class="modal-header text-white bg-info">]]>
            </line>
            <line>
              <![CDATA[<h5 class="modal-title" id="title1">Authorization</h5>]]>
            </line>
            <line>
              <![CDATA[<span class="h6 text-light ml-2 mt-2">(click on the Text to copy)</span>]]>
            </line>
            <line>
              <![CDATA[<button type="button" class="close" data-dismiss="modal" aria-label="Close">]]>
            </line>
            <line>
              <![CDATA[<span aria-hidden="true">&times;</span>]]>
            </line>
            <line>
              <![CDATA[</button>]]>
            </line>
            <line>
              <![CDATA[</div>]]>
            </line>
            <line>
              <![CDATA[<div onClick="copyMePlease(this)" class="modal-body">]]>
            </line>
            <line>
              <![CDATA[Bearer eyJ4NXQjUzI1NiI6IkxEbGVvYldaYmVZcG9pb0Q0R1hrMWp3US8rUWd1MUs1eXNzQ1JpN3BtelE9IiwidHlwIjoiSldUIiwiYWxnIjoiUlMyNTYifQ.eyJzdWIiOiJBdXRvbWF0aW9uX0FkbWluVXNlcl8xOTM5MjM2NjIiLCJyb2xlcyI6WyJDYXRhbG9nT25lLmltcG9ydGVyIiwiUHJvZHVjdE9yZGVyTGF1bmNoZXJEZWxldGUiLCJQcm9kdWN0T3JkZXJMYXVuY2hlckNyZWF0ZSIsIlJldHJlaXZlUGF5bWVudE1ldGhvZCIsIlJldHJpZXZlQ3VzdG9tZXIiLCJDcmVhdGVDdXN0b21lciIsIlJldHJpZXZlQ3VzdG9tZXJFbnRpdHkiLCJBZGRSZWxhdGVkUGFydHkiLCJQQVAtUFUiLCJTZWFyY2hJbmRpdmlkdWFsIiwiQXBwVGVzdGVyUm9sZSIsIlNUUy1Db21tb24iLCJBc21TZXJ2aWNlc0FwcElkZW50aXR5IiwiUHJvZHVjdE9yZGVyTGF1bmNoZXJSZWFkIiwiQW5vbnltb3VzVXNlclJvbGUiLCJHZXRJbmRpdmlkdWFsIiwiQ3JlYXRlUGF5bWVudE1ldGhvZCIsIlVwZGF0ZUluZGl2aWR1YWwiLCJEZWxldGVJbmRpdmlkdWFsIiwib3JkZXJDaGFuZ2VPd25lcnNoaXAiLCJXcml0ZSIsIkNoYW5nZU93bmVyc2hpcFJvbGUiLCJHZXRDdXN0b21lciIsIkNyZWF0ZUN1c3RvbWVyRW50aXR5IiwiVXBkYXRlQ3JlZGl0UHJvZmlsZSIsIkV2YWx1YXRlQ3JlZGl0UHJvZmlsZSIsIlBBUC1Db21tb24iLCJjc3IiLCJHZXRDdXN0b21lckVudGl0eSIsIlByb2R1Y3RPcmRlckxhdW5jaGVyVXBkYXRlIiwiUmV0cmlldmVJbmRpdmlkdWFsIiwiQ3JlYXRlSW5kaXZpZHVhbCIsIkRlbGV0ZUNyZWRpdFByb2ZpbGUiXSwiY3VzdG9tZXJJZCI6IkN1c3RvbWVyXzQzIiwiaXNzIjoiQTNTWm9uZTFAQTNTLmFtZG9jcy5jb20iLCJvaXQiOjE1MzcyNjM2NjAsInNhbGVzQ2hhbm5lbCI6IlNlbGZTZXJ2aWNlIiwiZXhwIjoxNTM3MjcwODYwLCJpYXQiOjE1MzcyNjM2NjAsInR0bCI6MTUzNzI5MjQ2MCwianRpIjoiOTQwOTM3OTA0ZjQwMjYwZjZjNjBiNDJhNjc5YjkzNWI2NzliODk0ZDQxODU2MTIyYmVmYTc4NGJkNWE4NzVmMSJ9.lxXO1otVaOZT94XNsCPF5JAvLRZblefBA4hy7BhPgAq37Hvx5J8dRreEha18MhsAzY0_iJpM82ahrZyuPduMLBu035j71IbvKqnL6otKPJJYX_g20KqPQLI6xFrD_2r5pAB4oOGJEOrmaIUz4ePsK3zLbg87hVK4T_U4zBOe0CBn5GL-EXN60wJboaGi6HKPe2TRQtRjgr5LIDjbaA8em2fAQFTMx1X0VLxwmxOn4Vca7Q27zC5-qc7Bj28A-QmAahIyUg0AmBH5zSj1MiqcSaGWHDJmPpiPsL2BxnJ4J-ErswjHQzJ4eqpXT32NXg6-ZuCo1-qYWz301EFBlomAYw]]>
            </line>
            <line>
              <![CDATA[</div>]]>
            </line>
            <line>
              <![CDATA[</div>]]>
            </line>
            <line>
              <![CDATA[</div>]]>
            </line>
            <line>
              <![CDATA[</div>]]>
            </line>
            <line>
              <![CDATA[</td>]]>
            </line>
            <line>
              <![CDATA[</tr>]]>
            </line>
            <line>
              <![CDATA[<tr><td class="text-dark font-weight-bold">Accept-Language </td><td class="" > en_US </td></tr>]]>
            </line>
            <line>
              <![CDATA[<tr><td class="text-dark font-weight-bold">Content-Type </td><td class="" > application/json </td></tr>]]>
            </line>
            <line>
              <![CDATA[<tr>]]>
            </line>
            <line>
              <![CDATA[<td class="text-dark font-weight-bold" >Payload :</td>]]>
            </line>
            <line>
              <![CDATA[<td class="" >]]>
            </line>
            <line>
              <![CDATA[<a href="" class="alert-link" data-toggle="modal" data-target="#rest_assured_logger_modal_value_86">Show</a>]]>
            </line>
            <line>
              <![CDATA[<div class="modal fade"  id="rest_assured_logger_modal_value_86" tabindex="-1" role="dialog">]]>
            </line>
            <line>
              <![CDATA[<div class="modal-dialog" role="document">]]>
            </line>
            <line>
              <![CDATA[<div class="modal-content">]]>
            </line>
            <line>
              <![CDATA[<div class="modal-header text-white bg-info">]]>
            </line>
            <line>
              <![CDATA[<h5 class="modal-title" id="title1">Payload</h5>]]>
            </line>
            <line>
              <![CDATA[<span class="h6 text-light ml-2 mt-2">(click on the Text to copy)</span>]]>
            </line>
            <line>
              <![CDATA[<button type="button" class="close" data-dismiss="modal" aria-label="Close">]]>
            </line>
            <line>
              <![CDATA[<span aria-hidden="true">&times;</span>]]>
            </line>
            <line>
              <![CDATA[</button>]]>
            </line>
            <line>
              <![CDATA[</div>]]>
            </line>
            <line>
              <![CDATA[<div onClick="copyMePlease(this)" class="modal-body">]]>
            </line>
            <line>
              <![CDATA[{"acquisitionDate":"2017-10-25T05:57:48.843Z","contactMedium":[{"validFor":{"startDateTime":"2017-08-18T12:16:47.448Z","endDateTime":"2017-08-18T12:16:47.448Z"},"id":"1212","type":"Email","preferred":true,"characteristic":{"country":"India","town":"Town","city":"Pune","streetNumber":"StreetNumber","latitude":"tt","externalId":"111","type":"Business","room":"300","number":"+915327","buildingName":"Italia","emailAddress":"Auto7545@amdocs.com","postOfficeBox":"PO","streetName":"Laxmi","stateOrProvince":"CA","postCode":"12345","street1":"Street1","street2":"Street2","floor":"1","status":"Status","longitude":"tt"}}],"customerSubType":"Individual","validFor":{"startDateTime":"2017-08-18T12:16:47.448Z","endDateTime":"2017-08-18T12:16:47.448Z"},"description":"nothing to describe","displayStatus":"String","characteristic":[{"name":"Amit8651_characteristic","value":"Reading"}],"customerType":"Residential","statusReason":"statusReason","controlFields":{"createdBy":"createdBy","modelVersion":"modelVersion","lastModifiedBy":"lastModifiedBy","createdOn":"2017-09-29T05:20:22.131Z","lastModifiedOn":"2017-09-29T05:20:22.131Z"},"name":"Amit8651","rank":0,"id":"1233","href":"href","displayCustomerType":"Residential","displayId":"displayId","displayCustomerSubType":"Individual","engagedParty":{"type":"PartyRef","id":"Individual_40757"},"account":[{"type":"FinancialAccountValue","name":"Amit8651_account","description":"description","id":"1112","href":"href"}],"status":"active"}]]>
            </line>
            <line>
              <![CDATA[</div>]]>
            </line>
            <line>
              <![CDATA[</div>]]>
            </line>
            <line>
              <![CDATA[</div>]]>
            </line>
            <line>
              <![CDATA[</div>]]>
            </line>
            <line>
              <![CDATA[</td>]]>
            </line>
            <line>
              <![CDATA[</tr>]]>
            </line>
            <line>
              <![CDATA[<tr>]]>
            </line>
            <line>
              <![CDATA[<td class="text-dark font-weight-bold" >Response Header :</td>]]>
            </line>
            <line>
              <![CDATA[<td class="" >]]>
            </line>
            <line>
              <![CDATA[<a href="" class="alert-link" data-toggle="modal" data-target="#modal_value_29">Show</a>]]>
            </line>
            <line>
              <![CDATA[<div class="modal fade"  id="modal_value_29" tabindex="-1" role="dialog">]]>
            </line>
            <line>
              <![CDATA[<div class="modal-dialog" role="document">]]>
            </line>
            <line>
              <![CDATA[<div class="modal-content">]]>
            </line>
            <line>
              <![CDATA[<div class="modal-header text-white bg-info">]]>
            </line>
            <line>
              <![CDATA[<h5 class="modal-title" id="title1">Response Header</h5>]]>
            </line>
            <line>
              <![CDATA[<span class="h6 text-light ml-2 mt-2">(click on the Text to copy)</span>]]>
            </line>
            <line>
              <![CDATA[<button type="button" class="close" data-dismiss="modal" aria-label="Close">]]>
            </line>
            <line>
              <![CDATA[<span aria-hidden="true">&times;</span>]]>
            </line>
            <line>
              <![CDATA[</button>]]>
            </line>
            <line>
              <![CDATA[</div>]]>
            </line>
            <line>
              <![CDATA[<div onClick="copyMePlease(this)" class="modal-body">]]>
            </line>
            <line>
              <![CDATA[X-Content-Type-Options=nosniff
	X-XSS-Protection=1; mode=block
	Cache-Control=no-cache, no-store, max-age=0, must-revalidate
	Pragma=no-cache
	Expires=0
	X-Frame-Options=DENY
	X-Application-Context=customer-customer-ms:8080
	Content-Type=application/json;charset=UTF-8
	Transfer-Encoding=chunked
	Date=Tue, 18 Sep 2018 09:41:00 GMT]]>
            </line>
            <line>
              <![CDATA[</div>]]>
            </line>
            <line>
              <![CDATA[</div>]]>
            </line>
            <line>
              <![CDATA[</div>]]>
            </line>
            <line>
              <![CDATA[</div>]]>
            </line>
            <line>
              <![CDATA[</td>]]>
            </line>
            <line>
              <![CDATA[</tr>]]>
            </line>
            <line>
              <![CDATA[<tr>]]>
            </line>
            <line>
              <![CDATA[<td class="text-dark font-weight-bold" >Response :</td>]]>
            </line>
            <line>
              <![CDATA[<td class="" >]]>
            </line>
            <line>
              <![CDATA[<a href="" class="alert-link" data-toggle="modal" data-target="#rest_assured_logger_modal_value_87">Show</a>]]>
            </line>
            <line>
              <![CDATA[<div class="modal fade"  id="rest_assured_logger_modal_value_87" tabindex="-1" role="dialog">]]>
            </line>
            <line>
              <![CDATA[<div class="modal-dialog" role="document">]]>
            </line>
            <line>
              <![CDATA[<div class="modal-content">]]>
            </line>
            <line>
              <![CDATA[<div class="modal-header text-white bg-info">]]>
            </line>
            <line>
              <![CDATA[<h5 class="modal-title" id="title1">Response</h5>]]>
            </line>
            <line>
              <![CDATA[<span class="h6 text-light ml-2 mt-2">(click on the Text to copy)</span>]]>
            </line>
            <line>
              <![CDATA[<button type="button" class="close" data-dismiss="modal" aria-label="Close">]]>
            </line>
            <line>
              <![CDATA[<span aria-hidden="true">&times;</span>]]>
            </line>
            <line>
              <![CDATA[</button>]]>
            </line>
            <line>
              <![CDATA[</div>]]>
            </line>
            <line>
              <![CDATA[<div onClick="copyMePlease(this)" class="modal-body">]]>
            </line>
            <line>
              <![CDATA[{"id":"Customer_40308","href":null,"name":"Amit8651","status":"active","displayStatus":null,"statusReason":"statusReason","validFor":{"startDateTime":"2017-08-18T12:16:47.448Z","endDateTime":"2017-08-18T12:16:47.448Z"},"characteristic":[{"name":"Amit8651_characteristic","value":"Reading"}],"engagedParty":{"type":"PartyRef","type":"PartyRef","refType":null,"id":"Individual_40757","href":"http://party-individual-service:8080/partyManagement/v1/individual/Individual_40757","name":"Romi middleName8986 Romi"},"relatedParty":[{"id":"Individual_40757","href":"http://party-individual-service:8080/partyManagement/v1/individual/Individual_40757","name":"Romi middleName8986 Romi","role":"Primary","type":"Customer","validFor":{"startDateTime":"2017-08-18T12:16:47.448Z","endDateTime":"2017-08-18T12:16:47.448Z"}}],"account":[{"type":"AccountRef","id":"FinancialAccount_40004","href":"http://financialaccount-financialaccount-service:8080/financialaccount/v1/financialAccount/FinancialAccount_40004","name":"Amit8651_account","description":"description","type":"FinancialAccount","preferred":null},{"type":"AccountRef","id":"BillingAccount_39834","href":"http://account-billingaccount-service:8080/accountManagement/v1/BillingAccount_39834","name":"Amit8651","description":null,"type":"BillingAccount","preferred":true}],"paymentMethod":null,"creditProfile":null,"contactMedium":[{"id":"Customer_40308_Customer_40308_ContactMedium_40042","type":"Email","preferred":true,"validFor":{"startDateTime":"2017-08-18T12:16:47.448Z","endDateTime":"2017-08-18T12:16:47.448Z"},"characteristic":{"type":"Business","emailAddress":"Auto7545@amdocs.com","number":"+915327","city":"Pune","country":"India","postCode":"12345","stateOrProvince":"CA","street1":"Street1","street2":"Street2","postOfficeBox":"PO","room":"300","floor":"1","buildingName":"Italia","streetName":"Laxmi","streetNumber":"StreetNumber","town":"Town","status":"Status","longitude":"tt","latitude":"tt","externalId":"111"}}],"customerType":"Residential","displayCustomerType":null,"customerSubType":"Individual","displayCustomerSubType":null,"displayId":"1161228280","acquisitionDate":"2017-10-25T05:57:48.843Z","description":"nothing to describe","rank":0,"controlFields":{"createdBy":"Automation_AdminUser_193923662","createdOn":"2018-09-18T09:41:00.839Z","lastModifiedBy":"Automation_AdminUser_193923662","lastModifiedOn":"2018-09-18T09:41:00.839Z","modelVersion":null}}]]>
            </line>
            <line>
              <![CDATA[</div>]]>
            </line>
            <line>
              <![CDATA[</div>]]>
            </line>
            <line>
              <![CDATA[</div>]]>
            </line>
            <line>
              <![CDATA[</div>]]>
            </line>
            <line>
              <![CDATA[</td>]]>
            </line>
            <line>
              <![CDATA[</tr>]]>
            </line>
            <line>
              <![CDATA[<tr class="table-success"><td colspan="2">Response status: expected=201 actual=201; Value: true</td></tr>]]>
            </line>
            <line>
              <![CDATA[<tr class="table-light"><td colspan="2">Customer of type Individual is successfully created</td></tr>]]>
            </line>
            <line>
              <![CDATA[<tr class="table-light"><td colspan="2">JSON file loaded successfully. File: /src/test/resources/ct/payload/A3S/User.json</td></tr>]]>
            </line>
            <line>
              <![CDATA[<tr class="table-light"><td colspan="2">JSON value updated. JSON path: $.users[0].id; Value: Automation_619967843_Individual</td></tr>]]>
            </line>
            <line>
              <![CDATA[<tr class="table-light"><td colspan="2">JSON value updated. JSON path: $.users[0].userName; Value: Automation_619967843_Individual</td></tr>]]>
            </line>
            <line>
              <![CDATA[<tr class="table-light"><td colspan="2">JSON value updated. JSON path: $.users[0].password; Value: Unix11!</td></tr>]]>
            </line>
            <line>
              <![CDATA[<tr class="table-light"><td colspan="2">JSON value updated. JSON path: $.users[0].roles; Value: [Ljava.lang.String;@7e70bd39</td></tr>]]>
            </line>
            <line>
              <![CDATA[<tr class="table-light"><td colspan="2">JSON value updated. JSON path: $.users[0].a3sUserExtension.properties.customerId; Value: Customer_40308</td></tr>]]>
            </line>
            <line>
              <![CDATA[<tr class="table-light"><td colspan="2">JSON value updated. JSON path: $.users[0].a3sUserExtension.properties.salesChannel; Value: SelfService</td></tr>]]>
            </line>
            <line>
              <![CDATA[<tr class="table-info"><td class="text-dark font-weight-bold">Request Type </td><td class="" >POST</td></tr>]]>
            </line>
            <line>
              <![CDATA[<tr><td class="text-dark font-weight-bold">URI </td><td class="" > http://ilocpde01w02.corp.amdocs.com:30525/asmServices/services/v1.0/users/bulk </td></tr>]]>
            </line>
            <line>
              <![CDATA[<tr><td class="text-dark font-weight-bold" colspan="2">Headers : </td></tr>]]>
            </line>
            <line>
              <![CDATA[<tr>]]>
            </line>
            <line>
              <![CDATA[<td class="text-dark font-weight-bold" >Authorization :</td>]]>
            </line>
            <line>
              <![CDATA[<td class="" >]]>
            </line>
            <line>
              <![CDATA[<a href="" class="alert-link" data-toggle="modal" data-target="#rest_assured_logger_modal_value_88">Show</a>]]>
            </line>
            <line>
              <![CDATA[<div class="modal fade"  id="rest_assured_logger_modal_value_88" tabindex="-1" role="dialog">]]>
            </line>
            <line>
              <![CDATA[<div class="modal-dialog" role="document">]]>
            </line>
            <line>
              <![CDATA[<div class="modal-content">]]>
            </line>
            <line>
              <![CDATA[<div class="modal-header text-white bg-info">]]>
            </line>
            <line>
              <![CDATA[<h5 class="modal-title" id="title1">Authorization</h5>]]>
            </line>
            <line>
              <![CDATA[<span class="h6 text-light ml-2 mt-2">(click on the Text to copy)</span>]]>
            </line>
            <line>
              <![CDATA[<button type="button" class="close" data-dismiss="modal" aria-label="Close">]]>
            </line>
            <line>
              <![CDATA[<span aria-hidden="true">&times;</span>]]>
            </line>
            <line>
              <![CDATA[</button>]]>
            </line>
            <line>
              <![CDATA[</div>]]>
            </line>
            <line>
              <![CDATA[<div onClick="copyMePlease(this)" class="modal-body">]]>
            </line>
            <line>
              <![CDATA[Basic YTNzRGVwbG95ZXI6QTNzRGVwbG95ZXIh]]>
            </line>
            <line>
              <![CDATA[</div>]]>
            </line>
            <line>
              <![CDATA[</div>]]>
            </line>
            <line>
              <![CDATA[</div>]]>
            </line>
            <line>
              <![CDATA[</div>]]>
            </line>
            <line>
              <![CDATA[</td>]]>
            </line>
            <line>
              <![CDATA[</tr>]]>
            </line>
            <line>
              <![CDATA[<tr><td class="text-dark font-weight-bold">Accept </td><td class="" > application/json </td></tr>]]>
            </line>
            <line>
              <![CDATA[<tr><td class="text-dark font-weight-bold">Content-Type </td><td class="" > application/json </td></tr>]]>
            </line>
            <line>
              <![CDATA[<tr>]]>
            </line>
            <line>
              <![CDATA[<td class="text-dark font-weight-bold" >Payload :</td>]]>
            </line>
            <line>
              <![CDATA[<td class="" >]]>
            </line>
            <line>
              <![CDATA[<a href="" class="alert-link" data-toggle="modal" data-target="#rest_assured_logger_modal_value_89">Show</a>]]>
            </line>
            <line>
              <![CDATA[<div class="modal fade"  id="rest_assured_logger_modal_value_89" tabindex="-1" role="dialog">]]>
            </line>
            <line>
              <![CDATA[<div class="modal-dialog" role="document">]]>
            </line>
            <line>
              <![CDATA[<div class="modal-content">]]>
            </line>
            <line>
              <![CDATA[<div class="modal-header text-white bg-info">]]>
            </line>
            <line>
              <![CDATA[<h5 class="modal-title" id="title1">Payload</h5>]]>
            </line>
            <line>
              <![CDATA[<span class="h6 text-light ml-2 mt-2">(click on the Text to copy)</span>]]>
            </line>
            <line>
              <![CDATA[<button type="button" class="close" data-dismiss="modal" aria-label="Close">]]>
            </line>
            <line>
              <![CDATA[<span aria-hidden="true">&times;</span>]]>
            </line>
            <line>
              <![CDATA[</button>]]>
            </line>
            <line>
              <![CDATA[</div>]]>
            </line>
            <line>
              <![CDATA[<div onClick="copyMePlease(this)" class="modal-body">]]>
            </line>
            <line>
              <![CDATA[{"users":[{"id":"Automation_619967843_Individual","userName":"Automation_619967843_Individual","userType":"UamsUser","password":"Unix11!","roles":["ChangeOwnershipRole","orderChangeOwnership","CatalogOne.importer","Write","GetCustomer","CreateCustomerEntity","SearchIndividual","PAP-Common","DeleteCreditProfile","csr","GetCustomerEntity","RetreivePaymentMethod","ProductOrderLauncherUpdate","CreateCustomer","AsmServicesAppIdentity","RetrieveCustomerEntity","AddRelatedParty","CreatePaymentMethod","UpdateCreditProfile","PAP-PU","AnonymousUserRole","ProductOrderLauncherRead","UpdateIndividual","ProductOrderLauncherDelete","RetrieveIndividual","DeleteIndividual","CreateIndividual","STS-Common","ProductOrderLauncherCreate","GetIndividual","EvaluateCreditProfile","AppTesterRole","RetrieveCustomer"],"a3sUserExtension":{"properties":{"OperatorID":154,"customerId":"Customer_40308","salesChannel":"SelfService"}}}],"operation":{"deleteFirst":true,"updateExisting":false,"createNew":true,"returnProcessedObjects":true,"failOnError":false}}]]>
            </line>
            <line>
              <![CDATA[</div>]]>
            </line>
            <line>
              <![CDATA[</div>]]>
            </line>
            <line>
              <![CDATA[</div>]]>
            </line>
            <line>
              <![CDATA[</div>]]>
            </line>
            <line>
              <![CDATA[</td>]]>
            </line>
            <line>
              <![CDATA[</tr>]]>
            </line>
            <line>
              <![CDATA[<tr>]]>
            </line>
            <line>
              <![CDATA[<td class="text-dark font-weight-bold" >Response Header :</td>]]>
            </line>
            <line>
              <![CDATA[<td class="" >]]>
            </line>
            <line>
              <![CDATA[<a href="" class="alert-link" data-toggle="modal" data-target="#modal_value_30">Show</a>]]>
            </line>
            <line>
              <![CDATA[<div class="modal fade"  id="modal_value_30" tabindex="-1" role="dialog">]]>
            </line>
            <line>
              <![CDATA[<div class="modal-dialog" role="document">]]>
            </line>
            <line>
              <![CDATA[<div class="modal-content">]]>
            </line>
            <line>
              <![CDATA[<div class="modal-header text-white bg-info">]]>
            </line>
            <line>
              <![CDATA[<h5 class="modal-title" id="title1">Response Header</h5>]]>
            </line>
            <line>
              <![CDATA[<span class="h6 text-light ml-2 mt-2">(click on the Text to copy)</span>]]>
            </line>
            <line>
              <![CDATA[<button type="button" class="close" data-dismiss="modal" aria-label="Close">]]>
            </line>
            <line>
              <![CDATA[<span aria-hidden="true">&times;</span>]]>
            </line>
            <line>
              <![CDATA[</button>]]>
            </line>
            <line>
              <![CDATA[</div>]]>
            </line>
            <line>
              <![CDATA[<div onClick="copyMePlease(this)" class="modal-body">]]>
            </line>
            <line>
              <![CDATA[X-Content-Type-Options=nosniff
	X-XSS-Protection=1; mode=block
	Cache-Control=no-cache, no-store, max-age=0, must-revalidate
	Pragma=no-cache
	Expires=0
	X-Frame-Options=DENY
	X-Application-Context=application:9191
	Date=Tue, 18 Sep 2018 09:41:01 GMT
	Content-Type=application/json
	Content-Length=1700]]>
            </line>
            <line>
              <![CDATA[</div>]]>
            </line>
            <line>
              <![CDATA[</div>]]>
            </line>
            <line>
              <![CDATA[</div>]]>
            </line>
            <line>
              <![CDATA[</div>]]>
            </line>
            <line>
              <![CDATA[</td>]]>
            </line>
            <line>
              <![CDATA[</tr>]]>
            </line>
            <line>
              <![CDATA[<tr>]]>
            </line>
            <line>
              <![CDATA[<td class="text-dark font-weight-bold" >Response :</td>]]>
            </line>
            <line>
              <![CDATA[<td class="" >]]>
            </line>
            <line>
              <![CDATA[<a href="" class="alert-link" data-toggle="modal" data-target="#rest_assured_logger_modal_value_90">Show</a>]]>
            </line>
            <line>
              <![CDATA[<div class="modal fade"  id="rest_assured_logger_modal_value_90" tabindex="-1" role="dialog">]]>
            </line>
            <line>
              <![CDATA[<div class="modal-dialog" role="document">]]>
            </line>
            <line>
              <![CDATA[<div class="modal-content">]]>
            </line>
            <line>
              <![CDATA[<div class="modal-header text-white bg-info">]]>
            </line>
            <line>
              <![CDATA[<h5 class="modal-title" id="title1">Response</h5>]]>
            </line>
            <line>
              <![CDATA[<span class="h6 text-light ml-2 mt-2">(click on the Text to copy)</span>]]>
            </line>
            <line>
              <![CDATA[<button type="button" class="close" data-dismiss="modal" aria-label="Close">]]>
            </line>
            <line>
              <![CDATA[<span aria-hidden="true">&times;</span>]]>
            </line>
            <line>
              <![CDATA[</button>]]>
            </line>
            <line>
              <![CDATA[</div>]]>
            </line>
            <line>
              <![CDATA[<div onClick="copyMePlease(this)" class="modal-body">]]>
            </line>
            <line>
              <![CDATA[{"deletedUsers":[],"createdUsers":[{"schemas":["urn:ietf:params:scim:schemas:core:2.0:User","urn:ietf:params:scim:schemas:extension:com.amdocs.a3s:2.0:User"],"id":"Automation_619967843_Individual","userName":"Automation_619967843_Individual","userType":"UamsUser","active":false,"password":null,"roles":["CreatePaymentMethod","ProductOrderLauncherRead","EvaluateCreditProfile","GetCustomer","RetreivePaymentMethod","STS-Common","CreateIndividual","GetCustomerEntity","DeleteCreditProfile","UpdateIndividual","orderChangeOwnership","SearchIndividual","GetIndividual","RetrieveCustomer","AnonymousUserRole","PAP-Common","CreateCustomerEntity","ProductOrderLauncherCreate","CatalogOne.importer","RetrieveIndividual","ProductOrderLauncherUpdate","ChangeOwnershipRole","CreateCustomer","AddRelatedParty","ProductOrderLauncherDelete","csr","AsmServicesAppIdentity","RetrieveCustomerEntity","DeleteIndividual","PAP-PU","AppTesterRole","UpdateCreditProfile","Write"],"a3sUserExtension":{"expiration":32535122400000,"effectiveDate":0,"successLoginDate":0,"badLoginDate":0,"badLoginCount":0,"isAccountNonExpired":true,"isAccountNonLocked":true,"isEnabled":true,"isAccountNeverExpired":false,"isExpiring":false,"isInEffective":false,"isCredentialsNonExpired":true,"isCredentialsExpiring":false,"isCredentialsReset":false,"properties":{"salesChannel":"SelfService","OperatorID":154,"customerId":"Customer_40308","UserType":"UamsUser"}},"metadata":{"resourceType":"User","created":1537228800000,"lastModified":1537228800000,"location":"http://ilocpde01w02.corp.amdocs.com:30525/asmServices/services/v1.0/users/bulk","version":null}}],"updatedUsers":[],"numDeleted":0,"numCreated":1,"numUpdated":0,"bulkErrors":[]}]]>
            </line>
            <line>
              <![CDATA[</div>]]>
            </line>
            <line>
              <![CDATA[</div>]]>
            </line>
            <line>
              <![CDATA[</div>]]>
            </line>
            <line>
              <![CDATA[</div>]]>
            </line>
            <line>
              <![CDATA[</td>]]>
            </line>
            <line>
              <![CDATA[</tr>]]>
            </line>
            <line>
              <![CDATA[<tr class="table-success"><td colspan="2">Response status: expected=201 actual=201; Value: true</td></tr>]]>
            </line>
            <line>
              <![CDATA[<tr class="table-warning"><td colspan="2">User UserIndividualSS created. User ID is: Automation_619967843_Individual</td></tr>]]>
            </line>
            <line>
              <![CDATA[<tr class="table-warning"><td colspan="2">Custom header: {"salesChannel":"SelfService","customerId":"Customer_40308","sessionId":"616157443"}</td></tr>]]>
            </line>
          </reporter-output>
        </test-method> <!-- createUser -->
        <test-method status="PASS" signature="loginUser(java.lang.String, java.lang.String, org.testng.ITestContext)[pri:0, instance:authentication.a3s.CreateA3SUser@76b0bfab]" name="loginUser" duration-ms="406" started-at="2018-09-18T15:11:01Z" finished-at="2018-09-18T15:11:02Z">
          <params>
            <param index="0">
              <value>
                <![CDATA[UserIndividualSS]]>
              </value>
            </param>
            <param index="1">
              <value>
                <![CDATA[SS]]>
              </value>
            </param>
            <param index="2">
              <value>
                <![CDATA[org.testng.TestRunner@695a69a1]]>
              </value>
            </param>
          </params>
          <reporter-output>
            <line>
              <![CDATA[<tr class="table-info"><td class="text-dark font-weight-bold">Request Type </td><td class="" >POST</td></tr>]]>
            </line>
            <line>
              <![CDATA[<tr><td class="text-dark font-weight-bold">URI </td><td class="" > http://ilocpde01w02.corp.amdocs.com:30525/asmServices/services/v1.0/auth/tokens </td></tr>]]>
            </line>
            <line>
              <![CDATA[<tr><td class="text-dark font-weight-bold" colspan="2">Headers : </td></tr>]]>
            </line>
            <line>
              <![CDATA[<tr>]]>
            </line>
            <line>
              <![CDATA[<td class="text-dark font-weight-bold" >Authorization :</td>]]>
            </line>
            <line>
              <![CDATA[<td class="" >]]>
            </line>
            <line>
              <![CDATA[<a href="" class="alert-link" data-toggle="modal" data-target="#rest_assured_logger_modal_value_91">Show</a>]]>
            </line>
            <line>
              <![CDATA[<div class="modal fade"  id="rest_assured_logger_modal_value_91" tabindex="-1" role="dialog">]]>
            </line>
            <line>
              <![CDATA[<div class="modal-dialog" role="document">]]>
            </line>
            <line>
              <![CDATA[<div class="modal-content">]]>
            </line>
            <line>
              <![CDATA[<div class="modal-header text-white bg-info">]]>
            </line>
            <line>
              <![CDATA[<h5 class="modal-title" id="title1">Authorization</h5>]]>
            </line>
            <line>
              <![CDATA[<span class="h6 text-light ml-2 mt-2">(click on the Text to copy)</span>]]>
            </line>
            <line>
              <![CDATA[<button type="button" class="close" data-dismiss="modal" aria-label="Close">]]>
            </line>
            <line>
              <![CDATA[<span aria-hidden="true">&times;</span>]]>
            </line>
            <line>
              <![CDATA[</button>]]>
            </line>
            <line>
              <![CDATA[</div>]]>
            </line>
            <line>
              <![CDATA[<div onClick="copyMePlease(this)" class="modal-body">]]>
            </line>
            <line>
              <![CDATA[Basic TWFpbklzc3VlcjpVbml4MTEh]]>
            </line>
            <line>
              <![CDATA[</div>]]>
            </line>
            <line>
              <![CDATA[</div>]]>
            </line>
            <line>
              <![CDATA[</div>]]>
            </line>
            <line>
              <![CDATA[</div>]]>
            </line>
            <line>
              <![CDATA[</td>]]>
            </line>
            <line>
              <![CDATA[</tr>]]>
            </line>
            <line>
              <![CDATA[<tr><td class="text-dark font-weight-bold">Accept </td><td class="" > application/json </td></tr>]]>
            </line>
            <line>
              <![CDATA[<tr><td class="text-dark font-weight-bold">Content-Type </td><td class="" > application/json </td></tr>]]>
            </line>
            <line>
              <![CDATA[<tr>]]>
            </line>
            <line>
              <![CDATA[<td class="text-dark font-weight-bold" >Payload :</td>]]>
            </line>
            <line>
              <![CDATA[<td class="" >]]>
            </line>
            <line>
              <![CDATA[<a href="" class="alert-link" data-toggle="modal" data-target="#rest_assured_logger_modal_value_92">Show</a>]]>
            </line>
            <line>
              <![CDATA[<div class="modal fade"  id="rest_assured_logger_modal_value_92" tabindex="-1" role="dialog">]]>
            </line>
            <line>
              <![CDATA[<div class="modal-dialog" role="document">]]>
            </line>
            <line>
              <![CDATA[<div class="modal-content">]]>
            </line>
            <line>
              <![CDATA[<div class="modal-header text-white bg-info">]]>
            </line>
            <line>
              <![CDATA[<h5 class="modal-title" id="title1">Payload</h5>]]>
            </line>
            <line>
              <![CDATA[<span class="h6 text-light ml-2 mt-2">(click on the Text to copy)</span>]]>
            </line>
            <line>
              <![CDATA[<button type="button" class="close" data-dismiss="modal" aria-label="Close">]]>
            </line>
            <line>
              <![CDATA[<span aria-hidden="true">&times;</span>]]>
            </line>
            <line>
              <![CDATA[</button>]]>
            </line>
            <line>
              <![CDATA[</div>]]>
            </line>
            <line>
              <![CDATA[<div onClick="copyMePlease(this)" class="modal-body">]]>
            </line>
            <line>
              <![CDATA[{"auth":{"dialects":["A3S_Core_Public","Customer_Info"],"token-type":"JWT","token-expiration":null,"on-behalf-of":{"type":"USER_PASSWORD","user-credentials":{"username":"Automation_619967843_Individual","password":"Unix11!"}}}}]]>
            </line>
            <line>
              <![CDATA[</div>]]>
            </line>
            <line>
              <![CDATA[</div>]]>
            </line>
            <line>
              <![CDATA[</div>]]>
            </line>
            <line>
              <![CDATA[</div>]]>
            </line>
            <line>
              <![CDATA[</td>]]>
            </line>
            <line>
              <![CDATA[</tr>]]>
            </line>
            <line>
              <![CDATA[<tr>]]>
            </line>
            <line>
              <![CDATA[<td class="text-dark font-weight-bold" >Response Header :</td>]]>
            </line>
            <line>
              <![CDATA[<td class="" >]]>
            </line>
            <line>
              <![CDATA[<a href="" class="alert-link" data-toggle="modal" data-target="#modal_value_31">Show</a>]]>
            </line>
            <line>
              <![CDATA[<div class="modal fade"  id="modal_value_31" tabindex="-1" role="dialog">]]>
            </line>
            <line>
              <![CDATA[<div class="modal-dialog" role="document">]]>
            </line>
            <line>
              <![CDATA[<div class="modal-content">]]>
            </line>
            <line>
              <![CDATA[<div class="modal-header text-white bg-info">]]>
            </line>
            <line>
              <![CDATA[<h5 class="modal-title" id="title1">Response Header</h5>]]>
            </line>
            <line>
              <![CDATA[<span class="h6 text-light ml-2 mt-2">(click on the Text to copy)</span>]]>
            </line>
            <line>
              <![CDATA[<button type="button" class="close" data-dismiss="modal" aria-label="Close">]]>
            </line>
            <line>
              <![CDATA[<span aria-hidden="true">&times;</span>]]>
            </line>
            <line>
              <![CDATA[</button>]]>
            </line>
            <line>
              <![CDATA[</div>]]>
            </line>
            <line>
              <![CDATA[<div onClick="copyMePlease(this)" class="modal-body">]]>
            </line>
            <line>
              <![CDATA[X-Content-Type-Options=nosniff
	X-XSS-Protection=1; mode=block
	Cache-Control=no-cache, no-store, max-age=0, must-revalidate
	Pragma=no-cache
	Expires=0
	X-Frame-Options=DENY
	X-Application-Context=application:9191
	Date=Tue, 18 Sep 2018 09:41:01 GMT
	Content-Type=application/json
	Content-Length=1768]]>
            </line>
            <line>
              <![CDATA[</div>]]>
            </line>
            <line>
              <![CDATA[</div>]]>
            </line>
            <line>
              <![CDATA[</div>]]>
            </line>
            <line>
              <![CDATA[</div>]]>
            </line>
            <line>
              <![CDATA[</td>]]>
            </line>
            <line>
              <![CDATA[</tr>]]>
            </line>
            <line>
              <![CDATA[<tr>]]>
            </line>
            <line>
              <![CDATA[<td class="text-dark font-weight-bold" >Response :</td>]]>
            </line>
            <line>
              <![CDATA[<td class="" >]]>
            </line>
            <line>
              <![CDATA[<a href="" class="alert-link" data-toggle="modal" data-target="#rest_assured_logger_modal_value_93">Show</a>]]>
            </line>
            <line>
              <![CDATA[<div class="modal fade"  id="rest_assured_logger_modal_value_93" tabindex="-1" role="dialog">]]>
            </line>
            <line>
              <![CDATA[<div class="modal-dialog" role="document">]]>
            </line>
            <line>
              <![CDATA[<div class="modal-content">]]>
            </line>
            <line>
              <![CDATA[<div class="modal-header text-white bg-info">]]>
            </line>
            <line>
              <![CDATA[<h5 class="modal-title" id="title1">Response</h5>]]>
            </line>
            <line>
              <![CDATA[<span class="h6 text-light ml-2 mt-2">(click on the Text to copy)</span>]]>
            </line>
            <line>
              <![CDATA[<button type="button" class="close" data-dismiss="modal" aria-label="Close">]]>
            </line>
            <line>
              <![CDATA[<span aria-hidden="true">&times;</span>]]>
            </line>
            <line>
              <![CDATA[</button>]]>
            </line>
            <line>
              <![CDATA[</div>]]>
            </line>
            <line>
              <![CDATA[<div onClick="copyMePlease(this)" class="modal-body">]]>
            </line>
            <line>
              <![CDATA[{"subjectToken":"eyJ4NXQjUzI1NiI6IkxEbGVvYldaYmVZcG9pb0Q0R1hrMWp3US8rUWd1MUs1eXNzQ1JpN3BtelE9IiwidHlwIjoiSldUIiwiYWxnIjoiUlMyNTYifQ.eyJzdWIiOiJBdXRvbWF0aW9uXzYxOTk2Nzg0M19JbmRpdmlkdWFsIiwicm9sZXMiOlsiQ3JlYXRlQ3VzdG9tZXJFbnRpdHkiLCJTVFMtQ29tbW9uIiwiR2V0Q3VzdG9tZXIiLCJvcmRlckNoYW5nZU93bmVyc2hpcCIsIkV2YWx1YXRlQ3JlZGl0UHJvZmlsZSIsIlNlYXJjaEluZGl2aWR1YWwiLCJXcml0ZSIsIkNyZWF0ZVBheW1lbnRNZXRob2QiLCJVcGRhdGVJbmRpdmlkdWFsIiwiQ3JlYXRlSW5kaXZpZHVhbCIsIlByb2R1Y3RPcmRlckxhdW5jaGVyVXBkYXRlIiwiQWRkUmVsYXRlZFBhcnR5IiwiUEFQLVBVIiwiUHJvZHVjdE9yZGVyTGF1bmNoZXJDcmVhdGUiLCJQcm9kdWN0T3JkZXJMYXVuY2hlckRlbGV0ZSIsIkFzbVNlcnZpY2VzQXBwSWRlbnRpdHkiLCJSZXRyaWV2ZUN1c3RvbWVyRW50aXR5IiwiQXBwVGVzdGVyUm9sZSIsIlJldHJpZXZlSW5kaXZpZHVhbCIsImNzciIsIkNoYW5nZU93bmVyc2hpcFJvbGUiLCJHZXRJbmRpdmlkdWFsIiwiR2V0Q3VzdG9tZXJFbnRpdHkiLCJBbm9ueW1vdXNVc2VyUm9sZSIsIkRlbGV0ZUluZGl2aWR1YWwiLCJDcmVhdGVDdXN0b21lciIsIlVwZGF0ZUNyZWRpdFByb2ZpbGUiLCJEZWxldGVDcmVkaXRQcm9maWxlIiwiUHJvZHVjdE9yZGVyTGF1bmNoZXJSZWFkIiwiQ2F0YWxvZ09uZS5pbXBvcnRlciIsIlJldHJpZXZlQ3VzdG9tZXIiLCJSZXRyZWl2ZVBheW1lbnRNZXRob2QiLCJQQVAtQ29tbW9uIl0sImN1c3RvbWVySWQiOiJDdXN0b21lcl80MDMwOCIsImlzcyI6IkEzU1pvbmUxQEEzUy5hbWRvY3MuY29tIiwib2l0IjoxNTM3MjYzNjYxLCJzYWxlc0NoYW5uZWwiOiJTZWxmU2VydmljZSIsImV4cCI6MTUzNzI3MDg2MSwiaWF0IjoxNTM3MjYzNjYxLCJ0dGwiOjE1MzcyOTI0NjEsImp0aSI6ImNlZTlmNmY1YWU1MTZjZTJiZmU4MWMzZWZkZTgzNjAwYjVhMmY4YTg4ZWE3ODk5MTM0YTExMTYzZWFlYjRkNjIifQ.dXtXc2kNxzUZdfDBdmw81e8Jmr0wtZpsePmvqE8HNiHKSAT4IpfkW6VsAi7oSe8-ID3bbPGkDWh0U7lctqxX9hB7LCEXGamt7hrgC38MOZeLXSicig1O_0_IIIFVc9b5T_G9Zfy0XF8KQyWC7FksN3NxUU8gNr7ck-ZUkmKEDV1FoyfsTZgQDAthv3FU3nOnyd_rQ33EKQFbpHmvbm3gmz4pb1liY5xkUeGM_Eh0gq7oTeg7BiR0rrZoHktCgJzKexvhupLADp_a-qW9p0GMcbemj7GafZ0MWDOeBN4kXfXbw3AxBAjfyP9s5_SLzjdexfDoczneyYF4sCrPwxtxWg","subjectTokenExpiration":"1537270861000"}]]>
            </line>
            <line>
              <![CDATA[</div>]]>
            </line>
            <line>
              <![CDATA[</div>]]>
            </line>
            <line>
              <![CDATA[</div>]]>
            </line>
            <line>
              <![CDATA[</div>]]>
            </line>
            <line>
              <![CDATA[</td>]]>
            </line>
            <line>
              <![CDATA[</tr>]]>
            </line>
            <line>
              <![CDATA[<tr class="table-light"><td colspan="2">A3SUser set to Suite context; User Automation_619967843_Individual</td></tr>]]>
            </line>
            <line>
              <![CDATA[<tr class="table-light"><td colspan="2">Token for UserIndividualSS is: </td></tr>]]>
            </line>
            <line>
              <![CDATA[<tr class="table-light"><td colspan="2">Bearer eyJ4NXQjUzI1NiI6IkxEbGVvYldaYmVZcG9pb0Q0R1hrMWp3US8rUWd1MUs1eXNzQ1JpN3BtelE9IiwidHlwIjoiSldUIiwiYWxnIjoiUlMyNTYifQ.eyJzdWIiOiJBdXRvbWF0aW9uXzYxOTk2Nzg0M19JbmRpdmlkdWFsIiwicm9sZXMiOlsiQ3JlYXRlQ3VzdG9tZXJFbnRpdHkiLCJTVFMtQ29tbW9uIiwiR2V0Q3VzdG9tZXIiLCJvcmRlckNoYW5nZU93bmVyc2hpcCIsIkV2YWx1YXRlQ3JlZGl0UHJvZmlsZSIsIlNlYXJjaEluZGl2aWR1YWwiLCJXcml0ZSIsIkNyZWF0ZVBheW1lbnRNZXRob2QiLCJVcGRhdGVJbmRpdmlkdWFsIiwiQ3JlYXRlSW5kaXZpZHVhbCIsIlByb2R1Y3RPcmRlckxhdW5jaGVyVXBkYXRlIiwiQWRkUmVsYXRlZFBhcnR5IiwiUEFQLVBVIiwiUHJvZHVjdE9yZGVyTGF1bmNoZXJDcmVhdGUiLCJQcm9kdWN0T3JkZXJMYXVuY2hlckRlbGV0ZSIsIkFzbVNlcnZpY2VzQXBwSWRlbnRpdHkiLCJSZXRyaWV2ZUN1c3RvbWVyRW50aXR5IiwiQXBwVGVzdGVyUm9sZSIsIlJldHJpZXZlSW5kaXZpZHVhbCIsImNzciIsIkNoYW5nZU93bmVyc2hpcFJvbGUiLCJHZXRJbmRpdmlkdWFsIiwiR2V0Q3VzdG9tZXJFbnRpdHkiLCJBbm9ueW1vdXNVc2VyUm9sZSIsIkRlbGV0ZUluZGl2aWR1YWwiLCJDcmVhdGVDdXN0b21lciIsIlVwZGF0ZUNyZWRpdFByb2ZpbGUiLCJEZWxldGVDcmVkaXRQcm9maWxlIiwiUHJvZHVjdE9yZGVyTGF1bmNoZXJSZWFkIiwiQ2F0YWxvZ09uZS5pbXBvcnRlciIsIlJldHJpZXZlQ3VzdG9tZXIiLCJSZXRyZWl2ZVBheW1lbnRNZXRob2QiLCJQQVAtQ29tbW9uIl0sImN1c3RvbWVySWQiOiJDdXN0b21lcl80MDMwOCIsImlzcyI6IkEzU1pvbmUxQEEzUy5hbWRvY3MuY29tIiwib2l0IjoxNTM3MjYzNjYxLCJzYWxlc0NoYW5uZWwiOiJTZWxmU2VydmljZSIsImV4cCI6MTUzNzI3MDg2MSwiaWF0IjoxNTM3MjYzNjYxLCJ0dGwiOjE1MzcyOTI0NjEsImp0aSI6ImNlZTlmNmY1YWU1MTZjZTJiZmU4MWMzZWZkZTgzNjAwYjVhMmY4YTg4ZWE3ODk5MTM0YTExMTYzZWFlYjRkNjIifQ.dXtXc2kNxzUZdfDBdmw81e8Jmr0wtZpsePmvqE8HNiHKSAT4IpfkW6VsAi7oSe8-ID3bbPGkDWh0U7lctqxX9hB7LCEXGamt7hrgC38MOZeLXSicig1O_0_IIIFVc9b5T_G9Zfy0XF8KQyWC7FksN3NxUU8gNr7ck-ZUkmKEDV1FoyfsTZgQDAthv3FU3nOnyd_rQ33EKQFbpHmvbm3gmz4pb1liY5xkUeGM_Eh0gq7oTeg7BiR0rrZoHktCgJzKexvhupLADp_a-qW9p0GMcbemj7GafZ0MWDOeBN4kXfXbw3AxBAjfyP9s5_SLzjdexfDoczneyYF4sCrPwxtxWg</td></tr>]]>
            </line>
          </reporter-output>
        </test-method> <!-- loginUser -->
      </class> <!-- authentication.a3s.CreateA3SUser -->
    </test> <!-- Create UserIndividualSS -->
    <test name="CATEGORY-MS_Test_All_Categories" duration-ms="416" started-at="2018-09-18T09:41:02Z" finished-at="2018-09-18T09:41:02Z">
      <class name="productofferingdiscovery.GetCategory">
        <test-method status="PASS" signature="beforeTestMethodToSkipIfPreviousTestFailed(org.testng.ITestContext)[pri:0, instance:productofferingdiscovery.GetCategory@69a3d1d]" name="beforeTestMethodToSkipIfPreviousTestFailed" is-config="true" duration-ms="0" started-at="2018-09-18T15:11:02Z" finished-at="2018-09-18T15:11:02Z">
          <params>
            <param index="0">
              <value>
                <![CDATA[org.testng.TestRunner@6df7988f]]>
              </value>
            </param>
          </params>
          <reporter-output>
          </reporter-output>
        </test-method> <!-- beforeTestMethodToSkipIfPreviousTestFailed -->
        <test-method status="PASS" signature="getAllCategories(java.lang.String, org.testng.ITestContext)[pri:0, instance:productofferingdiscovery.GetCategory@69a3d1d]" name="getAllCategories" duration-ms="415" started-at="2018-09-18T15:11:02Z" finished-at="2018-09-18T15:11:02Z">
          <params>
            <param index="0">
              <value>
                <![CDATA[Call Center]]>
              </value>
            </param>
            <param index="1">
              <value>
                <![CDATA[org.testng.TestRunner@6df7988f]]>
              </value>
            </param>
          </params>
          <reporter-output>
            <line>
              <![CDATA[<tr class="table-info"><td class="text-dark font-weight-bold">Request Type </td><td class="" >GET</td></tr>]]>
            </line>
            <line>
              <![CDATA[<tr><td class="text-dark font-weight-bold">URI </td><td class="" > http://ilocpde01w02.corp.amdocs.com:35227/productOfferingDiscovery/v1/category?salesChannel=SelfService </td></tr>]]>
            </line>
            <line>
              <![CDATA[<tr><td class="text-dark font-weight-bold" colspan="2">Headers : </td></tr>]]>
            </line>
            <line>
              <![CDATA[<tr>]]>
            </line>
            <line>
              <![CDATA[<td class="text-dark font-weight-bold" >Authorization :</td>]]>
            </line>
            <line>
              <![CDATA[<td class="" >]]>
            </line>
            <line>
              <![CDATA[<a href="" class="alert-link" data-toggle="modal" data-target="#rest_assured_logger_modal_value_94">Show</a>]]>
            </line>
            <line>
              <![CDATA[<div class="modal fade"  id="rest_assured_logger_modal_value_94" tabindex="-1" role="dialog">]]>
            </line>
            <line>
              <![CDATA[<div class="modal-dialog" role="document">]]>
            </line>
            <line>
              <![CDATA[<div class="modal-content">]]>
            </line>
            <line>
              <![CDATA[<div class="modal-header text-white bg-info">]]>
            </line>
            <line>
              <![CDATA[<h5 class="modal-title" id="title1">Authorization</h5>]]>
            </line>
            <line>
              <![CDATA[<span class="h6 text-light ml-2 mt-2">(click on the Text to copy)</span>]]>
            </line>
            <line>
              <![CDATA[<button type="button" class="close" data-dismiss="modal" aria-label="Close">]]>
            </line>
            <line>
              <![CDATA[<span aria-hidden="true">&times;</span>]]>
            </line>
            <line>
              <![CDATA[</button>]]>
            </line>
            <line>
              <![CDATA[</div>]]>
            </line>
            <line>
              <![CDATA[<div onClick="copyMePlease(this)" class="modal-body">]]>
            </line>
            <line>
              <![CDATA[Bearer eyJ4NXQjUzI1NiI6IkxEbGVvYldaYmVZcG9pb0Q0R1hrMWp3US8rUWd1MUs1eXNzQ1JpN3BtelE9IiwidHlwIjoiSldUIiwiYWxnIjoiUlMyNTYifQ.eyJzdWIiOiJBdXRvbWF0aW9uXzYxOTk2Nzg0M19JbmRpdmlkdWFsIiwicm9sZXMiOlsiQ3JlYXRlQ3VzdG9tZXJFbnRpdHkiLCJTVFMtQ29tbW9uIiwiR2V0Q3VzdG9tZXIiLCJvcmRlckNoYW5nZU93bmVyc2hpcCIsIkV2YWx1YXRlQ3JlZGl0UHJvZmlsZSIsIlNlYXJjaEluZGl2aWR1YWwiLCJXcml0ZSIsIkNyZWF0ZVBheW1lbnRNZXRob2QiLCJVcGRhdGVJbmRpdmlkdWFsIiwiQ3JlYXRlSW5kaXZpZHVhbCIsIlByb2R1Y3RPcmRlckxhdW5jaGVyVXBkYXRlIiwiQWRkUmVsYXRlZFBhcnR5IiwiUEFQLVBVIiwiUHJvZHVjdE9yZGVyTGF1bmNoZXJDcmVhdGUiLCJQcm9kdWN0T3JkZXJMYXVuY2hlckRlbGV0ZSIsIkFzbVNlcnZpY2VzQXBwSWRlbnRpdHkiLCJSZXRyaWV2ZUN1c3RvbWVyRW50aXR5IiwiQXBwVGVzdGVyUm9sZSIsIlJldHJpZXZlSW5kaXZpZHVhbCIsImNzciIsIkNoYW5nZU93bmVyc2hpcFJvbGUiLCJHZXRJbmRpdmlkdWFsIiwiR2V0Q3VzdG9tZXJFbnRpdHkiLCJBbm9ueW1vdXNVc2VyUm9sZSIsIkRlbGV0ZUluZGl2aWR1YWwiLCJDcmVhdGVDdXN0b21lciIsIlVwZGF0ZUNyZWRpdFByb2ZpbGUiLCJEZWxldGVDcmVkaXRQcm9maWxlIiwiUHJvZHVjdE9yZGVyTGF1bmNoZXJSZWFkIiwiQ2F0YWxvZ09uZS5pbXBvcnRlciIsIlJldHJpZXZlQ3VzdG9tZXIiLCJSZXRyZWl2ZVBheW1lbnRNZXRob2QiLCJQQVAtQ29tbW9uIl0sImN1c3RvbWVySWQiOiJDdXN0b21lcl80MDMwOCIsImlzcyI6IkEzU1pvbmUxQEEzUy5hbWRvY3MuY29tIiwib2l0IjoxNTM3MjYzNjYxLCJzYWxlc0NoYW5uZWwiOiJTZWxmU2VydmljZSIsImV4cCI6MTUzNzI3MDg2MSwiaWF0IjoxNTM3MjYzNjYxLCJ0dGwiOjE1MzcyOTI0NjEsImp0aSI6ImNlZTlmNmY1YWU1MTZjZTJiZmU4MWMzZWZkZTgzNjAwYjVhMmY4YTg4ZWE3ODk5MTM0YTExMTYzZWFlYjRkNjIifQ.dXtXc2kNxzUZdfDBdmw81e8Jmr0wtZpsePmvqE8HNiHKSAT4IpfkW6VsAi7oSe8-ID3bbPGkDWh0U7lctqxX9hB7LCEXGamt7hrgC38MOZeLXSicig1O_0_IIIFVc9b5T_G9Zfy0XF8KQyWC7FksN3NxUU8gNr7ck-ZUkmKEDV1FoyfsTZgQDAthv3FU3nOnyd_rQ33EKQFbpHmvbm3gmz4pb1liY5xkUeGM_Eh0gq7oTeg7BiR0rrZoHktCgJzKexvhupLADp_a-qW9p0GMcbemj7GafZ0MWDOeBN4kXfXbw3AxBAjfyP9s5_SLzjdexfDoczneyYF4sCrPwxtxWg]]>
            </line>
            <line>
              <![CDATA[</div>]]>
            </line>
            <line>
              <![CDATA[</div>]]>
            </line>
            <line>
              <![CDATA[</div>]]>
            </line>
            <line>
              <![CDATA[</div>]]>
            </line>
            <line>
              <![CDATA[</td>]]>
            </line>
            <line>
              <![CDATA[</tr>]]>
            </line>
            <line>
              <![CDATA[<tr><td class="text-dark font-weight-bold">Accept-Language </td><td class="" > en_US </td></tr>]]>
            </line>
            <line>
              <![CDATA[<tr><td class="text-dark font-weight-bold">Content-Type </td><td class="" > application/json </td></tr>]]>
            </line>
            <line>
              <![CDATA[<tr>]]>
            </line>
            <line>
              <![CDATA[<td class="text-dark font-weight-bold" >Payload :</td>]]>
            </line>
            <line>
              <![CDATA[<td class="" >]]>
            </line>
            <line>
              <![CDATA[<a href="" class="alert-link" data-toggle="modal" data-target="#rest_assured_logger_modal_value_95">Show</a>]]>
            </line>
            <line>
              <![CDATA[<div class="modal fade"  id="rest_assured_logger_modal_value_95" tabindex="-1" role="dialog">]]>
            </line>
            <line>
              <![CDATA[<div class="modal-dialog" role="document">]]>
            </line>
            <line>
              <![CDATA[<div class="modal-content">]]>
            </line>
            <line>
              <![CDATA[<div class="modal-header text-white bg-info">]]>
            </line>
            <line>
              <![CDATA[<h5 class="modal-title" id="title1">Payload</h5>]]>
            </line>
            <line>
              <![CDATA[<span class="h6 text-light ml-2 mt-2">(click on the Text to copy)</span>]]>
            </line>
            <line>
              <![CDATA[<button type="button" class="close" data-dismiss="modal" aria-label="Close">]]>
            </line>
            <line>
              <![CDATA[<span aria-hidden="true">&times;</span>]]>
            </line>
            <line>
              <![CDATA[</button>]]>
            </line>
            <line>
              <![CDATA[</div>]]>
            </line>
            <line>
              <![CDATA[<div onClick="copyMePlease(this)" class="modal-body">]]>
            </line>
            <line>
              <![CDATA[None]]>
            </line>
            <line>
              <![CDATA[</div>]]>
            </line>
            <line>
              <![CDATA[</div>]]>
            </line>
            <line>
              <![CDATA[</div>]]>
            </line>
            <line>
              <![CDATA[</div>]]>
            </line>
            <line>
              <![CDATA[</td>]]>
            </line>
            <line>
              <![CDATA[</tr>]]>
            </line>
            <line>
              <![CDATA[<tr>]]>
            </line>
            <line>
              <![CDATA[<td class="text-dark font-weight-bold" >Response Header :</td>]]>
            </line>
            <line>
              <![CDATA[<td class="" >]]>
            </line>
            <line>
              <![CDATA[<a href="" class="alert-link" data-toggle="modal" data-target="#modal_value_32">Show</a>]]>
            </line>
            <line>
              <![CDATA[<div class="modal fade"  id="modal_value_32" tabindex="-1" role="dialog">]]>
            </line>
            <line>
              <![CDATA[<div class="modal-dialog" role="document">]]>
            </line>
            <line>
              <![CDATA[<div class="modal-content">]]>
            </line>
            <line>
              <![CDATA[<div class="modal-header text-white bg-info">]]>
            </line>
            <line>
              <![CDATA[<h5 class="modal-title" id="title1">Response Header</h5>]]>
            </line>
            <line>
              <![CDATA[<span class="h6 text-light ml-2 mt-2">(click on the Text to copy)</span>]]>
            </line>
            <line>
              <![CDATA[<button type="button" class="close" data-dismiss="modal" aria-label="Close">]]>
            </line>
            <line>
              <![CDATA[<span aria-hidden="true">&times;</span>]]>
            </line>
            <line>
              <![CDATA[</button>]]>
            </line>
            <line>
              <![CDATA[</div>]]>
            </line>
            <line>
              <![CDATA[<div onClick="copyMePlease(this)" class="modal-body">]]>
            </line>
            <line>
              <![CDATA[X-Content-Type-Options=nosniff
	X-XSS-Protection=1; mode=block
	Cache-Control=no-cache, no-store, max-age=0, must-revalidate
	Pragma=no-cache
	Expires=0
	X-Frame-Options=DENY
	X-Application-Context=pod-category-ms:8080
	Content-Type=application/json;charset=UTF-8
	Content-Length=5873
	Date=Tue, 18 Sep 2018 09:41:02 GMT]]>
            </line>
            <line>
              <![CDATA[</div>]]>
            </line>
            <line>
              <![CDATA[</div>]]>
            </line>
            <line>
              <![CDATA[</div>]]>
            </line>
            <line>
              <![CDATA[</div>]]>
            </line>
            <line>
              <![CDATA[</td>]]>
            </line>
            <line>
              <![CDATA[</tr>]]>
            </line>
            <line>
              <![CDATA[<tr>]]>
            </line>
            <line>
              <![CDATA[<td class="text-dark font-weight-bold" >Response :</td>]]>
            </line>
            <line>
              <![CDATA[<td class="" >]]>
            </line>
            <line>
              <![CDATA[<a href="" class="alert-link" data-toggle="modal" data-target="#rest_assured_logger_modal_value_96">Show</a>]]>
            </line>
            <line>
              <![CDATA[<div class="modal fade"  id="rest_assured_logger_modal_value_96" tabindex="-1" role="dialog">]]>
            </line>
            <line>
              <![CDATA[<div class="modal-dialog" role="document">]]>
            </line>
            <line>
              <![CDATA[<div class="modal-content">]]>
            </line>
            <line>
              <![CDATA[<div class="modal-header text-white bg-info">]]>
            </line>
            <line>
              <![CDATA[<h5 class="modal-title" id="title1">Response</h5>]]>
            </line>
            <line>
              <![CDATA[<span class="h6 text-light ml-2 mt-2">(click on the Text to copy)</span>]]>
            </line>
            <line>
              <![CDATA[<button type="button" class="close" data-dismiss="modal" aria-label="Close">]]>
            </line>
            <line>
              <![CDATA[<span aria-hidden="true">&times;</span>]]>
            </line>
            <line>
              <![CDATA[</button>]]>
            </line>
            <line>
              <![CDATA[</div>]]>
            </line>
            <line>
              <![CDATA[<div onClick="copyMePlease(this)" class="modal-body">]]>
            </line>
            <line>
              <![CDATA[[{"link":"Category","href":null,"rel":null,"id":"54ce2957b76b4354ad87d1e0c84c3682","name":null,"displayName":"Plan & Services","description":null,"isRoot":true,"rootId":null,"isLeaf":false,"categories":[{"link":"Category","href":null,"rel":null,"id":"11c97c9436f04f41b2ac85f5e99b1980","name":null,"displayName":"Mobile Plan","description":null,"isRoot":false,"rootId":"54ce2957b76b4354ad87d1e0c84c3682","isLeaf":false,"categories":[{"link":"Category","href":null,"rel":null,"id":"88ea7a01d5aa4fc681315e204abbd701","name":null,"displayName":"Data Plans","description":null,"isRoot":false,"rootId":"54ce2957b76b4354ad87d1e0c84c3682","isLeaf":true,"categories":[],"filterCharacteristic":[]},{"link":"Category","href":null,"rel":null,"id":"f6b20ad772174990a40d16a6e7ac27f1","name":null,"displayName":"Pay On Bill","description":null,"isRoot":false,"rootId":"54ce2957b76b4354ad87d1e0c84c3682","isLeaf":true,"categories":[],"filterCharacteristic":[]},{"link":"Category","href":null,"rel":null,"id":"df8d856d2f5e40e7a541df724ed2e126","name":null,"displayName":"SIM Only","description":null,"isRoot":false,"rootId":"54ce2957b76b4354ad87d1e0c84c3682","isLeaf":true,"categories":[],"filterCharacteristic":[]},{"link":"Category","href":null,"rel":null,"id":"5b08ebc8a9c647d39b518d93a690ea13","name":null,"displayName":"Prepay","description":null,"isRoot":false,"rootId":"54ce2957b76b4354ad87d1e0c84c3682","isLeaf":true,"categories":[],"filterCharacteristic":[]}],"filterCharacteristic":[]},{"link":"Category","href":null,"rel":null,"id":"c08f312f83844ee38ee1647f0952f60b","name":null,"displayName":"Mobile Services","description":null,"isRoot":false,"rootId":"54ce2957b76b4354ad87d1e0c84c3682","isLeaf":false,"categories":[{"link":"Category","href":null,"rel":null,"id":"6745ffca94844eac9ce3d9ca0a85840a","name":null,"displayName":"Additional Packages","description":null,"isRoot":false,"rootId":"54ce2957b76b4354ad87d1e0c84c3682","isLeaf":true,"categories":[],"filterCharacteristic":[]},{"link":"Category","href":null,"rel":null,"id":"8156bcd79fb3418c92f493d112b3eb04","name":null,"displayName":"More Services","description":null,"isRoot":false,"rootId":"54ce2957b76b4354ad87d1e0c84c3682","isLeaf":true,"categories":[],"filterCharacteristic":[]},{"link":"Category","href":null,"rel":null,"id":"b0510f465ee2401fb3d113853e3c1b07","name":null,"displayName":"Applications","description":null,"isRoot":false,"rootId":"54ce2957b76b4354ad87d1e0c84c3682","isLeaf":true,"categories":[],"filterCharacteristic":[]},{"link":"Category","href":null,"rel":null,"id":"ae9ba700ff4e43188ea65b015dc4f50c","name":null,"displayName":"Roaming Packages","description":null,"isRoot":false,"rootId":"54ce2957b76b4354ad87d1e0c84c3682","isLeaf":true,"categories":[],"filterCharacteristic":[]},{"link":"Category","href":null,"rel":null,"id":"80be862572de46348f9dc42e0927044a","name":null,"displayName":"International Packages","description":null,"isRoot":false,"rootId":"54ce2957b76b4354ad87d1e0c84c3682","isLeaf":true,"categories":[],"filterCharacteristic":[]}],"filterCharacteristic":[]}],"filterCharacteristic":[]},{"link":"Category","href":null,"rel":null,"id":"364aee45bd5f4268b8fa2d74e24d4cfe","name":null,"displayName":"Accessories","description":null,"isRoot":true,"rootId":null,"isLeaf":false,"categories":[{"link":"Category","href":null,"rel":null,"id":"5836b3839ed440a598e42601195a6deb","name":null,"displayName":"Top Sellers","description":null,"isRoot":false,"rootId":"364aee45bd5f4268b8fa2d74e24d4cfe","isLeaf":true,"categories":[],"filterCharacteristic":[]},{"link":"Category","href":null,"rel":null,"id":"14cfe694e7ff45e18042412d09dd50f3","name":null,"displayName":"Headphones","description":null,"isRoot":false,"rootId":"364aee45bd5f4268b8fa2d74e24d4cfe","isLeaf":true,"categories":[],"filterCharacteristic":[]},{"link":"Category","href":null,"rel":null,"id":"93b76143b5a34decb8e92eb16fef4995","name":null,"displayName":"Cases","description":null,"isRoot":false,"rootId":"364aee45bd5f4268b8fa2d74e24d4cfe","isLeaf":true,"categories":[],"filterCharacteristic":[]}],"filterCharacteristic":[]},{"link":"Category","href":null,"rel":null,"id":"8aa984803d1441a59ba97776656b925c","name":null,"displayName":"Mobile Devices","description":null,"isRoot":true,"rootId":null,"isLeaf":false,"categories":[{"link":"Category","href":null,"rel":null,"id":"7338caff49fc4ccea0785799ce1e0e8a","name":null,"displayName":"Smartphones","description":null,"isRoot":false,"rootId":"8aa984803d1441a59ba97776656b925c","isLeaf":true,"categories":[],"filterCharacteristic":[]},{"link":"Category","href":null,"rel":null,"id":"99accc3512e44fdea8812edda6a92718","name":null,"displayName":"Top Devices","description":null,"isRoot":false,"rootId":"8aa984803d1441a59ba97776656b925c","isLeaf":false,"categories":[{"link":"Category","href":null,"rel":null,"id":"9890f9450dd24238b9bffe69f8e516bb","name":null,"displayName":"Best Seller","description":"The most popular and proven brand name phones","isRoot":false,"rootId":"8aa984803d1441a59ba97776656b925c","isLeaf":true,"categories":[],"filterCharacteristic":[]},{"link":"Category","href":null,"rel":null,"id":"5f3bd1b5ea3b4cf1b42b58da9da089b3","name":null,"displayName":"New","description":null,"isRoot":false,"rootId":"8aa984803d1441a59ba97776656b925c","isLeaf":true,"categories":[],"filterCharacteristic":[]}],"filterCharacteristic":[]},{"link":"Category","href":null,"rel":null,"id":"8588112c6b1b4850883d4ae087fc84c7","name":null,"displayName":"Basic Phones","description":null,"isRoot":false,"rootId":"8aa984803d1441a59ba97776656b925c","isLeaf":true,"categories":[],"filterCharacteristic":[]},{"link":"Category","href":null,"rel":null,"id":"b4fffb0952e2456dbb24d28fcfda2c85","name":null,"displayName":"Tablets","description":null,"isRoot":false,"rootId":"8aa984803d1441a59ba97776656b925c","isLeaf":true,"categories":[],"filterCharacteristic":[]}],"filterCharacteristic":[]}]]]>
            </line>
            <line>
              <![CDATA[</div>]]>
            </line>
            <line>
              <![CDATA[</div>]]>
            </line>
            <line>
              <![CDATA[</div>]]>
            </line>
            <line>
              <![CDATA[</div>]]>
            </line>
            <line>
              <![CDATA[</td>]]>
            </line>
            <line>
              <![CDATA[</tr>]]>
            </line>
            <line>
              <![CDATA[<tr class="table-success"><td colspan="2">Response status: expected=200 actual=200; Value: true</td></tr>]]>
            </line>
            <line>
              <![CDATA[<tr class="table-success"><td colspan="2">Response size must be greater than 0.; Value: true</td></tr>]]>
            </line>
            <line>
              <![CDATA[<tr class="table-light"><td colspan="2">Attribute: getAllCategoriesResponse set to context.</td></tr>]]>
            </line>
          </reporter-output>
        </test-method> <!-- getAllCategories -->
      </class> <!-- productofferingdiscovery.GetCategory -->
    </test> <!-- CATEGORY-MS_Test_All_Categories -->
    <test name="PRODUCT-OFFERING-MS_Happy_Path_Get_Product_Offering_Details" duration-ms="401" started-at="2018-09-18T09:41:02Z" finished-at="2018-09-18T09:41:03Z">
      <class name="productofferingdiscovery.ProductOfferingDetails">
        <test-method status="PASS" signature="beforeTestMethodToSkipIfPreviousTestFailed(org.testng.ITestContext)[pri:0, instance:productofferingdiscovery.ProductOfferingDetails@2173f6d9]" name="beforeTestMethodToSkipIfPreviousTestFailed" is-config="true" duration-ms="0" started-at="2018-09-18T15:11:02Z" finished-at="2018-09-18T15:11:02Z">
          <params>
            <param index="0">
              <value>
                <![CDATA[org.testng.TestRunner@1e6308a9]]>
              </value>
            </param>
          </params>
          <reporter-output>
          </reporter-output>
        </test-method> <!-- beforeTestMethodToSkipIfPreviousTestFailed -->
        <test-method status="PASS" signature="SanityProductOfferingDetailsForGivenProductOfferingId(java.lang.String, java.lang.String, java.lang.String, org.testng.ITestContext)[pri:0, instance:productofferingdiscovery.ProductOfferingDetails@2173f6d9]" name="SanityProductOfferingDetailsForGivenProductOfferingId" duration-ms="391" started-at="2018-09-18T15:11:02Z" finished-at="2018-09-18T15:11:03Z">
          <params>
            <param index="0">
              <value>
                <![CDATA[Call Center]]>
              </value>
            </param>
            <param index="1">
              <value>
                <![CDATA[e5790aab9f5840a593a0bfc262eddaa5]]>
              </value>
            </param>
            <param index="2">
              <value>
                <![CDATA[CT]]>
              </value>
            </param>
            <param index="3">
              <value>
                <![CDATA[org.testng.TestRunner@1e6308a9]]>
              </value>
            </param>
          </params>
          <reporter-output>
            <line>
              <![CDATA[<tr class="table-warning"><td colspan="2">
 ***********************The name of the TestStep Started is :SanityProductOfferingDetailsForGivenProductOfferingId***********************
</td></tr>]]>
            </line>
            <line>
              <![CDATA[<tr class="table-warning"><td colspan="2">
 **********************************************************************************************************************
</td></tr>]]>
            </line>
            <line>
              <![CDATA[<tr class="table-info"><td class="text-dark font-weight-bold">Request Type </td><td class="" >GET</td></tr>]]>
            </line>
            <line>
              <![CDATA[<tr><td class="text-dark font-weight-bold">URI </td><td class="" > http://ilocpde01w02.corp.amdocs.com:35261/productOfferingDiscovery/v1/productOffering?productOfferingId=e5790aab9f5840a593a0bfc262eddaa5&salesChannel=SelfService </td></tr>]]>
            </line>
            <line>
              <![CDATA[<tr><td class="text-dark font-weight-bold" colspan="2">Headers : </td></tr>]]>
            </line>
            <line>
              <![CDATA[<tr>]]>
            </line>
            <line>
              <![CDATA[<td class="text-dark font-weight-bold" >Authorization :</td>]]>
            </line>
            <line>
              <![CDATA[<td class="" >]]>
            </line>
            <line>
              <![CDATA[<a href="" class="alert-link" data-toggle="modal" data-target="#rest_assured_logger_modal_value_97">Show</a>]]>
            </line>
            <line>
              <![CDATA[<div class="modal fade"  id="rest_assured_logger_modal_value_97" tabindex="-1" role="dialog">]]>
            </line>
            <line>
              <![CDATA[<div class="modal-dialog" role="document">]]>
            </line>
            <line>
              <![CDATA[<div class="modal-content">]]>
            </line>
            <line>
              <![CDATA[<div class="modal-header text-white bg-info">]]>
            </line>
            <line>
              <![CDATA[<h5 class="modal-title" id="title1">Authorization</h5>]]>
            </line>
            <line>
              <![CDATA[<span class="h6 text-light ml-2 mt-2">(click on the Text to copy)</span>]]>
            </line>
            <line>
              <![CDATA[<button type="button" class="close" data-dismiss="modal" aria-label="Close">]]>
            </line>
            <line>
              <![CDATA[<span aria-hidden="true">&times;</span>]]>
            </line>
            <line>
              <![CDATA[</button>]]>
            </line>
            <line>
              <![CDATA[</div>]]>
            </line>
            <line>
              <![CDATA[<div onClick="copyMePlease(this)" class="modal-body">]]>
            </line>
            <line>
              <![CDATA[Bearer eyJ4NXQjUzI1NiI6IkxEbGVvYldaYmVZcG9pb0Q0R1hrMWp3US8rUWd1MUs1eXNzQ1JpN3BtelE9IiwidHlwIjoiSldUIiwiYWxnIjoiUlMyNTYifQ.eyJzdWIiOiJBdXRvbWF0aW9uXzYxOTk2Nzg0M19JbmRpdmlkdWFsIiwicm9sZXMiOlsiQ3JlYXRlQ3VzdG9tZXJFbnRpdHkiLCJTVFMtQ29tbW9uIiwiR2V0Q3VzdG9tZXIiLCJvcmRlckNoYW5nZU93bmVyc2hpcCIsIkV2YWx1YXRlQ3JlZGl0UHJvZmlsZSIsIlNlYXJjaEluZGl2aWR1YWwiLCJXcml0ZSIsIkNyZWF0ZVBheW1lbnRNZXRob2QiLCJVcGRhdGVJbmRpdmlkdWFsIiwiQ3JlYXRlSW5kaXZpZHVhbCIsIlByb2R1Y3RPcmRlckxhdW5jaGVyVXBkYXRlIiwiQWRkUmVsYXRlZFBhcnR5IiwiUEFQLVBVIiwiUHJvZHVjdE9yZGVyTGF1bmNoZXJDcmVhdGUiLCJQcm9kdWN0T3JkZXJMYXVuY2hlckRlbGV0ZSIsIkFzbVNlcnZpY2VzQXBwSWRlbnRpdHkiLCJSZXRyaWV2ZUN1c3RvbWVyRW50aXR5IiwiQXBwVGVzdGVyUm9sZSIsIlJldHJpZXZlSW5kaXZpZHVhbCIsImNzciIsIkNoYW5nZU93bmVyc2hpcFJvbGUiLCJHZXRJbmRpdmlkdWFsIiwiR2V0Q3VzdG9tZXJFbnRpdHkiLCJBbm9ueW1vdXNVc2VyUm9sZSIsIkRlbGV0ZUluZGl2aWR1YWwiLCJDcmVhdGVDdXN0b21lciIsIlVwZGF0ZUNyZWRpdFByb2ZpbGUiLCJEZWxldGVDcmVkaXRQcm9maWxlIiwiUHJvZHVjdE9yZGVyTGF1bmNoZXJSZWFkIiwiQ2F0YWxvZ09uZS5pbXBvcnRlciIsIlJldHJpZXZlQ3VzdG9tZXIiLCJSZXRyZWl2ZVBheW1lbnRNZXRob2QiLCJQQVAtQ29tbW9uIl0sImN1c3RvbWVySWQiOiJDdXN0b21lcl80MDMwOCIsImlzcyI6IkEzU1pvbmUxQEEzUy5hbWRvY3MuY29tIiwib2l0IjoxNTM3MjYzNjYxLCJzYWxlc0NoYW5uZWwiOiJTZWxmU2VydmljZSIsImV4cCI6MTUzNzI3MDg2MSwiaWF0IjoxNTM3MjYzNjYxLCJ0dGwiOjE1MzcyOTI0NjEsImp0aSI6ImNlZTlmNmY1YWU1MTZjZTJiZmU4MWMzZWZkZTgzNjAwYjVhMmY4YTg4ZWE3ODk5MTM0YTExMTYzZWFlYjRkNjIifQ.dXtXc2kNxzUZdfDBdmw81e8Jmr0wtZpsePmvqE8HNiHKSAT4IpfkW6VsAi7oSe8-ID3bbPGkDWh0U7lctqxX9hB7LCEXGamt7hrgC38MOZeLXSicig1O_0_IIIFVc9b5T_G9Zfy0XF8KQyWC7FksN3NxUU8gNr7ck-ZUkmKEDV1FoyfsTZgQDAthv3FU3nOnyd_rQ33EKQFbpHmvbm3gmz4pb1liY5xkUeGM_Eh0gq7oTeg7BiR0rrZoHktCgJzKexvhupLADp_a-qW9p0GMcbemj7GafZ0MWDOeBN4kXfXbw3AxBAjfyP9s5_SLzjdexfDoczneyYF4sCrPwxtxWg]]>
            </line>
            <line>
              <![CDATA[</div>]]>
            </line>
            <line>
              <![CDATA[</div>]]>
            </line>
            <line>
              <![CDATA[</div>]]>
            </line>
            <line>
              <![CDATA[</div>]]>
            </line>
            <line>
              <![CDATA[</td>]]>
            </line>
            <line>
              <![CDATA[</tr>]]>
            </line>
            <line>
              <![CDATA[<tr><td class="text-dark font-weight-bold">Custom-Header </td><td class="" > {"salesChannel":"SelfService","customerId":"Customer_40308","sessionId":"835562110"} </td></tr>]]>
            </line>
            <line>
              <![CDATA[<tr><td class="text-dark font-weight-bold">Accept-Language </td><td class="" > en_US </td></tr>]]>
            </line>
            <line>
              <![CDATA[<tr><td class="text-dark font-weight-bold">Content-Type </td><td class="" > application/json </td></tr>]]>
            </line>
            <line>
              <![CDATA[<tr>]]>
            </line>
            <line>
              <![CDATA[<td class="text-dark font-weight-bold" >Payload :</td>]]>
            </line>
            <line>
              <![CDATA[<td class="" >]]>
            </line>
            <line>
              <![CDATA[<a href="" class="alert-link" data-toggle="modal" data-target="#rest_assured_logger_modal_value_98">Show</a>]]>
            </line>
            <line>
              <![CDATA[<div class="modal fade"  id="rest_assured_logger_modal_value_98" tabindex="-1" role="dialog">]]>
            </line>
            <line>
              <![CDATA[<div class="modal-dialog" role="document">]]>
            </line>
            <line>
              <![CDATA[<div class="modal-content">]]>
            </line>
            <line>
              <![CDATA[<div class="modal-header text-white bg-info">]]>
            </line>
            <line>
              <![CDATA[<h5 class="modal-title" id="title1">Payload</h5>]]>
            </line>
            <line>
              <![CDATA[<span class="h6 text-light ml-2 mt-2">(click on the Text to copy)</span>]]>
            </line>
            <line>
              <![CDATA[<button type="button" class="close" data-dismiss="modal" aria-label="Close">]]>
            </line>
            <line>
              <![CDATA[<span aria-hidden="true">&times;</span>]]>
            </line>
            <line>
              <![CDATA[</button>]]>
            </line>
            <line>
              <![CDATA[</div>]]>
            </line>
            <line>
              <![CDATA[<div onClick="copyMePlease(this)" class="modal-body">]]>
            </line>
            <line>
              <![CDATA[None]]>
            </line>
            <line>
              <![CDATA[</div>]]>
            </line>
            <line>
              <![CDATA[</div>]]>
            </line>
            <line>
              <![CDATA[</div>]]>
            </line>
            <line>
              <![CDATA[</div>]]>
            </line>
            <line>
              <![CDATA[</td>]]>
            </line>
            <line>
              <![CDATA[</tr>]]>
            </line>
            <line>
              <![CDATA[<tr>]]>
            </line>
            <line>
              <![CDATA[<td class="text-dark font-weight-bold" >Response Header :</td>]]>
            </line>
            <line>
              <![CDATA[<td class="" >]]>
            </line>
            <line>
              <![CDATA[<a href="" class="alert-link" data-toggle="modal" data-target="#modal_value_33">Show</a>]]>
            </line>
            <line>
              <![CDATA[<div class="modal fade"  id="modal_value_33" tabindex="-1" role="dialog">]]>
            </line>
            <line>
              <![CDATA[<div class="modal-dialog" role="document">]]>
            </line>
            <line>
              <![CDATA[<div class="modal-content">]]>
            </line>
            <line>
              <![CDATA[<div class="modal-header text-white bg-info">]]>
            </line>
            <line>
              <![CDATA[<h5 class="modal-title" id="title1">Response Header</h5>]]>
            </line>
            <line>
              <![CDATA[<span class="h6 text-light ml-2 mt-2">(click on the Text to copy)</span>]]>
            </line>
            <line>
              <![CDATA[<button type="button" class="close" data-dismiss="modal" aria-label="Close">]]>
            </line>
            <line>
              <![CDATA[<span aria-hidden="true">&times;</span>]]>
            </line>
            <line>
              <![CDATA[</button>]]>
            </line>
            <line>
              <![CDATA[</div>]]>
            </line>
            <line>
              <![CDATA[<div onClick="copyMePlease(this)" class="modal-body">]]>
            </line>
            <line>
              <![CDATA[X-Application-Context=pod-productoffering-ms:8080
	X-Content-Type-Options=nosniff
	X-XSS-Protection=1; mode=block
	Cache-Control=no-cache, no-store, max-age=0, must-revalidate
	Pragma=no-cache
	Expires=0
	X-Frame-Options=DENY
	Content-Type=application/json;charset=UTF-8
	Transfer-Encoding=chunked
	Date=Tue, 18 Sep 2018 09:41:02 GMT]]>
            </line>
            <line>
              <![CDATA[</div>]]>
            </line>
            <line>
              <![CDATA[</div>]]>
            </line>
            <line>
              <![CDATA[</div>]]>
            </line>
            <line>
              <![CDATA[</div>]]>
            </line>
            <line>
              <![CDATA[</td>]]>
            </line>
            <line>
              <![CDATA[</tr>]]>
            </line>
            <line>
              <![CDATA[<tr>]]>
            </line>
            <line>
              <![CDATA[<td class="text-dark font-weight-bold" >Response :</td>]]>
            </line>
            <line>
              <![CDATA[<td class="" >]]>
            </line>
            <line>
              <![CDATA[<a href="" class="alert-link" data-toggle="modal" data-target="#rest_assured_logger_modal_value_99">Show</a>]]>
            </line>
            <line>
              <![CDATA[<div class="modal fade"  id="rest_assured_logger_modal_value_99" tabindex="-1" role="dialog">]]>
            </line>
            <line>
              <![CDATA[<div class="modal-dialog" role="document">]]>
            </line>
            <line>
              <![CDATA[<div class="modal-content">]]>
            </line>
            <line>
              <![CDATA[<div class="modal-header text-white bg-info">]]>
            </line>
            <line>
              <![CDATA[<h5 class="modal-title" id="title1">Response</h5>]]>
            </line>
            <line>
              <![CDATA[<span class="h6 text-light ml-2 mt-2">(click on the Text to copy)</span>]]>
            </line>
            <line>
              <![CDATA[<button type="button" class="close" data-dismiss="modal" aria-label="Close">]]>
            </line>
            <line>
              <![CDATA[<span aria-hidden="true">&times;</span>]]>
            </line>
            <line>
              <![CDATA[</button>]]>
            </line>
            <line>
              <![CDATA[</div>]]>
            </line>
            <line>
              <![CDATA[<div onClick="copyMePlease(this)" class="modal-body">]]>
            </line>
            <line>
              <![CDATA[[{"id":"e5790aab9f5840a593a0bfc262eddaa5","href":null,"name":null,"localizedName":"Samsung Galaxy S6 128GB White Pearl","description":"The S6 is an evolution of the prior year's model","isBundle":false,"paymentMngType":null,"validFor":{"startDateTime":"2017-01-02T00:00:00Z","endDateTime":null},"productOfferingType":"Mobile_Device","isTopItem":null,"isEnabledBy":false,"valueRank":65,"productOfferingCharacteristic":[{"name":"Available_Shipping_Options","localizedName":"Available Shipping Options","valueType":"String","value":[{"default":true,"value":"Courier","localizedValue":"Courier","valueFrom":"0","valueTo":"0","unitOfMeasure":null}],"productSpecification":null},{"name":"Plan_Options","localizedName":"Plan Options","valueType":"String","value":[{"default":true,"value":"With_Plan","localizedValue":"With Plan","valueFrom":"0","valueTo":"0","unitOfMeasure":null}],"productSpecification":null},{"name":"Purchase_Options","localizedName":"Purchase Options","valueType":"String","value":[{"default":true,"value":"Installments","localizedValue":"Installments","valueFrom":"0","valueTo":"0","unitOfMeasure":null}],"productSpecification":null},{"name":"Brand","localizedName":"Brand","valueType":"String","value":[{"default":true,"value":"Samsung","localizedValue":"Samsung","valueFrom":"0","valueTo":"0","unitOfMeasure":null}],"productSpecification":"b70c936af809406d9259971e14314f0d"},{"name":"Model","localizedName":"Model","valueType":"String","value":[{"default":true,"value":"Galaxy_S6","localizedValue":"Galaxy S6","valueFrom":"0","valueTo":"0","unitOfMeasure":null}],"productSpecification":"b70c936af809406d9259971e14314f0d"},{"name":"Device_Type","localizedName":"Device Type","valueType":"String","value":[{"default":true,"value":"Smartphone","localizedValue":"Smart Phone","valueFrom":"0","valueTo":"0","unitOfMeasure":null}],"productSpecification":"b70c936af809406d9259971e14314f0d"},{"name":"SIM_Type","localizedName":"SIM Type","valueType":"String","value":[{"default":true,"value":"Nano_SIM","localizedValue":"Nano SIM","valueFrom":"0","valueTo":"0","unitOfMeasure":null}],"productSpecification":"b70c936af809406d9259971e14314f0d"},{"name":"Warranty_Duration","localizedName":"Warranty Duration","valueType":"Integer","value":[{"default":true,"value":"12","localizedValue":"12 Months","valueFrom":"0","valueTo":"0","unitOfMeasure":null}],"productSpecification":"b70c936af809406d9259971e14314f0d"},{"name":"Color","localizedName":"Color","valueType":"String","value":[{"default":true,"value":"White_Pearl","localizedValue":"White Pearl","valueFrom":"0","valueTo":"0","unitOfMeasure":null}],"productSpecification":"b70c936af809406d9259971e14314f0d"},{"name":"Weight","localizedName":"Weight","valueType":"String","value":[{"default":true,"value":"138_gr","localizedValue":"138 gr","valueFrom":"0","valueTo":"0","unitOfMeasure":null}],"productSpecification":"b70c936af809406d9259971e14314f0d"},{"name":"Operating_System","localizedName":"Operating System","valueType":"String","value":[{"default":true,"value":"Android","localizedValue":"Android","valueFrom":"0","valueTo":"0","unitOfMeasure":null}],"productSpecification":"b70c936af809406d9259971e14314f0d"},{"name":"Memory_Size","localizedName":"Memory Size","valueType":"String","value":[{"default":true,"value":"128GB","localizedValue":"128 GB","valueFrom":"0","valueTo":"0","unitOfMeasure":null}],"productSpecification":"b70c936af809406d9259971e14314f0d"},{"name":"Screen_Size","localizedName":"Screen Size","valueType":"String","value":[{"default":true,"value":"5.1_in","localizedValue":"5.1 in","valueFrom":"0","valueTo":"0","unitOfMeasure":null}],"productSpecification":"b70c936af809406d9259971e14314f0d"},{"name":"IMEI","localizedName":"IMEI","valueType":"String","value":[],"productSpecification":"b70c936af809406d9259971e14314f0d"},{"name":"Delivery_Method","localizedName":"Delivery Method","valueType":"String","value":[{"default":true,"value":"Indirect_Delivery_Shipping","localizedValue":"Indirect Delivery- Shipping","valueFrom":"0","valueTo":"0","unitOfMeasure":null},{"default":false,"value":"Pick_up_in_store","localizedValue":"Pick up in store","valueFrom":"0","valueTo":"0","unitOfMeasure":null},{"default":false,"value":"Direct_Delivery_In_Customer_Hand","localizedValue":"Direct Delivery- In Customer Hand","valueFrom":"0","valueTo":"0","unitOfMeasure":null}],"productSpecification":"b70c936af809406d9259971e14314f0d"},{"name":"SKU","localizedName":"SKU","valueType":"String","value":[{"default":true,"value":"10055GLXY6128WP","localizedValue":"10055GLXY6128WP","valueFrom":"0","valueTo":"0","unitOfMeasure":null}],"productSpecification":"b70c936af809406d9259971e14314f0d"},{"name":"Size","localizedName":"Size","valueType":"String","value":[{"default":true,"value":"143.4x70.5x6.8","localizedValue":"143.4 x 70.5 x 6.8mm","valueFrom":"0","valueTo":"0","unitOfMeasure":null}],"productSpecification":"b70c936af809406d9259971e14314f0d"},{"name":"CameraResolution","localizedName":"Camera Resolution","valueType":"String","value":[{"default":true,"value":"16","localizedValue":"16MP","valueFrom":"0","valueTo":"0","unitOfMeasure":null}],"productSpecification":"b70c936af809406d9259971e14314f0d"}],"bundledProductOffering":[],"bundledProdOfferGroupOption":[],"variantGroup":null,"itemTotalPrice":[{"id":null,"name":null,"description":null,"priceType":"OC","unitOfMeasure":null,"recurringChargePeriod":null,"price":{"taxIncludedAmount":{"unit":"USD","value":713.9},"dutyFreeAmount":{"unit":"USD","value":649},"taxAmount":{"unit":"USD","value":64.9},"taxRate":10.0,"percentage":null,"priceReduction":null,"priceOverride":null},"finalPrice":{"taxIncludedAmount":{"unit":"USD","value":713.9},"dutyFreeAmount":{"unit":"USD","value":649},"taxAmount":{"unit":"USD","value":64.9},"taxRate":10.0,"percentage":null,"priceReduction":null,"priceOverride":null},"standalonePrice":{"taxIncludedAmount":null,"dutyFreeAmount":null,"taxAmount":null,"taxRate":null,"percentage":null,"priceReduction":null,"priceOverride":null},"priceAlteration":[]}],"itemPrice":[{"id":"8bf0f45cc38d4a6982c7f0c2f0012335","name":"Samsung Galaxy S6 128GB White Pearl charge","description":"SIM card charge per SIM type","priceType":"OC","unitOfMeasure":null,"recurringChargePeriod":null,"price":{"taxIncludedAmount":{"unit":"USD","value":713.9},"dutyFreeAmount":{"unit":"USD","value":649},"taxAmount":{"unit":"USD","value":64.9},"taxRate":10.0,"percentage":null,"priceReduction":null,"priceOverride":null},"finalPrice":{"taxIncludedAmount":{"unit":"USD","value":713.9},"dutyFreeAmount":{"unit":"USD","value":649},"taxAmount":{"unit":"USD","value":64.9},"taxRate":10.0,"percentage":null,"priceReduction":null,"priceOverride":null},"standalonePrice":{"taxIncludedAmount":null,"dutyFreeAmount":null,"taxAmount":null,"taxRate":null,"percentage":null,"priceReduction":null,"priceOverride":null},"priceAlteration":[]}],"productOfferingTerm":[],"attachment":[{"name":"Galaxy6_white_Perl.png","type":"image","description":null,"url":"http://portfolio1srv.corp.amdocs.com/Galaxy6_white_Perl.png","mimeType":"image/png"}],"immediatePromotion":[],"relatedImmediatePromotion":[],"stock":[]}]]]>
            </line>
            <line>
              <![CDATA[</div>]]>
            </line>
            <line>
              <![CDATA[</div>]]>
            </line>
            <line>
              <![CDATA[</div>]]>
            </line>
            <line>
              <![CDATA[</div>]]>
            </line>
            <line>
              <![CDATA[</td>]]>
            </line>
            <line>
              <![CDATA[</tr>]]>
            </line>
            <line>
              <![CDATA[<tr class="table-warning"><td colspan="2">
 ***********************The name of the TestStep Passed is :SanityProductOfferingDetailsForGivenProductOfferingId***********************
</td></tr>]]>
            </line>
            <line>
              <![CDATA[<tr class="table-warning"><td colspan="2">
 **********************************************************************************************************************
</td></tr>]]>
            </line>
          </reporter-output>
        </test-method> <!-- SanityProductOfferingDetailsForGivenProductOfferingId -->
      </class> <!-- productofferingdiscovery.ProductOfferingDetails -->
    </test> <!-- PRODUCT-OFFERING-MS_Happy_Path_Get_Product_Offering_Details -->
    <test name="PRODUCT-OFFERING-MS_Wireless_Mobile_Plan_Positive_with_policy" duration-ms="482" started-at="2018-09-18T09:41:03Z" finished-at="2018-09-18T09:41:03Z">
      <class name="productofferingdiscovery.ProductOfferingDetails">
        <test-method status="PASS" signature="beforeTestMethodToSkipIfPreviousTestFailed(org.testng.ITestContext)[pri:0, instance:productofferingdiscovery.ProductOfferingDetails@1a1d6a08]" name="beforeTestMethodToSkipIfPreviousTestFailed" is-config="true" duration-ms="0" started-at="2018-09-18T15:11:03Z" finished-at="2018-09-18T15:11:03Z">
          <params>
            <param index="0">
              <value>
                <![CDATA[org.testng.TestRunner@189b5fb1]]>
              </value>
            </param>
          </params>
          <reporter-output>
          </reporter-output>
        </test-method> <!-- beforeTestMethodToSkipIfPreviousTestFailed -->
        <test-method status="PASS" signature="testProductOfferingDetailsForGivenProductOfferingId(java.lang.String, java.lang.String, java.lang.String, java.lang.String, java.lang.String, org.testng.ITestContext)[pri:0, instance:productofferingdiscovery.ProductOfferingDetails@1a1d6a08]" name="testProductOfferingDetailsForGivenProductOfferingId" duration-ms="474" started-at="2018-09-18T15:11:03Z" finished-at="2018-09-18T15:11:03Z">
          <params>
            <param index="0">
              <value>
                <![CDATA[Call Center]]>
              </value>
            </param>
            <param index="1">
              <value>
                <![CDATA[e5790aab9f5840a593a0bfc262eddaa5]]>
              </value>
            </param>
            <param index="2">
              <value>
                <![CDATA[en_US]]>
              </value>
            </param>
            <param index="3">
              <value is-null="true"/>
            </param>
            <param index="4">
              <value is-null="true"/>
            </param>
            <param index="5">
              <value>
                <![CDATA[org.testng.TestRunner@189b5fb1]]>
              </value>
            </param>
          </params>
          <reporter-output>
            <line>
              <![CDATA[<tr class="table-warning"><td colspan="2">
 ***********************The name of the TestStep Started is :testProductOfferingDetailsForGivenProductOfferingId***********************
</td></tr>]]>
            </line>
            <line>
              <![CDATA[<tr class="table-warning"><td colspan="2">
 **********************************************************************************************************************
</td></tr>]]>
            </line>
            <line>
              <![CDATA[<tr class="table-info"><td class="text-dark font-weight-bold">Request Type </td><td class="" >GET</td></tr>]]>
            </line>
            <line>
              <![CDATA[<tr><td class="text-dark font-weight-bold">URI </td><td class="" > http://ilocpde01w02.corp.amdocs.com:35261/productOfferingDiscovery/v1/productOffering?productOfferingId=e5790aab9f5840a593a0bfc262eddaa5&salesChannel=SelfService </td></tr>]]>
            </line>
            <line>
              <![CDATA[<tr><td class="text-dark font-weight-bold" colspan="2">Headers : </td></tr>]]>
            </line>
            <line>
              <![CDATA[<tr>]]>
            </line>
            <line>
              <![CDATA[<td class="text-dark font-weight-bold" >Authorization :</td>]]>
            </line>
            <line>
              <![CDATA[<td class="" >]]>
            </line>
            <line>
              <![CDATA[<a href="" class="alert-link" data-toggle="modal" data-target="#rest_assured_logger_modal_value_100">Show</a>]]>
            </line>
            <line>
              <![CDATA[<div class="modal fade"  id="rest_assured_logger_modal_value_100" tabindex="-1" role="dialog">]]>
            </line>
            <line>
              <![CDATA[<div class="modal-dialog" role="document">]]>
            </line>
            <line>
              <![CDATA[<div class="modal-content">]]>
            </line>
            <line>
              <![CDATA[<div class="modal-header text-white bg-info">]]>
            </line>
            <line>
              <![CDATA[<h5 class="modal-title" id="title1">Authorization</h5>]]>
            </line>
            <line>
              <![CDATA[<span class="h6 text-light ml-2 mt-2">(click on the Text to copy)</span>]]>
            </line>
            <line>
              <![CDATA[<button type="button" class="close" data-dismiss="modal" aria-label="Close">]]>
            </line>
            <line>
              <![CDATA[<span aria-hidden="true">&times;</span>]]>
            </line>
            <line>
              <![CDATA[</button>]]>
            </line>
            <line>
              <![CDATA[</div>]]>
            </line>
            <line>
              <![CDATA[<div onClick="copyMePlease(this)" class="modal-body">]]>
            </line>
            <line>
              <![CDATA[Bearer eyJ4NXQjUzI1NiI6IkxEbGVvYldaYmVZcG9pb0Q0R1hrMWp3US8rUWd1MUs1eXNzQ1JpN3BtelE9IiwidHlwIjoiSldUIiwiYWxnIjoiUlMyNTYifQ.eyJzdWIiOiJBdXRvbWF0aW9uXzYxOTk2Nzg0M19JbmRpdmlkdWFsIiwicm9sZXMiOlsiQ3JlYXRlQ3VzdG9tZXJFbnRpdHkiLCJTVFMtQ29tbW9uIiwiR2V0Q3VzdG9tZXIiLCJvcmRlckNoYW5nZU93bmVyc2hpcCIsIkV2YWx1YXRlQ3JlZGl0UHJvZmlsZSIsIlNlYXJjaEluZGl2aWR1YWwiLCJXcml0ZSIsIkNyZWF0ZVBheW1lbnRNZXRob2QiLCJVcGRhdGVJbmRpdmlkdWFsIiwiQ3JlYXRlSW5kaXZpZHVhbCIsIlByb2R1Y3RPcmRlckxhdW5jaGVyVXBkYXRlIiwiQWRkUmVsYXRlZFBhcnR5IiwiUEFQLVBVIiwiUHJvZHVjdE9yZGVyTGF1bmNoZXJDcmVhdGUiLCJQcm9kdWN0T3JkZXJMYXVuY2hlckRlbGV0ZSIsIkFzbVNlcnZpY2VzQXBwSWRlbnRpdHkiLCJSZXRyaWV2ZUN1c3RvbWVyRW50aXR5IiwiQXBwVGVzdGVyUm9sZSIsIlJldHJpZXZlSW5kaXZpZHVhbCIsImNzciIsIkNoYW5nZU93bmVyc2hpcFJvbGUiLCJHZXRJbmRpdmlkdWFsIiwiR2V0Q3VzdG9tZXJFbnRpdHkiLCJBbm9ueW1vdXNVc2VyUm9sZSIsIkRlbGV0ZUluZGl2aWR1YWwiLCJDcmVhdGVDdXN0b21lciIsIlVwZGF0ZUNyZWRpdFByb2ZpbGUiLCJEZWxldGVDcmVkaXRQcm9maWxlIiwiUHJvZHVjdE9yZGVyTGF1bmNoZXJSZWFkIiwiQ2F0YWxvZ09uZS5pbXBvcnRlciIsIlJldHJpZXZlQ3VzdG9tZXIiLCJSZXRyZWl2ZVBheW1lbnRNZXRob2QiLCJQQVAtQ29tbW9uIl0sImN1c3RvbWVySWQiOiJDdXN0b21lcl80MDMwOCIsImlzcyI6IkEzU1pvbmUxQEEzUy5hbWRvY3MuY29tIiwib2l0IjoxNTM3MjYzNjYxLCJzYWxlc0NoYW5uZWwiOiJTZWxmU2VydmljZSIsImV4cCI6MTUzNzI3MDg2MSwiaWF0IjoxNTM3MjYzNjYxLCJ0dGwiOjE1MzcyOTI0NjEsImp0aSI6ImNlZTlmNmY1YWU1MTZjZTJiZmU4MWMzZWZkZTgzNjAwYjVhMmY4YTg4ZWE3ODk5MTM0YTExMTYzZWFlYjRkNjIifQ.dXtXc2kNxzUZdfDBdmw81e8Jmr0wtZpsePmvqE8HNiHKSAT4IpfkW6VsAi7oSe8-ID3bbPGkDWh0U7lctqxX9hB7LCEXGamt7hrgC38MOZeLXSicig1O_0_IIIFVc9b5T_G9Zfy0XF8KQyWC7FksN3NxUU8gNr7ck-ZUkmKEDV1FoyfsTZgQDAthv3FU3nOnyd_rQ33EKQFbpHmvbm3gmz4pb1liY5xkUeGM_Eh0gq7oTeg7BiR0rrZoHktCgJzKexvhupLADp_a-qW9p0GMcbemj7GafZ0MWDOeBN4kXfXbw3AxBAjfyP9s5_SLzjdexfDoczneyYF4sCrPwxtxWg]]>
            </line>
            <line>
              <![CDATA[</div>]]>
            </line>
            <line>
              <![CDATA[</div>]]>
            </line>
            <line>
              <![CDATA[</div>]]>
            </line>
            <line>
              <![CDATA[</div>]]>
            </line>
            <line>
              <![CDATA[</td>]]>
            </line>
            <line>
              <![CDATA[</tr>]]>
            </line>
            <line>
              <![CDATA[<tr><td class="text-dark font-weight-bold">Custom-Header </td><td class="" > {"salesChannel":"SelfService","customerId":"Customer_40308","sessionId":"154565559"} </td></tr>]]>
            </line>
            <line>
              <![CDATA[<tr><td class="text-dark font-weight-bold">Accept-Language </td><td class="" > en_US </td></tr>]]>
            </line>
            <line>
              <![CDATA[<tr><td class="text-dark font-weight-bold">Content-Type </td><td class="" > application/json </td></tr>]]>
            </line>
            <line>
              <![CDATA[<tr>]]>
            </line>
            <line>
              <![CDATA[<td class="text-dark font-weight-bold" >Payload :</td>]]>
            </line>
            <line>
              <![CDATA[<td class="" >]]>
            </line>
            <line>
              <![CDATA[<a href="" class="alert-link" data-toggle="modal" data-target="#rest_assured_logger_modal_value_101">Show</a>]]>
            </line>
            <line>
              <![CDATA[<div class="modal fade"  id="rest_assured_logger_modal_value_101" tabindex="-1" role="dialog">]]>
            </line>
            <line>
              <![CDATA[<div class="modal-dialog" role="document">]]>
            </line>
            <line>
              <![CDATA[<div class="modal-content">]]>
            </line>
            <line>
              <![CDATA[<div class="modal-header text-white bg-info">]]>
            </line>
            <line>
              <![CDATA[<h5 class="modal-title" id="title1">Payload</h5>]]>
            </line>
            <line>
              <![CDATA[<span class="h6 text-light ml-2 mt-2">(click on the Text to copy)</span>]]>
            </line>
            <line>
              <![CDATA[<button type="button" class="close" data-dismiss="modal" aria-label="Close">]]>
            </line>
            <line>
              <![CDATA[<span aria-hidden="true">&times;</span>]]>
            </line>
            <line>
              <![CDATA[</button>]]>
            </line>
            <line>
              <![CDATA[</div>]]>
            </line>
            <line>
              <![CDATA[<div onClick="copyMePlease(this)" class="modal-body">]]>
            </line>
            <line>
              <![CDATA[None]]>
            </line>
            <line>
              <![CDATA[</div>]]>
            </line>
            <line>
              <![CDATA[</div>]]>
            </line>
            <line>
              <![CDATA[</div>]]>
            </line>
            <line>
              <![CDATA[</div>]]>
            </line>
            <line>
              <![CDATA[</td>]]>
            </line>
            <line>
              <![CDATA[</tr>]]>
            </line>
            <line>
              <![CDATA[<tr>]]>
            </line>
            <line>
              <![CDATA[<td class="text-dark font-weight-bold" >Response Header :</td>]]>
            </line>
            <line>
              <![CDATA[<td class="" >]]>
            </line>
            <line>
              <![CDATA[<a href="" class="alert-link" data-toggle="modal" data-target="#modal_value_34">Show</a>]]>
            </line>
            <line>
              <![CDATA[<div class="modal fade"  id="modal_value_34" tabindex="-1" role="dialog">]]>
            </line>
            <line>
              <![CDATA[<div class="modal-dialog" role="document">]]>
            </line>
            <line>
              <![CDATA[<div class="modal-content">]]>
            </line>
            <line>
              <![CDATA[<div class="modal-header text-white bg-info">]]>
            </line>
            <line>
              <![CDATA[<h5 class="modal-title" id="title1">Response Header</h5>]]>
            </line>
            <line>
              <![CDATA[<span class="h6 text-light ml-2 mt-2">(click on the Text to copy)</span>]]>
            </line>
            <line>
              <![CDATA[<button type="button" class="close" data-dismiss="modal" aria-label="Close">]]>
            </line>
            <line>
              <![CDATA[<span aria-hidden="true">&times;</span>]]>
            </line>
            <line>
              <![CDATA[</button>]]>
            </line>
            <line>
              <![CDATA[</div>]]>
            </line>
            <line>
              <![CDATA[<div onClick="copyMePlease(this)" class="modal-body">]]>
            </line>
            <line>
              <![CDATA[X-Application-Context=pod-productoffering-ms:8080
	X-Content-Type-Options=nosniff
	X-XSS-Protection=1; mode=block
	Cache-Control=no-cache, no-store, max-age=0, must-revalidate
	Pragma=no-cache
	Expires=0
	X-Frame-Options=DENY
	Content-Type=application/json;charset=UTF-8
	Transfer-Encoding=chunked
	Date=Tue, 18 Sep 2018 09:41:02 GMT]]>
            </line>
            <line>
              <![CDATA[</div>]]>
            </line>
            <line>
              <![CDATA[</div>]]>
            </line>
            <line>
              <![CDATA[</div>]]>
            </line>
            <line>
              <![CDATA[</div>]]>
            </line>
            <line>
              <![CDATA[</td>]]>
            </line>
            <line>
              <![CDATA[</tr>]]>
            </line>
            <line>
              <![CDATA[<tr>]]>
            </line>
            <line>
              <![CDATA[<td class="text-dark font-weight-bold" >Response :</td>]]>
            </line>
            <line>
              <![CDATA[<td class="" >]]>
            </line>
            <line>
              <![CDATA[<a href="" class="alert-link" data-toggle="modal" data-target="#rest_assured_logger_modal_value_102">Show</a>]]>
            </line>
            <line>
              <![CDATA[<div class="modal fade"  id="rest_assured_logger_modal_value_102" tabindex="-1" role="dialog">]]>
            </line>
            <line>
              <![CDATA[<div class="modal-dialog" role="document">]]>
            </line>
            <line>
              <![CDATA[<div class="modal-content">]]>
            </line>
            <line>
              <![CDATA[<div class="modal-header text-white bg-info">]]>
            </line>
            <line>
              <![CDATA[<h5 class="modal-title" id="title1">Response</h5>]]>
            </line>
            <line>
              <![CDATA[<span class="h6 text-light ml-2 mt-2">(click on the Text to copy)</span>]]>
            </line>
            <line>
              <![CDATA[<button type="button" class="close" data-dismiss="modal" aria-label="Close">]]>
            </line>
            <line>
              <![CDATA[<span aria-hidden="true">&times;</span>]]>
            </line>
            <line>
              <![CDATA[</button>]]>
            </line>
            <line>
              <![CDATA[</div>]]>
            </line>
            <line>
              <![CDATA[<div onClick="copyMePlease(this)" class="modal-body">]]>
            </line>
            <line>
              <![CDATA[[{"id":"e5790aab9f5840a593a0bfc262eddaa5","href":null,"name":null,"localizedName":"Samsung Galaxy S6 128GB White Pearl","description":"The S6 is an evolution of the prior year's model","isBundle":false,"paymentMngType":null,"validFor":{"startDateTime":"2017-01-02T00:00:00Z","endDateTime":null},"productOfferingType":"Mobile_Device","isTopItem":null,"isEnabledBy":false,"valueRank":65,"productOfferingCharacteristic":[{"name":"Available_Shipping_Options","localizedName":"Available Shipping Options","valueType":"String","value":[{"default":true,"value":"Courier","localizedValue":"Courier","valueFrom":"0","valueTo":"0","unitOfMeasure":null}],"productSpecification":null},{"name":"Plan_Options","localizedName":"Plan Options","valueType":"String","value":[{"default":true,"value":"With_Plan","localizedValue":"With Plan","valueFrom":"0","valueTo":"0","unitOfMeasure":null}],"productSpecification":null},{"name":"Purchase_Options","localizedName":"Purchase Options","valueType":"String","value":[{"default":true,"value":"Installments","localizedValue":"Installments","valueFrom":"0","valueTo":"0","unitOfMeasure":null}],"productSpecification":null},{"name":"Brand","localizedName":"Brand","valueType":"String","value":[{"default":true,"value":"Samsung","localizedValue":"Samsung","valueFrom":"0","valueTo":"0","unitOfMeasure":null}],"productSpecification":"b70c936af809406d9259971e14314f0d"},{"name":"Model","localizedName":"Model","valueType":"String","value":[{"default":true,"value":"Galaxy_S6","localizedValue":"Galaxy S6","valueFrom":"0","valueTo":"0","unitOfMeasure":null}],"productSpecification":"b70c936af809406d9259971e14314f0d"},{"name":"Device_Type","localizedName":"Device Type","valueType":"String","value":[{"default":true,"value":"Smartphone","localizedValue":"Smart Phone","valueFrom":"0","valueTo":"0","unitOfMeasure":null}],"productSpecification":"b70c936af809406d9259971e14314f0d"},{"name":"SIM_Type","localizedName":"SIM Type","valueType":"String","value":[{"default":true,"value":"Nano_SIM","localizedValue":"Nano SIM","valueFrom":"0","valueTo":"0","unitOfMeasure":null}],"productSpecification":"b70c936af809406d9259971e14314f0d"},{"name":"Warranty_Duration","localizedName":"Warranty Duration","valueType":"Integer","value":[{"default":true,"value":"12","localizedValue":"12 Months","valueFrom":"0","valueTo":"0","unitOfMeasure":null}],"productSpecification":"b70c936af809406d9259971e14314f0d"},{"name":"Color","localizedName":"Color","valueType":"String","value":[{"default":true,"value":"White_Pearl","localizedValue":"White Pearl","valueFrom":"0","valueTo":"0","unitOfMeasure":null}],"productSpecification":"b70c936af809406d9259971e14314f0d"},{"name":"Weight","localizedName":"Weight","valueType":"String","value":[{"default":true,"value":"138_gr","localizedValue":"138 gr","valueFrom":"0","valueTo":"0","unitOfMeasure":null}],"productSpecification":"b70c936af809406d9259971e14314f0d"},{"name":"Operating_System","localizedName":"Operating System","valueType":"String","value":[{"default":true,"value":"Android","localizedValue":"Android","valueFrom":"0","valueTo":"0","unitOfMeasure":null}],"productSpecification":"b70c936af809406d9259971e14314f0d"},{"name":"Memory_Size","localizedName":"Memory Size","valueType":"String","value":[{"default":true,"value":"128GB","localizedValue":"128 GB","valueFrom":"0","valueTo":"0","unitOfMeasure":null}],"productSpecification":"b70c936af809406d9259971e14314f0d"},{"name":"Screen_Size","localizedName":"Screen Size","valueType":"String","value":[{"default":true,"value":"5.1_in","localizedValue":"5.1 in","valueFrom":"0","valueTo":"0","unitOfMeasure":null}],"productSpecification":"b70c936af809406d9259971e14314f0d"},{"name":"IMEI","localizedName":"IMEI","valueType":"String","value":[],"productSpecification":"b70c936af809406d9259971e14314f0d"},{"name":"Delivery_Method","localizedName":"Delivery Method","valueType":"String","value":[{"default":true,"value":"Indirect_Delivery_Shipping","localizedValue":"Indirect Delivery- Shipping","valueFrom":"0","valueTo":"0","unitOfMeasure":null},{"default":false,"value":"Pick_up_in_store","localizedValue":"Pick up in store","valueFrom":"0","valueTo":"0","unitOfMeasure":null},{"default":false,"value":"Direct_Delivery_In_Customer_Hand","localizedValue":"Direct Delivery- In Customer Hand","valueFrom":"0","valueTo":"0","unitOfMeasure":null}],"productSpecification":"b70c936af809406d9259971e14314f0d"},{"name":"SKU","localizedName":"SKU","valueType":"String","value":[{"default":true,"value":"10055GLXY6128WP","localizedValue":"10055GLXY6128WP","valueFrom":"0","valueTo":"0","unitOfMeasure":null}],"productSpecification":"b70c936af809406d9259971e14314f0d"},{"name":"Size","localizedName":"Size","valueType":"String","value":[{"default":true,"value":"143.4x70.5x6.8","localizedValue":"143.4 x 70.5 x 6.8mm","valueFrom":"0","valueTo":"0","unitOfMeasure":null}],"productSpecification":"b70c936af809406d9259971e14314f0d"},{"name":"CameraResolution","localizedName":"Camera Resolution","valueType":"String","value":[{"default":true,"value":"16","localizedValue":"16MP","valueFrom":"0","valueTo":"0","unitOfMeasure":null}],"productSpecification":"b70c936af809406d9259971e14314f0d"}],"bundledProductOffering":[],"bundledProdOfferGroupOption":[],"variantGroup":null,"itemTotalPrice":[{"id":null,"name":null,"description":null,"priceType":"OC","unitOfMeasure":null,"recurringChargePeriod":null,"price":{"taxIncludedAmount":{"unit":"USD","value":713.9},"dutyFreeAmount":{"unit":"USD","value":649},"taxAmount":{"unit":"USD","value":64.9},"taxRate":10.0,"percentage":null,"priceReduction":null,"priceOverride":null},"finalPrice":{"taxIncludedAmount":{"unit":"USD","value":713.9},"dutyFreeAmount":{"unit":"USD","value":649},"taxAmount":{"unit":"USD","value":64.9},"taxRate":10.0,"percentage":null,"priceReduction":null,"priceOverride":null},"standalonePrice":{"taxIncludedAmount":null,"dutyFreeAmount":null,"taxAmount":null,"taxRate":null,"percentage":null,"priceReduction":null,"priceOverride":null},"priceAlteration":[]}],"itemPrice":[{"id":"8bf0f45cc38d4a6982c7f0c2f0012335","name":"Samsung Galaxy S6 128GB White Pearl charge","description":"SIM card charge per SIM type","priceType":"OC","unitOfMeasure":null,"recurringChargePeriod":null,"price":{"taxIncludedAmount":{"unit":"USD","value":713.9},"dutyFreeAmount":{"unit":"USD","value":649},"taxAmount":{"unit":"USD","value":64.9},"taxRate":10.0,"percentage":null,"priceReduction":null,"priceOverride":null},"finalPrice":{"taxIncludedAmount":{"unit":"USD","value":713.9},"dutyFreeAmount":{"unit":"USD","value":649},"taxAmount":{"unit":"USD","value":64.9},"taxRate":10.0,"percentage":null,"priceReduction":null,"priceOverride":null},"standalonePrice":{"taxIncludedAmount":null,"dutyFreeAmount":null,"taxAmount":null,"taxRate":null,"percentage":null,"priceReduction":null,"priceOverride":null},"priceAlteration":[]}],"productOfferingTerm":[],"attachment":[{"name":"Galaxy6_white_Perl.png","type":"image","description":null,"url":"http://portfolio1srv.corp.amdocs.com/Galaxy6_white_Perl.png","mimeType":"image/png"}],"immediatePromotion":[],"relatedImmediatePromotion":[],"stock":[]}]]]>
            </line>
            <line>
              <![CDATA[</div>]]>
            </line>
            <line>
              <![CDATA[</div>]]>
            </line>
            <line>
              <![CDATA[</div>]]>
            </line>
            <line>
              <![CDATA[</div>]]>
            </line>
            <line>
              <![CDATA[</td>]]>
            </line>
            <line>
              <![CDATA[</tr>]]>
            </line>
            <line>
              <![CDATA[<tr class="table-success"><td colspan="2">Response status: expected=200 actual=200; Value: true</td></tr>]]>
            </line>
            <line>
              <![CDATA[<tr class="table-warning"><td colspan="2">
 ***********************The name of the TestStep Passed is :testProductOfferingDetailsForGivenProductOfferingId***********************
</td></tr>]]>
            </line>
            <line>
              <![CDATA[<tr class="table-warning"><td colspan="2">
 **********************************************************************************************************************
</td></tr>]]>
            </line>
          </reporter-output>
        </test-method> <!-- testProductOfferingDetailsForGivenProductOfferingId -->
      </class> <!-- productofferingdiscovery.ProductOfferingDetails -->
    </test> <!-- PRODUCT-OFFERING-MS_Wireless_Mobile_Plan_Positive_with_policy -->
    <test name="PRODUCT-OFFERING-MS_Device_Positive" duration-ms="441" started-at="2018-09-18T09:41:03Z" finished-at="2018-09-18T09:41:04Z">
      <class name="productofferingdiscovery.ProductOfferingDetails">
        <test-method status="PASS" signature="beforeTestMethodToSkipIfPreviousTestFailed(org.testng.ITestContext)[pri:0, instance:productofferingdiscovery.ProductOfferingDetails@9a7504c]" name="beforeTestMethodToSkipIfPreviousTestFailed" is-config="true" duration-ms="0" started-at="2018-09-18T15:11:03Z" finished-at="2018-09-18T15:11:03Z">
          <params>
            <param index="0">
              <value>
                <![CDATA[org.testng.TestRunner@5bfc257]]>
              </value>
            </param>
          </params>
          <reporter-output>
          </reporter-output>
        </test-method> <!-- beforeTestMethodToSkipIfPreviousTestFailed -->
        <test-method status="PASS" signature="testProductOfferingDetailsForGivenProductOfferingId(java.lang.String, java.lang.String, java.lang.String, java.lang.String, java.lang.String, org.testng.ITestContext)[pri:0, instance:productofferingdiscovery.ProductOfferingDetails@9a7504c]" name="testProductOfferingDetailsForGivenProductOfferingId" duration-ms="433" started-at="2018-09-18T15:11:03Z" finished-at="2018-09-18T15:11:04Z">
          <params>
            <param index="0">
              <value>
                <![CDATA[Call Center]]>
              </value>
            </param>
            <param index="1">
              <value>
                <![CDATA[7cdbeb046d9c4e678acd70d677ed7163]]>
              </value>
            </param>
            <param index="2">
              <value>
                <![CDATA[en_US]]>
              </value>
            </param>
            <param index="3">
              <value>
                <![CDATA[Apple iPhone 7 256GB Black]]>
              </value>
            </param>
            <param index="4">
              <value is-null="true"/>
            </param>
            <param index="5">
              <value>
                <![CDATA[org.testng.TestRunner@5bfc257]]>
              </value>
            </param>
          </params>
          <reporter-output>
            <line>
              <![CDATA[<tr class="table-warning"><td colspan="2">
 ***********************The name of the TestStep Started is :testProductOfferingDetailsForGivenProductOfferingId***********************
</td></tr>]]>
            </line>
            <line>
              <![CDATA[<tr class="table-warning"><td colspan="2">
 **********************************************************************************************************************
</td></tr>]]>
            </line>
            <line>
              <![CDATA[<tr class="table-info"><td class="text-dark font-weight-bold">Request Type </td><td class="" >GET</td></tr>]]>
            </line>
            <line>
              <![CDATA[<tr><td class="text-dark font-weight-bold">URI </td><td class="" > http://ilocpde01w02.corp.amdocs.com:35261/productOfferingDiscovery/v1/productOffering?productOfferingId=7cdbeb046d9c4e678acd70d677ed7163&salesChannel=SelfService </td></tr>]]>
            </line>
            <line>
              <![CDATA[<tr><td class="text-dark font-weight-bold" colspan="2">Headers : </td></tr>]]>
            </line>
            <line>
              <![CDATA[<tr>]]>
            </line>
            <line>
              <![CDATA[<td class="text-dark font-weight-bold" >Authorization :</td>]]>
            </line>
            <line>
              <![CDATA[<td class="" >]]>
            </line>
            <line>
              <![CDATA[<a href="" class="alert-link" data-toggle="modal" data-target="#rest_assured_logger_modal_value_103">Show</a>]]>
            </line>
            <line>
              <![CDATA[<div class="modal fade"  id="rest_assured_logger_modal_value_103" tabindex="-1" role="dialog">]]>
            </line>
            <line>
              <![CDATA[<div class="modal-dialog" role="document">]]>
            </line>
            <line>
              <![CDATA[<div class="modal-content">]]>
            </line>
            <line>
              <![CDATA[<div class="modal-header text-white bg-info">]]>
            </line>
            <line>
              <![CDATA[<h5 class="modal-title" id="title1">Authorization</h5>]]>
            </line>
            <line>
              <![CDATA[<span class="h6 text-light ml-2 mt-2">(click on the Text to copy)</span>]]>
            </line>
            <line>
              <![CDATA[<button type="button" class="close" data-dismiss="modal" aria-label="Close">]]>
            </line>
            <line>
              <![CDATA[<span aria-hidden="true">&times;</span>]]>
            </line>
            <line>
              <![CDATA[</button>]]>
            </line>
            <line>
              <![CDATA[</div>]]>
            </line>
            <line>
              <![CDATA[<div onClick="copyMePlease(this)" class="modal-body">]]>
            </line>
            <line>
              <![CDATA[Bearer eyJ4NXQjUzI1NiI6IkxEbGVvYldaYmVZcG9pb0Q0R1hrMWp3US8rUWd1MUs1eXNzQ1JpN3BtelE9IiwidHlwIjoiSldUIiwiYWxnIjoiUlMyNTYifQ.eyJzdWIiOiJBdXRvbWF0aW9uXzYxOTk2Nzg0M19JbmRpdmlkdWFsIiwicm9sZXMiOlsiQ3JlYXRlQ3VzdG9tZXJFbnRpdHkiLCJTVFMtQ29tbW9uIiwiR2V0Q3VzdG9tZXIiLCJvcmRlckNoYW5nZU93bmVyc2hpcCIsIkV2YWx1YXRlQ3JlZGl0UHJvZmlsZSIsIlNlYXJjaEluZGl2aWR1YWwiLCJXcml0ZSIsIkNyZWF0ZVBheW1lbnRNZXRob2QiLCJVcGRhdGVJbmRpdmlkdWFsIiwiQ3JlYXRlSW5kaXZpZHVhbCIsIlByb2R1Y3RPcmRlckxhdW5jaGVyVXBkYXRlIiwiQWRkUmVsYXRlZFBhcnR5IiwiUEFQLVBVIiwiUHJvZHVjdE9yZGVyTGF1bmNoZXJDcmVhdGUiLCJQcm9kdWN0T3JkZXJMYXVuY2hlckRlbGV0ZSIsIkFzbVNlcnZpY2VzQXBwSWRlbnRpdHkiLCJSZXRyaWV2ZUN1c3RvbWVyRW50aXR5IiwiQXBwVGVzdGVyUm9sZSIsIlJldHJpZXZlSW5kaXZpZHVhbCIsImNzciIsIkNoYW5nZU93bmVyc2hpcFJvbGUiLCJHZXRJbmRpdmlkdWFsIiwiR2V0Q3VzdG9tZXJFbnRpdHkiLCJBbm9ueW1vdXNVc2VyUm9sZSIsIkRlbGV0ZUluZGl2aWR1YWwiLCJDcmVhdGVDdXN0b21lciIsIlVwZGF0ZUNyZWRpdFByb2ZpbGUiLCJEZWxldGVDcmVkaXRQcm9maWxlIiwiUHJvZHVjdE9yZGVyTGF1bmNoZXJSZWFkIiwiQ2F0YWxvZ09uZS5pbXBvcnRlciIsIlJldHJpZXZlQ3VzdG9tZXIiLCJSZXRyZWl2ZVBheW1lbnRNZXRob2QiLCJQQVAtQ29tbW9uIl0sImN1c3RvbWVySWQiOiJDdXN0b21lcl80MDMwOCIsImlzcyI6IkEzU1pvbmUxQEEzUy5hbWRvY3MuY29tIiwib2l0IjoxNTM3MjYzNjYxLCJzYWxlc0NoYW5uZWwiOiJTZWxmU2VydmljZSIsImV4cCI6MTUzNzI3MDg2MSwiaWF0IjoxNTM3MjYzNjYxLCJ0dGwiOjE1MzcyOTI0NjEsImp0aSI6ImNlZTlmNmY1YWU1MTZjZTJiZmU4MWMzZWZkZTgzNjAwYjVhMmY4YTg4ZWE3ODk5MTM0YTExMTYzZWFlYjRkNjIifQ.dXtXc2kNxzUZdfDBdmw81e8Jmr0wtZpsePmvqE8HNiHKSAT4IpfkW6VsAi7oSe8-ID3bbPGkDWh0U7lctqxX9hB7LCEXGamt7hrgC38MOZeLXSicig1O_0_IIIFVc9b5T_G9Zfy0XF8KQyWC7FksN3NxUU8gNr7ck-ZUkmKEDV1FoyfsTZgQDAthv3FU3nOnyd_rQ33EKQFbpHmvbm3gmz4pb1liY5xkUeGM_Eh0gq7oTeg7BiR0rrZoHktCgJzKexvhupLADp_a-qW9p0GMcbemj7GafZ0MWDOeBN4kXfXbw3AxBAjfyP9s5_SLzjdexfDoczneyYF4sCrPwxtxWg]]>
            </line>
            <line>
              <![CDATA[</div>]]>
            </line>
            <line>
              <![CDATA[</div>]]>
            </line>
            <line>
              <![CDATA[</div>]]>
            </line>
            <line>
              <![CDATA[</div>]]>
            </line>
            <line>
              <![CDATA[</td>]]>
            </line>
            <line>
              <![CDATA[</tr>]]>
            </line>
            <line>
              <![CDATA[<tr><td class="text-dark font-weight-bold">Custom-Header </td><td class="" > {"salesChannel":"SelfService","customerId":"Customer_40308","sessionId":"379188208"} </td></tr>]]>
            </line>
            <line>
              <![CDATA[<tr><td class="text-dark font-weight-bold">Accept-Language </td><td class="" > en_US </td></tr>]]>
            </line>
            <line>
              <![CDATA[<tr><td class="text-dark font-weight-bold">Content-Type </td><td class="" > application/json </td></tr>]]>
            </line>
            <line>
              <![CDATA[<tr>]]>
            </line>
            <line>
              <![CDATA[<td class="text-dark font-weight-bold" >Payload :</td>]]>
            </line>
            <line>
              <![CDATA[<td class="" >]]>
            </line>
            <line>
              <![CDATA[<a href="" class="alert-link" data-toggle="modal" data-target="#rest_assured_logger_modal_value_104">Show</a>]]>
            </line>
            <line>
              <![CDATA[<div class="modal fade"  id="rest_assured_logger_modal_value_104" tabindex="-1" role="dialog">]]>
            </line>
            <line>
              <![CDATA[<div class="modal-dialog" role="document">]]>
            </line>
            <line>
              <![CDATA[<div class="modal-content">]]>
            </line>
            <line>
              <![CDATA[<div class="modal-header text-white bg-info">]]>
            </line>
            <line>
              <![CDATA[<h5 class="modal-title" id="title1">Payload</h5>]]>
            </line>
            <line>
              <![CDATA[<span class="h6 text-light ml-2 mt-2">(click on the Text to copy)</span>]]>
            </line>
            <line>
              <![CDATA[<button type="button" class="close" data-dismiss="modal" aria-label="Close">]]>
            </line>
            <line>
              <![CDATA[<span aria-hidden="true">&times;</span>]]>
            </line>
            <line>
              <![CDATA[</button>]]>
            </line>
            <line>
              <![CDATA[</div>]]>
            </line>
            <line>
              <![CDATA[<div onClick="copyMePlease(this)" class="modal-body">]]>
            </line>
            <line>
              <![CDATA[None]]>
            </line>
            <line>
              <![CDATA[</div>]]>
            </line>
            <line>
              <![CDATA[</div>]]>
            </line>
            <line>
              <![CDATA[</div>]]>
            </line>
            <line>
              <![CDATA[</div>]]>
            </line>
            <line>
              <![CDATA[</td>]]>
            </line>
            <line>
              <![CDATA[</tr>]]>
            </line>
            <line>
              <![CDATA[<tr>]]>
            </line>
            <line>
              <![CDATA[<td class="text-dark font-weight-bold" >Response Header :</td>]]>
            </line>
            <line>
              <![CDATA[<td class="" >]]>
            </line>
            <line>
              <![CDATA[<a href="" class="alert-link" data-toggle="modal" data-target="#modal_value_35">Show</a>]]>
            </line>
            <line>
              <![CDATA[<div class="modal fade"  id="modal_value_35" tabindex="-1" role="dialog">]]>
            </line>
            <line>
              <![CDATA[<div class="modal-dialog" role="document">]]>
            </line>
            <line>
              <![CDATA[<div class="modal-content">]]>
            </line>
            <line>
              <![CDATA[<div class="modal-header text-white bg-info">]]>
            </line>
            <line>
              <![CDATA[<h5 class="modal-title" id="title1">Response Header</h5>]]>
            </line>
            <line>
              <![CDATA[<span class="h6 text-light ml-2 mt-2">(click on the Text to copy)</span>]]>
            </line>
            <line>
              <![CDATA[<button type="button" class="close" data-dismiss="modal" aria-label="Close">]]>
            </line>
            <line>
              <![CDATA[<span aria-hidden="true">&times;</span>]]>
            </line>
            <line>
              <![CDATA[</button>]]>
            </line>
            <line>
              <![CDATA[</div>]]>
            </line>
            <line>
              <![CDATA[<div onClick="copyMePlease(this)" class="modal-body">]]>
            </line>
            <line>
              <![CDATA[X-Application-Context=pod-productoffering-ms:8080
	X-Content-Type-Options=nosniff
	X-XSS-Protection=1; mode=block
	Cache-Control=no-cache, no-store, max-age=0, must-revalidate
	Pragma=no-cache
	Expires=0
	X-Frame-Options=DENY
	Content-Type=application/json;charset=UTF-8
	Transfer-Encoding=chunked
	Date=Tue, 18 Sep 2018 09:41:03 GMT]]>
            </line>
            <line>
              <![CDATA[</div>]]>
            </line>
            <line>
              <![CDATA[</div>]]>
            </line>
            <line>
              <![CDATA[</div>]]>
            </line>
            <line>
              <![CDATA[</div>]]>
            </line>
            <line>
              <![CDATA[</td>]]>
            </line>
            <line>
              <![CDATA[</tr>]]>
            </line>
            <line>
              <![CDATA[<tr>]]>
            </line>
            <line>
              <![CDATA[<td class="text-dark font-weight-bold" >Response :</td>]]>
            </line>
            <line>
              <![CDATA[<td class="" >]]>
            </line>
            <line>
              <![CDATA[<a href="" class="alert-link" data-toggle="modal" data-target="#rest_assured_logger_modal_value_105">Show</a>]]>
            </line>
            <line>
              <![CDATA[<div class="modal fade"  id="rest_assured_logger_modal_value_105" tabindex="-1" role="dialog">]]>
            </line>
            <line>
              <![CDATA[<div class="modal-dialog" role="document">]]>
            </line>
            <line>
              <![CDATA[<div class="modal-content">]]>
            </line>
            <line>
              <![CDATA[<div class="modal-header text-white bg-info">]]>
            </line>
            <line>
              <![CDATA[<h5 class="modal-title" id="title1">Response</h5>]]>
            </line>
            <line>
              <![CDATA[<span class="h6 text-light ml-2 mt-2">(click on the Text to copy)</span>]]>
            </line>
            <line>
              <![CDATA[<button type="button" class="close" data-dismiss="modal" aria-label="Close">]]>
            </line>
            <line>
              <![CDATA[<span aria-hidden="true">&times;</span>]]>
            </line>
            <line>
              <![CDATA[</button>]]>
            </line>
            <line>
              <![CDATA[</div>]]>
            </line>
            <line>
              <![CDATA[<div onClick="copyMePlease(this)" class="modal-body">]]>
            </line>
            <line>
              <![CDATA[[{"id":"7cdbeb046d9c4e678acd70d677ed7163","href":null,"name":null,"localizedName":"Apple iPhone 7 32GB Black","description":"A10 chip with 64-bit architecture,splash water and dust resistant, 12-megapixel shooter on the rear of the device includes optical image stabilization technology, All-in-One Lighting Port, increased battery life.","isBundle":false,"paymentMngType":null,"validFor":{"startDateTime":"2017-01-04T00:00:00Z","endDateTime":null},"productOfferingType":"Mobile_Device","isTopItem":null,"isEnabledBy":false,"valueRank":70,"productOfferingCharacteristic":[{"name":"Available_Shipping_Options","localizedName":"Available Shipping Options","valueType":"String","value":[{"default":true,"value":"Courier","localizedValue":"Courier","valueFrom":"0","valueTo":"0","unitOfMeasure":null}],"productSpecification":null},{"name":"Plan_Options","localizedName":"Plan Options","valueType":"String","value":[{"default":true,"value":"Without_Plan","localizedValue":"Without Plan","valueFrom":"0","valueTo":"0","unitOfMeasure":null}],"productSpecification":null},{"name":"Purchase_Options","localizedName":"Purchase Options","valueType":"String","value":[{"default":true,"value":"Installments","localizedValue":"Installments","valueFrom":"0","valueTo":"0","unitOfMeasure":null}],"productSpecification":null},{"name":"Brand","localizedName":"Brand","valueType":"String","value":[{"default":true,"value":"Apple","localizedValue":"Apple","valueFrom":"0","valueTo":"0","unitOfMeasure":null}],"productSpecification":"3d1c3584cd89419fb1f59b1c237b9ea9"},{"name":"Model","localizedName":"Model","valueType":"String","value":[{"default":true,"value":"iPhone_7","localizedValue":"iPhone 7","valueFrom":"0","valueTo":"0","unitOfMeasure":null}],"productSpecification":"3d1c3584cd89419fb1f59b1c237b9ea9"},{"name":"Device_Type","localizedName":"Device Type","valueType":"String","value":[{"default":true,"value":"Smartphone","localizedValue":"Smart Phone","valueFrom":"0","valueTo":"0","unitOfMeasure":null}],"productSpecification":"3d1c3584cd89419fb1f59b1c237b9ea9"},{"name":"SIM_Type","localizedName":"SIM Type","valueType":"String","value":[{"default":true,"value":"Nano_SIM","localizedValue":"Nano SIM","valueFrom":"0","valueTo":"0","unitOfMeasure":null}],"productSpecification":"3d1c3584cd89419fb1f59b1c237b9ea9"},{"name":"Warranty_Duration","localizedName":"Warranty Duration","valueType":"Integer","value":[{"default":true,"value":"12","localizedValue":"12 Months","valueFrom":"0","valueTo":"0","unitOfMeasure":null}],"productSpecification":"3d1c3584cd89419fb1f59b1c237b9ea9"},{"name":"Color","localizedName":"Color","valueType":"String","value":[{"default":true,"value":"Black","localizedValue":"Black","valueFrom":"0","valueTo":"0","unitOfMeasure":null}],"productSpecification":"3d1c3584cd89419fb1f59b1c237b9ea9"},{"name":"Weight","localizedName":"Weight","valueType":"String","value":[{"default":true,"value":"138gr","localizedValue":"138 gr","valueFrom":"0","valueTo":"0","unitOfMeasure":null}],"productSpecification":"3d1c3584cd89419fb1f59b1c237b9ea9"},{"name":"Operating_System","localizedName":"Operating System","valueType":"String","value":[{"default":true,"value":"IOS","localizedValue":"IOS","valueFrom":"0","valueTo":"0","unitOfMeasure":null}],"productSpecification":"3d1c3584cd89419fb1f59b1c237b9ea9"},{"name":"Memory_Size","localizedName":"Memory Size","valueType":"String","value":[{"default":true,"value":"32GB","localizedValue":"32 GB","valueFrom":"0","valueTo":"0","unitOfMeasure":null}],"productSpecification":"3d1c3584cd89419fb1f59b1c237b9ea9"},{"name":"Screen_Size","localizedName":"Screen Size","valueType":"String","value":[{"default":true,"value":"4.7_in","localizedValue":"4.7 in","valueFrom":"0","valueTo":"0","unitOfMeasure":null}],"productSpecification":"3d1c3584cd89419fb1f59b1c237b9ea9"},{"name":"IMEI","localizedName":"IMEI","valueType":"String","value":[],"productSpecification":"3d1c3584cd89419fb1f59b1c237b9ea9"},{"name":"Delivery_Method","localizedName":"Delivery Method","valueType":"String","value":[{"default":true,"value":"Indirect_Delivery_Shipping","localizedValue":"Indirect Delivery- Shipping","valueFrom":"0","valueTo":"0","unitOfMeasure":null},{"default":false,"value":"Pick_up_in_store","localizedValue":"Pick up in store","valueFrom":"0","valueTo":"0","unitOfMeasure":null},{"default":false,"value":"Direct_Delivery_In_Customer_Hand","localizedValue":"Direct Delivery- In Customer Hand","valueFrom":"0","valueTo":"0","unitOfMeasure":null}],"productSpecification":"3d1c3584cd89419fb1f59b1c237b9ea9"},{"name":"SKU","localizedName":"SKU","valueType":"String","value":[{"default":true,"value":"10002IPH7B32","localizedValue":"10002IPH7B32","valueFrom":"0","valueTo":"0","unitOfMeasure":null}],"productSpecification":"3d1c3584cd89419fb1f59b1c237b9ea9"},{"name":"Size","localizedName":"Size","valueType":"String","value":[{"default":true,"value":"138.3x67.1x7.1","localizedValue":"138.3 x 67.1 x 7.1mm","valueFrom":"0","valueTo":"0","unitOfMeasure":null}],"productSpecification":"3d1c3584cd89419fb1f59b1c237b9ea9"},{"name":"CameraResolution","localizedName":"Camera Resolution","valueType":"String","value":[{"default":true,"value":"12","localizedValue":"12MP","valueFrom":"0","valueTo":"0","unitOfMeasure":null}],"productSpecification":"3d1c3584cd89419fb1f59b1c237b9ea9"}],"bundledProductOffering":[],"bundledProdOfferGroupOption":[],"variantGroup":null,"itemTotalPrice":[{"id":null,"name":null,"description":null,"priceType":"OC","unitOfMeasure":null,"recurringChargePeriod":"12/installments","price":{"taxIncludedAmount":{"unit":"USD","value":615.78},"dutyFreeAmount":{"unit":"USD","value":559.8},"taxAmount":{"unit":"USD","value":55.98},"taxRate":10.0,"percentage":null,"priceReduction":null,"priceOverride":null},"finalPrice":{"taxIncludedAmount":{"unit":"USD","value":615.78},"dutyFreeAmount":{"unit":"USD","value":559.8},"taxAmount":{"unit":"USD","value":55.98},"taxRate":10.0,"percentage":null,"priceReduction":null,"priceOverride":null},"standalonePrice":{"taxIncludedAmount":null,"dutyFreeAmount":null,"taxAmount":null,"taxRate":null,"percentage":null,"priceReduction":null,"priceOverride":null},"priceAlteration":[]},{"id":null,"name":null,"description":null,"priceType":"OC","unitOfMeasure":null,"recurringChargePeriod":null,"price":{"taxIncludedAmount":{"unit":"USD","value":68.42},"dutyFreeAmount":{"unit":"USD","value":62.2},"taxAmount":{"unit":"USD","value":6.22},"taxRate":10.0,"percentage":null,"priceReduction":null,"priceOverride":null},"finalPrice":{"taxIncludedAmount":{"unit":"USD","value":68.42},"dutyFreeAmount":{"unit":"USD","value":62.2},"taxAmount":{"unit":"USD","value":6.22},"taxRate":10.0,"percentage":null,"priceReduction":null,"priceOverride":null},"standalonePrice":{"taxIncludedAmount":null,"dutyFreeAmount":null,"taxAmount":null,"taxRate":null,"percentage":null,"priceReduction":null,"priceOverride":null},"priceAlteration":[]}],"itemPrice":[{"id":"f20e813db0dc48279c451a2d4d6420e9","name":"Device Price","description":null,"priceType":"OC","unitOfMeasure":null,"recurringChargePeriod":null,"price":{"taxIncludedAmount":{"unit":"USD","value":684.2},"dutyFreeAmount":{"unit":"USD","value":622},"taxAmount":{"unit":"USD","value":62.2},"taxRate":10.0,"percentage":null,"priceReduction":null,"priceOverride":null},"finalPrice":{"taxIncludedAmount":{"unit":"USD","value":684.2},"dutyFreeAmount":{"unit":"USD","value":622},"taxAmount":{"unit":"USD","value":62.2},"taxRate":10.0,"percentage":null,"priceReduction":null,"priceOverride":null},"standalonePrice":{"taxIncludedAmount":null,"dutyFreeAmount":null,"taxAmount":null,"taxRate":null,"percentage":null,"priceReduction":null,"priceOverride":null},"priceAlteration":[]},{"id":null,"name":null,"description":null,"priceType":"OC-Installment","unitOfMeasure":null,"recurringChargePeriod":null,"price":{"taxIncludedAmount":{"unit":"USD","value":68.42},"dutyFreeAmount":{"unit":"USD","value":62.2},"taxAmount":{"unit":"USD","value":6.22},"taxRate":10.0,"percentage":null,"priceReduction":null,"priceOverride":null},"finalPrice":{"taxIncludedAmount":{"unit":"USD","value":68.42},"dutyFreeAmount":{"unit":"USD","value":62.2},"taxAmount":{"unit":"USD","value":6.22},"taxRate":10.0,"percentage":null,"priceReduction":null,"priceOverride":null},"standalonePrice":{"taxIncludedAmount":null,"dutyFreeAmount":null,"taxAmount":null,"taxRate":null,"percentage":null,"priceReduction":null,"priceOverride":null},"priceAlteration":[]},{"id":null,"name":null,"description":null,"priceType":"RC-Installment","unitOfMeasure":null,"recurringChargePeriod":"12/installments","price":{"taxIncludedAmount":{"unit":"USD","value":51.315},"dutyFreeAmount":{"unit":"USD","value":46.65},"taxAmount":{"unit":"USD","value":4.665},"taxRate":10.0,"percentage":null,"priceReduction":null,"priceOverride":null},"finalPrice":{"taxIncludedAmount":{"unit":"USD","value":51.315},"dutyFreeAmount":{"unit":"USD","value":46.65},"taxAmount":{"unit":"USD","value":4.665},"taxRate":10.0,"percentage":null,"priceReduction":null,"priceOverride":null},"standalonePrice":{"taxIncludedAmount":null,"dutyFreeAmount":null,"taxAmount":null,"taxRate":null,"percentage":null,"priceReduction":null,"priceOverride":null},"priceAlteration":[]}],"productOfferingTerm":[],"attachment":[{"name":"Apple_iPhone_7_32GB_Black.png","type":"image","description":"Apple iPhone 7 32GB Black image","url":"http://portfolio1srv.corp.amdocs.com/iPhone7_Black.png","mimeType":"image/png"}],"immediatePromotion":[],"relatedImmediatePromotion":[],"stock":[]}]]]>
            </line>
            <line>
              <![CDATA[</div>]]>
            </line>
            <line>
              <![CDATA[</div>]]>
            </line>
            <line>
              <![CDATA[</div>]]>
            </line>
            <line>
              <![CDATA[</div>]]>
            </line>
            <line>
              <![CDATA[</td>]]>
            </line>
            <line>
              <![CDATA[</tr>]]>
            </line>
            <line>
              <![CDATA[<tr class="table-success"><td colspan="2">Response status: expected=200 actual=200; Value: true</td></tr>]]>
            </line>
            <line>
              <![CDATA[<tr class="table-warning"><td colspan="2">
 ***********************The name of the TestStep Passed is :testProductOfferingDetailsForGivenProductOfferingId***********************
</td></tr>]]>
            </line>
            <line>
              <![CDATA[<tr class="table-warning"><td colspan="2">
 **********************************************************************************************************************
</td></tr>]]>
            </line>
          </reporter-output>
        </test-method> <!-- testProductOfferingDetailsForGivenProductOfferingId -->
      </class> <!-- productofferingdiscovery.ProductOfferingDetails -->
    </test> <!-- PRODUCT-OFFERING-MS_Device_Positive -->
    <test name="PRODUCT-OFFERING-MS_Accessories_Positive" duration-ms="695" started-at="2018-09-18T09:41:04Z" finished-at="2018-09-18T09:41:04Z">
      <class name="productofferingdiscovery.ProductOfferingDetails">
        <test-method status="PASS" signature="beforeTestMethodToSkipIfPreviousTestFailed(org.testng.ITestContext)[pri:0, instance:productofferingdiscovery.ProductOfferingDetails@38bc8ab5]" name="beforeTestMethodToSkipIfPreviousTestFailed" is-config="true" duration-ms="0" started-at="2018-09-18T15:11:04Z" finished-at="2018-09-18T15:11:04Z">
          <params>
            <param index="0">
              <value>
                <![CDATA[org.testng.TestRunner@7906578e]]>
              </value>
            </param>
          </params>
          <reporter-output>
          </reporter-output>
        </test-method> <!-- beforeTestMethodToSkipIfPreviousTestFailed -->
        <test-method status="PASS" signature="testProductOfferingDetailsForGivenProductOfferingId(java.lang.String, java.lang.String, java.lang.String, java.lang.String, java.lang.String, org.testng.ITestContext)[pri:0, instance:productofferingdiscovery.ProductOfferingDetails@38bc8ab5]" name="testProductOfferingDetailsForGivenProductOfferingId" duration-ms="689" started-at="2018-09-18T15:11:04Z" finished-at="2018-09-18T15:11:04Z">
          <params>
            <param index="0">
              <value>
                <![CDATA[Call Center]]>
              </value>
            </param>
            <param index="1">
              <value>
                <![CDATA[434c235f7136435d9ceaaf044919fa0c]]>
              </value>
            </param>
            <param index="2">
              <value>
                <![CDATA[en_US]]>
              </value>
            </param>
            <param index="3">
              <value>
                <![CDATA[iPhone 7 Screen Protector]]>
              </value>
            </param>
            <param index="4">
              <value is-null="true"/>
            </param>
            <param index="5">
              <value>
                <![CDATA[org.testng.TestRunner@7906578e]]>
              </value>
            </param>
          </params>
          <reporter-output>
            <line>
              <![CDATA[<tr class="table-warning"><td colspan="2">
 ***********************The name of the TestStep Started is :testProductOfferingDetailsForGivenProductOfferingId***********************
</td></tr>]]>
            </line>
            <line>
              <![CDATA[<tr class="table-warning"><td colspan="2">
 **********************************************************************************************************************
</td></tr>]]>
            </line>
            <line>
              <![CDATA[<tr class="table-info"><td class="text-dark font-weight-bold">Request Type </td><td class="" >GET</td></tr>]]>
            </line>
            <line>
              <![CDATA[<tr><td class="text-dark font-weight-bold">URI </td><td class="" > http://ilocpde01w02.corp.amdocs.com:35261/productOfferingDiscovery/v1/productOffering?productOfferingId=434c235f7136435d9ceaaf044919fa0c&salesChannel=SelfService </td></tr>]]>
            </line>
            <line>
              <![CDATA[<tr><td class="text-dark font-weight-bold" colspan="2">Headers : </td></tr>]]>
            </line>
            <line>
              <![CDATA[<tr>]]>
            </line>
            <line>
              <![CDATA[<td class="text-dark font-weight-bold" >Authorization :</td>]]>
            </line>
            <line>
              <![CDATA[<td class="" >]]>
            </line>
            <line>
              <![CDATA[<a href="" class="alert-link" data-toggle="modal" data-target="#rest_assured_logger_modal_value_106">Show</a>]]>
            </line>
            <line>
              <![CDATA[<div class="modal fade"  id="rest_assured_logger_modal_value_106" tabindex="-1" role="dialog">]]>
            </line>
            <line>
              <![CDATA[<div class="modal-dialog" role="document">]]>
            </line>
            <line>
              <![CDATA[<div class="modal-content">]]>
            </line>
            <line>
              <![CDATA[<div class="modal-header text-white bg-info">]]>
            </line>
            <line>
              <![CDATA[<h5 class="modal-title" id="title1">Authorization</h5>]]>
            </line>
            <line>
              <![CDATA[<span class="h6 text-light ml-2 mt-2">(click on the Text to copy)</span>]]>
            </line>
            <line>
              <![CDATA[<button type="button" class="close" data-dismiss="modal" aria-label="Close">]]>
            </line>
            <line>
              <![CDATA[<span aria-hidden="true">&times;</span>]]>
            </line>
            <line>
              <![CDATA[</button>]]>
            </line>
            <line>
              <![CDATA[</div>]]>
            </line>
            <line>
              <![CDATA[<div onClick="copyMePlease(this)" class="modal-body">]]>
            </line>
            <line>
              <![CDATA[Bearer eyJ4NXQjUzI1NiI6IkxEbGVvYldaYmVZcG9pb0Q0R1hrMWp3US8rUWd1MUs1eXNzQ1JpN3BtelE9IiwidHlwIjoiSldUIiwiYWxnIjoiUlMyNTYifQ.eyJzdWIiOiJBdXRvbWF0aW9uXzYxOTk2Nzg0M19JbmRpdmlkdWFsIiwicm9sZXMiOlsiQ3JlYXRlQ3VzdG9tZXJFbnRpdHkiLCJTVFMtQ29tbW9uIiwiR2V0Q3VzdG9tZXIiLCJvcmRlckNoYW5nZU93bmVyc2hpcCIsIkV2YWx1YXRlQ3JlZGl0UHJvZmlsZSIsIlNlYXJjaEluZGl2aWR1YWwiLCJXcml0ZSIsIkNyZWF0ZVBheW1lbnRNZXRob2QiLCJVcGRhdGVJbmRpdmlkdWFsIiwiQ3JlYXRlSW5kaXZpZHVhbCIsIlByb2R1Y3RPcmRlckxhdW5jaGVyVXBkYXRlIiwiQWRkUmVsYXRlZFBhcnR5IiwiUEFQLVBVIiwiUHJvZHVjdE9yZGVyTGF1bmNoZXJDcmVhdGUiLCJQcm9kdWN0T3JkZXJMYXVuY2hlckRlbGV0ZSIsIkFzbVNlcnZpY2VzQXBwSWRlbnRpdHkiLCJSZXRyaWV2ZUN1c3RvbWVyRW50aXR5IiwiQXBwVGVzdGVyUm9sZSIsIlJldHJpZXZlSW5kaXZpZHVhbCIsImNzciIsIkNoYW5nZU93bmVyc2hpcFJvbGUiLCJHZXRJbmRpdmlkdWFsIiwiR2V0Q3VzdG9tZXJFbnRpdHkiLCJBbm9ueW1vdXNVc2VyUm9sZSIsIkRlbGV0ZUluZGl2aWR1YWwiLCJDcmVhdGVDdXN0b21lciIsIlVwZGF0ZUNyZWRpdFByb2ZpbGUiLCJEZWxldGVDcmVkaXRQcm9maWxlIiwiUHJvZHVjdE9yZGVyTGF1bmNoZXJSZWFkIiwiQ2F0YWxvZ09uZS5pbXBvcnRlciIsIlJldHJpZXZlQ3VzdG9tZXIiLCJSZXRyZWl2ZVBheW1lbnRNZXRob2QiLCJQQVAtQ29tbW9uIl0sImN1c3RvbWVySWQiOiJDdXN0b21lcl80MDMwOCIsImlzcyI6IkEzU1pvbmUxQEEzUy5hbWRvY3MuY29tIiwib2l0IjoxNTM3MjYzNjYxLCJzYWxlc0NoYW5uZWwiOiJTZWxmU2VydmljZSIsImV4cCI6MTUzNzI3MDg2MSwiaWF0IjoxNTM3MjYzNjYxLCJ0dGwiOjE1MzcyOTI0NjEsImp0aSI6ImNlZTlmNmY1YWU1MTZjZTJiZmU4MWMzZWZkZTgzNjAwYjVhMmY4YTg4ZWE3ODk5MTM0YTExMTYzZWFlYjRkNjIifQ.dXtXc2kNxzUZdfDBdmw81e8Jmr0wtZpsePmvqE8HNiHKSAT4IpfkW6VsAi7oSe8-ID3bbPGkDWh0U7lctqxX9hB7LCEXGamt7hrgC38MOZeLXSicig1O_0_IIIFVc9b5T_G9Zfy0XF8KQyWC7FksN3NxUU8gNr7ck-ZUkmKEDV1FoyfsTZgQDAthv3FU3nOnyd_rQ33EKQFbpHmvbm3gmz4pb1liY5xkUeGM_Eh0gq7oTeg7BiR0rrZoHktCgJzKexvhupLADp_a-qW9p0GMcbemj7GafZ0MWDOeBN4kXfXbw3AxBAjfyP9s5_SLzjdexfDoczneyYF4sCrPwxtxWg]]>
            </line>
            <line>
              <![CDATA[</div>]]>
            </line>
            <line>
              <![CDATA[</div>]]>
            </line>
            <line>
              <![CDATA[</div>]]>
            </line>
            <line>
              <![CDATA[</div>]]>
            </line>
            <line>
              <![CDATA[</td>]]>
            </line>
            <line>
              <![CDATA[</tr>]]>
            </line>
            <line>
              <![CDATA[<tr><td class="text-dark font-weight-bold">Custom-Header </td><td class="" > {"salesChannel":"SelfService","customerId":"Customer_40308","sessionId":"85861449"} </td></tr>]]>
            </line>
            <line>
              <![CDATA[<tr><td class="text-dark font-weight-bold">Accept-Language </td><td class="" > en_US </td></tr>]]>
            </line>
            <line>
              <![CDATA[<tr><td class="text-dark font-weight-bold">Content-Type </td><td class="" > application/json </td></tr>]]>
            </line>
            <line>
              <![CDATA[<tr>]]>
            </line>
            <line>
              <![CDATA[<td class="text-dark font-weight-bold" >Payload :</td>]]>
            </line>
            <line>
              <![CDATA[<td class="" >]]>
            </line>
            <line>
              <![CDATA[<a href="" class="alert-link" data-toggle="modal" data-target="#rest_assured_logger_modal_value_107">Show</a>]]>
            </line>
            <line>
              <![CDATA[<div class="modal fade"  id="rest_assured_logger_modal_value_107" tabindex="-1" role="dialog">]]>
            </line>
            <line>
              <![CDATA[<div class="modal-dialog" role="document">]]>
            </line>
            <line>
              <![CDATA[<div class="modal-content">]]>
            </line>
            <line>
              <![CDATA[<div class="modal-header text-white bg-info">]]>
            </line>
            <line>
              <![CDATA[<h5 class="modal-title" id="title1">Payload</h5>]]>
            </line>
            <line>
              <![CDATA[<span class="h6 text-light ml-2 mt-2">(click on the Text to copy)</span>]]>
            </line>
            <line>
              <![CDATA[<button type="button" class="close" data-dismiss="modal" aria-label="Close">]]>
            </line>
            <line>
              <![CDATA[<span aria-hidden="true">&times;</span>]]>
            </line>
            <line>
              <![CDATA[</button>]]>
            </line>
            <line>
              <![CDATA[</div>]]>
            </line>
            <line>
              <![CDATA[<div onClick="copyMePlease(this)" class="modal-body">]]>
            </line>
            <line>
              <![CDATA[None]]>
            </line>
            <line>
              <![CDATA[</div>]]>
            </line>
            <line>
              <![CDATA[</div>]]>
            </line>
            <line>
              <![CDATA[</div>]]>
            </line>
            <line>
              <![CDATA[</div>]]>
            </line>
            <line>
              <![CDATA[</td>]]>
            </line>
            <line>
              <![CDATA[</tr>]]>
            </line>
            <line>
              <![CDATA[<tr>]]>
            </line>
            <line>
              <![CDATA[<td class="text-dark font-weight-bold" >Response Header :</td>]]>
            </line>
            <line>
              <![CDATA[<td class="" >]]>
            </line>
            <line>
              <![CDATA[<a href="" class="alert-link" data-toggle="modal" data-target="#modal_value_36">Show</a>]]>
            </line>
            <line>
              <![CDATA[<div class="modal fade"  id="modal_value_36" tabindex="-1" role="dialog">]]>
            </line>
            <line>
              <![CDATA[<div class="modal-dialog" role="document">]]>
            </line>
            <line>
              <![CDATA[<div class="modal-content">]]>
            </line>
            <line>
              <![CDATA[<div class="modal-header text-white bg-info">]]>
            </line>
            <line>
              <![CDATA[<h5 class="modal-title" id="title1">Response Header</h5>]]>
            </line>
            <line>
              <![CDATA[<span class="h6 text-light ml-2 mt-2">(click on the Text to copy)</span>]]>
            </line>
            <line>
              <![CDATA[<button type="button" class="close" data-dismiss="modal" aria-label="Close">]]>
            </line>
            <line>
              <![CDATA[<span aria-hidden="true">&times;</span>]]>
            </line>
            <line>
              <![CDATA[</button>]]>
            </line>
            <line>
              <![CDATA[</div>]]>
            </line>
            <line>
              <![CDATA[<div onClick="copyMePlease(this)" class="modal-body">]]>
            </line>
            <line>
              <![CDATA[X-Application-Context=pod-productoffering-ms:8080
	X-Content-Type-Options=nosniff
	X-XSS-Protection=1; mode=block
	Cache-Control=no-cache, no-store, max-age=0, must-revalidate
	Pragma=no-cache
	Expires=0
	X-Frame-Options=DENY
	Content-Type=application/json;charset=UTF-8
	Transfer-Encoding=chunked
	Date=Tue, 18 Sep 2018 09:41:03 GMT]]>
            </line>
            <line>
              <![CDATA[</div>]]>
            </line>
            <line>
              <![CDATA[</div>]]>
            </line>
            <line>
              <![CDATA[</div>]]>
            </line>
            <line>
              <![CDATA[</div>]]>
            </line>
            <line>
              <![CDATA[</td>]]>
            </line>
            <line>
              <![CDATA[</tr>]]>
            </line>
            <line>
              <![CDATA[<tr>]]>
            </line>
            <line>
              <![CDATA[<td class="text-dark font-weight-bold" >Response :</td>]]>
            </line>
            <line>
              <![CDATA[<td class="" >]]>
            </line>
            <line>
              <![CDATA[<a href="" class="alert-link" data-toggle="modal" data-target="#rest_assured_logger_modal_value_108">Show</a>]]>
            </line>
            <line>
              <![CDATA[<div class="modal fade"  id="rest_assured_logger_modal_value_108" tabindex="-1" role="dialog">]]>
            </line>
            <line>
              <![CDATA[<div class="modal-dialog" role="document">]]>
            </line>
            <line>
              <![CDATA[<div class="modal-content">]]>
            </line>
            <line>
              <![CDATA[<div class="modal-header text-white bg-info">]]>
            </line>
            <line>
              <![CDATA[<h5 class="modal-title" id="title1">Response</h5>]]>
            </line>
            <line>
              <![CDATA[<span class="h6 text-light ml-2 mt-2">(click on the Text to copy)</span>]]>
            </line>
            <line>
              <![CDATA[<button type="button" class="close" data-dismiss="modal" aria-label="Close">]]>
            </line>
            <line>
              <![CDATA[<span aria-hidden="true">&times;</span>]]>
            </line>
            <line>
              <![CDATA[</button>]]>
            </line>
            <line>
              <![CDATA[</div>]]>
            </line>
            <line>
              <![CDATA[<div onClick="copyMePlease(this)" class="modal-body">]]>
            </line>
            <line>
              <![CDATA[[{"id":"434c235f7136435d9ceaaf044919fa0c","href":null,"name":null,"localizedName":"iPhone 7 Screen Protector","description":null,"isBundle":false,"paymentMngType":null,"validFor":{"startDateTime":"2017-01-01T00:00:00Z","endDateTime":null},"productOfferingType":"T_Accessory","isTopItem":null,"isEnabledBy":false,"valueRank":null,"productOfferingCharacteristic":[{"name":"Available_Shipping_Options","localizedName":"Available Shipping Options","valueType":"String","value":[{"default":true,"value":"Standard_Post","localizedValue":"Standard Post","valueFrom":"0","valueTo":"0","unitOfMeasure":null}],"productSpecification":null},{"name":"Make","localizedName":"Make","valueType":"String","value":[{"default":true,"value":"TechMatte","localizedValue":"TechMatte","valueFrom":"0","valueTo":"0","unitOfMeasure":null}],"productSpecification":"0d0a7e68b5d84223b50407e538b9d74d"},{"name":"Model","localizedName":"Model","valueType":"String","value":[{"default":true,"value":"iPhone_7_Screen_Protector","localizedValue":"iPhone 7 Screen Protector","valueFrom":"0","valueTo":"0","unitOfMeasure":null}],"productSpecification":"0d0a7e68b5d84223b50407e538b9d74d"},{"name":"Warranty_Duration","localizedName":"Warranty Duration","valueType":"String","value":[{"default":true,"value":"Lifetime","localizedValue":"Lifetime","valueFrom":"0","valueTo":"0","unitOfMeasure":null}],"productSpecification":"0d0a7e68b5d84223b50407e538b9d74d"},{"name":"Delivery_Method","localizedName":"Delivery Method","valueType":"String","value":[{"default":true,"value":"Indirect_Delivery_Shipping","localizedValue":"Indirect Delivery- Shipping","valueFrom":"0","valueTo":"0","unitOfMeasure":null},{"default":false,"value":"Direct_Delivery_In_Customer_Hand","localizedValue":"Direct Delivery- In Customer Hand","valueFrom":"0","valueTo":"0","unitOfMeasure":null},{"default":false,"value":"Pick_Up_In_Store","localizedValue":"Pick Up In Store","valueFrom":"0","valueTo":"0","unitOfMeasure":null}],"productSpecification":"0d0a7e68b5d84223b50407e538b9d74d"},{"name":"SKU","localizedName":"SKU","valueType":"String","value":[{"default":true,"value":"3011IPH7","localizedValue":"3011IPH7","valueFrom":"0","valueTo":"0","unitOfMeasure":null}],"productSpecification":"0d0a7e68b5d84223b50407e538b9d74d"}],"bundledProductOffering":[],"bundledProdOfferGroupOption":[],"variantGroup":null,"itemTotalPrice":[{"id":null,"name":null,"description":null,"priceType":"OC","unitOfMeasure":null,"recurringChargePeriod":null,"price":{"taxIncludedAmount":{"unit":"USD","value":22.0},"dutyFreeAmount":{"unit":"USD","value":20},"taxAmount":{"unit":"USD","value":2.0},"taxRate":10.0,"percentage":null,"priceReduction":null,"priceOverride":null},"finalPrice":{"taxIncludedAmount":{"unit":"USD","value":22.0},"dutyFreeAmount":{"unit":"USD","value":20},"taxAmount":{"unit":"USD","value":2.0},"taxRate":10.0,"percentage":null,"priceReduction":null,"priceOverride":null},"standalonePrice":{"taxIncludedAmount":null,"dutyFreeAmount":null,"taxAmount":null,"taxRate":null,"percentage":null,"priceReduction":null,"priceOverride":null},"priceAlteration":[]}],"itemPrice":[{"id":"3457a69af2a24cb8ab56df9e1f8dc36d","name":"iPhone 7 Screen Protector charge","description":null,"priceType":"OC","unitOfMeasure":null,"recurringChargePeriod":null,"price":{"taxIncludedAmount":{"unit":"USD","value":22.0},"dutyFreeAmount":{"unit":"USD","value":20},"taxAmount":{"unit":"USD","value":2.0},"taxRate":10.0,"percentage":null,"priceReduction":null,"priceOverride":null},"finalPrice":{"taxIncludedAmount":{"unit":"USD","value":22.0},"dutyFreeAmount":{"unit":"USD","value":20},"taxAmount":{"unit":"USD","value":2.0},"taxRate":10.0,"percentage":null,"priceReduction":null,"priceOverride":null},"standalonePrice":{"taxIncludedAmount":null,"dutyFreeAmount":null,"taxAmount":null,"taxRate":null,"percentage":null,"priceReduction":null,"priceOverride":null},"priceAlteration":[]}],"productOfferingTerm":[],"attachment":[{"name":"Screen Protector icon","type":"image","description":null,"url":"http://portfolio1srv.corp.amdocs.com/screenprotector_icon.svg","mimeType":"image/png"}],"immediatePromotion":[],"relatedImmediatePromotion":[],"stock":[]}]]]>
            </line>
            <line>
              <![CDATA[</div>]]>
            </line>
            <line>
              <![CDATA[</div>]]>
            </line>
            <line>
              <![CDATA[</div>]]>
            </line>
            <line>
              <![CDATA[</div>]]>
            </line>
            <line>
              <![CDATA[</td>]]>
            </line>
            <line>
              <![CDATA[</tr>]]>
            </line>
            <line>
              <![CDATA[<tr class="table-success"><td colspan="2">Response status: expected=200 actual=200; Value: true</td></tr>]]>
            </line>
            <line>
              <![CDATA[<tr class="table-warning"><td colspan="2">
 ***********************The name of the TestStep Passed is :testProductOfferingDetailsForGivenProductOfferingId***********************
</td></tr>]]>
            </line>
            <line>
              <![CDATA[<tr class="table-warning"><td colspan="2">
 **********************************************************************************************************************
</td></tr>]]>
            </line>
          </reporter-output>
        </test-method> <!-- testProductOfferingDetailsForGivenProductOfferingId -->
      </class> <!-- productofferingdiscovery.ProductOfferingDetails -->
    </test> <!-- PRODUCT-OFFERING-MS_Accessories_Positive -->
    <test name="POD-SEARCH-SERVICE-MS_Test_sellable_catalog_items" duration-ms="1184" started-at="2018-09-18T09:41:04Z" finished-at="2018-09-18T09:41:06Z">
      <class name="productofferingdiscovery.SearchProductOffering">
        <test-method status="PASS" signature="searchProductOfferingForGivenCategoryId(java.lang.String, java.lang.String, java.lang.String, java.lang.String, java.lang.String, org.testng.ITestContext)[pri:0, instance:productofferingdiscovery.SearchProductOffering@44c8afef]" name="searchProductOfferingForGivenCategoryId" duration-ms="1178" started-at="2018-09-18T15:11:04Z" finished-at="2018-09-18T15:11:06Z">
          <params>
            <param index="0">
              <value>
                <![CDATA[-1]]>
              </value>
            </param>
            <param index="1">
              <value>
                <![CDATA[a772d84d65a34e61a485703f28f3daea]]>
              </value>
            </param>
            <param index="2">
              <value>
                <![CDATA[ct]]>
              </value>
            </param>
            <param index="3">
              <value is-null="true"/>
            </param>
            <param index="4">
              <value>
                <![CDATA[Call Center]]>
              </value>
            </param>
            <param index="5">
              <value>
                <![CDATA[org.testng.TestRunner@7b2a3ff8]]>
              </value>
            </param>
          </params>
          <reporter-output>
            <line>
              <![CDATA[<tr class="table-warning"><td colspan="2">
 ***********************The name of the TestStep Started is :searchProductOfferingForGivenCategoryId***********************
</td></tr>]]>
            </line>
            <line>
              <![CDATA[<tr class="table-warning"><td colspan="2">
 **********************************************************************************************************************
</td></tr>]]>
            </line>
            <line>
              <![CDATA[<tr class="table-info"><td class="text-dark font-weight-bold">Request Type </td><td class="" >GET</td></tr>]]>
            </line>
            <line>
              <![CDATA[<tr><td class="text-dark font-weight-bold">URI </td><td class="" > http://ilocpde01w02.corp.amdocs.com:33636/productOfferingDiscovery/v1/searchProductOffering?categoryIds=a772d84d65a34e61a485703f28f3daea&pageSize=-1&salesChannel=SelfService </td></tr>]]>
            </line>
            <line>
              <![CDATA[<tr><td class="text-dark font-weight-bold" colspan="2">Headers : </td></tr>]]>
            </line>
            <line>
              <![CDATA[<tr>]]>
            </line>
            <line>
              <![CDATA[<td class="text-dark font-weight-bold" >Authorization :</td>]]>
            </line>
            <line>
              <![CDATA[<td class="" >]]>
            </line>
            <line>
              <![CDATA[<a href="" class="alert-link" data-toggle="modal" data-target="#rest_assured_logger_modal_value_109">Show</a>]]>
            </line>
            <line>
              <![CDATA[<div class="modal fade"  id="rest_assured_logger_modal_value_109" tabindex="-1" role="dialog">]]>
            </line>
            <line>
              <![CDATA[<div class="modal-dialog" role="document">]]>
            </line>
            <line>
              <![CDATA[<div class="modal-content">]]>
            </line>
            <line>
              <![CDATA[<div class="modal-header text-white bg-info">]]>
            </line>
            <line>
              <![CDATA[<h5 class="modal-title" id="title1">Authorization</h5>]]>
            </line>
            <line>
              <![CDATA[<span class="h6 text-light ml-2 mt-2">(click on the Text to copy)</span>]]>
            </line>
            <line>
              <![CDATA[<button type="button" class="close" data-dismiss="modal" aria-label="Close">]]>
            </line>
            <line>
              <![CDATA[<span aria-hidden="true">&times;</span>]]>
            </line>
            <line>
              <![CDATA[</button>]]>
            </line>
            <line>
              <![CDATA[</div>]]>
            </line>
            <line>
              <![CDATA[<div onClick="copyMePlease(this)" class="modal-body">]]>
            </line>
            <line>
              <![CDATA[Bearer eyJ4NXQjUzI1NiI6IkxEbGVvYldaYmVZcG9pb0Q0R1hrMWp3US8rUWd1MUs1eXNzQ1JpN3BtelE9IiwidHlwIjoiSldUIiwiYWxnIjoiUlMyNTYifQ.eyJzdWIiOiJBdXRvbWF0aW9uXzYxOTk2Nzg0M19JbmRpdmlkdWFsIiwicm9sZXMiOlsiQ3JlYXRlQ3VzdG9tZXJFbnRpdHkiLCJTVFMtQ29tbW9uIiwiR2V0Q3VzdG9tZXIiLCJvcmRlckNoYW5nZU93bmVyc2hpcCIsIkV2YWx1YXRlQ3JlZGl0UHJvZmlsZSIsIlNlYXJjaEluZGl2aWR1YWwiLCJXcml0ZSIsIkNyZWF0ZVBheW1lbnRNZXRob2QiLCJVcGRhdGVJbmRpdmlkdWFsIiwiQ3JlYXRlSW5kaXZpZHVhbCIsIlByb2R1Y3RPcmRlckxhdW5jaGVyVXBkYXRlIiwiQWRkUmVsYXRlZFBhcnR5IiwiUEFQLVBVIiwiUHJvZHVjdE9yZGVyTGF1bmNoZXJDcmVhdGUiLCJQcm9kdWN0T3JkZXJMYXVuY2hlckRlbGV0ZSIsIkFzbVNlcnZpY2VzQXBwSWRlbnRpdHkiLCJSZXRyaWV2ZUN1c3RvbWVyRW50aXR5IiwiQXBwVGVzdGVyUm9sZSIsIlJldHJpZXZlSW5kaXZpZHVhbCIsImNzciIsIkNoYW5nZU93bmVyc2hpcFJvbGUiLCJHZXRJbmRpdmlkdWFsIiwiR2V0Q3VzdG9tZXJFbnRpdHkiLCJBbm9ueW1vdXNVc2VyUm9sZSIsIkRlbGV0ZUluZGl2aWR1YWwiLCJDcmVhdGVDdXN0b21lciIsIlVwZGF0ZUNyZWRpdFByb2ZpbGUiLCJEZWxldGVDcmVkaXRQcm9maWxlIiwiUHJvZHVjdE9yZGVyTGF1bmNoZXJSZWFkIiwiQ2F0YWxvZ09uZS5pbXBvcnRlciIsIlJldHJpZXZlQ3VzdG9tZXIiLCJSZXRyZWl2ZVBheW1lbnRNZXRob2QiLCJQQVAtQ29tbW9uIl0sImN1c3RvbWVySWQiOiJDdXN0b21lcl80MDMwOCIsImlzcyI6IkEzU1pvbmUxQEEzUy5hbWRvY3MuY29tIiwib2l0IjoxNTM3MjYzNjYxLCJzYWxlc0NoYW5uZWwiOiJTZWxmU2VydmljZSIsImV4cCI6MTUzNzI3MDg2MSwiaWF0IjoxNTM3MjYzNjYxLCJ0dGwiOjE1MzcyOTI0NjEsImp0aSI6ImNlZTlmNmY1YWU1MTZjZTJiZmU4MWMzZWZkZTgzNjAwYjVhMmY4YTg4ZWE3ODk5MTM0YTExMTYzZWFlYjRkNjIifQ.dXtXc2kNxzUZdfDBdmw81e8Jmr0wtZpsePmvqE8HNiHKSAT4IpfkW6VsAi7oSe8-ID3bbPGkDWh0U7lctqxX9hB7LCEXGamt7hrgC38MOZeLXSicig1O_0_IIIFVc9b5T_G9Zfy0XF8KQyWC7FksN3NxUU8gNr7ck-ZUkmKEDV1FoyfsTZgQDAthv3FU3nOnyd_rQ33EKQFbpHmvbm3gmz4pb1liY5xkUeGM_Eh0gq7oTeg7BiR0rrZoHktCgJzKexvhupLADp_a-qW9p0GMcbemj7GafZ0MWDOeBN4kXfXbw3AxBAjfyP9s5_SLzjdexfDoczneyYF4sCrPwxtxWg]]>
            </line>
            <line>
              <![CDATA[</div>]]>
            </line>
            <line>
              <![CDATA[</div>]]>
            </line>
            <line>
              <![CDATA[</div>]]>
            </line>
            <line>
              <![CDATA[</div>]]>
            </line>
            <line>
              <![CDATA[</td>]]>
            </line>
            <line>
              <![CDATA[</tr>]]>
            </line>
            <line>
              <![CDATA[<tr><td class="text-dark font-weight-bold">Accept-Language </td><td class="" > en_US </td></tr>]]>
            </line>
            <line>
              <![CDATA[<tr><td class="text-dark font-weight-bold">Content-Type </td><td class="" > application/json </td></tr>]]>
            </line>
            <line>
              <![CDATA[<tr>]]>
            </line>
            <line>
              <![CDATA[<td class="text-dark font-weight-bold" >Payload :</td>]]>
            </line>
            <line>
              <![CDATA[<td class="" >]]>
            </line>
            <line>
              <![CDATA[<a href="" class="alert-link" data-toggle="modal" data-target="#rest_assured_logger_modal_value_110">Show</a>]]>
            </line>
            <line>
              <![CDATA[<div class="modal fade"  id="rest_assured_logger_modal_value_110" tabindex="-1" role="dialog">]]>
            </line>
            <line>
              <![CDATA[<div class="modal-dialog" role="document">]]>
            </line>
            <line>
              <![CDATA[<div class="modal-content">]]>
            </line>
            <line>
              <![CDATA[<div class="modal-header text-white bg-info">]]>
            </line>
            <line>
              <![CDATA[<h5 class="modal-title" id="title1">Payload</h5>]]>
            </line>
            <line>
              <![CDATA[<span class="h6 text-light ml-2 mt-2">(click on the Text to copy)</span>]]>
            </line>
            <line>
              <![CDATA[<button type="button" class="close" data-dismiss="modal" aria-label="Close">]]>
            </line>
            <line>
              <![CDATA[<span aria-hidden="true">&times;</span>]]>
            </line>
            <line>
              <![CDATA[</button>]]>
            </line>
            <line>
              <![CDATA[</div>]]>
            </line>
            <line>
              <![CDATA[<div onClick="copyMePlease(this)" class="modal-body">]]>
            </line>
            <line>
              <![CDATA[None]]>
            </line>
            <line>
              <![CDATA[</div>]]>
            </line>
            <line>
              <![CDATA[</div>]]>
            </line>
            <line>
              <![CDATA[</div>]]>
            </line>
            <line>
              <![CDATA[</div>]]>
            </line>
            <line>
              <![CDATA[</td>]]>
            </line>
            <line>
              <![CDATA[</tr>]]>
            </line>
            <line>
              <![CDATA[<tr>]]>
            </line>
            <line>
              <![CDATA[<td class="text-dark font-weight-bold" >Response Header :</td>]]>
            </line>
            <line>
              <![CDATA[<td class="" >]]>
            </line>
            <line>
              <![CDATA[<a href="" class="alert-link" data-toggle="modal" data-target="#modal_value_37">Show</a>]]>
            </line>
            <line>
              <![CDATA[<div class="modal fade"  id="modal_value_37" tabindex="-1" role="dialog">]]>
            </line>
            <line>
              <![CDATA[<div class="modal-dialog" role="document">]]>
            </line>
            <line>
              <![CDATA[<div class="modal-content">]]>
            </line>
            <line>
              <![CDATA[<div class="modal-header text-white bg-info">]]>
            </line>
            <line>
              <![CDATA[<h5 class="modal-title" id="title1">Response Header</h5>]]>
            </line>
            <line>
              <![CDATA[<span class="h6 text-light ml-2 mt-2">(click on the Text to copy)</span>]]>
            </line>
            <line>
              <![CDATA[<button type="button" class="close" data-dismiss="modal" aria-label="Close">]]>
            </line>
            <line>
              <![CDATA[<span aria-hidden="true">&times;</span>]]>
            </line>
            <line>
              <![CDATA[</button>]]>
            </line>
            <line>
              <![CDATA[</div>]]>
            </line>
            <line>
              <![CDATA[<div onClick="copyMePlease(this)" class="modal-body">]]>
            </line>
            <line>
              <![CDATA[X-Content-Type-Options=nosniff
	X-XSS-Protection=1; mode=block
	Cache-Control=no-cache, no-store, max-age=0, must-revalidate
	Pragma=no-cache
	Expires=0
	X-Frame-Options=DENY
	X-Application-Context=pod-search-ms:8080
	X-Total-Count=10
	X-Pagination-Total-Pages=2
	Content-Type=application/json;charset=UTF-8
	Transfer-Encoding=chunked
	Date=Tue, 18 Sep 2018 09:41:05 GMT]]>
            </line>
            <line>
              <![CDATA[</div>]]>
            </line>
            <line>
              <![CDATA[</div>]]>
            </line>
            <line>
              <![CDATA[</div>]]>
            </line>
            <line>
              <![CDATA[</div>]]>
            </line>
            <line>
              <![CDATA[</td>]]>
            </line>
            <line>
              <![CDATA[</tr>]]>
            </line>
            <line>
              <![CDATA[<tr>]]>
            </line>
            <line>
              <![CDATA[<td class="text-dark font-weight-bold" >Response :</td>]]>
            </line>
            <line>
              <![CDATA[<td class="" >]]>
            </line>
            <line>
              <![CDATA[<a href="" class="alert-link" data-toggle="modal" data-target="#rest_assured_logger_modal_value_111">Show</a>]]>
            </line>
            <line>
              <![CDATA[<div class="modal fade"  id="rest_assured_logger_modal_value_111" tabindex="-1" role="dialog">]]>
            </line>
            <line>
              <![CDATA[<div class="modal-dialog" role="document">]]>
            </line>
            <line>
              <![CDATA[<div class="modal-content">]]>
            </line>
            <line>
              <![CDATA[<div class="modal-header text-white bg-info">]]>
            </line>
            <line>
              <![CDATA[<h5 class="modal-title" id="title1">Response</h5>]]>
            </line>
            <line>
              <![CDATA[<span class="h6 text-light ml-2 mt-2">(click on the Text to copy)</span>]]>
            </line>
            <line>
              <![CDATA[<button type="button" class="close" data-dismiss="modal" aria-label="Close">]]>
            </line>
            <line>
              <![CDATA[<span aria-hidden="true">&times;</span>]]>
            </line>
            <line>
              <![CDATA[</button>]]>
            </line>
            <line>
              <![CDATA[</div>]]>
            </line>
            <line>
              <![CDATA[<div onClick="copyMePlease(this)" class="modal-body">]]>
            </line>
            <line>
              <![CDATA[[{"id":"3654fd14c8a34dbfb34e3d5331a71238","href":null,"name":null,"localizedName":"Stream Saver","description":null,"isBundle":false,"isEnabledBy":true,"paymentMngType":null,"validFor":{"startDateTime":"2017-01-01T00:00:00Z","endDateTime":null},"productOfferingType":"T_Stream_Saver","characteristic":[{"name":"Resolution_Limit","localizedName":"Resolution Limit","valueType":"String","descriptiveCharacteristicValue":[{"default":true,"value":"480pi","localizedValue":"SD","valueFrom":"0","valueTo":"0","unitOfMeasure":null}],"productSpecification":"873fb852ab1d4d09ad390c87e442acb1"}],"bundledProductOffering":[],"bundledProductOfferGroupOption":[],"variantGroup":[],"itemTotalPrice":[{"id":null,"name":null,"description":null,"priceType":"RC","unitOfMeasure":null,"recurringChargePeriod":"1/month","price":{"taxIncludedAmount":{"unit":"USD","value":8.8},"dutyFreeAmount":{"unit":"USD","value":8},"taxAmount":{"unit":"USD","value":0.8},"taxRate":10.0,"percentage":null,"priceReduction":null,"priceOverride":null},"finalPrice":{"taxIncludedAmount":{"unit":"USD","value":8.8},"dutyFreeAmount":{"unit":"USD","value":8},"taxAmount":{"unit":"USD","value":0.8},"taxRate":10.0,"percentage":null,"priceReduction":null,"priceOverride":null},"standalonePrice":{"taxIncludedAmount":null,"dutyFreeAmount":null,"taxAmount":null,"taxRate":null,"percentage":null,"priceReduction":null,"priceOverride":null},"priceAlteration":[]}],"itemPrice":[{"id":"65a1314c3cda42ee998deababd1dc851","name":"Stream Saver Charge","description":null,"priceType":"RC","unitOfMeasure":null,"recurringChargePeriod":"1/month","price":{"taxIncludedAmount":{"unit":"USD","value":8.8},"dutyFreeAmount":{"unit":"USD","value":8},"taxAmount":{"unit":"USD","value":0.8},"taxRate":10.0,"percentage":null,"priceReduction":null,"priceOverride":null},"finalPrice":{"taxIncludedAmount":{"unit":"USD","value":8.8},"dutyFreeAmount":{"unit":"USD","value":8},"taxAmount":{"unit":"USD","value":0.8},"taxRate":10.0,"percentage":null,"priceReduction":null,"priceOverride":null},"standalonePrice":{"taxIncludedAmount":null,"dutyFreeAmount":null,"taxAmount":null,"taxRate":null,"percentage":null,"priceReduction":null,"priceOverride":null},"priceAlteration":[]}],"productOfferingTerm":[],"attachment":[],"immediatePromotion":[]},{"id":"4473e3f80ccd42a6a531d34bdb7c1aa8","href":null,"name":null,"localizedName":"Video Streaming HD","description":null,"isBundle":false,"isEnabledBy":true,"paymentMngType":null,"validFor":{"startDateTime":"2017-01-01T00:00:00Z","endDateTime":null},"productOfferingType":"T_Video_Streaming","characteristic":[{"name":"Resolution","localizedName":"Resolution","valueType":"String","descriptiveCharacteristicValue":[{"default":true,"value":"1080i","localizedValue":"Full HD","valueFrom":"0","valueTo":"0","unitOfMeasure":null}],"productSpecification":"5538d8443e3e4d14beb7dbaf1f3ffac8"}],"bundledProductOffering":[],"bundledProductOfferGroupOption":[],"variantGroup":[],"itemTotalPrice":[{"id":null,"name":null,"description":null,"priceType":"RC","unitOfMeasure":null,"recurringChargePeriod":"1/month","price":{"taxIncludedAmount":{"unit":"USD","value":11.0},"dutyFreeAmount":{"unit":"USD","value":10},"taxAmount":{"unit":"USD","value":1.0},"taxRate":10.0,"percentage":null,"priceReduction":null,"priceOverride":null},"finalPrice":{"taxIncludedAmount":{"unit":"USD","value":11.0},"dutyFreeAmount":{"unit":"USD","value":10},"taxAmount":{"unit":"USD","value":1.0},"taxRate":10.0,"percentage":null,"priceReduction":null,"priceOverride":null},"standalonePrice":{"taxIncludedAmount":null,"dutyFreeAmount":null,"taxAmount":null,"taxRate":null,"percentage":null,"priceReduction":null,"priceOverride":null},"priceAlteration":[]}],"itemPrice":[{"id":"bff9b395ac3f4cbcbcd80f8d0520eefa","name":"Video Streaming HD Charge","description":null,"priceType":"RC","unitOfMeasure":null,"recurringChargePeriod":"1/month","price":{"taxIncludedAmount":{"unit":"USD","value":11.0},"dutyFreeAmount":{"unit":"USD","value":10},"taxAmount":{"unit":"USD","value":1.0},"taxRate":10.0,"percentage":null,"priceReduction":null,"priceOverride":null},"finalPrice":{"taxIncludedAmount":{"unit":"USD","value":11.0},"dutyFreeAmount":{"unit":"USD","value":10},"taxAmount":{"unit":"USD","value":1.0},"taxRate":10.0,"percentage":null,"priceReduction":null,"priceOverride":null},"standalonePrice":{"taxIncludedAmount":null,"dutyFreeAmount":null,"taxAmount":null,"taxRate":null,"percentage":null,"priceReduction":null,"priceOverride":null},"priceAlteration":[]}],"productOfferingTerm":[],"attachment":[],"immediatePromotion":[]},{"id":"2856fb130a954f26a080f7dfa988d2c6","href":null,"name":null,"localizedName":"Customer Care","description":"Customer Care Service","isBundle":false,"isEnabledBy":false,"paymentMngType":null,"validFor":{"startDateTime":"2017-01-01T00:00:00Z","endDateTime":null},"productOfferingType":"T_Customer_Care","characteristic":[],"bundledProductOffering":[],"bundledProductOfferGroupOption":[],"variantGroup":[],"itemTotalPrice":[{"id":null,"name":null,"description":null,"priceType":"RC","unitOfMeasure":null,"recurringChargePeriod":"1/month","price":{"taxIncludedAmount":{"unit":"USD","value":8.8},"dutyFreeAmount":{"unit":"USD","value":8},"taxAmount":{"unit":"USD","value":0.8},"taxRate":10.0,"percentage":null,"priceReduction":null,"priceOverride":null},"finalPrice":{"taxIncludedAmount":{"unit":"USD","value":8.8},"dutyFreeAmount":{"unit":"USD","value":8},"taxAmount":{"unit":"USD","value":0.8},"taxRate":10.0,"percentage":null,"priceReduction":null,"priceOverride":null},"standalonePrice":{"taxIncludedAmount":null,"dutyFreeAmount":null,"taxAmount":null,"taxRate":null,"percentage":null,"priceReduction":null,"priceOverride":null},"priceAlteration":[]}],"itemPrice":[{"id":"d67d7211c82149b9a697328610af1e81","name":"Customer Care charge","description":null,"priceType":"RC","unitOfMeasure":null,"recurringChargePeriod":"1/month","price":{"taxIncludedAmount":{"unit":"USD","value":8.8},"dutyFreeAmount":{"unit":"USD","value":8},"taxAmount":{"unit":"USD","value":0.8},"taxRate":10.0,"percentage":null,"priceReduction":null,"priceOverride":null},"finalPrice":{"taxIncludedAmount":{"unit":"USD","value":8.8},"dutyFreeAmount":{"unit":"USD","value":8},"taxAmount":{"unit":"USD","value":0.8},"taxRate":10.0,"percentage":null,"priceReduction":null,"priceOverride":null},"standalonePrice":{"taxIncludedAmount":null,"dutyFreeAmount":null,"taxAmount":null,"taxRate":null,"percentage":null,"priceReduction":null,"priceOverride":null},"priceAlteration":[]}],"productOfferingTerm":[],"attachment":[],"immediatePromotion":[]},{"id":"80503b4623814919ba22f157fa5287b8","href":null,"name":null,"localizedName":"Enhanced Voicemail","description":"Enhanced Voicemail","isBundle":false,"isEnabledBy":true,"paymentMngType":null,"validFor":{"startDateTime":"2017-02-01T00:00:00Z","endDateTime":null},"productOfferingType":"Voicemail","characteristic":[{"name":"Voicemail_Type","localizedName":"Voicemail Type","valueType":"String","descriptiveCharacteristicValue":[{"default":true,"value":"Enhanced","localizedValue":"Enhanced","valueFrom":"0","valueTo":"0","unitOfMeasure":null}],"productSpecification":"8773a347c8fa4779b5e035293ff6e4ca"},{"name":"Voicemail_ID","localizedName":"Voicemail ID","valueType":"String","descriptiveCharacteristicValue":[],"productSpecification":"8773a347c8fa4779b5e035293ff6e4ca"}],"bundledProductOffering":[],"bundledProductOfferGroupOption":[],"variantGroup":[],"itemTotalPrice":[],"itemPrice":[{"id":"747acb45016c429582ccd28b472b502d","name":null,"description":null,"priceType":null,"unitOfMeasure":null,"recurringChargePeriod":null,"price":{"taxIncludedAmount":null,"dutyFreeAmount":null,"taxAmount":null,"taxRate":null,"percentage":null,"priceReduction":null,"priceOverride":null},"finalPrice":{"taxIncludedAmount":null,"dutyFreeAmount":null,"taxAmount":null,"taxRate":null,"percentage":null,"priceReduction":null,"priceOverride":null},"standalonePrice":{"taxIncludedAmount":null,"dutyFreeAmount":null,"taxAmount":null,"taxRate":null,"percentage":null,"priceReduction":null,"priceOverride":null},"priceAlteration":[]},{"id":"44019fb0eb42404c9bfab77b1f5611b1","name":"Enhanced Voicemail charge","description":null,"priceType":"RC","unitOfMeasure":null,"recurringChargePeriod":"1/month","price":{"taxIncludedAmount":{"unit":"USD","value":3.3},"dutyFreeAmount":{"unit":"USD","value":3},"taxAmount":{"unit":"USD","value":0.3},"taxRate":10.0,"percentage":null,"priceReduction":null,"priceOverride":null},"finalPrice":{"taxIncludedAmount":{"unit":"USD","value":3.3},"dutyFreeAmount":{"unit":"USD","value":3},"taxAmount":{"unit":"USD","value":0.3},"taxRate":10.0,"percentage":null,"priceReduction":null,"priceOverride":null},"standalonePrice":{"taxIncludedAmount":null,"dutyFreeAmount":null,"taxAmount":null,"taxRate":null,"percentage":null,"priceReduction":null,"priceOverride":null},"priceAlteration":[]}],"productOfferingTerm":[],"attachment":[{"name":"Voicemail icon","type":"image","description":null,"url":"http://portfolio1srv.corp.amdocs.com/voicemail.svg","mimeType":"image/png"}],"immediatePromotion":[]},{"id":"c8ef89ee77284796ba0d059f4b730a37","href":null,"name":null,"localizedName":"Spotify Premium","description":"Spotify gives you access to millions of songs on Spotify.  Play your favorites, discover new tracks, and build the perfect collection","isBundle":false,"isEnabledBy":true,"paymentMngType":null,"validFor":{"startDateTime":"2017-01-03T00:00:00Z","endDateTime":null},"productOfferingType":"Entertainment","characteristic":[],"bundledProductOffering":[],"bundledProductOfferGroupOption":[],"variantGroup":[],"itemTotalPrice":[{"id":null,"name":null,"description":null,"priceType":"RC","unitOfMeasure":null,"recurringChargePeriod":"1/month","price":{"taxIncludedAmount":{"unit":"USD","value":2.189},"dutyFreeAmount":{"unit":"USD","value":1.99},"taxAmount":{"unit":"USD","value":0.199},"taxRate":10.0,"percentage":null,"priceReduction":null,"priceOverride":null},"finalPrice":{"taxIncludedAmount":{"unit":"USD","value":2.189},"dutyFreeAmount":{"unit":"USD","value":1.99},"taxAmount":{"unit":"USD","value":0.199},"taxRate":10.0,"percentage":null,"priceReduction":null,"priceOverride":null},"standalonePrice":{"taxIncludedAmount":null,"dutyFreeAmount":null,"taxAmount":null,"taxRate":null,"percentage":null,"priceReduction":null,"priceOverride":null},"priceAlteration":[]}],"itemPrice":[{"id":"0bc5912c41594da09384e3dd144c3194","name":"Spotify Premium RC charge","description":"Spotify Premium at $1.99 a month","priceType":"RC","unitOfMeasure":null,"recurringChargePeriod":"1/month","price":{"taxIncludedAmount":{"unit":"USD","value":2.189},"dutyFreeAmount":{"unit":"USD","value":1.99},"taxAmount":{"unit":"USD","value":0.199},"taxRate":10.0,"percentage":null,"priceReduction":null,"priceOverride":null},"finalPrice":{"taxIncludedAmount":{"unit":"USD","value":2.189},"dutyFreeAmount":{"unit":"USD","value":1.99},"taxAmount":{"unit":"USD","value":0.199},"taxRate":10.0,"percentage":null,"priceReduction":null,"priceOverride":null},"standalonePrice":{"taxIncludedAmount":null,"dutyFreeAmount":null,"taxAmount":null,"taxRate":null,"percentage":null,"priceReduction":null,"priceOverride":null},"priceAlteration":[]}],"productOfferingTerm":[],"attachment":[],"immediatePromotion":[]}]]]>
            </line>
            <line>
              <![CDATA[</div>]]>
            </line>
            <line>
              <![CDATA[</div>]]>
            </line>
            <line>
              <![CDATA[</div>]]>
            </line>
            <line>
              <![CDATA[</div>]]>
            </line>
            <line>
              <![CDATA[</td>]]>
            </line>
            <line>
              <![CDATA[</tr>]]>
            </line>
            <line>
              <![CDATA[<tr class="table-success"><td colspan="2">Response status: expected=200 actual=200; Value: true</td></tr>]]>
            </line>
            <line>
              <![CDATA[<tr class="table-warning"><td colspan="2">
 ***********************The name of the TestStep Passed is :searchProductOfferingForGivenCategoryId***********************
</td></tr>]]>
            </line>
            <line>
              <![CDATA[<tr class="table-warning"><td colspan="2">
 **********************************************************************************************************************
</td></tr>]]>
            </line>
          </reporter-output>
        </test-method> <!-- searchProductOfferingForGivenCategoryId -->
        <test-method status="PASS" signature="beforeTestMethodToSkipIfPreviousTestFailed(org.testng.ITestContext)[pri:0, instance:productofferingdiscovery.SearchProductOffering@44c8afef]" name="beforeTestMethodToSkipIfPreviousTestFailed" is-config="true" duration-ms="0" started-at="2018-09-18T15:11:04Z" finished-at="2018-09-18T15:11:04Z">
          <params>
            <param index="0">
              <value>
                <![CDATA[org.testng.TestRunner@7b2a3ff8]]>
              </value>
            </param>
          </params>
          <reporter-output>
          </reporter-output>
        </test-method> <!-- beforeTestMethodToSkipIfPreviousTestFailed -->
      </class> <!-- productofferingdiscovery.SearchProductOffering -->
      <class name="amdocs.initialSetup.AutomationSetup">
        <test-method status="PASS" signature="afterSuite(org.testng.ITestContext)[pri:0, instance:amdocs.initialSetup.AutomationSetup@ea1a8d5]" name="afterSuite" is-config="true" duration-ms="386" started-at="2018-09-18T15:11:06Z" finished-at="2018-09-18T15:11:06Z">
          <params>
            <param index="0">
              <value>
                <![CDATA[org.testng.TestRunner@7b2a3ff8]]>
              </value>
            </param>
          </params>
          <reporter-output>
            <line>
              <![CDATA[CNFT reports: C:\share\framework\order_capture_test\test-output\ctLogs]]>
            </line>
            <line>
              <![CDATA[<tr class="table-warning"><td colspan="2">Form @AfterSuite: found 1 users. Deleting all.</td></tr>]]>
            </line>
            <line>
              <![CDATA[<tr class="table-warning"><td colspan="2">Deleting logged in users. Users are: </td></tr>]]>
            </line>
            <line>
              <![CDATA[<tr class="table-warning"><td colspan="2">UserIndividualSS (Automation_619967843_Individual)</td></tr>]]>
            </line>
            <line>
              <![CDATA[<tr class="table-light"><td colspan="2">JSON file loaded successfully. File: /src/test/resources/ct/payload/A3S/User.json</td></tr>]]>
            </line>
            <line>
              <![CDATA[<tr class="table-light"><td colspan="2">JSON value updated. JSON path: $.users[0].id; Value: Automation_619967843_Individual</td></tr>]]>
            </line>
            <line>
              <![CDATA[<tr class="table-light"><td colspan="2">JSON value updated. JSON path: $.users[0].userName; Value: Automation_619967843_Individual</td></tr>]]>
            </line>
            <line>
              <![CDATA[<tr class="table-light"><td colspan="2">JSON value updated. JSON path: $.operation.createNew; Value: false</td></tr>]]>
            </line>
            <line>
              <![CDATA[<tr class="table-light"><td colspan="2">JSON value updated. JSON path: $.operation.deleteFirst; Value: true</td></tr>]]>
            </line>
            <line>
              <![CDATA[<tr class="table-light"><td colspan="2">JSON value updated. JSON path: $.operation.updateExisting; Value: false</td></tr>]]>
            </line>
            <line>
              <![CDATA[<tr class="table-info"><td class="text-dark font-weight-bold">Request Type </td><td class="" >POST</td></tr>]]>
            </line>
            <line>
              <![CDATA[<tr><td class="text-dark font-weight-bold">URI </td><td class="" > http://ilocpde01w02.corp.amdocs.com:30525/asmServices/services/v1.0/users/bulk </td></tr>]]>
            </line>
            <line>
              <![CDATA[<tr><td class="text-dark font-weight-bold" colspan="2">Headers : </td></tr>]]>
            </line>
            <line>
              <![CDATA[<tr>]]>
            </line>
            <line>
              <![CDATA[<td class="text-dark font-weight-bold" >Authorization :</td>]]>
            </line>
            <line>
              <![CDATA[<td class="" >]]>
            </line>
            <line>
              <![CDATA[<a href="" class="alert-link" data-toggle="modal" data-target="#rest_assured_logger_modal_value_112">Show</a>]]>
            </line>
            <line>
              <![CDATA[<div class="modal fade"  id="rest_assured_logger_modal_value_112" tabindex="-1" role="dialog">]]>
            </line>
            <line>
              <![CDATA[<div class="modal-dialog" role="document">]]>
            </line>
            <line>
              <![CDATA[<div class="modal-content">]]>
            </line>
            <line>
              <![CDATA[<div class="modal-header text-white bg-info">]]>
            </line>
            <line>
              <![CDATA[<h5 class="modal-title" id="title1">Authorization</h5>]]>
            </line>
            <line>
              <![CDATA[<span class="h6 text-light ml-2 mt-2">(click on the Text to copy)</span>]]>
            </line>
            <line>
              <![CDATA[<button type="button" class="close" data-dismiss="modal" aria-label="Close">]]>
            </line>
            <line>
              <![CDATA[<span aria-hidden="true">&times;</span>]]>
            </line>
            <line>
              <![CDATA[</button>]]>
            </line>
            <line>
              <![CDATA[</div>]]>
            </line>
            <line>
              <![CDATA[<div onClick="copyMePlease(this)" class="modal-body">]]>
            </line>
            <line>
              <![CDATA[Basic YTNzRGVwbG95ZXI6QTNzRGVwbG95ZXIh]]>
            </line>
            <line>
              <![CDATA[</div>]]>
            </line>
            <line>
              <![CDATA[</div>]]>
            </line>
            <line>
              <![CDATA[</div>]]>
            </line>
            <line>
              <![CDATA[</div>]]>
            </line>
            <line>
              <![CDATA[</td>]]>
            </line>
            <line>
              <![CDATA[</tr>]]>
            </line>
            <line>
              <![CDATA[<tr><td class="text-dark font-weight-bold">Accept </td><td class="" > application/json </td></tr>]]>
            </line>
            <line>
              <![CDATA[<tr><td class="text-dark font-weight-bold">Content-Type </td><td class="" > application/json </td></tr>]]>
            </line>
            <line>
              <![CDATA[<tr>]]>
            </line>
            <line>
              <![CDATA[<td class="text-dark font-weight-bold" >Payload :</td>]]>
            </line>
            <line>
              <![CDATA[<td class="" >]]>
            </line>
            <line>
              <![CDATA[<a href="" class="alert-link" data-toggle="modal" data-target="#rest_assured_logger_modal_value_113">Show</a>]]>
            </line>
            <line>
              <![CDATA[<div class="modal fade"  id="rest_assured_logger_modal_value_113" tabindex="-1" role="dialog">]]>
            </line>
            <line>
              <![CDATA[<div class="modal-dialog" role="document">]]>
            </line>
            <line>
              <![CDATA[<div class="modal-content">]]>
            </line>
            <line>
              <![CDATA[<div class="modal-header text-white bg-info">]]>
            </line>
            <line>
              <![CDATA[<h5 class="modal-title" id="title1">Payload</h5>]]>
            </line>
            <line>
              <![CDATA[<span class="h6 text-light ml-2 mt-2">(click on the Text to copy)</span>]]>
            </line>
            <line>
              <![CDATA[<button type="button" class="close" data-dismiss="modal" aria-label="Close">]]>
            </line>
            <line>
              <![CDATA[<span aria-hidden="true">&times;</span>]]>
            </line>
            <line>
              <![CDATA[</button>]]>
            </line>
            <line>
              <![CDATA[</div>]]>
            </line>
            <line>
              <![CDATA[<div onClick="copyMePlease(this)" class="modal-body">]]>
            </line>
            <line>
              <![CDATA[{"users":[{"id":"Automation_619967843_Individual","userName":"Automation_619967843_Individual","userType":"UamsUser","password":"Unix11!","roles":["AdminRole","CreateCustomer","GetCustomer","AddRelatedParty","GetIndividual","DeleteIndividual","CreateIndividual","RetrieveIndividual","SearchIndividual","UpdateIndividual","RetrieveCustomer","RetrieveCustomerEntity","CreatePaymentMethod","CreateCustomerEntity","EvaluateCreditProfile","UpdateCreditProfile","DeleteCreditProfile","Write","ProductOrderLauncherCreate"],"a3sUserExtension":{"properties":{"OperatorID":154,"customerId":"customer_154","salesChannel":"SS"}}}],"operation":{"deleteFirst":true,"updateExisting":false,"createNew":false,"returnProcessedObjects":true,"failOnError":false}}]]>
            </line>
            <line>
              <![CDATA[</div>]]>
            </line>
            <line>
              <![CDATA[</div>]]>
            </line>
            <line>
              <![CDATA[</div>]]>
            </line>
            <line>
              <![CDATA[</div>]]>
            </line>
            <line>
              <![CDATA[</td>]]>
            </line>
            <line>
              <![CDATA[</tr>]]>
            </line>
            <line>
              <![CDATA[<tr>]]>
            </line>
            <line>
              <![CDATA[<td class="text-dark font-weight-bold" >Response Header :</td>]]>
            </line>
            <line>
              <![CDATA[<td class="" >]]>
            </line>
            <line>
              <![CDATA[<a href="" class="alert-link" data-toggle="modal" data-target="#modal_value_38">Show</a>]]>
            </line>
            <line>
              <![CDATA[<div class="modal fade"  id="modal_value_38" tabindex="-1" role="dialog">]]>
            </line>
            <line>
              <![CDATA[<div class="modal-dialog" role="document">]]>
            </line>
            <line>
              <![CDATA[<div class="modal-content">]]>
            </line>
            <line>
              <![CDATA[<div class="modal-header text-white bg-info">]]>
            </line>
            <line>
              <![CDATA[<h5 class="modal-title" id="title1">Response Header</h5>]]>
            </line>
            <line>
              <![CDATA[<span class="h6 text-light ml-2 mt-2">(click on the Text to copy)</span>]]>
            </line>
            <line>
              <![CDATA[<button type="button" class="close" data-dismiss="modal" aria-label="Close">]]>
            </line>
            <line>
              <![CDATA[<span aria-hidden="true">&times;</span>]]>
            </line>
            <line>
              <![CDATA[</button>]]>
            </line>
            <line>
              <![CDATA[</div>]]>
            </line>
            <line>
              <![CDATA[<div onClick="copyMePlease(this)" class="modal-body">]]>
            </line>
            <line>
              <![CDATA[X-Content-Type-Options=nosniff
	X-XSS-Protection=1; mode=block
	Cache-Control=no-cache, no-store, max-age=0, must-revalidate
	Pragma=no-cache
	Expires=0
	X-Frame-Options=DENY
	X-Application-Context=application:9191
	Date=Tue, 18 Sep 2018 09:41:05 GMT
	Content-Type=application/json
	Content-Length=1711]]>
            </line>
            <line>
              <![CDATA[</div>]]>
            </line>
            <line>
              <![CDATA[</div>]]>
            </line>
            <line>
              <![CDATA[</div>]]>
            </line>
            <line>
              <![CDATA[</div>]]>
            </line>
            <line>
              <![CDATA[</td>]]>
            </line>
            <line>
              <![CDATA[</tr>]]>
            </line>
            <line>
              <![CDATA[<tr>]]>
            </line>
            <line>
              <![CDATA[<td class="text-dark font-weight-bold" >Response :</td>]]>
            </line>
            <line>
              <![CDATA[<td class="" >]]>
            </line>
            <line>
              <![CDATA[<a href="" class="alert-link" data-toggle="modal" data-target="#rest_assured_logger_modal_value_114">Show</a>]]>
            </line>
            <line>
              <![CDATA[<div class="modal fade"  id="rest_assured_logger_modal_value_114" tabindex="-1" role="dialog">]]>
            </line>
            <line>
              <![CDATA[<div class="modal-dialog" role="document">]]>
            </line>
            <line>
              <![CDATA[<div class="modal-content">]]>
            </line>
            <line>
              <![CDATA[<div class="modal-header text-white bg-info">]]>
            </line>
            <line>
              <![CDATA[<h5 class="modal-title" id="title1">Response</h5>]]>
            </line>
            <line>
              <![CDATA[<span class="h6 text-light ml-2 mt-2">(click on the Text to copy)</span>]]>
            </line>
            <line>
              <![CDATA[<button type="button" class="close" data-dismiss="modal" aria-label="Close">]]>
            </line>
            <line>
              <![CDATA[<span aria-hidden="true">&times;</span>]]>
            </line>
            <line>
              <![CDATA[</button>]]>
            </line>
            <line>
              <![CDATA[</div>]]>
            </line>
            <line>
              <![CDATA[<div onClick="copyMePlease(this)" class="modal-body">]]>
            </line>
            <line>
              <![CDATA[{"deletedUsers":[{"schemas":["urn:ietf:params:scim:schemas:core:2.0:User","urn:ietf:params:scim:schemas:extension:com.amdocs.a3s:2.0:User"],"id":"Automation_619967843_Individual","userName":"Automation_619967843_Individual","userType":"UamsUser","active":true,"password":null,"roles":["orderChangeOwnership","CreateIndividual","DeleteCreditProfile","ProductOrderLauncherRead","ChangeOwnershipRole","RetreivePaymentMethod","UpdateIndividual","PAP-Common","csr","GetCustomerEntity","UpdateCreditProfile","RetrieveIndividual","CreateCustomer","STS-Common","Write","CreateCustomerEntity","CatalogOne.importer","CreatePaymentMethod","RetrieveCustomerEntity","EvaluateCreditProfile","RetrieveCustomer","AppTesterRole","ProductOrderLauncherDelete","AsmServicesAppIdentity","ProductOrderLauncherCreate","GetIndividual","PAP-PU","ProductOrderLauncherUpdate","AnonymousUserRole","GetCustomer","DeleteIndividual","SearchIndividual","AddRelatedParty"],"a3sUserExtension":{"expiration":32535122400000,"effectiveDate":0,"successLoginDate":1537263661623,"badLoginDate":0,"badLoginCount":0,"isAccountNonExpired":true,"isAccountNonLocked":true,"isEnabled":true,"isAccountNeverExpired":false,"isExpiring":false,"isInEffective":false,"isCredentialsNonExpired":true,"isCredentialsExpiring":false,"isCredentialsReset":false,"properties":{"customerId":"Customer_40308","OperatorID":154,"salesChannel":"SelfService","UserType":"UamsUser"}},"metadata":{"resourceType":"User","created":1537228800000,"lastModified":1537228800000,"location":"http://ilocpde01w02.corp.amdocs.com:30525/asmServices/services/v1.0/users/bulk","version":null}}],"createdUsers":[],"updatedUsers":[],"numDeleted":1,"numCreated":0,"numUpdated":0,"bulkErrors":[]}]]>
            </line>
            <line>
              <![CDATA[</div>]]>
            </line>
            <line>
              <![CDATA[</div>]]>
            </line>
            <line>
              <![CDATA[</div>]]>
            </line>
            <line>
              <![CDATA[</div>]]>
            </line>
            <line>
              <![CDATA[</td>]]>
            </line>
            <line>
              <![CDATA[</tr>]]>
            </line>
            <line>
              <![CDATA[<tr class="table-success"><td colspan="2">Response status: expected=200 actual=200; Value: true</td></tr>]]>
            </line>
            <line>
              <![CDATA[<tr class="table-light"><td colspan="2">All users are deleted</td></tr>]]>
            </line>
          </reporter-output>
        </test-method> <!-- afterSuite -->
      </class> <!-- amdocs.initialSetup.AutomationSetup -->
    </test> <!-- POD-SEARCH-SERVICE-MS_Test_sellable_catalog_items -->
  </suite> <!-- Discovery-Domain -->
</testng-results>
