<?xml version="1.0" encoding="UTF-8"?>
<!-- Generated by org.testng.reporters.JUnitReportReporter -->
<testsuite skipped="0" hostname="MENIK05" name="Calculator.CalculatorTests" tests="2" failures="0" timestamp="24 Dec 2018 09:12:32 GMT" time="0.044" errors="0">
  <testcase name="testMoltiple" time="0.040" classname="Calculator.CalculatorTests"/>
  <testcase name="testSum" time="0.004" classname="Calculator.CalculatorTests"/>
</testsuite> <!-- Calculator.CalculatorTests -->
